2019-12-12T08:39:26+07:00 [17598] DEBUG sql - [User=Surapoj Sanram (surapoj.s@vistec.ac.th)] MySql Query: SELECT  SUM( UNIX_TIMESTAMP(LEAST(ri.end_date, '2019-12-16 00:00:00')) - UNIX_TIMESTAMP(GREATEST(ri.start_date, '2019-12-08 00:00:00')) ) AS totalTime,owner.fname as owner_fname, owner.lname as owner_lname, owner.email as email, CONCAT(owner.fname, ' ', owner.lname) as owner_name, owner.user_id as owner_id
				FROM reservation_instances ri
				INNER JOIN reservation_series rs ON rs.series_id = ri.series_id
				INNER JOIN users owner ON owner.user_id = rs.owner_id

				 INNER JOIN reservation_resources rr ON rs.series_id = rr.series_id
				INNER JOIN resources ON rr.resource_id = resources.resource_id
				INNER JOIN schedules ON resources.schedule_id = schedules.schedule_id
				WHERE 1=1
				AND rs.status_id <> 2
				 AND ((ri.start_date >= '2019-12-08 00:00:00' AND ri.start_date < '2019-12-16 00:00:00') OR
						(ri.end_date >= '2019-12-08 00:00:00' AND ri.end_date <= '2019-12-16 00:00:00') OR
						(ri.start_date <= '2019-12-08 00:00:00' AND ri.end_date > '2019-12-16 00:00:00'))
				 GROUP BY owner.user_id
				 ORDER BY totalTime DESC
				 LIMIT 0 , 20;
2019-12-12T08:39:26+07:00 [17598] DEBUG sql - [User=Surapoj Sanram (surapoj.s@vistec.ac.th)] MySql Query: SELECT u.*, p.name AS position_name FROM users u 
		LEFT JOIN positions p ON p.position_id = u.position_id
		WHERE u.user_id = '564';
2019-12-12T08:39:26+07:00 [17598] DEBUG sql - [User=Surapoj Sanram (surapoj.s@vistec.ac.th)] MySql Query: SELECT * FROM user_email_preferences WHERE user_id = '564';
2019-12-12T08:39:26+07:00 [17598] DEBUG sql - [User=Surapoj Sanram (surapoj.s@vistec.ac.th)] MySql Query: SELECT
			urp.user_id, r.resource_id, r.name
		FROM
			user_resource_permissions urp, resources r
		WHERE
			urp.user_id = '564' AND r.resource_id = urp.resource_id;
2019-12-12T08:39:26+07:00 [17598] DEBUG sql - [User=Surapoj Sanram (surapoj.s@vistec.ac.th)] MySql Query: SELECT g.*, r.role_level
		FROM user_groups ug
		INNER JOIN groups g ON ug.group_id = g.group_id
		LEFT JOIN group_roles gr ON ug.group_id = gr.group_id
		LEFT JOIN roles r ON gr.role_id = r.role_id
		WHERE user_id = '564' AND (null is null OR r.role_level IN (null) );
2019-12-12T08:39:26+07:00 [17598] DEBUG sql - [User=Surapoj Sanram (surapoj.s@vistec.ac.th)] MySql Query: SELECT cav.*, ca.display_label
		FROM custom_attribute_values cav
		INNER JOIN custom_attributes ca ON ca.custom_attribute_id = cav.custom_attribute_id
		WHERE cav.attribute_category = '2' AND cav.entity_id = '564';
2019-12-12T08:39:26+07:00 [17598] DEBUG sql - [User=Surapoj Sanram (surapoj.s@vistec.ac.th)] MySql Query: SELECT name, value FROM user_preferences WHERE user_id = '564';
2019-12-12T08:39:38+07:00 [2455] DEBUG sql - [User=Surapoj Sanram (surapoj.s@vistec.ac.th)] MySql Query: SELECT  COUNT(1) as total,resources.name as resource_name, resources.resource_id
				FROM reservation_instances ri
				INNER JOIN reservation_series rs ON rs.series_id = ri.series_id
				INNER JOIN users owner ON owner.user_id = rs.owner_id

				 INNER JOIN reservation_resources rr ON rs.series_id = rr.series_id
				INNER JOIN resources ON rr.resource_id = resources.resource_id
				INNER JOIN schedules ON resources.schedule_id = schedules.schedule_id
				WHERE 1=1
				AND rs.status_id <> 2
				 AND ((ri.start_date >= '2019-12-08 00:00:00' AND ri.start_date < '2019-12-16 00:00:00') OR
						(ri.end_date >= '2019-12-08 00:00:00' AND ri.end_date <= '2019-12-16 00:00:00') OR
						(ri.start_date <= '2019-12-08 00:00:00' AND ri.end_date > '2019-12-16 00:00:00'))
				 GROUP BY resources.resource_id
				 ORDER BY total DESC
				;
2019-12-12T08:39:38+07:00 [2455] DEBUG sql - [User=Surapoj Sanram (surapoj.s@vistec.ac.th)] MySql Query: SELECT u.*, p.name AS position_name FROM users u 
		LEFT JOIN positions p ON p.position_id = u.position_id
		WHERE u.user_id = '564';
2019-12-12T08:39:38+07:00 [2455] DEBUG sql - [User=Surapoj Sanram (surapoj.s@vistec.ac.th)] MySql Query: SELECT * FROM user_email_preferences WHERE user_id = '564';
2019-12-12T08:39:38+07:00 [2455] DEBUG sql - [User=Surapoj Sanram (surapoj.s@vistec.ac.th)] MySql Query: SELECT
			urp.user_id, r.resource_id, r.name
		FROM
			user_resource_permissions urp, resources r
		WHERE
			urp.user_id = '564' AND r.resource_id = urp.resource_id;
2019-12-12T08:39:38+07:00 [2455] DEBUG sql - [User=Surapoj Sanram (surapoj.s@vistec.ac.th)] MySql Query: SELECT g.*, r.role_level
		FROM user_groups ug
		INNER JOIN groups g ON ug.group_id = g.group_id
		LEFT JOIN group_roles gr ON ug.group_id = gr.group_id
		LEFT JOIN roles r ON gr.role_id = r.role_id
		WHERE user_id = '564' AND (null is null OR r.role_level IN (null) );
2019-12-12T08:39:38+07:00 [2455] DEBUG sql - [User=Surapoj Sanram (surapoj.s@vistec.ac.th)] MySql Query: SELECT cav.*, ca.display_label
		FROM custom_attribute_values cav
		INNER JOIN custom_attributes ca ON ca.custom_attribute_id = cav.custom_attribute_id
		WHERE cav.attribute_category = '2' AND cav.entity_id = '564';
2019-12-12T08:39:38+07:00 [2455] DEBUG sql - [User=Surapoj Sanram (surapoj.s@vistec.ac.th)] MySql Query: SELECT name, value FROM user_preferences WHERE user_id = '564';
2019-12-12T08:39:48+07:00 [17595] DEBUG sql - [User=Surapoj Sanram (surapoj.s@vistec.ac.th)] MySql Query: SELECT  SUM( UNIX_TIMESTAMP(LEAST(ri.end_date, '2019-12-16 00:00:00')) - UNIX_TIMESTAMP(GREATEST(ri.start_date, '2019-12-08 00:00:00')) ) AS totalTime,resources.name as resource_name, resources.resource_id
				FROM reservation_instances ri
				INNER JOIN reservation_series rs ON rs.series_id = ri.series_id
				INNER JOIN users owner ON owner.user_id = rs.owner_id

				 INNER JOIN reservation_resources rr ON rs.series_id = rr.series_id
				INNER JOIN resources ON rr.resource_id = resources.resource_id
				INNER JOIN schedules ON resources.schedule_id = schedules.schedule_id
				WHERE 1=1
				AND rs.status_id <> 2
				 AND ((ri.start_date >= '2019-12-08 00:00:00' AND ri.start_date < '2019-12-16 00:00:00') OR
						(ri.end_date >= '2019-12-08 00:00:00' AND ri.end_date <= '2019-12-16 00:00:00') OR
						(ri.start_date <= '2019-12-08 00:00:00' AND ri.end_date > '2019-12-16 00:00:00'))
				 GROUP BY resources.resource_id
				 ORDER BY totalTime DESC
				;
2019-12-12T08:39:48+07:00 [17595] DEBUG sql - [User=Surapoj Sanram (surapoj.s@vistec.ac.th)] MySql Query: SELECT u.*, p.name AS position_name FROM users u 
		LEFT JOIN positions p ON p.position_id = u.position_id
		WHERE u.user_id = '564';
2019-12-12T08:39:48+07:00 [17595] DEBUG sql - [User=Surapoj Sanram (surapoj.s@vistec.ac.th)] MySql Query: SELECT * FROM user_email_preferences WHERE user_id = '564';
2019-12-12T08:39:48+07:00 [17595] DEBUG sql - [User=Surapoj Sanram (surapoj.s@vistec.ac.th)] MySql Query: SELECT
			urp.user_id, r.resource_id, r.name
		FROM
			user_resource_permissions urp, resources r
		WHERE
			urp.user_id = '564' AND r.resource_id = urp.resource_id;
2019-12-12T08:39:48+07:00 [17595] DEBUG sql - [User=Surapoj Sanram (surapoj.s@vistec.ac.th)] MySql Query: SELECT g.*, r.role_level
		FROM user_groups ug
		INNER JOIN groups g ON ug.group_id = g.group_id
		LEFT JOIN group_roles gr ON ug.group_id = gr.group_id
		LEFT JOIN roles r ON gr.role_id = r.role_id
		WHERE user_id = '564' AND (null is null OR r.role_level IN (null) );
2019-12-12T08:39:48+07:00 [17595] DEBUG sql - [User=Surapoj Sanram (surapoj.s@vistec.ac.th)] MySql Query: SELECT cav.*, ca.display_label
		FROM custom_attribute_values cav
		INNER JOIN custom_attributes ca ON ca.custom_attribute_id = cav.custom_attribute_id
		WHERE cav.attribute_category = '2' AND cav.entity_id = '564';
2019-12-12T08:39:48+07:00 [17595] DEBUG sql - [User=Surapoj Sanram (surapoj.s@vistec.ac.th)] MySql Query: SELECT name, value FROM user_preferences WHERE user_id = '564';
2019-12-12T08:40:00+07:00 [17598] DEBUG sql - [User=Surapoj Sanram (surapoj.s@vistec.ac.th)] MySql Query: SELECT  rs.date_created as date_created, rs.last_modified as last_modified, rs.repeat_type, rs.description as description,
	rs.title as title, rs.status_id as status_id, rs.mode, 
		ri.reference_number, ri.start_date, ri.end_date, ri.checkin_date, ri.checkout_date, ri.previous_end_date, ri.credit_count, TIMESTAMPDIFF(SECOND, ri.start_date, ri.end_date) as duration,
							(SELECT GROUP_CONCAT(CONCAT(cav.custom_attribute_id,'=', cav.attribute_value) SEPARATOR "!sep!")
								FROM custom_attribute_values cav WHERE cav.entity_id = ri.series_id AND cav.attribute_category = 1) as attribute_list,
							(SELECT GROUP_CONCAT(CONCAT(participant_users.fname, " ", participant_users.lname) SEPARATOR "!sep!")
								FROM reservation_users participants INNER JOIN users participant_users ON participant_users.user_id = participants.user_id WHERE participants.reservation_instance_id = ri.reservation_instance_id AND participants.reservation_user_level = 2) as participant_list,
							(SELECT GROUP_CONCAT(CONCAT(cav.custom_attribute_id,'=', cav.attribute_value) SEPARATOR "!sep!")
								FROM custom_attribute_values cav WHERE cav.entity_id = rs.owner_id AND cav.attribute_category = 2) as user_attribute_list,
							(SELECT GROUP_CONCAT(CONCAT(cav.custom_attribute_id,'=', cav.attribute_value) SEPARATOR "!sep!")
								FROM custom_attribute_values cav WHERE cav.entity_id = resources.resource_id AND cav.attribute_category = 4) as resource_attribute_list,
							(SELECT GROUP_CONCAT(CONCAT(cav.custom_attribute_id,'=', cav.attribute_value) SEPARATOR "!sep!")
								FROM custom_attribute_values cav WHERE cav.entity_id = resources.resource_type_id AND cav.attribute_category = 5) as resource_type_attribute_list
								,accessories.accessory_name, accessories.accessory_id, ar.quantity,owner.fname as owner_fname, owner.lname as owner_lname, owner.email as email, CONCAT(owner.fname, ' ', owner.lname) as owner_name, owner.user_id as owner_id
				FROM reservation_instances ri
				INNER JOIN reservation_series rs ON rs.series_id = ri.series_id
				INNER JOIN users owner ON owner.user_id = rs.owner_id

				 INNER JOIN reservation_resources rr ON rs.series_id = rr.series_id
				INNER JOIN resources ON rr.resource_id = resources.resource_id
				INNER JOIN schedules ON resources.schedule_id = schedules.schedule_id INNER JOIN reservation_accessories ar ON rs.series_id = ar.series_id
				INNER JOIN accessories ON ar.accessory_id = accessories.accessory_id
				WHERE 1=1
				AND rs.status_id <> 2
				 AND ((ri.start_date >= '2019-12-08 00:00:00' AND ri.start_date < '2019-12-16 00:00:00') OR
						(ri.end_date >= '2019-12-08 00:00:00' AND ri.end_date <= '2019-12-16 00:00:00') OR
						(ri.start_date <= '2019-12-08 00:00:00' AND ri.end_date > '2019-12-16 00:00:00'))
				
				 ORDER BY ri.start_date ASC
				;
2019-12-12T08:40:00+07:00 [17598] DEBUG sql - [User=Surapoj Sanram (surapoj.s@vistec.ac.th)] MySql Query: SELECT u.*, p.name AS position_name FROM users u 
		LEFT JOIN positions p ON p.position_id = u.position_id
		WHERE u.user_id = '564';
2019-12-12T08:40:00+07:00 [17598] DEBUG sql - [User=Surapoj Sanram (surapoj.s@vistec.ac.th)] MySql Query: SELECT * FROM user_email_preferences WHERE user_id = '564';
2019-12-12T08:40:00+07:00 [17598] DEBUG sql - [User=Surapoj Sanram (surapoj.s@vistec.ac.th)] MySql Query: SELECT
			urp.user_id, r.resource_id, r.name
		FROM
			user_resource_permissions urp, resources r
		WHERE
			urp.user_id = '564' AND r.resource_id = urp.resource_id;
2019-12-12T08:40:00+07:00 [17598] DEBUG sql - [User=Surapoj Sanram (surapoj.s@vistec.ac.th)] MySql Query: SELECT g.*, r.role_level
		FROM user_groups ug
		INNER JOIN groups g ON ug.group_id = g.group_id
		LEFT JOIN group_roles gr ON ug.group_id = gr.group_id
		LEFT JOIN roles r ON gr.role_id = r.role_id
		WHERE user_id = '564' AND (null is null OR r.role_level IN (null) );
2019-12-12T08:40:00+07:00 [17598] DEBUG sql - [User=Surapoj Sanram (surapoj.s@vistec.ac.th)] MySql Query: SELECT cav.*, ca.display_label
		FROM custom_attribute_values cav
		INNER JOIN custom_attributes ca ON ca.custom_attribute_id = cav.custom_attribute_id
		WHERE cav.attribute_category = '2' AND cav.entity_id = '564';
2019-12-12T08:40:00+07:00 [17598] DEBUG sql - [User=Surapoj Sanram (surapoj.s@vistec.ac.th)] MySql Query: SELECT name, value FROM user_preferences WHERE user_id = '564';
2019-12-12T08:40:02+07:00 [2455] DEBUG sql - [User=Surapoj Sanram (surapoj.s@vistec.ac.th)] MySql Query: SELECT  COUNT(1) as total,owner.fname as owner_fname, owner.lname as owner_lname, owner.email as email, CONCAT(owner.fname, ' ', owner.lname) as owner_name, owner.user_id as owner_id
				FROM reservation_instances ri
				INNER JOIN reservation_series rs ON rs.series_id = ri.series_id
				INNER JOIN users owner ON owner.user_id = rs.owner_id

				 INNER JOIN reservation_resources rr ON rs.series_id = rr.series_id
				INNER JOIN resources ON rr.resource_id = resources.resource_id
				INNER JOIN schedules ON resources.schedule_id = schedules.schedule_id
				WHERE 1=1
				AND rs.status_id <> 2
				 AND ((ri.start_date >= '2019-12-08 00:00:00' AND ri.start_date < '2019-12-16 00:00:00') OR
						(ri.end_date >= '2019-12-08 00:00:00' AND ri.end_date <= '2019-12-16 00:00:00') OR
						(ri.start_date <= '2019-12-08 00:00:00' AND ri.end_date > '2019-12-16 00:00:00'))
				 GROUP BY owner.user_id
				 ORDER BY total DESC
				 LIMIT 0 , 20;
2019-12-12T08:40:02+07:00 [2455] DEBUG sql - [User=Surapoj Sanram (surapoj.s@vistec.ac.th)] MySql Query: SELECT u.*, p.name AS position_name FROM users u 
		LEFT JOIN positions p ON p.position_id = u.position_id
		WHERE u.user_id = '564';
2019-12-12T08:40:02+07:00 [2455] DEBUG sql - [User=Surapoj Sanram (surapoj.s@vistec.ac.th)] MySql Query: SELECT * FROM user_email_preferences WHERE user_id = '564';
2019-12-12T08:40:02+07:00 [2455] DEBUG sql - [User=Surapoj Sanram (surapoj.s@vistec.ac.th)] MySql Query: SELECT
			urp.user_id, r.resource_id, r.name
		FROM
			user_resource_permissions urp, resources r
		WHERE
			urp.user_id = '564' AND r.resource_id = urp.resource_id;
2019-12-12T08:40:02+07:00 [2455] DEBUG sql - [User=Surapoj Sanram (surapoj.s@vistec.ac.th)] MySql Query: SELECT g.*, r.role_level
		FROM user_groups ug
		INNER JOIN groups g ON ug.group_id = g.group_id
		LEFT JOIN group_roles gr ON ug.group_id = gr.group_id
		LEFT JOIN roles r ON gr.role_id = r.role_id
		WHERE user_id = '564' AND (null is null OR r.role_level IN (null) );
2019-12-12T08:40:02+07:00 [2455] DEBUG sql - [User=Surapoj Sanram (surapoj.s@vistec.ac.th)] MySql Query: SELECT cav.*, ca.display_label
		FROM custom_attribute_values cav
		INNER JOIN custom_attributes ca ON ca.custom_attribute_id = cav.custom_attribute_id
		WHERE cav.attribute_category = '2' AND cav.entity_id = '564';
2019-12-12T08:40:02+07:00 [2455] DEBUG sql - [User=Surapoj Sanram (surapoj.s@vistec.ac.th)] MySql Query: SELECT name, value FROM user_preferences WHERE user_id = '564';
2019-12-12T08:40:06+07:00 [17595] DEBUG sql - [User=Surapoj Sanram (surapoj.s@vistec.ac.th)] MySql Query: SELECT  COUNT(1) as total,owner.fname as owner_fname, owner.lname as owner_lname, owner.email as email, CONCAT(owner.fname, ' ', owner.lname) as owner_name, owner.user_id as owner_id
				FROM reservation_instances ri
				INNER JOIN reservation_series rs ON rs.series_id = ri.series_id
				INNER JOIN users owner ON owner.user_id = rs.owner_id

				 INNER JOIN reservation_resources rr ON rs.series_id = rr.series_id
				INNER JOIN resources ON rr.resource_id = resources.resource_id
				INNER JOIN schedules ON resources.schedule_id = schedules.schedule_id
				WHERE 1=1
				AND rs.status_id <> 2
				
				 GROUP BY owner.user_id
				 ORDER BY total DESC
				 LIMIT 0 , 20;
2019-12-12T08:40:07+07:00 [17595] DEBUG sql - [User=Surapoj Sanram (surapoj.s@vistec.ac.th)] MySql Query: SELECT u.*, p.name AS position_name FROM users u 
		LEFT JOIN positions p ON p.position_id = u.position_id
		WHERE u.user_id = '564';
2019-12-12T08:40:07+07:00 [17595] DEBUG sql - [User=Surapoj Sanram (surapoj.s@vistec.ac.th)] MySql Query: SELECT * FROM user_email_preferences WHERE user_id = '564';
2019-12-12T08:40:07+07:00 [17595] DEBUG sql - [User=Surapoj Sanram (surapoj.s@vistec.ac.th)] MySql Query: SELECT
			urp.user_id, r.resource_id, r.name
		FROM
			user_resource_permissions urp, resources r
		WHERE
			urp.user_id = '564' AND r.resource_id = urp.resource_id;
2019-12-12T08:40:07+07:00 [17595] DEBUG sql - [User=Surapoj Sanram (surapoj.s@vistec.ac.th)] MySql Query: SELECT g.*, r.role_level
		FROM user_groups ug
		INNER JOIN groups g ON ug.group_id = g.group_id
		LEFT JOIN group_roles gr ON ug.group_id = gr.group_id
		LEFT JOIN roles r ON gr.role_id = r.role_id
		WHERE user_id = '564' AND (null is null OR r.role_level IN (null) );
2019-12-12T08:40:07+07:00 [17595] DEBUG sql - [User=Surapoj Sanram (surapoj.s@vistec.ac.th)] MySql Query: SELECT cav.*, ca.display_label
		FROM custom_attribute_values cav
		INNER JOIN custom_attributes ca ON ca.custom_attribute_id = cav.custom_attribute_id
		WHERE cav.attribute_category = '2' AND cav.entity_id = '564';
2019-12-12T08:40:07+07:00 [17595] DEBUG sql - [User=Surapoj Sanram (surapoj.s@vistec.ac.th)] MySql Query: SELECT name, value FROM user_preferences WHERE user_id = '564';
2019-12-12T08:40:10+07:00 [17598] DEBUG sql - [User=Surapoj Sanram (surapoj.s@vistec.ac.th)] MySql Query: SELECT  SUM( UNIX_TIMESTAMP(LEAST(ri.end_date, '9999-01-01 07:00:00')) - UNIX_TIMESTAMP(GREATEST(ri.start_date, '0001-01-01 06:42:04')) ) AS totalTime,owner.fname as owner_fname, owner.lname as owner_lname, owner.email as email, CONCAT(owner.fname, ' ', owner.lname) as owner_name, owner.user_id as owner_id
				FROM reservation_instances ri
				INNER JOIN reservation_series rs ON rs.series_id = ri.series_id
				INNER JOIN users owner ON owner.user_id = rs.owner_id

				 INNER JOIN reservation_resources rr ON rs.series_id = rr.series_id
				INNER JOIN resources ON rr.resource_id = resources.resource_id
				INNER JOIN schedules ON resources.schedule_id = schedules.schedule_id
				WHERE 1=1
				AND rs.status_id <> 2
				 AND ((ri.start_date >= '0001-01-01 06:42:04' AND ri.start_date < '9999-01-01 07:00:00') OR
						(ri.end_date >= '0001-01-01 06:42:04' AND ri.end_date <= '9999-01-01 07:00:00') OR
						(ri.start_date <= '0001-01-01 06:42:04' AND ri.end_date > '9999-01-01 07:00:00'))
				 GROUP BY owner.user_id
				 ORDER BY totalTime DESC
				 LIMIT 0 , 20;
2019-12-12T08:40:10+07:00 [17598] DEBUG sql - [User=Surapoj Sanram (surapoj.s@vistec.ac.th)] MySql Query: SELECT u.*, p.name AS position_name FROM users u 
		LEFT JOIN positions p ON p.position_id = u.position_id
		WHERE u.user_id = '564';
2019-12-12T08:40:10+07:00 [17598] DEBUG sql - [User=Surapoj Sanram (surapoj.s@vistec.ac.th)] MySql Query: SELECT * FROM user_email_preferences WHERE user_id = '564';
2019-12-12T08:40:10+07:00 [17598] DEBUG sql - [User=Surapoj Sanram (surapoj.s@vistec.ac.th)] MySql Query: SELECT
			urp.user_id, r.resource_id, r.name
		FROM
			user_resource_permissions urp, resources r
		WHERE
			urp.user_id = '564' AND r.resource_id = urp.resource_id;
2019-12-12T08:40:10+07:00 [17598] DEBUG sql - [User=Surapoj Sanram (surapoj.s@vistec.ac.th)] MySql Query: SELECT g.*, r.role_level
		FROM user_groups ug
		INNER JOIN groups g ON ug.group_id = g.group_id
		LEFT JOIN group_roles gr ON ug.group_id = gr.group_id
		LEFT JOIN roles r ON gr.role_id = r.role_id
		WHERE user_id = '564' AND (null is null OR r.role_level IN (null) );
2019-12-12T08:40:10+07:00 [17598] DEBUG sql - [User=Surapoj Sanram (surapoj.s@vistec.ac.th)] MySql Query: SELECT cav.*, ca.display_label
		FROM custom_attribute_values cav
		INNER JOIN custom_attributes ca ON ca.custom_attribute_id = cav.custom_attribute_id
		WHERE cav.attribute_category = '2' AND cav.entity_id = '564';
2019-12-12T08:40:10+07:00 [17598] DEBUG sql - [User=Surapoj Sanram (surapoj.s@vistec.ac.th)] MySql Query: SELECT name, value FROM user_preferences WHERE user_id = '564';
2019-12-12T08:40:14+07:00 [2455] DEBUG sql - [User=Surapoj Sanram (surapoj.s@vistec.ac.th)] MySql Query: SELECT  COUNT(1) as total,owner.fname as owner_fname, owner.lname as owner_lname, owner.email as email, CONCAT(owner.fname, ' ', owner.lname) as owner_name, owner.user_id as owner_id
				FROM reservation_instances ri
				INNER JOIN reservation_series rs ON rs.series_id = ri.series_id
				INNER JOIN users owner ON owner.user_id = rs.owner_id

				 INNER JOIN reservation_resources rr ON rs.series_id = rr.series_id
				INNER JOIN resources ON rr.resource_id = resources.resource_id
				INNER JOIN schedules ON resources.schedule_id = schedules.schedule_id
				WHERE 1=1
				AND rs.status_id <> 2
				 AND ((ri.start_date >= '2019-12-01 00:00:00' AND ri.start_date < '2020-01-01 00:00:00') OR
						(ri.end_date >= '2019-12-01 00:00:00' AND ri.end_date <= '2020-01-01 00:00:00') OR
						(ri.start_date <= '2019-12-01 00:00:00' AND ri.end_date > '2020-01-01 00:00:00'))
				 GROUP BY owner.user_id
				 ORDER BY total DESC
				 LIMIT 0 , 20;
2019-12-12T08:40:14+07:00 [2455] DEBUG sql - [User=Surapoj Sanram (surapoj.s@vistec.ac.th)] MySql Query: SELECT u.*, p.name AS position_name FROM users u 
		LEFT JOIN positions p ON p.position_id = u.position_id
		WHERE u.user_id = '564';
2019-12-12T08:40:14+07:00 [2455] DEBUG sql - [User=Surapoj Sanram (surapoj.s@vistec.ac.th)] MySql Query: SELECT * FROM user_email_preferences WHERE user_id = '564';
2019-12-12T08:40:14+07:00 [2455] DEBUG sql - [User=Surapoj Sanram (surapoj.s@vistec.ac.th)] MySql Query: SELECT
			urp.user_id, r.resource_id, r.name
		FROM
			user_resource_permissions urp, resources r
		WHERE
			urp.user_id = '564' AND r.resource_id = urp.resource_id;
2019-12-12T08:40:14+07:00 [2455] DEBUG sql - [User=Surapoj Sanram (surapoj.s@vistec.ac.th)] MySql Query: SELECT g.*, r.role_level
		FROM user_groups ug
		INNER JOIN groups g ON ug.group_id = g.group_id
		LEFT JOIN group_roles gr ON ug.group_id = gr.group_id
		LEFT JOIN roles r ON gr.role_id = r.role_id
		WHERE user_id = '564' AND (null is null OR r.role_level IN (null) );
2019-12-12T08:40:14+07:00 [2455] DEBUG sql - [User=Surapoj Sanram (surapoj.s@vistec.ac.th)] MySql Query: SELECT cav.*, ca.display_label
		FROM custom_attribute_values cav
		INNER JOIN custom_attributes ca ON ca.custom_attribute_id = cav.custom_attribute_id
		WHERE cav.attribute_category = '2' AND cav.entity_id = '564';
2019-12-12T08:40:14+07:00 [2455] DEBUG sql - [User=Surapoj Sanram (surapoj.s@vistec.ac.th)] MySql Query: SELECT name, value FROM user_preferences WHERE user_id = '564';
2019-12-12T08:40:16+07:00 [17595] DEBUG sql - [User=Surapoj Sanram (surapoj.s@vistec.ac.th)] MySql Query: SELECT  SUM( UNIX_TIMESTAMP(LEAST(ri.end_date, '2020-01-01 00:00:00')) - UNIX_TIMESTAMP(GREATEST(ri.start_date, '2019-12-01 00:00:00')) ) AS totalTime,owner.fname as owner_fname, owner.lname as owner_lname, owner.email as email, CONCAT(owner.fname, ' ', owner.lname) as owner_name, owner.user_id as owner_id
				FROM reservation_instances ri
				INNER JOIN reservation_series rs ON rs.series_id = ri.series_id
				INNER JOIN users owner ON owner.user_id = rs.owner_id

				 INNER JOIN reservation_resources rr ON rs.series_id = rr.series_id
				INNER JOIN resources ON rr.resource_id = resources.resource_id
				INNER JOIN schedules ON resources.schedule_id = schedules.schedule_id
				WHERE 1=1
				AND rs.status_id <> 2
				 AND ((ri.start_date >= '2019-12-01 00:00:00' AND ri.start_date < '2020-01-01 00:00:00') OR
						(ri.end_date >= '2019-12-01 00:00:00' AND ri.end_date <= '2020-01-01 00:00:00') OR
						(ri.start_date <= '2019-12-01 00:00:00' AND ri.end_date > '2020-01-01 00:00:00'))
				 GROUP BY owner.user_id
				 ORDER BY totalTime DESC
				 LIMIT 0 , 20;
2019-12-12T08:40:17+07:00 [17595] DEBUG sql - [User=Surapoj Sanram (surapoj.s@vistec.ac.th)] MySql Query: SELECT u.*, p.name AS position_name FROM users u 
		LEFT JOIN positions p ON p.position_id = u.position_id
		WHERE u.user_id = '564';
2019-12-12T08:40:17+07:00 [17595] DEBUG sql - [User=Surapoj Sanram (surapoj.s@vistec.ac.th)] MySql Query: SELECT * FROM user_email_preferences WHERE user_id = '564';
2019-12-12T08:40:17+07:00 [17595] DEBUG sql - [User=Surapoj Sanram (surapoj.s@vistec.ac.th)] MySql Query: SELECT
			urp.user_id, r.resource_id, r.name
		FROM
			user_resource_permissions urp, resources r
		WHERE
			urp.user_id = '564' AND r.resource_id = urp.resource_id;
2019-12-12T08:40:17+07:00 [17595] DEBUG sql - [User=Surapoj Sanram (surapoj.s@vistec.ac.th)] MySql Query: SELECT g.*, r.role_level
		FROM user_groups ug
		INNER JOIN groups g ON ug.group_id = g.group_id
		LEFT JOIN group_roles gr ON ug.group_id = gr.group_id
		LEFT JOIN roles r ON gr.role_id = r.role_id
		WHERE user_id = '564' AND (null is null OR r.role_level IN (null) );
2019-12-12T08:40:17+07:00 [17595] DEBUG sql - [User=Surapoj Sanram (surapoj.s@vistec.ac.th)] MySql Query: SELECT cav.*, ca.display_label
		FROM custom_attribute_values cav
		INNER JOIN custom_attributes ca ON ca.custom_attribute_id = cav.custom_attribute_id
		WHERE cav.attribute_category = '2' AND cav.entity_id = '564';
2019-12-12T08:40:17+07:00 [17595] DEBUG sql - [User=Surapoj Sanram (surapoj.s@vistec.ac.th)] MySql Query: SELECT name, value FROM user_preferences WHERE user_id = '564';
2019-12-12T08:40:18+07:00 [17598] DEBUG sql - [User=Surapoj Sanram (surapoj.s@vistec.ac.th)] MySql Query: SELECT  COUNT(1) as total,resources.name as resource_name, resources.resource_id
				FROM reservation_instances ri
				INNER JOIN reservation_series rs ON rs.series_id = ri.series_id
				INNER JOIN users owner ON owner.user_id = rs.owner_id

				 INNER JOIN reservation_resources rr ON rs.series_id = rr.series_id
				INNER JOIN resources ON rr.resource_id = resources.resource_id
				INNER JOIN schedules ON resources.schedule_id = schedules.schedule_id
				WHERE 1=1
				AND rs.status_id <> 2
				 AND ((ri.start_date >= '2019-12-01 00:00:00' AND ri.start_date < '2020-01-01 00:00:00') OR
						(ri.end_date >= '2019-12-01 00:00:00' AND ri.end_date <= '2020-01-01 00:00:00') OR
						(ri.start_date <= '2019-12-01 00:00:00' AND ri.end_date > '2020-01-01 00:00:00'))
				 GROUP BY resources.resource_id
				 ORDER BY total DESC
				;
2019-12-12T08:40:18+07:00 [17598] DEBUG sql - [User=Surapoj Sanram (surapoj.s@vistec.ac.th)] MySql Query: SELECT u.*, p.name AS position_name FROM users u 
		LEFT JOIN positions p ON p.position_id = u.position_id
		WHERE u.user_id = '564';
2019-12-12T08:40:18+07:00 [17598] DEBUG sql - [User=Surapoj Sanram (surapoj.s@vistec.ac.th)] MySql Query: SELECT * FROM user_email_preferences WHERE user_id = '564';
2019-12-12T08:40:18+07:00 [17598] DEBUG sql - [User=Surapoj Sanram (surapoj.s@vistec.ac.th)] MySql Query: SELECT
			urp.user_id, r.resource_id, r.name
		FROM
			user_resource_permissions urp, resources r
		WHERE
			urp.user_id = '564' AND r.resource_id = urp.resource_id;
2019-12-12T08:40:18+07:00 [17598] DEBUG sql - [User=Surapoj Sanram (surapoj.s@vistec.ac.th)] MySql Query: SELECT g.*, r.role_level
		FROM user_groups ug
		INNER JOIN groups g ON ug.group_id = g.group_id
		LEFT JOIN group_roles gr ON ug.group_id = gr.group_id
		LEFT JOIN roles r ON gr.role_id = r.role_id
		WHERE user_id = '564' AND (null is null OR r.role_level IN (null) );
2019-12-12T08:40:18+07:00 [17598] DEBUG sql - [User=Surapoj Sanram (surapoj.s@vistec.ac.th)] MySql Query: SELECT cav.*, ca.display_label
		FROM custom_attribute_values cav
		INNER JOIN custom_attributes ca ON ca.custom_attribute_id = cav.custom_attribute_id
		WHERE cav.attribute_category = '2' AND cav.entity_id = '564';
2019-12-12T08:40:18+07:00 [17598] DEBUG sql - [User=Surapoj Sanram (surapoj.s@vistec.ac.th)] MySql Query: SELECT name, value FROM user_preferences WHERE user_id = '564';
2019-12-12T08:40:34+07:00 [2455] DEBUG sql - [User=Surapoj Sanram (surapoj.s@vistec.ac.th)] MySql Query: SELECT  SUM( UNIX_TIMESTAMP(LEAST(ri.end_date, '2020-01-01 00:00:00')) - UNIX_TIMESTAMP(GREATEST(ri.start_date, '2019-12-01 00:00:00')) ) AS totalTime,resources.name as resource_name, resources.resource_id
				FROM reservation_instances ri
				INNER JOIN reservation_series rs ON rs.series_id = ri.series_id
				INNER JOIN users owner ON owner.user_id = rs.owner_id

				 INNER JOIN reservation_resources rr ON rs.series_id = rr.series_id
				INNER JOIN resources ON rr.resource_id = resources.resource_id
				INNER JOIN schedules ON resources.schedule_id = schedules.schedule_id
				WHERE 1=1
				AND rs.status_id <> 2
				 AND ((ri.start_date >= '2019-12-01 00:00:00' AND ri.start_date < '2020-01-01 00:00:00') OR
						(ri.end_date >= '2019-12-01 00:00:00' AND ri.end_date <= '2020-01-01 00:00:00') OR
						(ri.start_date <= '2019-12-01 00:00:00' AND ri.end_date > '2020-01-01 00:00:00'))
				 GROUP BY resources.resource_id
				 ORDER BY totalTime DESC
				;
2019-12-12T08:40:34+07:00 [2455] DEBUG sql - [User=Surapoj Sanram (surapoj.s@vistec.ac.th)] MySql Query: SELECT u.*, p.name AS position_name FROM users u 
		LEFT JOIN positions p ON p.position_id = u.position_id
		WHERE u.user_id = '564';
2019-12-12T08:40:34+07:00 [2455] DEBUG sql - [User=Surapoj Sanram (surapoj.s@vistec.ac.th)] MySql Query: SELECT * FROM user_email_preferences WHERE user_id = '564';
2019-12-12T08:40:34+07:00 [2455] DEBUG sql - [User=Surapoj Sanram (surapoj.s@vistec.ac.th)] MySql Query: SELECT
			urp.user_id, r.resource_id, r.name
		FROM
			user_resource_permissions urp, resources r
		WHERE
			urp.user_id = '564' AND r.resource_id = urp.resource_id;
2019-12-12T08:40:34+07:00 [2455] DEBUG sql - [User=Surapoj Sanram (surapoj.s@vistec.ac.th)] MySql Query: SELECT g.*, r.role_level
		FROM user_groups ug
		INNER JOIN groups g ON ug.group_id = g.group_id
		LEFT JOIN group_roles gr ON ug.group_id = gr.group_id
		LEFT JOIN roles r ON gr.role_id = r.role_id
		WHERE user_id = '564' AND (null is null OR r.role_level IN (null) );
2019-12-12T08:40:34+07:00 [2455] DEBUG sql - [User=Surapoj Sanram (surapoj.s@vistec.ac.th)] MySql Query: SELECT cav.*, ca.display_label
		FROM custom_attribute_values cav
		INNER JOIN custom_attributes ca ON ca.custom_attribute_id = cav.custom_attribute_id
		WHERE cav.attribute_category = '2' AND cav.entity_id = '564';
2019-12-12T08:40:34+07:00 [2455] DEBUG sql - [User=Surapoj Sanram (surapoj.s@vistec.ac.th)] MySql Query: SELECT name, value FROM user_preferences WHERE user_id = '564';
