2019-04-19T10:07:47+07:00 [10313] DEBUG sql - [User=Admin A. (ratchawan.j@vistec.ac.th)] MySql Query: SELECT r.*, s.admin_group_id as s_admin_group_id,
		(SELECT GROUP_CONCAT(CONCAT(cav.custom_attribute_id, '=', cav.attribute_value) SEPARATOR "!sep!")
						FROM custom_attribute_values cav WHERE cav.entity_id = r.resource_id AND cav.attribute_category = 4) as attribute_list,
		(SELECT GROUP_CONCAT(rga.resource_group_id SEPARATOR "!sep!") FROM resource_group_assignment rga WHERE rga.resource_id = r.resource_id) AS group_list
		FROM resources r
		INNER JOIN schedules s ON r.schedule_id = s.schedule_id
		ORDER BY COALESCE(r.sort_order,0), r.name;
2019-04-19T10:07:47+07:00 [10313] DEBUG sql - [User=Admin A. (ratchawan.j@vistec.ac.th)] MySql Query: SELECT *,
			(SELECT GROUP_CONCAT(CONCAT(cav.custom_attribute_id, '=', cav.attribute_value) SEPARATOR "!sep!")
							FROM custom_attribute_values cav INNER JOIN custom_attribute_entities cae on cav.custom_attribute_id = cae.custom_attribute_id
							WHERE cav.entity_id = r.resource_type_id AND cav.attribute_category = 5) as attribute_list
							FROM resource_types r;
2019-04-19T10:07:47+07:00 [10313] DEBUG sql - [User=Admin A. (ratchawan.j@vistec.ac.th)] MySql Query: SELECT a.*, c.num_resources,
			(SELECT GROUP_CONCAT(CONCAT(ra.resource_id, ",", COALESCE(ra.minimum_quantity,""), ",",  COALESCE(ra.maximum_quantity,"")) SEPARATOR "!sep!")
				FROM resource_accessories ra WHERE ra.accessory_id = a.accessory_id) as resource_accessory_list
 			FROM accessories a
			LEFT JOIN (
				SELECT accessory_id, COUNT(*) AS num_resources
				FROM resource_accessories ra
				GROUP BY ra.accessory_id
				) AS c ON a.accessory_id = c.accessory_id

 			ORDER BY accessory_name;
2019-04-19T10:07:47+07:00 [10313] DEBUG sql - [User=Admin A. (ratchawan.j@vistec.ac.th)] MySql Query: SELECT s.*, l.timezone FROM schedules s INNER JOIN layouts l ON s.layout_id = l.layout_id ORDER BY s.name;
2019-04-19T10:07:47+07:00 [10313] DEBUG sql - [User=Admin A. (ratchawan.j@vistec.ac.th)] MySql Query: SELECT g.*, admin_group.name as admin_group_name
		FROM groups g
		LEFT JOIN groups admin_group ON g.admin_group_id = admin_group.group_id
		ORDER BY g.name;
2019-04-19T11:21:36+07:00 [6290] DEBUG sql - [User=Admin A. (napatsorn.m@vistec.ac.th)] MySql Query: SELECT r.*, s.admin_group_id as s_admin_group_id,
		(SELECT GROUP_CONCAT(CONCAT(cav.custom_attribute_id, '=', cav.attribute_value) SEPARATOR "!sep!")
						FROM custom_attribute_values cav WHERE cav.entity_id = r.resource_id AND cav.attribute_category = 4) as attribute_list,
		(SELECT GROUP_CONCAT(rga.resource_group_id SEPARATOR "!sep!") FROM resource_group_assignment rga WHERE rga.resource_id = r.resource_id) AS group_list
		FROM resources r
		INNER JOIN schedules s ON r.schedule_id = s.schedule_id
		ORDER BY COALESCE(r.sort_order,0), r.name;
2019-04-19T11:21:36+07:00 [6290] DEBUG sql - [User=Admin A. (napatsorn.m@vistec.ac.th)] MySql Query: SELECT *,
			(SELECT GROUP_CONCAT(CONCAT(cav.custom_attribute_id, '=', cav.attribute_value) SEPARATOR "!sep!")
							FROM custom_attribute_values cav INNER JOIN custom_attribute_entities cae on cav.custom_attribute_id = cae.custom_attribute_id
							WHERE cav.entity_id = r.resource_type_id AND cav.attribute_category = 5) as attribute_list
							FROM resource_types r;
2019-04-19T11:21:36+07:00 [6290] DEBUG sql - [User=Admin A. (napatsorn.m@vistec.ac.th)] MySql Query: SELECT a.*, c.num_resources,
			(SELECT GROUP_CONCAT(CONCAT(ra.resource_id, ",", COALESCE(ra.minimum_quantity,""), ",",  COALESCE(ra.maximum_quantity,"")) SEPARATOR "!sep!")
				FROM resource_accessories ra WHERE ra.accessory_id = a.accessory_id) as resource_accessory_list
 			FROM accessories a
			LEFT JOIN (
				SELECT accessory_id, COUNT(*) AS num_resources
				FROM resource_accessories ra
				GROUP BY ra.accessory_id
				) AS c ON a.accessory_id = c.accessory_id

 			ORDER BY accessory_name;
2019-04-19T11:21:36+07:00 [6290] DEBUG sql - [User=Admin A. (napatsorn.m@vistec.ac.th)] MySql Query: SELECT s.*, l.timezone FROM schedules s INNER JOIN layouts l ON s.layout_id = l.layout_id ORDER BY s.name;
2019-04-19T11:21:36+07:00 [6290] DEBUG sql - [User=Admin A. (napatsorn.m@vistec.ac.th)] MySql Query: SELECT g.*, admin_group.name as admin_group_name
		FROM groups g
		LEFT JOIN groups admin_group ON g.admin_group_id = admin_group.group_id
		ORDER BY g.name;
