2019-04-03T13:31:49+07:00 [6290] DEBUG default - [User=Admin A. (jarinya.s@vistec.ac.th)] Action passed all validations [File=/var/www/html/booking/Pages/ActionPage.php,Line=108]
2019-04-03T13:31:49+07:00 [6290] DEBUG default - [User=Admin A. (jarinya.s@vistec.ac.th)] Processing page action. Action generate [File=/var/www/html/booking/Presenters/ActionPresenter.php,Line=88]
2019-04-03T13:31:49+07:00 [6290] DEBUG default - [User=Admin A. (jarinya.s@vistec.ac.th)] Loading saved report for userId: 544, reportId 12 [File=/var/www/html/booking/Presenters/Reports/CommonReportsPresenter.php,Line=88]
2019-04-03T13:32:31+07:00 [23803] DEBUG default - [User=Admin A. (jarinya.s@vistec.ac.th)] Action passed all validations [File=/var/www/html/booking/Pages/ActionPage.php,Line=108]
2019-04-03T13:32:31+07:00 [23803] DEBUG default - [User=Admin A. (jarinya.s@vistec.ac.th)] Processing page action. Action generate [File=/var/www/html/booking/Presenters/ActionPresenter.php,Line=88]
2019-04-03T13:32:31+07:00 [23803] DEBUG default - [User=Admin A. (jarinya.s@vistec.ac.th)] Loading saved report for userId: 544, reportId 15 [File=/var/www/html/booking/Presenters/Reports/CommonReportsPresenter.php,Line=88]
2019-04-03T13:32:31+07:00 [10313] DEBUG default - [User=Admin A. (ratchawan.j@vistec.ac.th)] Action passed all validations [File=/var/www/html/booking/Pages/ActionPage.php,Line=108]
2019-04-03T13:32:31+07:00 [10313] DEBUG default - [User=Admin A. (ratchawan.j@vistec.ac.th)] Processing page action. Action generate [File=/var/www/html/booking/Presenters/ActionPresenter.php,Line=88]
2019-04-03T13:32:31+07:00 [10313] DEBUG default - [User=Admin A. (ratchawan.j@vistec.ac.th)] Loading saved report for userId: 547, reportId 15 [File=/var/www/html/booking/Presenters/Reports/CommonReportsPresenter.php,Line=88]
2019-04-03T13:32:53+07:00 [6290] DEBUG default - [User=Admin A. (ratchawan.j@vistec.ac.th)] Action passed all validations [File=/var/www/html/booking/Pages/ActionPage.php,Line=108]
2019-04-03T13:32:53+07:00 [6290] DEBUG default - [User=Admin A. (ratchawan.j@vistec.ac.th)] Processing page action. Action generate [File=/var/www/html/booking/Presenters/ActionPresenter.php,Line=88]
2019-04-03T13:32:53+07:00 [6290] DEBUG default - [User=Admin A. (ratchawan.j@vistec.ac.th)] Loading saved report for userId: 547, reportId 3 [File=/var/www/html/booking/Presenters/Reports/CommonReportsPresenter.php,Line=88]
2019-04-03T13:33:02+07:00 [23803] DEBUG default - [User=Admin A. (jarinya.s@vistec.ac.th)] Action passed all validations [File=/var/www/html/booking/Pages/ActionPage.php,Line=108]
2019-04-03T13:33:02+07:00 [23803] DEBUG default - [User=Admin A. (jarinya.s@vistec.ac.th)] Processing page action. Action generate [File=/var/www/html/booking/Presenters/ActionPresenter.php,Line=88]
2019-04-03T13:33:02+07:00 [23803] DEBUG default - [User=Admin A. (jarinya.s@vistec.ac.th)] Loading saved report for userId: 544, reportId 6 [File=/var/www/html/booking/Presenters/Reports/CommonReportsPresenter.php,Line=88]
2019-04-03T13:33:08+07:00 [10313] DEBUG default - [User=Admin A. (ratchawan.j@vistec.ac.th)] Action passed all validations [File=/var/www/html/booking/Pages/ActionPage.php,Line=108]
2019-04-03T13:33:08+07:00 [10313] DEBUG default - [User=Admin A. (ratchawan.j@vistec.ac.th)] Processing page action. Action generate [File=/var/www/html/booking/Presenters/ActionPresenter.php,Line=88]
2019-04-03T13:33:08+07:00 [10313] DEBUG default - [User=Admin A. (ratchawan.j@vistec.ac.th)] Loading saved report for userId: 547, reportId 6 [File=/var/www/html/booking/Presenters/Reports/CommonReportsPresenter.php,Line=88]
2019-04-03T13:33:59+07:00 [10313] DEBUG default - [User=Admin A. (ratchawan.j@vistec.ac.th)] Action passed all validations [File=/var/www/html/booking/Pages/ActionPage.php,Line=108]
2019-04-03T13:33:59+07:00 [10313] DEBUG default - [User=Admin A. (ratchawan.j@vistec.ac.th)] Processing page action. Action generate [File=/var/www/html/booking/Presenters/ActionPresenter.php,Line=88]
2019-04-03T13:34:02+07:00 [6290] DEBUG default - [User=Admin A. (jarinya.s@vistec.ac.th)] Action passed all validations [File=/var/www/html/booking/Pages/ActionPage.php,Line=108]
2019-04-03T13:34:02+07:00 [6290] DEBUG default - [User=Admin A. (jarinya.s@vistec.ac.th)] Processing page action. Action generate [File=/var/www/html/booking/Presenters/ActionPresenter.php,Line=88]
2019-04-03T13:34:39+07:00 [23803] DEBUG default - [User=Admin A. (jarinya.s@vistec.ac.th)] Action passed all validations [File=/var/www/html/booking/Pages/ActionPage.php,Line=108]
2019-04-03T13:34:39+07:00 [23803] DEBUG default - [User=Admin A. (jarinya.s@vistec.ac.th)] Processing page action. Action generate [File=/var/www/html/booking/Presenters/ActionPresenter.php,Line=88]
2019-04-03T13:34:54+07:00 [10313] DEBUG default - [User=Admin A. (jarinya.s@vistec.ac.th)] Action passed all validations [File=/var/www/html/booking/Pages/ActionPage.php,Line=108]
2019-04-03T13:34:54+07:00 [10313] DEBUG default - [User=Admin A. (jarinya.s@vistec.ac.th)] Processing page action. Action csv [File=/var/www/html/booking/Presenters/ActionPresenter.php,Line=88]
2019-04-03T13:35:40+07:00 [10313] DEBUG default - [User=Admin A. (jarinya.s@vistec.ac.th)] Action passed all validations [File=/var/www/html/booking/Pages/ActionPage.php,Line=108]
2019-04-03T13:35:40+07:00 [10313] DEBUG default - [User=Admin A. (jarinya.s@vistec.ac.th)] Processing page action. Action csv [File=/var/www/html/booking/Presenters/ActionPresenter.php,Line=88]
2019-04-03T13:36:34+07:00 [23803] DEBUG default - [User=Admin A. (jarinya.s@vistec.ac.th)] Action passed all validations [File=/var/www/html/booking/Pages/ActionPage.php,Line=108]
2019-04-03T13:36:34+07:00 [23803] DEBUG default - [User=Admin A. (jarinya.s@vistec.ac.th)] Processing page action. Action generate [File=/var/www/html/booking/Presenters/ActionPresenter.php,Line=88]
2019-04-03T13:36:36+07:00 [10313] DEBUG default - [User=Admin A. (ratchawan.j@vistec.ac.th)] Action passed all validations [File=/var/www/html/booking/Pages/ActionPage.php,Line=108]
2019-04-03T13:36:36+07:00 [10313] DEBUG default - [User=Admin A. (ratchawan.j@vistec.ac.th)] Processing page action. Action generate [File=/var/www/html/booking/Presenters/ActionPresenter.php,Line=88]
2019-04-03T13:36:43+07:00 [6290] DEBUG default - [User=Admin A. (jarinya.s@vistec.ac.th)] Action passed all validations [File=/var/www/html/booking/Pages/ActionPage.php,Line=108]
2019-04-03T13:36:43+07:00 [6290] DEBUG default - [User=Admin A. (jarinya.s@vistec.ac.th)] Processing page action. Action csv [File=/var/www/html/booking/Presenters/ActionPresenter.php,Line=88]
2019-04-03T13:37:13+07:00 [23803] DEBUG default - [User=Admin A. (jarinya.s@vistec.ac.th)] Action passed all validations [File=/var/www/html/booking/Pages/ActionPage.php,Line=108]
2019-04-03T13:37:13+07:00 [23803] DEBUG default - [User=Admin A. (jarinya.s@vistec.ac.th)] Processing page action. Action generate [File=/var/www/html/booking/Presenters/ActionPresenter.php,Line=88]
2019-04-03T13:39:00+07:00 [23803] DEBUG default - [User=Admin A. (ratchawan.j@vistec.ac.th)] Action passed all validations [File=/var/www/html/booking/Pages/ActionPage.php,Line=108]
2019-04-03T13:39:00+07:00 [23803] DEBUG default - [User=Admin A. (ratchawan.j@vistec.ac.th)] Processing page action. Action generate [File=/var/www/html/booking/Presenters/ActionPresenter.php,Line=88]
2019-04-03T13:39:29+07:00 [10313] DEBUG default - [User=Admin A. (ratchawan.j@vistec.ac.th)] Action passed all validations [File=/var/www/html/booking/Pages/ActionPage.php,Line=108]
2019-04-03T13:39:29+07:00 [10313] DEBUG default - [User=Admin A. (ratchawan.j@vistec.ac.th)] Processing page action. Action generate [File=/var/www/html/booking/Presenters/ActionPresenter.php,Line=88]
2019-04-03T13:39:38+07:00 [6290] DEBUG default - [User=Admin A. (ratchawan.j@vistec.ac.th)] Action passed all validations [File=/var/www/html/booking/Pages/ActionPage.php,Line=108]
2019-04-03T13:39:38+07:00 [6290] DEBUG default - [User=Admin A. (ratchawan.j@vistec.ac.th)] Processing page action. Action csv [File=/var/www/html/booking/Presenters/ActionPresenter.php,Line=88]
2019-04-03T13:40:05+07:00 [23803] DEBUG default - [User=Admin A. (ratchawan.j@vistec.ac.th)] Action passed all validations [File=/var/www/html/booking/Pages/ActionPage.php,Line=108]
2019-04-03T13:40:05+07:00 [23803] DEBUG default - [User=Admin A. (ratchawan.j@vistec.ac.th)] Processing page action. Action generate [File=/var/www/html/booking/Presenters/ActionPresenter.php,Line=88]
2019-04-03T13:40:53+07:00 [10313] DEBUG default - [User=Admin A. (ratchawan.j@vistec.ac.th)] Action passed all validations [File=/var/www/html/booking/Pages/ActionPage.php,Line=108]
2019-04-03T13:40:53+07:00 [10313] DEBUG default - [User=Admin A. (ratchawan.j@vistec.ac.th)] Processing page action. Action generate [File=/var/www/html/booking/Presenters/ActionPresenter.php,Line=88]
