2019-09-22T10:03:27+07:00 [28111] DEBUG default - [User=Sopanat Sawatdee (1530411@vistec.ac.th)] Adding custom attribute value for entityId=17, attributeId=29 [File=/var/www/html/booking/lib/Application/Attributes/AttributeList.php,Line=122]
2019-09-22T10:03:27+07:00 [28111] DEBUG default - [User=Sopanat Sawatdee (1530411@vistec.ac.th)] Took 0 seconds to load custom attributes for category 4 [File=/var/www/html/booking/lib/Application/Attributes/AttributeService.php,Line=154]
2019-09-22T10:03:27+07:00 [28111] DEBUG default - [User=Sopanat Sawatdee (1530411@vistec.ac.th)] Found 1 attributes for entityId 17 [File=/var/www/html/booking/lib/Application/Attributes/AttributeList.php,Line=165]
2019-09-22T10:03:27+07:00 [28111] DEBUG default - [User=Sopanat Sawatdee (1530411@vistec.ac.th)] Took 0 seconds to load custom attributes for category 5 [File=/var/www/html/booking/lib/Application/Attributes/AttributeService.php,Line=154]
2019-09-22T10:03:27+07:00 [28111] DEBUG default - [User=Sopanat Sawatdee (1530411@vistec.ac.th)] Found 0 attributes for entityId 2 [File=/var/www/html/booking/lib/Application/Attributes/AttributeList.php,Line=165]
2019-09-22T10:03:31+07:00 [28114] DEBUG default - [User=Sopanat Sawatdee (1530411@vistec.ac.th)] Adding custom attribute value for entityId=19, attributeId=29 [File=/var/www/html/booking/lib/Application/Attributes/AttributeList.php,Line=122]
2019-09-22T10:03:31+07:00 [28114] DEBUG default - [User=Sopanat Sawatdee (1530411@vistec.ac.th)] Took 0 seconds to load custom attributes for category 4 [File=/var/www/html/booking/lib/Application/Attributes/AttributeService.php,Line=154]
2019-09-22T10:03:31+07:00 [28114] DEBUG default - [User=Sopanat Sawatdee (1530411@vistec.ac.th)] Found 1 attributes for entityId 19 [File=/var/www/html/booking/lib/Application/Attributes/AttributeList.php,Line=165]
2019-09-22T10:03:31+07:00 [28114] DEBUG default - [User=Sopanat Sawatdee (1530411@vistec.ac.th)] Took 0 seconds to load custom attributes for category 5 [File=/var/www/html/booking/lib/Application/Attributes/AttributeService.php,Line=154]
2019-09-22T10:03:31+07:00 [28114] DEBUG default - [User=Sopanat Sawatdee (1530411@vistec.ac.th)] Found 0 attributes for entityId 1 [File=/var/www/html/booking/lib/Application/Attributes/AttributeList.php,Line=165]
2019-09-22T10:03:36+07:00 [10019] DEBUG default - [User=Sopanat Sawatdee (1530411@vistec.ac.th)] Adding custom attribute value for entityId=27, attributeId=29 [File=/var/www/html/booking/lib/Application/Attributes/AttributeList.php,Line=122]
2019-09-22T10:03:36+07:00 [10019] DEBUG default - [User=Sopanat Sawatdee (1530411@vistec.ac.th)] Took 0 seconds to load custom attributes for category 4 [File=/var/www/html/booking/lib/Application/Attributes/AttributeService.php,Line=154]
2019-09-22T10:03:36+07:00 [10019] DEBUG default - [User=Sopanat Sawatdee (1530411@vistec.ac.th)] Found 1 attributes for entityId 27 [File=/var/www/html/booking/lib/Application/Attributes/AttributeList.php,Line=165]
2019-09-22T10:03:36+07:00 [10019] DEBUG default - [User=Sopanat Sawatdee (1530411@vistec.ac.th)] Took 0 seconds to load custom attributes for category 5 [File=/var/www/html/booking/lib/Application/Attributes/AttributeService.php,Line=154]
2019-09-22T10:03:36+07:00 [10019] DEBUG default - [User=Sopanat Sawatdee (1530411@vistec.ac.th)] Found 0 attributes for entityId 2 [File=/var/www/html/booking/lib/Application/Attributes/AttributeList.php,Line=165]
2019-09-22T10:04:26+07:00 [28111] DEBUG default - [User=Sopanat Sawatdee (1530411@vistec.ac.th)] applies 0 allowed 0, ids 2 requested 27 [File=/var/www/html/booking/lib/Application/Attributes/AttributeService.php,Line=294]
2019-09-22T10:04:26+07:00 [28111] DEBUG default - [User=Sopanat Sawatdee (1530411@vistec.ac.th)] applies 0 allowed 0, ids 17 requested 27 [File=/var/www/html/booking/lib/Application/Attributes/AttributeService.php,Line=294]
2019-09-22T10:04:26+07:00 [28111] DEBUG default - [User=Sopanat Sawatdee (1530411@vistec.ac.th)] applies 0 allowed 0, ids 25 requested 27 [File=/var/www/html/booking/lib/Application/Attributes/AttributeService.php,Line=294]
2019-09-22T10:04:26+07:00 [28111] DEBUG default - [User=Sopanat Sawatdee (1530411@vistec.ac.th)] applies 0 allowed 0, ids 16 requested 27 [File=/var/www/html/booking/lib/Application/Attributes/AttributeService.php,Line=294]
2019-09-22T10:04:26+07:00 [28111] DEBUG default - [User=Sopanat Sawatdee (1530411@vistec.ac.th)] applies 0 allowed 0, ids 25 requested 27 [File=/var/www/html/booking/lib/Application/Attributes/AttributeService.php,Line=294]
2019-09-22T10:04:26+07:00 [28111] DEBUG default - [User=Sopanat Sawatdee (1530411@vistec.ac.th)] applies 0 allowed 0, ids 26 requested 27 [File=/var/www/html/booking/lib/Application/Attributes/AttributeService.php,Line=294]
2019-09-22T10:04:26+07:00 [28111] DEBUG default - [User=Sopanat Sawatdee (1530411@vistec.ac.th)] applies 0 allowed 0, ids 29 requested 27 [File=/var/www/html/booking/lib/Application/Attributes/AttributeService.php,Line=294]
2019-09-22T10:04:26+07:00 [28111] DEBUG default - [User=Sopanat Sawatdee (1530411@vistec.ac.th)] applies 0 allowed 0, ids 26 requested 27 [File=/var/www/html/booking/lib/Application/Attributes/AttributeService.php,Line=294]
2019-09-22T10:04:26+07:00 [28111] DEBUG default - [User=Sopanat Sawatdee (1530411@vistec.ac.th)] applies 0 allowed 0, ids 2 requested 27 [File=/var/www/html/booking/lib/Application/Attributes/AttributeService.php,Line=294]
2019-09-22T10:04:26+07:00 [28111] DEBUG default - [User=Sopanat Sawatdee (1530411@vistec.ac.th)] applies 0 allowed 0, ids 15 requested 27 [File=/var/www/html/booking/lib/Application/Attributes/AttributeService.php,Line=294]
2019-09-22T10:04:26+07:00 [28111] DEBUG default - [User=Sopanat Sawatdee (1530411@vistec.ac.th)] applies 1 allowed 1, ids 18,27 requested 27 [File=/var/www/html/booking/lib/Application/Attributes/AttributeService.php,Line=294]
2019-09-22T10:04:26+07:00 [28111] DEBUG default - [User=Sopanat Sawatdee (1530411@vistec.ac.th)] applies 0 allowed 0, ids 16 requested 27 [File=/var/www/html/booking/lib/Application/Attributes/AttributeService.php,Line=294]
2019-09-22T10:04:26+07:00 [28111] DEBUG default - [User=Sopanat Sawatdee (1530411@vistec.ac.th)] applies 0 allowed 0, ids 18 requested 27 [File=/var/www/html/booking/lib/Application/Attributes/AttributeService.php,Line=294]
2019-09-22T10:04:26+07:00 [28111] DEBUG default - [User=Sopanat Sawatdee (1530411@vistec.ac.th)] applies 0 allowed 0, ids 26 requested 27 [File=/var/www/html/booking/lib/Application/Attributes/AttributeService.php,Line=294]
2019-09-22T10:04:26+07:00 [28111] DEBUG default - [User=Sopanat Sawatdee (1530411@vistec.ac.th)] applies 0 allowed 0, ids 18,2 requested 27 [File=/var/www/html/booking/lib/Application/Attributes/AttributeService.php,Line=294]
2019-09-22T10:04:26+07:00 [28111] DEBUG default - [User=Sopanat Sawatdee (1530411@vistec.ac.th)] applies 0 allowed 0, ids 17 requested 27 [File=/var/www/html/booking/lib/Application/Attributes/AttributeService.php,Line=294]
2019-09-22T10:04:26+07:00 [28111] DEBUG default - [User=Sopanat Sawatdee (1530411@vistec.ac.th)] applies 0 allowed 0, ids 17 requested 27 [File=/var/www/html/booking/lib/Application/Attributes/AttributeService.php,Line=294]
2019-09-22T10:04:26+07:00 [28111] DEBUG default - [User=Sopanat Sawatdee (1530411@vistec.ac.th)] applies 0 allowed 0, ids 26 requested 27 [File=/var/www/html/booking/lib/Application/Attributes/AttributeService.php,Line=294]
2019-09-22T10:04:26+07:00 [28111] DEBUG default - [User=Sopanat Sawatdee (1530411@vistec.ac.th)] applies 0 allowed 0, ids 2 requested 27 [File=/var/www/html/booking/lib/Application/Attributes/AttributeService.php,Line=294]
2019-09-22T10:04:26+07:00 [28111] DEBUG default - [User=Sopanat Sawatdee (1530411@vistec.ac.th)] applies 0 allowed 0, ids 17 requested 27 [File=/var/www/html/booking/lib/Application/Attributes/AttributeService.php,Line=294]
2019-09-22T10:04:26+07:00 [28111] DEBUG default - [User=Sopanat Sawatdee (1530411@vistec.ac.th)] applies 0 allowed 0, ids 16 requested 27 [File=/var/www/html/booking/lib/Application/Attributes/AttributeService.php,Line=294]
2019-09-22T10:04:26+07:00 [28111] DEBUG default - [User=Sopanat Sawatdee (1530411@vistec.ac.th)] applies 0 allowed 0, ids 23,26,22,21 requested 27 [File=/var/www/html/booking/lib/Application/Attributes/AttributeService.php,Line=294]
2019-09-22T10:04:26+07:00 [28111] DEBUG default - [User=Sopanat Sawatdee (1530411@vistec.ac.th)] applies 0 allowed 0, ids 23,26,22,29,21 requested 27 [File=/var/www/html/booking/lib/Application/Attributes/AttributeService.php,Line=294]
2019-09-22T10:05:04+07:00 [28111] DEBUG default - [User=Sopanat Sawatdee (1530411@vistec.ac.th)] applies 0 allowed 0, ids 2 requested  [File=/var/www/html/booking/lib/Application/Attributes/AttributeService.php,Line=294]
2019-09-22T10:05:04+07:00 [28111] DEBUG default - [User=Sopanat Sawatdee (1530411@vistec.ac.th)] applies 0 allowed 0, ids 17 requested  [File=/var/www/html/booking/lib/Application/Attributes/AttributeService.php,Line=294]
2019-09-22T10:05:04+07:00 [28111] DEBUG default - [User=Sopanat Sawatdee (1530411@vistec.ac.th)] applies 0 allowed 0, ids 25 requested  [File=/var/www/html/booking/lib/Application/Attributes/AttributeService.php,Line=294]
2019-09-22T10:05:04+07:00 [28111] DEBUG default - [User=Sopanat Sawatdee (1530411@vistec.ac.th)] applies 0 allowed 0, ids 16 requested  [File=/var/www/html/booking/lib/Application/Attributes/AttributeService.php,Line=294]
2019-09-22T10:05:04+07:00 [28111] DEBUG default - [User=Sopanat Sawatdee (1530411@vistec.ac.th)] applies 0 allowed 0, ids 25 requested  [File=/var/www/html/booking/lib/Application/Attributes/AttributeService.php,Line=294]
2019-09-22T10:05:04+07:00 [28111] DEBUG default - [User=Sopanat Sawatdee (1530411@vistec.ac.th)] applies 0 allowed 0, ids 26 requested  [File=/var/www/html/booking/lib/Application/Attributes/AttributeService.php,Line=294]
2019-09-22T10:05:04+07:00 [28111] DEBUG default - [User=Sopanat Sawatdee (1530411@vistec.ac.th)] applies 0 allowed 0, ids 29 requested  [File=/var/www/html/booking/lib/Application/Attributes/AttributeService.php,Line=294]
2019-09-22T10:05:04+07:00 [28111] DEBUG default - [User=Sopanat Sawatdee (1530411@vistec.ac.th)] applies 0 allowed 0, ids 26 requested  [File=/var/www/html/booking/lib/Application/Attributes/AttributeService.php,Line=294]
2019-09-22T10:05:04+07:00 [28111] DEBUG default - [User=Sopanat Sawatdee (1530411@vistec.ac.th)] applies 0 allowed 0, ids 2 requested  [File=/var/www/html/booking/lib/Application/Attributes/AttributeService.php,Line=294]
2019-09-22T10:05:04+07:00 [28111] DEBUG default - [User=Sopanat Sawatdee (1530411@vistec.ac.th)] applies 0 allowed 0, ids 15 requested  [File=/var/www/html/booking/lib/Application/Attributes/AttributeService.php,Line=294]
2019-09-22T10:05:04+07:00 [28111] DEBUG default - [User=Sopanat Sawatdee (1530411@vistec.ac.th)] applies 0 allowed 1, ids 18,27 requested  [File=/var/www/html/booking/lib/Application/Attributes/AttributeService.php,Line=294]
2019-09-22T10:05:04+07:00 [28111] DEBUG default - [User=Sopanat Sawatdee (1530411@vistec.ac.th)] applies 0 allowed 0, ids 16 requested  [File=/var/www/html/booking/lib/Application/Attributes/AttributeService.php,Line=294]
2019-09-22T10:05:04+07:00 [28111] DEBUG default - [User=Sopanat Sawatdee (1530411@vistec.ac.th)] applies 0 allowed 0, ids 18 requested  [File=/var/www/html/booking/lib/Application/Attributes/AttributeService.php,Line=294]
2019-09-22T10:05:04+07:00 [28111] DEBUG default - [User=Sopanat Sawatdee (1530411@vistec.ac.th)] applies 0 allowed 0, ids 26 requested  [File=/var/www/html/booking/lib/Application/Attributes/AttributeService.php,Line=294]
2019-09-22T10:05:04+07:00 [28111] DEBUG default - [User=Sopanat Sawatdee (1530411@vistec.ac.th)] applies 0 allowed 0, ids 18,2 requested  [File=/var/www/html/booking/lib/Application/Attributes/AttributeService.php,Line=294]
2019-09-22T10:05:04+07:00 [28111] DEBUG default - [User=Sopanat Sawatdee (1530411@vistec.ac.th)] applies 0 allowed 0, ids 17 requested  [File=/var/www/html/booking/lib/Application/Attributes/AttributeService.php,Line=294]
2019-09-22T10:05:04+07:00 [28111] DEBUG default - [User=Sopanat Sawatdee (1530411@vistec.ac.th)] applies 0 allowed 0, ids 17 requested  [File=/var/www/html/booking/lib/Application/Attributes/AttributeService.php,Line=294]
2019-09-22T10:05:04+07:00 [28111] DEBUG default - [User=Sopanat Sawatdee (1530411@vistec.ac.th)] applies 0 allowed 0, ids 26 requested  [File=/var/www/html/booking/lib/Application/Attributes/AttributeService.php,Line=294]
2019-09-22T10:05:04+07:00 [28111] DEBUG default - [User=Sopanat Sawatdee (1530411@vistec.ac.th)] applies 0 allowed 0, ids 2 requested  [File=/var/www/html/booking/lib/Application/Attributes/AttributeService.php,Line=294]
2019-09-22T10:05:04+07:00 [28111] DEBUG default - [User=Sopanat Sawatdee (1530411@vistec.ac.th)] applies 0 allowed 0, ids 17 requested  [File=/var/www/html/booking/lib/Application/Attributes/AttributeService.php,Line=294]
2019-09-22T10:05:04+07:00 [28111] DEBUG default - [User=Sopanat Sawatdee (1530411@vistec.ac.th)] applies 0 allowed 0, ids 16 requested  [File=/var/www/html/booking/lib/Application/Attributes/AttributeService.php,Line=294]
2019-09-22T10:05:04+07:00 [28111] DEBUG default - [User=Sopanat Sawatdee (1530411@vistec.ac.th)] applies 0 allowed 0, ids 23,26,22,21 requested  [File=/var/www/html/booking/lib/Application/Attributes/AttributeService.php,Line=294]
2019-09-22T10:05:04+07:00 [28111] DEBUG default - [User=Sopanat Sawatdee (1530411@vistec.ac.th)] applies 0 allowed 0, ids 23,26,22,29,21 requested  [File=/var/www/html/booking/lib/Application/Attributes/AttributeService.php,Line=294]
2019-09-22T10:05:22+07:00 [10019] DEBUG default - [User=Sopanat Sawatdee (1530411@vistec.ac.th)] applies 0 allowed 0, ids 2 requested 27 [File=/var/www/html/booking/lib/Application/Attributes/AttributeService.php,Line=294]
2019-09-22T10:05:22+07:00 [10019] DEBUG default - [User=Sopanat Sawatdee (1530411@vistec.ac.th)] applies 0 allowed 0, ids 17 requested 27 [File=/var/www/html/booking/lib/Application/Attributes/AttributeService.php,Line=294]
2019-09-22T10:05:22+07:00 [10019] DEBUG default - [User=Sopanat Sawatdee (1530411@vistec.ac.th)] applies 0 allowed 0, ids 25 requested 27 [File=/var/www/html/booking/lib/Application/Attributes/AttributeService.php,Line=294]
2019-09-22T10:05:22+07:00 [10019] DEBUG default - [User=Sopanat Sawatdee (1530411@vistec.ac.th)] applies 0 allowed 0, ids 16 requested 27 [File=/var/www/html/booking/lib/Application/Attributes/AttributeService.php,Line=294]
2019-09-22T10:05:22+07:00 [10019] DEBUG default - [User=Sopanat Sawatdee (1530411@vistec.ac.th)] applies 0 allowed 0, ids 25 requested 27 [File=/var/www/html/booking/lib/Application/Attributes/AttributeService.php,Line=294]
2019-09-22T10:05:22+07:00 [10019] DEBUG default - [User=Sopanat Sawatdee (1530411@vistec.ac.th)] applies 0 allowed 0, ids 26 requested 27 [File=/var/www/html/booking/lib/Application/Attributes/AttributeService.php,Line=294]
2019-09-22T10:05:22+07:00 [10019] DEBUG default - [User=Sopanat Sawatdee (1530411@vistec.ac.th)] applies 0 allowed 0, ids 29 requested 27 [File=/var/www/html/booking/lib/Application/Attributes/AttributeService.php,Line=294]
2019-09-22T10:05:22+07:00 [10019] DEBUG default - [User=Sopanat Sawatdee (1530411@vistec.ac.th)] applies 0 allowed 0, ids 26 requested 27 [File=/var/www/html/booking/lib/Application/Attributes/AttributeService.php,Line=294]
2019-09-22T10:05:22+07:00 [10019] DEBUG default - [User=Sopanat Sawatdee (1530411@vistec.ac.th)] applies 0 allowed 0, ids 2 requested 27 [File=/var/www/html/booking/lib/Application/Attributes/AttributeService.php,Line=294]
2019-09-22T10:05:22+07:00 [10019] DEBUG default - [User=Sopanat Sawatdee (1530411@vistec.ac.th)] applies 0 allowed 0, ids 15 requested 27 [File=/var/www/html/booking/lib/Application/Attributes/AttributeService.php,Line=294]
2019-09-22T10:05:22+07:00 [10019] DEBUG default - [User=Sopanat Sawatdee (1530411@vistec.ac.th)] applies 1 allowed 1, ids 18,27 requested 27 [File=/var/www/html/booking/lib/Application/Attributes/AttributeService.php,Line=294]
2019-09-22T10:05:22+07:00 [10019] DEBUG default - [User=Sopanat Sawatdee (1530411@vistec.ac.th)] applies 0 allowed 0, ids 16 requested 27 [File=/var/www/html/booking/lib/Application/Attributes/AttributeService.php,Line=294]
2019-09-22T10:05:22+07:00 [10019] DEBUG default - [User=Sopanat Sawatdee (1530411@vistec.ac.th)] applies 0 allowed 0, ids 18 requested 27 [File=/var/www/html/booking/lib/Application/Attributes/AttributeService.php,Line=294]
2019-09-22T10:05:22+07:00 [10019] DEBUG default - [User=Sopanat Sawatdee (1530411@vistec.ac.th)] applies 0 allowed 0, ids 26 requested 27 [File=/var/www/html/booking/lib/Application/Attributes/AttributeService.php,Line=294]
2019-09-22T10:05:22+07:00 [10019] DEBUG default - [User=Sopanat Sawatdee (1530411@vistec.ac.th)] applies 0 allowed 0, ids 18,2 requested 27 [File=/var/www/html/booking/lib/Application/Attributes/AttributeService.php,Line=294]
2019-09-22T10:05:22+07:00 [10019] DEBUG default - [User=Sopanat Sawatdee (1530411@vistec.ac.th)] applies 0 allowed 0, ids 17 requested 27 [File=/var/www/html/booking/lib/Application/Attributes/AttributeService.php,Line=294]
2019-09-22T10:05:22+07:00 [10019] DEBUG default - [User=Sopanat Sawatdee (1530411@vistec.ac.th)] applies 0 allowed 0, ids 17 requested 27 [File=/var/www/html/booking/lib/Application/Attributes/AttributeService.php,Line=294]
2019-09-22T10:05:22+07:00 [10019] DEBUG default - [User=Sopanat Sawatdee (1530411@vistec.ac.th)] applies 0 allowed 0, ids 26 requested 27 [File=/var/www/html/booking/lib/Application/Attributes/AttributeService.php,Line=294]
2019-09-22T10:05:22+07:00 [10019] DEBUG default - [User=Sopanat Sawatdee (1530411@vistec.ac.th)] applies 0 allowed 0, ids 2 requested 27 [File=/var/www/html/booking/lib/Application/Attributes/AttributeService.php,Line=294]
2019-09-22T10:05:22+07:00 [10019] DEBUG default - [User=Sopanat Sawatdee (1530411@vistec.ac.th)] applies 0 allowed 0, ids 17 requested 27 [File=/var/www/html/booking/lib/Application/Attributes/AttributeService.php,Line=294]
2019-09-22T10:05:22+07:00 [10019] DEBUG default - [User=Sopanat Sawatdee (1530411@vistec.ac.th)] applies 0 allowed 0, ids 16 requested 27 [File=/var/www/html/booking/lib/Application/Attributes/AttributeService.php,Line=294]
2019-09-22T10:05:22+07:00 [10019] DEBUG default - [User=Sopanat Sawatdee (1530411@vistec.ac.th)] applies 0 allowed 0, ids 23,26,22,21 requested 27 [File=/var/www/html/booking/lib/Application/Attributes/AttributeService.php,Line=294]
2019-09-22T10:05:22+07:00 [10019] DEBUG default - [User=Sopanat Sawatdee (1530411@vistec.ac.th)] applies 0 allowed 0, ids 23,26,22,29,21 requested 27 [File=/var/www/html/booking/lib/Application/Attributes/AttributeService.php,Line=294]
2019-09-22T11:41:39+07:00 [28111] DEBUG default - [User=Jitpisut Poolwong (1830301@vistec.ac.th)] applies 0 allowed 1, ids 2 requested  [File=/var/www/html/booking/lib/Application/Attributes/AttributeService.php,Line=294]
2019-09-22T11:41:39+07:00 [28111] DEBUG default - [User=Jitpisut Poolwong (1830301@vistec.ac.th)] applies 0 allowed 0, ids 17 requested  [File=/var/www/html/booking/lib/Application/Attributes/AttributeService.php,Line=294]
2019-09-22T11:41:39+07:00 [28111] DEBUG default - [User=Jitpisut Poolwong (1830301@vistec.ac.th)] applies 0 allowed 0, ids 25 requested  [File=/var/www/html/booking/lib/Application/Attributes/AttributeService.php,Line=294]
2019-09-22T11:41:39+07:00 [28111] DEBUG default - [User=Jitpisut Poolwong (1830301@vistec.ac.th)] applies 0 allowed 0, ids 16 requested  [File=/var/www/html/booking/lib/Application/Attributes/AttributeService.php,Line=294]
2019-09-22T11:41:39+07:00 [28111] DEBUG default - [User=Jitpisut Poolwong (1830301@vistec.ac.th)] applies 0 allowed 0, ids 25 requested  [File=/var/www/html/booking/lib/Application/Attributes/AttributeService.php,Line=294]
2019-09-22T11:41:39+07:00 [28111] DEBUG default - [User=Jitpisut Poolwong (1830301@vistec.ac.th)] applies 0 allowed 0, ids 26 requested  [File=/var/www/html/booking/lib/Application/Attributes/AttributeService.php,Line=294]
2019-09-22T11:41:39+07:00 [28111] DEBUG default - [User=Jitpisut Poolwong (1830301@vistec.ac.th)] applies 0 allowed 0, ids 29 requested  [File=/var/www/html/booking/lib/Application/Attributes/AttributeService.php,Line=294]
2019-09-22T11:41:39+07:00 [28111] DEBUG default - [User=Jitpisut Poolwong (1830301@vistec.ac.th)] applies 0 allowed 0, ids 26 requested  [File=/var/www/html/booking/lib/Application/Attributes/AttributeService.php,Line=294]
2019-09-22T11:41:39+07:00 [28111] DEBUG default - [User=Jitpisut Poolwong (1830301@vistec.ac.th)] applies 0 allowed 1, ids 2 requested  [File=/var/www/html/booking/lib/Application/Attributes/AttributeService.php,Line=294]
2019-09-22T11:41:39+07:00 [28111] DEBUG default - [User=Jitpisut Poolwong (1830301@vistec.ac.th)] applies 0 allowed 1, ids 15 requested  [File=/var/www/html/booking/lib/Application/Attributes/AttributeService.php,Line=294]
2019-09-22T11:41:39+07:00 [28111] DEBUG default - [User=Jitpisut Poolwong (1830301@vistec.ac.th)] applies 0 allowed 0, ids 18,27 requested  [File=/var/www/html/booking/lib/Application/Attributes/AttributeService.php,Line=294]
2019-09-22T11:41:39+07:00 [28111] DEBUG default - [User=Jitpisut Poolwong (1830301@vistec.ac.th)] applies 0 allowed 0, ids 16 requested  [File=/var/www/html/booking/lib/Application/Attributes/AttributeService.php,Line=294]
2019-09-22T11:41:39+07:00 [28111] DEBUG default - [User=Jitpisut Poolwong (1830301@vistec.ac.th)] applies 0 allowed 0, ids 18 requested  [File=/var/www/html/booking/lib/Application/Attributes/AttributeService.php,Line=294]
2019-09-22T11:41:39+07:00 [28111] DEBUG default - [User=Jitpisut Poolwong (1830301@vistec.ac.th)] applies 0 allowed 0, ids 26 requested  [File=/var/www/html/booking/lib/Application/Attributes/AttributeService.php,Line=294]
2019-09-22T11:41:39+07:00 [28111] DEBUG default - [User=Jitpisut Poolwong (1830301@vistec.ac.th)] applies 0 allowed 1, ids 18,2 requested  [File=/var/www/html/booking/lib/Application/Attributes/AttributeService.php,Line=294]
2019-09-22T11:41:39+07:00 [28111] DEBUG default - [User=Jitpisut Poolwong (1830301@vistec.ac.th)] applies 0 allowed 0, ids 17 requested  [File=/var/www/html/booking/lib/Application/Attributes/AttributeService.php,Line=294]
2019-09-22T11:41:39+07:00 [28111] DEBUG default - [User=Jitpisut Poolwong (1830301@vistec.ac.th)] applies 0 allowed 0, ids 17 requested  [File=/var/www/html/booking/lib/Application/Attributes/AttributeService.php,Line=294]
2019-09-22T11:41:39+07:00 [28111] DEBUG default - [User=Jitpisut Poolwong (1830301@vistec.ac.th)] applies 0 allowed 0, ids 26 requested  [File=/var/www/html/booking/lib/Application/Attributes/AttributeService.php,Line=294]
2019-09-22T11:41:39+07:00 [28111] DEBUG default - [User=Jitpisut Poolwong (1830301@vistec.ac.th)] applies 0 allowed 1, ids 2 requested  [File=/var/www/html/booking/lib/Application/Attributes/AttributeService.php,Line=294]
2019-09-22T11:41:39+07:00 [28111] DEBUG default - [User=Jitpisut Poolwong (1830301@vistec.ac.th)] applies 0 allowed 0, ids 17 requested  [File=/var/www/html/booking/lib/Application/Attributes/AttributeService.php,Line=294]
2019-09-22T11:41:39+07:00 [28111] DEBUG default - [User=Jitpisut Poolwong (1830301@vistec.ac.th)] applies 0 allowed 0, ids 16 requested  [File=/var/www/html/booking/lib/Application/Attributes/AttributeService.php,Line=294]
2019-09-22T11:41:39+07:00 [28111] DEBUG default - [User=Jitpisut Poolwong (1830301@vistec.ac.th)] applies 0 allowed 1, ids 23,26,22,21 requested  [File=/var/www/html/booking/lib/Application/Attributes/AttributeService.php,Line=294]
2019-09-22T11:41:39+07:00 [28111] DEBUG default - [User=Jitpisut Poolwong (1830301@vistec.ac.th)] applies 0 allowed 1, ids 23,26,22,29,21 requested  [File=/var/www/html/booking/lib/Application/Attributes/AttributeService.php,Line=294]
2019-09-22T17:04:54+07:00 [28114] DEBUG default - [User=Tharit Lerdwiriyanupap (1630307@vistec.ac.th)] Adding custom attribute value for entityId=15, attributeId=29 [File=/var/www/html/booking/lib/Application/Attributes/AttributeList.php,Line=122]
2019-09-22T17:04:54+07:00 [28114] DEBUG default - [User=Tharit Lerdwiriyanupap (1630307@vistec.ac.th)] Took 0 seconds to load custom attributes for category 4 [File=/var/www/html/booking/lib/Application/Attributes/AttributeService.php,Line=154]
2019-09-22T17:04:54+07:00 [28114] DEBUG default - [User=Tharit Lerdwiriyanupap (1630307@vistec.ac.th)] Found 1 attributes for entityId 15 [File=/var/www/html/booking/lib/Application/Attributes/AttributeList.php,Line=165]
2019-09-22T17:04:54+07:00 [28114] DEBUG default - [User=Tharit Lerdwiriyanupap (1630307@vistec.ac.th)] Took 0 seconds to load custom attributes for category 5 [File=/var/www/html/booking/lib/Application/Attributes/AttributeService.php,Line=154]
2019-09-22T17:04:54+07:00 [28114] DEBUG default - [User=Tharit Lerdwiriyanupap (1630307@vistec.ac.th)] Found 0 attributes for entityId 4 [File=/var/www/html/booking/lib/Application/Attributes/AttributeList.php,Line=165]
2019-09-22T17:05:00+07:00 [28114] DEBUG default - [User=Tharit Lerdwiriyanupap (1630307@vistec.ac.th)] applies 0 allowed 1, ids 2 requested  [File=/var/www/html/booking/lib/Application/Attributes/AttributeService.php,Line=294]
2019-09-22T17:05:00+07:00 [28114] DEBUG default - [User=Tharit Lerdwiriyanupap (1630307@vistec.ac.th)] applies 0 allowed 1, ids 17 requested  [File=/var/www/html/booking/lib/Application/Attributes/AttributeService.php,Line=294]
2019-09-22T17:05:00+07:00 [28114] DEBUG default - [User=Tharit Lerdwiriyanupap (1630307@vistec.ac.th)] applies 0 allowed 0, ids 25 requested  [File=/var/www/html/booking/lib/Application/Attributes/AttributeService.php,Line=294]
2019-09-22T17:05:00+07:00 [28114] DEBUG default - [User=Tharit Lerdwiriyanupap (1630307@vistec.ac.th)] applies 0 allowed 0, ids 16 requested  [File=/var/www/html/booking/lib/Application/Attributes/AttributeService.php,Line=294]
2019-09-22T17:05:00+07:00 [28114] DEBUG default - [User=Tharit Lerdwiriyanupap (1630307@vistec.ac.th)] applies 0 allowed 0, ids 25 requested  [File=/var/www/html/booking/lib/Application/Attributes/AttributeService.php,Line=294]
2019-09-22T17:05:00+07:00 [28114] DEBUG default - [User=Tharit Lerdwiriyanupap (1630307@vistec.ac.th)] applies 0 allowed 0, ids 26 requested  [File=/var/www/html/booking/lib/Application/Attributes/AttributeService.php,Line=294]
2019-09-22T17:05:00+07:00 [28114] DEBUG default - [User=Tharit Lerdwiriyanupap (1630307@vistec.ac.th)] applies 0 allowed 0, ids 29 requested  [File=/var/www/html/booking/lib/Application/Attributes/AttributeService.php,Line=294]
2019-09-22T17:05:00+07:00 [28114] DEBUG default - [User=Tharit Lerdwiriyanupap (1630307@vistec.ac.th)] applies 0 allowed 0, ids 26 requested  [File=/var/www/html/booking/lib/Application/Attributes/AttributeService.php,Line=294]
2019-09-22T17:05:00+07:00 [28114] DEBUG default - [User=Tharit Lerdwiriyanupap (1630307@vistec.ac.th)] applies 0 allowed 1, ids 2 requested  [File=/var/www/html/booking/lib/Application/Attributes/AttributeService.php,Line=294]
2019-09-22T17:05:00+07:00 [28114] DEBUG default - [User=Tharit Lerdwiriyanupap (1630307@vistec.ac.th)] applies 0 allowed 0, ids 15 requested  [File=/var/www/html/booking/lib/Application/Attributes/AttributeService.php,Line=294]
2019-09-22T17:05:00+07:00 [28114] DEBUG default - [User=Tharit Lerdwiriyanupap (1630307@vistec.ac.th)] applies 0 allowed 0, ids 18,27 requested  [File=/var/www/html/booking/lib/Application/Attributes/AttributeService.php,Line=294]
2019-09-22T17:05:00+07:00 [28114] DEBUG default - [User=Tharit Lerdwiriyanupap (1630307@vistec.ac.th)] applies 0 allowed 0, ids 16 requested  [File=/var/www/html/booking/lib/Application/Attributes/AttributeService.php,Line=294]
2019-09-22T17:05:00+07:00 [28114] DEBUG default - [User=Tharit Lerdwiriyanupap (1630307@vistec.ac.th)] applies 0 allowed 0, ids 18 requested  [File=/var/www/html/booking/lib/Application/Attributes/AttributeService.php,Line=294]
2019-09-22T17:05:00+07:00 [28114] DEBUG default - [User=Tharit Lerdwiriyanupap (1630307@vistec.ac.th)] applies 0 allowed 0, ids 26 requested  [File=/var/www/html/booking/lib/Application/Attributes/AttributeService.php,Line=294]
2019-09-22T17:05:00+07:00 [28114] DEBUG default - [User=Tharit Lerdwiriyanupap (1630307@vistec.ac.th)] applies 0 allowed 1, ids 18,2 requested  [File=/var/www/html/booking/lib/Application/Attributes/AttributeService.php,Line=294]
2019-09-22T17:05:00+07:00 [28114] DEBUG default - [User=Tharit Lerdwiriyanupap (1630307@vistec.ac.th)] applies 0 allowed 1, ids 17 requested  [File=/var/www/html/booking/lib/Application/Attributes/AttributeService.php,Line=294]
2019-09-22T17:05:00+07:00 [28114] DEBUG default - [User=Tharit Lerdwiriyanupap (1630307@vistec.ac.th)] applies 0 allowed 1, ids 17 requested  [File=/var/www/html/booking/lib/Application/Attributes/AttributeService.php,Line=294]
2019-09-22T17:05:00+07:00 [28114] DEBUG default - [User=Tharit Lerdwiriyanupap (1630307@vistec.ac.th)] applies 0 allowed 0, ids 26 requested  [File=/var/www/html/booking/lib/Application/Attributes/AttributeService.php,Line=294]
2019-09-22T17:05:00+07:00 [28114] DEBUG default - [User=Tharit Lerdwiriyanupap (1630307@vistec.ac.th)] applies 0 allowed 1, ids 2 requested  [File=/var/www/html/booking/lib/Application/Attributes/AttributeService.php,Line=294]
2019-09-22T17:05:00+07:00 [28114] DEBUG default - [User=Tharit Lerdwiriyanupap (1630307@vistec.ac.th)] applies 0 allowed 1, ids 17 requested  [File=/var/www/html/booking/lib/Application/Attributes/AttributeService.php,Line=294]
2019-09-22T17:05:00+07:00 [28114] DEBUG default - [User=Tharit Lerdwiriyanupap (1630307@vistec.ac.th)] applies 0 allowed 0, ids 16 requested  [File=/var/www/html/booking/lib/Application/Attributes/AttributeService.php,Line=294]
2019-09-22T17:05:00+07:00 [28114] DEBUG default - [User=Tharit Lerdwiriyanupap (1630307@vistec.ac.th)] applies 0 allowed 0, ids 23,26,22,21 requested  [File=/var/www/html/booking/lib/Application/Attributes/AttributeService.php,Line=294]
2019-09-22T17:05:00+07:00 [28114] DEBUG default - [User=Tharit Lerdwiriyanupap (1630307@vistec.ac.th)] applies 0 allowed 0, ids 23,26,22,29,21 requested  [File=/var/www/html/booking/lib/Application/Attributes/AttributeService.php,Line=294]
2019-09-22T18:34:43+07:00 [28111] DEBUG default - [User=Peerapol Pornsetmetakul (Peerapol.p_s18@vistec.ac.th)] applies 0 allowed 1, ids 2 requested  [File=/var/www/html/booking/lib/Application/Attributes/AttributeService.php,Line=294]
2019-09-22T18:34:43+07:00 [28111] DEBUG default - [User=Peerapol Pornsetmetakul (Peerapol.p_s18@vistec.ac.th)] applies 0 allowed 0, ids 17 requested  [File=/var/www/html/booking/lib/Application/Attributes/AttributeService.php,Line=294]
2019-09-22T18:34:43+07:00 [28111] DEBUG default - [User=Peerapol Pornsetmetakul (Peerapol.p_s18@vistec.ac.th)] applies 0 allowed 0, ids 25 requested  [File=/var/www/html/booking/lib/Application/Attributes/AttributeService.php,Line=294]
2019-09-22T18:34:43+07:00 [28111] DEBUG default - [User=Peerapol Pornsetmetakul (Peerapol.p_s18@vistec.ac.th)] applies 0 allowed 0, ids 16 requested  [File=/var/www/html/booking/lib/Application/Attributes/AttributeService.php,Line=294]
2019-09-22T18:34:43+07:00 [28111] DEBUG default - [User=Peerapol Pornsetmetakul (Peerapol.p_s18@vistec.ac.th)] applies 0 allowed 0, ids 25 requested  [File=/var/www/html/booking/lib/Application/Attributes/AttributeService.php,Line=294]
2019-09-22T18:34:43+07:00 [28111] DEBUG default - [User=Peerapol Pornsetmetakul (Peerapol.p_s18@vistec.ac.th)] applies 0 allowed 0, ids 26 requested  [File=/var/www/html/booking/lib/Application/Attributes/AttributeService.php,Line=294]
2019-09-22T18:34:43+07:00 [28111] DEBUG default - [User=Peerapol Pornsetmetakul (Peerapol.p_s18@vistec.ac.th)] applies 0 allowed 0, ids 29 requested  [File=/var/www/html/booking/lib/Application/Attributes/AttributeService.php,Line=294]
2019-09-22T18:34:43+07:00 [28111] DEBUG default - [User=Peerapol Pornsetmetakul (Peerapol.p_s18@vistec.ac.th)] applies 0 allowed 0, ids 26 requested  [File=/var/www/html/booking/lib/Application/Attributes/AttributeService.php,Line=294]
2019-09-22T18:34:43+07:00 [28111] DEBUG default - [User=Peerapol Pornsetmetakul (Peerapol.p_s18@vistec.ac.th)] applies 0 allowed 1, ids 2 requested  [File=/var/www/html/booking/lib/Application/Attributes/AttributeService.php,Line=294]
2019-09-22T18:34:43+07:00 [28111] DEBUG default - [User=Peerapol Pornsetmetakul (Peerapol.p_s18@vistec.ac.th)] applies 0 allowed 0, ids 15 requested  [File=/var/www/html/booking/lib/Application/Attributes/AttributeService.php,Line=294]
2019-09-22T18:34:43+07:00 [28111] DEBUG default - [User=Peerapol Pornsetmetakul (Peerapol.p_s18@vistec.ac.th)] applies 0 allowed 0, ids 18,27 requested  [File=/var/www/html/booking/lib/Application/Attributes/AttributeService.php,Line=294]
2019-09-22T18:34:43+07:00 [28111] DEBUG default - [User=Peerapol Pornsetmetakul (Peerapol.p_s18@vistec.ac.th)] applies 0 allowed 0, ids 16 requested  [File=/var/www/html/booking/lib/Application/Attributes/AttributeService.php,Line=294]
2019-09-22T18:34:43+07:00 [28111] DEBUG default - [User=Peerapol Pornsetmetakul (Peerapol.p_s18@vistec.ac.th)] applies 0 allowed 0, ids 18 requested  [File=/var/www/html/booking/lib/Application/Attributes/AttributeService.php,Line=294]
2019-09-22T18:34:43+07:00 [28111] DEBUG default - [User=Peerapol Pornsetmetakul (Peerapol.p_s18@vistec.ac.th)] applies 0 allowed 0, ids 26 requested  [File=/var/www/html/booking/lib/Application/Attributes/AttributeService.php,Line=294]
2019-09-22T18:34:43+07:00 [28111] DEBUG default - [User=Peerapol Pornsetmetakul (Peerapol.p_s18@vistec.ac.th)] applies 0 allowed 1, ids 18,2 requested  [File=/var/www/html/booking/lib/Application/Attributes/AttributeService.php,Line=294]
2019-09-22T18:34:43+07:00 [28111] DEBUG default - [User=Peerapol Pornsetmetakul (Peerapol.p_s18@vistec.ac.th)] applies 0 allowed 0, ids 17 requested  [File=/var/www/html/booking/lib/Application/Attributes/AttributeService.php,Line=294]
2019-09-22T18:34:43+07:00 [28111] DEBUG default - [User=Peerapol Pornsetmetakul (Peerapol.p_s18@vistec.ac.th)] applies 0 allowed 0, ids 17 requested  [File=/var/www/html/booking/lib/Application/Attributes/AttributeService.php,Line=294]
2019-09-22T18:34:43+07:00 [28111] DEBUG default - [User=Peerapol Pornsetmetakul (Peerapol.p_s18@vistec.ac.th)] applies 0 allowed 0, ids 26 requested  [File=/var/www/html/booking/lib/Application/Attributes/AttributeService.php,Line=294]
2019-09-22T18:34:43+07:00 [28111] DEBUG default - [User=Peerapol Pornsetmetakul (Peerapol.p_s18@vistec.ac.th)] applies 0 allowed 1, ids 2 requested  [File=/var/www/html/booking/lib/Application/Attributes/AttributeService.php,Line=294]
2019-09-22T18:34:43+07:00 [28111] DEBUG default - [User=Peerapol Pornsetmetakul (Peerapol.p_s18@vistec.ac.th)] applies 0 allowed 0, ids 17 requested  [File=/var/www/html/booking/lib/Application/Attributes/AttributeService.php,Line=294]
2019-09-22T18:34:43+07:00 [28111] DEBUG default - [User=Peerapol Pornsetmetakul (Peerapol.p_s18@vistec.ac.th)] applies 0 allowed 0, ids 16 requested  [File=/var/www/html/booking/lib/Application/Attributes/AttributeService.php,Line=294]
2019-09-22T18:34:43+07:00 [28111] DEBUG default - [User=Peerapol Pornsetmetakul (Peerapol.p_s18@vistec.ac.th)] applies 0 allowed 1, ids 23,26,22,21 requested  [File=/var/www/html/booking/lib/Application/Attributes/AttributeService.php,Line=294]
2019-09-22T18:34:43+07:00 [28111] DEBUG default - [User=Peerapol Pornsetmetakul (Peerapol.p_s18@vistec.ac.th)] applies 0 allowed 1, ids 23,26,22,29,21 requested  [File=/var/www/html/booking/lib/Application/Attributes/AttributeService.php,Line=294]
2019-09-22T18:35:19+07:00 [10019] DEBUG default - [User=Peerapol Pornsetmetakul (Peerapol.p_s18@vistec.ac.th)] applies 0 allowed 1, ids 2 requested 21 [File=/var/www/html/booking/lib/Application/Attributes/AttributeService.php,Line=294]
2019-09-22T18:35:19+07:00 [10019] DEBUG default - [User=Peerapol Pornsetmetakul (Peerapol.p_s18@vistec.ac.th)] applies 0 allowed 0, ids 17 requested 21 [File=/var/www/html/booking/lib/Application/Attributes/AttributeService.php,Line=294]
2019-09-22T18:35:19+07:00 [10019] DEBUG default - [User=Peerapol Pornsetmetakul (Peerapol.p_s18@vistec.ac.th)] applies 0 allowed 0, ids 25 requested 21 [File=/var/www/html/booking/lib/Application/Attributes/AttributeService.php,Line=294]
2019-09-22T18:35:19+07:00 [10019] DEBUG default - [User=Peerapol Pornsetmetakul (Peerapol.p_s18@vistec.ac.th)] applies 0 allowed 0, ids 16 requested 21 [File=/var/www/html/booking/lib/Application/Attributes/AttributeService.php,Line=294]
2019-09-22T18:35:19+07:00 [10019] DEBUG default - [User=Peerapol Pornsetmetakul (Peerapol.p_s18@vistec.ac.th)] applies 0 allowed 0, ids 25 requested 21 [File=/var/www/html/booking/lib/Application/Attributes/AttributeService.php,Line=294]
2019-09-22T18:35:19+07:00 [10019] DEBUG default - [User=Peerapol Pornsetmetakul (Peerapol.p_s18@vistec.ac.th)] applies 0 allowed 0, ids 26 requested 21 [File=/var/www/html/booking/lib/Application/Attributes/AttributeService.php,Line=294]
2019-09-22T18:35:19+07:00 [10019] DEBUG default - [User=Peerapol Pornsetmetakul (Peerapol.p_s18@vistec.ac.th)] applies 0 allowed 0, ids 29 requested 21 [File=/var/www/html/booking/lib/Application/Attributes/AttributeService.php,Line=294]
2019-09-22T18:35:19+07:00 [10019] DEBUG default - [User=Peerapol Pornsetmetakul (Peerapol.p_s18@vistec.ac.th)] applies 0 allowed 0, ids 26 requested 21 [File=/var/www/html/booking/lib/Application/Attributes/AttributeService.php,Line=294]
2019-09-22T18:35:19+07:00 [10019] DEBUG default - [User=Peerapol Pornsetmetakul (Peerapol.p_s18@vistec.ac.th)] applies 0 allowed 1, ids 2 requested 21 [File=/var/www/html/booking/lib/Application/Attributes/AttributeService.php,Line=294]
2019-09-22T18:35:19+07:00 [10019] DEBUG default - [User=Peerapol Pornsetmetakul (Peerapol.p_s18@vistec.ac.th)] applies 0 allowed 0, ids 15 requested 21 [File=/var/www/html/booking/lib/Application/Attributes/AttributeService.php,Line=294]
2019-09-22T18:35:19+07:00 [10019] DEBUG default - [User=Peerapol Pornsetmetakul (Peerapol.p_s18@vistec.ac.th)] applies 0 allowed 0, ids 18,27 requested 21 [File=/var/www/html/booking/lib/Application/Attributes/AttributeService.php,Line=294]
2019-09-22T18:35:19+07:00 [10019] DEBUG default - [User=Peerapol Pornsetmetakul (Peerapol.p_s18@vistec.ac.th)] applies 0 allowed 0, ids 16 requested 21 [File=/var/www/html/booking/lib/Application/Attributes/AttributeService.php,Line=294]
2019-09-22T18:35:19+07:00 [10019] DEBUG default - [User=Peerapol Pornsetmetakul (Peerapol.p_s18@vistec.ac.th)] applies 0 allowed 0, ids 18 requested 21 [File=/var/www/html/booking/lib/Application/Attributes/AttributeService.php,Line=294]
2019-09-22T18:35:19+07:00 [10019] DEBUG default - [User=Peerapol Pornsetmetakul (Peerapol.p_s18@vistec.ac.th)] applies 0 allowed 0, ids 26 requested 21 [File=/var/www/html/booking/lib/Application/Attributes/AttributeService.php,Line=294]
2019-09-22T18:35:19+07:00 [10019] DEBUG default - [User=Peerapol Pornsetmetakul (Peerapol.p_s18@vistec.ac.th)] applies 0 allowed 1, ids 18,2 requested 21 [File=/var/www/html/booking/lib/Application/Attributes/AttributeService.php,Line=294]
2019-09-22T18:35:19+07:00 [10019] DEBUG default - [User=Peerapol Pornsetmetakul (Peerapol.p_s18@vistec.ac.th)] applies 0 allowed 0, ids 17 requested 21 [File=/var/www/html/booking/lib/Application/Attributes/AttributeService.php,Line=294]
2019-09-22T18:35:19+07:00 [10019] DEBUG default - [User=Peerapol Pornsetmetakul (Peerapol.p_s18@vistec.ac.th)] applies 0 allowed 0, ids 17 requested 21 [File=/var/www/html/booking/lib/Application/Attributes/AttributeService.php,Line=294]
2019-09-22T18:35:19+07:00 [10019] DEBUG default - [User=Peerapol Pornsetmetakul (Peerapol.p_s18@vistec.ac.th)] applies 0 allowed 0, ids 26 requested 21 [File=/var/www/html/booking/lib/Application/Attributes/AttributeService.php,Line=294]
2019-09-22T18:35:19+07:00 [10019] DEBUG default - [User=Peerapol Pornsetmetakul (Peerapol.p_s18@vistec.ac.th)] applies 0 allowed 1, ids 2 requested 21 [File=/var/www/html/booking/lib/Application/Attributes/AttributeService.php,Line=294]
2019-09-22T18:35:19+07:00 [10019] DEBUG default - [User=Peerapol Pornsetmetakul (Peerapol.p_s18@vistec.ac.th)] applies 0 allowed 0, ids 17 requested 21 [File=/var/www/html/booking/lib/Application/Attributes/AttributeService.php,Line=294]
2019-09-22T18:35:19+07:00 [10019] DEBUG default - [User=Peerapol Pornsetmetakul (Peerapol.p_s18@vistec.ac.th)] applies 0 allowed 0, ids 16 requested 21 [File=/var/www/html/booking/lib/Application/Attributes/AttributeService.php,Line=294]
2019-09-22T18:35:19+07:00 [10019] DEBUG default - [User=Peerapol Pornsetmetakul (Peerapol.p_s18@vistec.ac.th)] applies 1 allowed 1, ids 23,26,22,21 requested 21 [File=/var/www/html/booking/lib/Application/Attributes/AttributeService.php,Line=294]
2019-09-22T18:35:19+07:00 [10019] DEBUG default - [User=Peerapol Pornsetmetakul (Peerapol.p_s18@vistec.ac.th)] applies 1 allowed 1, ids 23,26,22,29,21 requested 21 [File=/var/www/html/booking/lib/Application/Attributes/AttributeService.php,Line=294]
2019-09-22T19:57:49+07:00 [28111] DEBUG default - [User=Admin A. (meshaya.p@vistec.ac.th)] applies 0 allowed 1, ids 2 requested 7 [File=/var/www/html/booking/lib/Application/Attributes/AttributeService.php,Line=294]
2019-09-22T19:57:49+07:00 [28111] DEBUG default - [User=Admin A. (meshaya.p@vistec.ac.th)] applies 0 allowed 1, ids 17 requested 7 [File=/var/www/html/booking/lib/Application/Attributes/AttributeService.php,Line=294]
2019-09-22T19:57:49+07:00 [28111] DEBUG default - [User=Admin A. (meshaya.p@vistec.ac.th)] applies 0 allowed 0, ids 25 requested 7 [File=/var/www/html/booking/lib/Application/Attributes/AttributeService.php,Line=294]
2019-09-22T19:57:49+07:00 [28111] DEBUG default - [User=Admin A. (meshaya.p@vistec.ac.th)] applies 0 allowed 1, ids 16 requested 7 [File=/var/www/html/booking/lib/Application/Attributes/AttributeService.php,Line=294]
2019-09-22T19:57:49+07:00 [28111] DEBUG default - [User=Admin A. (meshaya.p@vistec.ac.th)] applies 0 allowed 0, ids 25 requested 7 [File=/var/www/html/booking/lib/Application/Attributes/AttributeService.php,Line=294]
2019-09-22T19:57:49+07:00 [28111] DEBUG default - [User=Admin A. (meshaya.p@vistec.ac.th)] applies 0 allowed 1, ids 26 requested 7 [File=/var/www/html/booking/lib/Application/Attributes/AttributeService.php,Line=294]
2019-09-22T19:57:49+07:00 [28111] DEBUG default - [User=Admin A. (meshaya.p@vistec.ac.th)] applies 0 allowed 1, ids 29 requested 7 [File=/var/www/html/booking/lib/Application/Attributes/AttributeService.php,Line=294]
2019-09-22T19:57:49+07:00 [28111] DEBUG default - [User=Admin A. (meshaya.p@vistec.ac.th)] applies 0 allowed 1, ids 26 requested 7 [File=/var/www/html/booking/lib/Application/Attributes/AttributeService.php,Line=294]
2019-09-22T19:57:49+07:00 [28111] DEBUG default - [User=Admin A. (meshaya.p@vistec.ac.th)] applies 0 allowed 1, ids 2 requested 7 [File=/var/www/html/booking/lib/Application/Attributes/AttributeService.php,Line=294]
2019-09-22T19:57:49+07:00 [28111] DEBUG default - [User=Admin A. (meshaya.p@vistec.ac.th)] applies 0 allowed 1, ids 15 requested 7 [File=/var/www/html/booking/lib/Application/Attributes/AttributeService.php,Line=294]
2019-09-22T19:57:49+07:00 [28111] DEBUG default - [User=Admin A. (meshaya.p@vistec.ac.th)] applies 0 allowed 2, ids 18,27 requested 7 [File=/var/www/html/booking/lib/Application/Attributes/AttributeService.php,Line=294]
2019-09-22T19:57:49+07:00 [28111] DEBUG default - [User=Admin A. (meshaya.p@vistec.ac.th)] applies 0 allowed 1, ids 16 requested 7 [File=/var/www/html/booking/lib/Application/Attributes/AttributeService.php,Line=294]
2019-09-22T19:57:49+07:00 [28111] DEBUG default - [User=Admin A. (meshaya.p@vistec.ac.th)] applies 0 allowed 1, ids 18 requested 7 [File=/var/www/html/booking/lib/Application/Attributes/AttributeService.php,Line=294]
2019-09-22T19:57:49+07:00 [28111] DEBUG default - [User=Admin A. (meshaya.p@vistec.ac.th)] applies 0 allowed 1, ids 26 requested 7 [File=/var/www/html/booking/lib/Application/Attributes/AttributeService.php,Line=294]
2019-09-22T19:57:49+07:00 [28111] DEBUG default - [User=Admin A. (meshaya.p@vistec.ac.th)] applies 0 allowed 2, ids 18,2 requested 7 [File=/var/www/html/booking/lib/Application/Attributes/AttributeService.php,Line=294]
2019-09-22T19:57:49+07:00 [28111] DEBUG default - [User=Admin A. (meshaya.p@vistec.ac.th)] applies 0 allowed 1, ids 17 requested 7 [File=/var/www/html/booking/lib/Application/Attributes/AttributeService.php,Line=294]
2019-09-22T19:57:49+07:00 [28111] DEBUG default - [User=Admin A. (meshaya.p@vistec.ac.th)] applies 0 allowed 1, ids 17 requested 7 [File=/var/www/html/booking/lib/Application/Attributes/AttributeService.php,Line=294]
2019-09-22T19:57:49+07:00 [28111] DEBUG default - [User=Admin A. (meshaya.p@vistec.ac.th)] applies 0 allowed 1, ids 26 requested 7 [File=/var/www/html/booking/lib/Application/Attributes/AttributeService.php,Line=294]
2019-09-22T19:57:49+07:00 [28111] DEBUG default - [User=Admin A. (meshaya.p@vistec.ac.th)] applies 0 allowed 1, ids 2 requested 7 [File=/var/www/html/booking/lib/Application/Attributes/AttributeService.php,Line=294]
2019-09-22T19:57:49+07:00 [28111] DEBUG default - [User=Admin A. (meshaya.p@vistec.ac.th)] applies 0 allowed 1, ids 17 requested 7 [File=/var/www/html/booking/lib/Application/Attributes/AttributeService.php,Line=294]
2019-09-22T19:57:49+07:00 [28111] DEBUG default - [User=Admin A. (meshaya.p@vistec.ac.th)] applies 0 allowed 1, ids 16 requested 7 [File=/var/www/html/booking/lib/Application/Attributes/AttributeService.php,Line=294]
2019-09-22T19:57:49+07:00 [28111] DEBUG default - [User=Admin A. (meshaya.p@vistec.ac.th)] applies 0 allowed 4, ids 23,26,22,21 requested 7 [File=/var/www/html/booking/lib/Application/Attributes/AttributeService.php,Line=294]
2019-09-22T19:57:49+07:00 [28111] DEBUG default - [User=Admin A. (meshaya.p@vistec.ac.th)] applies 0 allowed 5, ids 23,26,22,29,21 requested 7 [File=/var/www/html/booking/lib/Application/Attributes/AttributeService.php,Line=294]
2019-09-22T19:57:57+07:00 [28114] DEBUG default - [User=Admin A. (meshaya.p@vistec.ac.th)] ReservationRepository::LoadByReferenceNumber() - ReferenceNumber: 5d82f832a1a48378779634 [File=/var/www/html/booking/Domain/Access/ReservationRepository.php,Line=34]
2019-09-22T19:57:57+07:00 [28114] DEBUG default - [User=Admin A. (meshaya.p@vistec.ac.th)] Removing series 4686 [File=/var/www/html/booking/Domain/ExistingReservationSeries.php,Line=356]
2019-09-22T19:57:57+07:00 [28114] DEBUG default - [User=Admin A. (meshaya.p@vistec.ac.th)] Deleting reservation 5d82f832a1a48378779634 [File=/var/www/html/booking/Presenters/Reservation/ReservationDeletePresenter.php,Line=89]
2019-09-22T19:57:57+07:00 [28114] DEBUG default - [User=Admin A. (meshaya.p@vistec.ac.th)] submitted retry params NULL [File=/var/www/html/booking/lib/Application/Reservation/ReservationHandler.php,Line=103]
2019-09-22T19:57:57+07:00 [28114] DEBUG default - [User=Admin A. (meshaya.p@vistec.ac.th)] week_month_start 39 [File=/var/www/html/booking/lib/Application/Reservation/ReservationHandler.php,Line=365]
2019-09-22T19:57:57+07:00 [28114] DEBUG default - [User=Admin A. (meshaya.p@vistec.ac.th)] week_month_current 38 [File=/var/www/html/booking/lib/Application/Reservation/ReservationHandler.php,Line=366]
2019-09-22T19:57:57+07:00 [28114] DEBUG default - [User=Admin A. (meshaya.p@vistec.ac.th)] Tool Mode is  [File=/var/www/html/booking/lib/Application/Reservation/ReservationHandler.php,Line=747]
2019-09-22T19:57:57+07:00 [28114] DEBUG default - [User=Admin A. (meshaya.p@vistec.ac.th)] Validating rule ReservationDateTimeRule. Passed?: 1 [File=/var/www/html/booking/lib/Application/Reservation/Validation/ReservationValidationRuleProcessor.php,Line=35]
2019-09-22T19:57:57+07:00 [28114] DEBUG default - [User=Admin A. (meshaya.p@vistec.ac.th)] Validating rule ReservationBasicInfoRule. Passed?: 1 [File=/var/www/html/booking/lib/Application/Reservation/Validation/ReservationValidationRuleProcessor.php,Line=35]
2019-09-22T19:57:57+07:00 [28114] DEBUG default - [User=Admin A. (meshaya.p@vistec.ac.th)] User is application admin. Skipping check. UserId=545 [File=/var/www/html/booking/lib/Application/Reservation/Validation/AdminExcludedRule.php,Line=45]
2019-09-22T19:57:57+07:00 [28114] DEBUG default - [User=Admin A. (meshaya.p@vistec.ac.th)] Validating rule AdminExcludedRule. Passed?: 1 [File=/var/www/html/booking/lib/Application/Reservation/Validation/ReservationValidationRuleProcessor.php,Line=35]
2019-09-22T19:57:57+07:00 [28114] DEBUG default - [User=Admin A. (meshaya.p@vistec.ac.th)] User is application admin. Skipping check. UserId=545 [File=/var/www/html/booking/lib/Application/Reservation/Validation/AdminExcludedRule.php,Line=45]
2019-09-22T19:57:57+07:00 [28114] DEBUG default - [User=Admin A. (meshaya.p@vistec.ac.th)] Validating rule AdminExcludedRule. Passed?: 1 [File=/var/www/html/booking/lib/Application/Reservation/Validation/ReservationValidationRuleProcessor.php,Line=35]
2019-09-22T19:57:57+07:00 [28114] DEBUG default - [User=Admin A. (meshaya.p@vistec.ac.th)] User is application admin. Skipping check. UserId=545 [File=/var/www/html/booking/lib/Application/Reservation/Validation/AdminExcludedRule.php,Line=45]
2019-09-22T19:57:57+07:00 [28114] DEBUG default - [User=Admin A. (meshaya.p@vistec.ac.th)] Validating rule AdminExcludedRule. Passed?: 1 [File=/var/www/html/booking/lib/Application/Reservation/Validation/ReservationValidationRuleProcessor.php,Line=35]
2019-09-22T19:57:57+07:00 [28114] DEBUG default - [User=Admin A. (meshaya.p@vistec.ac.th)] User is application admin. Skipping check. UserId=545 [File=/var/www/html/booking/lib/Application/Reservation/Validation/AdminExcludedRule.php,Line=45]
2019-09-22T19:57:57+07:00 [28114] DEBUG default - [User=Admin A. (meshaya.p@vistec.ac.th)] Validating rule AdminExcludedRule. Passed?: 1 [File=/var/www/html/booking/lib/Application/Reservation/Validation/ReservationValidationRuleProcessor.php,Line=35]
2019-09-22T19:57:57+07:00 [28114] DEBUG default - [User=Admin A. (meshaya.p@vistec.ac.th)] User is application admin. Skipping check. UserId=545 [File=/var/www/html/booking/lib/Application/Reservation/Validation/AdminExcludedRule.php,Line=45]
2019-09-22T19:57:57+07:00 [28114] DEBUG default - [User=Admin A. (meshaya.p@vistec.ac.th)] Validating rule AdminExcludedRule. Passed?: 1 [File=/var/www/html/booking/lib/Application/Reservation/Validation/ReservationValidationRuleProcessor.php,Line=35]
2019-09-22T19:57:57+07:00 [28114] DEBUG default - [User=Admin A. (meshaya.p@vistec.ac.th)] Validating rule ReservationAttachmentRule. Passed?: 1 [File=/var/www/html/booking/lib/Application/Reservation/Validation/ReservationValidationRuleProcessor.php,Line=35]
2019-09-22T19:57:57+07:00 [28114] DEBUG default - [User=Admin A. (meshaya.p@vistec.ac.th)] User is application admin. Skipping check. UserId=545 [File=/var/www/html/booking/lib/Application/Reservation/Validation/AdminExcludedRule.php,Line=45]
2019-09-22T19:57:57+07:00 [28114] DEBUG default - [User=Admin A. (meshaya.p@vistec.ac.th)] Validating rule AdminExcludedRule. Passed?: 1 [File=/var/www/html/booking/lib/Application/Reservation/Validation/ReservationValidationRuleProcessor.php,Line=35]
2019-09-22T19:57:57+07:00 [28114] DEBUG default - [User=Admin A. (meshaya.p@vistec.ac.th)] Calling notify on OwnerEmailDeletedNotification for reservation 5d82f832a1a48378779634 [File=/var/www/html/booking/lib/Application/Reservation/Notification/IReservationNotificationService.php,Line=53]
2019-09-22T19:57:57+07:00 [28114] DEBUG default - [User=Admin A. (meshaya.p@vistec.ac.th)] Owner does not want these types of email notifications. Email=meshaya.p@vistec.ac.th, ReferenceNumber=5d82f832a1a48378779634 [File=/var/www/html/booking/lib/Application/Reservation/Notification/OwnerEmailNotification.php,Line=60]
2019-09-22T19:57:57+07:00 [28114] DEBUG default - [User=Admin A. (meshaya.p@vistec.ac.th)] Calling notify on ParticipantDeletedEmailNotification for reservation 5d82f832a1a48378779634 [File=/var/www/html/booking/lib/Application/Reservation/Notification/IReservationNotificationService.php,Line=53]
2019-09-22T19:57:57+07:00 [28114] DEBUG default - [User=Admin A. (meshaya.p@vistec.ac.th)] Calling notify on AdminEmailDeletedNotification for reservation 5d82f832a1a48378779634 [File=/var/www/html/booking/lib/Application/Reservation/Notification/IReservationNotificationService.php,Line=53]
2019-09-22T19:57:57+07:00 [28114] DEBUG default - [User=Admin A. (meshaya.p@vistec.ac.th)] Calling notify on GuestDeletedEmailNotification for reservation 5d82f832a1a48378779634 [File=/var/www/html/booking/lib/Application/Reservation/Notification/IReservationNotificationService.php,Line=53]
2019-09-22T21:51:21+07:00 [28114] DEBUG default - [User=Thitapond Nulek (1630411@vistec.ac.th)] applies 0 allowed 1, ids 2 requested 23 [File=/var/www/html/booking/lib/Application/Attributes/AttributeService.php,Line=294]
2019-09-22T21:51:21+07:00 [28114] DEBUG default - [User=Thitapond Nulek (1630411@vistec.ac.th)] applies 0 allowed 0, ids 17 requested 23 [File=/var/www/html/booking/lib/Application/Attributes/AttributeService.php,Line=294]
2019-09-22T21:51:21+07:00 [28114] DEBUG default - [User=Thitapond Nulek (1630411@vistec.ac.th)] applies 0 allowed 0, ids 25 requested 23 [File=/var/www/html/booking/lib/Application/Attributes/AttributeService.php,Line=294]
2019-09-22T21:51:21+07:00 [28114] DEBUG default - [User=Thitapond Nulek (1630411@vistec.ac.th)] applies 0 allowed 0, ids 16 requested 23 [File=/var/www/html/booking/lib/Application/Attributes/AttributeService.php,Line=294]
2019-09-22T21:51:21+07:00 [28114] DEBUG default - [User=Thitapond Nulek (1630411@vistec.ac.th)] applies 0 allowed 0, ids 25 requested 23 [File=/var/www/html/booking/lib/Application/Attributes/AttributeService.php,Line=294]
2019-09-22T21:51:21+07:00 [28114] DEBUG default - [User=Thitapond Nulek (1630411@vistec.ac.th)] applies 0 allowed 0, ids 26 requested 23 [File=/var/www/html/booking/lib/Application/Attributes/AttributeService.php,Line=294]
2019-09-22T21:51:21+07:00 [28114] DEBUG default - [User=Thitapond Nulek (1630411@vistec.ac.th)] applies 0 allowed 0, ids 29 requested 23 [File=/var/www/html/booking/lib/Application/Attributes/AttributeService.php,Line=294]
2019-09-22T21:51:21+07:00 [28114] DEBUG default - [User=Thitapond Nulek (1630411@vistec.ac.th)] applies 0 allowed 0, ids 26 requested 23 [File=/var/www/html/booking/lib/Application/Attributes/AttributeService.php,Line=294]
2019-09-22T21:51:21+07:00 [28114] DEBUG default - [User=Thitapond Nulek (1630411@vistec.ac.th)] applies 0 allowed 1, ids 2 requested 23 [File=/var/www/html/booking/lib/Application/Attributes/AttributeService.php,Line=294]
2019-09-22T21:51:21+07:00 [28114] DEBUG default - [User=Thitapond Nulek (1630411@vistec.ac.th)] applies 0 allowed 0, ids 15 requested 23 [File=/var/www/html/booking/lib/Application/Attributes/AttributeService.php,Line=294]
2019-09-22T21:51:21+07:00 [28114] DEBUG default - [User=Thitapond Nulek (1630411@vistec.ac.th)] applies 0 allowed 0, ids 18,27 requested 23 [File=/var/www/html/booking/lib/Application/Attributes/AttributeService.php,Line=294]
2019-09-22T21:51:21+07:00 [28114] DEBUG default - [User=Thitapond Nulek (1630411@vistec.ac.th)] applies 0 allowed 0, ids 16 requested 23 [File=/var/www/html/booking/lib/Application/Attributes/AttributeService.php,Line=294]
2019-09-22T21:51:21+07:00 [28114] DEBUG default - [User=Thitapond Nulek (1630411@vistec.ac.th)] applies 0 allowed 0, ids 18 requested 23 [File=/var/www/html/booking/lib/Application/Attributes/AttributeService.php,Line=294]
2019-09-22T21:51:21+07:00 [28114] DEBUG default - [User=Thitapond Nulek (1630411@vistec.ac.th)] applies 0 allowed 0, ids 26 requested 23 [File=/var/www/html/booking/lib/Application/Attributes/AttributeService.php,Line=294]
2019-09-22T21:51:21+07:00 [28114] DEBUG default - [User=Thitapond Nulek (1630411@vistec.ac.th)] applies 0 allowed 1, ids 18,2 requested 23 [File=/var/www/html/booking/lib/Application/Attributes/AttributeService.php,Line=294]
2019-09-22T21:51:21+07:00 [28114] DEBUG default - [User=Thitapond Nulek (1630411@vistec.ac.th)] applies 0 allowed 0, ids 17 requested 23 [File=/var/www/html/booking/lib/Application/Attributes/AttributeService.php,Line=294]
2019-09-22T21:51:21+07:00 [28114] DEBUG default - [User=Thitapond Nulek (1630411@vistec.ac.th)] applies 0 allowed 0, ids 17 requested 23 [File=/var/www/html/booking/lib/Application/Attributes/AttributeService.php,Line=294]
2019-09-22T21:51:21+07:00 [28114] DEBUG default - [User=Thitapond Nulek (1630411@vistec.ac.th)] applies 0 allowed 0, ids 26 requested 23 [File=/var/www/html/booking/lib/Application/Attributes/AttributeService.php,Line=294]
2019-09-22T21:51:21+07:00 [28114] DEBUG default - [User=Thitapond Nulek (1630411@vistec.ac.th)] applies 0 allowed 1, ids 2 requested 23 [File=/var/www/html/booking/lib/Application/Attributes/AttributeService.php,Line=294]
2019-09-22T21:51:21+07:00 [28114] DEBUG default - [User=Thitapond Nulek (1630411@vistec.ac.th)] applies 0 allowed 0, ids 17 requested 23 [File=/var/www/html/booking/lib/Application/Attributes/AttributeService.php,Line=294]
2019-09-22T21:51:21+07:00 [28114] DEBUG default - [User=Thitapond Nulek (1630411@vistec.ac.th)] applies 0 allowed 0, ids 16 requested 23 [File=/var/www/html/booking/lib/Application/Attributes/AttributeService.php,Line=294]
2019-09-22T21:51:21+07:00 [28114] DEBUG default - [User=Thitapond Nulek (1630411@vistec.ac.th)] applies 1 allowed 1, ids 23,26,22,21 requested 23 [File=/var/www/html/booking/lib/Application/Attributes/AttributeService.php,Line=294]
2019-09-22T21:51:21+07:00 [28114] DEBUG default - [User=Thitapond Nulek (1630411@vistec.ac.th)] applies 1 allowed 1, ids 23,26,22,29,21 requested 23 [File=/var/www/html/booking/lib/Application/Attributes/AttributeService.php,Line=294]
2019-09-22T21:51:34+07:00 [28114] DEBUG default - [User=Thitapond Nulek (1630411@vistec.ac.th)] applies 0 allowed 1, ids 2 requested  [File=/var/www/html/booking/lib/Application/Attributes/AttributeService.php,Line=294]
2019-09-22T21:51:34+07:00 [28114] DEBUG default - [User=Thitapond Nulek (1630411@vistec.ac.th)] applies 0 allowed 0, ids 17 requested  [File=/var/www/html/booking/lib/Application/Attributes/AttributeService.php,Line=294]
2019-09-22T21:51:34+07:00 [28114] DEBUG default - [User=Thitapond Nulek (1630411@vistec.ac.th)] applies 0 allowed 0, ids 25 requested  [File=/var/www/html/booking/lib/Application/Attributes/AttributeService.php,Line=294]
2019-09-22T21:51:34+07:00 [28114] DEBUG default - [User=Thitapond Nulek (1630411@vistec.ac.th)] applies 0 allowed 0, ids 16 requested  [File=/var/www/html/booking/lib/Application/Attributes/AttributeService.php,Line=294]
2019-09-22T21:51:34+07:00 [28114] DEBUG default - [User=Thitapond Nulek (1630411@vistec.ac.th)] applies 0 allowed 0, ids 25 requested  [File=/var/www/html/booking/lib/Application/Attributes/AttributeService.php,Line=294]
2019-09-22T21:51:34+07:00 [28114] DEBUG default - [User=Thitapond Nulek (1630411@vistec.ac.th)] applies 0 allowed 0, ids 26 requested  [File=/var/www/html/booking/lib/Application/Attributes/AttributeService.php,Line=294]
2019-09-22T21:51:34+07:00 [28114] DEBUG default - [User=Thitapond Nulek (1630411@vistec.ac.th)] applies 0 allowed 0, ids 29 requested  [File=/var/www/html/booking/lib/Application/Attributes/AttributeService.php,Line=294]
2019-09-22T21:51:34+07:00 [28114] DEBUG default - [User=Thitapond Nulek (1630411@vistec.ac.th)] applies 0 allowed 0, ids 26 requested  [File=/var/www/html/booking/lib/Application/Attributes/AttributeService.php,Line=294]
2019-09-22T21:51:34+07:00 [28114] DEBUG default - [User=Thitapond Nulek (1630411@vistec.ac.th)] applies 0 allowed 1, ids 2 requested  [File=/var/www/html/booking/lib/Application/Attributes/AttributeService.php,Line=294]
2019-09-22T21:51:34+07:00 [28114] DEBUG default - [User=Thitapond Nulek (1630411@vistec.ac.th)] applies 0 allowed 0, ids 15 requested  [File=/var/www/html/booking/lib/Application/Attributes/AttributeService.php,Line=294]
2019-09-22T21:51:34+07:00 [28114] DEBUG default - [User=Thitapond Nulek (1630411@vistec.ac.th)] applies 0 allowed 0, ids 18,27 requested  [File=/var/www/html/booking/lib/Application/Attributes/AttributeService.php,Line=294]
2019-09-22T21:51:34+07:00 [28114] DEBUG default - [User=Thitapond Nulek (1630411@vistec.ac.th)] applies 0 allowed 0, ids 16 requested  [File=/var/www/html/booking/lib/Application/Attributes/AttributeService.php,Line=294]
2019-09-22T21:51:34+07:00 [28114] DEBUG default - [User=Thitapond Nulek (1630411@vistec.ac.th)] applies 0 allowed 0, ids 18 requested  [File=/var/www/html/booking/lib/Application/Attributes/AttributeService.php,Line=294]
2019-09-22T21:51:34+07:00 [28114] DEBUG default - [User=Thitapond Nulek (1630411@vistec.ac.th)] applies 0 allowed 0, ids 26 requested  [File=/var/www/html/booking/lib/Application/Attributes/AttributeService.php,Line=294]
2019-09-22T21:51:34+07:00 [28114] DEBUG default - [User=Thitapond Nulek (1630411@vistec.ac.th)] applies 0 allowed 1, ids 18,2 requested  [File=/var/www/html/booking/lib/Application/Attributes/AttributeService.php,Line=294]
2019-09-22T21:51:34+07:00 [28114] DEBUG default - [User=Thitapond Nulek (1630411@vistec.ac.th)] applies 0 allowed 0, ids 17 requested  [File=/var/www/html/booking/lib/Application/Attributes/AttributeService.php,Line=294]
2019-09-22T21:51:34+07:00 [28114] DEBUG default - [User=Thitapond Nulek (1630411@vistec.ac.th)] applies 0 allowed 0, ids 17 requested  [File=/var/www/html/booking/lib/Application/Attributes/AttributeService.php,Line=294]
2019-09-22T21:51:34+07:00 [28114] DEBUG default - [User=Thitapond Nulek (1630411@vistec.ac.th)] applies 0 allowed 0, ids 26 requested  [File=/var/www/html/booking/lib/Application/Attributes/AttributeService.php,Line=294]
2019-09-22T21:51:34+07:00 [28114] DEBUG default - [User=Thitapond Nulek (1630411@vistec.ac.th)] applies 0 allowed 1, ids 2 requested  [File=/var/www/html/booking/lib/Application/Attributes/AttributeService.php,Line=294]
2019-09-22T21:51:34+07:00 [28114] DEBUG default - [User=Thitapond Nulek (1630411@vistec.ac.th)] applies 0 allowed 0, ids 17 requested  [File=/var/www/html/booking/lib/Application/Attributes/AttributeService.php,Line=294]
2019-09-22T21:51:34+07:00 [28114] DEBUG default - [User=Thitapond Nulek (1630411@vistec.ac.th)] applies 0 allowed 0, ids 16 requested  [File=/var/www/html/booking/lib/Application/Attributes/AttributeService.php,Line=294]
2019-09-22T21:51:34+07:00 [28114] DEBUG default - [User=Thitapond Nulek (1630411@vistec.ac.th)] applies 0 allowed 1, ids 23,26,22,21 requested  [File=/var/www/html/booking/lib/Application/Attributes/AttributeService.php,Line=294]
2019-09-22T21:51:34+07:00 [28114] DEBUG default - [User=Thitapond Nulek (1630411@vistec.ac.th)] applies 0 allowed 1, ids 23,26,22,29,21 requested  [File=/var/www/html/booking/lib/Application/Attributes/AttributeService.php,Line=294]
2019-09-22T21:51:38+07:00 [28111] DEBUG default - [User=Thitapond Nulek (1630411@vistec.ac.th)] applies 0 allowed 1, ids 2 requested  [File=/var/www/html/booking/lib/Application/Attributes/AttributeService.php,Line=294]
2019-09-22T21:51:38+07:00 [28111] DEBUG default - [User=Thitapond Nulek (1630411@vistec.ac.th)] applies 0 allowed 0, ids 17 requested  [File=/var/www/html/booking/lib/Application/Attributes/AttributeService.php,Line=294]
2019-09-22T21:51:38+07:00 [28111] DEBUG default - [User=Thitapond Nulek (1630411@vistec.ac.th)] applies 0 allowed 0, ids 25 requested  [File=/var/www/html/booking/lib/Application/Attributes/AttributeService.php,Line=294]
2019-09-22T21:51:38+07:00 [28111] DEBUG default - [User=Thitapond Nulek (1630411@vistec.ac.th)] applies 0 allowed 0, ids 16 requested  [File=/var/www/html/booking/lib/Application/Attributes/AttributeService.php,Line=294]
2019-09-22T21:51:38+07:00 [28111] DEBUG default - [User=Thitapond Nulek (1630411@vistec.ac.th)] applies 0 allowed 0, ids 25 requested  [File=/var/www/html/booking/lib/Application/Attributes/AttributeService.php,Line=294]
2019-09-22T21:51:38+07:00 [28111] DEBUG default - [User=Thitapond Nulek (1630411@vistec.ac.th)] applies 0 allowed 0, ids 26 requested  [File=/var/www/html/booking/lib/Application/Attributes/AttributeService.php,Line=294]
2019-09-22T21:51:38+07:00 [28111] DEBUG default - [User=Thitapond Nulek (1630411@vistec.ac.th)] applies 0 allowed 0, ids 29 requested  [File=/var/www/html/booking/lib/Application/Attributes/AttributeService.php,Line=294]
2019-09-22T21:51:38+07:00 [28111] DEBUG default - [User=Thitapond Nulek (1630411@vistec.ac.th)] applies 0 allowed 0, ids 26 requested  [File=/var/www/html/booking/lib/Application/Attributes/AttributeService.php,Line=294]
2019-09-22T21:51:38+07:00 [28111] DEBUG default - [User=Thitapond Nulek (1630411@vistec.ac.th)] applies 0 allowed 1, ids 2 requested  [File=/var/www/html/booking/lib/Application/Attributes/AttributeService.php,Line=294]
2019-09-22T21:51:38+07:00 [28111] DEBUG default - [User=Thitapond Nulek (1630411@vistec.ac.th)] applies 0 allowed 0, ids 15 requested  [File=/var/www/html/booking/lib/Application/Attributes/AttributeService.php,Line=294]
2019-09-22T21:51:38+07:00 [28111] DEBUG default - [User=Thitapond Nulek (1630411@vistec.ac.th)] applies 0 allowed 0, ids 18,27 requested  [File=/var/www/html/booking/lib/Application/Attributes/AttributeService.php,Line=294]
2019-09-22T21:51:38+07:00 [28111] DEBUG default - [User=Thitapond Nulek (1630411@vistec.ac.th)] applies 0 allowed 0, ids 16 requested  [File=/var/www/html/booking/lib/Application/Attributes/AttributeService.php,Line=294]
2019-09-22T21:51:38+07:00 [28111] DEBUG default - [User=Thitapond Nulek (1630411@vistec.ac.th)] applies 0 allowed 0, ids 18 requested  [File=/var/www/html/booking/lib/Application/Attributes/AttributeService.php,Line=294]
2019-09-22T21:51:38+07:00 [28111] DEBUG default - [User=Thitapond Nulek (1630411@vistec.ac.th)] applies 0 allowed 0, ids 26 requested  [File=/var/www/html/booking/lib/Application/Attributes/AttributeService.php,Line=294]
2019-09-22T21:51:38+07:00 [28111] DEBUG default - [User=Thitapond Nulek (1630411@vistec.ac.th)] applies 0 allowed 1, ids 18,2 requested  [File=/var/www/html/booking/lib/Application/Attributes/AttributeService.php,Line=294]
2019-09-22T21:51:38+07:00 [28111] DEBUG default - [User=Thitapond Nulek (1630411@vistec.ac.th)] applies 0 allowed 0, ids 17 requested  [File=/var/www/html/booking/lib/Application/Attributes/AttributeService.php,Line=294]
2019-09-22T21:51:38+07:00 [28111] DEBUG default - [User=Thitapond Nulek (1630411@vistec.ac.th)] applies 0 allowed 0, ids 17 requested  [File=/var/www/html/booking/lib/Application/Attributes/AttributeService.php,Line=294]
2019-09-22T21:51:38+07:00 [28111] DEBUG default - [User=Thitapond Nulek (1630411@vistec.ac.th)] applies 0 allowed 0, ids 26 requested  [File=/var/www/html/booking/lib/Application/Attributes/AttributeService.php,Line=294]
2019-09-22T21:51:38+07:00 [28111] DEBUG default - [User=Thitapond Nulek (1630411@vistec.ac.th)] applies 0 allowed 1, ids 2 requested  [File=/var/www/html/booking/lib/Application/Attributes/AttributeService.php,Line=294]
2019-09-22T21:51:38+07:00 [28111] DEBUG default - [User=Thitapond Nulek (1630411@vistec.ac.th)] applies 0 allowed 0, ids 17 requested  [File=/var/www/html/booking/lib/Application/Attributes/AttributeService.php,Line=294]
2019-09-22T21:51:38+07:00 [28111] DEBUG default - [User=Thitapond Nulek (1630411@vistec.ac.th)] applies 0 allowed 0, ids 16 requested  [File=/var/www/html/booking/lib/Application/Attributes/AttributeService.php,Line=294]
2019-09-22T21:51:38+07:00 [28111] DEBUG default - [User=Thitapond Nulek (1630411@vistec.ac.th)] applies 0 allowed 1, ids 23,26,22,21 requested  [File=/var/www/html/booking/lib/Application/Attributes/AttributeService.php,Line=294]
2019-09-22T21:51:38+07:00 [28111] DEBUG default - [User=Thitapond Nulek (1630411@vistec.ac.th)] applies 0 allowed 1, ids 23,26,22,29,21 requested  [File=/var/www/html/booking/lib/Application/Attributes/AttributeService.php,Line=294]
2019-09-22T21:51:38+07:00 [28114] DEBUG default - [User=Thitapond Nulek (1630411@vistec.ac.th)] applies 0 allowed 1, ids 2 requested 23 [File=/var/www/html/booking/lib/Application/Attributes/AttributeService.php,Line=294]
2019-09-22T21:51:38+07:00 [28114] DEBUG default - [User=Thitapond Nulek (1630411@vistec.ac.th)] applies 0 allowed 0, ids 17 requested 23 [File=/var/www/html/booking/lib/Application/Attributes/AttributeService.php,Line=294]
2019-09-22T21:51:38+07:00 [28114] DEBUG default - [User=Thitapond Nulek (1630411@vistec.ac.th)] applies 0 allowed 0, ids 25 requested 23 [File=/var/www/html/booking/lib/Application/Attributes/AttributeService.php,Line=294]
2019-09-22T21:51:38+07:00 [28114] DEBUG default - [User=Thitapond Nulek (1630411@vistec.ac.th)] applies 0 allowed 0, ids 16 requested 23 [File=/var/www/html/booking/lib/Application/Attributes/AttributeService.php,Line=294]
2019-09-22T21:51:38+07:00 [28114] DEBUG default - [User=Thitapond Nulek (1630411@vistec.ac.th)] applies 0 allowed 0, ids 25 requested 23 [File=/var/www/html/booking/lib/Application/Attributes/AttributeService.php,Line=294]
2019-09-22T21:51:38+07:00 [28114] DEBUG default - [User=Thitapond Nulek (1630411@vistec.ac.th)] applies 0 allowed 0, ids 26 requested 23 [File=/var/www/html/booking/lib/Application/Attributes/AttributeService.php,Line=294]
2019-09-22T21:51:38+07:00 [28114] DEBUG default - [User=Thitapond Nulek (1630411@vistec.ac.th)] applies 0 allowed 0, ids 29 requested 23 [File=/var/www/html/booking/lib/Application/Attributes/AttributeService.php,Line=294]
2019-09-22T21:51:38+07:00 [28114] DEBUG default - [User=Thitapond Nulek (1630411@vistec.ac.th)] applies 0 allowed 0, ids 26 requested 23 [File=/var/www/html/booking/lib/Application/Attributes/AttributeService.php,Line=294]
2019-09-22T21:51:38+07:00 [28114] DEBUG default - [User=Thitapond Nulek (1630411@vistec.ac.th)] applies 0 allowed 1, ids 2 requested 23 [File=/var/www/html/booking/lib/Application/Attributes/AttributeService.php,Line=294]
2019-09-22T21:51:38+07:00 [28114] DEBUG default - [User=Thitapond Nulek (1630411@vistec.ac.th)] applies 0 allowed 0, ids 15 requested 23 [File=/var/www/html/booking/lib/Application/Attributes/AttributeService.php,Line=294]
2019-09-22T21:51:38+07:00 [28114] DEBUG default - [User=Thitapond Nulek (1630411@vistec.ac.th)] applies 0 allowed 0, ids 18,27 requested 23 [File=/var/www/html/booking/lib/Application/Attributes/AttributeService.php,Line=294]
2019-09-22T21:51:38+07:00 [28114] DEBUG default - [User=Thitapond Nulek (1630411@vistec.ac.th)] applies 0 allowed 0, ids 16 requested 23 [File=/var/www/html/booking/lib/Application/Attributes/AttributeService.php,Line=294]
2019-09-22T21:51:38+07:00 [28114] DEBUG default - [User=Thitapond Nulek (1630411@vistec.ac.th)] applies 0 allowed 0, ids 18 requested 23 [File=/var/www/html/booking/lib/Application/Attributes/AttributeService.php,Line=294]
2019-09-22T21:51:38+07:00 [28114] DEBUG default - [User=Thitapond Nulek (1630411@vistec.ac.th)] applies 0 allowed 0, ids 26 requested 23 [File=/var/www/html/booking/lib/Application/Attributes/AttributeService.php,Line=294]
2019-09-22T21:51:38+07:00 [28114] DEBUG default - [User=Thitapond Nulek (1630411@vistec.ac.th)] applies 0 allowed 1, ids 18,2 requested 23 [File=/var/www/html/booking/lib/Application/Attributes/AttributeService.php,Line=294]
2019-09-22T21:51:38+07:00 [28114] DEBUG default - [User=Thitapond Nulek (1630411@vistec.ac.th)] applies 0 allowed 0, ids 17 requested 23 [File=/var/www/html/booking/lib/Application/Attributes/AttributeService.php,Line=294]
2019-09-22T21:51:38+07:00 [28114] DEBUG default - [User=Thitapond Nulek (1630411@vistec.ac.th)] applies 0 allowed 0, ids 17 requested 23 [File=/var/www/html/booking/lib/Application/Attributes/AttributeService.php,Line=294]
2019-09-22T21:51:38+07:00 [28114] DEBUG default - [User=Thitapond Nulek (1630411@vistec.ac.th)] applies 0 allowed 0, ids 26 requested 23 [File=/var/www/html/booking/lib/Application/Attributes/AttributeService.php,Line=294]
2019-09-22T21:51:38+07:00 [28114] DEBUG default - [User=Thitapond Nulek (1630411@vistec.ac.th)] applies 0 allowed 1, ids 2 requested 23 [File=/var/www/html/booking/lib/Application/Attributes/AttributeService.php,Line=294]
2019-09-22T21:51:38+07:00 [28114] DEBUG default - [User=Thitapond Nulek (1630411@vistec.ac.th)] applies 0 allowed 0, ids 17 requested 23 [File=/var/www/html/booking/lib/Application/Attributes/AttributeService.php,Line=294]
2019-09-22T21:51:38+07:00 [28114] DEBUG default - [User=Thitapond Nulek (1630411@vistec.ac.th)] applies 0 allowed 0, ids 16 requested 23 [File=/var/www/html/booking/lib/Application/Attributes/AttributeService.php,Line=294]
2019-09-22T21:51:38+07:00 [28114] DEBUG default - [User=Thitapond Nulek (1630411@vistec.ac.th)] applies 1 allowed 1, ids 23,26,22,21 requested 23 [File=/var/www/html/booking/lib/Application/Attributes/AttributeService.php,Line=294]
2019-09-22T21:51:38+07:00 [28114] DEBUG default - [User=Thitapond Nulek (1630411@vistec.ac.th)] applies 1 allowed 1, ids 23,26,22,29,21 requested 23 [File=/var/www/html/booking/lib/Application/Attributes/AttributeService.php,Line=294]
2019-09-22T21:51:44+07:00 [10019] DEBUG default - [User=Thitapond Nulek (1630411@vistec.ac.th)] applies 0 allowed 1, ids 2 requested 23 [File=/var/www/html/booking/lib/Application/Attributes/AttributeService.php,Line=294]
2019-09-22T21:51:44+07:00 [10019] DEBUG default - [User=Thitapond Nulek (1630411@vistec.ac.th)] applies 0 allowed 0, ids 17 requested 23 [File=/var/www/html/booking/lib/Application/Attributes/AttributeService.php,Line=294]
2019-09-22T21:51:44+07:00 [10019] DEBUG default - [User=Thitapond Nulek (1630411@vistec.ac.th)] applies 0 allowed 0, ids 25 requested 23 [File=/var/www/html/booking/lib/Application/Attributes/AttributeService.php,Line=294]
2019-09-22T21:51:44+07:00 [10019] DEBUG default - [User=Thitapond Nulek (1630411@vistec.ac.th)] applies 0 allowed 0, ids 16 requested 23 [File=/var/www/html/booking/lib/Application/Attributes/AttributeService.php,Line=294]
2019-09-22T21:51:44+07:00 [10019] DEBUG default - [User=Thitapond Nulek (1630411@vistec.ac.th)] applies 0 allowed 0, ids 25 requested 23 [File=/var/www/html/booking/lib/Application/Attributes/AttributeService.php,Line=294]
2019-09-22T21:51:44+07:00 [10019] DEBUG default - [User=Thitapond Nulek (1630411@vistec.ac.th)] applies 0 allowed 0, ids 26 requested 23 [File=/var/www/html/booking/lib/Application/Attributes/AttributeService.php,Line=294]
2019-09-22T21:51:44+07:00 [10019] DEBUG default - [User=Thitapond Nulek (1630411@vistec.ac.th)] applies 0 allowed 0, ids 29 requested 23 [File=/var/www/html/booking/lib/Application/Attributes/AttributeService.php,Line=294]
2019-09-22T21:51:44+07:00 [10019] DEBUG default - [User=Thitapond Nulek (1630411@vistec.ac.th)] applies 0 allowed 0, ids 26 requested 23 [File=/var/www/html/booking/lib/Application/Attributes/AttributeService.php,Line=294]
2019-09-22T21:51:44+07:00 [10019] DEBUG default - [User=Thitapond Nulek (1630411@vistec.ac.th)] applies 0 allowed 1, ids 2 requested 23 [File=/var/www/html/booking/lib/Application/Attributes/AttributeService.php,Line=294]
2019-09-22T21:51:44+07:00 [10019] DEBUG default - [User=Thitapond Nulek (1630411@vistec.ac.th)] applies 0 allowed 0, ids 15 requested 23 [File=/var/www/html/booking/lib/Application/Attributes/AttributeService.php,Line=294]
2019-09-22T21:51:44+07:00 [10019] DEBUG default - [User=Thitapond Nulek (1630411@vistec.ac.th)] applies 0 allowed 0, ids 18,27 requested 23 [File=/var/www/html/booking/lib/Application/Attributes/AttributeService.php,Line=294]
2019-09-22T21:51:44+07:00 [10019] DEBUG default - [User=Thitapond Nulek (1630411@vistec.ac.th)] applies 0 allowed 0, ids 16 requested 23 [File=/var/www/html/booking/lib/Application/Attributes/AttributeService.php,Line=294]
2019-09-22T21:51:44+07:00 [10019] DEBUG default - [User=Thitapond Nulek (1630411@vistec.ac.th)] applies 0 allowed 0, ids 18 requested 23 [File=/var/www/html/booking/lib/Application/Attributes/AttributeService.php,Line=294]
2019-09-22T21:51:44+07:00 [10019] DEBUG default - [User=Thitapond Nulek (1630411@vistec.ac.th)] applies 0 allowed 0, ids 26 requested 23 [File=/var/www/html/booking/lib/Application/Attributes/AttributeService.php,Line=294]
2019-09-22T21:51:44+07:00 [10019] DEBUG default - [User=Thitapond Nulek (1630411@vistec.ac.th)] applies 0 allowed 1, ids 18,2 requested 23 [File=/var/www/html/booking/lib/Application/Attributes/AttributeService.php,Line=294]
2019-09-22T21:51:44+07:00 [10019] DEBUG default - [User=Thitapond Nulek (1630411@vistec.ac.th)] applies 0 allowed 0, ids 17 requested 23 [File=/var/www/html/booking/lib/Application/Attributes/AttributeService.php,Line=294]
2019-09-22T21:51:44+07:00 [10019] DEBUG default - [User=Thitapond Nulek (1630411@vistec.ac.th)] applies 0 allowed 0, ids 17 requested 23 [File=/var/www/html/booking/lib/Application/Attributes/AttributeService.php,Line=294]
2019-09-22T21:51:44+07:00 [10019] DEBUG default - [User=Thitapond Nulek (1630411@vistec.ac.th)] applies 0 allowed 0, ids 26 requested 23 [File=/var/www/html/booking/lib/Application/Attributes/AttributeService.php,Line=294]
2019-09-22T21:51:44+07:00 [10019] DEBUG default - [User=Thitapond Nulek (1630411@vistec.ac.th)] applies 0 allowed 1, ids 2 requested 23 [File=/var/www/html/booking/lib/Application/Attributes/AttributeService.php,Line=294]
2019-09-22T21:51:44+07:00 [10019] DEBUG default - [User=Thitapond Nulek (1630411@vistec.ac.th)] applies 0 allowed 0, ids 17 requested 23 [File=/var/www/html/booking/lib/Application/Attributes/AttributeService.php,Line=294]
2019-09-22T21:51:44+07:00 [10019] DEBUG default - [User=Thitapond Nulek (1630411@vistec.ac.th)] applies 0 allowed 0, ids 16 requested 23 [File=/var/www/html/booking/lib/Application/Attributes/AttributeService.php,Line=294]
2019-09-22T21:51:44+07:00 [10019] DEBUG default - [User=Thitapond Nulek (1630411@vistec.ac.th)] applies 1 allowed 1, ids 23,26,22,21 requested 23 [File=/var/www/html/booking/lib/Application/Attributes/AttributeService.php,Line=294]
2019-09-22T21:51:44+07:00 [10019] DEBUG default - [User=Thitapond Nulek (1630411@vistec.ac.th)] applies 1 allowed 1, ids 23,26,22,29,21 requested 23 [File=/var/www/html/booking/lib/Application/Attributes/AttributeService.php,Line=294]
