2019-03-07T15:52:53+07:00 [14515] DEBUG default - [User=Admin A. (Frc.booking@vistec.ac.th)] AutoComplete: 0 results found for search type: myUsers, term: ฟท [File=/var/www/html/booking/Pages/Ajax/AutoCompletePage.php,Line=42]
2019-03-07T15:52:55+07:00 [14516] DEBUG default - [User=Admin A. (Frc.booking@vistec.ac.th)] AutoComplete: 25 results found for search type: myUsers, term: am [File=/var/www/html/booking/Pages/Ajax/AutoCompletePage.php,Line=42]
2019-03-07T15:52:56+07:00 [14515] DEBUG default - [User=Admin A. (Frc.booking@vistec.ac.th)] AutoComplete: 1 results found for search type: myUsers, term: amr [File=/var/www/html/booking/Pages/Ajax/AutoCompletePage.php,Line=42]
2019-03-07T15:52:59+07:00 [14516] DEBUG default - [User=Admin A. (Frc.booking@vistec.ac.th)] AutoComplete: 163 results found for search type: myUsers, term: a [File=/var/www/html/booking/Pages/Ajax/AutoCompletePage.php,Line=42]
2019-03-07T15:54:19+07:00 [14515] DEBUG default - [User=Admin A. (Frc.booking@vistec.ac.th)] AutoComplete: 142 results found for search type: myUsers, term: n [File=/var/www/html/booking/Pages/Ajax/AutoCompletePage.php,Line=42]
2019-03-07T15:54:19+07:00 [14516] DEBUG default - [User=Admin A. (Frc.booking@vistec.ac.th)] AutoComplete: 0 results found for search type: myUsers, term: nm [File=/var/www/html/booking/Pages/Ajax/AutoCompletePage.php,Line=42]
2019-03-07T15:54:20+07:00 [14515] DEBUG default - [User=Admin A. (Frc.booking@vistec.ac.th)] AutoComplete: 142 results found for search type: myUsers, term: n [File=/var/www/html/booking/Pages/Ajax/AutoCompletePage.php,Line=42]
2019-03-07T15:54:21+07:00 [14516] DEBUG default - [User=Admin A. (Frc.booking@vistec.ac.th)] AutoComplete: 35 results found for search type: myUsers, term: na [File=/var/www/html/booking/Pages/Ajax/AutoCompletePage.php,Line=42]
2019-03-07T15:54:21+07:00 [14515] DEBUG default - [User=Admin A. (Frc.booking@vistec.ac.th)] AutoComplete: 3 results found for search type: myUsers, term: nam [File=/var/www/html/booking/Pages/Ajax/AutoCompletePage.php,Line=42]
2019-03-07T16:02:20+07:00 [14516] DEBUG default - [User=Admin A. (Frc.booking@vistec.ac.th)] AutoComplete: 98 results found for search type: user, term: p [File=/var/www/html/booking/Pages/Ajax/AutoCompletePage.php,Line=42]
2019-03-07T16:02:20+07:00 [14515] DEBUG default - [User=Admin A. (Frc.booking@vistec.ac.th)] AutoComplete: 38 results found for search type: user, term: pa [File=/var/www/html/booking/Pages/Ajax/AutoCompletePage.php,Line=42]
2019-03-07T16:02:22+07:00 [14516] DEBUG default - [User=Admin A. (Frc.booking@vistec.ac.th)] AutoComplete: 13 results found for search type: user, term: pan [File=/var/www/html/booking/Pages/Ajax/AutoCompletePage.php,Line=42]
2019-03-07T16:02:23+07:00 [14515] DEBUG default - [User=Admin A. (Frc.booking@vistec.ac.th)] AutoComplete: 1 results found for search type: user, term: pani [File=/var/www/html/booking/Pages/Ajax/AutoCompletePage.php,Line=42]
2019-03-07T16:02:23+07:00 [14516] DEBUG default - [User=Admin A. (Frc.booking@vistec.ac.th)] AutoComplete: 0 results found for search type: user, term: panida [File=/var/www/html/booking/Pages/Ajax/AutoCompletePage.php,Line=42]
2019-03-07T16:02:28+07:00 [14515] DEBUG default - [User=Admin A. (Frc.booking@vistec.ac.th)] AutoComplete: 13 results found for search type: user, term: pan [File=/var/www/html/booking/Pages/Ajax/AutoCompletePage.php,Line=42]
2019-03-07T16:02:28+07:00 [14516] DEBUG default - [User=Admin A. (Frc.booking@vistec.ac.th)] AutoComplete: 38 results found for search type: user, term: pa [File=/var/www/html/booking/Pages/Ajax/AutoCompletePage.php,Line=42]
2019-03-07T16:03:23+07:00 [14516] DEBUG default - [User=Admin A. (Frc.booking@vistec.ac.th)] AutoComplete: 98 results found for search type: user, term: p [File=/var/www/html/booking/Pages/Ajax/AutoCompletePage.php,Line=42]
2019-03-07T16:03:25+07:00 [14515] DEBUG default - [User=Admin A. (Frc.booking@vistec.ac.th)] AutoComplete: 38 results found for search type: user, term: pa [File=/var/www/html/booking/Pages/Ajax/AutoCompletePage.php,Line=42]
2019-03-07T16:03:26+07:00 [14516] DEBUG default - [User=Admin A. (Frc.booking@vistec.ac.th)] AutoComplete: 1 results found for search type: user, term: panni [File=/var/www/html/booking/Pages/Ajax/AutoCompletePage.php,Line=42]
2019-03-07T16:03:44+07:00 [14515] DEBUG default - [User=Admin A. (Frc.booking@vistec.ac.th)] AutoComplete: 1 results found for search type: user, term: Duangkamon [File=/var/www/html/booking/Pages/Ajax/AutoCompletePage.php,Line=42]
2019-03-07T16:03:59+07:00 [14516] DEBUG default - [User=Admin A. (Frc.booking@vistec.ac.th)] AutoComplete: 1 results found for search type: user, term: Kachaporn [File=/var/www/html/booking/Pages/Ajax/AutoCompletePage.php,Line=42]
2019-03-07T16:04:18+07:00 [14515] DEBUG default - [User=Admin A. (Frc.booking@vistec.ac.th)] AutoComplete: 1 results found for search type: user, term: Marisa [File=/var/www/html/booking/Pages/Ajax/AutoCompletePage.php,Line=42]
2019-03-07T16:04:49+07:00 [14516] DEBUG default - [User=Admin A. (Frc.booking@vistec.ac.th)] AutoComplete: 1 results found for search type: user, term: Nutthaphon [File=/var/www/html/booking/Pages/Ajax/AutoCompletePage.php,Line=42]
2019-03-07T16:05:06+07:00 [14515] DEBUG default - [User=Admin A. (Frc.booking@vistec.ac.th)] AutoComplete: 1 results found for search type: user, term: Poramane [File=/var/www/html/booking/Pages/Ajax/AutoCompletePage.php,Line=42]
2019-03-07T16:05:25+07:00 [14516] DEBUG default - [User=Admin A. (Frc.booking@vistec.ac.th)] AutoComplete: 1 results found for search type: user, term: Sangchai [File=/var/www/html/booking/Pages/Ajax/AutoCompletePage.php,Line=42]
2019-03-07T16:05:37+07:00 [14515] DEBUG default - [User=Admin A. (Frc.booking@vistec.ac.th)] AutoComplete: 1 results found for search type: user, term: Soracha [File=/var/www/html/booking/Pages/Ajax/AutoCompletePage.php,Line=42]
2019-03-07T16:06:16+07:00 [14516] DEBUG default - [User=Admin A. (Frc.booking@vistec.ac.th)] AutoComplete: 1 results found for search type: user, term: Salatan [File=/var/www/html/booking/Pages/Ajax/AutoCompletePage.php,Line=42]
2019-03-07T16:06:42+07:00 [14515] DEBUG default - [User=Admin A. (Frc.booking@vistec.ac.th)] AutoComplete: 1 results found for search type: user, term: Panyapat [File=/var/www/html/booking/Pages/Ajax/AutoCompletePage.php,Line=42]
2019-03-07T16:06:52+07:00 [14516] DEBUG default - [User=Admin A. (Frc.booking@vistec.ac.th)] AutoComplete: 1 results found for search type: user, term: Ladawan [File=/var/www/html/booking/Pages/Ajax/AutoCompletePage.php,Line=42]
2019-03-07T16:07:17+07:00 [14515] DEBUG default - [User=Admin A. (Frc.booking@vistec.ac.th)] AutoComplete: 1 results found for search type: user, term: Siwada [File=/var/www/html/booking/Pages/Ajax/AutoCompletePage.php,Line=42]
2019-03-07T16:08:01+07:00 [14516] DEBUG default - [User=Admin A. (Frc.booking@vistec.ac.th)] AutoComplete: 1 results found for search type: user, term: Rattanawadee [File=/var/www/html/booking/Pages/Ajax/AutoCompletePage.php,Line=42]
2019-03-07T16:08:28+07:00 [14515] DEBUG default - [User=Admin A. (Frc.booking@vistec.ac.th)] AutoComplete: 1 results found for search type: user, term: Taya [File=/var/www/html/booking/Pages/Ajax/AutoCompletePage.php,Line=42]
2019-03-07T16:09:23+07:00 [14516] DEBUG default - [User=Admin A. (Frc.booking@vistec.ac.th)] AutoComplete: 1 results found for search type: user, term: Thanyarat [File=/var/www/html/booking/Pages/Ajax/AutoCompletePage.php,Line=42]
2019-03-07T16:09:51+07:00 [14515] DEBUG default - [User=Admin A. (Frc.booking@vistec.ac.th)] AutoComplete: 1 results found for search type: user, term: Arjaree [File=/var/www/html/booking/Pages/Ajax/AutoCompletePage.php,Line=42]
2019-03-07T16:10:07+07:00 [14516] DEBUG default - [User=Admin A. (Frc.booking@vistec.ac.th)] AutoComplete: 1 results found for search type: user, term: Papada [File=/var/www/html/booking/Pages/Ajax/AutoCompletePage.php,Line=42]
2019-03-07T16:10:19+07:00 [14515] DEBUG default - [User=Admin A. (Frc.booking@vistec.ac.th)] AutoComplete: 1 results found for search type: user, term: Kusuma [File=/var/www/html/booking/Pages/Ajax/AutoCompletePage.php,Line=42]
2019-03-07T16:10:52+07:00 [14516] DEBUG default - [User=Admin A. (Frc.booking@vistec.ac.th)] AutoComplete: 1 results found for search type: user, term: Suttiruk [File=/var/www/html/booking/Pages/Ajax/AutoCompletePage.php,Line=42]
2019-03-07T16:11:15+07:00 [14515] DEBUG default - [User=Admin A. (Frc.booking@vistec.ac.th)] AutoComplete: 1 results found for search type: user, term: Silvano [File=/var/www/html/booking/Pages/Ajax/AutoCompletePage.php,Line=42]
2019-03-07T16:12:04+07:00 [14516] DEBUG default - [User=Admin A. (Frc.booking@vistec.ac.th)] AutoComplete: 1 results found for search type: user, term: Pimpisut [File=/var/www/html/booking/Pages/Ajax/AutoCompletePage.php,Line=42]
2019-03-07T16:12:24+07:00 [14515] DEBUG default - [User=Admin A. (Frc.booking@vistec.ac.th)] AutoComplete: 1 results found for search type: user, term: Ponart [File=/var/www/html/booking/Pages/Ajax/AutoCompletePage.php,Line=42]
2019-03-07T16:13:13+07:00 [14516] DEBUG default - [User=Admin A. (Frc.booking@vistec.ac.th)] AutoComplete: 1 results found for search type: user, term: Taweesak [File=/var/www/html/booking/Pages/Ajax/AutoCompletePage.php,Line=42]
2019-03-07T16:13:33+07:00 [14515] DEBUG default - [User=Admin A. (Frc.booking@vistec.ac.th)] AutoComplete: 1 results found for search type: user, term: Vetiga [File=/var/www/html/booking/Pages/Ajax/AutoCompletePage.php,Line=42]
