2019-10-27T12:11:39+07:00 [757] DEBUG default - [User=Kachaporn Saenluang (kachaporn.s_s16@vistec.ac.th)] applies 0 allowed 1, ids 2 requested  [File=/var/www/html/booking/lib/Application/Attributes/AttributeService.php,Line=294]
2019-10-27T12:11:39+07:00 [757] DEBUG default - [User=Kachaporn Saenluang (kachaporn.s_s16@vistec.ac.th)] applies 0 allowed 0, ids 17 requested  [File=/var/www/html/booking/lib/Application/Attributes/AttributeService.php,Line=294]
2019-10-27T12:11:39+07:00 [757] DEBUG default - [User=Kachaporn Saenluang (kachaporn.s_s16@vistec.ac.th)] applies 0 allowed 0, ids 25 requested  [File=/var/www/html/booking/lib/Application/Attributes/AttributeService.php,Line=294]
2019-10-27T12:11:39+07:00 [757] DEBUG default - [User=Kachaporn Saenluang (kachaporn.s_s16@vistec.ac.th)] applies 0 allowed 0, ids 16 requested  [File=/var/www/html/booking/lib/Application/Attributes/AttributeService.php,Line=294]
2019-10-27T12:11:39+07:00 [757] DEBUG default - [User=Kachaporn Saenluang (kachaporn.s_s16@vistec.ac.th)] applies 0 allowed 0, ids 25 requested  [File=/var/www/html/booking/lib/Application/Attributes/AttributeService.php,Line=294]
2019-10-27T12:11:39+07:00 [757] DEBUG default - [User=Kachaporn Saenluang (kachaporn.s_s16@vistec.ac.th)] applies 0 allowed 0, ids 26 requested  [File=/var/www/html/booking/lib/Application/Attributes/AttributeService.php,Line=294]
2019-10-27T12:11:39+07:00 [757] DEBUG default - [User=Kachaporn Saenluang (kachaporn.s_s16@vistec.ac.th)] applies 0 allowed 0, ids 29 requested  [File=/var/www/html/booking/lib/Application/Attributes/AttributeService.php,Line=294]
2019-10-27T12:11:39+07:00 [757] DEBUG default - [User=Kachaporn Saenluang (kachaporn.s_s16@vistec.ac.th)] applies 0 allowed 0, ids 26 requested  [File=/var/www/html/booking/lib/Application/Attributes/AttributeService.php,Line=294]
2019-10-27T12:11:39+07:00 [757] DEBUG default - [User=Kachaporn Saenluang (kachaporn.s_s16@vistec.ac.th)] applies 0 allowed 1, ids 2 requested  [File=/var/www/html/booking/lib/Application/Attributes/AttributeService.php,Line=294]
2019-10-27T12:11:39+07:00 [757] DEBUG default - [User=Kachaporn Saenluang (kachaporn.s_s16@vistec.ac.th)] applies 0 allowed 0, ids 15 requested  [File=/var/www/html/booking/lib/Application/Attributes/AttributeService.php,Line=294]
2019-10-27T12:11:39+07:00 [757] DEBUG default - [User=Kachaporn Saenluang (kachaporn.s_s16@vistec.ac.th)] applies 0 allowed 0, ids 18,27 requested  [File=/var/www/html/booking/lib/Application/Attributes/AttributeService.php,Line=294]
2019-10-27T12:11:39+07:00 [757] DEBUG default - [User=Kachaporn Saenluang (kachaporn.s_s16@vistec.ac.th)] applies 0 allowed 0, ids 16 requested  [File=/var/www/html/booking/lib/Application/Attributes/AttributeService.php,Line=294]
2019-10-27T12:11:39+07:00 [757] DEBUG default - [User=Kachaporn Saenluang (kachaporn.s_s16@vistec.ac.th)] applies 0 allowed 0, ids 18 requested  [File=/var/www/html/booking/lib/Application/Attributes/AttributeService.php,Line=294]
2019-10-27T12:11:39+07:00 [757] DEBUG default - [User=Kachaporn Saenluang (kachaporn.s_s16@vistec.ac.th)] applies 0 allowed 0, ids 26 requested  [File=/var/www/html/booking/lib/Application/Attributes/AttributeService.php,Line=294]
2019-10-27T12:11:39+07:00 [757] DEBUG default - [User=Kachaporn Saenluang (kachaporn.s_s16@vistec.ac.th)] applies 0 allowed 1, ids 18,2 requested  [File=/var/www/html/booking/lib/Application/Attributes/AttributeService.php,Line=294]
2019-10-27T12:11:39+07:00 [757] DEBUG default - [User=Kachaporn Saenluang (kachaporn.s_s16@vistec.ac.th)] applies 0 allowed 0, ids 17 requested  [File=/var/www/html/booking/lib/Application/Attributes/AttributeService.php,Line=294]
2019-10-27T12:11:39+07:00 [757] DEBUG default - [User=Kachaporn Saenluang (kachaporn.s_s16@vistec.ac.th)] applies 0 allowed 0, ids 17 requested  [File=/var/www/html/booking/lib/Application/Attributes/AttributeService.php,Line=294]
2019-10-27T12:11:39+07:00 [757] DEBUG default - [User=Kachaporn Saenluang (kachaporn.s_s16@vistec.ac.th)] applies 0 allowed 0, ids 26 requested  [File=/var/www/html/booking/lib/Application/Attributes/AttributeService.php,Line=294]
2019-10-27T12:11:39+07:00 [757] DEBUG default - [User=Kachaporn Saenluang (kachaporn.s_s16@vistec.ac.th)] applies 0 allowed 1, ids 2 requested  [File=/var/www/html/booking/lib/Application/Attributes/AttributeService.php,Line=294]
2019-10-27T12:11:39+07:00 [757] DEBUG default - [User=Kachaporn Saenluang (kachaporn.s_s16@vistec.ac.th)] applies 0 allowed 0, ids 17 requested  [File=/var/www/html/booking/lib/Application/Attributes/AttributeService.php,Line=294]
2019-10-27T12:11:39+07:00 [757] DEBUG default - [User=Kachaporn Saenluang (kachaporn.s_s16@vistec.ac.th)] applies 0 allowed 0, ids 16 requested  [File=/var/www/html/booking/lib/Application/Attributes/AttributeService.php,Line=294]
2019-10-27T12:11:39+07:00 [757] DEBUG default - [User=Kachaporn Saenluang (kachaporn.s_s16@vistec.ac.th)] applies 0 allowed 1, ids 23,26,22,21 requested  [File=/var/www/html/booking/lib/Application/Attributes/AttributeService.php,Line=294]
2019-10-27T12:11:39+07:00 [757] DEBUG default - [User=Kachaporn Saenluang (kachaporn.s_s16@vistec.ac.th)] applies 0 allowed 1, ids 23,26,22,29,21 requested  [File=/var/www/html/booking/lib/Application/Attributes/AttributeService.php,Line=294]
2019-10-27T12:11:50+07:00 [13609] DEBUG default - [User=Kachaporn Saenluang (kachaporn.s_s16@vistec.ac.th)] applies 0 allowed 1, ids 2 requested  [File=/var/www/html/booking/lib/Application/Attributes/AttributeService.php,Line=294]
2019-10-27T12:11:50+07:00 [13609] DEBUG default - [User=Kachaporn Saenluang (kachaporn.s_s16@vistec.ac.th)] applies 0 allowed 0, ids 17 requested  [File=/var/www/html/booking/lib/Application/Attributes/AttributeService.php,Line=294]
2019-10-27T12:11:50+07:00 [13609] DEBUG default - [User=Kachaporn Saenluang (kachaporn.s_s16@vistec.ac.th)] applies 0 allowed 0, ids 25 requested  [File=/var/www/html/booking/lib/Application/Attributes/AttributeService.php,Line=294]
2019-10-27T12:11:50+07:00 [13609] DEBUG default - [User=Kachaporn Saenluang (kachaporn.s_s16@vistec.ac.th)] applies 0 allowed 0, ids 16 requested  [File=/var/www/html/booking/lib/Application/Attributes/AttributeService.php,Line=294]
2019-10-27T12:11:50+07:00 [13609] DEBUG default - [User=Kachaporn Saenluang (kachaporn.s_s16@vistec.ac.th)] applies 0 allowed 0, ids 25 requested  [File=/var/www/html/booking/lib/Application/Attributes/AttributeService.php,Line=294]
2019-10-27T12:11:50+07:00 [13609] DEBUG default - [User=Kachaporn Saenluang (kachaporn.s_s16@vistec.ac.th)] applies 0 allowed 0, ids 26 requested  [File=/var/www/html/booking/lib/Application/Attributes/AttributeService.php,Line=294]
2019-10-27T12:11:50+07:00 [13609] DEBUG default - [User=Kachaporn Saenluang (kachaporn.s_s16@vistec.ac.th)] applies 0 allowed 0, ids 29 requested  [File=/var/www/html/booking/lib/Application/Attributes/AttributeService.php,Line=294]
2019-10-27T12:11:50+07:00 [13609] DEBUG default - [User=Kachaporn Saenluang (kachaporn.s_s16@vistec.ac.th)] applies 0 allowed 0, ids 26 requested  [File=/var/www/html/booking/lib/Application/Attributes/AttributeService.php,Line=294]
2019-10-27T12:11:50+07:00 [13609] DEBUG default - [User=Kachaporn Saenluang (kachaporn.s_s16@vistec.ac.th)] applies 0 allowed 1, ids 2 requested  [File=/var/www/html/booking/lib/Application/Attributes/AttributeService.php,Line=294]
2019-10-27T12:11:50+07:00 [13609] DEBUG default - [User=Kachaporn Saenluang (kachaporn.s_s16@vistec.ac.th)] applies 0 allowed 0, ids 15 requested  [File=/var/www/html/booking/lib/Application/Attributes/AttributeService.php,Line=294]
2019-10-27T12:11:50+07:00 [13609] DEBUG default - [User=Kachaporn Saenluang (kachaporn.s_s16@vistec.ac.th)] applies 0 allowed 0, ids 18,27 requested  [File=/var/www/html/booking/lib/Application/Attributes/AttributeService.php,Line=294]
2019-10-27T12:11:50+07:00 [13609] DEBUG default - [User=Kachaporn Saenluang (kachaporn.s_s16@vistec.ac.th)] applies 0 allowed 0, ids 16 requested  [File=/var/www/html/booking/lib/Application/Attributes/AttributeService.php,Line=294]
2019-10-27T12:11:50+07:00 [13609] DEBUG default - [User=Kachaporn Saenluang (kachaporn.s_s16@vistec.ac.th)] applies 0 allowed 0, ids 18 requested  [File=/var/www/html/booking/lib/Application/Attributes/AttributeService.php,Line=294]
2019-10-27T12:11:50+07:00 [13609] DEBUG default - [User=Kachaporn Saenluang (kachaporn.s_s16@vistec.ac.th)] applies 0 allowed 0, ids 26 requested  [File=/var/www/html/booking/lib/Application/Attributes/AttributeService.php,Line=294]
2019-10-27T12:11:50+07:00 [13609] DEBUG default - [User=Kachaporn Saenluang (kachaporn.s_s16@vistec.ac.th)] applies 0 allowed 1, ids 18,2 requested  [File=/var/www/html/booking/lib/Application/Attributes/AttributeService.php,Line=294]
2019-10-27T12:11:50+07:00 [13609] DEBUG default - [User=Kachaporn Saenluang (kachaporn.s_s16@vistec.ac.th)] applies 0 allowed 0, ids 17 requested  [File=/var/www/html/booking/lib/Application/Attributes/AttributeService.php,Line=294]
2019-10-27T12:11:50+07:00 [13609] DEBUG default - [User=Kachaporn Saenluang (kachaporn.s_s16@vistec.ac.th)] applies 0 allowed 0, ids 17 requested  [File=/var/www/html/booking/lib/Application/Attributes/AttributeService.php,Line=294]
2019-10-27T12:11:50+07:00 [13609] DEBUG default - [User=Kachaporn Saenluang (kachaporn.s_s16@vistec.ac.th)] applies 0 allowed 0, ids 26 requested  [File=/var/www/html/booking/lib/Application/Attributes/AttributeService.php,Line=294]
2019-10-27T12:11:50+07:00 [13609] DEBUG default - [User=Kachaporn Saenluang (kachaporn.s_s16@vistec.ac.th)] applies 0 allowed 1, ids 2 requested  [File=/var/www/html/booking/lib/Application/Attributes/AttributeService.php,Line=294]
2019-10-27T12:11:50+07:00 [13609] DEBUG default - [User=Kachaporn Saenluang (kachaporn.s_s16@vistec.ac.th)] applies 0 allowed 0, ids 17 requested  [File=/var/www/html/booking/lib/Application/Attributes/AttributeService.php,Line=294]
2019-10-27T12:11:50+07:00 [13609] DEBUG default - [User=Kachaporn Saenluang (kachaporn.s_s16@vistec.ac.th)] applies 0 allowed 0, ids 16 requested  [File=/var/www/html/booking/lib/Application/Attributes/AttributeService.php,Line=294]
2019-10-27T12:11:50+07:00 [13609] DEBUG default - [User=Kachaporn Saenluang (kachaporn.s_s16@vistec.ac.th)] applies 0 allowed 1, ids 23,26,22,21 requested  [File=/var/www/html/booking/lib/Application/Attributes/AttributeService.php,Line=294]
2019-10-27T12:11:50+07:00 [13609] DEBUG default - [User=Kachaporn Saenluang (kachaporn.s_s16@vistec.ac.th)] applies 0 allowed 1, ids 23,26,22,29,21 requested  [File=/var/www/html/booking/lib/Application/Attributes/AttributeService.php,Line=294]
2019-10-27T12:14:07+07:00 [757] DEBUG default - [User=Kachaporn Saenluang (kachaporn.s_s16@vistec.ac.th)] applies 0 allowed 1, ids 2 requested  [File=/var/www/html/booking/lib/Application/Attributes/AttributeService.php,Line=294]
2019-10-27T12:14:07+07:00 [757] DEBUG default - [User=Kachaporn Saenluang (kachaporn.s_s16@vistec.ac.th)] applies 0 allowed 0, ids 17 requested  [File=/var/www/html/booking/lib/Application/Attributes/AttributeService.php,Line=294]
2019-10-27T12:14:07+07:00 [757] DEBUG default - [User=Kachaporn Saenluang (kachaporn.s_s16@vistec.ac.th)] applies 0 allowed 0, ids 25 requested  [File=/var/www/html/booking/lib/Application/Attributes/AttributeService.php,Line=294]
2019-10-27T12:14:07+07:00 [757] DEBUG default - [User=Kachaporn Saenluang (kachaporn.s_s16@vistec.ac.th)] applies 0 allowed 0, ids 16 requested  [File=/var/www/html/booking/lib/Application/Attributes/AttributeService.php,Line=294]
2019-10-27T12:14:07+07:00 [757] DEBUG default - [User=Kachaporn Saenluang (kachaporn.s_s16@vistec.ac.th)] applies 0 allowed 0, ids 25 requested  [File=/var/www/html/booking/lib/Application/Attributes/AttributeService.php,Line=294]
2019-10-27T12:14:07+07:00 [757] DEBUG default - [User=Kachaporn Saenluang (kachaporn.s_s16@vistec.ac.th)] applies 0 allowed 0, ids 26 requested  [File=/var/www/html/booking/lib/Application/Attributes/AttributeService.php,Line=294]
2019-10-27T12:14:07+07:00 [757] DEBUG default - [User=Kachaporn Saenluang (kachaporn.s_s16@vistec.ac.th)] applies 0 allowed 0, ids 29 requested  [File=/var/www/html/booking/lib/Application/Attributes/AttributeService.php,Line=294]
2019-10-27T12:14:07+07:00 [757] DEBUG default - [User=Kachaporn Saenluang (kachaporn.s_s16@vistec.ac.th)] applies 0 allowed 0, ids 26 requested  [File=/var/www/html/booking/lib/Application/Attributes/AttributeService.php,Line=294]
2019-10-27T12:14:07+07:00 [757] DEBUG default - [User=Kachaporn Saenluang (kachaporn.s_s16@vistec.ac.th)] applies 0 allowed 1, ids 2 requested  [File=/var/www/html/booking/lib/Application/Attributes/AttributeService.php,Line=294]
2019-10-27T12:14:07+07:00 [757] DEBUG default - [User=Kachaporn Saenluang (kachaporn.s_s16@vistec.ac.th)] applies 0 allowed 0, ids 15 requested  [File=/var/www/html/booking/lib/Application/Attributes/AttributeService.php,Line=294]
2019-10-27T12:14:07+07:00 [757] DEBUG default - [User=Kachaporn Saenluang (kachaporn.s_s16@vistec.ac.th)] applies 0 allowed 0, ids 18,27 requested  [File=/var/www/html/booking/lib/Application/Attributes/AttributeService.php,Line=294]
2019-10-27T12:14:07+07:00 [757] DEBUG default - [User=Kachaporn Saenluang (kachaporn.s_s16@vistec.ac.th)] applies 0 allowed 0, ids 16 requested  [File=/var/www/html/booking/lib/Application/Attributes/AttributeService.php,Line=294]
2019-10-27T12:14:07+07:00 [757] DEBUG default - [User=Kachaporn Saenluang (kachaporn.s_s16@vistec.ac.th)] applies 0 allowed 0, ids 18 requested  [File=/var/www/html/booking/lib/Application/Attributes/AttributeService.php,Line=294]
2019-10-27T12:14:07+07:00 [757] DEBUG default - [User=Kachaporn Saenluang (kachaporn.s_s16@vistec.ac.th)] applies 0 allowed 0, ids 26 requested  [File=/var/www/html/booking/lib/Application/Attributes/AttributeService.php,Line=294]
2019-10-27T12:14:07+07:00 [757] DEBUG default - [User=Kachaporn Saenluang (kachaporn.s_s16@vistec.ac.th)] applies 0 allowed 1, ids 18,2 requested  [File=/var/www/html/booking/lib/Application/Attributes/AttributeService.php,Line=294]
2019-10-27T12:14:07+07:00 [757] DEBUG default - [User=Kachaporn Saenluang (kachaporn.s_s16@vistec.ac.th)] applies 0 allowed 0, ids 17 requested  [File=/var/www/html/booking/lib/Application/Attributes/AttributeService.php,Line=294]
2019-10-27T12:14:07+07:00 [757] DEBUG default - [User=Kachaporn Saenluang (kachaporn.s_s16@vistec.ac.th)] applies 0 allowed 0, ids 17 requested  [File=/var/www/html/booking/lib/Application/Attributes/AttributeService.php,Line=294]
2019-10-27T12:14:07+07:00 [757] DEBUG default - [User=Kachaporn Saenluang (kachaporn.s_s16@vistec.ac.th)] applies 0 allowed 0, ids 26 requested  [File=/var/www/html/booking/lib/Application/Attributes/AttributeService.php,Line=294]
2019-10-27T12:14:07+07:00 [757] DEBUG default - [User=Kachaporn Saenluang (kachaporn.s_s16@vistec.ac.th)] applies 0 allowed 1, ids 2 requested  [File=/var/www/html/booking/lib/Application/Attributes/AttributeService.php,Line=294]
2019-10-27T12:14:07+07:00 [757] DEBUG default - [User=Kachaporn Saenluang (kachaporn.s_s16@vistec.ac.th)] applies 0 allowed 0, ids 17 requested  [File=/var/www/html/booking/lib/Application/Attributes/AttributeService.php,Line=294]
2019-10-27T12:14:07+07:00 [757] DEBUG default - [User=Kachaporn Saenluang (kachaporn.s_s16@vistec.ac.th)] applies 0 allowed 0, ids 16 requested  [File=/var/www/html/booking/lib/Application/Attributes/AttributeService.php,Line=294]
2019-10-27T12:14:07+07:00 [757] DEBUG default - [User=Kachaporn Saenluang (kachaporn.s_s16@vistec.ac.th)] applies 0 allowed 1, ids 23,26,22,21 requested  [File=/var/www/html/booking/lib/Application/Attributes/AttributeService.php,Line=294]
2019-10-27T12:14:07+07:00 [757] DEBUG default - [User=Kachaporn Saenluang (kachaporn.s_s16@vistec.ac.th)] applies 0 allowed 1, ids 23,26,22,29,21 requested  [File=/var/www/html/booking/lib/Application/Attributes/AttributeService.php,Line=294]
2019-10-27T12:16:30+07:00 [13609] DEBUG default - [User=Kachaporn Saenluang (kachaporn.s_s16@vistec.ac.th)] applies 0 allowed 1, ids 2 requested  [File=/var/www/html/booking/lib/Application/Attributes/AttributeService.php,Line=294]
2019-10-27T12:16:30+07:00 [13609] DEBUG default - [User=Kachaporn Saenluang (kachaporn.s_s16@vistec.ac.th)] applies 0 allowed 0, ids 17 requested  [File=/var/www/html/booking/lib/Application/Attributes/AttributeService.php,Line=294]
2019-10-27T12:16:30+07:00 [13609] DEBUG default - [User=Kachaporn Saenluang (kachaporn.s_s16@vistec.ac.th)] applies 0 allowed 0, ids 25 requested  [File=/var/www/html/booking/lib/Application/Attributes/AttributeService.php,Line=294]
2019-10-27T12:16:30+07:00 [13609] DEBUG default - [User=Kachaporn Saenluang (kachaporn.s_s16@vistec.ac.th)] applies 0 allowed 0, ids 16 requested  [File=/var/www/html/booking/lib/Application/Attributes/AttributeService.php,Line=294]
2019-10-27T12:16:30+07:00 [13609] DEBUG default - [User=Kachaporn Saenluang (kachaporn.s_s16@vistec.ac.th)] applies 0 allowed 0, ids 25 requested  [File=/var/www/html/booking/lib/Application/Attributes/AttributeService.php,Line=294]
2019-10-27T12:16:30+07:00 [13609] DEBUG default - [User=Kachaporn Saenluang (kachaporn.s_s16@vistec.ac.th)] applies 0 allowed 0, ids 26 requested  [File=/var/www/html/booking/lib/Application/Attributes/AttributeService.php,Line=294]
2019-10-27T12:16:30+07:00 [13609] DEBUG default - [User=Kachaporn Saenluang (kachaporn.s_s16@vistec.ac.th)] applies 0 allowed 0, ids 29 requested  [File=/var/www/html/booking/lib/Application/Attributes/AttributeService.php,Line=294]
2019-10-27T12:16:30+07:00 [13609] DEBUG default - [User=Kachaporn Saenluang (kachaporn.s_s16@vistec.ac.th)] applies 0 allowed 0, ids 26 requested  [File=/var/www/html/booking/lib/Application/Attributes/AttributeService.php,Line=294]
2019-10-27T12:16:30+07:00 [13609] DEBUG default - [User=Kachaporn Saenluang (kachaporn.s_s16@vistec.ac.th)] applies 0 allowed 1, ids 2 requested  [File=/var/www/html/booking/lib/Application/Attributes/AttributeService.php,Line=294]
2019-10-27T12:16:30+07:00 [13609] DEBUG default - [User=Kachaporn Saenluang (kachaporn.s_s16@vistec.ac.th)] applies 0 allowed 0, ids 15 requested  [File=/var/www/html/booking/lib/Application/Attributes/AttributeService.php,Line=294]
2019-10-27T12:16:30+07:00 [13609] DEBUG default - [User=Kachaporn Saenluang (kachaporn.s_s16@vistec.ac.th)] applies 0 allowed 0, ids 18,27 requested  [File=/var/www/html/booking/lib/Application/Attributes/AttributeService.php,Line=294]
2019-10-27T12:16:30+07:00 [13609] DEBUG default - [User=Kachaporn Saenluang (kachaporn.s_s16@vistec.ac.th)] applies 0 allowed 0, ids 16 requested  [File=/var/www/html/booking/lib/Application/Attributes/AttributeService.php,Line=294]
2019-10-27T12:16:30+07:00 [13609] DEBUG default - [User=Kachaporn Saenluang (kachaporn.s_s16@vistec.ac.th)] applies 0 allowed 0, ids 18 requested  [File=/var/www/html/booking/lib/Application/Attributes/AttributeService.php,Line=294]
2019-10-27T12:16:30+07:00 [13609] DEBUG default - [User=Kachaporn Saenluang (kachaporn.s_s16@vistec.ac.th)] applies 0 allowed 0, ids 26 requested  [File=/var/www/html/booking/lib/Application/Attributes/AttributeService.php,Line=294]
2019-10-27T12:16:30+07:00 [13609] DEBUG default - [User=Kachaporn Saenluang (kachaporn.s_s16@vistec.ac.th)] applies 0 allowed 1, ids 18,2 requested  [File=/var/www/html/booking/lib/Application/Attributes/AttributeService.php,Line=294]
2019-10-27T12:16:30+07:00 [13609] DEBUG default - [User=Kachaporn Saenluang (kachaporn.s_s16@vistec.ac.th)] applies 0 allowed 0, ids 17 requested  [File=/var/www/html/booking/lib/Application/Attributes/AttributeService.php,Line=294]
2019-10-27T12:16:30+07:00 [13609] DEBUG default - [User=Kachaporn Saenluang (kachaporn.s_s16@vistec.ac.th)] applies 0 allowed 0, ids 17 requested  [File=/var/www/html/booking/lib/Application/Attributes/AttributeService.php,Line=294]
2019-10-27T12:16:30+07:00 [13609] DEBUG default - [User=Kachaporn Saenluang (kachaporn.s_s16@vistec.ac.th)] applies 0 allowed 0, ids 26 requested  [File=/var/www/html/booking/lib/Application/Attributes/AttributeService.php,Line=294]
2019-10-27T12:16:30+07:00 [13609] DEBUG default - [User=Kachaporn Saenluang (kachaporn.s_s16@vistec.ac.th)] applies 0 allowed 1, ids 2 requested  [File=/var/www/html/booking/lib/Application/Attributes/AttributeService.php,Line=294]
2019-10-27T12:16:30+07:00 [13609] DEBUG default - [User=Kachaporn Saenluang (kachaporn.s_s16@vistec.ac.th)] applies 0 allowed 0, ids 17 requested  [File=/var/www/html/booking/lib/Application/Attributes/AttributeService.php,Line=294]
2019-10-27T12:16:30+07:00 [13609] DEBUG default - [User=Kachaporn Saenluang (kachaporn.s_s16@vistec.ac.th)] applies 0 allowed 0, ids 16 requested  [File=/var/www/html/booking/lib/Application/Attributes/AttributeService.php,Line=294]
2019-10-27T12:16:30+07:00 [13609] DEBUG default - [User=Kachaporn Saenluang (kachaporn.s_s16@vistec.ac.th)] applies 0 allowed 1, ids 23,26,22,21 requested  [File=/var/www/html/booking/lib/Application/Attributes/AttributeService.php,Line=294]
2019-10-27T12:16:30+07:00 [13609] DEBUG default - [User=Kachaporn Saenluang (kachaporn.s_s16@vistec.ac.th)] applies 0 allowed 1, ids 23,26,22,29,21 requested  [File=/var/www/html/booking/lib/Application/Attributes/AttributeService.php,Line=294]
2019-10-27T15:15:24+07:00 [757] DEBUG default - [User=Tharit Lerdwiriyanupap (1630307@vistec.ac.th)] applies 0 allowed 1, ids 2 requested  [File=/var/www/html/booking/lib/Application/Attributes/AttributeService.php,Line=294]
2019-10-27T15:15:24+07:00 [757] DEBUG default - [User=Tharit Lerdwiriyanupap (1630307@vistec.ac.th)] applies 0 allowed 1, ids 17 requested  [File=/var/www/html/booking/lib/Application/Attributes/AttributeService.php,Line=294]
2019-10-27T15:15:24+07:00 [757] DEBUG default - [User=Tharit Lerdwiriyanupap (1630307@vistec.ac.th)] applies 0 allowed 0, ids 25 requested  [File=/var/www/html/booking/lib/Application/Attributes/AttributeService.php,Line=294]
2019-10-27T15:15:24+07:00 [757] DEBUG default - [User=Tharit Lerdwiriyanupap (1630307@vistec.ac.th)] applies 0 allowed 0, ids 16 requested  [File=/var/www/html/booking/lib/Application/Attributes/AttributeService.php,Line=294]
2019-10-27T15:15:24+07:00 [757] DEBUG default - [User=Tharit Lerdwiriyanupap (1630307@vistec.ac.th)] applies 0 allowed 0, ids 25 requested  [File=/var/www/html/booking/lib/Application/Attributes/AttributeService.php,Line=294]
2019-10-27T15:15:24+07:00 [757] DEBUG default - [User=Tharit Lerdwiriyanupap (1630307@vistec.ac.th)] applies 0 allowed 0, ids 26 requested  [File=/var/www/html/booking/lib/Application/Attributes/AttributeService.php,Line=294]
2019-10-27T15:15:24+07:00 [757] DEBUG default - [User=Tharit Lerdwiriyanupap (1630307@vistec.ac.th)] applies 0 allowed 0, ids 29 requested  [File=/var/www/html/booking/lib/Application/Attributes/AttributeService.php,Line=294]
2019-10-27T15:15:24+07:00 [757] DEBUG default - [User=Tharit Lerdwiriyanupap (1630307@vistec.ac.th)] applies 0 allowed 0, ids 26 requested  [File=/var/www/html/booking/lib/Application/Attributes/AttributeService.php,Line=294]
2019-10-27T15:15:24+07:00 [757] DEBUG default - [User=Tharit Lerdwiriyanupap (1630307@vistec.ac.th)] applies 0 allowed 1, ids 2 requested  [File=/var/www/html/booking/lib/Application/Attributes/AttributeService.php,Line=294]
2019-10-27T15:15:24+07:00 [757] DEBUG default - [User=Tharit Lerdwiriyanupap (1630307@vistec.ac.th)] applies 0 allowed 0, ids 15 requested  [File=/var/www/html/booking/lib/Application/Attributes/AttributeService.php,Line=294]
2019-10-27T15:15:24+07:00 [757] DEBUG default - [User=Tharit Lerdwiriyanupap (1630307@vistec.ac.th)] applies 0 allowed 0, ids 18,27 requested  [File=/var/www/html/booking/lib/Application/Attributes/AttributeService.php,Line=294]
2019-10-27T15:15:24+07:00 [757] DEBUG default - [User=Tharit Lerdwiriyanupap (1630307@vistec.ac.th)] applies 0 allowed 0, ids 16 requested  [File=/var/www/html/booking/lib/Application/Attributes/AttributeService.php,Line=294]
2019-10-27T15:15:24+07:00 [757] DEBUG default - [User=Tharit Lerdwiriyanupap (1630307@vistec.ac.th)] applies 0 allowed 0, ids 18 requested  [File=/var/www/html/booking/lib/Application/Attributes/AttributeService.php,Line=294]
2019-10-27T15:15:24+07:00 [757] DEBUG default - [User=Tharit Lerdwiriyanupap (1630307@vistec.ac.th)] applies 0 allowed 0, ids 26 requested  [File=/var/www/html/booking/lib/Application/Attributes/AttributeService.php,Line=294]
2019-10-27T15:15:24+07:00 [757] DEBUG default - [User=Tharit Lerdwiriyanupap (1630307@vistec.ac.th)] applies 0 allowed 1, ids 18,2 requested  [File=/var/www/html/booking/lib/Application/Attributes/AttributeService.php,Line=294]
2019-10-27T15:15:24+07:00 [757] DEBUG default - [User=Tharit Lerdwiriyanupap (1630307@vistec.ac.th)] applies 0 allowed 1, ids 17 requested  [File=/var/www/html/booking/lib/Application/Attributes/AttributeService.php,Line=294]
2019-10-27T15:15:24+07:00 [757] DEBUG default - [User=Tharit Lerdwiriyanupap (1630307@vistec.ac.th)] applies 0 allowed 1, ids 17 requested  [File=/var/www/html/booking/lib/Application/Attributes/AttributeService.php,Line=294]
2019-10-27T15:15:24+07:00 [757] DEBUG default - [User=Tharit Lerdwiriyanupap (1630307@vistec.ac.th)] applies 0 allowed 0, ids 26 requested  [File=/var/www/html/booking/lib/Application/Attributes/AttributeService.php,Line=294]
2019-10-27T15:15:24+07:00 [757] DEBUG default - [User=Tharit Lerdwiriyanupap (1630307@vistec.ac.th)] applies 0 allowed 1, ids 2 requested  [File=/var/www/html/booking/lib/Application/Attributes/AttributeService.php,Line=294]
2019-10-27T15:15:24+07:00 [757] DEBUG default - [User=Tharit Lerdwiriyanupap (1630307@vistec.ac.th)] applies 0 allowed 1, ids 17 requested  [File=/var/www/html/booking/lib/Application/Attributes/AttributeService.php,Line=294]
2019-10-27T15:15:24+07:00 [757] DEBUG default - [User=Tharit Lerdwiriyanupap (1630307@vistec.ac.th)] applies 0 allowed 0, ids 16 requested  [File=/var/www/html/booking/lib/Application/Attributes/AttributeService.php,Line=294]
2019-10-27T15:15:24+07:00 [757] DEBUG default - [User=Tharit Lerdwiriyanupap (1630307@vistec.ac.th)] applies 0 allowed 0, ids 23,26,22,21 requested  [File=/var/www/html/booking/lib/Application/Attributes/AttributeService.php,Line=294]
2019-10-27T15:15:24+07:00 [757] DEBUG default - [User=Tharit Lerdwiriyanupap (1630307@vistec.ac.th)] applies 0 allowed 0, ids 23,26,22,29,21 requested  [File=/var/www/html/booking/lib/Application/Attributes/AttributeService.php,Line=294]
2019-10-27T15:15:29+07:00 [13609] DEBUG default - [User=Tharit Lerdwiriyanupap (1630307@vistec.ac.th)] applies 0 allowed 1, ids 2 requested  [File=/var/www/html/booking/lib/Application/Attributes/AttributeService.php,Line=294]
2019-10-27T15:15:29+07:00 [13609] DEBUG default - [User=Tharit Lerdwiriyanupap (1630307@vistec.ac.th)] applies 0 allowed 1, ids 17 requested  [File=/var/www/html/booking/lib/Application/Attributes/AttributeService.php,Line=294]
2019-10-27T15:15:29+07:00 [13609] DEBUG default - [User=Tharit Lerdwiriyanupap (1630307@vistec.ac.th)] applies 0 allowed 0, ids 25 requested  [File=/var/www/html/booking/lib/Application/Attributes/AttributeService.php,Line=294]
2019-10-27T15:15:29+07:00 [13609] DEBUG default - [User=Tharit Lerdwiriyanupap (1630307@vistec.ac.th)] applies 0 allowed 0, ids 16 requested  [File=/var/www/html/booking/lib/Application/Attributes/AttributeService.php,Line=294]
2019-10-27T15:15:29+07:00 [13609] DEBUG default - [User=Tharit Lerdwiriyanupap (1630307@vistec.ac.th)] applies 0 allowed 0, ids 25 requested  [File=/var/www/html/booking/lib/Application/Attributes/AttributeService.php,Line=294]
2019-10-27T15:15:29+07:00 [13609] DEBUG default - [User=Tharit Lerdwiriyanupap (1630307@vistec.ac.th)] applies 0 allowed 0, ids 26 requested  [File=/var/www/html/booking/lib/Application/Attributes/AttributeService.php,Line=294]
2019-10-27T15:15:29+07:00 [13609] DEBUG default - [User=Tharit Lerdwiriyanupap (1630307@vistec.ac.th)] applies 0 allowed 0, ids 29 requested  [File=/var/www/html/booking/lib/Application/Attributes/AttributeService.php,Line=294]
2019-10-27T15:15:29+07:00 [13609] DEBUG default - [User=Tharit Lerdwiriyanupap (1630307@vistec.ac.th)] applies 0 allowed 0, ids 26 requested  [File=/var/www/html/booking/lib/Application/Attributes/AttributeService.php,Line=294]
2019-10-27T15:15:29+07:00 [13609] DEBUG default - [User=Tharit Lerdwiriyanupap (1630307@vistec.ac.th)] applies 0 allowed 1, ids 2 requested  [File=/var/www/html/booking/lib/Application/Attributes/AttributeService.php,Line=294]
2019-10-27T15:15:29+07:00 [13609] DEBUG default - [User=Tharit Lerdwiriyanupap (1630307@vistec.ac.th)] applies 0 allowed 0, ids 15 requested  [File=/var/www/html/booking/lib/Application/Attributes/AttributeService.php,Line=294]
2019-10-27T15:15:29+07:00 [13609] DEBUG default - [User=Tharit Lerdwiriyanupap (1630307@vistec.ac.th)] applies 0 allowed 0, ids 18,27 requested  [File=/var/www/html/booking/lib/Application/Attributes/AttributeService.php,Line=294]
2019-10-27T15:15:29+07:00 [13609] DEBUG default - [User=Tharit Lerdwiriyanupap (1630307@vistec.ac.th)] applies 0 allowed 0, ids 16 requested  [File=/var/www/html/booking/lib/Application/Attributes/AttributeService.php,Line=294]
2019-10-27T15:15:29+07:00 [13609] DEBUG default - [User=Tharit Lerdwiriyanupap (1630307@vistec.ac.th)] applies 0 allowed 0, ids 18 requested  [File=/var/www/html/booking/lib/Application/Attributes/AttributeService.php,Line=294]
2019-10-27T15:15:29+07:00 [13609] DEBUG default - [User=Tharit Lerdwiriyanupap (1630307@vistec.ac.th)] applies 0 allowed 0, ids 26 requested  [File=/var/www/html/booking/lib/Application/Attributes/AttributeService.php,Line=294]
2019-10-27T15:15:29+07:00 [13609] DEBUG default - [User=Tharit Lerdwiriyanupap (1630307@vistec.ac.th)] applies 0 allowed 1, ids 18,2 requested  [File=/var/www/html/booking/lib/Application/Attributes/AttributeService.php,Line=294]
2019-10-27T15:15:29+07:00 [13609] DEBUG default - [User=Tharit Lerdwiriyanupap (1630307@vistec.ac.th)] applies 0 allowed 1, ids 17 requested  [File=/var/www/html/booking/lib/Application/Attributes/AttributeService.php,Line=294]
2019-10-27T15:15:29+07:00 [13609] DEBUG default - [User=Tharit Lerdwiriyanupap (1630307@vistec.ac.th)] applies 0 allowed 1, ids 17 requested  [File=/var/www/html/booking/lib/Application/Attributes/AttributeService.php,Line=294]
2019-10-27T15:15:29+07:00 [13609] DEBUG default - [User=Tharit Lerdwiriyanupap (1630307@vistec.ac.th)] applies 0 allowed 0, ids 26 requested  [File=/var/www/html/booking/lib/Application/Attributes/AttributeService.php,Line=294]
2019-10-27T15:15:29+07:00 [13609] DEBUG default - [User=Tharit Lerdwiriyanupap (1630307@vistec.ac.th)] applies 0 allowed 1, ids 2 requested  [File=/var/www/html/booking/lib/Application/Attributes/AttributeService.php,Line=294]
2019-10-27T15:15:29+07:00 [13609] DEBUG default - [User=Tharit Lerdwiriyanupap (1630307@vistec.ac.th)] applies 0 allowed 1, ids 17 requested  [File=/var/www/html/booking/lib/Application/Attributes/AttributeService.php,Line=294]
2019-10-27T15:15:29+07:00 [13609] DEBUG default - [User=Tharit Lerdwiriyanupap (1630307@vistec.ac.th)] applies 0 allowed 0, ids 16 requested  [File=/var/www/html/booking/lib/Application/Attributes/AttributeService.php,Line=294]
2019-10-27T15:15:29+07:00 [13609] DEBUG default - [User=Tharit Lerdwiriyanupap (1630307@vistec.ac.th)] applies 0 allowed 0, ids 23,26,22,21 requested  [File=/var/www/html/booking/lib/Application/Attributes/AttributeService.php,Line=294]
2019-10-27T15:15:29+07:00 [13609] DEBUG default - [User=Tharit Lerdwiriyanupap (1630307@vistec.ac.th)] applies 0 allowed 0, ids 23,26,22,29,21 requested  [File=/var/www/html/booking/lib/Application/Attributes/AttributeService.php,Line=294]
2019-10-27T15:15:31+07:00 [786] DEBUG default - [User=Tharit Lerdwiriyanupap (1630307@vistec.ac.th)] applies 0 allowed 1, ids 2 requested  [File=/var/www/html/booking/lib/Application/Attributes/AttributeService.php,Line=294]
2019-10-27T15:15:31+07:00 [786] DEBUG default - [User=Tharit Lerdwiriyanupap (1630307@vistec.ac.th)] applies 0 allowed 1, ids 17 requested  [File=/var/www/html/booking/lib/Application/Attributes/AttributeService.php,Line=294]
2019-10-27T15:15:31+07:00 [786] DEBUG default - [User=Tharit Lerdwiriyanupap (1630307@vistec.ac.th)] applies 0 allowed 0, ids 25 requested  [File=/var/www/html/booking/lib/Application/Attributes/AttributeService.php,Line=294]
2019-10-27T15:15:31+07:00 [786] DEBUG default - [User=Tharit Lerdwiriyanupap (1630307@vistec.ac.th)] applies 0 allowed 0, ids 16 requested  [File=/var/www/html/booking/lib/Application/Attributes/AttributeService.php,Line=294]
2019-10-27T15:15:31+07:00 [786] DEBUG default - [User=Tharit Lerdwiriyanupap (1630307@vistec.ac.th)] applies 0 allowed 0, ids 25 requested  [File=/var/www/html/booking/lib/Application/Attributes/AttributeService.php,Line=294]
2019-10-27T15:15:31+07:00 [786] DEBUG default - [User=Tharit Lerdwiriyanupap (1630307@vistec.ac.th)] applies 0 allowed 0, ids 26 requested  [File=/var/www/html/booking/lib/Application/Attributes/AttributeService.php,Line=294]
2019-10-27T15:15:31+07:00 [786] DEBUG default - [User=Tharit Lerdwiriyanupap (1630307@vistec.ac.th)] applies 0 allowed 0, ids 29 requested  [File=/var/www/html/booking/lib/Application/Attributes/AttributeService.php,Line=294]
2019-10-27T15:15:31+07:00 [786] DEBUG default - [User=Tharit Lerdwiriyanupap (1630307@vistec.ac.th)] applies 0 allowed 0, ids 26 requested  [File=/var/www/html/booking/lib/Application/Attributes/AttributeService.php,Line=294]
2019-10-27T15:15:31+07:00 [786] DEBUG default - [User=Tharit Lerdwiriyanupap (1630307@vistec.ac.th)] applies 0 allowed 1, ids 2 requested  [File=/var/www/html/booking/lib/Application/Attributes/AttributeService.php,Line=294]
2019-10-27T15:15:31+07:00 [786] DEBUG default - [User=Tharit Lerdwiriyanupap (1630307@vistec.ac.th)] applies 0 allowed 0, ids 15 requested  [File=/var/www/html/booking/lib/Application/Attributes/AttributeService.php,Line=294]
2019-10-27T15:15:31+07:00 [786] DEBUG default - [User=Tharit Lerdwiriyanupap (1630307@vistec.ac.th)] applies 0 allowed 0, ids 18,27 requested  [File=/var/www/html/booking/lib/Application/Attributes/AttributeService.php,Line=294]
2019-10-27T15:15:31+07:00 [786] DEBUG default - [User=Tharit Lerdwiriyanupap (1630307@vistec.ac.th)] applies 0 allowed 0, ids 16 requested  [File=/var/www/html/booking/lib/Application/Attributes/AttributeService.php,Line=294]
2019-10-27T15:15:31+07:00 [786] DEBUG default - [User=Tharit Lerdwiriyanupap (1630307@vistec.ac.th)] applies 0 allowed 0, ids 18 requested  [File=/var/www/html/booking/lib/Application/Attributes/AttributeService.php,Line=294]
2019-10-27T15:15:31+07:00 [786] DEBUG default - [User=Tharit Lerdwiriyanupap (1630307@vistec.ac.th)] applies 0 allowed 0, ids 26 requested  [File=/var/www/html/booking/lib/Application/Attributes/AttributeService.php,Line=294]
2019-10-27T15:15:31+07:00 [786] DEBUG default - [User=Tharit Lerdwiriyanupap (1630307@vistec.ac.th)] applies 0 allowed 1, ids 18,2 requested  [File=/var/www/html/booking/lib/Application/Attributes/AttributeService.php,Line=294]
2019-10-27T15:15:31+07:00 [786] DEBUG default - [User=Tharit Lerdwiriyanupap (1630307@vistec.ac.th)] applies 0 allowed 1, ids 17 requested  [File=/var/www/html/booking/lib/Application/Attributes/AttributeService.php,Line=294]
2019-10-27T15:15:31+07:00 [786] DEBUG default - [User=Tharit Lerdwiriyanupap (1630307@vistec.ac.th)] applies 0 allowed 1, ids 17 requested  [File=/var/www/html/booking/lib/Application/Attributes/AttributeService.php,Line=294]
2019-10-27T15:15:31+07:00 [786] DEBUG default - [User=Tharit Lerdwiriyanupap (1630307@vistec.ac.th)] applies 0 allowed 0, ids 26 requested  [File=/var/www/html/booking/lib/Application/Attributes/AttributeService.php,Line=294]
2019-10-27T15:15:31+07:00 [786] DEBUG default - [User=Tharit Lerdwiriyanupap (1630307@vistec.ac.th)] applies 0 allowed 1, ids 2 requested  [File=/var/www/html/booking/lib/Application/Attributes/AttributeService.php,Line=294]
2019-10-27T15:15:31+07:00 [786] DEBUG default - [User=Tharit Lerdwiriyanupap (1630307@vistec.ac.th)] applies 0 allowed 1, ids 17 requested  [File=/var/www/html/booking/lib/Application/Attributes/AttributeService.php,Line=294]
2019-10-27T15:15:31+07:00 [786] DEBUG default - [User=Tharit Lerdwiriyanupap (1630307@vistec.ac.th)] applies 0 allowed 0, ids 16 requested  [File=/var/www/html/booking/lib/Application/Attributes/AttributeService.php,Line=294]
2019-10-27T15:15:31+07:00 [786] DEBUG default - [User=Tharit Lerdwiriyanupap (1630307@vistec.ac.th)] applies 0 allowed 0, ids 23,26,22,21 requested  [File=/var/www/html/booking/lib/Application/Attributes/AttributeService.php,Line=294]
2019-10-27T15:15:31+07:00 [786] DEBUG default - [User=Tharit Lerdwiriyanupap (1630307@vistec.ac.th)] applies 0 allowed 0, ids 23,26,22,29,21 requested  [File=/var/www/html/booking/lib/Application/Attributes/AttributeService.php,Line=294]
2019-10-27T15:15:33+07:00 [757] DEBUG default - [User=Tharit Lerdwiriyanupap (1630307@vistec.ac.th)] applies 0 allowed 1, ids 2 requested  [File=/var/www/html/booking/lib/Application/Attributes/AttributeService.php,Line=294]
2019-10-27T15:15:33+07:00 [757] DEBUG default - [User=Tharit Lerdwiriyanupap (1630307@vistec.ac.th)] applies 0 allowed 1, ids 17 requested  [File=/var/www/html/booking/lib/Application/Attributes/AttributeService.php,Line=294]
2019-10-27T15:15:33+07:00 [757] DEBUG default - [User=Tharit Lerdwiriyanupap (1630307@vistec.ac.th)] applies 0 allowed 0, ids 25 requested  [File=/var/www/html/booking/lib/Application/Attributes/AttributeService.php,Line=294]
2019-10-27T15:15:33+07:00 [757] DEBUG default - [User=Tharit Lerdwiriyanupap (1630307@vistec.ac.th)] applies 0 allowed 0, ids 16 requested  [File=/var/www/html/booking/lib/Application/Attributes/AttributeService.php,Line=294]
2019-10-27T15:15:33+07:00 [757] DEBUG default - [User=Tharit Lerdwiriyanupap (1630307@vistec.ac.th)] applies 0 allowed 0, ids 25 requested  [File=/var/www/html/booking/lib/Application/Attributes/AttributeService.php,Line=294]
2019-10-27T15:15:33+07:00 [757] DEBUG default - [User=Tharit Lerdwiriyanupap (1630307@vistec.ac.th)] applies 0 allowed 0, ids 26 requested  [File=/var/www/html/booking/lib/Application/Attributes/AttributeService.php,Line=294]
2019-10-27T15:15:33+07:00 [757] DEBUG default - [User=Tharit Lerdwiriyanupap (1630307@vistec.ac.th)] applies 0 allowed 0, ids 29 requested  [File=/var/www/html/booking/lib/Application/Attributes/AttributeService.php,Line=294]
2019-10-27T15:15:33+07:00 [757] DEBUG default - [User=Tharit Lerdwiriyanupap (1630307@vistec.ac.th)] applies 0 allowed 0, ids 26 requested  [File=/var/www/html/booking/lib/Application/Attributes/AttributeService.php,Line=294]
2019-10-27T15:15:33+07:00 [757] DEBUG default - [User=Tharit Lerdwiriyanupap (1630307@vistec.ac.th)] applies 0 allowed 1, ids 2 requested  [File=/var/www/html/booking/lib/Application/Attributes/AttributeService.php,Line=294]
2019-10-27T15:15:33+07:00 [757] DEBUG default - [User=Tharit Lerdwiriyanupap (1630307@vistec.ac.th)] applies 0 allowed 0, ids 15 requested  [File=/var/www/html/booking/lib/Application/Attributes/AttributeService.php,Line=294]
2019-10-27T15:15:33+07:00 [757] DEBUG default - [User=Tharit Lerdwiriyanupap (1630307@vistec.ac.th)] applies 0 allowed 0, ids 18,27 requested  [File=/var/www/html/booking/lib/Application/Attributes/AttributeService.php,Line=294]
2019-10-27T15:15:33+07:00 [757] DEBUG default - [User=Tharit Lerdwiriyanupap (1630307@vistec.ac.th)] applies 0 allowed 0, ids 16 requested  [File=/var/www/html/booking/lib/Application/Attributes/AttributeService.php,Line=294]
2019-10-27T15:15:33+07:00 [757] DEBUG default - [User=Tharit Lerdwiriyanupap (1630307@vistec.ac.th)] applies 0 allowed 0, ids 18 requested  [File=/var/www/html/booking/lib/Application/Attributes/AttributeService.php,Line=294]
2019-10-27T15:15:33+07:00 [757] DEBUG default - [User=Tharit Lerdwiriyanupap (1630307@vistec.ac.th)] applies 0 allowed 0, ids 26 requested  [File=/var/www/html/booking/lib/Application/Attributes/AttributeService.php,Line=294]
2019-10-27T15:15:33+07:00 [757] DEBUG default - [User=Tharit Lerdwiriyanupap (1630307@vistec.ac.th)] applies 0 allowed 1, ids 18,2 requested  [File=/var/www/html/booking/lib/Application/Attributes/AttributeService.php,Line=294]
2019-10-27T15:15:33+07:00 [757] DEBUG default - [User=Tharit Lerdwiriyanupap (1630307@vistec.ac.th)] applies 0 allowed 1, ids 17 requested  [File=/var/www/html/booking/lib/Application/Attributes/AttributeService.php,Line=294]
2019-10-27T15:15:33+07:00 [757] DEBUG default - [User=Tharit Lerdwiriyanupap (1630307@vistec.ac.th)] applies 0 allowed 1, ids 17 requested  [File=/var/www/html/booking/lib/Application/Attributes/AttributeService.php,Line=294]
2019-10-27T15:15:33+07:00 [757] DEBUG default - [User=Tharit Lerdwiriyanupap (1630307@vistec.ac.th)] applies 0 allowed 0, ids 26 requested  [File=/var/www/html/booking/lib/Application/Attributes/AttributeService.php,Line=294]
2019-10-27T15:15:33+07:00 [757] DEBUG default - [User=Tharit Lerdwiriyanupap (1630307@vistec.ac.th)] applies 0 allowed 1, ids 2 requested  [File=/var/www/html/booking/lib/Application/Attributes/AttributeService.php,Line=294]
2019-10-27T15:15:33+07:00 [757] DEBUG default - [User=Tharit Lerdwiriyanupap (1630307@vistec.ac.th)] applies 0 allowed 1, ids 17 requested  [File=/var/www/html/booking/lib/Application/Attributes/AttributeService.php,Line=294]
2019-10-27T15:15:33+07:00 [757] DEBUG default - [User=Tharit Lerdwiriyanupap (1630307@vistec.ac.th)] applies 0 allowed 0, ids 16 requested  [File=/var/www/html/booking/lib/Application/Attributes/AttributeService.php,Line=294]
2019-10-27T15:15:33+07:00 [757] DEBUG default - [User=Tharit Lerdwiriyanupap (1630307@vistec.ac.th)] applies 0 allowed 0, ids 23,26,22,21 requested  [File=/var/www/html/booking/lib/Application/Attributes/AttributeService.php,Line=294]
2019-10-27T15:15:33+07:00 [757] DEBUG default - [User=Tharit Lerdwiriyanupap (1630307@vistec.ac.th)] applies 0 allowed 0, ids 23,26,22,29,21 requested  [File=/var/www/html/booking/lib/Application/Attributes/AttributeService.php,Line=294]
2019-10-27T15:15:54+07:00 [757] DEBUG default - [User=Tharit Lerdwiriyanupap (1630307@vistec.ac.th)] applies 0 allowed 1, ids 2 requested  [File=/var/www/html/booking/lib/Application/Attributes/AttributeService.php,Line=294]
2019-10-27T15:15:54+07:00 [757] DEBUG default - [User=Tharit Lerdwiriyanupap (1630307@vistec.ac.th)] applies 0 allowed 1, ids 17 requested  [File=/var/www/html/booking/lib/Application/Attributes/AttributeService.php,Line=294]
2019-10-27T15:15:54+07:00 [757] DEBUG default - [User=Tharit Lerdwiriyanupap (1630307@vistec.ac.th)] applies 0 allowed 0, ids 25 requested  [File=/var/www/html/booking/lib/Application/Attributes/AttributeService.php,Line=294]
2019-10-27T15:15:54+07:00 [757] DEBUG default - [User=Tharit Lerdwiriyanupap (1630307@vistec.ac.th)] applies 0 allowed 0, ids 16 requested  [File=/var/www/html/booking/lib/Application/Attributes/AttributeService.php,Line=294]
2019-10-27T15:15:54+07:00 [757] DEBUG default - [User=Tharit Lerdwiriyanupap (1630307@vistec.ac.th)] applies 0 allowed 0, ids 25 requested  [File=/var/www/html/booking/lib/Application/Attributes/AttributeService.php,Line=294]
2019-10-27T15:15:54+07:00 [757] DEBUG default - [User=Tharit Lerdwiriyanupap (1630307@vistec.ac.th)] applies 0 allowed 0, ids 26 requested  [File=/var/www/html/booking/lib/Application/Attributes/AttributeService.php,Line=294]
2019-10-27T15:15:54+07:00 [757] DEBUG default - [User=Tharit Lerdwiriyanupap (1630307@vistec.ac.th)] applies 0 allowed 0, ids 29 requested  [File=/var/www/html/booking/lib/Application/Attributes/AttributeService.php,Line=294]
2019-10-27T15:15:54+07:00 [757] DEBUG default - [User=Tharit Lerdwiriyanupap (1630307@vistec.ac.th)] applies 0 allowed 0, ids 26 requested  [File=/var/www/html/booking/lib/Application/Attributes/AttributeService.php,Line=294]
2019-10-27T15:15:54+07:00 [757] DEBUG default - [User=Tharit Lerdwiriyanupap (1630307@vistec.ac.th)] applies 0 allowed 1, ids 2 requested  [File=/var/www/html/booking/lib/Application/Attributes/AttributeService.php,Line=294]
2019-10-27T15:15:54+07:00 [757] DEBUG default - [User=Tharit Lerdwiriyanupap (1630307@vistec.ac.th)] applies 0 allowed 0, ids 15 requested  [File=/var/www/html/booking/lib/Application/Attributes/AttributeService.php,Line=294]
2019-10-27T15:15:54+07:00 [757] DEBUG default - [User=Tharit Lerdwiriyanupap (1630307@vistec.ac.th)] applies 0 allowed 0, ids 18,27 requested  [File=/var/www/html/booking/lib/Application/Attributes/AttributeService.php,Line=294]
2019-10-27T15:15:54+07:00 [757] DEBUG default - [User=Tharit Lerdwiriyanupap (1630307@vistec.ac.th)] applies 0 allowed 0, ids 16 requested  [File=/var/www/html/booking/lib/Application/Attributes/AttributeService.php,Line=294]
2019-10-27T15:15:54+07:00 [757] DEBUG default - [User=Tharit Lerdwiriyanupap (1630307@vistec.ac.th)] applies 0 allowed 0, ids 18 requested  [File=/var/www/html/booking/lib/Application/Attributes/AttributeService.php,Line=294]
2019-10-27T15:15:54+07:00 [757] DEBUG default - [User=Tharit Lerdwiriyanupap (1630307@vistec.ac.th)] applies 0 allowed 0, ids 26 requested  [File=/var/www/html/booking/lib/Application/Attributes/AttributeService.php,Line=294]
2019-10-27T15:15:54+07:00 [757] DEBUG default - [User=Tharit Lerdwiriyanupap (1630307@vistec.ac.th)] applies 0 allowed 1, ids 18,2 requested  [File=/var/www/html/booking/lib/Application/Attributes/AttributeService.php,Line=294]
2019-10-27T15:15:54+07:00 [757] DEBUG default - [User=Tharit Lerdwiriyanupap (1630307@vistec.ac.th)] applies 0 allowed 1, ids 17 requested  [File=/var/www/html/booking/lib/Application/Attributes/AttributeService.php,Line=294]
2019-10-27T15:15:54+07:00 [757] DEBUG default - [User=Tharit Lerdwiriyanupap (1630307@vistec.ac.th)] applies 0 allowed 1, ids 17 requested  [File=/var/www/html/booking/lib/Application/Attributes/AttributeService.php,Line=294]
2019-10-27T15:15:54+07:00 [757] DEBUG default - [User=Tharit Lerdwiriyanupap (1630307@vistec.ac.th)] applies 0 allowed 0, ids 26 requested  [File=/var/www/html/booking/lib/Application/Attributes/AttributeService.php,Line=294]
2019-10-27T15:15:54+07:00 [757] DEBUG default - [User=Tharit Lerdwiriyanupap (1630307@vistec.ac.th)] applies 0 allowed 1, ids 2 requested  [File=/var/www/html/booking/lib/Application/Attributes/AttributeService.php,Line=294]
2019-10-27T15:15:54+07:00 [757] DEBUG default - [User=Tharit Lerdwiriyanupap (1630307@vistec.ac.th)] applies 0 allowed 1, ids 17 requested  [File=/var/www/html/booking/lib/Application/Attributes/AttributeService.php,Line=294]
2019-10-27T15:15:54+07:00 [757] DEBUG default - [User=Tharit Lerdwiriyanupap (1630307@vistec.ac.th)] applies 0 allowed 0, ids 16 requested  [File=/var/www/html/booking/lib/Application/Attributes/AttributeService.php,Line=294]
2019-10-27T15:15:54+07:00 [757] DEBUG default - [User=Tharit Lerdwiriyanupap (1630307@vistec.ac.th)] applies 0 allowed 0, ids 23,26,22,21 requested  [File=/var/www/html/booking/lib/Application/Attributes/AttributeService.php,Line=294]
2019-10-27T15:15:54+07:00 [757] DEBUG default - [User=Tharit Lerdwiriyanupap (1630307@vistec.ac.th)] applies 0 allowed 0, ids 23,26,22,29,21 requested  [File=/var/www/html/booking/lib/Application/Attributes/AttributeService.php,Line=294]
2019-10-27T15:16:12+07:00 [786] DEBUG default - [User=Tharit Lerdwiriyanupap (1630307@vistec.ac.th)] Adding custom attribute value for entityId=30, attributeId=29 [File=/var/www/html/booking/lib/Application/Attributes/AttributeList.php,Line=122]
2019-10-27T15:16:12+07:00 [786] DEBUG default - [User=Tharit Lerdwiriyanupap (1630307@vistec.ac.th)] Took 0 seconds to load custom attributes for category 4 [File=/var/www/html/booking/lib/Application/Attributes/AttributeService.php,Line=154]
2019-10-27T15:16:12+07:00 [786] DEBUG default - [User=Tharit Lerdwiriyanupap (1630307@vistec.ac.th)] Found 1 attributes for entityId 30 [File=/var/www/html/booking/lib/Application/Attributes/AttributeList.php,Line=165]
2019-10-27T15:16:12+07:00 [786] DEBUG default - [User=Tharit Lerdwiriyanupap (1630307@vistec.ac.th)] Took 0 seconds to load custom attributes for category 5 [File=/var/www/html/booking/lib/Application/Attributes/AttributeService.php,Line=154]
2019-10-27T15:16:12+07:00 [786] DEBUG default - [User=Tharit Lerdwiriyanupap (1630307@vistec.ac.th)] Found 0 attributes for entityId 3 [File=/var/www/html/booking/lib/Application/Attributes/AttributeList.php,Line=165]
2019-10-27T15:16:35+07:00 [786] DEBUG default - [User=Tharit Lerdwiriyanupap (1630307@vistec.ac.th)] Adding custom attribute value for entityId=21, attributeId=29 [File=/var/www/html/booking/lib/Application/Attributes/AttributeList.php,Line=122]
2019-10-27T15:16:35+07:00 [786] DEBUG default - [User=Tharit Lerdwiriyanupap (1630307@vistec.ac.th)] Took 0 seconds to load custom attributes for category 4 [File=/var/www/html/booking/lib/Application/Attributes/AttributeService.php,Line=154]
2019-10-27T15:16:35+07:00 [786] DEBUG default - [User=Tharit Lerdwiriyanupap (1630307@vistec.ac.th)] Found 1 attributes for entityId 21 [File=/var/www/html/booking/lib/Application/Attributes/AttributeList.php,Line=165]
2019-10-27T15:16:35+07:00 [786] DEBUG default - [User=Tharit Lerdwiriyanupap (1630307@vistec.ac.th)] Took 0 seconds to load custom attributes for category 5 [File=/var/www/html/booking/lib/Application/Attributes/AttributeService.php,Line=154]
2019-10-27T15:16:35+07:00 [786] DEBUG default - [User=Tharit Lerdwiriyanupap (1630307@vistec.ac.th)] Found 0 attributes for entityId 5 [File=/var/www/html/booking/lib/Application/Attributes/AttributeList.php,Line=165]
2019-10-27T15:16:41+07:00 [757] DEBUG default - [User=Tharit Lerdwiriyanupap (1630307@vistec.ac.th)] Adding custom attribute value for entityId=2, attributeId=29 [File=/var/www/html/booking/lib/Application/Attributes/AttributeList.php,Line=122]
2019-10-27T15:16:41+07:00 [757] DEBUG default - [User=Tharit Lerdwiriyanupap (1630307@vistec.ac.th)] Took 0 seconds to load custom attributes for category 4 [File=/var/www/html/booking/lib/Application/Attributes/AttributeService.php,Line=154]
2019-10-27T15:16:41+07:00 [757] DEBUG default - [User=Tharit Lerdwiriyanupap (1630307@vistec.ac.th)] Found 1 attributes for entityId 2 [File=/var/www/html/booking/lib/Application/Attributes/AttributeList.php,Line=165]
2019-10-27T15:16:41+07:00 [757] DEBUG default - [User=Tharit Lerdwiriyanupap (1630307@vistec.ac.th)] Took 0 seconds to load custom attributes for category 5 [File=/var/www/html/booking/lib/Application/Attributes/AttributeService.php,Line=154]
2019-10-27T15:16:41+07:00 [757] DEBUG default - [User=Tharit Lerdwiriyanupap (1630307@vistec.ac.th)] Found 0 attributes for entityId 3 [File=/var/www/html/booking/lib/Application/Attributes/AttributeList.php,Line=165]
2019-10-27T15:16:52+07:00 [13609] DEBUG default - [User=Tharit Lerdwiriyanupap (1630307@vistec.ac.th)] Adding custom attribute value for entityId=20, attributeId=29 [File=/var/www/html/booking/lib/Application/Attributes/AttributeList.php,Line=122]
2019-10-27T15:16:52+07:00 [13609] DEBUG default - [User=Tharit Lerdwiriyanupap (1630307@vistec.ac.th)] Took 0 seconds to load custom attributes for category 4 [File=/var/www/html/booking/lib/Application/Attributes/AttributeService.php,Line=154]
2019-10-27T15:16:52+07:00 [13609] DEBUG default - [User=Tharit Lerdwiriyanupap (1630307@vistec.ac.th)] Found 1 attributes for entityId 20 [File=/var/www/html/booking/lib/Application/Attributes/AttributeList.php,Line=165]
2019-10-27T15:16:52+07:00 [13609] DEBUG default - [User=Tharit Lerdwiriyanupap (1630307@vistec.ac.th)] Took 0 seconds to load custom attributes for category 5 [File=/var/www/html/booking/lib/Application/Attributes/AttributeService.php,Line=154]
2019-10-27T15:16:52+07:00 [13609] DEBUG default - [User=Tharit Lerdwiriyanupap (1630307@vistec.ac.th)] Found 0 attributes for entityId 2 [File=/var/www/html/booking/lib/Application/Attributes/AttributeList.php,Line=165]
2019-10-27T15:17:20+07:00 [786] DEBUG default - [User=Tharit Lerdwiriyanupap (1630307@vistec.ac.th)] Adding custom attribute value for entityId=17, attributeId=29 [File=/var/www/html/booking/lib/Application/Attributes/AttributeList.php,Line=122]
2019-10-27T15:17:20+07:00 [786] DEBUG default - [User=Tharit Lerdwiriyanupap (1630307@vistec.ac.th)] Took 0 seconds to load custom attributes for category 4 [File=/var/www/html/booking/lib/Application/Attributes/AttributeService.php,Line=154]
2019-10-27T15:17:20+07:00 [786] DEBUG default - [User=Tharit Lerdwiriyanupap (1630307@vistec.ac.th)] Found 1 attributes for entityId 17 [File=/var/www/html/booking/lib/Application/Attributes/AttributeList.php,Line=165]
2019-10-27T15:17:20+07:00 [786] DEBUG default - [User=Tharit Lerdwiriyanupap (1630307@vistec.ac.th)] Took 0 seconds to load custom attributes for category 5 [File=/var/www/html/booking/lib/Application/Attributes/AttributeService.php,Line=154]
2019-10-27T15:17:20+07:00 [786] DEBUG default - [User=Tharit Lerdwiriyanupap (1630307@vistec.ac.th)] Found 0 attributes for entityId 2 [File=/var/www/html/booking/lib/Application/Attributes/AttributeList.php,Line=165]
2019-10-27T15:42:19+07:00 [786] DEBUG default - [User=Surapoj Sanram (surapoj.s@vistec.ac.th)] Adding custom attribute value for entityId=10, attributeId=29 [File=/var/www/html/booking/lib/Application/Attributes/AttributeList.php,Line=122]
2019-10-27T15:42:19+07:00 [786] DEBUG default - [User=Surapoj Sanram (surapoj.s@vistec.ac.th)] Took 0 seconds to load custom attributes for category 4 [File=/var/www/html/booking/lib/Application/Attributes/AttributeService.php,Line=154]
2019-10-27T15:42:19+07:00 [786] DEBUG default - [User=Surapoj Sanram (surapoj.s@vistec.ac.th)] Found 1 attributes for entityId 10 [File=/var/www/html/booking/lib/Application/Attributes/AttributeList.php,Line=165]
2019-10-27T15:42:19+07:00 [786] DEBUG default - [User=Surapoj Sanram (surapoj.s@vistec.ac.th)] Took 0 seconds to load custom attributes for category 5 [File=/var/www/html/booking/lib/Application/Attributes/AttributeService.php,Line=154]
2019-10-27T15:42:19+07:00 [786] DEBUG default - [User=Surapoj Sanram (surapoj.s@vistec.ac.th)] Found 0 attributes for entityId 1 [File=/var/www/html/booking/lib/Application/Attributes/AttributeList.php,Line=165]
2019-10-27T18:20:44+07:00 [786] DEBUG default - [User=Pannida Dugkhuntod (s15_pannida.d@vistec.ac.th)] applies 0 allowed 1, ids 2 requested 15 [File=/var/www/html/booking/lib/Application/Attributes/AttributeService.php,Line=294]
2019-10-27T18:20:44+07:00 [786] DEBUG default - [User=Pannida Dugkhuntod (s15_pannida.d@vistec.ac.th)] applies 0 allowed 0, ids 17 requested 15 [File=/var/www/html/booking/lib/Application/Attributes/AttributeService.php,Line=294]
2019-10-27T18:20:44+07:00 [786] DEBUG default - [User=Pannida Dugkhuntod (s15_pannida.d@vistec.ac.th)] applies 0 allowed 0, ids 25 requested 15 [File=/var/www/html/booking/lib/Application/Attributes/AttributeService.php,Line=294]
2019-10-27T18:20:44+07:00 [786] DEBUG default - [User=Pannida Dugkhuntod (s15_pannida.d@vistec.ac.th)] applies 0 allowed 0, ids 16 requested 15 [File=/var/www/html/booking/lib/Application/Attributes/AttributeService.php,Line=294]
2019-10-27T18:20:44+07:00 [786] DEBUG default - [User=Pannida Dugkhuntod (s15_pannida.d@vistec.ac.th)] applies 0 allowed 0, ids 25 requested 15 [File=/var/www/html/booking/lib/Application/Attributes/AttributeService.php,Line=294]
2019-10-27T18:20:44+07:00 [786] DEBUG default - [User=Pannida Dugkhuntod (s15_pannida.d@vistec.ac.th)] applies 0 allowed 0, ids 26 requested 15 [File=/var/www/html/booking/lib/Application/Attributes/AttributeService.php,Line=294]
2019-10-27T18:20:44+07:00 [786] DEBUG default - [User=Pannida Dugkhuntod (s15_pannida.d@vistec.ac.th)] applies 0 allowed 0, ids 29 requested 15 [File=/var/www/html/booking/lib/Application/Attributes/AttributeService.php,Line=294]
2019-10-27T18:20:44+07:00 [786] DEBUG default - [User=Pannida Dugkhuntod (s15_pannida.d@vistec.ac.th)] applies 0 allowed 0, ids 26 requested 15 [File=/var/www/html/booking/lib/Application/Attributes/AttributeService.php,Line=294]
2019-10-27T18:20:44+07:00 [786] DEBUG default - [User=Pannida Dugkhuntod (s15_pannida.d@vistec.ac.th)] applies 0 allowed 1, ids 2 requested 15 [File=/var/www/html/booking/lib/Application/Attributes/AttributeService.php,Line=294]
2019-10-27T18:20:44+07:00 [786] DEBUG default - [User=Pannida Dugkhuntod (s15_pannida.d@vistec.ac.th)] applies 1 allowed 1, ids 15 requested 15 [File=/var/www/html/booking/lib/Application/Attributes/AttributeService.php,Line=294]
2019-10-27T18:20:44+07:00 [786] DEBUG default - [User=Pannida Dugkhuntod (s15_pannida.d@vistec.ac.th)] applies 0 allowed 0, ids 18,27 requested 15 [File=/var/www/html/booking/lib/Application/Attributes/AttributeService.php,Line=294]
2019-10-27T18:20:44+07:00 [786] DEBUG default - [User=Pannida Dugkhuntod (s15_pannida.d@vistec.ac.th)] applies 0 allowed 0, ids 16 requested 15 [File=/var/www/html/booking/lib/Application/Attributes/AttributeService.php,Line=294]
2019-10-27T18:20:44+07:00 [786] DEBUG default - [User=Pannida Dugkhuntod (s15_pannida.d@vistec.ac.th)] applies 0 allowed 0, ids 18 requested 15 [File=/var/www/html/booking/lib/Application/Attributes/AttributeService.php,Line=294]
2019-10-27T18:20:44+07:00 [786] DEBUG default - [User=Pannida Dugkhuntod (s15_pannida.d@vistec.ac.th)] applies 0 allowed 0, ids 26 requested 15 [File=/var/www/html/booking/lib/Application/Attributes/AttributeService.php,Line=294]
2019-10-27T18:20:44+07:00 [786] DEBUG default - [User=Pannida Dugkhuntod (s15_pannida.d@vistec.ac.th)] applies 0 allowed 1, ids 18,2 requested 15 [File=/var/www/html/booking/lib/Application/Attributes/AttributeService.php,Line=294]
2019-10-27T18:20:44+07:00 [786] DEBUG default - [User=Pannida Dugkhuntod (s15_pannida.d@vistec.ac.th)] applies 0 allowed 0, ids 17 requested 15 [File=/var/www/html/booking/lib/Application/Attributes/AttributeService.php,Line=294]
2019-10-27T18:20:44+07:00 [786] DEBUG default - [User=Pannida Dugkhuntod (s15_pannida.d@vistec.ac.th)] applies 0 allowed 0, ids 17 requested 15 [File=/var/www/html/booking/lib/Application/Attributes/AttributeService.php,Line=294]
2019-10-27T18:20:44+07:00 [786] DEBUG default - [User=Pannida Dugkhuntod (s15_pannida.d@vistec.ac.th)] applies 0 allowed 0, ids 26 requested 15 [File=/var/www/html/booking/lib/Application/Attributes/AttributeService.php,Line=294]
2019-10-27T18:20:44+07:00 [786] DEBUG default - [User=Pannida Dugkhuntod (s15_pannida.d@vistec.ac.th)] applies 0 allowed 1, ids 2 requested 15 [File=/var/www/html/booking/lib/Application/Attributes/AttributeService.php,Line=294]
2019-10-27T18:20:44+07:00 [786] DEBUG default - [User=Pannida Dugkhuntod (s15_pannida.d@vistec.ac.th)] applies 0 allowed 0, ids 17 requested 15 [File=/var/www/html/booking/lib/Application/Attributes/AttributeService.php,Line=294]
2019-10-27T18:20:44+07:00 [786] DEBUG default - [User=Pannida Dugkhuntod (s15_pannida.d@vistec.ac.th)] applies 0 allowed 0, ids 16 requested 15 [File=/var/www/html/booking/lib/Application/Attributes/AttributeService.php,Line=294]
2019-10-27T18:20:44+07:00 [786] DEBUG default - [User=Pannida Dugkhuntod (s15_pannida.d@vistec.ac.th)] applies 0 allowed 1, ids 23,26,22,21 requested 15 [File=/var/www/html/booking/lib/Application/Attributes/AttributeService.php,Line=294]
2019-10-27T18:20:44+07:00 [786] DEBUG default - [User=Pannida Dugkhuntod (s15_pannida.d@vistec.ac.th)] applies 0 allowed 1, ids 23,26,22,29,21 requested 15 [File=/var/www/html/booking/lib/Application/Attributes/AttributeService.php,Line=294]
2019-10-27T18:20:58+07:00 [13609] DEBUG default - [User=Pannida Dugkhuntod (s15_pannida.d@vistec.ac.th)] applies 0 allowed 1, ids 2 requested  [File=/var/www/html/booking/lib/Application/Attributes/AttributeService.php,Line=294]
2019-10-27T18:20:58+07:00 [13609] DEBUG default - [User=Pannida Dugkhuntod (s15_pannida.d@vistec.ac.th)] applies 0 allowed 0, ids 17 requested  [File=/var/www/html/booking/lib/Application/Attributes/AttributeService.php,Line=294]
2019-10-27T18:20:58+07:00 [13609] DEBUG default - [User=Pannida Dugkhuntod (s15_pannida.d@vistec.ac.th)] applies 0 allowed 0, ids 25 requested  [File=/var/www/html/booking/lib/Application/Attributes/AttributeService.php,Line=294]
2019-10-27T18:20:58+07:00 [13609] DEBUG default - [User=Pannida Dugkhuntod (s15_pannida.d@vistec.ac.th)] applies 0 allowed 0, ids 16 requested  [File=/var/www/html/booking/lib/Application/Attributes/AttributeService.php,Line=294]
2019-10-27T18:20:58+07:00 [13609] DEBUG default - [User=Pannida Dugkhuntod (s15_pannida.d@vistec.ac.th)] applies 0 allowed 0, ids 25 requested  [File=/var/www/html/booking/lib/Application/Attributes/AttributeService.php,Line=294]
2019-10-27T18:20:58+07:00 [13609] DEBUG default - [User=Pannida Dugkhuntod (s15_pannida.d@vistec.ac.th)] applies 0 allowed 0, ids 26 requested  [File=/var/www/html/booking/lib/Application/Attributes/AttributeService.php,Line=294]
2019-10-27T18:20:58+07:00 [13609] DEBUG default - [User=Pannida Dugkhuntod (s15_pannida.d@vistec.ac.th)] applies 0 allowed 0, ids 29 requested  [File=/var/www/html/booking/lib/Application/Attributes/AttributeService.php,Line=294]
2019-10-27T18:20:58+07:00 [13609] DEBUG default - [User=Pannida Dugkhuntod (s15_pannida.d@vistec.ac.th)] applies 0 allowed 0, ids 26 requested  [File=/var/www/html/booking/lib/Application/Attributes/AttributeService.php,Line=294]
2019-10-27T18:20:58+07:00 [13609] DEBUG default - [User=Pannida Dugkhuntod (s15_pannida.d@vistec.ac.th)] applies 0 allowed 1, ids 2 requested  [File=/var/www/html/booking/lib/Application/Attributes/AttributeService.php,Line=294]
2019-10-27T18:20:58+07:00 [13609] DEBUG default - [User=Pannida Dugkhuntod (s15_pannida.d@vistec.ac.th)] applies 0 allowed 1, ids 15 requested  [File=/var/www/html/booking/lib/Application/Attributes/AttributeService.php,Line=294]
2019-10-27T18:20:58+07:00 [13609] DEBUG default - [User=Pannida Dugkhuntod (s15_pannida.d@vistec.ac.th)] applies 0 allowed 0, ids 18,27 requested  [File=/var/www/html/booking/lib/Application/Attributes/AttributeService.php,Line=294]
2019-10-27T18:20:58+07:00 [13609] DEBUG default - [User=Pannida Dugkhuntod (s15_pannida.d@vistec.ac.th)] applies 0 allowed 0, ids 16 requested  [File=/var/www/html/booking/lib/Application/Attributes/AttributeService.php,Line=294]
2019-10-27T18:20:58+07:00 [13609] DEBUG default - [User=Pannida Dugkhuntod (s15_pannida.d@vistec.ac.th)] applies 0 allowed 0, ids 18 requested  [File=/var/www/html/booking/lib/Application/Attributes/AttributeService.php,Line=294]
2019-10-27T18:20:58+07:00 [13609] DEBUG default - [User=Pannida Dugkhuntod (s15_pannida.d@vistec.ac.th)] applies 0 allowed 0, ids 26 requested  [File=/var/www/html/booking/lib/Application/Attributes/AttributeService.php,Line=294]
2019-10-27T18:20:58+07:00 [13609] DEBUG default - [User=Pannida Dugkhuntod (s15_pannida.d@vistec.ac.th)] applies 0 allowed 1, ids 18,2 requested  [File=/var/www/html/booking/lib/Application/Attributes/AttributeService.php,Line=294]
2019-10-27T18:20:58+07:00 [13609] DEBUG default - [User=Pannida Dugkhuntod (s15_pannida.d@vistec.ac.th)] applies 0 allowed 0, ids 17 requested  [File=/var/www/html/booking/lib/Application/Attributes/AttributeService.php,Line=294]
2019-10-27T18:20:58+07:00 [13609] DEBUG default - [User=Pannida Dugkhuntod (s15_pannida.d@vistec.ac.th)] applies 0 allowed 0, ids 17 requested  [File=/var/www/html/booking/lib/Application/Attributes/AttributeService.php,Line=294]
2019-10-27T18:20:58+07:00 [13609] DEBUG default - [User=Pannida Dugkhuntod (s15_pannida.d@vistec.ac.th)] applies 0 allowed 0, ids 26 requested  [File=/var/www/html/booking/lib/Application/Attributes/AttributeService.php,Line=294]
2019-10-27T18:20:58+07:00 [13609] DEBUG default - [User=Pannida Dugkhuntod (s15_pannida.d@vistec.ac.th)] applies 0 allowed 1, ids 2 requested  [File=/var/www/html/booking/lib/Application/Attributes/AttributeService.php,Line=294]
2019-10-27T18:20:58+07:00 [13609] DEBUG default - [User=Pannida Dugkhuntod (s15_pannida.d@vistec.ac.th)] applies 0 allowed 0, ids 17 requested  [File=/var/www/html/booking/lib/Application/Attributes/AttributeService.php,Line=294]
2019-10-27T18:20:58+07:00 [13609] DEBUG default - [User=Pannida Dugkhuntod (s15_pannida.d@vistec.ac.th)] applies 0 allowed 0, ids 16 requested  [File=/var/www/html/booking/lib/Application/Attributes/AttributeService.php,Line=294]
2019-10-27T18:20:58+07:00 [13609] DEBUG default - [User=Pannida Dugkhuntod (s15_pannida.d@vistec.ac.th)] applies 0 allowed 1, ids 23,26,22,21 requested  [File=/var/www/html/booking/lib/Application/Attributes/AttributeService.php,Line=294]
2019-10-27T18:20:58+07:00 [13609] DEBUG default - [User=Pannida Dugkhuntod (s15_pannida.d@vistec.ac.th)] applies 0 allowed 1, ids 23,26,22,29,21 requested  [File=/var/www/html/booking/lib/Application/Attributes/AttributeService.php,Line=294]
2019-10-27T19:06:27+07:00 [757] DEBUG default - [User=Navarut Paengjun (1830406@vistec.ac.th)] applies 0 allowed 1, ids 2 requested 16 [File=/var/www/html/booking/lib/Application/Attributes/AttributeService.php,Line=294]
2019-10-27T19:06:27+07:00 [757] DEBUG default - [User=Navarut Paengjun (1830406@vistec.ac.th)] applies 0 allowed 0, ids 17 requested 16 [File=/var/www/html/booking/lib/Application/Attributes/AttributeService.php,Line=294]
2019-10-27T19:06:27+07:00 [757] DEBUG default - [User=Navarut Paengjun (1830406@vistec.ac.th)] applies 0 allowed 0, ids 25 requested 16 [File=/var/www/html/booking/lib/Application/Attributes/AttributeService.php,Line=294]
2019-10-27T19:06:27+07:00 [757] DEBUG default - [User=Navarut Paengjun (1830406@vistec.ac.th)] applies 1 allowed 1, ids 16 requested 16 [File=/var/www/html/booking/lib/Application/Attributes/AttributeService.php,Line=294]
2019-10-27T19:06:27+07:00 [757] DEBUG default - [User=Navarut Paengjun (1830406@vistec.ac.th)] applies 0 allowed 0, ids 25 requested 16 [File=/var/www/html/booking/lib/Application/Attributes/AttributeService.php,Line=294]
2019-10-27T19:06:27+07:00 [757] DEBUG default - [User=Navarut Paengjun (1830406@vistec.ac.th)] applies 0 allowed 0, ids 26 requested 16 [File=/var/www/html/booking/lib/Application/Attributes/AttributeService.php,Line=294]
2019-10-27T19:06:27+07:00 [757] DEBUG default - [User=Navarut Paengjun (1830406@vistec.ac.th)] applies 0 allowed 0, ids 29 requested 16 [File=/var/www/html/booking/lib/Application/Attributes/AttributeService.php,Line=294]
2019-10-27T19:06:27+07:00 [757] DEBUG default - [User=Navarut Paengjun (1830406@vistec.ac.th)] applies 0 allowed 0, ids 26 requested 16 [File=/var/www/html/booking/lib/Application/Attributes/AttributeService.php,Line=294]
2019-10-27T19:06:27+07:00 [757] DEBUG default - [User=Navarut Paengjun (1830406@vistec.ac.th)] applies 0 allowed 1, ids 2 requested 16 [File=/var/www/html/booking/lib/Application/Attributes/AttributeService.php,Line=294]
2019-10-27T19:06:27+07:00 [757] DEBUG default - [User=Navarut Paengjun (1830406@vistec.ac.th)] applies 0 allowed 0, ids 15 requested 16 [File=/var/www/html/booking/lib/Application/Attributes/AttributeService.php,Line=294]
2019-10-27T19:06:27+07:00 [757] DEBUG default - [User=Navarut Paengjun (1830406@vistec.ac.th)] applies 0 allowed 0, ids 18,27 requested 16 [File=/var/www/html/booking/lib/Application/Attributes/AttributeService.php,Line=294]
2019-10-27T19:06:27+07:00 [757] DEBUG default - [User=Navarut Paengjun (1830406@vistec.ac.th)] applies 1 allowed 1, ids 16 requested 16 [File=/var/www/html/booking/lib/Application/Attributes/AttributeService.php,Line=294]
2019-10-27T19:06:27+07:00 [757] DEBUG default - [User=Navarut Paengjun (1830406@vistec.ac.th)] applies 0 allowed 0, ids 18 requested 16 [File=/var/www/html/booking/lib/Application/Attributes/AttributeService.php,Line=294]
2019-10-27T19:06:27+07:00 [757] DEBUG default - [User=Navarut Paengjun (1830406@vistec.ac.th)] applies 0 allowed 0, ids 26 requested 16 [File=/var/www/html/booking/lib/Application/Attributes/AttributeService.php,Line=294]
2019-10-27T19:06:27+07:00 [757] DEBUG default - [User=Navarut Paengjun (1830406@vistec.ac.th)] applies 0 allowed 1, ids 18,2 requested 16 [File=/var/www/html/booking/lib/Application/Attributes/AttributeService.php,Line=294]
2019-10-27T19:06:27+07:00 [757] DEBUG default - [User=Navarut Paengjun (1830406@vistec.ac.th)] applies 0 allowed 0, ids 17 requested 16 [File=/var/www/html/booking/lib/Application/Attributes/AttributeService.php,Line=294]
2019-10-27T19:06:27+07:00 [757] DEBUG default - [User=Navarut Paengjun (1830406@vistec.ac.th)] applies 0 allowed 0, ids 17 requested 16 [File=/var/www/html/booking/lib/Application/Attributes/AttributeService.php,Line=294]
2019-10-27T19:06:27+07:00 [757] DEBUG default - [User=Navarut Paengjun (1830406@vistec.ac.th)] applies 0 allowed 0, ids 26 requested 16 [File=/var/www/html/booking/lib/Application/Attributes/AttributeService.php,Line=294]
2019-10-27T19:06:27+07:00 [757] DEBUG default - [User=Navarut Paengjun (1830406@vistec.ac.th)] applies 0 allowed 1, ids 2 requested 16 [File=/var/www/html/booking/lib/Application/Attributes/AttributeService.php,Line=294]
2019-10-27T19:06:27+07:00 [757] DEBUG default - [User=Navarut Paengjun (1830406@vistec.ac.th)] applies 0 allowed 0, ids 17 requested 16 [File=/var/www/html/booking/lib/Application/Attributes/AttributeService.php,Line=294]
2019-10-27T19:06:27+07:00 [757] DEBUG default - [User=Navarut Paengjun (1830406@vistec.ac.th)] applies 1 allowed 1, ids 16 requested 16 [File=/var/www/html/booking/lib/Application/Attributes/AttributeService.php,Line=294]
2019-10-27T19:06:27+07:00 [757] DEBUG default - [User=Navarut Paengjun (1830406@vistec.ac.th)] applies 0 allowed 1, ids 23,26,22,21 requested 16 [File=/var/www/html/booking/lib/Application/Attributes/AttributeService.php,Line=294]
2019-10-27T19:06:27+07:00 [757] DEBUG default - [User=Navarut Paengjun (1830406@vistec.ac.th)] applies 0 allowed 1, ids 23,26,22,29,21 requested 16 [File=/var/www/html/booking/lib/Application/Attributes/AttributeService.php,Line=294]
2019-10-27T22:32:25+07:00 [13609] DEBUG default - [User=Peerapol Pornsetmetakul (Peerapol.p_s18@vistec.ac.th)] applies 0 allowed 1, ids 2 requested  [File=/var/www/html/booking/lib/Application/Attributes/AttributeService.php,Line=294]
2019-10-27T22:32:25+07:00 [13609] DEBUG default - [User=Peerapol Pornsetmetakul (Peerapol.p_s18@vistec.ac.th)] applies 0 allowed 0, ids 17 requested  [File=/var/www/html/booking/lib/Application/Attributes/AttributeService.php,Line=294]
2019-10-27T22:32:25+07:00 [13609] DEBUG default - [User=Peerapol Pornsetmetakul (Peerapol.p_s18@vistec.ac.th)] applies 0 allowed 0, ids 25 requested  [File=/var/www/html/booking/lib/Application/Attributes/AttributeService.php,Line=294]
2019-10-27T22:32:25+07:00 [13609] DEBUG default - [User=Peerapol Pornsetmetakul (Peerapol.p_s18@vistec.ac.th)] applies 0 allowed 0, ids 16 requested  [File=/var/www/html/booking/lib/Application/Attributes/AttributeService.php,Line=294]
2019-10-27T22:32:25+07:00 [13609] DEBUG default - [User=Peerapol Pornsetmetakul (Peerapol.p_s18@vistec.ac.th)] applies 0 allowed 0, ids 25 requested  [File=/var/www/html/booking/lib/Application/Attributes/AttributeService.php,Line=294]
2019-10-27T22:32:25+07:00 [13609] DEBUG default - [User=Peerapol Pornsetmetakul (Peerapol.p_s18@vistec.ac.th)] applies 0 allowed 0, ids 26 requested  [File=/var/www/html/booking/lib/Application/Attributes/AttributeService.php,Line=294]
2019-10-27T22:32:25+07:00 [13609] DEBUG default - [User=Peerapol Pornsetmetakul (Peerapol.p_s18@vistec.ac.th)] applies 0 allowed 0, ids 29 requested  [File=/var/www/html/booking/lib/Application/Attributes/AttributeService.php,Line=294]
2019-10-27T22:32:25+07:00 [13609] DEBUG default - [User=Peerapol Pornsetmetakul (Peerapol.p_s18@vistec.ac.th)] applies 0 allowed 0, ids 26 requested  [File=/var/www/html/booking/lib/Application/Attributes/AttributeService.php,Line=294]
2019-10-27T22:32:25+07:00 [13609] DEBUG default - [User=Peerapol Pornsetmetakul (Peerapol.p_s18@vistec.ac.th)] applies 0 allowed 1, ids 2 requested  [File=/var/www/html/booking/lib/Application/Attributes/AttributeService.php,Line=294]
2019-10-27T22:32:25+07:00 [13609] DEBUG default - [User=Peerapol Pornsetmetakul (Peerapol.p_s18@vistec.ac.th)] applies 0 allowed 0, ids 15 requested  [File=/var/www/html/booking/lib/Application/Attributes/AttributeService.php,Line=294]
2019-10-27T22:32:25+07:00 [13609] DEBUG default - [User=Peerapol Pornsetmetakul (Peerapol.p_s18@vistec.ac.th)] applies 0 allowed 0, ids 18,27 requested  [File=/var/www/html/booking/lib/Application/Attributes/AttributeService.php,Line=294]
2019-10-27T22:32:25+07:00 [13609] DEBUG default - [User=Peerapol Pornsetmetakul (Peerapol.p_s18@vistec.ac.th)] applies 0 allowed 0, ids 16 requested  [File=/var/www/html/booking/lib/Application/Attributes/AttributeService.php,Line=294]
2019-10-27T22:32:25+07:00 [13609] DEBUG default - [User=Peerapol Pornsetmetakul (Peerapol.p_s18@vistec.ac.th)] applies 0 allowed 0, ids 18 requested  [File=/var/www/html/booking/lib/Application/Attributes/AttributeService.php,Line=294]
2019-10-27T22:32:25+07:00 [13609] DEBUG default - [User=Peerapol Pornsetmetakul (Peerapol.p_s18@vistec.ac.th)] applies 0 allowed 0, ids 26 requested  [File=/var/www/html/booking/lib/Application/Attributes/AttributeService.php,Line=294]
2019-10-27T22:32:25+07:00 [13609] DEBUG default - [User=Peerapol Pornsetmetakul (Peerapol.p_s18@vistec.ac.th)] applies 0 allowed 1, ids 18,2 requested  [File=/var/www/html/booking/lib/Application/Attributes/AttributeService.php,Line=294]
2019-10-27T22:32:25+07:00 [13609] DEBUG default - [User=Peerapol Pornsetmetakul (Peerapol.p_s18@vistec.ac.th)] applies 0 allowed 0, ids 17 requested  [File=/var/www/html/booking/lib/Application/Attributes/AttributeService.php,Line=294]
2019-10-27T22:32:25+07:00 [13609] DEBUG default - [User=Peerapol Pornsetmetakul (Peerapol.p_s18@vistec.ac.th)] applies 0 allowed 0, ids 17 requested  [File=/var/www/html/booking/lib/Application/Attributes/AttributeService.php,Line=294]
2019-10-27T22:32:25+07:00 [13609] DEBUG default - [User=Peerapol Pornsetmetakul (Peerapol.p_s18@vistec.ac.th)] applies 0 allowed 0, ids 26 requested  [File=/var/www/html/booking/lib/Application/Attributes/AttributeService.php,Line=294]
2019-10-27T22:32:25+07:00 [13609] DEBUG default - [User=Peerapol Pornsetmetakul (Peerapol.p_s18@vistec.ac.th)] applies 0 allowed 1, ids 2 requested  [File=/var/www/html/booking/lib/Application/Attributes/AttributeService.php,Line=294]
2019-10-27T22:32:25+07:00 [13609] DEBUG default - [User=Peerapol Pornsetmetakul (Peerapol.p_s18@vistec.ac.th)] applies 0 allowed 0, ids 17 requested  [File=/var/www/html/booking/lib/Application/Attributes/AttributeService.php,Line=294]
2019-10-27T22:32:25+07:00 [13609] DEBUG default - [User=Peerapol Pornsetmetakul (Peerapol.p_s18@vistec.ac.th)] applies 0 allowed 0, ids 16 requested  [File=/var/www/html/booking/lib/Application/Attributes/AttributeService.php,Line=294]
2019-10-27T22:32:25+07:00 [13609] DEBUG default - [User=Peerapol Pornsetmetakul (Peerapol.p_s18@vistec.ac.th)] applies 0 allowed 1, ids 23,26,22,21 requested  [File=/var/www/html/booking/lib/Application/Attributes/AttributeService.php,Line=294]
2019-10-27T22:32:25+07:00 [13609] DEBUG default - [User=Peerapol Pornsetmetakul (Peerapol.p_s18@vistec.ac.th)] applies 0 allowed 1, ids 23,26,22,29,21 requested  [File=/var/www/html/booking/lib/Application/Attributes/AttributeService.php,Line=294]
2019-10-27T22:32:33+07:00 [757] DEBUG default - [User=Peerapol Pornsetmetakul (Peerapol.p_s18@vistec.ac.th)] applies 0 allowed 1, ids 2 requested  [File=/var/www/html/booking/lib/Application/Attributes/AttributeService.php,Line=294]
2019-10-27T22:32:33+07:00 [757] DEBUG default - [User=Peerapol Pornsetmetakul (Peerapol.p_s18@vistec.ac.th)] applies 0 allowed 0, ids 17 requested  [File=/var/www/html/booking/lib/Application/Attributes/AttributeService.php,Line=294]
2019-10-27T22:32:33+07:00 [757] DEBUG default - [User=Peerapol Pornsetmetakul (Peerapol.p_s18@vistec.ac.th)] applies 0 allowed 0, ids 25 requested  [File=/var/www/html/booking/lib/Application/Attributes/AttributeService.php,Line=294]
2019-10-27T22:32:33+07:00 [757] DEBUG default - [User=Peerapol Pornsetmetakul (Peerapol.p_s18@vistec.ac.th)] applies 0 allowed 0, ids 16 requested  [File=/var/www/html/booking/lib/Application/Attributes/AttributeService.php,Line=294]
2019-10-27T22:32:33+07:00 [757] DEBUG default - [User=Peerapol Pornsetmetakul (Peerapol.p_s18@vistec.ac.th)] applies 0 allowed 0, ids 25 requested  [File=/var/www/html/booking/lib/Application/Attributes/AttributeService.php,Line=294]
2019-10-27T22:32:33+07:00 [757] DEBUG default - [User=Peerapol Pornsetmetakul (Peerapol.p_s18@vistec.ac.th)] applies 0 allowed 0, ids 26 requested  [File=/var/www/html/booking/lib/Application/Attributes/AttributeService.php,Line=294]
2019-10-27T22:32:33+07:00 [757] DEBUG default - [User=Peerapol Pornsetmetakul (Peerapol.p_s18@vistec.ac.th)] applies 0 allowed 0, ids 29 requested  [File=/var/www/html/booking/lib/Application/Attributes/AttributeService.php,Line=294]
2019-10-27T22:32:33+07:00 [757] DEBUG default - [User=Peerapol Pornsetmetakul (Peerapol.p_s18@vistec.ac.th)] applies 0 allowed 0, ids 26 requested  [File=/var/www/html/booking/lib/Application/Attributes/AttributeService.php,Line=294]
2019-10-27T22:32:33+07:00 [757] DEBUG default - [User=Peerapol Pornsetmetakul (Peerapol.p_s18@vistec.ac.th)] applies 0 allowed 1, ids 2 requested  [File=/var/www/html/booking/lib/Application/Attributes/AttributeService.php,Line=294]
2019-10-27T22:32:33+07:00 [757] DEBUG default - [User=Peerapol Pornsetmetakul (Peerapol.p_s18@vistec.ac.th)] applies 0 allowed 0, ids 15 requested  [File=/var/www/html/booking/lib/Application/Attributes/AttributeService.php,Line=294]
2019-10-27T22:32:33+07:00 [757] DEBUG default - [User=Peerapol Pornsetmetakul (Peerapol.p_s18@vistec.ac.th)] applies 0 allowed 0, ids 18,27 requested  [File=/var/www/html/booking/lib/Application/Attributes/AttributeService.php,Line=294]
2019-10-27T22:32:33+07:00 [757] DEBUG default - [User=Peerapol Pornsetmetakul (Peerapol.p_s18@vistec.ac.th)] applies 0 allowed 0, ids 16 requested  [File=/var/www/html/booking/lib/Application/Attributes/AttributeService.php,Line=294]
2019-10-27T22:32:33+07:00 [757] DEBUG default - [User=Peerapol Pornsetmetakul (Peerapol.p_s18@vistec.ac.th)] applies 0 allowed 0, ids 18 requested  [File=/var/www/html/booking/lib/Application/Attributes/AttributeService.php,Line=294]
2019-10-27T22:32:33+07:00 [757] DEBUG default - [User=Peerapol Pornsetmetakul (Peerapol.p_s18@vistec.ac.th)] applies 0 allowed 0, ids 26 requested  [File=/var/www/html/booking/lib/Application/Attributes/AttributeService.php,Line=294]
2019-10-27T22:32:33+07:00 [757] DEBUG default - [User=Peerapol Pornsetmetakul (Peerapol.p_s18@vistec.ac.th)] applies 0 allowed 1, ids 18,2 requested  [File=/var/www/html/booking/lib/Application/Attributes/AttributeService.php,Line=294]
2019-10-27T22:32:33+07:00 [757] DEBUG default - [User=Peerapol Pornsetmetakul (Peerapol.p_s18@vistec.ac.th)] applies 0 allowed 0, ids 17 requested  [File=/var/www/html/booking/lib/Application/Attributes/AttributeService.php,Line=294]
2019-10-27T22:32:33+07:00 [757] DEBUG default - [User=Peerapol Pornsetmetakul (Peerapol.p_s18@vistec.ac.th)] applies 0 allowed 0, ids 17 requested  [File=/var/www/html/booking/lib/Application/Attributes/AttributeService.php,Line=294]
2019-10-27T22:32:33+07:00 [757] DEBUG default - [User=Peerapol Pornsetmetakul (Peerapol.p_s18@vistec.ac.th)] applies 0 allowed 0, ids 26 requested  [File=/var/www/html/booking/lib/Application/Attributes/AttributeService.php,Line=294]
2019-10-27T22:32:33+07:00 [757] DEBUG default - [User=Peerapol Pornsetmetakul (Peerapol.p_s18@vistec.ac.th)] applies 0 allowed 1, ids 2 requested  [File=/var/www/html/booking/lib/Application/Attributes/AttributeService.php,Line=294]
2019-10-27T22:32:33+07:00 [757] DEBUG default - [User=Peerapol Pornsetmetakul (Peerapol.p_s18@vistec.ac.th)] applies 0 allowed 0, ids 17 requested  [File=/var/www/html/booking/lib/Application/Attributes/AttributeService.php,Line=294]
2019-10-27T22:32:33+07:00 [757] DEBUG default - [User=Peerapol Pornsetmetakul (Peerapol.p_s18@vistec.ac.th)] applies 0 allowed 0, ids 16 requested  [File=/var/www/html/booking/lib/Application/Attributes/AttributeService.php,Line=294]
2019-10-27T22:32:33+07:00 [757] DEBUG default - [User=Peerapol Pornsetmetakul (Peerapol.p_s18@vistec.ac.th)] applies 0 allowed 1, ids 23,26,22,21 requested  [File=/var/www/html/booking/lib/Application/Attributes/AttributeService.php,Line=294]
2019-10-27T22:32:33+07:00 [757] DEBUG default - [User=Peerapol Pornsetmetakul (Peerapol.p_s18@vistec.ac.th)] applies 0 allowed 1, ids 23,26,22,29,21 requested  [File=/var/www/html/booking/lib/Application/Attributes/AttributeService.php,Line=294]
