2019-04-14T17:33:37+07:00 [23803] DEBUG default - [User=Admin A. (napatsorn.m@vistec.ac.th)] applies 0 allowed 1, ids 2 requested NaN [File=/var/www/html/booking/lib/Application/Attributes/AttributeService.php,Line=294]
2019-04-14T17:33:37+07:00 [23803] DEBUG default - [User=Admin A. (napatsorn.m@vistec.ac.th)] applies 0 allowed 1, ids 17 requested NaN [File=/var/www/html/booking/lib/Application/Attributes/AttributeService.php,Line=294]
2019-04-14T17:33:37+07:00 [23803] DEBUG default - [User=Admin A. (napatsorn.m@vistec.ac.th)] applies 0 allowed 1, ids 25 requested NaN [File=/var/www/html/booking/lib/Application/Attributes/AttributeService.php,Line=294]
2019-04-14T17:33:37+07:00 [23803] DEBUG default - [User=Admin A. (napatsorn.m@vistec.ac.th)] applies 0 allowed 1, ids 16 requested NaN [File=/var/www/html/booking/lib/Application/Attributes/AttributeService.php,Line=294]
2019-04-14T17:33:37+07:00 [23803] DEBUG default - [User=Admin A. (napatsorn.m@vistec.ac.th)] applies 0 allowed 1, ids 25 requested NaN [File=/var/www/html/booking/lib/Application/Attributes/AttributeService.php,Line=294]
2019-04-14T17:33:37+07:00 [23803] DEBUG default - [User=Admin A. (napatsorn.m@vistec.ac.th)] applies 0 allowed 1, ids 26 requested NaN [File=/var/www/html/booking/lib/Application/Attributes/AttributeService.php,Line=294]
2019-04-14T17:33:37+07:00 [23803] DEBUG default - [User=Admin A. (napatsorn.m@vistec.ac.th)] applies 0 allowed 1, ids 29 requested NaN [File=/var/www/html/booking/lib/Application/Attributes/AttributeService.php,Line=294]
2019-04-14T17:33:37+07:00 [23803] DEBUG default - [User=Admin A. (napatsorn.m@vistec.ac.th)] applies 0 allowed 1, ids 26 requested NaN [File=/var/www/html/booking/lib/Application/Attributes/AttributeService.php,Line=294]
2019-04-14T17:33:37+07:00 [23803] DEBUG default - [User=Admin A. (napatsorn.m@vistec.ac.th)] applies 0 allowed 1, ids 2 requested NaN [File=/var/www/html/booking/lib/Application/Attributes/AttributeService.php,Line=294]
2019-04-14T17:33:37+07:00 [23803] DEBUG default - [User=Admin A. (napatsorn.m@vistec.ac.th)] applies 0 allowed 1, ids 15 requested NaN [File=/var/www/html/booking/lib/Application/Attributes/AttributeService.php,Line=294]
2019-04-14T17:33:37+07:00 [23803] DEBUG default - [User=Admin A. (napatsorn.m@vistec.ac.th)] applies 0 allowed 2, ids 18,27 requested NaN [File=/var/www/html/booking/lib/Application/Attributes/AttributeService.php,Line=294]
2019-04-14T17:33:37+07:00 [23803] DEBUG default - [User=Admin A. (napatsorn.m@vistec.ac.th)] applies 0 allowed 1, ids 16 requested NaN [File=/var/www/html/booking/lib/Application/Attributes/AttributeService.php,Line=294]
2019-04-14T17:33:37+07:00 [23803] DEBUG default - [User=Admin A. (napatsorn.m@vistec.ac.th)] applies 0 allowed 1, ids 18 requested NaN [File=/var/www/html/booking/lib/Application/Attributes/AttributeService.php,Line=294]
2019-04-14T17:33:37+07:00 [23803] DEBUG default - [User=Admin A. (napatsorn.m@vistec.ac.th)] applies 0 allowed 1, ids 26 requested NaN [File=/var/www/html/booking/lib/Application/Attributes/AttributeService.php,Line=294]
2019-04-14T17:33:37+07:00 [23803] DEBUG default - [User=Admin A. (napatsorn.m@vistec.ac.th)] applies 0 allowed 2, ids 18,2 requested NaN [File=/var/www/html/booking/lib/Application/Attributes/AttributeService.php,Line=294]
2019-04-14T17:33:37+07:00 [23803] DEBUG default - [User=Admin A. (napatsorn.m@vistec.ac.th)] applies 0 allowed 1, ids 17 requested NaN [File=/var/www/html/booking/lib/Application/Attributes/AttributeService.php,Line=294]
2019-04-14T17:33:37+07:00 [23803] DEBUG default - [User=Admin A. (napatsorn.m@vistec.ac.th)] applies 0 allowed 1, ids 17 requested NaN [File=/var/www/html/booking/lib/Application/Attributes/AttributeService.php,Line=294]
2019-04-14T17:33:37+07:00 [23803] DEBUG default - [User=Admin A. (napatsorn.m@vistec.ac.th)] applies 0 allowed 1, ids 26 requested NaN [File=/var/www/html/booking/lib/Application/Attributes/AttributeService.php,Line=294]
2019-04-14T17:33:37+07:00 [23803] DEBUG default - [User=Admin A. (napatsorn.m@vistec.ac.th)] applies 0 allowed 1, ids 2 requested NaN [File=/var/www/html/booking/lib/Application/Attributes/AttributeService.php,Line=294]
2019-04-14T17:33:37+07:00 [23803] DEBUG default - [User=Admin A. (napatsorn.m@vistec.ac.th)] applies 0 allowed 1, ids 17 requested NaN [File=/var/www/html/booking/lib/Application/Attributes/AttributeService.php,Line=294]
2019-04-14T17:33:37+07:00 [23803] DEBUG default - [User=Admin A. (napatsorn.m@vistec.ac.th)] applies 0 allowed 1, ids 16 requested NaN [File=/var/www/html/booking/lib/Application/Attributes/AttributeService.php,Line=294]
2019-04-14T17:33:37+07:00 [23803] DEBUG default - [User=Admin A. (napatsorn.m@vistec.ac.th)] applies 0 allowed 4, ids 23,26,22,21 requested NaN [File=/var/www/html/booking/lib/Application/Attributes/AttributeService.php,Line=294]
2019-04-14T17:33:37+07:00 [23803] DEBUG default - [User=Admin A. (napatsorn.m@vistec.ac.th)] applies 0 allowed 5, ids 23,26,22,29,21 requested NaN [File=/var/www/html/booking/lib/Application/Attributes/AttributeService.php,Line=294]
2019-04-14T17:34:23+07:00 [6290] DEBUG default - [User=Admin A. (napatsorn.m@vistec.ac.th)] applies 0 allowed 1, ids 2 requested NaN [File=/var/www/html/booking/lib/Application/Attributes/AttributeService.php,Line=294]
2019-04-14T17:34:23+07:00 [6290] DEBUG default - [User=Admin A. (napatsorn.m@vistec.ac.th)] applies 0 allowed 1, ids 17 requested NaN [File=/var/www/html/booking/lib/Application/Attributes/AttributeService.php,Line=294]
2019-04-14T17:34:23+07:00 [6290] DEBUG default - [User=Admin A. (napatsorn.m@vistec.ac.th)] applies 0 allowed 1, ids 25 requested NaN [File=/var/www/html/booking/lib/Application/Attributes/AttributeService.php,Line=294]
2019-04-14T17:34:23+07:00 [6290] DEBUG default - [User=Admin A. (napatsorn.m@vistec.ac.th)] applies 0 allowed 1, ids 16 requested NaN [File=/var/www/html/booking/lib/Application/Attributes/AttributeService.php,Line=294]
2019-04-14T17:34:23+07:00 [6290] DEBUG default - [User=Admin A. (napatsorn.m@vistec.ac.th)] applies 0 allowed 1, ids 25 requested NaN [File=/var/www/html/booking/lib/Application/Attributes/AttributeService.php,Line=294]
2019-04-14T17:34:23+07:00 [6290] DEBUG default - [User=Admin A. (napatsorn.m@vistec.ac.th)] applies 0 allowed 1, ids 26 requested NaN [File=/var/www/html/booking/lib/Application/Attributes/AttributeService.php,Line=294]
2019-04-14T17:34:23+07:00 [6290] DEBUG default - [User=Admin A. (napatsorn.m@vistec.ac.th)] applies 0 allowed 1, ids 29 requested NaN [File=/var/www/html/booking/lib/Application/Attributes/AttributeService.php,Line=294]
2019-04-14T17:34:23+07:00 [6290] DEBUG default - [User=Admin A. (napatsorn.m@vistec.ac.th)] applies 0 allowed 1, ids 26 requested NaN [File=/var/www/html/booking/lib/Application/Attributes/AttributeService.php,Line=294]
2019-04-14T17:34:23+07:00 [6290] DEBUG default - [User=Admin A. (napatsorn.m@vistec.ac.th)] applies 0 allowed 1, ids 2 requested NaN [File=/var/www/html/booking/lib/Application/Attributes/AttributeService.php,Line=294]
2019-04-14T17:34:23+07:00 [6290] DEBUG default - [User=Admin A. (napatsorn.m@vistec.ac.th)] applies 0 allowed 1, ids 15 requested NaN [File=/var/www/html/booking/lib/Application/Attributes/AttributeService.php,Line=294]
2019-04-14T17:34:23+07:00 [6290] DEBUG default - [User=Admin A. (napatsorn.m@vistec.ac.th)] applies 0 allowed 2, ids 18,27 requested NaN [File=/var/www/html/booking/lib/Application/Attributes/AttributeService.php,Line=294]
2019-04-14T17:34:23+07:00 [6290] DEBUG default - [User=Admin A. (napatsorn.m@vistec.ac.th)] applies 0 allowed 1, ids 16 requested NaN [File=/var/www/html/booking/lib/Application/Attributes/AttributeService.php,Line=294]
2019-04-14T17:34:23+07:00 [6290] DEBUG default - [User=Admin A. (napatsorn.m@vistec.ac.th)] applies 0 allowed 1, ids 18 requested NaN [File=/var/www/html/booking/lib/Application/Attributes/AttributeService.php,Line=294]
2019-04-14T17:34:23+07:00 [6290] DEBUG default - [User=Admin A. (napatsorn.m@vistec.ac.th)] applies 0 allowed 1, ids 26 requested NaN [File=/var/www/html/booking/lib/Application/Attributes/AttributeService.php,Line=294]
2019-04-14T17:34:23+07:00 [6290] DEBUG default - [User=Admin A. (napatsorn.m@vistec.ac.th)] applies 0 allowed 2, ids 18,2 requested NaN [File=/var/www/html/booking/lib/Application/Attributes/AttributeService.php,Line=294]
2019-04-14T17:34:23+07:00 [6290] DEBUG default - [User=Admin A. (napatsorn.m@vistec.ac.th)] applies 0 allowed 1, ids 17 requested NaN [File=/var/www/html/booking/lib/Application/Attributes/AttributeService.php,Line=294]
2019-04-14T17:34:23+07:00 [6290] DEBUG default - [User=Admin A. (napatsorn.m@vistec.ac.th)] applies 0 allowed 1, ids 17 requested NaN [File=/var/www/html/booking/lib/Application/Attributes/AttributeService.php,Line=294]
2019-04-14T17:34:23+07:00 [6290] DEBUG default - [User=Admin A. (napatsorn.m@vistec.ac.th)] applies 0 allowed 1, ids 26 requested NaN [File=/var/www/html/booking/lib/Application/Attributes/AttributeService.php,Line=294]
2019-04-14T17:34:23+07:00 [6290] DEBUG default - [User=Admin A. (napatsorn.m@vistec.ac.th)] applies 0 allowed 1, ids 2 requested NaN [File=/var/www/html/booking/lib/Application/Attributes/AttributeService.php,Line=294]
2019-04-14T17:34:23+07:00 [6290] DEBUG default - [User=Admin A. (napatsorn.m@vistec.ac.th)] applies 0 allowed 1, ids 17 requested NaN [File=/var/www/html/booking/lib/Application/Attributes/AttributeService.php,Line=294]
2019-04-14T17:34:23+07:00 [6290] DEBUG default - [User=Admin A. (napatsorn.m@vistec.ac.th)] applies 0 allowed 1, ids 16 requested NaN [File=/var/www/html/booking/lib/Application/Attributes/AttributeService.php,Line=294]
2019-04-14T17:34:23+07:00 [6290] DEBUG default - [User=Admin A. (napatsorn.m@vistec.ac.th)] applies 0 allowed 4, ids 23,26,22,21 requested NaN [File=/var/www/html/booking/lib/Application/Attributes/AttributeService.php,Line=294]
2019-04-14T17:34:23+07:00 [6290] DEBUG default - [User=Admin A. (napatsorn.m@vistec.ac.th)] applies 0 allowed 5, ids 23,26,22,29,21 requested NaN [File=/var/www/html/booking/lib/Application/Attributes/AttributeService.php,Line=294]
2019-04-14T23:18:23+07:00 [6290] DEBUG default - [User=Ploychanok Iadrat (ploychanok.i_s17@vistec.ac.th)] applies 1 allowed 1, ids 2 requested 2 [File=/var/www/html/booking/lib/Application/Attributes/AttributeService.php,Line=294]
2019-04-14T23:18:23+07:00 [6290] DEBUG default - [User=Ploychanok Iadrat (ploychanok.i_s17@vistec.ac.th)] applies 0 allowed 0, ids 17 requested 2 [File=/var/www/html/booking/lib/Application/Attributes/AttributeService.php,Line=294]
2019-04-14T23:18:23+07:00 [6290] DEBUG default - [User=Ploychanok Iadrat (ploychanok.i_s17@vistec.ac.th)] applies 0 allowed 0, ids 25 requested 2 [File=/var/www/html/booking/lib/Application/Attributes/AttributeService.php,Line=294]
2019-04-14T23:18:23+07:00 [6290] DEBUG default - [User=Ploychanok Iadrat (ploychanok.i_s17@vistec.ac.th)] applies 0 allowed 0, ids 16 requested 2 [File=/var/www/html/booking/lib/Application/Attributes/AttributeService.php,Line=294]
2019-04-14T23:18:23+07:00 [6290] DEBUG default - [User=Ploychanok Iadrat (ploychanok.i_s17@vistec.ac.th)] applies 0 allowed 0, ids 25 requested 2 [File=/var/www/html/booking/lib/Application/Attributes/AttributeService.php,Line=294]
2019-04-14T23:18:23+07:00 [6290] DEBUG default - [User=Ploychanok Iadrat (ploychanok.i_s17@vistec.ac.th)] applies 0 allowed 0, ids 26 requested 2 [File=/var/www/html/booking/lib/Application/Attributes/AttributeService.php,Line=294]
2019-04-14T23:18:23+07:00 [6290] DEBUG default - [User=Ploychanok Iadrat (ploychanok.i_s17@vistec.ac.th)] applies 0 allowed 0, ids 29 requested 2 [File=/var/www/html/booking/lib/Application/Attributes/AttributeService.php,Line=294]
2019-04-14T23:18:23+07:00 [6290] DEBUG default - [User=Ploychanok Iadrat (ploychanok.i_s17@vistec.ac.th)] applies 0 allowed 0, ids 26 requested 2 [File=/var/www/html/booking/lib/Application/Attributes/AttributeService.php,Line=294]
2019-04-14T23:18:23+07:00 [6290] DEBUG default - [User=Ploychanok Iadrat (ploychanok.i_s17@vistec.ac.th)] applies 1 allowed 1, ids 2 requested 2 [File=/var/www/html/booking/lib/Application/Attributes/AttributeService.php,Line=294]
2019-04-14T23:18:23+07:00 [6290] DEBUG default - [User=Ploychanok Iadrat (ploychanok.i_s17@vistec.ac.th)] applies 0 allowed 0, ids 15 requested 2 [File=/var/www/html/booking/lib/Application/Attributes/AttributeService.php,Line=294]
2019-04-14T23:18:23+07:00 [6290] DEBUG default - [User=Ploychanok Iadrat (ploychanok.i_s17@vistec.ac.th)] applies 0 allowed 0, ids 18,27 requested 2 [File=/var/www/html/booking/lib/Application/Attributes/AttributeService.php,Line=294]
2019-04-14T23:18:23+07:00 [6290] DEBUG default - [User=Ploychanok Iadrat (ploychanok.i_s17@vistec.ac.th)] applies 0 allowed 0, ids 16 requested 2 [File=/var/www/html/booking/lib/Application/Attributes/AttributeService.php,Line=294]
2019-04-14T23:18:23+07:00 [6290] DEBUG default - [User=Ploychanok Iadrat (ploychanok.i_s17@vistec.ac.th)] applies 0 allowed 0, ids 18 requested 2 [File=/var/www/html/booking/lib/Application/Attributes/AttributeService.php,Line=294]
2019-04-14T23:18:23+07:00 [6290] DEBUG default - [User=Ploychanok Iadrat (ploychanok.i_s17@vistec.ac.th)] applies 0 allowed 0, ids 26 requested 2 [File=/var/www/html/booking/lib/Application/Attributes/AttributeService.php,Line=294]
2019-04-14T23:18:23+07:00 [6290] DEBUG default - [User=Ploychanok Iadrat (ploychanok.i_s17@vistec.ac.th)] applies 1 allowed 1, ids 18,2 requested 2 [File=/var/www/html/booking/lib/Application/Attributes/AttributeService.php,Line=294]
2019-04-14T23:18:23+07:00 [6290] DEBUG default - [User=Ploychanok Iadrat (ploychanok.i_s17@vistec.ac.th)] applies 0 allowed 0, ids 17 requested 2 [File=/var/www/html/booking/lib/Application/Attributes/AttributeService.php,Line=294]
2019-04-14T23:18:23+07:00 [6290] DEBUG default - [User=Ploychanok Iadrat (ploychanok.i_s17@vistec.ac.th)] applies 0 allowed 0, ids 17 requested 2 [File=/var/www/html/booking/lib/Application/Attributes/AttributeService.php,Line=294]
2019-04-14T23:18:23+07:00 [6290] DEBUG default - [User=Ploychanok Iadrat (ploychanok.i_s17@vistec.ac.th)] applies 0 allowed 0, ids 26 requested 2 [File=/var/www/html/booking/lib/Application/Attributes/AttributeService.php,Line=294]
2019-04-14T23:18:23+07:00 [6290] DEBUG default - [User=Ploychanok Iadrat (ploychanok.i_s17@vistec.ac.th)] applies 1 allowed 1, ids 2 requested 2 [File=/var/www/html/booking/lib/Application/Attributes/AttributeService.php,Line=294]
2019-04-14T23:18:23+07:00 [6290] DEBUG default - [User=Ploychanok Iadrat (ploychanok.i_s17@vistec.ac.th)] applies 0 allowed 0, ids 17 requested 2 [File=/var/www/html/booking/lib/Application/Attributes/AttributeService.php,Line=294]
2019-04-14T23:18:23+07:00 [6290] DEBUG default - [User=Ploychanok Iadrat (ploychanok.i_s17@vistec.ac.th)] applies 0 allowed 0, ids 16 requested 2 [File=/var/www/html/booking/lib/Application/Attributes/AttributeService.php,Line=294]
2019-04-14T23:18:23+07:00 [6290] DEBUG default - [User=Ploychanok Iadrat (ploychanok.i_s17@vistec.ac.th)] applies 0 allowed 1, ids 23,26,22,21 requested 2 [File=/var/www/html/booking/lib/Application/Attributes/AttributeService.php,Line=294]
2019-04-14T23:18:23+07:00 [6290] DEBUG default - [User=Ploychanok Iadrat (ploychanok.i_s17@vistec.ac.th)] applies 0 allowed 1, ids 23,26,22,29,21 requested 2 [File=/var/www/html/booking/lib/Application/Attributes/AttributeService.php,Line=294]
2019-04-14T23:19:50+07:00 [10313] DEBUG default - [User=Ploychanok Iadrat (ploychanok.i_s17@vistec.ac.th)] submitted retry params array (
) [File=/var/www/html/booking/lib/Application/Reservation/ReservationHandler.php,Line=103]
2019-04-14T23:19:50+07:00 [10313] DEBUG default - [User=Ploychanok Iadrat (ploychanok.i_s17@vistec.ac.th)] week_month_start 16 [File=/var/www/html/booking/lib/Application/Reservation/ReservationHandler.php,Line=365]
2019-04-14T23:19:50+07:00 [10313] DEBUG default - [User=Ploychanok Iadrat (ploychanok.i_s17@vistec.ac.th)] week_month_current 15 [File=/var/www/html/booking/lib/Application/Reservation/ReservationHandler.php,Line=366]
2019-04-14T23:19:50+07:00 [10313] DEBUG default - [User=Ploychanok Iadrat (ploychanok.i_s17@vistec.ac.th)] Tool Mode is Powder mode [File=/var/www/html/booking/lib/Application/Reservation/ReservationHandler.php,Line=747]
2019-04-14T23:19:50+07:00 [10313] DEBUG default - [User=Ploychanok Iadrat (ploychanok.i_s17@vistec.ac.th)] Checking for reservation conflicts, reference number 5cb35da6291a9176494512 on 2019-04-19 14:00:00 Asia/Bangkok [File=/var/www/html/booking/lib/Application/Reservation/Validation/ResourceAvailabilityRule.php,Line=54]
2019-04-14T23:19:50+07:00 [10313] DEBUG default - [User=Ploychanok Iadrat (ploychanok.i_s17@vistec.ac.th)] Validating rule ResourceAvailabilityRule. Passed?: 1 [File=/var/www/html/booking/lib/Application/Reservation/Validation/ReservationValidationRuleProcessor.php,Line=35]
2019-04-14T23:19:50+07:00 [10313] DEBUG default - [User=Ploychanok Iadrat (ploychanok.i_s17@vistec.ac.th)] Validating rule AdminExcludedRule. Passed?: 1 [File=/var/www/html/booking/lib/Application/Reservation/Validation/ReservationValidationRuleProcessor.php,Line=35]
2019-04-14T23:19:50+07:00 [10313] DEBUG default - [User=Ploychanok Iadrat (ploychanok.i_s17@vistec.ac.th)] Validating rule ReservationDateTimeRule. Passed?: 1 [File=/var/www/html/booking/lib/Application/Reservation/Validation/ReservationValidationRuleProcessor.php,Line=35]
2019-04-14T23:19:50+07:00 [10313] DEBUG default - [User=Ploychanok Iadrat (ploychanok.i_s17@vistec.ac.th)] Validating rule ReservationBasicInfoRule. Passed?: 1 [File=/var/www/html/booking/lib/Application/Reservation/Validation/ReservationValidationRuleProcessor.php,Line=35]
2019-04-14T23:19:50+07:00 [10313] DEBUG default - [User=Ploychanok Iadrat (ploychanok.i_s17@vistec.ac.th)] Start Time Rule: Comparing 2019-04-19 14:00:00 Asia/Bangkok to 2019-04-14 23:19:50 Asia/Bangkok [File=/var/www/html/booking/lib/Application/Reservation/Validation/ReservationStartTimeRule.php,Line=63]
2019-04-14T23:19:50+07:00 [10313] DEBUG default - [User=Ploychanok Iadrat (ploychanok.i_s17@vistec.ac.th)] Validating rule AdminExcludedRule. Passed?: 1 [File=/var/www/html/booking/lib/Application/Reservation/Validation/ReservationValidationRuleProcessor.php,Line=35]
2019-04-14T23:19:50+07:00 [10313] DEBUG default - [User=Ploychanok Iadrat (ploychanok.i_s17@vistec.ac.th)] Validating rule AdminExcludedRule. Passed?: 1 [File=/var/www/html/booking/lib/Application/Reservation/Validation/ReservationValidationRuleProcessor.php,Line=35]
2019-04-14T23:19:50+07:00 [10313] DEBUG default - [User=Ploychanok Iadrat (ploychanok.i_s17@vistec.ac.th)] Validating rule AdminExcludedRule. Passed?: 1 [File=/var/www/html/booking/lib/Application/Reservation/Validation/ReservationValidationRuleProcessor.php,Line=35]
2019-04-14T23:19:50+07:00 [10313] DEBUG default - [User=Ploychanok Iadrat (ploychanok.i_s17@vistec.ac.th)] Validating rule AdminExcludedRule. Passed?: 1 [File=/var/www/html/booking/lib/Application/Reservation/Validation/ReservationValidationRuleProcessor.php,Line=35]
2019-04-14T23:19:50+07:00 [10313] DEBUG default - [User=Ploychanok Iadrat (ploychanok.i_s17@vistec.ac.th)] Validating rule AdminExcludedRule. Passed?: 1 [File=/var/www/html/booking/lib/Application/Reservation/Validation/ReservationValidationRuleProcessor.php,Line=35]
2019-04-14T23:19:50+07:00 [10313] DEBUG default - [User=Ploychanok Iadrat (ploychanok.i_s17@vistec.ac.th)] Validating rule ReservationAttachmentRule. Passed?: 1 [File=/var/www/html/booking/lib/Application/Reservation/Validation/ReservationValidationRuleProcessor.php,Line=35]
2019-04-14T23:19:50+07:00 [10313] DEBUG default - [User=Ploychanok Iadrat (ploychanok.i_s17@vistec.ac.th)] Validating rule AdminExcludedRule. Passed?: 1 [File=/var/www/html/booking/lib/Application/Reservation/Validation/ReservationValidationRuleProcessor.php,Line=35]
2019-04-14T23:19:50+07:00 [10313] DEBUG default - [User=Ploychanok Iadrat (ploychanok.i_s17@vistec.ac.th)] Validating rule AdminExcludedRule. Passed?: 1 [File=/var/www/html/booking/lib/Application/Reservation/Validation/ReservationValidationRuleProcessor.php,Line=35]
2019-04-14T23:19:50+07:00 [10313] DEBUG default - [User=Ploychanok Iadrat (ploychanok.i_s17@vistec.ac.th)] Validating rule AdminExcludedRule. Passed?: 1 [File=/var/www/html/booking/lib/Application/Reservation/Validation/ReservationValidationRuleProcessor.php,Line=35]
2019-04-14T23:19:50+07:00 [10313] DEBUG default - [User=Ploychanok Iadrat (ploychanok.i_s17@vistec.ac.th)] Validating rule AdminExcludedRule. Passed?: 1 [File=/var/www/html/booking/lib/Application/Reservation/Validation/ReservationValidationRuleProcessor.php,Line=35]
2019-04-14T23:19:50+07:00 [10313] DEBUG default - [User=Ploychanok Iadrat (ploychanok.i_s17@vistec.ac.th)] Validating rule SchedulePeriodRule. Passed?: 1 [File=/var/www/html/booking/lib/Application/Reservation/Validation/ReservationValidationRuleProcessor.php,Line=35]
2019-04-14T23:19:50+07:00 [10313] DEBUG default - [User=Ploychanok Iadrat (ploychanok.i_s17@vistec.ac.th)] Validating rule AdminExcludedRule. Passed?: 1 [File=/var/www/html/booking/lib/Application/Reservation/Validation/ReservationValidationRuleProcessor.php,Line=35]
2019-04-14T23:19:50+07:00 [10313] DEBUG default - [User=Ploychanok Iadrat (ploychanok.i_s17@vistec.ac.th)] Validating rule AdminExcludedRule. Passed?: 1 [File=/var/www/html/booking/lib/Application/Reservation/Validation/ReservationValidationRuleProcessor.php,Line=35]
2019-04-14T23:19:50+07:00 [10313] DEBUG default - [User=Ploychanok Iadrat (ploychanok.i_s17@vistec.ac.th)] Validating rule AccessoryAvailabilityRule. Passed?: 1 [File=/var/www/html/booking/lib/Application/Reservation/Validation/ReservationValidationRuleProcessor.php,Line=35]
2019-04-14T23:19:50+07:00 [10313] DEBUG default - [User=Ploychanok Iadrat (ploychanok.i_s17@vistec.ac.th)] Validating rule AccessoryResourceRule. Passed?: 1 [File=/var/www/html/booking/lib/Application/Reservation/Validation/ReservationValidationRuleProcessor.php,Line=35]
2019-04-14T23:20:08+07:00 [23803] DEBUG default - [User=Ploychanok Iadrat (ploychanok.i_s17@vistec.ac.th)] applies 0 allowed 1, ids 2 requested  [File=/var/www/html/booking/lib/Application/Attributes/AttributeService.php,Line=294]
2019-04-14T23:20:08+07:00 [23803] DEBUG default - [User=Ploychanok Iadrat (ploychanok.i_s17@vistec.ac.th)] applies 0 allowed 0, ids 17 requested  [File=/var/www/html/booking/lib/Application/Attributes/AttributeService.php,Line=294]
2019-04-14T23:20:08+07:00 [23803] DEBUG default - [User=Ploychanok Iadrat (ploychanok.i_s17@vistec.ac.th)] applies 0 allowed 0, ids 25 requested  [File=/var/www/html/booking/lib/Application/Attributes/AttributeService.php,Line=294]
2019-04-14T23:20:08+07:00 [23803] DEBUG default - [User=Ploychanok Iadrat (ploychanok.i_s17@vistec.ac.th)] applies 0 allowed 0, ids 16 requested  [File=/var/www/html/booking/lib/Application/Attributes/AttributeService.php,Line=294]
2019-04-14T23:20:08+07:00 [23803] DEBUG default - [User=Ploychanok Iadrat (ploychanok.i_s17@vistec.ac.th)] applies 0 allowed 0, ids 25 requested  [File=/var/www/html/booking/lib/Application/Attributes/AttributeService.php,Line=294]
2019-04-14T23:20:08+07:00 [23803] DEBUG default - [User=Ploychanok Iadrat (ploychanok.i_s17@vistec.ac.th)] applies 0 allowed 0, ids 26 requested  [File=/var/www/html/booking/lib/Application/Attributes/AttributeService.php,Line=294]
2019-04-14T23:20:08+07:00 [23803] DEBUG default - [User=Ploychanok Iadrat (ploychanok.i_s17@vistec.ac.th)] applies 0 allowed 0, ids 29 requested  [File=/var/www/html/booking/lib/Application/Attributes/AttributeService.php,Line=294]
2019-04-14T23:20:08+07:00 [23803] DEBUG default - [User=Ploychanok Iadrat (ploychanok.i_s17@vistec.ac.th)] applies 0 allowed 0, ids 26 requested  [File=/var/www/html/booking/lib/Application/Attributes/AttributeService.php,Line=294]
2019-04-14T23:20:08+07:00 [23803] DEBUG default - [User=Ploychanok Iadrat (ploychanok.i_s17@vistec.ac.th)] applies 0 allowed 1, ids 2 requested  [File=/var/www/html/booking/lib/Application/Attributes/AttributeService.php,Line=294]
2019-04-14T23:20:08+07:00 [23803] DEBUG default - [User=Ploychanok Iadrat (ploychanok.i_s17@vistec.ac.th)] applies 0 allowed 0, ids 15 requested  [File=/var/www/html/booking/lib/Application/Attributes/AttributeService.php,Line=294]
2019-04-14T23:20:08+07:00 [23803] DEBUG default - [User=Ploychanok Iadrat (ploychanok.i_s17@vistec.ac.th)] applies 0 allowed 0, ids 18,27 requested  [File=/var/www/html/booking/lib/Application/Attributes/AttributeService.php,Line=294]
2019-04-14T23:20:08+07:00 [23803] DEBUG default - [User=Ploychanok Iadrat (ploychanok.i_s17@vistec.ac.th)] applies 0 allowed 0, ids 16 requested  [File=/var/www/html/booking/lib/Application/Attributes/AttributeService.php,Line=294]
2019-04-14T23:20:08+07:00 [23803] DEBUG default - [User=Ploychanok Iadrat (ploychanok.i_s17@vistec.ac.th)] applies 0 allowed 0, ids 18 requested  [File=/var/www/html/booking/lib/Application/Attributes/AttributeService.php,Line=294]
2019-04-14T23:20:08+07:00 [23803] DEBUG default - [User=Ploychanok Iadrat (ploychanok.i_s17@vistec.ac.th)] applies 0 allowed 0, ids 26 requested  [File=/var/www/html/booking/lib/Application/Attributes/AttributeService.php,Line=294]
2019-04-14T23:20:08+07:00 [23803] DEBUG default - [User=Ploychanok Iadrat (ploychanok.i_s17@vistec.ac.th)] applies 0 allowed 1, ids 18,2 requested  [File=/var/www/html/booking/lib/Application/Attributes/AttributeService.php,Line=294]
2019-04-14T23:20:08+07:00 [23803] DEBUG default - [User=Ploychanok Iadrat (ploychanok.i_s17@vistec.ac.th)] applies 0 allowed 0, ids 17 requested  [File=/var/www/html/booking/lib/Application/Attributes/AttributeService.php,Line=294]
2019-04-14T23:20:08+07:00 [23803] DEBUG default - [User=Ploychanok Iadrat (ploychanok.i_s17@vistec.ac.th)] applies 0 allowed 0, ids 17 requested  [File=/var/www/html/booking/lib/Application/Attributes/AttributeService.php,Line=294]
2019-04-14T23:20:08+07:00 [23803] DEBUG default - [User=Ploychanok Iadrat (ploychanok.i_s17@vistec.ac.th)] applies 0 allowed 0, ids 26 requested  [File=/var/www/html/booking/lib/Application/Attributes/AttributeService.php,Line=294]
2019-04-14T23:20:08+07:00 [23803] DEBUG default - [User=Ploychanok Iadrat (ploychanok.i_s17@vistec.ac.th)] applies 0 allowed 1, ids 2 requested  [File=/var/www/html/booking/lib/Application/Attributes/AttributeService.php,Line=294]
2019-04-14T23:20:08+07:00 [23803] DEBUG default - [User=Ploychanok Iadrat (ploychanok.i_s17@vistec.ac.th)] applies 0 allowed 0, ids 17 requested  [File=/var/www/html/booking/lib/Application/Attributes/AttributeService.php,Line=294]
2019-04-14T23:20:08+07:00 [23803] DEBUG default - [User=Ploychanok Iadrat (ploychanok.i_s17@vistec.ac.th)] applies 0 allowed 0, ids 16 requested  [File=/var/www/html/booking/lib/Application/Attributes/AttributeService.php,Line=294]
2019-04-14T23:20:08+07:00 [23803] DEBUG default - [User=Ploychanok Iadrat (ploychanok.i_s17@vistec.ac.th)] applies 0 allowed 1, ids 23,26,22,21 requested  [File=/var/www/html/booking/lib/Application/Attributes/AttributeService.php,Line=294]
2019-04-14T23:20:08+07:00 [23803] DEBUG default - [User=Ploychanok Iadrat (ploychanok.i_s17@vistec.ac.th)] applies 0 allowed 1, ids 23,26,22,29,21 requested  [File=/var/www/html/booking/lib/Application/Attributes/AttributeService.php,Line=294]
2019-04-14T23:21:01+07:00 [6290] DEBUG default - [User=Ploychanok Iadrat (ploychanok.i_s17@vistec.ac.th)] applies 1 allowed 1, ids 2 requested 2 [File=/var/www/html/booking/lib/Application/Attributes/AttributeService.php,Line=294]
2019-04-14T23:21:01+07:00 [6290] DEBUG default - [User=Ploychanok Iadrat (ploychanok.i_s17@vistec.ac.th)] applies 0 allowed 0, ids 17 requested 2 [File=/var/www/html/booking/lib/Application/Attributes/AttributeService.php,Line=294]
2019-04-14T23:21:01+07:00 [6290] DEBUG default - [User=Ploychanok Iadrat (ploychanok.i_s17@vistec.ac.th)] applies 0 allowed 0, ids 25 requested 2 [File=/var/www/html/booking/lib/Application/Attributes/AttributeService.php,Line=294]
2019-04-14T23:21:01+07:00 [6290] DEBUG default - [User=Ploychanok Iadrat (ploychanok.i_s17@vistec.ac.th)] applies 0 allowed 0, ids 16 requested 2 [File=/var/www/html/booking/lib/Application/Attributes/AttributeService.php,Line=294]
2019-04-14T23:21:01+07:00 [6290] DEBUG default - [User=Ploychanok Iadrat (ploychanok.i_s17@vistec.ac.th)] applies 0 allowed 0, ids 25 requested 2 [File=/var/www/html/booking/lib/Application/Attributes/AttributeService.php,Line=294]
2019-04-14T23:21:01+07:00 [6290] DEBUG default - [User=Ploychanok Iadrat (ploychanok.i_s17@vistec.ac.th)] applies 0 allowed 0, ids 26 requested 2 [File=/var/www/html/booking/lib/Application/Attributes/AttributeService.php,Line=294]
2019-04-14T23:21:01+07:00 [6290] DEBUG default - [User=Ploychanok Iadrat (ploychanok.i_s17@vistec.ac.th)] applies 0 allowed 0, ids 29 requested 2 [File=/var/www/html/booking/lib/Application/Attributes/AttributeService.php,Line=294]
2019-04-14T23:21:01+07:00 [6290] DEBUG default - [User=Ploychanok Iadrat (ploychanok.i_s17@vistec.ac.th)] applies 0 allowed 0, ids 26 requested 2 [File=/var/www/html/booking/lib/Application/Attributes/AttributeService.php,Line=294]
2019-04-14T23:21:01+07:00 [6290] DEBUG default - [User=Ploychanok Iadrat (ploychanok.i_s17@vistec.ac.th)] applies 1 allowed 1, ids 2 requested 2 [File=/var/www/html/booking/lib/Application/Attributes/AttributeService.php,Line=294]
2019-04-14T23:21:01+07:00 [6290] DEBUG default - [User=Ploychanok Iadrat (ploychanok.i_s17@vistec.ac.th)] applies 0 allowed 0, ids 15 requested 2 [File=/var/www/html/booking/lib/Application/Attributes/AttributeService.php,Line=294]
2019-04-14T23:21:01+07:00 [6290] DEBUG default - [User=Ploychanok Iadrat (ploychanok.i_s17@vistec.ac.th)] applies 0 allowed 0, ids 18,27 requested 2 [File=/var/www/html/booking/lib/Application/Attributes/AttributeService.php,Line=294]
2019-04-14T23:21:01+07:00 [6290] DEBUG default - [User=Ploychanok Iadrat (ploychanok.i_s17@vistec.ac.th)] applies 0 allowed 0, ids 16 requested 2 [File=/var/www/html/booking/lib/Application/Attributes/AttributeService.php,Line=294]
2019-04-14T23:21:01+07:00 [6290] DEBUG default - [User=Ploychanok Iadrat (ploychanok.i_s17@vistec.ac.th)] applies 0 allowed 0, ids 18 requested 2 [File=/var/www/html/booking/lib/Application/Attributes/AttributeService.php,Line=294]
2019-04-14T23:21:01+07:00 [6290] DEBUG default - [User=Ploychanok Iadrat (ploychanok.i_s17@vistec.ac.th)] applies 0 allowed 0, ids 26 requested 2 [File=/var/www/html/booking/lib/Application/Attributes/AttributeService.php,Line=294]
2019-04-14T23:21:01+07:00 [6290] DEBUG default - [User=Ploychanok Iadrat (ploychanok.i_s17@vistec.ac.th)] applies 1 allowed 1, ids 18,2 requested 2 [File=/var/www/html/booking/lib/Application/Attributes/AttributeService.php,Line=294]
2019-04-14T23:21:01+07:00 [6290] DEBUG default - [User=Ploychanok Iadrat (ploychanok.i_s17@vistec.ac.th)] applies 0 allowed 0, ids 17 requested 2 [File=/var/www/html/booking/lib/Application/Attributes/AttributeService.php,Line=294]
2019-04-14T23:21:01+07:00 [6290] DEBUG default - [User=Ploychanok Iadrat (ploychanok.i_s17@vistec.ac.th)] applies 0 allowed 0, ids 17 requested 2 [File=/var/www/html/booking/lib/Application/Attributes/AttributeService.php,Line=294]
2019-04-14T23:21:01+07:00 [6290] DEBUG default - [User=Ploychanok Iadrat (ploychanok.i_s17@vistec.ac.th)] applies 0 allowed 0, ids 26 requested 2 [File=/var/www/html/booking/lib/Application/Attributes/AttributeService.php,Line=294]
2019-04-14T23:21:01+07:00 [6290] DEBUG default - [User=Ploychanok Iadrat (ploychanok.i_s17@vistec.ac.th)] applies 1 allowed 1, ids 2 requested 2 [File=/var/www/html/booking/lib/Application/Attributes/AttributeService.php,Line=294]
2019-04-14T23:21:01+07:00 [6290] DEBUG default - [User=Ploychanok Iadrat (ploychanok.i_s17@vistec.ac.th)] applies 0 allowed 0, ids 17 requested 2 [File=/var/www/html/booking/lib/Application/Attributes/AttributeService.php,Line=294]
2019-04-14T23:21:01+07:00 [6290] DEBUG default - [User=Ploychanok Iadrat (ploychanok.i_s17@vistec.ac.th)] applies 0 allowed 0, ids 16 requested 2 [File=/var/www/html/booking/lib/Application/Attributes/AttributeService.php,Line=294]
2019-04-14T23:21:01+07:00 [6290] DEBUG default - [User=Ploychanok Iadrat (ploychanok.i_s17@vistec.ac.th)] applies 0 allowed 1, ids 23,26,22,21 requested 2 [File=/var/www/html/booking/lib/Application/Attributes/AttributeService.php,Line=294]
2019-04-14T23:21:01+07:00 [6290] DEBUG default - [User=Ploychanok Iadrat (ploychanok.i_s17@vistec.ac.th)] applies 0 allowed 1, ids 23,26,22,29,21 requested 2 [File=/var/www/html/booking/lib/Application/Attributes/AttributeService.php,Line=294]
2019-04-14T23:22:10+07:00 [23803] DEBUG default - [User=Ploychanok Iadrat (ploychanok.i_s17@vistec.ac.th)] applies 1 allowed 1, ids 2 requested 2 [File=/var/www/html/booking/lib/Application/Attributes/AttributeService.php,Line=294]
2019-04-14T23:22:10+07:00 [23803] DEBUG default - [User=Ploychanok Iadrat (ploychanok.i_s17@vistec.ac.th)] applies 0 allowed 0, ids 17 requested 2 [File=/var/www/html/booking/lib/Application/Attributes/AttributeService.php,Line=294]
2019-04-14T23:22:10+07:00 [23803] DEBUG default - [User=Ploychanok Iadrat (ploychanok.i_s17@vistec.ac.th)] applies 0 allowed 0, ids 25 requested 2 [File=/var/www/html/booking/lib/Application/Attributes/AttributeService.php,Line=294]
2019-04-14T23:22:10+07:00 [23803] DEBUG default - [User=Ploychanok Iadrat (ploychanok.i_s17@vistec.ac.th)] applies 0 allowed 0, ids 16 requested 2 [File=/var/www/html/booking/lib/Application/Attributes/AttributeService.php,Line=294]
2019-04-14T23:22:10+07:00 [23803] DEBUG default - [User=Ploychanok Iadrat (ploychanok.i_s17@vistec.ac.th)] applies 0 allowed 0, ids 25 requested 2 [File=/var/www/html/booking/lib/Application/Attributes/AttributeService.php,Line=294]
2019-04-14T23:22:10+07:00 [23803] DEBUG default - [User=Ploychanok Iadrat (ploychanok.i_s17@vistec.ac.th)] applies 0 allowed 0, ids 26 requested 2 [File=/var/www/html/booking/lib/Application/Attributes/AttributeService.php,Line=294]
2019-04-14T23:22:10+07:00 [23803] DEBUG default - [User=Ploychanok Iadrat (ploychanok.i_s17@vistec.ac.th)] applies 0 allowed 0, ids 29 requested 2 [File=/var/www/html/booking/lib/Application/Attributes/AttributeService.php,Line=294]
2019-04-14T23:22:10+07:00 [23803] DEBUG default - [User=Ploychanok Iadrat (ploychanok.i_s17@vistec.ac.th)] applies 0 allowed 0, ids 26 requested 2 [File=/var/www/html/booking/lib/Application/Attributes/AttributeService.php,Line=294]
2019-04-14T23:22:10+07:00 [23803] DEBUG default - [User=Ploychanok Iadrat (ploychanok.i_s17@vistec.ac.th)] applies 1 allowed 1, ids 2 requested 2 [File=/var/www/html/booking/lib/Application/Attributes/AttributeService.php,Line=294]
2019-04-14T23:22:10+07:00 [23803] DEBUG default - [User=Ploychanok Iadrat (ploychanok.i_s17@vistec.ac.th)] applies 0 allowed 0, ids 15 requested 2 [File=/var/www/html/booking/lib/Application/Attributes/AttributeService.php,Line=294]
2019-04-14T23:22:10+07:00 [23803] DEBUG default - [User=Ploychanok Iadrat (ploychanok.i_s17@vistec.ac.th)] applies 0 allowed 0, ids 18,27 requested 2 [File=/var/www/html/booking/lib/Application/Attributes/AttributeService.php,Line=294]
2019-04-14T23:22:10+07:00 [23803] DEBUG default - [User=Ploychanok Iadrat (ploychanok.i_s17@vistec.ac.th)] applies 0 allowed 0, ids 16 requested 2 [File=/var/www/html/booking/lib/Application/Attributes/AttributeService.php,Line=294]
2019-04-14T23:22:10+07:00 [23803] DEBUG default - [User=Ploychanok Iadrat (ploychanok.i_s17@vistec.ac.th)] applies 0 allowed 0, ids 18 requested 2 [File=/var/www/html/booking/lib/Application/Attributes/AttributeService.php,Line=294]
2019-04-14T23:22:10+07:00 [23803] DEBUG default - [User=Ploychanok Iadrat (ploychanok.i_s17@vistec.ac.th)] applies 0 allowed 0, ids 26 requested 2 [File=/var/www/html/booking/lib/Application/Attributes/AttributeService.php,Line=294]
2019-04-14T23:22:10+07:00 [23803] DEBUG default - [User=Ploychanok Iadrat (ploychanok.i_s17@vistec.ac.th)] applies 1 allowed 1, ids 18,2 requested 2 [File=/var/www/html/booking/lib/Application/Attributes/AttributeService.php,Line=294]
2019-04-14T23:22:10+07:00 [23803] DEBUG default - [User=Ploychanok Iadrat (ploychanok.i_s17@vistec.ac.th)] applies 0 allowed 0, ids 17 requested 2 [File=/var/www/html/booking/lib/Application/Attributes/AttributeService.php,Line=294]
2019-04-14T23:22:10+07:00 [23803] DEBUG default - [User=Ploychanok Iadrat (ploychanok.i_s17@vistec.ac.th)] applies 0 allowed 0, ids 17 requested 2 [File=/var/www/html/booking/lib/Application/Attributes/AttributeService.php,Line=294]
2019-04-14T23:22:10+07:00 [23803] DEBUG default - [User=Ploychanok Iadrat (ploychanok.i_s17@vistec.ac.th)] applies 0 allowed 0, ids 26 requested 2 [File=/var/www/html/booking/lib/Application/Attributes/AttributeService.php,Line=294]
2019-04-14T23:22:10+07:00 [23803] DEBUG default - [User=Ploychanok Iadrat (ploychanok.i_s17@vistec.ac.th)] applies 1 allowed 1, ids 2 requested 2 [File=/var/www/html/booking/lib/Application/Attributes/AttributeService.php,Line=294]
2019-04-14T23:22:10+07:00 [23803] DEBUG default - [User=Ploychanok Iadrat (ploychanok.i_s17@vistec.ac.th)] applies 0 allowed 0, ids 17 requested 2 [File=/var/www/html/booking/lib/Application/Attributes/AttributeService.php,Line=294]
2019-04-14T23:22:10+07:00 [23803] DEBUG default - [User=Ploychanok Iadrat (ploychanok.i_s17@vistec.ac.th)] applies 0 allowed 0, ids 16 requested 2 [File=/var/www/html/booking/lib/Application/Attributes/AttributeService.php,Line=294]
2019-04-14T23:22:10+07:00 [23803] DEBUG default - [User=Ploychanok Iadrat (ploychanok.i_s17@vistec.ac.th)] applies 0 allowed 1, ids 23,26,22,21 requested 2 [File=/var/www/html/booking/lib/Application/Attributes/AttributeService.php,Line=294]
2019-04-14T23:22:10+07:00 [23803] DEBUG default - [User=Ploychanok Iadrat (ploychanok.i_s17@vistec.ac.th)] applies 0 allowed 1, ids 23,26,22,29,21 requested 2 [File=/var/www/html/booking/lib/Application/Attributes/AttributeService.php,Line=294]
2019-04-14T23:26:38+07:00 [23803] DEBUG default - [User=Ploychanok Iadrat (ploychanok.i_s17@vistec.ac.th)] applies 0 allowed 1, ids 2 requested  [File=/var/www/html/booking/lib/Application/Attributes/AttributeService.php,Line=294]
2019-04-14T23:26:38+07:00 [23803] DEBUG default - [User=Ploychanok Iadrat (ploychanok.i_s17@vistec.ac.th)] applies 0 allowed 0, ids 17 requested  [File=/var/www/html/booking/lib/Application/Attributes/AttributeService.php,Line=294]
2019-04-14T23:26:38+07:00 [23803] DEBUG default - [User=Ploychanok Iadrat (ploychanok.i_s17@vistec.ac.th)] applies 0 allowed 0, ids 25 requested  [File=/var/www/html/booking/lib/Application/Attributes/AttributeService.php,Line=294]
2019-04-14T23:26:38+07:00 [23803] DEBUG default - [User=Ploychanok Iadrat (ploychanok.i_s17@vistec.ac.th)] applies 0 allowed 0, ids 16 requested  [File=/var/www/html/booking/lib/Application/Attributes/AttributeService.php,Line=294]
2019-04-14T23:26:38+07:00 [23803] DEBUG default - [User=Ploychanok Iadrat (ploychanok.i_s17@vistec.ac.th)] applies 0 allowed 0, ids 25 requested  [File=/var/www/html/booking/lib/Application/Attributes/AttributeService.php,Line=294]
2019-04-14T23:26:38+07:00 [23803] DEBUG default - [User=Ploychanok Iadrat (ploychanok.i_s17@vistec.ac.th)] applies 0 allowed 0, ids 26 requested  [File=/var/www/html/booking/lib/Application/Attributes/AttributeService.php,Line=294]
2019-04-14T23:26:38+07:00 [23803] DEBUG default - [User=Ploychanok Iadrat (ploychanok.i_s17@vistec.ac.th)] applies 0 allowed 0, ids 29 requested  [File=/var/www/html/booking/lib/Application/Attributes/AttributeService.php,Line=294]
2019-04-14T23:26:38+07:00 [23803] DEBUG default - [User=Ploychanok Iadrat (ploychanok.i_s17@vistec.ac.th)] applies 0 allowed 0, ids 26 requested  [File=/var/www/html/booking/lib/Application/Attributes/AttributeService.php,Line=294]
2019-04-14T23:26:38+07:00 [23803] DEBUG default - [User=Ploychanok Iadrat (ploychanok.i_s17@vistec.ac.th)] applies 0 allowed 1, ids 2 requested  [File=/var/www/html/booking/lib/Application/Attributes/AttributeService.php,Line=294]
2019-04-14T23:26:38+07:00 [23803] DEBUG default - [User=Ploychanok Iadrat (ploychanok.i_s17@vistec.ac.th)] applies 0 allowed 0, ids 15 requested  [File=/var/www/html/booking/lib/Application/Attributes/AttributeService.php,Line=294]
2019-04-14T23:26:38+07:00 [23803] DEBUG default - [User=Ploychanok Iadrat (ploychanok.i_s17@vistec.ac.th)] applies 0 allowed 0, ids 18,27 requested  [File=/var/www/html/booking/lib/Application/Attributes/AttributeService.php,Line=294]
2019-04-14T23:26:38+07:00 [23803] DEBUG default - [User=Ploychanok Iadrat (ploychanok.i_s17@vistec.ac.th)] applies 0 allowed 0, ids 16 requested  [File=/var/www/html/booking/lib/Application/Attributes/AttributeService.php,Line=294]
2019-04-14T23:26:38+07:00 [23803] DEBUG default - [User=Ploychanok Iadrat (ploychanok.i_s17@vistec.ac.th)] applies 0 allowed 0, ids 18 requested  [File=/var/www/html/booking/lib/Application/Attributes/AttributeService.php,Line=294]
2019-04-14T23:26:38+07:00 [23803] DEBUG default - [User=Ploychanok Iadrat (ploychanok.i_s17@vistec.ac.th)] applies 0 allowed 0, ids 26 requested  [File=/var/www/html/booking/lib/Application/Attributes/AttributeService.php,Line=294]
2019-04-14T23:26:38+07:00 [23803] DEBUG default - [User=Ploychanok Iadrat (ploychanok.i_s17@vistec.ac.th)] applies 0 allowed 1, ids 18,2 requested  [File=/var/www/html/booking/lib/Application/Attributes/AttributeService.php,Line=294]
2019-04-14T23:26:38+07:00 [23803] DEBUG default - [User=Ploychanok Iadrat (ploychanok.i_s17@vistec.ac.th)] applies 0 allowed 0, ids 17 requested  [File=/var/www/html/booking/lib/Application/Attributes/AttributeService.php,Line=294]
2019-04-14T23:26:38+07:00 [23803] DEBUG default - [User=Ploychanok Iadrat (ploychanok.i_s17@vistec.ac.th)] applies 0 allowed 0, ids 17 requested  [File=/var/www/html/booking/lib/Application/Attributes/AttributeService.php,Line=294]
2019-04-14T23:26:38+07:00 [23803] DEBUG default - [User=Ploychanok Iadrat (ploychanok.i_s17@vistec.ac.th)] applies 0 allowed 0, ids 26 requested  [File=/var/www/html/booking/lib/Application/Attributes/AttributeService.php,Line=294]
2019-04-14T23:26:38+07:00 [23803] DEBUG default - [User=Ploychanok Iadrat (ploychanok.i_s17@vistec.ac.th)] applies 0 allowed 1, ids 2 requested  [File=/var/www/html/booking/lib/Application/Attributes/AttributeService.php,Line=294]
2019-04-14T23:26:38+07:00 [23803] DEBUG default - [User=Ploychanok Iadrat (ploychanok.i_s17@vistec.ac.th)] applies 0 allowed 0, ids 17 requested  [File=/var/www/html/booking/lib/Application/Attributes/AttributeService.php,Line=294]
2019-04-14T23:26:38+07:00 [23803] DEBUG default - [User=Ploychanok Iadrat (ploychanok.i_s17@vistec.ac.th)] applies 0 allowed 0, ids 16 requested  [File=/var/www/html/booking/lib/Application/Attributes/AttributeService.php,Line=294]
2019-04-14T23:26:38+07:00 [23803] DEBUG default - [User=Ploychanok Iadrat (ploychanok.i_s17@vistec.ac.th)] applies 0 allowed 1, ids 23,26,22,21 requested  [File=/var/www/html/booking/lib/Application/Attributes/AttributeService.php,Line=294]
2019-04-14T23:26:38+07:00 [23803] DEBUG default - [User=Ploychanok Iadrat (ploychanok.i_s17@vistec.ac.th)] applies 0 allowed 1, ids 23,26,22,29,21 requested  [File=/var/www/html/booking/lib/Application/Attributes/AttributeService.php,Line=294]
2019-04-14T23:26:58+07:00 [23803] DEBUG default - [User=Ploychanok Iadrat (ploychanok.i_s17@vistec.ac.th)] applies 0 allowed 1, ids 2 requested  [File=/var/www/html/booking/lib/Application/Attributes/AttributeService.php,Line=294]
2019-04-14T23:26:58+07:00 [23803] DEBUG default - [User=Ploychanok Iadrat (ploychanok.i_s17@vistec.ac.th)] applies 0 allowed 0, ids 17 requested  [File=/var/www/html/booking/lib/Application/Attributes/AttributeService.php,Line=294]
2019-04-14T23:26:58+07:00 [23803] DEBUG default - [User=Ploychanok Iadrat (ploychanok.i_s17@vistec.ac.th)] applies 0 allowed 0, ids 25 requested  [File=/var/www/html/booking/lib/Application/Attributes/AttributeService.php,Line=294]
2019-04-14T23:26:58+07:00 [23803] DEBUG default - [User=Ploychanok Iadrat (ploychanok.i_s17@vistec.ac.th)] applies 0 allowed 0, ids 16 requested  [File=/var/www/html/booking/lib/Application/Attributes/AttributeService.php,Line=294]
2019-04-14T23:26:58+07:00 [23803] DEBUG default - [User=Ploychanok Iadrat (ploychanok.i_s17@vistec.ac.th)] applies 0 allowed 0, ids 25 requested  [File=/var/www/html/booking/lib/Application/Attributes/AttributeService.php,Line=294]
2019-04-14T23:26:58+07:00 [23803] DEBUG default - [User=Ploychanok Iadrat (ploychanok.i_s17@vistec.ac.th)] applies 0 allowed 0, ids 26 requested  [File=/var/www/html/booking/lib/Application/Attributes/AttributeService.php,Line=294]
2019-04-14T23:26:58+07:00 [23803] DEBUG default - [User=Ploychanok Iadrat (ploychanok.i_s17@vistec.ac.th)] applies 0 allowed 0, ids 29 requested  [File=/var/www/html/booking/lib/Application/Attributes/AttributeService.php,Line=294]
2019-04-14T23:26:58+07:00 [23803] DEBUG default - [User=Ploychanok Iadrat (ploychanok.i_s17@vistec.ac.th)] applies 0 allowed 0, ids 26 requested  [File=/var/www/html/booking/lib/Application/Attributes/AttributeService.php,Line=294]
2019-04-14T23:26:58+07:00 [23803] DEBUG default - [User=Ploychanok Iadrat (ploychanok.i_s17@vistec.ac.th)] applies 0 allowed 1, ids 2 requested  [File=/var/www/html/booking/lib/Application/Attributes/AttributeService.php,Line=294]
2019-04-14T23:26:58+07:00 [23803] DEBUG default - [User=Ploychanok Iadrat (ploychanok.i_s17@vistec.ac.th)] applies 0 allowed 0, ids 15 requested  [File=/var/www/html/booking/lib/Application/Attributes/AttributeService.php,Line=294]
2019-04-14T23:26:58+07:00 [23803] DEBUG default - [User=Ploychanok Iadrat (ploychanok.i_s17@vistec.ac.th)] applies 0 allowed 0, ids 18,27 requested  [File=/var/www/html/booking/lib/Application/Attributes/AttributeService.php,Line=294]
2019-04-14T23:26:58+07:00 [23803] DEBUG default - [User=Ploychanok Iadrat (ploychanok.i_s17@vistec.ac.th)] applies 0 allowed 0, ids 16 requested  [File=/var/www/html/booking/lib/Application/Attributes/AttributeService.php,Line=294]
2019-04-14T23:26:58+07:00 [23803] DEBUG default - [User=Ploychanok Iadrat (ploychanok.i_s17@vistec.ac.th)] applies 0 allowed 0, ids 18 requested  [File=/var/www/html/booking/lib/Application/Attributes/AttributeService.php,Line=294]
2019-04-14T23:26:58+07:00 [23803] DEBUG default - [User=Ploychanok Iadrat (ploychanok.i_s17@vistec.ac.th)] applies 0 allowed 0, ids 26 requested  [File=/var/www/html/booking/lib/Application/Attributes/AttributeService.php,Line=294]
2019-04-14T23:26:58+07:00 [23803] DEBUG default - [User=Ploychanok Iadrat (ploychanok.i_s17@vistec.ac.th)] applies 0 allowed 1, ids 18,2 requested  [File=/var/www/html/booking/lib/Application/Attributes/AttributeService.php,Line=294]
2019-04-14T23:26:58+07:00 [23803] DEBUG default - [User=Ploychanok Iadrat (ploychanok.i_s17@vistec.ac.th)] applies 0 allowed 0, ids 17 requested  [File=/var/www/html/booking/lib/Application/Attributes/AttributeService.php,Line=294]
2019-04-14T23:26:58+07:00 [23803] DEBUG default - [User=Ploychanok Iadrat (ploychanok.i_s17@vistec.ac.th)] applies 0 allowed 0, ids 17 requested  [File=/var/www/html/booking/lib/Application/Attributes/AttributeService.php,Line=294]
2019-04-14T23:26:58+07:00 [23803] DEBUG default - [User=Ploychanok Iadrat (ploychanok.i_s17@vistec.ac.th)] applies 0 allowed 0, ids 26 requested  [File=/var/www/html/booking/lib/Application/Attributes/AttributeService.php,Line=294]
2019-04-14T23:26:58+07:00 [23803] DEBUG default - [User=Ploychanok Iadrat (ploychanok.i_s17@vistec.ac.th)] applies 0 allowed 1, ids 2 requested  [File=/var/www/html/booking/lib/Application/Attributes/AttributeService.php,Line=294]
2019-04-14T23:26:58+07:00 [23803] DEBUG default - [User=Ploychanok Iadrat (ploychanok.i_s17@vistec.ac.th)] applies 0 allowed 0, ids 17 requested  [File=/var/www/html/booking/lib/Application/Attributes/AttributeService.php,Line=294]
2019-04-14T23:26:58+07:00 [23803] DEBUG default - [User=Ploychanok Iadrat (ploychanok.i_s17@vistec.ac.th)] applies 0 allowed 0, ids 16 requested  [File=/var/www/html/booking/lib/Application/Attributes/AttributeService.php,Line=294]
2019-04-14T23:26:58+07:00 [23803] DEBUG default - [User=Ploychanok Iadrat (ploychanok.i_s17@vistec.ac.th)] applies 0 allowed 1, ids 23,26,22,21 requested  [File=/var/www/html/booking/lib/Application/Attributes/AttributeService.php,Line=294]
2019-04-14T23:26:58+07:00 [23803] DEBUG default - [User=Ploychanok Iadrat (ploychanok.i_s17@vistec.ac.th)] applies 0 allowed 1, ids 23,26,22,29,21 requested  [File=/var/www/html/booking/lib/Application/Attributes/AttributeService.php,Line=294]
2019-04-14T23:35:25+07:00 [23803] DEBUG default - [User=Ploychanok Iadrat (ploychanok.i_s17@vistec.ac.th)] applies 0 allowed 1, ids 2 requested  [File=/var/www/html/booking/lib/Application/Attributes/AttributeService.php,Line=294]
2019-04-14T23:35:25+07:00 [23803] DEBUG default - [User=Ploychanok Iadrat (ploychanok.i_s17@vistec.ac.th)] applies 0 allowed 0, ids 17 requested  [File=/var/www/html/booking/lib/Application/Attributes/AttributeService.php,Line=294]
2019-04-14T23:35:25+07:00 [23803] DEBUG default - [User=Ploychanok Iadrat (ploychanok.i_s17@vistec.ac.th)] applies 0 allowed 0, ids 25 requested  [File=/var/www/html/booking/lib/Application/Attributes/AttributeService.php,Line=294]
2019-04-14T23:35:25+07:00 [23803] DEBUG default - [User=Ploychanok Iadrat (ploychanok.i_s17@vistec.ac.th)] applies 0 allowed 0, ids 16 requested  [File=/var/www/html/booking/lib/Application/Attributes/AttributeService.php,Line=294]
2019-04-14T23:35:25+07:00 [23803] DEBUG default - [User=Ploychanok Iadrat (ploychanok.i_s17@vistec.ac.th)] applies 0 allowed 0, ids 25 requested  [File=/var/www/html/booking/lib/Application/Attributes/AttributeService.php,Line=294]
2019-04-14T23:35:25+07:00 [23803] DEBUG default - [User=Ploychanok Iadrat (ploychanok.i_s17@vistec.ac.th)] applies 0 allowed 0, ids 26 requested  [File=/var/www/html/booking/lib/Application/Attributes/AttributeService.php,Line=294]
2019-04-14T23:35:25+07:00 [23803] DEBUG default - [User=Ploychanok Iadrat (ploychanok.i_s17@vistec.ac.th)] applies 0 allowed 0, ids 29 requested  [File=/var/www/html/booking/lib/Application/Attributes/AttributeService.php,Line=294]
2019-04-14T23:35:25+07:00 [23803] DEBUG default - [User=Ploychanok Iadrat (ploychanok.i_s17@vistec.ac.th)] applies 0 allowed 0, ids 26 requested  [File=/var/www/html/booking/lib/Application/Attributes/AttributeService.php,Line=294]
2019-04-14T23:35:25+07:00 [23803] DEBUG default - [User=Ploychanok Iadrat (ploychanok.i_s17@vistec.ac.th)] applies 0 allowed 1, ids 2 requested  [File=/var/www/html/booking/lib/Application/Attributes/AttributeService.php,Line=294]
2019-04-14T23:35:25+07:00 [23803] DEBUG default - [User=Ploychanok Iadrat (ploychanok.i_s17@vistec.ac.th)] applies 0 allowed 0, ids 15 requested  [File=/var/www/html/booking/lib/Application/Attributes/AttributeService.php,Line=294]
2019-04-14T23:35:25+07:00 [23803] DEBUG default - [User=Ploychanok Iadrat (ploychanok.i_s17@vistec.ac.th)] applies 0 allowed 0, ids 18,27 requested  [File=/var/www/html/booking/lib/Application/Attributes/AttributeService.php,Line=294]
2019-04-14T23:35:25+07:00 [23803] DEBUG default - [User=Ploychanok Iadrat (ploychanok.i_s17@vistec.ac.th)] applies 0 allowed 0, ids 16 requested  [File=/var/www/html/booking/lib/Application/Attributes/AttributeService.php,Line=294]
2019-04-14T23:35:25+07:00 [23803] DEBUG default - [User=Ploychanok Iadrat (ploychanok.i_s17@vistec.ac.th)] applies 0 allowed 0, ids 18 requested  [File=/var/www/html/booking/lib/Application/Attributes/AttributeService.php,Line=294]
2019-04-14T23:35:25+07:00 [23803] DEBUG default - [User=Ploychanok Iadrat (ploychanok.i_s17@vistec.ac.th)] applies 0 allowed 0, ids 26 requested  [File=/var/www/html/booking/lib/Application/Attributes/AttributeService.php,Line=294]
2019-04-14T23:35:25+07:00 [23803] DEBUG default - [User=Ploychanok Iadrat (ploychanok.i_s17@vistec.ac.th)] applies 0 allowed 1, ids 18,2 requested  [File=/var/www/html/booking/lib/Application/Attributes/AttributeService.php,Line=294]
2019-04-14T23:35:25+07:00 [23803] DEBUG default - [User=Ploychanok Iadrat (ploychanok.i_s17@vistec.ac.th)] applies 0 allowed 0, ids 17 requested  [File=/var/www/html/booking/lib/Application/Attributes/AttributeService.php,Line=294]
2019-04-14T23:35:25+07:00 [23803] DEBUG default - [User=Ploychanok Iadrat (ploychanok.i_s17@vistec.ac.th)] applies 0 allowed 0, ids 17 requested  [File=/var/www/html/booking/lib/Application/Attributes/AttributeService.php,Line=294]
2019-04-14T23:35:25+07:00 [23803] DEBUG default - [User=Ploychanok Iadrat (ploychanok.i_s17@vistec.ac.th)] applies 0 allowed 0, ids 26 requested  [File=/var/www/html/booking/lib/Application/Attributes/AttributeService.php,Line=294]
2019-04-14T23:35:25+07:00 [23803] DEBUG default - [User=Ploychanok Iadrat (ploychanok.i_s17@vistec.ac.th)] applies 0 allowed 1, ids 2 requested  [File=/var/www/html/booking/lib/Application/Attributes/AttributeService.php,Line=294]
2019-04-14T23:35:25+07:00 [23803] DEBUG default - [User=Ploychanok Iadrat (ploychanok.i_s17@vistec.ac.th)] applies 0 allowed 0, ids 17 requested  [File=/var/www/html/booking/lib/Application/Attributes/AttributeService.php,Line=294]
2019-04-14T23:35:25+07:00 [23803] DEBUG default - [User=Ploychanok Iadrat (ploychanok.i_s17@vistec.ac.th)] applies 0 allowed 0, ids 16 requested  [File=/var/www/html/booking/lib/Application/Attributes/AttributeService.php,Line=294]
2019-04-14T23:35:25+07:00 [23803] DEBUG default - [User=Ploychanok Iadrat (ploychanok.i_s17@vistec.ac.th)] applies 0 allowed 1, ids 23,26,22,21 requested  [File=/var/www/html/booking/lib/Application/Attributes/AttributeService.php,Line=294]
2019-04-14T23:35:25+07:00 [23803] DEBUG default - [User=Ploychanok Iadrat (ploychanok.i_s17@vistec.ac.th)] applies 0 allowed 1, ids 23,26,22,29,21 requested  [File=/var/www/html/booking/lib/Application/Attributes/AttributeService.php,Line=294]
2019-04-14T23:51:44+07:00 [10313] DEBUG default - [User=Pannida Dugkhuntod (s15_pannida.d@vistec.ac.th)] applies 0 allowed 1, ids 2 requested 19 [File=/var/www/html/booking/lib/Application/Attributes/AttributeService.php,Line=294]
2019-04-14T23:51:44+07:00 [10313] DEBUG default - [User=Pannida Dugkhuntod (s15_pannida.d@vistec.ac.th)] applies 0 allowed 0, ids 17 requested 19 [File=/var/www/html/booking/lib/Application/Attributes/AttributeService.php,Line=294]
2019-04-14T23:51:44+07:00 [10313] DEBUG default - [User=Pannida Dugkhuntod (s15_pannida.d@vistec.ac.th)] applies 0 allowed 0, ids 25 requested 19 [File=/var/www/html/booking/lib/Application/Attributes/AttributeService.php,Line=294]
2019-04-14T23:51:44+07:00 [10313] DEBUG default - [User=Pannida Dugkhuntod (s15_pannida.d@vistec.ac.th)] applies 0 allowed 0, ids 16 requested 19 [File=/var/www/html/booking/lib/Application/Attributes/AttributeService.php,Line=294]
2019-04-14T23:51:44+07:00 [10313] DEBUG default - [User=Pannida Dugkhuntod (s15_pannida.d@vistec.ac.th)] applies 0 allowed 0, ids 25 requested 19 [File=/var/www/html/booking/lib/Application/Attributes/AttributeService.php,Line=294]
2019-04-14T23:51:44+07:00 [10313] DEBUG default - [User=Pannida Dugkhuntod (s15_pannida.d@vistec.ac.th)] applies 0 allowed 0, ids 26 requested 19 [File=/var/www/html/booking/lib/Application/Attributes/AttributeService.php,Line=294]
2019-04-14T23:51:44+07:00 [10313] DEBUG default - [User=Pannida Dugkhuntod (s15_pannida.d@vistec.ac.th)] applies 0 allowed 0, ids 29 requested 19 [File=/var/www/html/booking/lib/Application/Attributes/AttributeService.php,Line=294]
2019-04-14T23:51:44+07:00 [10313] DEBUG default - [User=Pannida Dugkhuntod (s15_pannida.d@vistec.ac.th)] applies 0 allowed 0, ids 26 requested 19 [File=/var/www/html/booking/lib/Application/Attributes/AttributeService.php,Line=294]
2019-04-14T23:51:44+07:00 [10313] DEBUG default - [User=Pannida Dugkhuntod (s15_pannida.d@vistec.ac.th)] applies 0 allowed 1, ids 2 requested 19 [File=/var/www/html/booking/lib/Application/Attributes/AttributeService.php,Line=294]
2019-04-14T23:51:44+07:00 [10313] DEBUG default - [User=Pannida Dugkhuntod (s15_pannida.d@vistec.ac.th)] applies 0 allowed 0, ids 15 requested 19 [File=/var/www/html/booking/lib/Application/Attributes/AttributeService.php,Line=294]
2019-04-14T23:51:44+07:00 [10313] DEBUG default - [User=Pannida Dugkhuntod (s15_pannida.d@vistec.ac.th)] applies 0 allowed 0, ids 18,27 requested 19 [File=/var/www/html/booking/lib/Application/Attributes/AttributeService.php,Line=294]
2019-04-14T23:51:44+07:00 [10313] DEBUG default - [User=Pannida Dugkhuntod (s15_pannida.d@vistec.ac.th)] applies 0 allowed 0, ids 16 requested 19 [File=/var/www/html/booking/lib/Application/Attributes/AttributeService.php,Line=294]
2019-04-14T23:51:44+07:00 [10313] DEBUG default - [User=Pannida Dugkhuntod (s15_pannida.d@vistec.ac.th)] applies 0 allowed 0, ids 18 requested 19 [File=/var/www/html/booking/lib/Application/Attributes/AttributeService.php,Line=294]
2019-04-14T23:51:44+07:00 [10313] DEBUG default - [User=Pannida Dugkhuntod (s15_pannida.d@vistec.ac.th)] applies 0 allowed 0, ids 26 requested 19 [File=/var/www/html/booking/lib/Application/Attributes/AttributeService.php,Line=294]
2019-04-14T23:51:44+07:00 [10313] DEBUG default - [User=Pannida Dugkhuntod (s15_pannida.d@vistec.ac.th)] applies 0 allowed 1, ids 18,2 requested 19 [File=/var/www/html/booking/lib/Application/Attributes/AttributeService.php,Line=294]
2019-04-14T23:51:44+07:00 [10313] DEBUG default - [User=Pannida Dugkhuntod (s15_pannida.d@vistec.ac.th)] applies 0 allowed 0, ids 17 requested 19 [File=/var/www/html/booking/lib/Application/Attributes/AttributeService.php,Line=294]
2019-04-14T23:51:44+07:00 [10313] DEBUG default - [User=Pannida Dugkhuntod (s15_pannida.d@vistec.ac.th)] applies 0 allowed 0, ids 17 requested 19 [File=/var/www/html/booking/lib/Application/Attributes/AttributeService.php,Line=294]
2019-04-14T23:51:44+07:00 [10313] DEBUG default - [User=Pannida Dugkhuntod (s15_pannida.d@vistec.ac.th)] applies 0 allowed 0, ids 26 requested 19 [File=/var/www/html/booking/lib/Application/Attributes/AttributeService.php,Line=294]
2019-04-14T23:51:44+07:00 [10313] DEBUG default - [User=Pannida Dugkhuntod (s15_pannida.d@vistec.ac.th)] applies 0 allowed 1, ids 2 requested 19 [File=/var/www/html/booking/lib/Application/Attributes/AttributeService.php,Line=294]
2019-04-14T23:51:44+07:00 [10313] DEBUG default - [User=Pannida Dugkhuntod (s15_pannida.d@vistec.ac.th)] applies 0 allowed 0, ids 17 requested 19 [File=/var/www/html/booking/lib/Application/Attributes/AttributeService.php,Line=294]
2019-04-14T23:51:44+07:00 [10313] DEBUG default - [User=Pannida Dugkhuntod (s15_pannida.d@vistec.ac.th)] applies 0 allowed 0, ids 16 requested 19 [File=/var/www/html/booking/lib/Application/Attributes/AttributeService.php,Line=294]
2019-04-14T23:51:44+07:00 [10313] DEBUG default - [User=Pannida Dugkhuntod (s15_pannida.d@vistec.ac.th)] applies 0 allowed 1, ids 23,26,22,21 requested 19 [File=/var/www/html/booking/lib/Application/Attributes/AttributeService.php,Line=294]
2019-04-14T23:51:44+07:00 [10313] DEBUG default - [User=Pannida Dugkhuntod (s15_pannida.d@vistec.ac.th)] applies 0 allowed 1, ids 23,26,22,29,21 requested 19 [File=/var/www/html/booking/lib/Application/Attributes/AttributeService.php,Line=294]
2019-04-14T23:52:20+07:00 [10313] DEBUG default - [User=Pannida Dugkhuntod (s15_pannida.d@vistec.ac.th)] AutoComplete: 3 results found for search type: user, term: Plo [File=/var/www/html/booking/Pages/Ajax/AutoCompletePage.php,Line=42]
2019-04-14T23:52:53+07:00 [10313] DEBUG default - [User=Pannida Dugkhuntod (s15_pannida.d@vistec.ac.th)] Adding custom attribute value for entityId=19, attributeId=29 [File=/var/www/html/booking/lib/Application/Attributes/AttributeList.php,Line=122]
2019-04-14T23:52:53+07:00 [10313] DEBUG default - [User=Pannida Dugkhuntod (s15_pannida.d@vistec.ac.th)] Took 0 seconds to load custom attributes for category 4 [File=/var/www/html/booking/lib/Application/Attributes/AttributeService.php,Line=154]
2019-04-14T23:52:53+07:00 [10313] DEBUG default - [User=Pannida Dugkhuntod (s15_pannida.d@vistec.ac.th)] Found 1 attributes for entityId 19 [File=/var/www/html/booking/lib/Application/Attributes/AttributeList.php,Line=165]
2019-04-14T23:52:54+07:00 [10313] DEBUG default - [User=Pannida Dugkhuntod (s15_pannida.d@vistec.ac.th)] Took 0 seconds to load custom attributes for category 5 [File=/var/www/html/booking/lib/Application/Attributes/AttributeService.php,Line=154]
2019-04-14T23:52:54+07:00 [10313] DEBUG default - [User=Pannida Dugkhuntod (s15_pannida.d@vistec.ac.th)] Found 0 attributes for entityId 1 [File=/var/www/html/booking/lib/Application/Attributes/AttributeList.php,Line=165]
2019-04-14T23:52:58+07:00 [23803] DEBUG default - [User=Pannida Dugkhuntod (s15_pannida.d@vistec.ac.th)] applies 0 allowed 1, ids 2 requested 19 [File=/var/www/html/booking/lib/Application/Attributes/AttributeService.php,Line=294]
2019-04-14T23:52:58+07:00 [23803] DEBUG default - [User=Pannida Dugkhuntod (s15_pannida.d@vistec.ac.th)] applies 0 allowed 0, ids 17 requested 19 [File=/var/www/html/booking/lib/Application/Attributes/AttributeService.php,Line=294]
2019-04-14T23:52:58+07:00 [23803] DEBUG default - [User=Pannida Dugkhuntod (s15_pannida.d@vistec.ac.th)] applies 0 allowed 0, ids 25 requested 19 [File=/var/www/html/booking/lib/Application/Attributes/AttributeService.php,Line=294]
2019-04-14T23:52:58+07:00 [23803] DEBUG default - [User=Pannida Dugkhuntod (s15_pannida.d@vistec.ac.th)] applies 0 allowed 0, ids 16 requested 19 [File=/var/www/html/booking/lib/Application/Attributes/AttributeService.php,Line=294]
2019-04-14T23:52:58+07:00 [23803] DEBUG default - [User=Pannida Dugkhuntod (s15_pannida.d@vistec.ac.th)] applies 0 allowed 0, ids 25 requested 19 [File=/var/www/html/booking/lib/Application/Attributes/AttributeService.php,Line=294]
2019-04-14T23:52:58+07:00 [23803] DEBUG default - [User=Pannida Dugkhuntod (s15_pannida.d@vistec.ac.th)] applies 0 allowed 0, ids 26 requested 19 [File=/var/www/html/booking/lib/Application/Attributes/AttributeService.php,Line=294]
2019-04-14T23:52:58+07:00 [23803] DEBUG default - [User=Pannida Dugkhuntod (s15_pannida.d@vistec.ac.th)] applies 0 allowed 0, ids 29 requested 19 [File=/var/www/html/booking/lib/Application/Attributes/AttributeService.php,Line=294]
2019-04-14T23:52:58+07:00 [23803] DEBUG default - [User=Pannida Dugkhuntod (s15_pannida.d@vistec.ac.th)] applies 0 allowed 0, ids 26 requested 19 [File=/var/www/html/booking/lib/Application/Attributes/AttributeService.php,Line=294]
2019-04-14T23:52:58+07:00 [23803] DEBUG default - [User=Pannida Dugkhuntod (s15_pannida.d@vistec.ac.th)] applies 0 allowed 1, ids 2 requested 19 [File=/var/www/html/booking/lib/Application/Attributes/AttributeService.php,Line=294]
2019-04-14T23:52:58+07:00 [23803] DEBUG default - [User=Pannida Dugkhuntod (s15_pannida.d@vistec.ac.th)] applies 0 allowed 0, ids 15 requested 19 [File=/var/www/html/booking/lib/Application/Attributes/AttributeService.php,Line=294]
2019-04-14T23:52:58+07:00 [23803] DEBUG default - [User=Pannida Dugkhuntod (s15_pannida.d@vistec.ac.th)] applies 0 allowed 0, ids 18,27 requested 19 [File=/var/www/html/booking/lib/Application/Attributes/AttributeService.php,Line=294]
2019-04-14T23:52:58+07:00 [23803] DEBUG default - [User=Pannida Dugkhuntod (s15_pannida.d@vistec.ac.th)] applies 0 allowed 0, ids 16 requested 19 [File=/var/www/html/booking/lib/Application/Attributes/AttributeService.php,Line=294]
2019-04-14T23:52:58+07:00 [23803] DEBUG default - [User=Pannida Dugkhuntod (s15_pannida.d@vistec.ac.th)] applies 0 allowed 0, ids 18 requested 19 [File=/var/www/html/booking/lib/Application/Attributes/AttributeService.php,Line=294]
2019-04-14T23:52:58+07:00 [23803] DEBUG default - [User=Pannida Dugkhuntod (s15_pannida.d@vistec.ac.th)] applies 0 allowed 0, ids 26 requested 19 [File=/var/www/html/booking/lib/Application/Attributes/AttributeService.php,Line=294]
2019-04-14T23:52:58+07:00 [23803] DEBUG default - [User=Pannida Dugkhuntod (s15_pannida.d@vistec.ac.th)] applies 0 allowed 1, ids 18,2 requested 19 [File=/var/www/html/booking/lib/Application/Attributes/AttributeService.php,Line=294]
2019-04-14T23:52:58+07:00 [23803] DEBUG default - [User=Pannida Dugkhuntod (s15_pannida.d@vistec.ac.th)] applies 0 allowed 0, ids 17 requested 19 [File=/var/www/html/booking/lib/Application/Attributes/AttributeService.php,Line=294]
2019-04-14T23:52:58+07:00 [23803] DEBUG default - [User=Pannida Dugkhuntod (s15_pannida.d@vistec.ac.th)] applies 0 allowed 0, ids 17 requested 19 [File=/var/www/html/booking/lib/Application/Attributes/AttributeService.php,Line=294]
2019-04-14T23:52:58+07:00 [23803] DEBUG default - [User=Pannida Dugkhuntod (s15_pannida.d@vistec.ac.th)] applies 0 allowed 0, ids 26 requested 19 [File=/var/www/html/booking/lib/Application/Attributes/AttributeService.php,Line=294]
2019-04-14T23:52:58+07:00 [23803] DEBUG default - [User=Pannida Dugkhuntod (s15_pannida.d@vistec.ac.th)] applies 0 allowed 1, ids 2 requested 19 [File=/var/www/html/booking/lib/Application/Attributes/AttributeService.php,Line=294]
2019-04-14T23:52:58+07:00 [23803] DEBUG default - [User=Pannida Dugkhuntod (s15_pannida.d@vistec.ac.th)] applies 0 allowed 0, ids 17 requested 19 [File=/var/www/html/booking/lib/Application/Attributes/AttributeService.php,Line=294]
2019-04-14T23:52:58+07:00 [23803] DEBUG default - [User=Pannida Dugkhuntod (s15_pannida.d@vistec.ac.th)] applies 0 allowed 0, ids 16 requested 19 [File=/var/www/html/booking/lib/Application/Attributes/AttributeService.php,Line=294]
2019-04-14T23:52:58+07:00 [23803] DEBUG default - [User=Pannida Dugkhuntod (s15_pannida.d@vistec.ac.th)] applies 0 allowed 1, ids 23,26,22,21 requested 19 [File=/var/www/html/booking/lib/Application/Attributes/AttributeService.php,Line=294]
2019-04-14T23:52:58+07:00 [23803] DEBUG default - [User=Pannida Dugkhuntod (s15_pannida.d@vistec.ac.th)] applies 0 allowed 1, ids 23,26,22,29,21 requested 19 [File=/var/www/html/booking/lib/Application/Attributes/AttributeService.php,Line=294]
2019-04-14T23:53:53+07:00 [10313] DEBUG default - [User=Pannida Dugkhuntod (s15_pannida.d@vistec.ac.th)] AutoComplete: 3 results found for search type: user, term: Plo [File=/var/www/html/booking/Pages/Ajax/AutoCompletePage.php,Line=42]
2019-04-14T23:54:00+07:00 [6290] DEBUG default - [User=Pannida Dugkhuntod (s15_pannida.d@vistec.ac.th)] AutoComplete: 3 results found for search type: user, term: Ploy [File=/var/www/html/booking/Pages/Ajax/AutoCompletePage.php,Line=42]
2019-04-14T23:54:00+07:00 [23803] DEBUG default - [User=Pannida Dugkhuntod (s15_pannida.d@vistec.ac.th)] AutoComplete: 106 results found for search type: user, term: P [File=/var/www/html/booking/Pages/Ajax/AutoCompletePage.php,Line=42]
2019-04-14T23:54:00+07:00 [10313] DEBUG default - [User=Pannida Dugkhuntod (s15_pannida.d@vistec.ac.th)] AutoComplete: 4 results found for search type: user, term: Pl [File=/var/www/html/booking/Pages/Ajax/AutoCompletePage.php,Line=42]
2019-04-14T23:54:02+07:00 [6290] DEBUG default - [User=Pannida Dugkhuntod (s15_pannida.d@vistec.ac.th)] AutoComplete: 3 results found for search type: user, term: Plo [File=/var/www/html/booking/Pages/Ajax/AutoCompletePage.php,Line=42]
2019-04-14T23:54:06+07:00 [23803] DEBUG default - [User=Pannida Dugkhuntod (s15_pannida.d@vistec.ac.th)] AutoComplete: 179 results found for search type: user, term:  [File=/var/www/html/booking/Pages/Ajax/AutoCompletePage.php,Line=42]
