2019-09-21T02:56:16+07:00 [28114] DEBUG default - [User=Jirat Chatsirisupachai (1530306@vistec.ac.th)] applies 0 allowed 0, ids 2 requested 10 [File=/var/www/html/booking/lib/Application/Attributes/AttributeService.php,Line=294]
2019-09-21T02:56:16+07:00 [28114] DEBUG default - [User=Jirat Chatsirisupachai (1530306@vistec.ac.th)] applies 0 allowed 0, ids 17 requested 10 [File=/var/www/html/booking/lib/Application/Attributes/AttributeService.php,Line=294]
2019-09-21T02:56:16+07:00 [28114] DEBUG default - [User=Jirat Chatsirisupachai (1530306@vistec.ac.th)] applies 0 allowed 0, ids 25 requested 10 [File=/var/www/html/booking/lib/Application/Attributes/AttributeService.php,Line=294]
2019-09-21T02:56:16+07:00 [28114] DEBUG default - [User=Jirat Chatsirisupachai (1530306@vistec.ac.th)] applies 0 allowed 1, ids 16 requested 10 [File=/var/www/html/booking/lib/Application/Attributes/AttributeService.php,Line=294]
2019-09-21T02:56:16+07:00 [28114] DEBUG default - [User=Jirat Chatsirisupachai (1530306@vistec.ac.th)] applies 0 allowed 0, ids 25 requested 10 [File=/var/www/html/booking/lib/Application/Attributes/AttributeService.php,Line=294]
2019-09-21T02:56:16+07:00 [28114] DEBUG default - [User=Jirat Chatsirisupachai (1530306@vistec.ac.th)] applies 0 allowed 1, ids 26 requested 10 [File=/var/www/html/booking/lib/Application/Attributes/AttributeService.php,Line=294]
2019-09-21T02:56:16+07:00 [28114] DEBUG default - [User=Jirat Chatsirisupachai (1530306@vistec.ac.th)] applies 0 allowed 1, ids 29 requested 10 [File=/var/www/html/booking/lib/Application/Attributes/AttributeService.php,Line=294]
2019-09-21T02:56:16+07:00 [28114] DEBUG default - [User=Jirat Chatsirisupachai (1530306@vistec.ac.th)] applies 0 allowed 1, ids 26 requested 10 [File=/var/www/html/booking/lib/Application/Attributes/AttributeService.php,Line=294]
2019-09-21T02:56:16+07:00 [28114] DEBUG default - [User=Jirat Chatsirisupachai (1530306@vistec.ac.th)] applies 0 allowed 0, ids 2 requested 10 [File=/var/www/html/booking/lib/Application/Attributes/AttributeService.php,Line=294]
2019-09-21T02:56:16+07:00 [28114] DEBUG default - [User=Jirat Chatsirisupachai (1530306@vistec.ac.th)] applies 0 allowed 0, ids 15 requested 10 [File=/var/www/html/booking/lib/Application/Attributes/AttributeService.php,Line=294]
2019-09-21T02:56:16+07:00 [28114] DEBUG default - [User=Jirat Chatsirisupachai (1530306@vistec.ac.th)] applies 0 allowed 0, ids 18,27 requested 10 [File=/var/www/html/booking/lib/Application/Attributes/AttributeService.php,Line=294]
2019-09-21T02:56:16+07:00 [28114] DEBUG default - [User=Jirat Chatsirisupachai (1530306@vistec.ac.th)] applies 0 allowed 1, ids 16 requested 10 [File=/var/www/html/booking/lib/Application/Attributes/AttributeService.php,Line=294]
2019-09-21T02:56:16+07:00 [28114] DEBUG default - [User=Jirat Chatsirisupachai (1530306@vistec.ac.th)] applies 0 allowed 0, ids 18 requested 10 [File=/var/www/html/booking/lib/Application/Attributes/AttributeService.php,Line=294]
2019-09-21T02:56:16+07:00 [28114] DEBUG default - [User=Jirat Chatsirisupachai (1530306@vistec.ac.th)] applies 0 allowed 1, ids 26 requested 10 [File=/var/www/html/booking/lib/Application/Attributes/AttributeService.php,Line=294]
2019-09-21T02:56:16+07:00 [28114] DEBUG default - [User=Jirat Chatsirisupachai (1530306@vistec.ac.th)] applies 0 allowed 0, ids 18,2 requested 10 [File=/var/www/html/booking/lib/Application/Attributes/AttributeService.php,Line=294]
2019-09-21T02:56:16+07:00 [28114] DEBUG default - [User=Jirat Chatsirisupachai (1530306@vistec.ac.th)] applies 0 allowed 0, ids 17 requested 10 [File=/var/www/html/booking/lib/Application/Attributes/AttributeService.php,Line=294]
2019-09-21T02:56:16+07:00 [28114] DEBUG default - [User=Jirat Chatsirisupachai (1530306@vistec.ac.th)] applies 0 allowed 0, ids 17 requested 10 [File=/var/www/html/booking/lib/Application/Attributes/AttributeService.php,Line=294]
2019-09-21T02:56:16+07:00 [28114] DEBUG default - [User=Jirat Chatsirisupachai (1530306@vistec.ac.th)] applies 0 allowed 1, ids 26 requested 10 [File=/var/www/html/booking/lib/Application/Attributes/AttributeService.php,Line=294]
2019-09-21T02:56:16+07:00 [28114] DEBUG default - [User=Jirat Chatsirisupachai (1530306@vistec.ac.th)] applies 0 allowed 0, ids 2 requested 10 [File=/var/www/html/booking/lib/Application/Attributes/AttributeService.php,Line=294]
2019-09-21T02:56:16+07:00 [28114] DEBUG default - [User=Jirat Chatsirisupachai (1530306@vistec.ac.th)] applies 0 allowed 0, ids 17 requested 10 [File=/var/www/html/booking/lib/Application/Attributes/AttributeService.php,Line=294]
2019-09-21T02:56:16+07:00 [28114] DEBUG default - [User=Jirat Chatsirisupachai (1530306@vistec.ac.th)] applies 0 allowed 1, ids 16 requested 10 [File=/var/www/html/booking/lib/Application/Attributes/AttributeService.php,Line=294]
2019-09-21T02:56:16+07:00 [28114] DEBUG default - [User=Jirat Chatsirisupachai (1530306@vistec.ac.th)] applies 0 allowed 1, ids 23,26,22,21 requested 10 [File=/var/www/html/booking/lib/Application/Attributes/AttributeService.php,Line=294]
2019-09-21T02:56:16+07:00 [28114] DEBUG default - [User=Jirat Chatsirisupachai (1530306@vistec.ac.th)] applies 0 allowed 2, ids 23,26,22,29,21 requested 10 [File=/var/www/html/booking/lib/Application/Attributes/AttributeService.php,Line=294]
2019-09-21T15:04:45+07:00 [10019] DEBUG default - [User=Siraphat Cheepborisutikul (1630409@vistec.ac.th)] applies 0 allowed 1, ids 2 requested 16 [File=/var/www/html/booking/lib/Application/Attributes/AttributeService.php,Line=294]
2019-09-21T15:04:45+07:00 [10019] DEBUG default - [User=Siraphat Cheepborisutikul (1630409@vistec.ac.th)] applies 0 allowed 1, ids 17 requested 16 [File=/var/www/html/booking/lib/Application/Attributes/AttributeService.php,Line=294]
2019-09-21T15:04:45+07:00 [10019] DEBUG default - [User=Siraphat Cheepborisutikul (1630409@vistec.ac.th)] applies 0 allowed 0, ids 25 requested 16 [File=/var/www/html/booking/lib/Application/Attributes/AttributeService.php,Line=294]
2019-09-21T15:04:45+07:00 [10019] DEBUG default - [User=Siraphat Cheepborisutikul (1630409@vistec.ac.th)] applies 1 allowed 1, ids 16 requested 16 [File=/var/www/html/booking/lib/Application/Attributes/AttributeService.php,Line=294]
2019-09-21T15:04:45+07:00 [10019] DEBUG default - [User=Siraphat Cheepborisutikul (1630409@vistec.ac.th)] applies 0 allowed 0, ids 25 requested 16 [File=/var/www/html/booking/lib/Application/Attributes/AttributeService.php,Line=294]
2019-09-21T15:04:45+07:00 [10019] DEBUG default - [User=Siraphat Cheepborisutikul (1630409@vistec.ac.th)] applies 0 allowed 0, ids 26 requested 16 [File=/var/www/html/booking/lib/Application/Attributes/AttributeService.php,Line=294]
2019-09-21T15:04:45+07:00 [10019] DEBUG default - [User=Siraphat Cheepborisutikul (1630409@vistec.ac.th)] applies 0 allowed 0, ids 29 requested 16 [File=/var/www/html/booking/lib/Application/Attributes/AttributeService.php,Line=294]
2019-09-21T15:04:45+07:00 [10019] DEBUG default - [User=Siraphat Cheepborisutikul (1630409@vistec.ac.th)] applies 0 allowed 0, ids 26 requested 16 [File=/var/www/html/booking/lib/Application/Attributes/AttributeService.php,Line=294]
2019-09-21T15:04:45+07:00 [10019] DEBUG default - [User=Siraphat Cheepborisutikul (1630409@vistec.ac.th)] applies 0 allowed 1, ids 2 requested 16 [File=/var/www/html/booking/lib/Application/Attributes/AttributeService.php,Line=294]
2019-09-21T15:04:45+07:00 [10019] DEBUG default - [User=Siraphat Cheepborisutikul (1630409@vistec.ac.th)] applies 0 allowed 0, ids 15 requested 16 [File=/var/www/html/booking/lib/Application/Attributes/AttributeService.php,Line=294]
2019-09-21T15:04:45+07:00 [10019] DEBUG default - [User=Siraphat Cheepborisutikul (1630409@vistec.ac.th)] applies 0 allowed 0, ids 18,27 requested 16 [File=/var/www/html/booking/lib/Application/Attributes/AttributeService.php,Line=294]
2019-09-21T15:04:45+07:00 [10019] DEBUG default - [User=Siraphat Cheepborisutikul (1630409@vistec.ac.th)] applies 1 allowed 1, ids 16 requested 16 [File=/var/www/html/booking/lib/Application/Attributes/AttributeService.php,Line=294]
2019-09-21T15:04:45+07:00 [10019] DEBUG default - [User=Siraphat Cheepborisutikul (1630409@vistec.ac.th)] applies 0 allowed 0, ids 18 requested 16 [File=/var/www/html/booking/lib/Application/Attributes/AttributeService.php,Line=294]
2019-09-21T15:04:45+07:00 [10019] DEBUG default - [User=Siraphat Cheepborisutikul (1630409@vistec.ac.th)] applies 0 allowed 0, ids 26 requested 16 [File=/var/www/html/booking/lib/Application/Attributes/AttributeService.php,Line=294]
2019-09-21T15:04:45+07:00 [10019] DEBUG default - [User=Siraphat Cheepborisutikul (1630409@vistec.ac.th)] applies 0 allowed 1, ids 18,2 requested 16 [File=/var/www/html/booking/lib/Application/Attributes/AttributeService.php,Line=294]
2019-09-21T15:04:45+07:00 [10019] DEBUG default - [User=Siraphat Cheepborisutikul (1630409@vistec.ac.th)] applies 0 allowed 1, ids 17 requested 16 [File=/var/www/html/booking/lib/Application/Attributes/AttributeService.php,Line=294]
2019-09-21T15:04:45+07:00 [10019] DEBUG default - [User=Siraphat Cheepborisutikul (1630409@vistec.ac.th)] applies 0 allowed 1, ids 17 requested 16 [File=/var/www/html/booking/lib/Application/Attributes/AttributeService.php,Line=294]
2019-09-21T15:04:45+07:00 [10019] DEBUG default - [User=Siraphat Cheepborisutikul (1630409@vistec.ac.th)] applies 0 allowed 0, ids 26 requested 16 [File=/var/www/html/booking/lib/Application/Attributes/AttributeService.php,Line=294]
2019-09-21T15:04:45+07:00 [10019] DEBUG default - [User=Siraphat Cheepborisutikul (1630409@vistec.ac.th)] applies 0 allowed 1, ids 2 requested 16 [File=/var/www/html/booking/lib/Application/Attributes/AttributeService.php,Line=294]
2019-09-21T15:04:45+07:00 [10019] DEBUG default - [User=Siraphat Cheepborisutikul (1630409@vistec.ac.th)] applies 0 allowed 1, ids 17 requested 16 [File=/var/www/html/booking/lib/Application/Attributes/AttributeService.php,Line=294]
2019-09-21T15:04:45+07:00 [10019] DEBUG default - [User=Siraphat Cheepborisutikul (1630409@vistec.ac.th)] applies 1 allowed 1, ids 16 requested 16 [File=/var/www/html/booking/lib/Application/Attributes/AttributeService.php,Line=294]
2019-09-21T15:04:45+07:00 [10019] DEBUG default - [User=Siraphat Cheepborisutikul (1630409@vistec.ac.th)] applies 0 allowed 0, ids 23,26,22,21 requested 16 [File=/var/www/html/booking/lib/Application/Attributes/AttributeService.php,Line=294]
2019-09-21T15:04:45+07:00 [10019] DEBUG default - [User=Siraphat Cheepborisutikul (1630409@vistec.ac.th)] applies 0 allowed 0, ids 23,26,22,29,21 requested 16 [File=/var/www/html/booking/lib/Application/Attributes/AttributeService.php,Line=294]
2019-09-21T15:37:13+07:00 [28111] DEBUG default - [User=Siraphat Cheepborisutikul (1630409@vistec.ac.th)] applies 0 allowed 1, ids 2 requested 16 [File=/var/www/html/booking/lib/Application/Attributes/AttributeService.php,Line=294]
2019-09-21T15:37:13+07:00 [28111] DEBUG default - [User=Siraphat Cheepborisutikul (1630409@vistec.ac.th)] applies 0 allowed 1, ids 17 requested 16 [File=/var/www/html/booking/lib/Application/Attributes/AttributeService.php,Line=294]
2019-09-21T15:37:13+07:00 [28111] DEBUG default - [User=Siraphat Cheepborisutikul (1630409@vistec.ac.th)] applies 0 allowed 0, ids 25 requested 16 [File=/var/www/html/booking/lib/Application/Attributes/AttributeService.php,Line=294]
2019-09-21T15:37:13+07:00 [28111] DEBUG default - [User=Siraphat Cheepborisutikul (1630409@vistec.ac.th)] applies 1 allowed 1, ids 16 requested 16 [File=/var/www/html/booking/lib/Application/Attributes/AttributeService.php,Line=294]
2019-09-21T15:37:13+07:00 [28111] DEBUG default - [User=Siraphat Cheepborisutikul (1630409@vistec.ac.th)] applies 0 allowed 0, ids 25 requested 16 [File=/var/www/html/booking/lib/Application/Attributes/AttributeService.php,Line=294]
2019-09-21T15:37:13+07:00 [28111] DEBUG default - [User=Siraphat Cheepborisutikul (1630409@vistec.ac.th)] applies 0 allowed 0, ids 26 requested 16 [File=/var/www/html/booking/lib/Application/Attributes/AttributeService.php,Line=294]
2019-09-21T15:37:13+07:00 [28111] DEBUG default - [User=Siraphat Cheepborisutikul (1630409@vistec.ac.th)] applies 0 allowed 0, ids 29 requested 16 [File=/var/www/html/booking/lib/Application/Attributes/AttributeService.php,Line=294]
2019-09-21T15:37:13+07:00 [28111] DEBUG default - [User=Siraphat Cheepborisutikul (1630409@vistec.ac.th)] applies 0 allowed 0, ids 26 requested 16 [File=/var/www/html/booking/lib/Application/Attributes/AttributeService.php,Line=294]
2019-09-21T15:37:13+07:00 [28111] DEBUG default - [User=Siraphat Cheepborisutikul (1630409@vistec.ac.th)] applies 0 allowed 1, ids 2 requested 16 [File=/var/www/html/booking/lib/Application/Attributes/AttributeService.php,Line=294]
2019-09-21T15:37:13+07:00 [28111] DEBUG default - [User=Siraphat Cheepborisutikul (1630409@vistec.ac.th)] applies 0 allowed 0, ids 15 requested 16 [File=/var/www/html/booking/lib/Application/Attributes/AttributeService.php,Line=294]
2019-09-21T15:37:13+07:00 [28111] DEBUG default - [User=Siraphat Cheepborisutikul (1630409@vistec.ac.th)] applies 0 allowed 0, ids 18,27 requested 16 [File=/var/www/html/booking/lib/Application/Attributes/AttributeService.php,Line=294]
2019-09-21T15:37:13+07:00 [28111] DEBUG default - [User=Siraphat Cheepborisutikul (1630409@vistec.ac.th)] applies 1 allowed 1, ids 16 requested 16 [File=/var/www/html/booking/lib/Application/Attributes/AttributeService.php,Line=294]
2019-09-21T15:37:13+07:00 [28111] DEBUG default - [User=Siraphat Cheepborisutikul (1630409@vistec.ac.th)] applies 0 allowed 0, ids 18 requested 16 [File=/var/www/html/booking/lib/Application/Attributes/AttributeService.php,Line=294]
2019-09-21T15:37:13+07:00 [28111] DEBUG default - [User=Siraphat Cheepborisutikul (1630409@vistec.ac.th)] applies 0 allowed 0, ids 26 requested 16 [File=/var/www/html/booking/lib/Application/Attributes/AttributeService.php,Line=294]
2019-09-21T15:37:13+07:00 [28111] DEBUG default - [User=Siraphat Cheepborisutikul (1630409@vistec.ac.th)] applies 0 allowed 1, ids 18,2 requested 16 [File=/var/www/html/booking/lib/Application/Attributes/AttributeService.php,Line=294]
2019-09-21T15:37:13+07:00 [28111] DEBUG default - [User=Siraphat Cheepborisutikul (1630409@vistec.ac.th)] applies 0 allowed 1, ids 17 requested 16 [File=/var/www/html/booking/lib/Application/Attributes/AttributeService.php,Line=294]
2019-09-21T15:37:13+07:00 [28111] DEBUG default - [User=Siraphat Cheepborisutikul (1630409@vistec.ac.th)] applies 0 allowed 1, ids 17 requested 16 [File=/var/www/html/booking/lib/Application/Attributes/AttributeService.php,Line=294]
2019-09-21T15:37:13+07:00 [28111] DEBUG default - [User=Siraphat Cheepborisutikul (1630409@vistec.ac.th)] applies 0 allowed 0, ids 26 requested 16 [File=/var/www/html/booking/lib/Application/Attributes/AttributeService.php,Line=294]
2019-09-21T15:37:13+07:00 [28111] DEBUG default - [User=Siraphat Cheepborisutikul (1630409@vistec.ac.th)] applies 0 allowed 1, ids 2 requested 16 [File=/var/www/html/booking/lib/Application/Attributes/AttributeService.php,Line=294]
2019-09-21T15:37:13+07:00 [28111] DEBUG default - [User=Siraphat Cheepborisutikul (1630409@vistec.ac.th)] applies 0 allowed 1, ids 17 requested 16 [File=/var/www/html/booking/lib/Application/Attributes/AttributeService.php,Line=294]
2019-09-21T15:37:13+07:00 [28111] DEBUG default - [User=Siraphat Cheepborisutikul (1630409@vistec.ac.th)] applies 1 allowed 1, ids 16 requested 16 [File=/var/www/html/booking/lib/Application/Attributes/AttributeService.php,Line=294]
2019-09-21T15:37:13+07:00 [28111] DEBUG default - [User=Siraphat Cheepborisutikul (1630409@vistec.ac.th)] applies 0 allowed 0, ids 23,26,22,21 requested 16 [File=/var/www/html/booking/lib/Application/Attributes/AttributeService.php,Line=294]
2019-09-21T15:37:13+07:00 [28111] DEBUG default - [User=Siraphat Cheepborisutikul (1630409@vistec.ac.th)] applies 0 allowed 0, ids 23,26,22,29,21 requested 16 [File=/var/www/html/booking/lib/Application/Attributes/AttributeService.php,Line=294]
2019-09-21T15:40:00+07:00 [10019] DEBUG default - [User=Siraphat Cheepborisutikul (1630409@vistec.ac.th)] applies 0 allowed 1, ids 2 requested  [File=/var/www/html/booking/lib/Application/Attributes/AttributeService.php,Line=294]
2019-09-21T15:40:00+07:00 [10019] DEBUG default - [User=Siraphat Cheepborisutikul (1630409@vistec.ac.th)] applies 0 allowed 1, ids 17 requested  [File=/var/www/html/booking/lib/Application/Attributes/AttributeService.php,Line=294]
2019-09-21T15:40:00+07:00 [10019] DEBUG default - [User=Siraphat Cheepborisutikul (1630409@vistec.ac.th)] applies 0 allowed 0, ids 25 requested  [File=/var/www/html/booking/lib/Application/Attributes/AttributeService.php,Line=294]
2019-09-21T15:40:00+07:00 [10019] DEBUG default - [User=Siraphat Cheepborisutikul (1630409@vistec.ac.th)] applies 0 allowed 1, ids 16 requested  [File=/var/www/html/booking/lib/Application/Attributes/AttributeService.php,Line=294]
2019-09-21T15:40:00+07:00 [10019] DEBUG default - [User=Siraphat Cheepborisutikul (1630409@vistec.ac.th)] applies 0 allowed 0, ids 25 requested  [File=/var/www/html/booking/lib/Application/Attributes/AttributeService.php,Line=294]
2019-09-21T15:40:00+07:00 [10019] DEBUG default - [User=Siraphat Cheepborisutikul (1630409@vistec.ac.th)] applies 0 allowed 0, ids 26 requested  [File=/var/www/html/booking/lib/Application/Attributes/AttributeService.php,Line=294]
2019-09-21T15:40:00+07:00 [10019] DEBUG default - [User=Siraphat Cheepborisutikul (1630409@vistec.ac.th)] applies 0 allowed 0, ids 29 requested  [File=/var/www/html/booking/lib/Application/Attributes/AttributeService.php,Line=294]
2019-09-21T15:40:00+07:00 [10019] DEBUG default - [User=Siraphat Cheepborisutikul (1630409@vistec.ac.th)] applies 0 allowed 0, ids 26 requested  [File=/var/www/html/booking/lib/Application/Attributes/AttributeService.php,Line=294]
2019-09-21T15:40:00+07:00 [10019] DEBUG default - [User=Siraphat Cheepborisutikul (1630409@vistec.ac.th)] applies 0 allowed 1, ids 2 requested  [File=/var/www/html/booking/lib/Application/Attributes/AttributeService.php,Line=294]
2019-09-21T15:40:00+07:00 [10019] DEBUG default - [User=Siraphat Cheepborisutikul (1630409@vistec.ac.th)] applies 0 allowed 0, ids 15 requested  [File=/var/www/html/booking/lib/Application/Attributes/AttributeService.php,Line=294]
2019-09-21T15:40:00+07:00 [10019] DEBUG default - [User=Siraphat Cheepborisutikul (1630409@vistec.ac.th)] applies 0 allowed 0, ids 18,27 requested  [File=/var/www/html/booking/lib/Application/Attributes/AttributeService.php,Line=294]
2019-09-21T15:40:00+07:00 [10019] DEBUG default - [User=Siraphat Cheepborisutikul (1630409@vistec.ac.th)] applies 0 allowed 1, ids 16 requested  [File=/var/www/html/booking/lib/Application/Attributes/AttributeService.php,Line=294]
2019-09-21T15:40:00+07:00 [10019] DEBUG default - [User=Siraphat Cheepborisutikul (1630409@vistec.ac.th)] applies 0 allowed 0, ids 18 requested  [File=/var/www/html/booking/lib/Application/Attributes/AttributeService.php,Line=294]
2019-09-21T15:40:00+07:00 [10019] DEBUG default - [User=Siraphat Cheepborisutikul (1630409@vistec.ac.th)] applies 0 allowed 0, ids 26 requested  [File=/var/www/html/booking/lib/Application/Attributes/AttributeService.php,Line=294]
2019-09-21T15:40:00+07:00 [10019] DEBUG default - [User=Siraphat Cheepborisutikul (1630409@vistec.ac.th)] applies 0 allowed 1, ids 18,2 requested  [File=/var/www/html/booking/lib/Application/Attributes/AttributeService.php,Line=294]
2019-09-21T15:40:00+07:00 [10019] DEBUG default - [User=Siraphat Cheepborisutikul (1630409@vistec.ac.th)] applies 0 allowed 1, ids 17 requested  [File=/var/www/html/booking/lib/Application/Attributes/AttributeService.php,Line=294]
2019-09-21T15:40:00+07:00 [10019] DEBUG default - [User=Siraphat Cheepborisutikul (1630409@vistec.ac.th)] applies 0 allowed 1, ids 17 requested  [File=/var/www/html/booking/lib/Application/Attributes/AttributeService.php,Line=294]
2019-09-21T15:40:00+07:00 [10019] DEBUG default - [User=Siraphat Cheepborisutikul (1630409@vistec.ac.th)] applies 0 allowed 0, ids 26 requested  [File=/var/www/html/booking/lib/Application/Attributes/AttributeService.php,Line=294]
2019-09-21T15:40:00+07:00 [10019] DEBUG default - [User=Siraphat Cheepborisutikul (1630409@vistec.ac.th)] applies 0 allowed 1, ids 2 requested  [File=/var/www/html/booking/lib/Application/Attributes/AttributeService.php,Line=294]
2019-09-21T15:40:00+07:00 [10019] DEBUG default - [User=Siraphat Cheepborisutikul (1630409@vistec.ac.th)] applies 0 allowed 1, ids 17 requested  [File=/var/www/html/booking/lib/Application/Attributes/AttributeService.php,Line=294]
2019-09-21T15:40:00+07:00 [10019] DEBUG default - [User=Siraphat Cheepborisutikul (1630409@vistec.ac.th)] applies 0 allowed 1, ids 16 requested  [File=/var/www/html/booking/lib/Application/Attributes/AttributeService.php,Line=294]
2019-09-21T15:40:00+07:00 [10019] DEBUG default - [User=Siraphat Cheepborisutikul (1630409@vistec.ac.th)] applies 0 allowed 0, ids 23,26,22,21 requested  [File=/var/www/html/booking/lib/Application/Attributes/AttributeService.php,Line=294]
2019-09-21T15:40:00+07:00 [10019] DEBUG default - [User=Siraphat Cheepborisutikul (1630409@vistec.ac.th)] applies 0 allowed 0, ids 23,26,22,29,21 requested  [File=/var/www/html/booking/lib/Application/Attributes/AttributeService.php,Line=294]
