2019-07-13T11:23:27+07:00 [12231] DEBUG default - [User=Weerapha Panatdasirisuk (gluay88weerapha@gmail.com)] Adding custom attribute value for entityId=17, attributeId=29 [File=/var/www/html/booking/lib/Application/Attributes/AttributeList.php,Line=122]
2019-07-13T11:23:27+07:00 [12231] DEBUG default - [User=Weerapha Panatdasirisuk (gluay88weerapha@gmail.com)] Took 0 seconds to load custom attributes for category 4 [File=/var/www/html/booking/lib/Application/Attributes/AttributeService.php,Line=154]
2019-07-13T11:23:27+07:00 [12231] DEBUG default - [User=Weerapha Panatdasirisuk (gluay88weerapha@gmail.com)] Found 1 attributes for entityId 17 [File=/var/www/html/booking/lib/Application/Attributes/AttributeList.php,Line=165]
2019-07-13T11:23:27+07:00 [12231] DEBUG default - [User=Weerapha Panatdasirisuk (gluay88weerapha@gmail.com)] Took 0 seconds to load custom attributes for category 5 [File=/var/www/html/booking/lib/Application/Attributes/AttributeService.php,Line=154]
2019-07-13T11:23:27+07:00 [12231] DEBUG default - [User=Weerapha Panatdasirisuk (gluay88weerapha@gmail.com)] Found 0 attributes for entityId 2 [File=/var/www/html/booking/lib/Application/Attributes/AttributeList.php,Line=165]
2019-07-13T11:59:33+07:00 [12231] DEBUG default - [User=Weerapha Panatdasirisuk (gluay88weerapha@gmail.com)] applies 0 allowed 0, ids 2 requested  [File=/var/www/html/booking/lib/Application/Attributes/AttributeService.php,Line=294]
2019-07-13T11:59:33+07:00 [12231] DEBUG default - [User=Weerapha Panatdasirisuk (gluay88weerapha@gmail.com)] applies 0 allowed 1, ids 17 requested  [File=/var/www/html/booking/lib/Application/Attributes/AttributeService.php,Line=294]
2019-07-13T11:59:33+07:00 [12231] DEBUG default - [User=Weerapha Panatdasirisuk (gluay88weerapha@gmail.com)] applies 0 allowed 0, ids 25 requested  [File=/var/www/html/booking/lib/Application/Attributes/AttributeService.php,Line=294]
2019-07-13T11:59:33+07:00 [12231] DEBUG default - [User=Weerapha Panatdasirisuk (gluay88weerapha@gmail.com)] applies 0 allowed 0, ids 16 requested  [File=/var/www/html/booking/lib/Application/Attributes/AttributeService.php,Line=294]
2019-07-13T11:59:33+07:00 [12231] DEBUG default - [User=Weerapha Panatdasirisuk (gluay88weerapha@gmail.com)] applies 0 allowed 0, ids 25 requested  [File=/var/www/html/booking/lib/Application/Attributes/AttributeService.php,Line=294]
2019-07-13T11:59:33+07:00 [12231] DEBUG default - [User=Weerapha Panatdasirisuk (gluay88weerapha@gmail.com)] applies 0 allowed 0, ids 26 requested  [File=/var/www/html/booking/lib/Application/Attributes/AttributeService.php,Line=294]
2019-07-13T11:59:33+07:00 [12231] DEBUG default - [User=Weerapha Panatdasirisuk (gluay88weerapha@gmail.com)] applies 0 allowed 0, ids 29 requested  [File=/var/www/html/booking/lib/Application/Attributes/AttributeService.php,Line=294]
2019-07-13T11:59:33+07:00 [12231] DEBUG default - [User=Weerapha Panatdasirisuk (gluay88weerapha@gmail.com)] applies 0 allowed 0, ids 26 requested  [File=/var/www/html/booking/lib/Application/Attributes/AttributeService.php,Line=294]
2019-07-13T11:59:33+07:00 [12231] DEBUG default - [User=Weerapha Panatdasirisuk (gluay88weerapha@gmail.com)] applies 0 allowed 0, ids 2 requested  [File=/var/www/html/booking/lib/Application/Attributes/AttributeService.php,Line=294]
2019-07-13T11:59:33+07:00 [12231] DEBUG default - [User=Weerapha Panatdasirisuk (gluay88weerapha@gmail.com)] applies 0 allowed 0, ids 15 requested  [File=/var/www/html/booking/lib/Application/Attributes/AttributeService.php,Line=294]
2019-07-13T11:59:33+07:00 [12231] DEBUG default - [User=Weerapha Panatdasirisuk (gluay88weerapha@gmail.com)] applies 0 allowed 0, ids 18,27 requested  [File=/var/www/html/booking/lib/Application/Attributes/AttributeService.php,Line=294]
2019-07-13T11:59:33+07:00 [12231] DEBUG default - [User=Weerapha Panatdasirisuk (gluay88weerapha@gmail.com)] applies 0 allowed 0, ids 16 requested  [File=/var/www/html/booking/lib/Application/Attributes/AttributeService.php,Line=294]
2019-07-13T11:59:33+07:00 [12231] DEBUG default - [User=Weerapha Panatdasirisuk (gluay88weerapha@gmail.com)] applies 0 allowed 0, ids 18 requested  [File=/var/www/html/booking/lib/Application/Attributes/AttributeService.php,Line=294]
2019-07-13T11:59:33+07:00 [12231] DEBUG default - [User=Weerapha Panatdasirisuk (gluay88weerapha@gmail.com)] applies 0 allowed 0, ids 26 requested  [File=/var/www/html/booking/lib/Application/Attributes/AttributeService.php,Line=294]
2019-07-13T11:59:33+07:00 [12231] DEBUG default - [User=Weerapha Panatdasirisuk (gluay88weerapha@gmail.com)] applies 0 allowed 0, ids 18,2 requested  [File=/var/www/html/booking/lib/Application/Attributes/AttributeService.php,Line=294]
2019-07-13T11:59:33+07:00 [12231] DEBUG default - [User=Weerapha Panatdasirisuk (gluay88weerapha@gmail.com)] applies 0 allowed 1, ids 17 requested  [File=/var/www/html/booking/lib/Application/Attributes/AttributeService.php,Line=294]
2019-07-13T11:59:33+07:00 [12231] DEBUG default - [User=Weerapha Panatdasirisuk (gluay88weerapha@gmail.com)] applies 0 allowed 1, ids 17 requested  [File=/var/www/html/booking/lib/Application/Attributes/AttributeService.php,Line=294]
2019-07-13T11:59:33+07:00 [12231] DEBUG default - [User=Weerapha Panatdasirisuk (gluay88weerapha@gmail.com)] applies 0 allowed 0, ids 26 requested  [File=/var/www/html/booking/lib/Application/Attributes/AttributeService.php,Line=294]
2019-07-13T11:59:33+07:00 [12231] DEBUG default - [User=Weerapha Panatdasirisuk (gluay88weerapha@gmail.com)] applies 0 allowed 0, ids 2 requested  [File=/var/www/html/booking/lib/Application/Attributes/AttributeService.php,Line=294]
2019-07-13T11:59:33+07:00 [12231] DEBUG default - [User=Weerapha Panatdasirisuk (gluay88weerapha@gmail.com)] applies 0 allowed 1, ids 17 requested  [File=/var/www/html/booking/lib/Application/Attributes/AttributeService.php,Line=294]
2019-07-13T11:59:33+07:00 [12231] DEBUG default - [User=Weerapha Panatdasirisuk (gluay88weerapha@gmail.com)] applies 0 allowed 0, ids 16 requested  [File=/var/www/html/booking/lib/Application/Attributes/AttributeService.php,Line=294]
2019-07-13T11:59:33+07:00 [12231] DEBUG default - [User=Weerapha Panatdasirisuk (gluay88weerapha@gmail.com)] applies 0 allowed 0, ids 23,26,22,21 requested  [File=/var/www/html/booking/lib/Application/Attributes/AttributeService.php,Line=294]
2019-07-13T11:59:33+07:00 [12231] DEBUG default - [User=Weerapha Panatdasirisuk (gluay88weerapha@gmail.com)] applies 0 allowed 0, ids 23,26,22,29,21 requested  [File=/var/www/html/booking/lib/Application/Attributes/AttributeService.php,Line=294]
2019-07-13T13:30:47+07:00 [3895] DEBUG default - [User=Kamonnart Imwiset (1530307@vistec.ac.th)] Adding custom attribute value for entityId=7, attributeId=29 [File=/var/www/html/booking/lib/Application/Attributes/AttributeList.php,Line=122]
2019-07-13T13:30:47+07:00 [3895] DEBUG default - [User=Kamonnart Imwiset (1530307@vistec.ac.th)] Took 0 seconds to load custom attributes for category 4 [File=/var/www/html/booking/lib/Application/Attributes/AttributeService.php,Line=154]
2019-07-13T13:30:47+07:00 [3895] DEBUG default - [User=Kamonnart Imwiset (1530307@vistec.ac.th)] Found 1 attributes for entityId 7 [File=/var/www/html/booking/lib/Application/Attributes/AttributeList.php,Line=165]
2019-07-13T13:30:47+07:00 [3895] DEBUG default - [User=Kamonnart Imwiset (1530307@vistec.ac.th)] Took 0 seconds to load custom attributes for category 5 [File=/var/www/html/booking/lib/Application/Attributes/AttributeService.php,Line=154]
2019-07-13T13:30:47+07:00 [3895] DEBUG default - [User=Kamonnart Imwiset (1530307@vistec.ac.th)] Found 0 attributes for entityId 7 [File=/var/www/html/booking/lib/Application/Attributes/AttributeList.php,Line=165]
2019-07-13T13:30:55+07:00 [3895] DEBUG default - [User=Kamonnart Imwiset (1530307@vistec.ac.th)] applies 0 allowed 1, ids 2 requested  [File=/var/www/html/booking/lib/Application/Attributes/AttributeService.php,Line=294]
2019-07-13T13:30:55+07:00 [3895] DEBUG default - [User=Kamonnart Imwiset (1530307@vistec.ac.th)] applies 0 allowed 1, ids 17 requested  [File=/var/www/html/booking/lib/Application/Attributes/AttributeService.php,Line=294]
2019-07-13T13:30:55+07:00 [3895] DEBUG default - [User=Kamonnart Imwiset (1530307@vistec.ac.th)] applies 0 allowed 0, ids 25 requested  [File=/var/www/html/booking/lib/Application/Attributes/AttributeService.php,Line=294]
2019-07-13T13:30:55+07:00 [3895] DEBUG default - [User=Kamonnart Imwiset (1530307@vistec.ac.th)] applies 0 allowed 1, ids 16 requested  [File=/var/www/html/booking/lib/Application/Attributes/AttributeService.php,Line=294]
2019-07-13T13:30:55+07:00 [3895] DEBUG default - [User=Kamonnart Imwiset (1530307@vistec.ac.th)] applies 0 allowed 0, ids 25 requested  [File=/var/www/html/booking/lib/Application/Attributes/AttributeService.php,Line=294]
2019-07-13T13:30:55+07:00 [3895] DEBUG default - [User=Kamonnart Imwiset (1530307@vistec.ac.th)] applies 0 allowed 1, ids 26 requested  [File=/var/www/html/booking/lib/Application/Attributes/AttributeService.php,Line=294]
2019-07-13T13:30:55+07:00 [3895] DEBUG default - [User=Kamonnart Imwiset (1530307@vistec.ac.th)] applies 0 allowed 0, ids 29 requested  [File=/var/www/html/booking/lib/Application/Attributes/AttributeService.php,Line=294]
2019-07-13T13:30:55+07:00 [3895] DEBUG default - [User=Kamonnart Imwiset (1530307@vistec.ac.th)] applies 0 allowed 1, ids 26 requested  [File=/var/www/html/booking/lib/Application/Attributes/AttributeService.php,Line=294]
2019-07-13T13:30:55+07:00 [3895] DEBUG default - [User=Kamonnart Imwiset (1530307@vistec.ac.th)] applies 0 allowed 1, ids 2 requested  [File=/var/www/html/booking/lib/Application/Attributes/AttributeService.php,Line=294]
2019-07-13T13:30:55+07:00 [3895] DEBUG default - [User=Kamonnart Imwiset (1530307@vistec.ac.th)] applies 0 allowed 0, ids 15 requested  [File=/var/www/html/booking/lib/Application/Attributes/AttributeService.php,Line=294]
2019-07-13T13:30:55+07:00 [3895] DEBUG default - [User=Kamonnart Imwiset (1530307@vistec.ac.th)] applies 0 allowed 0, ids 18,27 requested  [File=/var/www/html/booking/lib/Application/Attributes/AttributeService.php,Line=294]
2019-07-13T13:30:55+07:00 [3895] DEBUG default - [User=Kamonnart Imwiset (1530307@vistec.ac.th)] applies 0 allowed 1, ids 16 requested  [File=/var/www/html/booking/lib/Application/Attributes/AttributeService.php,Line=294]
2019-07-13T13:30:55+07:00 [3895] DEBUG default - [User=Kamonnart Imwiset (1530307@vistec.ac.th)] applies 0 allowed 0, ids 18 requested  [File=/var/www/html/booking/lib/Application/Attributes/AttributeService.php,Line=294]
2019-07-13T13:30:55+07:00 [3895] DEBUG default - [User=Kamonnart Imwiset (1530307@vistec.ac.th)] applies 0 allowed 1, ids 26 requested  [File=/var/www/html/booking/lib/Application/Attributes/AttributeService.php,Line=294]
2019-07-13T13:30:55+07:00 [3895] DEBUG default - [User=Kamonnart Imwiset (1530307@vistec.ac.th)] applies 0 allowed 1, ids 18,2 requested  [File=/var/www/html/booking/lib/Application/Attributes/AttributeService.php,Line=294]
2019-07-13T13:30:55+07:00 [3895] DEBUG default - [User=Kamonnart Imwiset (1530307@vistec.ac.th)] applies 0 allowed 1, ids 17 requested  [File=/var/www/html/booking/lib/Application/Attributes/AttributeService.php,Line=294]
2019-07-13T13:30:55+07:00 [3895] DEBUG default - [User=Kamonnart Imwiset (1530307@vistec.ac.th)] applies 0 allowed 1, ids 17 requested  [File=/var/www/html/booking/lib/Application/Attributes/AttributeService.php,Line=294]
2019-07-13T13:30:55+07:00 [3895] DEBUG default - [User=Kamonnart Imwiset (1530307@vistec.ac.th)] applies 0 allowed 1, ids 26 requested  [File=/var/www/html/booking/lib/Application/Attributes/AttributeService.php,Line=294]
2019-07-13T13:30:55+07:00 [3895] DEBUG default - [User=Kamonnart Imwiset (1530307@vistec.ac.th)] applies 0 allowed 1, ids 2 requested  [File=/var/www/html/booking/lib/Application/Attributes/AttributeService.php,Line=294]
2019-07-13T13:30:55+07:00 [3895] DEBUG default - [User=Kamonnart Imwiset (1530307@vistec.ac.th)] applies 0 allowed 1, ids 17 requested  [File=/var/www/html/booking/lib/Application/Attributes/AttributeService.php,Line=294]
2019-07-13T13:30:55+07:00 [3895] DEBUG default - [User=Kamonnart Imwiset (1530307@vistec.ac.th)] applies 0 allowed 1, ids 16 requested  [File=/var/www/html/booking/lib/Application/Attributes/AttributeService.php,Line=294]
2019-07-13T13:30:55+07:00 [3895] DEBUG default - [User=Kamonnart Imwiset (1530307@vistec.ac.th)] applies 0 allowed 1, ids 23,26,22,21 requested  [File=/var/www/html/booking/lib/Application/Attributes/AttributeService.php,Line=294]
2019-07-13T13:30:55+07:00 [3895] DEBUG default - [User=Kamonnart Imwiset (1530307@vistec.ac.th)] applies 0 allowed 1, ids 23,26,22,29,21 requested  [File=/var/www/html/booking/lib/Application/Attributes/AttributeService.php,Line=294]
2019-07-13T13:30:55+07:00 [12231] DEBUG default - [User=Kamonnart Imwiset (1530307@vistec.ac.th)] applies 0 allowed 1, ids 2 requested NaN [File=/var/www/html/booking/lib/Application/Attributes/AttributeService.php,Line=294]
2019-07-13T13:30:55+07:00 [12231] DEBUG default - [User=Kamonnart Imwiset (1530307@vistec.ac.th)] applies 0 allowed 1, ids 17 requested NaN [File=/var/www/html/booking/lib/Application/Attributes/AttributeService.php,Line=294]
2019-07-13T13:30:55+07:00 [12231] DEBUG default - [User=Kamonnart Imwiset (1530307@vistec.ac.th)] applies 0 allowed 0, ids 25 requested NaN [File=/var/www/html/booking/lib/Application/Attributes/AttributeService.php,Line=294]
2019-07-13T13:30:55+07:00 [12231] DEBUG default - [User=Kamonnart Imwiset (1530307@vistec.ac.th)] applies 0 allowed 1, ids 16 requested NaN [File=/var/www/html/booking/lib/Application/Attributes/AttributeService.php,Line=294]
2019-07-13T13:30:55+07:00 [12231] DEBUG default - [User=Kamonnart Imwiset (1530307@vistec.ac.th)] applies 0 allowed 0, ids 25 requested NaN [File=/var/www/html/booking/lib/Application/Attributes/AttributeService.php,Line=294]
2019-07-13T13:30:55+07:00 [12231] DEBUG default - [User=Kamonnart Imwiset (1530307@vistec.ac.th)] applies 0 allowed 1, ids 26 requested NaN [File=/var/www/html/booking/lib/Application/Attributes/AttributeService.php,Line=294]
2019-07-13T13:30:55+07:00 [12231] DEBUG default - [User=Kamonnart Imwiset (1530307@vistec.ac.th)] applies 0 allowed 0, ids 29 requested NaN [File=/var/www/html/booking/lib/Application/Attributes/AttributeService.php,Line=294]
2019-07-13T13:30:55+07:00 [12231] DEBUG default - [User=Kamonnart Imwiset (1530307@vistec.ac.th)] applies 0 allowed 1, ids 26 requested NaN [File=/var/www/html/booking/lib/Application/Attributes/AttributeService.php,Line=294]
2019-07-13T13:30:55+07:00 [12231] DEBUG default - [User=Kamonnart Imwiset (1530307@vistec.ac.th)] applies 0 allowed 1, ids 2 requested NaN [File=/var/www/html/booking/lib/Application/Attributes/AttributeService.php,Line=294]
2019-07-13T13:30:55+07:00 [12231] DEBUG default - [User=Kamonnart Imwiset (1530307@vistec.ac.th)] applies 0 allowed 0, ids 15 requested NaN [File=/var/www/html/booking/lib/Application/Attributes/AttributeService.php,Line=294]
2019-07-13T13:30:55+07:00 [12231] DEBUG default - [User=Kamonnart Imwiset (1530307@vistec.ac.th)] applies 0 allowed 0, ids 18,27 requested NaN [File=/var/www/html/booking/lib/Application/Attributes/AttributeService.php,Line=294]
2019-07-13T13:30:55+07:00 [12231] DEBUG default - [User=Kamonnart Imwiset (1530307@vistec.ac.th)] applies 0 allowed 1, ids 16 requested NaN [File=/var/www/html/booking/lib/Application/Attributes/AttributeService.php,Line=294]
2019-07-13T13:30:55+07:00 [12231] DEBUG default - [User=Kamonnart Imwiset (1530307@vistec.ac.th)] applies 0 allowed 0, ids 18 requested NaN [File=/var/www/html/booking/lib/Application/Attributes/AttributeService.php,Line=294]
2019-07-13T13:30:55+07:00 [12231] DEBUG default - [User=Kamonnart Imwiset (1530307@vistec.ac.th)] applies 0 allowed 1, ids 26 requested NaN [File=/var/www/html/booking/lib/Application/Attributes/AttributeService.php,Line=294]
2019-07-13T13:30:55+07:00 [12231] DEBUG default - [User=Kamonnart Imwiset (1530307@vistec.ac.th)] applies 0 allowed 1, ids 18,2 requested NaN [File=/var/www/html/booking/lib/Application/Attributes/AttributeService.php,Line=294]
2019-07-13T13:30:55+07:00 [12231] DEBUG default - [User=Kamonnart Imwiset (1530307@vistec.ac.th)] applies 0 allowed 1, ids 17 requested NaN [File=/var/www/html/booking/lib/Application/Attributes/AttributeService.php,Line=294]
2019-07-13T13:30:55+07:00 [12231] DEBUG default - [User=Kamonnart Imwiset (1530307@vistec.ac.th)] applies 0 allowed 1, ids 17 requested NaN [File=/var/www/html/booking/lib/Application/Attributes/AttributeService.php,Line=294]
2019-07-13T13:30:55+07:00 [12231] DEBUG default - [User=Kamonnart Imwiset (1530307@vistec.ac.th)] applies 0 allowed 1, ids 26 requested NaN [File=/var/www/html/booking/lib/Application/Attributes/AttributeService.php,Line=294]
2019-07-13T13:30:55+07:00 [12231] DEBUG default - [User=Kamonnart Imwiset (1530307@vistec.ac.th)] applies 0 allowed 1, ids 2 requested NaN [File=/var/www/html/booking/lib/Application/Attributes/AttributeService.php,Line=294]
2019-07-13T13:30:55+07:00 [12231] DEBUG default - [User=Kamonnart Imwiset (1530307@vistec.ac.th)] applies 0 allowed 1, ids 17 requested NaN [File=/var/www/html/booking/lib/Application/Attributes/AttributeService.php,Line=294]
2019-07-13T13:30:55+07:00 [12231] DEBUG default - [User=Kamonnart Imwiset (1530307@vistec.ac.th)] applies 0 allowed 1, ids 16 requested NaN [File=/var/www/html/booking/lib/Application/Attributes/AttributeService.php,Line=294]
2019-07-13T13:30:55+07:00 [12231] DEBUG default - [User=Kamonnart Imwiset (1530307@vistec.ac.th)] applies 0 allowed 1, ids 23,26,22,21 requested NaN [File=/var/www/html/booking/lib/Application/Attributes/AttributeService.php,Line=294]
2019-07-13T13:30:55+07:00 [12231] DEBUG default - [User=Kamonnart Imwiset (1530307@vistec.ac.th)] applies 0 allowed 1, ids 23,26,22,29,21 requested NaN [File=/var/www/html/booking/lib/Application/Attributes/AttributeService.php,Line=294]
2019-07-13T13:31:09+07:00 [3895] DEBUG default - [User=Kamonnart Imwiset (1530307@vistec.ac.th)] applies 0 allowed 1, ids 2 requested  [File=/var/www/html/booking/lib/Application/Attributes/AttributeService.php,Line=294]
2019-07-13T13:31:09+07:00 [3895] DEBUG default - [User=Kamonnart Imwiset (1530307@vistec.ac.th)] applies 0 allowed 1, ids 17 requested  [File=/var/www/html/booking/lib/Application/Attributes/AttributeService.php,Line=294]
2019-07-13T13:31:09+07:00 [3895] DEBUG default - [User=Kamonnart Imwiset (1530307@vistec.ac.th)] applies 0 allowed 0, ids 25 requested  [File=/var/www/html/booking/lib/Application/Attributes/AttributeService.php,Line=294]
2019-07-13T13:31:09+07:00 [3895] DEBUG default - [User=Kamonnart Imwiset (1530307@vistec.ac.th)] applies 0 allowed 1, ids 16 requested  [File=/var/www/html/booking/lib/Application/Attributes/AttributeService.php,Line=294]
2019-07-13T13:31:09+07:00 [3895] DEBUG default - [User=Kamonnart Imwiset (1530307@vistec.ac.th)] applies 0 allowed 0, ids 25 requested  [File=/var/www/html/booking/lib/Application/Attributes/AttributeService.php,Line=294]
2019-07-13T13:31:09+07:00 [3895] DEBUG default - [User=Kamonnart Imwiset (1530307@vistec.ac.th)] applies 0 allowed 1, ids 26 requested  [File=/var/www/html/booking/lib/Application/Attributes/AttributeService.php,Line=294]
2019-07-13T13:31:09+07:00 [3895] DEBUG default - [User=Kamonnart Imwiset (1530307@vistec.ac.th)] applies 0 allowed 0, ids 29 requested  [File=/var/www/html/booking/lib/Application/Attributes/AttributeService.php,Line=294]
2019-07-13T13:31:09+07:00 [3895] DEBUG default - [User=Kamonnart Imwiset (1530307@vistec.ac.th)] applies 0 allowed 1, ids 26 requested  [File=/var/www/html/booking/lib/Application/Attributes/AttributeService.php,Line=294]
2019-07-13T13:31:09+07:00 [3895] DEBUG default - [User=Kamonnart Imwiset (1530307@vistec.ac.th)] applies 0 allowed 1, ids 2 requested  [File=/var/www/html/booking/lib/Application/Attributes/AttributeService.php,Line=294]
2019-07-13T13:31:09+07:00 [3895] DEBUG default - [User=Kamonnart Imwiset (1530307@vistec.ac.th)] applies 0 allowed 0, ids 15 requested  [File=/var/www/html/booking/lib/Application/Attributes/AttributeService.php,Line=294]
2019-07-13T13:31:09+07:00 [3895] DEBUG default - [User=Kamonnart Imwiset (1530307@vistec.ac.th)] applies 0 allowed 0, ids 18,27 requested  [File=/var/www/html/booking/lib/Application/Attributes/AttributeService.php,Line=294]
2019-07-13T13:31:09+07:00 [3895] DEBUG default - [User=Kamonnart Imwiset (1530307@vistec.ac.th)] applies 0 allowed 1, ids 16 requested  [File=/var/www/html/booking/lib/Application/Attributes/AttributeService.php,Line=294]
2019-07-13T13:31:09+07:00 [3895] DEBUG default - [User=Kamonnart Imwiset (1530307@vistec.ac.th)] applies 0 allowed 0, ids 18 requested  [File=/var/www/html/booking/lib/Application/Attributes/AttributeService.php,Line=294]
2019-07-13T13:31:09+07:00 [3895] DEBUG default - [User=Kamonnart Imwiset (1530307@vistec.ac.th)] applies 0 allowed 1, ids 26 requested  [File=/var/www/html/booking/lib/Application/Attributes/AttributeService.php,Line=294]
2019-07-13T13:31:09+07:00 [3895] DEBUG default - [User=Kamonnart Imwiset (1530307@vistec.ac.th)] applies 0 allowed 1, ids 18,2 requested  [File=/var/www/html/booking/lib/Application/Attributes/AttributeService.php,Line=294]
2019-07-13T13:31:09+07:00 [3895] DEBUG default - [User=Kamonnart Imwiset (1530307@vistec.ac.th)] applies 0 allowed 1, ids 17 requested  [File=/var/www/html/booking/lib/Application/Attributes/AttributeService.php,Line=294]
2019-07-13T13:31:09+07:00 [3895] DEBUG default - [User=Kamonnart Imwiset (1530307@vistec.ac.th)] applies 0 allowed 1, ids 17 requested  [File=/var/www/html/booking/lib/Application/Attributes/AttributeService.php,Line=294]
2019-07-13T13:31:09+07:00 [3895] DEBUG default - [User=Kamonnart Imwiset (1530307@vistec.ac.th)] applies 0 allowed 1, ids 26 requested  [File=/var/www/html/booking/lib/Application/Attributes/AttributeService.php,Line=294]
2019-07-13T13:31:09+07:00 [3895] DEBUG default - [User=Kamonnart Imwiset (1530307@vistec.ac.th)] applies 0 allowed 1, ids 2 requested  [File=/var/www/html/booking/lib/Application/Attributes/AttributeService.php,Line=294]
2019-07-13T13:31:09+07:00 [3895] DEBUG default - [User=Kamonnart Imwiset (1530307@vistec.ac.th)] applies 0 allowed 1, ids 17 requested  [File=/var/www/html/booking/lib/Application/Attributes/AttributeService.php,Line=294]
2019-07-13T13:31:09+07:00 [3895] DEBUG default - [User=Kamonnart Imwiset (1530307@vistec.ac.th)] applies 0 allowed 1, ids 16 requested  [File=/var/www/html/booking/lib/Application/Attributes/AttributeService.php,Line=294]
2019-07-13T13:31:09+07:00 [3895] DEBUG default - [User=Kamonnart Imwiset (1530307@vistec.ac.th)] applies 0 allowed 1, ids 23,26,22,21 requested  [File=/var/www/html/booking/lib/Application/Attributes/AttributeService.php,Line=294]
2019-07-13T13:31:09+07:00 [3895] DEBUG default - [User=Kamonnart Imwiset (1530307@vistec.ac.th)] applies 0 allowed 1, ids 23,26,22,29,21 requested  [File=/var/www/html/booking/lib/Application/Attributes/AttributeService.php,Line=294]
2019-07-13T14:07:43+07:00 [3863] DEBUG default - [User=Pornkanok Pongpamorn (pornkanok.p@vistec.ac.th)] applies 0 allowed 0, ids 2 requested 28 [File=/var/www/html/booking/lib/Application/Attributes/AttributeService.php,Line=294]
2019-07-13T14:07:43+07:00 [3863] DEBUG default - [User=Pornkanok Pongpamorn (pornkanok.p@vistec.ac.th)] applies 0 allowed 0, ids 17 requested 28 [File=/var/www/html/booking/lib/Application/Attributes/AttributeService.php,Line=294]
2019-07-13T14:07:43+07:00 [3863] DEBUG default - [User=Pornkanok Pongpamorn (pornkanok.p@vistec.ac.th)] applies 0 allowed 0, ids 25 requested 28 [File=/var/www/html/booking/lib/Application/Attributes/AttributeService.php,Line=294]
2019-07-13T14:07:43+07:00 [3863] DEBUG default - [User=Pornkanok Pongpamorn (pornkanok.p@vistec.ac.th)] applies 0 allowed 0, ids 16 requested 28 [File=/var/www/html/booking/lib/Application/Attributes/AttributeService.php,Line=294]
2019-07-13T14:07:43+07:00 [3863] DEBUG default - [User=Pornkanok Pongpamorn (pornkanok.p@vistec.ac.th)] applies 0 allowed 0, ids 25 requested 28 [File=/var/www/html/booking/lib/Application/Attributes/AttributeService.php,Line=294]
2019-07-13T14:07:43+07:00 [3863] DEBUG default - [User=Pornkanok Pongpamorn (pornkanok.p@vistec.ac.th)] applies 0 allowed 0, ids 26 requested 28 [File=/var/www/html/booking/lib/Application/Attributes/AttributeService.php,Line=294]
2019-07-13T14:07:43+07:00 [3863] DEBUG default - [User=Pornkanok Pongpamorn (pornkanok.p@vistec.ac.th)] applies 0 allowed 0, ids 29 requested 28 [File=/var/www/html/booking/lib/Application/Attributes/AttributeService.php,Line=294]
2019-07-13T14:07:43+07:00 [3863] DEBUG default - [User=Pornkanok Pongpamorn (pornkanok.p@vistec.ac.th)] applies 0 allowed 0, ids 26 requested 28 [File=/var/www/html/booking/lib/Application/Attributes/AttributeService.php,Line=294]
2019-07-13T14:07:43+07:00 [3863] DEBUG default - [User=Pornkanok Pongpamorn (pornkanok.p@vistec.ac.th)] applies 0 allowed 0, ids 2 requested 28 [File=/var/www/html/booking/lib/Application/Attributes/AttributeService.php,Line=294]
2019-07-13T14:07:43+07:00 [3863] DEBUG default - [User=Pornkanok Pongpamorn (pornkanok.p@vistec.ac.th)] applies 0 allowed 0, ids 15 requested 28 [File=/var/www/html/booking/lib/Application/Attributes/AttributeService.php,Line=294]
2019-07-13T14:07:43+07:00 [3863] DEBUG default - [User=Pornkanok Pongpamorn (pornkanok.p@vistec.ac.th)] applies 0 allowed 1, ids 18,27 requested 28 [File=/var/www/html/booking/lib/Application/Attributes/AttributeService.php,Line=294]
2019-07-13T14:07:43+07:00 [3863] DEBUG default - [User=Pornkanok Pongpamorn (pornkanok.p@vistec.ac.th)] applies 0 allowed 0, ids 16 requested 28 [File=/var/www/html/booking/lib/Application/Attributes/AttributeService.php,Line=294]
2019-07-13T14:07:43+07:00 [3863] DEBUG default - [User=Pornkanok Pongpamorn (pornkanok.p@vistec.ac.th)] applies 0 allowed 0, ids 18 requested 28 [File=/var/www/html/booking/lib/Application/Attributes/AttributeService.php,Line=294]
2019-07-13T14:07:43+07:00 [3863] DEBUG default - [User=Pornkanok Pongpamorn (pornkanok.p@vistec.ac.th)] applies 0 allowed 0, ids 26 requested 28 [File=/var/www/html/booking/lib/Application/Attributes/AttributeService.php,Line=294]
2019-07-13T14:07:43+07:00 [3863] DEBUG default - [User=Pornkanok Pongpamorn (pornkanok.p@vistec.ac.th)] applies 0 allowed 0, ids 18,2 requested 28 [File=/var/www/html/booking/lib/Application/Attributes/AttributeService.php,Line=294]
2019-07-13T14:07:43+07:00 [3863] DEBUG default - [User=Pornkanok Pongpamorn (pornkanok.p@vistec.ac.th)] applies 0 allowed 0, ids 17 requested 28 [File=/var/www/html/booking/lib/Application/Attributes/AttributeService.php,Line=294]
2019-07-13T14:07:43+07:00 [3863] DEBUG default - [User=Pornkanok Pongpamorn (pornkanok.p@vistec.ac.th)] applies 0 allowed 0, ids 17 requested 28 [File=/var/www/html/booking/lib/Application/Attributes/AttributeService.php,Line=294]
2019-07-13T14:07:43+07:00 [3863] DEBUG default - [User=Pornkanok Pongpamorn (pornkanok.p@vistec.ac.th)] applies 0 allowed 0, ids 26 requested 28 [File=/var/www/html/booking/lib/Application/Attributes/AttributeService.php,Line=294]
2019-07-13T14:07:43+07:00 [3863] DEBUG default - [User=Pornkanok Pongpamorn (pornkanok.p@vistec.ac.th)] applies 0 allowed 0, ids 2 requested 28 [File=/var/www/html/booking/lib/Application/Attributes/AttributeService.php,Line=294]
2019-07-13T14:07:43+07:00 [3863] DEBUG default - [User=Pornkanok Pongpamorn (pornkanok.p@vistec.ac.th)] applies 0 allowed 0, ids 17 requested 28 [File=/var/www/html/booking/lib/Application/Attributes/AttributeService.php,Line=294]
2019-07-13T14:07:43+07:00 [3863] DEBUG default - [User=Pornkanok Pongpamorn (pornkanok.p@vistec.ac.th)] applies 0 allowed 0, ids 16 requested 28 [File=/var/www/html/booking/lib/Application/Attributes/AttributeService.php,Line=294]
2019-07-13T14:07:43+07:00 [3863] DEBUG default - [User=Pornkanok Pongpamorn (pornkanok.p@vistec.ac.th)] applies 0 allowed 0, ids 23,26,22,21 requested 28 [File=/var/www/html/booking/lib/Application/Attributes/AttributeService.php,Line=294]
2019-07-13T14:07:43+07:00 [3863] DEBUG default - [User=Pornkanok Pongpamorn (pornkanok.p@vistec.ac.th)] applies 0 allowed 0, ids 23,26,22,29,21 requested 28 [File=/var/www/html/booking/lib/Application/Attributes/AttributeService.php,Line=294]
2019-07-13T14:08:07+07:00 [12231] DEBUG default - [User=Pornkanok Pongpamorn (pornkanok.p@vistec.ac.th)] applies 0 allowed 0, ids 2 requested 28 [File=/var/www/html/booking/lib/Application/Attributes/AttributeService.php,Line=294]
2019-07-13T14:08:07+07:00 [12231] DEBUG default - [User=Pornkanok Pongpamorn (pornkanok.p@vistec.ac.th)] applies 0 allowed 0, ids 17 requested 28 [File=/var/www/html/booking/lib/Application/Attributes/AttributeService.php,Line=294]
2019-07-13T14:08:07+07:00 [12231] DEBUG default - [User=Pornkanok Pongpamorn (pornkanok.p@vistec.ac.th)] applies 0 allowed 0, ids 25 requested 28 [File=/var/www/html/booking/lib/Application/Attributes/AttributeService.php,Line=294]
2019-07-13T14:08:07+07:00 [12231] DEBUG default - [User=Pornkanok Pongpamorn (pornkanok.p@vistec.ac.th)] applies 0 allowed 0, ids 16 requested 28 [File=/var/www/html/booking/lib/Application/Attributes/AttributeService.php,Line=294]
2019-07-13T14:08:07+07:00 [12231] DEBUG default - [User=Pornkanok Pongpamorn (pornkanok.p@vistec.ac.th)] applies 0 allowed 0, ids 25 requested 28 [File=/var/www/html/booking/lib/Application/Attributes/AttributeService.php,Line=294]
2019-07-13T14:08:07+07:00 [12231] DEBUG default - [User=Pornkanok Pongpamorn (pornkanok.p@vistec.ac.th)] applies 0 allowed 0, ids 26 requested 28 [File=/var/www/html/booking/lib/Application/Attributes/AttributeService.php,Line=294]
2019-07-13T14:08:07+07:00 [12231] DEBUG default - [User=Pornkanok Pongpamorn (pornkanok.p@vistec.ac.th)] applies 0 allowed 0, ids 29 requested 28 [File=/var/www/html/booking/lib/Application/Attributes/AttributeService.php,Line=294]
2019-07-13T14:08:07+07:00 [12231] DEBUG default - [User=Pornkanok Pongpamorn (pornkanok.p@vistec.ac.th)] applies 0 allowed 0, ids 26 requested 28 [File=/var/www/html/booking/lib/Application/Attributes/AttributeService.php,Line=294]
2019-07-13T14:08:07+07:00 [12231] DEBUG default - [User=Pornkanok Pongpamorn (pornkanok.p@vistec.ac.th)] applies 0 allowed 0, ids 2 requested 28 [File=/var/www/html/booking/lib/Application/Attributes/AttributeService.php,Line=294]
2019-07-13T14:08:07+07:00 [12231] DEBUG default - [User=Pornkanok Pongpamorn (pornkanok.p@vistec.ac.th)] applies 0 allowed 0, ids 15 requested 28 [File=/var/www/html/booking/lib/Application/Attributes/AttributeService.php,Line=294]
2019-07-13T14:08:07+07:00 [12231] DEBUG default - [User=Pornkanok Pongpamorn (pornkanok.p@vistec.ac.th)] applies 0 allowed 1, ids 18,27 requested 28 [File=/var/www/html/booking/lib/Application/Attributes/AttributeService.php,Line=294]
2019-07-13T14:08:07+07:00 [12231] DEBUG default - [User=Pornkanok Pongpamorn (pornkanok.p@vistec.ac.th)] applies 0 allowed 0, ids 16 requested 28 [File=/var/www/html/booking/lib/Application/Attributes/AttributeService.php,Line=294]
2019-07-13T14:08:07+07:00 [12231] DEBUG default - [User=Pornkanok Pongpamorn (pornkanok.p@vistec.ac.th)] applies 0 allowed 0, ids 18 requested 28 [File=/var/www/html/booking/lib/Application/Attributes/AttributeService.php,Line=294]
2019-07-13T14:08:07+07:00 [12231] DEBUG default - [User=Pornkanok Pongpamorn (pornkanok.p@vistec.ac.th)] applies 0 allowed 0, ids 26 requested 28 [File=/var/www/html/booking/lib/Application/Attributes/AttributeService.php,Line=294]
2019-07-13T14:08:07+07:00 [12231] DEBUG default - [User=Pornkanok Pongpamorn (pornkanok.p@vistec.ac.th)] applies 0 allowed 0, ids 18,2 requested 28 [File=/var/www/html/booking/lib/Application/Attributes/AttributeService.php,Line=294]
2019-07-13T14:08:07+07:00 [12231] DEBUG default - [User=Pornkanok Pongpamorn (pornkanok.p@vistec.ac.th)] applies 0 allowed 0, ids 17 requested 28 [File=/var/www/html/booking/lib/Application/Attributes/AttributeService.php,Line=294]
2019-07-13T14:08:07+07:00 [12231] DEBUG default - [User=Pornkanok Pongpamorn (pornkanok.p@vistec.ac.th)] applies 0 allowed 0, ids 17 requested 28 [File=/var/www/html/booking/lib/Application/Attributes/AttributeService.php,Line=294]
2019-07-13T14:08:07+07:00 [12231] DEBUG default - [User=Pornkanok Pongpamorn (pornkanok.p@vistec.ac.th)] applies 0 allowed 0, ids 26 requested 28 [File=/var/www/html/booking/lib/Application/Attributes/AttributeService.php,Line=294]
2019-07-13T14:08:07+07:00 [12231] DEBUG default - [User=Pornkanok Pongpamorn (pornkanok.p@vistec.ac.th)] applies 0 allowed 0, ids 2 requested 28 [File=/var/www/html/booking/lib/Application/Attributes/AttributeService.php,Line=294]
2019-07-13T14:08:07+07:00 [12231] DEBUG default - [User=Pornkanok Pongpamorn (pornkanok.p@vistec.ac.th)] applies 0 allowed 0, ids 17 requested 28 [File=/var/www/html/booking/lib/Application/Attributes/AttributeService.php,Line=294]
2019-07-13T14:08:07+07:00 [12231] DEBUG default - [User=Pornkanok Pongpamorn (pornkanok.p@vistec.ac.th)] applies 0 allowed 0, ids 16 requested 28 [File=/var/www/html/booking/lib/Application/Attributes/AttributeService.php,Line=294]
2019-07-13T14:08:07+07:00 [12231] DEBUG default - [User=Pornkanok Pongpamorn (pornkanok.p@vistec.ac.th)] applies 0 allowed 0, ids 23,26,22,21 requested 28 [File=/var/www/html/booking/lib/Application/Attributes/AttributeService.php,Line=294]
2019-07-13T14:08:07+07:00 [12231] DEBUG default - [User=Pornkanok Pongpamorn (pornkanok.p@vistec.ac.th)] applies 0 allowed 0, ids 23,26,22,29,21 requested 28 [File=/var/www/html/booking/lib/Application/Attributes/AttributeService.php,Line=294]
2019-07-13T14:10:14+07:00 [3895] DEBUG default - [User=Alisa Phuekphong (1830401@vistec.ac.th)] applies 0 allowed 1, ids 2 requested 16 [File=/var/www/html/booking/lib/Application/Attributes/AttributeService.php,Line=294]
2019-07-13T14:10:14+07:00 [3895] DEBUG default - [User=Alisa Phuekphong (1830401@vistec.ac.th)] applies 0 allowed 0, ids 17 requested 16 [File=/var/www/html/booking/lib/Application/Attributes/AttributeService.php,Line=294]
2019-07-13T14:10:14+07:00 [3895] DEBUG default - [User=Alisa Phuekphong (1830401@vistec.ac.th)] applies 0 allowed 0, ids 25 requested 16 [File=/var/www/html/booking/lib/Application/Attributes/AttributeService.php,Line=294]
2019-07-13T14:10:14+07:00 [3895] DEBUG default - [User=Alisa Phuekphong (1830401@vistec.ac.th)] applies 1 allowed 1, ids 16 requested 16 [File=/var/www/html/booking/lib/Application/Attributes/AttributeService.php,Line=294]
2019-07-13T14:10:14+07:00 [3895] DEBUG default - [User=Alisa Phuekphong (1830401@vistec.ac.th)] applies 0 allowed 0, ids 25 requested 16 [File=/var/www/html/booking/lib/Application/Attributes/AttributeService.php,Line=294]
2019-07-13T14:10:14+07:00 [3895] DEBUG default - [User=Alisa Phuekphong (1830401@vistec.ac.th)] applies 0 allowed 0, ids 26 requested 16 [File=/var/www/html/booking/lib/Application/Attributes/AttributeService.php,Line=294]
2019-07-13T14:10:14+07:00 [3895] DEBUG default - [User=Alisa Phuekphong (1830401@vistec.ac.th)] applies 0 allowed 0, ids 29 requested 16 [File=/var/www/html/booking/lib/Application/Attributes/AttributeService.php,Line=294]
2019-07-13T14:10:14+07:00 [3895] DEBUG default - [User=Alisa Phuekphong (1830401@vistec.ac.th)] applies 0 allowed 0, ids 26 requested 16 [File=/var/www/html/booking/lib/Application/Attributes/AttributeService.php,Line=294]
2019-07-13T14:10:14+07:00 [3895] DEBUG default - [User=Alisa Phuekphong (1830401@vistec.ac.th)] applies 0 allowed 1, ids 2 requested 16 [File=/var/www/html/booking/lib/Application/Attributes/AttributeService.php,Line=294]
2019-07-13T14:10:14+07:00 [3895] DEBUG default - [User=Alisa Phuekphong (1830401@vistec.ac.th)] applies 0 allowed 0, ids 15 requested 16 [File=/var/www/html/booking/lib/Application/Attributes/AttributeService.php,Line=294]
2019-07-13T14:10:14+07:00 [3895] DEBUG default - [User=Alisa Phuekphong (1830401@vistec.ac.th)] applies 0 allowed 0, ids 18,27 requested 16 [File=/var/www/html/booking/lib/Application/Attributes/AttributeService.php,Line=294]
2019-07-13T14:10:14+07:00 [3895] DEBUG default - [User=Alisa Phuekphong (1830401@vistec.ac.th)] applies 1 allowed 1, ids 16 requested 16 [File=/var/www/html/booking/lib/Application/Attributes/AttributeService.php,Line=294]
2019-07-13T14:10:14+07:00 [3895] DEBUG default - [User=Alisa Phuekphong (1830401@vistec.ac.th)] applies 0 allowed 0, ids 18 requested 16 [File=/var/www/html/booking/lib/Application/Attributes/AttributeService.php,Line=294]
2019-07-13T14:10:14+07:00 [3895] DEBUG default - [User=Alisa Phuekphong (1830401@vistec.ac.th)] applies 0 allowed 0, ids 26 requested 16 [File=/var/www/html/booking/lib/Application/Attributes/AttributeService.php,Line=294]
2019-07-13T14:10:14+07:00 [3895] DEBUG default - [User=Alisa Phuekphong (1830401@vistec.ac.th)] applies 0 allowed 1, ids 18,2 requested 16 [File=/var/www/html/booking/lib/Application/Attributes/AttributeService.php,Line=294]
2019-07-13T14:10:14+07:00 [3895] DEBUG default - [User=Alisa Phuekphong (1830401@vistec.ac.th)] applies 0 allowed 0, ids 17 requested 16 [File=/var/www/html/booking/lib/Application/Attributes/AttributeService.php,Line=294]
2019-07-13T14:10:14+07:00 [3895] DEBUG default - [User=Alisa Phuekphong (1830401@vistec.ac.th)] applies 0 allowed 0, ids 17 requested 16 [File=/var/www/html/booking/lib/Application/Attributes/AttributeService.php,Line=294]
2019-07-13T14:10:14+07:00 [3895] DEBUG default - [User=Alisa Phuekphong (1830401@vistec.ac.th)] applies 0 allowed 0, ids 26 requested 16 [File=/var/www/html/booking/lib/Application/Attributes/AttributeService.php,Line=294]
2019-07-13T14:10:14+07:00 [3895] DEBUG default - [User=Alisa Phuekphong (1830401@vistec.ac.th)] applies 0 allowed 1, ids 2 requested 16 [File=/var/www/html/booking/lib/Application/Attributes/AttributeService.php,Line=294]
2019-07-13T14:10:14+07:00 [3895] DEBUG default - [User=Alisa Phuekphong (1830401@vistec.ac.th)] applies 0 allowed 0, ids 17 requested 16 [File=/var/www/html/booking/lib/Application/Attributes/AttributeService.php,Line=294]
2019-07-13T14:10:14+07:00 [3895] DEBUG default - [User=Alisa Phuekphong (1830401@vistec.ac.th)] applies 1 allowed 1, ids 16 requested 16 [File=/var/www/html/booking/lib/Application/Attributes/AttributeService.php,Line=294]
2019-07-13T14:10:14+07:00 [3895] DEBUG default - [User=Alisa Phuekphong (1830401@vistec.ac.th)] applies 0 allowed 1, ids 23,26,22,21 requested 16 [File=/var/www/html/booking/lib/Application/Attributes/AttributeService.php,Line=294]
2019-07-13T14:10:14+07:00 [3895] DEBUG default - [User=Alisa Phuekphong (1830401@vistec.ac.th)] applies 0 allowed 1, ids 23,26,22,29,21 requested 16 [File=/var/www/html/booking/lib/Application/Attributes/AttributeService.php,Line=294]
2019-07-13T19:16:17+07:00 [12231] DEBUG default - [User=Pimpisut Worakajit (1530312@vistec.ac.th)] applies 1 allowed 1, ids 2 requested 2 [File=/var/www/html/booking/lib/Application/Attributes/AttributeService.php,Line=294]
2019-07-13T19:16:17+07:00 [12231] DEBUG default - [User=Pimpisut Worakajit (1530312@vistec.ac.th)] applies 0 allowed 1, ids 17 requested 2 [File=/var/www/html/booking/lib/Application/Attributes/AttributeService.php,Line=294]
2019-07-13T19:16:17+07:00 [12231] DEBUG default - [User=Pimpisut Worakajit (1530312@vistec.ac.th)] applies 0 allowed 0, ids 25 requested 2 [File=/var/www/html/booking/lib/Application/Attributes/AttributeService.php,Line=294]
2019-07-13T19:16:17+07:00 [12231] DEBUG default - [User=Pimpisut Worakajit (1530312@vistec.ac.th)] applies 0 allowed 1, ids 16 requested 2 [File=/var/www/html/booking/lib/Application/Attributes/AttributeService.php,Line=294]
2019-07-13T19:16:17+07:00 [12231] DEBUG default - [User=Pimpisut Worakajit (1530312@vistec.ac.th)] applies 0 allowed 0, ids 25 requested 2 [File=/var/www/html/booking/lib/Application/Attributes/AttributeService.php,Line=294]
2019-07-13T19:16:17+07:00 [12231] DEBUG default - [User=Pimpisut Worakajit (1530312@vistec.ac.th)] applies 0 allowed 0, ids 26 requested 2 [File=/var/www/html/booking/lib/Application/Attributes/AttributeService.php,Line=294]
2019-07-13T19:16:17+07:00 [12231] DEBUG default - [User=Pimpisut Worakajit (1530312@vistec.ac.th)] applies 0 allowed 1, ids 29 requested 2 [File=/var/www/html/booking/lib/Application/Attributes/AttributeService.php,Line=294]
2019-07-13T19:16:17+07:00 [12231] DEBUG default - [User=Pimpisut Worakajit (1530312@vistec.ac.th)] applies 0 allowed 0, ids 26 requested 2 [File=/var/www/html/booking/lib/Application/Attributes/AttributeService.php,Line=294]
2019-07-13T19:16:17+07:00 [12231] DEBUG default - [User=Pimpisut Worakajit (1530312@vistec.ac.th)] applies 1 allowed 1, ids 2 requested 2 [File=/var/www/html/booking/lib/Application/Attributes/AttributeService.php,Line=294]
2019-07-13T19:16:17+07:00 [12231] DEBUG default - [User=Pimpisut Worakajit (1530312@vistec.ac.th)] applies 0 allowed 0, ids 15 requested 2 [File=/var/www/html/booking/lib/Application/Attributes/AttributeService.php,Line=294]
2019-07-13T19:16:17+07:00 [12231] DEBUG default - [User=Pimpisut Worakajit (1530312@vistec.ac.th)] applies 0 allowed 0, ids 18,27 requested 2 [File=/var/www/html/booking/lib/Application/Attributes/AttributeService.php,Line=294]
2019-07-13T19:16:17+07:00 [12231] DEBUG default - [User=Pimpisut Worakajit (1530312@vistec.ac.th)] applies 0 allowed 1, ids 16 requested 2 [File=/var/www/html/booking/lib/Application/Attributes/AttributeService.php,Line=294]
2019-07-13T19:16:17+07:00 [12231] DEBUG default - [User=Pimpisut Worakajit (1530312@vistec.ac.th)] applies 0 allowed 0, ids 18 requested 2 [File=/var/www/html/booking/lib/Application/Attributes/AttributeService.php,Line=294]
2019-07-13T19:16:17+07:00 [12231] DEBUG default - [User=Pimpisut Worakajit (1530312@vistec.ac.th)] applies 0 allowed 0, ids 26 requested 2 [File=/var/www/html/booking/lib/Application/Attributes/AttributeService.php,Line=294]
2019-07-13T19:16:17+07:00 [12231] DEBUG default - [User=Pimpisut Worakajit (1530312@vistec.ac.th)] applies 1 allowed 1, ids 18,2 requested 2 [File=/var/www/html/booking/lib/Application/Attributes/AttributeService.php,Line=294]
2019-07-13T19:16:17+07:00 [12231] DEBUG default - [User=Pimpisut Worakajit (1530312@vistec.ac.th)] applies 0 allowed 1, ids 17 requested 2 [File=/var/www/html/booking/lib/Application/Attributes/AttributeService.php,Line=294]
2019-07-13T19:16:17+07:00 [12231] DEBUG default - [User=Pimpisut Worakajit (1530312@vistec.ac.th)] applies 0 allowed 1, ids 17 requested 2 [File=/var/www/html/booking/lib/Application/Attributes/AttributeService.php,Line=294]
2019-07-13T19:16:17+07:00 [12231] DEBUG default - [User=Pimpisut Worakajit (1530312@vistec.ac.th)] applies 0 allowed 0, ids 26 requested 2 [File=/var/www/html/booking/lib/Application/Attributes/AttributeService.php,Line=294]
2019-07-13T19:16:17+07:00 [12231] DEBUG default - [User=Pimpisut Worakajit (1530312@vistec.ac.th)] applies 1 allowed 1, ids 2 requested 2 [File=/var/www/html/booking/lib/Application/Attributes/AttributeService.php,Line=294]
2019-07-13T19:16:17+07:00 [12231] DEBUG default - [User=Pimpisut Worakajit (1530312@vistec.ac.th)] applies 0 allowed 1, ids 17 requested 2 [File=/var/www/html/booking/lib/Application/Attributes/AttributeService.php,Line=294]
2019-07-13T19:16:17+07:00 [12231] DEBUG default - [User=Pimpisut Worakajit (1530312@vistec.ac.th)] applies 0 allowed 1, ids 16 requested 2 [File=/var/www/html/booking/lib/Application/Attributes/AttributeService.php,Line=294]
2019-07-13T19:16:17+07:00 [12231] DEBUG default - [User=Pimpisut Worakajit (1530312@vistec.ac.th)] applies 0 allowed 0, ids 23,26,22,21 requested 2 [File=/var/www/html/booking/lib/Application/Attributes/AttributeService.php,Line=294]
2019-07-13T19:16:17+07:00 [12231] DEBUG default - [User=Pimpisut Worakajit (1530312@vistec.ac.th)] applies 0 allowed 1, ids 23,26,22,29,21 requested 2 [File=/var/www/html/booking/lib/Application/Attributes/AttributeService.php,Line=294]
2019-07-13T19:16:26+07:00 [3863] DEBUG default - [User=Pimpisut Worakajit (1530312@vistec.ac.th)] AutoComplete: 183 results found for search type: user, term:  [File=/var/www/html/booking/Pages/Ajax/AutoCompletePage.php,Line=42]
