2019-06-15T10:17:35+07:00 [13094] DEBUG default - [User=Kamonnart Imwiset (1530307@vistec.ac.th)] applies 1 allowed 1, ids 2 requested 2 [File=/var/www/html/booking/lib/Application/Attributes/AttributeService.php,Line=294]
2019-06-15T10:17:35+07:00 [13094] DEBUG default - [User=Kamonnart Imwiset (1530307@vistec.ac.th)] applies 0 allowed 1, ids 17 requested 2 [File=/var/www/html/booking/lib/Application/Attributes/AttributeService.php,Line=294]
2019-06-15T10:17:35+07:00 [13094] DEBUG default - [User=Kamonnart Imwiset (1530307@vistec.ac.th)] applies 0 allowed 0, ids 25 requested 2 [File=/var/www/html/booking/lib/Application/Attributes/AttributeService.php,Line=294]
2019-06-15T10:17:35+07:00 [13094] DEBUG default - [User=Kamonnart Imwiset (1530307@vistec.ac.th)] applies 0 allowed 1, ids 16 requested 2 [File=/var/www/html/booking/lib/Application/Attributes/AttributeService.php,Line=294]
2019-06-15T10:17:35+07:00 [13094] DEBUG default - [User=Kamonnart Imwiset (1530307@vistec.ac.th)] applies 0 allowed 0, ids 25 requested 2 [File=/var/www/html/booking/lib/Application/Attributes/AttributeService.php,Line=294]
2019-06-15T10:17:35+07:00 [13094] DEBUG default - [User=Kamonnart Imwiset (1530307@vistec.ac.th)] applies 0 allowed 1, ids 26 requested 2 [File=/var/www/html/booking/lib/Application/Attributes/AttributeService.php,Line=294]
2019-06-15T10:17:35+07:00 [13094] DEBUG default - [User=Kamonnart Imwiset (1530307@vistec.ac.th)] applies 0 allowed 0, ids 29 requested 2 [File=/var/www/html/booking/lib/Application/Attributes/AttributeService.php,Line=294]
2019-06-15T10:17:35+07:00 [13094] DEBUG default - [User=Kamonnart Imwiset (1530307@vistec.ac.th)] applies 0 allowed 1, ids 26 requested 2 [File=/var/www/html/booking/lib/Application/Attributes/AttributeService.php,Line=294]
2019-06-15T10:17:35+07:00 [13094] DEBUG default - [User=Kamonnart Imwiset (1530307@vistec.ac.th)] applies 1 allowed 1, ids 2 requested 2 [File=/var/www/html/booking/lib/Application/Attributes/AttributeService.php,Line=294]
2019-06-15T10:17:35+07:00 [13094] DEBUG default - [User=Kamonnart Imwiset (1530307@vistec.ac.th)] applies 0 allowed 0, ids 15 requested 2 [File=/var/www/html/booking/lib/Application/Attributes/AttributeService.php,Line=294]
2019-06-15T10:17:35+07:00 [13094] DEBUG default - [User=Kamonnart Imwiset (1530307@vistec.ac.th)] applies 0 allowed 0, ids 18,27 requested 2 [File=/var/www/html/booking/lib/Application/Attributes/AttributeService.php,Line=294]
2019-06-15T10:17:35+07:00 [13094] DEBUG default - [User=Kamonnart Imwiset (1530307@vistec.ac.th)] applies 0 allowed 1, ids 16 requested 2 [File=/var/www/html/booking/lib/Application/Attributes/AttributeService.php,Line=294]
2019-06-15T10:17:35+07:00 [13094] DEBUG default - [User=Kamonnart Imwiset (1530307@vistec.ac.th)] applies 0 allowed 0, ids 18 requested 2 [File=/var/www/html/booking/lib/Application/Attributes/AttributeService.php,Line=294]
2019-06-15T10:17:35+07:00 [13094] DEBUG default - [User=Kamonnart Imwiset (1530307@vistec.ac.th)] applies 0 allowed 1, ids 26 requested 2 [File=/var/www/html/booking/lib/Application/Attributes/AttributeService.php,Line=294]
2019-06-15T10:17:35+07:00 [13094] DEBUG default - [User=Kamonnart Imwiset (1530307@vistec.ac.th)] applies 1 allowed 1, ids 18,2 requested 2 [File=/var/www/html/booking/lib/Application/Attributes/AttributeService.php,Line=294]
2019-06-15T10:17:35+07:00 [13094] DEBUG default - [User=Kamonnart Imwiset (1530307@vistec.ac.th)] applies 0 allowed 1, ids 17 requested 2 [File=/var/www/html/booking/lib/Application/Attributes/AttributeService.php,Line=294]
2019-06-15T10:17:35+07:00 [13094] DEBUG default - [User=Kamonnart Imwiset (1530307@vistec.ac.th)] applies 0 allowed 1, ids 17 requested 2 [File=/var/www/html/booking/lib/Application/Attributes/AttributeService.php,Line=294]
2019-06-15T10:17:35+07:00 [13094] DEBUG default - [User=Kamonnart Imwiset (1530307@vistec.ac.th)] applies 0 allowed 1, ids 26 requested 2 [File=/var/www/html/booking/lib/Application/Attributes/AttributeService.php,Line=294]
2019-06-15T10:17:35+07:00 [13094] DEBUG default - [User=Kamonnart Imwiset (1530307@vistec.ac.th)] applies 1 allowed 1, ids 2 requested 2 [File=/var/www/html/booking/lib/Application/Attributes/AttributeService.php,Line=294]
2019-06-15T10:17:35+07:00 [13094] DEBUG default - [User=Kamonnart Imwiset (1530307@vistec.ac.th)] applies 0 allowed 1, ids 17 requested 2 [File=/var/www/html/booking/lib/Application/Attributes/AttributeService.php,Line=294]
2019-06-15T10:17:35+07:00 [13094] DEBUG default - [User=Kamonnart Imwiset (1530307@vistec.ac.th)] applies 0 allowed 1, ids 16 requested 2 [File=/var/www/html/booking/lib/Application/Attributes/AttributeService.php,Line=294]
2019-06-15T10:17:35+07:00 [13094] DEBUG default - [User=Kamonnart Imwiset (1530307@vistec.ac.th)] applies 0 allowed 1, ids 23,26,22,21 requested 2 [File=/var/www/html/booking/lib/Application/Attributes/AttributeService.php,Line=294]
2019-06-15T10:17:35+07:00 [13094] DEBUG default - [User=Kamonnart Imwiset (1530307@vistec.ac.th)] applies 0 allowed 1, ids 23,26,22,29,21 requested 2 [File=/var/www/html/booking/lib/Application/Attributes/AttributeService.php,Line=294]
2019-06-15T14:56:00+07:00 [13094] DEBUG default - [User=Kamonnart Imwiset (1530307@vistec.ac.th)] applies 0 allowed 1, ids 2 requested  [File=/var/www/html/booking/lib/Application/Attributes/AttributeService.php,Line=294]
2019-06-15T14:56:00+07:00 [13094] DEBUG default - [User=Kamonnart Imwiset (1530307@vistec.ac.th)] applies 0 allowed 1, ids 17 requested  [File=/var/www/html/booking/lib/Application/Attributes/AttributeService.php,Line=294]
2019-06-15T14:56:00+07:00 [13094] DEBUG default - [User=Kamonnart Imwiset (1530307@vistec.ac.th)] applies 0 allowed 0, ids 25 requested  [File=/var/www/html/booking/lib/Application/Attributes/AttributeService.php,Line=294]
2019-06-15T14:56:00+07:00 [13094] DEBUG default - [User=Kamonnart Imwiset (1530307@vistec.ac.th)] applies 0 allowed 1, ids 16 requested  [File=/var/www/html/booking/lib/Application/Attributes/AttributeService.php,Line=294]
2019-06-15T14:56:00+07:00 [13094] DEBUG default - [User=Kamonnart Imwiset (1530307@vistec.ac.th)] applies 0 allowed 0, ids 25 requested  [File=/var/www/html/booking/lib/Application/Attributes/AttributeService.php,Line=294]
2019-06-15T14:56:00+07:00 [13094] DEBUG default - [User=Kamonnart Imwiset (1530307@vistec.ac.th)] applies 0 allowed 1, ids 26 requested  [File=/var/www/html/booking/lib/Application/Attributes/AttributeService.php,Line=294]
2019-06-15T14:56:00+07:00 [13094] DEBUG default - [User=Kamonnart Imwiset (1530307@vistec.ac.th)] applies 0 allowed 0, ids 29 requested  [File=/var/www/html/booking/lib/Application/Attributes/AttributeService.php,Line=294]
2019-06-15T14:56:00+07:00 [13094] DEBUG default - [User=Kamonnart Imwiset (1530307@vistec.ac.th)] applies 0 allowed 1, ids 26 requested  [File=/var/www/html/booking/lib/Application/Attributes/AttributeService.php,Line=294]
2019-06-15T14:56:00+07:00 [13094] DEBUG default - [User=Kamonnart Imwiset (1530307@vistec.ac.th)] applies 0 allowed 1, ids 2 requested  [File=/var/www/html/booking/lib/Application/Attributes/AttributeService.php,Line=294]
2019-06-15T14:56:00+07:00 [13094] DEBUG default - [User=Kamonnart Imwiset (1530307@vistec.ac.th)] applies 0 allowed 0, ids 15 requested  [File=/var/www/html/booking/lib/Application/Attributes/AttributeService.php,Line=294]
2019-06-15T14:56:00+07:00 [13094] DEBUG default - [User=Kamonnart Imwiset (1530307@vistec.ac.th)] applies 0 allowed 0, ids 18,27 requested  [File=/var/www/html/booking/lib/Application/Attributes/AttributeService.php,Line=294]
2019-06-15T14:56:00+07:00 [13094] DEBUG default - [User=Kamonnart Imwiset (1530307@vistec.ac.th)] applies 0 allowed 1, ids 16 requested  [File=/var/www/html/booking/lib/Application/Attributes/AttributeService.php,Line=294]
2019-06-15T14:56:00+07:00 [13094] DEBUG default - [User=Kamonnart Imwiset (1530307@vistec.ac.th)] applies 0 allowed 0, ids 18 requested  [File=/var/www/html/booking/lib/Application/Attributes/AttributeService.php,Line=294]
2019-06-15T14:56:00+07:00 [13094] DEBUG default - [User=Kamonnart Imwiset (1530307@vistec.ac.th)] applies 0 allowed 1, ids 26 requested  [File=/var/www/html/booking/lib/Application/Attributes/AttributeService.php,Line=294]
2019-06-15T14:56:00+07:00 [13094] DEBUG default - [User=Kamonnart Imwiset (1530307@vistec.ac.th)] applies 0 allowed 1, ids 18,2 requested  [File=/var/www/html/booking/lib/Application/Attributes/AttributeService.php,Line=294]
2019-06-15T14:56:00+07:00 [13094] DEBUG default - [User=Kamonnart Imwiset (1530307@vistec.ac.th)] applies 0 allowed 1, ids 17 requested  [File=/var/www/html/booking/lib/Application/Attributes/AttributeService.php,Line=294]
2019-06-15T14:56:00+07:00 [13094] DEBUG default - [User=Kamonnart Imwiset (1530307@vistec.ac.th)] applies 0 allowed 1, ids 17 requested  [File=/var/www/html/booking/lib/Application/Attributes/AttributeService.php,Line=294]
2019-06-15T14:56:00+07:00 [13094] DEBUG default - [User=Kamonnart Imwiset (1530307@vistec.ac.th)] applies 0 allowed 1, ids 26 requested  [File=/var/www/html/booking/lib/Application/Attributes/AttributeService.php,Line=294]
2019-06-15T14:56:00+07:00 [13094] DEBUG default - [User=Kamonnart Imwiset (1530307@vistec.ac.th)] applies 0 allowed 1, ids 2 requested  [File=/var/www/html/booking/lib/Application/Attributes/AttributeService.php,Line=294]
2019-06-15T14:56:00+07:00 [13094] DEBUG default - [User=Kamonnart Imwiset (1530307@vistec.ac.th)] applies 0 allowed 1, ids 17 requested  [File=/var/www/html/booking/lib/Application/Attributes/AttributeService.php,Line=294]
2019-06-15T14:56:00+07:00 [13094] DEBUG default - [User=Kamonnart Imwiset (1530307@vistec.ac.th)] applies 0 allowed 1, ids 16 requested  [File=/var/www/html/booking/lib/Application/Attributes/AttributeService.php,Line=294]
2019-06-15T14:56:00+07:00 [13094] DEBUG default - [User=Kamonnart Imwiset (1530307@vistec.ac.th)] applies 0 allowed 1, ids 23,26,22,21 requested  [File=/var/www/html/booking/lib/Application/Attributes/AttributeService.php,Line=294]
2019-06-15T14:56:00+07:00 [13094] DEBUG default - [User=Kamonnart Imwiset (1530307@vistec.ac.th)] applies 0 allowed 1, ids 23,26,22,29,21 requested  [File=/var/www/html/booking/lib/Application/Attributes/AttributeService.php,Line=294]
2019-06-15T14:57:01+07:00 [13130] DEBUG default - [User=Kamonnart Imwiset (1530307@vistec.ac.th)] applies 1 allowed 1, ids 2 requested 2 [File=/var/www/html/booking/lib/Application/Attributes/AttributeService.php,Line=294]
2019-06-15T14:57:01+07:00 [13130] DEBUG default - [User=Kamonnart Imwiset (1530307@vistec.ac.th)] applies 0 allowed 1, ids 17 requested 2 [File=/var/www/html/booking/lib/Application/Attributes/AttributeService.php,Line=294]
2019-06-15T14:57:01+07:00 [13130] DEBUG default - [User=Kamonnart Imwiset (1530307@vistec.ac.th)] applies 0 allowed 0, ids 25 requested 2 [File=/var/www/html/booking/lib/Application/Attributes/AttributeService.php,Line=294]
2019-06-15T14:57:01+07:00 [13130] DEBUG default - [User=Kamonnart Imwiset (1530307@vistec.ac.th)] applies 0 allowed 1, ids 16 requested 2 [File=/var/www/html/booking/lib/Application/Attributes/AttributeService.php,Line=294]
2019-06-15T14:57:01+07:00 [13130] DEBUG default - [User=Kamonnart Imwiset (1530307@vistec.ac.th)] applies 0 allowed 0, ids 25 requested 2 [File=/var/www/html/booking/lib/Application/Attributes/AttributeService.php,Line=294]
2019-06-15T14:57:01+07:00 [13130] DEBUG default - [User=Kamonnart Imwiset (1530307@vistec.ac.th)] applies 0 allowed 1, ids 26 requested 2 [File=/var/www/html/booking/lib/Application/Attributes/AttributeService.php,Line=294]
2019-06-15T14:57:01+07:00 [13130] DEBUG default - [User=Kamonnart Imwiset (1530307@vistec.ac.th)] applies 0 allowed 0, ids 29 requested 2 [File=/var/www/html/booking/lib/Application/Attributes/AttributeService.php,Line=294]
2019-06-15T14:57:01+07:00 [13130] DEBUG default - [User=Kamonnart Imwiset (1530307@vistec.ac.th)] applies 0 allowed 1, ids 26 requested 2 [File=/var/www/html/booking/lib/Application/Attributes/AttributeService.php,Line=294]
2019-06-15T14:57:01+07:00 [13130] DEBUG default - [User=Kamonnart Imwiset (1530307@vistec.ac.th)] applies 1 allowed 1, ids 2 requested 2 [File=/var/www/html/booking/lib/Application/Attributes/AttributeService.php,Line=294]
2019-06-15T14:57:01+07:00 [13130] DEBUG default - [User=Kamonnart Imwiset (1530307@vistec.ac.th)] applies 0 allowed 0, ids 15 requested 2 [File=/var/www/html/booking/lib/Application/Attributes/AttributeService.php,Line=294]
2019-06-15T14:57:01+07:00 [13130] DEBUG default - [User=Kamonnart Imwiset (1530307@vistec.ac.th)] applies 0 allowed 0, ids 18,27 requested 2 [File=/var/www/html/booking/lib/Application/Attributes/AttributeService.php,Line=294]
2019-06-15T14:57:01+07:00 [13130] DEBUG default - [User=Kamonnart Imwiset (1530307@vistec.ac.th)] applies 0 allowed 1, ids 16 requested 2 [File=/var/www/html/booking/lib/Application/Attributes/AttributeService.php,Line=294]
2019-06-15T14:57:01+07:00 [13130] DEBUG default - [User=Kamonnart Imwiset (1530307@vistec.ac.th)] applies 0 allowed 0, ids 18 requested 2 [File=/var/www/html/booking/lib/Application/Attributes/AttributeService.php,Line=294]
2019-06-15T14:57:01+07:00 [13130] DEBUG default - [User=Kamonnart Imwiset (1530307@vistec.ac.th)] applies 0 allowed 1, ids 26 requested 2 [File=/var/www/html/booking/lib/Application/Attributes/AttributeService.php,Line=294]
2019-06-15T14:57:01+07:00 [13130] DEBUG default - [User=Kamonnart Imwiset (1530307@vistec.ac.th)] applies 1 allowed 1, ids 18,2 requested 2 [File=/var/www/html/booking/lib/Application/Attributes/AttributeService.php,Line=294]
2019-06-15T14:57:01+07:00 [13130] DEBUG default - [User=Kamonnart Imwiset (1530307@vistec.ac.th)] applies 0 allowed 1, ids 17 requested 2 [File=/var/www/html/booking/lib/Application/Attributes/AttributeService.php,Line=294]
2019-06-15T14:57:01+07:00 [13130] DEBUG default - [User=Kamonnart Imwiset (1530307@vistec.ac.th)] applies 0 allowed 1, ids 17 requested 2 [File=/var/www/html/booking/lib/Application/Attributes/AttributeService.php,Line=294]
2019-06-15T14:57:01+07:00 [13130] DEBUG default - [User=Kamonnart Imwiset (1530307@vistec.ac.th)] applies 0 allowed 1, ids 26 requested 2 [File=/var/www/html/booking/lib/Application/Attributes/AttributeService.php,Line=294]
2019-06-15T14:57:01+07:00 [13130] DEBUG default - [User=Kamonnart Imwiset (1530307@vistec.ac.th)] applies 1 allowed 1, ids 2 requested 2 [File=/var/www/html/booking/lib/Application/Attributes/AttributeService.php,Line=294]
2019-06-15T14:57:01+07:00 [13130] DEBUG default - [User=Kamonnart Imwiset (1530307@vistec.ac.th)] applies 0 allowed 1, ids 17 requested 2 [File=/var/www/html/booking/lib/Application/Attributes/AttributeService.php,Line=294]
2019-06-15T14:57:01+07:00 [13130] DEBUG default - [User=Kamonnart Imwiset (1530307@vistec.ac.th)] applies 0 allowed 1, ids 16 requested 2 [File=/var/www/html/booking/lib/Application/Attributes/AttributeService.php,Line=294]
2019-06-15T14:57:01+07:00 [13130] DEBUG default - [User=Kamonnart Imwiset (1530307@vistec.ac.th)] applies 0 allowed 1, ids 23,26,22,21 requested 2 [File=/var/www/html/booking/lib/Application/Attributes/AttributeService.php,Line=294]
2019-06-15T14:57:01+07:00 [13130] DEBUG default - [User=Kamonnart Imwiset (1530307@vistec.ac.th)] applies 0 allowed 1, ids 23,26,22,29,21 requested 2 [File=/var/www/html/booking/lib/Application/Attributes/AttributeService.php,Line=294]
2019-06-15T14:58:15+07:00 [13094] DEBUG default - [User=Kamonnart Imwiset (1530307@vistec.ac.th)] applies 1 allowed 1, ids 2 requested 2 [File=/var/www/html/booking/lib/Application/Attributes/AttributeService.php,Line=294]
2019-06-15T14:58:15+07:00 [13094] DEBUG default - [User=Kamonnart Imwiset (1530307@vistec.ac.th)] applies 0 allowed 1, ids 17 requested 2 [File=/var/www/html/booking/lib/Application/Attributes/AttributeService.php,Line=294]
2019-06-15T14:58:15+07:00 [13094] DEBUG default - [User=Kamonnart Imwiset (1530307@vistec.ac.th)] applies 0 allowed 0, ids 25 requested 2 [File=/var/www/html/booking/lib/Application/Attributes/AttributeService.php,Line=294]
2019-06-15T14:58:15+07:00 [13094] DEBUG default - [User=Kamonnart Imwiset (1530307@vistec.ac.th)] applies 0 allowed 1, ids 16 requested 2 [File=/var/www/html/booking/lib/Application/Attributes/AttributeService.php,Line=294]
2019-06-15T14:58:15+07:00 [13094] DEBUG default - [User=Kamonnart Imwiset (1530307@vistec.ac.th)] applies 0 allowed 0, ids 25 requested 2 [File=/var/www/html/booking/lib/Application/Attributes/AttributeService.php,Line=294]
2019-06-15T14:58:15+07:00 [13094] DEBUG default - [User=Kamonnart Imwiset (1530307@vistec.ac.th)] applies 0 allowed 1, ids 26 requested 2 [File=/var/www/html/booking/lib/Application/Attributes/AttributeService.php,Line=294]
2019-06-15T14:58:15+07:00 [13094] DEBUG default - [User=Kamonnart Imwiset (1530307@vistec.ac.th)] applies 0 allowed 0, ids 29 requested 2 [File=/var/www/html/booking/lib/Application/Attributes/AttributeService.php,Line=294]
2019-06-15T14:58:15+07:00 [13094] DEBUG default - [User=Kamonnart Imwiset (1530307@vistec.ac.th)] applies 0 allowed 1, ids 26 requested 2 [File=/var/www/html/booking/lib/Application/Attributes/AttributeService.php,Line=294]
2019-06-15T14:58:15+07:00 [13094] DEBUG default - [User=Kamonnart Imwiset (1530307@vistec.ac.th)] applies 1 allowed 1, ids 2 requested 2 [File=/var/www/html/booking/lib/Application/Attributes/AttributeService.php,Line=294]
2019-06-15T14:58:15+07:00 [13094] DEBUG default - [User=Kamonnart Imwiset (1530307@vistec.ac.th)] applies 0 allowed 0, ids 15 requested 2 [File=/var/www/html/booking/lib/Application/Attributes/AttributeService.php,Line=294]
2019-06-15T14:58:15+07:00 [13094] DEBUG default - [User=Kamonnart Imwiset (1530307@vistec.ac.th)] applies 0 allowed 0, ids 18,27 requested 2 [File=/var/www/html/booking/lib/Application/Attributes/AttributeService.php,Line=294]
2019-06-15T14:58:15+07:00 [13094] DEBUG default - [User=Kamonnart Imwiset (1530307@vistec.ac.th)] applies 0 allowed 1, ids 16 requested 2 [File=/var/www/html/booking/lib/Application/Attributes/AttributeService.php,Line=294]
2019-06-15T14:58:15+07:00 [13094] DEBUG default - [User=Kamonnart Imwiset (1530307@vistec.ac.th)] applies 0 allowed 0, ids 18 requested 2 [File=/var/www/html/booking/lib/Application/Attributes/AttributeService.php,Line=294]
2019-06-15T14:58:15+07:00 [13094] DEBUG default - [User=Kamonnart Imwiset (1530307@vistec.ac.th)] applies 0 allowed 1, ids 26 requested 2 [File=/var/www/html/booking/lib/Application/Attributes/AttributeService.php,Line=294]
2019-06-15T14:58:15+07:00 [13094] DEBUG default - [User=Kamonnart Imwiset (1530307@vistec.ac.th)] applies 1 allowed 1, ids 18,2 requested 2 [File=/var/www/html/booking/lib/Application/Attributes/AttributeService.php,Line=294]
2019-06-15T14:58:15+07:00 [13094] DEBUG default - [User=Kamonnart Imwiset (1530307@vistec.ac.th)] applies 0 allowed 1, ids 17 requested 2 [File=/var/www/html/booking/lib/Application/Attributes/AttributeService.php,Line=294]
2019-06-15T14:58:15+07:00 [13094] DEBUG default - [User=Kamonnart Imwiset (1530307@vistec.ac.th)] applies 0 allowed 1, ids 17 requested 2 [File=/var/www/html/booking/lib/Application/Attributes/AttributeService.php,Line=294]
2019-06-15T14:58:15+07:00 [13094] DEBUG default - [User=Kamonnart Imwiset (1530307@vistec.ac.th)] applies 0 allowed 1, ids 26 requested 2 [File=/var/www/html/booking/lib/Application/Attributes/AttributeService.php,Line=294]
2019-06-15T14:58:15+07:00 [13094] DEBUG default - [User=Kamonnart Imwiset (1530307@vistec.ac.th)] applies 1 allowed 1, ids 2 requested 2 [File=/var/www/html/booking/lib/Application/Attributes/AttributeService.php,Line=294]
2019-06-15T14:58:15+07:00 [13094] DEBUG default - [User=Kamonnart Imwiset (1530307@vistec.ac.th)] applies 0 allowed 1, ids 17 requested 2 [File=/var/www/html/booking/lib/Application/Attributes/AttributeService.php,Line=294]
2019-06-15T14:58:15+07:00 [13094] DEBUG default - [User=Kamonnart Imwiset (1530307@vistec.ac.th)] applies 0 allowed 1, ids 16 requested 2 [File=/var/www/html/booking/lib/Application/Attributes/AttributeService.php,Line=294]
2019-06-15T14:58:15+07:00 [13094] DEBUG default - [User=Kamonnart Imwiset (1530307@vistec.ac.th)] applies 0 allowed 1, ids 23,26,22,21 requested 2 [File=/var/www/html/booking/lib/Application/Attributes/AttributeService.php,Line=294]
2019-06-15T14:58:15+07:00 [13094] DEBUG default - [User=Kamonnart Imwiset (1530307@vistec.ac.th)] applies 0 allowed 1, ids 23,26,22,29,21 requested 2 [File=/var/www/html/booking/lib/Application/Attributes/AttributeService.php,Line=294]
2019-06-15T15:37:31+07:00 [13130] DEBUG default - [User=Chokchai Kaiyasuan (chokchai.k_s17@vistec.ac.th)] applies 0 allowed 1, ids 2 requested 17 [File=/var/www/html/booking/lib/Application/Attributes/AttributeService.php,Line=294]
2019-06-15T15:37:31+07:00 [13130] DEBUG default - [User=Chokchai Kaiyasuan (chokchai.k_s17@vistec.ac.th)] applies 1 allowed 1, ids 17 requested 17 [File=/var/www/html/booking/lib/Application/Attributes/AttributeService.php,Line=294]
2019-06-15T15:37:31+07:00 [13130] DEBUG default - [User=Chokchai Kaiyasuan (chokchai.k_s17@vistec.ac.th)] applies 0 allowed 0, ids 25 requested 17 [File=/var/www/html/booking/lib/Application/Attributes/AttributeService.php,Line=294]
2019-06-15T15:37:31+07:00 [13130] DEBUG default - [User=Chokchai Kaiyasuan (chokchai.k_s17@vistec.ac.th)] applies 0 allowed 1, ids 16 requested 17 [File=/var/www/html/booking/lib/Application/Attributes/AttributeService.php,Line=294]
2019-06-15T15:37:31+07:00 [13130] DEBUG default - [User=Chokchai Kaiyasuan (chokchai.k_s17@vistec.ac.th)] applies 0 allowed 0, ids 25 requested 17 [File=/var/www/html/booking/lib/Application/Attributes/AttributeService.php,Line=294]
2019-06-15T15:37:31+07:00 [13130] DEBUG default - [User=Chokchai Kaiyasuan (chokchai.k_s17@vistec.ac.th)] applies 0 allowed 1, ids 26 requested 17 [File=/var/www/html/booking/lib/Application/Attributes/AttributeService.php,Line=294]
2019-06-15T15:37:31+07:00 [13130] DEBUG default - [User=Chokchai Kaiyasuan (chokchai.k_s17@vistec.ac.th)] applies 0 allowed 1, ids 29 requested 17 [File=/var/www/html/booking/lib/Application/Attributes/AttributeService.php,Line=294]
2019-06-15T15:37:31+07:00 [13130] DEBUG default - [User=Chokchai Kaiyasuan (chokchai.k_s17@vistec.ac.th)] applies 0 allowed 1, ids 26 requested 17 [File=/var/www/html/booking/lib/Application/Attributes/AttributeService.php,Line=294]
2019-06-15T15:37:31+07:00 [13130] DEBUG default - [User=Chokchai Kaiyasuan (chokchai.k_s17@vistec.ac.th)] applies 0 allowed 1, ids 2 requested 17 [File=/var/www/html/booking/lib/Application/Attributes/AttributeService.php,Line=294]
2019-06-15T15:37:31+07:00 [13130] DEBUG default - [User=Chokchai Kaiyasuan (chokchai.k_s17@vistec.ac.th)] applies 0 allowed 0, ids 15 requested 17 [File=/var/www/html/booking/lib/Application/Attributes/AttributeService.php,Line=294]
2019-06-15T15:37:31+07:00 [13130] DEBUG default - [User=Chokchai Kaiyasuan (chokchai.k_s17@vistec.ac.th)] applies 0 allowed 0, ids 18,27 requested 17 [File=/var/www/html/booking/lib/Application/Attributes/AttributeService.php,Line=294]
2019-06-15T15:37:31+07:00 [13130] DEBUG default - [User=Chokchai Kaiyasuan (chokchai.k_s17@vistec.ac.th)] applies 0 allowed 1, ids 16 requested 17 [File=/var/www/html/booking/lib/Application/Attributes/AttributeService.php,Line=294]
2019-06-15T15:37:31+07:00 [13130] DEBUG default - [User=Chokchai Kaiyasuan (chokchai.k_s17@vistec.ac.th)] applies 0 allowed 0, ids 18 requested 17 [File=/var/www/html/booking/lib/Application/Attributes/AttributeService.php,Line=294]
2019-06-15T15:37:31+07:00 [13130] DEBUG default - [User=Chokchai Kaiyasuan (chokchai.k_s17@vistec.ac.th)] applies 0 allowed 1, ids 26 requested 17 [File=/var/www/html/booking/lib/Application/Attributes/AttributeService.php,Line=294]
2019-06-15T15:37:31+07:00 [13130] DEBUG default - [User=Chokchai Kaiyasuan (chokchai.k_s17@vistec.ac.th)] applies 0 allowed 1, ids 18,2 requested 17 [File=/var/www/html/booking/lib/Application/Attributes/AttributeService.php,Line=294]
2019-06-15T15:37:31+07:00 [13130] DEBUG default - [User=Chokchai Kaiyasuan (chokchai.k_s17@vistec.ac.th)] applies 1 allowed 1, ids 17 requested 17 [File=/var/www/html/booking/lib/Application/Attributes/AttributeService.php,Line=294]
2019-06-15T15:37:31+07:00 [13130] DEBUG default - [User=Chokchai Kaiyasuan (chokchai.k_s17@vistec.ac.th)] applies 1 allowed 1, ids 17 requested 17 [File=/var/www/html/booking/lib/Application/Attributes/AttributeService.php,Line=294]
2019-06-15T15:37:31+07:00 [13130] DEBUG default - [User=Chokchai Kaiyasuan (chokchai.k_s17@vistec.ac.th)] applies 0 allowed 1, ids 26 requested 17 [File=/var/www/html/booking/lib/Application/Attributes/AttributeService.php,Line=294]
2019-06-15T15:37:31+07:00 [13130] DEBUG default - [User=Chokchai Kaiyasuan (chokchai.k_s17@vistec.ac.th)] applies 0 allowed 1, ids 2 requested 17 [File=/var/www/html/booking/lib/Application/Attributes/AttributeService.php,Line=294]
2019-06-15T15:37:31+07:00 [13130] DEBUG default - [User=Chokchai Kaiyasuan (chokchai.k_s17@vistec.ac.th)] applies 1 allowed 1, ids 17 requested 17 [File=/var/www/html/booking/lib/Application/Attributes/AttributeService.php,Line=294]
2019-06-15T15:37:31+07:00 [13130] DEBUG default - [User=Chokchai Kaiyasuan (chokchai.k_s17@vistec.ac.th)] applies 0 allowed 1, ids 16 requested 17 [File=/var/www/html/booking/lib/Application/Attributes/AttributeService.php,Line=294]
2019-06-15T15:37:31+07:00 [13130] DEBUG default - [User=Chokchai Kaiyasuan (chokchai.k_s17@vistec.ac.th)] applies 0 allowed 1, ids 23,26,22,21 requested 17 [File=/var/www/html/booking/lib/Application/Attributes/AttributeService.php,Line=294]
2019-06-15T15:37:31+07:00 [13130] DEBUG default - [User=Chokchai Kaiyasuan (chokchai.k_s17@vistec.ac.th)] applies 0 allowed 2, ids 23,26,22,29,21 requested 17 [File=/var/www/html/booking/lib/Application/Attributes/AttributeService.php,Line=294]
2019-06-15T15:38:04+07:00 [13094] DEBUG default - [User=Chokchai Kaiyasuan (chokchai.k_s17@vistec.ac.th)] AutoComplete: 147 results found for search type: user, term: v [File=/var/www/html/booking/Pages/Ajax/AutoCompletePage.php,Line=42]
2019-06-15T15:38:07+07:00 [3254] DEBUG default - [User=Chokchai Kaiyasuan (chokchai.k_s17@vistec.ac.th)] AutoComplete: 2 results found for search type: user, term: vet [File=/var/www/html/booking/Pages/Ajax/AutoCompletePage.php,Line=42]
2019-06-15T15:38:07+07:00 [13130] DEBUG default - [User=Chokchai Kaiyasuan (chokchai.k_s17@vistec.ac.th)] AutoComplete: 1 results found for search type: user, term: veti [File=/var/www/html/booking/Pages/Ajax/AutoCompletePage.php,Line=42]
