2019-09-07T10:53:55+07:00 [24915] DEBUG default - [User=Thitapond Nulek (1630411@vistec.ac.th)] applies 0 allowed 1, ids 2 requested 13 [File=/var/www/html/booking/lib/Application/Attributes/AttributeService.php,Line=294]
2019-09-07T10:53:55+07:00 [24915] DEBUG default - [User=Thitapond Nulek (1630411@vistec.ac.th)] applies 0 allowed 0, ids 17 requested 13 [File=/var/www/html/booking/lib/Application/Attributes/AttributeService.php,Line=294]
2019-09-07T10:53:55+07:00 [24915] DEBUG default - [User=Thitapond Nulek (1630411@vistec.ac.th)] applies 0 allowed 0, ids 25 requested 13 [File=/var/www/html/booking/lib/Application/Attributes/AttributeService.php,Line=294]
2019-09-07T10:53:55+07:00 [24915] DEBUG default - [User=Thitapond Nulek (1630411@vistec.ac.th)] applies 0 allowed 0, ids 16 requested 13 [File=/var/www/html/booking/lib/Application/Attributes/AttributeService.php,Line=294]
2019-09-07T10:53:55+07:00 [24915] DEBUG default - [User=Thitapond Nulek (1630411@vistec.ac.th)] applies 0 allowed 0, ids 25 requested 13 [File=/var/www/html/booking/lib/Application/Attributes/AttributeService.php,Line=294]
2019-09-07T10:53:55+07:00 [24915] DEBUG default - [User=Thitapond Nulek (1630411@vistec.ac.th)] applies 0 allowed 0, ids 26 requested 13 [File=/var/www/html/booking/lib/Application/Attributes/AttributeService.php,Line=294]
2019-09-07T10:53:55+07:00 [24915] DEBUG default - [User=Thitapond Nulek (1630411@vistec.ac.th)] applies 0 allowed 0, ids 29 requested 13 [File=/var/www/html/booking/lib/Application/Attributes/AttributeService.php,Line=294]
2019-09-07T10:53:55+07:00 [24915] DEBUG default - [User=Thitapond Nulek (1630411@vistec.ac.th)] applies 0 allowed 0, ids 26 requested 13 [File=/var/www/html/booking/lib/Application/Attributes/AttributeService.php,Line=294]
2019-09-07T10:53:55+07:00 [24915] DEBUG default - [User=Thitapond Nulek (1630411@vistec.ac.th)] applies 0 allowed 1, ids 2 requested 13 [File=/var/www/html/booking/lib/Application/Attributes/AttributeService.php,Line=294]
2019-09-07T10:53:55+07:00 [24915] DEBUG default - [User=Thitapond Nulek (1630411@vistec.ac.th)] applies 0 allowed 0, ids 15 requested 13 [File=/var/www/html/booking/lib/Application/Attributes/AttributeService.php,Line=294]
2019-09-07T10:53:55+07:00 [24915] DEBUG default - [User=Thitapond Nulek (1630411@vistec.ac.th)] applies 0 allowed 0, ids 18,27 requested 13 [File=/var/www/html/booking/lib/Application/Attributes/AttributeService.php,Line=294]
2019-09-07T10:53:55+07:00 [24915] DEBUG default - [User=Thitapond Nulek (1630411@vistec.ac.th)] applies 0 allowed 0, ids 16 requested 13 [File=/var/www/html/booking/lib/Application/Attributes/AttributeService.php,Line=294]
2019-09-07T10:53:55+07:00 [24915] DEBUG default - [User=Thitapond Nulek (1630411@vistec.ac.th)] applies 0 allowed 0, ids 18 requested 13 [File=/var/www/html/booking/lib/Application/Attributes/AttributeService.php,Line=294]
2019-09-07T10:53:55+07:00 [24915] DEBUG default - [User=Thitapond Nulek (1630411@vistec.ac.th)] applies 0 allowed 0, ids 26 requested 13 [File=/var/www/html/booking/lib/Application/Attributes/AttributeService.php,Line=294]
2019-09-07T10:53:55+07:00 [24915] DEBUG default - [User=Thitapond Nulek (1630411@vistec.ac.th)] applies 0 allowed 1, ids 18,2 requested 13 [File=/var/www/html/booking/lib/Application/Attributes/AttributeService.php,Line=294]
2019-09-07T10:53:55+07:00 [24915] DEBUG default - [User=Thitapond Nulek (1630411@vistec.ac.th)] applies 0 allowed 0, ids 17 requested 13 [File=/var/www/html/booking/lib/Application/Attributes/AttributeService.php,Line=294]
2019-09-07T10:53:55+07:00 [24915] DEBUG default - [User=Thitapond Nulek (1630411@vistec.ac.th)] applies 0 allowed 0, ids 17 requested 13 [File=/var/www/html/booking/lib/Application/Attributes/AttributeService.php,Line=294]
2019-09-07T10:53:55+07:00 [24915] DEBUG default - [User=Thitapond Nulek (1630411@vistec.ac.th)] applies 0 allowed 0, ids 26 requested 13 [File=/var/www/html/booking/lib/Application/Attributes/AttributeService.php,Line=294]
2019-09-07T10:53:55+07:00 [24915] DEBUG default - [User=Thitapond Nulek (1630411@vistec.ac.th)] applies 0 allowed 1, ids 2 requested 13 [File=/var/www/html/booking/lib/Application/Attributes/AttributeService.php,Line=294]
2019-09-07T10:53:55+07:00 [24915] DEBUG default - [User=Thitapond Nulek (1630411@vistec.ac.th)] applies 0 allowed 0, ids 17 requested 13 [File=/var/www/html/booking/lib/Application/Attributes/AttributeService.php,Line=294]
2019-09-07T10:53:55+07:00 [24915] DEBUG default - [User=Thitapond Nulek (1630411@vistec.ac.th)] applies 0 allowed 0, ids 16 requested 13 [File=/var/www/html/booking/lib/Application/Attributes/AttributeService.php,Line=294]
2019-09-07T10:53:55+07:00 [24915] DEBUG default - [User=Thitapond Nulek (1630411@vistec.ac.th)] applies 0 allowed 1, ids 23,26,22,21 requested 13 [File=/var/www/html/booking/lib/Application/Attributes/AttributeService.php,Line=294]
2019-09-07T10:53:55+07:00 [24915] DEBUG default - [User=Thitapond Nulek (1630411@vistec.ac.th)] applies 0 allowed 1, ids 23,26,22,29,21 requested 13 [File=/var/www/html/booking/lib/Application/Attributes/AttributeService.php,Line=294]
2019-09-07T15:08:28+07:00 [24915] DEBUG default - [User=Tharit Lerdwiriyanupap (1630307@vistec.ac.th)] applies 0 allowed 1, ids 2 requested  [File=/var/www/html/booking/lib/Application/Attributes/AttributeService.php,Line=294]
2019-09-07T15:08:28+07:00 [24915] DEBUG default - [User=Tharit Lerdwiriyanupap (1630307@vistec.ac.th)] applies 0 allowed 1, ids 17 requested  [File=/var/www/html/booking/lib/Application/Attributes/AttributeService.php,Line=294]
2019-09-07T15:08:28+07:00 [24915] DEBUG default - [User=Tharit Lerdwiriyanupap (1630307@vistec.ac.th)] applies 0 allowed 0, ids 25 requested  [File=/var/www/html/booking/lib/Application/Attributes/AttributeService.php,Line=294]
2019-09-07T15:08:28+07:00 [24915] DEBUG default - [User=Tharit Lerdwiriyanupap (1630307@vistec.ac.th)] applies 0 allowed 0, ids 16 requested  [File=/var/www/html/booking/lib/Application/Attributes/AttributeService.php,Line=294]
2019-09-07T15:08:28+07:00 [24915] DEBUG default - [User=Tharit Lerdwiriyanupap (1630307@vistec.ac.th)] applies 0 allowed 0, ids 25 requested  [File=/var/www/html/booking/lib/Application/Attributes/AttributeService.php,Line=294]
2019-09-07T15:08:28+07:00 [24915] DEBUG default - [User=Tharit Lerdwiriyanupap (1630307@vistec.ac.th)] applies 0 allowed 0, ids 26 requested  [File=/var/www/html/booking/lib/Application/Attributes/AttributeService.php,Line=294]
2019-09-07T15:08:28+07:00 [24915] DEBUG default - [User=Tharit Lerdwiriyanupap (1630307@vistec.ac.th)] applies 0 allowed 0, ids 29 requested  [File=/var/www/html/booking/lib/Application/Attributes/AttributeService.php,Line=294]
2019-09-07T15:08:28+07:00 [24915] DEBUG default - [User=Tharit Lerdwiriyanupap (1630307@vistec.ac.th)] applies 0 allowed 0, ids 26 requested  [File=/var/www/html/booking/lib/Application/Attributes/AttributeService.php,Line=294]
2019-09-07T15:08:28+07:00 [24915] DEBUG default - [User=Tharit Lerdwiriyanupap (1630307@vistec.ac.th)] applies 0 allowed 1, ids 2 requested  [File=/var/www/html/booking/lib/Application/Attributes/AttributeService.php,Line=294]
2019-09-07T15:08:28+07:00 [24915] DEBUG default - [User=Tharit Lerdwiriyanupap (1630307@vistec.ac.th)] applies 0 allowed 0, ids 15 requested  [File=/var/www/html/booking/lib/Application/Attributes/AttributeService.php,Line=294]
2019-09-07T15:08:28+07:00 [24915] DEBUG default - [User=Tharit Lerdwiriyanupap (1630307@vistec.ac.th)] applies 0 allowed 0, ids 18,27 requested  [File=/var/www/html/booking/lib/Application/Attributes/AttributeService.php,Line=294]
2019-09-07T15:08:28+07:00 [24915] DEBUG default - [User=Tharit Lerdwiriyanupap (1630307@vistec.ac.th)] applies 0 allowed 0, ids 16 requested  [File=/var/www/html/booking/lib/Application/Attributes/AttributeService.php,Line=294]
2019-09-07T15:08:28+07:00 [24915] DEBUG default - [User=Tharit Lerdwiriyanupap (1630307@vistec.ac.th)] applies 0 allowed 0, ids 18 requested  [File=/var/www/html/booking/lib/Application/Attributes/AttributeService.php,Line=294]
2019-09-07T15:08:28+07:00 [24915] DEBUG default - [User=Tharit Lerdwiriyanupap (1630307@vistec.ac.th)] applies 0 allowed 0, ids 26 requested  [File=/var/www/html/booking/lib/Application/Attributes/AttributeService.php,Line=294]
2019-09-07T15:08:28+07:00 [24915] DEBUG default - [User=Tharit Lerdwiriyanupap (1630307@vistec.ac.th)] applies 0 allowed 1, ids 18,2 requested  [File=/var/www/html/booking/lib/Application/Attributes/AttributeService.php,Line=294]
2019-09-07T15:08:28+07:00 [24915] DEBUG default - [User=Tharit Lerdwiriyanupap (1630307@vistec.ac.th)] applies 0 allowed 1, ids 17 requested  [File=/var/www/html/booking/lib/Application/Attributes/AttributeService.php,Line=294]
2019-09-07T15:08:28+07:00 [24915] DEBUG default - [User=Tharit Lerdwiriyanupap (1630307@vistec.ac.th)] applies 0 allowed 1, ids 17 requested  [File=/var/www/html/booking/lib/Application/Attributes/AttributeService.php,Line=294]
2019-09-07T15:08:28+07:00 [24915] DEBUG default - [User=Tharit Lerdwiriyanupap (1630307@vistec.ac.th)] applies 0 allowed 0, ids 26 requested  [File=/var/www/html/booking/lib/Application/Attributes/AttributeService.php,Line=294]
2019-09-07T15:08:28+07:00 [24915] DEBUG default - [User=Tharit Lerdwiriyanupap (1630307@vistec.ac.th)] applies 0 allowed 1, ids 2 requested  [File=/var/www/html/booking/lib/Application/Attributes/AttributeService.php,Line=294]
2019-09-07T15:08:28+07:00 [24915] DEBUG default - [User=Tharit Lerdwiriyanupap (1630307@vistec.ac.th)] applies 0 allowed 1, ids 17 requested  [File=/var/www/html/booking/lib/Application/Attributes/AttributeService.php,Line=294]
2019-09-07T15:08:28+07:00 [24915] DEBUG default - [User=Tharit Lerdwiriyanupap (1630307@vistec.ac.th)] applies 0 allowed 0, ids 16 requested  [File=/var/www/html/booking/lib/Application/Attributes/AttributeService.php,Line=294]
2019-09-07T15:08:28+07:00 [24915] DEBUG default - [User=Tharit Lerdwiriyanupap (1630307@vistec.ac.th)] applies 0 allowed 0, ids 23,26,22,21 requested  [File=/var/www/html/booking/lib/Application/Attributes/AttributeService.php,Line=294]
2019-09-07T15:08:28+07:00 [24915] DEBUG default - [User=Tharit Lerdwiriyanupap (1630307@vistec.ac.th)] applies 0 allowed 0, ids 23,26,22,29,21 requested  [File=/var/www/html/booking/lib/Application/Attributes/AttributeService.php,Line=294]
2019-09-07T15:08:35+07:00 [24679] DEBUG default - [User=Tharit Lerdwiriyanupap (1630307@vistec.ac.th)] Adding custom attribute value for entityId=20, attributeId=29 [File=/var/www/html/booking/lib/Application/Attributes/AttributeList.php,Line=122]
2019-09-07T15:08:35+07:00 [24679] DEBUG default - [User=Tharit Lerdwiriyanupap (1630307@vistec.ac.th)] Took 0 seconds to load custom attributes for category 4 [File=/var/www/html/booking/lib/Application/Attributes/AttributeService.php,Line=154]
2019-09-07T15:08:35+07:00 [24679] DEBUG default - [User=Tharit Lerdwiriyanupap (1630307@vistec.ac.th)] Found 1 attributes for entityId 20 [File=/var/www/html/booking/lib/Application/Attributes/AttributeList.php,Line=165]
2019-09-07T15:08:35+07:00 [24679] DEBUG default - [User=Tharit Lerdwiriyanupap (1630307@vistec.ac.th)] Took 0 seconds to load custom attributes for category 5 [File=/var/www/html/booking/lib/Application/Attributes/AttributeService.php,Line=154]
2019-09-07T15:08:35+07:00 [24679] DEBUG default - [User=Tharit Lerdwiriyanupap (1630307@vistec.ac.th)] Found 0 attributes for entityId 2 [File=/var/www/html/booking/lib/Application/Attributes/AttributeList.php,Line=165]
2019-09-07T16:04:15+07:00 [24679] DEBUG default - [User=Thitapond Nulek (1630411@vistec.ac.th)] applies 1 allowed 1, ids 2 requested 2 [File=/var/www/html/booking/lib/Application/Attributes/AttributeService.php,Line=294]
2019-09-07T16:04:15+07:00 [24679] DEBUG default - [User=Thitapond Nulek (1630411@vistec.ac.th)] applies 0 allowed 0, ids 17 requested 2 [File=/var/www/html/booking/lib/Application/Attributes/AttributeService.php,Line=294]
2019-09-07T16:04:15+07:00 [24679] DEBUG default - [User=Thitapond Nulek (1630411@vistec.ac.th)] applies 0 allowed 0, ids 25 requested 2 [File=/var/www/html/booking/lib/Application/Attributes/AttributeService.php,Line=294]
2019-09-07T16:04:15+07:00 [24679] DEBUG default - [User=Thitapond Nulek (1630411@vistec.ac.th)] applies 0 allowed 0, ids 16 requested 2 [File=/var/www/html/booking/lib/Application/Attributes/AttributeService.php,Line=294]
2019-09-07T16:04:15+07:00 [24679] DEBUG default - [User=Thitapond Nulek (1630411@vistec.ac.th)] applies 0 allowed 0, ids 25 requested 2 [File=/var/www/html/booking/lib/Application/Attributes/AttributeService.php,Line=294]
2019-09-07T16:04:15+07:00 [24679] DEBUG default - [User=Thitapond Nulek (1630411@vistec.ac.th)] applies 0 allowed 0, ids 26 requested 2 [File=/var/www/html/booking/lib/Application/Attributes/AttributeService.php,Line=294]
2019-09-07T16:04:15+07:00 [24679] DEBUG default - [User=Thitapond Nulek (1630411@vistec.ac.th)] applies 0 allowed 0, ids 29 requested 2 [File=/var/www/html/booking/lib/Application/Attributes/AttributeService.php,Line=294]
2019-09-07T16:04:15+07:00 [24679] DEBUG default - [User=Thitapond Nulek (1630411@vistec.ac.th)] applies 0 allowed 0, ids 26 requested 2 [File=/var/www/html/booking/lib/Application/Attributes/AttributeService.php,Line=294]
2019-09-07T16:04:15+07:00 [24679] DEBUG default - [User=Thitapond Nulek (1630411@vistec.ac.th)] applies 1 allowed 1, ids 2 requested 2 [File=/var/www/html/booking/lib/Application/Attributes/AttributeService.php,Line=294]
2019-09-07T16:04:15+07:00 [24679] DEBUG default - [User=Thitapond Nulek (1630411@vistec.ac.th)] applies 0 allowed 0, ids 15 requested 2 [File=/var/www/html/booking/lib/Application/Attributes/AttributeService.php,Line=294]
2019-09-07T16:04:15+07:00 [24679] DEBUG default - [User=Thitapond Nulek (1630411@vistec.ac.th)] applies 0 allowed 0, ids 18,27 requested 2 [File=/var/www/html/booking/lib/Application/Attributes/AttributeService.php,Line=294]
2019-09-07T16:04:15+07:00 [24679] DEBUG default - [User=Thitapond Nulek (1630411@vistec.ac.th)] applies 0 allowed 0, ids 16 requested 2 [File=/var/www/html/booking/lib/Application/Attributes/AttributeService.php,Line=294]
2019-09-07T16:04:15+07:00 [24679] DEBUG default - [User=Thitapond Nulek (1630411@vistec.ac.th)] applies 0 allowed 0, ids 18 requested 2 [File=/var/www/html/booking/lib/Application/Attributes/AttributeService.php,Line=294]
2019-09-07T16:04:15+07:00 [24679] DEBUG default - [User=Thitapond Nulek (1630411@vistec.ac.th)] applies 0 allowed 0, ids 26 requested 2 [File=/var/www/html/booking/lib/Application/Attributes/AttributeService.php,Line=294]
2019-09-07T16:04:15+07:00 [24679] DEBUG default - [User=Thitapond Nulek (1630411@vistec.ac.th)] applies 1 allowed 1, ids 18,2 requested 2 [File=/var/www/html/booking/lib/Application/Attributes/AttributeService.php,Line=294]
2019-09-07T16:04:15+07:00 [24679] DEBUG default - [User=Thitapond Nulek (1630411@vistec.ac.th)] applies 0 allowed 0, ids 17 requested 2 [File=/var/www/html/booking/lib/Application/Attributes/AttributeService.php,Line=294]
2019-09-07T16:04:15+07:00 [24679] DEBUG default - [User=Thitapond Nulek (1630411@vistec.ac.th)] applies 0 allowed 0, ids 17 requested 2 [File=/var/www/html/booking/lib/Application/Attributes/AttributeService.php,Line=294]
2019-09-07T16:04:15+07:00 [24679] DEBUG default - [User=Thitapond Nulek (1630411@vistec.ac.th)] applies 0 allowed 0, ids 26 requested 2 [File=/var/www/html/booking/lib/Application/Attributes/AttributeService.php,Line=294]
2019-09-07T16:04:15+07:00 [24679] DEBUG default - [User=Thitapond Nulek (1630411@vistec.ac.th)] applies 1 allowed 1, ids 2 requested 2 [File=/var/www/html/booking/lib/Application/Attributes/AttributeService.php,Line=294]
2019-09-07T16:04:15+07:00 [24679] DEBUG default - [User=Thitapond Nulek (1630411@vistec.ac.th)] applies 0 allowed 0, ids 17 requested 2 [File=/var/www/html/booking/lib/Application/Attributes/AttributeService.php,Line=294]
2019-09-07T16:04:15+07:00 [24679] DEBUG default - [User=Thitapond Nulek (1630411@vistec.ac.th)] applies 0 allowed 0, ids 16 requested 2 [File=/var/www/html/booking/lib/Application/Attributes/AttributeService.php,Line=294]
2019-09-07T16:04:15+07:00 [24679] DEBUG default - [User=Thitapond Nulek (1630411@vistec.ac.th)] applies 0 allowed 1, ids 23,26,22,21 requested 2 [File=/var/www/html/booking/lib/Application/Attributes/AttributeService.php,Line=294]
2019-09-07T16:04:15+07:00 [24679] DEBUG default - [User=Thitapond Nulek (1630411@vistec.ac.th)] applies 0 allowed 1, ids 23,26,22,29,21 requested 2 [File=/var/www/html/booking/lib/Application/Attributes/AttributeService.php,Line=294]
2019-09-07T16:06:06+07:00 [24915] DEBUG default - [User=Thitapond Nulek (1630411@vistec.ac.th)] submitted retry params array (
) [File=/var/www/html/booking/lib/Application/Reservation/ReservationHandler.php,Line=103]
2019-09-07T16:06:06+07:00 [24915] DEBUG default - [User=Thitapond Nulek (1630411@vistec.ac.th)] week_month_start 37 [File=/var/www/html/booking/lib/Application/Reservation/ReservationHandler.php,Line=365]
2019-09-07T16:06:06+07:00 [24915] DEBUG default - [User=Thitapond Nulek (1630411@vistec.ac.th)] week_month_current 36 [File=/var/www/html/booking/lib/Application/Reservation/ReservationHandler.php,Line=366]
2019-09-07T16:06:06+07:00 [24915] DEBUG default - [User=Thitapond Nulek (1630411@vistec.ac.th)] Tool Mode is Powder mode [File=/var/www/html/booking/lib/Application/Reservation/ReservationHandler.php,Line=747]
2019-09-07T16:06:06+07:00 [24915] DEBUG default - [User=Thitapond Nulek (1630411@vistec.ac.th)] Checking for reservation conflicts, reference number 5d7372fe8a60a730620174 on 2019-09-09 13:00:00 Asia/Bangkok [File=/var/www/html/booking/lib/Application/Reservation/Validation/ResourceAvailabilityRule.php,Line=54]
2019-09-07T16:06:06+07:00 [24915] DEBUG default - [User=Thitapond Nulek (1630411@vistec.ac.th)] Validating rule ResourceAvailabilityRule. Passed?: 1 [File=/var/www/html/booking/lib/Application/Reservation/Validation/ReservationValidationRuleProcessor.php,Line=35]
2019-09-07T16:06:06+07:00 [24915] DEBUG default - [User=Thitapond Nulek (1630411@vistec.ac.th)] Validating rule AdminExcludedRule. Passed?: 1 [File=/var/www/html/booking/lib/Application/Reservation/Validation/ReservationValidationRuleProcessor.php,Line=35]
2019-09-07T16:06:06+07:00 [24915] DEBUG default - [User=Thitapond Nulek (1630411@vistec.ac.th)] Validating rule ReservationDateTimeRule. Passed?: 1 [File=/var/www/html/booking/lib/Application/Reservation/Validation/ReservationValidationRuleProcessor.php,Line=35]
2019-09-07T16:06:06+07:00 [24915] DEBUG default - [User=Thitapond Nulek (1630411@vistec.ac.th)] Validating rule ReservationBasicInfoRule. Passed?: 1 [File=/var/www/html/booking/lib/Application/Reservation/Validation/ReservationValidationRuleProcessor.php,Line=35]
2019-09-07T16:06:06+07:00 [24915] DEBUG default - [User=Thitapond Nulek (1630411@vistec.ac.th)] Start Time Rule: Comparing 2019-09-09 13:00:00 Asia/Bangkok to 2019-09-07 16:06:06 Asia/Bangkok [File=/var/www/html/booking/lib/Application/Reservation/Validation/ReservationStartTimeRule.php,Line=63]
2019-09-07T16:06:06+07:00 [24915] DEBUG default - [User=Thitapond Nulek (1630411@vistec.ac.th)] Validating rule AdminExcludedRule. Passed?: 1 [File=/var/www/html/booking/lib/Application/Reservation/Validation/ReservationValidationRuleProcessor.php,Line=35]
2019-09-07T16:06:06+07:00 [24915] DEBUG default - [User=Thitapond Nulek (1630411@vistec.ac.th)] Validating rule AdminExcludedRule. Passed?: 1 [File=/var/www/html/booking/lib/Application/Reservation/Validation/ReservationValidationRuleProcessor.php,Line=35]
2019-09-07T16:06:06+07:00 [24915] DEBUG default - [User=Thitapond Nulek (1630411@vistec.ac.th)] Validating rule AdminExcludedRule. Passed?: 1 [File=/var/www/html/booking/lib/Application/Reservation/Validation/ReservationValidationRuleProcessor.php,Line=35]
2019-09-07T16:06:06+07:00 [24915] DEBUG default - [User=Thitapond Nulek (1630411@vistec.ac.th)] Validating rule AdminExcludedRule. Passed?: 1 [File=/var/www/html/booking/lib/Application/Reservation/Validation/ReservationValidationRuleProcessor.php,Line=35]
2019-09-07T16:06:06+07:00 [24915] DEBUG default - [User=Thitapond Nulek (1630411@vistec.ac.th)] Validating rule AdminExcludedRule. Passed?: 1 [File=/var/www/html/booking/lib/Application/Reservation/Validation/ReservationValidationRuleProcessor.php,Line=35]
2019-09-07T16:06:06+07:00 [24915] DEBUG default - [User=Thitapond Nulek (1630411@vistec.ac.th)] Validating rule ReservationAttachmentRule. Passed?: 1 [File=/var/www/html/booking/lib/Application/Reservation/Validation/ReservationValidationRuleProcessor.php,Line=35]
2019-09-07T16:06:06+07:00 [24915] DEBUG default - [User=Thitapond Nulek (1630411@vistec.ac.th)] Validating rule AdminExcludedRule. Passed?: 1 [File=/var/www/html/booking/lib/Application/Reservation/Validation/ReservationValidationRuleProcessor.php,Line=35]
2019-09-07T16:06:06+07:00 [24915] DEBUG default - [User=Thitapond Nulek (1630411@vistec.ac.th)] Validating rule AdminExcludedRule. Passed?: 1 [File=/var/www/html/booking/lib/Application/Reservation/Validation/ReservationValidationRuleProcessor.php,Line=35]
2019-09-07T16:06:06+07:00 [24915] DEBUG default - [User=Thitapond Nulek (1630411@vistec.ac.th)] Validating rule AdminExcludedRule. Passed?: 1 [File=/var/www/html/booking/lib/Application/Reservation/Validation/ReservationValidationRuleProcessor.php,Line=35]
2019-09-07T16:06:06+07:00 [24915] DEBUG default - [User=Thitapond Nulek (1630411@vistec.ac.th)] Validating rule AdminExcludedRule. Passed?: 1 [File=/var/www/html/booking/lib/Application/Reservation/Validation/ReservationValidationRuleProcessor.php,Line=35]
2019-09-07T16:06:06+07:00 [24915] DEBUG default - [User=Thitapond Nulek (1630411@vistec.ac.th)] Validating rule SchedulePeriodRule. Passed?: 1 [File=/var/www/html/booking/lib/Application/Reservation/Validation/ReservationValidationRuleProcessor.php,Line=35]
2019-09-07T16:06:06+07:00 [24915] DEBUG default - [User=Thitapond Nulek (1630411@vistec.ac.th)] Validating rule AdminExcludedRule. Passed?: 1 [File=/var/www/html/booking/lib/Application/Reservation/Validation/ReservationValidationRuleProcessor.php,Line=35]
2019-09-07T16:06:06+07:00 [24915] DEBUG default - [User=Thitapond Nulek (1630411@vistec.ac.th)] Validating rule AdminExcludedRule. Passed?: 1 [File=/var/www/html/booking/lib/Application/Reservation/Validation/ReservationValidationRuleProcessor.php,Line=35]
2019-09-07T16:06:06+07:00 [24915] DEBUG default - [User=Thitapond Nulek (1630411@vistec.ac.th)] Validating rule AccessoryAvailabilityRule. Passed?: 1 [File=/var/www/html/booking/lib/Application/Reservation/Validation/ReservationValidationRuleProcessor.php,Line=35]
2019-09-07T16:06:06+07:00 [24915] DEBUG default - [User=Thitapond Nulek (1630411@vistec.ac.th)] Validating rule AccessoryResourceRule. Passed?: 1 [File=/var/www/html/booking/lib/Application/Reservation/Validation/ReservationValidationRuleProcessor.php,Line=35]
2019-09-07T16:06:06+07:00 [24915] DEBUG default - [User=Thitapond Nulek (1630411@vistec.ac.th)] CREDITS - Reservation update adjusting credits for user 442 by 0. Required 0, consumed 0 [File=/var/www/html/booking/Domain/Access/ReservationRepository.php,Line=209]
2019-09-07T16:06:06+07:00 [24915] DEBUG default - [User=Thitapond Nulek (1630411@vistec.ac.th)] Calling notify on OwnerEmailCreatedNotification for reservation 5d7372fe8a60a730620174 [File=/var/www/html/booking/lib/Application/Reservation/Notification/IReservationNotificationService.php,Line=53]
2019-09-07T16:06:06+07:00 [24915] DEBUG default - [User=Thitapond Nulek (1630411@vistec.ac.th)] Owner does not want these types of email notifications. Email=1630411@vistec.ac.th, ReferenceNumber=5d7372fe8a60a730620174 [File=/var/www/html/booking/lib/Application/Reservation/Notification/OwnerEmailNotification.php,Line=60]
2019-09-07T16:06:06+07:00 [24915] DEBUG default - [User=Thitapond Nulek (1630411@vistec.ac.th)] Calling notify on AdminEmailCreatedNotification for reservation 5d7372fe8a60a730620174 [File=/var/www/html/booking/lib/Application/Reservation/Notification/IReservationNotificationService.php,Line=53]
2019-09-07T16:06:06+07:00 [24915] DEBUG default - [User=Thitapond Nulek (1630411@vistec.ac.th)] Calling notify on AdminEmailApprovalNotification for reservation 5d7372fe8a60a730620174 [File=/var/www/html/booking/lib/Application/Reservation/Notification/IReservationNotificationService.php,Line=53]
2019-09-07T16:06:06+07:00 [24915] DEBUG default - [User=Thitapond Nulek (1630411@vistec.ac.th)] Calling notify on ParticipantAddedEmailNotification for reservation 5d7372fe8a60a730620174 [File=/var/www/html/booking/lib/Application/Reservation/Notification/IReservationNotificationService.php,Line=53]
2019-09-07T16:06:06+07:00 [24915] DEBUG default - [User=Thitapond Nulek (1630411@vistec.ac.th)] Calling notify on InviteeAddedEmailNotification for reservation 5d7372fe8a60a730620174 [File=/var/www/html/booking/lib/Application/Reservation/Notification/IReservationNotificationService.php,Line=53]
2019-09-07T16:06:06+07:00 [24915] DEBUG default - [User=Thitapond Nulek (1630411@vistec.ac.th)] Calling notify on GuestAddedEmailNotification for reservation 5d7372fe8a60a730620174 [File=/var/www/html/booking/lib/Application/Reservation/Notification/IReservationNotificationService.php,Line=53]
2019-09-07T17:59:29+07:00 [24915] DEBUG default - [User=Thanyarat Chawanpunyawat (1530315@vistec.ac.th)] Adding custom attribute value for entityId=10, attributeId=29 [File=/var/www/html/booking/lib/Application/Attributes/AttributeList.php,Line=122]
2019-09-07T17:59:29+07:00 [24915] DEBUG default - [User=Thanyarat Chawanpunyawat (1530315@vistec.ac.th)] Took 0 seconds to load custom attributes for category 4 [File=/var/www/html/booking/lib/Application/Attributes/AttributeService.php,Line=154]
2019-09-07T17:59:29+07:00 [24915] DEBUG default - [User=Thanyarat Chawanpunyawat (1530315@vistec.ac.th)] Found 1 attributes for entityId 10 [File=/var/www/html/booking/lib/Application/Attributes/AttributeList.php,Line=165]
2019-09-07T17:59:29+07:00 [24915] DEBUG default - [User=Thanyarat Chawanpunyawat (1530315@vistec.ac.th)] Took 0 seconds to load custom attributes for category 5 [File=/var/www/html/booking/lib/Application/Attributes/AttributeService.php,Line=154]
2019-09-07T17:59:29+07:00 [24915] DEBUG default - [User=Thanyarat Chawanpunyawat (1530315@vistec.ac.th)] Found 0 attributes for entityId 1 [File=/var/www/html/booking/lib/Application/Attributes/AttributeList.php,Line=165]
2019-09-07T17:59:30+07:00 [25700] DEBUG default - [User=Thanyarat Chawanpunyawat (1530315@vistec.ac.th)] Adding custom attribute value for entityId=26, attributeId=29 [File=/var/www/html/booking/lib/Application/Attributes/AttributeList.php,Line=122]
2019-09-07T17:59:30+07:00 [25700] DEBUG default - [User=Thanyarat Chawanpunyawat (1530315@vistec.ac.th)] Took 0 seconds to load custom attributes for category 4 [File=/var/www/html/booking/lib/Application/Attributes/AttributeService.php,Line=154]
2019-09-07T17:59:30+07:00 [25700] DEBUG default - [User=Thanyarat Chawanpunyawat (1530315@vistec.ac.th)] Found 1 attributes for entityId 26 [File=/var/www/html/booking/lib/Application/Attributes/AttributeList.php,Line=165]
2019-09-07T17:59:30+07:00 [25700] DEBUG default - [User=Thanyarat Chawanpunyawat (1530315@vistec.ac.th)] Took 0 seconds to load custom attributes for category 5 [File=/var/www/html/booking/lib/Application/Attributes/AttributeService.php,Line=154]
2019-09-07T17:59:30+07:00 [25700] DEBUG default - [User=Thanyarat Chawanpunyawat (1530315@vistec.ac.th)] Found 0 attributes for entityId 2 [File=/var/www/html/booking/lib/Application/Attributes/AttributeList.php,Line=165]
2019-09-07T18:01:13+07:00 [25700] DEBUG default - [User=Thanyarat Chawanpunyawat (1530315@vistec.ac.th)] applies 0 allowed 1, ids 2 requested 26 [File=/var/www/html/booking/lib/Application/Attributes/AttributeService.php,Line=294]
2019-09-07T18:01:13+07:00 [25700] DEBUG default - [User=Thanyarat Chawanpunyawat (1530315@vistec.ac.th)] applies 0 allowed 0, ids 17 requested 26 [File=/var/www/html/booking/lib/Application/Attributes/AttributeService.php,Line=294]
2019-09-07T18:01:13+07:00 [25700] DEBUG default - [User=Thanyarat Chawanpunyawat (1530315@vistec.ac.th)] applies 0 allowed 0, ids 25 requested 26 [File=/var/www/html/booking/lib/Application/Attributes/AttributeService.php,Line=294]
2019-09-07T18:01:13+07:00 [25700] DEBUG default - [User=Thanyarat Chawanpunyawat (1530315@vistec.ac.th)] applies 0 allowed 1, ids 16 requested 26 [File=/var/www/html/booking/lib/Application/Attributes/AttributeService.php,Line=294]
2019-09-07T18:01:13+07:00 [25700] DEBUG default - [User=Thanyarat Chawanpunyawat (1530315@vistec.ac.th)] applies 0 allowed 0, ids 25 requested 26 [File=/var/www/html/booking/lib/Application/Attributes/AttributeService.php,Line=294]
2019-09-07T18:01:13+07:00 [25700] DEBUG default - [User=Thanyarat Chawanpunyawat (1530315@vistec.ac.th)] applies 1 allowed 1, ids 26 requested 26 [File=/var/www/html/booking/lib/Application/Attributes/AttributeService.php,Line=294]
2019-09-07T18:01:13+07:00 [25700] DEBUG default - [User=Thanyarat Chawanpunyawat (1530315@vistec.ac.th)] applies 0 allowed 1, ids 29 requested 26 [File=/var/www/html/booking/lib/Application/Attributes/AttributeService.php,Line=294]
2019-09-07T18:01:13+07:00 [25700] DEBUG default - [User=Thanyarat Chawanpunyawat (1530315@vistec.ac.th)] applies 1 allowed 1, ids 26 requested 26 [File=/var/www/html/booking/lib/Application/Attributes/AttributeService.php,Line=294]
2019-09-07T18:01:13+07:00 [25700] DEBUG default - [User=Thanyarat Chawanpunyawat (1530315@vistec.ac.th)] applies 0 allowed 1, ids 2 requested 26 [File=/var/www/html/booking/lib/Application/Attributes/AttributeService.php,Line=294]
2019-09-07T18:01:13+07:00 [25700] DEBUG default - [User=Thanyarat Chawanpunyawat (1530315@vistec.ac.th)] applies 0 allowed 0, ids 15 requested 26 [File=/var/www/html/booking/lib/Application/Attributes/AttributeService.php,Line=294]
2019-09-07T18:01:13+07:00 [25700] DEBUG default - [User=Thanyarat Chawanpunyawat (1530315@vistec.ac.th)] applies 0 allowed 0, ids 18,27 requested 26 [File=/var/www/html/booking/lib/Application/Attributes/AttributeService.php,Line=294]
2019-09-07T18:01:13+07:00 [25700] DEBUG default - [User=Thanyarat Chawanpunyawat (1530315@vistec.ac.th)] applies 0 allowed 1, ids 16 requested 26 [File=/var/www/html/booking/lib/Application/Attributes/AttributeService.php,Line=294]
2019-09-07T18:01:13+07:00 [25700] DEBUG default - [User=Thanyarat Chawanpunyawat (1530315@vistec.ac.th)] applies 0 allowed 0, ids 18 requested 26 [File=/var/www/html/booking/lib/Application/Attributes/AttributeService.php,Line=294]
2019-09-07T18:01:13+07:00 [25700] DEBUG default - [User=Thanyarat Chawanpunyawat (1530315@vistec.ac.th)] applies 1 allowed 1, ids 26 requested 26 [File=/var/www/html/booking/lib/Application/Attributes/AttributeService.php,Line=294]
2019-09-07T18:01:13+07:00 [25700] DEBUG default - [User=Thanyarat Chawanpunyawat (1530315@vistec.ac.th)] applies 0 allowed 1, ids 18,2 requested 26 [File=/var/www/html/booking/lib/Application/Attributes/AttributeService.php,Line=294]
2019-09-07T18:01:13+07:00 [25700] DEBUG default - [User=Thanyarat Chawanpunyawat (1530315@vistec.ac.th)] applies 0 allowed 0, ids 17 requested 26 [File=/var/www/html/booking/lib/Application/Attributes/AttributeService.php,Line=294]
2019-09-07T18:01:13+07:00 [25700] DEBUG default - [User=Thanyarat Chawanpunyawat (1530315@vistec.ac.th)] applies 0 allowed 0, ids 17 requested 26 [File=/var/www/html/booking/lib/Application/Attributes/AttributeService.php,Line=294]
2019-09-07T18:01:13+07:00 [25700] DEBUG default - [User=Thanyarat Chawanpunyawat (1530315@vistec.ac.th)] applies 1 allowed 1, ids 26 requested 26 [File=/var/www/html/booking/lib/Application/Attributes/AttributeService.php,Line=294]
2019-09-07T18:01:13+07:00 [25700] DEBUG default - [User=Thanyarat Chawanpunyawat (1530315@vistec.ac.th)] applies 0 allowed 1, ids 2 requested 26 [File=/var/www/html/booking/lib/Application/Attributes/AttributeService.php,Line=294]
2019-09-07T18:01:13+07:00 [25700] DEBUG default - [User=Thanyarat Chawanpunyawat (1530315@vistec.ac.th)] applies 0 allowed 0, ids 17 requested 26 [File=/var/www/html/booking/lib/Application/Attributes/AttributeService.php,Line=294]
2019-09-07T18:01:13+07:00 [25700] DEBUG default - [User=Thanyarat Chawanpunyawat (1530315@vistec.ac.th)] applies 0 allowed 1, ids 16 requested 26 [File=/var/www/html/booking/lib/Application/Attributes/AttributeService.php,Line=294]
2019-09-07T18:01:13+07:00 [25700] DEBUG default - [User=Thanyarat Chawanpunyawat (1530315@vistec.ac.th)] applies 1 allowed 1, ids 23,26,22,21 requested 26 [File=/var/www/html/booking/lib/Application/Attributes/AttributeService.php,Line=294]
2019-09-07T18:01:13+07:00 [25700] DEBUG default - [User=Thanyarat Chawanpunyawat (1530315@vistec.ac.th)] applies 1 allowed 2, ids 23,26,22,29,21 requested 26 [File=/var/www/html/booking/lib/Application/Attributes/AttributeService.php,Line=294]
2019-09-07T18:01:33+07:00 [25700] DEBUG default - [User=Thanyarat Chawanpunyawat (1530315@vistec.ac.th)] applies 0 allowed 1, ids 2 requested  [File=/var/www/html/booking/lib/Application/Attributes/AttributeService.php,Line=294]
2019-09-07T18:01:33+07:00 [25700] DEBUG default - [User=Thanyarat Chawanpunyawat (1530315@vistec.ac.th)] applies 0 allowed 0, ids 17 requested  [File=/var/www/html/booking/lib/Application/Attributes/AttributeService.php,Line=294]
2019-09-07T18:01:33+07:00 [25700] DEBUG default - [User=Thanyarat Chawanpunyawat (1530315@vistec.ac.th)] applies 0 allowed 0, ids 25 requested  [File=/var/www/html/booking/lib/Application/Attributes/AttributeService.php,Line=294]
2019-09-07T18:01:33+07:00 [25700] DEBUG default - [User=Thanyarat Chawanpunyawat (1530315@vistec.ac.th)] applies 0 allowed 1, ids 16 requested  [File=/var/www/html/booking/lib/Application/Attributes/AttributeService.php,Line=294]
2019-09-07T18:01:33+07:00 [25700] DEBUG default - [User=Thanyarat Chawanpunyawat (1530315@vistec.ac.th)] applies 0 allowed 0, ids 25 requested  [File=/var/www/html/booking/lib/Application/Attributes/AttributeService.php,Line=294]
2019-09-07T18:01:33+07:00 [25700] DEBUG default - [User=Thanyarat Chawanpunyawat (1530315@vistec.ac.th)] applies 0 allowed 1, ids 26 requested  [File=/var/www/html/booking/lib/Application/Attributes/AttributeService.php,Line=294]
2019-09-07T18:01:33+07:00 [25700] DEBUG default - [User=Thanyarat Chawanpunyawat (1530315@vistec.ac.th)] applies 0 allowed 1, ids 29 requested  [File=/var/www/html/booking/lib/Application/Attributes/AttributeService.php,Line=294]
2019-09-07T18:01:33+07:00 [25700] DEBUG default - [User=Thanyarat Chawanpunyawat (1530315@vistec.ac.th)] applies 0 allowed 1, ids 26 requested  [File=/var/www/html/booking/lib/Application/Attributes/AttributeService.php,Line=294]
2019-09-07T18:01:33+07:00 [25700] DEBUG default - [User=Thanyarat Chawanpunyawat (1530315@vistec.ac.th)] applies 0 allowed 1, ids 2 requested  [File=/var/www/html/booking/lib/Application/Attributes/AttributeService.php,Line=294]
2019-09-07T18:01:33+07:00 [25700] DEBUG default - [User=Thanyarat Chawanpunyawat (1530315@vistec.ac.th)] applies 0 allowed 0, ids 15 requested  [File=/var/www/html/booking/lib/Application/Attributes/AttributeService.php,Line=294]
2019-09-07T18:01:33+07:00 [25700] DEBUG default - [User=Thanyarat Chawanpunyawat (1530315@vistec.ac.th)] applies 0 allowed 0, ids 18,27 requested  [File=/var/www/html/booking/lib/Application/Attributes/AttributeService.php,Line=294]
2019-09-07T18:01:33+07:00 [25700] DEBUG default - [User=Thanyarat Chawanpunyawat (1530315@vistec.ac.th)] applies 0 allowed 1, ids 16 requested  [File=/var/www/html/booking/lib/Application/Attributes/AttributeService.php,Line=294]
2019-09-07T18:01:33+07:00 [25700] DEBUG default - [User=Thanyarat Chawanpunyawat (1530315@vistec.ac.th)] applies 0 allowed 0, ids 18 requested  [File=/var/www/html/booking/lib/Application/Attributes/AttributeService.php,Line=294]
2019-09-07T18:01:33+07:00 [25700] DEBUG default - [User=Thanyarat Chawanpunyawat (1530315@vistec.ac.th)] applies 0 allowed 1, ids 26 requested  [File=/var/www/html/booking/lib/Application/Attributes/AttributeService.php,Line=294]
2019-09-07T18:01:33+07:00 [25700] DEBUG default - [User=Thanyarat Chawanpunyawat (1530315@vistec.ac.th)] applies 0 allowed 1, ids 18,2 requested  [File=/var/www/html/booking/lib/Application/Attributes/AttributeService.php,Line=294]
2019-09-07T18:01:33+07:00 [25700] DEBUG default - [User=Thanyarat Chawanpunyawat (1530315@vistec.ac.th)] applies 0 allowed 0, ids 17 requested  [File=/var/www/html/booking/lib/Application/Attributes/AttributeService.php,Line=294]
2019-09-07T18:01:33+07:00 [25700] DEBUG default - [User=Thanyarat Chawanpunyawat (1530315@vistec.ac.th)] applies 0 allowed 0, ids 17 requested  [File=/var/www/html/booking/lib/Application/Attributes/AttributeService.php,Line=294]
2019-09-07T18:01:33+07:00 [25700] DEBUG default - [User=Thanyarat Chawanpunyawat (1530315@vistec.ac.th)] applies 0 allowed 1, ids 26 requested  [File=/var/www/html/booking/lib/Application/Attributes/AttributeService.php,Line=294]
2019-09-07T18:01:33+07:00 [25700] DEBUG default - [User=Thanyarat Chawanpunyawat (1530315@vistec.ac.th)] applies 0 allowed 1, ids 2 requested  [File=/var/www/html/booking/lib/Application/Attributes/AttributeService.php,Line=294]
2019-09-07T18:01:33+07:00 [25700] DEBUG default - [User=Thanyarat Chawanpunyawat (1530315@vistec.ac.th)] applies 0 allowed 0, ids 17 requested  [File=/var/www/html/booking/lib/Application/Attributes/AttributeService.php,Line=294]
2019-09-07T18:01:33+07:00 [25700] DEBUG default - [User=Thanyarat Chawanpunyawat (1530315@vistec.ac.th)] applies 0 allowed 1, ids 16 requested  [File=/var/www/html/booking/lib/Application/Attributes/AttributeService.php,Line=294]
2019-09-07T18:01:33+07:00 [25700] DEBUG default - [User=Thanyarat Chawanpunyawat (1530315@vistec.ac.th)] applies 0 allowed 1, ids 23,26,22,21 requested  [File=/var/www/html/booking/lib/Application/Attributes/AttributeService.php,Line=294]
2019-09-07T18:01:33+07:00 [25700] DEBUG default - [User=Thanyarat Chawanpunyawat (1530315@vistec.ac.th)] applies 0 allowed 2, ids 23,26,22,29,21 requested  [File=/var/www/html/booking/lib/Application/Attributes/AttributeService.php,Line=294]
2019-09-07T19:17:40+07:00 [24679] DEBUG default - [User=Jitpisut Poolwong (1830301@vistec.ac.th)] Adding custom attribute value for entityId=19, attributeId=29 [File=/var/www/html/booking/lib/Application/Attributes/AttributeList.php,Line=122]
2019-09-07T19:17:40+07:00 [24679] DEBUG default - [User=Jitpisut Poolwong (1830301@vistec.ac.th)] Took 0 seconds to load custom attributes for category 4 [File=/var/www/html/booking/lib/Application/Attributes/AttributeService.php,Line=154]
2019-09-07T19:17:40+07:00 [24679] DEBUG default - [User=Jitpisut Poolwong (1830301@vistec.ac.th)] Found 1 attributes for entityId 19 [File=/var/www/html/booking/lib/Application/Attributes/AttributeList.php,Line=165]
2019-09-07T19:17:40+07:00 [24679] DEBUG default - [User=Jitpisut Poolwong (1830301@vistec.ac.th)] Took 0 seconds to load custom attributes for category 5 [File=/var/www/html/booking/lib/Application/Attributes/AttributeService.php,Line=154]
2019-09-07T19:17:40+07:00 [24679] DEBUG default - [User=Jitpisut Poolwong (1830301@vistec.ac.th)] Found 0 attributes for entityId 1 [File=/var/www/html/booking/lib/Application/Attributes/AttributeList.php,Line=165]
2019-09-07T19:18:06+07:00 [24679] DEBUG default - [User=Jitpisut Poolwong (1830301@vistec.ac.th)] applies 1 allowed 1, ids 2 requested 2 [File=/var/www/html/booking/lib/Application/Attributes/AttributeService.php,Line=294]
2019-09-07T19:18:06+07:00 [24679] DEBUG default - [User=Jitpisut Poolwong (1830301@vistec.ac.th)] applies 0 allowed 0, ids 17 requested 2 [File=/var/www/html/booking/lib/Application/Attributes/AttributeService.php,Line=294]
2019-09-07T19:18:06+07:00 [24679] DEBUG default - [User=Jitpisut Poolwong (1830301@vistec.ac.th)] applies 0 allowed 0, ids 25 requested 2 [File=/var/www/html/booking/lib/Application/Attributes/AttributeService.php,Line=294]
2019-09-07T19:18:06+07:00 [24679] DEBUG default - [User=Jitpisut Poolwong (1830301@vistec.ac.th)] applies 0 allowed 0, ids 16 requested 2 [File=/var/www/html/booking/lib/Application/Attributes/AttributeService.php,Line=294]
2019-09-07T19:18:06+07:00 [24679] DEBUG default - [User=Jitpisut Poolwong (1830301@vistec.ac.th)] applies 0 allowed 0, ids 25 requested 2 [File=/var/www/html/booking/lib/Application/Attributes/AttributeService.php,Line=294]
2019-09-07T19:18:06+07:00 [24679] DEBUG default - [User=Jitpisut Poolwong (1830301@vistec.ac.th)] applies 0 allowed 0, ids 26 requested 2 [File=/var/www/html/booking/lib/Application/Attributes/AttributeService.php,Line=294]
2019-09-07T19:18:06+07:00 [24679] DEBUG default - [User=Jitpisut Poolwong (1830301@vistec.ac.th)] applies 0 allowed 0, ids 29 requested 2 [File=/var/www/html/booking/lib/Application/Attributes/AttributeService.php,Line=294]
2019-09-07T19:18:06+07:00 [24679] DEBUG default - [User=Jitpisut Poolwong (1830301@vistec.ac.th)] applies 0 allowed 0, ids 26 requested 2 [File=/var/www/html/booking/lib/Application/Attributes/AttributeService.php,Line=294]
2019-09-07T19:18:06+07:00 [24679] DEBUG default - [User=Jitpisut Poolwong (1830301@vistec.ac.th)] applies 1 allowed 1, ids 2 requested 2 [File=/var/www/html/booking/lib/Application/Attributes/AttributeService.php,Line=294]
2019-09-07T19:18:06+07:00 [24679] DEBUG default - [User=Jitpisut Poolwong (1830301@vistec.ac.th)] applies 0 allowed 1, ids 15 requested 2 [File=/var/www/html/booking/lib/Application/Attributes/AttributeService.php,Line=294]
2019-09-07T19:18:06+07:00 [24679] DEBUG default - [User=Jitpisut Poolwong (1830301@vistec.ac.th)] applies 0 allowed 0, ids 18,27 requested 2 [File=/var/www/html/booking/lib/Application/Attributes/AttributeService.php,Line=294]
2019-09-07T19:18:06+07:00 [24679] DEBUG default - [User=Jitpisut Poolwong (1830301@vistec.ac.th)] applies 0 allowed 0, ids 16 requested 2 [File=/var/www/html/booking/lib/Application/Attributes/AttributeService.php,Line=294]
2019-09-07T19:18:06+07:00 [24679] DEBUG default - [User=Jitpisut Poolwong (1830301@vistec.ac.th)] applies 0 allowed 0, ids 18 requested 2 [File=/var/www/html/booking/lib/Application/Attributes/AttributeService.php,Line=294]
2019-09-07T19:18:06+07:00 [24679] DEBUG default - [User=Jitpisut Poolwong (1830301@vistec.ac.th)] applies 0 allowed 0, ids 26 requested 2 [File=/var/www/html/booking/lib/Application/Attributes/AttributeService.php,Line=294]
2019-09-07T19:18:06+07:00 [24679] DEBUG default - [User=Jitpisut Poolwong (1830301@vistec.ac.th)] applies 1 allowed 1, ids 18,2 requested 2 [File=/var/www/html/booking/lib/Application/Attributes/AttributeService.php,Line=294]
2019-09-07T19:18:06+07:00 [24679] DEBUG default - [User=Jitpisut Poolwong (1830301@vistec.ac.th)] applies 0 allowed 0, ids 17 requested 2 [File=/var/www/html/booking/lib/Application/Attributes/AttributeService.php,Line=294]
2019-09-07T19:18:06+07:00 [24679] DEBUG default - [User=Jitpisut Poolwong (1830301@vistec.ac.th)] applies 0 allowed 0, ids 17 requested 2 [File=/var/www/html/booking/lib/Application/Attributes/AttributeService.php,Line=294]
2019-09-07T19:18:06+07:00 [24679] DEBUG default - [User=Jitpisut Poolwong (1830301@vistec.ac.th)] applies 0 allowed 0, ids 26 requested 2 [File=/var/www/html/booking/lib/Application/Attributes/AttributeService.php,Line=294]
2019-09-07T19:18:06+07:00 [24679] DEBUG default - [User=Jitpisut Poolwong (1830301@vistec.ac.th)] applies 1 allowed 1, ids 2 requested 2 [File=/var/www/html/booking/lib/Application/Attributes/AttributeService.php,Line=294]
2019-09-07T19:18:06+07:00 [24679] DEBUG default - [User=Jitpisut Poolwong (1830301@vistec.ac.th)] applies 0 allowed 0, ids 17 requested 2 [File=/var/www/html/booking/lib/Application/Attributes/AttributeService.php,Line=294]
2019-09-07T19:18:06+07:00 [24679] DEBUG default - [User=Jitpisut Poolwong (1830301@vistec.ac.th)] applies 0 allowed 0, ids 16 requested 2 [File=/var/www/html/booking/lib/Application/Attributes/AttributeService.php,Line=294]
2019-09-07T19:18:06+07:00 [24679] DEBUG default - [User=Jitpisut Poolwong (1830301@vistec.ac.th)] applies 0 allowed 1, ids 23,26,22,21 requested 2 [File=/var/www/html/booking/lib/Application/Attributes/AttributeService.php,Line=294]
2019-09-07T19:18:06+07:00 [24679] DEBUG default - [User=Jitpisut Poolwong (1830301@vistec.ac.th)] applies 0 allowed 1, ids 23,26,22,29,21 requested 2 [File=/var/www/html/booking/lib/Application/Attributes/AttributeService.php,Line=294]
2019-09-07T19:18:12+07:00 [24679] DEBUG default - [User=Jitpisut Poolwong (1830301@vistec.ac.th)] applies 1 allowed 1, ids 2 requested 2 [File=/var/www/html/booking/lib/Application/Attributes/AttributeService.php,Line=294]
2019-09-07T19:18:12+07:00 [24679] DEBUG default - [User=Jitpisut Poolwong (1830301@vistec.ac.th)] applies 0 allowed 0, ids 17 requested 2 [File=/var/www/html/booking/lib/Application/Attributes/AttributeService.php,Line=294]
2019-09-07T19:18:12+07:00 [24679] DEBUG default - [User=Jitpisut Poolwong (1830301@vistec.ac.th)] applies 0 allowed 0, ids 25 requested 2 [File=/var/www/html/booking/lib/Application/Attributes/AttributeService.php,Line=294]
2019-09-07T19:18:12+07:00 [24679] DEBUG default - [User=Jitpisut Poolwong (1830301@vistec.ac.th)] applies 0 allowed 0, ids 16 requested 2 [File=/var/www/html/booking/lib/Application/Attributes/AttributeService.php,Line=294]
2019-09-07T19:18:12+07:00 [24679] DEBUG default - [User=Jitpisut Poolwong (1830301@vistec.ac.th)] applies 0 allowed 0, ids 25 requested 2 [File=/var/www/html/booking/lib/Application/Attributes/AttributeService.php,Line=294]
2019-09-07T19:18:12+07:00 [24679] DEBUG default - [User=Jitpisut Poolwong (1830301@vistec.ac.th)] applies 0 allowed 0, ids 26 requested 2 [File=/var/www/html/booking/lib/Application/Attributes/AttributeService.php,Line=294]
2019-09-07T19:18:12+07:00 [24679] DEBUG default - [User=Jitpisut Poolwong (1830301@vistec.ac.th)] applies 0 allowed 0, ids 29 requested 2 [File=/var/www/html/booking/lib/Application/Attributes/AttributeService.php,Line=294]
2019-09-07T19:18:12+07:00 [24679] DEBUG default - [User=Jitpisut Poolwong (1830301@vistec.ac.th)] applies 0 allowed 0, ids 26 requested 2 [File=/var/www/html/booking/lib/Application/Attributes/AttributeService.php,Line=294]
2019-09-07T19:18:12+07:00 [24679] DEBUG default - [User=Jitpisut Poolwong (1830301@vistec.ac.th)] applies 1 allowed 1, ids 2 requested 2 [File=/var/www/html/booking/lib/Application/Attributes/AttributeService.php,Line=294]
2019-09-07T19:18:12+07:00 [24679] DEBUG default - [User=Jitpisut Poolwong (1830301@vistec.ac.th)] applies 0 allowed 1, ids 15 requested 2 [File=/var/www/html/booking/lib/Application/Attributes/AttributeService.php,Line=294]
2019-09-07T19:18:12+07:00 [24679] DEBUG default - [User=Jitpisut Poolwong (1830301@vistec.ac.th)] applies 0 allowed 0, ids 18,27 requested 2 [File=/var/www/html/booking/lib/Application/Attributes/AttributeService.php,Line=294]
2019-09-07T19:18:12+07:00 [24679] DEBUG default - [User=Jitpisut Poolwong (1830301@vistec.ac.th)] applies 0 allowed 0, ids 16 requested 2 [File=/var/www/html/booking/lib/Application/Attributes/AttributeService.php,Line=294]
2019-09-07T19:18:12+07:00 [24679] DEBUG default - [User=Jitpisut Poolwong (1830301@vistec.ac.th)] applies 0 allowed 0, ids 18 requested 2 [File=/var/www/html/booking/lib/Application/Attributes/AttributeService.php,Line=294]
2019-09-07T19:18:12+07:00 [24679] DEBUG default - [User=Jitpisut Poolwong (1830301@vistec.ac.th)] applies 0 allowed 0, ids 26 requested 2 [File=/var/www/html/booking/lib/Application/Attributes/AttributeService.php,Line=294]
2019-09-07T19:18:12+07:00 [24679] DEBUG default - [User=Jitpisut Poolwong (1830301@vistec.ac.th)] applies 1 allowed 1, ids 18,2 requested 2 [File=/var/www/html/booking/lib/Application/Attributes/AttributeService.php,Line=294]
2019-09-07T19:18:12+07:00 [24679] DEBUG default - [User=Jitpisut Poolwong (1830301@vistec.ac.th)] applies 0 allowed 0, ids 17 requested 2 [File=/var/www/html/booking/lib/Application/Attributes/AttributeService.php,Line=294]
2019-09-07T19:18:12+07:00 [24679] DEBUG default - [User=Jitpisut Poolwong (1830301@vistec.ac.th)] applies 0 allowed 0, ids 17 requested 2 [File=/var/www/html/booking/lib/Application/Attributes/AttributeService.php,Line=294]
2019-09-07T19:18:12+07:00 [24679] DEBUG default - [User=Jitpisut Poolwong (1830301@vistec.ac.th)] applies 0 allowed 0, ids 26 requested 2 [File=/var/www/html/booking/lib/Application/Attributes/AttributeService.php,Line=294]
2019-09-07T19:18:12+07:00 [24679] DEBUG default - [User=Jitpisut Poolwong (1830301@vistec.ac.th)] applies 1 allowed 1, ids 2 requested 2 [File=/var/www/html/booking/lib/Application/Attributes/AttributeService.php,Line=294]
2019-09-07T19:18:12+07:00 [24679] DEBUG default - [User=Jitpisut Poolwong (1830301@vistec.ac.th)] applies 0 allowed 0, ids 17 requested 2 [File=/var/www/html/booking/lib/Application/Attributes/AttributeService.php,Line=294]
2019-09-07T19:18:12+07:00 [24679] DEBUG default - [User=Jitpisut Poolwong (1830301@vistec.ac.th)] applies 0 allowed 0, ids 16 requested 2 [File=/var/www/html/booking/lib/Application/Attributes/AttributeService.php,Line=294]
2019-09-07T19:18:12+07:00 [24679] DEBUG default - [User=Jitpisut Poolwong (1830301@vistec.ac.th)] applies 0 allowed 1, ids 23,26,22,21 requested 2 [File=/var/www/html/booking/lib/Application/Attributes/AttributeService.php,Line=294]
2019-09-07T19:18:12+07:00 [24679] DEBUG default - [User=Jitpisut Poolwong (1830301@vistec.ac.th)] applies 0 allowed 1, ids 23,26,22,29,21 requested 2 [File=/var/www/html/booking/lib/Application/Attributes/AttributeService.php,Line=294]
2019-09-07T19:18:50+07:00 [24915] DEBUG default - [User=Jitpisut Poolwong (1830301@vistec.ac.th)] Adding custom attribute value for entityId=15, attributeId=29 [File=/var/www/html/booking/lib/Application/Attributes/AttributeList.php,Line=122]
2019-09-07T19:18:50+07:00 [24915] DEBUG default - [User=Jitpisut Poolwong (1830301@vistec.ac.th)] Took 0 seconds to load custom attributes for category 4 [File=/var/www/html/booking/lib/Application/Attributes/AttributeService.php,Line=154]
2019-09-07T19:18:50+07:00 [24915] DEBUG default - [User=Jitpisut Poolwong (1830301@vistec.ac.th)] Found 1 attributes for entityId 15 [File=/var/www/html/booking/lib/Application/Attributes/AttributeList.php,Line=165]
2019-09-07T19:18:50+07:00 [24915] DEBUG default - [User=Jitpisut Poolwong (1830301@vistec.ac.th)] Took 0 seconds to load custom attributes for category 5 [File=/var/www/html/booking/lib/Application/Attributes/AttributeService.php,Line=154]
2019-09-07T19:18:50+07:00 [24915] DEBUG default - [User=Jitpisut Poolwong (1830301@vistec.ac.th)] Found 0 attributes for entityId 4 [File=/var/www/html/booking/lib/Application/Attributes/AttributeList.php,Line=165]
