2019-04-08T04:37:36+07:00 [6290] DEBUG default - [User=Kamonnart Imwiset (1530307@vistec.ac.th)] applies 1 allowed 1, ids 2 requested 2 [File=/var/www/html/booking/lib/Application/Attributes/AttributeService.php,Line=294]
2019-04-08T04:37:36+07:00 [6290] DEBUG default - [User=Kamonnart Imwiset (1530307@vistec.ac.th)] applies 0 allowed 1, ids 17 requested 2 [File=/var/www/html/booking/lib/Application/Attributes/AttributeService.php,Line=294]
2019-04-08T04:37:36+07:00 [6290] DEBUG default - [User=Kamonnart Imwiset (1530307@vistec.ac.th)] applies 0 allowed 0, ids 25 requested 2 [File=/var/www/html/booking/lib/Application/Attributes/AttributeService.php,Line=294]
2019-04-08T04:37:36+07:00 [6290] DEBUG default - [User=Kamonnart Imwiset (1530307@vistec.ac.th)] applies 0 allowed 1, ids 16 requested 2 [File=/var/www/html/booking/lib/Application/Attributes/AttributeService.php,Line=294]
2019-04-08T04:37:36+07:00 [6290] DEBUG default - [User=Kamonnart Imwiset (1530307@vistec.ac.th)] applies 0 allowed 0, ids 25 requested 2 [File=/var/www/html/booking/lib/Application/Attributes/AttributeService.php,Line=294]
2019-04-08T04:37:36+07:00 [6290] DEBUG default - [User=Kamonnart Imwiset (1530307@vistec.ac.th)] applies 0 allowed 1, ids 26 requested 2 [File=/var/www/html/booking/lib/Application/Attributes/AttributeService.php,Line=294]
2019-04-08T04:37:36+07:00 [6290] DEBUG default - [User=Kamonnart Imwiset (1530307@vistec.ac.th)] applies 0 allowed 0, ids 29 requested 2 [File=/var/www/html/booking/lib/Application/Attributes/AttributeService.php,Line=294]
2019-04-08T04:37:36+07:00 [6290] DEBUG default - [User=Kamonnart Imwiset (1530307@vistec.ac.th)] applies 0 allowed 1, ids 26 requested 2 [File=/var/www/html/booking/lib/Application/Attributes/AttributeService.php,Line=294]
2019-04-08T04:37:36+07:00 [6290] DEBUG default - [User=Kamonnart Imwiset (1530307@vistec.ac.th)] applies 1 allowed 1, ids 2 requested 2 [File=/var/www/html/booking/lib/Application/Attributes/AttributeService.php,Line=294]
2019-04-08T04:37:36+07:00 [6290] DEBUG default - [User=Kamonnart Imwiset (1530307@vistec.ac.th)] applies 0 allowed 0, ids 15 requested 2 [File=/var/www/html/booking/lib/Application/Attributes/AttributeService.php,Line=294]
2019-04-08T04:37:36+07:00 [6290] DEBUG default - [User=Kamonnart Imwiset (1530307@vistec.ac.th)] applies 0 allowed 0, ids 18,27 requested 2 [File=/var/www/html/booking/lib/Application/Attributes/AttributeService.php,Line=294]
2019-04-08T04:37:36+07:00 [6290] DEBUG default - [User=Kamonnart Imwiset (1530307@vistec.ac.th)] applies 0 allowed 1, ids 16 requested 2 [File=/var/www/html/booking/lib/Application/Attributes/AttributeService.php,Line=294]
2019-04-08T04:37:36+07:00 [6290] DEBUG default - [User=Kamonnart Imwiset (1530307@vistec.ac.th)] applies 0 allowed 0, ids 18 requested 2 [File=/var/www/html/booking/lib/Application/Attributes/AttributeService.php,Line=294]
2019-04-08T04:37:36+07:00 [6290] DEBUG default - [User=Kamonnart Imwiset (1530307@vistec.ac.th)] applies 0 allowed 1, ids 26 requested 2 [File=/var/www/html/booking/lib/Application/Attributes/AttributeService.php,Line=294]
2019-04-08T04:37:36+07:00 [6290] DEBUG default - [User=Kamonnart Imwiset (1530307@vistec.ac.th)] applies 1 allowed 1, ids 18,2 requested 2 [File=/var/www/html/booking/lib/Application/Attributes/AttributeService.php,Line=294]
2019-04-08T04:37:36+07:00 [6290] DEBUG default - [User=Kamonnart Imwiset (1530307@vistec.ac.th)] applies 0 allowed 1, ids 17 requested 2 [File=/var/www/html/booking/lib/Application/Attributes/AttributeService.php,Line=294]
2019-04-08T04:37:36+07:00 [6290] DEBUG default - [User=Kamonnart Imwiset (1530307@vistec.ac.th)] applies 0 allowed 1, ids 17 requested 2 [File=/var/www/html/booking/lib/Application/Attributes/AttributeService.php,Line=294]
2019-04-08T04:37:36+07:00 [6290] DEBUG default - [User=Kamonnart Imwiset (1530307@vistec.ac.th)] applies 0 allowed 1, ids 26 requested 2 [File=/var/www/html/booking/lib/Application/Attributes/AttributeService.php,Line=294]
2019-04-08T04:37:36+07:00 [6290] DEBUG default - [User=Kamonnart Imwiset (1530307@vistec.ac.th)] applies 1 allowed 1, ids 2 requested 2 [File=/var/www/html/booking/lib/Application/Attributes/AttributeService.php,Line=294]
2019-04-08T04:37:36+07:00 [6290] DEBUG default - [User=Kamonnart Imwiset (1530307@vistec.ac.th)] applies 0 allowed 1, ids 17 requested 2 [File=/var/www/html/booking/lib/Application/Attributes/AttributeService.php,Line=294]
2019-04-08T04:37:36+07:00 [6290] DEBUG default - [User=Kamonnart Imwiset (1530307@vistec.ac.th)] applies 0 allowed 1, ids 16 requested 2 [File=/var/www/html/booking/lib/Application/Attributes/AttributeService.php,Line=294]
2019-04-08T04:37:36+07:00 [6290] DEBUG default - [User=Kamonnart Imwiset (1530307@vistec.ac.th)] applies 0 allowed 1, ids 23,26,22,21 requested 2 [File=/var/www/html/booking/lib/Application/Attributes/AttributeService.php,Line=294]
2019-04-08T04:37:36+07:00 [6290] DEBUG default - [User=Kamonnart Imwiset (1530307@vistec.ac.th)] applies 0 allowed 1, ids 23,26,22,29,21 requested 2 [File=/var/www/html/booking/lib/Application/Attributes/AttributeService.php,Line=294]
2019-04-08T04:38:36+07:00 [6290] DEBUG default - [User=Kamonnart Imwiset (1530307@vistec.ac.th)] applies 0 allowed 1, ids 2 requested  [File=/var/www/html/booking/lib/Application/Attributes/AttributeService.php,Line=294]
2019-04-08T04:38:36+07:00 [6290] DEBUG default - [User=Kamonnart Imwiset (1530307@vistec.ac.th)] applies 0 allowed 1, ids 17 requested  [File=/var/www/html/booking/lib/Application/Attributes/AttributeService.php,Line=294]
2019-04-08T04:38:36+07:00 [6290] DEBUG default - [User=Kamonnart Imwiset (1530307@vistec.ac.th)] applies 0 allowed 0, ids 25 requested  [File=/var/www/html/booking/lib/Application/Attributes/AttributeService.php,Line=294]
2019-04-08T04:38:36+07:00 [6290] DEBUG default - [User=Kamonnart Imwiset (1530307@vistec.ac.th)] applies 0 allowed 1, ids 16 requested  [File=/var/www/html/booking/lib/Application/Attributes/AttributeService.php,Line=294]
2019-04-08T04:38:36+07:00 [6290] DEBUG default - [User=Kamonnart Imwiset (1530307@vistec.ac.th)] applies 0 allowed 0, ids 25 requested  [File=/var/www/html/booking/lib/Application/Attributes/AttributeService.php,Line=294]
2019-04-08T04:38:36+07:00 [6290] DEBUG default - [User=Kamonnart Imwiset (1530307@vistec.ac.th)] applies 0 allowed 1, ids 26 requested  [File=/var/www/html/booking/lib/Application/Attributes/AttributeService.php,Line=294]
2019-04-08T04:38:36+07:00 [6290] DEBUG default - [User=Kamonnart Imwiset (1530307@vistec.ac.th)] applies 0 allowed 0, ids 29 requested  [File=/var/www/html/booking/lib/Application/Attributes/AttributeService.php,Line=294]
2019-04-08T04:38:36+07:00 [6290] DEBUG default - [User=Kamonnart Imwiset (1530307@vistec.ac.th)] applies 0 allowed 1, ids 26 requested  [File=/var/www/html/booking/lib/Application/Attributes/AttributeService.php,Line=294]
2019-04-08T04:38:36+07:00 [6290] DEBUG default - [User=Kamonnart Imwiset (1530307@vistec.ac.th)] applies 0 allowed 1, ids 2 requested  [File=/var/www/html/booking/lib/Application/Attributes/AttributeService.php,Line=294]
2019-04-08T04:38:36+07:00 [6290] DEBUG default - [User=Kamonnart Imwiset (1530307@vistec.ac.th)] applies 0 allowed 0, ids 15 requested  [File=/var/www/html/booking/lib/Application/Attributes/AttributeService.php,Line=294]
2019-04-08T04:38:36+07:00 [6290] DEBUG default - [User=Kamonnart Imwiset (1530307@vistec.ac.th)] applies 0 allowed 0, ids 18,27 requested  [File=/var/www/html/booking/lib/Application/Attributes/AttributeService.php,Line=294]
2019-04-08T04:38:36+07:00 [6290] DEBUG default - [User=Kamonnart Imwiset (1530307@vistec.ac.th)] applies 0 allowed 1, ids 16 requested  [File=/var/www/html/booking/lib/Application/Attributes/AttributeService.php,Line=294]
2019-04-08T04:38:36+07:00 [6290] DEBUG default - [User=Kamonnart Imwiset (1530307@vistec.ac.th)] applies 0 allowed 0, ids 18 requested  [File=/var/www/html/booking/lib/Application/Attributes/AttributeService.php,Line=294]
2019-04-08T04:38:36+07:00 [6290] DEBUG default - [User=Kamonnart Imwiset (1530307@vistec.ac.th)] applies 0 allowed 1, ids 26 requested  [File=/var/www/html/booking/lib/Application/Attributes/AttributeService.php,Line=294]
2019-04-08T04:38:36+07:00 [6290] DEBUG default - [User=Kamonnart Imwiset (1530307@vistec.ac.th)] applies 0 allowed 1, ids 18,2 requested  [File=/var/www/html/booking/lib/Application/Attributes/AttributeService.php,Line=294]
2019-04-08T04:38:36+07:00 [6290] DEBUG default - [User=Kamonnart Imwiset (1530307@vistec.ac.th)] applies 0 allowed 1, ids 17 requested  [File=/var/www/html/booking/lib/Application/Attributes/AttributeService.php,Line=294]
2019-04-08T04:38:36+07:00 [6290] DEBUG default - [User=Kamonnart Imwiset (1530307@vistec.ac.th)] applies 0 allowed 1, ids 17 requested  [File=/var/www/html/booking/lib/Application/Attributes/AttributeService.php,Line=294]
2019-04-08T04:38:36+07:00 [6290] DEBUG default - [User=Kamonnart Imwiset (1530307@vistec.ac.th)] applies 0 allowed 1, ids 26 requested  [File=/var/www/html/booking/lib/Application/Attributes/AttributeService.php,Line=294]
2019-04-08T04:38:36+07:00 [6290] DEBUG default - [User=Kamonnart Imwiset (1530307@vistec.ac.th)] applies 0 allowed 1, ids 2 requested  [File=/var/www/html/booking/lib/Application/Attributes/AttributeService.php,Line=294]
2019-04-08T04:38:36+07:00 [6290] DEBUG default - [User=Kamonnart Imwiset (1530307@vistec.ac.th)] applies 0 allowed 1, ids 17 requested  [File=/var/www/html/booking/lib/Application/Attributes/AttributeService.php,Line=294]
2019-04-08T04:38:36+07:00 [6290] DEBUG default - [User=Kamonnart Imwiset (1530307@vistec.ac.th)] applies 0 allowed 1, ids 16 requested  [File=/var/www/html/booking/lib/Application/Attributes/AttributeService.php,Line=294]
2019-04-08T04:38:36+07:00 [6290] DEBUG default - [User=Kamonnart Imwiset (1530307@vistec.ac.th)] applies 0 allowed 1, ids 23,26,22,21 requested  [File=/var/www/html/booking/lib/Application/Attributes/AttributeService.php,Line=294]
2019-04-08T04:38:36+07:00 [6290] DEBUG default - [User=Kamonnart Imwiset (1530307@vistec.ac.th)] applies 0 allowed 1, ids 23,26,22,29,21 requested  [File=/var/www/html/booking/lib/Application/Attributes/AttributeService.php,Line=294]
2019-04-08T04:38:39+07:00 [10313] DEBUG default - [User=Kamonnart Imwiset (1530307@vistec.ac.th)] applies 1 allowed 1, ids 2 requested 2 [File=/var/www/html/booking/lib/Application/Attributes/AttributeService.php,Line=294]
2019-04-08T04:38:39+07:00 [10313] DEBUG default - [User=Kamonnart Imwiset (1530307@vistec.ac.th)] applies 0 allowed 1, ids 17 requested 2 [File=/var/www/html/booking/lib/Application/Attributes/AttributeService.php,Line=294]
2019-04-08T04:38:39+07:00 [10313] DEBUG default - [User=Kamonnart Imwiset (1530307@vistec.ac.th)] applies 0 allowed 0, ids 25 requested 2 [File=/var/www/html/booking/lib/Application/Attributes/AttributeService.php,Line=294]
2019-04-08T04:38:39+07:00 [10313] DEBUG default - [User=Kamonnart Imwiset (1530307@vistec.ac.th)] applies 0 allowed 1, ids 16 requested 2 [File=/var/www/html/booking/lib/Application/Attributes/AttributeService.php,Line=294]
2019-04-08T04:38:39+07:00 [10313] DEBUG default - [User=Kamonnart Imwiset (1530307@vistec.ac.th)] applies 0 allowed 0, ids 25 requested 2 [File=/var/www/html/booking/lib/Application/Attributes/AttributeService.php,Line=294]
2019-04-08T04:38:39+07:00 [10313] DEBUG default - [User=Kamonnart Imwiset (1530307@vistec.ac.th)] applies 0 allowed 1, ids 26 requested 2 [File=/var/www/html/booking/lib/Application/Attributes/AttributeService.php,Line=294]
2019-04-08T04:38:39+07:00 [10313] DEBUG default - [User=Kamonnart Imwiset (1530307@vistec.ac.th)] applies 0 allowed 0, ids 29 requested 2 [File=/var/www/html/booking/lib/Application/Attributes/AttributeService.php,Line=294]
2019-04-08T04:38:39+07:00 [10313] DEBUG default - [User=Kamonnart Imwiset (1530307@vistec.ac.th)] applies 0 allowed 1, ids 26 requested 2 [File=/var/www/html/booking/lib/Application/Attributes/AttributeService.php,Line=294]
2019-04-08T04:38:39+07:00 [10313] DEBUG default - [User=Kamonnart Imwiset (1530307@vistec.ac.th)] applies 1 allowed 1, ids 2 requested 2 [File=/var/www/html/booking/lib/Application/Attributes/AttributeService.php,Line=294]
2019-04-08T04:38:39+07:00 [10313] DEBUG default - [User=Kamonnart Imwiset (1530307@vistec.ac.th)] applies 0 allowed 0, ids 15 requested 2 [File=/var/www/html/booking/lib/Application/Attributes/AttributeService.php,Line=294]
2019-04-08T04:38:39+07:00 [10313] DEBUG default - [User=Kamonnart Imwiset (1530307@vistec.ac.th)] applies 0 allowed 0, ids 18,27 requested 2 [File=/var/www/html/booking/lib/Application/Attributes/AttributeService.php,Line=294]
2019-04-08T04:38:39+07:00 [10313] DEBUG default - [User=Kamonnart Imwiset (1530307@vistec.ac.th)] applies 0 allowed 1, ids 16 requested 2 [File=/var/www/html/booking/lib/Application/Attributes/AttributeService.php,Line=294]
2019-04-08T04:38:39+07:00 [10313] DEBUG default - [User=Kamonnart Imwiset (1530307@vistec.ac.th)] applies 0 allowed 0, ids 18 requested 2 [File=/var/www/html/booking/lib/Application/Attributes/AttributeService.php,Line=294]
2019-04-08T04:38:39+07:00 [10313] DEBUG default - [User=Kamonnart Imwiset (1530307@vistec.ac.th)] applies 0 allowed 1, ids 26 requested 2 [File=/var/www/html/booking/lib/Application/Attributes/AttributeService.php,Line=294]
2019-04-08T04:38:39+07:00 [10313] DEBUG default - [User=Kamonnart Imwiset (1530307@vistec.ac.th)] applies 1 allowed 1, ids 18,2 requested 2 [File=/var/www/html/booking/lib/Application/Attributes/AttributeService.php,Line=294]
2019-04-08T04:38:39+07:00 [10313] DEBUG default - [User=Kamonnart Imwiset (1530307@vistec.ac.th)] applies 0 allowed 1, ids 17 requested 2 [File=/var/www/html/booking/lib/Application/Attributes/AttributeService.php,Line=294]
2019-04-08T04:38:39+07:00 [10313] DEBUG default - [User=Kamonnart Imwiset (1530307@vistec.ac.th)] applies 0 allowed 1, ids 17 requested 2 [File=/var/www/html/booking/lib/Application/Attributes/AttributeService.php,Line=294]
2019-04-08T04:38:39+07:00 [10313] DEBUG default - [User=Kamonnart Imwiset (1530307@vistec.ac.th)] applies 0 allowed 1, ids 26 requested 2 [File=/var/www/html/booking/lib/Application/Attributes/AttributeService.php,Line=294]
2019-04-08T04:38:39+07:00 [10313] DEBUG default - [User=Kamonnart Imwiset (1530307@vistec.ac.th)] applies 1 allowed 1, ids 2 requested 2 [File=/var/www/html/booking/lib/Application/Attributes/AttributeService.php,Line=294]
2019-04-08T04:38:39+07:00 [10313] DEBUG default - [User=Kamonnart Imwiset (1530307@vistec.ac.th)] applies 0 allowed 1, ids 17 requested 2 [File=/var/www/html/booking/lib/Application/Attributes/AttributeService.php,Line=294]
2019-04-08T04:38:39+07:00 [10313] DEBUG default - [User=Kamonnart Imwiset (1530307@vistec.ac.th)] applies 0 allowed 1, ids 16 requested 2 [File=/var/www/html/booking/lib/Application/Attributes/AttributeService.php,Line=294]
2019-04-08T04:38:39+07:00 [10313] DEBUG default - [User=Kamonnart Imwiset (1530307@vistec.ac.th)] applies 0 allowed 1, ids 23,26,22,21 requested 2 [File=/var/www/html/booking/lib/Application/Attributes/AttributeService.php,Line=294]
2019-04-08T04:38:39+07:00 [10313] DEBUG default - [User=Kamonnart Imwiset (1530307@vistec.ac.th)] applies 0 allowed 1, ids 23,26,22,29,21 requested 2 [File=/var/www/html/booking/lib/Application/Attributes/AttributeService.php,Line=294]
2019-04-08T11:17:09+07:00 [10313] DEBUG default - [User=Silvano DelGobbo (silvanodel.g@vistec.ac.th)] applies 0 allowed 1, ids 2 requested  [File=/var/www/html/booking/lib/Application/Attributes/AttributeService.php,Line=294]
2019-04-08T11:17:09+07:00 [10313] DEBUG default - [User=Silvano DelGobbo (silvanodel.g@vistec.ac.th)] applies 0 allowed 0, ids 17 requested  [File=/var/www/html/booking/lib/Application/Attributes/AttributeService.php,Line=294]
2019-04-08T11:17:09+07:00 [10313] DEBUG default - [User=Silvano DelGobbo (silvanodel.g@vistec.ac.th)] applies 0 allowed 1, ids 25 requested  [File=/var/www/html/booking/lib/Application/Attributes/AttributeService.php,Line=294]
2019-04-08T11:17:09+07:00 [10313] DEBUG default - [User=Silvano DelGobbo (silvanodel.g@vistec.ac.th)] applies 0 allowed 0, ids 16 requested  [File=/var/www/html/booking/lib/Application/Attributes/AttributeService.php,Line=294]
2019-04-08T11:17:09+07:00 [10313] DEBUG default - [User=Silvano DelGobbo (silvanodel.g@vistec.ac.th)] applies 0 allowed 1, ids 25 requested  [File=/var/www/html/booking/lib/Application/Attributes/AttributeService.php,Line=294]
2019-04-08T11:17:09+07:00 [10313] DEBUG default - [User=Silvano DelGobbo (silvanodel.g@vistec.ac.th)] applies 0 allowed 0, ids 26 requested  [File=/var/www/html/booking/lib/Application/Attributes/AttributeService.php,Line=294]
2019-04-08T11:17:09+07:00 [10313] DEBUG default - [User=Silvano DelGobbo (silvanodel.g@vistec.ac.th)] applies 0 allowed 0, ids 29 requested  [File=/var/www/html/booking/lib/Application/Attributes/AttributeService.php,Line=294]
2019-04-08T11:17:09+07:00 [10313] DEBUG default - [User=Silvano DelGobbo (silvanodel.g@vistec.ac.th)] applies 0 allowed 0, ids 26 requested  [File=/var/www/html/booking/lib/Application/Attributes/AttributeService.php,Line=294]
2019-04-08T11:17:09+07:00 [10313] DEBUG default - [User=Silvano DelGobbo (silvanodel.g@vistec.ac.th)] applies 0 allowed 1, ids 2 requested  [File=/var/www/html/booking/lib/Application/Attributes/AttributeService.php,Line=294]
2019-04-08T11:17:09+07:00 [10313] DEBUG default - [User=Silvano DelGobbo (silvanodel.g@vistec.ac.th)] applies 0 allowed 0, ids 15 requested  [File=/var/www/html/booking/lib/Application/Attributes/AttributeService.php,Line=294]
2019-04-08T11:17:09+07:00 [10313] DEBUG default - [User=Silvano DelGobbo (silvanodel.g@vistec.ac.th)] applies 0 allowed 0, ids 18,27 requested  [File=/var/www/html/booking/lib/Application/Attributes/AttributeService.php,Line=294]
2019-04-08T11:17:09+07:00 [10313] DEBUG default - [User=Silvano DelGobbo (silvanodel.g@vistec.ac.th)] applies 0 allowed 0, ids 16 requested  [File=/var/www/html/booking/lib/Application/Attributes/AttributeService.php,Line=294]
2019-04-08T11:17:09+07:00 [10313] DEBUG default - [User=Silvano DelGobbo (silvanodel.g@vistec.ac.th)] applies 0 allowed 0, ids 18 requested  [File=/var/www/html/booking/lib/Application/Attributes/AttributeService.php,Line=294]
2019-04-08T11:17:09+07:00 [10313] DEBUG default - [User=Silvano DelGobbo (silvanodel.g@vistec.ac.th)] applies 0 allowed 0, ids 26 requested  [File=/var/www/html/booking/lib/Application/Attributes/AttributeService.php,Line=294]
2019-04-08T11:17:09+07:00 [10313] DEBUG default - [User=Silvano DelGobbo (silvanodel.g@vistec.ac.th)] applies 0 allowed 1, ids 18,2 requested  [File=/var/www/html/booking/lib/Application/Attributes/AttributeService.php,Line=294]
2019-04-08T11:17:09+07:00 [10313] DEBUG default - [User=Silvano DelGobbo (silvanodel.g@vistec.ac.th)] applies 0 allowed 0, ids 17 requested  [File=/var/www/html/booking/lib/Application/Attributes/AttributeService.php,Line=294]
2019-04-08T11:17:09+07:00 [10313] DEBUG default - [User=Silvano DelGobbo (silvanodel.g@vistec.ac.th)] applies 0 allowed 0, ids 17 requested  [File=/var/www/html/booking/lib/Application/Attributes/AttributeService.php,Line=294]
2019-04-08T11:17:09+07:00 [10313] DEBUG default - [User=Silvano DelGobbo (silvanodel.g@vistec.ac.th)] applies 0 allowed 0, ids 26 requested  [File=/var/www/html/booking/lib/Application/Attributes/AttributeService.php,Line=294]
2019-04-08T11:17:09+07:00 [10313] DEBUG default - [User=Silvano DelGobbo (silvanodel.g@vistec.ac.th)] applies 0 allowed 1, ids 2 requested  [File=/var/www/html/booking/lib/Application/Attributes/AttributeService.php,Line=294]
2019-04-08T11:17:09+07:00 [10313] DEBUG default - [User=Silvano DelGobbo (silvanodel.g@vistec.ac.th)] applies 0 allowed 0, ids 17 requested  [File=/var/www/html/booking/lib/Application/Attributes/AttributeService.php,Line=294]
2019-04-08T11:17:09+07:00 [10313] DEBUG default - [User=Silvano DelGobbo (silvanodel.g@vistec.ac.th)] applies 0 allowed 0, ids 16 requested  [File=/var/www/html/booking/lib/Application/Attributes/AttributeService.php,Line=294]
2019-04-08T11:17:09+07:00 [10313] DEBUG default - [User=Silvano DelGobbo (silvanodel.g@vistec.ac.th)] applies 0 allowed 2, ids 23,26,22,21 requested  [File=/var/www/html/booking/lib/Application/Attributes/AttributeService.php,Line=294]
2019-04-08T11:17:09+07:00 [10313] DEBUG default - [User=Silvano DelGobbo (silvanodel.g@vistec.ac.th)] applies 0 allowed 2, ids 23,26,22,29,21 requested  [File=/var/www/html/booking/lib/Application/Attributes/AttributeService.php,Line=294]
2019-04-08T11:17:10+07:00 [6290] DEBUG default - [User=Silvano DelGobbo (silvanodel.g@vistec.ac.th)] applies 0 allowed 1, ids 2 requested  [File=/var/www/html/booking/lib/Application/Attributes/AttributeService.php,Line=294]
2019-04-08T11:17:10+07:00 [6290] DEBUG default - [User=Silvano DelGobbo (silvanodel.g@vistec.ac.th)] applies 0 allowed 0, ids 17 requested  [File=/var/www/html/booking/lib/Application/Attributes/AttributeService.php,Line=294]
2019-04-08T11:17:10+07:00 [6290] DEBUG default - [User=Silvano DelGobbo (silvanodel.g@vistec.ac.th)] applies 0 allowed 1, ids 25 requested  [File=/var/www/html/booking/lib/Application/Attributes/AttributeService.php,Line=294]
2019-04-08T11:17:10+07:00 [6290] DEBUG default - [User=Silvano DelGobbo (silvanodel.g@vistec.ac.th)] applies 0 allowed 0, ids 16 requested  [File=/var/www/html/booking/lib/Application/Attributes/AttributeService.php,Line=294]
2019-04-08T11:17:10+07:00 [6290] DEBUG default - [User=Silvano DelGobbo (silvanodel.g@vistec.ac.th)] applies 0 allowed 1, ids 25 requested  [File=/var/www/html/booking/lib/Application/Attributes/AttributeService.php,Line=294]
2019-04-08T11:17:10+07:00 [6290] DEBUG default - [User=Silvano DelGobbo (silvanodel.g@vistec.ac.th)] applies 0 allowed 0, ids 26 requested  [File=/var/www/html/booking/lib/Application/Attributes/AttributeService.php,Line=294]
2019-04-08T11:17:10+07:00 [6290] DEBUG default - [User=Silvano DelGobbo (silvanodel.g@vistec.ac.th)] applies 0 allowed 0, ids 29 requested  [File=/var/www/html/booking/lib/Application/Attributes/AttributeService.php,Line=294]
2019-04-08T11:17:10+07:00 [6290] DEBUG default - [User=Silvano DelGobbo (silvanodel.g@vistec.ac.th)] applies 0 allowed 0, ids 26 requested  [File=/var/www/html/booking/lib/Application/Attributes/AttributeService.php,Line=294]
2019-04-08T11:17:10+07:00 [6290] DEBUG default - [User=Silvano DelGobbo (silvanodel.g@vistec.ac.th)] applies 0 allowed 1, ids 2 requested  [File=/var/www/html/booking/lib/Application/Attributes/AttributeService.php,Line=294]
2019-04-08T11:17:10+07:00 [6290] DEBUG default - [User=Silvano DelGobbo (silvanodel.g@vistec.ac.th)] applies 0 allowed 0, ids 15 requested  [File=/var/www/html/booking/lib/Application/Attributes/AttributeService.php,Line=294]
2019-04-08T11:17:10+07:00 [6290] DEBUG default - [User=Silvano DelGobbo (silvanodel.g@vistec.ac.th)] applies 0 allowed 0, ids 18,27 requested  [File=/var/www/html/booking/lib/Application/Attributes/AttributeService.php,Line=294]
2019-04-08T11:17:10+07:00 [6290] DEBUG default - [User=Silvano DelGobbo (silvanodel.g@vistec.ac.th)] applies 0 allowed 0, ids 16 requested  [File=/var/www/html/booking/lib/Application/Attributes/AttributeService.php,Line=294]
2019-04-08T11:17:10+07:00 [6290] DEBUG default - [User=Silvano DelGobbo (silvanodel.g@vistec.ac.th)] applies 0 allowed 0, ids 18 requested  [File=/var/www/html/booking/lib/Application/Attributes/AttributeService.php,Line=294]
2019-04-08T11:17:10+07:00 [6290] DEBUG default - [User=Silvano DelGobbo (silvanodel.g@vistec.ac.th)] applies 0 allowed 0, ids 26 requested  [File=/var/www/html/booking/lib/Application/Attributes/AttributeService.php,Line=294]
2019-04-08T11:17:10+07:00 [6290] DEBUG default - [User=Silvano DelGobbo (silvanodel.g@vistec.ac.th)] applies 0 allowed 1, ids 18,2 requested  [File=/var/www/html/booking/lib/Application/Attributes/AttributeService.php,Line=294]
2019-04-08T11:17:10+07:00 [6290] DEBUG default - [User=Silvano DelGobbo (silvanodel.g@vistec.ac.th)] applies 0 allowed 0, ids 17 requested  [File=/var/www/html/booking/lib/Application/Attributes/AttributeService.php,Line=294]
2019-04-08T11:17:10+07:00 [6290] DEBUG default - [User=Silvano DelGobbo (silvanodel.g@vistec.ac.th)] applies 0 allowed 0, ids 17 requested  [File=/var/www/html/booking/lib/Application/Attributes/AttributeService.php,Line=294]
2019-04-08T11:17:10+07:00 [6290] DEBUG default - [User=Silvano DelGobbo (silvanodel.g@vistec.ac.th)] applies 0 allowed 0, ids 26 requested  [File=/var/www/html/booking/lib/Application/Attributes/AttributeService.php,Line=294]
2019-04-08T11:17:10+07:00 [6290] DEBUG default - [User=Silvano DelGobbo (silvanodel.g@vistec.ac.th)] applies 0 allowed 1, ids 2 requested  [File=/var/www/html/booking/lib/Application/Attributes/AttributeService.php,Line=294]
2019-04-08T11:17:10+07:00 [6290] DEBUG default - [User=Silvano DelGobbo (silvanodel.g@vistec.ac.th)] applies 0 allowed 0, ids 17 requested  [File=/var/www/html/booking/lib/Application/Attributes/AttributeService.php,Line=294]
2019-04-08T11:17:10+07:00 [6290] DEBUG default - [User=Silvano DelGobbo (silvanodel.g@vistec.ac.th)] applies 0 allowed 0, ids 16 requested  [File=/var/www/html/booking/lib/Application/Attributes/AttributeService.php,Line=294]
2019-04-08T11:17:10+07:00 [6290] DEBUG default - [User=Silvano DelGobbo (silvanodel.g@vistec.ac.th)] applies 0 allowed 2, ids 23,26,22,21 requested  [File=/var/www/html/booking/lib/Application/Attributes/AttributeService.php,Line=294]
2019-04-08T11:17:10+07:00 [6290] DEBUG default - [User=Silvano DelGobbo (silvanodel.g@vistec.ac.th)] applies 0 allowed 2, ids 23,26,22,29,21 requested  [File=/var/www/html/booking/lib/Application/Attributes/AttributeService.php,Line=294]
2019-04-08T11:17:34+07:00 [10313] DEBUG default - [User=Silvano DelGobbo (silvanodel.g@vistec.ac.th)] applies 1 allowed 1, ids 2 requested 2 [File=/var/www/html/booking/lib/Application/Attributes/AttributeService.php,Line=294]
2019-04-08T11:17:34+07:00 [10313] DEBUG default - [User=Silvano DelGobbo (silvanodel.g@vistec.ac.th)] applies 0 allowed 0, ids 17 requested 2 [File=/var/www/html/booking/lib/Application/Attributes/AttributeService.php,Line=294]
2019-04-08T11:17:34+07:00 [10313] DEBUG default - [User=Silvano DelGobbo (silvanodel.g@vistec.ac.th)] applies 0 allowed 1, ids 25 requested 2 [File=/var/www/html/booking/lib/Application/Attributes/AttributeService.php,Line=294]
2019-04-08T11:17:34+07:00 [10313] DEBUG default - [User=Silvano DelGobbo (silvanodel.g@vistec.ac.th)] applies 0 allowed 0, ids 16 requested 2 [File=/var/www/html/booking/lib/Application/Attributes/AttributeService.php,Line=294]
2019-04-08T11:17:34+07:00 [10313] DEBUG default - [User=Silvano DelGobbo (silvanodel.g@vistec.ac.th)] applies 0 allowed 1, ids 25 requested 2 [File=/var/www/html/booking/lib/Application/Attributes/AttributeService.php,Line=294]
2019-04-08T11:17:34+07:00 [10313] DEBUG default - [User=Silvano DelGobbo (silvanodel.g@vistec.ac.th)] applies 0 allowed 0, ids 26 requested 2 [File=/var/www/html/booking/lib/Application/Attributes/AttributeService.php,Line=294]
2019-04-08T11:17:34+07:00 [10313] DEBUG default - [User=Silvano DelGobbo (silvanodel.g@vistec.ac.th)] applies 0 allowed 0, ids 29 requested 2 [File=/var/www/html/booking/lib/Application/Attributes/AttributeService.php,Line=294]
2019-04-08T11:17:34+07:00 [10313] DEBUG default - [User=Silvano DelGobbo (silvanodel.g@vistec.ac.th)] applies 0 allowed 0, ids 26 requested 2 [File=/var/www/html/booking/lib/Application/Attributes/AttributeService.php,Line=294]
2019-04-08T11:17:34+07:00 [10313] DEBUG default - [User=Silvano DelGobbo (silvanodel.g@vistec.ac.th)] applies 1 allowed 1, ids 2 requested 2 [File=/var/www/html/booking/lib/Application/Attributes/AttributeService.php,Line=294]
2019-04-08T11:17:34+07:00 [10313] DEBUG default - [User=Silvano DelGobbo (silvanodel.g@vistec.ac.th)] applies 0 allowed 0, ids 15 requested 2 [File=/var/www/html/booking/lib/Application/Attributes/AttributeService.php,Line=294]
2019-04-08T11:17:34+07:00 [10313] DEBUG default - [User=Silvano DelGobbo (silvanodel.g@vistec.ac.th)] applies 0 allowed 0, ids 18,27 requested 2 [File=/var/www/html/booking/lib/Application/Attributes/AttributeService.php,Line=294]
2019-04-08T11:17:34+07:00 [10313] DEBUG default - [User=Silvano DelGobbo (silvanodel.g@vistec.ac.th)] applies 0 allowed 0, ids 16 requested 2 [File=/var/www/html/booking/lib/Application/Attributes/AttributeService.php,Line=294]
2019-04-08T11:17:34+07:00 [10313] DEBUG default - [User=Silvano DelGobbo (silvanodel.g@vistec.ac.th)] applies 0 allowed 0, ids 18 requested 2 [File=/var/www/html/booking/lib/Application/Attributes/AttributeService.php,Line=294]
2019-04-08T11:17:34+07:00 [10313] DEBUG default - [User=Silvano DelGobbo (silvanodel.g@vistec.ac.th)] applies 0 allowed 0, ids 26 requested 2 [File=/var/www/html/booking/lib/Application/Attributes/AttributeService.php,Line=294]
2019-04-08T11:17:34+07:00 [10313] DEBUG default - [User=Silvano DelGobbo (silvanodel.g@vistec.ac.th)] applies 1 allowed 1, ids 18,2 requested 2 [File=/var/www/html/booking/lib/Application/Attributes/AttributeService.php,Line=294]
2019-04-08T11:17:34+07:00 [10313] DEBUG default - [User=Silvano DelGobbo (silvanodel.g@vistec.ac.th)] applies 0 allowed 0, ids 17 requested 2 [File=/var/www/html/booking/lib/Application/Attributes/AttributeService.php,Line=294]
2019-04-08T11:17:34+07:00 [10313] DEBUG default - [User=Silvano DelGobbo (silvanodel.g@vistec.ac.th)] applies 0 allowed 0, ids 17 requested 2 [File=/var/www/html/booking/lib/Application/Attributes/AttributeService.php,Line=294]
2019-04-08T11:17:34+07:00 [10313] DEBUG default - [User=Silvano DelGobbo (silvanodel.g@vistec.ac.th)] applies 0 allowed 0, ids 26 requested 2 [File=/var/www/html/booking/lib/Application/Attributes/AttributeService.php,Line=294]
2019-04-08T11:17:34+07:00 [10313] DEBUG default - [User=Silvano DelGobbo (silvanodel.g@vistec.ac.th)] applies 1 allowed 1, ids 2 requested 2 [File=/var/www/html/booking/lib/Application/Attributes/AttributeService.php,Line=294]
2019-04-08T11:17:34+07:00 [10313] DEBUG default - [User=Silvano DelGobbo (silvanodel.g@vistec.ac.th)] applies 0 allowed 0, ids 17 requested 2 [File=/var/www/html/booking/lib/Application/Attributes/AttributeService.php,Line=294]
2019-04-08T11:17:34+07:00 [10313] DEBUG default - [User=Silvano DelGobbo (silvanodel.g@vistec.ac.th)] applies 0 allowed 0, ids 16 requested 2 [File=/var/www/html/booking/lib/Application/Attributes/AttributeService.php,Line=294]
2019-04-08T11:17:34+07:00 [10313] DEBUG default - [User=Silvano DelGobbo (silvanodel.g@vistec.ac.th)] applies 0 allowed 2, ids 23,26,22,21 requested 2 [File=/var/www/html/booking/lib/Application/Attributes/AttributeService.php,Line=294]
2019-04-08T11:17:34+07:00 [10313] DEBUG default - [User=Silvano DelGobbo (silvanodel.g@vistec.ac.th)] applies 0 allowed 2, ids 23,26,22,29,21 requested 2 [File=/var/www/html/booking/lib/Application/Attributes/AttributeService.php,Line=294]
2019-04-08T14:18:19+07:00 [23803] DEBUG default - [User=Peerapol Pornsetmetakul (Peerapol.p_s18@vistec.ac.th)] applies 1 allowed 1, ids 2 requested 2 [File=/var/www/html/booking/lib/Application/Attributes/AttributeService.php,Line=294]
2019-04-08T14:18:19+07:00 [23803] DEBUG default - [User=Peerapol Pornsetmetakul (Peerapol.p_s18@vistec.ac.th)] applies 0 allowed 0, ids 17 requested 2 [File=/var/www/html/booking/lib/Application/Attributes/AttributeService.php,Line=294]
2019-04-08T14:18:19+07:00 [23803] DEBUG default - [User=Peerapol Pornsetmetakul (Peerapol.p_s18@vistec.ac.th)] applies 0 allowed 0, ids 25 requested 2 [File=/var/www/html/booking/lib/Application/Attributes/AttributeService.php,Line=294]
2019-04-08T14:18:19+07:00 [23803] DEBUG default - [User=Peerapol Pornsetmetakul (Peerapol.p_s18@vistec.ac.th)] applies 0 allowed 0, ids 16 requested 2 [File=/var/www/html/booking/lib/Application/Attributes/AttributeService.php,Line=294]
2019-04-08T14:18:19+07:00 [23803] DEBUG default - [User=Peerapol Pornsetmetakul (Peerapol.p_s18@vistec.ac.th)] applies 0 allowed 0, ids 25 requested 2 [File=/var/www/html/booking/lib/Application/Attributes/AttributeService.php,Line=294]
2019-04-08T14:18:19+07:00 [23803] DEBUG default - [User=Peerapol Pornsetmetakul (Peerapol.p_s18@vistec.ac.th)] applies 0 allowed 0, ids 26 requested 2 [File=/var/www/html/booking/lib/Application/Attributes/AttributeService.php,Line=294]
2019-04-08T14:18:19+07:00 [23803] DEBUG default - [User=Peerapol Pornsetmetakul (Peerapol.p_s18@vistec.ac.th)] applies 0 allowed 0, ids 29 requested 2 [File=/var/www/html/booking/lib/Application/Attributes/AttributeService.php,Line=294]
2019-04-08T14:18:19+07:00 [23803] DEBUG default - [User=Peerapol Pornsetmetakul (Peerapol.p_s18@vistec.ac.th)] applies 0 allowed 0, ids 26 requested 2 [File=/var/www/html/booking/lib/Application/Attributes/AttributeService.php,Line=294]
2019-04-08T14:18:19+07:00 [23803] DEBUG default - [User=Peerapol Pornsetmetakul (Peerapol.p_s18@vistec.ac.th)] applies 1 allowed 1, ids 2 requested 2 [File=/var/www/html/booking/lib/Application/Attributes/AttributeService.php,Line=294]
2019-04-08T14:18:19+07:00 [23803] DEBUG default - [User=Peerapol Pornsetmetakul (Peerapol.p_s18@vistec.ac.th)] applies 0 allowed 0, ids 15 requested 2 [File=/var/www/html/booking/lib/Application/Attributes/AttributeService.php,Line=294]
2019-04-08T14:18:19+07:00 [23803] DEBUG default - [User=Peerapol Pornsetmetakul (Peerapol.p_s18@vistec.ac.th)] applies 0 allowed 0, ids 18,27 requested 2 [File=/var/www/html/booking/lib/Application/Attributes/AttributeService.php,Line=294]
2019-04-08T14:18:19+07:00 [23803] DEBUG default - [User=Peerapol Pornsetmetakul (Peerapol.p_s18@vistec.ac.th)] applies 0 allowed 0, ids 16 requested 2 [File=/var/www/html/booking/lib/Application/Attributes/AttributeService.php,Line=294]
2019-04-08T14:18:19+07:00 [23803] DEBUG default - [User=Peerapol Pornsetmetakul (Peerapol.p_s18@vistec.ac.th)] applies 0 allowed 0, ids 18 requested 2 [File=/var/www/html/booking/lib/Application/Attributes/AttributeService.php,Line=294]
2019-04-08T14:18:19+07:00 [23803] DEBUG default - [User=Peerapol Pornsetmetakul (Peerapol.p_s18@vistec.ac.th)] applies 0 allowed 0, ids 26 requested 2 [File=/var/www/html/booking/lib/Application/Attributes/AttributeService.php,Line=294]
2019-04-08T14:18:19+07:00 [23803] DEBUG default - [User=Peerapol Pornsetmetakul (Peerapol.p_s18@vistec.ac.th)] applies 1 allowed 1, ids 18,2 requested 2 [File=/var/www/html/booking/lib/Application/Attributes/AttributeService.php,Line=294]
2019-04-08T14:18:19+07:00 [23803] DEBUG default - [User=Peerapol Pornsetmetakul (Peerapol.p_s18@vistec.ac.th)] applies 0 allowed 0, ids 17 requested 2 [File=/var/www/html/booking/lib/Application/Attributes/AttributeService.php,Line=294]
2019-04-08T14:18:19+07:00 [23803] DEBUG default - [User=Peerapol Pornsetmetakul (Peerapol.p_s18@vistec.ac.th)] applies 0 allowed 0, ids 17 requested 2 [File=/var/www/html/booking/lib/Application/Attributes/AttributeService.php,Line=294]
2019-04-08T14:18:19+07:00 [23803] DEBUG default - [User=Peerapol Pornsetmetakul (Peerapol.p_s18@vistec.ac.th)] applies 0 allowed 0, ids 26 requested 2 [File=/var/www/html/booking/lib/Application/Attributes/AttributeService.php,Line=294]
2019-04-08T14:18:19+07:00 [23803] DEBUG default - [User=Peerapol Pornsetmetakul (Peerapol.p_s18@vistec.ac.th)] applies 1 allowed 1, ids 2 requested 2 [File=/var/www/html/booking/lib/Application/Attributes/AttributeService.php,Line=294]
2019-04-08T14:18:19+07:00 [23803] DEBUG default - [User=Peerapol Pornsetmetakul (Peerapol.p_s18@vistec.ac.th)] applies 0 allowed 0, ids 17 requested 2 [File=/var/www/html/booking/lib/Application/Attributes/AttributeService.php,Line=294]
2019-04-08T14:18:19+07:00 [23803] DEBUG default - [User=Peerapol Pornsetmetakul (Peerapol.p_s18@vistec.ac.th)] applies 0 allowed 0, ids 16 requested 2 [File=/var/www/html/booking/lib/Application/Attributes/AttributeService.php,Line=294]
2019-04-08T14:18:19+07:00 [23803] DEBUG default - [User=Peerapol Pornsetmetakul (Peerapol.p_s18@vistec.ac.th)] applies 0 allowed 1, ids 23,26,22,21 requested 2 [File=/var/www/html/booking/lib/Application/Attributes/AttributeService.php,Line=294]
2019-04-08T14:18:19+07:00 [23803] DEBUG default - [User=Peerapol Pornsetmetakul (Peerapol.p_s18@vistec.ac.th)] applies 0 allowed 1, ids 23,26,22,29,21 requested 2 [File=/var/www/html/booking/lib/Application/Attributes/AttributeService.php,Line=294]
2019-04-08T14:19:37+07:00 [10313] DEBUG default - [User=Peerapol Pornsetmetakul (Peerapol.p_s18@vistec.ac.th)] applies 0 allowed 1, ids 2 requested  [File=/var/www/html/booking/lib/Application/Attributes/AttributeService.php,Line=294]
2019-04-08T14:19:37+07:00 [10313] DEBUG default - [User=Peerapol Pornsetmetakul (Peerapol.p_s18@vistec.ac.th)] applies 0 allowed 0, ids 17 requested  [File=/var/www/html/booking/lib/Application/Attributes/AttributeService.php,Line=294]
2019-04-08T14:19:37+07:00 [10313] DEBUG default - [User=Peerapol Pornsetmetakul (Peerapol.p_s18@vistec.ac.th)] applies 0 allowed 0, ids 25 requested  [File=/var/www/html/booking/lib/Application/Attributes/AttributeService.php,Line=294]
2019-04-08T14:19:37+07:00 [10313] DEBUG default - [User=Peerapol Pornsetmetakul (Peerapol.p_s18@vistec.ac.th)] applies 0 allowed 0, ids 16 requested  [File=/var/www/html/booking/lib/Application/Attributes/AttributeService.php,Line=294]
2019-04-08T14:19:37+07:00 [10313] DEBUG default - [User=Peerapol Pornsetmetakul (Peerapol.p_s18@vistec.ac.th)] applies 0 allowed 0, ids 25 requested  [File=/var/www/html/booking/lib/Application/Attributes/AttributeService.php,Line=294]
2019-04-08T14:19:37+07:00 [10313] DEBUG default - [User=Peerapol Pornsetmetakul (Peerapol.p_s18@vistec.ac.th)] applies 0 allowed 0, ids 26 requested  [File=/var/www/html/booking/lib/Application/Attributes/AttributeService.php,Line=294]
2019-04-08T14:19:37+07:00 [10313] DEBUG default - [User=Peerapol Pornsetmetakul (Peerapol.p_s18@vistec.ac.th)] applies 0 allowed 0, ids 29 requested  [File=/var/www/html/booking/lib/Application/Attributes/AttributeService.php,Line=294]
2019-04-08T14:19:37+07:00 [10313] DEBUG default - [User=Peerapol Pornsetmetakul (Peerapol.p_s18@vistec.ac.th)] applies 0 allowed 0, ids 26 requested  [File=/var/www/html/booking/lib/Application/Attributes/AttributeService.php,Line=294]
2019-04-08T14:19:37+07:00 [10313] DEBUG default - [User=Peerapol Pornsetmetakul (Peerapol.p_s18@vistec.ac.th)] applies 0 allowed 1, ids 2 requested  [File=/var/www/html/booking/lib/Application/Attributes/AttributeService.php,Line=294]
2019-04-08T14:19:37+07:00 [10313] DEBUG default - [User=Peerapol Pornsetmetakul (Peerapol.p_s18@vistec.ac.th)] applies 0 allowed 0, ids 15 requested  [File=/var/www/html/booking/lib/Application/Attributes/AttributeService.php,Line=294]
2019-04-08T14:19:37+07:00 [10313] DEBUG default - [User=Peerapol Pornsetmetakul (Peerapol.p_s18@vistec.ac.th)] applies 0 allowed 0, ids 18,27 requested  [File=/var/www/html/booking/lib/Application/Attributes/AttributeService.php,Line=294]
2019-04-08T14:19:37+07:00 [10313] DEBUG default - [User=Peerapol Pornsetmetakul (Peerapol.p_s18@vistec.ac.th)] applies 0 allowed 0, ids 16 requested  [File=/var/www/html/booking/lib/Application/Attributes/AttributeService.php,Line=294]
2019-04-08T14:19:37+07:00 [10313] DEBUG default - [User=Peerapol Pornsetmetakul (Peerapol.p_s18@vistec.ac.th)] applies 0 allowed 0, ids 18 requested  [File=/var/www/html/booking/lib/Application/Attributes/AttributeService.php,Line=294]
2019-04-08T14:19:37+07:00 [10313] DEBUG default - [User=Peerapol Pornsetmetakul (Peerapol.p_s18@vistec.ac.th)] applies 0 allowed 0, ids 26 requested  [File=/var/www/html/booking/lib/Application/Attributes/AttributeService.php,Line=294]
2019-04-08T14:19:37+07:00 [10313] DEBUG default - [User=Peerapol Pornsetmetakul (Peerapol.p_s18@vistec.ac.th)] applies 0 allowed 1, ids 18,2 requested  [File=/var/www/html/booking/lib/Application/Attributes/AttributeService.php,Line=294]
2019-04-08T14:19:37+07:00 [10313] DEBUG default - [User=Peerapol Pornsetmetakul (Peerapol.p_s18@vistec.ac.th)] applies 0 allowed 0, ids 17 requested  [File=/var/www/html/booking/lib/Application/Attributes/AttributeService.php,Line=294]
2019-04-08T14:19:37+07:00 [10313] DEBUG default - [User=Peerapol Pornsetmetakul (Peerapol.p_s18@vistec.ac.th)] applies 0 allowed 0, ids 17 requested  [File=/var/www/html/booking/lib/Application/Attributes/AttributeService.php,Line=294]
2019-04-08T14:19:37+07:00 [10313] DEBUG default - [User=Peerapol Pornsetmetakul (Peerapol.p_s18@vistec.ac.th)] applies 0 allowed 0, ids 26 requested  [File=/var/www/html/booking/lib/Application/Attributes/AttributeService.php,Line=294]
2019-04-08T14:19:37+07:00 [10313] DEBUG default - [User=Peerapol Pornsetmetakul (Peerapol.p_s18@vistec.ac.th)] applies 0 allowed 1, ids 2 requested  [File=/var/www/html/booking/lib/Application/Attributes/AttributeService.php,Line=294]
2019-04-08T14:19:37+07:00 [10313] DEBUG default - [User=Peerapol Pornsetmetakul (Peerapol.p_s18@vistec.ac.th)] applies 0 allowed 0, ids 17 requested  [File=/var/www/html/booking/lib/Application/Attributes/AttributeService.php,Line=294]
2019-04-08T14:19:37+07:00 [10313] DEBUG default - [User=Peerapol Pornsetmetakul (Peerapol.p_s18@vistec.ac.th)] applies 0 allowed 0, ids 16 requested  [File=/var/www/html/booking/lib/Application/Attributes/AttributeService.php,Line=294]
2019-04-08T14:19:37+07:00 [10313] DEBUG default - [User=Peerapol Pornsetmetakul (Peerapol.p_s18@vistec.ac.th)] applies 0 allowed 1, ids 23,26,22,21 requested  [File=/var/www/html/booking/lib/Application/Attributes/AttributeService.php,Line=294]
2019-04-08T14:19:37+07:00 [10313] DEBUG default - [User=Peerapol Pornsetmetakul (Peerapol.p_s18@vistec.ac.th)] applies 0 allowed 1, ids 23,26,22,29,21 requested  [File=/var/www/html/booking/lib/Application/Attributes/AttributeService.php,Line=294]
2019-04-08T14:19:37+07:00 [6290] DEBUG default - [User=Peerapol Pornsetmetakul (Peerapol.p_s18@vistec.ac.th)] applies 0 allowed 1, ids 2 requested NaN [File=/var/www/html/booking/lib/Application/Attributes/AttributeService.php,Line=294]
2019-04-08T14:19:37+07:00 [6290] DEBUG default - [User=Peerapol Pornsetmetakul (Peerapol.p_s18@vistec.ac.th)] applies 0 allowed 0, ids 17 requested NaN [File=/var/www/html/booking/lib/Application/Attributes/AttributeService.php,Line=294]
2019-04-08T14:19:37+07:00 [6290] DEBUG default - [User=Peerapol Pornsetmetakul (Peerapol.p_s18@vistec.ac.th)] applies 0 allowed 0, ids 25 requested NaN [File=/var/www/html/booking/lib/Application/Attributes/AttributeService.php,Line=294]
2019-04-08T14:19:37+07:00 [6290] DEBUG default - [User=Peerapol Pornsetmetakul (Peerapol.p_s18@vistec.ac.th)] applies 0 allowed 0, ids 16 requested NaN [File=/var/www/html/booking/lib/Application/Attributes/AttributeService.php,Line=294]
2019-04-08T14:19:37+07:00 [6290] DEBUG default - [User=Peerapol Pornsetmetakul (Peerapol.p_s18@vistec.ac.th)] applies 0 allowed 0, ids 25 requested NaN [File=/var/www/html/booking/lib/Application/Attributes/AttributeService.php,Line=294]
2019-04-08T14:19:37+07:00 [6290] DEBUG default - [User=Peerapol Pornsetmetakul (Peerapol.p_s18@vistec.ac.th)] applies 0 allowed 0, ids 26 requested NaN [File=/var/www/html/booking/lib/Application/Attributes/AttributeService.php,Line=294]
2019-04-08T14:19:37+07:00 [6290] DEBUG default - [User=Peerapol Pornsetmetakul (Peerapol.p_s18@vistec.ac.th)] applies 0 allowed 0, ids 29 requested NaN [File=/var/www/html/booking/lib/Application/Attributes/AttributeService.php,Line=294]
2019-04-08T14:19:37+07:00 [6290] DEBUG default - [User=Peerapol Pornsetmetakul (Peerapol.p_s18@vistec.ac.th)] applies 0 allowed 0, ids 26 requested NaN [File=/var/www/html/booking/lib/Application/Attributes/AttributeService.php,Line=294]
2019-04-08T14:19:37+07:00 [6290] DEBUG default - [User=Peerapol Pornsetmetakul (Peerapol.p_s18@vistec.ac.th)] applies 0 allowed 1, ids 2 requested NaN [File=/var/www/html/booking/lib/Application/Attributes/AttributeService.php,Line=294]
2019-04-08T14:19:37+07:00 [6290] DEBUG default - [User=Peerapol Pornsetmetakul (Peerapol.p_s18@vistec.ac.th)] applies 0 allowed 0, ids 15 requested NaN [File=/var/www/html/booking/lib/Application/Attributes/AttributeService.php,Line=294]
2019-04-08T14:19:37+07:00 [6290] DEBUG default - [User=Peerapol Pornsetmetakul (Peerapol.p_s18@vistec.ac.th)] applies 0 allowed 0, ids 18,27 requested NaN [File=/var/www/html/booking/lib/Application/Attributes/AttributeService.php,Line=294]
2019-04-08T14:19:37+07:00 [6290] DEBUG default - [User=Peerapol Pornsetmetakul (Peerapol.p_s18@vistec.ac.th)] applies 0 allowed 0, ids 16 requested NaN [File=/var/www/html/booking/lib/Application/Attributes/AttributeService.php,Line=294]
2019-04-08T14:19:37+07:00 [6290] DEBUG default - [User=Peerapol Pornsetmetakul (Peerapol.p_s18@vistec.ac.th)] applies 0 allowed 0, ids 18 requested NaN [File=/var/www/html/booking/lib/Application/Attributes/AttributeService.php,Line=294]
2019-04-08T14:19:37+07:00 [6290] DEBUG default - [User=Peerapol Pornsetmetakul (Peerapol.p_s18@vistec.ac.th)] applies 0 allowed 0, ids 26 requested NaN [File=/var/www/html/booking/lib/Application/Attributes/AttributeService.php,Line=294]
2019-04-08T14:19:37+07:00 [6290] DEBUG default - [User=Peerapol Pornsetmetakul (Peerapol.p_s18@vistec.ac.th)] applies 0 allowed 1, ids 18,2 requested NaN [File=/var/www/html/booking/lib/Application/Attributes/AttributeService.php,Line=294]
2019-04-08T14:19:37+07:00 [6290] DEBUG default - [User=Peerapol Pornsetmetakul (Peerapol.p_s18@vistec.ac.th)] applies 0 allowed 0, ids 17 requested NaN [File=/var/www/html/booking/lib/Application/Attributes/AttributeService.php,Line=294]
2019-04-08T14:19:37+07:00 [6290] DEBUG default - [User=Peerapol Pornsetmetakul (Peerapol.p_s18@vistec.ac.th)] applies 0 allowed 0, ids 17 requested NaN [File=/var/www/html/booking/lib/Application/Attributes/AttributeService.php,Line=294]
2019-04-08T14:19:37+07:00 [6290] DEBUG default - [User=Peerapol Pornsetmetakul (Peerapol.p_s18@vistec.ac.th)] applies 0 allowed 0, ids 26 requested NaN [File=/var/www/html/booking/lib/Application/Attributes/AttributeService.php,Line=294]
2019-04-08T14:19:37+07:00 [6290] DEBUG default - [User=Peerapol Pornsetmetakul (Peerapol.p_s18@vistec.ac.th)] applies 0 allowed 1, ids 2 requested NaN [File=/var/www/html/booking/lib/Application/Attributes/AttributeService.php,Line=294]
2019-04-08T14:19:37+07:00 [6290] DEBUG default - [User=Peerapol Pornsetmetakul (Peerapol.p_s18@vistec.ac.th)] applies 0 allowed 0, ids 17 requested NaN [File=/var/www/html/booking/lib/Application/Attributes/AttributeService.php,Line=294]
2019-04-08T14:19:37+07:00 [6290] DEBUG default - [User=Peerapol Pornsetmetakul (Peerapol.p_s18@vistec.ac.th)] applies 0 allowed 0, ids 16 requested NaN [File=/var/www/html/booking/lib/Application/Attributes/AttributeService.php,Line=294]
2019-04-08T14:19:38+07:00 [6290] DEBUG default - [User=Peerapol Pornsetmetakul (Peerapol.p_s18@vistec.ac.th)] applies 0 allowed 1, ids 23,26,22,21 requested NaN [File=/var/www/html/booking/lib/Application/Attributes/AttributeService.php,Line=294]
2019-04-08T14:19:38+07:00 [6290] DEBUG default - [User=Peerapol Pornsetmetakul (Peerapol.p_s18@vistec.ac.th)] applies 0 allowed 1, ids 23,26,22,29,21 requested NaN [File=/var/www/html/booking/lib/Application/Attributes/AttributeService.php,Line=294]
2019-04-08T14:19:43+07:00 [6290] DEBUG default - [User=Peerapol Pornsetmetakul (Peerapol.p_s18@vistec.ac.th)] applies 1 allowed 1, ids 2 requested 2 [File=/var/www/html/booking/lib/Application/Attributes/AttributeService.php,Line=294]
2019-04-08T14:19:43+07:00 [6290] DEBUG default - [User=Peerapol Pornsetmetakul (Peerapol.p_s18@vistec.ac.th)] applies 0 allowed 0, ids 17 requested 2 [File=/var/www/html/booking/lib/Application/Attributes/AttributeService.php,Line=294]
2019-04-08T14:19:43+07:00 [6290] DEBUG default - [User=Peerapol Pornsetmetakul (Peerapol.p_s18@vistec.ac.th)] applies 0 allowed 0, ids 25 requested 2 [File=/var/www/html/booking/lib/Application/Attributes/AttributeService.php,Line=294]
2019-04-08T14:19:43+07:00 [6290] DEBUG default - [User=Peerapol Pornsetmetakul (Peerapol.p_s18@vistec.ac.th)] applies 0 allowed 0, ids 16 requested 2 [File=/var/www/html/booking/lib/Application/Attributes/AttributeService.php,Line=294]
2019-04-08T14:19:43+07:00 [6290] DEBUG default - [User=Peerapol Pornsetmetakul (Peerapol.p_s18@vistec.ac.th)] applies 0 allowed 0, ids 25 requested 2 [File=/var/www/html/booking/lib/Application/Attributes/AttributeService.php,Line=294]
2019-04-08T14:19:43+07:00 [6290] DEBUG default - [User=Peerapol Pornsetmetakul (Peerapol.p_s18@vistec.ac.th)] applies 0 allowed 0, ids 26 requested 2 [File=/var/www/html/booking/lib/Application/Attributes/AttributeService.php,Line=294]
2019-04-08T14:19:43+07:00 [6290] DEBUG default - [User=Peerapol Pornsetmetakul (Peerapol.p_s18@vistec.ac.th)] applies 0 allowed 0, ids 29 requested 2 [File=/var/www/html/booking/lib/Application/Attributes/AttributeService.php,Line=294]
2019-04-08T14:19:43+07:00 [6290] DEBUG default - [User=Peerapol Pornsetmetakul (Peerapol.p_s18@vistec.ac.th)] applies 0 allowed 0, ids 26 requested 2 [File=/var/www/html/booking/lib/Application/Attributes/AttributeService.php,Line=294]
2019-04-08T14:19:43+07:00 [6290] DEBUG default - [User=Peerapol Pornsetmetakul (Peerapol.p_s18@vistec.ac.th)] applies 1 allowed 1, ids 2 requested 2 [File=/var/www/html/booking/lib/Application/Attributes/AttributeService.php,Line=294]
2019-04-08T14:19:43+07:00 [6290] DEBUG default - [User=Peerapol Pornsetmetakul (Peerapol.p_s18@vistec.ac.th)] applies 0 allowed 0, ids 15 requested 2 [File=/var/www/html/booking/lib/Application/Attributes/AttributeService.php,Line=294]
2019-04-08T14:19:43+07:00 [6290] DEBUG default - [User=Peerapol Pornsetmetakul (Peerapol.p_s18@vistec.ac.th)] applies 0 allowed 0, ids 18,27 requested 2 [File=/var/www/html/booking/lib/Application/Attributes/AttributeService.php,Line=294]
2019-04-08T14:19:43+07:00 [6290] DEBUG default - [User=Peerapol Pornsetmetakul (Peerapol.p_s18@vistec.ac.th)] applies 0 allowed 0, ids 16 requested 2 [File=/var/www/html/booking/lib/Application/Attributes/AttributeService.php,Line=294]
2019-04-08T14:19:43+07:00 [6290] DEBUG default - [User=Peerapol Pornsetmetakul (Peerapol.p_s18@vistec.ac.th)] applies 0 allowed 0, ids 18 requested 2 [File=/var/www/html/booking/lib/Application/Attributes/AttributeService.php,Line=294]
2019-04-08T14:19:43+07:00 [6290] DEBUG default - [User=Peerapol Pornsetmetakul (Peerapol.p_s18@vistec.ac.th)] applies 0 allowed 0, ids 26 requested 2 [File=/var/www/html/booking/lib/Application/Attributes/AttributeService.php,Line=294]
2019-04-08T14:19:43+07:00 [6290] DEBUG default - [User=Peerapol Pornsetmetakul (Peerapol.p_s18@vistec.ac.th)] applies 1 allowed 1, ids 18,2 requested 2 [File=/var/www/html/booking/lib/Application/Attributes/AttributeService.php,Line=294]
2019-04-08T14:19:43+07:00 [6290] DEBUG default - [User=Peerapol Pornsetmetakul (Peerapol.p_s18@vistec.ac.th)] applies 0 allowed 0, ids 17 requested 2 [File=/var/www/html/booking/lib/Application/Attributes/AttributeService.php,Line=294]
2019-04-08T14:19:43+07:00 [6290] DEBUG default - [User=Peerapol Pornsetmetakul (Peerapol.p_s18@vistec.ac.th)] applies 0 allowed 0, ids 17 requested 2 [File=/var/www/html/booking/lib/Application/Attributes/AttributeService.php,Line=294]
2019-04-08T14:19:43+07:00 [6290] DEBUG default - [User=Peerapol Pornsetmetakul (Peerapol.p_s18@vistec.ac.th)] applies 0 allowed 0, ids 26 requested 2 [File=/var/www/html/booking/lib/Application/Attributes/AttributeService.php,Line=294]
2019-04-08T14:19:43+07:00 [6290] DEBUG default - [User=Peerapol Pornsetmetakul (Peerapol.p_s18@vistec.ac.th)] applies 1 allowed 1, ids 2 requested 2 [File=/var/www/html/booking/lib/Application/Attributes/AttributeService.php,Line=294]
2019-04-08T14:19:43+07:00 [6290] DEBUG default - [User=Peerapol Pornsetmetakul (Peerapol.p_s18@vistec.ac.th)] applies 0 allowed 0, ids 17 requested 2 [File=/var/www/html/booking/lib/Application/Attributes/AttributeService.php,Line=294]
2019-04-08T14:19:43+07:00 [6290] DEBUG default - [User=Peerapol Pornsetmetakul (Peerapol.p_s18@vistec.ac.th)] applies 0 allowed 0, ids 16 requested 2 [File=/var/www/html/booking/lib/Application/Attributes/AttributeService.php,Line=294]
2019-04-08T14:19:43+07:00 [6290] DEBUG default - [User=Peerapol Pornsetmetakul (Peerapol.p_s18@vistec.ac.th)] applies 0 allowed 1, ids 23,26,22,21 requested 2 [File=/var/www/html/booking/lib/Application/Attributes/AttributeService.php,Line=294]
2019-04-08T14:19:43+07:00 [6290] DEBUG default - [User=Peerapol Pornsetmetakul (Peerapol.p_s18@vistec.ac.th)] applies 0 allowed 1, ids 23,26,22,29,21 requested 2 [File=/var/www/html/booking/lib/Application/Attributes/AttributeService.php,Line=294]
2019-04-08T14:19:57+07:00 [6290] DEBUG default - [User=Peerapol Pornsetmetakul (Peerapol.p_s18@vistec.ac.th)] applies 0 allowed 1, ids 2 requested  [File=/var/www/html/booking/lib/Application/Attributes/AttributeService.php,Line=294]
2019-04-08T14:19:57+07:00 [6290] DEBUG default - [User=Peerapol Pornsetmetakul (Peerapol.p_s18@vistec.ac.th)] applies 0 allowed 0, ids 17 requested  [File=/var/www/html/booking/lib/Application/Attributes/AttributeService.php,Line=294]
2019-04-08T14:19:57+07:00 [6290] DEBUG default - [User=Peerapol Pornsetmetakul (Peerapol.p_s18@vistec.ac.th)] applies 0 allowed 0, ids 25 requested  [File=/var/www/html/booking/lib/Application/Attributes/AttributeService.php,Line=294]
2019-04-08T14:19:57+07:00 [6290] DEBUG default - [User=Peerapol Pornsetmetakul (Peerapol.p_s18@vistec.ac.th)] applies 0 allowed 0, ids 16 requested  [File=/var/www/html/booking/lib/Application/Attributes/AttributeService.php,Line=294]
2019-04-08T14:19:57+07:00 [6290] DEBUG default - [User=Peerapol Pornsetmetakul (Peerapol.p_s18@vistec.ac.th)] applies 0 allowed 0, ids 25 requested  [File=/var/www/html/booking/lib/Application/Attributes/AttributeService.php,Line=294]
2019-04-08T14:19:57+07:00 [6290] DEBUG default - [User=Peerapol Pornsetmetakul (Peerapol.p_s18@vistec.ac.th)] applies 0 allowed 0, ids 26 requested  [File=/var/www/html/booking/lib/Application/Attributes/AttributeService.php,Line=294]
2019-04-08T14:19:57+07:00 [6290] DEBUG default - [User=Peerapol Pornsetmetakul (Peerapol.p_s18@vistec.ac.th)] applies 0 allowed 0, ids 29 requested  [File=/var/www/html/booking/lib/Application/Attributes/AttributeService.php,Line=294]
2019-04-08T14:19:57+07:00 [6290] DEBUG default - [User=Peerapol Pornsetmetakul (Peerapol.p_s18@vistec.ac.th)] applies 0 allowed 0, ids 26 requested  [File=/var/www/html/booking/lib/Application/Attributes/AttributeService.php,Line=294]
2019-04-08T14:19:57+07:00 [6290] DEBUG default - [User=Peerapol Pornsetmetakul (Peerapol.p_s18@vistec.ac.th)] applies 0 allowed 1, ids 2 requested  [File=/var/www/html/booking/lib/Application/Attributes/AttributeService.php,Line=294]
2019-04-08T14:19:57+07:00 [6290] DEBUG default - [User=Peerapol Pornsetmetakul (Peerapol.p_s18@vistec.ac.th)] applies 0 allowed 0, ids 15 requested  [File=/var/www/html/booking/lib/Application/Attributes/AttributeService.php,Line=294]
2019-04-08T14:19:57+07:00 [6290] DEBUG default - [User=Peerapol Pornsetmetakul (Peerapol.p_s18@vistec.ac.th)] applies 0 allowed 0, ids 18,27 requested  [File=/var/www/html/booking/lib/Application/Attributes/AttributeService.php,Line=294]
2019-04-08T14:19:57+07:00 [6290] DEBUG default - [User=Peerapol Pornsetmetakul (Peerapol.p_s18@vistec.ac.th)] applies 0 allowed 0, ids 16 requested  [File=/var/www/html/booking/lib/Application/Attributes/AttributeService.php,Line=294]
2019-04-08T14:19:57+07:00 [6290] DEBUG default - [User=Peerapol Pornsetmetakul (Peerapol.p_s18@vistec.ac.th)] applies 0 allowed 0, ids 18 requested  [File=/var/www/html/booking/lib/Application/Attributes/AttributeService.php,Line=294]
2019-04-08T14:19:57+07:00 [6290] DEBUG default - [User=Peerapol Pornsetmetakul (Peerapol.p_s18@vistec.ac.th)] applies 0 allowed 0, ids 26 requested  [File=/var/www/html/booking/lib/Application/Attributes/AttributeService.php,Line=294]
2019-04-08T14:19:57+07:00 [6290] DEBUG default - [User=Peerapol Pornsetmetakul (Peerapol.p_s18@vistec.ac.th)] applies 0 allowed 1, ids 18,2 requested  [File=/var/www/html/booking/lib/Application/Attributes/AttributeService.php,Line=294]
2019-04-08T14:19:57+07:00 [6290] DEBUG default - [User=Peerapol Pornsetmetakul (Peerapol.p_s18@vistec.ac.th)] applies 0 allowed 0, ids 17 requested  [File=/var/www/html/booking/lib/Application/Attributes/AttributeService.php,Line=294]
2019-04-08T14:19:57+07:00 [6290] DEBUG default - [User=Peerapol Pornsetmetakul (Peerapol.p_s18@vistec.ac.th)] applies 0 allowed 0, ids 17 requested  [File=/var/www/html/booking/lib/Application/Attributes/AttributeService.php,Line=294]
2019-04-08T14:19:57+07:00 [6290] DEBUG default - [User=Peerapol Pornsetmetakul (Peerapol.p_s18@vistec.ac.th)] applies 0 allowed 0, ids 26 requested  [File=/var/www/html/booking/lib/Application/Attributes/AttributeService.php,Line=294]
2019-04-08T14:19:57+07:00 [6290] DEBUG default - [User=Peerapol Pornsetmetakul (Peerapol.p_s18@vistec.ac.th)] applies 0 allowed 1, ids 2 requested  [File=/var/www/html/booking/lib/Application/Attributes/AttributeService.php,Line=294]
2019-04-08T14:19:57+07:00 [6290] DEBUG default - [User=Peerapol Pornsetmetakul (Peerapol.p_s18@vistec.ac.th)] applies 0 allowed 0, ids 17 requested  [File=/var/www/html/booking/lib/Application/Attributes/AttributeService.php,Line=294]
2019-04-08T14:19:57+07:00 [6290] DEBUG default - [User=Peerapol Pornsetmetakul (Peerapol.p_s18@vistec.ac.th)] applies 0 allowed 0, ids 16 requested  [File=/var/www/html/booking/lib/Application/Attributes/AttributeService.php,Line=294]
2019-04-08T14:19:57+07:00 [6290] DEBUG default - [User=Peerapol Pornsetmetakul (Peerapol.p_s18@vistec.ac.th)] applies 0 allowed 1, ids 23,26,22,21 requested  [File=/var/www/html/booking/lib/Application/Attributes/AttributeService.php,Line=294]
2019-04-08T14:19:57+07:00 [6290] DEBUG default - [User=Peerapol Pornsetmetakul (Peerapol.p_s18@vistec.ac.th)] applies 0 allowed 1, ids 23,26,22,29,21 requested  [File=/var/www/html/booking/lib/Application/Attributes/AttributeService.php,Line=294]
2019-04-08T14:20:01+07:00 [23803] DEBUG default - [User=Peerapol Pornsetmetakul (Peerapol.p_s18@vistec.ac.th)] applies 0 allowed 1, ids 2 requested  [File=/var/www/html/booking/lib/Application/Attributes/AttributeService.php,Line=294]
2019-04-08T14:20:01+07:00 [23803] DEBUG default - [User=Peerapol Pornsetmetakul (Peerapol.p_s18@vistec.ac.th)] applies 0 allowed 0, ids 17 requested  [File=/var/www/html/booking/lib/Application/Attributes/AttributeService.php,Line=294]
2019-04-08T14:20:01+07:00 [23803] DEBUG default - [User=Peerapol Pornsetmetakul (Peerapol.p_s18@vistec.ac.th)] applies 0 allowed 0, ids 25 requested  [File=/var/www/html/booking/lib/Application/Attributes/AttributeService.php,Line=294]
2019-04-08T14:20:01+07:00 [23803] DEBUG default - [User=Peerapol Pornsetmetakul (Peerapol.p_s18@vistec.ac.th)] applies 0 allowed 0, ids 16 requested  [File=/var/www/html/booking/lib/Application/Attributes/AttributeService.php,Line=294]
2019-04-08T14:20:01+07:00 [23803] DEBUG default - [User=Peerapol Pornsetmetakul (Peerapol.p_s18@vistec.ac.th)] applies 0 allowed 0, ids 25 requested  [File=/var/www/html/booking/lib/Application/Attributes/AttributeService.php,Line=294]
2019-04-08T14:20:01+07:00 [23803] DEBUG default - [User=Peerapol Pornsetmetakul (Peerapol.p_s18@vistec.ac.th)] applies 0 allowed 0, ids 26 requested  [File=/var/www/html/booking/lib/Application/Attributes/AttributeService.php,Line=294]
2019-04-08T14:20:01+07:00 [23803] DEBUG default - [User=Peerapol Pornsetmetakul (Peerapol.p_s18@vistec.ac.th)] applies 0 allowed 0, ids 29 requested  [File=/var/www/html/booking/lib/Application/Attributes/AttributeService.php,Line=294]
2019-04-08T14:20:01+07:00 [23803] DEBUG default - [User=Peerapol Pornsetmetakul (Peerapol.p_s18@vistec.ac.th)] applies 0 allowed 0, ids 26 requested  [File=/var/www/html/booking/lib/Application/Attributes/AttributeService.php,Line=294]
2019-04-08T14:20:01+07:00 [23803] DEBUG default - [User=Peerapol Pornsetmetakul (Peerapol.p_s18@vistec.ac.th)] applies 0 allowed 1, ids 2 requested  [File=/var/www/html/booking/lib/Application/Attributes/AttributeService.php,Line=294]
2019-04-08T14:20:01+07:00 [23803] DEBUG default - [User=Peerapol Pornsetmetakul (Peerapol.p_s18@vistec.ac.th)] applies 0 allowed 0, ids 15 requested  [File=/var/www/html/booking/lib/Application/Attributes/AttributeService.php,Line=294]
2019-04-08T14:20:01+07:00 [23803] DEBUG default - [User=Peerapol Pornsetmetakul (Peerapol.p_s18@vistec.ac.th)] applies 0 allowed 0, ids 18,27 requested  [File=/var/www/html/booking/lib/Application/Attributes/AttributeService.php,Line=294]
2019-04-08T14:20:01+07:00 [23803] DEBUG default - [User=Peerapol Pornsetmetakul (Peerapol.p_s18@vistec.ac.th)] applies 0 allowed 0, ids 16 requested  [File=/var/www/html/booking/lib/Application/Attributes/AttributeService.php,Line=294]
2019-04-08T14:20:01+07:00 [23803] DEBUG default - [User=Peerapol Pornsetmetakul (Peerapol.p_s18@vistec.ac.th)] applies 0 allowed 0, ids 18 requested  [File=/var/www/html/booking/lib/Application/Attributes/AttributeService.php,Line=294]
2019-04-08T14:20:01+07:00 [23803] DEBUG default - [User=Peerapol Pornsetmetakul (Peerapol.p_s18@vistec.ac.th)] applies 0 allowed 0, ids 26 requested  [File=/var/www/html/booking/lib/Application/Attributes/AttributeService.php,Line=294]
2019-04-08T14:20:01+07:00 [23803] DEBUG default - [User=Peerapol Pornsetmetakul (Peerapol.p_s18@vistec.ac.th)] applies 0 allowed 1, ids 18,2 requested  [File=/var/www/html/booking/lib/Application/Attributes/AttributeService.php,Line=294]
2019-04-08T14:20:01+07:00 [23803] DEBUG default - [User=Peerapol Pornsetmetakul (Peerapol.p_s18@vistec.ac.th)] applies 0 allowed 0, ids 17 requested  [File=/var/www/html/booking/lib/Application/Attributes/AttributeService.php,Line=294]
2019-04-08T14:20:01+07:00 [23803] DEBUG default - [User=Peerapol Pornsetmetakul (Peerapol.p_s18@vistec.ac.th)] applies 0 allowed 0, ids 17 requested  [File=/var/www/html/booking/lib/Application/Attributes/AttributeService.php,Line=294]
2019-04-08T14:20:01+07:00 [23803] DEBUG default - [User=Peerapol Pornsetmetakul (Peerapol.p_s18@vistec.ac.th)] applies 0 allowed 0, ids 26 requested  [File=/var/www/html/booking/lib/Application/Attributes/AttributeService.php,Line=294]
2019-04-08T14:20:01+07:00 [23803] DEBUG default - [User=Peerapol Pornsetmetakul (Peerapol.p_s18@vistec.ac.th)] applies 0 allowed 1, ids 2 requested  [File=/var/www/html/booking/lib/Application/Attributes/AttributeService.php,Line=294]
2019-04-08T14:20:01+07:00 [23803] DEBUG default - [User=Peerapol Pornsetmetakul (Peerapol.p_s18@vistec.ac.th)] applies 0 allowed 0, ids 17 requested  [File=/var/www/html/booking/lib/Application/Attributes/AttributeService.php,Line=294]
2019-04-08T14:20:01+07:00 [23803] DEBUG default - [User=Peerapol Pornsetmetakul (Peerapol.p_s18@vistec.ac.th)] applies 0 allowed 0, ids 16 requested  [File=/var/www/html/booking/lib/Application/Attributes/AttributeService.php,Line=294]
2019-04-08T14:20:01+07:00 [23803] DEBUG default - [User=Peerapol Pornsetmetakul (Peerapol.p_s18@vistec.ac.th)] applies 0 allowed 1, ids 23,26,22,21 requested  [File=/var/www/html/booking/lib/Application/Attributes/AttributeService.php,Line=294]
2019-04-08T14:20:01+07:00 [23803] DEBUG default - [User=Peerapol Pornsetmetakul (Peerapol.p_s18@vistec.ac.th)] applies 0 allowed 1, ids 23,26,22,29,21 requested  [File=/var/www/html/booking/lib/Application/Attributes/AttributeService.php,Line=294]
2019-04-08T14:20:03+07:00 [10313] DEBUG default - [User=Peerapol Pornsetmetakul (Peerapol.p_s18@vistec.ac.th)] applies 0 allowed 1, ids 2 requested  [File=/var/www/html/booking/lib/Application/Attributes/AttributeService.php,Line=294]
2019-04-08T14:20:03+07:00 [10313] DEBUG default - [User=Peerapol Pornsetmetakul (Peerapol.p_s18@vistec.ac.th)] applies 0 allowed 0, ids 17 requested  [File=/var/www/html/booking/lib/Application/Attributes/AttributeService.php,Line=294]
2019-04-08T14:20:03+07:00 [10313] DEBUG default - [User=Peerapol Pornsetmetakul (Peerapol.p_s18@vistec.ac.th)] applies 0 allowed 0, ids 25 requested  [File=/var/www/html/booking/lib/Application/Attributes/AttributeService.php,Line=294]
2019-04-08T14:20:03+07:00 [10313] DEBUG default - [User=Peerapol Pornsetmetakul (Peerapol.p_s18@vistec.ac.th)] applies 0 allowed 0, ids 16 requested  [File=/var/www/html/booking/lib/Application/Attributes/AttributeService.php,Line=294]
2019-04-08T14:20:03+07:00 [10313] DEBUG default - [User=Peerapol Pornsetmetakul (Peerapol.p_s18@vistec.ac.th)] applies 0 allowed 0, ids 25 requested  [File=/var/www/html/booking/lib/Application/Attributes/AttributeService.php,Line=294]
2019-04-08T14:20:03+07:00 [10313] DEBUG default - [User=Peerapol Pornsetmetakul (Peerapol.p_s18@vistec.ac.th)] applies 0 allowed 0, ids 26 requested  [File=/var/www/html/booking/lib/Application/Attributes/AttributeService.php,Line=294]
2019-04-08T14:20:03+07:00 [10313] DEBUG default - [User=Peerapol Pornsetmetakul (Peerapol.p_s18@vistec.ac.th)] applies 0 allowed 0, ids 29 requested  [File=/var/www/html/booking/lib/Application/Attributes/AttributeService.php,Line=294]
2019-04-08T14:20:03+07:00 [10313] DEBUG default - [User=Peerapol Pornsetmetakul (Peerapol.p_s18@vistec.ac.th)] applies 0 allowed 0, ids 26 requested  [File=/var/www/html/booking/lib/Application/Attributes/AttributeService.php,Line=294]
2019-04-08T14:20:03+07:00 [10313] DEBUG default - [User=Peerapol Pornsetmetakul (Peerapol.p_s18@vistec.ac.th)] applies 0 allowed 1, ids 2 requested  [File=/var/www/html/booking/lib/Application/Attributes/AttributeService.php,Line=294]
2019-04-08T14:20:03+07:00 [10313] DEBUG default - [User=Peerapol Pornsetmetakul (Peerapol.p_s18@vistec.ac.th)] applies 0 allowed 0, ids 15 requested  [File=/var/www/html/booking/lib/Application/Attributes/AttributeService.php,Line=294]
2019-04-08T14:20:03+07:00 [10313] DEBUG default - [User=Peerapol Pornsetmetakul (Peerapol.p_s18@vistec.ac.th)] applies 0 allowed 0, ids 18,27 requested  [File=/var/www/html/booking/lib/Application/Attributes/AttributeService.php,Line=294]
2019-04-08T14:20:03+07:00 [10313] DEBUG default - [User=Peerapol Pornsetmetakul (Peerapol.p_s18@vistec.ac.th)] applies 0 allowed 0, ids 16 requested  [File=/var/www/html/booking/lib/Application/Attributes/AttributeService.php,Line=294]
2019-04-08T14:20:03+07:00 [10313] DEBUG default - [User=Peerapol Pornsetmetakul (Peerapol.p_s18@vistec.ac.th)] applies 0 allowed 0, ids 18 requested  [File=/var/www/html/booking/lib/Application/Attributes/AttributeService.php,Line=294]
2019-04-08T14:20:03+07:00 [10313] DEBUG default - [User=Peerapol Pornsetmetakul (Peerapol.p_s18@vistec.ac.th)] applies 0 allowed 0, ids 26 requested  [File=/var/www/html/booking/lib/Application/Attributes/AttributeService.php,Line=294]
2019-04-08T14:20:03+07:00 [10313] DEBUG default - [User=Peerapol Pornsetmetakul (Peerapol.p_s18@vistec.ac.th)] applies 0 allowed 1, ids 18,2 requested  [File=/var/www/html/booking/lib/Application/Attributes/AttributeService.php,Line=294]
2019-04-08T14:20:03+07:00 [10313] DEBUG default - [User=Peerapol Pornsetmetakul (Peerapol.p_s18@vistec.ac.th)] applies 0 allowed 0, ids 17 requested  [File=/var/www/html/booking/lib/Application/Attributes/AttributeService.php,Line=294]
2019-04-08T14:20:03+07:00 [10313] DEBUG default - [User=Peerapol Pornsetmetakul (Peerapol.p_s18@vistec.ac.th)] applies 0 allowed 0, ids 17 requested  [File=/var/www/html/booking/lib/Application/Attributes/AttributeService.php,Line=294]
2019-04-08T14:20:03+07:00 [10313] DEBUG default - [User=Peerapol Pornsetmetakul (Peerapol.p_s18@vistec.ac.th)] applies 0 allowed 0, ids 26 requested  [File=/var/www/html/booking/lib/Application/Attributes/AttributeService.php,Line=294]
2019-04-08T14:20:03+07:00 [10313] DEBUG default - [User=Peerapol Pornsetmetakul (Peerapol.p_s18@vistec.ac.th)] applies 0 allowed 1, ids 2 requested  [File=/var/www/html/booking/lib/Application/Attributes/AttributeService.php,Line=294]
2019-04-08T14:20:03+07:00 [10313] DEBUG default - [User=Peerapol Pornsetmetakul (Peerapol.p_s18@vistec.ac.th)] applies 0 allowed 0, ids 17 requested  [File=/var/www/html/booking/lib/Application/Attributes/AttributeService.php,Line=294]
2019-04-08T14:20:03+07:00 [10313] DEBUG default - [User=Peerapol Pornsetmetakul (Peerapol.p_s18@vistec.ac.th)] applies 0 allowed 0, ids 16 requested  [File=/var/www/html/booking/lib/Application/Attributes/AttributeService.php,Line=294]
2019-04-08T14:20:03+07:00 [10313] DEBUG default - [User=Peerapol Pornsetmetakul (Peerapol.p_s18@vistec.ac.th)] applies 0 allowed 1, ids 23,26,22,21 requested  [File=/var/www/html/booking/lib/Application/Attributes/AttributeService.php,Line=294]
2019-04-08T14:20:03+07:00 [10313] DEBUG default - [User=Peerapol Pornsetmetakul (Peerapol.p_s18@vistec.ac.th)] applies 0 allowed 1, ids 23,26,22,29,21 requested  [File=/var/www/html/booking/lib/Application/Attributes/AttributeService.php,Line=294]
2019-04-08T14:20:10+07:00 [23803] DEBUG default - [User=Peerapol Pornsetmetakul (Peerapol.p_s18@vistec.ac.th)] applies 1 allowed 1, ids 2 requested 2 [File=/var/www/html/booking/lib/Application/Attributes/AttributeService.php,Line=294]
2019-04-08T14:20:10+07:00 [23803] DEBUG default - [User=Peerapol Pornsetmetakul (Peerapol.p_s18@vistec.ac.th)] applies 0 allowed 0, ids 17 requested 2 [File=/var/www/html/booking/lib/Application/Attributes/AttributeService.php,Line=294]
2019-04-08T14:20:10+07:00 [23803] DEBUG default - [User=Peerapol Pornsetmetakul (Peerapol.p_s18@vistec.ac.th)] applies 0 allowed 0, ids 25 requested 2 [File=/var/www/html/booking/lib/Application/Attributes/AttributeService.php,Line=294]
2019-04-08T14:20:10+07:00 [23803] DEBUG default - [User=Peerapol Pornsetmetakul (Peerapol.p_s18@vistec.ac.th)] applies 0 allowed 0, ids 16 requested 2 [File=/var/www/html/booking/lib/Application/Attributes/AttributeService.php,Line=294]
2019-04-08T14:20:10+07:00 [23803] DEBUG default - [User=Peerapol Pornsetmetakul (Peerapol.p_s18@vistec.ac.th)] applies 0 allowed 0, ids 25 requested 2 [File=/var/www/html/booking/lib/Application/Attributes/AttributeService.php,Line=294]
2019-04-08T14:20:10+07:00 [23803] DEBUG default - [User=Peerapol Pornsetmetakul (Peerapol.p_s18@vistec.ac.th)] applies 0 allowed 0, ids 26 requested 2 [File=/var/www/html/booking/lib/Application/Attributes/AttributeService.php,Line=294]
2019-04-08T14:20:10+07:00 [23803] DEBUG default - [User=Peerapol Pornsetmetakul (Peerapol.p_s18@vistec.ac.th)] applies 0 allowed 0, ids 29 requested 2 [File=/var/www/html/booking/lib/Application/Attributes/AttributeService.php,Line=294]
2019-04-08T14:20:10+07:00 [23803] DEBUG default - [User=Peerapol Pornsetmetakul (Peerapol.p_s18@vistec.ac.th)] applies 0 allowed 0, ids 26 requested 2 [File=/var/www/html/booking/lib/Application/Attributes/AttributeService.php,Line=294]
2019-04-08T14:20:10+07:00 [23803] DEBUG default - [User=Peerapol Pornsetmetakul (Peerapol.p_s18@vistec.ac.th)] applies 1 allowed 1, ids 2 requested 2 [File=/var/www/html/booking/lib/Application/Attributes/AttributeService.php,Line=294]
2019-04-08T14:20:10+07:00 [23803] DEBUG default - [User=Peerapol Pornsetmetakul (Peerapol.p_s18@vistec.ac.th)] applies 0 allowed 0, ids 15 requested 2 [File=/var/www/html/booking/lib/Application/Attributes/AttributeService.php,Line=294]
2019-04-08T14:20:10+07:00 [23803] DEBUG default - [User=Peerapol Pornsetmetakul (Peerapol.p_s18@vistec.ac.th)] applies 0 allowed 0, ids 18,27 requested 2 [File=/var/www/html/booking/lib/Application/Attributes/AttributeService.php,Line=294]
2019-04-08T14:20:10+07:00 [23803] DEBUG default - [User=Peerapol Pornsetmetakul (Peerapol.p_s18@vistec.ac.th)] applies 0 allowed 0, ids 16 requested 2 [File=/var/www/html/booking/lib/Application/Attributes/AttributeService.php,Line=294]
2019-04-08T14:20:10+07:00 [23803] DEBUG default - [User=Peerapol Pornsetmetakul (Peerapol.p_s18@vistec.ac.th)] applies 0 allowed 0, ids 18 requested 2 [File=/var/www/html/booking/lib/Application/Attributes/AttributeService.php,Line=294]
2019-04-08T14:20:10+07:00 [23803] DEBUG default - [User=Peerapol Pornsetmetakul (Peerapol.p_s18@vistec.ac.th)] applies 0 allowed 0, ids 26 requested 2 [File=/var/www/html/booking/lib/Application/Attributes/AttributeService.php,Line=294]
2019-04-08T14:20:10+07:00 [23803] DEBUG default - [User=Peerapol Pornsetmetakul (Peerapol.p_s18@vistec.ac.th)] applies 1 allowed 1, ids 18,2 requested 2 [File=/var/www/html/booking/lib/Application/Attributes/AttributeService.php,Line=294]
2019-04-08T14:20:10+07:00 [23803] DEBUG default - [User=Peerapol Pornsetmetakul (Peerapol.p_s18@vistec.ac.th)] applies 0 allowed 0, ids 17 requested 2 [File=/var/www/html/booking/lib/Application/Attributes/AttributeService.php,Line=294]
2019-04-08T14:20:10+07:00 [23803] DEBUG default - [User=Peerapol Pornsetmetakul (Peerapol.p_s18@vistec.ac.th)] applies 0 allowed 0, ids 17 requested 2 [File=/var/www/html/booking/lib/Application/Attributes/AttributeService.php,Line=294]
2019-04-08T14:20:10+07:00 [23803] DEBUG default - [User=Peerapol Pornsetmetakul (Peerapol.p_s18@vistec.ac.th)] applies 0 allowed 0, ids 26 requested 2 [File=/var/www/html/booking/lib/Application/Attributes/AttributeService.php,Line=294]
2019-04-08T14:20:10+07:00 [23803] DEBUG default - [User=Peerapol Pornsetmetakul (Peerapol.p_s18@vistec.ac.th)] applies 1 allowed 1, ids 2 requested 2 [File=/var/www/html/booking/lib/Application/Attributes/AttributeService.php,Line=294]
2019-04-08T14:20:10+07:00 [23803] DEBUG default - [User=Peerapol Pornsetmetakul (Peerapol.p_s18@vistec.ac.th)] applies 0 allowed 0, ids 17 requested 2 [File=/var/www/html/booking/lib/Application/Attributes/AttributeService.php,Line=294]
2019-04-08T14:20:10+07:00 [23803] DEBUG default - [User=Peerapol Pornsetmetakul (Peerapol.p_s18@vistec.ac.th)] applies 0 allowed 0, ids 16 requested 2 [File=/var/www/html/booking/lib/Application/Attributes/AttributeService.php,Line=294]
2019-04-08T14:20:10+07:00 [23803] DEBUG default - [User=Peerapol Pornsetmetakul (Peerapol.p_s18@vistec.ac.th)] applies 0 allowed 1, ids 23,26,22,21 requested 2 [File=/var/www/html/booking/lib/Application/Attributes/AttributeService.php,Line=294]
2019-04-08T14:20:10+07:00 [23803] DEBUG default - [User=Peerapol Pornsetmetakul (Peerapol.p_s18@vistec.ac.th)] applies 0 allowed 1, ids 23,26,22,29,21 requested 2 [File=/var/www/html/booking/lib/Application/Attributes/AttributeService.php,Line=294]
2019-04-08T18:03:43+07:00 [10313] DEBUG default - [User=Wipaporn Kitisriworaphan (Wipaporn.kiti@gmail.com)] Adding custom attribute value for entityId=16, attributeId=29 [File=/var/www/html/booking/lib/Application/Attributes/AttributeList.php,Line=122]
2019-04-08T18:03:43+07:00 [10313] DEBUG default - [User=Wipaporn Kitisriworaphan (Wipaporn.kiti@gmail.com)] Took 0 seconds to load custom attributes for category 4 [File=/var/www/html/booking/lib/Application/Attributes/AttributeService.php,Line=154]
2019-04-08T18:03:43+07:00 [10313] DEBUG default - [User=Wipaporn Kitisriworaphan (Wipaporn.kiti@gmail.com)] Found 1 attributes for entityId 16 [File=/var/www/html/booking/lib/Application/Attributes/AttributeList.php,Line=165]
2019-04-08T18:03:43+07:00 [10313] DEBUG default - [User=Wipaporn Kitisriworaphan (Wipaporn.kiti@gmail.com)] Took 0 seconds to load custom attributes for category 5 [File=/var/www/html/booking/lib/Application/Attributes/AttributeService.php,Line=154]
2019-04-08T18:03:43+07:00 [10313] DEBUG default - [User=Wipaporn Kitisriworaphan (Wipaporn.kiti@gmail.com)] Found 0 attributes for entityId 2 [File=/var/www/html/booking/lib/Application/Attributes/AttributeList.php,Line=165]
2019-04-08T18:04:48+07:00 [6290] DEBUG default - [User=Wipaporn Kitisriworaphan (Wipaporn.kiti@gmail.com)] applies 0 allowed 0, ids 2 requested  [File=/var/www/html/booking/lib/Application/Attributes/AttributeService.php,Line=294]
2019-04-08T18:04:48+07:00 [6290] DEBUG default - [User=Wipaporn Kitisriworaphan (Wipaporn.kiti@gmail.com)] applies 0 allowed 0, ids 17 requested  [File=/var/www/html/booking/lib/Application/Attributes/AttributeService.php,Line=294]
2019-04-08T18:04:48+07:00 [6290] DEBUG default - [User=Wipaporn Kitisriworaphan (Wipaporn.kiti@gmail.com)] applies 0 allowed 0, ids 25 requested  [File=/var/www/html/booking/lib/Application/Attributes/AttributeService.php,Line=294]
2019-04-08T18:04:48+07:00 [6290] DEBUG default - [User=Wipaporn Kitisriworaphan (Wipaporn.kiti@gmail.com)] applies 0 allowed 1, ids 16 requested  [File=/var/www/html/booking/lib/Application/Attributes/AttributeService.php,Line=294]
2019-04-08T18:04:48+07:00 [6290] DEBUG default - [User=Wipaporn Kitisriworaphan (Wipaporn.kiti@gmail.com)] applies 0 allowed 0, ids 25 requested  [File=/var/www/html/booking/lib/Application/Attributes/AttributeService.php,Line=294]
2019-04-08T18:04:48+07:00 [6290] DEBUG default - [User=Wipaporn Kitisriworaphan (Wipaporn.kiti@gmail.com)] applies 0 allowed 1, ids 26 requested  [File=/var/www/html/booking/lib/Application/Attributes/AttributeService.php,Line=294]
2019-04-08T18:04:48+07:00 [6290] DEBUG default - [User=Wipaporn Kitisriworaphan (Wipaporn.kiti@gmail.com)] applies 0 allowed 0, ids 29 requested  [File=/var/www/html/booking/lib/Application/Attributes/AttributeService.php,Line=294]
2019-04-08T18:04:48+07:00 [6290] DEBUG default - [User=Wipaporn Kitisriworaphan (Wipaporn.kiti@gmail.com)] applies 0 allowed 1, ids 26 requested  [File=/var/www/html/booking/lib/Application/Attributes/AttributeService.php,Line=294]
2019-04-08T18:04:48+07:00 [6290] DEBUG default - [User=Wipaporn Kitisriworaphan (Wipaporn.kiti@gmail.com)] applies 0 allowed 0, ids 2 requested  [File=/var/www/html/booking/lib/Application/Attributes/AttributeService.php,Line=294]
2019-04-08T18:04:48+07:00 [6290] DEBUG default - [User=Wipaporn Kitisriworaphan (Wipaporn.kiti@gmail.com)] applies 0 allowed 0, ids 15 requested  [File=/var/www/html/booking/lib/Application/Attributes/AttributeService.php,Line=294]
2019-04-08T18:04:48+07:00 [6290] DEBUG default - [User=Wipaporn Kitisriworaphan (Wipaporn.kiti@gmail.com)] applies 0 allowed 0, ids 18,27 requested  [File=/var/www/html/booking/lib/Application/Attributes/AttributeService.php,Line=294]
2019-04-08T18:04:48+07:00 [6290] DEBUG default - [User=Wipaporn Kitisriworaphan (Wipaporn.kiti@gmail.com)] applies 0 allowed 1, ids 16 requested  [File=/var/www/html/booking/lib/Application/Attributes/AttributeService.php,Line=294]
2019-04-08T18:04:48+07:00 [6290] DEBUG default - [User=Wipaporn Kitisriworaphan (Wipaporn.kiti@gmail.com)] applies 0 allowed 0, ids 18 requested  [File=/var/www/html/booking/lib/Application/Attributes/AttributeService.php,Line=294]
2019-04-08T18:04:48+07:00 [6290] DEBUG default - [User=Wipaporn Kitisriworaphan (Wipaporn.kiti@gmail.com)] applies 0 allowed 1, ids 26 requested  [File=/var/www/html/booking/lib/Application/Attributes/AttributeService.php,Line=294]
2019-04-08T18:04:48+07:00 [6290] DEBUG default - [User=Wipaporn Kitisriworaphan (Wipaporn.kiti@gmail.com)] applies 0 allowed 0, ids 18,2 requested  [File=/var/www/html/booking/lib/Application/Attributes/AttributeService.php,Line=294]
2019-04-08T18:04:48+07:00 [6290] DEBUG default - [User=Wipaporn Kitisriworaphan (Wipaporn.kiti@gmail.com)] applies 0 allowed 0, ids 17 requested  [File=/var/www/html/booking/lib/Application/Attributes/AttributeService.php,Line=294]
2019-04-08T18:04:48+07:00 [6290] DEBUG default - [User=Wipaporn Kitisriworaphan (Wipaporn.kiti@gmail.com)] applies 0 allowed 0, ids 17 requested  [File=/var/www/html/booking/lib/Application/Attributes/AttributeService.php,Line=294]
2019-04-08T18:04:48+07:00 [6290] DEBUG default - [User=Wipaporn Kitisriworaphan (Wipaporn.kiti@gmail.com)] applies 0 allowed 1, ids 26 requested  [File=/var/www/html/booking/lib/Application/Attributes/AttributeService.php,Line=294]
2019-04-08T18:04:48+07:00 [6290] DEBUG default - [User=Wipaporn Kitisriworaphan (Wipaporn.kiti@gmail.com)] applies 0 allowed 0, ids 2 requested  [File=/var/www/html/booking/lib/Application/Attributes/AttributeService.php,Line=294]
2019-04-08T18:04:48+07:00 [6290] DEBUG default - [User=Wipaporn Kitisriworaphan (Wipaporn.kiti@gmail.com)] applies 0 allowed 0, ids 17 requested  [File=/var/www/html/booking/lib/Application/Attributes/AttributeService.php,Line=294]
2019-04-08T18:04:48+07:00 [6290] DEBUG default - [User=Wipaporn Kitisriworaphan (Wipaporn.kiti@gmail.com)] applies 0 allowed 1, ids 16 requested  [File=/var/www/html/booking/lib/Application/Attributes/AttributeService.php,Line=294]
2019-04-08T18:04:48+07:00 [6290] DEBUG default - [User=Wipaporn Kitisriworaphan (Wipaporn.kiti@gmail.com)] applies 0 allowed 1, ids 23,26,22,21 requested  [File=/var/www/html/booking/lib/Application/Attributes/AttributeService.php,Line=294]
2019-04-08T18:04:48+07:00 [6290] DEBUG default - [User=Wipaporn Kitisriworaphan (Wipaporn.kiti@gmail.com)] applies 0 allowed 1, ids 23,26,22,29,21 requested  [File=/var/www/html/booking/lib/Application/Attributes/AttributeService.php,Line=294]
