2019-08-31T06:54:07+07:00 [24915] DEBUG default - [User=Thitapond Nulek (1630411@vistec.ac.th)] applies 0 allowed 1, ids 2 requested 13 [File=/var/www/html/booking/lib/Application/Attributes/AttributeService.php,Line=294]
2019-08-31T06:54:07+07:00 [24915] DEBUG default - [User=Thitapond Nulek (1630411@vistec.ac.th)] applies 0 allowed 0, ids 17 requested 13 [File=/var/www/html/booking/lib/Application/Attributes/AttributeService.php,Line=294]
2019-08-31T06:54:07+07:00 [24915] DEBUG default - [User=Thitapond Nulek (1630411@vistec.ac.th)] applies 0 allowed 0, ids 25 requested 13 [File=/var/www/html/booking/lib/Application/Attributes/AttributeService.php,Line=294]
2019-08-31T06:54:07+07:00 [24915] DEBUG default - [User=Thitapond Nulek (1630411@vistec.ac.th)] applies 0 allowed 0, ids 16 requested 13 [File=/var/www/html/booking/lib/Application/Attributes/AttributeService.php,Line=294]
2019-08-31T06:54:07+07:00 [24915] DEBUG default - [User=Thitapond Nulek (1630411@vistec.ac.th)] applies 0 allowed 0, ids 25 requested 13 [File=/var/www/html/booking/lib/Application/Attributes/AttributeService.php,Line=294]
2019-08-31T06:54:07+07:00 [24915] DEBUG default - [User=Thitapond Nulek (1630411@vistec.ac.th)] applies 0 allowed 0, ids 26 requested 13 [File=/var/www/html/booking/lib/Application/Attributes/AttributeService.php,Line=294]
2019-08-31T06:54:07+07:00 [24915] DEBUG default - [User=Thitapond Nulek (1630411@vistec.ac.th)] applies 0 allowed 0, ids 29 requested 13 [File=/var/www/html/booking/lib/Application/Attributes/AttributeService.php,Line=294]
2019-08-31T06:54:07+07:00 [24915] DEBUG default - [User=Thitapond Nulek (1630411@vistec.ac.th)] applies 0 allowed 0, ids 26 requested 13 [File=/var/www/html/booking/lib/Application/Attributes/AttributeService.php,Line=294]
2019-08-31T06:54:07+07:00 [24915] DEBUG default - [User=Thitapond Nulek (1630411@vistec.ac.th)] applies 0 allowed 1, ids 2 requested 13 [File=/var/www/html/booking/lib/Application/Attributes/AttributeService.php,Line=294]
2019-08-31T06:54:07+07:00 [24915] DEBUG default - [User=Thitapond Nulek (1630411@vistec.ac.th)] applies 0 allowed 0, ids 15 requested 13 [File=/var/www/html/booking/lib/Application/Attributes/AttributeService.php,Line=294]
2019-08-31T06:54:07+07:00 [24915] DEBUG default - [User=Thitapond Nulek (1630411@vistec.ac.th)] applies 0 allowed 0, ids 18,27 requested 13 [File=/var/www/html/booking/lib/Application/Attributes/AttributeService.php,Line=294]
2019-08-31T06:54:07+07:00 [24915] DEBUG default - [User=Thitapond Nulek (1630411@vistec.ac.th)] applies 0 allowed 0, ids 16 requested 13 [File=/var/www/html/booking/lib/Application/Attributes/AttributeService.php,Line=294]
2019-08-31T06:54:07+07:00 [24915] DEBUG default - [User=Thitapond Nulek (1630411@vistec.ac.th)] applies 0 allowed 0, ids 18 requested 13 [File=/var/www/html/booking/lib/Application/Attributes/AttributeService.php,Line=294]
2019-08-31T06:54:07+07:00 [24915] DEBUG default - [User=Thitapond Nulek (1630411@vistec.ac.th)] applies 0 allowed 0, ids 26 requested 13 [File=/var/www/html/booking/lib/Application/Attributes/AttributeService.php,Line=294]
2019-08-31T06:54:07+07:00 [24915] DEBUG default - [User=Thitapond Nulek (1630411@vistec.ac.th)] applies 0 allowed 1, ids 18,2 requested 13 [File=/var/www/html/booking/lib/Application/Attributes/AttributeService.php,Line=294]
2019-08-31T06:54:07+07:00 [24915] DEBUG default - [User=Thitapond Nulek (1630411@vistec.ac.th)] applies 0 allowed 0, ids 17 requested 13 [File=/var/www/html/booking/lib/Application/Attributes/AttributeService.php,Line=294]
2019-08-31T06:54:07+07:00 [24915] DEBUG default - [User=Thitapond Nulek (1630411@vistec.ac.th)] applies 0 allowed 0, ids 17 requested 13 [File=/var/www/html/booking/lib/Application/Attributes/AttributeService.php,Line=294]
2019-08-31T06:54:07+07:00 [24915] DEBUG default - [User=Thitapond Nulek (1630411@vistec.ac.th)] applies 0 allowed 0, ids 26 requested 13 [File=/var/www/html/booking/lib/Application/Attributes/AttributeService.php,Line=294]
2019-08-31T06:54:07+07:00 [24915] DEBUG default - [User=Thitapond Nulek (1630411@vistec.ac.th)] applies 0 allowed 1, ids 2 requested 13 [File=/var/www/html/booking/lib/Application/Attributes/AttributeService.php,Line=294]
2019-08-31T06:54:07+07:00 [24915] DEBUG default - [User=Thitapond Nulek (1630411@vistec.ac.th)] applies 0 allowed 0, ids 17 requested 13 [File=/var/www/html/booking/lib/Application/Attributes/AttributeService.php,Line=294]
2019-08-31T06:54:07+07:00 [24915] DEBUG default - [User=Thitapond Nulek (1630411@vistec.ac.th)] applies 0 allowed 0, ids 16 requested 13 [File=/var/www/html/booking/lib/Application/Attributes/AttributeService.php,Line=294]
2019-08-31T06:54:07+07:00 [24915] DEBUG default - [User=Thitapond Nulek (1630411@vistec.ac.th)] applies 0 allowed 1, ids 23,26,22,21 requested 13 [File=/var/www/html/booking/lib/Application/Attributes/AttributeService.php,Line=294]
2019-08-31T06:54:07+07:00 [24915] DEBUG default - [User=Thitapond Nulek (1630411@vistec.ac.th)] applies 0 allowed 1, ids 23,26,22,29,21 requested 13 [File=/var/www/html/booking/lib/Application/Attributes/AttributeService.php,Line=294]
2019-08-31T10:34:51+07:00 [24679] DEBUG default - [User=Kwanchanok Udomsasporn (1530308@vistec.ac.th)] Adding custom attribute value for entityId=9, attributeId=29 [File=/var/www/html/booking/lib/Application/Attributes/AttributeList.php,Line=122]
2019-08-31T10:34:51+07:00 [24679] DEBUG default - [User=Kwanchanok Udomsasporn (1530308@vistec.ac.th)] Took 0 seconds to load custom attributes for category 4 [File=/var/www/html/booking/lib/Application/Attributes/AttributeService.php,Line=154]
2019-08-31T10:34:51+07:00 [24679] DEBUG default - [User=Kwanchanok Udomsasporn (1530308@vistec.ac.th)] Found 1 attributes for entityId 9 [File=/var/www/html/booking/lib/Application/Attributes/AttributeList.php,Line=165]
2019-08-31T10:34:51+07:00 [24679] DEBUG default - [User=Kwanchanok Udomsasporn (1530308@vistec.ac.th)] Took 0 seconds to load custom attributes for category 5 [File=/var/www/html/booking/lib/Application/Attributes/AttributeService.php,Line=154]
2019-08-31T10:34:51+07:00 [24679] DEBUG default - [User=Kwanchanok Udomsasporn (1530308@vistec.ac.th)] Found 0 attributes for entityId 5 [File=/var/www/html/booking/lib/Application/Attributes/AttributeList.php,Line=165]
2019-08-31T10:34:53+07:00 [24915] DEBUG default - [User=Kwanchanok Udomsasporn (1530308@vistec.ac.th)] Adding custom attribute value for entityId=28, attributeId=29 [File=/var/www/html/booking/lib/Application/Attributes/AttributeList.php,Line=122]
2019-08-31T10:34:53+07:00 [24915] DEBUG default - [User=Kwanchanok Udomsasporn (1530308@vistec.ac.th)] Took 0 seconds to load custom attributes for category 4 [File=/var/www/html/booking/lib/Application/Attributes/AttributeService.php,Line=154]
2019-08-31T10:34:53+07:00 [24915] DEBUG default - [User=Kwanchanok Udomsasporn (1530308@vistec.ac.th)] Found 1 attributes for entityId 28 [File=/var/www/html/booking/lib/Application/Attributes/AttributeList.php,Line=165]
2019-08-31T10:34:53+07:00 [24915] DEBUG default - [User=Kwanchanok Udomsasporn (1530308@vistec.ac.th)] Took 0 seconds to load custom attributes for category 5 [File=/var/www/html/booking/lib/Application/Attributes/AttributeService.php,Line=154]
2019-08-31T10:34:53+07:00 [24915] DEBUG default - [User=Kwanchanok Udomsasporn (1530308@vistec.ac.th)] Found 0 attributes for entityId 2 [File=/var/www/html/booking/lib/Application/Attributes/AttributeList.php,Line=165]
2019-08-31T10:35:00+07:00 [24679] DEBUG default - [User=Kwanchanok Udomsasporn (1530308@vistec.ac.th)] applies 0 allowed 0, ids 2 requested  [File=/var/www/html/booking/lib/Application/Attributes/AttributeService.php,Line=294]
2019-08-31T10:35:00+07:00 [24679] DEBUG default - [User=Kwanchanok Udomsasporn (1530308@vistec.ac.th)] applies 0 allowed 0, ids 17 requested  [File=/var/www/html/booking/lib/Application/Attributes/AttributeService.php,Line=294]
2019-08-31T10:35:00+07:00 [24679] DEBUG default - [User=Kwanchanok Udomsasporn (1530308@vistec.ac.th)] applies 0 allowed 0, ids 25 requested  [File=/var/www/html/booking/lib/Application/Attributes/AttributeService.php,Line=294]
2019-08-31T10:35:00+07:00 [24679] DEBUG default - [User=Kwanchanok Udomsasporn (1530308@vistec.ac.th)] applies 0 allowed 0, ids 16 requested  [File=/var/www/html/booking/lib/Application/Attributes/AttributeService.php,Line=294]
2019-08-31T10:35:00+07:00 [24679] DEBUG default - [User=Kwanchanok Udomsasporn (1530308@vistec.ac.th)] applies 0 allowed 0, ids 25 requested  [File=/var/www/html/booking/lib/Application/Attributes/AttributeService.php,Line=294]
2019-08-31T10:35:00+07:00 [24679] DEBUG default - [User=Kwanchanok Udomsasporn (1530308@vistec.ac.th)] applies 0 allowed 0, ids 26 requested  [File=/var/www/html/booking/lib/Application/Attributes/AttributeService.php,Line=294]
2019-08-31T10:35:00+07:00 [24679] DEBUG default - [User=Kwanchanok Udomsasporn (1530308@vistec.ac.th)] applies 0 allowed 0, ids 29 requested  [File=/var/www/html/booking/lib/Application/Attributes/AttributeService.php,Line=294]
2019-08-31T10:35:00+07:00 [24679] DEBUG default - [User=Kwanchanok Udomsasporn (1530308@vistec.ac.th)] applies 0 allowed 0, ids 26 requested  [File=/var/www/html/booking/lib/Application/Attributes/AttributeService.php,Line=294]
2019-08-31T10:35:00+07:00 [24679] DEBUG default - [User=Kwanchanok Udomsasporn (1530308@vistec.ac.th)] applies 0 allowed 0, ids 2 requested  [File=/var/www/html/booking/lib/Application/Attributes/AttributeService.php,Line=294]
2019-08-31T10:35:00+07:00 [24679] DEBUG default - [User=Kwanchanok Udomsasporn (1530308@vistec.ac.th)] applies 0 allowed 0, ids 15 requested  [File=/var/www/html/booking/lib/Application/Attributes/AttributeService.php,Line=294]
2019-08-31T10:35:00+07:00 [24679] DEBUG default - [User=Kwanchanok Udomsasporn (1530308@vistec.ac.th)] applies 0 allowed 0, ids 18,27 requested  [File=/var/www/html/booking/lib/Application/Attributes/AttributeService.php,Line=294]
2019-08-31T10:35:00+07:00 [24679] DEBUG default - [User=Kwanchanok Udomsasporn (1530308@vistec.ac.th)] applies 0 allowed 0, ids 16 requested  [File=/var/www/html/booking/lib/Application/Attributes/AttributeService.php,Line=294]
2019-08-31T10:35:00+07:00 [24679] DEBUG default - [User=Kwanchanok Udomsasporn (1530308@vistec.ac.th)] applies 0 allowed 0, ids 18 requested  [File=/var/www/html/booking/lib/Application/Attributes/AttributeService.php,Line=294]
2019-08-31T10:35:00+07:00 [24679] DEBUG default - [User=Kwanchanok Udomsasporn (1530308@vistec.ac.th)] applies 0 allowed 0, ids 26 requested  [File=/var/www/html/booking/lib/Application/Attributes/AttributeService.php,Line=294]
2019-08-31T10:35:00+07:00 [24679] DEBUG default - [User=Kwanchanok Udomsasporn (1530308@vistec.ac.th)] applies 0 allowed 0, ids 18,2 requested  [File=/var/www/html/booking/lib/Application/Attributes/AttributeService.php,Line=294]
2019-08-31T10:35:00+07:00 [24679] DEBUG default - [User=Kwanchanok Udomsasporn (1530308@vistec.ac.th)] applies 0 allowed 0, ids 17 requested  [File=/var/www/html/booking/lib/Application/Attributes/AttributeService.php,Line=294]
2019-08-31T10:35:00+07:00 [24679] DEBUG default - [User=Kwanchanok Udomsasporn (1530308@vistec.ac.th)] applies 0 allowed 0, ids 17 requested  [File=/var/www/html/booking/lib/Application/Attributes/AttributeService.php,Line=294]
2019-08-31T10:35:00+07:00 [24679] DEBUG default - [User=Kwanchanok Udomsasporn (1530308@vistec.ac.th)] applies 0 allowed 0, ids 26 requested  [File=/var/www/html/booking/lib/Application/Attributes/AttributeService.php,Line=294]
2019-08-31T10:35:00+07:00 [24679] DEBUG default - [User=Kwanchanok Udomsasporn (1530308@vistec.ac.th)] applies 0 allowed 0, ids 2 requested  [File=/var/www/html/booking/lib/Application/Attributes/AttributeService.php,Line=294]
2019-08-31T10:35:00+07:00 [24679] DEBUG default - [User=Kwanchanok Udomsasporn (1530308@vistec.ac.th)] applies 0 allowed 0, ids 17 requested  [File=/var/www/html/booking/lib/Application/Attributes/AttributeService.php,Line=294]
2019-08-31T10:35:00+07:00 [24679] DEBUG default - [User=Kwanchanok Udomsasporn (1530308@vistec.ac.th)] applies 0 allowed 0, ids 16 requested  [File=/var/www/html/booking/lib/Application/Attributes/AttributeService.php,Line=294]
2019-08-31T10:35:00+07:00 [24679] DEBUG default - [User=Kwanchanok Udomsasporn (1530308@vistec.ac.th)] applies 0 allowed 0, ids 23,26,22,21 requested  [File=/var/www/html/booking/lib/Application/Attributes/AttributeService.php,Line=294]
2019-08-31T10:35:00+07:00 [24679] DEBUG default - [User=Kwanchanok Udomsasporn (1530308@vistec.ac.th)] applies 0 allowed 0, ids 23,26,22,29,21 requested  [File=/var/www/html/booking/lib/Application/Attributes/AttributeService.php,Line=294]
2019-08-31T10:35:19+07:00 [24915] DEBUG default - [User=Kwanchanok Udomsasporn (1530308@vistec.ac.th)] applies 0 allowed 0, ids 2 requested  [File=/var/www/html/booking/lib/Application/Attributes/AttributeService.php,Line=294]
2019-08-31T10:35:19+07:00 [24915] DEBUG default - [User=Kwanchanok Udomsasporn (1530308@vistec.ac.th)] applies 0 allowed 0, ids 17 requested  [File=/var/www/html/booking/lib/Application/Attributes/AttributeService.php,Line=294]
2019-08-31T10:35:19+07:00 [24915] DEBUG default - [User=Kwanchanok Udomsasporn (1530308@vistec.ac.th)] applies 0 allowed 0, ids 25 requested  [File=/var/www/html/booking/lib/Application/Attributes/AttributeService.php,Line=294]
2019-08-31T10:35:19+07:00 [24915] DEBUG default - [User=Kwanchanok Udomsasporn (1530308@vistec.ac.th)] applies 0 allowed 0, ids 16 requested  [File=/var/www/html/booking/lib/Application/Attributes/AttributeService.php,Line=294]
2019-08-31T10:35:19+07:00 [24915] DEBUG default - [User=Kwanchanok Udomsasporn (1530308@vistec.ac.th)] applies 0 allowed 0, ids 25 requested  [File=/var/www/html/booking/lib/Application/Attributes/AttributeService.php,Line=294]
2019-08-31T10:35:19+07:00 [24915] DEBUG default - [User=Kwanchanok Udomsasporn (1530308@vistec.ac.th)] applies 0 allowed 0, ids 26 requested  [File=/var/www/html/booking/lib/Application/Attributes/AttributeService.php,Line=294]
2019-08-31T10:35:19+07:00 [24915] DEBUG default - [User=Kwanchanok Udomsasporn (1530308@vistec.ac.th)] applies 0 allowed 0, ids 29 requested  [File=/var/www/html/booking/lib/Application/Attributes/AttributeService.php,Line=294]
2019-08-31T10:35:19+07:00 [24915] DEBUG default - [User=Kwanchanok Udomsasporn (1530308@vistec.ac.th)] applies 0 allowed 0, ids 26 requested  [File=/var/www/html/booking/lib/Application/Attributes/AttributeService.php,Line=294]
2019-08-31T10:35:19+07:00 [24915] DEBUG default - [User=Kwanchanok Udomsasporn (1530308@vistec.ac.th)] applies 0 allowed 0, ids 2 requested  [File=/var/www/html/booking/lib/Application/Attributes/AttributeService.php,Line=294]
2019-08-31T10:35:19+07:00 [24915] DEBUG default - [User=Kwanchanok Udomsasporn (1530308@vistec.ac.th)] applies 0 allowed 0, ids 15 requested  [File=/var/www/html/booking/lib/Application/Attributes/AttributeService.php,Line=294]
2019-08-31T10:35:19+07:00 [24915] DEBUG default - [User=Kwanchanok Udomsasporn (1530308@vistec.ac.th)] applies 0 allowed 0, ids 18,27 requested  [File=/var/www/html/booking/lib/Application/Attributes/AttributeService.php,Line=294]
2019-08-31T10:35:19+07:00 [24915] DEBUG default - [User=Kwanchanok Udomsasporn (1530308@vistec.ac.th)] applies 0 allowed 0, ids 16 requested  [File=/var/www/html/booking/lib/Application/Attributes/AttributeService.php,Line=294]
2019-08-31T10:35:19+07:00 [24915] DEBUG default - [User=Kwanchanok Udomsasporn (1530308@vistec.ac.th)] applies 0 allowed 0, ids 18 requested  [File=/var/www/html/booking/lib/Application/Attributes/AttributeService.php,Line=294]
2019-08-31T10:35:19+07:00 [24915] DEBUG default - [User=Kwanchanok Udomsasporn (1530308@vistec.ac.th)] applies 0 allowed 0, ids 26 requested  [File=/var/www/html/booking/lib/Application/Attributes/AttributeService.php,Line=294]
2019-08-31T10:35:19+07:00 [24915] DEBUG default - [User=Kwanchanok Udomsasporn (1530308@vistec.ac.th)] applies 0 allowed 0, ids 18,2 requested  [File=/var/www/html/booking/lib/Application/Attributes/AttributeService.php,Line=294]
2019-08-31T10:35:19+07:00 [24915] DEBUG default - [User=Kwanchanok Udomsasporn (1530308@vistec.ac.th)] applies 0 allowed 0, ids 17 requested  [File=/var/www/html/booking/lib/Application/Attributes/AttributeService.php,Line=294]
2019-08-31T10:35:19+07:00 [24915] DEBUG default - [User=Kwanchanok Udomsasporn (1530308@vistec.ac.th)] applies 0 allowed 0, ids 17 requested  [File=/var/www/html/booking/lib/Application/Attributes/AttributeService.php,Line=294]
2019-08-31T10:35:19+07:00 [24915] DEBUG default - [User=Kwanchanok Udomsasporn (1530308@vistec.ac.th)] applies 0 allowed 0, ids 26 requested  [File=/var/www/html/booking/lib/Application/Attributes/AttributeService.php,Line=294]
2019-08-31T10:35:19+07:00 [24915] DEBUG default - [User=Kwanchanok Udomsasporn (1530308@vistec.ac.th)] applies 0 allowed 0, ids 2 requested  [File=/var/www/html/booking/lib/Application/Attributes/AttributeService.php,Line=294]
2019-08-31T10:35:19+07:00 [24915] DEBUG default - [User=Kwanchanok Udomsasporn (1530308@vistec.ac.th)] applies 0 allowed 0, ids 17 requested  [File=/var/www/html/booking/lib/Application/Attributes/AttributeService.php,Line=294]
2019-08-31T10:35:19+07:00 [24915] DEBUG default - [User=Kwanchanok Udomsasporn (1530308@vistec.ac.th)] applies 0 allowed 0, ids 16 requested  [File=/var/www/html/booking/lib/Application/Attributes/AttributeService.php,Line=294]
2019-08-31T10:35:19+07:00 [24915] DEBUG default - [User=Kwanchanok Udomsasporn (1530308@vistec.ac.th)] applies 0 allowed 0, ids 23,26,22,21 requested  [File=/var/www/html/booking/lib/Application/Attributes/AttributeService.php,Line=294]
2019-08-31T10:35:19+07:00 [24915] DEBUG default - [User=Kwanchanok Udomsasporn (1530308@vistec.ac.th)] applies 0 allowed 0, ids 23,26,22,29,21 requested  [File=/var/www/html/booking/lib/Application/Attributes/AttributeService.php,Line=294]
2019-08-31T19:39:29+07:00 [24679] DEBUG default - [User=Nuttapong Chantanop (1730307@vistec.ac.th)] applies 0 allowed 0, ids 2 requested NaN [File=/var/www/html/booking/lib/Application/Attributes/AttributeService.php,Line=294]
2019-08-31T19:39:29+07:00 [24679] DEBUG default - [User=Nuttapong Chantanop (1730307@vistec.ac.th)] applies 0 allowed 0, ids 17 requested NaN [File=/var/www/html/booking/lib/Application/Attributes/AttributeService.php,Line=294]
2019-08-31T19:39:29+07:00 [24679] DEBUG default - [User=Nuttapong Chantanop (1730307@vistec.ac.th)] applies 0 allowed 0, ids 25 requested NaN [File=/var/www/html/booking/lib/Application/Attributes/AttributeService.php,Line=294]
2019-08-31T19:39:29+07:00 [24679] DEBUG default - [User=Nuttapong Chantanop (1730307@vistec.ac.th)] applies 0 allowed 1, ids 16 requested NaN [File=/var/www/html/booking/lib/Application/Attributes/AttributeService.php,Line=294]
2019-08-31T19:39:29+07:00 [24679] DEBUG default - [User=Nuttapong Chantanop (1730307@vistec.ac.th)] applies 0 allowed 0, ids 25 requested NaN [File=/var/www/html/booking/lib/Application/Attributes/AttributeService.php,Line=294]
2019-08-31T19:39:29+07:00 [24679] DEBUG default - [User=Nuttapong Chantanop (1730307@vistec.ac.th)] applies 0 allowed 1, ids 26 requested NaN [File=/var/www/html/booking/lib/Application/Attributes/AttributeService.php,Line=294]
2019-08-31T19:39:29+07:00 [24679] DEBUG default - [User=Nuttapong Chantanop (1730307@vistec.ac.th)] applies 0 allowed 1, ids 29 requested NaN [File=/var/www/html/booking/lib/Application/Attributes/AttributeService.php,Line=294]
2019-08-31T19:39:29+07:00 [24679] DEBUG default - [User=Nuttapong Chantanop (1730307@vistec.ac.th)] applies 0 allowed 1, ids 26 requested NaN [File=/var/www/html/booking/lib/Application/Attributes/AttributeService.php,Line=294]
2019-08-31T19:39:29+07:00 [24679] DEBUG default - [User=Nuttapong Chantanop (1730307@vistec.ac.th)] applies 0 allowed 0, ids 2 requested NaN [File=/var/www/html/booking/lib/Application/Attributes/AttributeService.php,Line=294]
2019-08-31T19:39:29+07:00 [24679] DEBUG default - [User=Nuttapong Chantanop (1730307@vistec.ac.th)] applies 0 allowed 0, ids 15 requested NaN [File=/var/www/html/booking/lib/Application/Attributes/AttributeService.php,Line=294]
2019-08-31T19:39:29+07:00 [24679] DEBUG default - [User=Nuttapong Chantanop (1730307@vistec.ac.th)] applies 0 allowed 0, ids 18,27 requested NaN [File=/var/www/html/booking/lib/Application/Attributes/AttributeService.php,Line=294]
2019-08-31T19:39:29+07:00 [24679] DEBUG default - [User=Nuttapong Chantanop (1730307@vistec.ac.th)] applies 0 allowed 1, ids 16 requested NaN [File=/var/www/html/booking/lib/Application/Attributes/AttributeService.php,Line=294]
2019-08-31T19:39:29+07:00 [24679] DEBUG default - [User=Nuttapong Chantanop (1730307@vistec.ac.th)] applies 0 allowed 0, ids 18 requested NaN [File=/var/www/html/booking/lib/Application/Attributes/AttributeService.php,Line=294]
2019-08-31T19:39:29+07:00 [24679] DEBUG default - [User=Nuttapong Chantanop (1730307@vistec.ac.th)] applies 0 allowed 1, ids 26 requested NaN [File=/var/www/html/booking/lib/Application/Attributes/AttributeService.php,Line=294]
2019-08-31T19:39:29+07:00 [24679] DEBUG default - [User=Nuttapong Chantanop (1730307@vistec.ac.th)] applies 0 allowed 0, ids 18,2 requested NaN [File=/var/www/html/booking/lib/Application/Attributes/AttributeService.php,Line=294]
2019-08-31T19:39:29+07:00 [24679] DEBUG default - [User=Nuttapong Chantanop (1730307@vistec.ac.th)] applies 0 allowed 0, ids 17 requested NaN [File=/var/www/html/booking/lib/Application/Attributes/AttributeService.php,Line=294]
2019-08-31T19:39:29+07:00 [24679] DEBUG default - [User=Nuttapong Chantanop (1730307@vistec.ac.th)] applies 0 allowed 0, ids 17 requested NaN [File=/var/www/html/booking/lib/Application/Attributes/AttributeService.php,Line=294]
2019-08-31T19:39:29+07:00 [24679] DEBUG default - [User=Nuttapong Chantanop (1730307@vistec.ac.th)] applies 0 allowed 1, ids 26 requested NaN [File=/var/www/html/booking/lib/Application/Attributes/AttributeService.php,Line=294]
2019-08-31T19:39:29+07:00 [24679] DEBUG default - [User=Nuttapong Chantanop (1730307@vistec.ac.th)] applies 0 allowed 0, ids 2 requested NaN [File=/var/www/html/booking/lib/Application/Attributes/AttributeService.php,Line=294]
2019-08-31T19:39:29+07:00 [24679] DEBUG default - [User=Nuttapong Chantanop (1730307@vistec.ac.th)] applies 0 allowed 0, ids 17 requested NaN [File=/var/www/html/booking/lib/Application/Attributes/AttributeService.php,Line=294]
2019-08-31T19:39:29+07:00 [24679] DEBUG default - [User=Nuttapong Chantanop (1730307@vistec.ac.th)] applies 0 allowed 1, ids 16 requested NaN [File=/var/www/html/booking/lib/Application/Attributes/AttributeService.php,Line=294]
2019-08-31T19:39:29+07:00 [24679] DEBUG default - [User=Nuttapong Chantanop (1730307@vistec.ac.th)] applies 0 allowed 1, ids 23,26,22,21 requested NaN [File=/var/www/html/booking/lib/Application/Attributes/AttributeService.php,Line=294]
2019-08-31T19:39:29+07:00 [24679] DEBUG default - [User=Nuttapong Chantanop (1730307@vistec.ac.th)] applies 0 allowed 2, ids 23,26,22,29,21 requested NaN [File=/var/www/html/booking/lib/Application/Attributes/AttributeService.php,Line=294]
2019-08-31T21:52:41+07:00 [24679] DEBUG default - [User=Wuttichai Natongchai (Wuttichai.n_s16@vistec.ac.th)] applies 0 allowed 0, ids 2 requested  [File=/var/www/html/booking/lib/Application/Attributes/AttributeService.php,Line=294]
2019-08-31T21:52:41+07:00 [24679] DEBUG default - [User=Wuttichai Natongchai (Wuttichai.n_s16@vistec.ac.th)] applies 0 allowed 1, ids 17 requested  [File=/var/www/html/booking/lib/Application/Attributes/AttributeService.php,Line=294]
2019-08-31T21:52:41+07:00 [24679] DEBUG default - [User=Wuttichai Natongchai (Wuttichai.n_s16@vistec.ac.th)] applies 0 allowed 0, ids 25 requested  [File=/var/www/html/booking/lib/Application/Attributes/AttributeService.php,Line=294]
2019-08-31T21:52:41+07:00 [24679] DEBUG default - [User=Wuttichai Natongchai (Wuttichai.n_s16@vistec.ac.th)] applies 0 allowed 0, ids 16 requested  [File=/var/www/html/booking/lib/Application/Attributes/AttributeService.php,Line=294]
2019-08-31T21:52:41+07:00 [24679] DEBUG default - [User=Wuttichai Natongchai (Wuttichai.n_s16@vistec.ac.th)] applies 0 allowed 0, ids 25 requested  [File=/var/www/html/booking/lib/Application/Attributes/AttributeService.php,Line=294]
2019-08-31T21:52:41+07:00 [24679] DEBUG default - [User=Wuttichai Natongchai (Wuttichai.n_s16@vistec.ac.th)] applies 0 allowed 0, ids 26 requested  [File=/var/www/html/booking/lib/Application/Attributes/AttributeService.php,Line=294]
2019-08-31T21:52:41+07:00 [24679] DEBUG default - [User=Wuttichai Natongchai (Wuttichai.n_s16@vistec.ac.th)] applies 0 allowed 0, ids 29 requested  [File=/var/www/html/booking/lib/Application/Attributes/AttributeService.php,Line=294]
2019-08-31T21:52:41+07:00 [24679] DEBUG default - [User=Wuttichai Natongchai (Wuttichai.n_s16@vistec.ac.th)] applies 0 allowed 0, ids 26 requested  [File=/var/www/html/booking/lib/Application/Attributes/AttributeService.php,Line=294]
2019-08-31T21:52:41+07:00 [24679] DEBUG default - [User=Wuttichai Natongchai (Wuttichai.n_s16@vistec.ac.th)] applies 0 allowed 0, ids 2 requested  [File=/var/www/html/booking/lib/Application/Attributes/AttributeService.php,Line=294]
2019-08-31T21:52:41+07:00 [24679] DEBUG default - [User=Wuttichai Natongchai (Wuttichai.n_s16@vistec.ac.th)] applies 0 allowed 1, ids 15 requested  [File=/var/www/html/booking/lib/Application/Attributes/AttributeService.php,Line=294]
2019-08-31T21:52:41+07:00 [24679] DEBUG default - [User=Wuttichai Natongchai (Wuttichai.n_s16@vistec.ac.th)] applies 0 allowed 0, ids 18,27 requested  [File=/var/www/html/booking/lib/Application/Attributes/AttributeService.php,Line=294]
2019-08-31T21:52:41+07:00 [24679] DEBUG default - [User=Wuttichai Natongchai (Wuttichai.n_s16@vistec.ac.th)] applies 0 allowed 0, ids 16 requested  [File=/var/www/html/booking/lib/Application/Attributes/AttributeService.php,Line=294]
2019-08-31T21:52:41+07:00 [24679] DEBUG default - [User=Wuttichai Natongchai (Wuttichai.n_s16@vistec.ac.th)] applies 0 allowed 0, ids 18 requested  [File=/var/www/html/booking/lib/Application/Attributes/AttributeService.php,Line=294]
2019-08-31T21:52:41+07:00 [24679] DEBUG default - [User=Wuttichai Natongchai (Wuttichai.n_s16@vistec.ac.th)] applies 0 allowed 0, ids 26 requested  [File=/var/www/html/booking/lib/Application/Attributes/AttributeService.php,Line=294]
2019-08-31T21:52:41+07:00 [24679] DEBUG default - [User=Wuttichai Natongchai (Wuttichai.n_s16@vistec.ac.th)] applies 0 allowed 0, ids 18,2 requested  [File=/var/www/html/booking/lib/Application/Attributes/AttributeService.php,Line=294]
2019-08-31T21:52:41+07:00 [24679] DEBUG default - [User=Wuttichai Natongchai (Wuttichai.n_s16@vistec.ac.th)] applies 0 allowed 1, ids 17 requested  [File=/var/www/html/booking/lib/Application/Attributes/AttributeService.php,Line=294]
2019-08-31T21:52:41+07:00 [24679] DEBUG default - [User=Wuttichai Natongchai (Wuttichai.n_s16@vistec.ac.th)] applies 0 allowed 1, ids 17 requested  [File=/var/www/html/booking/lib/Application/Attributes/AttributeService.php,Line=294]
2019-08-31T21:52:41+07:00 [24679] DEBUG default - [User=Wuttichai Natongchai (Wuttichai.n_s16@vistec.ac.th)] applies 0 allowed 0, ids 26 requested  [File=/var/www/html/booking/lib/Application/Attributes/AttributeService.php,Line=294]
2019-08-31T21:52:41+07:00 [24679] DEBUG default - [User=Wuttichai Natongchai (Wuttichai.n_s16@vistec.ac.th)] applies 0 allowed 0, ids 2 requested  [File=/var/www/html/booking/lib/Application/Attributes/AttributeService.php,Line=294]
2019-08-31T21:52:41+07:00 [24679] DEBUG default - [User=Wuttichai Natongchai (Wuttichai.n_s16@vistec.ac.th)] applies 0 allowed 1, ids 17 requested  [File=/var/www/html/booking/lib/Application/Attributes/AttributeService.php,Line=294]
2019-08-31T21:52:41+07:00 [24679] DEBUG default - [User=Wuttichai Natongchai (Wuttichai.n_s16@vistec.ac.th)] applies 0 allowed 0, ids 16 requested  [File=/var/www/html/booking/lib/Application/Attributes/AttributeService.php,Line=294]
2019-08-31T21:52:41+07:00 [24679] DEBUG default - [User=Wuttichai Natongchai (Wuttichai.n_s16@vistec.ac.th)] applies 0 allowed 0, ids 23,26,22,21 requested  [File=/var/www/html/booking/lib/Application/Attributes/AttributeService.php,Line=294]
2019-08-31T21:52:41+07:00 [24679] DEBUG default - [User=Wuttichai Natongchai (Wuttichai.n_s16@vistec.ac.th)] applies 0 allowed 0, ids 23,26,22,29,21 requested  [File=/var/www/html/booking/lib/Application/Attributes/AttributeService.php,Line=294]
2019-08-31T21:52:50+07:00 [25700] DEBUG default - [User=Wuttichai Natongchai (Wuttichai.n_s16@vistec.ac.th)] applies 0 allowed 0, ids 2 requested  [File=/var/www/html/booking/lib/Application/Attributes/AttributeService.php,Line=294]
2019-08-31T21:52:50+07:00 [25700] DEBUG default - [User=Wuttichai Natongchai (Wuttichai.n_s16@vistec.ac.th)] applies 0 allowed 1, ids 17 requested  [File=/var/www/html/booking/lib/Application/Attributes/AttributeService.php,Line=294]
2019-08-31T21:52:50+07:00 [25700] DEBUG default - [User=Wuttichai Natongchai (Wuttichai.n_s16@vistec.ac.th)] applies 0 allowed 0, ids 25 requested  [File=/var/www/html/booking/lib/Application/Attributes/AttributeService.php,Line=294]
2019-08-31T21:52:50+07:00 [25700] DEBUG default - [User=Wuttichai Natongchai (Wuttichai.n_s16@vistec.ac.th)] applies 0 allowed 0, ids 16 requested  [File=/var/www/html/booking/lib/Application/Attributes/AttributeService.php,Line=294]
2019-08-31T21:52:50+07:00 [25700] DEBUG default - [User=Wuttichai Natongchai (Wuttichai.n_s16@vistec.ac.th)] applies 0 allowed 0, ids 25 requested  [File=/var/www/html/booking/lib/Application/Attributes/AttributeService.php,Line=294]
2019-08-31T21:52:50+07:00 [25700] DEBUG default - [User=Wuttichai Natongchai (Wuttichai.n_s16@vistec.ac.th)] applies 0 allowed 0, ids 26 requested  [File=/var/www/html/booking/lib/Application/Attributes/AttributeService.php,Line=294]
2019-08-31T21:52:50+07:00 [25700] DEBUG default - [User=Wuttichai Natongchai (Wuttichai.n_s16@vistec.ac.th)] applies 0 allowed 0, ids 29 requested  [File=/var/www/html/booking/lib/Application/Attributes/AttributeService.php,Line=294]
2019-08-31T21:52:50+07:00 [25700] DEBUG default - [User=Wuttichai Natongchai (Wuttichai.n_s16@vistec.ac.th)] applies 0 allowed 0, ids 26 requested  [File=/var/www/html/booking/lib/Application/Attributes/AttributeService.php,Line=294]
2019-08-31T21:52:50+07:00 [25700] DEBUG default - [User=Wuttichai Natongchai (Wuttichai.n_s16@vistec.ac.th)] applies 0 allowed 0, ids 2 requested  [File=/var/www/html/booking/lib/Application/Attributes/AttributeService.php,Line=294]
2019-08-31T21:52:50+07:00 [25700] DEBUG default - [User=Wuttichai Natongchai (Wuttichai.n_s16@vistec.ac.th)] applies 0 allowed 1, ids 15 requested  [File=/var/www/html/booking/lib/Application/Attributes/AttributeService.php,Line=294]
2019-08-31T21:52:50+07:00 [25700] DEBUG default - [User=Wuttichai Natongchai (Wuttichai.n_s16@vistec.ac.th)] applies 0 allowed 0, ids 18,27 requested  [File=/var/www/html/booking/lib/Application/Attributes/AttributeService.php,Line=294]
2019-08-31T21:52:50+07:00 [25700] DEBUG default - [User=Wuttichai Natongchai (Wuttichai.n_s16@vistec.ac.th)] applies 0 allowed 0, ids 16 requested  [File=/var/www/html/booking/lib/Application/Attributes/AttributeService.php,Line=294]
2019-08-31T21:52:50+07:00 [25700] DEBUG default - [User=Wuttichai Natongchai (Wuttichai.n_s16@vistec.ac.th)] applies 0 allowed 0, ids 18 requested  [File=/var/www/html/booking/lib/Application/Attributes/AttributeService.php,Line=294]
2019-08-31T21:52:50+07:00 [25700] DEBUG default - [User=Wuttichai Natongchai (Wuttichai.n_s16@vistec.ac.th)] applies 0 allowed 0, ids 26 requested  [File=/var/www/html/booking/lib/Application/Attributes/AttributeService.php,Line=294]
2019-08-31T21:52:50+07:00 [25700] DEBUG default - [User=Wuttichai Natongchai (Wuttichai.n_s16@vistec.ac.th)] applies 0 allowed 0, ids 18,2 requested  [File=/var/www/html/booking/lib/Application/Attributes/AttributeService.php,Line=294]
2019-08-31T21:52:50+07:00 [25700] DEBUG default - [User=Wuttichai Natongchai (Wuttichai.n_s16@vistec.ac.th)] applies 0 allowed 1, ids 17 requested  [File=/var/www/html/booking/lib/Application/Attributes/AttributeService.php,Line=294]
2019-08-31T21:52:50+07:00 [25700] DEBUG default - [User=Wuttichai Natongchai (Wuttichai.n_s16@vistec.ac.th)] applies 0 allowed 1, ids 17 requested  [File=/var/www/html/booking/lib/Application/Attributes/AttributeService.php,Line=294]
2019-08-31T21:52:50+07:00 [25700] DEBUG default - [User=Wuttichai Natongchai (Wuttichai.n_s16@vistec.ac.th)] applies 0 allowed 0, ids 26 requested  [File=/var/www/html/booking/lib/Application/Attributes/AttributeService.php,Line=294]
2019-08-31T21:52:50+07:00 [25700] DEBUG default - [User=Wuttichai Natongchai (Wuttichai.n_s16@vistec.ac.th)] applies 0 allowed 0, ids 2 requested  [File=/var/www/html/booking/lib/Application/Attributes/AttributeService.php,Line=294]
2019-08-31T21:52:50+07:00 [25700] DEBUG default - [User=Wuttichai Natongchai (Wuttichai.n_s16@vistec.ac.th)] applies 0 allowed 1, ids 17 requested  [File=/var/www/html/booking/lib/Application/Attributes/AttributeService.php,Line=294]
2019-08-31T21:52:50+07:00 [25700] DEBUG default - [User=Wuttichai Natongchai (Wuttichai.n_s16@vistec.ac.th)] applies 0 allowed 0, ids 16 requested  [File=/var/www/html/booking/lib/Application/Attributes/AttributeService.php,Line=294]
2019-08-31T21:52:50+07:00 [25700] DEBUG default - [User=Wuttichai Natongchai (Wuttichai.n_s16@vistec.ac.th)] applies 0 allowed 0, ids 23,26,22,21 requested  [File=/var/www/html/booking/lib/Application/Attributes/AttributeService.php,Line=294]
2019-08-31T21:52:50+07:00 [25700] DEBUG default - [User=Wuttichai Natongchai (Wuttichai.n_s16@vistec.ac.th)] applies 0 allowed 0, ids 23,26,22,29,21 requested  [File=/var/www/html/booking/lib/Application/Attributes/AttributeService.php,Line=294]
2019-08-31T21:53:16+07:00 [24915] DEBUG default - [User=Wuttichai Natongchai (Wuttichai.n_s16@vistec.ac.th)] applies 0 allowed 0, ids 2 requested 17 [File=/var/www/html/booking/lib/Application/Attributes/AttributeService.php,Line=294]
2019-08-31T21:53:16+07:00 [24915] DEBUG default - [User=Wuttichai Natongchai (Wuttichai.n_s16@vistec.ac.th)] applies 1 allowed 1, ids 17 requested 17 [File=/var/www/html/booking/lib/Application/Attributes/AttributeService.php,Line=294]
2019-08-31T21:53:16+07:00 [24915] DEBUG default - [User=Wuttichai Natongchai (Wuttichai.n_s16@vistec.ac.th)] applies 0 allowed 0, ids 25 requested 17 [File=/var/www/html/booking/lib/Application/Attributes/AttributeService.php,Line=294]
2019-08-31T21:53:16+07:00 [24915] DEBUG default - [User=Wuttichai Natongchai (Wuttichai.n_s16@vistec.ac.th)] applies 0 allowed 0, ids 16 requested 17 [File=/var/www/html/booking/lib/Application/Attributes/AttributeService.php,Line=294]
2019-08-31T21:53:16+07:00 [24915] DEBUG default - [User=Wuttichai Natongchai (Wuttichai.n_s16@vistec.ac.th)] applies 0 allowed 0, ids 25 requested 17 [File=/var/www/html/booking/lib/Application/Attributes/AttributeService.php,Line=294]
2019-08-31T21:53:16+07:00 [24915] DEBUG default - [User=Wuttichai Natongchai (Wuttichai.n_s16@vistec.ac.th)] applies 0 allowed 0, ids 26 requested 17 [File=/var/www/html/booking/lib/Application/Attributes/AttributeService.php,Line=294]
2019-08-31T21:53:16+07:00 [24915] DEBUG default - [User=Wuttichai Natongchai (Wuttichai.n_s16@vistec.ac.th)] applies 0 allowed 0, ids 29 requested 17 [File=/var/www/html/booking/lib/Application/Attributes/AttributeService.php,Line=294]
2019-08-31T21:53:16+07:00 [24915] DEBUG default - [User=Wuttichai Natongchai (Wuttichai.n_s16@vistec.ac.th)] applies 0 allowed 0, ids 26 requested 17 [File=/var/www/html/booking/lib/Application/Attributes/AttributeService.php,Line=294]
2019-08-31T21:53:16+07:00 [24915] DEBUG default - [User=Wuttichai Natongchai (Wuttichai.n_s16@vistec.ac.th)] applies 0 allowed 0, ids 2 requested 17 [File=/var/www/html/booking/lib/Application/Attributes/AttributeService.php,Line=294]
2019-08-31T21:53:16+07:00 [24915] DEBUG default - [User=Wuttichai Natongchai (Wuttichai.n_s16@vistec.ac.th)] applies 0 allowed 1, ids 15 requested 17 [File=/var/www/html/booking/lib/Application/Attributes/AttributeService.php,Line=294]
2019-08-31T21:53:16+07:00 [24915] DEBUG default - [User=Wuttichai Natongchai (Wuttichai.n_s16@vistec.ac.th)] applies 0 allowed 0, ids 18,27 requested 17 [File=/var/www/html/booking/lib/Application/Attributes/AttributeService.php,Line=294]
2019-08-31T21:53:16+07:00 [24915] DEBUG default - [User=Wuttichai Natongchai (Wuttichai.n_s16@vistec.ac.th)] applies 0 allowed 0, ids 16 requested 17 [File=/var/www/html/booking/lib/Application/Attributes/AttributeService.php,Line=294]
2019-08-31T21:53:16+07:00 [24915] DEBUG default - [User=Wuttichai Natongchai (Wuttichai.n_s16@vistec.ac.th)] applies 0 allowed 0, ids 18 requested 17 [File=/var/www/html/booking/lib/Application/Attributes/AttributeService.php,Line=294]
2019-08-31T21:53:16+07:00 [24915] DEBUG default - [User=Wuttichai Natongchai (Wuttichai.n_s16@vistec.ac.th)] applies 0 allowed 0, ids 26 requested 17 [File=/var/www/html/booking/lib/Application/Attributes/AttributeService.php,Line=294]
2019-08-31T21:53:16+07:00 [24915] DEBUG default - [User=Wuttichai Natongchai (Wuttichai.n_s16@vistec.ac.th)] applies 0 allowed 0, ids 18,2 requested 17 [File=/var/www/html/booking/lib/Application/Attributes/AttributeService.php,Line=294]
2019-08-31T21:53:16+07:00 [24915] DEBUG default - [User=Wuttichai Natongchai (Wuttichai.n_s16@vistec.ac.th)] applies 1 allowed 1, ids 17 requested 17 [File=/var/www/html/booking/lib/Application/Attributes/AttributeService.php,Line=294]
2019-08-31T21:53:16+07:00 [24915] DEBUG default - [User=Wuttichai Natongchai (Wuttichai.n_s16@vistec.ac.th)] applies 1 allowed 1, ids 17 requested 17 [File=/var/www/html/booking/lib/Application/Attributes/AttributeService.php,Line=294]
2019-08-31T21:53:16+07:00 [24915] DEBUG default - [User=Wuttichai Natongchai (Wuttichai.n_s16@vistec.ac.th)] applies 0 allowed 0, ids 26 requested 17 [File=/var/www/html/booking/lib/Application/Attributes/AttributeService.php,Line=294]
2019-08-31T21:53:16+07:00 [24915] DEBUG default - [User=Wuttichai Natongchai (Wuttichai.n_s16@vistec.ac.th)] applies 0 allowed 0, ids 2 requested 17 [File=/var/www/html/booking/lib/Application/Attributes/AttributeService.php,Line=294]
2019-08-31T21:53:16+07:00 [24915] DEBUG default - [User=Wuttichai Natongchai (Wuttichai.n_s16@vistec.ac.th)] applies 1 allowed 1, ids 17 requested 17 [File=/var/www/html/booking/lib/Application/Attributes/AttributeService.php,Line=294]
2019-08-31T21:53:16+07:00 [24915] DEBUG default - [User=Wuttichai Natongchai (Wuttichai.n_s16@vistec.ac.th)] applies 0 allowed 0, ids 16 requested 17 [File=/var/www/html/booking/lib/Application/Attributes/AttributeService.php,Line=294]
2019-08-31T21:53:16+07:00 [24915] DEBUG default - [User=Wuttichai Natongchai (Wuttichai.n_s16@vistec.ac.th)] applies 0 allowed 0, ids 23,26,22,21 requested 17 [File=/var/www/html/booking/lib/Application/Attributes/AttributeService.php,Line=294]
2019-08-31T21:53:16+07:00 [24915] DEBUG default - [User=Wuttichai Natongchai (Wuttichai.n_s16@vistec.ac.th)] applies 0 allowed 0, ids 23,26,22,29,21 requested 17 [File=/var/www/html/booking/lib/Application/Attributes/AttributeService.php,Line=294]
