2019-11-30T00:27:53+07:00 [2455] DEBUG sql - [User=Chokchai Kaiyasuan (chokchai.k_s17@vistec.ac.th)] MySql Query: SELECT a.*,
				(SELECT GROUP_CONCAT(e.entity_id SEPARATOR "!sep!")
							FROM custom_attribute_entities e WHERE e.custom_attribute_id = a.custom_attribute_id ORDER BY e.entity_id) as entity_ids,
				CASE
				WHEN a.attribute_category = 2 THEN (SELECT GROUP_CONCAT(CONCAT(u.fname, " ", u.lname) SEPARATOR "!sep!")
													FROM users u INNER JOIN custom_attribute_entities e
													WHERE e.custom_attribute_id = a.custom_attribute_id AND u.user_id = e.entity_id ORDER BY e.entity_id)
				WHEN a.attribute_category = 4 THEN (SELECT GROUP_CONCAT(r.name SEPARATOR "!sep!")
													FROM resources r INNER JOIN custom_attribute_entities e
													WHERE e.custom_attribute_id = a.custom_attribute_id AND r.resource_id = e.entity_id ORDER BY e.entity_id)
				WHEN a.attribute_category = 5  THEN (SELECT GROUP_CONCAT(rt.resource_type_name SEPARATOR "!sep!")
													FROM resource_types rt INNER JOIN custom_attribute_entities e
													WHERE e.custom_attribute_id = a.custom_attribute_id AND rt.resource_type_id = e.entity_id ORDER BY e.entity_id)
				ELSE null
				END as entity_descriptions,
				CASE
				WHEN a.secondary_category = 2 THEN (SELECT GROUP_CONCAT(CONCAT( fname, " ", lname ) SEPARATOR  "!sep!" ) FROM users WHERE FIND_IN_SET( user_id, a.secondary_entity_ids ))
				WHEN a.secondary_category = 4 THEN (SELECT GROUP_CONCAT(name SEPARATOR  "!sep!" ) FROM resources WHERE FIND_IN_SET( resource_id, a.secondary_entity_ids ))
				WHEN a.secondary_category = 5 THEN (SELECT GROUP_CONCAT(resource_type_name SEPARATOR  "!sep!" ) FROM resource_types WHERE FIND_IN_SET( resource_type_id, a.secondary_entity_ids ))
				ELSE null
				END as secondary_entity_descriptions
				FROM custom_attributes a WHERE a.attribute_category = '1' ORDER BY a.sort_order, a.display_label;
2019-11-30T00:27:53+07:00 [2455] DEBUG sql - [User=Chokchai Kaiyasuan (chokchai.k_s17@vistec.ac.th)] MySql Query: SELECT r.*, s.admin_group_id as s_admin_group_id,
		(SELECT GROUP_CONCAT(CONCAT(cav.custom_attribute_id, '=', cav.attribute_value) SEPARATOR "!sep!")
						FROM custom_attribute_values cav WHERE cav.entity_id = r.resource_id AND cav.attribute_category = 4) as attribute_list,
		(SELECT GROUP_CONCAT(rga.resource_group_id SEPARATOR "!sep!") FROM resource_group_assignment rga WHERE rga.resource_id = r.resource_id) AS group_list
		FROM resources r
		INNER JOIN schedules s ON r.schedule_id = s.schedule_id
		ORDER BY COALESCE(r.sort_order,0), r.name;
2019-11-30T00:27:53+07:00 [2455] DEBUG sql - [User=Chokchai Kaiyasuan (chokchai.k_s17@vistec.ac.th)] MySql Query: SELECT
			urp.user_id, r.resource_id, r.name
		FROM
			user_resource_permissions urp, resources r
		WHERE
			urp.user_id = '450' AND r.resource_id = urp.resource_id;
2019-11-30T00:27:53+07:00 [2455] DEBUG sql - [User=Chokchai Kaiyasuan (chokchai.k_s17@vistec.ac.th)] MySql Query: SELECT
			grp.group_id, r.resource_id, r.name
		FROM
			group_resource_permissions grp, resources r, user_groups ug
		WHERE
			ug.user_id = '450' AND ug.group_id = grp.group_id AND grp.resource_id = r.resource_id;
2019-11-30T00:27:53+07:00 [2455] DEBUG sql - [User=Chokchai Kaiyasuan (chokchai.k_s17@vistec.ac.th)] MySql Query: SELECT r.resource_id, r.name FROM resources r
		WHERE r.schedule_id IN (SELECT s.schedule_id FROM schedules s
			INNER JOIN groups g ON g.group_id = s.admin_group_id
			INNER JOIN user_groups ug on ug.group_id = g.group_id
			WHERE ug.user_id = '450')
		OR r.resource_id IN (SELECT r2.resource_id FROM resources r2
			INNER JOIN groups g ON g.group_id = r2.admin_group_id
			INNER JOIN user_groups ug on ug.group_id = g.group_id
			WHERE ug.user_id = '450');
2019-11-30T00:28:14+07:00 [2449] DEBUG sql - [User=Chokchai Kaiyasuan (chokchai.k_s17@vistec.ac.th)] MySql Query: SELECT r.*, s.admin_group_id as s_admin_group_id
			FROM resources r
			INNER JOIN schedules s ON r.schedule_id = s.schedule_id
			WHERE r.resource_id = '13';
2019-11-30T00:28:14+07:00 [2449] DEBUG sql - [User=Chokchai Kaiyasuan (chokchai.k_s17@vistec.ac.th)] MySql Query: SELECT cav.*, ca.display_label
		FROM custom_attribute_values cav
		INNER JOIN custom_attributes ca ON ca.custom_attribute_id = cav.custom_attribute_id
		WHERE cav.attribute_category = '4' AND cav.entity_id = '13';
2019-11-30T00:28:14+07:00 [2449] DEBUG sql - [User=Chokchai Kaiyasuan (chokchai.k_s17@vistec.ac.th)] MySql Query: SELECT * FROM resource_group_assignment WHERE resource_id = '13';
2019-11-30T00:28:14+07:00 [2449] DEBUG sql - [User=Chokchai Kaiyasuan (chokchai.k_s17@vistec.ac.th)] MySql Query: SELECT a.*,
				(SELECT GROUP_CONCAT(e.entity_id SEPARATOR "!sep!")
							FROM custom_attribute_entities e WHERE e.custom_attribute_id = a.custom_attribute_id ORDER BY e.entity_id) as entity_ids,
				CASE
				WHEN a.attribute_category = 2 THEN (SELECT GROUP_CONCAT(CONCAT(u.fname, " ", u.lname) SEPARATOR "!sep!")
													FROM users u INNER JOIN custom_attribute_entities e
													WHERE e.custom_attribute_id = a.custom_attribute_id AND u.user_id = e.entity_id ORDER BY e.entity_id)
				WHEN a.attribute_category = 4 THEN (SELECT GROUP_CONCAT(r.name SEPARATOR "!sep!")
													FROM resources r INNER JOIN custom_attribute_entities e
													WHERE e.custom_attribute_id = a.custom_attribute_id AND r.resource_id = e.entity_id ORDER BY e.entity_id)
				WHEN a.attribute_category = 5  THEN (SELECT GROUP_CONCAT(rt.resource_type_name SEPARATOR "!sep!")
													FROM resource_types rt INNER JOIN custom_attribute_entities e
													WHERE e.custom_attribute_id = a.custom_attribute_id AND rt.resource_type_id = e.entity_id ORDER BY e.entity_id)
				ELSE null
				END as entity_descriptions,
				CASE
				WHEN a.secondary_category = 2 THEN (SELECT GROUP_CONCAT(CONCAT( fname, " ", lname ) SEPARATOR  "!sep!" ) FROM users WHERE FIND_IN_SET( user_id, a.secondary_entity_ids ))
				WHEN a.secondary_category = 4 THEN (SELECT GROUP_CONCAT(name SEPARATOR  "!sep!" ) FROM resources WHERE FIND_IN_SET( resource_id, a.secondary_entity_ids ))
				WHEN a.secondary_category = 5 THEN (SELECT GROUP_CONCAT(resource_type_name SEPARATOR  "!sep!" ) FROM resource_types WHERE FIND_IN_SET( resource_type_id, a.secondary_entity_ids ))
				ELSE null
				END as secondary_entity_descriptions
				FROM custom_attributes a WHERE a.attribute_category = '4' ORDER BY a.sort_order, a.display_label;
2019-11-30T00:28:14+07:00 [2449] DEBUG sql - [User=Chokchai Kaiyasuan (chokchai.k_s17@vistec.ac.th)] MySql Query: SELECT *
		FROM custom_attribute_values WHERE entity_id IN ('13') AND attribute_category = '4';
2019-11-30T00:28:14+07:00 [2449] DEBUG sql - [User=Chokchai Kaiyasuan (chokchai.k_s17@vistec.ac.th)] MySql Query: SELECT * FROM resource_types WHERE resource_type_id = '4';
2019-11-30T00:28:14+07:00 [2449] DEBUG sql - [User=Chokchai Kaiyasuan (chokchai.k_s17@vistec.ac.th)] MySql Query: SELECT cav.*, ca.display_label
		FROM custom_attribute_values cav
		INNER JOIN custom_attributes ca ON ca.custom_attribute_id = cav.custom_attribute_id
		WHERE cav.attribute_category = '5' AND cav.entity_id = '4';
2019-11-30T00:28:14+07:00 [2449] DEBUG sql - [User=Chokchai Kaiyasuan (chokchai.k_s17@vistec.ac.th)] MySql Query: SELECT a.*,
				(SELECT GROUP_CONCAT(e.entity_id SEPARATOR "!sep!")
							FROM custom_attribute_entities e WHERE e.custom_attribute_id = a.custom_attribute_id ORDER BY e.entity_id) as entity_ids,
				CASE
				WHEN a.attribute_category = 2 THEN (SELECT GROUP_CONCAT(CONCAT(u.fname, " ", u.lname) SEPARATOR "!sep!")
													FROM users u INNER JOIN custom_attribute_entities e
													WHERE e.custom_attribute_id = a.custom_attribute_id AND u.user_id = e.entity_id ORDER BY e.entity_id)
				WHEN a.attribute_category = 4 THEN (SELECT GROUP_CONCAT(r.name SEPARATOR "!sep!")
													FROM resources r INNER JOIN custom_attribute_entities e
													WHERE e.custom_attribute_id = a.custom_attribute_id AND r.resource_id = e.entity_id ORDER BY e.entity_id)
				WHEN a.attribute_category = 5  THEN (SELECT GROUP_CONCAT(rt.resource_type_name SEPARATOR "!sep!")
													FROM resource_types rt INNER JOIN custom_attribute_entities e
													WHERE e.custom_attribute_id = a.custom_attribute_id AND rt.resource_type_id = e.entity_id ORDER BY e.entity_id)
				ELSE null
				END as entity_descriptions,
				CASE
				WHEN a.secondary_category = 2 THEN (SELECT GROUP_CONCAT(CONCAT( fname, " ", lname ) SEPARATOR  "!sep!" ) FROM users WHERE FIND_IN_SET( user_id, a.secondary_entity_ids ))
				WHEN a.secondary_category = 4 THEN (SELECT GROUP_CONCAT(name SEPARATOR  "!sep!" ) FROM resources WHERE FIND_IN_SET( resource_id, a.secondary_entity_ids ))
				WHEN a.secondary_category = 5 THEN (SELECT GROUP_CONCAT(resource_type_name SEPARATOR  "!sep!" ) FROM resource_types WHERE FIND_IN_SET( resource_type_id, a.secondary_entity_ids ))
				ELSE null
				END as secondary_entity_descriptions
				FROM custom_attributes a WHERE a.attribute_category = '5' ORDER BY a.sort_order, a.display_label;
2019-11-30T00:28:14+07:00 [2449] DEBUG sql - [User=Chokchai Kaiyasuan (chokchai.k_s17@vistec.ac.th)] MySql Query: SELECT *
		FROM custom_attribute_values WHERE entity_id IN ('4') AND attribute_category = '5';
2019-11-30T11:29:12+07:00 [8833] DEBUG sql - [User=Admin A. (meshaya.p@vistec.ac.th)] MySql Query: SELECT u.*, p.name AS position_name FROM users u 
		LEFT JOIN positions p ON p.position_id = u.position_id
		WHERE u.user_id = '545';
2019-11-30T11:29:12+07:00 [8833] DEBUG sql - [User=Admin A. (meshaya.p@vistec.ac.th)] MySql Query: SELECT * FROM user_email_preferences WHERE user_id = '545';
2019-11-30T11:29:12+07:00 [8833] DEBUG sql - [User=Admin A. (meshaya.p@vistec.ac.th)] MySql Query: SELECT
			urp.user_id, r.resource_id, r.name
		FROM
			user_resource_permissions urp, resources r
		WHERE
			urp.user_id = '545' AND r.resource_id = urp.resource_id;
2019-11-30T11:29:12+07:00 [8833] DEBUG sql - [User=Admin A. (meshaya.p@vistec.ac.th)] MySql Query: SELECT g.*, r.role_level
		FROM user_groups ug
		INNER JOIN groups g ON ug.group_id = g.group_id
		LEFT JOIN group_roles gr ON ug.group_id = gr.group_id
		LEFT JOIN roles r ON gr.role_id = r.role_id
		WHERE user_id = '545' AND (null is null OR r.role_level IN (null) );
2019-11-30T11:29:12+07:00 [8833] DEBUG sql - [User=Admin A. (meshaya.p@vistec.ac.th)] MySql Query: SELECT cav.*, ca.display_label
		FROM custom_attribute_values cav
		INNER JOIN custom_attributes ca ON ca.custom_attribute_id = cav.custom_attribute_id
		WHERE cav.attribute_category = '2' AND cav.entity_id = '545';
2019-11-30T11:29:12+07:00 [8833] DEBUG sql - [User=Admin A. (meshaya.p@vistec.ac.th)] MySql Query: SELECT name, value FROM user_preferences WHERE user_id = '545';
2019-11-30T11:29:12+07:00 [8833] DEBUG sql - [User=Admin A. (meshaya.p@vistec.ac.th)] MySql Query: SELECT u.*, pt.name AS position_name,
			(SELECT GROUP_CONCAT(CONCAT(p.name, "=", p.value) SEPARATOR "!sep!")
						FROM user_preferences p WHERE u.user_id = p.user_id) as preferences,
			(SELECT GROUP_CONCAT(CONCAT(cav.custom_attribute_id, '=', cav.attribute_value) SEPARATOR "!sep!")
						FROM custom_attribute_values cav WHERE cav.entity_id = u.user_id AND cav.attribute_category = 2) as attribute_list,
            (SELECT GROUP_CONCAT(ug.group_id SEPARATOR "!sep!")
                        FROM user_groups ug WHERE ug.user_id = u.user_id) as group_ids
			FROM users u
			LEFT JOIN positions pt ON pt.position_id = u.position_id 
			WHERE ( (0 = '0' OR status_id = '0') ) AND (fname LIKE '%plo%' OR ( lname LIKE '%plo%' ) OR ( email LIKE '%plo%' )) ORDER BY lname, fname;
2019-11-30T11:29:13+07:00 [2455] DEBUG sql - [User=Admin A. (meshaya.p@vistec.ac.th)] MySql Query: SELECT u.*, p.name AS position_name FROM users u 
		LEFT JOIN positions p ON p.position_id = u.position_id
		WHERE u.user_id = '545';
2019-11-30T11:29:13+07:00 [2455] DEBUG sql - [User=Admin A. (meshaya.p@vistec.ac.th)] MySql Query: SELECT * FROM user_email_preferences WHERE user_id = '545';
2019-11-30T11:29:13+07:00 [2455] DEBUG sql - [User=Admin A. (meshaya.p@vistec.ac.th)] MySql Query: SELECT
			urp.user_id, r.resource_id, r.name
		FROM
			user_resource_permissions urp, resources r
		WHERE
			urp.user_id = '545' AND r.resource_id = urp.resource_id;
2019-11-30T11:29:13+07:00 [2455] DEBUG sql - [User=Admin A. (meshaya.p@vistec.ac.th)] MySql Query: SELECT g.*, r.role_level
		FROM user_groups ug
		INNER JOIN groups g ON ug.group_id = g.group_id
		LEFT JOIN group_roles gr ON ug.group_id = gr.group_id
		LEFT JOIN roles r ON gr.role_id = r.role_id
		WHERE user_id = '545' AND (null is null OR r.role_level IN (null) );
2019-11-30T11:29:13+07:00 [2455] DEBUG sql - [User=Admin A. (meshaya.p@vistec.ac.th)] MySql Query: SELECT cav.*, ca.display_label
		FROM custom_attribute_values cav
		INNER JOIN custom_attributes ca ON ca.custom_attribute_id = cav.custom_attribute_id
		WHERE cav.attribute_category = '2' AND cav.entity_id = '545';
2019-11-30T11:29:13+07:00 [2455] DEBUG sql - [User=Admin A. (meshaya.p@vistec.ac.th)] MySql Query: SELECT name, value FROM user_preferences WHERE user_id = '545';
2019-11-30T11:29:13+07:00 [2455] DEBUG sql - [User=Admin A. (meshaya.p@vistec.ac.th)] MySql Query: SELECT u.*, pt.name AS position_name,
			(SELECT GROUP_CONCAT(CONCAT(p.name, "=", p.value) SEPARATOR "!sep!")
						FROM user_preferences p WHERE u.user_id = p.user_id) as preferences,
			(SELECT GROUP_CONCAT(CONCAT(cav.custom_attribute_id, '=', cav.attribute_value) SEPARATOR "!sep!")
						FROM custom_attribute_values cav WHERE cav.entity_id = u.user_id AND cav.attribute_category = 2) as attribute_list,
            (SELECT GROUP_CONCAT(ug.group_id SEPARATOR "!sep!")
                        FROM user_groups ug WHERE ug.user_id = u.user_id) as group_ids
			FROM users u
			LEFT JOIN positions pt ON pt.position_id = u.position_id 
			WHERE ( (0 = '0' OR status_id = '0') ) AND (fname LIKE '%ploy%' OR ( lname LIKE '%ploy%' ) OR ( email LIKE '%ploy%' )) ORDER BY lname, fname;
2019-11-30T11:29:40+07:00 [8833] DEBUG sql - [User=Admin A. (meshaya.p@vistec.ac.th)] MySql Query: SELECT u.*, p.name AS position_name FROM users u 
		LEFT JOIN positions p ON p.position_id = u.position_id
		WHERE u.user_id = '545';
2019-11-30T11:29:40+07:00 [8833] DEBUG sql - [User=Admin A. (meshaya.p@vistec.ac.th)] MySql Query: SELECT * FROM user_email_preferences WHERE user_id = '545';
2019-11-30T11:29:40+07:00 [8833] DEBUG sql - [User=Admin A. (meshaya.p@vistec.ac.th)] MySql Query: SELECT
			urp.user_id, r.resource_id, r.name
		FROM
			user_resource_permissions urp, resources r
		WHERE
			urp.user_id = '545' AND r.resource_id = urp.resource_id;
2019-11-30T11:29:40+07:00 [8833] DEBUG sql - [User=Admin A. (meshaya.p@vistec.ac.th)] MySql Query: SELECT g.*, r.role_level
		FROM user_groups ug
		INNER JOIN groups g ON ug.group_id = g.group_id
		LEFT JOIN group_roles gr ON ug.group_id = gr.group_id
		LEFT JOIN roles r ON gr.role_id = r.role_id
		WHERE user_id = '545' AND (null is null OR r.role_level IN (null) );
2019-11-30T11:29:40+07:00 [8833] DEBUG sql - [User=Admin A. (meshaya.p@vistec.ac.th)] MySql Query: SELECT cav.*, ca.display_label
		FROM custom_attribute_values cav
		INNER JOIN custom_attributes ca ON ca.custom_attribute_id = cav.custom_attribute_id
		WHERE cav.attribute_category = '2' AND cav.entity_id = '545';
2019-11-30T11:29:40+07:00 [8833] DEBUG sql - [User=Admin A. (meshaya.p@vistec.ac.th)] MySql Query: SELECT name, value FROM user_preferences WHERE user_id = '545';
2019-11-30T11:29:40+07:00 [8833] DEBUG sql - [User=Admin A. (meshaya.p@vistec.ac.th)] MySql Query: SELECT u.*, pt.name AS position_name,
			(SELECT GROUP_CONCAT(CONCAT(p.name, "=", p.value) SEPARATOR "!sep!")
						FROM user_preferences p WHERE u.user_id = p.user_id) as preferences,
			(SELECT GROUP_CONCAT(CONCAT(cav.custom_attribute_id, '=', cav.attribute_value) SEPARATOR "!sep!")
						FROM custom_attribute_values cav WHERE cav.entity_id = u.user_id AND cav.attribute_category = 2) as attribute_list,
            (SELECT GROUP_CONCAT(ug.group_id SEPARATOR "!sep!")
                        FROM user_groups ug WHERE ug.user_id = u.user_id) as group_ids
			FROM users u
			LEFT JOIN positions pt ON pt.position_id = u.position_id 
			WHERE ( (0 = '0' OR status_id = '0') ) AND (fname LIKE '%So%' OR ( lname LIKE '%So%' ) OR ( email LIKE '%So%' )) ORDER BY lname, fname;
2019-11-30T15:15:25+07:00 [2449] DEBUG sql - [User=Donhatai Sruamsiri (1730203@vistec.ac.th)] MySql Query: SELECT a.*,
				(SELECT GROUP_CONCAT(e.entity_id SEPARATOR "!sep!")
							FROM custom_attribute_entities e WHERE e.custom_attribute_id = a.custom_attribute_id ORDER BY e.entity_id) as entity_ids,
				CASE
				WHEN a.attribute_category = 2 THEN (SELECT GROUP_CONCAT(CONCAT(u.fname, " ", u.lname) SEPARATOR "!sep!")
													FROM users u INNER JOIN custom_attribute_entities e
													WHERE e.custom_attribute_id = a.custom_attribute_id AND u.user_id = e.entity_id ORDER BY e.entity_id)
				WHEN a.attribute_category = 4 THEN (SELECT GROUP_CONCAT(r.name SEPARATOR "!sep!")
													FROM resources r INNER JOIN custom_attribute_entities e
													WHERE e.custom_attribute_id = a.custom_attribute_id AND r.resource_id = e.entity_id ORDER BY e.entity_id)
				WHEN a.attribute_category = 5  THEN (SELECT GROUP_CONCAT(rt.resource_type_name SEPARATOR "!sep!")
													FROM resource_types rt INNER JOIN custom_attribute_entities e
													WHERE e.custom_attribute_id = a.custom_attribute_id AND rt.resource_type_id = e.entity_id ORDER BY e.entity_id)
				ELSE null
				END as entity_descriptions,
				CASE
				WHEN a.secondary_category = 2 THEN (SELECT GROUP_CONCAT(CONCAT( fname, " ", lname ) SEPARATOR  "!sep!" ) FROM users WHERE FIND_IN_SET( user_id, a.secondary_entity_ids ))
				WHEN a.secondary_category = 4 THEN (SELECT GROUP_CONCAT(name SEPARATOR  "!sep!" ) FROM resources WHERE FIND_IN_SET( resource_id, a.secondary_entity_ids ))
				WHEN a.secondary_category = 5 THEN (SELECT GROUP_CONCAT(resource_type_name SEPARATOR  "!sep!" ) FROM resource_types WHERE FIND_IN_SET( resource_type_id, a.secondary_entity_ids ))
				ELSE null
				END as secondary_entity_descriptions
				FROM custom_attributes a WHERE a.attribute_category = '1' ORDER BY a.sort_order, a.display_label;
2019-11-30T15:15:25+07:00 [2449] DEBUG sql - [User=Donhatai Sruamsiri (1730203@vistec.ac.th)] MySql Query: SELECT r.*, s.admin_group_id as s_admin_group_id,
		(SELECT GROUP_CONCAT(CONCAT(cav.custom_attribute_id, '=', cav.attribute_value) SEPARATOR "!sep!")
						FROM custom_attribute_values cav WHERE cav.entity_id = r.resource_id AND cav.attribute_category = 4) as attribute_list,
		(SELECT GROUP_CONCAT(rga.resource_group_id SEPARATOR "!sep!") FROM resource_group_assignment rga WHERE rga.resource_id = r.resource_id) AS group_list
		FROM resources r
		INNER JOIN schedules s ON r.schedule_id = s.schedule_id
		ORDER BY COALESCE(r.sort_order,0), r.name;
2019-11-30T15:15:25+07:00 [2449] DEBUG sql - [User=Donhatai Sruamsiri (1730203@vistec.ac.th)] MySql Query: SELECT
			urp.user_id, r.resource_id, r.name
		FROM
			user_resource_permissions urp, resources r
		WHERE
			urp.user_id = '480' AND r.resource_id = urp.resource_id;
2019-11-30T15:15:25+07:00 [2449] DEBUG sql - [User=Donhatai Sruamsiri (1730203@vistec.ac.th)] MySql Query: SELECT
			grp.group_id, r.resource_id, r.name
		FROM
			group_resource_permissions grp, resources r, user_groups ug
		WHERE
			ug.user_id = '480' AND ug.group_id = grp.group_id AND grp.resource_id = r.resource_id;
2019-11-30T15:15:25+07:00 [2449] DEBUG sql - [User=Donhatai Sruamsiri (1730203@vistec.ac.th)] MySql Query: SELECT r.resource_id, r.name FROM resources r
		WHERE r.schedule_id IN (SELECT s.schedule_id FROM schedules s
			INNER JOIN groups g ON g.group_id = s.admin_group_id
			INNER JOIN user_groups ug on ug.group_id = g.group_id
			WHERE ug.user_id = '480')
		OR r.resource_id IN (SELECT r2.resource_id FROM resources r2
			INNER JOIN groups g ON g.group_id = r2.admin_group_id
			INNER JOIN user_groups ug on ug.group_id = g.group_id
			WHERE ug.user_id = '480');
2019-11-30T18:47:48+07:00 [2449] DEBUG sql - [User=Peerapon Rapeenun (1730406@vistec.ac.th)] MySql Query: SELECT a.*,
				(SELECT GROUP_CONCAT(e.entity_id SEPARATOR "!sep!")
							FROM custom_attribute_entities e WHERE e.custom_attribute_id = a.custom_attribute_id ORDER BY e.entity_id) as entity_ids,
				CASE
				WHEN a.attribute_category = 2 THEN (SELECT GROUP_CONCAT(CONCAT(u.fname, " ", u.lname) SEPARATOR "!sep!")
													FROM users u INNER JOIN custom_attribute_entities e
													WHERE e.custom_attribute_id = a.custom_attribute_id AND u.user_id = e.entity_id ORDER BY e.entity_id)
				WHEN a.attribute_category = 4 THEN (SELECT GROUP_CONCAT(r.name SEPARATOR "!sep!")
													FROM resources r INNER JOIN custom_attribute_entities e
													WHERE e.custom_attribute_id = a.custom_attribute_id AND r.resource_id = e.entity_id ORDER BY e.entity_id)
				WHEN a.attribute_category = 5  THEN (SELECT GROUP_CONCAT(rt.resource_type_name SEPARATOR "!sep!")
													FROM resource_types rt INNER JOIN custom_attribute_entities e
													WHERE e.custom_attribute_id = a.custom_attribute_id AND rt.resource_type_id = e.entity_id ORDER BY e.entity_id)
				ELSE null
				END as entity_descriptions,
				CASE
				WHEN a.secondary_category = 2 THEN (SELECT GROUP_CONCAT(CONCAT( fname, " ", lname ) SEPARATOR  "!sep!" ) FROM users WHERE FIND_IN_SET( user_id, a.secondary_entity_ids ))
				WHEN a.secondary_category = 4 THEN (SELECT GROUP_CONCAT(name SEPARATOR  "!sep!" ) FROM resources WHERE FIND_IN_SET( resource_id, a.secondary_entity_ids ))
				WHEN a.secondary_category = 5 THEN (SELECT GROUP_CONCAT(resource_type_name SEPARATOR  "!sep!" ) FROM resource_types WHERE FIND_IN_SET( resource_type_id, a.secondary_entity_ids ))
				ELSE null
				END as secondary_entity_descriptions
				FROM custom_attributes a WHERE a.attribute_category = '1' ORDER BY a.sort_order, a.display_label;
2019-11-30T18:47:48+07:00 [2449] DEBUG sql - [User=Peerapon Rapeenun (1730406@vistec.ac.th)] MySql Query: SELECT r.*, s.admin_group_id as s_admin_group_id,
		(SELECT GROUP_CONCAT(CONCAT(cav.custom_attribute_id, '=', cav.attribute_value) SEPARATOR "!sep!")
						FROM custom_attribute_values cav WHERE cav.entity_id = r.resource_id AND cav.attribute_category = 4) as attribute_list,
		(SELECT GROUP_CONCAT(rga.resource_group_id SEPARATOR "!sep!") FROM resource_group_assignment rga WHERE rga.resource_id = r.resource_id) AS group_list
		FROM resources r
		INNER JOIN schedules s ON r.schedule_id = s.schedule_id
		ORDER BY COALESCE(r.sort_order,0), r.name;
2019-11-30T18:47:48+07:00 [2449] DEBUG sql - [User=Peerapon Rapeenun (1730406@vistec.ac.th)] MySql Query: SELECT
			urp.user_id, r.resource_id, r.name
		FROM
			user_resource_permissions urp, resources r
		WHERE
			urp.user_id = '446' AND r.resource_id = urp.resource_id;
2019-11-30T18:47:48+07:00 [2449] DEBUG sql - [User=Peerapon Rapeenun (1730406@vistec.ac.th)] MySql Query: SELECT
			grp.group_id, r.resource_id, r.name
		FROM
			group_resource_permissions grp, resources r, user_groups ug
		WHERE
			ug.user_id = '446' AND ug.group_id = grp.group_id AND grp.resource_id = r.resource_id;
2019-11-30T18:47:48+07:00 [2449] DEBUG sql - [User=Peerapon Rapeenun (1730406@vistec.ac.th)] MySql Query: SELECT r.resource_id, r.name FROM resources r
		WHERE r.schedule_id IN (SELECT s.schedule_id FROM schedules s
			INNER JOIN groups g ON g.group_id = s.admin_group_id
			INNER JOIN user_groups ug on ug.group_id = g.group_id
			WHERE ug.user_id = '446')
		OR r.resource_id IN (SELECT r2.resource_id FROM resources r2
			INNER JOIN groups g ON g.group_id = r2.admin_group_id
			INNER JOIN user_groups ug on ug.group_id = g.group_id
			WHERE ug.user_id = '446');
2019-11-30T18:48:10+07:00 [2449] DEBUG sql - [User=Peerapon Rapeenun (1730406@vistec.ac.th)] MySql Query: SELECT a.*,
				(SELECT GROUP_CONCAT(e.entity_id SEPARATOR "!sep!")
							FROM custom_attribute_entities e WHERE e.custom_attribute_id = a.custom_attribute_id ORDER BY e.entity_id) as entity_ids,
				CASE
				WHEN a.attribute_category = 2 THEN (SELECT GROUP_CONCAT(CONCAT(u.fname, " ", u.lname) SEPARATOR "!sep!")
													FROM users u INNER JOIN custom_attribute_entities e
													WHERE e.custom_attribute_id = a.custom_attribute_id AND u.user_id = e.entity_id ORDER BY e.entity_id)
				WHEN a.attribute_category = 4 THEN (SELECT GROUP_CONCAT(r.name SEPARATOR "!sep!")
													FROM resources r INNER JOIN custom_attribute_entities e
													WHERE e.custom_attribute_id = a.custom_attribute_id AND r.resource_id = e.entity_id ORDER BY e.entity_id)
				WHEN a.attribute_category = 5  THEN (SELECT GROUP_CONCAT(rt.resource_type_name SEPARATOR "!sep!")
													FROM resource_types rt INNER JOIN custom_attribute_entities e
													WHERE e.custom_attribute_id = a.custom_attribute_id AND rt.resource_type_id = e.entity_id ORDER BY e.entity_id)
				ELSE null
				END as entity_descriptions,
				CASE
				WHEN a.secondary_category = 2 THEN (SELECT GROUP_CONCAT(CONCAT( fname, " ", lname ) SEPARATOR  "!sep!" ) FROM users WHERE FIND_IN_SET( user_id, a.secondary_entity_ids ))
				WHEN a.secondary_category = 4 THEN (SELECT GROUP_CONCAT(name SEPARATOR  "!sep!" ) FROM resources WHERE FIND_IN_SET( resource_id, a.secondary_entity_ids ))
				WHEN a.secondary_category = 5 THEN (SELECT GROUP_CONCAT(resource_type_name SEPARATOR  "!sep!" ) FROM resource_types WHERE FIND_IN_SET( resource_type_id, a.secondary_entity_ids ))
				ELSE null
				END as secondary_entity_descriptions
				FROM custom_attributes a WHERE a.attribute_category = '1' ORDER BY a.sort_order, a.display_label;
2019-11-30T18:48:10+07:00 [2449] DEBUG sql - [User=Peerapon Rapeenun (1730406@vistec.ac.th)] MySql Query: SELECT r.*, s.admin_group_id as s_admin_group_id,
		(SELECT GROUP_CONCAT(CONCAT(cav.custom_attribute_id, '=', cav.attribute_value) SEPARATOR "!sep!")
						FROM custom_attribute_values cav WHERE cav.entity_id = r.resource_id AND cav.attribute_category = 4) as attribute_list,
		(SELECT GROUP_CONCAT(rga.resource_group_id SEPARATOR "!sep!") FROM resource_group_assignment rga WHERE rga.resource_id = r.resource_id) AS group_list
		FROM resources r
		INNER JOIN schedules s ON r.schedule_id = s.schedule_id
		ORDER BY COALESCE(r.sort_order,0), r.name;
2019-11-30T18:48:10+07:00 [2449] DEBUG sql - [User=Peerapon Rapeenun (1730406@vistec.ac.th)] MySql Query: SELECT
			urp.user_id, r.resource_id, r.name
		FROM
			user_resource_permissions urp, resources r
		WHERE
			urp.user_id = '446' AND r.resource_id = urp.resource_id;
2019-11-30T18:48:10+07:00 [2449] DEBUG sql - [User=Peerapon Rapeenun (1730406@vistec.ac.th)] MySql Query: SELECT
			grp.group_id, r.resource_id, r.name
		FROM
			group_resource_permissions grp, resources r, user_groups ug
		WHERE
			ug.user_id = '446' AND ug.group_id = grp.group_id AND grp.resource_id = r.resource_id;
2019-11-30T18:48:10+07:00 [2449] DEBUG sql - [User=Peerapon Rapeenun (1730406@vistec.ac.th)] MySql Query: SELECT r.resource_id, r.name FROM resources r
		WHERE r.schedule_id IN (SELECT s.schedule_id FROM schedules s
			INNER JOIN groups g ON g.group_id = s.admin_group_id
			INNER JOIN user_groups ug on ug.group_id = g.group_id
			WHERE ug.user_id = '446')
		OR r.resource_id IN (SELECT r2.resource_id FROM resources r2
			INNER JOIN groups g ON g.group_id = r2.admin_group_id
			INNER JOIN user_groups ug on ug.group_id = g.group_id
			WHERE ug.user_id = '446');
2019-11-30T20:46:50+07:00 [2455] DEBUG sql - [User=Ploypailin Saengdet (1830409@vistec.ac.th)] MySql Query: SELECT r.*, s.admin_group_id as s_admin_group_id
			FROM resources r
			INNER JOIN schedules s ON r.schedule_id = s.schedule_id
			WHERE r.resource_id = '31';
2019-11-30T20:46:50+07:00 [2455] DEBUG sql - [User=Ploypailin Saengdet (1830409@vistec.ac.th)] MySql Query: SELECT cav.*, ca.display_label
		FROM custom_attribute_values cav
		INNER JOIN custom_attributes ca ON ca.custom_attribute_id = cav.custom_attribute_id
		WHERE cav.attribute_category = '4' AND cav.entity_id = '31';
2019-11-30T20:46:50+07:00 [2455] DEBUG sql - [User=Ploypailin Saengdet (1830409@vistec.ac.th)] MySql Query: SELECT * FROM resource_group_assignment WHERE resource_id = '31';
2019-11-30T20:46:50+07:00 [2455] DEBUG sql - [User=Ploypailin Saengdet (1830409@vistec.ac.th)] MySql Query: SELECT a.*,
				(SELECT GROUP_CONCAT(e.entity_id SEPARATOR "!sep!")
							FROM custom_attribute_entities e WHERE e.custom_attribute_id = a.custom_attribute_id ORDER BY e.entity_id) as entity_ids,
				CASE
				WHEN a.attribute_category = 2 THEN (SELECT GROUP_CONCAT(CONCAT(u.fname, " ", u.lname) SEPARATOR "!sep!")
													FROM users u INNER JOIN custom_attribute_entities e
													WHERE e.custom_attribute_id = a.custom_attribute_id AND u.user_id = e.entity_id ORDER BY e.entity_id)
				WHEN a.attribute_category = 4 THEN (SELECT GROUP_CONCAT(r.name SEPARATOR "!sep!")
													FROM resources r INNER JOIN custom_attribute_entities e
													WHERE e.custom_attribute_id = a.custom_attribute_id AND r.resource_id = e.entity_id ORDER BY e.entity_id)
				WHEN a.attribute_category = 5  THEN (SELECT GROUP_CONCAT(rt.resource_type_name SEPARATOR "!sep!")
													FROM resource_types rt INNER JOIN custom_attribute_entities e
													WHERE e.custom_attribute_id = a.custom_attribute_id AND rt.resource_type_id = e.entity_id ORDER BY e.entity_id)
				ELSE null
				END as entity_descriptions,
				CASE
				WHEN a.secondary_category = 2 THEN (SELECT GROUP_CONCAT(CONCAT( fname, " ", lname ) SEPARATOR  "!sep!" ) FROM users WHERE FIND_IN_SET( user_id, a.secondary_entity_ids ))
				WHEN a.secondary_category = 4 THEN (SELECT GROUP_CONCAT(name SEPARATOR  "!sep!" ) FROM resources WHERE FIND_IN_SET( resource_id, a.secondary_entity_ids ))
				WHEN a.secondary_category = 5 THEN (SELECT GROUP_CONCAT(resource_type_name SEPARATOR  "!sep!" ) FROM resource_types WHERE FIND_IN_SET( resource_type_id, a.secondary_entity_ids ))
				ELSE null
				END as secondary_entity_descriptions
				FROM custom_attributes a WHERE a.attribute_category = '4' ORDER BY a.sort_order, a.display_label;
2019-11-30T20:46:50+07:00 [2455] DEBUG sql - [User=Ploypailin Saengdet (1830409@vistec.ac.th)] MySql Query: SELECT *
		FROM custom_attribute_values WHERE entity_id IN ('31') AND attribute_category = '4';
2019-11-30T20:46:50+07:00 [2455] DEBUG sql - [User=Ploypailin Saengdet (1830409@vistec.ac.th)] MySql Query: SELECT * FROM resource_types WHERE resource_type_id = '7';
2019-11-30T20:46:50+07:00 [2455] DEBUG sql - [User=Ploypailin Saengdet (1830409@vistec.ac.th)] MySql Query: SELECT cav.*, ca.display_label
		FROM custom_attribute_values cav
		INNER JOIN custom_attributes ca ON ca.custom_attribute_id = cav.custom_attribute_id
		WHERE cav.attribute_category = '5' AND cav.entity_id = '7';
2019-11-30T20:46:50+07:00 [2455] DEBUG sql - [User=Ploypailin Saengdet (1830409@vistec.ac.th)] MySql Query: SELECT a.*,
				(SELECT GROUP_CONCAT(e.entity_id SEPARATOR "!sep!")
							FROM custom_attribute_entities e WHERE e.custom_attribute_id = a.custom_attribute_id ORDER BY e.entity_id) as entity_ids,
				CASE
				WHEN a.attribute_category = 2 THEN (SELECT GROUP_CONCAT(CONCAT(u.fname, " ", u.lname) SEPARATOR "!sep!")
													FROM users u INNER JOIN custom_attribute_entities e
													WHERE e.custom_attribute_id = a.custom_attribute_id AND u.user_id = e.entity_id ORDER BY e.entity_id)
				WHEN a.attribute_category = 4 THEN (SELECT GROUP_CONCAT(r.name SEPARATOR "!sep!")
													FROM resources r INNER JOIN custom_attribute_entities e
													WHERE e.custom_attribute_id = a.custom_attribute_id AND r.resource_id = e.entity_id ORDER BY e.entity_id)
				WHEN a.attribute_category = 5  THEN (SELECT GROUP_CONCAT(rt.resource_type_name SEPARATOR "!sep!")
													FROM resource_types rt INNER JOIN custom_attribute_entities e
													WHERE e.custom_attribute_id = a.custom_attribute_id AND rt.resource_type_id = e.entity_id ORDER BY e.entity_id)
				ELSE null
				END as entity_descriptions,
				CASE
				WHEN a.secondary_category = 2 THEN (SELECT GROUP_CONCAT(CONCAT( fname, " ", lname ) SEPARATOR  "!sep!" ) FROM users WHERE FIND_IN_SET( user_id, a.secondary_entity_ids ))
				WHEN a.secondary_category = 4 THEN (SELECT GROUP_CONCAT(name SEPARATOR  "!sep!" ) FROM resources WHERE FIND_IN_SET( resource_id, a.secondary_entity_ids ))
				WHEN a.secondary_category = 5 THEN (SELECT GROUP_CONCAT(resource_type_name SEPARATOR  "!sep!" ) FROM resource_types WHERE FIND_IN_SET( resource_type_id, a.secondary_entity_ids ))
				ELSE null
				END as secondary_entity_descriptions
				FROM custom_attributes a WHERE a.attribute_category = '5' ORDER BY a.sort_order, a.display_label;
2019-11-30T20:46:50+07:00 [2455] DEBUG sql - [User=Ploypailin Saengdet (1830409@vistec.ac.th)] MySql Query: SELECT *
		FROM custom_attribute_values WHERE entity_id IN ('7') AND attribute_category = '5';
2019-11-30T20:47:10+07:00 [8833] DEBUG sql - [User=Ploypailin Saengdet (1830409@vistec.ac.th)] MySql Query: SELECT ri.*, rs.*, rr.*, u.user_id, u.fname, u.lname, u.email, u.phone, r.schedule_id, r.name, rs.status_id as status_id,g.group_id,g.name AS name_group
		FROM reservation_instances ri
		INNER JOIN reservation_series rs ON rs.series_id = ri.series_id
		INNER JOIN users u ON u.user_id = rs.owner_id
		LEFT JOIN user_groups ug ON u.user_id = ug.user_id
		LEFT JOIN groups g ON g.group_id = ug.group_id
		INNER JOIN reservation_resources rr ON rs.series_id = rr.series_id AND rr.resource_level_id = '1'
		INNER JOIN resources r ON r.resource_id = rr.resource_id
		WHERE
			reference_number = '5de155249bb81472348994' AND
			rs.status_id <> 2;
2019-11-30T20:47:10+07:00 [8833] DEBUG sql - [User=Ploypailin Saengdet (1830409@vistec.ac.th)] MySql Query: SELECT r.*, rr.resource_level_id, s.admin_group_id as s_admin_group_id
		FROM reservation_resources rr
		INNER JOIN resources r ON rr.resource_id = r.resource_id
		INNER JOIN schedules s ON r.schedule_id = s.schedule_id
		WHERE rr.series_id = '6370'
		ORDER BY resource_level_id, r.name;
2019-11-30T20:47:10+07:00 [8833] DEBUG sql - [User=Ploypailin Saengdet (1830409@vistec.ac.th)] MySql Query: SELECT
			u.user_id,
			u.fname,
			u.lname,
			u.email,
			ru.*
		FROM reservation_users ru
		INNER JOIN users u ON ru.user_id = u.user_id
		WHERE reservation_instance_id = '6331';
2019-11-30T20:47:10+07:00 [8833] DEBUG sql - [User=Ploypailin Saengdet (1830409@vistec.ac.th)] MySql Query: SELECT *
		FROM reservation_accessories ra
		INNER JOIN accessories a ON ra.accessory_id = a.accessory_id
		WHERE ra.series_id = '6370';
2019-11-30T20:47:10+07:00 [8833] DEBUG sql - [User=Ploypailin Saengdet (1830409@vistec.ac.th)] MySql Query: SELECT cav.*, ca.display_label
		FROM custom_attribute_values cav
		INNER JOIN custom_attributes ca ON ca.custom_attribute_id = cav.custom_attribute_id
		WHERE cav.attribute_category = '1' AND cav.entity_id = '6370';
2019-11-30T20:47:10+07:00 [8833] DEBUG sql - [User=Ploypailin Saengdet (1830409@vistec.ac.th)] MySql Query: SELECT * FROM reservation_files WHERE series_id = '6370';
2019-11-30T20:47:10+07:00 [8833] DEBUG sql - [User=Ploypailin Saengdet (1830409@vistec.ac.th)] MySql Query: SELECT * FROM reservation_reminders WHERE series_id = '6370';
2019-11-30T20:47:10+07:00 [8833] DEBUG sql - [User=Ploypailin Saengdet (1830409@vistec.ac.th)] MySql Query: SELECT	rg.*
		FROM reservation_guests rg
		WHERE reservation_instance_id = '6331';
2019-11-30T20:47:10+07:00 [8833] DEBUG sql - [User=Ploypailin Saengdet (1830409@vistec.ac.th)] MySql Query: SELECT u.*, p.name AS position_name FROM users u 
		LEFT JOIN positions p ON p.position_id = u.position_id
		WHERE u.user_id = '486';
2019-11-30T20:47:10+07:00 [8833] DEBUG sql - [User=Ploypailin Saengdet (1830409@vistec.ac.th)] MySql Query: SELECT * FROM user_email_preferences WHERE user_id = '486';
2019-11-30T20:47:10+07:00 [8833] DEBUG sql - [User=Ploypailin Saengdet (1830409@vistec.ac.th)] MySql Query: SELECT
			urp.user_id, r.resource_id, r.name
		FROM
			user_resource_permissions urp, resources r
		WHERE
			urp.user_id = '486' AND r.resource_id = urp.resource_id;
2019-11-30T20:47:10+07:00 [8833] DEBUG sql - [User=Ploypailin Saengdet (1830409@vistec.ac.th)] MySql Query: SELECT g.*, r.role_level
		FROM user_groups ug
		INNER JOIN groups g ON ug.group_id = g.group_id
		LEFT JOIN group_roles gr ON ug.group_id = gr.group_id
		LEFT JOIN roles r ON gr.role_id = r.role_id
		WHERE user_id = '486' AND (null is null OR r.role_level IN (null) );
2019-11-30T20:47:10+07:00 [8833] DEBUG sql - [User=Ploypailin Saengdet (1830409@vistec.ac.th)] MySql Query: SELECT cav.*, ca.display_label
		FROM custom_attribute_values cav
		INNER JOIN custom_attributes ca ON ca.custom_attribute_id = cav.custom_attribute_id
		WHERE cav.attribute_category = '2' AND cav.entity_id = '486';
2019-11-30T20:47:10+07:00 [8833] DEBUG sql - [User=Ploypailin Saengdet (1830409@vistec.ac.th)] MySql Query: SELECT name, value FROM user_preferences WHERE user_id = '486';
2019-11-30T20:47:10+07:00 [8833] DEBUG sql - [User=Ploypailin Saengdet (1830409@vistec.ac.th)] MySql Query: SELECT u.*, p.name AS position_name FROM users u 
		LEFT JOIN positions p ON p.position_id = u.position_id
		WHERE u.user_id = '450';
2019-11-30T20:47:10+07:00 [8833] DEBUG sql - [User=Ploypailin Saengdet (1830409@vistec.ac.th)] MySql Query: SELECT * FROM user_email_preferences WHERE user_id = '450';
2019-11-30T20:47:10+07:00 [8833] DEBUG sql - [User=Ploypailin Saengdet (1830409@vistec.ac.th)] MySql Query: SELECT
			urp.user_id, r.resource_id, r.name
		FROM
			user_resource_permissions urp, resources r
		WHERE
			urp.user_id = '450' AND r.resource_id = urp.resource_id;
2019-11-30T20:47:10+07:00 [8833] DEBUG sql - [User=Ploypailin Saengdet (1830409@vistec.ac.th)] MySql Query: SELECT g.*, r.role_level
		FROM user_groups ug
		INNER JOIN groups g ON ug.group_id = g.group_id
		LEFT JOIN group_roles gr ON ug.group_id = gr.group_id
		LEFT JOIN roles r ON gr.role_id = r.role_id
		WHERE user_id = '450' AND (null is null OR r.role_level IN (null) );
2019-11-30T20:47:10+07:00 [8833] DEBUG sql - [User=Ploypailin Saengdet (1830409@vistec.ac.th)] MySql Query: SELECT cav.*, ca.display_label
		FROM custom_attribute_values cav
		INNER JOIN custom_attributes ca ON ca.custom_attribute_id = cav.custom_attribute_id
		WHERE cav.attribute_category = '2' AND cav.entity_id = '450';
2019-11-30T20:47:10+07:00 [8833] DEBUG sql - [User=Ploypailin Saengdet (1830409@vistec.ac.th)] MySql Query: SELECT name, value FROM user_preferences WHERE user_id = '450';
2019-11-30T20:47:10+07:00 [8833] DEBUG sql - [User=Ploypailin Saengdet (1830409@vistec.ac.th)] MySql Query: SELECT a.*,
				(SELECT GROUP_CONCAT(e.entity_id SEPARATOR "!sep!")
							FROM custom_attribute_entities e WHERE e.custom_attribute_id = a.custom_attribute_id ORDER BY e.entity_id) as entity_ids,
				CASE
				WHEN a.attribute_category = 2 THEN (SELECT GROUP_CONCAT(CONCAT(u.fname, " ", u.lname) SEPARATOR "!sep!")
													FROM users u INNER JOIN custom_attribute_entities e
													WHERE e.custom_attribute_id = a.custom_attribute_id AND u.user_id = e.entity_id ORDER BY e.entity_id)
				WHEN a.attribute_category = 4 THEN (SELECT GROUP_CONCAT(r.name SEPARATOR "!sep!")
													FROM resources r INNER JOIN custom_attribute_entities e
													WHERE e.custom_attribute_id = a.custom_attribute_id AND r.resource_id = e.entity_id ORDER BY e.entity_id)
				WHEN a.attribute_category = 5  THEN (SELECT GROUP_CONCAT(rt.resource_type_name SEPARATOR "!sep!")
													FROM resource_types rt INNER JOIN custom_attribute_entities e
													WHERE e.custom_attribute_id = a.custom_attribute_id AND rt.resource_type_id = e.entity_id ORDER BY e.entity_id)
				ELSE null
				END as entity_descriptions,
				CASE
				WHEN a.secondary_category = 2 THEN (SELECT GROUP_CONCAT(CONCAT( fname, " ", lname ) SEPARATOR  "!sep!" ) FROM users WHERE FIND_IN_SET( user_id, a.secondary_entity_ids ))
				WHEN a.secondary_category = 4 THEN (SELECT GROUP_CONCAT(name SEPARATOR  "!sep!" ) FROM resources WHERE FIND_IN_SET( resource_id, a.secondary_entity_ids ))
				WHEN a.secondary_category = 5 THEN (SELECT GROUP_CONCAT(resource_type_name SEPARATOR  "!sep!" ) FROM resource_types WHERE FIND_IN_SET( resource_type_id, a.secondary_entity_ids ))
				ELSE null
				END as secondary_entity_descriptions
				FROM custom_attributes a WHERE a.attribute_category = '1' ORDER BY a.sort_order, a.display_label;
2019-11-30T20:47:10+07:00 [8833] DEBUG sql - [User=Ploypailin Saengdet (1830409@vistec.ac.th)] MySql Query: SELECT r.*, s.admin_group_id as s_admin_group_id,
		(SELECT GROUP_CONCAT(CONCAT(cav.custom_attribute_id, '=', cav.attribute_value) SEPARATOR "!sep!")
						FROM custom_attribute_values cav WHERE cav.entity_id = r.resource_id AND cav.attribute_category = 4) as attribute_list,
		(SELECT GROUP_CONCAT(rga.resource_group_id SEPARATOR "!sep!") FROM resource_group_assignment rga WHERE rga.resource_id = r.resource_id) AS group_list
		FROM resources r
		INNER JOIN schedules s ON r.schedule_id = s.schedule_id
		ORDER BY COALESCE(r.sort_order,0), r.name;
2019-11-30T20:47:10+07:00 [8833] DEBUG sql - [User=Ploypailin Saengdet (1830409@vistec.ac.th)] MySql Query: SELECT
			urp.user_id, r.resource_id, r.name
		FROM
			user_resource_permissions urp, resources r
		WHERE
			urp.user_id = '486' AND r.resource_id = urp.resource_id;
2019-11-30T20:47:10+07:00 [8833] DEBUG sql - [User=Ploypailin Saengdet (1830409@vistec.ac.th)] MySql Query: SELECT
			grp.group_id, r.resource_id, r.name
		FROM
			group_resource_permissions grp, resources r, user_groups ug
		WHERE
			ug.user_id = '486' AND ug.group_id = grp.group_id AND grp.resource_id = r.resource_id;
2019-11-30T20:47:10+07:00 [8833] DEBUG sql - [User=Ploypailin Saengdet (1830409@vistec.ac.th)] MySql Query: SELECT r.resource_id, r.name FROM resources r
		WHERE r.schedule_id IN (SELECT s.schedule_id FROM schedules s
			INNER JOIN groups g ON g.group_id = s.admin_group_id
			INNER JOIN user_groups ug on ug.group_id = g.group_id
			WHERE ug.user_id = '486')
		OR r.resource_id IN (SELECT r2.resource_id FROM resources r2
			INNER JOIN groups g ON g.group_id = r2.admin_group_id
			INNER JOIN user_groups ug on ug.group_id = g.group_id
			WHERE ug.user_id = '486');
2019-11-30T21:45:55+07:00 [2449] DEBUG sql - [User=Chalida Phungpanya (chalida.p@vistec.ac.th)] MySql Query: SELECT a.*,
				(SELECT GROUP_CONCAT(e.entity_id SEPARATOR "!sep!")
							FROM custom_attribute_entities e WHERE e.custom_attribute_id = a.custom_attribute_id ORDER BY e.entity_id) as entity_ids,
				CASE
				WHEN a.attribute_category = 2 THEN (SELECT GROUP_CONCAT(CONCAT(u.fname, " ", u.lname) SEPARATOR "!sep!")
													FROM users u INNER JOIN custom_attribute_entities e
													WHERE e.custom_attribute_id = a.custom_attribute_id AND u.user_id = e.entity_id ORDER BY e.entity_id)
				WHEN a.attribute_category = 4 THEN (SELECT GROUP_CONCAT(r.name SEPARATOR "!sep!")
													FROM resources r INNER JOIN custom_attribute_entities e
													WHERE e.custom_attribute_id = a.custom_attribute_id AND r.resource_id = e.entity_id ORDER BY e.entity_id)
				WHEN a.attribute_category = 5  THEN (SELECT GROUP_CONCAT(rt.resource_type_name SEPARATOR "!sep!")
													FROM resource_types rt INNER JOIN custom_attribute_entities e
													WHERE e.custom_attribute_id = a.custom_attribute_id AND rt.resource_type_id = e.entity_id ORDER BY e.entity_id)
				ELSE null
				END as entity_descriptions,
				CASE
				WHEN a.secondary_category = 2 THEN (SELECT GROUP_CONCAT(CONCAT( fname, " ", lname ) SEPARATOR  "!sep!" ) FROM users WHERE FIND_IN_SET( user_id, a.secondary_entity_ids ))
				WHEN a.secondary_category = 4 THEN (SELECT GROUP_CONCAT(name SEPARATOR  "!sep!" ) FROM resources WHERE FIND_IN_SET( resource_id, a.secondary_entity_ids ))
				WHEN a.secondary_category = 5 THEN (SELECT GROUP_CONCAT(resource_type_name SEPARATOR  "!sep!" ) FROM resource_types WHERE FIND_IN_SET( resource_type_id, a.secondary_entity_ids ))
				ELSE null
				END as secondary_entity_descriptions
				FROM custom_attributes a WHERE a.attribute_category = '1' ORDER BY a.sort_order, a.display_label;
2019-11-30T21:45:55+07:00 [2449] DEBUG sql - [User=Chalida Phungpanya (chalida.p@vistec.ac.th)] MySql Query: SELECT r.*, s.admin_group_id as s_admin_group_id,
		(SELECT GROUP_CONCAT(CONCAT(cav.custom_attribute_id, '=', cav.attribute_value) SEPARATOR "!sep!")
						FROM custom_attribute_values cav WHERE cav.entity_id = r.resource_id AND cav.attribute_category = 4) as attribute_list,
		(SELECT GROUP_CONCAT(rga.resource_group_id SEPARATOR "!sep!") FROM resource_group_assignment rga WHERE rga.resource_id = r.resource_id) AS group_list
		FROM resources r
		INNER JOIN schedules s ON r.schedule_id = s.schedule_id
		ORDER BY COALESCE(r.sort_order,0), r.name;
2019-11-30T21:45:55+07:00 [2449] DEBUG sql - [User=Chalida Phungpanya (chalida.p@vistec.ac.th)] MySql Query: SELECT
			urp.user_id, r.resource_id, r.name
		FROM
			user_resource_permissions urp, resources r
		WHERE
			urp.user_id = '562' AND r.resource_id = urp.resource_id;
2019-11-30T21:45:55+07:00 [2449] DEBUG sql - [User=Chalida Phungpanya (chalida.p@vistec.ac.th)] MySql Query: SELECT
			grp.group_id, r.resource_id, r.name
		FROM
			group_resource_permissions grp, resources r, user_groups ug
		WHERE
			ug.user_id = '562' AND ug.group_id = grp.group_id AND grp.resource_id = r.resource_id;
2019-11-30T21:45:55+07:00 [2449] DEBUG sql - [User=Chalida Phungpanya (chalida.p@vistec.ac.th)] MySql Query: SELECT r.resource_id, r.name FROM resources r
		WHERE r.schedule_id IN (SELECT s.schedule_id FROM schedules s
			INNER JOIN groups g ON g.group_id = s.admin_group_id
			INNER JOIN user_groups ug on ug.group_id = g.group_id
			WHERE ug.user_id = '562')
		OR r.resource_id IN (SELECT r2.resource_id FROM resources r2
			INNER JOIN groups g ON g.group_id = r2.admin_group_id
			INNER JOIN user_groups ug on ug.group_id = g.group_id
			WHERE ug.user_id = '562');
2019-11-30T21:46:11+07:00 [8833] DEBUG sql - [User=Chalida Phungpanya (chalida.p@vistec.ac.th)] MySql Query: SELECT r.*, s.admin_group_id as s_admin_group_id
			FROM resources r
			INNER JOIN schedules s ON r.schedule_id = s.schedule_id
			WHERE r.resource_id = '8';
2019-11-30T21:46:11+07:00 [8833] DEBUG sql - [User=Chalida Phungpanya (chalida.p@vistec.ac.th)] MySql Query: SELECT cav.*, ca.display_label
		FROM custom_attribute_values cav
		INNER JOIN custom_attributes ca ON ca.custom_attribute_id = cav.custom_attribute_id
		WHERE cav.attribute_category = '4' AND cav.entity_id = '8';
2019-11-30T21:46:11+07:00 [8833] DEBUG sql - [User=Chalida Phungpanya (chalida.p@vistec.ac.th)] MySql Query: SELECT * FROM resource_group_assignment WHERE resource_id = '8';
2019-11-30T21:46:11+07:00 [8833] DEBUG sql - [User=Chalida Phungpanya (chalida.p@vistec.ac.th)] MySql Query: SELECT a.*,
				(SELECT GROUP_CONCAT(e.entity_id SEPARATOR "!sep!")
							FROM custom_attribute_entities e WHERE e.custom_attribute_id = a.custom_attribute_id ORDER BY e.entity_id) as entity_ids,
				CASE
				WHEN a.attribute_category = 2 THEN (SELECT GROUP_CONCAT(CONCAT(u.fname, " ", u.lname) SEPARATOR "!sep!")
													FROM users u INNER JOIN custom_attribute_entities e
													WHERE e.custom_attribute_id = a.custom_attribute_id AND u.user_id = e.entity_id ORDER BY e.entity_id)
				WHEN a.attribute_category = 4 THEN (SELECT GROUP_CONCAT(r.name SEPARATOR "!sep!")
													FROM resources r INNER JOIN custom_attribute_entities e
													WHERE e.custom_attribute_id = a.custom_attribute_id AND r.resource_id = e.entity_id ORDER BY e.entity_id)
				WHEN a.attribute_category = 5  THEN (SELECT GROUP_CONCAT(rt.resource_type_name SEPARATOR "!sep!")
													FROM resource_types rt INNER JOIN custom_attribute_entities e
													WHERE e.custom_attribute_id = a.custom_attribute_id AND rt.resource_type_id = e.entity_id ORDER BY e.entity_id)
				ELSE null
				END as entity_descriptions,
				CASE
				WHEN a.secondary_category = 2 THEN (SELECT GROUP_CONCAT(CONCAT( fname, " ", lname ) SEPARATOR  "!sep!" ) FROM users WHERE FIND_IN_SET( user_id, a.secondary_entity_ids ))
				WHEN a.secondary_category = 4 THEN (SELECT GROUP_CONCAT(name SEPARATOR  "!sep!" ) FROM resources WHERE FIND_IN_SET( resource_id, a.secondary_entity_ids ))
				WHEN a.secondary_category = 5 THEN (SELECT GROUP_CONCAT(resource_type_name SEPARATOR  "!sep!" ) FROM resource_types WHERE FIND_IN_SET( resource_type_id, a.secondary_entity_ids ))
				ELSE null
				END as secondary_entity_descriptions
				FROM custom_attributes a WHERE a.attribute_category = '4' ORDER BY a.sort_order, a.display_label;
2019-11-30T21:46:11+07:00 [8833] DEBUG sql - [User=Chalida Phungpanya (chalida.p@vistec.ac.th)] MySql Query: SELECT *
		FROM custom_attribute_values WHERE entity_id IN ('8') AND attribute_category = '4';
2019-11-30T21:46:11+07:00 [8833] DEBUG sql - [User=Chalida Phungpanya (chalida.p@vistec.ac.th)] MySql Query: SELECT * FROM resource_types WHERE resource_type_id = '7';
2019-11-30T21:46:11+07:00 [8833] DEBUG sql - [User=Chalida Phungpanya (chalida.p@vistec.ac.th)] MySql Query: SELECT cav.*, ca.display_label
		FROM custom_attribute_values cav
		INNER JOIN custom_attributes ca ON ca.custom_attribute_id = cav.custom_attribute_id
		WHERE cav.attribute_category = '5' AND cav.entity_id = '7';
2019-11-30T21:46:11+07:00 [8833] DEBUG sql - [User=Chalida Phungpanya (chalida.p@vistec.ac.th)] MySql Query: SELECT a.*,
				(SELECT GROUP_CONCAT(e.entity_id SEPARATOR "!sep!")
							FROM custom_attribute_entities e WHERE e.custom_attribute_id = a.custom_attribute_id ORDER BY e.entity_id) as entity_ids,
				CASE
				WHEN a.attribute_category = 2 THEN (SELECT GROUP_CONCAT(CONCAT(u.fname, " ", u.lname) SEPARATOR "!sep!")
													FROM users u INNER JOIN custom_attribute_entities e
													WHERE e.custom_attribute_id = a.custom_attribute_id AND u.user_id = e.entity_id ORDER BY e.entity_id)
				WHEN a.attribute_category = 4 THEN (SELECT GROUP_CONCAT(r.name SEPARATOR "!sep!")
													FROM resources r INNER JOIN custom_attribute_entities e
													WHERE e.custom_attribute_id = a.custom_attribute_id AND r.resource_id = e.entity_id ORDER BY e.entity_id)
				WHEN a.attribute_category = 5  THEN (SELECT GROUP_CONCAT(rt.resource_type_name SEPARATOR "!sep!")
													FROM resource_types rt INNER JOIN custom_attribute_entities e
													WHERE e.custom_attribute_id = a.custom_attribute_id AND rt.resource_type_id = e.entity_id ORDER BY e.entity_id)
				ELSE null
				END as entity_descriptions,
				CASE
				WHEN a.secondary_category = 2 THEN (SELECT GROUP_CONCAT(CONCAT( fname, " ", lname ) SEPARATOR  "!sep!" ) FROM users WHERE FIND_IN_SET( user_id, a.secondary_entity_ids ))
				WHEN a.secondary_category = 4 THEN (SELECT GROUP_CONCAT(name SEPARATOR  "!sep!" ) FROM resources WHERE FIND_IN_SET( resource_id, a.secondary_entity_ids ))
				WHEN a.secondary_category = 5 THEN (SELECT GROUP_CONCAT(resource_type_name SEPARATOR  "!sep!" ) FROM resource_types WHERE FIND_IN_SET( resource_type_id, a.secondary_entity_ids ))
				ELSE null
				END as secondary_entity_descriptions
				FROM custom_attributes a WHERE a.attribute_category = '5' ORDER BY a.sort_order, a.display_label;
2019-11-30T21:46:11+07:00 [8833] DEBUG sql - [User=Chalida Phungpanya (chalida.p@vistec.ac.th)] MySql Query: SELECT *
		FROM custom_attribute_values WHERE entity_id IN ('7') AND attribute_category = '5';
2019-11-30T21:46:57+07:00 [2449] DEBUG sql - [User=Chalida Phungpanya (chalida.p@vistec.ac.th)] MySql Query: SELECT ri.*, rs.*, rr.*, u.user_id, u.fname, u.lname, u.email, u.phone, r.schedule_id, r.name, rs.status_id as status_id,g.group_id,g.name AS name_group
		FROM reservation_instances ri
		INNER JOIN reservation_series rs ON rs.series_id = ri.series_id
		INNER JOIN users u ON u.user_id = rs.owner_id
		LEFT JOIN user_groups ug ON u.user_id = ug.user_id
		LEFT JOIN groups g ON g.group_id = ug.group_id
		INNER JOIN reservation_resources rr ON rs.series_id = rr.series_id AND rr.resource_level_id = '1'
		INNER JOIN resources r ON r.resource_id = rr.resource_id
		WHERE
			reference_number = '5ddf4abf7b7b7243626788' AND
			rs.status_id <> 2;
2019-11-30T21:46:57+07:00 [2449] DEBUG sql - [User=Chalida Phungpanya (chalida.p@vistec.ac.th)] MySql Query: SELECT r.*, rr.resource_level_id, s.admin_group_id as s_admin_group_id
		FROM reservation_resources rr
		INNER JOIN resources r ON rr.resource_id = r.resource_id
		INNER JOIN schedules s ON r.schedule_id = s.schedule_id
		WHERE rr.series_id = '6330'
		ORDER BY resource_level_id, r.name;
2019-11-30T21:46:57+07:00 [2449] DEBUG sql - [User=Chalida Phungpanya (chalida.p@vistec.ac.th)] MySql Query: SELECT
			u.user_id,
			u.fname,
			u.lname,
			u.email,
			ru.*
		FROM reservation_users ru
		INNER JOIN users u ON ru.user_id = u.user_id
		WHERE reservation_instance_id = '6291';
2019-11-30T21:46:57+07:00 [2449] DEBUG sql - [User=Chalida Phungpanya (chalida.p@vistec.ac.th)] MySql Query: SELECT *
		FROM reservation_accessories ra
		INNER JOIN accessories a ON ra.accessory_id = a.accessory_id
		WHERE ra.series_id = '6330';
2019-11-30T21:46:57+07:00 [2449] DEBUG sql - [User=Chalida Phungpanya (chalida.p@vistec.ac.th)] MySql Query: SELECT cav.*, ca.display_label
		FROM custom_attribute_values cav
		INNER JOIN custom_attributes ca ON ca.custom_attribute_id = cav.custom_attribute_id
		WHERE cav.attribute_category = '1' AND cav.entity_id = '6330';
2019-11-30T21:46:57+07:00 [2449] DEBUG sql - [User=Chalida Phungpanya (chalida.p@vistec.ac.th)] MySql Query: SELECT * FROM reservation_files WHERE series_id = '6330';
2019-11-30T21:46:57+07:00 [2449] DEBUG sql - [User=Chalida Phungpanya (chalida.p@vistec.ac.th)] MySql Query: SELECT * FROM reservation_reminders WHERE series_id = '6330';
2019-11-30T21:46:57+07:00 [2449] DEBUG sql - [User=Chalida Phungpanya (chalida.p@vistec.ac.th)] MySql Query: SELECT	rg.*
		FROM reservation_guests rg
		WHERE reservation_instance_id = '6291';
2019-11-30T21:46:57+07:00 [2449] DEBUG sql - [User=Chalida Phungpanya (chalida.p@vistec.ac.th)] MySql Query: SELECT a.*,
				(SELECT GROUP_CONCAT(e.entity_id SEPARATOR "!sep!")
							FROM custom_attribute_entities e WHERE e.custom_attribute_id = a.custom_attribute_id ORDER BY e.entity_id) as entity_ids,
				CASE
				WHEN a.attribute_category = 2 THEN (SELECT GROUP_CONCAT(CONCAT(u.fname, " ", u.lname) SEPARATOR "!sep!")
													FROM users u INNER JOIN custom_attribute_entities e
													WHERE e.custom_attribute_id = a.custom_attribute_id AND u.user_id = e.entity_id ORDER BY e.entity_id)
				WHEN a.attribute_category = 4 THEN (SELECT GROUP_CONCAT(r.name SEPARATOR "!sep!")
													FROM resources r INNER JOIN custom_attribute_entities e
													WHERE e.custom_attribute_id = a.custom_attribute_id AND r.resource_id = e.entity_id ORDER BY e.entity_id)
				WHEN a.attribute_category = 5  THEN (SELECT GROUP_CONCAT(rt.resource_type_name SEPARATOR "!sep!")
													FROM resource_types rt INNER JOIN custom_attribute_entities e
													WHERE e.custom_attribute_id = a.custom_attribute_id AND rt.resource_type_id = e.entity_id ORDER BY e.entity_id)
				ELSE null
				END as entity_descriptions,
				CASE
				WHEN a.secondary_category = 2 THEN (SELECT GROUP_CONCAT(CONCAT( fname, " ", lname ) SEPARATOR  "!sep!" ) FROM users WHERE FIND_IN_SET( user_id, a.secondary_entity_ids ))
				WHEN a.secondary_category = 4 THEN (SELECT GROUP_CONCAT(name SEPARATOR  "!sep!" ) FROM resources WHERE FIND_IN_SET( resource_id, a.secondary_entity_ids ))
				WHEN a.secondary_category = 5 THEN (SELECT GROUP_CONCAT(resource_type_name SEPARATOR  "!sep!" ) FROM resource_types WHERE FIND_IN_SET( resource_type_id, a.secondary_entity_ids ))
				ELSE null
				END as secondary_entity_descriptions
				FROM custom_attributes a WHERE a.attribute_category = '1' ORDER BY a.sort_order, a.display_label;
2019-11-30T21:46:57+07:00 [2449] DEBUG sql - [User=Chalida Phungpanya (chalida.p@vistec.ac.th)] MySql Query: SELECT r.*, s.admin_group_id as s_admin_group_id,
		(SELECT GROUP_CONCAT(CONCAT(cav.custom_attribute_id, '=', cav.attribute_value) SEPARATOR "!sep!")
						FROM custom_attribute_values cav WHERE cav.entity_id = r.resource_id AND cav.attribute_category = 4) as attribute_list,
		(SELECT GROUP_CONCAT(rga.resource_group_id SEPARATOR "!sep!") FROM resource_group_assignment rga WHERE rga.resource_id = r.resource_id) AS group_list
		FROM resources r
		INNER JOIN schedules s ON r.schedule_id = s.schedule_id
		ORDER BY COALESCE(r.sort_order,0), r.name;
2019-11-30T21:46:57+07:00 [2449] DEBUG sql - [User=Chalida Phungpanya (chalida.p@vistec.ac.th)] MySql Query: SELECT
			urp.user_id, r.resource_id, r.name
		FROM
			user_resource_permissions urp, resources r
		WHERE
			urp.user_id = '562' AND r.resource_id = urp.resource_id;
2019-11-30T21:46:57+07:00 [2449] DEBUG sql - [User=Chalida Phungpanya (chalida.p@vistec.ac.th)] MySql Query: SELECT
			grp.group_id, r.resource_id, r.name
		FROM
			group_resource_permissions grp, resources r, user_groups ug
		WHERE
			ug.user_id = '562' AND ug.group_id = grp.group_id AND grp.resource_id = r.resource_id;
2019-11-30T21:46:57+07:00 [2449] DEBUG sql - [User=Chalida Phungpanya (chalida.p@vistec.ac.th)] MySql Query: SELECT r.resource_id, r.name FROM resources r
		WHERE r.schedule_id IN (SELECT s.schedule_id FROM schedules s
			INNER JOIN groups g ON g.group_id = s.admin_group_id
			INNER JOIN user_groups ug on ug.group_id = g.group_id
			WHERE ug.user_id = '562')
		OR r.resource_id IN (SELECT r2.resource_id FROM resources r2
			INNER JOIN groups g ON g.group_id = r2.admin_group_id
			INNER JOIN user_groups ug on ug.group_id = g.group_id
			WHERE ug.user_id = '562');
2019-11-30T21:48:15+07:00 [8833] DEBUG sql - [User=Chalida Phungpanya (chalida.p@vistec.ac.th)] MySql Query: SELECT *
		FROM reservation_instances r
		INNER JOIN reservation_series rs ON r.series_id = rs.series_id
		WHERE
			reference_number = '5ddf4abf7b7b7243626788' AND
			status_id <> 2;
2019-11-30T21:48:16+07:00 [8833] DEBUG sql - [User=Chalida Phungpanya (chalida.p@vistec.ac.th)] MySql Query: SELECT *
		FROM reservation_instances
		WHERE series_id = '6330';
2019-11-30T21:48:16+07:00 [8833] DEBUG sql - [User=Chalida Phungpanya (chalida.p@vistec.ac.th)] MySql Query: SELECT r.*, rr.resource_level_id, s.admin_group_id as s_admin_group_id
		FROM reservation_resources rr
		INNER JOIN resources r ON rr.resource_id = r.resource_id
		INNER JOIN schedules s ON r.schedule_id = s.schedule_id
		WHERE rr.series_id = '6330'
		ORDER BY resource_level_id, r.name;
2019-11-30T21:48:16+07:00 [8833] DEBUG sql - [User=Chalida Phungpanya (chalida.p@vistec.ac.th)] MySql Query: SELECT ru.*, ri.*
		FROM reservation_users ru
		INNER JOIN reservation_instances ri ON ru.reservation_instance_id = ri.reservation_instance_id
		WHERE series_id = '6330';
2019-11-30T21:48:16+07:00 [8833] DEBUG sql - [User=Chalida Phungpanya (chalida.p@vistec.ac.th)] MySql Query: SELECT *
		FROM reservation_accessories ra
		INNER JOIN accessories a ON ra.accessory_id = a.accessory_id
		WHERE ra.series_id = '6330';
2019-11-30T21:48:16+07:00 [8833] DEBUG sql - [User=Chalida Phungpanya (chalida.p@vistec.ac.th)] MySql Query: SELECT cav.*, ca.display_label
		FROM custom_attribute_values cav
		INNER JOIN custom_attributes ca ON ca.custom_attribute_id = cav.custom_attribute_id
		WHERE cav.attribute_category = '1' AND cav.entity_id = '6330';
2019-11-30T21:48:16+07:00 [8833] DEBUG sql - [User=Chalida Phungpanya (chalida.p@vistec.ac.th)] MySql Query: SELECT * FROM reservation_files WHERE series_id = '6330';
2019-11-30T21:48:16+07:00 [8833] DEBUG sql - [User=Chalida Phungpanya (chalida.p@vistec.ac.th)] MySql Query: SELECT * FROM reservation_reminders WHERE series_id = '6330';
2019-11-30T21:48:16+07:00 [8833] DEBUG sql - [User=Chalida Phungpanya (chalida.p@vistec.ac.th)] MySql Query: SELECT rg.*, ri.*
			FROM reservation_guests rg
			INNER JOIN reservation_instances ri ON rg.reservation_instance_id = ri.reservation_instance_id
			WHERE series_id = '6330';
2019-11-30T21:48:16+07:00 [8833] DEBUG sql - [User=Chalida Phungpanya (chalida.p@vistec.ac.th)] MySql Query: SELECT r.*, s.admin_group_id as s_admin_group_id
			FROM resources r
			INNER JOIN schedules s ON r.schedule_id = s.schedule_id
			WHERE r.resource_id = '8';
2019-11-30T21:48:16+07:00 [8833] DEBUG sql - [User=Chalida Phungpanya (chalida.p@vistec.ac.th)] MySql Query: SELECT cav.*, ca.display_label
		FROM custom_attribute_values cav
		INNER JOIN custom_attributes ca ON ca.custom_attribute_id = cav.custom_attribute_id
		WHERE cav.attribute_category = '4' AND cav.entity_id = '8';
2019-11-30T21:48:16+07:00 [8833] DEBUG sql - [User=Chalida Phungpanya (chalida.p@vistec.ac.th)] MySql Query: SELECT * FROM resource_group_assignment WHERE resource_id = '8';
2019-11-30T21:48:16+07:00 [8833] DEBUG sql - [User=Chalida Phungpanya (chalida.p@vistec.ac.th)] MySql Query: SELECT
				ri.*, rs.date_created as date_created, rs.last_modified as last_modified, rs.description as description, rs.status_id as status_id, rs.title, rs.repeat_type, rs.repeat_options,
					owner.fname as owner_fname, owner.lname as owner_lname, owner.user_id as owner_id, owner.phone as owner_phone, owner.position_id as owner_position, owner.organization as owner_organization, owner.email as email, owner.language, owner.timezone,
					resources.name, resources.resource_id, resources.schedule_id, resources.status_id as resource_status_id, resources.resource_status_reason_id, resources.buffer_time, resources.color, resources.enable_check_in, resources.auto_release_minutes, ru.reservation_user_level,
					start_reminder.minutes_prior AS start_reminder_minutes, end_reminder.minutes_prior AS end_reminder_minutes,
					(SELECT GROUP_CONCAT(groups.group_id)
						FROM user_groups groups WHERE owner.user_id = groups.user_id) as owner_group_list,

					(SELECT GROUP_CONCAT(CONCAT(participants.user_id, '=', CONCAT(participant_users.fname, " ", participant_users.lname)) SEPARATOR "!sep!")
						FROM reservation_users participants INNER JOIN users participant_users ON participants.user_id = participant_users.user_id WHERE participants.reservation_instance_id = ri.reservation_instance_id AND participants.reservation_user_level = 2) as participant_list,

					(SELECT GROUP_CONCAT(CONCAT(invitees.user_id, '=', CONCAT(invitee_users.fname, " ", invitee_users.lname)) SEPARATOR "!sep!")
						FROM reservation_users invitees INNER JOIN users invitee_users ON invitees.user_id = invitee_users.user_id WHERE invitees.reservation_instance_id = ri.reservation_instance_id AND invitees.reservation_user_level = 3) as invitee_list,

					(SELECT GROUP_CONCAT(CONCAT(cav.custom_attribute_id,'=', cav.attribute_value) SEPARATOR "!sep!")
						FROM custom_attribute_values cav WHERE cav.entity_id = ri.series_id AND cav.attribute_category = 1) as attribute_list,

					(SELECT GROUP_CONCAT(CONCAT(p.name, "=", p.value) SEPARATOR "!sep!")
						FROM user_preferences p WHERE owner.user_id = p.user_id) as preferences,
						
					(SELECT GROUP_CONCAT(CONCAT(guests.email, "=", guests.reservation_user_level) SEPARATOR "!sep!")
						FROM reservation_guests guests WHERE guests.reservation_instance_id = ri.reservation_instance_id) as guest_list
			FROM reservation_instances ri
			INNER JOIN reservation_series rs ON rs.series_id = ri.series_id
			INNER JOIN reservation_users ru ON ru.reservation_instance_id = ri.reservation_instance_id
			INNER JOIN users ON users.user_id = rs.owner_id
			INNER JOIN users owner ON owner.user_id = rs.owner_id
			LEFT JOIN positions ON owner.position_id = positions.position_id
			INNER JOIN reservation_resources rr ON rs.series_id = rr.series_id
			INNER JOIN resources ON rr.resource_id = resources.resource_id
			INNER JOIN schedules ON resources.schedule_id = schedules.schedule_id
			LEFT JOIN reservation_reminders start_reminder ON start_reminder.series_id = rs.series_id AND start_reminder.reminder_type = 0
			LEFT JOIN reservation_reminders end_reminder ON end_reminder.series_id = rs.series_id AND end_reminder.reminder_type = 1
			
			WHERE rs.status_id <> 2
			AND ((ri.start_date >= '2019-12-02 08:00:00' AND ri.start_date <= '2019-12-02 21:00:00') OR
					(ri.end_date >= '2019-12-02 08:00:00' AND ri.end_date <= '2019-12-02 21:00:00') OR
					(ri.start_date <= '2019-12-02 08:00:00' AND ri.end_date >= '2019-12-02 21:00:00')) AND
					('-1' = -1 OR ru.user_id = '-1') AND
					('1' = 0 OR ru.reservation_user_level = '1') AND
					('1' = 1 OR resources.schedule_id IN (null)) AND
					('0' = 1 OR rr.resource_id IN ('8'))
			ORDER BY ri.start_date ASC;
2019-11-30T21:48:16+07:00 [8833] DEBUG sql - [User=Chalida Phungpanya (chalida.p@vistec.ac.th)] MySql Query: SELECT * FROM reservation_color_rules r
		LEFT JOIN custom_attributes ca ON ca.custom_attribute_id = r.custom_attribute_id;
2019-11-30T21:48:16+07:00 [8833] DEBUG sql - [User=Chalida Phungpanya (chalida.p@vistec.ac.th)] MySql Query: SELECT *
		FROM blackout_instances bi
		INNER JOIN blackout_series bs ON bi.blackout_series_id = bs.blackout_series_id
		INNER JOIN blackout_series_resources bsr ON  bi.blackout_series_id = bsr.blackout_series_id
		INNER JOIN resources r on bsr.resource_id = r.resource_id
		INNER JOIN users u ON u.user_id = bs.owner_id
		WHERE
			(
				(bi.start_date >= '2019-12-02 08:00:00' AND bi.start_date <= '2019-12-02 21:00:00')
				OR
				(bi.end_date >= '2019-12-02 08:00:00' AND bi.end_date <= '2019-12-02 21:00:00')
				OR
				(bi.start_date <= '2019-12-02 08:00:00' AND bi.end_date >= '2019-12-02 21:00:00')
			) AND
			('-1' = -1 OR r.schedule_id = '-1')
		ORDER BY bi.start_date ASC;
2019-11-30T21:48:16+07:00 [8833] DEBUG sql - [User=Chalida Phungpanya (chalida.p@vistec.ac.th)] MySql Query: SELECT
			urp.user_id, r.resource_id, r.name
		FROM
			user_resource_permissions urp, resources r
		WHERE
			urp.user_id = '562' AND r.resource_id = urp.resource_id;
2019-11-30T21:48:16+07:00 [8833] DEBUG sql - [User=Chalida Phungpanya (chalida.p@vistec.ac.th)] MySql Query: SELECT
			grp.group_id, r.resource_id, r.name
		FROM
			group_resource_permissions grp, resources r, user_groups ug
		WHERE
			ug.user_id = '562' AND ug.group_id = grp.group_id AND grp.resource_id = r.resource_id;
2019-11-30T21:48:16+07:00 [8833] DEBUG sql - [User=Chalida Phungpanya (chalida.p@vistec.ac.th)] MySql Query: SELECT r.resource_id, r.name FROM resources r
		WHERE r.schedule_id IN (SELECT s.schedule_id FROM schedules s
			INNER JOIN groups g ON g.group_id = s.admin_group_id
			INNER JOIN user_groups ug on ug.group_id = g.group_id
			WHERE ug.user_id = '562')
		OR r.resource_id IN (SELECT r2.resource_id FROM resources r2
			INNER JOIN groups g ON g.group_id = r2.admin_group_id
			INNER JOIN user_groups ug on ug.group_id = g.group_id
			WHERE ug.user_id = '562');
2019-11-30T21:48:16+07:00 [8833] DEBUG sql - [User=Chalida Phungpanya (chalida.p@vistec.ac.th)] MySql Query: SELECT q.*, r.name as resource_name, g.name as group_name, s.name as schedule_name
		FROM quotas q
		LEFT JOIN resources r ON r.resource_id = q.resource_id
		LEFT JOIN groups g ON g.group_id = q.group_id
		LEFT JOIN schedules s ON s.schedule_id = q.schedule_id;
2019-11-30T21:48:16+07:00 [8833] DEBUG sql - [User=Chalida Phungpanya (chalida.p@vistec.ac.th)] MySql Query: SELECT u.*, p.name AS position_name FROM users u 
		LEFT JOIN positions p ON p.position_id = u.position_id
		WHERE u.user_id = '562';
2019-11-30T21:48:16+07:00 [8833] DEBUG sql - [User=Chalida Phungpanya (chalida.p@vistec.ac.th)] MySql Query: SELECT * FROM user_email_preferences WHERE user_id = '562';
2019-11-30T21:48:16+07:00 [8833] DEBUG sql - [User=Chalida Phungpanya (chalida.p@vistec.ac.th)] MySql Query: SELECT
			urp.user_id, r.resource_id, r.name
		FROM
			user_resource_permissions urp, resources r
		WHERE
			urp.user_id = '562' AND r.resource_id = urp.resource_id;
2019-11-30T21:48:16+07:00 [8833] DEBUG sql - [User=Chalida Phungpanya (chalida.p@vistec.ac.th)] MySql Query: SELECT g.*, r.role_level
		FROM user_groups ug
		INNER JOIN groups g ON ug.group_id = g.group_id
		LEFT JOIN group_roles gr ON ug.group_id = gr.group_id
		LEFT JOIN roles r ON gr.role_id = r.role_id
		WHERE user_id = '562' AND (null is null OR r.role_level IN (null) );
2019-11-30T21:48:16+07:00 [8833] DEBUG sql - [User=Chalida Phungpanya (chalida.p@vistec.ac.th)] MySql Query: SELECT cav.*, ca.display_label
		FROM custom_attribute_values cav
		INNER JOIN custom_attributes ca ON ca.custom_attribute_id = cav.custom_attribute_id
		WHERE cav.attribute_category = '2' AND cav.entity_id = '562';
2019-11-30T21:48:16+07:00 [8833] DEBUG sql - [User=Chalida Phungpanya (chalida.p@vistec.ac.th)] MySql Query: SELECT name, value FROM user_preferences WHERE user_id = '562';
2019-11-30T21:48:16+07:00 [8833] DEBUG sql - [User=Chalida Phungpanya (chalida.p@vistec.ac.th)] MySql Query: SELECT * FROM schedules s
		INNER JOIN layouts l ON s.layout_id = l.layout_id
		WHERE schedule_id = '1';
2019-11-30T21:48:16+07:00 [8833] DEBUG sql - [User=Chalida Phungpanya (chalida.p@vistec.ac.th)] MySql Query: SELECT q.*, r.name as resource_name, g.name as group_name, s.name as schedule_name
		FROM quotas q
		LEFT JOIN resources r ON r.resource_id = q.resource_id
		LEFT JOIN groups g ON g.group_id = q.group_id
		LEFT JOIN schedules s ON s.schedule_id = q.schedule_id;
2019-11-30T21:48:16+07:00 [8833] DEBUG sql - [User=Chalida Phungpanya (chalida.p@vistec.ac.th)] MySql Query: SELECT
				ri.*, rs.date_created as date_created, rs.last_modified as last_modified, rs.description as description, rs.status_id as status_id, rs.title, rs.repeat_type, rs.repeat_options,
					owner.fname as owner_fname, owner.lname as owner_lname, owner.user_id as owner_id, owner.phone as owner_phone, owner.position_id as owner_position, owner.organization as owner_organization, owner.email as email, owner.language, owner.timezone,
					resources.name, resources.resource_id, resources.schedule_id, resources.status_id as resource_status_id, resources.resource_status_reason_id, resources.buffer_time, resources.color, resources.enable_check_in, resources.auto_release_minutes, ru.reservation_user_level,
					start_reminder.minutes_prior AS start_reminder_minutes, end_reminder.minutes_prior AS end_reminder_minutes,
					(SELECT GROUP_CONCAT(groups.group_id)
						FROM user_groups groups WHERE owner.user_id = groups.user_id) as owner_group_list,

					(SELECT GROUP_CONCAT(CONCAT(participants.user_id, '=', CONCAT(participant_users.fname, " ", participant_users.lname)) SEPARATOR "!sep!")
						FROM reservation_users participants INNER JOIN users participant_users ON participants.user_id = participant_users.user_id WHERE participants.reservation_instance_id = ri.reservation_instance_id AND participants.reservation_user_level = 2) as participant_list,

					(SELECT GROUP_CONCAT(CONCAT(invitees.user_id, '=', CONCAT(invitee_users.fname, " ", invitee_users.lname)) SEPARATOR "!sep!")
						FROM reservation_users invitees INNER JOIN users invitee_users ON invitees.user_id = invitee_users.user_id WHERE invitees.reservation_instance_id = ri.reservation_instance_id AND invitees.reservation_user_level = 3) as invitee_list,

					(SELECT GROUP_CONCAT(CONCAT(cav.custom_attribute_id,'=', cav.attribute_value) SEPARATOR "!sep!")
						FROM custom_attribute_values cav WHERE cav.entity_id = ri.series_id AND cav.attribute_category = 1) as attribute_list,

					(SELECT GROUP_CONCAT(CONCAT(p.name, "=", p.value) SEPARATOR "!sep!")
						FROM user_preferences p WHERE owner.user_id = p.user_id) as preferences,
						
					(SELECT GROUP_CONCAT(CONCAT(guests.email, "=", guests.reservation_user_level) SEPARATOR "!sep!")
						FROM reservation_guests guests WHERE guests.reservation_instance_id = ri.reservation_instance_id) as guest_list
			FROM reservation_instances ri
			INNER JOIN reservation_series rs ON rs.series_id = ri.series_id
			INNER JOIN reservation_users ru ON ru.reservation_instance_id = ri.reservation_instance_id
			INNER JOIN users ON users.user_id = rs.owner_id
			INNER JOIN users owner ON owner.user_id = rs.owner_id
			LEFT JOIN positions ON owner.position_id = positions.position_id
			INNER JOIN reservation_resources rr ON rs.series_id = rr.series_id
			INNER JOIN resources ON rr.resource_id = resources.resource_id
			INNER JOIN schedules ON resources.schedule_id = schedules.schedule_id
			LEFT JOIN reservation_reminders start_reminder ON start_reminder.series_id = rs.series_id AND start_reminder.reminder_type = 0
			LEFT JOIN reservation_reminders end_reminder ON end_reminder.series_id = rs.series_id AND end_reminder.reminder_type = 1
			
			WHERE rs.status_id <> 2
			AND ((ri.start_date >= '2019-11-30 21:48:16' AND ri.start_date <= '2019-12-03 00:00:00') OR
					(ri.end_date >= '2019-11-30 21:48:16' AND ri.end_date <= '2019-12-03 00:00:00') OR
					(ri.start_date <= '2019-11-30 21:48:16' AND ri.end_date >= '2019-12-03 00:00:00')) AND
					('562' = -1 OR ru.user_id = '562') AND
					('1' = 0 OR ru.reservation_user_level = '1') AND
					('1' = 1 OR resources.schedule_id IN (null)) AND
					('1' = 1 OR rr.resource_id IN (null))
			ORDER BY ri.start_date ASC;
2019-11-30T21:48:16+07:00 [8833] DEBUG sql - [User=Chalida Phungpanya (chalida.p@vistec.ac.th)] MySql Query: SELECT * FROM reservation_color_rules r
		LEFT JOIN custom_attributes ca ON ca.custom_attribute_id = r.custom_attribute_id;
2019-11-30T21:48:16+07:00 [8833] DEBUG sql - [User=Chalida Phungpanya (chalida.p@vistec.ac.th)] MySql Query: SELECT
			tb.label,
			tb.end_label,
			tb.start_time,
			tb.end_time,
			tb.availability_code,
			tb.day_of_week,
			l.timezone
		FROM
			time_blocks tb,
			layouts l,
			schedules s
		WHERE
			l.layout_id = s.layout_id  AND
			tb.layout_id = l.layout_id AND
			s.schedule_id = '1'
		ORDER BY tb.start_time;
2019-11-30T21:48:16+07:00 [8833] DEBUG sql - [User=Chalida Phungpanya (chalida.p@vistec.ac.th)] MySql Query: SELECT * FROM peak_times WHERE schedule_id = '1';
2019-11-30T21:48:16+07:00 [8833] DEBUG sql - [User=Chalida Phungpanya (chalida.p@vistec.ac.th)] MySql Query: SELECT a.*,
				(SELECT GROUP_CONCAT(e.entity_id SEPARATOR "!sep!")
							FROM custom_attribute_entities e WHERE e.custom_attribute_id = a.custom_attribute_id ORDER BY e.entity_id) as entity_ids,
				CASE
				WHEN a.attribute_category = 2 THEN (SELECT GROUP_CONCAT(CONCAT(u.fname, " ", u.lname) SEPARATOR "!sep!")
													FROM users u INNER JOIN custom_attribute_entities e
													WHERE e.custom_attribute_id = a.custom_attribute_id AND u.user_id = e.entity_id ORDER BY e.entity_id)
				WHEN a.attribute_category = 4 THEN (SELECT GROUP_CONCAT(r.name SEPARATOR "!sep!")
													FROM resources r INNER JOIN custom_attribute_entities e
													WHERE e.custom_attribute_id = a.custom_attribute_id AND r.resource_id = e.entity_id ORDER BY e.entity_id)
				WHEN a.attribute_category = 5  THEN (SELECT GROUP_CONCAT(rt.resource_type_name SEPARATOR "!sep!")
													FROM resource_types rt INNER JOIN custom_attribute_entities e
													WHERE e.custom_attribute_id = a.custom_attribute_id AND rt.resource_type_id = e.entity_id ORDER BY e.entity_id)
				ELSE null
				END as entity_descriptions,
				CASE
				WHEN a.secondary_category = 2 THEN (SELECT GROUP_CONCAT(CONCAT( fname, " ", lname ) SEPARATOR  "!sep!" ) FROM users WHERE FIND_IN_SET( user_id, a.secondary_entity_ids ))
				WHEN a.secondary_category = 4 THEN (SELECT GROUP_CONCAT(name SEPARATOR  "!sep!" ) FROM resources WHERE FIND_IN_SET( resource_id, a.secondary_entity_ids ))
				WHEN a.secondary_category = 5 THEN (SELECT GROUP_CONCAT(resource_type_name SEPARATOR  "!sep!" ) FROM resource_types WHERE FIND_IN_SET( resource_type_id, a.secondary_entity_ids ))
				ELSE null
				END as secondary_entity_descriptions
				FROM custom_attributes a WHERE a.attribute_category = '1' ORDER BY a.sort_order, a.display_label;
2019-11-30T21:48:16+07:00 [8833] DEBUG sql - [User=Chalida Phungpanya (chalida.p@vistec.ac.th)] MySql Query: SELECT a.*, c.num_resources,
			(SELECT GROUP_CONCAT(CONCAT(ra.resource_id, ",", COALESCE(ra.minimum_quantity,""), ",",  COALESCE(ra.maximum_quantity,"")) SEPARATOR "!sep!")
				FROM resource_accessories ra WHERE ra.accessory_id = a.accessory_id) as resource_accessory_list
 			FROM accessories a
			LEFT JOIN (
				SELECT accessory_id, COUNT(*) AS num_resources
				FROM resource_accessories ra
				GROUP BY ra.accessory_id
				) AS c ON a.accessory_id = c.accessory_id

 			ORDER BY accessory_name;
2019-11-30T21:48:16+07:00 [8833] DEBUG sql - [User=Chalida Phungpanya (chalida.p@vistec.ac.th)] MySql Execute: UPDATE
			reservation_series
		SET
			last_modified = '2019-11-30 21:48:16',
			title = null,
			description = null,
			repeat_type = 'none',
			repeat_options = '',
			status_id = '1',
			owner_id = '562',
			allow_participation = '0'
		WHERE
			series_id = '6330';
2019-11-30T21:48:16+07:00 [8833] DEBUG sql - [User=Chalida Phungpanya (chalida.p@vistec.ac.th)] MySql Execute: UPDATE reservation_instances
		SET
			series_id = '6330',
			start_date = '2019-12-02 08:00:00',
			end_date = '2019-12-02 21:00:00',
			checkin_date = null,
			checkout_date = null,
			previous_end_date = '2019-12-03 00:00:00',
			credit_count = null
		WHERE
			reference_number = '5ddf4abf7b7b7243626788';
2019-11-30T21:48:16+07:00 [8833] DEBUG sql - [User=Chalida Phungpanya (chalida.p@vistec.ac.th)] MySql Query: SELECT u.*, p.name AS position_name FROM users u 
		LEFT JOIN positions p ON p.position_id = u.position_id
		WHERE u.user_id = '562';
2019-11-30T21:48:16+07:00 [8833] DEBUG sql - [User=Chalida Phungpanya (chalida.p@vistec.ac.th)] MySql Query: SELECT * FROM user_email_preferences WHERE user_id = '562';
2019-11-30T21:48:16+07:00 [8833] DEBUG sql - [User=Chalida Phungpanya (chalida.p@vistec.ac.th)] MySql Query: SELECT
			urp.user_id, r.resource_id, r.name
		FROM
			user_resource_permissions urp, resources r
		WHERE
			urp.user_id = '562' AND r.resource_id = urp.resource_id;
2019-11-30T21:48:16+07:00 [8833] DEBUG sql - [User=Chalida Phungpanya (chalida.p@vistec.ac.th)] MySql Query: SELECT g.*, r.role_level
		FROM user_groups ug
		INNER JOIN groups g ON ug.group_id = g.group_id
		LEFT JOIN group_roles gr ON ug.group_id = gr.group_id
		LEFT JOIN roles r ON gr.role_id = r.role_id
		WHERE user_id = '562' AND (null is null OR r.role_level IN (null) );
2019-11-30T21:48:16+07:00 [8833] DEBUG sql - [User=Chalida Phungpanya (chalida.p@vistec.ac.th)] MySql Query: SELECT cav.*, ca.display_label
		FROM custom_attribute_values cav
		INNER JOIN custom_attributes ca ON ca.custom_attribute_id = cav.custom_attribute_id
		WHERE cav.attribute_category = '2' AND cav.entity_id = '562';
2019-11-30T21:48:16+07:00 [8833] DEBUG sql - [User=Chalida Phungpanya (chalida.p@vistec.ac.th)] MySql Query: SELECT name, value FROM user_preferences WHERE user_id = '562';
2019-11-30T21:48:49+07:00 [8833] DEBUG sql - [User=Chalida Phungpanya (chalida.p@vistec.ac.th)] MySql Query: SELECT ri.*, rs.*, rr.*, u.user_id, u.fname, u.lname, u.email, u.phone, r.schedule_id, r.name, rs.status_id as status_id,g.group_id,g.name AS name_group
		FROM reservation_instances ri
		INNER JOIN reservation_series rs ON rs.series_id = ri.series_id
		INNER JOIN users u ON u.user_id = rs.owner_id
		LEFT JOIN user_groups ug ON u.user_id = ug.user_id
		LEFT JOIN groups g ON g.group_id = ug.group_id
		INNER JOIN reservation_resources rr ON rs.series_id = rr.series_id AND rr.resource_level_id = '1'
		INNER JOIN resources r ON r.resource_id = rr.resource_id
		WHERE
			reference_number = '5de08bb55494b027239004' AND
			rs.status_id <> 2;
2019-11-30T21:48:49+07:00 [8833] DEBUG sql - [User=Chalida Phungpanya (chalida.p@vistec.ac.th)] MySql Query: SELECT r.*, rr.resource_level_id, s.admin_group_id as s_admin_group_id
		FROM reservation_resources rr
		INNER JOIN resources r ON rr.resource_id = r.resource_id
		INNER JOIN schedules s ON r.schedule_id = s.schedule_id
		WHERE rr.series_id = '6356'
		ORDER BY resource_level_id, r.name;
2019-11-30T21:48:49+07:00 [8833] DEBUG sql - [User=Chalida Phungpanya (chalida.p@vistec.ac.th)] MySql Query: SELECT
			u.user_id,
			u.fname,
			u.lname,
			u.email,
			ru.*
		FROM reservation_users ru
		INNER JOIN users u ON ru.user_id = u.user_id
		WHERE reservation_instance_id = '6317';
2019-11-30T21:48:49+07:00 [8833] DEBUG sql - [User=Chalida Phungpanya (chalida.p@vistec.ac.th)] MySql Query: SELECT *
		FROM reservation_accessories ra
		INNER JOIN accessories a ON ra.accessory_id = a.accessory_id
		WHERE ra.series_id = '6356';
2019-11-30T21:48:49+07:00 [8833] DEBUG sql - [User=Chalida Phungpanya (chalida.p@vistec.ac.th)] MySql Query: SELECT cav.*, ca.display_label
		FROM custom_attribute_values cav
		INNER JOIN custom_attributes ca ON ca.custom_attribute_id = cav.custom_attribute_id
		WHERE cav.attribute_category = '1' AND cav.entity_id = '6356';
2019-11-30T21:48:49+07:00 [8833] DEBUG sql - [User=Chalida Phungpanya (chalida.p@vistec.ac.th)] MySql Query: SELECT * FROM reservation_files WHERE series_id = '6356';
2019-11-30T21:48:49+07:00 [8833] DEBUG sql - [User=Chalida Phungpanya (chalida.p@vistec.ac.th)] MySql Query: SELECT * FROM reservation_reminders WHERE series_id = '6356';
2019-11-30T21:48:49+07:00 [8833] DEBUG sql - [User=Chalida Phungpanya (chalida.p@vistec.ac.th)] MySql Query: SELECT	rg.*
		FROM reservation_guests rg
		WHERE reservation_instance_id = '6317';
2019-11-30T21:48:49+07:00 [8833] DEBUG sql - [User=Chalida Phungpanya (chalida.p@vistec.ac.th)] MySql Query: SELECT a.*,
				(SELECT GROUP_CONCAT(e.entity_id SEPARATOR "!sep!")
							FROM custom_attribute_entities e WHERE e.custom_attribute_id = a.custom_attribute_id ORDER BY e.entity_id) as entity_ids,
				CASE
				WHEN a.attribute_category = 2 THEN (SELECT GROUP_CONCAT(CONCAT(u.fname, " ", u.lname) SEPARATOR "!sep!")
													FROM users u INNER JOIN custom_attribute_entities e
													WHERE e.custom_attribute_id = a.custom_attribute_id AND u.user_id = e.entity_id ORDER BY e.entity_id)
				WHEN a.attribute_category = 4 THEN (SELECT GROUP_CONCAT(r.name SEPARATOR "!sep!")
													FROM resources r INNER JOIN custom_attribute_entities e
													WHERE e.custom_attribute_id = a.custom_attribute_id AND r.resource_id = e.entity_id ORDER BY e.entity_id)
				WHEN a.attribute_category = 5  THEN (SELECT GROUP_CONCAT(rt.resource_type_name SEPARATOR "!sep!")
													FROM resource_types rt INNER JOIN custom_attribute_entities e
													WHERE e.custom_attribute_id = a.custom_attribute_id AND rt.resource_type_id = e.entity_id ORDER BY e.entity_id)
				ELSE null
				END as entity_descriptions,
				CASE
				WHEN a.secondary_category = 2 THEN (SELECT GROUP_CONCAT(CONCAT( fname, " ", lname ) SEPARATOR  "!sep!" ) FROM users WHERE FIND_IN_SET( user_id, a.secondary_entity_ids ))
				WHEN a.secondary_category = 4 THEN (SELECT GROUP_CONCAT(name SEPARATOR  "!sep!" ) FROM resources WHERE FIND_IN_SET( resource_id, a.secondary_entity_ids ))
				WHEN a.secondary_category = 5 THEN (SELECT GROUP_CONCAT(resource_type_name SEPARATOR  "!sep!" ) FROM resource_types WHERE FIND_IN_SET( resource_type_id, a.secondary_entity_ids ))
				ELSE null
				END as secondary_entity_descriptions
				FROM custom_attributes a WHERE a.attribute_category = '1' ORDER BY a.sort_order, a.display_label;
2019-11-30T21:48:49+07:00 [8833] DEBUG sql - [User=Chalida Phungpanya (chalida.p@vistec.ac.th)] MySql Query: SELECT r.*, s.admin_group_id as s_admin_group_id,
		(SELECT GROUP_CONCAT(CONCAT(cav.custom_attribute_id, '=', cav.attribute_value) SEPARATOR "!sep!")
						FROM custom_attribute_values cav WHERE cav.entity_id = r.resource_id AND cav.attribute_category = 4) as attribute_list,
		(SELECT GROUP_CONCAT(rga.resource_group_id SEPARATOR "!sep!") FROM resource_group_assignment rga WHERE rga.resource_id = r.resource_id) AS group_list
		FROM resources r
		INNER JOIN schedules s ON r.schedule_id = s.schedule_id
		ORDER BY COALESCE(r.sort_order,0), r.name;
2019-11-30T21:48:49+07:00 [8833] DEBUG sql - [User=Chalida Phungpanya (chalida.p@vistec.ac.th)] MySql Query: SELECT
			urp.user_id, r.resource_id, r.name
		FROM
			user_resource_permissions urp, resources r
		WHERE
			urp.user_id = '562' AND r.resource_id = urp.resource_id;
2019-11-30T21:48:49+07:00 [8833] DEBUG sql - [User=Chalida Phungpanya (chalida.p@vistec.ac.th)] MySql Query: SELECT
			grp.group_id, r.resource_id, r.name
		FROM
			group_resource_permissions grp, resources r, user_groups ug
		WHERE
			ug.user_id = '562' AND ug.group_id = grp.group_id AND grp.resource_id = r.resource_id;
2019-11-30T21:48:49+07:00 [8833] DEBUG sql - [User=Chalida Phungpanya (chalida.p@vistec.ac.th)] MySql Query: SELECT r.resource_id, r.name FROM resources r
		WHERE r.schedule_id IN (SELECT s.schedule_id FROM schedules s
			INNER JOIN groups g ON g.group_id = s.admin_group_id
			INNER JOIN user_groups ug on ug.group_id = g.group_id
			WHERE ug.user_id = '562')
		OR r.resource_id IN (SELECT r2.resource_id FROM resources r2
			INNER JOIN groups g ON g.group_id = r2.admin_group_id
			INNER JOIN user_groups ug on ug.group_id = g.group_id
			WHERE ug.user_id = '562');
2019-11-30T22:41:06+07:00 [2449] DEBUG sql - [User=Chokchai Kaiyasuan (chokchai.k_s17@vistec.ac.th)] MySql Query: SELECT r.*, s.admin_group_id as s_admin_group_id
			FROM resources r
			INNER JOIN schedules s ON r.schedule_id = s.schedule_id
			WHERE r.resource_id = '17';
2019-11-30T22:41:06+07:00 [2449] DEBUG sql - [User=Chokchai Kaiyasuan (chokchai.k_s17@vistec.ac.th)] MySql Query: SELECT cav.*, ca.display_label
		FROM custom_attribute_values cav
		INNER JOIN custom_attributes ca ON ca.custom_attribute_id = cav.custom_attribute_id
		WHERE cav.attribute_category = '4' AND cav.entity_id = '17';
2019-11-30T22:41:06+07:00 [2449] DEBUG sql - [User=Chokchai Kaiyasuan (chokchai.k_s17@vistec.ac.th)] MySql Query: SELECT * FROM resource_group_assignment WHERE resource_id = '17';
2019-11-30T22:41:06+07:00 [2449] DEBUG sql - [User=Chokchai Kaiyasuan (chokchai.k_s17@vistec.ac.th)] MySql Query: SELECT a.*,
				(SELECT GROUP_CONCAT(e.entity_id SEPARATOR "!sep!")
							FROM custom_attribute_entities e WHERE e.custom_attribute_id = a.custom_attribute_id ORDER BY e.entity_id) as entity_ids,
				CASE
				WHEN a.attribute_category = 2 THEN (SELECT GROUP_CONCAT(CONCAT(u.fname, " ", u.lname) SEPARATOR "!sep!")
													FROM users u INNER JOIN custom_attribute_entities e
													WHERE e.custom_attribute_id = a.custom_attribute_id AND u.user_id = e.entity_id ORDER BY e.entity_id)
				WHEN a.attribute_category = 4 THEN (SELECT GROUP_CONCAT(r.name SEPARATOR "!sep!")
													FROM resources r INNER JOIN custom_attribute_entities e
													WHERE e.custom_attribute_id = a.custom_attribute_id AND r.resource_id = e.entity_id ORDER BY e.entity_id)
				WHEN a.attribute_category = 5  THEN (SELECT GROUP_CONCAT(rt.resource_type_name SEPARATOR "!sep!")
													FROM resource_types rt INNER JOIN custom_attribute_entities e
													WHERE e.custom_attribute_id = a.custom_attribute_id AND rt.resource_type_id = e.entity_id ORDER BY e.entity_id)
				ELSE null
				END as entity_descriptions,
				CASE
				WHEN a.secondary_category = 2 THEN (SELECT GROUP_CONCAT(CONCAT( fname, " ", lname ) SEPARATOR  "!sep!" ) FROM users WHERE FIND_IN_SET( user_id, a.secondary_entity_ids ))
				WHEN a.secondary_category = 4 THEN (SELECT GROUP_CONCAT(name SEPARATOR  "!sep!" ) FROM resources WHERE FIND_IN_SET( resource_id, a.secondary_entity_ids ))
				WHEN a.secondary_category = 5 THEN (SELECT GROUP_CONCAT(resource_type_name SEPARATOR  "!sep!" ) FROM resource_types WHERE FIND_IN_SET( resource_type_id, a.secondary_entity_ids ))
				ELSE null
				END as secondary_entity_descriptions
				FROM custom_attributes a WHERE a.attribute_category = '4' ORDER BY a.sort_order, a.display_label;
2019-11-30T22:41:06+07:00 [2449] DEBUG sql - [User=Chokchai Kaiyasuan (chokchai.k_s17@vistec.ac.th)] MySql Query: SELECT *
		FROM custom_attribute_values WHERE entity_id IN ('17') AND attribute_category = '4';
2019-11-30T22:41:06+07:00 [2449] DEBUG sql - [User=Chokchai Kaiyasuan (chokchai.k_s17@vistec.ac.th)] MySql Query: SELECT * FROM resource_types WHERE resource_type_id = '2';
2019-11-30T22:41:06+07:00 [2449] DEBUG sql - [User=Chokchai Kaiyasuan (chokchai.k_s17@vistec.ac.th)] MySql Query: SELECT cav.*, ca.display_label
		FROM custom_attribute_values cav
		INNER JOIN custom_attributes ca ON ca.custom_attribute_id = cav.custom_attribute_id
		WHERE cav.attribute_category = '5' AND cav.entity_id = '2';
2019-11-30T22:41:06+07:00 [2449] DEBUG sql - [User=Chokchai Kaiyasuan (chokchai.k_s17@vistec.ac.th)] MySql Query: SELECT a.*,
				(SELECT GROUP_CONCAT(e.entity_id SEPARATOR "!sep!")
							FROM custom_attribute_entities e WHERE e.custom_attribute_id = a.custom_attribute_id ORDER BY e.entity_id) as entity_ids,
				CASE
				WHEN a.attribute_category = 2 THEN (SELECT GROUP_CONCAT(CONCAT(u.fname, " ", u.lname) SEPARATOR "!sep!")
													FROM users u INNER JOIN custom_attribute_entities e
													WHERE e.custom_attribute_id = a.custom_attribute_id AND u.user_id = e.entity_id ORDER BY e.entity_id)
				WHEN a.attribute_category = 4 THEN (SELECT GROUP_CONCAT(r.name SEPARATOR "!sep!")
													FROM resources r INNER JOIN custom_attribute_entities e
													WHERE e.custom_attribute_id = a.custom_attribute_id AND r.resource_id = e.entity_id ORDER BY e.entity_id)
				WHEN a.attribute_category = 5  THEN (SELECT GROUP_CONCAT(rt.resource_type_name SEPARATOR "!sep!")
													FROM resource_types rt INNER JOIN custom_attribute_entities e
													WHERE e.custom_attribute_id = a.custom_attribute_id AND rt.resource_type_id = e.entity_id ORDER BY e.entity_id)
				ELSE null
				END as entity_descriptions,
				CASE
				WHEN a.secondary_category = 2 THEN (SELECT GROUP_CONCAT(CONCAT( fname, " ", lname ) SEPARATOR  "!sep!" ) FROM users WHERE FIND_IN_SET( user_id, a.secondary_entity_ids ))
				WHEN a.secondary_category = 4 THEN (SELECT GROUP_CONCAT(name SEPARATOR  "!sep!" ) FROM resources WHERE FIND_IN_SET( resource_id, a.secondary_entity_ids ))
				WHEN a.secondary_category = 5 THEN (SELECT GROUP_CONCAT(resource_type_name SEPARATOR  "!sep!" ) FROM resource_types WHERE FIND_IN_SET( resource_type_id, a.secondary_entity_ids ))
				ELSE null
				END as secondary_entity_descriptions
				FROM custom_attributes a WHERE a.attribute_category = '5' ORDER BY a.sort_order, a.display_label;
2019-11-30T22:41:06+07:00 [2449] DEBUG sql - [User=Chokchai Kaiyasuan (chokchai.k_s17@vistec.ac.th)] MySql Query: SELECT *
		FROM custom_attribute_values WHERE entity_id IN ('2') AND attribute_category = '5';
