2019-06-29T02:39:16+07:00 [3895] DEBUG default - [User=Nattapat Leelaphattharaphan (1730404@vistec.ac.th)] applies 0 allowed 0, ids 2 requested  [File=/var/www/html/booking/lib/Application/Attributes/AttributeService.php,Line=294]
2019-06-29T02:39:16+07:00 [3895] DEBUG default - [User=Nattapat Leelaphattharaphan (1730404@vistec.ac.th)] applies 0 allowed 0, ids 17 requested  [File=/var/www/html/booking/lib/Application/Attributes/AttributeService.php,Line=294]
2019-06-29T02:39:16+07:00 [3895] DEBUG default - [User=Nattapat Leelaphattharaphan (1730404@vistec.ac.th)] applies 0 allowed 0, ids 25 requested  [File=/var/www/html/booking/lib/Application/Attributes/AttributeService.php,Line=294]
2019-06-29T02:39:16+07:00 [3895] DEBUG default - [User=Nattapat Leelaphattharaphan (1730404@vistec.ac.th)] applies 0 allowed 1, ids 16 requested  [File=/var/www/html/booking/lib/Application/Attributes/AttributeService.php,Line=294]
2019-06-29T02:39:16+07:00 [3895] DEBUG default - [User=Nattapat Leelaphattharaphan (1730404@vistec.ac.th)] applies 0 allowed 0, ids 25 requested  [File=/var/www/html/booking/lib/Application/Attributes/AttributeService.php,Line=294]
2019-06-29T02:39:16+07:00 [3895] DEBUG default - [User=Nattapat Leelaphattharaphan (1730404@vistec.ac.th)] applies 0 allowed 0, ids 26 requested  [File=/var/www/html/booking/lib/Application/Attributes/AttributeService.php,Line=294]
2019-06-29T02:39:16+07:00 [3895] DEBUG default - [User=Nattapat Leelaphattharaphan (1730404@vistec.ac.th)] applies 0 allowed 0, ids 29 requested  [File=/var/www/html/booking/lib/Application/Attributes/AttributeService.php,Line=294]
2019-06-29T02:39:16+07:00 [3895] DEBUG default - [User=Nattapat Leelaphattharaphan (1730404@vistec.ac.th)] applies 0 allowed 0, ids 26 requested  [File=/var/www/html/booking/lib/Application/Attributes/AttributeService.php,Line=294]
2019-06-29T02:39:16+07:00 [3895] DEBUG default - [User=Nattapat Leelaphattharaphan (1730404@vistec.ac.th)] applies 0 allowed 0, ids 2 requested  [File=/var/www/html/booking/lib/Application/Attributes/AttributeService.php,Line=294]
2019-06-29T02:39:16+07:00 [3895] DEBUG default - [User=Nattapat Leelaphattharaphan (1730404@vistec.ac.th)] applies 0 allowed 0, ids 15 requested  [File=/var/www/html/booking/lib/Application/Attributes/AttributeService.php,Line=294]
2019-06-29T02:39:16+07:00 [3895] DEBUG default - [User=Nattapat Leelaphattharaphan (1730404@vistec.ac.th)] applies 0 allowed 0, ids 18,27 requested  [File=/var/www/html/booking/lib/Application/Attributes/AttributeService.php,Line=294]
2019-06-29T02:39:16+07:00 [3895] DEBUG default - [User=Nattapat Leelaphattharaphan (1730404@vistec.ac.th)] applies 0 allowed 1, ids 16 requested  [File=/var/www/html/booking/lib/Application/Attributes/AttributeService.php,Line=294]
2019-06-29T02:39:16+07:00 [3895] DEBUG default - [User=Nattapat Leelaphattharaphan (1730404@vistec.ac.th)] applies 0 allowed 0, ids 18 requested  [File=/var/www/html/booking/lib/Application/Attributes/AttributeService.php,Line=294]
2019-06-29T02:39:16+07:00 [3895] DEBUG default - [User=Nattapat Leelaphattharaphan (1730404@vistec.ac.th)] applies 0 allowed 0, ids 26 requested  [File=/var/www/html/booking/lib/Application/Attributes/AttributeService.php,Line=294]
2019-06-29T02:39:16+07:00 [3895] DEBUG default - [User=Nattapat Leelaphattharaphan (1730404@vistec.ac.th)] applies 0 allowed 0, ids 18,2 requested  [File=/var/www/html/booking/lib/Application/Attributes/AttributeService.php,Line=294]
2019-06-29T02:39:16+07:00 [3895] DEBUG default - [User=Nattapat Leelaphattharaphan (1730404@vistec.ac.th)] applies 0 allowed 0, ids 17 requested  [File=/var/www/html/booking/lib/Application/Attributes/AttributeService.php,Line=294]
2019-06-29T02:39:16+07:00 [3895] DEBUG default - [User=Nattapat Leelaphattharaphan (1730404@vistec.ac.th)] applies 0 allowed 0, ids 17 requested  [File=/var/www/html/booking/lib/Application/Attributes/AttributeService.php,Line=294]
2019-06-29T02:39:16+07:00 [3895] DEBUG default - [User=Nattapat Leelaphattharaphan (1730404@vistec.ac.th)] applies 0 allowed 0, ids 26 requested  [File=/var/www/html/booking/lib/Application/Attributes/AttributeService.php,Line=294]
2019-06-29T02:39:16+07:00 [3895] DEBUG default - [User=Nattapat Leelaphattharaphan (1730404@vistec.ac.th)] applies 0 allowed 0, ids 2 requested  [File=/var/www/html/booking/lib/Application/Attributes/AttributeService.php,Line=294]
2019-06-29T02:39:16+07:00 [3895] DEBUG default - [User=Nattapat Leelaphattharaphan (1730404@vistec.ac.th)] applies 0 allowed 0, ids 17 requested  [File=/var/www/html/booking/lib/Application/Attributes/AttributeService.php,Line=294]
2019-06-29T02:39:16+07:00 [3895] DEBUG default - [User=Nattapat Leelaphattharaphan (1730404@vistec.ac.th)] applies 0 allowed 1, ids 16 requested  [File=/var/www/html/booking/lib/Application/Attributes/AttributeService.php,Line=294]
2019-06-29T02:39:16+07:00 [3895] DEBUG default - [User=Nattapat Leelaphattharaphan (1730404@vistec.ac.th)] applies 0 allowed 0, ids 23,26,22,21 requested  [File=/var/www/html/booking/lib/Application/Attributes/AttributeService.php,Line=294]
2019-06-29T02:39:16+07:00 [3895] DEBUG default - [User=Nattapat Leelaphattharaphan (1730404@vistec.ac.th)] applies 0 allowed 0, ids 23,26,22,29,21 requested  [File=/var/www/html/booking/lib/Application/Attributes/AttributeService.php,Line=294]
2019-06-29T10:50:25+07:00 [12231] DEBUG default - [User=Thitapond Nulek (1630411@vistec.ac.th)] applies 0 allowed 1, ids 2 requested 13 [File=/var/www/html/booking/lib/Application/Attributes/AttributeService.php,Line=294]
2019-06-29T10:50:25+07:00 [12231] DEBUG default - [User=Thitapond Nulek (1630411@vistec.ac.th)] applies 0 allowed 0, ids 17 requested 13 [File=/var/www/html/booking/lib/Application/Attributes/AttributeService.php,Line=294]
2019-06-29T10:50:25+07:00 [12231] DEBUG default - [User=Thitapond Nulek (1630411@vistec.ac.th)] applies 0 allowed 0, ids 25 requested 13 [File=/var/www/html/booking/lib/Application/Attributes/AttributeService.php,Line=294]
2019-06-29T10:50:25+07:00 [12231] DEBUG default - [User=Thitapond Nulek (1630411@vistec.ac.th)] applies 0 allowed 0, ids 16 requested 13 [File=/var/www/html/booking/lib/Application/Attributes/AttributeService.php,Line=294]
2019-06-29T10:50:25+07:00 [12231] DEBUG default - [User=Thitapond Nulek (1630411@vistec.ac.th)] applies 0 allowed 0, ids 25 requested 13 [File=/var/www/html/booking/lib/Application/Attributes/AttributeService.php,Line=294]
2019-06-29T10:50:25+07:00 [12231] DEBUG default - [User=Thitapond Nulek (1630411@vistec.ac.th)] applies 0 allowed 0, ids 26 requested 13 [File=/var/www/html/booking/lib/Application/Attributes/AttributeService.php,Line=294]
2019-06-29T10:50:25+07:00 [12231] DEBUG default - [User=Thitapond Nulek (1630411@vistec.ac.th)] applies 0 allowed 0, ids 29 requested 13 [File=/var/www/html/booking/lib/Application/Attributes/AttributeService.php,Line=294]
2019-06-29T10:50:25+07:00 [12231] DEBUG default - [User=Thitapond Nulek (1630411@vistec.ac.th)] applies 0 allowed 0, ids 26 requested 13 [File=/var/www/html/booking/lib/Application/Attributes/AttributeService.php,Line=294]
2019-06-29T10:50:25+07:00 [12231] DEBUG default - [User=Thitapond Nulek (1630411@vistec.ac.th)] applies 0 allowed 1, ids 2 requested 13 [File=/var/www/html/booking/lib/Application/Attributes/AttributeService.php,Line=294]
2019-06-29T10:50:25+07:00 [12231] DEBUG default - [User=Thitapond Nulek (1630411@vistec.ac.th)] applies 0 allowed 0, ids 15 requested 13 [File=/var/www/html/booking/lib/Application/Attributes/AttributeService.php,Line=294]
2019-06-29T10:50:25+07:00 [12231] DEBUG default - [User=Thitapond Nulek (1630411@vistec.ac.th)] applies 0 allowed 0, ids 18,27 requested 13 [File=/var/www/html/booking/lib/Application/Attributes/AttributeService.php,Line=294]
2019-06-29T10:50:25+07:00 [12231] DEBUG default - [User=Thitapond Nulek (1630411@vistec.ac.th)] applies 0 allowed 0, ids 16 requested 13 [File=/var/www/html/booking/lib/Application/Attributes/AttributeService.php,Line=294]
2019-06-29T10:50:25+07:00 [12231] DEBUG default - [User=Thitapond Nulek (1630411@vistec.ac.th)] applies 0 allowed 0, ids 18 requested 13 [File=/var/www/html/booking/lib/Application/Attributes/AttributeService.php,Line=294]
2019-06-29T10:50:25+07:00 [12231] DEBUG default - [User=Thitapond Nulek (1630411@vistec.ac.th)] applies 0 allowed 0, ids 26 requested 13 [File=/var/www/html/booking/lib/Application/Attributes/AttributeService.php,Line=294]
2019-06-29T10:50:25+07:00 [12231] DEBUG default - [User=Thitapond Nulek (1630411@vistec.ac.th)] applies 0 allowed 1, ids 18,2 requested 13 [File=/var/www/html/booking/lib/Application/Attributes/AttributeService.php,Line=294]
2019-06-29T10:50:25+07:00 [12231] DEBUG default - [User=Thitapond Nulek (1630411@vistec.ac.th)] applies 0 allowed 0, ids 17 requested 13 [File=/var/www/html/booking/lib/Application/Attributes/AttributeService.php,Line=294]
2019-06-29T10:50:25+07:00 [12231] DEBUG default - [User=Thitapond Nulek (1630411@vistec.ac.th)] applies 0 allowed 0, ids 17 requested 13 [File=/var/www/html/booking/lib/Application/Attributes/AttributeService.php,Line=294]
2019-06-29T10:50:25+07:00 [12231] DEBUG default - [User=Thitapond Nulek (1630411@vistec.ac.th)] applies 0 allowed 0, ids 26 requested 13 [File=/var/www/html/booking/lib/Application/Attributes/AttributeService.php,Line=294]
2019-06-29T10:50:25+07:00 [12231] DEBUG default - [User=Thitapond Nulek (1630411@vistec.ac.th)] applies 0 allowed 1, ids 2 requested 13 [File=/var/www/html/booking/lib/Application/Attributes/AttributeService.php,Line=294]
2019-06-29T10:50:25+07:00 [12231] DEBUG default - [User=Thitapond Nulek (1630411@vistec.ac.th)] applies 0 allowed 0, ids 17 requested 13 [File=/var/www/html/booking/lib/Application/Attributes/AttributeService.php,Line=294]
2019-06-29T10:50:25+07:00 [12231] DEBUG default - [User=Thitapond Nulek (1630411@vistec.ac.th)] applies 0 allowed 0, ids 16 requested 13 [File=/var/www/html/booking/lib/Application/Attributes/AttributeService.php,Line=294]
2019-06-29T10:50:25+07:00 [12231] DEBUG default - [User=Thitapond Nulek (1630411@vistec.ac.th)] applies 0 allowed 1, ids 23,26,22,21 requested 13 [File=/var/www/html/booking/lib/Application/Attributes/AttributeService.php,Line=294]
2019-06-29T10:50:25+07:00 [12231] DEBUG default - [User=Thitapond Nulek (1630411@vistec.ac.th)] applies 0 allowed 1, ids 23,26,22,29,21 requested 13 [File=/var/www/html/booking/lib/Application/Attributes/AttributeService.php,Line=294]
2019-06-29T10:50:56+07:00 [12231] DEBUG default - [User=Thitapond Nulek (1630411@vistec.ac.th)] applies 0 allowed 1, ids 2 requested  [File=/var/www/html/booking/lib/Application/Attributes/AttributeService.php,Line=294]
2019-06-29T10:50:56+07:00 [12231] DEBUG default - [User=Thitapond Nulek (1630411@vistec.ac.th)] applies 0 allowed 0, ids 17 requested  [File=/var/www/html/booking/lib/Application/Attributes/AttributeService.php,Line=294]
2019-06-29T10:50:56+07:00 [12231] DEBUG default - [User=Thitapond Nulek (1630411@vistec.ac.th)] applies 0 allowed 0, ids 25 requested  [File=/var/www/html/booking/lib/Application/Attributes/AttributeService.php,Line=294]
2019-06-29T10:50:56+07:00 [12231] DEBUG default - [User=Thitapond Nulek (1630411@vistec.ac.th)] applies 0 allowed 0, ids 16 requested  [File=/var/www/html/booking/lib/Application/Attributes/AttributeService.php,Line=294]
2019-06-29T10:50:56+07:00 [12231] DEBUG default - [User=Thitapond Nulek (1630411@vistec.ac.th)] applies 0 allowed 0, ids 25 requested  [File=/var/www/html/booking/lib/Application/Attributes/AttributeService.php,Line=294]
2019-06-29T10:50:56+07:00 [12231] DEBUG default - [User=Thitapond Nulek (1630411@vistec.ac.th)] applies 0 allowed 0, ids 26 requested  [File=/var/www/html/booking/lib/Application/Attributes/AttributeService.php,Line=294]
2019-06-29T10:50:56+07:00 [12231] DEBUG default - [User=Thitapond Nulek (1630411@vistec.ac.th)] applies 0 allowed 0, ids 29 requested  [File=/var/www/html/booking/lib/Application/Attributes/AttributeService.php,Line=294]
2019-06-29T10:50:56+07:00 [12231] DEBUG default - [User=Thitapond Nulek (1630411@vistec.ac.th)] applies 0 allowed 0, ids 26 requested  [File=/var/www/html/booking/lib/Application/Attributes/AttributeService.php,Line=294]
2019-06-29T10:50:56+07:00 [12231] DEBUG default - [User=Thitapond Nulek (1630411@vistec.ac.th)] applies 0 allowed 1, ids 2 requested  [File=/var/www/html/booking/lib/Application/Attributes/AttributeService.php,Line=294]
2019-06-29T10:50:56+07:00 [12231] DEBUG default - [User=Thitapond Nulek (1630411@vistec.ac.th)] applies 0 allowed 0, ids 15 requested  [File=/var/www/html/booking/lib/Application/Attributes/AttributeService.php,Line=294]
2019-06-29T10:50:56+07:00 [12231] DEBUG default - [User=Thitapond Nulek (1630411@vistec.ac.th)] applies 0 allowed 0, ids 18,27 requested  [File=/var/www/html/booking/lib/Application/Attributes/AttributeService.php,Line=294]
2019-06-29T10:50:56+07:00 [12231] DEBUG default - [User=Thitapond Nulek (1630411@vistec.ac.th)] applies 0 allowed 0, ids 16 requested  [File=/var/www/html/booking/lib/Application/Attributes/AttributeService.php,Line=294]
2019-06-29T10:50:56+07:00 [12231] DEBUG default - [User=Thitapond Nulek (1630411@vistec.ac.th)] applies 0 allowed 0, ids 18 requested  [File=/var/www/html/booking/lib/Application/Attributes/AttributeService.php,Line=294]
2019-06-29T10:50:56+07:00 [12231] DEBUG default - [User=Thitapond Nulek (1630411@vistec.ac.th)] applies 0 allowed 0, ids 26 requested  [File=/var/www/html/booking/lib/Application/Attributes/AttributeService.php,Line=294]
2019-06-29T10:50:56+07:00 [12231] DEBUG default - [User=Thitapond Nulek (1630411@vistec.ac.th)] applies 0 allowed 1, ids 18,2 requested  [File=/var/www/html/booking/lib/Application/Attributes/AttributeService.php,Line=294]
2019-06-29T10:50:56+07:00 [12231] DEBUG default - [User=Thitapond Nulek (1630411@vistec.ac.th)] applies 0 allowed 0, ids 17 requested  [File=/var/www/html/booking/lib/Application/Attributes/AttributeService.php,Line=294]
2019-06-29T10:50:56+07:00 [12231] DEBUG default - [User=Thitapond Nulek (1630411@vistec.ac.th)] applies 0 allowed 0, ids 17 requested  [File=/var/www/html/booking/lib/Application/Attributes/AttributeService.php,Line=294]
2019-06-29T10:50:56+07:00 [12231] DEBUG default - [User=Thitapond Nulek (1630411@vistec.ac.th)] applies 0 allowed 0, ids 26 requested  [File=/var/www/html/booking/lib/Application/Attributes/AttributeService.php,Line=294]
2019-06-29T10:50:56+07:00 [12231] DEBUG default - [User=Thitapond Nulek (1630411@vistec.ac.th)] applies 0 allowed 1, ids 2 requested  [File=/var/www/html/booking/lib/Application/Attributes/AttributeService.php,Line=294]
2019-06-29T10:50:56+07:00 [12231] DEBUG default - [User=Thitapond Nulek (1630411@vistec.ac.th)] applies 0 allowed 0, ids 17 requested  [File=/var/www/html/booking/lib/Application/Attributes/AttributeService.php,Line=294]
2019-06-29T10:50:56+07:00 [12231] DEBUG default - [User=Thitapond Nulek (1630411@vistec.ac.th)] applies 0 allowed 0, ids 16 requested  [File=/var/www/html/booking/lib/Application/Attributes/AttributeService.php,Line=294]
2019-06-29T10:50:56+07:00 [12231] DEBUG default - [User=Thitapond Nulek (1630411@vistec.ac.th)] applies 0 allowed 1, ids 23,26,22,21 requested  [File=/var/www/html/booking/lib/Application/Attributes/AttributeService.php,Line=294]
2019-06-29T10:50:56+07:00 [12231] DEBUG default - [User=Thitapond Nulek (1630411@vistec.ac.th)] applies 0 allowed 1, ids 23,26,22,29,21 requested  [File=/var/www/html/booking/lib/Application/Attributes/AttributeService.php,Line=294]
2019-06-29T13:00:40+07:00 [12231] DEBUG default - [User=Donhatai Sruamsiri (1730203@vistec.ac.th)] applies 1 allowed 1, ids 2 requested 2 [File=/var/www/html/booking/lib/Application/Attributes/AttributeService.php,Line=294]
2019-06-29T13:00:40+07:00 [12231] DEBUG default - [User=Donhatai Sruamsiri (1730203@vistec.ac.th)] applies 0 allowed 0, ids 17 requested 2 [File=/var/www/html/booking/lib/Application/Attributes/AttributeService.php,Line=294]
2019-06-29T13:00:40+07:00 [12231] DEBUG default - [User=Donhatai Sruamsiri (1730203@vistec.ac.th)] applies 0 allowed 0, ids 25 requested 2 [File=/var/www/html/booking/lib/Application/Attributes/AttributeService.php,Line=294]
2019-06-29T13:00:40+07:00 [12231] DEBUG default - [User=Donhatai Sruamsiri (1730203@vistec.ac.th)] applies 0 allowed 1, ids 16 requested 2 [File=/var/www/html/booking/lib/Application/Attributes/AttributeService.php,Line=294]
2019-06-29T13:00:40+07:00 [12231] DEBUG default - [User=Donhatai Sruamsiri (1730203@vistec.ac.th)] applies 0 allowed 0, ids 25 requested 2 [File=/var/www/html/booking/lib/Application/Attributes/AttributeService.php,Line=294]
2019-06-29T13:00:40+07:00 [12231] DEBUG default - [User=Donhatai Sruamsiri (1730203@vistec.ac.th)] applies 0 allowed 0, ids 26 requested 2 [File=/var/www/html/booking/lib/Application/Attributes/AttributeService.php,Line=294]
2019-06-29T13:00:40+07:00 [12231] DEBUG default - [User=Donhatai Sruamsiri (1730203@vistec.ac.th)] applies 0 allowed 0, ids 29 requested 2 [File=/var/www/html/booking/lib/Application/Attributes/AttributeService.php,Line=294]
2019-06-29T13:00:40+07:00 [12231] DEBUG default - [User=Donhatai Sruamsiri (1730203@vistec.ac.th)] applies 0 allowed 0, ids 26 requested 2 [File=/var/www/html/booking/lib/Application/Attributes/AttributeService.php,Line=294]
2019-06-29T13:00:40+07:00 [12231] DEBUG default - [User=Donhatai Sruamsiri (1730203@vistec.ac.th)] applies 1 allowed 1, ids 2 requested 2 [File=/var/www/html/booking/lib/Application/Attributes/AttributeService.php,Line=294]
2019-06-29T13:00:40+07:00 [12231] DEBUG default - [User=Donhatai Sruamsiri (1730203@vistec.ac.th)] applies 0 allowed 0, ids 15 requested 2 [File=/var/www/html/booking/lib/Application/Attributes/AttributeService.php,Line=294]
2019-06-29T13:00:40+07:00 [12231] DEBUG default - [User=Donhatai Sruamsiri (1730203@vistec.ac.th)] applies 0 allowed 0, ids 18,27 requested 2 [File=/var/www/html/booking/lib/Application/Attributes/AttributeService.php,Line=294]
2019-06-29T13:00:40+07:00 [12231] DEBUG default - [User=Donhatai Sruamsiri (1730203@vistec.ac.th)] applies 0 allowed 1, ids 16 requested 2 [File=/var/www/html/booking/lib/Application/Attributes/AttributeService.php,Line=294]
2019-06-29T13:00:40+07:00 [12231] DEBUG default - [User=Donhatai Sruamsiri (1730203@vistec.ac.th)] applies 0 allowed 0, ids 18 requested 2 [File=/var/www/html/booking/lib/Application/Attributes/AttributeService.php,Line=294]
2019-06-29T13:00:40+07:00 [12231] DEBUG default - [User=Donhatai Sruamsiri (1730203@vistec.ac.th)] applies 0 allowed 0, ids 26 requested 2 [File=/var/www/html/booking/lib/Application/Attributes/AttributeService.php,Line=294]
2019-06-29T13:00:40+07:00 [12231] DEBUG default - [User=Donhatai Sruamsiri (1730203@vistec.ac.th)] applies 1 allowed 1, ids 18,2 requested 2 [File=/var/www/html/booking/lib/Application/Attributes/AttributeService.php,Line=294]
2019-06-29T13:00:40+07:00 [12231] DEBUG default - [User=Donhatai Sruamsiri (1730203@vistec.ac.th)] applies 0 allowed 0, ids 17 requested 2 [File=/var/www/html/booking/lib/Application/Attributes/AttributeService.php,Line=294]
2019-06-29T13:00:40+07:00 [12231] DEBUG default - [User=Donhatai Sruamsiri (1730203@vistec.ac.th)] applies 0 allowed 0, ids 17 requested 2 [File=/var/www/html/booking/lib/Application/Attributes/AttributeService.php,Line=294]
2019-06-29T13:00:40+07:00 [12231] DEBUG default - [User=Donhatai Sruamsiri (1730203@vistec.ac.th)] applies 0 allowed 0, ids 26 requested 2 [File=/var/www/html/booking/lib/Application/Attributes/AttributeService.php,Line=294]
2019-06-29T13:00:40+07:00 [12231] DEBUG default - [User=Donhatai Sruamsiri (1730203@vistec.ac.th)] applies 1 allowed 1, ids 2 requested 2 [File=/var/www/html/booking/lib/Application/Attributes/AttributeService.php,Line=294]
2019-06-29T13:00:40+07:00 [12231] DEBUG default - [User=Donhatai Sruamsiri (1730203@vistec.ac.th)] applies 0 allowed 0, ids 17 requested 2 [File=/var/www/html/booking/lib/Application/Attributes/AttributeService.php,Line=294]
2019-06-29T13:00:40+07:00 [12231] DEBUG default - [User=Donhatai Sruamsiri (1730203@vistec.ac.th)] applies 0 allowed 1, ids 16 requested 2 [File=/var/www/html/booking/lib/Application/Attributes/AttributeService.php,Line=294]
2019-06-29T13:00:40+07:00 [12231] DEBUG default - [User=Donhatai Sruamsiri (1730203@vistec.ac.th)] applies 0 allowed 1, ids 23,26,22,21 requested 2 [File=/var/www/html/booking/lib/Application/Attributes/AttributeService.php,Line=294]
2019-06-29T13:00:40+07:00 [12231] DEBUG default - [User=Donhatai Sruamsiri (1730203@vistec.ac.th)] applies 0 allowed 1, ids 23,26,22,29,21 requested 2 [File=/var/www/html/booking/lib/Application/Attributes/AttributeService.php,Line=294]
2019-06-29T13:04:47+07:00 [3895] DEBUG default - [User=Donhatai Sruamsiri (1730203@vistec.ac.th)] applies 1 allowed 1, ids 2 requested 2 [File=/var/www/html/booking/lib/Application/Attributes/AttributeService.php,Line=294]
2019-06-29T13:04:47+07:00 [3895] DEBUG default - [User=Donhatai Sruamsiri (1730203@vistec.ac.th)] applies 0 allowed 0, ids 17 requested 2 [File=/var/www/html/booking/lib/Application/Attributes/AttributeService.php,Line=294]
2019-06-29T13:04:47+07:00 [3895] DEBUG default - [User=Donhatai Sruamsiri (1730203@vistec.ac.th)] applies 0 allowed 0, ids 25 requested 2 [File=/var/www/html/booking/lib/Application/Attributes/AttributeService.php,Line=294]
2019-06-29T13:04:47+07:00 [3895] DEBUG default - [User=Donhatai Sruamsiri (1730203@vistec.ac.th)] applies 0 allowed 1, ids 16 requested 2 [File=/var/www/html/booking/lib/Application/Attributes/AttributeService.php,Line=294]
2019-06-29T13:04:47+07:00 [3895] DEBUG default - [User=Donhatai Sruamsiri (1730203@vistec.ac.th)] applies 0 allowed 0, ids 25 requested 2 [File=/var/www/html/booking/lib/Application/Attributes/AttributeService.php,Line=294]
2019-06-29T13:04:47+07:00 [3895] DEBUG default - [User=Donhatai Sruamsiri (1730203@vistec.ac.th)] applies 0 allowed 0, ids 26 requested 2 [File=/var/www/html/booking/lib/Application/Attributes/AttributeService.php,Line=294]
2019-06-29T13:04:47+07:00 [3895] DEBUG default - [User=Donhatai Sruamsiri (1730203@vistec.ac.th)] applies 0 allowed 0, ids 29 requested 2 [File=/var/www/html/booking/lib/Application/Attributes/AttributeService.php,Line=294]
2019-06-29T13:04:47+07:00 [3895] DEBUG default - [User=Donhatai Sruamsiri (1730203@vistec.ac.th)] applies 0 allowed 0, ids 26 requested 2 [File=/var/www/html/booking/lib/Application/Attributes/AttributeService.php,Line=294]
2019-06-29T13:04:47+07:00 [3895] DEBUG default - [User=Donhatai Sruamsiri (1730203@vistec.ac.th)] applies 1 allowed 1, ids 2 requested 2 [File=/var/www/html/booking/lib/Application/Attributes/AttributeService.php,Line=294]
2019-06-29T13:04:47+07:00 [3895] DEBUG default - [User=Donhatai Sruamsiri (1730203@vistec.ac.th)] applies 0 allowed 0, ids 15 requested 2 [File=/var/www/html/booking/lib/Application/Attributes/AttributeService.php,Line=294]
2019-06-29T13:04:47+07:00 [3895] DEBUG default - [User=Donhatai Sruamsiri (1730203@vistec.ac.th)] applies 0 allowed 0, ids 18,27 requested 2 [File=/var/www/html/booking/lib/Application/Attributes/AttributeService.php,Line=294]
2019-06-29T13:04:47+07:00 [3895] DEBUG default - [User=Donhatai Sruamsiri (1730203@vistec.ac.th)] applies 0 allowed 1, ids 16 requested 2 [File=/var/www/html/booking/lib/Application/Attributes/AttributeService.php,Line=294]
2019-06-29T13:04:47+07:00 [3895] DEBUG default - [User=Donhatai Sruamsiri (1730203@vistec.ac.th)] applies 0 allowed 0, ids 18 requested 2 [File=/var/www/html/booking/lib/Application/Attributes/AttributeService.php,Line=294]
2019-06-29T13:04:47+07:00 [3895] DEBUG default - [User=Donhatai Sruamsiri (1730203@vistec.ac.th)] applies 0 allowed 0, ids 26 requested 2 [File=/var/www/html/booking/lib/Application/Attributes/AttributeService.php,Line=294]
2019-06-29T13:04:47+07:00 [3895] DEBUG default - [User=Donhatai Sruamsiri (1730203@vistec.ac.th)] applies 1 allowed 1, ids 18,2 requested 2 [File=/var/www/html/booking/lib/Application/Attributes/AttributeService.php,Line=294]
2019-06-29T13:04:47+07:00 [3895] DEBUG default - [User=Donhatai Sruamsiri (1730203@vistec.ac.th)] applies 0 allowed 0, ids 17 requested 2 [File=/var/www/html/booking/lib/Application/Attributes/AttributeService.php,Line=294]
2019-06-29T13:04:47+07:00 [3895] DEBUG default - [User=Donhatai Sruamsiri (1730203@vistec.ac.th)] applies 0 allowed 0, ids 17 requested 2 [File=/var/www/html/booking/lib/Application/Attributes/AttributeService.php,Line=294]
2019-06-29T13:04:47+07:00 [3895] DEBUG default - [User=Donhatai Sruamsiri (1730203@vistec.ac.th)] applies 0 allowed 0, ids 26 requested 2 [File=/var/www/html/booking/lib/Application/Attributes/AttributeService.php,Line=294]
2019-06-29T13:04:47+07:00 [3895] DEBUG default - [User=Donhatai Sruamsiri (1730203@vistec.ac.th)] applies 1 allowed 1, ids 2 requested 2 [File=/var/www/html/booking/lib/Application/Attributes/AttributeService.php,Line=294]
2019-06-29T13:04:47+07:00 [3895] DEBUG default - [User=Donhatai Sruamsiri (1730203@vistec.ac.th)] applies 0 allowed 0, ids 17 requested 2 [File=/var/www/html/booking/lib/Application/Attributes/AttributeService.php,Line=294]
2019-06-29T13:04:47+07:00 [3895] DEBUG default - [User=Donhatai Sruamsiri (1730203@vistec.ac.th)] applies 0 allowed 1, ids 16 requested 2 [File=/var/www/html/booking/lib/Application/Attributes/AttributeService.php,Line=294]
2019-06-29T13:04:47+07:00 [3895] DEBUG default - [User=Donhatai Sruamsiri (1730203@vistec.ac.th)] applies 0 allowed 1, ids 23,26,22,21 requested 2 [File=/var/www/html/booking/lib/Application/Attributes/AttributeService.php,Line=294]
2019-06-29T13:04:47+07:00 [3895] DEBUG default - [User=Donhatai Sruamsiri (1730203@vistec.ac.th)] applies 0 allowed 1, ids 23,26,22,29,21 requested 2 [File=/var/www/html/booking/lib/Application/Attributes/AttributeService.php,Line=294]
2019-06-29T13:05:32+07:00 [3863] DEBUG default - [User=Donhatai Sruamsiri (1730203@vistec.ac.th)] AutoComplete: 164 results found for search type: user, term: S [File=/var/www/html/booking/Pages/Ajax/AutoCompletePage.php,Line=42]
2019-06-29T13:05:33+07:00 [12231] DEBUG default - [User=Donhatai Sruamsiri (1730203@vistec.ac.th)] AutoComplete: 44 results found for search type: user, term: Sa [File=/var/www/html/booking/Pages/Ajax/AutoCompletePage.php,Line=42]
2019-06-29T13:05:33+07:00 [3895] DEBUG default - [User=Donhatai Sruamsiri (1730203@vistec.ac.th)] AutoComplete: 4 results found for search type: user, term: Sas [File=/var/www/html/booking/Pages/Ajax/AutoCompletePage.php,Line=42]
2019-06-29T13:05:33+07:00 [3863] DEBUG default - [User=Donhatai Sruamsiri (1730203@vistec.ac.th)] AutoComplete: 2 results found for search type: user, term: Sasi [File=/var/www/html/booking/Pages/Ajax/AutoCompletePage.php,Line=42]
2019-06-29T13:05:47+07:00 [12231] DEBUG default - [User=Donhatai Sruamsiri (1730203@vistec.ac.th)] submitted retry params array (
) [File=/var/www/html/booking/lib/Application/Reservation/ReservationHandler.php,Line=103]
2019-06-29T13:05:47+07:00 [12231] DEBUG default - [User=Donhatai Sruamsiri (1730203@vistec.ac.th)] week_month_start 26 [File=/var/www/html/booking/lib/Application/Reservation/ReservationHandler.php,Line=365]
2019-06-29T13:05:47+07:00 [12231] DEBUG default - [User=Donhatai Sruamsiri (1730203@vistec.ac.th)] week_month_current 26 [File=/var/www/html/booking/lib/Application/Reservation/ReservationHandler.php,Line=366]
2019-06-29T13:05:47+07:00 [12231] DEBUG default - [User=Donhatai Sruamsiri (1730203@vistec.ac.th)] Tool Mode is Powder mode [File=/var/www/html/booking/lib/Application/Reservation/ReservationHandler.php,Line=747]
2019-06-29T13:05:47+07:00 [12231] DEBUG default - [User=Donhatai Sruamsiri (1730203@vistec.ac.th)] Checking for reservation conflicts, reference number 5d16ffbb9a581113861382 on 2019-06-29 23:00:00 Asia/Bangkok [File=/var/www/html/booking/lib/Application/Reservation/Validation/ResourceAvailabilityRule.php,Line=54]
2019-06-29T13:05:47+07:00 [12231] DEBUG default - [User=Donhatai Sruamsiri (1730203@vistec.ac.th)] Validating rule ResourceAvailabilityRule. Passed?: 1 [File=/var/www/html/booking/lib/Application/Reservation/Validation/ReservationValidationRuleProcessor.php,Line=35]
2019-06-29T13:05:47+07:00 [12231] DEBUG default - [User=Donhatai Sruamsiri (1730203@vistec.ac.th)] Validating rule AdminExcludedRule. Passed?: 1 [File=/var/www/html/booking/lib/Application/Reservation/Validation/ReservationValidationRuleProcessor.php,Line=35]
2019-06-29T13:05:47+07:00 [12231] DEBUG default - [User=Donhatai Sruamsiri (1730203@vistec.ac.th)] Validating rule ReservationDateTimeRule. Passed?: 1 [File=/var/www/html/booking/lib/Application/Reservation/Validation/ReservationValidationRuleProcessor.php,Line=35]
2019-06-29T13:05:47+07:00 [12231] DEBUG default - [User=Donhatai Sruamsiri (1730203@vistec.ac.th)] Validating rule ReservationBasicInfoRule. Passed?: 1 [File=/var/www/html/booking/lib/Application/Reservation/Validation/ReservationValidationRuleProcessor.php,Line=35]
2019-06-29T13:05:47+07:00 [12231] DEBUG default - [User=Donhatai Sruamsiri (1730203@vistec.ac.th)] Start Time Rule: Comparing 2019-06-29 23:00:00 Asia/Bangkok to 2019-06-29 13:05:47 Asia/Bangkok [File=/var/www/html/booking/lib/Application/Reservation/Validation/ReservationStartTimeRule.php,Line=63]
2019-06-29T13:05:47+07:00 [12231] DEBUG default - [User=Donhatai Sruamsiri (1730203@vistec.ac.th)] Validating rule AdminExcludedRule. Passed?: 1 [File=/var/www/html/booking/lib/Application/Reservation/Validation/ReservationValidationRuleProcessor.php,Line=35]
2019-06-29T13:05:47+07:00 [12231] DEBUG default - [User=Donhatai Sruamsiri (1730203@vistec.ac.th)] Validating rule AdminExcludedRule. Passed?: 1 [File=/var/www/html/booking/lib/Application/Reservation/Validation/ReservationValidationRuleProcessor.php,Line=35]
2019-06-29T13:05:47+07:00 [12231] DEBUG default - [User=Donhatai Sruamsiri (1730203@vistec.ac.th)] Validating rule AdminExcludedRule. Passed?: 1 [File=/var/www/html/booking/lib/Application/Reservation/Validation/ReservationValidationRuleProcessor.php,Line=35]
2019-06-29T13:05:47+07:00 [12231] DEBUG default - [User=Donhatai Sruamsiri (1730203@vistec.ac.th)] Validating rule AdminExcludedRule. Passed?: 1 [File=/var/www/html/booking/lib/Application/Reservation/Validation/ReservationValidationRuleProcessor.php,Line=35]
2019-06-29T13:05:47+07:00 [12231] DEBUG default - [User=Donhatai Sruamsiri (1730203@vistec.ac.th)] Validating rule AdminExcludedRule. Passed?: 1 [File=/var/www/html/booking/lib/Application/Reservation/Validation/ReservationValidationRuleProcessor.php,Line=35]
2019-06-29T13:05:47+07:00 [12231] DEBUG default - [User=Donhatai Sruamsiri (1730203@vistec.ac.th)] Validating rule ReservationAttachmentRule. Passed?: 1 [File=/var/www/html/booking/lib/Application/Reservation/Validation/ReservationValidationRuleProcessor.php,Line=35]
2019-06-29T13:05:47+07:00 [12231] DEBUG default - [User=Donhatai Sruamsiri (1730203@vistec.ac.th)] Validating rule AdminExcludedRule. Passed?: 1 [File=/var/www/html/booking/lib/Application/Reservation/Validation/ReservationValidationRuleProcessor.php,Line=35]
2019-06-29T13:05:47+07:00 [12231] DEBUG default - [User=Donhatai Sruamsiri (1730203@vistec.ac.th)] Validating rule AdminExcludedRule. Passed?: 1 [File=/var/www/html/booking/lib/Application/Reservation/Validation/ReservationValidationRuleProcessor.php,Line=35]
2019-06-29T13:05:47+07:00 [12231] DEBUG default - [User=Donhatai Sruamsiri (1730203@vistec.ac.th)] Validating rule AdminExcludedRule. Passed?: 1 [File=/var/www/html/booking/lib/Application/Reservation/Validation/ReservationValidationRuleProcessor.php,Line=35]
2019-06-29T13:05:47+07:00 [12231] DEBUG default - [User=Donhatai Sruamsiri (1730203@vistec.ac.th)] Validating rule AdminExcludedRule. Passed?: 1 [File=/var/www/html/booking/lib/Application/Reservation/Validation/ReservationValidationRuleProcessor.php,Line=35]
2019-06-29T13:05:47+07:00 [12231] DEBUG default - [User=Donhatai Sruamsiri (1730203@vistec.ac.th)] Validating rule SchedulePeriodRule. Passed?: 1 [File=/var/www/html/booking/lib/Application/Reservation/Validation/ReservationValidationRuleProcessor.php,Line=35]
2019-06-29T13:05:47+07:00 [12231] DEBUG default - [User=Donhatai Sruamsiri (1730203@vistec.ac.th)] Validating rule AdminExcludedRule. Passed?: 1 [File=/var/www/html/booking/lib/Application/Reservation/Validation/ReservationValidationRuleProcessor.php,Line=35]
2019-06-29T13:05:47+07:00 [12231] DEBUG default - [User=Donhatai Sruamsiri (1730203@vistec.ac.th)] Validating rule AdminExcludedRule. Passed?: 1 [File=/var/www/html/booking/lib/Application/Reservation/Validation/ReservationValidationRuleProcessor.php,Line=35]
2019-06-29T13:05:47+07:00 [12231] DEBUG default - [User=Donhatai Sruamsiri (1730203@vistec.ac.th)] Validating rule AccessoryAvailabilityRule. Passed?: 1 [File=/var/www/html/booking/lib/Application/Reservation/Validation/ReservationValidationRuleProcessor.php,Line=35]
2019-06-29T13:05:47+07:00 [12231] DEBUG default - [User=Donhatai Sruamsiri (1730203@vistec.ac.th)] Validating rule AccessoryResourceRule. Passed?: 1 [File=/var/www/html/booking/lib/Application/Reservation/Validation/ReservationValidationRuleProcessor.php,Line=35]
2019-06-29T13:05:47+07:00 [12231] DEBUG default - [User=Donhatai Sruamsiri (1730203@vistec.ac.th)] CREDITS - Reservation update adjusting credits for user 480 by 0. Required 0, consumed 0 [File=/var/www/html/booking/Domain/Access/ReservationRepository.php,Line=209]
2019-06-29T13:05:47+07:00 [12231] DEBUG default - [User=Donhatai Sruamsiri (1730203@vistec.ac.th)] Calling notify on OwnerEmailCreatedNotification for reservation 5d16ffbb9a581113861382 [File=/var/www/html/booking/lib/Application/Reservation/Notification/IReservationNotificationService.php,Line=53]
2019-06-29T13:05:47+07:00 [12231] DEBUG default - [User=Donhatai Sruamsiri (1730203@vistec.ac.th)] Owner does not want these types of email notifications. Email=1730203@vistec.ac.th, ReferenceNumber=5d16ffbb9a581113861382 [File=/var/www/html/booking/lib/Application/Reservation/Notification/OwnerEmailNotification.php,Line=60]
2019-06-29T13:05:47+07:00 [12231] DEBUG default - [User=Donhatai Sruamsiri (1730203@vistec.ac.th)] Calling notify on AdminEmailCreatedNotification for reservation 5d16ffbb9a581113861382 [File=/var/www/html/booking/lib/Application/Reservation/Notification/IReservationNotificationService.php,Line=53]
2019-06-29T13:05:47+07:00 [12231] DEBUG default - [User=Donhatai Sruamsiri (1730203@vistec.ac.th)] Calling notify on AdminEmailApprovalNotification for reservation 5d16ffbb9a581113861382 [File=/var/www/html/booking/lib/Application/Reservation/Notification/IReservationNotificationService.php,Line=53]
2019-06-29T13:05:47+07:00 [12231] DEBUG default - [User=Donhatai Sruamsiri (1730203@vistec.ac.th)] Calling notify on ParticipantAddedEmailNotification for reservation 5d16ffbb9a581113861382 [File=/var/www/html/booking/lib/Application/Reservation/Notification/IReservationNotificationService.php,Line=53]
2019-06-29T13:05:48+07:00 [12231] DEBUG default - [User=Donhatai Sruamsiri (1730203@vistec.ac.th)] Adding email attachment reservation.ics [File=/var/www/html/booking/lib/Email/EmailService.php,Line=89]
2019-06-29T13:05:48+07:00 [12231] DEBUG default - [User=Donhatai Sruamsiri (1730203@vistec.ac.th)] Sending ParticipantAddedEmail email to: 1730407@vistec.ac.th from: 1730203@vistec.ac.th [File=/var/www/html/booking/lib/Email/EmailService.php,Line=93]
2019-06-29T13:05:51+07:00 [12231] DEBUG default - [User=Donhatai Sruamsiri (1730203@vistec.ac.th)] Email send success: 1.  [File=/var/www/html/booking/lib/Email/EmailService.php,Line=105]
2019-06-29T13:05:51+07:00 [12231] DEBUG default - [User=Donhatai Sruamsiri (1730203@vistec.ac.th)] Calling notify on InviteeAddedEmailNotification for reservation 5d16ffbb9a581113861382 [File=/var/www/html/booking/lib/Application/Reservation/Notification/IReservationNotificationService.php,Line=53]
2019-06-29T13:05:51+07:00 [12231] DEBUG default - [User=Donhatai Sruamsiri (1730203@vistec.ac.th)] Calling notify on GuestAddedEmailNotification for reservation 5d16ffbb9a581113861382 [File=/var/www/html/booking/lib/Application/Reservation/Notification/IReservationNotificationService.php,Line=53]
2019-06-29T13:05:57+07:00 [12231] DEBUG default - [User=Donhatai Sruamsiri (1730203@vistec.ac.th)] applies 0 allowed 1, ids 2 requested NaN [File=/var/www/html/booking/lib/Application/Attributes/AttributeService.php,Line=294]
2019-06-29T13:05:57+07:00 [12231] DEBUG default - [User=Donhatai Sruamsiri (1730203@vistec.ac.th)] applies 0 allowed 0, ids 17 requested NaN [File=/var/www/html/booking/lib/Application/Attributes/AttributeService.php,Line=294]
2019-06-29T13:05:57+07:00 [12231] DEBUG default - [User=Donhatai Sruamsiri (1730203@vistec.ac.th)] applies 0 allowed 0, ids 25 requested NaN [File=/var/www/html/booking/lib/Application/Attributes/AttributeService.php,Line=294]
2019-06-29T13:05:57+07:00 [12231] DEBUG default - [User=Donhatai Sruamsiri (1730203@vistec.ac.th)] applies 0 allowed 1, ids 16 requested NaN [File=/var/www/html/booking/lib/Application/Attributes/AttributeService.php,Line=294]
2019-06-29T13:05:57+07:00 [12231] DEBUG default - [User=Donhatai Sruamsiri (1730203@vistec.ac.th)] applies 0 allowed 0, ids 25 requested NaN [File=/var/www/html/booking/lib/Application/Attributes/AttributeService.php,Line=294]
2019-06-29T13:05:57+07:00 [12231] DEBUG default - [User=Donhatai Sruamsiri (1730203@vistec.ac.th)] applies 0 allowed 0, ids 26 requested NaN [File=/var/www/html/booking/lib/Application/Attributes/AttributeService.php,Line=294]
2019-06-29T13:05:57+07:00 [12231] DEBUG default - [User=Donhatai Sruamsiri (1730203@vistec.ac.th)] applies 0 allowed 0, ids 29 requested NaN [File=/var/www/html/booking/lib/Application/Attributes/AttributeService.php,Line=294]
2019-06-29T13:05:57+07:00 [12231] DEBUG default - [User=Donhatai Sruamsiri (1730203@vistec.ac.th)] applies 0 allowed 0, ids 26 requested NaN [File=/var/www/html/booking/lib/Application/Attributes/AttributeService.php,Line=294]
2019-06-29T13:05:57+07:00 [12231] DEBUG default - [User=Donhatai Sruamsiri (1730203@vistec.ac.th)] applies 0 allowed 1, ids 2 requested NaN [File=/var/www/html/booking/lib/Application/Attributes/AttributeService.php,Line=294]
2019-06-29T13:05:57+07:00 [12231] DEBUG default - [User=Donhatai Sruamsiri (1730203@vistec.ac.th)] applies 0 allowed 0, ids 15 requested NaN [File=/var/www/html/booking/lib/Application/Attributes/AttributeService.php,Line=294]
2019-06-29T13:05:57+07:00 [12231] DEBUG default - [User=Donhatai Sruamsiri (1730203@vistec.ac.th)] applies 0 allowed 0, ids 18,27 requested NaN [File=/var/www/html/booking/lib/Application/Attributes/AttributeService.php,Line=294]
2019-06-29T13:05:57+07:00 [12231] DEBUG default - [User=Donhatai Sruamsiri (1730203@vistec.ac.th)] applies 0 allowed 1, ids 16 requested NaN [File=/var/www/html/booking/lib/Application/Attributes/AttributeService.php,Line=294]
2019-06-29T13:05:57+07:00 [12231] DEBUG default - [User=Donhatai Sruamsiri (1730203@vistec.ac.th)] applies 0 allowed 0, ids 18 requested NaN [File=/var/www/html/booking/lib/Application/Attributes/AttributeService.php,Line=294]
2019-06-29T13:05:57+07:00 [12231] DEBUG default - [User=Donhatai Sruamsiri (1730203@vistec.ac.th)] applies 0 allowed 0, ids 26 requested NaN [File=/var/www/html/booking/lib/Application/Attributes/AttributeService.php,Line=294]
2019-06-29T13:05:57+07:00 [12231] DEBUG default - [User=Donhatai Sruamsiri (1730203@vistec.ac.th)] applies 0 allowed 1, ids 18,2 requested NaN [File=/var/www/html/booking/lib/Application/Attributes/AttributeService.php,Line=294]
2019-06-29T13:05:57+07:00 [12231] DEBUG default - [User=Donhatai Sruamsiri (1730203@vistec.ac.th)] applies 0 allowed 0, ids 17 requested NaN [File=/var/www/html/booking/lib/Application/Attributes/AttributeService.php,Line=294]
2019-06-29T13:05:57+07:00 [12231] DEBUG default - [User=Donhatai Sruamsiri (1730203@vistec.ac.th)] applies 0 allowed 0, ids 17 requested NaN [File=/var/www/html/booking/lib/Application/Attributes/AttributeService.php,Line=294]
2019-06-29T13:05:57+07:00 [12231] DEBUG default - [User=Donhatai Sruamsiri (1730203@vistec.ac.th)] applies 0 allowed 0, ids 26 requested NaN [File=/var/www/html/booking/lib/Application/Attributes/AttributeService.php,Line=294]
2019-06-29T13:05:57+07:00 [12231] DEBUG default - [User=Donhatai Sruamsiri (1730203@vistec.ac.th)] applies 0 allowed 1, ids 2 requested NaN [File=/var/www/html/booking/lib/Application/Attributes/AttributeService.php,Line=294]
2019-06-29T13:05:57+07:00 [12231] DEBUG default - [User=Donhatai Sruamsiri (1730203@vistec.ac.th)] applies 0 allowed 0, ids 17 requested NaN [File=/var/www/html/booking/lib/Application/Attributes/AttributeService.php,Line=294]
2019-06-29T13:05:57+07:00 [12231] DEBUG default - [User=Donhatai Sruamsiri (1730203@vistec.ac.th)] applies 0 allowed 1, ids 16 requested NaN [File=/var/www/html/booking/lib/Application/Attributes/AttributeService.php,Line=294]
2019-06-29T13:05:57+07:00 [12231] DEBUG default - [User=Donhatai Sruamsiri (1730203@vistec.ac.th)] applies 0 allowed 1, ids 23,26,22,21 requested NaN [File=/var/www/html/booking/lib/Application/Attributes/AttributeService.php,Line=294]
2019-06-29T13:05:57+07:00 [12231] DEBUG default - [User=Donhatai Sruamsiri (1730203@vistec.ac.th)] applies 0 allowed 1, ids 23,26,22,29,21 requested NaN [File=/var/www/html/booking/lib/Application/Attributes/AttributeService.php,Line=294]
2019-06-29T13:06:22+07:00 [3863] DEBUG default - [User=Donhatai Sruamsiri (1730203@vistec.ac.th)] applies 0 allowed 1, ids 2 requested 21 [File=/var/www/html/booking/lib/Application/Attributes/AttributeService.php,Line=294]
2019-06-29T13:06:22+07:00 [3863] DEBUG default - [User=Donhatai Sruamsiri (1730203@vistec.ac.th)] applies 0 allowed 0, ids 17 requested 21 [File=/var/www/html/booking/lib/Application/Attributes/AttributeService.php,Line=294]
2019-06-29T13:06:22+07:00 [3863] DEBUG default - [User=Donhatai Sruamsiri (1730203@vistec.ac.th)] applies 0 allowed 0, ids 25 requested 21 [File=/var/www/html/booking/lib/Application/Attributes/AttributeService.php,Line=294]
2019-06-29T13:06:22+07:00 [3863] DEBUG default - [User=Donhatai Sruamsiri (1730203@vistec.ac.th)] applies 0 allowed 1, ids 16 requested 21 [File=/var/www/html/booking/lib/Application/Attributes/AttributeService.php,Line=294]
2019-06-29T13:06:22+07:00 [3863] DEBUG default - [User=Donhatai Sruamsiri (1730203@vistec.ac.th)] applies 0 allowed 0, ids 25 requested 21 [File=/var/www/html/booking/lib/Application/Attributes/AttributeService.php,Line=294]
2019-06-29T13:06:22+07:00 [3863] DEBUG default - [User=Donhatai Sruamsiri (1730203@vistec.ac.th)] applies 0 allowed 0, ids 26 requested 21 [File=/var/www/html/booking/lib/Application/Attributes/AttributeService.php,Line=294]
2019-06-29T13:06:22+07:00 [3863] DEBUG default - [User=Donhatai Sruamsiri (1730203@vistec.ac.th)] applies 0 allowed 0, ids 29 requested 21 [File=/var/www/html/booking/lib/Application/Attributes/AttributeService.php,Line=294]
2019-06-29T13:06:22+07:00 [3863] DEBUG default - [User=Donhatai Sruamsiri (1730203@vistec.ac.th)] applies 0 allowed 0, ids 26 requested 21 [File=/var/www/html/booking/lib/Application/Attributes/AttributeService.php,Line=294]
2019-06-29T13:06:22+07:00 [3863] DEBUG default - [User=Donhatai Sruamsiri (1730203@vistec.ac.th)] applies 0 allowed 1, ids 2 requested 21 [File=/var/www/html/booking/lib/Application/Attributes/AttributeService.php,Line=294]
2019-06-29T13:06:22+07:00 [3863] DEBUG default - [User=Donhatai Sruamsiri (1730203@vistec.ac.th)] applies 0 allowed 0, ids 15 requested 21 [File=/var/www/html/booking/lib/Application/Attributes/AttributeService.php,Line=294]
2019-06-29T13:06:22+07:00 [3863] DEBUG default - [User=Donhatai Sruamsiri (1730203@vistec.ac.th)] applies 0 allowed 0, ids 18,27 requested 21 [File=/var/www/html/booking/lib/Application/Attributes/AttributeService.php,Line=294]
2019-06-29T13:06:22+07:00 [3863] DEBUG default - [User=Donhatai Sruamsiri (1730203@vistec.ac.th)] applies 0 allowed 1, ids 16 requested 21 [File=/var/www/html/booking/lib/Application/Attributes/AttributeService.php,Line=294]
2019-06-29T13:06:22+07:00 [3863] DEBUG default - [User=Donhatai Sruamsiri (1730203@vistec.ac.th)] applies 0 allowed 0, ids 18 requested 21 [File=/var/www/html/booking/lib/Application/Attributes/AttributeService.php,Line=294]
2019-06-29T13:06:22+07:00 [3863] DEBUG default - [User=Donhatai Sruamsiri (1730203@vistec.ac.th)] applies 0 allowed 0, ids 26 requested 21 [File=/var/www/html/booking/lib/Application/Attributes/AttributeService.php,Line=294]
2019-06-29T13:06:22+07:00 [3863] DEBUG default - [User=Donhatai Sruamsiri (1730203@vistec.ac.th)] applies 0 allowed 1, ids 18,2 requested 21 [File=/var/www/html/booking/lib/Application/Attributes/AttributeService.php,Line=294]
2019-06-29T13:06:22+07:00 [3863] DEBUG default - [User=Donhatai Sruamsiri (1730203@vistec.ac.th)] applies 0 allowed 0, ids 17 requested 21 [File=/var/www/html/booking/lib/Application/Attributes/AttributeService.php,Line=294]
2019-06-29T13:06:22+07:00 [3863] DEBUG default - [User=Donhatai Sruamsiri (1730203@vistec.ac.th)] applies 0 allowed 0, ids 17 requested 21 [File=/var/www/html/booking/lib/Application/Attributes/AttributeService.php,Line=294]
2019-06-29T13:06:22+07:00 [3863] DEBUG default - [User=Donhatai Sruamsiri (1730203@vistec.ac.th)] applies 0 allowed 0, ids 26 requested 21 [File=/var/www/html/booking/lib/Application/Attributes/AttributeService.php,Line=294]
2019-06-29T13:06:22+07:00 [3863] DEBUG default - [User=Donhatai Sruamsiri (1730203@vistec.ac.th)] applies 0 allowed 1, ids 2 requested 21 [File=/var/www/html/booking/lib/Application/Attributes/AttributeService.php,Line=294]
2019-06-29T13:06:22+07:00 [3863] DEBUG default - [User=Donhatai Sruamsiri (1730203@vistec.ac.th)] applies 0 allowed 0, ids 17 requested 21 [File=/var/www/html/booking/lib/Application/Attributes/AttributeService.php,Line=294]
2019-06-29T13:06:22+07:00 [3863] DEBUG default - [User=Donhatai Sruamsiri (1730203@vistec.ac.th)] applies 0 allowed 1, ids 16 requested 21 [File=/var/www/html/booking/lib/Application/Attributes/AttributeService.php,Line=294]
2019-06-29T13:06:22+07:00 [3863] DEBUG default - [User=Donhatai Sruamsiri (1730203@vistec.ac.th)] applies 1 allowed 1, ids 23,26,22,21 requested 21 [File=/var/www/html/booking/lib/Application/Attributes/AttributeService.php,Line=294]
2019-06-29T13:06:22+07:00 [3863] DEBUG default - [User=Donhatai Sruamsiri (1730203@vistec.ac.th)] applies 1 allowed 1, ids 23,26,22,29,21 requested 21 [File=/var/www/html/booking/lib/Application/Attributes/AttributeService.php,Line=294]
2019-06-29T13:06:36+07:00 [12231] DEBUG default - [User=Donhatai Sruamsiri (1730203@vistec.ac.th)] AutoComplete: 4 results found for search type: user, term: Sas [File=/var/www/html/booking/Pages/Ajax/AutoCompletePage.php,Line=42]
2019-06-29T13:06:37+07:00 [3895] DEBUG default - [User=Donhatai Sruamsiri (1730203@vistec.ac.th)] AutoComplete: 2 results found for search type: user, term: Sasi [File=/var/www/html/booking/Pages/Ajax/AutoCompletePage.php,Line=42]
2019-06-29T15:22:57+07:00 [3863] DEBUG default - [User=Pimpisut Worakajit (1530312@vistec.ac.th)] applies 0 allowed 1, ids 2 requested 16 [File=/var/www/html/booking/lib/Application/Attributes/AttributeService.php,Line=294]
2019-06-29T15:22:57+07:00 [3863] DEBUG default - [User=Pimpisut Worakajit (1530312@vistec.ac.th)] applies 0 allowed 1, ids 17 requested 16 [File=/var/www/html/booking/lib/Application/Attributes/AttributeService.php,Line=294]
2019-06-29T15:22:57+07:00 [3863] DEBUG default - [User=Pimpisut Worakajit (1530312@vistec.ac.th)] applies 0 allowed 0, ids 25 requested 16 [File=/var/www/html/booking/lib/Application/Attributes/AttributeService.php,Line=294]
2019-06-29T15:22:57+07:00 [3863] DEBUG default - [User=Pimpisut Worakajit (1530312@vistec.ac.th)] applies 1 allowed 1, ids 16 requested 16 [File=/var/www/html/booking/lib/Application/Attributes/AttributeService.php,Line=294]
2019-06-29T15:22:57+07:00 [3863] DEBUG default - [User=Pimpisut Worakajit (1530312@vistec.ac.th)] applies 0 allowed 0, ids 25 requested 16 [File=/var/www/html/booking/lib/Application/Attributes/AttributeService.php,Line=294]
2019-06-29T15:22:57+07:00 [3863] DEBUG default - [User=Pimpisut Worakajit (1530312@vistec.ac.th)] applies 0 allowed 0, ids 26 requested 16 [File=/var/www/html/booking/lib/Application/Attributes/AttributeService.php,Line=294]
2019-06-29T15:22:57+07:00 [3863] DEBUG default - [User=Pimpisut Worakajit (1530312@vistec.ac.th)] applies 0 allowed 1, ids 29 requested 16 [File=/var/www/html/booking/lib/Application/Attributes/AttributeService.php,Line=294]
2019-06-29T15:22:57+07:00 [3863] DEBUG default - [User=Pimpisut Worakajit (1530312@vistec.ac.th)] applies 0 allowed 0, ids 26 requested 16 [File=/var/www/html/booking/lib/Application/Attributes/AttributeService.php,Line=294]
2019-06-29T15:22:57+07:00 [3863] DEBUG default - [User=Pimpisut Worakajit (1530312@vistec.ac.th)] applies 0 allowed 1, ids 2 requested 16 [File=/var/www/html/booking/lib/Application/Attributes/AttributeService.php,Line=294]
2019-06-29T15:22:57+07:00 [3863] DEBUG default - [User=Pimpisut Worakajit (1530312@vistec.ac.th)] applies 0 allowed 0, ids 15 requested 16 [File=/var/www/html/booking/lib/Application/Attributes/AttributeService.php,Line=294]
2019-06-29T15:22:57+07:00 [3863] DEBUG default - [User=Pimpisut Worakajit (1530312@vistec.ac.th)] applies 0 allowed 0, ids 18,27 requested 16 [File=/var/www/html/booking/lib/Application/Attributes/AttributeService.php,Line=294]
2019-06-29T15:22:57+07:00 [3863] DEBUG default - [User=Pimpisut Worakajit (1530312@vistec.ac.th)] applies 1 allowed 1, ids 16 requested 16 [File=/var/www/html/booking/lib/Application/Attributes/AttributeService.php,Line=294]
2019-06-29T15:22:57+07:00 [3863] DEBUG default - [User=Pimpisut Worakajit (1530312@vistec.ac.th)] applies 0 allowed 0, ids 18 requested 16 [File=/var/www/html/booking/lib/Application/Attributes/AttributeService.php,Line=294]
2019-06-29T15:22:57+07:00 [3863] DEBUG default - [User=Pimpisut Worakajit (1530312@vistec.ac.th)] applies 0 allowed 0, ids 26 requested 16 [File=/var/www/html/booking/lib/Application/Attributes/AttributeService.php,Line=294]
2019-06-29T15:22:57+07:00 [3863] DEBUG default - [User=Pimpisut Worakajit (1530312@vistec.ac.th)] applies 0 allowed 1, ids 18,2 requested 16 [File=/var/www/html/booking/lib/Application/Attributes/AttributeService.php,Line=294]
2019-06-29T15:22:57+07:00 [3863] DEBUG default - [User=Pimpisut Worakajit (1530312@vistec.ac.th)] applies 0 allowed 1, ids 17 requested 16 [File=/var/www/html/booking/lib/Application/Attributes/AttributeService.php,Line=294]
2019-06-29T15:22:57+07:00 [3863] DEBUG default - [User=Pimpisut Worakajit (1530312@vistec.ac.th)] applies 0 allowed 1, ids 17 requested 16 [File=/var/www/html/booking/lib/Application/Attributes/AttributeService.php,Line=294]
2019-06-29T15:22:57+07:00 [3863] DEBUG default - [User=Pimpisut Worakajit (1530312@vistec.ac.th)] applies 0 allowed 0, ids 26 requested 16 [File=/var/www/html/booking/lib/Application/Attributes/AttributeService.php,Line=294]
2019-06-29T15:22:57+07:00 [3863] DEBUG default - [User=Pimpisut Worakajit (1530312@vistec.ac.th)] applies 0 allowed 1, ids 2 requested 16 [File=/var/www/html/booking/lib/Application/Attributes/AttributeService.php,Line=294]
2019-06-29T15:22:57+07:00 [3863] DEBUG default - [User=Pimpisut Worakajit (1530312@vistec.ac.th)] applies 0 allowed 1, ids 17 requested 16 [File=/var/www/html/booking/lib/Application/Attributes/AttributeService.php,Line=294]
2019-06-29T15:22:57+07:00 [3863] DEBUG default - [User=Pimpisut Worakajit (1530312@vistec.ac.th)] applies 1 allowed 1, ids 16 requested 16 [File=/var/www/html/booking/lib/Application/Attributes/AttributeService.php,Line=294]
2019-06-29T15:22:57+07:00 [3863] DEBUG default - [User=Pimpisut Worakajit (1530312@vistec.ac.th)] applies 0 allowed 0, ids 23,26,22,21 requested 16 [File=/var/www/html/booking/lib/Application/Attributes/AttributeService.php,Line=294]
2019-06-29T15:22:57+07:00 [3863] DEBUG default - [User=Pimpisut Worakajit (1530312@vistec.ac.th)] applies 0 allowed 1, ids 23,26,22,29,21 requested 16 [File=/var/www/html/booking/lib/Application/Attributes/AttributeService.php,Line=294]
2019-06-29T15:23:14+07:00 [12231] DEBUG default - [User=Pimpisut Worakajit (1530312@vistec.ac.th)] submitted retry params array (
) [File=/var/www/html/booking/lib/Application/Reservation/ReservationHandler.php,Line=103]
2019-06-29T15:23:14+07:00 [12231] DEBUG default - [User=Pimpisut Worakajit (1530312@vistec.ac.th)] week_month_start 26 [File=/var/www/html/booking/lib/Application/Reservation/ReservationHandler.php,Line=365]
2019-06-29T15:23:14+07:00 [12231] DEBUG default - [User=Pimpisut Worakajit (1530312@vistec.ac.th)] week_month_current 26 [File=/var/www/html/booking/lib/Application/Reservation/ReservationHandler.php,Line=366]
2019-06-29T15:23:14+07:00 [12231] DEBUG default - [User=Pimpisut Worakajit (1530312@vistec.ac.th)] Tool Mode is  [File=/var/www/html/booking/lib/Application/Reservation/ReservationHandler.php,Line=747]
2019-06-29T15:23:14+07:00 [12231] DEBUG default - [User=Pimpisut Worakajit (1530312@vistec.ac.th)] Checking for reservation conflicts, reference number 5d171ff2acb32015547078 on 2019-06-30 13:00:00 Asia/Bangkok [File=/var/www/html/booking/lib/Application/Reservation/Validation/ResourceAvailabilityRule.php,Line=54]
2019-06-29T15:23:14+07:00 [12231] DEBUG default - [User=Pimpisut Worakajit (1530312@vistec.ac.th)] Validating rule ResourceAvailabilityRule. Passed?: 1 [File=/var/www/html/booking/lib/Application/Reservation/Validation/ReservationValidationRuleProcessor.php,Line=35]
2019-06-29T15:23:14+07:00 [12231] DEBUG default - [User=Pimpisut Worakajit (1530312@vistec.ac.th)] Validating rule AdminExcludedRule. Passed?: 1 [File=/var/www/html/booking/lib/Application/Reservation/Validation/ReservationValidationRuleProcessor.php,Line=35]
2019-06-29T15:23:14+07:00 [12231] DEBUG default - [User=Pimpisut Worakajit (1530312@vistec.ac.th)] Validating rule ReservationDateTimeRule. Passed?: 1 [File=/var/www/html/booking/lib/Application/Reservation/Validation/ReservationValidationRuleProcessor.php,Line=35]
2019-06-29T15:23:14+07:00 [12231] DEBUG default - [User=Pimpisut Worakajit (1530312@vistec.ac.th)] Validating rule ReservationBasicInfoRule. Passed?: 1 [File=/var/www/html/booking/lib/Application/Reservation/Validation/ReservationValidationRuleProcessor.php,Line=35]
2019-06-29T15:23:14+07:00 [12231] DEBUG default - [User=Pimpisut Worakajit (1530312@vistec.ac.th)] Start Time Rule: Comparing 2019-06-30 13:00:00 Asia/Bangkok to 2019-06-29 15:23:14 Asia/Bangkok [File=/var/www/html/booking/lib/Application/Reservation/Validation/ReservationStartTimeRule.php,Line=63]
2019-06-29T15:23:14+07:00 [12231] DEBUG default - [User=Pimpisut Worakajit (1530312@vistec.ac.th)] Validating rule AdminExcludedRule. Passed?: 1 [File=/var/www/html/booking/lib/Application/Reservation/Validation/ReservationValidationRuleProcessor.php,Line=35]
2019-06-29T15:23:14+07:00 [12231] DEBUG default - [User=Pimpisut Worakajit (1530312@vistec.ac.th)] Validating rule AdminExcludedRule. Passed?: 1 [File=/var/www/html/booking/lib/Application/Reservation/Validation/ReservationValidationRuleProcessor.php,Line=35]
2019-06-29T15:23:14+07:00 [12231] DEBUG default - [User=Pimpisut Worakajit (1530312@vistec.ac.th)] Validating rule AdminExcludedRule. Passed?: 1 [File=/var/www/html/booking/lib/Application/Reservation/Validation/ReservationValidationRuleProcessor.php,Line=35]
2019-06-29T15:23:14+07:00 [12231] DEBUG default - [User=Pimpisut Worakajit (1530312@vistec.ac.th)] Validating rule AdminExcludedRule. Passed?: 1 [File=/var/www/html/booking/lib/Application/Reservation/Validation/ReservationValidationRuleProcessor.php,Line=35]
2019-06-29T15:23:14+07:00 [12231] DEBUG default - [User=Pimpisut Worakajit (1530312@vistec.ac.th)] Validating rule AdminExcludedRule. Passed?: 1 [File=/var/www/html/booking/lib/Application/Reservation/Validation/ReservationValidationRuleProcessor.php,Line=35]
2019-06-29T15:23:14+07:00 [12231] DEBUG default - [User=Pimpisut Worakajit (1530312@vistec.ac.th)] Validating rule ReservationAttachmentRule. Passed?: 1 [File=/var/www/html/booking/lib/Application/Reservation/Validation/ReservationValidationRuleProcessor.php,Line=35]
2019-06-29T15:23:14+07:00 [12231] DEBUG default - [User=Pimpisut Worakajit (1530312@vistec.ac.th)] Validating rule AdminExcludedRule. Passed?: 1 [File=/var/www/html/booking/lib/Application/Reservation/Validation/ReservationValidationRuleProcessor.php,Line=35]
2019-06-29T15:23:14+07:00 [12231] DEBUG default - [User=Pimpisut Worakajit (1530312@vistec.ac.th)] Validating rule AdminExcludedRule. Passed?: 1 [File=/var/www/html/booking/lib/Application/Reservation/Validation/ReservationValidationRuleProcessor.php,Line=35]
2019-06-29T15:23:14+07:00 [12231] DEBUG default - [User=Pimpisut Worakajit (1530312@vistec.ac.th)] Validating rule AdminExcludedRule. Passed?: 1 [File=/var/www/html/booking/lib/Application/Reservation/Validation/ReservationValidationRuleProcessor.php,Line=35]
2019-06-29T15:23:14+07:00 [12231] DEBUG default - [User=Pimpisut Worakajit (1530312@vistec.ac.th)] Validating rule AdminExcludedRule. Passed?: 1 [File=/var/www/html/booking/lib/Application/Reservation/Validation/ReservationValidationRuleProcessor.php,Line=35]
2019-06-29T15:23:14+07:00 [12231] DEBUG default - [User=Pimpisut Worakajit (1530312@vistec.ac.th)] Validating rule SchedulePeriodRule. Passed?: 1 [File=/var/www/html/booking/lib/Application/Reservation/Validation/ReservationValidationRuleProcessor.php,Line=35]
2019-06-29T15:23:14+07:00 [12231] DEBUG default - [User=Pimpisut Worakajit (1530312@vistec.ac.th)] Validating rule AdminExcludedRule. Passed?: 1 [File=/var/www/html/booking/lib/Application/Reservation/Validation/ReservationValidationRuleProcessor.php,Line=35]
2019-06-29T15:23:14+07:00 [12231] DEBUG default - [User=Pimpisut Worakajit (1530312@vistec.ac.th)] Validating rule AdminExcludedRule. Passed?: 1 [File=/var/www/html/booking/lib/Application/Reservation/Validation/ReservationValidationRuleProcessor.php,Line=35]
2019-06-29T15:23:14+07:00 [12231] DEBUG default - [User=Pimpisut Worakajit (1530312@vistec.ac.th)] Validating rule AccessoryAvailabilityRule. Passed?: 1 [File=/var/www/html/booking/lib/Application/Reservation/Validation/ReservationValidationRuleProcessor.php,Line=35]
2019-06-29T15:23:14+07:00 [12231] DEBUG default - [User=Pimpisut Worakajit (1530312@vistec.ac.th)] Validating rule AccessoryResourceRule. Passed?: 1 [File=/var/www/html/booking/lib/Application/Reservation/Validation/ReservationValidationRuleProcessor.php,Line=35]
2019-06-29T15:23:14+07:00 [12231] DEBUG default - [User=Pimpisut Worakajit (1530312@vistec.ac.th)] CREDITS - Reservation update adjusting credits for user 378 by 0. Required 0, consumed 0 [File=/var/www/html/booking/Domain/Access/ReservationRepository.php,Line=209]
2019-06-29T15:23:14+07:00 [12231] DEBUG default - [User=Pimpisut Worakajit (1530312@vistec.ac.th)] Calling notify on OwnerEmailCreatedNotification for reservation 5d171ff2acb32015547078 [File=/var/www/html/booking/lib/Application/Reservation/Notification/IReservationNotificationService.php,Line=53]
2019-06-29T15:23:14+07:00 [12231] DEBUG default - [User=Pimpisut Worakajit (1530312@vistec.ac.th)] Owner does not want these types of email notifications. Email=1530312@vistec.ac.th, ReferenceNumber=5d171ff2acb32015547078 [File=/var/www/html/booking/lib/Application/Reservation/Notification/OwnerEmailNotification.php,Line=60]
2019-06-29T15:23:14+07:00 [12231] DEBUG default - [User=Pimpisut Worakajit (1530312@vistec.ac.th)] Calling notify on AdminEmailCreatedNotification for reservation 5d171ff2acb32015547078 [File=/var/www/html/booking/lib/Application/Reservation/Notification/IReservationNotificationService.php,Line=53]
2019-06-29T15:23:14+07:00 [12231] DEBUG default - [User=Pimpisut Worakajit (1530312@vistec.ac.th)] Calling notify on AdminEmailApprovalNotification for reservation 5d171ff2acb32015547078 [File=/var/www/html/booking/lib/Application/Reservation/Notification/IReservationNotificationService.php,Line=53]
2019-06-29T15:23:14+07:00 [12231] DEBUG default - [User=Pimpisut Worakajit (1530312@vistec.ac.th)] Calling notify on ParticipantAddedEmailNotification for reservation 5d171ff2acb32015547078 [File=/var/www/html/booking/lib/Application/Reservation/Notification/IReservationNotificationService.php,Line=53]
2019-06-29T15:23:14+07:00 [12231] DEBUG default - [User=Pimpisut Worakajit (1530312@vistec.ac.th)] Calling notify on InviteeAddedEmailNotification for reservation 5d171ff2acb32015547078 [File=/var/www/html/booking/lib/Application/Reservation/Notification/IReservationNotificationService.php,Line=53]
2019-06-29T15:23:14+07:00 [12231] DEBUG default - [User=Pimpisut Worakajit (1530312@vistec.ac.th)] Calling notify on GuestAddedEmailNotification for reservation 5d171ff2acb32015547078 [File=/var/www/html/booking/lib/Application/Reservation/Notification/IReservationNotificationService.php,Line=53]
2019-06-29T16:58:25+07:00 [3863] DEBUG default - [User=Anna Pachariyangkun (1530301@vistec.ac.th)] applies 0 allowed 0, ids 2 requested 10 [File=/var/www/html/booking/lib/Application/Attributes/AttributeService.php,Line=294]
2019-06-29T16:58:25+07:00 [3863] DEBUG default - [User=Anna Pachariyangkun (1530301@vistec.ac.th)] applies 0 allowed 0, ids 17 requested 10 [File=/var/www/html/booking/lib/Application/Attributes/AttributeService.php,Line=294]
2019-06-29T16:58:25+07:00 [3863] DEBUG default - [User=Anna Pachariyangkun (1530301@vistec.ac.th)] applies 0 allowed 0, ids 25 requested 10 [File=/var/www/html/booking/lib/Application/Attributes/AttributeService.php,Line=294]
2019-06-29T16:58:25+07:00 [3863] DEBUG default - [User=Anna Pachariyangkun (1530301@vistec.ac.th)] applies 0 allowed 0, ids 16 requested 10 [File=/var/www/html/booking/lib/Application/Attributes/AttributeService.php,Line=294]
2019-06-29T16:58:25+07:00 [3863] DEBUG default - [User=Anna Pachariyangkun (1530301@vistec.ac.th)] applies 0 allowed 0, ids 25 requested 10 [File=/var/www/html/booking/lib/Application/Attributes/AttributeService.php,Line=294]
2019-06-29T16:58:25+07:00 [3863] DEBUG default - [User=Anna Pachariyangkun (1530301@vistec.ac.th)] applies 0 allowed 1, ids 26 requested 10 [File=/var/www/html/booking/lib/Application/Attributes/AttributeService.php,Line=294]
2019-06-29T16:58:25+07:00 [3863] DEBUG default - [User=Anna Pachariyangkun (1530301@vistec.ac.th)] applies 0 allowed 1, ids 29 requested 10 [File=/var/www/html/booking/lib/Application/Attributes/AttributeService.php,Line=294]
2019-06-29T16:58:25+07:00 [3863] DEBUG default - [User=Anna Pachariyangkun (1530301@vistec.ac.th)] applies 0 allowed 1, ids 26 requested 10 [File=/var/www/html/booking/lib/Application/Attributes/AttributeService.php,Line=294]
2019-06-29T16:58:25+07:00 [3863] DEBUG default - [User=Anna Pachariyangkun (1530301@vistec.ac.th)] applies 0 allowed 0, ids 2 requested 10 [File=/var/www/html/booking/lib/Application/Attributes/AttributeService.php,Line=294]
2019-06-29T16:58:25+07:00 [3863] DEBUG default - [User=Anna Pachariyangkun (1530301@vistec.ac.th)] applies 0 allowed 0, ids 15 requested 10 [File=/var/www/html/booking/lib/Application/Attributes/AttributeService.php,Line=294]
2019-06-29T16:58:25+07:00 [3863] DEBUG default - [User=Anna Pachariyangkun (1530301@vistec.ac.th)] applies 0 allowed 0, ids 18,27 requested 10 [File=/var/www/html/booking/lib/Application/Attributes/AttributeService.php,Line=294]
2019-06-29T16:58:25+07:00 [3863] DEBUG default - [User=Anna Pachariyangkun (1530301@vistec.ac.th)] applies 0 allowed 0, ids 16 requested 10 [File=/var/www/html/booking/lib/Application/Attributes/AttributeService.php,Line=294]
2019-06-29T16:58:25+07:00 [3863] DEBUG default - [User=Anna Pachariyangkun (1530301@vistec.ac.th)] applies 0 allowed 0, ids 18 requested 10 [File=/var/www/html/booking/lib/Application/Attributes/AttributeService.php,Line=294]
2019-06-29T16:58:25+07:00 [3863] DEBUG default - [User=Anna Pachariyangkun (1530301@vistec.ac.th)] applies 0 allowed 1, ids 26 requested 10 [File=/var/www/html/booking/lib/Application/Attributes/AttributeService.php,Line=294]
2019-06-29T16:58:25+07:00 [3863] DEBUG default - [User=Anna Pachariyangkun (1530301@vistec.ac.th)] applies 0 allowed 0, ids 18,2 requested 10 [File=/var/www/html/booking/lib/Application/Attributes/AttributeService.php,Line=294]
2019-06-29T16:58:25+07:00 [3863] DEBUG default - [User=Anna Pachariyangkun (1530301@vistec.ac.th)] applies 0 allowed 0, ids 17 requested 10 [File=/var/www/html/booking/lib/Application/Attributes/AttributeService.php,Line=294]
2019-06-29T16:58:25+07:00 [3863] DEBUG default - [User=Anna Pachariyangkun (1530301@vistec.ac.th)] applies 0 allowed 0, ids 17 requested 10 [File=/var/www/html/booking/lib/Application/Attributes/AttributeService.php,Line=294]
2019-06-29T16:58:25+07:00 [3863] DEBUG default - [User=Anna Pachariyangkun (1530301@vistec.ac.th)] applies 0 allowed 1, ids 26 requested 10 [File=/var/www/html/booking/lib/Application/Attributes/AttributeService.php,Line=294]
2019-06-29T16:58:25+07:00 [3863] DEBUG default - [User=Anna Pachariyangkun (1530301@vistec.ac.th)] applies 0 allowed 0, ids 2 requested 10 [File=/var/www/html/booking/lib/Application/Attributes/AttributeService.php,Line=294]
2019-06-29T16:58:25+07:00 [3863] DEBUG default - [User=Anna Pachariyangkun (1530301@vistec.ac.th)] applies 0 allowed 0, ids 17 requested 10 [File=/var/www/html/booking/lib/Application/Attributes/AttributeService.php,Line=294]
2019-06-29T16:58:25+07:00 [3863] DEBUG default - [User=Anna Pachariyangkun (1530301@vistec.ac.th)] applies 0 allowed 0, ids 16 requested 10 [File=/var/www/html/booking/lib/Application/Attributes/AttributeService.php,Line=294]
2019-06-29T16:58:25+07:00 [3863] DEBUG default - [User=Anna Pachariyangkun (1530301@vistec.ac.th)] applies 0 allowed 1, ids 23,26,22,21 requested 10 [File=/var/www/html/booking/lib/Application/Attributes/AttributeService.php,Line=294]
2019-06-29T16:58:25+07:00 [3863] DEBUG default - [User=Anna Pachariyangkun (1530301@vistec.ac.th)] applies 0 allowed 2, ids 23,26,22,29,21 requested 10 [File=/var/www/html/booking/lib/Application/Attributes/AttributeService.php,Line=294]
2019-06-29T16:58:56+07:00 [12231] DEBUG default - [User=Anna Pachariyangkun (1530301@vistec.ac.th)] Adding custom attribute value for entityId=17, attributeId=29 [File=/var/www/html/booking/lib/Application/Attributes/AttributeList.php,Line=122]
2019-06-29T16:58:56+07:00 [12231] DEBUG default - [User=Anna Pachariyangkun (1530301@vistec.ac.th)] Took 0 seconds to load custom attributes for category 4 [File=/var/www/html/booking/lib/Application/Attributes/AttributeService.php,Line=154]
2019-06-29T16:58:56+07:00 [12231] DEBUG default - [User=Anna Pachariyangkun (1530301@vistec.ac.th)] Found 1 attributes for entityId 17 [File=/var/www/html/booking/lib/Application/Attributes/AttributeList.php,Line=165]
2019-06-29T16:58:56+07:00 [12231] DEBUG default - [User=Anna Pachariyangkun (1530301@vistec.ac.th)] Took 0 seconds to load custom attributes for category 5 [File=/var/www/html/booking/lib/Application/Attributes/AttributeService.php,Line=154]
2019-06-29T16:58:56+07:00 [12231] DEBUG default - [User=Anna Pachariyangkun (1530301@vistec.ac.th)] Found 0 attributes for entityId 2 [File=/var/www/html/booking/lib/Application/Attributes/AttributeList.php,Line=165]
2019-06-29T16:58:58+07:00 [3895] DEBUG default - [User=Anna Pachariyangkun (1530301@vistec.ac.th)] Adding custom attribute value for entityId=20, attributeId=29 [File=/var/www/html/booking/lib/Application/Attributes/AttributeList.php,Line=122]
2019-06-29T16:58:58+07:00 [3895] DEBUG default - [User=Anna Pachariyangkun (1530301@vistec.ac.th)] Took 0 seconds to load custom attributes for category 4 [File=/var/www/html/booking/lib/Application/Attributes/AttributeService.php,Line=154]
2019-06-29T16:58:58+07:00 [3895] DEBUG default - [User=Anna Pachariyangkun (1530301@vistec.ac.th)] Found 1 attributes for entityId 20 [File=/var/www/html/booking/lib/Application/Attributes/AttributeList.php,Line=165]
2019-06-29T16:58:58+07:00 [3895] DEBUG default - [User=Anna Pachariyangkun (1530301@vistec.ac.th)] Took 0 seconds to load custom attributes for category 5 [File=/var/www/html/booking/lib/Application/Attributes/AttributeService.php,Line=154]
2019-06-29T16:58:58+07:00 [3895] DEBUG default - [User=Anna Pachariyangkun (1530301@vistec.ac.th)] Found 0 attributes for entityId 2 [File=/var/www/html/booking/lib/Application/Attributes/AttributeList.php,Line=165]
2019-06-29T16:59:05+07:00 [3863] DEBUG default - [User=Anna Pachariyangkun (1530301@vistec.ac.th)] Adding custom attribute value for entityId=16, attributeId=29 [File=/var/www/html/booking/lib/Application/Attributes/AttributeList.php,Line=122]
2019-06-29T16:59:05+07:00 [3863] DEBUG default - [User=Anna Pachariyangkun (1530301@vistec.ac.th)] Took 0 seconds to load custom attributes for category 4 [File=/var/www/html/booking/lib/Application/Attributes/AttributeService.php,Line=154]
2019-06-29T16:59:05+07:00 [3863] DEBUG default - [User=Anna Pachariyangkun (1530301@vistec.ac.th)] Found 1 attributes for entityId 16 [File=/var/www/html/booking/lib/Application/Attributes/AttributeList.php,Line=165]
2019-06-29T16:59:05+07:00 [3863] DEBUG default - [User=Anna Pachariyangkun (1530301@vistec.ac.th)] Took 0 seconds to load custom attributes for category 5 [File=/var/www/html/booking/lib/Application/Attributes/AttributeService.php,Line=154]
2019-06-29T16:59:05+07:00 [3863] DEBUG default - [User=Anna Pachariyangkun (1530301@vistec.ac.th)] Found 0 attributes for entityId 2 [File=/var/www/html/booking/lib/Application/Attributes/AttributeList.php,Line=165]
2019-06-29T22:33:12+07:00 [12231] DEBUG default - [User=Siwada Deepracha (1630201@vistec.ac.th)] applies 0 allowed 1, ids 2 requested 16 [File=/var/www/html/booking/lib/Application/Attributes/AttributeService.php,Line=294]
2019-06-29T22:33:12+07:00 [12231] DEBUG default - [User=Siwada Deepracha (1630201@vistec.ac.th)] applies 0 allowed 1, ids 17 requested 16 [File=/var/www/html/booking/lib/Application/Attributes/AttributeService.php,Line=294]
2019-06-29T22:33:12+07:00 [12231] DEBUG default - [User=Siwada Deepracha (1630201@vistec.ac.th)] applies 0 allowed 0, ids 25 requested 16 [File=/var/www/html/booking/lib/Application/Attributes/AttributeService.php,Line=294]
2019-06-29T22:33:12+07:00 [12231] DEBUG default - [User=Siwada Deepracha (1630201@vistec.ac.th)] applies 1 allowed 1, ids 16 requested 16 [File=/var/www/html/booking/lib/Application/Attributes/AttributeService.php,Line=294]
2019-06-29T22:33:12+07:00 [12231] DEBUG default - [User=Siwada Deepracha (1630201@vistec.ac.th)] applies 0 allowed 0, ids 25 requested 16 [File=/var/www/html/booking/lib/Application/Attributes/AttributeService.php,Line=294]
2019-06-29T22:33:12+07:00 [12231] DEBUG default - [User=Siwada Deepracha (1630201@vistec.ac.th)] applies 0 allowed 0, ids 26 requested 16 [File=/var/www/html/booking/lib/Application/Attributes/AttributeService.php,Line=294]
2019-06-29T22:33:12+07:00 [12231] DEBUG default - [User=Siwada Deepracha (1630201@vistec.ac.th)] applies 0 allowed 0, ids 29 requested 16 [File=/var/www/html/booking/lib/Application/Attributes/AttributeService.php,Line=294]
2019-06-29T22:33:12+07:00 [12231] DEBUG default - [User=Siwada Deepracha (1630201@vistec.ac.th)] applies 0 allowed 0, ids 26 requested 16 [File=/var/www/html/booking/lib/Application/Attributes/AttributeService.php,Line=294]
2019-06-29T22:33:12+07:00 [12231] DEBUG default - [User=Siwada Deepracha (1630201@vistec.ac.th)] applies 0 allowed 1, ids 2 requested 16 [File=/var/www/html/booking/lib/Application/Attributes/AttributeService.php,Line=294]
2019-06-29T22:33:12+07:00 [12231] DEBUG default - [User=Siwada Deepracha (1630201@vistec.ac.th)] applies 0 allowed 0, ids 15 requested 16 [File=/var/www/html/booking/lib/Application/Attributes/AttributeService.php,Line=294]
2019-06-29T22:33:12+07:00 [12231] DEBUG default - [User=Siwada Deepracha (1630201@vistec.ac.th)] applies 0 allowed 0, ids 18,27 requested 16 [File=/var/www/html/booking/lib/Application/Attributes/AttributeService.php,Line=294]
2019-06-29T22:33:12+07:00 [12231] DEBUG default - [User=Siwada Deepracha (1630201@vistec.ac.th)] applies 1 allowed 1, ids 16 requested 16 [File=/var/www/html/booking/lib/Application/Attributes/AttributeService.php,Line=294]
2019-06-29T22:33:12+07:00 [12231] DEBUG default - [User=Siwada Deepracha (1630201@vistec.ac.th)] applies 0 allowed 0, ids 18 requested 16 [File=/var/www/html/booking/lib/Application/Attributes/AttributeService.php,Line=294]
2019-06-29T22:33:12+07:00 [12231] DEBUG default - [User=Siwada Deepracha (1630201@vistec.ac.th)] applies 0 allowed 0, ids 26 requested 16 [File=/var/www/html/booking/lib/Application/Attributes/AttributeService.php,Line=294]
2019-06-29T22:33:12+07:00 [12231] DEBUG default - [User=Siwada Deepracha (1630201@vistec.ac.th)] applies 0 allowed 1, ids 18,2 requested 16 [File=/var/www/html/booking/lib/Application/Attributes/AttributeService.php,Line=294]
2019-06-29T22:33:12+07:00 [12231] DEBUG default - [User=Siwada Deepracha (1630201@vistec.ac.th)] applies 0 allowed 1, ids 17 requested 16 [File=/var/www/html/booking/lib/Application/Attributes/AttributeService.php,Line=294]
2019-06-29T22:33:12+07:00 [12231] DEBUG default - [User=Siwada Deepracha (1630201@vistec.ac.th)] applies 0 allowed 1, ids 17 requested 16 [File=/var/www/html/booking/lib/Application/Attributes/AttributeService.php,Line=294]
2019-06-29T22:33:12+07:00 [12231] DEBUG default - [User=Siwada Deepracha (1630201@vistec.ac.th)] applies 0 allowed 0, ids 26 requested 16 [File=/var/www/html/booking/lib/Application/Attributes/AttributeService.php,Line=294]
2019-06-29T22:33:12+07:00 [12231] DEBUG default - [User=Siwada Deepracha (1630201@vistec.ac.th)] applies 0 allowed 1, ids 2 requested 16 [File=/var/www/html/booking/lib/Application/Attributes/AttributeService.php,Line=294]
2019-06-29T22:33:12+07:00 [12231] DEBUG default - [User=Siwada Deepracha (1630201@vistec.ac.th)] applies 0 allowed 1, ids 17 requested 16 [File=/var/www/html/booking/lib/Application/Attributes/AttributeService.php,Line=294]
2019-06-29T22:33:12+07:00 [12231] DEBUG default - [User=Siwada Deepracha (1630201@vistec.ac.th)] applies 1 allowed 1, ids 16 requested 16 [File=/var/www/html/booking/lib/Application/Attributes/AttributeService.php,Line=294]
2019-06-29T22:33:12+07:00 [12231] DEBUG default - [User=Siwada Deepracha (1630201@vistec.ac.th)] applies 0 allowed 0, ids 23,26,22,21 requested 16 [File=/var/www/html/booking/lib/Application/Attributes/AttributeService.php,Line=294]
2019-06-29T22:33:12+07:00 [12231] DEBUG default - [User=Siwada Deepracha (1630201@vistec.ac.th)] applies 0 allowed 0, ids 23,26,22,29,21 requested 16 [File=/var/www/html/booking/lib/Application/Attributes/AttributeService.php,Line=294]
2019-06-29T22:33:50+07:00 [3895] DEBUG default - [User=Siwada Deepracha (1630201@vistec.ac.th)] applies 0 allowed 1, ids 2 requested 16 [File=/var/www/html/booking/lib/Application/Attributes/AttributeService.php,Line=294]
2019-06-29T22:33:50+07:00 [3895] DEBUG default - [User=Siwada Deepracha (1630201@vistec.ac.th)] applies 0 allowed 1, ids 17 requested 16 [File=/var/www/html/booking/lib/Application/Attributes/AttributeService.php,Line=294]
2019-06-29T22:33:50+07:00 [3895] DEBUG default - [User=Siwada Deepracha (1630201@vistec.ac.th)] applies 0 allowed 0, ids 25 requested 16 [File=/var/www/html/booking/lib/Application/Attributes/AttributeService.php,Line=294]
2019-06-29T22:33:50+07:00 [3895] DEBUG default - [User=Siwada Deepracha (1630201@vistec.ac.th)] applies 1 allowed 1, ids 16 requested 16 [File=/var/www/html/booking/lib/Application/Attributes/AttributeService.php,Line=294]
2019-06-29T22:33:50+07:00 [3895] DEBUG default - [User=Siwada Deepracha (1630201@vistec.ac.th)] applies 0 allowed 0, ids 25 requested 16 [File=/var/www/html/booking/lib/Application/Attributes/AttributeService.php,Line=294]
2019-06-29T22:33:50+07:00 [3895] DEBUG default - [User=Siwada Deepracha (1630201@vistec.ac.th)] applies 0 allowed 0, ids 26 requested 16 [File=/var/www/html/booking/lib/Application/Attributes/AttributeService.php,Line=294]
2019-06-29T22:33:50+07:00 [3895] DEBUG default - [User=Siwada Deepracha (1630201@vistec.ac.th)] applies 0 allowed 0, ids 29 requested 16 [File=/var/www/html/booking/lib/Application/Attributes/AttributeService.php,Line=294]
2019-06-29T22:33:50+07:00 [3895] DEBUG default - [User=Siwada Deepracha (1630201@vistec.ac.th)] applies 0 allowed 0, ids 26 requested 16 [File=/var/www/html/booking/lib/Application/Attributes/AttributeService.php,Line=294]
2019-06-29T22:33:50+07:00 [3895] DEBUG default - [User=Siwada Deepracha (1630201@vistec.ac.th)] applies 0 allowed 1, ids 2 requested 16 [File=/var/www/html/booking/lib/Application/Attributes/AttributeService.php,Line=294]
2019-06-29T22:33:50+07:00 [3895] DEBUG default - [User=Siwada Deepracha (1630201@vistec.ac.th)] applies 0 allowed 0, ids 15 requested 16 [File=/var/www/html/booking/lib/Application/Attributes/AttributeService.php,Line=294]
2019-06-29T22:33:50+07:00 [3895] DEBUG default - [User=Siwada Deepracha (1630201@vistec.ac.th)] applies 0 allowed 0, ids 18,27 requested 16 [File=/var/www/html/booking/lib/Application/Attributes/AttributeService.php,Line=294]
2019-06-29T22:33:50+07:00 [3895] DEBUG default - [User=Siwada Deepracha (1630201@vistec.ac.th)] applies 1 allowed 1, ids 16 requested 16 [File=/var/www/html/booking/lib/Application/Attributes/AttributeService.php,Line=294]
2019-06-29T22:33:50+07:00 [3895] DEBUG default - [User=Siwada Deepracha (1630201@vistec.ac.th)] applies 0 allowed 0, ids 18 requested 16 [File=/var/www/html/booking/lib/Application/Attributes/AttributeService.php,Line=294]
2019-06-29T22:33:50+07:00 [3895] DEBUG default - [User=Siwada Deepracha (1630201@vistec.ac.th)] applies 0 allowed 0, ids 26 requested 16 [File=/var/www/html/booking/lib/Application/Attributes/AttributeService.php,Line=294]
2019-06-29T22:33:50+07:00 [3895] DEBUG default - [User=Siwada Deepracha (1630201@vistec.ac.th)] applies 0 allowed 1, ids 18,2 requested 16 [File=/var/www/html/booking/lib/Application/Attributes/AttributeService.php,Line=294]
2019-06-29T22:33:50+07:00 [3895] DEBUG default - [User=Siwada Deepracha (1630201@vistec.ac.th)] applies 0 allowed 1, ids 17 requested 16 [File=/var/www/html/booking/lib/Application/Attributes/AttributeService.php,Line=294]
2019-06-29T22:33:50+07:00 [3895] DEBUG default - [User=Siwada Deepracha (1630201@vistec.ac.th)] applies 0 allowed 1, ids 17 requested 16 [File=/var/www/html/booking/lib/Application/Attributes/AttributeService.php,Line=294]
2019-06-29T22:33:50+07:00 [3895] DEBUG default - [User=Siwada Deepracha (1630201@vistec.ac.th)] applies 0 allowed 0, ids 26 requested 16 [File=/var/www/html/booking/lib/Application/Attributes/AttributeService.php,Line=294]
2019-06-29T22:33:50+07:00 [3895] DEBUG default - [User=Siwada Deepracha (1630201@vistec.ac.th)] applies 0 allowed 1, ids 2 requested 16 [File=/var/www/html/booking/lib/Application/Attributes/AttributeService.php,Line=294]
2019-06-29T22:33:50+07:00 [3895] DEBUG default - [User=Siwada Deepracha (1630201@vistec.ac.th)] applies 0 allowed 1, ids 17 requested 16 [File=/var/www/html/booking/lib/Application/Attributes/AttributeService.php,Line=294]
2019-06-29T22:33:50+07:00 [3895] DEBUG default - [User=Siwada Deepracha (1630201@vistec.ac.th)] applies 1 allowed 1, ids 16 requested 16 [File=/var/www/html/booking/lib/Application/Attributes/AttributeService.php,Line=294]
2019-06-29T22:33:50+07:00 [3895] DEBUG default - [User=Siwada Deepracha (1630201@vistec.ac.th)] applies 0 allowed 0, ids 23,26,22,21 requested 16 [File=/var/www/html/booking/lib/Application/Attributes/AttributeService.php,Line=294]
2019-06-29T22:33:50+07:00 [3895] DEBUG default - [User=Siwada Deepracha (1630201@vistec.ac.th)] applies 0 allowed 0, ids 23,26,22,29,21 requested 16 [File=/var/www/html/booking/lib/Application/Attributes/AttributeService.php,Line=294]
2019-06-29T23:07:33+07:00 [12231] DEBUG default - [User=Anna Pachariyangkun (1530301@vistec.ac.th)] Adding custom attribute value for entityId=16, attributeId=29 [File=/var/www/html/booking/lib/Application/Attributes/AttributeList.php,Line=122]
2019-06-29T23:07:33+07:00 [12231] DEBUG default - [User=Anna Pachariyangkun (1530301@vistec.ac.th)] Took 0 seconds to load custom attributes for category 4 [File=/var/www/html/booking/lib/Application/Attributes/AttributeService.php,Line=154]
2019-06-29T23:07:33+07:00 [12231] DEBUG default - [User=Anna Pachariyangkun (1530301@vistec.ac.th)] Found 1 attributes for entityId 16 [File=/var/www/html/booking/lib/Application/Attributes/AttributeList.php,Line=165]
2019-06-29T23:07:33+07:00 [12231] DEBUG default - [User=Anna Pachariyangkun (1530301@vistec.ac.th)] Took 0 seconds to load custom attributes for category 5 [File=/var/www/html/booking/lib/Application/Attributes/AttributeService.php,Line=154]
2019-06-29T23:07:33+07:00 [12231] DEBUG default - [User=Anna Pachariyangkun (1530301@vistec.ac.th)] Found 0 attributes for entityId 2 [File=/var/www/html/booking/lib/Application/Attributes/AttributeList.php,Line=165]
2019-06-29T23:07:50+07:00 [3863] DEBUG default - [User=Anna Pachariyangkun (1530301@vistec.ac.th)] applies 0 allowed 0, ids 2 requested  [File=/var/www/html/booking/lib/Application/Attributes/AttributeService.php,Line=294]
2019-06-29T23:07:50+07:00 [3863] DEBUG default - [User=Anna Pachariyangkun (1530301@vistec.ac.th)] applies 0 allowed 0, ids 17 requested  [File=/var/www/html/booking/lib/Application/Attributes/AttributeService.php,Line=294]
2019-06-29T23:07:50+07:00 [3863] DEBUG default - [User=Anna Pachariyangkun (1530301@vistec.ac.th)] applies 0 allowed 0, ids 25 requested  [File=/var/www/html/booking/lib/Application/Attributes/AttributeService.php,Line=294]
2019-06-29T23:07:50+07:00 [3863] DEBUG default - [User=Anna Pachariyangkun (1530301@vistec.ac.th)] applies 0 allowed 0, ids 16 requested  [File=/var/www/html/booking/lib/Application/Attributes/AttributeService.php,Line=294]
2019-06-29T23:07:50+07:00 [3863] DEBUG default - [User=Anna Pachariyangkun (1530301@vistec.ac.th)] applies 0 allowed 0, ids 25 requested  [File=/var/www/html/booking/lib/Application/Attributes/AttributeService.php,Line=294]
2019-06-29T23:07:50+07:00 [3863] DEBUG default - [User=Anna Pachariyangkun (1530301@vistec.ac.th)] applies 0 allowed 1, ids 26 requested  [File=/var/www/html/booking/lib/Application/Attributes/AttributeService.php,Line=294]
2019-06-29T23:07:50+07:00 [3863] DEBUG default - [User=Anna Pachariyangkun (1530301@vistec.ac.th)] applies 0 allowed 1, ids 29 requested  [File=/var/www/html/booking/lib/Application/Attributes/AttributeService.php,Line=294]
2019-06-29T23:07:50+07:00 [3863] DEBUG default - [User=Anna Pachariyangkun (1530301@vistec.ac.th)] applies 0 allowed 1, ids 26 requested  [File=/var/www/html/booking/lib/Application/Attributes/AttributeService.php,Line=294]
2019-06-29T23:07:50+07:00 [3863] DEBUG default - [User=Anna Pachariyangkun (1530301@vistec.ac.th)] applies 0 allowed 0, ids 2 requested  [File=/var/www/html/booking/lib/Application/Attributes/AttributeService.php,Line=294]
2019-06-29T23:07:50+07:00 [3863] DEBUG default - [User=Anna Pachariyangkun (1530301@vistec.ac.th)] applies 0 allowed 0, ids 15 requested  [File=/var/www/html/booking/lib/Application/Attributes/AttributeService.php,Line=294]
2019-06-29T23:07:50+07:00 [3863] DEBUG default - [User=Anna Pachariyangkun (1530301@vistec.ac.th)] applies 0 allowed 0, ids 18,27 requested  [File=/var/www/html/booking/lib/Application/Attributes/AttributeService.php,Line=294]
2019-06-29T23:07:50+07:00 [3863] DEBUG default - [User=Anna Pachariyangkun (1530301@vistec.ac.th)] applies 0 allowed 0, ids 16 requested  [File=/var/www/html/booking/lib/Application/Attributes/AttributeService.php,Line=294]
2019-06-29T23:07:50+07:00 [3863] DEBUG default - [User=Anna Pachariyangkun (1530301@vistec.ac.th)] applies 0 allowed 0, ids 18 requested  [File=/var/www/html/booking/lib/Application/Attributes/AttributeService.php,Line=294]
2019-06-29T23:07:50+07:00 [3863] DEBUG default - [User=Anna Pachariyangkun (1530301@vistec.ac.th)] applies 0 allowed 1, ids 26 requested  [File=/var/www/html/booking/lib/Application/Attributes/AttributeService.php,Line=294]
2019-06-29T23:07:50+07:00 [3863] DEBUG default - [User=Anna Pachariyangkun (1530301@vistec.ac.th)] applies 0 allowed 0, ids 18,2 requested  [File=/var/www/html/booking/lib/Application/Attributes/AttributeService.php,Line=294]
2019-06-29T23:07:50+07:00 [3863] DEBUG default - [User=Anna Pachariyangkun (1530301@vistec.ac.th)] applies 0 allowed 0, ids 17 requested  [File=/var/www/html/booking/lib/Application/Attributes/AttributeService.php,Line=294]
2019-06-29T23:07:50+07:00 [3863] DEBUG default - [User=Anna Pachariyangkun (1530301@vistec.ac.th)] applies 0 allowed 0, ids 17 requested  [File=/var/www/html/booking/lib/Application/Attributes/AttributeService.php,Line=294]
2019-06-29T23:07:50+07:00 [3863] DEBUG default - [User=Anna Pachariyangkun (1530301@vistec.ac.th)] applies 0 allowed 1, ids 26 requested  [File=/var/www/html/booking/lib/Application/Attributes/AttributeService.php,Line=294]
2019-06-29T23:07:50+07:00 [3863] DEBUG default - [User=Anna Pachariyangkun (1530301@vistec.ac.th)] applies 0 allowed 0, ids 2 requested  [File=/var/www/html/booking/lib/Application/Attributes/AttributeService.php,Line=294]
2019-06-29T23:07:50+07:00 [3863] DEBUG default - [User=Anna Pachariyangkun (1530301@vistec.ac.th)] applies 0 allowed 0, ids 17 requested  [File=/var/www/html/booking/lib/Application/Attributes/AttributeService.php,Line=294]
2019-06-29T23:07:50+07:00 [3863] DEBUG default - [User=Anna Pachariyangkun (1530301@vistec.ac.th)] applies 0 allowed 0, ids 16 requested  [File=/var/www/html/booking/lib/Application/Attributes/AttributeService.php,Line=294]
2019-06-29T23:07:50+07:00 [3863] DEBUG default - [User=Anna Pachariyangkun (1530301@vistec.ac.th)] applies 0 allowed 1, ids 23,26,22,21 requested  [File=/var/www/html/booking/lib/Application/Attributes/AttributeService.php,Line=294]
2019-06-29T23:07:50+07:00 [3863] DEBUG default - [User=Anna Pachariyangkun (1530301@vistec.ac.th)] applies 0 allowed 2, ids 23,26,22,29,21 requested  [File=/var/www/html/booking/lib/Application/Attributes/AttributeService.php,Line=294]
