2019-05-11T02:29:28+07:00 [6290] DEBUG default - [User=Ploychanok Iadrat (ploychanok.i_s17@vistec.ac.th)] applies 0 allowed 1, ids 2 requested  [File=/var/www/html/booking/lib/Application/Attributes/AttributeService.php,Line=294]
2019-05-11T02:29:28+07:00 [6290] DEBUG default - [User=Ploychanok Iadrat (ploychanok.i_s17@vistec.ac.th)] applies 0 allowed 0, ids 17 requested  [File=/var/www/html/booking/lib/Application/Attributes/AttributeService.php,Line=294]
2019-05-11T02:29:28+07:00 [6290] DEBUG default - [User=Ploychanok Iadrat (ploychanok.i_s17@vistec.ac.th)] applies 0 allowed 0, ids 25 requested  [File=/var/www/html/booking/lib/Application/Attributes/AttributeService.php,Line=294]
2019-05-11T02:29:28+07:00 [6290] DEBUG default - [User=Ploychanok Iadrat (ploychanok.i_s17@vistec.ac.th)] applies 0 allowed 0, ids 16 requested  [File=/var/www/html/booking/lib/Application/Attributes/AttributeService.php,Line=294]
2019-05-11T02:29:28+07:00 [6290] DEBUG default - [User=Ploychanok Iadrat (ploychanok.i_s17@vistec.ac.th)] applies 0 allowed 0, ids 25 requested  [File=/var/www/html/booking/lib/Application/Attributes/AttributeService.php,Line=294]
2019-05-11T02:29:28+07:00 [6290] DEBUG default - [User=Ploychanok Iadrat (ploychanok.i_s17@vistec.ac.th)] applies 0 allowed 0, ids 26 requested  [File=/var/www/html/booking/lib/Application/Attributes/AttributeService.php,Line=294]
2019-05-11T02:29:28+07:00 [6290] DEBUG default - [User=Ploychanok Iadrat (ploychanok.i_s17@vistec.ac.th)] applies 0 allowed 0, ids 29 requested  [File=/var/www/html/booking/lib/Application/Attributes/AttributeService.php,Line=294]
2019-05-11T02:29:28+07:00 [6290] DEBUG default - [User=Ploychanok Iadrat (ploychanok.i_s17@vistec.ac.th)] applies 0 allowed 0, ids 26 requested  [File=/var/www/html/booking/lib/Application/Attributes/AttributeService.php,Line=294]
2019-05-11T02:29:28+07:00 [6290] DEBUG default - [User=Ploychanok Iadrat (ploychanok.i_s17@vistec.ac.th)] applies 0 allowed 1, ids 2 requested  [File=/var/www/html/booking/lib/Application/Attributes/AttributeService.php,Line=294]
2019-05-11T02:29:28+07:00 [6290] DEBUG default - [User=Ploychanok Iadrat (ploychanok.i_s17@vistec.ac.th)] applies 0 allowed 0, ids 15 requested  [File=/var/www/html/booking/lib/Application/Attributes/AttributeService.php,Line=294]
2019-05-11T02:29:28+07:00 [6290] DEBUG default - [User=Ploychanok Iadrat (ploychanok.i_s17@vistec.ac.th)] applies 0 allowed 0, ids 18,27 requested  [File=/var/www/html/booking/lib/Application/Attributes/AttributeService.php,Line=294]
2019-05-11T02:29:28+07:00 [6290] DEBUG default - [User=Ploychanok Iadrat (ploychanok.i_s17@vistec.ac.th)] applies 0 allowed 0, ids 16 requested  [File=/var/www/html/booking/lib/Application/Attributes/AttributeService.php,Line=294]
2019-05-11T02:29:28+07:00 [6290] DEBUG default - [User=Ploychanok Iadrat (ploychanok.i_s17@vistec.ac.th)] applies 0 allowed 0, ids 18 requested  [File=/var/www/html/booking/lib/Application/Attributes/AttributeService.php,Line=294]
2019-05-11T02:29:28+07:00 [6290] DEBUG default - [User=Ploychanok Iadrat (ploychanok.i_s17@vistec.ac.th)] applies 0 allowed 0, ids 26 requested  [File=/var/www/html/booking/lib/Application/Attributes/AttributeService.php,Line=294]
2019-05-11T02:29:28+07:00 [6290] DEBUG default - [User=Ploychanok Iadrat (ploychanok.i_s17@vistec.ac.th)] applies 0 allowed 1, ids 18,2 requested  [File=/var/www/html/booking/lib/Application/Attributes/AttributeService.php,Line=294]
2019-05-11T02:29:28+07:00 [6290] DEBUG default - [User=Ploychanok Iadrat (ploychanok.i_s17@vistec.ac.th)] applies 0 allowed 0, ids 17 requested  [File=/var/www/html/booking/lib/Application/Attributes/AttributeService.php,Line=294]
2019-05-11T02:29:28+07:00 [6290] DEBUG default - [User=Ploychanok Iadrat (ploychanok.i_s17@vistec.ac.th)] applies 0 allowed 0, ids 17 requested  [File=/var/www/html/booking/lib/Application/Attributes/AttributeService.php,Line=294]
2019-05-11T02:29:28+07:00 [6290] DEBUG default - [User=Ploychanok Iadrat (ploychanok.i_s17@vistec.ac.th)] applies 0 allowed 0, ids 26 requested  [File=/var/www/html/booking/lib/Application/Attributes/AttributeService.php,Line=294]
2019-05-11T02:29:28+07:00 [6290] DEBUG default - [User=Ploychanok Iadrat (ploychanok.i_s17@vistec.ac.th)] applies 0 allowed 1, ids 2 requested  [File=/var/www/html/booking/lib/Application/Attributes/AttributeService.php,Line=294]
2019-05-11T02:29:28+07:00 [6290] DEBUG default - [User=Ploychanok Iadrat (ploychanok.i_s17@vistec.ac.th)] applies 0 allowed 0, ids 17 requested  [File=/var/www/html/booking/lib/Application/Attributes/AttributeService.php,Line=294]
2019-05-11T02:29:28+07:00 [6290] DEBUG default - [User=Ploychanok Iadrat (ploychanok.i_s17@vistec.ac.th)] applies 0 allowed 0, ids 16 requested  [File=/var/www/html/booking/lib/Application/Attributes/AttributeService.php,Line=294]
2019-05-11T02:29:28+07:00 [6290] DEBUG default - [User=Ploychanok Iadrat (ploychanok.i_s17@vistec.ac.th)] applies 0 allowed 1, ids 23,26,22,21 requested  [File=/var/www/html/booking/lib/Application/Attributes/AttributeService.php,Line=294]
2019-05-11T02:29:28+07:00 [6290] DEBUG default - [User=Ploychanok Iadrat (ploychanok.i_s17@vistec.ac.th)] applies 0 allowed 1, ids 23,26,22,29,21 requested  [File=/var/www/html/booking/lib/Application/Attributes/AttributeService.php,Line=294]
2019-05-11T02:29:47+07:00 [6290] DEBUG default - [User=Ploychanok Iadrat (ploychanok.i_s17@vistec.ac.th)] applies 1 allowed 1, ids 2 requested 2 [File=/var/www/html/booking/lib/Application/Attributes/AttributeService.php,Line=294]
2019-05-11T02:29:47+07:00 [6290] DEBUG default - [User=Ploychanok Iadrat (ploychanok.i_s17@vistec.ac.th)] applies 0 allowed 0, ids 17 requested 2 [File=/var/www/html/booking/lib/Application/Attributes/AttributeService.php,Line=294]
2019-05-11T02:29:47+07:00 [6290] DEBUG default - [User=Ploychanok Iadrat (ploychanok.i_s17@vistec.ac.th)] applies 0 allowed 0, ids 25 requested 2 [File=/var/www/html/booking/lib/Application/Attributes/AttributeService.php,Line=294]
2019-05-11T02:29:47+07:00 [6290] DEBUG default - [User=Ploychanok Iadrat (ploychanok.i_s17@vistec.ac.th)] applies 0 allowed 0, ids 16 requested 2 [File=/var/www/html/booking/lib/Application/Attributes/AttributeService.php,Line=294]
2019-05-11T02:29:47+07:00 [6290] DEBUG default - [User=Ploychanok Iadrat (ploychanok.i_s17@vistec.ac.th)] applies 0 allowed 0, ids 25 requested 2 [File=/var/www/html/booking/lib/Application/Attributes/AttributeService.php,Line=294]
2019-05-11T02:29:47+07:00 [6290] DEBUG default - [User=Ploychanok Iadrat (ploychanok.i_s17@vistec.ac.th)] applies 0 allowed 0, ids 26 requested 2 [File=/var/www/html/booking/lib/Application/Attributes/AttributeService.php,Line=294]
2019-05-11T02:29:47+07:00 [6290] DEBUG default - [User=Ploychanok Iadrat (ploychanok.i_s17@vistec.ac.th)] applies 0 allowed 0, ids 29 requested 2 [File=/var/www/html/booking/lib/Application/Attributes/AttributeService.php,Line=294]
2019-05-11T02:29:47+07:00 [6290] DEBUG default - [User=Ploychanok Iadrat (ploychanok.i_s17@vistec.ac.th)] applies 0 allowed 0, ids 26 requested 2 [File=/var/www/html/booking/lib/Application/Attributes/AttributeService.php,Line=294]
2019-05-11T02:29:47+07:00 [6290] DEBUG default - [User=Ploychanok Iadrat (ploychanok.i_s17@vistec.ac.th)] applies 1 allowed 1, ids 2 requested 2 [File=/var/www/html/booking/lib/Application/Attributes/AttributeService.php,Line=294]
2019-05-11T02:29:47+07:00 [6290] DEBUG default - [User=Ploychanok Iadrat (ploychanok.i_s17@vistec.ac.th)] applies 0 allowed 0, ids 15 requested 2 [File=/var/www/html/booking/lib/Application/Attributes/AttributeService.php,Line=294]
2019-05-11T02:29:47+07:00 [6290] DEBUG default - [User=Ploychanok Iadrat (ploychanok.i_s17@vistec.ac.th)] applies 0 allowed 0, ids 18,27 requested 2 [File=/var/www/html/booking/lib/Application/Attributes/AttributeService.php,Line=294]
2019-05-11T02:29:47+07:00 [6290] DEBUG default - [User=Ploychanok Iadrat (ploychanok.i_s17@vistec.ac.th)] applies 0 allowed 0, ids 16 requested 2 [File=/var/www/html/booking/lib/Application/Attributes/AttributeService.php,Line=294]
2019-05-11T02:29:47+07:00 [6290] DEBUG default - [User=Ploychanok Iadrat (ploychanok.i_s17@vistec.ac.th)] applies 0 allowed 0, ids 18 requested 2 [File=/var/www/html/booking/lib/Application/Attributes/AttributeService.php,Line=294]
2019-05-11T02:29:47+07:00 [6290] DEBUG default - [User=Ploychanok Iadrat (ploychanok.i_s17@vistec.ac.th)] applies 0 allowed 0, ids 26 requested 2 [File=/var/www/html/booking/lib/Application/Attributes/AttributeService.php,Line=294]
2019-05-11T02:29:47+07:00 [6290] DEBUG default - [User=Ploychanok Iadrat (ploychanok.i_s17@vistec.ac.th)] applies 1 allowed 1, ids 18,2 requested 2 [File=/var/www/html/booking/lib/Application/Attributes/AttributeService.php,Line=294]
2019-05-11T02:29:47+07:00 [6290] DEBUG default - [User=Ploychanok Iadrat (ploychanok.i_s17@vistec.ac.th)] applies 0 allowed 0, ids 17 requested 2 [File=/var/www/html/booking/lib/Application/Attributes/AttributeService.php,Line=294]
2019-05-11T02:29:47+07:00 [6290] DEBUG default - [User=Ploychanok Iadrat (ploychanok.i_s17@vistec.ac.th)] applies 0 allowed 0, ids 17 requested 2 [File=/var/www/html/booking/lib/Application/Attributes/AttributeService.php,Line=294]
2019-05-11T02:29:47+07:00 [6290] DEBUG default - [User=Ploychanok Iadrat (ploychanok.i_s17@vistec.ac.th)] applies 0 allowed 0, ids 26 requested 2 [File=/var/www/html/booking/lib/Application/Attributes/AttributeService.php,Line=294]
2019-05-11T02:29:47+07:00 [6290] DEBUG default - [User=Ploychanok Iadrat (ploychanok.i_s17@vistec.ac.th)] applies 1 allowed 1, ids 2 requested 2 [File=/var/www/html/booking/lib/Application/Attributes/AttributeService.php,Line=294]
2019-05-11T02:29:47+07:00 [6290] DEBUG default - [User=Ploychanok Iadrat (ploychanok.i_s17@vistec.ac.th)] applies 0 allowed 0, ids 17 requested 2 [File=/var/www/html/booking/lib/Application/Attributes/AttributeService.php,Line=294]
2019-05-11T02:29:47+07:00 [6290] DEBUG default - [User=Ploychanok Iadrat (ploychanok.i_s17@vistec.ac.th)] applies 0 allowed 0, ids 16 requested 2 [File=/var/www/html/booking/lib/Application/Attributes/AttributeService.php,Line=294]
2019-05-11T02:29:47+07:00 [6290] DEBUG default - [User=Ploychanok Iadrat (ploychanok.i_s17@vistec.ac.th)] applies 0 allowed 1, ids 23,26,22,21 requested 2 [File=/var/www/html/booking/lib/Application/Attributes/AttributeService.php,Line=294]
2019-05-11T02:29:47+07:00 [6290] DEBUG default - [User=Ploychanok Iadrat (ploychanok.i_s17@vistec.ac.th)] applies 0 allowed 1, ids 23,26,22,29,21 requested 2 [File=/var/www/html/booking/lib/Application/Attributes/AttributeService.php,Line=294]
2019-05-11T02:31:11+07:00 [6290] DEBUG default - [User=Ploychanok Iadrat (ploychanok.i_s17@vistec.ac.th)] applies 0 allowed 1, ids 2 requested  [File=/var/www/html/booking/lib/Application/Attributes/AttributeService.php,Line=294]
2019-05-11T02:31:11+07:00 [6290] DEBUG default - [User=Ploychanok Iadrat (ploychanok.i_s17@vistec.ac.th)] applies 0 allowed 0, ids 17 requested  [File=/var/www/html/booking/lib/Application/Attributes/AttributeService.php,Line=294]
2019-05-11T02:31:11+07:00 [6290] DEBUG default - [User=Ploychanok Iadrat (ploychanok.i_s17@vistec.ac.th)] applies 0 allowed 0, ids 25 requested  [File=/var/www/html/booking/lib/Application/Attributes/AttributeService.php,Line=294]
2019-05-11T02:31:11+07:00 [6290] DEBUG default - [User=Ploychanok Iadrat (ploychanok.i_s17@vistec.ac.th)] applies 0 allowed 0, ids 16 requested  [File=/var/www/html/booking/lib/Application/Attributes/AttributeService.php,Line=294]
2019-05-11T02:31:11+07:00 [6290] DEBUG default - [User=Ploychanok Iadrat (ploychanok.i_s17@vistec.ac.th)] applies 0 allowed 0, ids 25 requested  [File=/var/www/html/booking/lib/Application/Attributes/AttributeService.php,Line=294]
2019-05-11T02:31:11+07:00 [6290] DEBUG default - [User=Ploychanok Iadrat (ploychanok.i_s17@vistec.ac.th)] applies 0 allowed 0, ids 26 requested  [File=/var/www/html/booking/lib/Application/Attributes/AttributeService.php,Line=294]
2019-05-11T02:31:11+07:00 [6290] DEBUG default - [User=Ploychanok Iadrat (ploychanok.i_s17@vistec.ac.th)] applies 0 allowed 0, ids 29 requested  [File=/var/www/html/booking/lib/Application/Attributes/AttributeService.php,Line=294]
2019-05-11T02:31:11+07:00 [6290] DEBUG default - [User=Ploychanok Iadrat (ploychanok.i_s17@vistec.ac.th)] applies 0 allowed 0, ids 26 requested  [File=/var/www/html/booking/lib/Application/Attributes/AttributeService.php,Line=294]
2019-05-11T02:31:11+07:00 [6290] DEBUG default - [User=Ploychanok Iadrat (ploychanok.i_s17@vistec.ac.th)] applies 0 allowed 1, ids 2 requested  [File=/var/www/html/booking/lib/Application/Attributes/AttributeService.php,Line=294]
2019-05-11T02:31:11+07:00 [6290] DEBUG default - [User=Ploychanok Iadrat (ploychanok.i_s17@vistec.ac.th)] applies 0 allowed 0, ids 15 requested  [File=/var/www/html/booking/lib/Application/Attributes/AttributeService.php,Line=294]
2019-05-11T02:31:11+07:00 [6290] DEBUG default - [User=Ploychanok Iadrat (ploychanok.i_s17@vistec.ac.th)] applies 0 allowed 0, ids 18,27 requested  [File=/var/www/html/booking/lib/Application/Attributes/AttributeService.php,Line=294]
2019-05-11T02:31:11+07:00 [6290] DEBUG default - [User=Ploychanok Iadrat (ploychanok.i_s17@vistec.ac.th)] applies 0 allowed 0, ids 16 requested  [File=/var/www/html/booking/lib/Application/Attributes/AttributeService.php,Line=294]
2019-05-11T02:31:11+07:00 [6290] DEBUG default - [User=Ploychanok Iadrat (ploychanok.i_s17@vistec.ac.th)] applies 0 allowed 0, ids 18 requested  [File=/var/www/html/booking/lib/Application/Attributes/AttributeService.php,Line=294]
2019-05-11T02:31:11+07:00 [6290] DEBUG default - [User=Ploychanok Iadrat (ploychanok.i_s17@vistec.ac.th)] applies 0 allowed 0, ids 26 requested  [File=/var/www/html/booking/lib/Application/Attributes/AttributeService.php,Line=294]
2019-05-11T02:31:11+07:00 [6290] DEBUG default - [User=Ploychanok Iadrat (ploychanok.i_s17@vistec.ac.th)] applies 0 allowed 1, ids 18,2 requested  [File=/var/www/html/booking/lib/Application/Attributes/AttributeService.php,Line=294]
2019-05-11T02:31:11+07:00 [6290] DEBUG default - [User=Ploychanok Iadrat (ploychanok.i_s17@vistec.ac.th)] applies 0 allowed 0, ids 17 requested  [File=/var/www/html/booking/lib/Application/Attributes/AttributeService.php,Line=294]
2019-05-11T02:31:11+07:00 [6290] DEBUG default - [User=Ploychanok Iadrat (ploychanok.i_s17@vistec.ac.th)] applies 0 allowed 0, ids 17 requested  [File=/var/www/html/booking/lib/Application/Attributes/AttributeService.php,Line=294]
2019-05-11T02:31:11+07:00 [6290] DEBUG default - [User=Ploychanok Iadrat (ploychanok.i_s17@vistec.ac.th)] applies 0 allowed 0, ids 26 requested  [File=/var/www/html/booking/lib/Application/Attributes/AttributeService.php,Line=294]
2019-05-11T02:31:11+07:00 [6290] DEBUG default - [User=Ploychanok Iadrat (ploychanok.i_s17@vistec.ac.th)] applies 0 allowed 1, ids 2 requested  [File=/var/www/html/booking/lib/Application/Attributes/AttributeService.php,Line=294]
2019-05-11T02:31:11+07:00 [6290] DEBUG default - [User=Ploychanok Iadrat (ploychanok.i_s17@vistec.ac.th)] applies 0 allowed 0, ids 17 requested  [File=/var/www/html/booking/lib/Application/Attributes/AttributeService.php,Line=294]
2019-05-11T02:31:11+07:00 [6290] DEBUG default - [User=Ploychanok Iadrat (ploychanok.i_s17@vistec.ac.th)] applies 0 allowed 0, ids 16 requested  [File=/var/www/html/booking/lib/Application/Attributes/AttributeService.php,Line=294]
2019-05-11T02:31:11+07:00 [6290] DEBUG default - [User=Ploychanok Iadrat (ploychanok.i_s17@vistec.ac.th)] applies 0 allowed 1, ids 23,26,22,21 requested  [File=/var/www/html/booking/lib/Application/Attributes/AttributeService.php,Line=294]
2019-05-11T02:31:11+07:00 [6290] DEBUG default - [User=Ploychanok Iadrat (ploychanok.i_s17@vistec.ac.th)] applies 0 allowed 1, ids 23,26,22,29,21 requested  [File=/var/www/html/booking/lib/Application/Attributes/AttributeService.php,Line=294]
2019-05-11T21:29:11+07:00 [23803] DEBUG default - [User=Wipaporn Kitisriworaphan (Wipaporn.kiti@gmail.com)] applies 0 allowed 0, ids 2 requested  [File=/var/www/html/booking/lib/Application/Attributes/AttributeService.php,Line=294]
2019-05-11T21:29:11+07:00 [23803] DEBUG default - [User=Wipaporn Kitisriworaphan (Wipaporn.kiti@gmail.com)] applies 0 allowed 0, ids 17 requested  [File=/var/www/html/booking/lib/Application/Attributes/AttributeService.php,Line=294]
2019-05-11T21:29:11+07:00 [23803] DEBUG default - [User=Wipaporn Kitisriworaphan (Wipaporn.kiti@gmail.com)] applies 0 allowed 0, ids 25 requested  [File=/var/www/html/booking/lib/Application/Attributes/AttributeService.php,Line=294]
2019-05-11T21:29:11+07:00 [23803] DEBUG default - [User=Wipaporn Kitisriworaphan (Wipaporn.kiti@gmail.com)] applies 0 allowed 1, ids 16 requested  [File=/var/www/html/booking/lib/Application/Attributes/AttributeService.php,Line=294]
2019-05-11T21:29:11+07:00 [23803] DEBUG default - [User=Wipaporn Kitisriworaphan (Wipaporn.kiti@gmail.com)] applies 0 allowed 0, ids 25 requested  [File=/var/www/html/booking/lib/Application/Attributes/AttributeService.php,Line=294]
2019-05-11T21:29:11+07:00 [23803] DEBUG default - [User=Wipaporn Kitisriworaphan (Wipaporn.kiti@gmail.com)] applies 0 allowed 1, ids 26 requested  [File=/var/www/html/booking/lib/Application/Attributes/AttributeService.php,Line=294]
2019-05-11T21:29:11+07:00 [23803] DEBUG default - [User=Wipaporn Kitisriworaphan (Wipaporn.kiti@gmail.com)] applies 0 allowed 0, ids 29 requested  [File=/var/www/html/booking/lib/Application/Attributes/AttributeService.php,Line=294]
2019-05-11T21:29:11+07:00 [23803] DEBUG default - [User=Wipaporn Kitisriworaphan (Wipaporn.kiti@gmail.com)] applies 0 allowed 1, ids 26 requested  [File=/var/www/html/booking/lib/Application/Attributes/AttributeService.php,Line=294]
2019-05-11T21:29:11+07:00 [23803] DEBUG default - [User=Wipaporn Kitisriworaphan (Wipaporn.kiti@gmail.com)] applies 0 allowed 0, ids 2 requested  [File=/var/www/html/booking/lib/Application/Attributes/AttributeService.php,Line=294]
2019-05-11T21:29:11+07:00 [23803] DEBUG default - [User=Wipaporn Kitisriworaphan (Wipaporn.kiti@gmail.com)] applies 0 allowed 0, ids 15 requested  [File=/var/www/html/booking/lib/Application/Attributes/AttributeService.php,Line=294]
2019-05-11T21:29:11+07:00 [23803] DEBUG default - [User=Wipaporn Kitisriworaphan (Wipaporn.kiti@gmail.com)] applies 0 allowed 0, ids 18,27 requested  [File=/var/www/html/booking/lib/Application/Attributes/AttributeService.php,Line=294]
2019-05-11T21:29:11+07:00 [23803] DEBUG default - [User=Wipaporn Kitisriworaphan (Wipaporn.kiti@gmail.com)] applies 0 allowed 1, ids 16 requested  [File=/var/www/html/booking/lib/Application/Attributes/AttributeService.php,Line=294]
2019-05-11T21:29:11+07:00 [23803] DEBUG default - [User=Wipaporn Kitisriworaphan (Wipaporn.kiti@gmail.com)] applies 0 allowed 0, ids 18 requested  [File=/var/www/html/booking/lib/Application/Attributes/AttributeService.php,Line=294]
2019-05-11T21:29:11+07:00 [23803] DEBUG default - [User=Wipaporn Kitisriworaphan (Wipaporn.kiti@gmail.com)] applies 0 allowed 1, ids 26 requested  [File=/var/www/html/booking/lib/Application/Attributes/AttributeService.php,Line=294]
2019-05-11T21:29:11+07:00 [23803] DEBUG default - [User=Wipaporn Kitisriworaphan (Wipaporn.kiti@gmail.com)] applies 0 allowed 0, ids 18,2 requested  [File=/var/www/html/booking/lib/Application/Attributes/AttributeService.php,Line=294]
2019-05-11T21:29:11+07:00 [23803] DEBUG default - [User=Wipaporn Kitisriworaphan (Wipaporn.kiti@gmail.com)] applies 0 allowed 0, ids 17 requested  [File=/var/www/html/booking/lib/Application/Attributes/AttributeService.php,Line=294]
2019-05-11T21:29:11+07:00 [23803] DEBUG default - [User=Wipaporn Kitisriworaphan (Wipaporn.kiti@gmail.com)] applies 0 allowed 0, ids 17 requested  [File=/var/www/html/booking/lib/Application/Attributes/AttributeService.php,Line=294]
2019-05-11T21:29:11+07:00 [23803] DEBUG default - [User=Wipaporn Kitisriworaphan (Wipaporn.kiti@gmail.com)] applies 0 allowed 1, ids 26 requested  [File=/var/www/html/booking/lib/Application/Attributes/AttributeService.php,Line=294]
2019-05-11T21:29:11+07:00 [23803] DEBUG default - [User=Wipaporn Kitisriworaphan (Wipaporn.kiti@gmail.com)] applies 0 allowed 0, ids 2 requested  [File=/var/www/html/booking/lib/Application/Attributes/AttributeService.php,Line=294]
2019-05-11T21:29:11+07:00 [23803] DEBUG default - [User=Wipaporn Kitisriworaphan (Wipaporn.kiti@gmail.com)] applies 0 allowed 0, ids 17 requested  [File=/var/www/html/booking/lib/Application/Attributes/AttributeService.php,Line=294]
2019-05-11T21:29:11+07:00 [23803] DEBUG default - [User=Wipaporn Kitisriworaphan (Wipaporn.kiti@gmail.com)] applies 0 allowed 1, ids 16 requested  [File=/var/www/html/booking/lib/Application/Attributes/AttributeService.php,Line=294]
2019-05-11T21:29:11+07:00 [23803] DEBUG default - [User=Wipaporn Kitisriworaphan (Wipaporn.kiti@gmail.com)] applies 0 allowed 1, ids 23,26,22,21 requested  [File=/var/www/html/booking/lib/Application/Attributes/AttributeService.php,Line=294]
2019-05-11T21:29:11+07:00 [23803] DEBUG default - [User=Wipaporn Kitisriworaphan (Wipaporn.kiti@gmail.com)] applies 0 allowed 1, ids 23,26,22,29,21 requested  [File=/var/www/html/booking/lib/Application/Attributes/AttributeService.php,Line=294]
2019-05-11T21:30:13+07:00 [6290] DEBUG default - [User=Wipaporn Kitisriworaphan (Wipaporn.kiti@gmail.com)] applies 0 allowed 0, ids 2 requested 26 [File=/var/www/html/booking/lib/Application/Attributes/AttributeService.php,Line=294]
2019-05-11T21:30:13+07:00 [6290] DEBUG default - [User=Wipaporn Kitisriworaphan (Wipaporn.kiti@gmail.com)] applies 0 allowed 0, ids 17 requested 26 [File=/var/www/html/booking/lib/Application/Attributes/AttributeService.php,Line=294]
2019-05-11T21:30:13+07:00 [6290] DEBUG default - [User=Wipaporn Kitisriworaphan (Wipaporn.kiti@gmail.com)] applies 0 allowed 0, ids 25 requested 26 [File=/var/www/html/booking/lib/Application/Attributes/AttributeService.php,Line=294]
2019-05-11T21:30:13+07:00 [6290] DEBUG default - [User=Wipaporn Kitisriworaphan (Wipaporn.kiti@gmail.com)] applies 0 allowed 1, ids 16 requested 26 [File=/var/www/html/booking/lib/Application/Attributes/AttributeService.php,Line=294]
2019-05-11T21:30:13+07:00 [6290] DEBUG default - [User=Wipaporn Kitisriworaphan (Wipaporn.kiti@gmail.com)] applies 0 allowed 0, ids 25 requested 26 [File=/var/www/html/booking/lib/Application/Attributes/AttributeService.php,Line=294]
2019-05-11T21:30:13+07:00 [6290] DEBUG default - [User=Wipaporn Kitisriworaphan (Wipaporn.kiti@gmail.com)] applies 1 allowed 1, ids 26 requested 26 [File=/var/www/html/booking/lib/Application/Attributes/AttributeService.php,Line=294]
2019-05-11T21:30:13+07:00 [6290] DEBUG default - [User=Wipaporn Kitisriworaphan (Wipaporn.kiti@gmail.com)] applies 0 allowed 0, ids 29 requested 26 [File=/var/www/html/booking/lib/Application/Attributes/AttributeService.php,Line=294]
2019-05-11T21:30:13+07:00 [6290] DEBUG default - [User=Wipaporn Kitisriworaphan (Wipaporn.kiti@gmail.com)] applies 1 allowed 1, ids 26 requested 26 [File=/var/www/html/booking/lib/Application/Attributes/AttributeService.php,Line=294]
2019-05-11T21:30:13+07:00 [6290] DEBUG default - [User=Wipaporn Kitisriworaphan (Wipaporn.kiti@gmail.com)] applies 0 allowed 0, ids 2 requested 26 [File=/var/www/html/booking/lib/Application/Attributes/AttributeService.php,Line=294]
2019-05-11T21:30:13+07:00 [6290] DEBUG default - [User=Wipaporn Kitisriworaphan (Wipaporn.kiti@gmail.com)] applies 0 allowed 0, ids 15 requested 26 [File=/var/www/html/booking/lib/Application/Attributes/AttributeService.php,Line=294]
2019-05-11T21:30:13+07:00 [6290] DEBUG default - [User=Wipaporn Kitisriworaphan (Wipaporn.kiti@gmail.com)] applies 0 allowed 0, ids 18,27 requested 26 [File=/var/www/html/booking/lib/Application/Attributes/AttributeService.php,Line=294]
2019-05-11T21:30:13+07:00 [6290] DEBUG default - [User=Wipaporn Kitisriworaphan (Wipaporn.kiti@gmail.com)] applies 0 allowed 1, ids 16 requested 26 [File=/var/www/html/booking/lib/Application/Attributes/AttributeService.php,Line=294]
2019-05-11T21:30:13+07:00 [6290] DEBUG default - [User=Wipaporn Kitisriworaphan (Wipaporn.kiti@gmail.com)] applies 0 allowed 0, ids 18 requested 26 [File=/var/www/html/booking/lib/Application/Attributes/AttributeService.php,Line=294]
2019-05-11T21:30:13+07:00 [6290] DEBUG default - [User=Wipaporn Kitisriworaphan (Wipaporn.kiti@gmail.com)] applies 1 allowed 1, ids 26 requested 26 [File=/var/www/html/booking/lib/Application/Attributes/AttributeService.php,Line=294]
2019-05-11T21:30:13+07:00 [6290] DEBUG default - [User=Wipaporn Kitisriworaphan (Wipaporn.kiti@gmail.com)] applies 0 allowed 0, ids 18,2 requested 26 [File=/var/www/html/booking/lib/Application/Attributes/AttributeService.php,Line=294]
2019-05-11T21:30:13+07:00 [6290] DEBUG default - [User=Wipaporn Kitisriworaphan (Wipaporn.kiti@gmail.com)] applies 0 allowed 0, ids 17 requested 26 [File=/var/www/html/booking/lib/Application/Attributes/AttributeService.php,Line=294]
2019-05-11T21:30:13+07:00 [6290] DEBUG default - [User=Wipaporn Kitisriworaphan (Wipaporn.kiti@gmail.com)] applies 0 allowed 0, ids 17 requested 26 [File=/var/www/html/booking/lib/Application/Attributes/AttributeService.php,Line=294]
2019-05-11T21:30:13+07:00 [6290] DEBUG default - [User=Wipaporn Kitisriworaphan (Wipaporn.kiti@gmail.com)] applies 1 allowed 1, ids 26 requested 26 [File=/var/www/html/booking/lib/Application/Attributes/AttributeService.php,Line=294]
2019-05-11T21:30:13+07:00 [6290] DEBUG default - [User=Wipaporn Kitisriworaphan (Wipaporn.kiti@gmail.com)] applies 0 allowed 0, ids 2 requested 26 [File=/var/www/html/booking/lib/Application/Attributes/AttributeService.php,Line=294]
2019-05-11T21:30:13+07:00 [6290] DEBUG default - [User=Wipaporn Kitisriworaphan (Wipaporn.kiti@gmail.com)] applies 0 allowed 0, ids 17 requested 26 [File=/var/www/html/booking/lib/Application/Attributes/AttributeService.php,Line=294]
2019-05-11T21:30:13+07:00 [6290] DEBUG default - [User=Wipaporn Kitisriworaphan (Wipaporn.kiti@gmail.com)] applies 0 allowed 1, ids 16 requested 26 [File=/var/www/html/booking/lib/Application/Attributes/AttributeService.php,Line=294]
2019-05-11T21:30:13+07:00 [6290] DEBUG default - [User=Wipaporn Kitisriworaphan (Wipaporn.kiti@gmail.com)] applies 1 allowed 1, ids 23,26,22,21 requested 26 [File=/var/www/html/booking/lib/Application/Attributes/AttributeService.php,Line=294]
2019-05-11T21:30:13+07:00 [6290] DEBUG default - [User=Wipaporn Kitisriworaphan (Wipaporn.kiti@gmail.com)] applies 1 allowed 1, ids 23,26,22,29,21 requested 26 [File=/var/www/html/booking/lib/Application/Attributes/AttributeService.php,Line=294]
2019-05-11T21:31:00+07:00 [6290] DEBUG default - [User=Wipaporn Kitisriworaphan (Wipaporn.kiti@gmail.com)] applies 0 allowed 0, ids 2 requested  [File=/var/www/html/booking/lib/Application/Attributes/AttributeService.php,Line=294]
2019-05-11T21:31:00+07:00 [6290] DEBUG default - [User=Wipaporn Kitisriworaphan (Wipaporn.kiti@gmail.com)] applies 0 allowed 0, ids 17 requested  [File=/var/www/html/booking/lib/Application/Attributes/AttributeService.php,Line=294]
2019-05-11T21:31:00+07:00 [6290] DEBUG default - [User=Wipaporn Kitisriworaphan (Wipaporn.kiti@gmail.com)] applies 0 allowed 0, ids 25 requested  [File=/var/www/html/booking/lib/Application/Attributes/AttributeService.php,Line=294]
2019-05-11T21:31:00+07:00 [6290] DEBUG default - [User=Wipaporn Kitisriworaphan (Wipaporn.kiti@gmail.com)] applies 0 allowed 1, ids 16 requested  [File=/var/www/html/booking/lib/Application/Attributes/AttributeService.php,Line=294]
2019-05-11T21:31:00+07:00 [6290] DEBUG default - [User=Wipaporn Kitisriworaphan (Wipaporn.kiti@gmail.com)] applies 0 allowed 0, ids 25 requested  [File=/var/www/html/booking/lib/Application/Attributes/AttributeService.php,Line=294]
2019-05-11T21:31:00+07:00 [6290] DEBUG default - [User=Wipaporn Kitisriworaphan (Wipaporn.kiti@gmail.com)] applies 0 allowed 1, ids 26 requested  [File=/var/www/html/booking/lib/Application/Attributes/AttributeService.php,Line=294]
2019-05-11T21:31:00+07:00 [6290] DEBUG default - [User=Wipaporn Kitisriworaphan (Wipaporn.kiti@gmail.com)] applies 0 allowed 0, ids 29 requested  [File=/var/www/html/booking/lib/Application/Attributes/AttributeService.php,Line=294]
2019-05-11T21:31:00+07:00 [6290] DEBUG default - [User=Wipaporn Kitisriworaphan (Wipaporn.kiti@gmail.com)] applies 0 allowed 1, ids 26 requested  [File=/var/www/html/booking/lib/Application/Attributes/AttributeService.php,Line=294]
2019-05-11T21:31:00+07:00 [6290] DEBUG default - [User=Wipaporn Kitisriworaphan (Wipaporn.kiti@gmail.com)] applies 0 allowed 0, ids 2 requested  [File=/var/www/html/booking/lib/Application/Attributes/AttributeService.php,Line=294]
2019-05-11T21:31:00+07:00 [6290] DEBUG default - [User=Wipaporn Kitisriworaphan (Wipaporn.kiti@gmail.com)] applies 0 allowed 0, ids 15 requested  [File=/var/www/html/booking/lib/Application/Attributes/AttributeService.php,Line=294]
2019-05-11T21:31:00+07:00 [6290] DEBUG default - [User=Wipaporn Kitisriworaphan (Wipaporn.kiti@gmail.com)] applies 0 allowed 0, ids 18,27 requested  [File=/var/www/html/booking/lib/Application/Attributes/AttributeService.php,Line=294]
2019-05-11T21:31:00+07:00 [6290] DEBUG default - [User=Wipaporn Kitisriworaphan (Wipaporn.kiti@gmail.com)] applies 0 allowed 1, ids 16 requested  [File=/var/www/html/booking/lib/Application/Attributes/AttributeService.php,Line=294]
2019-05-11T21:31:00+07:00 [6290] DEBUG default - [User=Wipaporn Kitisriworaphan (Wipaporn.kiti@gmail.com)] applies 0 allowed 0, ids 18 requested  [File=/var/www/html/booking/lib/Application/Attributes/AttributeService.php,Line=294]
2019-05-11T21:31:00+07:00 [6290] DEBUG default - [User=Wipaporn Kitisriworaphan (Wipaporn.kiti@gmail.com)] applies 0 allowed 1, ids 26 requested  [File=/var/www/html/booking/lib/Application/Attributes/AttributeService.php,Line=294]
2019-05-11T21:31:00+07:00 [6290] DEBUG default - [User=Wipaporn Kitisriworaphan (Wipaporn.kiti@gmail.com)] applies 0 allowed 0, ids 18,2 requested  [File=/var/www/html/booking/lib/Application/Attributes/AttributeService.php,Line=294]
2019-05-11T21:31:00+07:00 [6290] DEBUG default - [User=Wipaporn Kitisriworaphan (Wipaporn.kiti@gmail.com)] applies 0 allowed 0, ids 17 requested  [File=/var/www/html/booking/lib/Application/Attributes/AttributeService.php,Line=294]
2019-05-11T21:31:00+07:00 [6290] DEBUG default - [User=Wipaporn Kitisriworaphan (Wipaporn.kiti@gmail.com)] applies 0 allowed 0, ids 17 requested  [File=/var/www/html/booking/lib/Application/Attributes/AttributeService.php,Line=294]
2019-05-11T21:31:00+07:00 [6290] DEBUG default - [User=Wipaporn Kitisriworaphan (Wipaporn.kiti@gmail.com)] applies 0 allowed 1, ids 26 requested  [File=/var/www/html/booking/lib/Application/Attributes/AttributeService.php,Line=294]
2019-05-11T21:31:00+07:00 [6290] DEBUG default - [User=Wipaporn Kitisriworaphan (Wipaporn.kiti@gmail.com)] applies 0 allowed 0, ids 2 requested  [File=/var/www/html/booking/lib/Application/Attributes/AttributeService.php,Line=294]
2019-05-11T21:31:00+07:00 [6290] DEBUG default - [User=Wipaporn Kitisriworaphan (Wipaporn.kiti@gmail.com)] applies 0 allowed 0, ids 17 requested  [File=/var/www/html/booking/lib/Application/Attributes/AttributeService.php,Line=294]
2019-05-11T21:31:00+07:00 [6290] DEBUG default - [User=Wipaporn Kitisriworaphan (Wipaporn.kiti@gmail.com)] applies 0 allowed 1, ids 16 requested  [File=/var/www/html/booking/lib/Application/Attributes/AttributeService.php,Line=294]
2019-05-11T21:31:00+07:00 [6290] DEBUG default - [User=Wipaporn Kitisriworaphan (Wipaporn.kiti@gmail.com)] applies 0 allowed 1, ids 23,26,22,21 requested  [File=/var/www/html/booking/lib/Application/Attributes/AttributeService.php,Line=294]
2019-05-11T21:31:00+07:00 [6290] DEBUG default - [User=Wipaporn Kitisriworaphan (Wipaporn.kiti@gmail.com)] applies 0 allowed 1, ids 23,26,22,29,21 requested  [File=/var/www/html/booking/lib/Application/Attributes/AttributeService.php,Line=294]
