2019-04-07T07:38:19+07:00 [10313] DEBUG default - [User=Vatcharaporn Aomchad (s15_vatcharaporn.a@vistec.ac.th)] applies 0 allowed 0, ids 2 requested 24 [File=/var/www/html/booking/lib/Application/Attributes/AttributeService.php,Line=294]
2019-04-07T07:38:19+07:00 [10313] DEBUG default - [User=Vatcharaporn Aomchad (s15_vatcharaporn.a@vistec.ac.th)] applies 0 allowed 0, ids 17 requested 24 [File=/var/www/html/booking/lib/Application/Attributes/AttributeService.php,Line=294]
2019-04-07T07:38:19+07:00 [10313] DEBUG default - [User=Vatcharaporn Aomchad (s15_vatcharaporn.a@vistec.ac.th)] applies 0 allowed 0, ids 25 requested 24 [File=/var/www/html/booking/lib/Application/Attributes/AttributeService.php,Line=294]
2019-04-07T07:38:19+07:00 [10313] DEBUG default - [User=Vatcharaporn Aomchad (s15_vatcharaporn.a@vistec.ac.th)] applies 0 allowed 0, ids 16 requested 24 [File=/var/www/html/booking/lib/Application/Attributes/AttributeService.php,Line=294]
2019-04-07T07:38:19+07:00 [10313] DEBUG default - [User=Vatcharaporn Aomchad (s15_vatcharaporn.a@vistec.ac.th)] applies 0 allowed 0, ids 25 requested 24 [File=/var/www/html/booking/lib/Application/Attributes/AttributeService.php,Line=294]
2019-04-07T07:38:19+07:00 [10313] DEBUG default - [User=Vatcharaporn Aomchad (s15_vatcharaporn.a@vistec.ac.th)] applies 0 allowed 0, ids 26 requested 24 [File=/var/www/html/booking/lib/Application/Attributes/AttributeService.php,Line=294]
2019-04-07T07:38:19+07:00 [10313] DEBUG default - [User=Vatcharaporn Aomchad (s15_vatcharaporn.a@vistec.ac.th)] applies 0 allowed 0, ids 29 requested 24 [File=/var/www/html/booking/lib/Application/Attributes/AttributeService.php,Line=294]
2019-04-07T07:38:19+07:00 [10313] DEBUG default - [User=Vatcharaporn Aomchad (s15_vatcharaporn.a@vistec.ac.th)] applies 0 allowed 0, ids 26 requested 24 [File=/var/www/html/booking/lib/Application/Attributes/AttributeService.php,Line=294]
2019-04-07T07:38:19+07:00 [10313] DEBUG default - [User=Vatcharaporn Aomchad (s15_vatcharaporn.a@vistec.ac.th)] applies 0 allowed 0, ids 2 requested 24 [File=/var/www/html/booking/lib/Application/Attributes/AttributeService.php,Line=294]
2019-04-07T07:38:19+07:00 [10313] DEBUG default - [User=Vatcharaporn Aomchad (s15_vatcharaporn.a@vistec.ac.th)] applies 0 allowed 0, ids 15 requested 24 [File=/var/www/html/booking/lib/Application/Attributes/AttributeService.php,Line=294]
2019-04-07T07:38:19+07:00 [10313] DEBUG default - [User=Vatcharaporn Aomchad (s15_vatcharaporn.a@vistec.ac.th)] applies 0 allowed 0, ids 18,27 requested 24 [File=/var/www/html/booking/lib/Application/Attributes/AttributeService.php,Line=294]
2019-04-07T07:38:19+07:00 [10313] DEBUG default - [User=Vatcharaporn Aomchad (s15_vatcharaporn.a@vistec.ac.th)] applies 0 allowed 0, ids 16 requested 24 [File=/var/www/html/booking/lib/Application/Attributes/AttributeService.php,Line=294]
2019-04-07T07:38:19+07:00 [10313] DEBUG default - [User=Vatcharaporn Aomchad (s15_vatcharaporn.a@vistec.ac.th)] applies 0 allowed 0, ids 18 requested 24 [File=/var/www/html/booking/lib/Application/Attributes/AttributeService.php,Line=294]
2019-04-07T07:38:19+07:00 [10313] DEBUG default - [User=Vatcharaporn Aomchad (s15_vatcharaporn.a@vistec.ac.th)] applies 0 allowed 0, ids 26 requested 24 [File=/var/www/html/booking/lib/Application/Attributes/AttributeService.php,Line=294]
2019-04-07T07:38:19+07:00 [10313] DEBUG default - [User=Vatcharaporn Aomchad (s15_vatcharaporn.a@vistec.ac.th)] applies 0 allowed 0, ids 18,2 requested 24 [File=/var/www/html/booking/lib/Application/Attributes/AttributeService.php,Line=294]
2019-04-07T07:38:19+07:00 [10313] DEBUG default - [User=Vatcharaporn Aomchad (s15_vatcharaporn.a@vistec.ac.th)] applies 0 allowed 0, ids 17 requested 24 [File=/var/www/html/booking/lib/Application/Attributes/AttributeService.php,Line=294]
2019-04-07T07:38:19+07:00 [10313] DEBUG default - [User=Vatcharaporn Aomchad (s15_vatcharaporn.a@vistec.ac.th)] applies 0 allowed 0, ids 17 requested 24 [File=/var/www/html/booking/lib/Application/Attributes/AttributeService.php,Line=294]
2019-04-07T07:38:19+07:00 [10313] DEBUG default - [User=Vatcharaporn Aomchad (s15_vatcharaporn.a@vistec.ac.th)] applies 0 allowed 0, ids 26 requested 24 [File=/var/www/html/booking/lib/Application/Attributes/AttributeService.php,Line=294]
2019-04-07T07:38:19+07:00 [10313] DEBUG default - [User=Vatcharaporn Aomchad (s15_vatcharaporn.a@vistec.ac.th)] applies 0 allowed 0, ids 2 requested 24 [File=/var/www/html/booking/lib/Application/Attributes/AttributeService.php,Line=294]
2019-04-07T07:38:19+07:00 [10313] DEBUG default - [User=Vatcharaporn Aomchad (s15_vatcharaporn.a@vistec.ac.th)] applies 0 allowed 0, ids 17 requested 24 [File=/var/www/html/booking/lib/Application/Attributes/AttributeService.php,Line=294]
2019-04-07T07:38:19+07:00 [10313] DEBUG default - [User=Vatcharaporn Aomchad (s15_vatcharaporn.a@vistec.ac.th)] applies 0 allowed 0, ids 16 requested 24 [File=/var/www/html/booking/lib/Application/Attributes/AttributeService.php,Line=294]
2019-04-07T07:38:19+07:00 [10313] DEBUG default - [User=Vatcharaporn Aomchad (s15_vatcharaporn.a@vistec.ac.th)] applies 0 allowed 0, ids 23,26,22,21 requested 24 [File=/var/www/html/booking/lib/Application/Attributes/AttributeService.php,Line=294]
2019-04-07T07:38:19+07:00 [10313] DEBUG default - [User=Vatcharaporn Aomchad (s15_vatcharaporn.a@vistec.ac.th)] applies 0 allowed 0, ids 23,26,22,29,21 requested 24 [File=/var/www/html/booking/lib/Application/Attributes/AttributeService.php,Line=294]
2019-04-07T08:05:38+07:00 [6290] DEBUG default - [User=Vatcharaporn Aomchad (s15_vatcharaporn.a@vistec.ac.th)] applies 0 allowed 0, ids 2 requested 24 [File=/var/www/html/booking/lib/Application/Attributes/AttributeService.php,Line=294]
2019-04-07T08:05:38+07:00 [6290] DEBUG default - [User=Vatcharaporn Aomchad (s15_vatcharaporn.a@vistec.ac.th)] applies 0 allowed 0, ids 17 requested 24 [File=/var/www/html/booking/lib/Application/Attributes/AttributeService.php,Line=294]
2019-04-07T08:05:38+07:00 [6290] DEBUG default - [User=Vatcharaporn Aomchad (s15_vatcharaporn.a@vistec.ac.th)] applies 0 allowed 0, ids 25 requested 24 [File=/var/www/html/booking/lib/Application/Attributes/AttributeService.php,Line=294]
2019-04-07T08:05:38+07:00 [6290] DEBUG default - [User=Vatcharaporn Aomchad (s15_vatcharaporn.a@vistec.ac.th)] applies 0 allowed 0, ids 16 requested 24 [File=/var/www/html/booking/lib/Application/Attributes/AttributeService.php,Line=294]
2019-04-07T08:05:38+07:00 [6290] DEBUG default - [User=Vatcharaporn Aomchad (s15_vatcharaporn.a@vistec.ac.th)] applies 0 allowed 0, ids 25 requested 24 [File=/var/www/html/booking/lib/Application/Attributes/AttributeService.php,Line=294]
2019-04-07T08:05:38+07:00 [6290] DEBUG default - [User=Vatcharaporn Aomchad (s15_vatcharaporn.a@vistec.ac.th)] applies 0 allowed 0, ids 26 requested 24 [File=/var/www/html/booking/lib/Application/Attributes/AttributeService.php,Line=294]
2019-04-07T08:05:38+07:00 [6290] DEBUG default - [User=Vatcharaporn Aomchad (s15_vatcharaporn.a@vistec.ac.th)] applies 0 allowed 0, ids 29 requested 24 [File=/var/www/html/booking/lib/Application/Attributes/AttributeService.php,Line=294]
2019-04-07T08:05:38+07:00 [6290] DEBUG default - [User=Vatcharaporn Aomchad (s15_vatcharaporn.a@vistec.ac.th)] applies 0 allowed 0, ids 26 requested 24 [File=/var/www/html/booking/lib/Application/Attributes/AttributeService.php,Line=294]
2019-04-07T08:05:38+07:00 [6290] DEBUG default - [User=Vatcharaporn Aomchad (s15_vatcharaporn.a@vistec.ac.th)] applies 0 allowed 0, ids 2 requested 24 [File=/var/www/html/booking/lib/Application/Attributes/AttributeService.php,Line=294]
2019-04-07T08:05:38+07:00 [6290] DEBUG default - [User=Vatcharaporn Aomchad (s15_vatcharaporn.a@vistec.ac.th)] applies 0 allowed 0, ids 15 requested 24 [File=/var/www/html/booking/lib/Application/Attributes/AttributeService.php,Line=294]
2019-04-07T08:05:38+07:00 [6290] DEBUG default - [User=Vatcharaporn Aomchad (s15_vatcharaporn.a@vistec.ac.th)] applies 0 allowed 0, ids 18,27 requested 24 [File=/var/www/html/booking/lib/Application/Attributes/AttributeService.php,Line=294]
2019-04-07T08:05:38+07:00 [6290] DEBUG default - [User=Vatcharaporn Aomchad (s15_vatcharaporn.a@vistec.ac.th)] applies 0 allowed 0, ids 16 requested 24 [File=/var/www/html/booking/lib/Application/Attributes/AttributeService.php,Line=294]
2019-04-07T08:05:38+07:00 [6290] DEBUG default - [User=Vatcharaporn Aomchad (s15_vatcharaporn.a@vistec.ac.th)] applies 0 allowed 0, ids 18 requested 24 [File=/var/www/html/booking/lib/Application/Attributes/AttributeService.php,Line=294]
2019-04-07T08:05:38+07:00 [6290] DEBUG default - [User=Vatcharaporn Aomchad (s15_vatcharaporn.a@vistec.ac.th)] applies 0 allowed 0, ids 26 requested 24 [File=/var/www/html/booking/lib/Application/Attributes/AttributeService.php,Line=294]
2019-04-07T08:05:38+07:00 [6290] DEBUG default - [User=Vatcharaporn Aomchad (s15_vatcharaporn.a@vistec.ac.th)] applies 0 allowed 0, ids 18,2 requested 24 [File=/var/www/html/booking/lib/Application/Attributes/AttributeService.php,Line=294]
2019-04-07T08:05:38+07:00 [6290] DEBUG default - [User=Vatcharaporn Aomchad (s15_vatcharaporn.a@vistec.ac.th)] applies 0 allowed 0, ids 17 requested 24 [File=/var/www/html/booking/lib/Application/Attributes/AttributeService.php,Line=294]
2019-04-07T08:05:38+07:00 [6290] DEBUG default - [User=Vatcharaporn Aomchad (s15_vatcharaporn.a@vistec.ac.th)] applies 0 allowed 0, ids 17 requested 24 [File=/var/www/html/booking/lib/Application/Attributes/AttributeService.php,Line=294]
2019-04-07T08:05:38+07:00 [6290] DEBUG default - [User=Vatcharaporn Aomchad (s15_vatcharaporn.a@vistec.ac.th)] applies 0 allowed 0, ids 26 requested 24 [File=/var/www/html/booking/lib/Application/Attributes/AttributeService.php,Line=294]
2019-04-07T08:05:38+07:00 [6290] DEBUG default - [User=Vatcharaporn Aomchad (s15_vatcharaporn.a@vistec.ac.th)] applies 0 allowed 0, ids 2 requested 24 [File=/var/www/html/booking/lib/Application/Attributes/AttributeService.php,Line=294]
2019-04-07T08:05:38+07:00 [6290] DEBUG default - [User=Vatcharaporn Aomchad (s15_vatcharaporn.a@vistec.ac.th)] applies 0 allowed 0, ids 17 requested 24 [File=/var/www/html/booking/lib/Application/Attributes/AttributeService.php,Line=294]
2019-04-07T08:05:38+07:00 [6290] DEBUG default - [User=Vatcharaporn Aomchad (s15_vatcharaporn.a@vistec.ac.th)] applies 0 allowed 0, ids 16 requested 24 [File=/var/www/html/booking/lib/Application/Attributes/AttributeService.php,Line=294]
2019-04-07T08:05:38+07:00 [6290] DEBUG default - [User=Vatcharaporn Aomchad (s15_vatcharaporn.a@vistec.ac.th)] applies 0 allowed 0, ids 23,26,22,21 requested 24 [File=/var/www/html/booking/lib/Application/Attributes/AttributeService.php,Line=294]
2019-04-07T08:05:38+07:00 [6290] DEBUG default - [User=Vatcharaporn Aomchad (s15_vatcharaporn.a@vistec.ac.th)] applies 0 allowed 0, ids 23,26,22,29,21 requested 24 [File=/var/www/html/booking/lib/Application/Attributes/AttributeService.php,Line=294]
2019-04-07T08:50:49+07:00 [23803] DEBUG default - [User=Pattanit Kullawattanapokin (Pattanit77@gmail.com)] Adding custom attribute value for entityId=23, attributeId=29 [File=/var/www/html/booking/lib/Application/Attributes/AttributeList.php,Line=122]
2019-04-07T08:50:49+07:00 [23803] DEBUG default - [User=Pattanit Kullawattanapokin (Pattanit77@gmail.com)] Took 0 seconds to load custom attributes for category 4 [File=/var/www/html/booking/lib/Application/Attributes/AttributeService.php,Line=154]
2019-04-07T08:50:49+07:00 [23803] DEBUG default - [User=Pattanit Kullawattanapokin (Pattanit77@gmail.com)] Found 1 attributes for entityId 23 [File=/var/www/html/booking/lib/Application/Attributes/AttributeList.php,Line=165]
2019-04-07T08:50:49+07:00 [23803] DEBUG default - [User=Pattanit Kullawattanapokin (Pattanit77@gmail.com)] Took 0 seconds to load custom attributes for category 5 [File=/var/www/html/booking/lib/Application/Attributes/AttributeService.php,Line=154]
2019-04-07T08:50:49+07:00 [23803] DEBUG default - [User=Pattanit Kullawattanapokin (Pattanit77@gmail.com)] Found 0 attributes for entityId 2 [File=/var/www/html/booking/lib/Application/Attributes/AttributeList.php,Line=165]
2019-04-07T08:51:35+07:00 [6290] DEBUG default - [User=Pattanit Kullawattanapokin (Pattanit77@gmail.com)] Adding custom attribute value for entityId=12, attributeId=29 [File=/var/www/html/booking/lib/Application/Attributes/AttributeList.php,Line=122]
2019-04-07T08:51:35+07:00 [6290] DEBUG default - [User=Pattanit Kullawattanapokin (Pattanit77@gmail.com)] Took 0 seconds to load custom attributes for category 4 [File=/var/www/html/booking/lib/Application/Attributes/AttributeService.php,Line=154]
2019-04-07T08:51:35+07:00 [6290] DEBUG default - [User=Pattanit Kullawattanapokin (Pattanit77@gmail.com)] Found 1 attributes for entityId 12 [File=/var/www/html/booking/lib/Application/Attributes/AttributeList.php,Line=165]
2019-04-07T08:51:35+07:00 [6290] DEBUG default - [User=Pattanit Kullawattanapokin (Pattanit77@gmail.com)] Took 0 seconds to load custom attributes for category 5 [File=/var/www/html/booking/lib/Application/Attributes/AttributeService.php,Line=154]
2019-04-07T08:51:35+07:00 [6290] DEBUG default - [User=Pattanit Kullawattanapokin (Pattanit77@gmail.com)] Found 0 attributes for entityId 5 [File=/var/www/html/booking/lib/Application/Attributes/AttributeList.php,Line=165]
2019-04-07T08:51:55+07:00 [10313] DEBUG default - [User=Pattanit Kullawattanapokin (Pattanit77@gmail.com)] Adding custom attribute value for entityId=21, attributeId=29 [File=/var/www/html/booking/lib/Application/Attributes/AttributeList.php,Line=122]
2019-04-07T08:51:55+07:00 [10313] DEBUG default - [User=Pattanit Kullawattanapokin (Pattanit77@gmail.com)] Took 0 seconds to load custom attributes for category 4 [File=/var/www/html/booking/lib/Application/Attributes/AttributeService.php,Line=154]
2019-04-07T08:51:55+07:00 [10313] DEBUG default - [User=Pattanit Kullawattanapokin (Pattanit77@gmail.com)] Found 1 attributes for entityId 21 [File=/var/www/html/booking/lib/Application/Attributes/AttributeList.php,Line=165]
2019-04-07T08:51:55+07:00 [10313] DEBUG default - [User=Pattanit Kullawattanapokin (Pattanit77@gmail.com)] Took 0 seconds to load custom attributes for category 5 [File=/var/www/html/booking/lib/Application/Attributes/AttributeService.php,Line=154]
2019-04-07T08:51:55+07:00 [10313] DEBUG default - [User=Pattanit Kullawattanapokin (Pattanit77@gmail.com)] Found 0 attributes for entityId 5 [File=/var/www/html/booking/lib/Application/Attributes/AttributeList.php,Line=165]
2019-04-07T08:51:57+07:00 [23803] DEBUG default - [User=Pattanit Kullawattanapokin (Pattanit77@gmail.com)] applies 0 allowed 0, ids 2 requested 21 [File=/var/www/html/booking/lib/Application/Attributes/AttributeService.php,Line=294]
2019-04-07T08:51:57+07:00 [23803] DEBUG default - [User=Pattanit Kullawattanapokin (Pattanit77@gmail.com)] applies 0 allowed 0, ids 17 requested 21 [File=/var/www/html/booking/lib/Application/Attributes/AttributeService.php,Line=294]
2019-04-07T08:51:57+07:00 [23803] DEBUG default - [User=Pattanit Kullawattanapokin (Pattanit77@gmail.com)] applies 0 allowed 0, ids 25 requested 21 [File=/var/www/html/booking/lib/Application/Attributes/AttributeService.php,Line=294]
2019-04-07T08:51:57+07:00 [23803] DEBUG default - [User=Pattanit Kullawattanapokin (Pattanit77@gmail.com)] applies 0 allowed 0, ids 16 requested 21 [File=/var/www/html/booking/lib/Application/Attributes/AttributeService.php,Line=294]
2019-04-07T08:51:57+07:00 [23803] DEBUG default - [User=Pattanit Kullawattanapokin (Pattanit77@gmail.com)] applies 0 allowed 0, ids 25 requested 21 [File=/var/www/html/booking/lib/Application/Attributes/AttributeService.php,Line=294]
2019-04-07T08:51:57+07:00 [23803] DEBUG default - [User=Pattanit Kullawattanapokin (Pattanit77@gmail.com)] applies 0 allowed 0, ids 26 requested 21 [File=/var/www/html/booking/lib/Application/Attributes/AttributeService.php,Line=294]
2019-04-07T08:51:57+07:00 [23803] DEBUG default - [User=Pattanit Kullawattanapokin (Pattanit77@gmail.com)] applies 0 allowed 0, ids 29 requested 21 [File=/var/www/html/booking/lib/Application/Attributes/AttributeService.php,Line=294]
2019-04-07T08:51:57+07:00 [23803] DEBUG default - [User=Pattanit Kullawattanapokin (Pattanit77@gmail.com)] applies 0 allowed 0, ids 26 requested 21 [File=/var/www/html/booking/lib/Application/Attributes/AttributeService.php,Line=294]
2019-04-07T08:51:57+07:00 [23803] DEBUG default - [User=Pattanit Kullawattanapokin (Pattanit77@gmail.com)] applies 0 allowed 0, ids 2 requested 21 [File=/var/www/html/booking/lib/Application/Attributes/AttributeService.php,Line=294]
2019-04-07T08:51:57+07:00 [23803] DEBUG default - [User=Pattanit Kullawattanapokin (Pattanit77@gmail.com)] applies 0 allowed 0, ids 15 requested 21 [File=/var/www/html/booking/lib/Application/Attributes/AttributeService.php,Line=294]
2019-04-07T08:51:57+07:00 [23803] DEBUG default - [User=Pattanit Kullawattanapokin (Pattanit77@gmail.com)] applies 0 allowed 0, ids 18,27 requested 21 [File=/var/www/html/booking/lib/Application/Attributes/AttributeService.php,Line=294]
2019-04-07T08:51:57+07:00 [23803] DEBUG default - [User=Pattanit Kullawattanapokin (Pattanit77@gmail.com)] applies 0 allowed 0, ids 16 requested 21 [File=/var/www/html/booking/lib/Application/Attributes/AttributeService.php,Line=294]
2019-04-07T08:51:57+07:00 [23803] DEBUG default - [User=Pattanit Kullawattanapokin (Pattanit77@gmail.com)] applies 0 allowed 0, ids 18 requested 21 [File=/var/www/html/booking/lib/Application/Attributes/AttributeService.php,Line=294]
2019-04-07T08:51:57+07:00 [23803] DEBUG default - [User=Pattanit Kullawattanapokin (Pattanit77@gmail.com)] applies 0 allowed 0, ids 26 requested 21 [File=/var/www/html/booking/lib/Application/Attributes/AttributeService.php,Line=294]
2019-04-07T08:51:57+07:00 [23803] DEBUG default - [User=Pattanit Kullawattanapokin (Pattanit77@gmail.com)] applies 0 allowed 0, ids 18,2 requested 21 [File=/var/www/html/booking/lib/Application/Attributes/AttributeService.php,Line=294]
2019-04-07T08:51:57+07:00 [23803] DEBUG default - [User=Pattanit Kullawattanapokin (Pattanit77@gmail.com)] applies 0 allowed 0, ids 17 requested 21 [File=/var/www/html/booking/lib/Application/Attributes/AttributeService.php,Line=294]
2019-04-07T08:51:57+07:00 [23803] DEBUG default - [User=Pattanit Kullawattanapokin (Pattanit77@gmail.com)] applies 0 allowed 0, ids 17 requested 21 [File=/var/www/html/booking/lib/Application/Attributes/AttributeService.php,Line=294]
2019-04-07T08:51:57+07:00 [23803] DEBUG default - [User=Pattanit Kullawattanapokin (Pattanit77@gmail.com)] applies 0 allowed 0, ids 26 requested 21 [File=/var/www/html/booking/lib/Application/Attributes/AttributeService.php,Line=294]
2019-04-07T08:51:57+07:00 [23803] DEBUG default - [User=Pattanit Kullawattanapokin (Pattanit77@gmail.com)] applies 0 allowed 0, ids 2 requested 21 [File=/var/www/html/booking/lib/Application/Attributes/AttributeService.php,Line=294]
2019-04-07T08:51:57+07:00 [23803] DEBUG default - [User=Pattanit Kullawattanapokin (Pattanit77@gmail.com)] applies 0 allowed 0, ids 17 requested 21 [File=/var/www/html/booking/lib/Application/Attributes/AttributeService.php,Line=294]
2019-04-07T08:51:57+07:00 [23803] DEBUG default - [User=Pattanit Kullawattanapokin (Pattanit77@gmail.com)] applies 0 allowed 0, ids 16 requested 21 [File=/var/www/html/booking/lib/Application/Attributes/AttributeService.php,Line=294]
2019-04-07T08:51:57+07:00 [23803] DEBUG default - [User=Pattanit Kullawattanapokin (Pattanit77@gmail.com)] applies 1 allowed 1, ids 23,26,22,21 requested 21 [File=/var/www/html/booking/lib/Application/Attributes/AttributeService.php,Line=294]
2019-04-07T08:51:57+07:00 [23803] DEBUG default - [User=Pattanit Kullawattanapokin (Pattanit77@gmail.com)] applies 1 allowed 1, ids 23,26,22,29,21 requested 21 [File=/var/www/html/booking/lib/Application/Attributes/AttributeService.php,Line=294]
2019-04-07T09:41:08+07:00 [23803] DEBUG default - [User=Salatan Duangdangchote (Salatan.d_s17@vistec.ac.th)] applies 0 allowed 0, ids 2 requested  [File=/var/www/html/booking/lib/Application/Attributes/AttributeService.php,Line=294]
2019-04-07T09:41:08+07:00 [23803] DEBUG default - [User=Salatan Duangdangchote (Salatan.d_s17@vistec.ac.th)] applies 0 allowed 0, ids 17 requested  [File=/var/www/html/booking/lib/Application/Attributes/AttributeService.php,Line=294]
2019-04-07T09:41:08+07:00 [23803] DEBUG default - [User=Salatan Duangdangchote (Salatan.d_s17@vistec.ac.th)] applies 0 allowed 0, ids 25 requested  [File=/var/www/html/booking/lib/Application/Attributes/AttributeService.php,Line=294]
2019-04-07T09:41:08+07:00 [23803] DEBUG default - [User=Salatan Duangdangchote (Salatan.d_s17@vistec.ac.th)] applies 0 allowed 0, ids 16 requested  [File=/var/www/html/booking/lib/Application/Attributes/AttributeService.php,Line=294]
2019-04-07T09:41:08+07:00 [23803] DEBUG default - [User=Salatan Duangdangchote (Salatan.d_s17@vistec.ac.th)] applies 0 allowed 0, ids 25 requested  [File=/var/www/html/booking/lib/Application/Attributes/AttributeService.php,Line=294]
2019-04-07T09:41:08+07:00 [23803] DEBUG default - [User=Salatan Duangdangchote (Salatan.d_s17@vistec.ac.th)] applies 0 allowed 0, ids 26 requested  [File=/var/www/html/booking/lib/Application/Attributes/AttributeService.php,Line=294]
2019-04-07T09:41:08+07:00 [23803] DEBUG default - [User=Salatan Duangdangchote (Salatan.d_s17@vistec.ac.th)] applies 0 allowed 0, ids 29 requested  [File=/var/www/html/booking/lib/Application/Attributes/AttributeService.php,Line=294]
2019-04-07T09:41:08+07:00 [23803] DEBUG default - [User=Salatan Duangdangchote (Salatan.d_s17@vistec.ac.th)] applies 0 allowed 0, ids 26 requested  [File=/var/www/html/booking/lib/Application/Attributes/AttributeService.php,Line=294]
2019-04-07T09:41:08+07:00 [23803] DEBUG default - [User=Salatan Duangdangchote (Salatan.d_s17@vistec.ac.th)] applies 0 allowed 0, ids 2 requested  [File=/var/www/html/booking/lib/Application/Attributes/AttributeService.php,Line=294]
2019-04-07T09:41:08+07:00 [23803] DEBUG default - [User=Salatan Duangdangchote (Salatan.d_s17@vistec.ac.th)] applies 0 allowed 0, ids 15 requested  [File=/var/www/html/booking/lib/Application/Attributes/AttributeService.php,Line=294]
2019-04-07T09:41:08+07:00 [23803] DEBUG default - [User=Salatan Duangdangchote (Salatan.d_s17@vistec.ac.th)] applies 0 allowed 0, ids 18,27 requested  [File=/var/www/html/booking/lib/Application/Attributes/AttributeService.php,Line=294]
2019-04-07T09:41:08+07:00 [23803] DEBUG default - [User=Salatan Duangdangchote (Salatan.d_s17@vistec.ac.th)] applies 0 allowed 0, ids 16 requested  [File=/var/www/html/booking/lib/Application/Attributes/AttributeService.php,Line=294]
2019-04-07T09:41:08+07:00 [23803] DEBUG default - [User=Salatan Duangdangchote (Salatan.d_s17@vistec.ac.th)] applies 0 allowed 0, ids 18 requested  [File=/var/www/html/booking/lib/Application/Attributes/AttributeService.php,Line=294]
2019-04-07T09:41:08+07:00 [23803] DEBUG default - [User=Salatan Duangdangchote (Salatan.d_s17@vistec.ac.th)] applies 0 allowed 0, ids 26 requested  [File=/var/www/html/booking/lib/Application/Attributes/AttributeService.php,Line=294]
2019-04-07T09:41:08+07:00 [23803] DEBUG default - [User=Salatan Duangdangchote (Salatan.d_s17@vistec.ac.th)] applies 0 allowed 0, ids 18,2 requested  [File=/var/www/html/booking/lib/Application/Attributes/AttributeService.php,Line=294]
2019-04-07T09:41:08+07:00 [23803] DEBUG default - [User=Salatan Duangdangchote (Salatan.d_s17@vistec.ac.th)] applies 0 allowed 0, ids 17 requested  [File=/var/www/html/booking/lib/Application/Attributes/AttributeService.php,Line=294]
2019-04-07T09:41:08+07:00 [23803] DEBUG default - [User=Salatan Duangdangchote (Salatan.d_s17@vistec.ac.th)] applies 0 allowed 0, ids 17 requested  [File=/var/www/html/booking/lib/Application/Attributes/AttributeService.php,Line=294]
2019-04-07T09:41:08+07:00 [23803] DEBUG default - [User=Salatan Duangdangchote (Salatan.d_s17@vistec.ac.th)] applies 0 allowed 0, ids 26 requested  [File=/var/www/html/booking/lib/Application/Attributes/AttributeService.php,Line=294]
2019-04-07T09:41:08+07:00 [23803] DEBUG default - [User=Salatan Duangdangchote (Salatan.d_s17@vistec.ac.th)] applies 0 allowed 0, ids 2 requested  [File=/var/www/html/booking/lib/Application/Attributes/AttributeService.php,Line=294]
2019-04-07T09:41:08+07:00 [23803] DEBUG default - [User=Salatan Duangdangchote (Salatan.d_s17@vistec.ac.th)] applies 0 allowed 0, ids 17 requested  [File=/var/www/html/booking/lib/Application/Attributes/AttributeService.php,Line=294]
2019-04-07T09:41:08+07:00 [23803] DEBUG default - [User=Salatan Duangdangchote (Salatan.d_s17@vistec.ac.th)] applies 0 allowed 0, ids 16 requested  [File=/var/www/html/booking/lib/Application/Attributes/AttributeService.php,Line=294]
2019-04-07T09:41:08+07:00 [23803] DEBUG default - [User=Salatan Duangdangchote (Salatan.d_s17@vistec.ac.th)] applies 0 allowed 0, ids 23,26,22,21 requested  [File=/var/www/html/booking/lib/Application/Attributes/AttributeService.php,Line=294]
2019-04-07T09:41:08+07:00 [23803] DEBUG default - [User=Salatan Duangdangchote (Salatan.d_s17@vistec.ac.th)] applies 0 allowed 0, ids 23,26,22,29,21 requested  [File=/var/www/html/booking/lib/Application/Attributes/AttributeService.php,Line=294]
2019-04-07T21:35:35+07:00 [23803] DEBUG default - [User=Salatan Duangdangchote (Salatan.d_s17@vistec.ac.th)] Adding custom attribute value for entityId=13, attributeId=29 [File=/var/www/html/booking/lib/Application/Attributes/AttributeList.php,Line=122]
2019-04-07T21:35:35+07:00 [23803] DEBUG default - [User=Salatan Duangdangchote (Salatan.d_s17@vistec.ac.th)] Took 0 seconds to load custom attributes for category 4 [File=/var/www/html/booking/lib/Application/Attributes/AttributeService.php,Line=154]
2019-04-07T21:35:35+07:00 [23803] DEBUG default - [User=Salatan Duangdangchote (Salatan.d_s17@vistec.ac.th)] Found 1 attributes for entityId 13 [File=/var/www/html/booking/lib/Application/Attributes/AttributeList.php,Line=165]
2019-04-07T21:35:35+07:00 [23803] DEBUG default - [User=Salatan Duangdangchote (Salatan.d_s17@vistec.ac.th)] Took 0 seconds to load custom attributes for category 5 [File=/var/www/html/booking/lib/Application/Attributes/AttributeService.php,Line=154]
2019-04-07T21:35:35+07:00 [23803] DEBUG default - [User=Salatan Duangdangchote (Salatan.d_s17@vistec.ac.th)] Found 0 attributes for entityId 4 [File=/var/www/html/booking/lib/Application/Attributes/AttributeList.php,Line=165]
2019-04-07T21:35:37+07:00 [10313] DEBUG default - [User=Salatan Duangdangchote (Salatan.d_s17@vistec.ac.th)] Adding custom attribute value for entityId=19, attributeId=29 [File=/var/www/html/booking/lib/Application/Attributes/AttributeList.php,Line=122]
2019-04-07T21:35:37+07:00 [10313] DEBUG default - [User=Salatan Duangdangchote (Salatan.d_s17@vistec.ac.th)] Took 0 seconds to load custom attributes for category 4 [File=/var/www/html/booking/lib/Application/Attributes/AttributeService.php,Line=154]
2019-04-07T21:35:37+07:00 [10313] DEBUG default - [User=Salatan Duangdangchote (Salatan.d_s17@vistec.ac.th)] Found 1 attributes for entityId 19 [File=/var/www/html/booking/lib/Application/Attributes/AttributeList.php,Line=165]
2019-04-07T21:35:37+07:00 [10313] DEBUG default - [User=Salatan Duangdangchote (Salatan.d_s17@vistec.ac.th)] Took 0 seconds to load custom attributes for category 5 [File=/var/www/html/booking/lib/Application/Attributes/AttributeService.php,Line=154]
2019-04-07T21:35:37+07:00 [10313] DEBUG default - [User=Salatan Duangdangchote (Salatan.d_s17@vistec.ac.th)] Found 0 attributes for entityId 1 [File=/var/www/html/booking/lib/Application/Attributes/AttributeList.php,Line=165]
2019-04-07T23:06:19+07:00 [23803] DEBUG default - [User=Salatan Duangdangchote (Salatan.d_s17@vistec.ac.th)] Adding custom attribute value for entityId=19, attributeId=29 [File=/var/www/html/booking/lib/Application/Attributes/AttributeList.php,Line=122]
2019-04-07T23:06:19+07:00 [23803] DEBUG default - [User=Salatan Duangdangchote (Salatan.d_s17@vistec.ac.th)] Took 0 seconds to load custom attributes for category 4 [File=/var/www/html/booking/lib/Application/Attributes/AttributeService.php,Line=154]
2019-04-07T23:06:19+07:00 [23803] DEBUG default - [User=Salatan Duangdangchote (Salatan.d_s17@vistec.ac.th)] Found 1 attributes for entityId 19 [File=/var/www/html/booking/lib/Application/Attributes/AttributeList.php,Line=165]
2019-04-07T23:06:19+07:00 [23803] DEBUG default - [User=Salatan Duangdangchote (Salatan.d_s17@vistec.ac.th)] Took 0 seconds to load custom attributes for category 5 [File=/var/www/html/booking/lib/Application/Attributes/AttributeService.php,Line=154]
2019-04-07T23:06:19+07:00 [23803] DEBUG default - [User=Salatan Duangdangchote (Salatan.d_s17@vistec.ac.th)] Found 0 attributes for entityId 1 [File=/var/www/html/booking/lib/Application/Attributes/AttributeList.php,Line=165]
