2019-03-17T09:34:27+07:00 [7859] DEBUG default - [User=Panyapat Ponchai (1630407@vistec.ac.th)] applies 0 allowed 1, ids 2 requested 19 [File=/var/www/html/booking/lib/Application/Attributes/AttributeService.php,Line=294]
2019-03-17T09:34:27+07:00 [7859] DEBUG default - [User=Panyapat Ponchai (1630407@vistec.ac.th)] applies 0 allowed 0, ids 18 requested 19 [File=/var/www/html/booking/lib/Application/Attributes/AttributeService.php,Line=294]
2019-03-17T09:34:27+07:00 [7859] DEBUG default - [User=Panyapat Ponchai (1630407@vistec.ac.th)] applies 0 allowed 0, ids 25 requested 19 [File=/var/www/html/booking/lib/Application/Attributes/AttributeService.php,Line=294]
2019-03-17T09:34:27+07:00 [7859] DEBUG default - [User=Panyapat Ponchai (1630407@vistec.ac.th)] applies 0 allowed 0, ids 16 requested 19 [File=/var/www/html/booking/lib/Application/Attributes/AttributeService.php,Line=294]
2019-03-17T09:34:27+07:00 [7859] DEBUG default - [User=Panyapat Ponchai (1630407@vistec.ac.th)] applies 0 allowed 0, ids 25 requested 19 [File=/var/www/html/booking/lib/Application/Attributes/AttributeService.php,Line=294]
2019-03-17T09:34:27+07:00 [7859] DEBUG default - [User=Panyapat Ponchai (1630407@vistec.ac.th)] applies 0 allowed 0, ids 29 requested 19 [File=/var/www/html/booking/lib/Application/Attributes/AttributeService.php,Line=294]
2019-03-17T09:34:27+07:00 [7859] DEBUG default - [User=Panyapat Ponchai (1630407@vistec.ac.th)] applies 0 allowed 1, ids 2 requested 19 [File=/var/www/html/booking/lib/Application/Attributes/AttributeService.php,Line=294]
2019-03-17T09:34:27+07:00 [7859] DEBUG default - [User=Panyapat Ponchai (1630407@vistec.ac.th)] applies 0 allowed 0, ids 18 requested 19 [File=/var/www/html/booking/lib/Application/Attributes/AttributeService.php,Line=294]
2019-03-17T09:34:27+07:00 [7859] DEBUG default - [User=Panyapat Ponchai (1630407@vistec.ac.th)] applies 0 allowed 0, ids 26 requested 19 [File=/var/www/html/booking/lib/Application/Attributes/AttributeService.php,Line=294]
2019-03-17T09:34:27+07:00 [7859] DEBUG default - [User=Panyapat Ponchai (1630407@vistec.ac.th)] applies 0 allowed 1, ids 15 requested 19 [File=/var/www/html/booking/lib/Application/Attributes/AttributeService.php,Line=294]
2019-03-17T09:34:27+07:00 [7859] DEBUG default - [User=Panyapat Ponchai (1630407@vistec.ac.th)] applies 0 allowed 0, ids 23,26,22,21 requested 19 [File=/var/www/html/booking/lib/Application/Attributes/AttributeService.php,Line=294]
2019-03-17T09:34:27+07:00 [7859] DEBUG default - [User=Panyapat Ponchai (1630407@vistec.ac.th)] applies 0 allowed 0, ids 23,26,22,29,21 requested 19 [File=/var/www/html/booking/lib/Application/Attributes/AttributeService.php,Line=294]
2019-03-17T09:34:27+07:00 [7859] DEBUG default - [User=Panyapat Ponchai (1630407@vistec.ac.th)] applies 0 allowed 1, ids 18,2 requested 19 [File=/var/www/html/booking/lib/Application/Attributes/AttributeService.php,Line=294]
2019-03-17T09:36:20+07:00 [7854] DEBUG default - [User=Panyapat Ponchai (1630407@vistec.ac.th)] applies 0 allowed 1, ids 2 requested 19 [File=/var/www/html/booking/lib/Application/Attributes/AttributeService.php,Line=294]
2019-03-17T09:36:20+07:00 [7854] DEBUG default - [User=Panyapat Ponchai (1630407@vistec.ac.th)] applies 0 allowed 0, ids 18 requested 19 [File=/var/www/html/booking/lib/Application/Attributes/AttributeService.php,Line=294]
2019-03-17T09:36:20+07:00 [7854] DEBUG default - [User=Panyapat Ponchai (1630407@vistec.ac.th)] applies 0 allowed 0, ids 25 requested 19 [File=/var/www/html/booking/lib/Application/Attributes/AttributeService.php,Line=294]
2019-03-17T09:36:20+07:00 [7854] DEBUG default - [User=Panyapat Ponchai (1630407@vistec.ac.th)] applies 0 allowed 0, ids 16 requested 19 [File=/var/www/html/booking/lib/Application/Attributes/AttributeService.php,Line=294]
2019-03-17T09:36:20+07:00 [7854] DEBUG default - [User=Panyapat Ponchai (1630407@vistec.ac.th)] applies 0 allowed 0, ids 25 requested 19 [File=/var/www/html/booking/lib/Application/Attributes/AttributeService.php,Line=294]
2019-03-17T09:36:20+07:00 [7854] DEBUG default - [User=Panyapat Ponchai (1630407@vistec.ac.th)] applies 0 allowed 0, ids 29 requested 19 [File=/var/www/html/booking/lib/Application/Attributes/AttributeService.php,Line=294]
2019-03-17T09:36:20+07:00 [7854] DEBUG default - [User=Panyapat Ponchai (1630407@vistec.ac.th)] applies 0 allowed 1, ids 2 requested 19 [File=/var/www/html/booking/lib/Application/Attributes/AttributeService.php,Line=294]
2019-03-17T09:36:20+07:00 [7854] DEBUG default - [User=Panyapat Ponchai (1630407@vistec.ac.th)] applies 0 allowed 0, ids 18 requested 19 [File=/var/www/html/booking/lib/Application/Attributes/AttributeService.php,Line=294]
2019-03-17T09:36:20+07:00 [7854] DEBUG default - [User=Panyapat Ponchai (1630407@vistec.ac.th)] applies 0 allowed 0, ids 26 requested 19 [File=/var/www/html/booking/lib/Application/Attributes/AttributeService.php,Line=294]
2019-03-17T09:36:20+07:00 [7854] DEBUG default - [User=Panyapat Ponchai (1630407@vistec.ac.th)] applies 0 allowed 1, ids 15 requested 19 [File=/var/www/html/booking/lib/Application/Attributes/AttributeService.php,Line=294]
2019-03-17T09:36:20+07:00 [7854] DEBUG default - [User=Panyapat Ponchai (1630407@vistec.ac.th)] applies 0 allowed 0, ids 23,26,22,21 requested 19 [File=/var/www/html/booking/lib/Application/Attributes/AttributeService.php,Line=294]
2019-03-17T09:36:20+07:00 [7854] DEBUG default - [User=Panyapat Ponchai (1630407@vistec.ac.th)] applies 0 allowed 0, ids 23,26,22,29,21 requested 19 [File=/var/www/html/booking/lib/Application/Attributes/AttributeService.php,Line=294]
2019-03-17T09:36:20+07:00 [7854] DEBUG default - [User=Panyapat Ponchai (1630407@vistec.ac.th)] applies 0 allowed 1, ids 18,2 requested 19 [File=/var/www/html/booking/lib/Application/Attributes/AttributeService.php,Line=294]
2019-03-17T09:36:37+07:00 [7859] DEBUG default - [User=Panyapat Ponchai (1630407@vistec.ac.th)] applies 0 allowed 1, ids 2 requested 19 [File=/var/www/html/booking/lib/Application/Attributes/AttributeService.php,Line=294]
2019-03-17T09:36:37+07:00 [7859] DEBUG default - [User=Panyapat Ponchai (1630407@vistec.ac.th)] applies 0 allowed 0, ids 18 requested 19 [File=/var/www/html/booking/lib/Application/Attributes/AttributeService.php,Line=294]
2019-03-17T09:36:37+07:00 [7859] DEBUG default - [User=Panyapat Ponchai (1630407@vistec.ac.th)] applies 0 allowed 0, ids 25 requested 19 [File=/var/www/html/booking/lib/Application/Attributes/AttributeService.php,Line=294]
2019-03-17T09:36:37+07:00 [7859] DEBUG default - [User=Panyapat Ponchai (1630407@vistec.ac.th)] applies 0 allowed 0, ids 16 requested 19 [File=/var/www/html/booking/lib/Application/Attributes/AttributeService.php,Line=294]
2019-03-17T09:36:37+07:00 [7859] DEBUG default - [User=Panyapat Ponchai (1630407@vistec.ac.th)] applies 0 allowed 0, ids 25 requested 19 [File=/var/www/html/booking/lib/Application/Attributes/AttributeService.php,Line=294]
2019-03-17T09:36:37+07:00 [7859] DEBUG default - [User=Panyapat Ponchai (1630407@vistec.ac.th)] applies 0 allowed 0, ids 29 requested 19 [File=/var/www/html/booking/lib/Application/Attributes/AttributeService.php,Line=294]
2019-03-17T09:36:37+07:00 [7859] DEBUG default - [User=Panyapat Ponchai (1630407@vistec.ac.th)] applies 0 allowed 1, ids 2 requested 19 [File=/var/www/html/booking/lib/Application/Attributes/AttributeService.php,Line=294]
2019-03-17T09:36:37+07:00 [7859] DEBUG default - [User=Panyapat Ponchai (1630407@vistec.ac.th)] applies 0 allowed 0, ids 18 requested 19 [File=/var/www/html/booking/lib/Application/Attributes/AttributeService.php,Line=294]
2019-03-17T09:36:37+07:00 [7859] DEBUG default - [User=Panyapat Ponchai (1630407@vistec.ac.th)] applies 0 allowed 0, ids 26 requested 19 [File=/var/www/html/booking/lib/Application/Attributes/AttributeService.php,Line=294]
2019-03-17T09:36:37+07:00 [7859] DEBUG default - [User=Panyapat Ponchai (1630407@vistec.ac.th)] applies 0 allowed 1, ids 15 requested 19 [File=/var/www/html/booking/lib/Application/Attributes/AttributeService.php,Line=294]
2019-03-17T09:36:37+07:00 [7859] DEBUG default - [User=Panyapat Ponchai (1630407@vistec.ac.th)] applies 0 allowed 0, ids 23,26,22,21 requested 19 [File=/var/www/html/booking/lib/Application/Attributes/AttributeService.php,Line=294]
2019-03-17T09:36:37+07:00 [7859] DEBUG default - [User=Panyapat Ponchai (1630407@vistec.ac.th)] applies 0 allowed 0, ids 23,26,22,29,21 requested 19 [File=/var/www/html/booking/lib/Application/Attributes/AttributeService.php,Line=294]
2019-03-17T09:36:37+07:00 [7859] DEBUG default - [User=Panyapat Ponchai (1630407@vistec.ac.th)] applies 0 allowed 1, ids 18,2 requested 19 [File=/var/www/html/booking/lib/Application/Attributes/AttributeService.php,Line=294]
2019-03-17T09:36:50+07:00 [5873] DEBUG default - [User=Panyapat Ponchai (1630407@vistec.ac.th)] applies 1 allowed 1, ids 2 requested 2 [File=/var/www/html/booking/lib/Application/Attributes/AttributeService.php,Line=294]
2019-03-17T09:36:50+07:00 [5873] DEBUG default - [User=Panyapat Ponchai (1630407@vistec.ac.th)] applies 0 allowed 0, ids 18 requested 2 [File=/var/www/html/booking/lib/Application/Attributes/AttributeService.php,Line=294]
2019-03-17T09:36:50+07:00 [5873] DEBUG default - [User=Panyapat Ponchai (1630407@vistec.ac.th)] applies 0 allowed 0, ids 25 requested 2 [File=/var/www/html/booking/lib/Application/Attributes/AttributeService.php,Line=294]
2019-03-17T09:36:50+07:00 [5873] DEBUG default - [User=Panyapat Ponchai (1630407@vistec.ac.th)] applies 0 allowed 0, ids 16 requested 2 [File=/var/www/html/booking/lib/Application/Attributes/AttributeService.php,Line=294]
2019-03-17T09:36:50+07:00 [5873] DEBUG default - [User=Panyapat Ponchai (1630407@vistec.ac.th)] applies 0 allowed 0, ids 25 requested 2 [File=/var/www/html/booking/lib/Application/Attributes/AttributeService.php,Line=294]
2019-03-17T09:36:50+07:00 [5873] DEBUG default - [User=Panyapat Ponchai (1630407@vistec.ac.th)] applies 0 allowed 0, ids 29 requested 2 [File=/var/www/html/booking/lib/Application/Attributes/AttributeService.php,Line=294]
2019-03-17T09:36:50+07:00 [5873] DEBUG default - [User=Panyapat Ponchai (1630407@vistec.ac.th)] applies 1 allowed 1, ids 2 requested 2 [File=/var/www/html/booking/lib/Application/Attributes/AttributeService.php,Line=294]
2019-03-17T09:36:50+07:00 [5873] DEBUG default - [User=Panyapat Ponchai (1630407@vistec.ac.th)] applies 0 allowed 0, ids 18 requested 2 [File=/var/www/html/booking/lib/Application/Attributes/AttributeService.php,Line=294]
2019-03-17T09:36:50+07:00 [5873] DEBUG default - [User=Panyapat Ponchai (1630407@vistec.ac.th)] applies 0 allowed 0, ids 26 requested 2 [File=/var/www/html/booking/lib/Application/Attributes/AttributeService.php,Line=294]
2019-03-17T09:36:50+07:00 [5873] DEBUG default - [User=Panyapat Ponchai (1630407@vistec.ac.th)] applies 0 allowed 1, ids 15 requested 2 [File=/var/www/html/booking/lib/Application/Attributes/AttributeService.php,Line=294]
2019-03-17T09:36:50+07:00 [5873] DEBUG default - [User=Panyapat Ponchai (1630407@vistec.ac.th)] applies 0 allowed 0, ids 23,26,22,21 requested 2 [File=/var/www/html/booking/lib/Application/Attributes/AttributeService.php,Line=294]
2019-03-17T09:36:50+07:00 [5873] DEBUG default - [User=Panyapat Ponchai (1630407@vistec.ac.th)] applies 0 allowed 0, ids 23,26,22,29,21 requested 2 [File=/var/www/html/booking/lib/Application/Attributes/AttributeService.php,Line=294]
2019-03-17T09:36:50+07:00 [5873] DEBUG default - [User=Panyapat Ponchai (1630407@vistec.ac.th)] applies 1 allowed 1, ids 18,2 requested 2 [File=/var/www/html/booking/lib/Application/Attributes/AttributeService.php,Line=294]
2019-03-17T09:37:05+07:00 [7854] DEBUG default - [User=Panyapat Ponchai (1630407@vistec.ac.th)] applies 0 allowed 1, ids 2 requested 19 [File=/var/www/html/booking/lib/Application/Attributes/AttributeService.php,Line=294]
2019-03-17T09:37:05+07:00 [7854] DEBUG default - [User=Panyapat Ponchai (1630407@vistec.ac.th)] applies 0 allowed 0, ids 18 requested 19 [File=/var/www/html/booking/lib/Application/Attributes/AttributeService.php,Line=294]
2019-03-17T09:37:05+07:00 [7854] DEBUG default - [User=Panyapat Ponchai (1630407@vistec.ac.th)] applies 0 allowed 0, ids 25 requested 19 [File=/var/www/html/booking/lib/Application/Attributes/AttributeService.php,Line=294]
2019-03-17T09:37:05+07:00 [7854] DEBUG default - [User=Panyapat Ponchai (1630407@vistec.ac.th)] applies 0 allowed 0, ids 16 requested 19 [File=/var/www/html/booking/lib/Application/Attributes/AttributeService.php,Line=294]
2019-03-17T09:37:05+07:00 [7854] DEBUG default - [User=Panyapat Ponchai (1630407@vistec.ac.th)] applies 0 allowed 0, ids 25 requested 19 [File=/var/www/html/booking/lib/Application/Attributes/AttributeService.php,Line=294]
2019-03-17T09:37:05+07:00 [7854] DEBUG default - [User=Panyapat Ponchai (1630407@vistec.ac.th)] applies 0 allowed 0, ids 29 requested 19 [File=/var/www/html/booking/lib/Application/Attributes/AttributeService.php,Line=294]
2019-03-17T09:37:05+07:00 [7854] DEBUG default - [User=Panyapat Ponchai (1630407@vistec.ac.th)] applies 0 allowed 1, ids 2 requested 19 [File=/var/www/html/booking/lib/Application/Attributes/AttributeService.php,Line=294]
2019-03-17T09:37:05+07:00 [7854] DEBUG default - [User=Panyapat Ponchai (1630407@vistec.ac.th)] applies 0 allowed 0, ids 18 requested 19 [File=/var/www/html/booking/lib/Application/Attributes/AttributeService.php,Line=294]
2019-03-17T09:37:05+07:00 [7854] DEBUG default - [User=Panyapat Ponchai (1630407@vistec.ac.th)] applies 0 allowed 0, ids 26 requested 19 [File=/var/www/html/booking/lib/Application/Attributes/AttributeService.php,Line=294]
2019-03-17T09:37:05+07:00 [7854] DEBUG default - [User=Panyapat Ponchai (1630407@vistec.ac.th)] applies 0 allowed 1, ids 15 requested 19 [File=/var/www/html/booking/lib/Application/Attributes/AttributeService.php,Line=294]
2019-03-17T09:37:05+07:00 [7854] DEBUG default - [User=Panyapat Ponchai (1630407@vistec.ac.th)] applies 0 allowed 0, ids 23,26,22,21 requested 19 [File=/var/www/html/booking/lib/Application/Attributes/AttributeService.php,Line=294]
2019-03-17T09:37:05+07:00 [7854] DEBUG default - [User=Panyapat Ponchai (1630407@vistec.ac.th)] applies 0 allowed 0, ids 23,26,22,29,21 requested 19 [File=/var/www/html/booking/lib/Application/Attributes/AttributeService.php,Line=294]
2019-03-17T09:37:05+07:00 [7854] DEBUG default - [User=Panyapat Ponchai (1630407@vistec.ac.th)] applies 0 allowed 1, ids 18,2 requested 19 [File=/var/www/html/booking/lib/Application/Attributes/AttributeService.php,Line=294]
2019-03-17T09:37:13+07:00 [7859] DEBUG default - [User=Panyapat Ponchai (1630407@vistec.ac.th)] applies 0 allowed 1, ids 2 requested 19 [File=/var/www/html/booking/lib/Application/Attributes/AttributeService.php,Line=294]
2019-03-17T09:37:13+07:00 [7859] DEBUG default - [User=Panyapat Ponchai (1630407@vistec.ac.th)] applies 0 allowed 0, ids 18 requested 19 [File=/var/www/html/booking/lib/Application/Attributes/AttributeService.php,Line=294]
2019-03-17T09:37:13+07:00 [7859] DEBUG default - [User=Panyapat Ponchai (1630407@vistec.ac.th)] applies 0 allowed 0, ids 25 requested 19 [File=/var/www/html/booking/lib/Application/Attributes/AttributeService.php,Line=294]
2019-03-17T09:37:13+07:00 [7859] DEBUG default - [User=Panyapat Ponchai (1630407@vistec.ac.th)] applies 0 allowed 0, ids 16 requested 19 [File=/var/www/html/booking/lib/Application/Attributes/AttributeService.php,Line=294]
2019-03-17T09:37:13+07:00 [7859] DEBUG default - [User=Panyapat Ponchai (1630407@vistec.ac.th)] applies 0 allowed 0, ids 25 requested 19 [File=/var/www/html/booking/lib/Application/Attributes/AttributeService.php,Line=294]
2019-03-17T09:37:13+07:00 [7859] DEBUG default - [User=Panyapat Ponchai (1630407@vistec.ac.th)] applies 0 allowed 0, ids 29 requested 19 [File=/var/www/html/booking/lib/Application/Attributes/AttributeService.php,Line=294]
2019-03-17T09:37:13+07:00 [7859] DEBUG default - [User=Panyapat Ponchai (1630407@vistec.ac.th)] applies 0 allowed 1, ids 2 requested 19 [File=/var/www/html/booking/lib/Application/Attributes/AttributeService.php,Line=294]
2019-03-17T09:37:13+07:00 [7859] DEBUG default - [User=Panyapat Ponchai (1630407@vistec.ac.th)] applies 0 allowed 0, ids 18 requested 19 [File=/var/www/html/booking/lib/Application/Attributes/AttributeService.php,Line=294]
2019-03-17T09:37:13+07:00 [7859] DEBUG default - [User=Panyapat Ponchai (1630407@vistec.ac.th)] applies 0 allowed 0, ids 26 requested 19 [File=/var/www/html/booking/lib/Application/Attributes/AttributeService.php,Line=294]
2019-03-17T09:37:13+07:00 [7859] DEBUG default - [User=Panyapat Ponchai (1630407@vistec.ac.th)] applies 0 allowed 1, ids 15 requested 19 [File=/var/www/html/booking/lib/Application/Attributes/AttributeService.php,Line=294]
2019-03-17T09:37:13+07:00 [7859] DEBUG default - [User=Panyapat Ponchai (1630407@vistec.ac.th)] applies 0 allowed 0, ids 23,26,22,21 requested 19 [File=/var/www/html/booking/lib/Application/Attributes/AttributeService.php,Line=294]
2019-03-17T09:37:13+07:00 [7859] DEBUG default - [User=Panyapat Ponchai (1630407@vistec.ac.th)] applies 0 allowed 0, ids 23,26,22,29,21 requested 19 [File=/var/www/html/booking/lib/Application/Attributes/AttributeService.php,Line=294]
2019-03-17T09:37:13+07:00 [7859] DEBUG default - [User=Panyapat Ponchai (1630407@vistec.ac.th)] applies 0 allowed 1, ids 18,2 requested 19 [File=/var/www/html/booking/lib/Application/Attributes/AttributeService.php,Line=294]
2019-03-17T09:39:06+07:00 [5873] DEBUG default - [User=Panyapat Ponchai (1630407@vistec.ac.th)] applies 0 allowed 1, ids 2 requested 19 [File=/var/www/html/booking/lib/Application/Attributes/AttributeService.php,Line=294]
2019-03-17T09:39:06+07:00 [5873] DEBUG default - [User=Panyapat Ponchai (1630407@vistec.ac.th)] applies 0 allowed 0, ids 18 requested 19 [File=/var/www/html/booking/lib/Application/Attributes/AttributeService.php,Line=294]
2019-03-17T09:39:06+07:00 [5873] DEBUG default - [User=Panyapat Ponchai (1630407@vistec.ac.th)] applies 0 allowed 0, ids 25 requested 19 [File=/var/www/html/booking/lib/Application/Attributes/AttributeService.php,Line=294]
2019-03-17T09:39:06+07:00 [5873] DEBUG default - [User=Panyapat Ponchai (1630407@vistec.ac.th)] applies 0 allowed 0, ids 16 requested 19 [File=/var/www/html/booking/lib/Application/Attributes/AttributeService.php,Line=294]
2019-03-17T09:39:06+07:00 [5873] DEBUG default - [User=Panyapat Ponchai (1630407@vistec.ac.th)] applies 0 allowed 0, ids 25 requested 19 [File=/var/www/html/booking/lib/Application/Attributes/AttributeService.php,Line=294]
2019-03-17T09:39:06+07:00 [5873] DEBUG default - [User=Panyapat Ponchai (1630407@vistec.ac.th)] applies 0 allowed 0, ids 29 requested 19 [File=/var/www/html/booking/lib/Application/Attributes/AttributeService.php,Line=294]
2019-03-17T09:39:06+07:00 [5873] DEBUG default - [User=Panyapat Ponchai (1630407@vistec.ac.th)] applies 0 allowed 1, ids 2 requested 19 [File=/var/www/html/booking/lib/Application/Attributes/AttributeService.php,Line=294]
2019-03-17T09:39:06+07:00 [5873] DEBUG default - [User=Panyapat Ponchai (1630407@vistec.ac.th)] applies 0 allowed 0, ids 18 requested 19 [File=/var/www/html/booking/lib/Application/Attributes/AttributeService.php,Line=294]
2019-03-17T09:39:06+07:00 [5873] DEBUG default - [User=Panyapat Ponchai (1630407@vistec.ac.th)] applies 0 allowed 0, ids 26 requested 19 [File=/var/www/html/booking/lib/Application/Attributes/AttributeService.php,Line=294]
2019-03-17T09:39:06+07:00 [5873] DEBUG default - [User=Panyapat Ponchai (1630407@vistec.ac.th)] applies 0 allowed 1, ids 15 requested 19 [File=/var/www/html/booking/lib/Application/Attributes/AttributeService.php,Line=294]
2019-03-17T09:39:06+07:00 [5873] DEBUG default - [User=Panyapat Ponchai (1630407@vistec.ac.th)] applies 0 allowed 0, ids 23,26,22,21 requested 19 [File=/var/www/html/booking/lib/Application/Attributes/AttributeService.php,Line=294]
2019-03-17T09:39:06+07:00 [5873] DEBUG default - [User=Panyapat Ponchai (1630407@vistec.ac.th)] applies 0 allowed 0, ids 23,26,22,29,21 requested 19 [File=/var/www/html/booking/lib/Application/Attributes/AttributeService.php,Line=294]
2019-03-17T09:39:06+07:00 [5873] DEBUG default - [User=Panyapat Ponchai (1630407@vistec.ac.th)] applies 0 allowed 1, ids 18,2 requested 19 [File=/var/www/html/booking/lib/Application/Attributes/AttributeService.php,Line=294]
2019-03-17T13:43:24+07:00 [7859] DEBUG default - [User=Thanyarat Chawanpunyawat (1530315@vistec.ac.th)] applies 0 allowed 1, ids 2 requested  [File=/var/www/html/booking/lib/Application/Attributes/AttributeService.php,Line=294]
2019-03-17T13:43:24+07:00 [7859] DEBUG default - [User=Thanyarat Chawanpunyawat (1530315@vistec.ac.th)] applies 0 allowed 0, ids 18 requested  [File=/var/www/html/booking/lib/Application/Attributes/AttributeService.php,Line=294]
2019-03-17T13:43:24+07:00 [7859] DEBUG default - [User=Thanyarat Chawanpunyawat (1530315@vistec.ac.th)] applies 0 allowed 0, ids 25 requested  [File=/var/www/html/booking/lib/Application/Attributes/AttributeService.php,Line=294]
2019-03-17T13:43:24+07:00 [7859] DEBUG default - [User=Thanyarat Chawanpunyawat (1530315@vistec.ac.th)] applies 0 allowed 1, ids 16 requested  [File=/var/www/html/booking/lib/Application/Attributes/AttributeService.php,Line=294]
2019-03-17T13:43:24+07:00 [7859] DEBUG default - [User=Thanyarat Chawanpunyawat (1530315@vistec.ac.th)] applies 0 allowed 0, ids 25 requested  [File=/var/www/html/booking/lib/Application/Attributes/AttributeService.php,Line=294]
2019-03-17T13:43:24+07:00 [7859] DEBUG default - [User=Thanyarat Chawanpunyawat (1530315@vistec.ac.th)] applies 0 allowed 1, ids 29 requested  [File=/var/www/html/booking/lib/Application/Attributes/AttributeService.php,Line=294]
2019-03-17T13:43:24+07:00 [7859] DEBUG default - [User=Thanyarat Chawanpunyawat (1530315@vistec.ac.th)] applies 0 allowed 1, ids 2 requested  [File=/var/www/html/booking/lib/Application/Attributes/AttributeService.php,Line=294]
2019-03-17T13:43:24+07:00 [7859] DEBUG default - [User=Thanyarat Chawanpunyawat (1530315@vistec.ac.th)] applies 0 allowed 0, ids 18 requested  [File=/var/www/html/booking/lib/Application/Attributes/AttributeService.php,Line=294]
2019-03-17T13:43:24+07:00 [7859] DEBUG default - [User=Thanyarat Chawanpunyawat (1530315@vistec.ac.th)] applies 0 allowed 1, ids 26 requested  [File=/var/www/html/booking/lib/Application/Attributes/AttributeService.php,Line=294]
2019-03-17T13:43:24+07:00 [7859] DEBUG default - [User=Thanyarat Chawanpunyawat (1530315@vistec.ac.th)] applies 0 allowed 0, ids 15 requested  [File=/var/www/html/booking/lib/Application/Attributes/AttributeService.php,Line=294]
2019-03-17T13:43:24+07:00 [7859] DEBUG default - [User=Thanyarat Chawanpunyawat (1530315@vistec.ac.th)] applies 0 allowed 1, ids 23,26,22,21 requested  [File=/var/www/html/booking/lib/Application/Attributes/AttributeService.php,Line=294]
2019-03-17T13:43:24+07:00 [7859] DEBUG default - [User=Thanyarat Chawanpunyawat (1530315@vistec.ac.th)] applies 0 allowed 2, ids 23,26,22,29,21 requested  [File=/var/www/html/booking/lib/Application/Attributes/AttributeService.php,Line=294]
2019-03-17T13:43:24+07:00 [7859] DEBUG default - [User=Thanyarat Chawanpunyawat (1530315@vistec.ac.th)] applies 0 allowed 1, ids 18,2 requested  [File=/var/www/html/booking/lib/Application/Attributes/AttributeService.php,Line=294]
2019-03-17T13:44:11+07:00 [5873] DEBUG default - [User=Thanyarat Chawanpunyawat (1530315@vistec.ac.th)] applies 0 allowed 1, ids 2 requested 26 [File=/var/www/html/booking/lib/Application/Attributes/AttributeService.php,Line=294]
2019-03-17T13:44:11+07:00 [5873] DEBUG default - [User=Thanyarat Chawanpunyawat (1530315@vistec.ac.th)] applies 0 allowed 0, ids 18 requested 26 [File=/var/www/html/booking/lib/Application/Attributes/AttributeService.php,Line=294]
2019-03-17T13:44:11+07:00 [5873] DEBUG default - [User=Thanyarat Chawanpunyawat (1530315@vistec.ac.th)] applies 0 allowed 0, ids 25 requested 26 [File=/var/www/html/booking/lib/Application/Attributes/AttributeService.php,Line=294]
2019-03-17T13:44:11+07:00 [5873] DEBUG default - [User=Thanyarat Chawanpunyawat (1530315@vistec.ac.th)] applies 0 allowed 1, ids 16 requested 26 [File=/var/www/html/booking/lib/Application/Attributes/AttributeService.php,Line=294]
2019-03-17T13:44:11+07:00 [5873] DEBUG default - [User=Thanyarat Chawanpunyawat (1530315@vistec.ac.th)] applies 0 allowed 0, ids 25 requested 26 [File=/var/www/html/booking/lib/Application/Attributes/AttributeService.php,Line=294]
2019-03-17T13:44:11+07:00 [5873] DEBUG default - [User=Thanyarat Chawanpunyawat (1530315@vistec.ac.th)] applies 0 allowed 1, ids 29 requested 26 [File=/var/www/html/booking/lib/Application/Attributes/AttributeService.php,Line=294]
2019-03-17T13:44:11+07:00 [5873] DEBUG default - [User=Thanyarat Chawanpunyawat (1530315@vistec.ac.th)] applies 0 allowed 1, ids 2 requested 26 [File=/var/www/html/booking/lib/Application/Attributes/AttributeService.php,Line=294]
2019-03-17T13:44:11+07:00 [5873] DEBUG default - [User=Thanyarat Chawanpunyawat (1530315@vistec.ac.th)] applies 0 allowed 0, ids 18 requested 26 [File=/var/www/html/booking/lib/Application/Attributes/AttributeService.php,Line=294]
2019-03-17T13:44:11+07:00 [5873] DEBUG default - [User=Thanyarat Chawanpunyawat (1530315@vistec.ac.th)] applies 1 allowed 1, ids 26 requested 26 [File=/var/www/html/booking/lib/Application/Attributes/AttributeService.php,Line=294]
2019-03-17T13:44:11+07:00 [5873] DEBUG default - [User=Thanyarat Chawanpunyawat (1530315@vistec.ac.th)] applies 0 allowed 0, ids 15 requested 26 [File=/var/www/html/booking/lib/Application/Attributes/AttributeService.php,Line=294]
2019-03-17T13:44:11+07:00 [5873] DEBUG default - [User=Thanyarat Chawanpunyawat (1530315@vistec.ac.th)] applies 1 allowed 1, ids 23,26,22,21 requested 26 [File=/var/www/html/booking/lib/Application/Attributes/AttributeService.php,Line=294]
2019-03-17T13:44:11+07:00 [5873] DEBUG default - [User=Thanyarat Chawanpunyawat (1530315@vistec.ac.th)] applies 1 allowed 2, ids 23,26,22,29,21 requested 26 [File=/var/www/html/booking/lib/Application/Attributes/AttributeService.php,Line=294]
2019-03-17T13:44:11+07:00 [5873] DEBUG default - [User=Thanyarat Chawanpunyawat (1530315@vistec.ac.th)] applies 0 allowed 1, ids 18,2 requested 26 [File=/var/www/html/booking/lib/Application/Attributes/AttributeService.php,Line=294]
2019-03-17T13:44:23+07:00 [7859] DEBUG default - [User=Thanyarat Chawanpunyawat (1530315@vistec.ac.th)] AutoComplete: 167 results found for search type: user, term: C [File=/var/www/html/booking/Pages/Ajax/AutoCompletePage.php,Line=42]
2019-03-17T13:44:24+07:00 [7854] DEBUG default - [User=Thanyarat Chawanpunyawat (1530315@vistec.ac.th)] AutoComplete: 1 results found for search type: user, term: Chok [File=/var/www/html/booking/Pages/Ajax/AutoCompletePage.php,Line=42]
2019-03-17T13:44:53+07:00 [7859] DEBUG default - [User=Thanyarat Chawanpunyawat (1530315@vistec.ac.th)] applies 0 allowed 1, ids 2 requested  [File=/var/www/html/booking/lib/Application/Attributes/AttributeService.php,Line=294]
2019-03-17T13:44:53+07:00 [7859] DEBUG default - [User=Thanyarat Chawanpunyawat (1530315@vistec.ac.th)] applies 0 allowed 0, ids 18 requested  [File=/var/www/html/booking/lib/Application/Attributes/AttributeService.php,Line=294]
2019-03-17T13:44:53+07:00 [7859] DEBUG default - [User=Thanyarat Chawanpunyawat (1530315@vistec.ac.th)] applies 0 allowed 0, ids 25 requested  [File=/var/www/html/booking/lib/Application/Attributes/AttributeService.php,Line=294]
2019-03-17T13:44:53+07:00 [7859] DEBUG default - [User=Thanyarat Chawanpunyawat (1530315@vistec.ac.th)] applies 0 allowed 1, ids 16 requested  [File=/var/www/html/booking/lib/Application/Attributes/AttributeService.php,Line=294]
2019-03-17T13:44:53+07:00 [7859] DEBUG default - [User=Thanyarat Chawanpunyawat (1530315@vistec.ac.th)] applies 0 allowed 0, ids 25 requested  [File=/var/www/html/booking/lib/Application/Attributes/AttributeService.php,Line=294]
2019-03-17T13:44:53+07:00 [7859] DEBUG default - [User=Thanyarat Chawanpunyawat (1530315@vistec.ac.th)] applies 0 allowed 1, ids 29 requested  [File=/var/www/html/booking/lib/Application/Attributes/AttributeService.php,Line=294]
2019-03-17T13:44:53+07:00 [7859] DEBUG default - [User=Thanyarat Chawanpunyawat (1530315@vistec.ac.th)] applies 0 allowed 1, ids 2 requested  [File=/var/www/html/booking/lib/Application/Attributes/AttributeService.php,Line=294]
2019-03-17T13:44:53+07:00 [7859] DEBUG default - [User=Thanyarat Chawanpunyawat (1530315@vistec.ac.th)] applies 0 allowed 0, ids 18 requested  [File=/var/www/html/booking/lib/Application/Attributes/AttributeService.php,Line=294]
2019-03-17T13:44:53+07:00 [7859] DEBUG default - [User=Thanyarat Chawanpunyawat (1530315@vistec.ac.th)] applies 0 allowed 1, ids 26 requested  [File=/var/www/html/booking/lib/Application/Attributes/AttributeService.php,Line=294]
2019-03-17T13:44:53+07:00 [7859] DEBUG default - [User=Thanyarat Chawanpunyawat (1530315@vistec.ac.th)] applies 0 allowed 0, ids 15 requested  [File=/var/www/html/booking/lib/Application/Attributes/AttributeService.php,Line=294]
2019-03-17T13:44:53+07:00 [7859] DEBUG default - [User=Thanyarat Chawanpunyawat (1530315@vistec.ac.th)] applies 0 allowed 1, ids 23,26,22,21 requested  [File=/var/www/html/booking/lib/Application/Attributes/AttributeService.php,Line=294]
2019-03-17T13:44:53+07:00 [7859] DEBUG default - [User=Thanyarat Chawanpunyawat (1530315@vistec.ac.th)] applies 0 allowed 2, ids 23,26,22,29,21 requested  [File=/var/www/html/booking/lib/Application/Attributes/AttributeService.php,Line=294]
2019-03-17T13:44:53+07:00 [7859] DEBUG default - [User=Thanyarat Chawanpunyawat (1530315@vistec.ac.th)] applies 0 allowed 1, ids 18,2 requested  [File=/var/www/html/booking/lib/Application/Attributes/AttributeService.php,Line=294]
2019-03-17T17:14:13+07:00 [7854] DEBUG default - [User=Ratchawan Jarumanee (ratchawan.j@vistec.ac.th)] applies 1 allowed 1, ids 2 requested 2 [File=/var/www/html/booking/lib/Application/Attributes/AttributeService.php,Line=294]
2019-03-17T17:14:13+07:00 [7854] DEBUG default - [User=Ratchawan Jarumanee (ratchawan.j@vistec.ac.th)] applies 0 allowed 1, ids 18 requested 2 [File=/var/www/html/booking/lib/Application/Attributes/AttributeService.php,Line=294]
2019-03-17T17:14:13+07:00 [7854] DEBUG default - [User=Ratchawan Jarumanee (ratchawan.j@vistec.ac.th)] applies 0 allowed 1, ids 25 requested 2 [File=/var/www/html/booking/lib/Application/Attributes/AttributeService.php,Line=294]
2019-03-17T17:14:13+07:00 [7854] DEBUG default - [User=Ratchawan Jarumanee (ratchawan.j@vistec.ac.th)] applies 0 allowed 1, ids 16 requested 2 [File=/var/www/html/booking/lib/Application/Attributes/AttributeService.php,Line=294]
2019-03-17T17:14:13+07:00 [7854] DEBUG default - [User=Ratchawan Jarumanee (ratchawan.j@vistec.ac.th)] applies 0 allowed 1, ids 25 requested 2 [File=/var/www/html/booking/lib/Application/Attributes/AttributeService.php,Line=294]
2019-03-17T17:14:13+07:00 [7854] DEBUG default - [User=Ratchawan Jarumanee (ratchawan.j@vistec.ac.th)] applies 0 allowed 0, ids 29 requested 2 [File=/var/www/html/booking/lib/Application/Attributes/AttributeService.php,Line=294]
2019-03-17T17:14:13+07:00 [7854] DEBUG default - [User=Ratchawan Jarumanee (ratchawan.j@vistec.ac.th)] applies 1 allowed 1, ids 2 requested 2 [File=/var/www/html/booking/lib/Application/Attributes/AttributeService.php,Line=294]
2019-03-17T17:14:13+07:00 [7854] DEBUG default - [User=Ratchawan Jarumanee (ratchawan.j@vistec.ac.th)] applies 0 allowed 1, ids 18 requested 2 [File=/var/www/html/booking/lib/Application/Attributes/AttributeService.php,Line=294]
2019-03-17T17:14:13+07:00 [7854] DEBUG default - [User=Ratchawan Jarumanee (ratchawan.j@vistec.ac.th)] applies 0 allowed 1, ids 26 requested 2 [File=/var/www/html/booking/lib/Application/Attributes/AttributeService.php,Line=294]
2019-03-17T17:14:13+07:00 [7854] DEBUG default - [User=Ratchawan Jarumanee (ratchawan.j@vistec.ac.th)] applies 0 allowed 1, ids 15 requested 2 [File=/var/www/html/booking/lib/Application/Attributes/AttributeService.php,Line=294]
2019-03-17T17:14:13+07:00 [7854] DEBUG default - [User=Ratchawan Jarumanee (ratchawan.j@vistec.ac.th)] applies 0 allowed 4, ids 23,26,22,21 requested 2 [File=/var/www/html/booking/lib/Application/Attributes/AttributeService.php,Line=294]
2019-03-17T17:14:13+07:00 [7854] DEBUG default - [User=Ratchawan Jarumanee (ratchawan.j@vistec.ac.th)] applies 0 allowed 4, ids 23,26,22,29,21 requested 2 [File=/var/www/html/booking/lib/Application/Attributes/AttributeService.php,Line=294]
2019-03-17T17:14:13+07:00 [7854] DEBUG default - [User=Ratchawan Jarumanee (ratchawan.j@vistec.ac.th)] applies 1 allowed 2, ids 18,2 requested 2 [File=/var/www/html/booking/lib/Application/Attributes/AttributeService.php,Line=294]
2019-03-17T17:15:10+07:00 [7859] DEBUG default - [User=Ratchawan Jarumanee (ratchawan.j@vistec.ac.th)] applies 1 allowed 1, ids 2 requested 2 [File=/var/www/html/booking/lib/Application/Attributes/AttributeService.php,Line=294]
2019-03-17T17:15:10+07:00 [7859] DEBUG default - [User=Ratchawan Jarumanee (ratchawan.j@vistec.ac.th)] applies 0 allowed 1, ids 18 requested 2 [File=/var/www/html/booking/lib/Application/Attributes/AttributeService.php,Line=294]
2019-03-17T17:15:10+07:00 [7859] DEBUG default - [User=Ratchawan Jarumanee (ratchawan.j@vistec.ac.th)] applies 0 allowed 1, ids 25 requested 2 [File=/var/www/html/booking/lib/Application/Attributes/AttributeService.php,Line=294]
2019-03-17T17:15:10+07:00 [7859] DEBUG default - [User=Ratchawan Jarumanee (ratchawan.j@vistec.ac.th)] applies 0 allowed 1, ids 16 requested 2 [File=/var/www/html/booking/lib/Application/Attributes/AttributeService.php,Line=294]
2019-03-17T17:15:10+07:00 [7859] DEBUG default - [User=Ratchawan Jarumanee (ratchawan.j@vistec.ac.th)] applies 0 allowed 1, ids 25 requested 2 [File=/var/www/html/booking/lib/Application/Attributes/AttributeService.php,Line=294]
2019-03-17T17:15:10+07:00 [7859] DEBUG default - [User=Ratchawan Jarumanee (ratchawan.j@vistec.ac.th)] applies 0 allowed 0, ids 29 requested 2 [File=/var/www/html/booking/lib/Application/Attributes/AttributeService.php,Line=294]
2019-03-17T17:15:10+07:00 [7859] DEBUG default - [User=Ratchawan Jarumanee (ratchawan.j@vistec.ac.th)] applies 1 allowed 1, ids 2 requested 2 [File=/var/www/html/booking/lib/Application/Attributes/AttributeService.php,Line=294]
2019-03-17T17:15:10+07:00 [7859] DEBUG default - [User=Ratchawan Jarumanee (ratchawan.j@vistec.ac.th)] applies 0 allowed 1, ids 18 requested 2 [File=/var/www/html/booking/lib/Application/Attributes/AttributeService.php,Line=294]
2019-03-17T17:15:10+07:00 [7859] DEBUG default - [User=Ratchawan Jarumanee (ratchawan.j@vistec.ac.th)] applies 0 allowed 1, ids 26 requested 2 [File=/var/www/html/booking/lib/Application/Attributes/AttributeService.php,Line=294]
2019-03-17T17:15:10+07:00 [7859] DEBUG default - [User=Ratchawan Jarumanee (ratchawan.j@vistec.ac.th)] applies 0 allowed 1, ids 15 requested 2 [File=/var/www/html/booking/lib/Application/Attributes/AttributeService.php,Line=294]
2019-03-17T17:15:10+07:00 [7859] DEBUG default - [User=Ratchawan Jarumanee (ratchawan.j@vistec.ac.th)] applies 0 allowed 4, ids 23,26,22,21 requested 2 [File=/var/www/html/booking/lib/Application/Attributes/AttributeService.php,Line=294]
2019-03-17T17:15:10+07:00 [7859] DEBUG default - [User=Ratchawan Jarumanee (ratchawan.j@vistec.ac.th)] applies 0 allowed 4, ids 23,26,22,29,21 requested 2 [File=/var/www/html/booking/lib/Application/Attributes/AttributeService.php,Line=294]
2019-03-17T17:15:10+07:00 [7859] DEBUG default - [User=Ratchawan Jarumanee (ratchawan.j@vistec.ac.th)] applies 1 allowed 2, ids 18,2 requested 2 [File=/var/www/html/booking/lib/Application/Attributes/AttributeService.php,Line=294]
2019-03-17T17:15:48+07:00 [7859] DEBUG default - [User=Ratchawan Jarumanee (ratchawan.j@vistec.ac.th)] applies 1 allowed 1, ids 2 requested 2 [File=/var/www/html/booking/lib/Application/Attributes/AttributeService.php,Line=294]
2019-03-17T17:15:48+07:00 [7859] DEBUG default - [User=Ratchawan Jarumanee (ratchawan.j@vistec.ac.th)] applies 0 allowed 1, ids 18 requested 2 [File=/var/www/html/booking/lib/Application/Attributes/AttributeService.php,Line=294]
2019-03-17T17:15:48+07:00 [7859] DEBUG default - [User=Ratchawan Jarumanee (ratchawan.j@vistec.ac.th)] applies 0 allowed 1, ids 25 requested 2 [File=/var/www/html/booking/lib/Application/Attributes/AttributeService.php,Line=294]
2019-03-17T17:15:48+07:00 [7859] DEBUG default - [User=Ratchawan Jarumanee (ratchawan.j@vistec.ac.th)] applies 0 allowed 1, ids 16 requested 2 [File=/var/www/html/booking/lib/Application/Attributes/AttributeService.php,Line=294]
2019-03-17T17:15:48+07:00 [7859] DEBUG default - [User=Ratchawan Jarumanee (ratchawan.j@vistec.ac.th)] applies 0 allowed 1, ids 25 requested 2 [File=/var/www/html/booking/lib/Application/Attributes/AttributeService.php,Line=294]
2019-03-17T17:15:48+07:00 [7859] DEBUG default - [User=Ratchawan Jarumanee (ratchawan.j@vistec.ac.th)] applies 0 allowed 0, ids 29 requested 2 [File=/var/www/html/booking/lib/Application/Attributes/AttributeService.php,Line=294]
2019-03-17T17:15:48+07:00 [7859] DEBUG default - [User=Ratchawan Jarumanee (ratchawan.j@vistec.ac.th)] applies 1 allowed 1, ids 2 requested 2 [File=/var/www/html/booking/lib/Application/Attributes/AttributeService.php,Line=294]
2019-03-17T17:15:48+07:00 [7859] DEBUG default - [User=Ratchawan Jarumanee (ratchawan.j@vistec.ac.th)] applies 0 allowed 1, ids 18 requested 2 [File=/var/www/html/booking/lib/Application/Attributes/AttributeService.php,Line=294]
2019-03-17T17:15:48+07:00 [7859] DEBUG default - [User=Ratchawan Jarumanee (ratchawan.j@vistec.ac.th)] applies 0 allowed 1, ids 26 requested 2 [File=/var/www/html/booking/lib/Application/Attributes/AttributeService.php,Line=294]
2019-03-17T17:15:48+07:00 [7859] DEBUG default - [User=Ratchawan Jarumanee (ratchawan.j@vistec.ac.th)] applies 0 allowed 1, ids 15 requested 2 [File=/var/www/html/booking/lib/Application/Attributes/AttributeService.php,Line=294]
2019-03-17T17:15:48+07:00 [7859] DEBUG default - [User=Ratchawan Jarumanee (ratchawan.j@vistec.ac.th)] applies 0 allowed 4, ids 23,26,22,21 requested 2 [File=/var/www/html/booking/lib/Application/Attributes/AttributeService.php,Line=294]
2019-03-17T17:15:48+07:00 [7859] DEBUG default - [User=Ratchawan Jarumanee (ratchawan.j@vistec.ac.th)] applies 0 allowed 4, ids 23,26,22,29,21 requested 2 [File=/var/www/html/booking/lib/Application/Attributes/AttributeService.php,Line=294]
2019-03-17T17:15:48+07:00 [7859] DEBUG default - [User=Ratchawan Jarumanee (ratchawan.j@vistec.ac.th)] applies 1 allowed 2, ids 18,2 requested 2 [File=/var/www/html/booking/lib/Application/Attributes/AttributeService.php,Line=294]
2019-03-17T17:16:47+07:00 [5873] DEBUG default - [User=Ratchawan Jarumanee (ratchawan.j@vistec.ac.th)] applies 1 allowed 1, ids 2 requested 2 [File=/var/www/html/booking/lib/Application/Attributes/AttributeService.php,Line=294]
2019-03-17T17:16:47+07:00 [5873] DEBUG default - [User=Ratchawan Jarumanee (ratchawan.j@vistec.ac.th)] applies 0 allowed 1, ids 18 requested 2 [File=/var/www/html/booking/lib/Application/Attributes/AttributeService.php,Line=294]
2019-03-17T17:16:47+07:00 [5873] DEBUG default - [User=Ratchawan Jarumanee (ratchawan.j@vistec.ac.th)] applies 0 allowed 1, ids 25 requested 2 [File=/var/www/html/booking/lib/Application/Attributes/AttributeService.php,Line=294]
2019-03-17T17:16:47+07:00 [5873] DEBUG default - [User=Ratchawan Jarumanee (ratchawan.j@vistec.ac.th)] applies 0 allowed 1, ids 16 requested 2 [File=/var/www/html/booking/lib/Application/Attributes/AttributeService.php,Line=294]
2019-03-17T17:16:47+07:00 [5873] DEBUG default - [User=Ratchawan Jarumanee (ratchawan.j@vistec.ac.th)] applies 0 allowed 1, ids 25 requested 2 [File=/var/www/html/booking/lib/Application/Attributes/AttributeService.php,Line=294]
2019-03-17T17:16:47+07:00 [5873] DEBUG default - [User=Ratchawan Jarumanee (ratchawan.j@vistec.ac.th)] applies 0 allowed 0, ids 29 requested 2 [File=/var/www/html/booking/lib/Application/Attributes/AttributeService.php,Line=294]
2019-03-17T17:16:47+07:00 [5873] DEBUG default - [User=Ratchawan Jarumanee (ratchawan.j@vistec.ac.th)] applies 1 allowed 1, ids 2 requested 2 [File=/var/www/html/booking/lib/Application/Attributes/AttributeService.php,Line=294]
2019-03-17T17:16:47+07:00 [5873] DEBUG default - [User=Ratchawan Jarumanee (ratchawan.j@vistec.ac.th)] applies 0 allowed 1, ids 18 requested 2 [File=/var/www/html/booking/lib/Application/Attributes/AttributeService.php,Line=294]
2019-03-17T17:16:47+07:00 [5873] DEBUG default - [User=Ratchawan Jarumanee (ratchawan.j@vistec.ac.th)] applies 0 allowed 1, ids 26 requested 2 [File=/var/www/html/booking/lib/Application/Attributes/AttributeService.php,Line=294]
2019-03-17T17:16:47+07:00 [5873] DEBUG default - [User=Ratchawan Jarumanee (ratchawan.j@vistec.ac.th)] applies 0 allowed 1, ids 15 requested 2 [File=/var/www/html/booking/lib/Application/Attributes/AttributeService.php,Line=294]
2019-03-17T17:16:47+07:00 [5873] DEBUG default - [User=Ratchawan Jarumanee (ratchawan.j@vistec.ac.th)] applies 0 allowed 4, ids 23,26,22,21 requested 2 [File=/var/www/html/booking/lib/Application/Attributes/AttributeService.php,Line=294]
2019-03-17T17:16:47+07:00 [5873] DEBUG default - [User=Ratchawan Jarumanee (ratchawan.j@vistec.ac.th)] applies 0 allowed 4, ids 23,26,22,29,21 requested 2 [File=/var/www/html/booking/lib/Application/Attributes/AttributeService.php,Line=294]
2019-03-17T17:16:47+07:00 [5873] DEBUG default - [User=Ratchawan Jarumanee (ratchawan.j@vistec.ac.th)] applies 1 allowed 2, ids 18,2 requested 2 [File=/var/www/html/booking/lib/Application/Attributes/AttributeService.php,Line=294]
2019-03-17T17:16:58+07:00 [7859] DEBUG default - [User=Ratchawan Jarumanee (ratchawan.j@vistec.ac.th)] ReservationRepository::LoadByReferenceNumber() - ReferenceNumber: 5c8e1e688641e920655412 [File=/var/www/html/booking/Domain/Access/ReservationRepository.php,Line=34]
2019-03-17T17:16:58+07:00 [7859] DEBUG default - [User=Ratchawan Jarumanee (ratchawan.j@vistec.ac.th)] Removing series 620 [File=/var/www/html/booking/Domain/ExistingReservationSeries.php,Line=356]
2019-03-17T17:16:58+07:00 [7859] DEBUG default - [User=Ratchawan Jarumanee (ratchawan.j@vistec.ac.th)] Deleting reservation 5c8e1e688641e920655412 [File=/var/www/html/booking/Presenters/Reservation/ReservationDeletePresenter.php,Line=89]
2019-03-17T17:16:58+07:00 [7859] DEBUG default - [User=Ratchawan Jarumanee (ratchawan.j@vistec.ac.th)] submitted retry params NULL [File=/var/www/html/booking/lib/Application/Reservation/ReservationHandler.php,Line=103]
2019-03-17T17:16:58+07:00 [7859] DEBUG default - [User=Ratchawan Jarumanee (ratchawan.j@vistec.ac.th)] Tool Mode is  [File=/var/www/html/booking/lib/Application/Reservation/ReservationHandler.php,Line=717]
2019-03-17T17:16:58+07:00 [7859] DEBUG default - [User=Ratchawan Jarumanee (ratchawan.j@vistec.ac.th)] Validating rule ReservationDateTimeRule. Passed?: 1 [File=/var/www/html/booking/lib/Application/Reservation/Validation/ReservationValidationRuleProcessor.php,Line=35]
2019-03-17T17:16:58+07:00 [7859] DEBUG default - [User=Ratchawan Jarumanee (ratchawan.j@vistec.ac.th)] Validating rule ReservationBasicInfoRule. Passed?: 1 [File=/var/www/html/booking/lib/Application/Reservation/Validation/ReservationValidationRuleProcessor.php,Line=35]
2019-03-17T17:16:58+07:00 [7859] DEBUG default - [User=Ratchawan Jarumanee (ratchawan.j@vistec.ac.th)] Start Time Rule: Comparing 2019-03-22 00:00:00 Asia/Bangkok to 2019-03-17 17:16:58 Asia/Bangkok [File=/var/www/html/booking/lib/Application/Reservation/Validation/ReservationStartTimeRule.php,Line=63]
2019-03-17T17:16:58+07:00 [7859] DEBUG default - [User=Ratchawan Jarumanee (ratchawan.j@vistec.ac.th)] Validating rule AdminExcludedRule. Passed?: 1 [File=/var/www/html/booking/lib/Application/Reservation/Validation/ReservationValidationRuleProcessor.php,Line=35]
2019-03-17T17:16:58+07:00 [7859] DEBUG default - [User=Ratchawan Jarumanee (ratchawan.j@vistec.ac.th)] Validating rule AdminExcludedRule. Passed?: 1 [File=/var/www/html/booking/lib/Application/Reservation/Validation/ReservationValidationRuleProcessor.php,Line=35]
2019-03-17T17:16:58+07:00 [7859] DEBUG default - [User=Ratchawan Jarumanee (ratchawan.j@vistec.ac.th)] Validating rule AdminExcludedRule. Passed?: 1 [File=/var/www/html/booking/lib/Application/Reservation/Validation/ReservationValidationRuleProcessor.php,Line=35]
2019-03-17T17:16:58+07:00 [7859] DEBUG default - [User=Ratchawan Jarumanee (ratchawan.j@vistec.ac.th)] Validating rule AdminExcludedRule. Passed?: 1 [File=/var/www/html/booking/lib/Application/Reservation/Validation/ReservationValidationRuleProcessor.php,Line=35]
2019-03-17T17:16:58+07:00 [7859] DEBUG default - [User=Ratchawan Jarumanee (ratchawan.j@vistec.ac.th)] Validating rule AdminExcludedRule. Passed?: 1 [File=/var/www/html/booking/lib/Application/Reservation/Validation/ReservationValidationRuleProcessor.php,Line=35]
2019-03-17T17:16:58+07:00 [7859] DEBUG default - [User=Ratchawan Jarumanee (ratchawan.j@vistec.ac.th)] Validating rule ReservationAttachmentRule. Passed?: 1 [File=/var/www/html/booking/lib/Application/Reservation/Validation/ReservationValidationRuleProcessor.php,Line=35]
2019-03-17T17:16:58+07:00 [7859] DEBUG default - [User=Ratchawan Jarumanee (ratchawan.j@vistec.ac.th)] Validating rule AdminExcludedRule. Passed?: 1 [File=/var/www/html/booking/lib/Application/Reservation/Validation/ReservationValidationRuleProcessor.php,Line=35]
2019-03-17T17:16:58+07:00 [7859] DEBUG default - [User=Ratchawan Jarumanee (ratchawan.j@vistec.ac.th)] Calling notify on OwnerEmailDeletedNotification for reservation 5c8e1e688641e920655412 [File=/var/www/html/booking/lib/Application/Reservation/Notification/IReservationNotificationService.php,Line=53]
2019-03-17T17:16:58+07:00 [7859] DEBUG default - [User=Ratchawan Jarumanee (ratchawan.j@vistec.ac.th)] Adding email attachment reservation.ics [File=/var/www/html/booking/lib/Email/EmailService.php,Line=89]
2019-03-17T17:16:58+07:00 [7859] DEBUG default - [User=Ratchawan Jarumanee (ratchawan.j@vistec.ac.th)] Sending ReservationDeletedEmail email to: ratchawan.j@vistec.ac.th from: ratchawan.j@vistec.ac.th [File=/var/www/html/booking/lib/Email/EmailService.php,Line=93]
2019-03-17T17:17:01+07:00 [7859] DEBUG default - [User=Ratchawan Jarumanee (ratchawan.j@vistec.ac.th)] Email send success: 1.  [File=/var/www/html/booking/lib/Email/EmailService.php,Line=105]
2019-03-17T17:17:01+07:00 [7859] DEBUG default - [User=Ratchawan Jarumanee (ratchawan.j@vistec.ac.th)] Calling notify on ParticipantDeletedEmailNotification for reservation 5c8e1e688641e920655412 [File=/var/www/html/booking/lib/Application/Reservation/Notification/IReservationNotificationService.php,Line=53]
2019-03-17T17:17:01+07:00 [7859] DEBUG default - [User=Ratchawan Jarumanee (ratchawan.j@vistec.ac.th)] Calling notify on AdminEmailDeletedNotification for reservation 5c8e1e688641e920655412 [File=/var/www/html/booking/lib/Application/Reservation/Notification/IReservationNotificationService.php,Line=53]
2019-03-17T17:17:01+07:00 [7859] DEBUG default - [User=Ratchawan Jarumanee (ratchawan.j@vistec.ac.th)] Calling notify on GuestDeletedEmailNotification for reservation 5c8e1e688641e920655412 [File=/var/www/html/booking/lib/Application/Reservation/Notification/IReservationNotificationService.php,Line=53]
2019-03-17T17:17:07+07:00 [7859] DEBUG default - [User=Ratchawan Jarumanee (ratchawan.j@vistec.ac.th)] applies 1 allowed 1, ids 2 requested 2 [File=/var/www/html/booking/lib/Application/Attributes/AttributeService.php,Line=294]
2019-03-17T17:17:07+07:00 [7859] DEBUG default - [User=Ratchawan Jarumanee (ratchawan.j@vistec.ac.th)] applies 0 allowed 1, ids 18 requested 2 [File=/var/www/html/booking/lib/Application/Attributes/AttributeService.php,Line=294]
2019-03-17T17:17:07+07:00 [7859] DEBUG default - [User=Ratchawan Jarumanee (ratchawan.j@vistec.ac.th)] applies 0 allowed 1, ids 25 requested 2 [File=/var/www/html/booking/lib/Application/Attributes/AttributeService.php,Line=294]
2019-03-17T17:17:07+07:00 [7859] DEBUG default - [User=Ratchawan Jarumanee (ratchawan.j@vistec.ac.th)] applies 0 allowed 1, ids 16 requested 2 [File=/var/www/html/booking/lib/Application/Attributes/AttributeService.php,Line=294]
2019-03-17T17:17:07+07:00 [7859] DEBUG default - [User=Ratchawan Jarumanee (ratchawan.j@vistec.ac.th)] applies 0 allowed 1, ids 25 requested 2 [File=/var/www/html/booking/lib/Application/Attributes/AttributeService.php,Line=294]
2019-03-17T17:17:07+07:00 [7859] DEBUG default - [User=Ratchawan Jarumanee (ratchawan.j@vistec.ac.th)] applies 0 allowed 0, ids 29 requested 2 [File=/var/www/html/booking/lib/Application/Attributes/AttributeService.php,Line=294]
2019-03-17T17:17:07+07:00 [7859] DEBUG default - [User=Ratchawan Jarumanee (ratchawan.j@vistec.ac.th)] applies 1 allowed 1, ids 2 requested 2 [File=/var/www/html/booking/lib/Application/Attributes/AttributeService.php,Line=294]
2019-03-17T17:17:07+07:00 [7859] DEBUG default - [User=Ratchawan Jarumanee (ratchawan.j@vistec.ac.th)] applies 0 allowed 1, ids 18 requested 2 [File=/var/www/html/booking/lib/Application/Attributes/AttributeService.php,Line=294]
2019-03-17T17:17:07+07:00 [7859] DEBUG default - [User=Ratchawan Jarumanee (ratchawan.j@vistec.ac.th)] applies 0 allowed 1, ids 26 requested 2 [File=/var/www/html/booking/lib/Application/Attributes/AttributeService.php,Line=294]
2019-03-17T17:17:07+07:00 [7859] DEBUG default - [User=Ratchawan Jarumanee (ratchawan.j@vistec.ac.th)] applies 0 allowed 1, ids 15 requested 2 [File=/var/www/html/booking/lib/Application/Attributes/AttributeService.php,Line=294]
2019-03-17T17:17:07+07:00 [7859] DEBUG default - [User=Ratchawan Jarumanee (ratchawan.j@vistec.ac.th)] applies 0 allowed 4, ids 23,26,22,21 requested 2 [File=/var/www/html/booking/lib/Application/Attributes/AttributeService.php,Line=294]
2019-03-17T17:17:07+07:00 [7859] DEBUG default - [User=Ratchawan Jarumanee (ratchawan.j@vistec.ac.th)] applies 0 allowed 4, ids 23,26,22,29,21 requested 2 [File=/var/www/html/booking/lib/Application/Attributes/AttributeService.php,Line=294]
2019-03-17T17:17:07+07:00 [7859] DEBUG default - [User=Ratchawan Jarumanee (ratchawan.j@vistec.ac.th)] applies 1 allowed 2, ids 18,2 requested 2 [File=/var/www/html/booking/lib/Application/Attributes/AttributeService.php,Line=294]
2019-03-17T17:17:58+07:00 [5873] DEBUG default - [User=Ratchawan Jarumanee (ratchawan.j@vistec.ac.th)] applies 1 allowed 1, ids 2 requested 2 [File=/var/www/html/booking/lib/Application/Attributes/AttributeService.php,Line=294]
2019-03-17T17:17:58+07:00 [5873] DEBUG default - [User=Ratchawan Jarumanee (ratchawan.j@vistec.ac.th)] applies 0 allowed 1, ids 18 requested 2 [File=/var/www/html/booking/lib/Application/Attributes/AttributeService.php,Line=294]
2019-03-17T17:17:58+07:00 [5873] DEBUG default - [User=Ratchawan Jarumanee (ratchawan.j@vistec.ac.th)] applies 0 allowed 1, ids 25 requested 2 [File=/var/www/html/booking/lib/Application/Attributes/AttributeService.php,Line=294]
2019-03-17T17:17:58+07:00 [5873] DEBUG default - [User=Ratchawan Jarumanee (ratchawan.j@vistec.ac.th)] applies 0 allowed 1, ids 16 requested 2 [File=/var/www/html/booking/lib/Application/Attributes/AttributeService.php,Line=294]
2019-03-17T17:17:58+07:00 [5873] DEBUG default - [User=Ratchawan Jarumanee (ratchawan.j@vistec.ac.th)] applies 0 allowed 1, ids 25 requested 2 [File=/var/www/html/booking/lib/Application/Attributes/AttributeService.php,Line=294]
2019-03-17T17:17:58+07:00 [5873] DEBUG default - [User=Ratchawan Jarumanee (ratchawan.j@vistec.ac.th)] applies 0 allowed 0, ids 29 requested 2 [File=/var/www/html/booking/lib/Application/Attributes/AttributeService.php,Line=294]
2019-03-17T17:17:58+07:00 [5873] DEBUG default - [User=Ratchawan Jarumanee (ratchawan.j@vistec.ac.th)] applies 1 allowed 1, ids 2 requested 2 [File=/var/www/html/booking/lib/Application/Attributes/AttributeService.php,Line=294]
2019-03-17T17:17:58+07:00 [5873] DEBUG default - [User=Ratchawan Jarumanee (ratchawan.j@vistec.ac.th)] applies 0 allowed 1, ids 18 requested 2 [File=/var/www/html/booking/lib/Application/Attributes/AttributeService.php,Line=294]
2019-03-17T17:17:58+07:00 [5873] DEBUG default - [User=Ratchawan Jarumanee (ratchawan.j@vistec.ac.th)] applies 0 allowed 1, ids 26 requested 2 [File=/var/www/html/booking/lib/Application/Attributes/AttributeService.php,Line=294]
2019-03-17T17:17:58+07:00 [5873] DEBUG default - [User=Ratchawan Jarumanee (ratchawan.j@vistec.ac.th)] applies 0 allowed 1, ids 15 requested 2 [File=/var/www/html/booking/lib/Application/Attributes/AttributeService.php,Line=294]
2019-03-17T17:17:58+07:00 [5873] DEBUG default - [User=Ratchawan Jarumanee (ratchawan.j@vistec.ac.th)] applies 0 allowed 4, ids 23,26,22,21 requested 2 [File=/var/www/html/booking/lib/Application/Attributes/AttributeService.php,Line=294]
2019-03-17T17:17:58+07:00 [5873] DEBUG default - [User=Ratchawan Jarumanee (ratchawan.j@vistec.ac.th)] applies 0 allowed 4, ids 23,26,22,29,21 requested 2 [File=/var/www/html/booking/lib/Application/Attributes/AttributeService.php,Line=294]
2019-03-17T17:17:58+07:00 [5873] DEBUG default - [User=Ratchawan Jarumanee (ratchawan.j@vistec.ac.th)] applies 1 allowed 2, ids 18,2 requested 2 [File=/var/www/html/booking/lib/Application/Attributes/AttributeService.php,Line=294]
2019-03-17T17:18:07+07:00 [7859] DEBUG default - [User=Ratchawan Jarumanee (ratchawan.j@vistec.ac.th)] ReservationRepository::LoadByReferenceNumber() - ReferenceNumber: 5c8e1ec2eddce125791927 [File=/var/www/html/booking/Domain/Access/ReservationRepository.php,Line=34]
2019-03-17T17:18:07+07:00 [7859] DEBUG default - [User=Ratchawan Jarumanee (ratchawan.j@vistec.ac.th)] Removing series 621 [File=/var/www/html/booking/Domain/ExistingReservationSeries.php,Line=356]
2019-03-17T17:18:07+07:00 [7859] DEBUG default - [User=Ratchawan Jarumanee (ratchawan.j@vistec.ac.th)] Deleting reservation 5c8e1ec2eddce125791927 [File=/var/www/html/booking/Presenters/Reservation/ReservationDeletePresenter.php,Line=89]
2019-03-17T17:18:07+07:00 [7859] DEBUG default - [User=Ratchawan Jarumanee (ratchawan.j@vistec.ac.th)] submitted retry params NULL [File=/var/www/html/booking/lib/Application/Reservation/ReservationHandler.php,Line=103]
2019-03-17T17:18:07+07:00 [7859] DEBUG default - [User=Ratchawan Jarumanee (ratchawan.j@vistec.ac.th)] Tool Mode is  [File=/var/www/html/booking/lib/Application/Reservation/ReservationHandler.php,Line=717]
2019-03-17T17:18:07+07:00 [7859] DEBUG default - [User=Ratchawan Jarumanee (ratchawan.j@vistec.ac.th)] Validating rule ReservationDateTimeRule. Passed?: 1 [File=/var/www/html/booking/lib/Application/Reservation/Validation/ReservationValidationRuleProcessor.php,Line=35]
2019-03-17T17:18:07+07:00 [7859] DEBUG default - [User=Ratchawan Jarumanee (ratchawan.j@vistec.ac.th)] Validating rule ReservationBasicInfoRule. Passed?: 1 [File=/var/www/html/booking/lib/Application/Reservation/Validation/ReservationValidationRuleProcessor.php,Line=35]
2019-03-17T17:18:07+07:00 [7859] DEBUG default - [User=Ratchawan Jarumanee (ratchawan.j@vistec.ac.th)] Start Time Rule: Comparing 2019-03-21 13:00:00 Asia/Bangkok to 2019-03-17 17:18:07 Asia/Bangkok [File=/var/www/html/booking/lib/Application/Reservation/Validation/ReservationStartTimeRule.php,Line=63]
2019-03-17T17:18:07+07:00 [7859] DEBUG default - [User=Ratchawan Jarumanee (ratchawan.j@vistec.ac.th)] Validating rule AdminExcludedRule. Passed?: 1 [File=/var/www/html/booking/lib/Application/Reservation/Validation/ReservationValidationRuleProcessor.php,Line=35]
2019-03-17T17:18:07+07:00 [7859] DEBUG default - [User=Ratchawan Jarumanee (ratchawan.j@vistec.ac.th)] Validating rule AdminExcludedRule. Passed?: 1 [File=/var/www/html/booking/lib/Application/Reservation/Validation/ReservationValidationRuleProcessor.php,Line=35]
2019-03-17T17:18:07+07:00 [7859] DEBUG default - [User=Ratchawan Jarumanee (ratchawan.j@vistec.ac.th)] Validating rule AdminExcludedRule. Passed?: 1 [File=/var/www/html/booking/lib/Application/Reservation/Validation/ReservationValidationRuleProcessor.php,Line=35]
2019-03-17T17:18:07+07:00 [7859] DEBUG default - [User=Ratchawan Jarumanee (ratchawan.j@vistec.ac.th)] Validating rule AdminExcludedRule. Passed?: 1 [File=/var/www/html/booking/lib/Application/Reservation/Validation/ReservationValidationRuleProcessor.php,Line=35]
2019-03-17T17:18:07+07:00 [7859] DEBUG default - [User=Ratchawan Jarumanee (ratchawan.j@vistec.ac.th)] Validating rule AdminExcludedRule. Passed?: 1 [File=/var/www/html/booking/lib/Application/Reservation/Validation/ReservationValidationRuleProcessor.php,Line=35]
2019-03-17T17:18:07+07:00 [7859] DEBUG default - [User=Ratchawan Jarumanee (ratchawan.j@vistec.ac.th)] Validating rule ReservationAttachmentRule. Passed?: 1 [File=/var/www/html/booking/lib/Application/Reservation/Validation/ReservationValidationRuleProcessor.php,Line=35]
2019-03-17T17:18:07+07:00 [7859] DEBUG default - [User=Ratchawan Jarumanee (ratchawan.j@vistec.ac.th)] Validating rule AdminExcludedRule. Passed?: 1 [File=/var/www/html/booking/lib/Application/Reservation/Validation/ReservationValidationRuleProcessor.php,Line=35]
2019-03-17T17:18:07+07:00 [7859] DEBUG default - [User=Ratchawan Jarumanee (ratchawan.j@vistec.ac.th)] Calling notify on OwnerEmailDeletedNotification for reservation 5c8e1ec2eddce125791927 [File=/var/www/html/booking/lib/Application/Reservation/Notification/IReservationNotificationService.php,Line=53]
2019-03-17T17:18:07+07:00 [7859] DEBUG default - [User=Ratchawan Jarumanee (ratchawan.j@vistec.ac.th)] Adding email attachment reservation.ics [File=/var/www/html/booking/lib/Email/EmailService.php,Line=89]
2019-03-17T17:18:07+07:00 [7859] DEBUG default - [User=Ratchawan Jarumanee (ratchawan.j@vistec.ac.th)] Sending ReservationDeletedEmail email to: ratchawan.j@vistec.ac.th from: ratchawan.j@vistec.ac.th [File=/var/www/html/booking/lib/Email/EmailService.php,Line=93]
2019-03-17T17:18:09+07:00 [7859] DEBUG default - [User=Ratchawan Jarumanee (ratchawan.j@vistec.ac.th)] Email send success: 1.  [File=/var/www/html/booking/lib/Email/EmailService.php,Line=105]
2019-03-17T17:18:09+07:00 [7859] DEBUG default - [User=Ratchawan Jarumanee (ratchawan.j@vistec.ac.th)] Calling notify on ParticipantDeletedEmailNotification for reservation 5c8e1ec2eddce125791927 [File=/var/www/html/booking/lib/Application/Reservation/Notification/IReservationNotificationService.php,Line=53]
2019-03-17T17:18:09+07:00 [7859] DEBUG default - [User=Ratchawan Jarumanee (ratchawan.j@vistec.ac.th)] Calling notify on AdminEmailDeletedNotification for reservation 5c8e1ec2eddce125791927 [File=/var/www/html/booking/lib/Application/Reservation/Notification/IReservationNotificationService.php,Line=53]
2019-03-17T17:18:09+07:00 [7859] DEBUG default - [User=Ratchawan Jarumanee (ratchawan.j@vistec.ac.th)] Calling notify on GuestDeletedEmailNotification for reservation 5c8e1ec2eddce125791927 [File=/var/www/html/booking/lib/Application/Reservation/Notification/IReservationNotificationService.php,Line=53]
2019-03-17T17:18:21+07:00 [7859] DEBUG default - [User=Ratchawan Jarumanee (ratchawan.j@vistec.ac.th)] applies 0 allowed 1, ids 2 requested NaN [File=/var/www/html/booking/lib/Application/Attributes/AttributeService.php,Line=294]
2019-03-17T17:18:21+07:00 [7859] DEBUG default - [User=Ratchawan Jarumanee (ratchawan.j@vistec.ac.th)] applies 0 allowed 1, ids 18 requested NaN [File=/var/www/html/booking/lib/Application/Attributes/AttributeService.php,Line=294]
2019-03-17T17:18:21+07:00 [7859] DEBUG default - [User=Ratchawan Jarumanee (ratchawan.j@vistec.ac.th)] applies 0 allowed 1, ids 25 requested NaN [File=/var/www/html/booking/lib/Application/Attributes/AttributeService.php,Line=294]
2019-03-17T17:18:21+07:00 [7859] DEBUG default - [User=Ratchawan Jarumanee (ratchawan.j@vistec.ac.th)] applies 0 allowed 1, ids 16 requested NaN [File=/var/www/html/booking/lib/Application/Attributes/AttributeService.php,Line=294]
2019-03-17T17:18:21+07:00 [7859] DEBUG default - [User=Ratchawan Jarumanee (ratchawan.j@vistec.ac.th)] applies 0 allowed 1, ids 25 requested NaN [File=/var/www/html/booking/lib/Application/Attributes/AttributeService.php,Line=294]
2019-03-17T17:18:21+07:00 [7859] DEBUG default - [User=Ratchawan Jarumanee (ratchawan.j@vistec.ac.th)] applies 0 allowed 0, ids 29 requested NaN [File=/var/www/html/booking/lib/Application/Attributes/AttributeService.php,Line=294]
2019-03-17T17:18:21+07:00 [7859] DEBUG default - [User=Ratchawan Jarumanee (ratchawan.j@vistec.ac.th)] applies 0 allowed 1, ids 2 requested NaN [File=/var/www/html/booking/lib/Application/Attributes/AttributeService.php,Line=294]
2019-03-17T17:18:21+07:00 [7859] DEBUG default - [User=Ratchawan Jarumanee (ratchawan.j@vistec.ac.th)] applies 0 allowed 1, ids 18 requested NaN [File=/var/www/html/booking/lib/Application/Attributes/AttributeService.php,Line=294]
2019-03-17T17:18:21+07:00 [7859] DEBUG default - [User=Ratchawan Jarumanee (ratchawan.j@vistec.ac.th)] applies 0 allowed 1, ids 26 requested NaN [File=/var/www/html/booking/lib/Application/Attributes/AttributeService.php,Line=294]
2019-03-17T17:18:21+07:00 [7859] DEBUG default - [User=Ratchawan Jarumanee (ratchawan.j@vistec.ac.th)] applies 0 allowed 1, ids 15 requested NaN [File=/var/www/html/booking/lib/Application/Attributes/AttributeService.php,Line=294]
2019-03-17T17:18:21+07:00 [7859] DEBUG default - [User=Ratchawan Jarumanee (ratchawan.j@vistec.ac.th)] applies 0 allowed 4, ids 23,26,22,21 requested NaN [File=/var/www/html/booking/lib/Application/Attributes/AttributeService.php,Line=294]
2019-03-17T17:18:21+07:00 [7859] DEBUG default - [User=Ratchawan Jarumanee (ratchawan.j@vistec.ac.th)] applies 0 allowed 4, ids 23,26,22,29,21 requested NaN [File=/var/www/html/booking/lib/Application/Attributes/AttributeService.php,Line=294]
2019-03-17T17:18:21+07:00 [7859] DEBUG default - [User=Ratchawan Jarumanee (ratchawan.j@vistec.ac.th)] applies 0 allowed 2, ids 18,2 requested NaN [File=/var/www/html/booking/lib/Application/Attributes/AttributeService.php,Line=294]
2019-03-17T17:23:32+07:00 [7859] DEBUG default - [User=Ratchawan Jarumanee (ratchawan.j@vistec.ac.th)] applies 1 allowed 1, ids 2 requested 2 [File=/var/www/html/booking/lib/Application/Attributes/AttributeService.php,Line=294]
2019-03-17T17:23:32+07:00 [7859] DEBUG default - [User=Ratchawan Jarumanee (ratchawan.j@vistec.ac.th)] applies 0 allowed 1, ids 18 requested 2 [File=/var/www/html/booking/lib/Application/Attributes/AttributeService.php,Line=294]
2019-03-17T17:23:32+07:00 [7859] DEBUG default - [User=Ratchawan Jarumanee (ratchawan.j@vistec.ac.th)] applies 0 allowed 1, ids 25 requested 2 [File=/var/www/html/booking/lib/Application/Attributes/AttributeService.php,Line=294]
2019-03-17T17:23:32+07:00 [7859] DEBUG default - [User=Ratchawan Jarumanee (ratchawan.j@vistec.ac.th)] applies 0 allowed 1, ids 16 requested 2 [File=/var/www/html/booking/lib/Application/Attributes/AttributeService.php,Line=294]
2019-03-17T17:23:32+07:00 [7859] DEBUG default - [User=Ratchawan Jarumanee (ratchawan.j@vistec.ac.th)] applies 0 allowed 1, ids 25 requested 2 [File=/var/www/html/booking/lib/Application/Attributes/AttributeService.php,Line=294]
2019-03-17T17:23:32+07:00 [7859] DEBUG default - [User=Ratchawan Jarumanee (ratchawan.j@vistec.ac.th)] applies 0 allowed 0, ids 29 requested 2 [File=/var/www/html/booking/lib/Application/Attributes/AttributeService.php,Line=294]
2019-03-17T17:23:32+07:00 [7859] DEBUG default - [User=Ratchawan Jarumanee (ratchawan.j@vistec.ac.th)] applies 1 allowed 1, ids 2 requested 2 [File=/var/www/html/booking/lib/Application/Attributes/AttributeService.php,Line=294]
2019-03-17T17:23:32+07:00 [7859] DEBUG default - [User=Ratchawan Jarumanee (ratchawan.j@vistec.ac.th)] applies 0 allowed 1, ids 18 requested 2 [File=/var/www/html/booking/lib/Application/Attributes/AttributeService.php,Line=294]
2019-03-17T17:23:32+07:00 [7859] DEBUG default - [User=Ratchawan Jarumanee (ratchawan.j@vistec.ac.th)] applies 0 allowed 1, ids 26 requested 2 [File=/var/www/html/booking/lib/Application/Attributes/AttributeService.php,Line=294]
2019-03-17T17:23:32+07:00 [7859] DEBUG default - [User=Ratchawan Jarumanee (ratchawan.j@vistec.ac.th)] applies 0 allowed 1, ids 15 requested 2 [File=/var/www/html/booking/lib/Application/Attributes/AttributeService.php,Line=294]
2019-03-17T17:23:32+07:00 [7859] DEBUG default - [User=Ratchawan Jarumanee (ratchawan.j@vistec.ac.th)] applies 0 allowed 4, ids 23,26,22,21 requested 2 [File=/var/www/html/booking/lib/Application/Attributes/AttributeService.php,Line=294]
2019-03-17T17:23:32+07:00 [7859] DEBUG default - [User=Ratchawan Jarumanee (ratchawan.j@vistec.ac.th)] applies 0 allowed 4, ids 23,26,22,29,21 requested 2 [File=/var/www/html/booking/lib/Application/Attributes/AttributeService.php,Line=294]
2019-03-17T17:23:32+07:00 [7859] DEBUG default - [User=Ratchawan Jarumanee (ratchawan.j@vistec.ac.th)] applies 1 allowed 2, ids 18,2 requested 2 [File=/var/www/html/booking/lib/Application/Attributes/AttributeService.php,Line=294]
2019-03-17T22:25:58+07:00 [7859] DEBUG default - [User=Admin A. (Frc.booking@vistec.ac.th)] applies 0 allowed 1, ids 2 requested  [File=/var/www/html/booking/lib/Application/Attributes/AttributeService.php,Line=294]
2019-03-17T22:25:58+07:00 [7859] DEBUG default - [User=Admin A. (Frc.booking@vistec.ac.th)] applies 0 allowed 1, ids 18 requested  [File=/var/www/html/booking/lib/Application/Attributes/AttributeService.php,Line=294]
2019-03-17T22:25:58+07:00 [7859] DEBUG default - [User=Admin A. (Frc.booking@vistec.ac.th)] applies 0 allowed 1, ids 25 requested  [File=/var/www/html/booking/lib/Application/Attributes/AttributeService.php,Line=294]
2019-03-17T22:25:58+07:00 [7859] DEBUG default - [User=Admin A. (Frc.booking@vistec.ac.th)] applies 0 allowed 1, ids 16 requested  [File=/var/www/html/booking/lib/Application/Attributes/AttributeService.php,Line=294]
2019-03-17T22:25:58+07:00 [7859] DEBUG default - [User=Admin A. (Frc.booking@vistec.ac.th)] applies 0 allowed 1, ids 25 requested  [File=/var/www/html/booking/lib/Application/Attributes/AttributeService.php,Line=294]
2019-03-17T22:25:58+07:00 [7859] DEBUG default - [User=Admin A. (Frc.booking@vistec.ac.th)] applies 0 allowed 1, ids 29 requested  [File=/var/www/html/booking/lib/Application/Attributes/AttributeService.php,Line=294]
2019-03-17T22:25:58+07:00 [7859] DEBUG default - [User=Admin A. (Frc.booking@vistec.ac.th)] applies 0 allowed 1, ids 2 requested  [File=/var/www/html/booking/lib/Application/Attributes/AttributeService.php,Line=294]
2019-03-17T22:25:58+07:00 [7859] DEBUG default - [User=Admin A. (Frc.booking@vistec.ac.th)] applies 0 allowed 1, ids 18 requested  [File=/var/www/html/booking/lib/Application/Attributes/AttributeService.php,Line=294]
2019-03-17T22:25:58+07:00 [7859] DEBUG default - [User=Admin A. (Frc.booking@vistec.ac.th)] applies 0 allowed 1, ids 26 requested  [File=/var/www/html/booking/lib/Application/Attributes/AttributeService.php,Line=294]
2019-03-17T22:25:58+07:00 [7859] DEBUG default - [User=Admin A. (Frc.booking@vistec.ac.th)] applies 0 allowed 1, ids 15 requested  [File=/var/www/html/booking/lib/Application/Attributes/AttributeService.php,Line=294]
2019-03-17T22:25:58+07:00 [7859] DEBUG default - [User=Admin A. (Frc.booking@vistec.ac.th)] applies 0 allowed 4, ids 23,26,22,21 requested  [File=/var/www/html/booking/lib/Application/Attributes/AttributeService.php,Line=294]
2019-03-17T22:25:58+07:00 [7859] DEBUG default - [User=Admin A. (Frc.booking@vistec.ac.th)] applies 0 allowed 5, ids 23,26,22,29,21 requested  [File=/var/www/html/booking/lib/Application/Attributes/AttributeService.php,Line=294]
2019-03-17T22:25:58+07:00 [7859] DEBUG default - [User=Admin A. (Frc.booking@vistec.ac.th)] applies 0 allowed 2, ids 18,2 requested  [File=/var/www/html/booking/lib/Application/Attributes/AttributeService.php,Line=294]
2019-03-17T22:26:23+07:00 [7859] DEBUG default - [User=Admin A. (Frc.booking@vistec.ac.th)] applies 0 allowed 1, ids 2 requested  [File=/var/www/html/booking/lib/Application/Attributes/AttributeService.php,Line=294]
2019-03-17T22:26:23+07:00 [7859] DEBUG default - [User=Admin A. (Frc.booking@vistec.ac.th)] applies 0 allowed 1, ids 18 requested  [File=/var/www/html/booking/lib/Application/Attributes/AttributeService.php,Line=294]
2019-03-17T22:26:23+07:00 [7859] DEBUG default - [User=Admin A. (Frc.booking@vistec.ac.th)] applies 0 allowed 1, ids 25 requested  [File=/var/www/html/booking/lib/Application/Attributes/AttributeService.php,Line=294]
2019-03-17T22:26:23+07:00 [7859] DEBUG default - [User=Admin A. (Frc.booking@vistec.ac.th)] applies 0 allowed 1, ids 16 requested  [File=/var/www/html/booking/lib/Application/Attributes/AttributeService.php,Line=294]
2019-03-17T22:26:23+07:00 [7859] DEBUG default - [User=Admin A. (Frc.booking@vistec.ac.th)] applies 0 allowed 1, ids 25 requested  [File=/var/www/html/booking/lib/Application/Attributes/AttributeService.php,Line=294]
2019-03-17T22:26:23+07:00 [7859] DEBUG default - [User=Admin A. (Frc.booking@vistec.ac.th)] applies 0 allowed 1, ids 29 requested  [File=/var/www/html/booking/lib/Application/Attributes/AttributeService.php,Line=294]
2019-03-17T22:26:23+07:00 [7859] DEBUG default - [User=Admin A. (Frc.booking@vistec.ac.th)] applies 0 allowed 1, ids 2 requested  [File=/var/www/html/booking/lib/Application/Attributes/AttributeService.php,Line=294]
2019-03-17T22:26:23+07:00 [7859] DEBUG default - [User=Admin A. (Frc.booking@vistec.ac.th)] applies 0 allowed 1, ids 18 requested  [File=/var/www/html/booking/lib/Application/Attributes/AttributeService.php,Line=294]
2019-03-17T22:26:23+07:00 [7859] DEBUG default - [User=Admin A. (Frc.booking@vistec.ac.th)] applies 0 allowed 1, ids 26 requested  [File=/var/www/html/booking/lib/Application/Attributes/AttributeService.php,Line=294]
2019-03-17T22:26:23+07:00 [7859] DEBUG default - [User=Admin A. (Frc.booking@vistec.ac.th)] applies 0 allowed 1, ids 15 requested  [File=/var/www/html/booking/lib/Application/Attributes/AttributeService.php,Line=294]
2019-03-17T22:26:23+07:00 [7859] DEBUG default - [User=Admin A. (Frc.booking@vistec.ac.th)] applies 0 allowed 4, ids 23,26,22,21 requested  [File=/var/www/html/booking/lib/Application/Attributes/AttributeService.php,Line=294]
2019-03-17T22:26:23+07:00 [7859] DEBUG default - [User=Admin A. (Frc.booking@vistec.ac.th)] applies 0 allowed 5, ids 23,26,22,29,21 requested  [File=/var/www/html/booking/lib/Application/Attributes/AttributeService.php,Line=294]
2019-03-17T22:26:23+07:00 [7859] DEBUG default - [User=Admin A. (Frc.booking@vistec.ac.th)] applies 0 allowed 2, ids 18,2 requested  [File=/var/www/html/booking/lib/Application/Attributes/AttributeService.php,Line=294]
2019-03-17T22:26:35+07:00 [7854] DEBUG default - [User=Admin A. (Frc.booking@vistec.ac.th)] applies 0 allowed 1, ids 2 requested  [File=/var/www/html/booking/lib/Application/Attributes/AttributeService.php,Line=294]
2019-03-17T22:26:35+07:00 [7854] DEBUG default - [User=Admin A. (Frc.booking@vistec.ac.th)] applies 0 allowed 1, ids 18 requested  [File=/var/www/html/booking/lib/Application/Attributes/AttributeService.php,Line=294]
2019-03-17T22:26:35+07:00 [7854] DEBUG default - [User=Admin A. (Frc.booking@vistec.ac.th)] applies 0 allowed 1, ids 25 requested  [File=/var/www/html/booking/lib/Application/Attributes/AttributeService.php,Line=294]
2019-03-17T22:26:35+07:00 [7854] DEBUG default - [User=Admin A. (Frc.booking@vistec.ac.th)] applies 0 allowed 1, ids 16 requested  [File=/var/www/html/booking/lib/Application/Attributes/AttributeService.php,Line=294]
2019-03-17T22:26:35+07:00 [7854] DEBUG default - [User=Admin A. (Frc.booking@vistec.ac.th)] applies 0 allowed 1, ids 25 requested  [File=/var/www/html/booking/lib/Application/Attributes/AttributeService.php,Line=294]
2019-03-17T22:26:35+07:00 [7854] DEBUG default - [User=Admin A. (Frc.booking@vistec.ac.th)] applies 0 allowed 1, ids 29 requested  [File=/var/www/html/booking/lib/Application/Attributes/AttributeService.php,Line=294]
2019-03-17T22:26:35+07:00 [7854] DEBUG default - [User=Admin A. (Frc.booking@vistec.ac.th)] applies 0 allowed 1, ids 2 requested  [File=/var/www/html/booking/lib/Application/Attributes/AttributeService.php,Line=294]
2019-03-17T22:26:35+07:00 [7854] DEBUG default - [User=Admin A. (Frc.booking@vistec.ac.th)] applies 0 allowed 1, ids 18 requested  [File=/var/www/html/booking/lib/Application/Attributes/AttributeService.php,Line=294]
2019-03-17T22:26:35+07:00 [7854] DEBUG default - [User=Admin A. (Frc.booking@vistec.ac.th)] applies 0 allowed 1, ids 26 requested  [File=/var/www/html/booking/lib/Application/Attributes/AttributeService.php,Line=294]
2019-03-17T22:26:35+07:00 [7854] DEBUG default - [User=Admin A. (Frc.booking@vistec.ac.th)] applies 0 allowed 1, ids 15 requested  [File=/var/www/html/booking/lib/Application/Attributes/AttributeService.php,Line=294]
2019-03-17T22:26:35+07:00 [7854] DEBUG default - [User=Admin A. (Frc.booking@vistec.ac.th)] applies 0 allowed 4, ids 23,26,22,21 requested  [File=/var/www/html/booking/lib/Application/Attributes/AttributeService.php,Line=294]
2019-03-17T22:26:35+07:00 [7854] DEBUG default - [User=Admin A. (Frc.booking@vistec.ac.th)] applies 0 allowed 5, ids 23,26,22,29,21 requested  [File=/var/www/html/booking/lib/Application/Attributes/AttributeService.php,Line=294]
2019-03-17T22:26:35+07:00 [7854] DEBUG default - [User=Admin A. (Frc.booking@vistec.ac.th)] applies 0 allowed 2, ids 18,2 requested  [File=/var/www/html/booking/lib/Application/Attributes/AttributeService.php,Line=294]
2019-03-17T22:26:42+07:00 [5873] DEBUG default - [User=Admin A. (Frc.booking@vistec.ac.th)] applies 0 allowed 1, ids 2 requested  [File=/var/www/html/booking/lib/Application/Attributes/AttributeService.php,Line=294]
2019-03-17T22:26:43+07:00 [5873] DEBUG default - [User=Admin A. (Frc.booking@vistec.ac.th)] applies 0 allowed 1, ids 18 requested  [File=/var/www/html/booking/lib/Application/Attributes/AttributeService.php,Line=294]
2019-03-17T22:26:43+07:00 [5873] DEBUG default - [User=Admin A. (Frc.booking@vistec.ac.th)] applies 0 allowed 1, ids 25 requested  [File=/var/www/html/booking/lib/Application/Attributes/AttributeService.php,Line=294]
2019-03-17T22:26:43+07:00 [5873] DEBUG default - [User=Admin A. (Frc.booking@vistec.ac.th)] applies 0 allowed 1, ids 16 requested  [File=/var/www/html/booking/lib/Application/Attributes/AttributeService.php,Line=294]
2019-03-17T22:26:43+07:00 [5873] DEBUG default - [User=Admin A. (Frc.booking@vistec.ac.th)] applies 0 allowed 1, ids 25 requested  [File=/var/www/html/booking/lib/Application/Attributes/AttributeService.php,Line=294]
2019-03-17T22:26:43+07:00 [5873] DEBUG default - [User=Admin A. (Frc.booking@vistec.ac.th)] applies 0 allowed 1, ids 29 requested  [File=/var/www/html/booking/lib/Application/Attributes/AttributeService.php,Line=294]
2019-03-17T22:26:43+07:00 [5873] DEBUG default - [User=Admin A. (Frc.booking@vistec.ac.th)] applies 0 allowed 1, ids 2 requested  [File=/var/www/html/booking/lib/Application/Attributes/AttributeService.php,Line=294]
2019-03-17T22:26:43+07:00 [5873] DEBUG default - [User=Admin A. (Frc.booking@vistec.ac.th)] applies 0 allowed 1, ids 18 requested  [File=/var/www/html/booking/lib/Application/Attributes/AttributeService.php,Line=294]
2019-03-17T22:26:43+07:00 [5873] DEBUG default - [User=Admin A. (Frc.booking@vistec.ac.th)] applies 0 allowed 1, ids 26 requested  [File=/var/www/html/booking/lib/Application/Attributes/AttributeService.php,Line=294]
2019-03-17T22:26:43+07:00 [5873] DEBUG default - [User=Admin A. (Frc.booking@vistec.ac.th)] applies 0 allowed 1, ids 15 requested  [File=/var/www/html/booking/lib/Application/Attributes/AttributeService.php,Line=294]
2019-03-17T22:26:43+07:00 [5873] DEBUG default - [User=Admin A. (Frc.booking@vistec.ac.th)] applies 0 allowed 4, ids 23,26,22,21 requested  [File=/var/www/html/booking/lib/Application/Attributes/AttributeService.php,Line=294]
2019-03-17T22:26:43+07:00 [5873] DEBUG default - [User=Admin A. (Frc.booking@vistec.ac.th)] applies 0 allowed 5, ids 23,26,22,29,21 requested  [File=/var/www/html/booking/lib/Application/Attributes/AttributeService.php,Line=294]
2019-03-17T22:26:43+07:00 [5873] DEBUG default - [User=Admin A. (Frc.booking@vistec.ac.th)] applies 0 allowed 2, ids 18,2 requested  [File=/var/www/html/booking/lib/Application/Attributes/AttributeService.php,Line=294]
2019-03-17T22:26:46+07:00 [7859] DEBUG default - [User=Admin A. (Frc.booking@vistec.ac.th)] applies 0 allowed 1, ids 2 requested  [File=/var/www/html/booking/lib/Application/Attributes/AttributeService.php,Line=294]
2019-03-17T22:26:46+07:00 [7859] DEBUG default - [User=Admin A. (Frc.booking@vistec.ac.th)] applies 0 allowed 1, ids 18 requested  [File=/var/www/html/booking/lib/Application/Attributes/AttributeService.php,Line=294]
2019-03-17T22:26:46+07:00 [7859] DEBUG default - [User=Admin A. (Frc.booking@vistec.ac.th)] applies 0 allowed 1, ids 25 requested  [File=/var/www/html/booking/lib/Application/Attributes/AttributeService.php,Line=294]
2019-03-17T22:26:46+07:00 [7859] DEBUG default - [User=Admin A. (Frc.booking@vistec.ac.th)] applies 0 allowed 1, ids 16 requested  [File=/var/www/html/booking/lib/Application/Attributes/AttributeService.php,Line=294]
2019-03-17T22:26:46+07:00 [7859] DEBUG default - [User=Admin A. (Frc.booking@vistec.ac.th)] applies 0 allowed 1, ids 25 requested  [File=/var/www/html/booking/lib/Application/Attributes/AttributeService.php,Line=294]
2019-03-17T22:26:46+07:00 [7859] DEBUG default - [User=Admin A. (Frc.booking@vistec.ac.th)] applies 0 allowed 1, ids 29 requested  [File=/var/www/html/booking/lib/Application/Attributes/AttributeService.php,Line=294]
2019-03-17T22:26:46+07:00 [7859] DEBUG default - [User=Admin A. (Frc.booking@vistec.ac.th)] applies 0 allowed 1, ids 2 requested  [File=/var/www/html/booking/lib/Application/Attributes/AttributeService.php,Line=294]
2019-03-17T22:26:46+07:00 [7859] DEBUG default - [User=Admin A. (Frc.booking@vistec.ac.th)] applies 0 allowed 1, ids 18 requested  [File=/var/www/html/booking/lib/Application/Attributes/AttributeService.php,Line=294]
2019-03-17T22:26:46+07:00 [7859] DEBUG default - [User=Admin A. (Frc.booking@vistec.ac.th)] applies 0 allowed 1, ids 26 requested  [File=/var/www/html/booking/lib/Application/Attributes/AttributeService.php,Line=294]
2019-03-17T22:26:46+07:00 [7859] DEBUG default - [User=Admin A. (Frc.booking@vistec.ac.th)] applies 0 allowed 1, ids 15 requested  [File=/var/www/html/booking/lib/Application/Attributes/AttributeService.php,Line=294]
2019-03-17T22:26:46+07:00 [7859] DEBUG default - [User=Admin A. (Frc.booking@vistec.ac.th)] applies 0 allowed 4, ids 23,26,22,21 requested  [File=/var/www/html/booking/lib/Application/Attributes/AttributeService.php,Line=294]
2019-03-17T22:26:46+07:00 [7859] DEBUG default - [User=Admin A. (Frc.booking@vistec.ac.th)] applies 0 allowed 5, ids 23,26,22,29,21 requested  [File=/var/www/html/booking/lib/Application/Attributes/AttributeService.php,Line=294]
2019-03-17T22:26:46+07:00 [7859] DEBUG default - [User=Admin A. (Frc.booking@vistec.ac.th)] applies 0 allowed 2, ids 18,2 requested  [File=/var/www/html/booking/lib/Application/Attributes/AttributeService.php,Line=294]
2019-03-17T22:26:49+07:00 [7854] DEBUG default - [User=Admin A. (Frc.booking@vistec.ac.th)] applies 0 allowed 1, ids 2 requested  [File=/var/www/html/booking/lib/Application/Attributes/AttributeService.php,Line=294]
2019-03-17T22:26:49+07:00 [7854] DEBUG default - [User=Admin A. (Frc.booking@vistec.ac.th)] applies 0 allowed 1, ids 18 requested  [File=/var/www/html/booking/lib/Application/Attributes/AttributeService.php,Line=294]
2019-03-17T22:26:49+07:00 [7854] DEBUG default - [User=Admin A. (Frc.booking@vistec.ac.th)] applies 0 allowed 1, ids 25 requested  [File=/var/www/html/booking/lib/Application/Attributes/AttributeService.php,Line=294]
2019-03-17T22:26:49+07:00 [7854] DEBUG default - [User=Admin A. (Frc.booking@vistec.ac.th)] applies 0 allowed 1, ids 16 requested  [File=/var/www/html/booking/lib/Application/Attributes/AttributeService.php,Line=294]
2019-03-17T22:26:49+07:00 [7854] DEBUG default - [User=Admin A. (Frc.booking@vistec.ac.th)] applies 0 allowed 1, ids 25 requested  [File=/var/www/html/booking/lib/Application/Attributes/AttributeService.php,Line=294]
2019-03-17T22:26:49+07:00 [7854] DEBUG default - [User=Admin A. (Frc.booking@vistec.ac.th)] applies 0 allowed 1, ids 29 requested  [File=/var/www/html/booking/lib/Application/Attributes/AttributeService.php,Line=294]
2019-03-17T22:26:49+07:00 [7854] DEBUG default - [User=Admin A. (Frc.booking@vistec.ac.th)] applies 0 allowed 1, ids 2 requested  [File=/var/www/html/booking/lib/Application/Attributes/AttributeService.php,Line=294]
2019-03-17T22:26:49+07:00 [7854] DEBUG default - [User=Admin A. (Frc.booking@vistec.ac.th)] applies 0 allowed 1, ids 18 requested  [File=/var/www/html/booking/lib/Application/Attributes/AttributeService.php,Line=294]
2019-03-17T22:26:49+07:00 [7854] DEBUG default - [User=Admin A. (Frc.booking@vistec.ac.th)] applies 0 allowed 1, ids 26 requested  [File=/var/www/html/booking/lib/Application/Attributes/AttributeService.php,Line=294]
2019-03-17T22:26:49+07:00 [7854] DEBUG default - [User=Admin A. (Frc.booking@vistec.ac.th)] applies 0 allowed 1, ids 15 requested  [File=/var/www/html/booking/lib/Application/Attributes/AttributeService.php,Line=294]
2019-03-17T22:26:49+07:00 [7854] DEBUG default - [User=Admin A. (Frc.booking@vistec.ac.th)] applies 0 allowed 4, ids 23,26,22,21 requested  [File=/var/www/html/booking/lib/Application/Attributes/AttributeService.php,Line=294]
2019-03-17T22:26:49+07:00 [7854] DEBUG default - [User=Admin A. (Frc.booking@vistec.ac.th)] applies 0 allowed 5, ids 23,26,22,29,21 requested  [File=/var/www/html/booking/lib/Application/Attributes/AttributeService.php,Line=294]
2019-03-17T22:26:49+07:00 [7854] DEBUG default - [User=Admin A. (Frc.booking@vistec.ac.th)] applies 0 allowed 2, ids 18,2 requested  [File=/var/www/html/booking/lib/Application/Attributes/AttributeService.php,Line=294]
2019-03-17T22:26:52+07:00 [5873] DEBUG default - [User=Admin A. (Frc.booking@vistec.ac.th)] applies 0 allowed 1, ids 2 requested  [File=/var/www/html/booking/lib/Application/Attributes/AttributeService.php,Line=294]
2019-03-17T22:26:52+07:00 [5873] DEBUG default - [User=Admin A. (Frc.booking@vistec.ac.th)] applies 0 allowed 1, ids 18 requested  [File=/var/www/html/booking/lib/Application/Attributes/AttributeService.php,Line=294]
2019-03-17T22:26:52+07:00 [5873] DEBUG default - [User=Admin A. (Frc.booking@vistec.ac.th)] applies 0 allowed 1, ids 25 requested  [File=/var/www/html/booking/lib/Application/Attributes/AttributeService.php,Line=294]
2019-03-17T22:26:52+07:00 [5873] DEBUG default - [User=Admin A. (Frc.booking@vistec.ac.th)] applies 0 allowed 1, ids 16 requested  [File=/var/www/html/booking/lib/Application/Attributes/AttributeService.php,Line=294]
2019-03-17T22:26:52+07:00 [5873] DEBUG default - [User=Admin A. (Frc.booking@vistec.ac.th)] applies 0 allowed 1, ids 25 requested  [File=/var/www/html/booking/lib/Application/Attributes/AttributeService.php,Line=294]
2019-03-17T22:26:52+07:00 [5873] DEBUG default - [User=Admin A. (Frc.booking@vistec.ac.th)] applies 0 allowed 1, ids 29 requested  [File=/var/www/html/booking/lib/Application/Attributes/AttributeService.php,Line=294]
2019-03-17T22:26:52+07:00 [5873] DEBUG default - [User=Admin A. (Frc.booking@vistec.ac.th)] applies 0 allowed 1, ids 2 requested  [File=/var/www/html/booking/lib/Application/Attributes/AttributeService.php,Line=294]
2019-03-17T22:26:52+07:00 [5873] DEBUG default - [User=Admin A. (Frc.booking@vistec.ac.th)] applies 0 allowed 1, ids 18 requested  [File=/var/www/html/booking/lib/Application/Attributes/AttributeService.php,Line=294]
2019-03-17T22:26:52+07:00 [5873] DEBUG default - [User=Admin A. (Frc.booking@vistec.ac.th)] applies 0 allowed 1, ids 26 requested  [File=/var/www/html/booking/lib/Application/Attributes/AttributeService.php,Line=294]
2019-03-17T22:26:52+07:00 [5873] DEBUG default - [User=Admin A. (Frc.booking@vistec.ac.th)] applies 0 allowed 1, ids 15 requested  [File=/var/www/html/booking/lib/Application/Attributes/AttributeService.php,Line=294]
2019-03-17T22:26:52+07:00 [5873] DEBUG default - [User=Admin A. (Frc.booking@vistec.ac.th)] applies 0 allowed 4, ids 23,26,22,21 requested  [File=/var/www/html/booking/lib/Application/Attributes/AttributeService.php,Line=294]
2019-03-17T22:26:52+07:00 [5873] DEBUG default - [User=Admin A. (Frc.booking@vistec.ac.th)] applies 0 allowed 5, ids 23,26,22,29,21 requested  [File=/var/www/html/booking/lib/Application/Attributes/AttributeService.php,Line=294]
2019-03-17T22:26:52+07:00 [5873] DEBUG default - [User=Admin A. (Frc.booking@vistec.ac.th)] applies 0 allowed 2, ids 18,2 requested  [File=/var/www/html/booking/lib/Application/Attributes/AttributeService.php,Line=294]
2019-03-17T22:26:54+07:00 [7859] DEBUG default - [User=Admin A. (Frc.booking@vistec.ac.th)] applies 0 allowed 1, ids 2 requested  [File=/var/www/html/booking/lib/Application/Attributes/AttributeService.php,Line=294]
2019-03-17T22:26:54+07:00 [7859] DEBUG default - [User=Admin A. (Frc.booking@vistec.ac.th)] applies 0 allowed 1, ids 18 requested  [File=/var/www/html/booking/lib/Application/Attributes/AttributeService.php,Line=294]
2019-03-17T22:26:54+07:00 [7859] DEBUG default - [User=Admin A. (Frc.booking@vistec.ac.th)] applies 0 allowed 1, ids 25 requested  [File=/var/www/html/booking/lib/Application/Attributes/AttributeService.php,Line=294]
2019-03-17T22:26:54+07:00 [7859] DEBUG default - [User=Admin A. (Frc.booking@vistec.ac.th)] applies 0 allowed 1, ids 16 requested  [File=/var/www/html/booking/lib/Application/Attributes/AttributeService.php,Line=294]
2019-03-17T22:26:54+07:00 [7859] DEBUG default - [User=Admin A. (Frc.booking@vistec.ac.th)] applies 0 allowed 1, ids 25 requested  [File=/var/www/html/booking/lib/Application/Attributes/AttributeService.php,Line=294]
2019-03-17T22:26:54+07:00 [7859] DEBUG default - [User=Admin A. (Frc.booking@vistec.ac.th)] applies 0 allowed 1, ids 29 requested  [File=/var/www/html/booking/lib/Application/Attributes/AttributeService.php,Line=294]
2019-03-17T22:26:54+07:00 [7859] DEBUG default - [User=Admin A. (Frc.booking@vistec.ac.th)] applies 0 allowed 1, ids 2 requested  [File=/var/www/html/booking/lib/Application/Attributes/AttributeService.php,Line=294]
2019-03-17T22:26:54+07:00 [7859] DEBUG default - [User=Admin A. (Frc.booking@vistec.ac.th)] applies 0 allowed 1, ids 18 requested  [File=/var/www/html/booking/lib/Application/Attributes/AttributeService.php,Line=294]
2019-03-17T22:26:54+07:00 [7859] DEBUG default - [User=Admin A. (Frc.booking@vistec.ac.th)] applies 0 allowed 1, ids 26 requested  [File=/var/www/html/booking/lib/Application/Attributes/AttributeService.php,Line=294]
2019-03-17T22:26:54+07:00 [7859] DEBUG default - [User=Admin A. (Frc.booking@vistec.ac.th)] applies 0 allowed 1, ids 15 requested  [File=/var/www/html/booking/lib/Application/Attributes/AttributeService.php,Line=294]
2019-03-17T22:26:54+07:00 [7859] DEBUG default - [User=Admin A. (Frc.booking@vistec.ac.th)] applies 0 allowed 4, ids 23,26,22,21 requested  [File=/var/www/html/booking/lib/Application/Attributes/AttributeService.php,Line=294]
2019-03-17T22:26:54+07:00 [7859] DEBUG default - [User=Admin A. (Frc.booking@vistec.ac.th)] applies 0 allowed 5, ids 23,26,22,29,21 requested  [File=/var/www/html/booking/lib/Application/Attributes/AttributeService.php,Line=294]
2019-03-17T22:26:54+07:00 [7859] DEBUG default - [User=Admin A. (Frc.booking@vistec.ac.th)] applies 0 allowed 2, ids 18,2 requested  [File=/var/www/html/booking/lib/Application/Attributes/AttributeService.php,Line=294]
2019-03-17T22:26:57+07:00 [7854] DEBUG default - [User=Admin A. (Frc.booking@vistec.ac.th)] applies 0 allowed 1, ids 2 requested  [File=/var/www/html/booking/lib/Application/Attributes/AttributeService.php,Line=294]
2019-03-17T22:26:57+07:00 [7854] DEBUG default - [User=Admin A. (Frc.booking@vistec.ac.th)] applies 0 allowed 1, ids 18 requested  [File=/var/www/html/booking/lib/Application/Attributes/AttributeService.php,Line=294]
2019-03-17T22:26:57+07:00 [7854] DEBUG default - [User=Admin A. (Frc.booking@vistec.ac.th)] applies 0 allowed 1, ids 25 requested  [File=/var/www/html/booking/lib/Application/Attributes/AttributeService.php,Line=294]
2019-03-17T22:26:57+07:00 [7854] DEBUG default - [User=Admin A. (Frc.booking@vistec.ac.th)] applies 0 allowed 1, ids 16 requested  [File=/var/www/html/booking/lib/Application/Attributes/AttributeService.php,Line=294]
2019-03-17T22:26:57+07:00 [7854] DEBUG default - [User=Admin A. (Frc.booking@vistec.ac.th)] applies 0 allowed 1, ids 25 requested  [File=/var/www/html/booking/lib/Application/Attributes/AttributeService.php,Line=294]
2019-03-17T22:26:57+07:00 [7854] DEBUG default - [User=Admin A. (Frc.booking@vistec.ac.th)] applies 0 allowed 1, ids 29 requested  [File=/var/www/html/booking/lib/Application/Attributes/AttributeService.php,Line=294]
2019-03-17T22:26:57+07:00 [7854] DEBUG default - [User=Admin A. (Frc.booking@vistec.ac.th)] applies 0 allowed 1, ids 2 requested  [File=/var/www/html/booking/lib/Application/Attributes/AttributeService.php,Line=294]
2019-03-17T22:26:57+07:00 [7854] DEBUG default - [User=Admin A. (Frc.booking@vistec.ac.th)] applies 0 allowed 1, ids 18 requested  [File=/var/www/html/booking/lib/Application/Attributes/AttributeService.php,Line=294]
2019-03-17T22:26:57+07:00 [7854] DEBUG default - [User=Admin A. (Frc.booking@vistec.ac.th)] applies 0 allowed 1, ids 26 requested  [File=/var/www/html/booking/lib/Application/Attributes/AttributeService.php,Line=294]
2019-03-17T22:26:57+07:00 [7854] DEBUG default - [User=Admin A. (Frc.booking@vistec.ac.th)] applies 0 allowed 1, ids 15 requested  [File=/var/www/html/booking/lib/Application/Attributes/AttributeService.php,Line=294]
2019-03-17T22:26:57+07:00 [7854] DEBUG default - [User=Admin A. (Frc.booking@vistec.ac.th)] applies 0 allowed 4, ids 23,26,22,21 requested  [File=/var/www/html/booking/lib/Application/Attributes/AttributeService.php,Line=294]
2019-03-17T22:26:57+07:00 [7854] DEBUG default - [User=Admin A. (Frc.booking@vistec.ac.th)] applies 0 allowed 5, ids 23,26,22,29,21 requested  [File=/var/www/html/booking/lib/Application/Attributes/AttributeService.php,Line=294]
2019-03-17T22:26:57+07:00 [7854] DEBUG default - [User=Admin A. (Frc.booking@vistec.ac.th)] applies 0 allowed 2, ids 18,2 requested  [File=/var/www/html/booking/lib/Application/Attributes/AttributeService.php,Line=294]
2019-03-17T22:27:10+07:00 [7854] DEBUG default - [User=Admin A. (Frc.booking@vistec.ac.th)] applies 0 allowed 1, ids 2 requested  [File=/var/www/html/booking/lib/Application/Attributes/AttributeService.php,Line=294]
2019-03-17T22:27:10+07:00 [7854] DEBUG default - [User=Admin A. (Frc.booking@vistec.ac.th)] applies 0 allowed 1, ids 18 requested  [File=/var/www/html/booking/lib/Application/Attributes/AttributeService.php,Line=294]
2019-03-17T22:27:10+07:00 [7854] DEBUG default - [User=Admin A. (Frc.booking@vistec.ac.th)] applies 0 allowed 1, ids 25 requested  [File=/var/www/html/booking/lib/Application/Attributes/AttributeService.php,Line=294]
2019-03-17T22:27:10+07:00 [7854] DEBUG default - [User=Admin A. (Frc.booking@vistec.ac.th)] applies 0 allowed 1, ids 16 requested  [File=/var/www/html/booking/lib/Application/Attributes/AttributeService.php,Line=294]
2019-03-17T22:27:10+07:00 [7854] DEBUG default - [User=Admin A. (Frc.booking@vistec.ac.th)] applies 0 allowed 1, ids 25 requested  [File=/var/www/html/booking/lib/Application/Attributes/AttributeService.php,Line=294]
2019-03-17T22:27:10+07:00 [7854] DEBUG default - [User=Admin A. (Frc.booking@vistec.ac.th)] applies 0 allowed 1, ids 29 requested  [File=/var/www/html/booking/lib/Application/Attributes/AttributeService.php,Line=294]
2019-03-17T22:27:10+07:00 [7854] DEBUG default - [User=Admin A. (Frc.booking@vistec.ac.th)] applies 0 allowed 1, ids 2 requested  [File=/var/www/html/booking/lib/Application/Attributes/AttributeService.php,Line=294]
2019-03-17T22:27:10+07:00 [7854] DEBUG default - [User=Admin A. (Frc.booking@vistec.ac.th)] applies 0 allowed 1, ids 18 requested  [File=/var/www/html/booking/lib/Application/Attributes/AttributeService.php,Line=294]
2019-03-17T22:27:10+07:00 [7854] DEBUG default - [User=Admin A. (Frc.booking@vistec.ac.th)] applies 0 allowed 1, ids 26 requested  [File=/var/www/html/booking/lib/Application/Attributes/AttributeService.php,Line=294]
2019-03-17T22:27:10+07:00 [7854] DEBUG default - [User=Admin A. (Frc.booking@vistec.ac.th)] applies 0 allowed 1, ids 15 requested  [File=/var/www/html/booking/lib/Application/Attributes/AttributeService.php,Line=294]
2019-03-17T22:27:10+07:00 [7854] DEBUG default - [User=Admin A. (Frc.booking@vistec.ac.th)] applies 0 allowed 4, ids 23,26,22,21 requested  [File=/var/www/html/booking/lib/Application/Attributes/AttributeService.php,Line=294]
2019-03-17T22:27:10+07:00 [7854] DEBUG default - [User=Admin A. (Frc.booking@vistec.ac.th)] applies 0 allowed 5, ids 23,26,22,29,21 requested  [File=/var/www/html/booking/lib/Application/Attributes/AttributeService.php,Line=294]
2019-03-17T22:27:10+07:00 [7854] DEBUG default - [User=Admin A. (Frc.booking@vistec.ac.th)] applies 0 allowed 2, ids 18,2 requested  [File=/var/www/html/booking/lib/Application/Attributes/AttributeService.php,Line=294]
2019-03-17T22:27:33+07:00 [5873] DEBUG default - [User=Admin A. (Frc.booking@vistec.ac.th)] applies 0 allowed 1, ids 2 requested  [File=/var/www/html/booking/lib/Application/Attributes/AttributeService.php,Line=294]
2019-03-17T22:27:33+07:00 [5873] DEBUG default - [User=Admin A. (Frc.booking@vistec.ac.th)] applies 0 allowed 1, ids 18 requested  [File=/var/www/html/booking/lib/Application/Attributes/AttributeService.php,Line=294]
2019-03-17T22:27:33+07:00 [5873] DEBUG default - [User=Admin A. (Frc.booking@vistec.ac.th)] applies 0 allowed 1, ids 25 requested  [File=/var/www/html/booking/lib/Application/Attributes/AttributeService.php,Line=294]
2019-03-17T22:27:33+07:00 [5873] DEBUG default - [User=Admin A. (Frc.booking@vistec.ac.th)] applies 0 allowed 1, ids 16 requested  [File=/var/www/html/booking/lib/Application/Attributes/AttributeService.php,Line=294]
2019-03-17T22:27:33+07:00 [5873] DEBUG default - [User=Admin A. (Frc.booking@vistec.ac.th)] applies 0 allowed 1, ids 25 requested  [File=/var/www/html/booking/lib/Application/Attributes/AttributeService.php,Line=294]
2019-03-17T22:27:33+07:00 [5873] DEBUG default - [User=Admin A. (Frc.booking@vistec.ac.th)] applies 0 allowed 1, ids 29 requested  [File=/var/www/html/booking/lib/Application/Attributes/AttributeService.php,Line=294]
2019-03-17T22:27:33+07:00 [5873] DEBUG default - [User=Admin A. (Frc.booking@vistec.ac.th)] applies 0 allowed 1, ids 2 requested  [File=/var/www/html/booking/lib/Application/Attributes/AttributeService.php,Line=294]
2019-03-17T22:27:33+07:00 [5873] DEBUG default - [User=Admin A. (Frc.booking@vistec.ac.th)] applies 0 allowed 1, ids 18 requested  [File=/var/www/html/booking/lib/Application/Attributes/AttributeService.php,Line=294]
2019-03-17T22:27:33+07:00 [5873] DEBUG default - [User=Admin A. (Frc.booking@vistec.ac.th)] applies 0 allowed 1, ids 26 requested  [File=/var/www/html/booking/lib/Application/Attributes/AttributeService.php,Line=294]
2019-03-17T22:27:33+07:00 [5873] DEBUG default - [User=Admin A. (Frc.booking@vistec.ac.th)] applies 0 allowed 1, ids 15 requested  [File=/var/www/html/booking/lib/Application/Attributes/AttributeService.php,Line=294]
2019-03-17T22:27:33+07:00 [5873] DEBUG default - [User=Admin A. (Frc.booking@vistec.ac.th)] applies 0 allowed 4, ids 23,26,22,21 requested  [File=/var/www/html/booking/lib/Application/Attributes/AttributeService.php,Line=294]
2019-03-17T22:27:33+07:00 [5873] DEBUG default - [User=Admin A. (Frc.booking@vistec.ac.th)] applies 0 allowed 5, ids 23,26,22,29,21 requested  [File=/var/www/html/booking/lib/Application/Attributes/AttributeService.php,Line=294]
2019-03-17T22:27:33+07:00 [5873] DEBUG default - [User=Admin A. (Frc.booking@vistec.ac.th)] applies 0 allowed 2, ids 18,2 requested  [File=/var/www/html/booking/lib/Application/Attributes/AttributeService.php,Line=294]
2019-03-17T22:27:37+07:00 [7859] DEBUG default - [User=Admin A. (Frc.booking@vistec.ac.th)] applies 0 allowed 1, ids 2 requested 26 [File=/var/www/html/booking/lib/Application/Attributes/AttributeService.php,Line=294]
2019-03-17T22:27:37+07:00 [7859] DEBUG default - [User=Admin A. (Frc.booking@vistec.ac.th)] applies 0 allowed 1, ids 18 requested 26 [File=/var/www/html/booking/lib/Application/Attributes/AttributeService.php,Line=294]
2019-03-17T22:27:37+07:00 [7859] DEBUG default - [User=Admin A. (Frc.booking@vistec.ac.th)] applies 0 allowed 1, ids 25 requested 26 [File=/var/www/html/booking/lib/Application/Attributes/AttributeService.php,Line=294]
2019-03-17T22:27:37+07:00 [7859] DEBUG default - [User=Admin A. (Frc.booking@vistec.ac.th)] applies 0 allowed 1, ids 16 requested 26 [File=/var/www/html/booking/lib/Application/Attributes/AttributeService.php,Line=294]
2019-03-17T22:27:37+07:00 [7859] DEBUG default - [User=Admin A. (Frc.booking@vistec.ac.th)] applies 0 allowed 1, ids 25 requested 26 [File=/var/www/html/booking/lib/Application/Attributes/AttributeService.php,Line=294]
2019-03-17T22:27:37+07:00 [7859] DEBUG default - [User=Admin A. (Frc.booking@vistec.ac.th)] applies 0 allowed 1, ids 29 requested 26 [File=/var/www/html/booking/lib/Application/Attributes/AttributeService.php,Line=294]
2019-03-17T22:27:37+07:00 [7859] DEBUG default - [User=Admin A. (Frc.booking@vistec.ac.th)] applies 0 allowed 1, ids 2 requested 26 [File=/var/www/html/booking/lib/Application/Attributes/AttributeService.php,Line=294]
2019-03-17T22:27:37+07:00 [7859] DEBUG default - [User=Admin A. (Frc.booking@vistec.ac.th)] applies 0 allowed 1, ids 18 requested 26 [File=/var/www/html/booking/lib/Application/Attributes/AttributeService.php,Line=294]
2019-03-17T22:27:37+07:00 [7859] DEBUG default - [User=Admin A. (Frc.booking@vistec.ac.th)] applies 1 allowed 1, ids 26 requested 26 [File=/var/www/html/booking/lib/Application/Attributes/AttributeService.php,Line=294]
2019-03-17T22:27:37+07:00 [7859] DEBUG default - [User=Admin A. (Frc.booking@vistec.ac.th)] applies 0 allowed 1, ids 15 requested 26 [File=/var/www/html/booking/lib/Application/Attributes/AttributeService.php,Line=294]
2019-03-17T22:27:37+07:00 [7859] DEBUG default - [User=Admin A. (Frc.booking@vistec.ac.th)] applies 1 allowed 4, ids 23,26,22,21 requested 26 [File=/var/www/html/booking/lib/Application/Attributes/AttributeService.php,Line=294]
2019-03-17T22:27:37+07:00 [7859] DEBUG default - [User=Admin A. (Frc.booking@vistec.ac.th)] applies 1 allowed 5, ids 23,26,22,29,21 requested 26 [File=/var/www/html/booking/lib/Application/Attributes/AttributeService.php,Line=294]
2019-03-17T22:27:37+07:00 [7859] DEBUG default - [User=Admin A. (Frc.booking@vistec.ac.th)] applies 0 allowed 2, ids 18,2 requested 26 [File=/var/www/html/booking/lib/Application/Attributes/AttributeService.php,Line=294]
