2019-07-20T10:40:55+07:00 [12231] DEBUG default - [User=Peerapol Pornsetmetakul (Peerapol.p_s18@vistec.ac.th)] applies 0 allowed 1, ids 2 requested  [File=/var/www/html/booking/lib/Application/Attributes/AttributeService.php,Line=294]
2019-07-20T10:40:55+07:00 [12231] DEBUG default - [User=Peerapol Pornsetmetakul (Peerapol.p_s18@vistec.ac.th)] applies 0 allowed 0, ids 17 requested  [File=/var/www/html/booking/lib/Application/Attributes/AttributeService.php,Line=294]
2019-07-20T10:40:55+07:00 [12231] DEBUG default - [User=Peerapol Pornsetmetakul (Peerapol.p_s18@vistec.ac.th)] applies 0 allowed 0, ids 25 requested  [File=/var/www/html/booking/lib/Application/Attributes/AttributeService.php,Line=294]
2019-07-20T10:40:55+07:00 [12231] DEBUG default - [User=Peerapol Pornsetmetakul (Peerapol.p_s18@vistec.ac.th)] applies 0 allowed 0, ids 16 requested  [File=/var/www/html/booking/lib/Application/Attributes/AttributeService.php,Line=294]
2019-07-20T10:40:55+07:00 [12231] DEBUG default - [User=Peerapol Pornsetmetakul (Peerapol.p_s18@vistec.ac.th)] applies 0 allowed 0, ids 25 requested  [File=/var/www/html/booking/lib/Application/Attributes/AttributeService.php,Line=294]
2019-07-20T10:40:55+07:00 [12231] DEBUG default - [User=Peerapol Pornsetmetakul (Peerapol.p_s18@vistec.ac.th)] applies 0 allowed 0, ids 26 requested  [File=/var/www/html/booking/lib/Application/Attributes/AttributeService.php,Line=294]
2019-07-20T10:40:55+07:00 [12231] DEBUG default - [User=Peerapol Pornsetmetakul (Peerapol.p_s18@vistec.ac.th)] applies 0 allowed 0, ids 29 requested  [File=/var/www/html/booking/lib/Application/Attributes/AttributeService.php,Line=294]
2019-07-20T10:40:55+07:00 [12231] DEBUG default - [User=Peerapol Pornsetmetakul (Peerapol.p_s18@vistec.ac.th)] applies 0 allowed 0, ids 26 requested  [File=/var/www/html/booking/lib/Application/Attributes/AttributeService.php,Line=294]
2019-07-20T10:40:55+07:00 [12231] DEBUG default - [User=Peerapol Pornsetmetakul (Peerapol.p_s18@vistec.ac.th)] applies 0 allowed 1, ids 2 requested  [File=/var/www/html/booking/lib/Application/Attributes/AttributeService.php,Line=294]
2019-07-20T10:40:55+07:00 [12231] DEBUG default - [User=Peerapol Pornsetmetakul (Peerapol.p_s18@vistec.ac.th)] applies 0 allowed 0, ids 15 requested  [File=/var/www/html/booking/lib/Application/Attributes/AttributeService.php,Line=294]
2019-07-20T10:40:55+07:00 [12231] DEBUG default - [User=Peerapol Pornsetmetakul (Peerapol.p_s18@vistec.ac.th)] applies 0 allowed 0, ids 18,27 requested  [File=/var/www/html/booking/lib/Application/Attributes/AttributeService.php,Line=294]
2019-07-20T10:40:55+07:00 [12231] DEBUG default - [User=Peerapol Pornsetmetakul (Peerapol.p_s18@vistec.ac.th)] applies 0 allowed 0, ids 16 requested  [File=/var/www/html/booking/lib/Application/Attributes/AttributeService.php,Line=294]
2019-07-20T10:40:55+07:00 [12231] DEBUG default - [User=Peerapol Pornsetmetakul (Peerapol.p_s18@vistec.ac.th)] applies 0 allowed 0, ids 18 requested  [File=/var/www/html/booking/lib/Application/Attributes/AttributeService.php,Line=294]
2019-07-20T10:40:55+07:00 [12231] DEBUG default - [User=Peerapol Pornsetmetakul (Peerapol.p_s18@vistec.ac.th)] applies 0 allowed 0, ids 26 requested  [File=/var/www/html/booking/lib/Application/Attributes/AttributeService.php,Line=294]
2019-07-20T10:40:55+07:00 [12231] DEBUG default - [User=Peerapol Pornsetmetakul (Peerapol.p_s18@vistec.ac.th)] applies 0 allowed 1, ids 18,2 requested  [File=/var/www/html/booking/lib/Application/Attributes/AttributeService.php,Line=294]
2019-07-20T10:40:55+07:00 [12231] DEBUG default - [User=Peerapol Pornsetmetakul (Peerapol.p_s18@vistec.ac.th)] applies 0 allowed 0, ids 17 requested  [File=/var/www/html/booking/lib/Application/Attributes/AttributeService.php,Line=294]
2019-07-20T10:40:55+07:00 [12231] DEBUG default - [User=Peerapol Pornsetmetakul (Peerapol.p_s18@vistec.ac.th)] applies 0 allowed 0, ids 17 requested  [File=/var/www/html/booking/lib/Application/Attributes/AttributeService.php,Line=294]
2019-07-20T10:40:55+07:00 [12231] DEBUG default - [User=Peerapol Pornsetmetakul (Peerapol.p_s18@vistec.ac.th)] applies 0 allowed 0, ids 26 requested  [File=/var/www/html/booking/lib/Application/Attributes/AttributeService.php,Line=294]
2019-07-20T10:40:55+07:00 [12231] DEBUG default - [User=Peerapol Pornsetmetakul (Peerapol.p_s18@vistec.ac.th)] applies 0 allowed 1, ids 2 requested  [File=/var/www/html/booking/lib/Application/Attributes/AttributeService.php,Line=294]
2019-07-20T10:40:55+07:00 [12231] DEBUG default - [User=Peerapol Pornsetmetakul (Peerapol.p_s18@vistec.ac.th)] applies 0 allowed 0, ids 17 requested  [File=/var/www/html/booking/lib/Application/Attributes/AttributeService.php,Line=294]
2019-07-20T10:40:55+07:00 [12231] DEBUG default - [User=Peerapol Pornsetmetakul (Peerapol.p_s18@vistec.ac.th)] applies 0 allowed 0, ids 16 requested  [File=/var/www/html/booking/lib/Application/Attributes/AttributeService.php,Line=294]
2019-07-20T10:40:55+07:00 [12231] DEBUG default - [User=Peerapol Pornsetmetakul (Peerapol.p_s18@vistec.ac.th)] applies 0 allowed 1, ids 23,26,22,21 requested  [File=/var/www/html/booking/lib/Application/Attributes/AttributeService.php,Line=294]
2019-07-20T10:40:55+07:00 [12231] DEBUG default - [User=Peerapol Pornsetmetakul (Peerapol.p_s18@vistec.ac.th)] applies 0 allowed 1, ids 23,26,22,29,21 requested  [File=/var/www/html/booking/lib/Application/Attributes/AttributeService.php,Line=294]
2019-07-20T10:41:04+07:00 [3895] DEBUG default - [User=Peerapol Pornsetmetakul (Peerapol.p_s18@vistec.ac.th)] applies 0 allowed 1, ids 2 requested  [File=/var/www/html/booking/lib/Application/Attributes/AttributeService.php,Line=294]
2019-07-20T10:41:04+07:00 [3895] DEBUG default - [User=Peerapol Pornsetmetakul (Peerapol.p_s18@vistec.ac.th)] applies 0 allowed 0, ids 17 requested  [File=/var/www/html/booking/lib/Application/Attributes/AttributeService.php,Line=294]
2019-07-20T10:41:04+07:00 [3895] DEBUG default - [User=Peerapol Pornsetmetakul (Peerapol.p_s18@vistec.ac.th)] applies 0 allowed 0, ids 25 requested  [File=/var/www/html/booking/lib/Application/Attributes/AttributeService.php,Line=294]
2019-07-20T10:41:04+07:00 [3895] DEBUG default - [User=Peerapol Pornsetmetakul (Peerapol.p_s18@vistec.ac.th)] applies 0 allowed 0, ids 16 requested  [File=/var/www/html/booking/lib/Application/Attributes/AttributeService.php,Line=294]
2019-07-20T10:41:04+07:00 [3895] DEBUG default - [User=Peerapol Pornsetmetakul (Peerapol.p_s18@vistec.ac.th)] applies 0 allowed 0, ids 25 requested  [File=/var/www/html/booking/lib/Application/Attributes/AttributeService.php,Line=294]
2019-07-20T10:41:04+07:00 [3895] DEBUG default - [User=Peerapol Pornsetmetakul (Peerapol.p_s18@vistec.ac.th)] applies 0 allowed 0, ids 26 requested  [File=/var/www/html/booking/lib/Application/Attributes/AttributeService.php,Line=294]
2019-07-20T10:41:04+07:00 [3895] DEBUG default - [User=Peerapol Pornsetmetakul (Peerapol.p_s18@vistec.ac.th)] applies 0 allowed 0, ids 29 requested  [File=/var/www/html/booking/lib/Application/Attributes/AttributeService.php,Line=294]
2019-07-20T10:41:04+07:00 [3895] DEBUG default - [User=Peerapol Pornsetmetakul (Peerapol.p_s18@vistec.ac.th)] applies 0 allowed 0, ids 26 requested  [File=/var/www/html/booking/lib/Application/Attributes/AttributeService.php,Line=294]
2019-07-20T10:41:04+07:00 [3895] DEBUG default - [User=Peerapol Pornsetmetakul (Peerapol.p_s18@vistec.ac.th)] applies 0 allowed 1, ids 2 requested  [File=/var/www/html/booking/lib/Application/Attributes/AttributeService.php,Line=294]
2019-07-20T10:41:04+07:00 [3895] DEBUG default - [User=Peerapol Pornsetmetakul (Peerapol.p_s18@vistec.ac.th)] applies 0 allowed 0, ids 15 requested  [File=/var/www/html/booking/lib/Application/Attributes/AttributeService.php,Line=294]
2019-07-20T10:41:04+07:00 [3895] DEBUG default - [User=Peerapol Pornsetmetakul (Peerapol.p_s18@vistec.ac.th)] applies 0 allowed 0, ids 18,27 requested  [File=/var/www/html/booking/lib/Application/Attributes/AttributeService.php,Line=294]
2019-07-20T10:41:04+07:00 [3895] DEBUG default - [User=Peerapol Pornsetmetakul (Peerapol.p_s18@vistec.ac.th)] applies 0 allowed 0, ids 16 requested  [File=/var/www/html/booking/lib/Application/Attributes/AttributeService.php,Line=294]
2019-07-20T10:41:04+07:00 [3895] DEBUG default - [User=Peerapol Pornsetmetakul (Peerapol.p_s18@vistec.ac.th)] applies 0 allowed 0, ids 18 requested  [File=/var/www/html/booking/lib/Application/Attributes/AttributeService.php,Line=294]
2019-07-20T10:41:04+07:00 [3895] DEBUG default - [User=Peerapol Pornsetmetakul (Peerapol.p_s18@vistec.ac.th)] applies 0 allowed 0, ids 26 requested  [File=/var/www/html/booking/lib/Application/Attributes/AttributeService.php,Line=294]
2019-07-20T10:41:04+07:00 [3895] DEBUG default - [User=Peerapol Pornsetmetakul (Peerapol.p_s18@vistec.ac.th)] applies 0 allowed 1, ids 18,2 requested  [File=/var/www/html/booking/lib/Application/Attributes/AttributeService.php,Line=294]
2019-07-20T10:41:04+07:00 [3895] DEBUG default - [User=Peerapol Pornsetmetakul (Peerapol.p_s18@vistec.ac.th)] applies 0 allowed 0, ids 17 requested  [File=/var/www/html/booking/lib/Application/Attributes/AttributeService.php,Line=294]
2019-07-20T10:41:04+07:00 [3895] DEBUG default - [User=Peerapol Pornsetmetakul (Peerapol.p_s18@vistec.ac.th)] applies 0 allowed 0, ids 17 requested  [File=/var/www/html/booking/lib/Application/Attributes/AttributeService.php,Line=294]
2019-07-20T10:41:04+07:00 [3895] DEBUG default - [User=Peerapol Pornsetmetakul (Peerapol.p_s18@vistec.ac.th)] applies 0 allowed 0, ids 26 requested  [File=/var/www/html/booking/lib/Application/Attributes/AttributeService.php,Line=294]
2019-07-20T10:41:04+07:00 [3895] DEBUG default - [User=Peerapol Pornsetmetakul (Peerapol.p_s18@vistec.ac.th)] applies 0 allowed 1, ids 2 requested  [File=/var/www/html/booking/lib/Application/Attributes/AttributeService.php,Line=294]
2019-07-20T10:41:04+07:00 [3895] DEBUG default - [User=Peerapol Pornsetmetakul (Peerapol.p_s18@vistec.ac.th)] applies 0 allowed 0, ids 17 requested  [File=/var/www/html/booking/lib/Application/Attributes/AttributeService.php,Line=294]
2019-07-20T10:41:04+07:00 [3895] DEBUG default - [User=Peerapol Pornsetmetakul (Peerapol.p_s18@vistec.ac.th)] applies 0 allowed 0, ids 16 requested  [File=/var/www/html/booking/lib/Application/Attributes/AttributeService.php,Line=294]
2019-07-20T10:41:04+07:00 [3895] DEBUG default - [User=Peerapol Pornsetmetakul (Peerapol.p_s18@vistec.ac.th)] applies 0 allowed 1, ids 23,26,22,21 requested  [File=/var/www/html/booking/lib/Application/Attributes/AttributeService.php,Line=294]
2019-07-20T10:41:04+07:00 [3895] DEBUG default - [User=Peerapol Pornsetmetakul (Peerapol.p_s18@vistec.ac.th)] applies 0 allowed 1, ids 23,26,22,29,21 requested  [File=/var/www/html/booking/lib/Application/Attributes/AttributeService.php,Line=294]
2019-07-20T16:25:49+07:00 [3895] DEBUG default - [User=Pratchaya Watthaisong (pratchaya.w_s17@vistec.ac.th)] applies 0 allowed 0, ids 2 requested  [File=/var/www/html/booking/lib/Application/Attributes/AttributeService.php,Line=294]
2019-07-20T16:25:49+07:00 [3895] DEBUG default - [User=Pratchaya Watthaisong (pratchaya.w_s17@vistec.ac.th)] applies 0 allowed 0, ids 17 requested  [File=/var/www/html/booking/lib/Application/Attributes/AttributeService.php,Line=294]
2019-07-20T16:25:49+07:00 [3895] DEBUG default - [User=Pratchaya Watthaisong (pratchaya.w_s17@vistec.ac.th)] applies 0 allowed 0, ids 25 requested  [File=/var/www/html/booking/lib/Application/Attributes/AttributeService.php,Line=294]
2019-07-20T16:25:49+07:00 [3895] DEBUG default - [User=Pratchaya Watthaisong (pratchaya.w_s17@vistec.ac.th)] applies 0 allowed 0, ids 16 requested  [File=/var/www/html/booking/lib/Application/Attributes/AttributeService.php,Line=294]
2019-07-20T16:25:49+07:00 [3895] DEBUG default - [User=Pratchaya Watthaisong (pratchaya.w_s17@vistec.ac.th)] applies 0 allowed 0, ids 25 requested  [File=/var/www/html/booking/lib/Application/Attributes/AttributeService.php,Line=294]
2019-07-20T16:25:49+07:00 [3895] DEBUG default - [User=Pratchaya Watthaisong (pratchaya.w_s17@vistec.ac.th)] applies 0 allowed 0, ids 26 requested  [File=/var/www/html/booking/lib/Application/Attributes/AttributeService.php,Line=294]
2019-07-20T16:25:49+07:00 [3895] DEBUG default - [User=Pratchaya Watthaisong (pratchaya.w_s17@vistec.ac.th)] applies 0 allowed 0, ids 29 requested  [File=/var/www/html/booking/lib/Application/Attributes/AttributeService.php,Line=294]
2019-07-20T16:25:49+07:00 [3895] DEBUG default - [User=Pratchaya Watthaisong (pratchaya.w_s17@vistec.ac.th)] applies 0 allowed 0, ids 26 requested  [File=/var/www/html/booking/lib/Application/Attributes/AttributeService.php,Line=294]
2019-07-20T16:25:49+07:00 [3895] DEBUG default - [User=Pratchaya Watthaisong (pratchaya.w_s17@vistec.ac.th)] applies 0 allowed 0, ids 2 requested  [File=/var/www/html/booking/lib/Application/Attributes/AttributeService.php,Line=294]
2019-07-20T16:25:49+07:00 [3895] DEBUG default - [User=Pratchaya Watthaisong (pratchaya.w_s17@vistec.ac.th)] applies 0 allowed 0, ids 15 requested  [File=/var/www/html/booking/lib/Application/Attributes/AttributeService.php,Line=294]
2019-07-20T16:25:49+07:00 [3895] DEBUG default - [User=Pratchaya Watthaisong (pratchaya.w_s17@vistec.ac.th)] applies 0 allowed 1, ids 18,27 requested  [File=/var/www/html/booking/lib/Application/Attributes/AttributeService.php,Line=294]
2019-07-20T16:25:49+07:00 [3895] DEBUG default - [User=Pratchaya Watthaisong (pratchaya.w_s17@vistec.ac.th)] applies 0 allowed 0, ids 16 requested  [File=/var/www/html/booking/lib/Application/Attributes/AttributeService.php,Line=294]
2019-07-20T16:25:49+07:00 [3895] DEBUG default - [User=Pratchaya Watthaisong (pratchaya.w_s17@vistec.ac.th)] applies 0 allowed 0, ids 18 requested  [File=/var/www/html/booking/lib/Application/Attributes/AttributeService.php,Line=294]
2019-07-20T16:25:49+07:00 [3895] DEBUG default - [User=Pratchaya Watthaisong (pratchaya.w_s17@vistec.ac.th)] applies 0 allowed 0, ids 26 requested  [File=/var/www/html/booking/lib/Application/Attributes/AttributeService.php,Line=294]
2019-07-20T16:25:49+07:00 [3895] DEBUG default - [User=Pratchaya Watthaisong (pratchaya.w_s17@vistec.ac.th)] applies 0 allowed 0, ids 18,2 requested  [File=/var/www/html/booking/lib/Application/Attributes/AttributeService.php,Line=294]
2019-07-20T16:25:49+07:00 [3895] DEBUG default - [User=Pratchaya Watthaisong (pratchaya.w_s17@vistec.ac.th)] applies 0 allowed 0, ids 17 requested  [File=/var/www/html/booking/lib/Application/Attributes/AttributeService.php,Line=294]
2019-07-20T16:25:49+07:00 [3895] DEBUG default - [User=Pratchaya Watthaisong (pratchaya.w_s17@vistec.ac.th)] applies 0 allowed 0, ids 17 requested  [File=/var/www/html/booking/lib/Application/Attributes/AttributeService.php,Line=294]
2019-07-20T16:25:49+07:00 [3895] DEBUG default - [User=Pratchaya Watthaisong (pratchaya.w_s17@vistec.ac.th)] applies 0 allowed 0, ids 26 requested  [File=/var/www/html/booking/lib/Application/Attributes/AttributeService.php,Line=294]
2019-07-20T16:25:49+07:00 [3895] DEBUG default - [User=Pratchaya Watthaisong (pratchaya.w_s17@vistec.ac.th)] applies 0 allowed 0, ids 2 requested  [File=/var/www/html/booking/lib/Application/Attributes/AttributeService.php,Line=294]
2019-07-20T16:25:49+07:00 [3895] DEBUG default - [User=Pratchaya Watthaisong (pratchaya.w_s17@vistec.ac.th)] applies 0 allowed 0, ids 17 requested  [File=/var/www/html/booking/lib/Application/Attributes/AttributeService.php,Line=294]
2019-07-20T16:25:49+07:00 [3895] DEBUG default - [User=Pratchaya Watthaisong (pratchaya.w_s17@vistec.ac.th)] applies 0 allowed 0, ids 16 requested  [File=/var/www/html/booking/lib/Application/Attributes/AttributeService.php,Line=294]
2019-07-20T16:25:49+07:00 [3895] DEBUG default - [User=Pratchaya Watthaisong (pratchaya.w_s17@vistec.ac.th)] applies 0 allowed 0, ids 23,26,22,21 requested  [File=/var/www/html/booking/lib/Application/Attributes/AttributeService.php,Line=294]
2019-07-20T16:25:49+07:00 [3895] DEBUG default - [User=Pratchaya Watthaisong (pratchaya.w_s17@vistec.ac.th)] applies 0 allowed 0, ids 23,26,22,29,21 requested  [File=/var/www/html/booking/lib/Application/Attributes/AttributeService.php,Line=294]
2019-07-20T16:25:50+07:00 [12231] DEBUG default - [User=Pratchaya Watthaisong (pratchaya.w_s17@vistec.ac.th)] applies 0 allowed 0, ids 2 requested NaN [File=/var/www/html/booking/lib/Application/Attributes/AttributeService.php,Line=294]
2019-07-20T16:25:50+07:00 [12231] DEBUG default - [User=Pratchaya Watthaisong (pratchaya.w_s17@vistec.ac.th)] applies 0 allowed 0, ids 17 requested NaN [File=/var/www/html/booking/lib/Application/Attributes/AttributeService.php,Line=294]
2019-07-20T16:25:50+07:00 [12231] DEBUG default - [User=Pratchaya Watthaisong (pratchaya.w_s17@vistec.ac.th)] applies 0 allowed 0, ids 25 requested NaN [File=/var/www/html/booking/lib/Application/Attributes/AttributeService.php,Line=294]
2019-07-20T16:25:50+07:00 [12231] DEBUG default - [User=Pratchaya Watthaisong (pratchaya.w_s17@vistec.ac.th)] applies 0 allowed 0, ids 16 requested NaN [File=/var/www/html/booking/lib/Application/Attributes/AttributeService.php,Line=294]
2019-07-20T16:25:50+07:00 [12231] DEBUG default - [User=Pratchaya Watthaisong (pratchaya.w_s17@vistec.ac.th)] applies 0 allowed 0, ids 25 requested NaN [File=/var/www/html/booking/lib/Application/Attributes/AttributeService.php,Line=294]
2019-07-20T16:25:50+07:00 [12231] DEBUG default - [User=Pratchaya Watthaisong (pratchaya.w_s17@vistec.ac.th)] applies 0 allowed 0, ids 26 requested NaN [File=/var/www/html/booking/lib/Application/Attributes/AttributeService.php,Line=294]
2019-07-20T16:25:50+07:00 [12231] DEBUG default - [User=Pratchaya Watthaisong (pratchaya.w_s17@vistec.ac.th)] applies 0 allowed 0, ids 29 requested NaN [File=/var/www/html/booking/lib/Application/Attributes/AttributeService.php,Line=294]
2019-07-20T16:25:50+07:00 [12231] DEBUG default - [User=Pratchaya Watthaisong (pratchaya.w_s17@vistec.ac.th)] applies 0 allowed 0, ids 26 requested NaN [File=/var/www/html/booking/lib/Application/Attributes/AttributeService.php,Line=294]
2019-07-20T16:25:50+07:00 [12231] DEBUG default - [User=Pratchaya Watthaisong (pratchaya.w_s17@vistec.ac.th)] applies 0 allowed 0, ids 2 requested NaN [File=/var/www/html/booking/lib/Application/Attributes/AttributeService.php,Line=294]
2019-07-20T16:25:50+07:00 [12231] DEBUG default - [User=Pratchaya Watthaisong (pratchaya.w_s17@vistec.ac.th)] applies 0 allowed 0, ids 15 requested NaN [File=/var/www/html/booking/lib/Application/Attributes/AttributeService.php,Line=294]
2019-07-20T16:25:50+07:00 [12231] DEBUG default - [User=Pratchaya Watthaisong (pratchaya.w_s17@vistec.ac.th)] applies 0 allowed 1, ids 18,27 requested NaN [File=/var/www/html/booking/lib/Application/Attributes/AttributeService.php,Line=294]
2019-07-20T16:25:50+07:00 [12231] DEBUG default - [User=Pratchaya Watthaisong (pratchaya.w_s17@vistec.ac.th)] applies 0 allowed 0, ids 16 requested NaN [File=/var/www/html/booking/lib/Application/Attributes/AttributeService.php,Line=294]
2019-07-20T16:25:50+07:00 [12231] DEBUG default - [User=Pratchaya Watthaisong (pratchaya.w_s17@vistec.ac.th)] applies 0 allowed 0, ids 18 requested NaN [File=/var/www/html/booking/lib/Application/Attributes/AttributeService.php,Line=294]
2019-07-20T16:25:50+07:00 [12231] DEBUG default - [User=Pratchaya Watthaisong (pratchaya.w_s17@vistec.ac.th)] applies 0 allowed 0, ids 26 requested NaN [File=/var/www/html/booking/lib/Application/Attributes/AttributeService.php,Line=294]
2019-07-20T16:25:50+07:00 [12231] DEBUG default - [User=Pratchaya Watthaisong (pratchaya.w_s17@vistec.ac.th)] applies 0 allowed 0, ids 18,2 requested NaN [File=/var/www/html/booking/lib/Application/Attributes/AttributeService.php,Line=294]
2019-07-20T16:25:50+07:00 [12231] DEBUG default - [User=Pratchaya Watthaisong (pratchaya.w_s17@vistec.ac.th)] applies 0 allowed 0, ids 17 requested NaN [File=/var/www/html/booking/lib/Application/Attributes/AttributeService.php,Line=294]
2019-07-20T16:25:50+07:00 [12231] DEBUG default - [User=Pratchaya Watthaisong (pratchaya.w_s17@vistec.ac.th)] applies 0 allowed 0, ids 17 requested NaN [File=/var/www/html/booking/lib/Application/Attributes/AttributeService.php,Line=294]
2019-07-20T16:25:50+07:00 [12231] DEBUG default - [User=Pratchaya Watthaisong (pratchaya.w_s17@vistec.ac.th)] applies 0 allowed 0, ids 26 requested NaN [File=/var/www/html/booking/lib/Application/Attributes/AttributeService.php,Line=294]
2019-07-20T16:25:50+07:00 [12231] DEBUG default - [User=Pratchaya Watthaisong (pratchaya.w_s17@vistec.ac.th)] applies 0 allowed 0, ids 2 requested NaN [File=/var/www/html/booking/lib/Application/Attributes/AttributeService.php,Line=294]
2019-07-20T16:25:50+07:00 [12231] DEBUG default - [User=Pratchaya Watthaisong (pratchaya.w_s17@vistec.ac.th)] applies 0 allowed 0, ids 17 requested NaN [File=/var/www/html/booking/lib/Application/Attributes/AttributeService.php,Line=294]
2019-07-20T16:25:50+07:00 [12231] DEBUG default - [User=Pratchaya Watthaisong (pratchaya.w_s17@vistec.ac.th)] applies 0 allowed 0, ids 16 requested NaN [File=/var/www/html/booking/lib/Application/Attributes/AttributeService.php,Line=294]
2019-07-20T16:25:50+07:00 [12231] DEBUG default - [User=Pratchaya Watthaisong (pratchaya.w_s17@vistec.ac.th)] applies 0 allowed 0, ids 23,26,22,21 requested NaN [File=/var/www/html/booking/lib/Application/Attributes/AttributeService.php,Line=294]
2019-07-20T16:25:50+07:00 [12231] DEBUG default - [User=Pratchaya Watthaisong (pratchaya.w_s17@vistec.ac.th)] applies 0 allowed 0, ids 23,26,22,29,21 requested NaN [File=/var/www/html/booking/lib/Application/Attributes/AttributeService.php,Line=294]
2019-07-20T16:26:04+07:00 [3863] DEBUG default - [User=Pratchaya Watthaisong (pratchaya.w_s17@vistec.ac.th)] Adding custom attribute value for entityId=10, attributeId=29 [File=/var/www/html/booking/lib/Application/Attributes/AttributeList.php,Line=122]
2019-07-20T16:26:04+07:00 [3863] DEBUG default - [User=Pratchaya Watthaisong (pratchaya.w_s17@vistec.ac.th)] Took 0 seconds to load custom attributes for category 4 [File=/var/www/html/booking/lib/Application/Attributes/AttributeService.php,Line=154]
2019-07-20T16:26:04+07:00 [3863] DEBUG default - [User=Pratchaya Watthaisong (pratchaya.w_s17@vistec.ac.th)] Found 1 attributes for entityId 10 [File=/var/www/html/booking/lib/Application/Attributes/AttributeList.php,Line=165]
2019-07-20T16:26:04+07:00 [3863] DEBUG default - [User=Pratchaya Watthaisong (pratchaya.w_s17@vistec.ac.th)] Took 0 seconds to load custom attributes for category 5 [File=/var/www/html/booking/lib/Application/Attributes/AttributeService.php,Line=154]
2019-07-20T16:26:04+07:00 [3863] DEBUG default - [User=Pratchaya Watthaisong (pratchaya.w_s17@vistec.ac.th)] Found 0 attributes for entityId 1 [File=/var/www/html/booking/lib/Application/Attributes/AttributeList.php,Line=165]
2019-07-20T16:26:06+07:00 [12231] DEBUG default - [User=Pratchaya Watthaisong (pratchaya.w_s17@vistec.ac.th)] Adding custom attribute value for entityId=26, attributeId=29 [File=/var/www/html/booking/lib/Application/Attributes/AttributeList.php,Line=122]
2019-07-20T16:26:06+07:00 [12231] DEBUG default - [User=Pratchaya Watthaisong (pratchaya.w_s17@vistec.ac.th)] Took 0 seconds to load custom attributes for category 4 [File=/var/www/html/booking/lib/Application/Attributes/AttributeService.php,Line=154]
2019-07-20T16:26:06+07:00 [12231] DEBUG default - [User=Pratchaya Watthaisong (pratchaya.w_s17@vistec.ac.th)] Found 1 attributes for entityId 26 [File=/var/www/html/booking/lib/Application/Attributes/AttributeList.php,Line=165]
2019-07-20T16:26:06+07:00 [12231] DEBUG default - [User=Pratchaya Watthaisong (pratchaya.w_s17@vistec.ac.th)] Took 0 seconds to load custom attributes for category 5 [File=/var/www/html/booking/lib/Application/Attributes/AttributeService.php,Line=154]
2019-07-20T16:26:06+07:00 [12231] DEBUG default - [User=Pratchaya Watthaisong (pratchaya.w_s17@vistec.ac.th)] Found 0 attributes for entityId 2 [File=/var/www/html/booking/lib/Application/Attributes/AttributeList.php,Line=165]
2019-07-20T16:26:21+07:00 [3863] DEBUG default - [User=Pratchaya Watthaisong (pratchaya.w_s17@vistec.ac.th)] applies 0 allowed 0, ids 2 requested  [File=/var/www/html/booking/lib/Application/Attributes/AttributeService.php,Line=294]
2019-07-20T16:26:21+07:00 [3863] DEBUG default - [User=Pratchaya Watthaisong (pratchaya.w_s17@vistec.ac.th)] applies 0 allowed 0, ids 17 requested  [File=/var/www/html/booking/lib/Application/Attributes/AttributeService.php,Line=294]
2019-07-20T16:26:21+07:00 [3863] DEBUG default - [User=Pratchaya Watthaisong (pratchaya.w_s17@vistec.ac.th)] applies 0 allowed 0, ids 25 requested  [File=/var/www/html/booking/lib/Application/Attributes/AttributeService.php,Line=294]
2019-07-20T16:26:21+07:00 [3863] DEBUG default - [User=Pratchaya Watthaisong (pratchaya.w_s17@vistec.ac.th)] applies 0 allowed 0, ids 16 requested  [File=/var/www/html/booking/lib/Application/Attributes/AttributeService.php,Line=294]
2019-07-20T16:26:21+07:00 [3863] DEBUG default - [User=Pratchaya Watthaisong (pratchaya.w_s17@vistec.ac.th)] applies 0 allowed 0, ids 25 requested  [File=/var/www/html/booking/lib/Application/Attributes/AttributeService.php,Line=294]
2019-07-20T16:26:21+07:00 [3863] DEBUG default - [User=Pratchaya Watthaisong (pratchaya.w_s17@vistec.ac.th)] applies 0 allowed 0, ids 26 requested  [File=/var/www/html/booking/lib/Application/Attributes/AttributeService.php,Line=294]
2019-07-20T16:26:21+07:00 [3863] DEBUG default - [User=Pratchaya Watthaisong (pratchaya.w_s17@vistec.ac.th)] applies 0 allowed 0, ids 29 requested  [File=/var/www/html/booking/lib/Application/Attributes/AttributeService.php,Line=294]
2019-07-20T16:26:21+07:00 [3863] DEBUG default - [User=Pratchaya Watthaisong (pratchaya.w_s17@vistec.ac.th)] applies 0 allowed 0, ids 26 requested  [File=/var/www/html/booking/lib/Application/Attributes/AttributeService.php,Line=294]
2019-07-20T16:26:21+07:00 [3863] DEBUG default - [User=Pratchaya Watthaisong (pratchaya.w_s17@vistec.ac.th)] applies 0 allowed 0, ids 2 requested  [File=/var/www/html/booking/lib/Application/Attributes/AttributeService.php,Line=294]
2019-07-20T16:26:21+07:00 [3863] DEBUG default - [User=Pratchaya Watthaisong (pratchaya.w_s17@vistec.ac.th)] applies 0 allowed 0, ids 15 requested  [File=/var/www/html/booking/lib/Application/Attributes/AttributeService.php,Line=294]
2019-07-20T16:26:21+07:00 [3863] DEBUG default - [User=Pratchaya Watthaisong (pratchaya.w_s17@vistec.ac.th)] applies 0 allowed 1, ids 18,27 requested  [File=/var/www/html/booking/lib/Application/Attributes/AttributeService.php,Line=294]
2019-07-20T16:26:21+07:00 [3863] DEBUG default - [User=Pratchaya Watthaisong (pratchaya.w_s17@vistec.ac.th)] applies 0 allowed 0, ids 16 requested  [File=/var/www/html/booking/lib/Application/Attributes/AttributeService.php,Line=294]
2019-07-20T16:26:21+07:00 [3863] DEBUG default - [User=Pratchaya Watthaisong (pratchaya.w_s17@vistec.ac.th)] applies 0 allowed 0, ids 18 requested  [File=/var/www/html/booking/lib/Application/Attributes/AttributeService.php,Line=294]
2019-07-20T16:26:21+07:00 [3863] DEBUG default - [User=Pratchaya Watthaisong (pratchaya.w_s17@vistec.ac.th)] applies 0 allowed 0, ids 26 requested  [File=/var/www/html/booking/lib/Application/Attributes/AttributeService.php,Line=294]
2019-07-20T16:26:21+07:00 [3863] DEBUG default - [User=Pratchaya Watthaisong (pratchaya.w_s17@vistec.ac.th)] applies 0 allowed 0, ids 18,2 requested  [File=/var/www/html/booking/lib/Application/Attributes/AttributeService.php,Line=294]
2019-07-20T16:26:21+07:00 [3863] DEBUG default - [User=Pratchaya Watthaisong (pratchaya.w_s17@vistec.ac.th)] applies 0 allowed 0, ids 17 requested  [File=/var/www/html/booking/lib/Application/Attributes/AttributeService.php,Line=294]
2019-07-20T16:26:21+07:00 [3863] DEBUG default - [User=Pratchaya Watthaisong (pratchaya.w_s17@vistec.ac.th)] applies 0 allowed 0, ids 17 requested  [File=/var/www/html/booking/lib/Application/Attributes/AttributeService.php,Line=294]
2019-07-20T16:26:21+07:00 [3863] DEBUG default - [User=Pratchaya Watthaisong (pratchaya.w_s17@vistec.ac.th)] applies 0 allowed 0, ids 26 requested  [File=/var/www/html/booking/lib/Application/Attributes/AttributeService.php,Line=294]
2019-07-20T16:26:21+07:00 [3863] DEBUG default - [User=Pratchaya Watthaisong (pratchaya.w_s17@vistec.ac.th)] applies 0 allowed 0, ids 2 requested  [File=/var/www/html/booking/lib/Application/Attributes/AttributeService.php,Line=294]
2019-07-20T16:26:21+07:00 [3863] DEBUG default - [User=Pratchaya Watthaisong (pratchaya.w_s17@vistec.ac.th)] applies 0 allowed 0, ids 17 requested  [File=/var/www/html/booking/lib/Application/Attributes/AttributeService.php,Line=294]
2019-07-20T16:26:21+07:00 [3863] DEBUG default - [User=Pratchaya Watthaisong (pratchaya.w_s17@vistec.ac.th)] applies 0 allowed 0, ids 16 requested  [File=/var/www/html/booking/lib/Application/Attributes/AttributeService.php,Line=294]
2019-07-20T16:26:21+07:00 [3863] DEBUG default - [User=Pratchaya Watthaisong (pratchaya.w_s17@vistec.ac.th)] applies 0 allowed 0, ids 23,26,22,21 requested  [File=/var/www/html/booking/lib/Application/Attributes/AttributeService.php,Line=294]
2019-07-20T16:26:21+07:00 [3863] DEBUG default - [User=Pratchaya Watthaisong (pratchaya.w_s17@vistec.ac.th)] applies 0 allowed 0, ids 23,26,22,29,21 requested  [File=/var/www/html/booking/lib/Application/Attributes/AttributeService.php,Line=294]
2019-07-20T21:03:51+07:00 [3863] DEBUG default - [User=Navarut Paengjun (1830406@vistec.ac.th)] Adding custom attribute value for entityId=16, attributeId=29 [File=/var/www/html/booking/lib/Application/Attributes/AttributeList.php,Line=122]
2019-07-20T21:03:51+07:00 [3863] DEBUG default - [User=Navarut Paengjun (1830406@vistec.ac.th)] Took 0 seconds to load custom attributes for category 4 [File=/var/www/html/booking/lib/Application/Attributes/AttributeService.php,Line=154]
2019-07-20T21:03:51+07:00 [3863] DEBUG default - [User=Navarut Paengjun (1830406@vistec.ac.th)] Found 1 attributes for entityId 16 [File=/var/www/html/booking/lib/Application/Attributes/AttributeList.php,Line=165]
2019-07-20T21:03:51+07:00 [3863] DEBUG default - [User=Navarut Paengjun (1830406@vistec.ac.th)] Took 0 seconds to load custom attributes for category 5 [File=/var/www/html/booking/lib/Application/Attributes/AttributeService.php,Line=154]
2019-07-20T21:03:51+07:00 [3863] DEBUG default - [User=Navarut Paengjun (1830406@vistec.ac.th)] Found 0 attributes for entityId 2 [File=/var/www/html/booking/lib/Application/Attributes/AttributeList.php,Line=165]
2019-07-20T21:03:54+07:00 [12231] DEBUG default - [User=Navarut Paengjun (1830406@vistec.ac.th)] Adding custom attribute value for entityId=14, attributeId=29 [File=/var/www/html/booking/lib/Application/Attributes/AttributeList.php,Line=122]
2019-07-20T21:03:54+07:00 [12231] DEBUG default - [User=Navarut Paengjun (1830406@vistec.ac.th)] Took 0 seconds to load custom attributes for category 4 [File=/var/www/html/booking/lib/Application/Attributes/AttributeService.php,Line=154]
2019-07-20T21:03:54+07:00 [12231] DEBUG default - [User=Navarut Paengjun (1830406@vistec.ac.th)] Found 1 attributes for entityId 14 [File=/var/www/html/booking/lib/Application/Attributes/AttributeList.php,Line=165]
2019-07-20T21:03:54+07:00 [12231] DEBUG default - [User=Navarut Paengjun (1830406@vistec.ac.th)] Took 0 seconds to load custom attributes for category 5 [File=/var/www/html/booking/lib/Application/Attributes/AttributeService.php,Line=154]
2019-07-20T21:03:54+07:00 [12231] DEBUG default - [User=Navarut Paengjun (1830406@vistec.ac.th)] Found 0 attributes for entityId 4 [File=/var/www/html/booking/lib/Application/Attributes/AttributeList.php,Line=165]
2019-07-20T21:04:19+07:00 [3863] DEBUG default - [User=Navarut Paengjun (1830406@vistec.ac.th)] Adding custom attribute value for entityId=17, attributeId=29 [File=/var/www/html/booking/lib/Application/Attributes/AttributeList.php,Line=122]
2019-07-20T21:04:19+07:00 [3863] DEBUG default - [User=Navarut Paengjun (1830406@vistec.ac.th)] Took 0 seconds to load custom attributes for category 4 [File=/var/www/html/booking/lib/Application/Attributes/AttributeService.php,Line=154]
2019-07-20T21:04:19+07:00 [3863] DEBUG default - [User=Navarut Paengjun (1830406@vistec.ac.th)] Found 1 attributes for entityId 17 [File=/var/www/html/booking/lib/Application/Attributes/AttributeList.php,Line=165]
2019-07-20T21:04:19+07:00 [3863] DEBUG default - [User=Navarut Paengjun (1830406@vistec.ac.th)] Took 0 seconds to load custom attributes for category 5 [File=/var/www/html/booking/lib/Application/Attributes/AttributeService.php,Line=154]
2019-07-20T21:04:19+07:00 [3863] DEBUG default - [User=Navarut Paengjun (1830406@vistec.ac.th)] Found 0 attributes for entityId 2 [File=/var/www/html/booking/lib/Application/Attributes/AttributeList.php,Line=165]
2019-07-20T21:04:21+07:00 [12231] DEBUG default - [User=Navarut Paengjun (1830406@vistec.ac.th)] Adding custom attribute value for entityId=23, attributeId=29 [File=/var/www/html/booking/lib/Application/Attributes/AttributeList.php,Line=122]
2019-07-20T21:04:21+07:00 [12231] DEBUG default - [User=Navarut Paengjun (1830406@vistec.ac.th)] Took 0 seconds to load custom attributes for category 4 [File=/var/www/html/booking/lib/Application/Attributes/AttributeService.php,Line=154]
2019-07-20T21:04:21+07:00 [12231] DEBUG default - [User=Navarut Paengjun (1830406@vistec.ac.th)] Found 1 attributes for entityId 23 [File=/var/www/html/booking/lib/Application/Attributes/AttributeList.php,Line=165]
2019-07-20T21:04:21+07:00 [12231] DEBUG default - [User=Navarut Paengjun (1830406@vistec.ac.th)] Took 0 seconds to load custom attributes for category 5 [File=/var/www/html/booking/lib/Application/Attributes/AttributeService.php,Line=154]
2019-07-20T21:04:21+07:00 [12231] DEBUG default - [User=Navarut Paengjun (1830406@vistec.ac.th)] Found 0 attributes for entityId 2 [File=/var/www/html/booking/lib/Application/Attributes/AttributeList.php,Line=165]
2019-07-20T21:04:34+07:00 [3863] DEBUG default - [User=Navarut Paengjun (1830406@vistec.ac.th)] applies 0 allowed 1, ids 2 requested  [File=/var/www/html/booking/lib/Application/Attributes/AttributeService.php,Line=294]
2019-07-20T21:04:34+07:00 [3863] DEBUG default - [User=Navarut Paengjun (1830406@vistec.ac.th)] applies 0 allowed 0, ids 17 requested  [File=/var/www/html/booking/lib/Application/Attributes/AttributeService.php,Line=294]
2019-07-20T21:04:34+07:00 [3863] DEBUG default - [User=Navarut Paengjun (1830406@vistec.ac.th)] applies 0 allowed 0, ids 25 requested  [File=/var/www/html/booking/lib/Application/Attributes/AttributeService.php,Line=294]
2019-07-20T21:04:34+07:00 [3863] DEBUG default - [User=Navarut Paengjun (1830406@vistec.ac.th)] applies 0 allowed 1, ids 16 requested  [File=/var/www/html/booking/lib/Application/Attributes/AttributeService.php,Line=294]
2019-07-20T21:04:34+07:00 [3863] DEBUG default - [User=Navarut Paengjun (1830406@vistec.ac.th)] applies 0 allowed 0, ids 25 requested  [File=/var/www/html/booking/lib/Application/Attributes/AttributeService.php,Line=294]
2019-07-20T21:04:34+07:00 [3863] DEBUG default - [User=Navarut Paengjun (1830406@vistec.ac.th)] applies 0 allowed 0, ids 26 requested  [File=/var/www/html/booking/lib/Application/Attributes/AttributeService.php,Line=294]
2019-07-20T21:04:34+07:00 [3863] DEBUG default - [User=Navarut Paengjun (1830406@vistec.ac.th)] applies 0 allowed 0, ids 29 requested  [File=/var/www/html/booking/lib/Application/Attributes/AttributeService.php,Line=294]
2019-07-20T21:04:34+07:00 [3863] DEBUG default - [User=Navarut Paengjun (1830406@vistec.ac.th)] applies 0 allowed 0, ids 26 requested  [File=/var/www/html/booking/lib/Application/Attributes/AttributeService.php,Line=294]
2019-07-20T21:04:34+07:00 [3863] DEBUG default - [User=Navarut Paengjun (1830406@vistec.ac.th)] applies 0 allowed 1, ids 2 requested  [File=/var/www/html/booking/lib/Application/Attributes/AttributeService.php,Line=294]
2019-07-20T21:04:34+07:00 [3863] DEBUG default - [User=Navarut Paengjun (1830406@vistec.ac.th)] applies 0 allowed 0, ids 15 requested  [File=/var/www/html/booking/lib/Application/Attributes/AttributeService.php,Line=294]
2019-07-20T21:04:34+07:00 [3863] DEBUG default - [User=Navarut Paengjun (1830406@vistec.ac.th)] applies 0 allowed 0, ids 18,27 requested  [File=/var/www/html/booking/lib/Application/Attributes/AttributeService.php,Line=294]
2019-07-20T21:04:34+07:00 [3863] DEBUG default - [User=Navarut Paengjun (1830406@vistec.ac.th)] applies 0 allowed 1, ids 16 requested  [File=/var/www/html/booking/lib/Application/Attributes/AttributeService.php,Line=294]
2019-07-20T21:04:34+07:00 [3863] DEBUG default - [User=Navarut Paengjun (1830406@vistec.ac.th)] applies 0 allowed 0, ids 18 requested  [File=/var/www/html/booking/lib/Application/Attributes/AttributeService.php,Line=294]
2019-07-20T21:04:34+07:00 [3863] DEBUG default - [User=Navarut Paengjun (1830406@vistec.ac.th)] applies 0 allowed 0, ids 26 requested  [File=/var/www/html/booking/lib/Application/Attributes/AttributeService.php,Line=294]
2019-07-20T21:04:34+07:00 [3863] DEBUG default - [User=Navarut Paengjun (1830406@vistec.ac.th)] applies 0 allowed 1, ids 18,2 requested  [File=/var/www/html/booking/lib/Application/Attributes/AttributeService.php,Line=294]
2019-07-20T21:04:34+07:00 [3863] DEBUG default - [User=Navarut Paengjun (1830406@vistec.ac.th)] applies 0 allowed 0, ids 17 requested  [File=/var/www/html/booking/lib/Application/Attributes/AttributeService.php,Line=294]
2019-07-20T21:04:34+07:00 [3863] DEBUG default - [User=Navarut Paengjun (1830406@vistec.ac.th)] applies 0 allowed 0, ids 17 requested  [File=/var/www/html/booking/lib/Application/Attributes/AttributeService.php,Line=294]
2019-07-20T21:04:34+07:00 [3863] DEBUG default - [User=Navarut Paengjun (1830406@vistec.ac.th)] applies 0 allowed 0, ids 26 requested  [File=/var/www/html/booking/lib/Application/Attributes/AttributeService.php,Line=294]
2019-07-20T21:04:34+07:00 [3863] DEBUG default - [User=Navarut Paengjun (1830406@vistec.ac.th)] applies 0 allowed 1, ids 2 requested  [File=/var/www/html/booking/lib/Application/Attributes/AttributeService.php,Line=294]
2019-07-20T21:04:34+07:00 [3863] DEBUG default - [User=Navarut Paengjun (1830406@vistec.ac.th)] applies 0 allowed 0, ids 17 requested  [File=/var/www/html/booking/lib/Application/Attributes/AttributeService.php,Line=294]
2019-07-20T21:04:34+07:00 [3863] DEBUG default - [User=Navarut Paengjun (1830406@vistec.ac.th)] applies 0 allowed 1, ids 16 requested  [File=/var/www/html/booking/lib/Application/Attributes/AttributeService.php,Line=294]
2019-07-20T21:04:34+07:00 [3863] DEBUG default - [User=Navarut Paengjun (1830406@vistec.ac.th)] applies 0 allowed 1, ids 23,26,22,21 requested  [File=/var/www/html/booking/lib/Application/Attributes/AttributeService.php,Line=294]
2019-07-20T21:04:34+07:00 [3863] DEBUG default - [User=Navarut Paengjun (1830406@vistec.ac.th)] applies 0 allowed 1, ids 23,26,22,29,21 requested  [File=/var/www/html/booking/lib/Application/Attributes/AttributeService.php,Line=294]
2019-07-20T23:18:43+07:00 [3863] DEBUG default - [User=Peerapol Pornsetmetakul (Peerapol.p_s18@vistec.ac.th)] applies 0 allowed 1, ids 2 requested 13 [File=/var/www/html/booking/lib/Application/Attributes/AttributeService.php,Line=294]
2019-07-20T23:18:43+07:00 [3863] DEBUG default - [User=Peerapol Pornsetmetakul (Peerapol.p_s18@vistec.ac.th)] applies 0 allowed 0, ids 17 requested 13 [File=/var/www/html/booking/lib/Application/Attributes/AttributeService.php,Line=294]
2019-07-20T23:18:43+07:00 [3863] DEBUG default - [User=Peerapol Pornsetmetakul (Peerapol.p_s18@vistec.ac.th)] applies 0 allowed 0, ids 25 requested 13 [File=/var/www/html/booking/lib/Application/Attributes/AttributeService.php,Line=294]
2019-07-20T23:18:43+07:00 [3863] DEBUG default - [User=Peerapol Pornsetmetakul (Peerapol.p_s18@vistec.ac.th)] applies 0 allowed 0, ids 16 requested 13 [File=/var/www/html/booking/lib/Application/Attributes/AttributeService.php,Line=294]
2019-07-20T23:18:43+07:00 [3863] DEBUG default - [User=Peerapol Pornsetmetakul (Peerapol.p_s18@vistec.ac.th)] applies 0 allowed 0, ids 25 requested 13 [File=/var/www/html/booking/lib/Application/Attributes/AttributeService.php,Line=294]
2019-07-20T23:18:43+07:00 [3863] DEBUG default - [User=Peerapol Pornsetmetakul (Peerapol.p_s18@vistec.ac.th)] applies 0 allowed 0, ids 26 requested 13 [File=/var/www/html/booking/lib/Application/Attributes/AttributeService.php,Line=294]
2019-07-20T23:18:43+07:00 [3863] DEBUG default - [User=Peerapol Pornsetmetakul (Peerapol.p_s18@vistec.ac.th)] applies 0 allowed 0, ids 29 requested 13 [File=/var/www/html/booking/lib/Application/Attributes/AttributeService.php,Line=294]
2019-07-20T23:18:43+07:00 [3863] DEBUG default - [User=Peerapol Pornsetmetakul (Peerapol.p_s18@vistec.ac.th)] applies 0 allowed 0, ids 26 requested 13 [File=/var/www/html/booking/lib/Application/Attributes/AttributeService.php,Line=294]
2019-07-20T23:18:43+07:00 [3863] DEBUG default - [User=Peerapol Pornsetmetakul (Peerapol.p_s18@vistec.ac.th)] applies 0 allowed 1, ids 2 requested 13 [File=/var/www/html/booking/lib/Application/Attributes/AttributeService.php,Line=294]
2019-07-20T23:18:43+07:00 [3863] DEBUG default - [User=Peerapol Pornsetmetakul (Peerapol.p_s18@vistec.ac.th)] applies 0 allowed 0, ids 15 requested 13 [File=/var/www/html/booking/lib/Application/Attributes/AttributeService.php,Line=294]
2019-07-20T23:18:43+07:00 [3863] DEBUG default - [User=Peerapol Pornsetmetakul (Peerapol.p_s18@vistec.ac.th)] applies 0 allowed 0, ids 18,27 requested 13 [File=/var/www/html/booking/lib/Application/Attributes/AttributeService.php,Line=294]
2019-07-20T23:18:43+07:00 [3863] DEBUG default - [User=Peerapol Pornsetmetakul (Peerapol.p_s18@vistec.ac.th)] applies 0 allowed 0, ids 16 requested 13 [File=/var/www/html/booking/lib/Application/Attributes/AttributeService.php,Line=294]
2019-07-20T23:18:43+07:00 [3863] DEBUG default - [User=Peerapol Pornsetmetakul (Peerapol.p_s18@vistec.ac.th)] applies 0 allowed 0, ids 18 requested 13 [File=/var/www/html/booking/lib/Application/Attributes/AttributeService.php,Line=294]
2019-07-20T23:18:43+07:00 [3863] DEBUG default - [User=Peerapol Pornsetmetakul (Peerapol.p_s18@vistec.ac.th)] applies 0 allowed 0, ids 26 requested 13 [File=/var/www/html/booking/lib/Application/Attributes/AttributeService.php,Line=294]
2019-07-20T23:18:43+07:00 [3863] DEBUG default - [User=Peerapol Pornsetmetakul (Peerapol.p_s18@vistec.ac.th)] applies 0 allowed 1, ids 18,2 requested 13 [File=/var/www/html/booking/lib/Application/Attributes/AttributeService.php,Line=294]
2019-07-20T23:18:43+07:00 [3863] DEBUG default - [User=Peerapol Pornsetmetakul (Peerapol.p_s18@vistec.ac.th)] applies 0 allowed 0, ids 17 requested 13 [File=/var/www/html/booking/lib/Application/Attributes/AttributeService.php,Line=294]
2019-07-20T23:18:43+07:00 [3863] DEBUG default - [User=Peerapol Pornsetmetakul (Peerapol.p_s18@vistec.ac.th)] applies 0 allowed 0, ids 17 requested 13 [File=/var/www/html/booking/lib/Application/Attributes/AttributeService.php,Line=294]
2019-07-20T23:18:43+07:00 [3863] DEBUG default - [User=Peerapol Pornsetmetakul (Peerapol.p_s18@vistec.ac.th)] applies 0 allowed 0, ids 26 requested 13 [File=/var/www/html/booking/lib/Application/Attributes/AttributeService.php,Line=294]
2019-07-20T23:18:43+07:00 [3863] DEBUG default - [User=Peerapol Pornsetmetakul (Peerapol.p_s18@vistec.ac.th)] applies 0 allowed 1, ids 2 requested 13 [File=/var/www/html/booking/lib/Application/Attributes/AttributeService.php,Line=294]
2019-07-20T23:18:43+07:00 [3863] DEBUG default - [User=Peerapol Pornsetmetakul (Peerapol.p_s18@vistec.ac.th)] applies 0 allowed 0, ids 17 requested 13 [File=/var/www/html/booking/lib/Application/Attributes/AttributeService.php,Line=294]
2019-07-20T23:18:43+07:00 [3863] DEBUG default - [User=Peerapol Pornsetmetakul (Peerapol.p_s18@vistec.ac.th)] applies 0 allowed 0, ids 16 requested 13 [File=/var/www/html/booking/lib/Application/Attributes/AttributeService.php,Line=294]
2019-07-20T23:18:43+07:00 [3863] DEBUG default - [User=Peerapol Pornsetmetakul (Peerapol.p_s18@vistec.ac.th)] applies 0 allowed 1, ids 23,26,22,21 requested 13 [File=/var/www/html/booking/lib/Application/Attributes/AttributeService.php,Line=294]
2019-07-20T23:18:43+07:00 [3863] DEBUG default - [User=Peerapol Pornsetmetakul (Peerapol.p_s18@vistec.ac.th)] applies 0 allowed 1, ids 23,26,22,29,21 requested 13 [File=/var/www/html/booking/lib/Application/Attributes/AttributeService.php,Line=294]
2019-07-20T23:19:08+07:00 [3863] DEBUG default - [User=Peerapol Pornsetmetakul (Peerapol.p_s18@vistec.ac.th)] applies 0 allowed 1, ids 2 requested 13 [File=/var/www/html/booking/lib/Application/Attributes/AttributeService.php,Line=294]
2019-07-20T23:19:08+07:00 [3863] DEBUG default - [User=Peerapol Pornsetmetakul (Peerapol.p_s18@vistec.ac.th)] applies 0 allowed 0, ids 17 requested 13 [File=/var/www/html/booking/lib/Application/Attributes/AttributeService.php,Line=294]
2019-07-20T23:19:08+07:00 [3863] DEBUG default - [User=Peerapol Pornsetmetakul (Peerapol.p_s18@vistec.ac.th)] applies 0 allowed 0, ids 25 requested 13 [File=/var/www/html/booking/lib/Application/Attributes/AttributeService.php,Line=294]
2019-07-20T23:19:08+07:00 [3863] DEBUG default - [User=Peerapol Pornsetmetakul (Peerapol.p_s18@vistec.ac.th)] applies 0 allowed 0, ids 16 requested 13 [File=/var/www/html/booking/lib/Application/Attributes/AttributeService.php,Line=294]
2019-07-20T23:19:08+07:00 [3863] DEBUG default - [User=Peerapol Pornsetmetakul (Peerapol.p_s18@vistec.ac.th)] applies 0 allowed 0, ids 25 requested 13 [File=/var/www/html/booking/lib/Application/Attributes/AttributeService.php,Line=294]
2019-07-20T23:19:08+07:00 [3863] DEBUG default - [User=Peerapol Pornsetmetakul (Peerapol.p_s18@vistec.ac.th)] applies 0 allowed 0, ids 26 requested 13 [File=/var/www/html/booking/lib/Application/Attributes/AttributeService.php,Line=294]
2019-07-20T23:19:08+07:00 [3863] DEBUG default - [User=Peerapol Pornsetmetakul (Peerapol.p_s18@vistec.ac.th)] applies 0 allowed 0, ids 29 requested 13 [File=/var/www/html/booking/lib/Application/Attributes/AttributeService.php,Line=294]
2019-07-20T23:19:08+07:00 [3863] DEBUG default - [User=Peerapol Pornsetmetakul (Peerapol.p_s18@vistec.ac.th)] applies 0 allowed 0, ids 26 requested 13 [File=/var/www/html/booking/lib/Application/Attributes/AttributeService.php,Line=294]
2019-07-20T23:19:08+07:00 [3863] DEBUG default - [User=Peerapol Pornsetmetakul (Peerapol.p_s18@vistec.ac.th)] applies 0 allowed 1, ids 2 requested 13 [File=/var/www/html/booking/lib/Application/Attributes/AttributeService.php,Line=294]
2019-07-20T23:19:08+07:00 [3863] DEBUG default - [User=Peerapol Pornsetmetakul (Peerapol.p_s18@vistec.ac.th)] applies 0 allowed 0, ids 15 requested 13 [File=/var/www/html/booking/lib/Application/Attributes/AttributeService.php,Line=294]
2019-07-20T23:19:08+07:00 [3863] DEBUG default - [User=Peerapol Pornsetmetakul (Peerapol.p_s18@vistec.ac.th)] applies 0 allowed 0, ids 18,27 requested 13 [File=/var/www/html/booking/lib/Application/Attributes/AttributeService.php,Line=294]
2019-07-20T23:19:08+07:00 [3863] DEBUG default - [User=Peerapol Pornsetmetakul (Peerapol.p_s18@vistec.ac.th)] applies 0 allowed 0, ids 16 requested 13 [File=/var/www/html/booking/lib/Application/Attributes/AttributeService.php,Line=294]
2019-07-20T23:19:08+07:00 [3863] DEBUG default - [User=Peerapol Pornsetmetakul (Peerapol.p_s18@vistec.ac.th)] applies 0 allowed 0, ids 18 requested 13 [File=/var/www/html/booking/lib/Application/Attributes/AttributeService.php,Line=294]
2019-07-20T23:19:08+07:00 [3863] DEBUG default - [User=Peerapol Pornsetmetakul (Peerapol.p_s18@vistec.ac.th)] applies 0 allowed 0, ids 26 requested 13 [File=/var/www/html/booking/lib/Application/Attributes/AttributeService.php,Line=294]
2019-07-20T23:19:08+07:00 [3863] DEBUG default - [User=Peerapol Pornsetmetakul (Peerapol.p_s18@vistec.ac.th)] applies 0 allowed 1, ids 18,2 requested 13 [File=/var/www/html/booking/lib/Application/Attributes/AttributeService.php,Line=294]
2019-07-20T23:19:08+07:00 [3863] DEBUG default - [User=Peerapol Pornsetmetakul (Peerapol.p_s18@vistec.ac.th)] applies 0 allowed 0, ids 17 requested 13 [File=/var/www/html/booking/lib/Application/Attributes/AttributeService.php,Line=294]
2019-07-20T23:19:08+07:00 [3863] DEBUG default - [User=Peerapol Pornsetmetakul (Peerapol.p_s18@vistec.ac.th)] applies 0 allowed 0, ids 17 requested 13 [File=/var/www/html/booking/lib/Application/Attributes/AttributeService.php,Line=294]
2019-07-20T23:19:08+07:00 [3863] DEBUG default - [User=Peerapol Pornsetmetakul (Peerapol.p_s18@vistec.ac.th)] applies 0 allowed 0, ids 26 requested 13 [File=/var/www/html/booking/lib/Application/Attributes/AttributeService.php,Line=294]
2019-07-20T23:19:08+07:00 [3863] DEBUG default - [User=Peerapol Pornsetmetakul (Peerapol.p_s18@vistec.ac.th)] applies 0 allowed 1, ids 2 requested 13 [File=/var/www/html/booking/lib/Application/Attributes/AttributeService.php,Line=294]
2019-07-20T23:19:08+07:00 [3863] DEBUG default - [User=Peerapol Pornsetmetakul (Peerapol.p_s18@vistec.ac.th)] applies 0 allowed 0, ids 17 requested 13 [File=/var/www/html/booking/lib/Application/Attributes/AttributeService.php,Line=294]
2019-07-20T23:19:08+07:00 [3863] DEBUG default - [User=Peerapol Pornsetmetakul (Peerapol.p_s18@vistec.ac.th)] applies 0 allowed 0, ids 16 requested 13 [File=/var/www/html/booking/lib/Application/Attributes/AttributeService.php,Line=294]
2019-07-20T23:19:08+07:00 [3863] DEBUG default - [User=Peerapol Pornsetmetakul (Peerapol.p_s18@vistec.ac.th)] applies 0 allowed 1, ids 23,26,22,21 requested 13 [File=/var/www/html/booking/lib/Application/Attributes/AttributeService.php,Line=294]
2019-07-20T23:19:08+07:00 [3863] DEBUG default - [User=Peerapol Pornsetmetakul (Peerapol.p_s18@vistec.ac.th)] applies 0 allowed 1, ids 23,26,22,29,21 requested 13 [File=/var/www/html/booking/lib/Application/Attributes/AttributeService.php,Line=294]
