2019-11-09T13:55:43+07:00 [8831] DEBUG default - [User=Thanyarat Chawanpunyawat (1530315@vistec.ac.th)] Adding custom attribute value for entityId=19, attributeId=29 [File=/var/www/html/booking/lib/Application/Attributes/AttributeList.php,Line=122]
2019-11-09T13:55:43+07:00 [8831] DEBUG default - [User=Thanyarat Chawanpunyawat (1530315@vistec.ac.th)] Took 0 seconds to load custom attributes for category 4 [File=/var/www/html/booking/lib/Application/Attributes/AttributeService.php,Line=154]
2019-11-09T13:55:43+07:00 [8831] DEBUG default - [User=Thanyarat Chawanpunyawat (1530315@vistec.ac.th)] Found 1 attributes for entityId 19 [File=/var/www/html/booking/lib/Application/Attributes/AttributeList.php,Line=165]
2019-11-09T13:55:43+07:00 [8831] DEBUG default - [User=Thanyarat Chawanpunyawat (1530315@vistec.ac.th)] Took 0 seconds to load custom attributes for category 5 [File=/var/www/html/booking/lib/Application/Attributes/AttributeService.php,Line=154]
2019-11-09T13:55:43+07:00 [8831] DEBUG default - [User=Thanyarat Chawanpunyawat (1530315@vistec.ac.th)] Found 0 attributes for entityId 1 [File=/var/www/html/booking/lib/Application/Attributes/AttributeList.php,Line=165]
2019-11-09T13:55:46+07:00 [8833] DEBUG default - [User=Thanyarat Chawanpunyawat (1530315@vistec.ac.th)] applies 0 allowed 1, ids 2 requested 19 [File=/var/www/html/booking/lib/Application/Attributes/AttributeService.php,Line=294]
2019-11-09T13:55:46+07:00 [8833] DEBUG default - [User=Thanyarat Chawanpunyawat (1530315@vistec.ac.th)] applies 0 allowed 0, ids 17 requested 19 [File=/var/www/html/booking/lib/Application/Attributes/AttributeService.php,Line=294]
2019-11-09T13:55:46+07:00 [8833] DEBUG default - [User=Thanyarat Chawanpunyawat (1530315@vistec.ac.th)] applies 0 allowed 0, ids 25 requested 19 [File=/var/www/html/booking/lib/Application/Attributes/AttributeService.php,Line=294]
2019-11-09T13:55:46+07:00 [8833] DEBUG default - [User=Thanyarat Chawanpunyawat (1530315@vistec.ac.th)] applies 0 allowed 1, ids 16 requested 19 [File=/var/www/html/booking/lib/Application/Attributes/AttributeService.php,Line=294]
2019-11-09T13:55:46+07:00 [8833] DEBUG default - [User=Thanyarat Chawanpunyawat (1530315@vistec.ac.th)] applies 0 allowed 0, ids 25 requested 19 [File=/var/www/html/booking/lib/Application/Attributes/AttributeService.php,Line=294]
2019-11-09T13:55:46+07:00 [8833] DEBUG default - [User=Thanyarat Chawanpunyawat (1530315@vistec.ac.th)] applies 0 allowed 1, ids 26 requested 19 [File=/var/www/html/booking/lib/Application/Attributes/AttributeService.php,Line=294]
2019-11-09T13:55:46+07:00 [8833] DEBUG default - [User=Thanyarat Chawanpunyawat (1530315@vistec.ac.th)] applies 0 allowed 1, ids 29 requested 19 [File=/var/www/html/booking/lib/Application/Attributes/AttributeService.php,Line=294]
2019-11-09T13:55:46+07:00 [8833] DEBUG default - [User=Thanyarat Chawanpunyawat (1530315@vistec.ac.th)] applies 0 allowed 1, ids 26 requested 19 [File=/var/www/html/booking/lib/Application/Attributes/AttributeService.php,Line=294]
2019-11-09T13:55:46+07:00 [8833] DEBUG default - [User=Thanyarat Chawanpunyawat (1530315@vistec.ac.th)] applies 0 allowed 1, ids 2 requested 19 [File=/var/www/html/booking/lib/Application/Attributes/AttributeService.php,Line=294]
2019-11-09T13:55:46+07:00 [8833] DEBUG default - [User=Thanyarat Chawanpunyawat (1530315@vistec.ac.th)] applies 0 allowed 0, ids 30 requested 19 [File=/var/www/html/booking/lib/Application/Attributes/AttributeService.php,Line=294]
2019-11-09T13:55:46+07:00 [8833] DEBUG default - [User=Thanyarat Chawanpunyawat (1530315@vistec.ac.th)] applies 0 allowed 0, ids 15 requested 19 [File=/var/www/html/booking/lib/Application/Attributes/AttributeService.php,Line=294]
2019-11-09T13:55:46+07:00 [8833] DEBUG default - [User=Thanyarat Chawanpunyawat (1530315@vistec.ac.th)] applies 0 allowed 0, ids 18,27 requested 19 [File=/var/www/html/booking/lib/Application/Attributes/AttributeService.php,Line=294]
2019-11-09T13:55:46+07:00 [8833] DEBUG default - [User=Thanyarat Chawanpunyawat (1530315@vistec.ac.th)] applies 0 allowed 1, ids 16 requested 19 [File=/var/www/html/booking/lib/Application/Attributes/AttributeService.php,Line=294]
2019-11-09T13:55:46+07:00 [8833] DEBUG default - [User=Thanyarat Chawanpunyawat (1530315@vistec.ac.th)] applies 0 allowed 0, ids 18 requested 19 [File=/var/www/html/booking/lib/Application/Attributes/AttributeService.php,Line=294]
2019-11-09T13:55:46+07:00 [8833] DEBUG default - [User=Thanyarat Chawanpunyawat (1530315@vistec.ac.th)] applies 0 allowed 1, ids 26 requested 19 [File=/var/www/html/booking/lib/Application/Attributes/AttributeService.php,Line=294]
2019-11-09T13:55:46+07:00 [8833] DEBUG default - [User=Thanyarat Chawanpunyawat (1530315@vistec.ac.th)] applies 0 allowed 1, ids 18,2 requested 19 [File=/var/www/html/booking/lib/Application/Attributes/AttributeService.php,Line=294]
2019-11-09T13:55:46+07:00 [8833] DEBUG default - [User=Thanyarat Chawanpunyawat (1530315@vistec.ac.th)] applies 0 allowed 0, ids 17 requested 19 [File=/var/www/html/booking/lib/Application/Attributes/AttributeService.php,Line=294]
2019-11-09T13:55:46+07:00 [8833] DEBUG default - [User=Thanyarat Chawanpunyawat (1530315@vistec.ac.th)] applies 0 allowed 0, ids 17 requested 19 [File=/var/www/html/booking/lib/Application/Attributes/AttributeService.php,Line=294]
2019-11-09T13:55:46+07:00 [8833] DEBUG default - [User=Thanyarat Chawanpunyawat (1530315@vistec.ac.th)] applies 0 allowed 0, ids 24 requested 19 [File=/var/www/html/booking/lib/Application/Attributes/AttributeService.php,Line=294]
2019-11-09T13:55:46+07:00 [8833] DEBUG default - [User=Thanyarat Chawanpunyawat (1530315@vistec.ac.th)] applies 0 allowed 1, ids 26 requested 19 [File=/var/www/html/booking/lib/Application/Attributes/AttributeService.php,Line=294]
2019-11-09T13:55:46+07:00 [8833] DEBUG default - [User=Thanyarat Chawanpunyawat (1530315@vistec.ac.th)] applies 0 allowed 1, ids 2 requested 19 [File=/var/www/html/booking/lib/Application/Attributes/AttributeService.php,Line=294]
2019-11-09T13:55:46+07:00 [8833] DEBUG default - [User=Thanyarat Chawanpunyawat (1530315@vistec.ac.th)] applies 0 allowed 0, ids 24 requested 19 [File=/var/www/html/booking/lib/Application/Attributes/AttributeService.php,Line=294]
2019-11-09T13:55:46+07:00 [8833] DEBUG default - [User=Thanyarat Chawanpunyawat (1530315@vistec.ac.th)] applies 0 allowed 0, ids 17 requested 19 [File=/var/www/html/booking/lib/Application/Attributes/AttributeService.php,Line=294]
2019-11-09T13:55:46+07:00 [8833] DEBUG default - [User=Thanyarat Chawanpunyawat (1530315@vistec.ac.th)] applies 0 allowed 1, ids 16 requested 19 [File=/var/www/html/booking/lib/Application/Attributes/AttributeService.php,Line=294]
2019-11-09T13:55:46+07:00 [8833] DEBUG default - [User=Thanyarat Chawanpunyawat (1530315@vistec.ac.th)] applies 0 allowed 1, ids 23,26,22,21 requested 19 [File=/var/www/html/booking/lib/Application/Attributes/AttributeService.php,Line=294]
2019-11-09T13:55:46+07:00 [8833] DEBUG default - [User=Thanyarat Chawanpunyawat (1530315@vistec.ac.th)] applies 0 allowed 2, ids 23,26,22,24,29,30,21 requested 19 [File=/var/www/html/booking/lib/Application/Attributes/AttributeService.php,Line=294]
2019-11-09T13:55:56+07:00 [786] DEBUG default - [User=Thanyarat Chawanpunyawat (1530315@vistec.ac.th)] Adding custom attribute value for entityId=19, attributeId=29 [File=/var/www/html/booking/lib/Application/Attributes/AttributeList.php,Line=122]
2019-11-09T13:55:56+07:00 [786] DEBUG default - [User=Thanyarat Chawanpunyawat (1530315@vistec.ac.th)] Took 0 seconds to load custom attributes for category 4 [File=/var/www/html/booking/lib/Application/Attributes/AttributeService.php,Line=154]
2019-11-09T13:55:56+07:00 [786] DEBUG default - [User=Thanyarat Chawanpunyawat (1530315@vistec.ac.th)] Found 1 attributes for entityId 19 [File=/var/www/html/booking/lib/Application/Attributes/AttributeList.php,Line=165]
2019-11-09T13:55:56+07:00 [786] DEBUG default - [User=Thanyarat Chawanpunyawat (1530315@vistec.ac.th)] Took 0 seconds to load custom attributes for category 5 [File=/var/www/html/booking/lib/Application/Attributes/AttributeService.php,Line=154]
2019-11-09T13:55:56+07:00 [786] DEBUG default - [User=Thanyarat Chawanpunyawat (1530315@vistec.ac.th)] Found 0 attributes for entityId 1 [File=/var/www/html/booking/lib/Application/Attributes/AttributeList.php,Line=165]
2019-11-09T13:56:21+07:00 [8833] DEBUG default - [User=Thanyarat Chawanpunyawat (1530315@vistec.ac.th)] applies 0 allowed 1, ids 2 requested  [File=/var/www/html/booking/lib/Application/Attributes/AttributeService.php,Line=294]
2019-11-09T13:56:21+07:00 [8833] DEBUG default - [User=Thanyarat Chawanpunyawat (1530315@vistec.ac.th)] applies 0 allowed 0, ids 17 requested  [File=/var/www/html/booking/lib/Application/Attributes/AttributeService.php,Line=294]
2019-11-09T13:56:21+07:00 [8833] DEBUG default - [User=Thanyarat Chawanpunyawat (1530315@vistec.ac.th)] applies 0 allowed 0, ids 25 requested  [File=/var/www/html/booking/lib/Application/Attributes/AttributeService.php,Line=294]
2019-11-09T13:56:21+07:00 [8833] DEBUG default - [User=Thanyarat Chawanpunyawat (1530315@vistec.ac.th)] applies 0 allowed 1, ids 16 requested  [File=/var/www/html/booking/lib/Application/Attributes/AttributeService.php,Line=294]
2019-11-09T13:56:21+07:00 [8833] DEBUG default - [User=Thanyarat Chawanpunyawat (1530315@vistec.ac.th)] applies 0 allowed 0, ids 25 requested  [File=/var/www/html/booking/lib/Application/Attributes/AttributeService.php,Line=294]
2019-11-09T13:56:21+07:00 [8833] DEBUG default - [User=Thanyarat Chawanpunyawat (1530315@vistec.ac.th)] applies 0 allowed 1, ids 26 requested  [File=/var/www/html/booking/lib/Application/Attributes/AttributeService.php,Line=294]
2019-11-09T13:56:21+07:00 [8833] DEBUG default - [User=Thanyarat Chawanpunyawat (1530315@vistec.ac.th)] applies 0 allowed 1, ids 29 requested  [File=/var/www/html/booking/lib/Application/Attributes/AttributeService.php,Line=294]
2019-11-09T13:56:21+07:00 [8833] DEBUG default - [User=Thanyarat Chawanpunyawat (1530315@vistec.ac.th)] applies 0 allowed 1, ids 26 requested  [File=/var/www/html/booking/lib/Application/Attributes/AttributeService.php,Line=294]
2019-11-09T13:56:21+07:00 [8833] DEBUG default - [User=Thanyarat Chawanpunyawat (1530315@vistec.ac.th)] applies 0 allowed 1, ids 2 requested  [File=/var/www/html/booking/lib/Application/Attributes/AttributeService.php,Line=294]
2019-11-09T13:56:21+07:00 [8833] DEBUG default - [User=Thanyarat Chawanpunyawat (1530315@vistec.ac.th)] applies 0 allowed 0, ids 30 requested  [File=/var/www/html/booking/lib/Application/Attributes/AttributeService.php,Line=294]
2019-11-09T13:56:21+07:00 [8833] DEBUG default - [User=Thanyarat Chawanpunyawat (1530315@vistec.ac.th)] applies 0 allowed 0, ids 15 requested  [File=/var/www/html/booking/lib/Application/Attributes/AttributeService.php,Line=294]
2019-11-09T13:56:21+07:00 [8833] DEBUG default - [User=Thanyarat Chawanpunyawat (1530315@vistec.ac.th)] applies 0 allowed 0, ids 18,27 requested  [File=/var/www/html/booking/lib/Application/Attributes/AttributeService.php,Line=294]
2019-11-09T13:56:21+07:00 [8833] DEBUG default - [User=Thanyarat Chawanpunyawat (1530315@vistec.ac.th)] applies 0 allowed 1, ids 16 requested  [File=/var/www/html/booking/lib/Application/Attributes/AttributeService.php,Line=294]
2019-11-09T13:56:21+07:00 [8833] DEBUG default - [User=Thanyarat Chawanpunyawat (1530315@vistec.ac.th)] applies 0 allowed 0, ids 18 requested  [File=/var/www/html/booking/lib/Application/Attributes/AttributeService.php,Line=294]
2019-11-09T13:56:21+07:00 [8833] DEBUG default - [User=Thanyarat Chawanpunyawat (1530315@vistec.ac.th)] applies 0 allowed 1, ids 26 requested  [File=/var/www/html/booking/lib/Application/Attributes/AttributeService.php,Line=294]
2019-11-09T13:56:21+07:00 [8833] DEBUG default - [User=Thanyarat Chawanpunyawat (1530315@vistec.ac.th)] applies 0 allowed 1, ids 18,2 requested  [File=/var/www/html/booking/lib/Application/Attributes/AttributeService.php,Line=294]
2019-11-09T13:56:21+07:00 [8833] DEBUG default - [User=Thanyarat Chawanpunyawat (1530315@vistec.ac.th)] applies 0 allowed 0, ids 17 requested  [File=/var/www/html/booking/lib/Application/Attributes/AttributeService.php,Line=294]
2019-11-09T13:56:21+07:00 [8833] DEBUG default - [User=Thanyarat Chawanpunyawat (1530315@vistec.ac.th)] applies 0 allowed 0, ids 17 requested  [File=/var/www/html/booking/lib/Application/Attributes/AttributeService.php,Line=294]
2019-11-09T13:56:21+07:00 [8833] DEBUG default - [User=Thanyarat Chawanpunyawat (1530315@vistec.ac.th)] applies 0 allowed 0, ids 24 requested  [File=/var/www/html/booking/lib/Application/Attributes/AttributeService.php,Line=294]
2019-11-09T13:56:21+07:00 [8833] DEBUG default - [User=Thanyarat Chawanpunyawat (1530315@vistec.ac.th)] applies 0 allowed 1, ids 26 requested  [File=/var/www/html/booking/lib/Application/Attributes/AttributeService.php,Line=294]
2019-11-09T13:56:21+07:00 [8833] DEBUG default - [User=Thanyarat Chawanpunyawat (1530315@vistec.ac.th)] applies 0 allowed 1, ids 2 requested  [File=/var/www/html/booking/lib/Application/Attributes/AttributeService.php,Line=294]
2019-11-09T13:56:21+07:00 [8833] DEBUG default - [User=Thanyarat Chawanpunyawat (1530315@vistec.ac.th)] applies 0 allowed 0, ids 24 requested  [File=/var/www/html/booking/lib/Application/Attributes/AttributeService.php,Line=294]
2019-11-09T13:56:21+07:00 [8833] DEBUG default - [User=Thanyarat Chawanpunyawat (1530315@vistec.ac.th)] applies 0 allowed 0, ids 17 requested  [File=/var/www/html/booking/lib/Application/Attributes/AttributeService.php,Line=294]
2019-11-09T13:56:21+07:00 [8833] DEBUG default - [User=Thanyarat Chawanpunyawat (1530315@vistec.ac.th)] applies 0 allowed 1, ids 16 requested  [File=/var/www/html/booking/lib/Application/Attributes/AttributeService.php,Line=294]
2019-11-09T13:56:21+07:00 [8833] DEBUG default - [User=Thanyarat Chawanpunyawat (1530315@vistec.ac.th)] applies 0 allowed 1, ids 23,26,22,21 requested  [File=/var/www/html/booking/lib/Application/Attributes/AttributeService.php,Line=294]
2019-11-09T13:56:21+07:00 [8833] DEBUG default - [User=Thanyarat Chawanpunyawat (1530315@vistec.ac.th)] applies 0 allowed 2, ids 23,26,22,24,29,30,21 requested  [File=/var/www/html/booking/lib/Application/Attributes/AttributeService.php,Line=294]
2019-11-09T13:56:21+07:00 [8831] DEBUG default - [User=Thanyarat Chawanpunyawat (1530315@vistec.ac.th)] applies 0 allowed 1, ids 2 requested 19 [File=/var/www/html/booking/lib/Application/Attributes/AttributeService.php,Line=294]
2019-11-09T13:56:21+07:00 [8831] DEBUG default - [User=Thanyarat Chawanpunyawat (1530315@vistec.ac.th)] applies 0 allowed 0, ids 17 requested 19 [File=/var/www/html/booking/lib/Application/Attributes/AttributeService.php,Line=294]
2019-11-09T13:56:21+07:00 [8831] DEBUG default - [User=Thanyarat Chawanpunyawat (1530315@vistec.ac.th)] applies 0 allowed 0, ids 25 requested 19 [File=/var/www/html/booking/lib/Application/Attributes/AttributeService.php,Line=294]
2019-11-09T13:56:21+07:00 [8831] DEBUG default - [User=Thanyarat Chawanpunyawat (1530315@vistec.ac.th)] applies 0 allowed 1, ids 16 requested 19 [File=/var/www/html/booking/lib/Application/Attributes/AttributeService.php,Line=294]
2019-11-09T13:56:21+07:00 [8831] DEBUG default - [User=Thanyarat Chawanpunyawat (1530315@vistec.ac.th)] applies 0 allowed 0, ids 25 requested 19 [File=/var/www/html/booking/lib/Application/Attributes/AttributeService.php,Line=294]
2019-11-09T13:56:21+07:00 [8831] DEBUG default - [User=Thanyarat Chawanpunyawat (1530315@vistec.ac.th)] applies 0 allowed 1, ids 26 requested 19 [File=/var/www/html/booking/lib/Application/Attributes/AttributeService.php,Line=294]
2019-11-09T13:56:21+07:00 [8831] DEBUG default - [User=Thanyarat Chawanpunyawat (1530315@vistec.ac.th)] applies 0 allowed 1, ids 29 requested 19 [File=/var/www/html/booking/lib/Application/Attributes/AttributeService.php,Line=294]
2019-11-09T13:56:21+07:00 [8831] DEBUG default - [User=Thanyarat Chawanpunyawat (1530315@vistec.ac.th)] applies 0 allowed 1, ids 26 requested 19 [File=/var/www/html/booking/lib/Application/Attributes/AttributeService.php,Line=294]
2019-11-09T13:56:21+07:00 [8831] DEBUG default - [User=Thanyarat Chawanpunyawat (1530315@vistec.ac.th)] applies 0 allowed 1, ids 2 requested 19 [File=/var/www/html/booking/lib/Application/Attributes/AttributeService.php,Line=294]
2019-11-09T13:56:21+07:00 [8831] DEBUG default - [User=Thanyarat Chawanpunyawat (1530315@vistec.ac.th)] applies 0 allowed 0, ids 30 requested 19 [File=/var/www/html/booking/lib/Application/Attributes/AttributeService.php,Line=294]
2019-11-09T13:56:21+07:00 [8831] DEBUG default - [User=Thanyarat Chawanpunyawat (1530315@vistec.ac.th)] applies 0 allowed 0, ids 15 requested 19 [File=/var/www/html/booking/lib/Application/Attributes/AttributeService.php,Line=294]
2019-11-09T13:56:21+07:00 [8831] DEBUG default - [User=Thanyarat Chawanpunyawat (1530315@vistec.ac.th)] applies 0 allowed 0, ids 18,27 requested 19 [File=/var/www/html/booking/lib/Application/Attributes/AttributeService.php,Line=294]
2019-11-09T13:56:21+07:00 [8831] DEBUG default - [User=Thanyarat Chawanpunyawat (1530315@vistec.ac.th)] applies 0 allowed 1, ids 16 requested 19 [File=/var/www/html/booking/lib/Application/Attributes/AttributeService.php,Line=294]
2019-11-09T13:56:21+07:00 [8831] DEBUG default - [User=Thanyarat Chawanpunyawat (1530315@vistec.ac.th)] applies 0 allowed 0, ids 18 requested 19 [File=/var/www/html/booking/lib/Application/Attributes/AttributeService.php,Line=294]
2019-11-09T13:56:21+07:00 [8831] DEBUG default - [User=Thanyarat Chawanpunyawat (1530315@vistec.ac.th)] applies 0 allowed 1, ids 26 requested 19 [File=/var/www/html/booking/lib/Application/Attributes/AttributeService.php,Line=294]
2019-11-09T13:56:21+07:00 [8831] DEBUG default - [User=Thanyarat Chawanpunyawat (1530315@vistec.ac.th)] applies 0 allowed 1, ids 18,2 requested 19 [File=/var/www/html/booking/lib/Application/Attributes/AttributeService.php,Line=294]
2019-11-09T13:56:21+07:00 [8831] DEBUG default - [User=Thanyarat Chawanpunyawat (1530315@vistec.ac.th)] applies 0 allowed 0, ids 17 requested 19 [File=/var/www/html/booking/lib/Application/Attributes/AttributeService.php,Line=294]
2019-11-09T13:56:21+07:00 [8831] DEBUG default - [User=Thanyarat Chawanpunyawat (1530315@vistec.ac.th)] applies 0 allowed 0, ids 17 requested 19 [File=/var/www/html/booking/lib/Application/Attributes/AttributeService.php,Line=294]
2019-11-09T13:56:21+07:00 [8831] DEBUG default - [User=Thanyarat Chawanpunyawat (1530315@vistec.ac.th)] applies 0 allowed 0, ids 24 requested 19 [File=/var/www/html/booking/lib/Application/Attributes/AttributeService.php,Line=294]
2019-11-09T13:56:21+07:00 [8831] DEBUG default - [User=Thanyarat Chawanpunyawat (1530315@vistec.ac.th)] applies 0 allowed 1, ids 26 requested 19 [File=/var/www/html/booking/lib/Application/Attributes/AttributeService.php,Line=294]
2019-11-09T13:56:21+07:00 [8831] DEBUG default - [User=Thanyarat Chawanpunyawat (1530315@vistec.ac.th)] applies 0 allowed 1, ids 2 requested 19 [File=/var/www/html/booking/lib/Application/Attributes/AttributeService.php,Line=294]
2019-11-09T13:56:21+07:00 [8831] DEBUG default - [User=Thanyarat Chawanpunyawat (1530315@vistec.ac.th)] applies 0 allowed 0, ids 24 requested 19 [File=/var/www/html/booking/lib/Application/Attributes/AttributeService.php,Line=294]
2019-11-09T13:56:21+07:00 [8831] DEBUG default - [User=Thanyarat Chawanpunyawat (1530315@vistec.ac.th)] applies 0 allowed 0, ids 17 requested 19 [File=/var/www/html/booking/lib/Application/Attributes/AttributeService.php,Line=294]
2019-11-09T13:56:21+07:00 [8831] DEBUG default - [User=Thanyarat Chawanpunyawat (1530315@vistec.ac.th)] applies 0 allowed 1, ids 16 requested 19 [File=/var/www/html/booking/lib/Application/Attributes/AttributeService.php,Line=294]
2019-11-09T13:56:21+07:00 [8831] DEBUG default - [User=Thanyarat Chawanpunyawat (1530315@vistec.ac.th)] applies 0 allowed 1, ids 23,26,22,21 requested 19 [File=/var/www/html/booking/lib/Application/Attributes/AttributeService.php,Line=294]
2019-11-09T13:56:21+07:00 [8831] DEBUG default - [User=Thanyarat Chawanpunyawat (1530315@vistec.ac.th)] applies 0 allowed 2, ids 23,26,22,24,29,30,21 requested 19 [File=/var/www/html/booking/lib/Application/Attributes/AttributeService.php,Line=294]
2019-11-09T16:14:15+07:00 [8833] DEBUG default - [User=Wuttichai Natongchai (Wuttichai.n_s16@vistec.ac.th)] applies 0 allowed 0, ids 2 requested 15 [File=/var/www/html/booking/lib/Application/Attributes/AttributeService.php,Line=294]
2019-11-09T16:14:15+07:00 [8833] DEBUG default - [User=Wuttichai Natongchai (Wuttichai.n_s16@vistec.ac.th)] applies 0 allowed 1, ids 17 requested 15 [File=/var/www/html/booking/lib/Application/Attributes/AttributeService.php,Line=294]
2019-11-09T16:14:15+07:00 [8833] DEBUG default - [User=Wuttichai Natongchai (Wuttichai.n_s16@vistec.ac.th)] applies 0 allowed 0, ids 25 requested 15 [File=/var/www/html/booking/lib/Application/Attributes/AttributeService.php,Line=294]
2019-11-09T16:14:15+07:00 [8833] DEBUG default - [User=Wuttichai Natongchai (Wuttichai.n_s16@vistec.ac.th)] applies 0 allowed 0, ids 16 requested 15 [File=/var/www/html/booking/lib/Application/Attributes/AttributeService.php,Line=294]
2019-11-09T16:14:15+07:00 [8833] DEBUG default - [User=Wuttichai Natongchai (Wuttichai.n_s16@vistec.ac.th)] applies 0 allowed 0, ids 25 requested 15 [File=/var/www/html/booking/lib/Application/Attributes/AttributeService.php,Line=294]
2019-11-09T16:14:15+07:00 [8833] DEBUG default - [User=Wuttichai Natongchai (Wuttichai.n_s16@vistec.ac.th)] applies 0 allowed 0, ids 26 requested 15 [File=/var/www/html/booking/lib/Application/Attributes/AttributeService.php,Line=294]
2019-11-09T16:14:15+07:00 [8833] DEBUG default - [User=Wuttichai Natongchai (Wuttichai.n_s16@vistec.ac.th)] applies 0 allowed 0, ids 29 requested 15 [File=/var/www/html/booking/lib/Application/Attributes/AttributeService.php,Line=294]
2019-11-09T16:14:15+07:00 [8833] DEBUG default - [User=Wuttichai Natongchai (Wuttichai.n_s16@vistec.ac.th)] applies 0 allowed 0, ids 26 requested 15 [File=/var/www/html/booking/lib/Application/Attributes/AttributeService.php,Line=294]
2019-11-09T16:14:15+07:00 [8833] DEBUG default - [User=Wuttichai Natongchai (Wuttichai.n_s16@vistec.ac.th)] applies 0 allowed 0, ids 2 requested 15 [File=/var/www/html/booking/lib/Application/Attributes/AttributeService.php,Line=294]
2019-11-09T16:14:15+07:00 [8833] DEBUG default - [User=Wuttichai Natongchai (Wuttichai.n_s16@vistec.ac.th)] applies 0 allowed 0, ids 30 requested 15 [File=/var/www/html/booking/lib/Application/Attributes/AttributeService.php,Line=294]
2019-11-09T16:14:15+07:00 [8833] DEBUG default - [User=Wuttichai Natongchai (Wuttichai.n_s16@vistec.ac.th)] applies 1 allowed 1, ids 15 requested 15 [File=/var/www/html/booking/lib/Application/Attributes/AttributeService.php,Line=294]
2019-11-09T16:14:15+07:00 [8833] DEBUG default - [User=Wuttichai Natongchai (Wuttichai.n_s16@vistec.ac.th)] applies 0 allowed 0, ids 18,27 requested 15 [File=/var/www/html/booking/lib/Application/Attributes/AttributeService.php,Line=294]
2019-11-09T16:14:15+07:00 [8833] DEBUG default - [User=Wuttichai Natongchai (Wuttichai.n_s16@vistec.ac.th)] applies 0 allowed 0, ids 16 requested 15 [File=/var/www/html/booking/lib/Application/Attributes/AttributeService.php,Line=294]
2019-11-09T16:14:15+07:00 [8833] DEBUG default - [User=Wuttichai Natongchai (Wuttichai.n_s16@vistec.ac.th)] applies 0 allowed 0, ids 18 requested 15 [File=/var/www/html/booking/lib/Application/Attributes/AttributeService.php,Line=294]
2019-11-09T16:14:15+07:00 [8833] DEBUG default - [User=Wuttichai Natongchai (Wuttichai.n_s16@vistec.ac.th)] applies 0 allowed 0, ids 26 requested 15 [File=/var/www/html/booking/lib/Application/Attributes/AttributeService.php,Line=294]
2019-11-09T16:14:15+07:00 [8833] DEBUG default - [User=Wuttichai Natongchai (Wuttichai.n_s16@vistec.ac.th)] applies 0 allowed 0, ids 18,2 requested 15 [File=/var/www/html/booking/lib/Application/Attributes/AttributeService.php,Line=294]
2019-11-09T16:14:15+07:00 [8833] DEBUG default - [User=Wuttichai Natongchai (Wuttichai.n_s16@vistec.ac.th)] applies 0 allowed 1, ids 17 requested 15 [File=/var/www/html/booking/lib/Application/Attributes/AttributeService.php,Line=294]
2019-11-09T16:14:15+07:00 [8833] DEBUG default - [User=Wuttichai Natongchai (Wuttichai.n_s16@vistec.ac.th)] applies 0 allowed 1, ids 17 requested 15 [File=/var/www/html/booking/lib/Application/Attributes/AttributeService.php,Line=294]
2019-11-09T16:14:15+07:00 [8833] DEBUG default - [User=Wuttichai Natongchai (Wuttichai.n_s16@vistec.ac.th)] applies 0 allowed 0, ids 24 requested 15 [File=/var/www/html/booking/lib/Application/Attributes/AttributeService.php,Line=294]
2019-11-09T16:14:15+07:00 [8833] DEBUG default - [User=Wuttichai Natongchai (Wuttichai.n_s16@vistec.ac.th)] applies 0 allowed 0, ids 26 requested 15 [File=/var/www/html/booking/lib/Application/Attributes/AttributeService.php,Line=294]
2019-11-09T16:14:15+07:00 [8833] DEBUG default - [User=Wuttichai Natongchai (Wuttichai.n_s16@vistec.ac.th)] applies 0 allowed 0, ids 2 requested 15 [File=/var/www/html/booking/lib/Application/Attributes/AttributeService.php,Line=294]
2019-11-09T16:14:15+07:00 [8833] DEBUG default - [User=Wuttichai Natongchai (Wuttichai.n_s16@vistec.ac.th)] applies 0 allowed 0, ids 24 requested 15 [File=/var/www/html/booking/lib/Application/Attributes/AttributeService.php,Line=294]
2019-11-09T16:14:15+07:00 [8833] DEBUG default - [User=Wuttichai Natongchai (Wuttichai.n_s16@vistec.ac.th)] applies 0 allowed 1, ids 17 requested 15 [File=/var/www/html/booking/lib/Application/Attributes/AttributeService.php,Line=294]
2019-11-09T16:14:15+07:00 [8833] DEBUG default - [User=Wuttichai Natongchai (Wuttichai.n_s16@vistec.ac.th)] applies 0 allowed 0, ids 16 requested 15 [File=/var/www/html/booking/lib/Application/Attributes/AttributeService.php,Line=294]
2019-11-09T16:14:15+07:00 [8833] DEBUG default - [User=Wuttichai Natongchai (Wuttichai.n_s16@vistec.ac.th)] applies 0 allowed 0, ids 23,26,22,21 requested 15 [File=/var/www/html/booking/lib/Application/Attributes/AttributeService.php,Line=294]
2019-11-09T16:14:15+07:00 [8833] DEBUG default - [User=Wuttichai Natongchai (Wuttichai.n_s16@vistec.ac.th)] applies 0 allowed 0, ids 23,26,22,24,29,30,21 requested 15 [File=/var/www/html/booking/lib/Application/Attributes/AttributeService.php,Line=294]
