2019-09-28T19:42:37+07:00 [10019] DEBUG default - [User=Chokchai Kaiyasuan (chokchai.k_s17@vistec.ac.th)] applies 0 allowed 1, ids 2 requested 29 [File=/var/www/html/booking/lib/Application/Attributes/AttributeService.php,Line=294]
2019-09-28T19:42:37+07:00 [10019] DEBUG default - [User=Chokchai Kaiyasuan (chokchai.k_s17@vistec.ac.th)] applies 0 allowed 1, ids 17 requested 29 [File=/var/www/html/booking/lib/Application/Attributes/AttributeService.php,Line=294]
2019-09-28T19:42:37+07:00 [10019] DEBUG default - [User=Chokchai Kaiyasuan (chokchai.k_s17@vistec.ac.th)] applies 0 allowed 0, ids 25 requested 29 [File=/var/www/html/booking/lib/Application/Attributes/AttributeService.php,Line=294]
2019-09-28T19:42:37+07:00 [10019] DEBUG default - [User=Chokchai Kaiyasuan (chokchai.k_s17@vistec.ac.th)] applies 0 allowed 1, ids 16 requested 29 [File=/var/www/html/booking/lib/Application/Attributes/AttributeService.php,Line=294]
2019-09-28T19:42:37+07:00 [10019] DEBUG default - [User=Chokchai Kaiyasuan (chokchai.k_s17@vistec.ac.th)] applies 0 allowed 0, ids 25 requested 29 [File=/var/www/html/booking/lib/Application/Attributes/AttributeService.php,Line=294]
2019-09-28T19:42:37+07:00 [10019] DEBUG default - [User=Chokchai Kaiyasuan (chokchai.k_s17@vistec.ac.th)] applies 0 allowed 1, ids 26 requested 29 [File=/var/www/html/booking/lib/Application/Attributes/AttributeService.php,Line=294]
2019-09-28T19:42:37+07:00 [10019] DEBUG default - [User=Chokchai Kaiyasuan (chokchai.k_s17@vistec.ac.th)] applies 1 allowed 1, ids 29 requested 29 [File=/var/www/html/booking/lib/Application/Attributes/AttributeService.php,Line=294]
2019-09-28T19:42:37+07:00 [10019] DEBUG default - [User=Chokchai Kaiyasuan (chokchai.k_s17@vistec.ac.th)] applies 0 allowed 1, ids 26 requested 29 [File=/var/www/html/booking/lib/Application/Attributes/AttributeService.php,Line=294]
2019-09-28T19:42:37+07:00 [10019] DEBUG default - [User=Chokchai Kaiyasuan (chokchai.k_s17@vistec.ac.th)] applies 0 allowed 1, ids 2 requested 29 [File=/var/www/html/booking/lib/Application/Attributes/AttributeService.php,Line=294]
2019-09-28T19:42:37+07:00 [10019] DEBUG default - [User=Chokchai Kaiyasuan (chokchai.k_s17@vistec.ac.th)] applies 0 allowed 0, ids 15 requested 29 [File=/var/www/html/booking/lib/Application/Attributes/AttributeService.php,Line=294]
2019-09-28T19:42:37+07:00 [10019] DEBUG default - [User=Chokchai Kaiyasuan (chokchai.k_s17@vistec.ac.th)] applies 0 allowed 0, ids 18,27 requested 29 [File=/var/www/html/booking/lib/Application/Attributes/AttributeService.php,Line=294]
2019-09-28T19:42:37+07:00 [10019] DEBUG default - [User=Chokchai Kaiyasuan (chokchai.k_s17@vistec.ac.th)] applies 0 allowed 1, ids 16 requested 29 [File=/var/www/html/booking/lib/Application/Attributes/AttributeService.php,Line=294]
2019-09-28T19:42:37+07:00 [10019] DEBUG default - [User=Chokchai Kaiyasuan (chokchai.k_s17@vistec.ac.th)] applies 0 allowed 0, ids 18 requested 29 [File=/var/www/html/booking/lib/Application/Attributes/AttributeService.php,Line=294]
2019-09-28T19:42:37+07:00 [10019] DEBUG default - [User=Chokchai Kaiyasuan (chokchai.k_s17@vistec.ac.th)] applies 0 allowed 1, ids 26 requested 29 [File=/var/www/html/booking/lib/Application/Attributes/AttributeService.php,Line=294]
2019-09-28T19:42:37+07:00 [10019] DEBUG default - [User=Chokchai Kaiyasuan (chokchai.k_s17@vistec.ac.th)] applies 0 allowed 1, ids 18,2 requested 29 [File=/var/www/html/booking/lib/Application/Attributes/AttributeService.php,Line=294]
2019-09-28T19:42:37+07:00 [10019] DEBUG default - [User=Chokchai Kaiyasuan (chokchai.k_s17@vistec.ac.th)] applies 0 allowed 1, ids 17 requested 29 [File=/var/www/html/booking/lib/Application/Attributes/AttributeService.php,Line=294]
2019-09-28T19:42:37+07:00 [10019] DEBUG default - [User=Chokchai Kaiyasuan (chokchai.k_s17@vistec.ac.th)] applies 0 allowed 1, ids 17 requested 29 [File=/var/www/html/booking/lib/Application/Attributes/AttributeService.php,Line=294]
2019-09-28T19:42:37+07:00 [10019] DEBUG default - [User=Chokchai Kaiyasuan (chokchai.k_s17@vistec.ac.th)] applies 0 allowed 1, ids 26 requested 29 [File=/var/www/html/booking/lib/Application/Attributes/AttributeService.php,Line=294]
2019-09-28T19:42:37+07:00 [10019] DEBUG default - [User=Chokchai Kaiyasuan (chokchai.k_s17@vistec.ac.th)] applies 0 allowed 1, ids 2 requested 29 [File=/var/www/html/booking/lib/Application/Attributes/AttributeService.php,Line=294]
2019-09-28T19:42:37+07:00 [10019] DEBUG default - [User=Chokchai Kaiyasuan (chokchai.k_s17@vistec.ac.th)] applies 0 allowed 1, ids 17 requested 29 [File=/var/www/html/booking/lib/Application/Attributes/AttributeService.php,Line=294]
2019-09-28T19:42:37+07:00 [10019] DEBUG default - [User=Chokchai Kaiyasuan (chokchai.k_s17@vistec.ac.th)] applies 0 allowed 1, ids 16 requested 29 [File=/var/www/html/booking/lib/Application/Attributes/AttributeService.php,Line=294]
2019-09-28T19:42:37+07:00 [10019] DEBUG default - [User=Chokchai Kaiyasuan (chokchai.k_s17@vistec.ac.th)] applies 0 allowed 1, ids 23,26,22,21 requested 29 [File=/var/www/html/booking/lib/Application/Attributes/AttributeService.php,Line=294]
2019-09-28T19:42:37+07:00 [10019] DEBUG default - [User=Chokchai Kaiyasuan (chokchai.k_s17@vistec.ac.th)] applies 1 allowed 2, ids 23,26,22,29,21 requested 29 [File=/var/www/html/booking/lib/Application/Attributes/AttributeService.php,Line=294]
2019-09-28T22:01:03+07:00 [28114] DEBUG default - [User=Tharinee Theerathanagorn (Tharinee.t_s18@vistec.ac.th)] applies 0 allowed 0, ids 2 requested  [File=/var/www/html/booking/lib/Application/Attributes/AttributeService.php,Line=294]
2019-09-28T22:01:03+07:00 [28114] DEBUG default - [User=Tharinee Theerathanagorn (Tharinee.t_s18@vistec.ac.th)] applies 0 allowed 0, ids 17 requested  [File=/var/www/html/booking/lib/Application/Attributes/AttributeService.php,Line=294]
2019-09-28T22:01:03+07:00 [28114] DEBUG default - [User=Tharinee Theerathanagorn (Tharinee.t_s18@vistec.ac.th)] applies 0 allowed 0, ids 25 requested  [File=/var/www/html/booking/lib/Application/Attributes/AttributeService.php,Line=294]
2019-09-28T22:01:03+07:00 [28114] DEBUG default - [User=Tharinee Theerathanagorn (Tharinee.t_s18@vistec.ac.th)] applies 0 allowed 0, ids 16 requested  [File=/var/www/html/booking/lib/Application/Attributes/AttributeService.php,Line=294]
2019-09-28T22:01:03+07:00 [28114] DEBUG default - [User=Tharinee Theerathanagorn (Tharinee.t_s18@vistec.ac.th)] applies 0 allowed 0, ids 25 requested  [File=/var/www/html/booking/lib/Application/Attributes/AttributeService.php,Line=294]
2019-09-28T22:01:03+07:00 [28114] DEBUG default - [User=Tharinee Theerathanagorn (Tharinee.t_s18@vistec.ac.th)] applies 0 allowed 0, ids 26 requested  [File=/var/www/html/booking/lib/Application/Attributes/AttributeService.php,Line=294]
2019-09-28T22:01:03+07:00 [28114] DEBUG default - [User=Tharinee Theerathanagorn (Tharinee.t_s18@vistec.ac.th)] applies 0 allowed 0, ids 29 requested  [File=/var/www/html/booking/lib/Application/Attributes/AttributeService.php,Line=294]
2019-09-28T22:01:03+07:00 [28114] DEBUG default - [User=Tharinee Theerathanagorn (Tharinee.t_s18@vistec.ac.th)] applies 0 allowed 0, ids 26 requested  [File=/var/www/html/booking/lib/Application/Attributes/AttributeService.php,Line=294]
2019-09-28T22:01:03+07:00 [28114] DEBUG default - [User=Tharinee Theerathanagorn (Tharinee.t_s18@vistec.ac.th)] applies 0 allowed 0, ids 2 requested  [File=/var/www/html/booking/lib/Application/Attributes/AttributeService.php,Line=294]
2019-09-28T22:01:03+07:00 [28114] DEBUG default - [User=Tharinee Theerathanagorn (Tharinee.t_s18@vistec.ac.th)] applies 0 allowed 0, ids 15 requested  [File=/var/www/html/booking/lib/Application/Attributes/AttributeService.php,Line=294]
2019-09-28T22:01:03+07:00 [28114] DEBUG default - [User=Tharinee Theerathanagorn (Tharinee.t_s18@vistec.ac.th)] applies 0 allowed 0, ids 18,27 requested  [File=/var/www/html/booking/lib/Application/Attributes/AttributeService.php,Line=294]
2019-09-28T22:01:03+07:00 [28114] DEBUG default - [User=Tharinee Theerathanagorn (Tharinee.t_s18@vistec.ac.th)] applies 0 allowed 0, ids 16 requested  [File=/var/www/html/booking/lib/Application/Attributes/AttributeService.php,Line=294]
2019-09-28T22:01:03+07:00 [28114] DEBUG default - [User=Tharinee Theerathanagorn (Tharinee.t_s18@vistec.ac.th)] applies 0 allowed 0, ids 18 requested  [File=/var/www/html/booking/lib/Application/Attributes/AttributeService.php,Line=294]
2019-09-28T22:01:03+07:00 [28114] DEBUG default - [User=Tharinee Theerathanagorn (Tharinee.t_s18@vistec.ac.th)] applies 0 allowed 0, ids 26 requested  [File=/var/www/html/booking/lib/Application/Attributes/AttributeService.php,Line=294]
2019-09-28T22:01:03+07:00 [28114] DEBUG default - [User=Tharinee Theerathanagorn (Tharinee.t_s18@vistec.ac.th)] applies 0 allowed 0, ids 18,2 requested  [File=/var/www/html/booking/lib/Application/Attributes/AttributeService.php,Line=294]
2019-09-28T22:01:03+07:00 [28114] DEBUG default - [User=Tharinee Theerathanagorn (Tharinee.t_s18@vistec.ac.th)] applies 0 allowed 0, ids 17 requested  [File=/var/www/html/booking/lib/Application/Attributes/AttributeService.php,Line=294]
2019-09-28T22:01:03+07:00 [28114] DEBUG default - [User=Tharinee Theerathanagorn (Tharinee.t_s18@vistec.ac.th)] applies 0 allowed 0, ids 17 requested  [File=/var/www/html/booking/lib/Application/Attributes/AttributeService.php,Line=294]
2019-09-28T22:01:03+07:00 [28114] DEBUG default - [User=Tharinee Theerathanagorn (Tharinee.t_s18@vistec.ac.th)] applies 0 allowed 0, ids 26 requested  [File=/var/www/html/booking/lib/Application/Attributes/AttributeService.php,Line=294]
2019-09-28T22:01:03+07:00 [28114] DEBUG default - [User=Tharinee Theerathanagorn (Tharinee.t_s18@vistec.ac.th)] applies 0 allowed 0, ids 2 requested  [File=/var/www/html/booking/lib/Application/Attributes/AttributeService.php,Line=294]
2019-09-28T22:01:03+07:00 [28114] DEBUG default - [User=Tharinee Theerathanagorn (Tharinee.t_s18@vistec.ac.th)] applies 0 allowed 0, ids 17 requested  [File=/var/www/html/booking/lib/Application/Attributes/AttributeService.php,Line=294]
2019-09-28T22:01:03+07:00 [28114] DEBUG default - [User=Tharinee Theerathanagorn (Tharinee.t_s18@vistec.ac.th)] applies 0 allowed 0, ids 16 requested  [File=/var/www/html/booking/lib/Application/Attributes/AttributeService.php,Line=294]
2019-09-28T22:01:03+07:00 [28114] DEBUG default - [User=Tharinee Theerathanagorn (Tharinee.t_s18@vistec.ac.th)] applies 0 allowed 0, ids 23,26,22,21 requested  [File=/var/www/html/booking/lib/Application/Attributes/AttributeService.php,Line=294]
2019-09-28T22:01:03+07:00 [28114] DEBUG default - [User=Tharinee Theerathanagorn (Tharinee.t_s18@vistec.ac.th)] applies 0 allowed 0, ids 23,26,22,29,21 requested  [File=/var/www/html/booking/lib/Application/Attributes/AttributeService.php,Line=294]
2019-09-28T22:02:29+07:00 [28111] DEBUG default - [User=Tharinee Theerathanagorn (Tharinee.t_s18@vistec.ac.th)] Adding custom attribute value for entityId=17, attributeId=29 [File=/var/www/html/booking/lib/Application/Attributes/AttributeList.php,Line=122]
2019-09-28T22:02:29+07:00 [28111] DEBUG default - [User=Tharinee Theerathanagorn (Tharinee.t_s18@vistec.ac.th)] Took 0 seconds to load custom attributes for category 4 [File=/var/www/html/booking/lib/Application/Attributes/AttributeService.php,Line=154]
2019-09-28T22:02:29+07:00 [28111] DEBUG default - [User=Tharinee Theerathanagorn (Tharinee.t_s18@vistec.ac.th)] Found 1 attributes for entityId 17 [File=/var/www/html/booking/lib/Application/Attributes/AttributeList.php,Line=165]
2019-09-28T22:02:29+07:00 [28111] DEBUG default - [User=Tharinee Theerathanagorn (Tharinee.t_s18@vistec.ac.th)] Took 0 seconds to load custom attributes for category 5 [File=/var/www/html/booking/lib/Application/Attributes/AttributeService.php,Line=154]
2019-09-28T22:02:29+07:00 [28111] DEBUG default - [User=Tharinee Theerathanagorn (Tharinee.t_s18@vistec.ac.th)] Found 0 attributes for entityId 2 [File=/var/www/html/booking/lib/Application/Attributes/AttributeList.php,Line=165]
2019-09-28T22:02:39+07:00 [28111] DEBUG default - [User=Tharinee Theerathanagorn (Tharinee.t_s18@vistec.ac.th)] applies 0 allowed 0, ids 2 requested  [File=/var/www/html/booking/lib/Application/Attributes/AttributeService.php,Line=294]
2019-09-28T22:02:39+07:00 [28111] DEBUG default - [User=Tharinee Theerathanagorn (Tharinee.t_s18@vistec.ac.th)] applies 0 allowed 0, ids 17 requested  [File=/var/www/html/booking/lib/Application/Attributes/AttributeService.php,Line=294]
2019-09-28T22:02:39+07:00 [28111] DEBUG default - [User=Tharinee Theerathanagorn (Tharinee.t_s18@vistec.ac.th)] applies 0 allowed 0, ids 25 requested  [File=/var/www/html/booking/lib/Application/Attributes/AttributeService.php,Line=294]
2019-09-28T22:02:39+07:00 [28111] DEBUG default - [User=Tharinee Theerathanagorn (Tharinee.t_s18@vistec.ac.th)] applies 0 allowed 0, ids 16 requested  [File=/var/www/html/booking/lib/Application/Attributes/AttributeService.php,Line=294]
2019-09-28T22:02:39+07:00 [28111] DEBUG default - [User=Tharinee Theerathanagorn (Tharinee.t_s18@vistec.ac.th)] applies 0 allowed 0, ids 25 requested  [File=/var/www/html/booking/lib/Application/Attributes/AttributeService.php,Line=294]
2019-09-28T22:02:39+07:00 [28111] DEBUG default - [User=Tharinee Theerathanagorn (Tharinee.t_s18@vistec.ac.th)] applies 0 allowed 0, ids 26 requested  [File=/var/www/html/booking/lib/Application/Attributes/AttributeService.php,Line=294]
2019-09-28T22:02:39+07:00 [28111] DEBUG default - [User=Tharinee Theerathanagorn (Tharinee.t_s18@vistec.ac.th)] applies 0 allowed 0, ids 29 requested  [File=/var/www/html/booking/lib/Application/Attributes/AttributeService.php,Line=294]
2019-09-28T22:02:39+07:00 [28111] DEBUG default - [User=Tharinee Theerathanagorn (Tharinee.t_s18@vistec.ac.th)] applies 0 allowed 0, ids 26 requested  [File=/var/www/html/booking/lib/Application/Attributes/AttributeService.php,Line=294]
2019-09-28T22:02:39+07:00 [28111] DEBUG default - [User=Tharinee Theerathanagorn (Tharinee.t_s18@vistec.ac.th)] applies 0 allowed 0, ids 2 requested  [File=/var/www/html/booking/lib/Application/Attributes/AttributeService.php,Line=294]
2019-09-28T22:02:39+07:00 [28111] DEBUG default - [User=Tharinee Theerathanagorn (Tharinee.t_s18@vistec.ac.th)] applies 0 allowed 0, ids 15 requested  [File=/var/www/html/booking/lib/Application/Attributes/AttributeService.php,Line=294]
2019-09-28T22:02:39+07:00 [28111] DEBUG default - [User=Tharinee Theerathanagorn (Tharinee.t_s18@vistec.ac.th)] applies 0 allowed 0, ids 18,27 requested  [File=/var/www/html/booking/lib/Application/Attributes/AttributeService.php,Line=294]
2019-09-28T22:02:39+07:00 [28111] DEBUG default - [User=Tharinee Theerathanagorn (Tharinee.t_s18@vistec.ac.th)] applies 0 allowed 0, ids 16 requested  [File=/var/www/html/booking/lib/Application/Attributes/AttributeService.php,Line=294]
2019-09-28T22:02:39+07:00 [28111] DEBUG default - [User=Tharinee Theerathanagorn (Tharinee.t_s18@vistec.ac.th)] applies 0 allowed 0, ids 18 requested  [File=/var/www/html/booking/lib/Application/Attributes/AttributeService.php,Line=294]
2019-09-28T22:02:39+07:00 [28111] DEBUG default - [User=Tharinee Theerathanagorn (Tharinee.t_s18@vistec.ac.th)] applies 0 allowed 0, ids 26 requested  [File=/var/www/html/booking/lib/Application/Attributes/AttributeService.php,Line=294]
2019-09-28T22:02:39+07:00 [28111] DEBUG default - [User=Tharinee Theerathanagorn (Tharinee.t_s18@vistec.ac.th)] applies 0 allowed 0, ids 18,2 requested  [File=/var/www/html/booking/lib/Application/Attributes/AttributeService.php,Line=294]
2019-09-28T22:02:39+07:00 [28111] DEBUG default - [User=Tharinee Theerathanagorn (Tharinee.t_s18@vistec.ac.th)] applies 0 allowed 0, ids 17 requested  [File=/var/www/html/booking/lib/Application/Attributes/AttributeService.php,Line=294]
2019-09-28T22:02:39+07:00 [28111] DEBUG default - [User=Tharinee Theerathanagorn (Tharinee.t_s18@vistec.ac.th)] applies 0 allowed 0, ids 17 requested  [File=/var/www/html/booking/lib/Application/Attributes/AttributeService.php,Line=294]
2019-09-28T22:02:39+07:00 [28111] DEBUG default - [User=Tharinee Theerathanagorn (Tharinee.t_s18@vistec.ac.th)] applies 0 allowed 0, ids 26 requested  [File=/var/www/html/booking/lib/Application/Attributes/AttributeService.php,Line=294]
2019-09-28T22:02:39+07:00 [28111] DEBUG default - [User=Tharinee Theerathanagorn (Tharinee.t_s18@vistec.ac.th)] applies 0 allowed 0, ids 2 requested  [File=/var/www/html/booking/lib/Application/Attributes/AttributeService.php,Line=294]
2019-09-28T22:02:39+07:00 [28111] DEBUG default - [User=Tharinee Theerathanagorn (Tharinee.t_s18@vistec.ac.th)] applies 0 allowed 0, ids 17 requested  [File=/var/www/html/booking/lib/Application/Attributes/AttributeService.php,Line=294]
2019-09-28T22:02:39+07:00 [28111] DEBUG default - [User=Tharinee Theerathanagorn (Tharinee.t_s18@vistec.ac.th)] applies 0 allowed 0, ids 16 requested  [File=/var/www/html/booking/lib/Application/Attributes/AttributeService.php,Line=294]
2019-09-28T22:02:39+07:00 [28111] DEBUG default - [User=Tharinee Theerathanagorn (Tharinee.t_s18@vistec.ac.th)] applies 0 allowed 0, ids 23,26,22,21 requested  [File=/var/www/html/booking/lib/Application/Attributes/AttributeService.php,Line=294]
2019-09-28T22:02:39+07:00 [28111] DEBUG default - [User=Tharinee Theerathanagorn (Tharinee.t_s18@vistec.ac.th)] applies 0 allowed 0, ids 23,26,22,29,21 requested  [File=/var/www/html/booking/lib/Application/Attributes/AttributeService.php,Line=294]
2019-09-28T22:02:39+07:00 [10019] DEBUG default - [User=Tharinee Theerathanagorn (Tharinee.t_s18@vistec.ac.th)] applies 0 allowed 0, ids 2 requested NaN [File=/var/www/html/booking/lib/Application/Attributes/AttributeService.php,Line=294]
2019-09-28T22:02:39+07:00 [10019] DEBUG default - [User=Tharinee Theerathanagorn (Tharinee.t_s18@vistec.ac.th)] applies 0 allowed 0, ids 17 requested NaN [File=/var/www/html/booking/lib/Application/Attributes/AttributeService.php,Line=294]
2019-09-28T22:02:39+07:00 [10019] DEBUG default - [User=Tharinee Theerathanagorn (Tharinee.t_s18@vistec.ac.th)] applies 0 allowed 0, ids 25 requested NaN [File=/var/www/html/booking/lib/Application/Attributes/AttributeService.php,Line=294]
2019-09-28T22:02:39+07:00 [10019] DEBUG default - [User=Tharinee Theerathanagorn (Tharinee.t_s18@vistec.ac.th)] applies 0 allowed 0, ids 16 requested NaN [File=/var/www/html/booking/lib/Application/Attributes/AttributeService.php,Line=294]
2019-09-28T22:02:39+07:00 [10019] DEBUG default - [User=Tharinee Theerathanagorn (Tharinee.t_s18@vistec.ac.th)] applies 0 allowed 0, ids 25 requested NaN [File=/var/www/html/booking/lib/Application/Attributes/AttributeService.php,Line=294]
2019-09-28T22:02:39+07:00 [10019] DEBUG default - [User=Tharinee Theerathanagorn (Tharinee.t_s18@vistec.ac.th)] applies 0 allowed 0, ids 26 requested NaN [File=/var/www/html/booking/lib/Application/Attributes/AttributeService.php,Line=294]
2019-09-28T22:02:39+07:00 [10019] DEBUG default - [User=Tharinee Theerathanagorn (Tharinee.t_s18@vistec.ac.th)] applies 0 allowed 0, ids 29 requested NaN [File=/var/www/html/booking/lib/Application/Attributes/AttributeService.php,Line=294]
2019-09-28T22:02:39+07:00 [10019] DEBUG default - [User=Tharinee Theerathanagorn (Tharinee.t_s18@vistec.ac.th)] applies 0 allowed 0, ids 26 requested NaN [File=/var/www/html/booking/lib/Application/Attributes/AttributeService.php,Line=294]
2019-09-28T22:02:39+07:00 [10019] DEBUG default - [User=Tharinee Theerathanagorn (Tharinee.t_s18@vistec.ac.th)] applies 0 allowed 0, ids 2 requested NaN [File=/var/www/html/booking/lib/Application/Attributes/AttributeService.php,Line=294]
2019-09-28T22:02:39+07:00 [10019] DEBUG default - [User=Tharinee Theerathanagorn (Tharinee.t_s18@vistec.ac.th)] applies 0 allowed 0, ids 15 requested NaN [File=/var/www/html/booking/lib/Application/Attributes/AttributeService.php,Line=294]
2019-09-28T22:02:39+07:00 [10019] DEBUG default - [User=Tharinee Theerathanagorn (Tharinee.t_s18@vistec.ac.th)] applies 0 allowed 0, ids 18,27 requested NaN [File=/var/www/html/booking/lib/Application/Attributes/AttributeService.php,Line=294]
2019-09-28T22:02:39+07:00 [10019] DEBUG default - [User=Tharinee Theerathanagorn (Tharinee.t_s18@vistec.ac.th)] applies 0 allowed 0, ids 16 requested NaN [File=/var/www/html/booking/lib/Application/Attributes/AttributeService.php,Line=294]
2019-09-28T22:02:39+07:00 [10019] DEBUG default - [User=Tharinee Theerathanagorn (Tharinee.t_s18@vistec.ac.th)] applies 0 allowed 0, ids 18 requested NaN [File=/var/www/html/booking/lib/Application/Attributes/AttributeService.php,Line=294]
2019-09-28T22:02:39+07:00 [10019] DEBUG default - [User=Tharinee Theerathanagorn (Tharinee.t_s18@vistec.ac.th)] applies 0 allowed 0, ids 26 requested NaN [File=/var/www/html/booking/lib/Application/Attributes/AttributeService.php,Line=294]
2019-09-28T22:02:39+07:00 [10019] DEBUG default - [User=Tharinee Theerathanagorn (Tharinee.t_s18@vistec.ac.th)] applies 0 allowed 0, ids 18,2 requested NaN [File=/var/www/html/booking/lib/Application/Attributes/AttributeService.php,Line=294]
2019-09-28T22:02:39+07:00 [10019] DEBUG default - [User=Tharinee Theerathanagorn (Tharinee.t_s18@vistec.ac.th)] applies 0 allowed 0, ids 17 requested NaN [File=/var/www/html/booking/lib/Application/Attributes/AttributeService.php,Line=294]
2019-09-28T22:02:39+07:00 [10019] DEBUG default - [User=Tharinee Theerathanagorn (Tharinee.t_s18@vistec.ac.th)] applies 0 allowed 0, ids 17 requested NaN [File=/var/www/html/booking/lib/Application/Attributes/AttributeService.php,Line=294]
2019-09-28T22:02:39+07:00 [10019] DEBUG default - [User=Tharinee Theerathanagorn (Tharinee.t_s18@vistec.ac.th)] applies 0 allowed 0, ids 26 requested NaN [File=/var/www/html/booking/lib/Application/Attributes/AttributeService.php,Line=294]
2019-09-28T22:02:39+07:00 [10019] DEBUG default - [User=Tharinee Theerathanagorn (Tharinee.t_s18@vistec.ac.th)] applies 0 allowed 0, ids 2 requested NaN [File=/var/www/html/booking/lib/Application/Attributes/AttributeService.php,Line=294]
2019-09-28T22:02:39+07:00 [10019] DEBUG default - [User=Tharinee Theerathanagorn (Tharinee.t_s18@vistec.ac.th)] applies 0 allowed 0, ids 17 requested NaN [File=/var/www/html/booking/lib/Application/Attributes/AttributeService.php,Line=294]
2019-09-28T22:02:39+07:00 [10019] DEBUG default - [User=Tharinee Theerathanagorn (Tharinee.t_s18@vistec.ac.th)] applies 0 allowed 0, ids 16 requested NaN [File=/var/www/html/booking/lib/Application/Attributes/AttributeService.php,Line=294]
2019-09-28T22:02:39+07:00 [10019] DEBUG default - [User=Tharinee Theerathanagorn (Tharinee.t_s18@vistec.ac.th)] applies 0 allowed 0, ids 23,26,22,21 requested NaN [File=/var/www/html/booking/lib/Application/Attributes/AttributeService.php,Line=294]
2019-09-28T22:02:39+07:00 [10019] DEBUG default - [User=Tharinee Theerathanagorn (Tharinee.t_s18@vistec.ac.th)] applies 0 allowed 0, ids 23,26,22,29,21 requested NaN [File=/var/www/html/booking/lib/Application/Attributes/AttributeService.php,Line=294]
2019-09-28T22:03:41+07:00 [28114] DEBUG default - [User=Tharinee Theerathanagorn (Tharinee.t_s18@vistec.ac.th)] applies 0 allowed 0, ids 2 requested 28 [File=/var/www/html/booking/lib/Application/Attributes/AttributeService.php,Line=294]
2019-09-28T22:03:41+07:00 [28114] DEBUG default - [User=Tharinee Theerathanagorn (Tharinee.t_s18@vistec.ac.th)] applies 0 allowed 0, ids 17 requested 28 [File=/var/www/html/booking/lib/Application/Attributes/AttributeService.php,Line=294]
2019-09-28T22:03:41+07:00 [28114] DEBUG default - [User=Tharinee Theerathanagorn (Tharinee.t_s18@vistec.ac.th)] applies 0 allowed 0, ids 25 requested 28 [File=/var/www/html/booking/lib/Application/Attributes/AttributeService.php,Line=294]
2019-09-28T22:03:41+07:00 [28114] DEBUG default - [User=Tharinee Theerathanagorn (Tharinee.t_s18@vistec.ac.th)] applies 0 allowed 0, ids 16 requested 28 [File=/var/www/html/booking/lib/Application/Attributes/AttributeService.php,Line=294]
2019-09-28T22:03:41+07:00 [28114] DEBUG default - [User=Tharinee Theerathanagorn (Tharinee.t_s18@vistec.ac.th)] applies 0 allowed 0, ids 25 requested 28 [File=/var/www/html/booking/lib/Application/Attributes/AttributeService.php,Line=294]
2019-09-28T22:03:41+07:00 [28114] DEBUG default - [User=Tharinee Theerathanagorn (Tharinee.t_s18@vistec.ac.th)] applies 0 allowed 0, ids 26 requested 28 [File=/var/www/html/booking/lib/Application/Attributes/AttributeService.php,Line=294]
2019-09-28T22:03:41+07:00 [28114] DEBUG default - [User=Tharinee Theerathanagorn (Tharinee.t_s18@vistec.ac.th)] applies 0 allowed 0, ids 29 requested 28 [File=/var/www/html/booking/lib/Application/Attributes/AttributeService.php,Line=294]
2019-09-28T22:03:41+07:00 [28114] DEBUG default - [User=Tharinee Theerathanagorn (Tharinee.t_s18@vistec.ac.th)] applies 0 allowed 0, ids 26 requested 28 [File=/var/www/html/booking/lib/Application/Attributes/AttributeService.php,Line=294]
2019-09-28T22:03:41+07:00 [28114] DEBUG default - [User=Tharinee Theerathanagorn (Tharinee.t_s18@vistec.ac.th)] applies 0 allowed 0, ids 2 requested 28 [File=/var/www/html/booking/lib/Application/Attributes/AttributeService.php,Line=294]
2019-09-28T22:03:41+07:00 [28114] DEBUG default - [User=Tharinee Theerathanagorn (Tharinee.t_s18@vistec.ac.th)] applies 0 allowed 0, ids 15 requested 28 [File=/var/www/html/booking/lib/Application/Attributes/AttributeService.php,Line=294]
2019-09-28T22:03:41+07:00 [28114] DEBUG default - [User=Tharinee Theerathanagorn (Tharinee.t_s18@vistec.ac.th)] applies 0 allowed 0, ids 18,27 requested 28 [File=/var/www/html/booking/lib/Application/Attributes/AttributeService.php,Line=294]
2019-09-28T22:03:41+07:00 [28114] DEBUG default - [User=Tharinee Theerathanagorn (Tharinee.t_s18@vistec.ac.th)] applies 0 allowed 0, ids 16 requested 28 [File=/var/www/html/booking/lib/Application/Attributes/AttributeService.php,Line=294]
2019-09-28T22:03:41+07:00 [28114] DEBUG default - [User=Tharinee Theerathanagorn (Tharinee.t_s18@vistec.ac.th)] applies 0 allowed 0, ids 18 requested 28 [File=/var/www/html/booking/lib/Application/Attributes/AttributeService.php,Line=294]
2019-09-28T22:03:41+07:00 [28114] DEBUG default - [User=Tharinee Theerathanagorn (Tharinee.t_s18@vistec.ac.th)] applies 0 allowed 0, ids 26 requested 28 [File=/var/www/html/booking/lib/Application/Attributes/AttributeService.php,Line=294]
2019-09-28T22:03:41+07:00 [28114] DEBUG default - [User=Tharinee Theerathanagorn (Tharinee.t_s18@vistec.ac.th)] applies 0 allowed 0, ids 18,2 requested 28 [File=/var/www/html/booking/lib/Application/Attributes/AttributeService.php,Line=294]
2019-09-28T22:03:41+07:00 [28114] DEBUG default - [User=Tharinee Theerathanagorn (Tharinee.t_s18@vistec.ac.th)] applies 0 allowed 0, ids 17 requested 28 [File=/var/www/html/booking/lib/Application/Attributes/AttributeService.php,Line=294]
2019-09-28T22:03:41+07:00 [28114] DEBUG default - [User=Tharinee Theerathanagorn (Tharinee.t_s18@vistec.ac.th)] applies 0 allowed 0, ids 17 requested 28 [File=/var/www/html/booking/lib/Application/Attributes/AttributeService.php,Line=294]
2019-09-28T22:03:41+07:00 [28114] DEBUG default - [User=Tharinee Theerathanagorn (Tharinee.t_s18@vistec.ac.th)] applies 0 allowed 0, ids 26 requested 28 [File=/var/www/html/booking/lib/Application/Attributes/AttributeService.php,Line=294]
2019-09-28T22:03:41+07:00 [28114] DEBUG default - [User=Tharinee Theerathanagorn (Tharinee.t_s18@vistec.ac.th)] applies 0 allowed 0, ids 2 requested 28 [File=/var/www/html/booking/lib/Application/Attributes/AttributeService.php,Line=294]
2019-09-28T22:03:41+07:00 [28114] DEBUG default - [User=Tharinee Theerathanagorn (Tharinee.t_s18@vistec.ac.th)] applies 0 allowed 0, ids 17 requested 28 [File=/var/www/html/booking/lib/Application/Attributes/AttributeService.php,Line=294]
2019-09-28T22:03:41+07:00 [28114] DEBUG default - [User=Tharinee Theerathanagorn (Tharinee.t_s18@vistec.ac.th)] applies 0 allowed 0, ids 16 requested 28 [File=/var/www/html/booking/lib/Application/Attributes/AttributeService.php,Line=294]
2019-09-28T22:03:41+07:00 [28114] DEBUG default - [User=Tharinee Theerathanagorn (Tharinee.t_s18@vistec.ac.th)] applies 0 allowed 0, ids 23,26,22,21 requested 28 [File=/var/www/html/booking/lib/Application/Attributes/AttributeService.php,Line=294]
2019-09-28T22:03:41+07:00 [28114] DEBUG default - [User=Tharinee Theerathanagorn (Tharinee.t_s18@vistec.ac.th)] applies 0 allowed 0, ids 23,26,22,29,21 requested 28 [File=/var/www/html/booking/lib/Application/Attributes/AttributeService.php,Line=294]
