2019-10-13T12:04:11+07:00 [2796] DEBUG default - [User=Wimalin Jaroonwatana (1830309@vistec.ac.th)] applies 0 allowed 0, ids 2 requested  [File=/var/www/html/booking/lib/Application/Attributes/AttributeService.php,Line=294]
2019-10-13T12:04:11+07:00 [2796] DEBUG default - [User=Wimalin Jaroonwatana (1830309@vistec.ac.th)] applies 0 allowed 0, ids 17 requested  [File=/var/www/html/booking/lib/Application/Attributes/AttributeService.php,Line=294]
2019-10-13T12:04:11+07:00 [2796] DEBUG default - [User=Wimalin Jaroonwatana (1830309@vistec.ac.th)] applies 0 allowed 0, ids 25 requested  [File=/var/www/html/booking/lib/Application/Attributes/AttributeService.php,Line=294]
2019-10-13T12:04:11+07:00 [2796] DEBUG default - [User=Wimalin Jaroonwatana (1830309@vistec.ac.th)] applies 0 allowed 0, ids 16 requested  [File=/var/www/html/booking/lib/Application/Attributes/AttributeService.php,Line=294]
2019-10-13T12:04:11+07:00 [2796] DEBUG default - [User=Wimalin Jaroonwatana (1830309@vistec.ac.th)] applies 0 allowed 0, ids 25 requested  [File=/var/www/html/booking/lib/Application/Attributes/AttributeService.php,Line=294]
2019-10-13T12:04:11+07:00 [2796] DEBUG default - [User=Wimalin Jaroonwatana (1830309@vistec.ac.th)] applies 0 allowed 0, ids 26 requested  [File=/var/www/html/booking/lib/Application/Attributes/AttributeService.php,Line=294]
2019-10-13T12:04:11+07:00 [2796] DEBUG default - [User=Wimalin Jaroonwatana (1830309@vistec.ac.th)] applies 0 allowed 0, ids 29 requested  [File=/var/www/html/booking/lib/Application/Attributes/AttributeService.php,Line=294]
2019-10-13T12:04:11+07:00 [2796] DEBUG default - [User=Wimalin Jaroonwatana (1830309@vistec.ac.th)] applies 0 allowed 0, ids 26 requested  [File=/var/www/html/booking/lib/Application/Attributes/AttributeService.php,Line=294]
2019-10-13T12:04:11+07:00 [2796] DEBUG default - [User=Wimalin Jaroonwatana (1830309@vistec.ac.th)] applies 0 allowed 0, ids 2 requested  [File=/var/www/html/booking/lib/Application/Attributes/AttributeService.php,Line=294]
2019-10-13T12:04:11+07:00 [2796] DEBUG default - [User=Wimalin Jaroonwatana (1830309@vistec.ac.th)] applies 0 allowed 0, ids 15 requested  [File=/var/www/html/booking/lib/Application/Attributes/AttributeService.php,Line=294]
2019-10-13T12:04:11+07:00 [2796] DEBUG default - [User=Wimalin Jaroonwatana (1830309@vistec.ac.th)] applies 0 allowed 1, ids 18,27 requested  [File=/var/www/html/booking/lib/Application/Attributes/AttributeService.php,Line=294]
2019-10-13T12:04:11+07:00 [2796] DEBUG default - [User=Wimalin Jaroonwatana (1830309@vistec.ac.th)] applies 0 allowed 0, ids 16 requested  [File=/var/www/html/booking/lib/Application/Attributes/AttributeService.php,Line=294]
2019-10-13T12:04:11+07:00 [2796] DEBUG default - [User=Wimalin Jaroonwatana (1830309@vistec.ac.th)] applies 0 allowed 1, ids 18 requested  [File=/var/www/html/booking/lib/Application/Attributes/AttributeService.php,Line=294]
2019-10-13T12:04:11+07:00 [2796] DEBUG default - [User=Wimalin Jaroonwatana (1830309@vistec.ac.th)] applies 0 allowed 0, ids 26 requested  [File=/var/www/html/booking/lib/Application/Attributes/AttributeService.php,Line=294]
2019-10-13T12:04:11+07:00 [2796] DEBUG default - [User=Wimalin Jaroonwatana (1830309@vistec.ac.th)] applies 0 allowed 1, ids 18,2 requested  [File=/var/www/html/booking/lib/Application/Attributes/AttributeService.php,Line=294]
2019-10-13T12:04:11+07:00 [2796] DEBUG default - [User=Wimalin Jaroonwatana (1830309@vistec.ac.th)] applies 0 allowed 0, ids 17 requested  [File=/var/www/html/booking/lib/Application/Attributes/AttributeService.php,Line=294]
2019-10-13T12:04:11+07:00 [2796] DEBUG default - [User=Wimalin Jaroonwatana (1830309@vistec.ac.th)] applies 0 allowed 0, ids 17 requested  [File=/var/www/html/booking/lib/Application/Attributes/AttributeService.php,Line=294]
2019-10-13T12:04:11+07:00 [2796] DEBUG default - [User=Wimalin Jaroonwatana (1830309@vistec.ac.th)] applies 0 allowed 0, ids 26 requested  [File=/var/www/html/booking/lib/Application/Attributes/AttributeService.php,Line=294]
2019-10-13T12:04:11+07:00 [2796] DEBUG default - [User=Wimalin Jaroonwatana (1830309@vistec.ac.th)] applies 0 allowed 0, ids 2 requested  [File=/var/www/html/booking/lib/Application/Attributes/AttributeService.php,Line=294]
2019-10-13T12:04:11+07:00 [2796] DEBUG default - [User=Wimalin Jaroonwatana (1830309@vistec.ac.th)] applies 0 allowed 0, ids 17 requested  [File=/var/www/html/booking/lib/Application/Attributes/AttributeService.php,Line=294]
2019-10-13T12:04:11+07:00 [2796] DEBUG default - [User=Wimalin Jaroonwatana (1830309@vistec.ac.th)] applies 0 allowed 0, ids 16 requested  [File=/var/www/html/booking/lib/Application/Attributes/AttributeService.php,Line=294]
2019-10-13T12:04:11+07:00 [2796] DEBUG default - [User=Wimalin Jaroonwatana (1830309@vistec.ac.th)] applies 0 allowed 0, ids 23,26,22,21 requested  [File=/var/www/html/booking/lib/Application/Attributes/AttributeService.php,Line=294]
2019-10-13T12:04:11+07:00 [2796] DEBUG default - [User=Wimalin Jaroonwatana (1830309@vistec.ac.th)] applies 0 allowed 0, ids 23,26,22,29,21 requested  [File=/var/www/html/booking/lib/Application/Attributes/AttributeService.php,Line=294]
2019-10-13T13:36:53+07:00 [10524] DEBUG default - [User=Taya Saothayanun (1730401@vistec.ac.th)] applies 0 allowed 1, ids 2 requested 19 [File=/var/www/html/booking/lib/Application/Attributes/AttributeService.php,Line=294]
2019-10-13T13:36:53+07:00 [10524] DEBUG default - [User=Taya Saothayanun (1730401@vistec.ac.th)] applies 0 allowed 0, ids 17 requested 19 [File=/var/www/html/booking/lib/Application/Attributes/AttributeService.php,Line=294]
2019-10-13T13:36:53+07:00 [10524] DEBUG default - [User=Taya Saothayanun (1730401@vistec.ac.th)] applies 0 allowed 0, ids 25 requested 19 [File=/var/www/html/booking/lib/Application/Attributes/AttributeService.php,Line=294]
2019-10-13T13:36:53+07:00 [10524] DEBUG default - [User=Taya Saothayanun (1730401@vistec.ac.th)] applies 0 allowed 0, ids 16 requested 19 [File=/var/www/html/booking/lib/Application/Attributes/AttributeService.php,Line=294]
2019-10-13T13:36:53+07:00 [10524] DEBUG default - [User=Taya Saothayanun (1730401@vistec.ac.th)] applies 0 allowed 0, ids 25 requested 19 [File=/var/www/html/booking/lib/Application/Attributes/AttributeService.php,Line=294]
2019-10-13T13:36:53+07:00 [10524] DEBUG default - [User=Taya Saothayanun (1730401@vistec.ac.th)] applies 0 allowed 0, ids 26 requested 19 [File=/var/www/html/booking/lib/Application/Attributes/AttributeService.php,Line=294]
2019-10-13T13:36:53+07:00 [10524] DEBUG default - [User=Taya Saothayanun (1730401@vistec.ac.th)] applies 0 allowed 0, ids 29 requested 19 [File=/var/www/html/booking/lib/Application/Attributes/AttributeService.php,Line=294]
2019-10-13T13:36:53+07:00 [10524] DEBUG default - [User=Taya Saothayanun (1730401@vistec.ac.th)] applies 0 allowed 0, ids 26 requested 19 [File=/var/www/html/booking/lib/Application/Attributes/AttributeService.php,Line=294]
2019-10-13T13:36:53+07:00 [10524] DEBUG default - [User=Taya Saothayanun (1730401@vistec.ac.th)] applies 0 allowed 1, ids 2 requested 19 [File=/var/www/html/booking/lib/Application/Attributes/AttributeService.php,Line=294]
2019-10-13T13:36:53+07:00 [10524] DEBUG default - [User=Taya Saothayanun (1730401@vistec.ac.th)] applies 0 allowed 0, ids 15 requested 19 [File=/var/www/html/booking/lib/Application/Attributes/AttributeService.php,Line=294]
2019-10-13T13:36:53+07:00 [10524] DEBUG default - [User=Taya Saothayanun (1730401@vistec.ac.th)] applies 0 allowed 0, ids 18,27 requested 19 [File=/var/www/html/booking/lib/Application/Attributes/AttributeService.php,Line=294]
2019-10-13T13:36:53+07:00 [10524] DEBUG default - [User=Taya Saothayanun (1730401@vistec.ac.th)] applies 0 allowed 0, ids 16 requested 19 [File=/var/www/html/booking/lib/Application/Attributes/AttributeService.php,Line=294]
2019-10-13T13:36:53+07:00 [10524] DEBUG default - [User=Taya Saothayanun (1730401@vistec.ac.th)] applies 0 allowed 0, ids 18 requested 19 [File=/var/www/html/booking/lib/Application/Attributes/AttributeService.php,Line=294]
2019-10-13T13:36:53+07:00 [10524] DEBUG default - [User=Taya Saothayanun (1730401@vistec.ac.th)] applies 0 allowed 0, ids 26 requested 19 [File=/var/www/html/booking/lib/Application/Attributes/AttributeService.php,Line=294]
2019-10-13T13:36:53+07:00 [10524] DEBUG default - [User=Taya Saothayanun (1730401@vistec.ac.th)] applies 0 allowed 1, ids 18,2 requested 19 [File=/var/www/html/booking/lib/Application/Attributes/AttributeService.php,Line=294]
2019-10-13T13:36:53+07:00 [10524] DEBUG default - [User=Taya Saothayanun (1730401@vistec.ac.th)] applies 0 allowed 0, ids 17 requested 19 [File=/var/www/html/booking/lib/Application/Attributes/AttributeService.php,Line=294]
2019-10-13T13:36:53+07:00 [10524] DEBUG default - [User=Taya Saothayanun (1730401@vistec.ac.th)] applies 0 allowed 0, ids 17 requested 19 [File=/var/www/html/booking/lib/Application/Attributes/AttributeService.php,Line=294]
2019-10-13T13:36:53+07:00 [10524] DEBUG default - [User=Taya Saothayanun (1730401@vistec.ac.th)] applies 0 allowed 0, ids 26 requested 19 [File=/var/www/html/booking/lib/Application/Attributes/AttributeService.php,Line=294]
2019-10-13T13:36:53+07:00 [10524] DEBUG default - [User=Taya Saothayanun (1730401@vistec.ac.th)] applies 0 allowed 1, ids 2 requested 19 [File=/var/www/html/booking/lib/Application/Attributes/AttributeService.php,Line=294]
2019-10-13T13:36:53+07:00 [10524] DEBUG default - [User=Taya Saothayanun (1730401@vistec.ac.th)] applies 0 allowed 0, ids 17 requested 19 [File=/var/www/html/booking/lib/Application/Attributes/AttributeService.php,Line=294]
2019-10-13T13:36:53+07:00 [10524] DEBUG default - [User=Taya Saothayanun (1730401@vistec.ac.th)] applies 0 allowed 0, ids 16 requested 19 [File=/var/www/html/booking/lib/Application/Attributes/AttributeService.php,Line=294]
2019-10-13T13:36:53+07:00 [10524] DEBUG default - [User=Taya Saothayanun (1730401@vistec.ac.th)] applies 0 allowed 0, ids 23,26,22,21 requested 19 [File=/var/www/html/booking/lib/Application/Attributes/AttributeService.php,Line=294]
2019-10-13T13:36:53+07:00 [10524] DEBUG default - [User=Taya Saothayanun (1730401@vistec.ac.th)] applies 0 allowed 0, ids 23,26,22,29,21 requested 19 [File=/var/www/html/booking/lib/Application/Attributes/AttributeService.php,Line=294]
2019-10-13T16:01:22+07:00 [2796] DEBUG default - [User=Alisa Phuekphong (1830401@vistec.ac.th)] Adding custom attribute value for entityId=10, attributeId=29 [File=/var/www/html/booking/lib/Application/Attributes/AttributeList.php,Line=122]
2019-10-13T16:01:22+07:00 [2796] DEBUG default - [User=Alisa Phuekphong (1830401@vistec.ac.th)] Took 0 seconds to load custom attributes for category 4 [File=/var/www/html/booking/lib/Application/Attributes/AttributeService.php,Line=154]
2019-10-13T16:01:22+07:00 [2796] DEBUG default - [User=Alisa Phuekphong (1830401@vistec.ac.th)] Found 1 attributes for entityId 10 [File=/var/www/html/booking/lib/Application/Attributes/AttributeList.php,Line=165]
2019-10-13T16:01:22+07:00 [2796] DEBUG default - [User=Alisa Phuekphong (1830401@vistec.ac.th)] Took 0 seconds to load custom attributes for category 5 [File=/var/www/html/booking/lib/Application/Attributes/AttributeService.php,Line=154]
2019-10-13T16:01:22+07:00 [2796] DEBUG default - [User=Alisa Phuekphong (1830401@vistec.ac.th)] Found 0 attributes for entityId 1 [File=/var/www/html/booking/lib/Application/Attributes/AttributeList.php,Line=165]
2019-10-13T16:08:51+07:00 [2796] DEBUG default - [User=Worapol Tejangkura (worapol_tej@yahoo.com)] applies 1 allowed 1, ids 2 requested 2 [File=/var/www/html/booking/lib/Application/Attributes/AttributeService.php,Line=294]
2019-10-13T16:08:51+07:00 [2796] DEBUG default - [User=Worapol Tejangkura (worapol_tej@yahoo.com)] applies 0 allowed 1, ids 17 requested 2 [File=/var/www/html/booking/lib/Application/Attributes/AttributeService.php,Line=294]
2019-10-13T16:08:51+07:00 [2796] DEBUG default - [User=Worapol Tejangkura (worapol_tej@yahoo.com)] applies 0 allowed 0, ids 25 requested 2 [File=/var/www/html/booking/lib/Application/Attributes/AttributeService.php,Line=294]
2019-10-13T16:08:51+07:00 [2796] DEBUG default - [User=Worapol Tejangkura (worapol_tej@yahoo.com)] applies 0 allowed 0, ids 16 requested 2 [File=/var/www/html/booking/lib/Application/Attributes/AttributeService.php,Line=294]
2019-10-13T16:08:51+07:00 [2796] DEBUG default - [User=Worapol Tejangkura (worapol_tej@yahoo.com)] applies 0 allowed 0, ids 25 requested 2 [File=/var/www/html/booking/lib/Application/Attributes/AttributeService.php,Line=294]
2019-10-13T16:08:51+07:00 [2796] DEBUG default - [User=Worapol Tejangkura (worapol_tej@yahoo.com)] applies 0 allowed 0, ids 26 requested 2 [File=/var/www/html/booking/lib/Application/Attributes/AttributeService.php,Line=294]
2019-10-13T16:08:51+07:00 [2796] DEBUG default - [User=Worapol Tejangkura (worapol_tej@yahoo.com)] applies 0 allowed 0, ids 29 requested 2 [File=/var/www/html/booking/lib/Application/Attributes/AttributeService.php,Line=294]
2019-10-13T16:08:51+07:00 [2796] DEBUG default - [User=Worapol Tejangkura (worapol_tej@yahoo.com)] applies 0 allowed 0, ids 26 requested 2 [File=/var/www/html/booking/lib/Application/Attributes/AttributeService.php,Line=294]
2019-10-13T16:08:51+07:00 [2796] DEBUG default - [User=Worapol Tejangkura (worapol_tej@yahoo.com)] applies 1 allowed 1, ids 2 requested 2 [File=/var/www/html/booking/lib/Application/Attributes/AttributeService.php,Line=294]
2019-10-13T16:08:51+07:00 [2796] DEBUG default - [User=Worapol Tejangkura (worapol_tej@yahoo.com)] applies 0 allowed 0, ids 15 requested 2 [File=/var/www/html/booking/lib/Application/Attributes/AttributeService.php,Line=294]
2019-10-13T16:08:51+07:00 [2796] DEBUG default - [User=Worapol Tejangkura (worapol_tej@yahoo.com)] applies 0 allowed 0, ids 18,27 requested 2 [File=/var/www/html/booking/lib/Application/Attributes/AttributeService.php,Line=294]
2019-10-13T16:08:51+07:00 [2796] DEBUG default - [User=Worapol Tejangkura (worapol_tej@yahoo.com)] applies 0 allowed 0, ids 16 requested 2 [File=/var/www/html/booking/lib/Application/Attributes/AttributeService.php,Line=294]
2019-10-13T16:08:51+07:00 [2796] DEBUG default - [User=Worapol Tejangkura (worapol_tej@yahoo.com)] applies 0 allowed 0, ids 18 requested 2 [File=/var/www/html/booking/lib/Application/Attributes/AttributeService.php,Line=294]
2019-10-13T16:08:51+07:00 [2796] DEBUG default - [User=Worapol Tejangkura (worapol_tej@yahoo.com)] applies 0 allowed 0, ids 26 requested 2 [File=/var/www/html/booking/lib/Application/Attributes/AttributeService.php,Line=294]
2019-10-13T16:08:51+07:00 [2796] DEBUG default - [User=Worapol Tejangkura (worapol_tej@yahoo.com)] applies 1 allowed 1, ids 18,2 requested 2 [File=/var/www/html/booking/lib/Application/Attributes/AttributeService.php,Line=294]
2019-10-13T16:08:51+07:00 [2796] DEBUG default - [User=Worapol Tejangkura (worapol_tej@yahoo.com)] applies 0 allowed 1, ids 17 requested 2 [File=/var/www/html/booking/lib/Application/Attributes/AttributeService.php,Line=294]
2019-10-13T16:08:51+07:00 [2796] DEBUG default - [User=Worapol Tejangkura (worapol_tej@yahoo.com)] applies 0 allowed 1, ids 17 requested 2 [File=/var/www/html/booking/lib/Application/Attributes/AttributeService.php,Line=294]
2019-10-13T16:08:51+07:00 [2796] DEBUG default - [User=Worapol Tejangkura (worapol_tej@yahoo.com)] applies 0 allowed 0, ids 26 requested 2 [File=/var/www/html/booking/lib/Application/Attributes/AttributeService.php,Line=294]
2019-10-13T16:08:51+07:00 [2796] DEBUG default - [User=Worapol Tejangkura (worapol_tej@yahoo.com)] applies 1 allowed 1, ids 2 requested 2 [File=/var/www/html/booking/lib/Application/Attributes/AttributeService.php,Line=294]
2019-10-13T16:08:51+07:00 [2796] DEBUG default - [User=Worapol Tejangkura (worapol_tej@yahoo.com)] applies 0 allowed 1, ids 17 requested 2 [File=/var/www/html/booking/lib/Application/Attributes/AttributeService.php,Line=294]
2019-10-13T16:08:51+07:00 [2796] DEBUG default - [User=Worapol Tejangkura (worapol_tej@yahoo.com)] applies 0 allowed 0, ids 16 requested 2 [File=/var/www/html/booking/lib/Application/Attributes/AttributeService.php,Line=294]
2019-10-13T16:08:51+07:00 [2796] DEBUG default - [User=Worapol Tejangkura (worapol_tej@yahoo.com)] applies 0 allowed 2, ids 23,26,22,21 requested 2 [File=/var/www/html/booking/lib/Application/Attributes/AttributeService.php,Line=294]
2019-10-13T16:08:51+07:00 [2796] DEBUG default - [User=Worapol Tejangkura (worapol_tej@yahoo.com)] applies 0 allowed 2, ids 23,26,22,29,21 requested 2 [File=/var/www/html/booking/lib/Application/Attributes/AttributeService.php,Line=294]
2019-10-13T16:09:03+07:00 [2796] DEBUG default - [User=Worapol Tejangkura (worapol_tej@yahoo.com)] applies 1 allowed 1, ids 2 requested 2 [File=/var/www/html/booking/lib/Application/Attributes/AttributeService.php,Line=294]
2019-10-13T16:09:03+07:00 [2796] DEBUG default - [User=Worapol Tejangkura (worapol_tej@yahoo.com)] applies 0 allowed 1, ids 17 requested 2 [File=/var/www/html/booking/lib/Application/Attributes/AttributeService.php,Line=294]
2019-10-13T16:09:03+07:00 [2796] DEBUG default - [User=Worapol Tejangkura (worapol_tej@yahoo.com)] applies 0 allowed 0, ids 25 requested 2 [File=/var/www/html/booking/lib/Application/Attributes/AttributeService.php,Line=294]
2019-10-13T16:09:03+07:00 [2796] DEBUG default - [User=Worapol Tejangkura (worapol_tej@yahoo.com)] applies 0 allowed 0, ids 16 requested 2 [File=/var/www/html/booking/lib/Application/Attributes/AttributeService.php,Line=294]
2019-10-13T16:09:03+07:00 [2796] DEBUG default - [User=Worapol Tejangkura (worapol_tej@yahoo.com)] applies 0 allowed 0, ids 25 requested 2 [File=/var/www/html/booking/lib/Application/Attributes/AttributeService.php,Line=294]
2019-10-13T16:09:03+07:00 [2796] DEBUG default - [User=Worapol Tejangkura (worapol_tej@yahoo.com)] applies 0 allowed 0, ids 26 requested 2 [File=/var/www/html/booking/lib/Application/Attributes/AttributeService.php,Line=294]
2019-10-13T16:09:03+07:00 [2796] DEBUG default - [User=Worapol Tejangkura (worapol_tej@yahoo.com)] applies 0 allowed 0, ids 29 requested 2 [File=/var/www/html/booking/lib/Application/Attributes/AttributeService.php,Line=294]
2019-10-13T16:09:03+07:00 [2796] DEBUG default - [User=Worapol Tejangkura (worapol_tej@yahoo.com)] applies 0 allowed 0, ids 26 requested 2 [File=/var/www/html/booking/lib/Application/Attributes/AttributeService.php,Line=294]
2019-10-13T16:09:03+07:00 [2796] DEBUG default - [User=Worapol Tejangkura (worapol_tej@yahoo.com)] applies 1 allowed 1, ids 2 requested 2 [File=/var/www/html/booking/lib/Application/Attributes/AttributeService.php,Line=294]
2019-10-13T16:09:03+07:00 [2796] DEBUG default - [User=Worapol Tejangkura (worapol_tej@yahoo.com)] applies 0 allowed 0, ids 15 requested 2 [File=/var/www/html/booking/lib/Application/Attributes/AttributeService.php,Line=294]
2019-10-13T16:09:03+07:00 [2796] DEBUG default - [User=Worapol Tejangkura (worapol_tej@yahoo.com)] applies 0 allowed 0, ids 18,27 requested 2 [File=/var/www/html/booking/lib/Application/Attributes/AttributeService.php,Line=294]
2019-10-13T16:09:03+07:00 [2796] DEBUG default - [User=Worapol Tejangkura (worapol_tej@yahoo.com)] applies 0 allowed 0, ids 16 requested 2 [File=/var/www/html/booking/lib/Application/Attributes/AttributeService.php,Line=294]
2019-10-13T16:09:03+07:00 [2796] DEBUG default - [User=Worapol Tejangkura (worapol_tej@yahoo.com)] applies 0 allowed 0, ids 18 requested 2 [File=/var/www/html/booking/lib/Application/Attributes/AttributeService.php,Line=294]
2019-10-13T16:09:03+07:00 [2796] DEBUG default - [User=Worapol Tejangkura (worapol_tej@yahoo.com)] applies 0 allowed 0, ids 26 requested 2 [File=/var/www/html/booking/lib/Application/Attributes/AttributeService.php,Line=294]
2019-10-13T16:09:03+07:00 [2796] DEBUG default - [User=Worapol Tejangkura (worapol_tej@yahoo.com)] applies 1 allowed 1, ids 18,2 requested 2 [File=/var/www/html/booking/lib/Application/Attributes/AttributeService.php,Line=294]
2019-10-13T16:09:03+07:00 [2796] DEBUG default - [User=Worapol Tejangkura (worapol_tej@yahoo.com)] applies 0 allowed 1, ids 17 requested 2 [File=/var/www/html/booking/lib/Application/Attributes/AttributeService.php,Line=294]
2019-10-13T16:09:03+07:00 [2796] DEBUG default - [User=Worapol Tejangkura (worapol_tej@yahoo.com)] applies 0 allowed 1, ids 17 requested 2 [File=/var/www/html/booking/lib/Application/Attributes/AttributeService.php,Line=294]
2019-10-13T16:09:03+07:00 [2796] DEBUG default - [User=Worapol Tejangkura (worapol_tej@yahoo.com)] applies 0 allowed 0, ids 26 requested 2 [File=/var/www/html/booking/lib/Application/Attributes/AttributeService.php,Line=294]
2019-10-13T16:09:03+07:00 [2796] DEBUG default - [User=Worapol Tejangkura (worapol_tej@yahoo.com)] applies 1 allowed 1, ids 2 requested 2 [File=/var/www/html/booking/lib/Application/Attributes/AttributeService.php,Line=294]
2019-10-13T16:09:03+07:00 [2796] DEBUG default - [User=Worapol Tejangkura (worapol_tej@yahoo.com)] applies 0 allowed 1, ids 17 requested 2 [File=/var/www/html/booking/lib/Application/Attributes/AttributeService.php,Line=294]
2019-10-13T16:09:03+07:00 [2796] DEBUG default - [User=Worapol Tejangkura (worapol_tej@yahoo.com)] applies 0 allowed 0, ids 16 requested 2 [File=/var/www/html/booking/lib/Application/Attributes/AttributeService.php,Line=294]
2019-10-13T16:09:03+07:00 [2796] DEBUG default - [User=Worapol Tejangkura (worapol_tej@yahoo.com)] applies 0 allowed 2, ids 23,26,22,21 requested 2 [File=/var/www/html/booking/lib/Application/Attributes/AttributeService.php,Line=294]
2019-10-13T16:09:03+07:00 [2796] DEBUG default - [User=Worapol Tejangkura (worapol_tej@yahoo.com)] applies 0 allowed 2, ids 23,26,22,29,21 requested 2 [File=/var/www/html/booking/lib/Application/Attributes/AttributeService.php,Line=294]
2019-10-13T16:09:15+07:00 [10524] DEBUG default - [User=Worapol Tejangkura (worapol_tej@yahoo.com)] submitted retry params array (
) [File=/var/www/html/booking/lib/Application/Reservation/ReservationHandler.php,Line=103]
2019-10-13T16:09:15+07:00 [10524] DEBUG default - [User=Worapol Tejangkura (worapol_tej@yahoo.com)] week_month_start 41 [File=/var/www/html/booking/lib/Application/Reservation/ReservationHandler.php,Line=365]
2019-10-13T16:09:15+07:00 [10524] DEBUG default - [User=Worapol Tejangkura (worapol_tej@yahoo.com)] week_month_current 41 [File=/var/www/html/booking/lib/Application/Reservation/ReservationHandler.php,Line=366]
2019-10-13T16:09:15+07:00 [10524] DEBUG default - [User=Worapol Tejangkura (worapol_tej@yahoo.com)] Tool Mode is Powder mode [File=/var/www/html/booking/lib/Application/Reservation/ReservationHandler.php,Line=747]
2019-10-13T16:09:15+07:00 [10524] DEBUG default - [User=Worapol Tejangkura (worapol_tej@yahoo.com)] Checking for reservation conflicts, reference number 5da2e9bb9a62a338192037 on 2019-10-13 19:00:00 Asia/Bangkok [File=/var/www/html/booking/lib/Application/Reservation/Validation/ResourceAvailabilityRule.php,Line=54]
2019-10-13T16:09:15+07:00 [10524] DEBUG default - [User=Worapol Tejangkura (worapol_tej@yahoo.com)] Validating rule ResourceAvailabilityRule. Passed?: 1 [File=/var/www/html/booking/lib/Application/Reservation/Validation/ReservationValidationRuleProcessor.php,Line=35]
2019-10-13T16:09:15+07:00 [10524] DEBUG default - [User=Worapol Tejangkura (worapol_tej@yahoo.com)] Validating rule AdminExcludedRule. Passed?: 1 [File=/var/www/html/booking/lib/Application/Reservation/Validation/ReservationValidationRuleProcessor.php,Line=35]
2019-10-13T16:09:15+07:00 [10524] DEBUG default - [User=Worapol Tejangkura (worapol_tej@yahoo.com)] Validating rule ReservationDateTimeRule. Passed?: 1 [File=/var/www/html/booking/lib/Application/Reservation/Validation/ReservationValidationRuleProcessor.php,Line=35]
2019-10-13T16:09:15+07:00 [10524] DEBUG default - [User=Worapol Tejangkura (worapol_tej@yahoo.com)] Validating rule ReservationBasicInfoRule. Passed?: 1 [File=/var/www/html/booking/lib/Application/Reservation/Validation/ReservationValidationRuleProcessor.php,Line=35]
2019-10-13T16:09:15+07:00 [10524] DEBUG default - [User=Worapol Tejangkura (worapol_tej@yahoo.com)] Start Time Rule: Comparing 2019-10-13 19:00:00 Asia/Bangkok to 2019-10-13 16:09:15 Asia/Bangkok [File=/var/www/html/booking/lib/Application/Reservation/Validation/ReservationStartTimeRule.php,Line=63]
2019-10-13T16:09:15+07:00 [10524] DEBUG default - [User=Worapol Tejangkura (worapol_tej@yahoo.com)] Validating rule AdminExcludedRule. Passed?: 1 [File=/var/www/html/booking/lib/Application/Reservation/Validation/ReservationValidationRuleProcessor.php,Line=35]
2019-10-13T16:09:15+07:00 [10524] DEBUG default - [User=Worapol Tejangkura (worapol_tej@yahoo.com)] Validating rule AdminExcludedRule. Passed?: 1 [File=/var/www/html/booking/lib/Application/Reservation/Validation/ReservationValidationRuleProcessor.php,Line=35]
2019-10-13T16:09:15+07:00 [10524] DEBUG default - [User=Worapol Tejangkura (worapol_tej@yahoo.com)] Validating rule AdminExcludedRule. Passed?: 1 [File=/var/www/html/booking/lib/Application/Reservation/Validation/ReservationValidationRuleProcessor.php,Line=35]
2019-10-13T16:09:15+07:00 [10524] DEBUG default - [User=Worapol Tejangkura (worapol_tej@yahoo.com)] Validating rule AdminExcludedRule. Passed?: 1 [File=/var/www/html/booking/lib/Application/Reservation/Validation/ReservationValidationRuleProcessor.php,Line=35]
2019-10-13T16:09:15+07:00 [10524] DEBUG default - [User=Worapol Tejangkura (worapol_tej@yahoo.com)] Validating rule AdminExcludedRule. Passed?: 1 [File=/var/www/html/booking/lib/Application/Reservation/Validation/ReservationValidationRuleProcessor.php,Line=35]
2019-10-13T16:09:15+07:00 [10524] DEBUG default - [User=Worapol Tejangkura (worapol_tej@yahoo.com)] Validating rule ReservationAttachmentRule. Passed?: 1 [File=/var/www/html/booking/lib/Application/Reservation/Validation/ReservationValidationRuleProcessor.php,Line=35]
2019-10-13T16:09:15+07:00 [10524] DEBUG default - [User=Worapol Tejangkura (worapol_tej@yahoo.com)] Validating rule AdminExcludedRule. Passed?: 1 [File=/var/www/html/booking/lib/Application/Reservation/Validation/ReservationValidationRuleProcessor.php,Line=35]
2019-10-13T16:09:15+07:00 [10524] DEBUG default - [User=Worapol Tejangkura (worapol_tej@yahoo.com)] Validating rule AdminExcludedRule. Passed?: 1 [File=/var/www/html/booking/lib/Application/Reservation/Validation/ReservationValidationRuleProcessor.php,Line=35]
2019-10-13T16:09:15+07:00 [10524] DEBUG default - [User=Worapol Tejangkura (worapol_tej@yahoo.com)] Validating rule AdminExcludedRule. Passed?: 1 [File=/var/www/html/booking/lib/Application/Reservation/Validation/ReservationValidationRuleProcessor.php,Line=35]
2019-10-13T16:09:15+07:00 [10524] DEBUG default - [User=Worapol Tejangkura (worapol_tej@yahoo.com)] Validating rule AdminExcludedRule. Passed?: 1 [File=/var/www/html/booking/lib/Application/Reservation/Validation/ReservationValidationRuleProcessor.php,Line=35]
2019-10-13T16:09:15+07:00 [10524] DEBUG default - [User=Worapol Tejangkura (worapol_tej@yahoo.com)] Validating rule SchedulePeriodRule. Passed?: 1 [File=/var/www/html/booking/lib/Application/Reservation/Validation/ReservationValidationRuleProcessor.php,Line=35]
2019-10-13T16:09:15+07:00 [10524] DEBUG default - [User=Worapol Tejangkura (worapol_tej@yahoo.com)] Validating rule AdminExcludedRule. Passed?: 1 [File=/var/www/html/booking/lib/Application/Reservation/Validation/ReservationValidationRuleProcessor.php,Line=35]
2019-10-13T16:09:15+07:00 [10524] DEBUG default - [User=Worapol Tejangkura (worapol_tej@yahoo.com)] Validating rule AdminExcludedRule. Passed?: 1 [File=/var/www/html/booking/lib/Application/Reservation/Validation/ReservationValidationRuleProcessor.php,Line=35]
2019-10-13T16:09:15+07:00 [10524] DEBUG default - [User=Worapol Tejangkura (worapol_tej@yahoo.com)] Validating rule AccessoryAvailabilityRule. Passed?: 1 [File=/var/www/html/booking/lib/Application/Reservation/Validation/ReservationValidationRuleProcessor.php,Line=35]
2019-10-13T16:09:15+07:00 [10524] DEBUG default - [User=Worapol Tejangkura (worapol_tej@yahoo.com)] Validating rule AccessoryResourceRule. Passed?: 1 [File=/var/www/html/booking/lib/Application/Reservation/Validation/ReservationValidationRuleProcessor.php,Line=35]
2019-10-13T16:09:15+07:00 [10524] DEBUG default - [User=Worapol Tejangkura (worapol_tej@yahoo.com)] CREDITS - Reservation update adjusting credits for user 537 by 0. Required 0, consumed 0 [File=/var/www/html/booking/Domain/Access/ReservationRepository.php,Line=209]
2019-10-13T16:09:15+07:00 [10524] DEBUG default - [User=Worapol Tejangkura (worapol_tej@yahoo.com)] Calling notify on OwnerEmailCreatedNotification for reservation 5da2e9bb9a62a338192037 [File=/var/www/html/booking/lib/Application/Reservation/Notification/IReservationNotificationService.php,Line=53]
2019-10-13T16:09:15+07:00 [10524] DEBUG default - [User=Worapol Tejangkura (worapol_tej@yahoo.com)] Owner does not want these types of email notifications. Email=worapol_tej@yahoo.com, ReferenceNumber=5da2e9bb9a62a338192037 [File=/var/www/html/booking/lib/Application/Reservation/Notification/OwnerEmailNotification.php,Line=60]
2019-10-13T16:09:15+07:00 [10524] DEBUG default - [User=Worapol Tejangkura (worapol_tej@yahoo.com)] Calling notify on AdminEmailCreatedNotification for reservation 5da2e9bb9a62a338192037 [File=/var/www/html/booking/lib/Application/Reservation/Notification/IReservationNotificationService.php,Line=53]
2019-10-13T16:09:15+07:00 [10524] DEBUG default - [User=Worapol Tejangkura (worapol_tej@yahoo.com)] Calling notify on AdminEmailApprovalNotification for reservation 5da2e9bb9a62a338192037 [File=/var/www/html/booking/lib/Application/Reservation/Notification/IReservationNotificationService.php,Line=53]
2019-10-13T16:09:15+07:00 [10524] DEBUG default - [User=Worapol Tejangkura (worapol_tej@yahoo.com)] Calling notify on ParticipantAddedEmailNotification for reservation 5da2e9bb9a62a338192037 [File=/var/www/html/booking/lib/Application/Reservation/Notification/IReservationNotificationService.php,Line=53]
2019-10-13T16:09:15+07:00 [10524] DEBUG default - [User=Worapol Tejangkura (worapol_tej@yahoo.com)] Calling notify on InviteeAddedEmailNotification for reservation 5da2e9bb9a62a338192037 [File=/var/www/html/booking/lib/Application/Reservation/Notification/IReservationNotificationService.php,Line=53]
2019-10-13T16:09:15+07:00 [10524] DEBUG default - [User=Worapol Tejangkura (worapol_tej@yahoo.com)] Calling notify on GuestAddedEmailNotification for reservation 5da2e9bb9a62a338192037 [File=/var/www/html/booking/lib/Application/Reservation/Notification/IReservationNotificationService.php,Line=53]
2019-10-13T17:17:59+07:00 [13609] DEBUG default - [User=Peerapol Pornsetmetakul (Peerapol.p_s18@vistec.ac.th)] Adding custom attribute value for entityId=14, attributeId=29 [File=/var/www/html/booking/lib/Application/Attributes/AttributeList.php,Line=122]
2019-10-13T17:17:59+07:00 [13609] DEBUG default - [User=Peerapol Pornsetmetakul (Peerapol.p_s18@vistec.ac.th)] Took 0 seconds to load custom attributes for category 4 [File=/var/www/html/booking/lib/Application/Attributes/AttributeService.php,Line=154]
2019-10-13T17:17:59+07:00 [13609] DEBUG default - [User=Peerapol Pornsetmetakul (Peerapol.p_s18@vistec.ac.th)] Found 1 attributes for entityId 14 [File=/var/www/html/booking/lib/Application/Attributes/AttributeList.php,Line=165]
2019-10-13T17:17:59+07:00 [13609] DEBUG default - [User=Peerapol Pornsetmetakul (Peerapol.p_s18@vistec.ac.th)] Took 0 seconds to load custom attributes for category 5 [File=/var/www/html/booking/lib/Application/Attributes/AttributeService.php,Line=154]
2019-10-13T17:17:59+07:00 [13609] DEBUG default - [User=Peerapol Pornsetmetakul (Peerapol.p_s18@vistec.ac.th)] Found 0 attributes for entityId 4 [File=/var/www/html/booking/lib/Application/Attributes/AttributeList.php,Line=165]
2019-10-13T17:18:04+07:00 [10524] DEBUG default - [User=Peerapol Pornsetmetakul (Peerapol.p_s18@vistec.ac.th)] applies 0 allowed 1, ids 2 requested  [File=/var/www/html/booking/lib/Application/Attributes/AttributeService.php,Line=294]
2019-10-13T17:18:04+07:00 [10524] DEBUG default - [User=Peerapol Pornsetmetakul (Peerapol.p_s18@vistec.ac.th)] applies 0 allowed 0, ids 17 requested  [File=/var/www/html/booking/lib/Application/Attributes/AttributeService.php,Line=294]
2019-10-13T17:18:04+07:00 [10524] DEBUG default - [User=Peerapol Pornsetmetakul (Peerapol.p_s18@vistec.ac.th)] applies 0 allowed 0, ids 25 requested  [File=/var/www/html/booking/lib/Application/Attributes/AttributeService.php,Line=294]
2019-10-13T17:18:04+07:00 [10524] DEBUG default - [User=Peerapol Pornsetmetakul (Peerapol.p_s18@vistec.ac.th)] applies 0 allowed 0, ids 16 requested  [File=/var/www/html/booking/lib/Application/Attributes/AttributeService.php,Line=294]
2019-10-13T17:18:04+07:00 [10524] DEBUG default - [User=Peerapol Pornsetmetakul (Peerapol.p_s18@vistec.ac.th)] applies 0 allowed 0, ids 25 requested  [File=/var/www/html/booking/lib/Application/Attributes/AttributeService.php,Line=294]
2019-10-13T17:18:04+07:00 [10524] DEBUG default - [User=Peerapol Pornsetmetakul (Peerapol.p_s18@vistec.ac.th)] applies 0 allowed 0, ids 26 requested  [File=/var/www/html/booking/lib/Application/Attributes/AttributeService.php,Line=294]
2019-10-13T17:18:04+07:00 [10524] DEBUG default - [User=Peerapol Pornsetmetakul (Peerapol.p_s18@vistec.ac.th)] applies 0 allowed 0, ids 29 requested  [File=/var/www/html/booking/lib/Application/Attributes/AttributeService.php,Line=294]
2019-10-13T17:18:04+07:00 [10524] DEBUG default - [User=Peerapol Pornsetmetakul (Peerapol.p_s18@vistec.ac.th)] applies 0 allowed 0, ids 26 requested  [File=/var/www/html/booking/lib/Application/Attributes/AttributeService.php,Line=294]
2019-10-13T17:18:04+07:00 [10524] DEBUG default - [User=Peerapol Pornsetmetakul (Peerapol.p_s18@vistec.ac.th)] applies 0 allowed 1, ids 2 requested  [File=/var/www/html/booking/lib/Application/Attributes/AttributeService.php,Line=294]
2019-10-13T17:18:04+07:00 [10524] DEBUG default - [User=Peerapol Pornsetmetakul (Peerapol.p_s18@vistec.ac.th)] applies 0 allowed 0, ids 15 requested  [File=/var/www/html/booking/lib/Application/Attributes/AttributeService.php,Line=294]
2019-10-13T17:18:04+07:00 [10524] DEBUG default - [User=Peerapol Pornsetmetakul (Peerapol.p_s18@vistec.ac.th)] applies 0 allowed 0, ids 18,27 requested  [File=/var/www/html/booking/lib/Application/Attributes/AttributeService.php,Line=294]
2019-10-13T17:18:04+07:00 [10524] DEBUG default - [User=Peerapol Pornsetmetakul (Peerapol.p_s18@vistec.ac.th)] applies 0 allowed 0, ids 16 requested  [File=/var/www/html/booking/lib/Application/Attributes/AttributeService.php,Line=294]
2019-10-13T17:18:04+07:00 [10524] DEBUG default - [User=Peerapol Pornsetmetakul (Peerapol.p_s18@vistec.ac.th)] applies 0 allowed 0, ids 18 requested  [File=/var/www/html/booking/lib/Application/Attributes/AttributeService.php,Line=294]
2019-10-13T17:18:04+07:00 [10524] DEBUG default - [User=Peerapol Pornsetmetakul (Peerapol.p_s18@vistec.ac.th)] applies 0 allowed 0, ids 26 requested  [File=/var/www/html/booking/lib/Application/Attributes/AttributeService.php,Line=294]
2019-10-13T17:18:04+07:00 [10524] DEBUG default - [User=Peerapol Pornsetmetakul (Peerapol.p_s18@vistec.ac.th)] applies 0 allowed 1, ids 18,2 requested  [File=/var/www/html/booking/lib/Application/Attributes/AttributeService.php,Line=294]
2019-10-13T17:18:04+07:00 [10524] DEBUG default - [User=Peerapol Pornsetmetakul (Peerapol.p_s18@vistec.ac.th)] applies 0 allowed 0, ids 17 requested  [File=/var/www/html/booking/lib/Application/Attributes/AttributeService.php,Line=294]
2019-10-13T17:18:04+07:00 [10524] DEBUG default - [User=Peerapol Pornsetmetakul (Peerapol.p_s18@vistec.ac.th)] applies 0 allowed 0, ids 17 requested  [File=/var/www/html/booking/lib/Application/Attributes/AttributeService.php,Line=294]
2019-10-13T17:18:04+07:00 [10524] DEBUG default - [User=Peerapol Pornsetmetakul (Peerapol.p_s18@vistec.ac.th)] applies 0 allowed 0, ids 26 requested  [File=/var/www/html/booking/lib/Application/Attributes/AttributeService.php,Line=294]
2019-10-13T17:18:04+07:00 [10524] DEBUG default - [User=Peerapol Pornsetmetakul (Peerapol.p_s18@vistec.ac.th)] applies 0 allowed 1, ids 2 requested  [File=/var/www/html/booking/lib/Application/Attributes/AttributeService.php,Line=294]
2019-10-13T17:18:04+07:00 [10524] DEBUG default - [User=Peerapol Pornsetmetakul (Peerapol.p_s18@vistec.ac.th)] applies 0 allowed 0, ids 17 requested  [File=/var/www/html/booking/lib/Application/Attributes/AttributeService.php,Line=294]
2019-10-13T17:18:04+07:00 [10524] DEBUG default - [User=Peerapol Pornsetmetakul (Peerapol.p_s18@vistec.ac.th)] applies 0 allowed 0, ids 16 requested  [File=/var/www/html/booking/lib/Application/Attributes/AttributeService.php,Line=294]
2019-10-13T17:18:04+07:00 [10524] DEBUG default - [User=Peerapol Pornsetmetakul (Peerapol.p_s18@vistec.ac.th)] applies 0 allowed 1, ids 23,26,22,21 requested  [File=/var/www/html/booking/lib/Application/Attributes/AttributeService.php,Line=294]
2019-10-13T17:18:04+07:00 [10524] DEBUG default - [User=Peerapol Pornsetmetakul (Peerapol.p_s18@vistec.ac.th)] applies 0 allowed 1, ids 23,26,22,29,21 requested  [File=/var/www/html/booking/lib/Application/Attributes/AttributeService.php,Line=294]
2019-10-13T17:18:15+07:00 [13609] DEBUG default - [User=Peerapol Pornsetmetakul (Peerapol.p_s18@vistec.ac.th)] applies 0 allowed 1, ids 2 requested  [File=/var/www/html/booking/lib/Application/Attributes/AttributeService.php,Line=294]
2019-10-13T17:18:15+07:00 [13609] DEBUG default - [User=Peerapol Pornsetmetakul (Peerapol.p_s18@vistec.ac.th)] applies 0 allowed 0, ids 17 requested  [File=/var/www/html/booking/lib/Application/Attributes/AttributeService.php,Line=294]
2019-10-13T17:18:15+07:00 [13609] DEBUG default - [User=Peerapol Pornsetmetakul (Peerapol.p_s18@vistec.ac.th)] applies 0 allowed 0, ids 25 requested  [File=/var/www/html/booking/lib/Application/Attributes/AttributeService.php,Line=294]
2019-10-13T17:18:15+07:00 [13609] DEBUG default - [User=Peerapol Pornsetmetakul (Peerapol.p_s18@vistec.ac.th)] applies 0 allowed 0, ids 16 requested  [File=/var/www/html/booking/lib/Application/Attributes/AttributeService.php,Line=294]
2019-10-13T17:18:15+07:00 [13609] DEBUG default - [User=Peerapol Pornsetmetakul (Peerapol.p_s18@vistec.ac.th)] applies 0 allowed 0, ids 25 requested  [File=/var/www/html/booking/lib/Application/Attributes/AttributeService.php,Line=294]
2019-10-13T17:18:15+07:00 [13609] DEBUG default - [User=Peerapol Pornsetmetakul (Peerapol.p_s18@vistec.ac.th)] applies 0 allowed 0, ids 26 requested  [File=/var/www/html/booking/lib/Application/Attributes/AttributeService.php,Line=294]
2019-10-13T17:18:15+07:00 [13609] DEBUG default - [User=Peerapol Pornsetmetakul (Peerapol.p_s18@vistec.ac.th)] applies 0 allowed 0, ids 29 requested  [File=/var/www/html/booking/lib/Application/Attributes/AttributeService.php,Line=294]
2019-10-13T17:18:15+07:00 [13609] DEBUG default - [User=Peerapol Pornsetmetakul (Peerapol.p_s18@vistec.ac.th)] applies 0 allowed 0, ids 26 requested  [File=/var/www/html/booking/lib/Application/Attributes/AttributeService.php,Line=294]
2019-10-13T17:18:15+07:00 [13609] DEBUG default - [User=Peerapol Pornsetmetakul (Peerapol.p_s18@vistec.ac.th)] applies 0 allowed 1, ids 2 requested  [File=/var/www/html/booking/lib/Application/Attributes/AttributeService.php,Line=294]
2019-10-13T17:18:15+07:00 [13609] DEBUG default - [User=Peerapol Pornsetmetakul (Peerapol.p_s18@vistec.ac.th)] applies 0 allowed 0, ids 15 requested  [File=/var/www/html/booking/lib/Application/Attributes/AttributeService.php,Line=294]
2019-10-13T17:18:15+07:00 [13609] DEBUG default - [User=Peerapol Pornsetmetakul (Peerapol.p_s18@vistec.ac.th)] applies 0 allowed 0, ids 18,27 requested  [File=/var/www/html/booking/lib/Application/Attributes/AttributeService.php,Line=294]
2019-10-13T17:18:15+07:00 [13609] DEBUG default - [User=Peerapol Pornsetmetakul (Peerapol.p_s18@vistec.ac.th)] applies 0 allowed 0, ids 16 requested  [File=/var/www/html/booking/lib/Application/Attributes/AttributeService.php,Line=294]
2019-10-13T17:18:15+07:00 [13609] DEBUG default - [User=Peerapol Pornsetmetakul (Peerapol.p_s18@vistec.ac.th)] applies 0 allowed 0, ids 18 requested  [File=/var/www/html/booking/lib/Application/Attributes/AttributeService.php,Line=294]
2019-10-13T17:18:15+07:00 [13609] DEBUG default - [User=Peerapol Pornsetmetakul (Peerapol.p_s18@vistec.ac.th)] applies 0 allowed 0, ids 26 requested  [File=/var/www/html/booking/lib/Application/Attributes/AttributeService.php,Line=294]
2019-10-13T17:18:15+07:00 [13609] DEBUG default - [User=Peerapol Pornsetmetakul (Peerapol.p_s18@vistec.ac.th)] applies 0 allowed 1, ids 18,2 requested  [File=/var/www/html/booking/lib/Application/Attributes/AttributeService.php,Line=294]
2019-10-13T17:18:15+07:00 [13609] DEBUG default - [User=Peerapol Pornsetmetakul (Peerapol.p_s18@vistec.ac.th)] applies 0 allowed 0, ids 17 requested  [File=/var/www/html/booking/lib/Application/Attributes/AttributeService.php,Line=294]
2019-10-13T17:18:15+07:00 [13609] DEBUG default - [User=Peerapol Pornsetmetakul (Peerapol.p_s18@vistec.ac.th)] applies 0 allowed 0, ids 17 requested  [File=/var/www/html/booking/lib/Application/Attributes/AttributeService.php,Line=294]
2019-10-13T17:18:15+07:00 [13609] DEBUG default - [User=Peerapol Pornsetmetakul (Peerapol.p_s18@vistec.ac.th)] applies 0 allowed 0, ids 26 requested  [File=/var/www/html/booking/lib/Application/Attributes/AttributeService.php,Line=294]
2019-10-13T17:18:15+07:00 [13609] DEBUG default - [User=Peerapol Pornsetmetakul (Peerapol.p_s18@vistec.ac.th)] applies 0 allowed 1, ids 2 requested  [File=/var/www/html/booking/lib/Application/Attributes/AttributeService.php,Line=294]
2019-10-13T17:18:15+07:00 [13609] DEBUG default - [User=Peerapol Pornsetmetakul (Peerapol.p_s18@vistec.ac.th)] applies 0 allowed 0, ids 17 requested  [File=/var/www/html/booking/lib/Application/Attributes/AttributeService.php,Line=294]
2019-10-13T17:18:15+07:00 [13609] DEBUG default - [User=Peerapol Pornsetmetakul (Peerapol.p_s18@vistec.ac.th)] applies 0 allowed 0, ids 16 requested  [File=/var/www/html/booking/lib/Application/Attributes/AttributeService.php,Line=294]
2019-10-13T17:18:15+07:00 [13609] DEBUG default - [User=Peerapol Pornsetmetakul (Peerapol.p_s18@vistec.ac.th)] applies 0 allowed 1, ids 23,26,22,21 requested  [File=/var/www/html/booking/lib/Application/Attributes/AttributeService.php,Line=294]
2019-10-13T17:18:15+07:00 [13609] DEBUG default - [User=Peerapol Pornsetmetakul (Peerapol.p_s18@vistec.ac.th)] applies 0 allowed 1, ids 23,26,22,29,21 requested  [File=/var/www/html/booking/lib/Application/Attributes/AttributeService.php,Line=294]
2019-10-13T18:49:21+07:00 [2796] DEBUG default - [User=Alisa Phuekphong (1830401@vistec.ac.th)] applies 0 allowed 1, ids 2 requested  [File=/var/www/html/booking/lib/Application/Attributes/AttributeService.php,Line=294]
2019-10-13T18:49:21+07:00 [2796] DEBUG default - [User=Alisa Phuekphong (1830401@vistec.ac.th)] applies 0 allowed 0, ids 17 requested  [File=/var/www/html/booking/lib/Application/Attributes/AttributeService.php,Line=294]
2019-10-13T18:49:21+07:00 [2796] DEBUG default - [User=Alisa Phuekphong (1830401@vistec.ac.th)] applies 0 allowed 0, ids 25 requested  [File=/var/www/html/booking/lib/Application/Attributes/AttributeService.php,Line=294]
2019-10-13T18:49:21+07:00 [2796] DEBUG default - [User=Alisa Phuekphong (1830401@vistec.ac.th)] applies 0 allowed 1, ids 16 requested  [File=/var/www/html/booking/lib/Application/Attributes/AttributeService.php,Line=294]
2019-10-13T18:49:21+07:00 [2796] DEBUG default - [User=Alisa Phuekphong (1830401@vistec.ac.th)] applies 0 allowed 0, ids 25 requested  [File=/var/www/html/booking/lib/Application/Attributes/AttributeService.php,Line=294]
2019-10-13T18:49:21+07:00 [2796] DEBUG default - [User=Alisa Phuekphong (1830401@vistec.ac.th)] applies 0 allowed 0, ids 26 requested  [File=/var/www/html/booking/lib/Application/Attributes/AttributeService.php,Line=294]
2019-10-13T18:49:21+07:00 [2796] DEBUG default - [User=Alisa Phuekphong (1830401@vistec.ac.th)] applies 0 allowed 0, ids 29 requested  [File=/var/www/html/booking/lib/Application/Attributes/AttributeService.php,Line=294]
2019-10-13T18:49:21+07:00 [2796] DEBUG default - [User=Alisa Phuekphong (1830401@vistec.ac.th)] applies 0 allowed 0, ids 26 requested  [File=/var/www/html/booking/lib/Application/Attributes/AttributeService.php,Line=294]
2019-10-13T18:49:21+07:00 [2796] DEBUG default - [User=Alisa Phuekphong (1830401@vistec.ac.th)] applies 0 allowed 1, ids 2 requested  [File=/var/www/html/booking/lib/Application/Attributes/AttributeService.php,Line=294]
2019-10-13T18:49:21+07:00 [2796] DEBUG default - [User=Alisa Phuekphong (1830401@vistec.ac.th)] applies 0 allowed 0, ids 15 requested  [File=/var/www/html/booking/lib/Application/Attributes/AttributeService.php,Line=294]
2019-10-13T18:49:21+07:00 [2796] DEBUG default - [User=Alisa Phuekphong (1830401@vistec.ac.th)] applies 0 allowed 0, ids 18,27 requested  [File=/var/www/html/booking/lib/Application/Attributes/AttributeService.php,Line=294]
2019-10-13T18:49:21+07:00 [2796] DEBUG default - [User=Alisa Phuekphong (1830401@vistec.ac.th)] applies 0 allowed 1, ids 16 requested  [File=/var/www/html/booking/lib/Application/Attributes/AttributeService.php,Line=294]
2019-10-13T18:49:21+07:00 [2796] DEBUG default - [User=Alisa Phuekphong (1830401@vistec.ac.th)] applies 0 allowed 0, ids 18 requested  [File=/var/www/html/booking/lib/Application/Attributes/AttributeService.php,Line=294]
2019-10-13T18:49:21+07:00 [2796] DEBUG default - [User=Alisa Phuekphong (1830401@vistec.ac.th)] applies 0 allowed 0, ids 26 requested  [File=/var/www/html/booking/lib/Application/Attributes/AttributeService.php,Line=294]
2019-10-13T18:49:21+07:00 [2796] DEBUG default - [User=Alisa Phuekphong (1830401@vistec.ac.th)] applies 0 allowed 1, ids 18,2 requested  [File=/var/www/html/booking/lib/Application/Attributes/AttributeService.php,Line=294]
2019-10-13T18:49:21+07:00 [2796] DEBUG default - [User=Alisa Phuekphong (1830401@vistec.ac.th)] applies 0 allowed 0, ids 17 requested  [File=/var/www/html/booking/lib/Application/Attributes/AttributeService.php,Line=294]
2019-10-13T18:49:21+07:00 [2796] DEBUG default - [User=Alisa Phuekphong (1830401@vistec.ac.th)] applies 0 allowed 0, ids 17 requested  [File=/var/www/html/booking/lib/Application/Attributes/AttributeService.php,Line=294]
2019-10-13T18:49:21+07:00 [2796] DEBUG default - [User=Alisa Phuekphong (1830401@vistec.ac.th)] applies 0 allowed 0, ids 26 requested  [File=/var/www/html/booking/lib/Application/Attributes/AttributeService.php,Line=294]
2019-10-13T18:49:21+07:00 [2796] DEBUG default - [User=Alisa Phuekphong (1830401@vistec.ac.th)] applies 0 allowed 1, ids 2 requested  [File=/var/www/html/booking/lib/Application/Attributes/AttributeService.php,Line=294]
2019-10-13T18:49:21+07:00 [2796] DEBUG default - [User=Alisa Phuekphong (1830401@vistec.ac.th)] applies 0 allowed 0, ids 17 requested  [File=/var/www/html/booking/lib/Application/Attributes/AttributeService.php,Line=294]
2019-10-13T18:49:21+07:00 [2796] DEBUG default - [User=Alisa Phuekphong (1830401@vistec.ac.th)] applies 0 allowed 1, ids 16 requested  [File=/var/www/html/booking/lib/Application/Attributes/AttributeService.php,Line=294]
2019-10-13T18:49:21+07:00 [2796] DEBUG default - [User=Alisa Phuekphong (1830401@vistec.ac.th)] applies 0 allowed 1, ids 23,26,22,21 requested  [File=/var/www/html/booking/lib/Application/Attributes/AttributeService.php,Line=294]
2019-10-13T18:49:21+07:00 [2796] DEBUG default - [User=Alisa Phuekphong (1830401@vistec.ac.th)] applies 0 allowed 1, ids 23,26,22,29,21 requested  [File=/var/www/html/booking/lib/Application/Attributes/AttributeService.php,Line=294]
2019-10-13T19:18:20+07:00 [13609] DEBUG default - [User=Thitapond Nulek (1630411@vistec.ac.th)] applies 0 allowed 1, ids 2 requested  [File=/var/www/html/booking/lib/Application/Attributes/AttributeService.php,Line=294]
2019-10-13T19:18:20+07:00 [13609] DEBUG default - [User=Thitapond Nulek (1630411@vistec.ac.th)] applies 0 allowed 0, ids 17 requested  [File=/var/www/html/booking/lib/Application/Attributes/AttributeService.php,Line=294]
2019-10-13T19:18:20+07:00 [13609] DEBUG default - [User=Thitapond Nulek (1630411@vistec.ac.th)] applies 0 allowed 0, ids 25 requested  [File=/var/www/html/booking/lib/Application/Attributes/AttributeService.php,Line=294]
2019-10-13T19:18:20+07:00 [13609] DEBUG default - [User=Thitapond Nulek (1630411@vistec.ac.th)] applies 0 allowed 0, ids 16 requested  [File=/var/www/html/booking/lib/Application/Attributes/AttributeService.php,Line=294]
2019-10-13T19:18:20+07:00 [13609] DEBUG default - [User=Thitapond Nulek (1630411@vistec.ac.th)] applies 0 allowed 0, ids 25 requested  [File=/var/www/html/booking/lib/Application/Attributes/AttributeService.php,Line=294]
2019-10-13T19:18:20+07:00 [13609] DEBUG default - [User=Thitapond Nulek (1630411@vistec.ac.th)] applies 0 allowed 0, ids 26 requested  [File=/var/www/html/booking/lib/Application/Attributes/AttributeService.php,Line=294]
2019-10-13T19:18:20+07:00 [13609] DEBUG default - [User=Thitapond Nulek (1630411@vistec.ac.th)] applies 0 allowed 0, ids 29 requested  [File=/var/www/html/booking/lib/Application/Attributes/AttributeService.php,Line=294]
2019-10-13T19:18:20+07:00 [13609] DEBUG default - [User=Thitapond Nulek (1630411@vistec.ac.th)] applies 0 allowed 0, ids 26 requested  [File=/var/www/html/booking/lib/Application/Attributes/AttributeService.php,Line=294]
2019-10-13T19:18:20+07:00 [13609] DEBUG default - [User=Thitapond Nulek (1630411@vistec.ac.th)] applies 0 allowed 1, ids 2 requested  [File=/var/www/html/booking/lib/Application/Attributes/AttributeService.php,Line=294]
2019-10-13T19:18:20+07:00 [13609] DEBUG default - [User=Thitapond Nulek (1630411@vistec.ac.th)] applies 0 allowed 0, ids 15 requested  [File=/var/www/html/booking/lib/Application/Attributes/AttributeService.php,Line=294]
2019-10-13T19:18:20+07:00 [13609] DEBUG default - [User=Thitapond Nulek (1630411@vistec.ac.th)] applies 0 allowed 0, ids 18,27 requested  [File=/var/www/html/booking/lib/Application/Attributes/AttributeService.php,Line=294]
2019-10-13T19:18:20+07:00 [13609] DEBUG default - [User=Thitapond Nulek (1630411@vistec.ac.th)] applies 0 allowed 0, ids 16 requested  [File=/var/www/html/booking/lib/Application/Attributes/AttributeService.php,Line=294]
2019-10-13T19:18:20+07:00 [13609] DEBUG default - [User=Thitapond Nulek (1630411@vistec.ac.th)] applies 0 allowed 0, ids 18 requested  [File=/var/www/html/booking/lib/Application/Attributes/AttributeService.php,Line=294]
2019-10-13T19:18:20+07:00 [13609] DEBUG default - [User=Thitapond Nulek (1630411@vistec.ac.th)] applies 0 allowed 0, ids 26 requested  [File=/var/www/html/booking/lib/Application/Attributes/AttributeService.php,Line=294]
2019-10-13T19:18:20+07:00 [13609] DEBUG default - [User=Thitapond Nulek (1630411@vistec.ac.th)] applies 0 allowed 1, ids 18,2 requested  [File=/var/www/html/booking/lib/Application/Attributes/AttributeService.php,Line=294]
2019-10-13T19:18:20+07:00 [13609] DEBUG default - [User=Thitapond Nulek (1630411@vistec.ac.th)] applies 0 allowed 0, ids 17 requested  [File=/var/www/html/booking/lib/Application/Attributes/AttributeService.php,Line=294]
2019-10-13T19:18:20+07:00 [13609] DEBUG default - [User=Thitapond Nulek (1630411@vistec.ac.th)] applies 0 allowed 0, ids 17 requested  [File=/var/www/html/booking/lib/Application/Attributes/AttributeService.php,Line=294]
2019-10-13T19:18:20+07:00 [13609] DEBUG default - [User=Thitapond Nulek (1630411@vistec.ac.th)] applies 0 allowed 0, ids 26 requested  [File=/var/www/html/booking/lib/Application/Attributes/AttributeService.php,Line=294]
2019-10-13T19:18:20+07:00 [13609] DEBUG default - [User=Thitapond Nulek (1630411@vistec.ac.th)] applies 0 allowed 1, ids 2 requested  [File=/var/www/html/booking/lib/Application/Attributes/AttributeService.php,Line=294]
2019-10-13T19:18:20+07:00 [13609] DEBUG default - [User=Thitapond Nulek (1630411@vistec.ac.th)] applies 0 allowed 0, ids 17 requested  [File=/var/www/html/booking/lib/Application/Attributes/AttributeService.php,Line=294]
2019-10-13T19:18:20+07:00 [13609] DEBUG default - [User=Thitapond Nulek (1630411@vistec.ac.th)] applies 0 allowed 0, ids 16 requested  [File=/var/www/html/booking/lib/Application/Attributes/AttributeService.php,Line=294]
2019-10-13T19:18:20+07:00 [13609] DEBUG default - [User=Thitapond Nulek (1630411@vistec.ac.th)] applies 0 allowed 1, ids 23,26,22,21 requested  [File=/var/www/html/booking/lib/Application/Attributes/AttributeService.php,Line=294]
2019-10-13T19:18:20+07:00 [13609] DEBUG default - [User=Thitapond Nulek (1630411@vistec.ac.th)] applies 0 allowed 1, ids 23,26,22,29,21 requested  [File=/var/www/html/booking/lib/Application/Attributes/AttributeService.php,Line=294]
2019-10-13T19:18:42+07:00 [13609] DEBUG default - [User=Thitapond Nulek (1630411@vistec.ac.th)] applies 0 allowed 1, ids 2 requested 13 [File=/var/www/html/booking/lib/Application/Attributes/AttributeService.php,Line=294]
2019-10-13T19:18:42+07:00 [13609] DEBUG default - [User=Thitapond Nulek (1630411@vistec.ac.th)] applies 0 allowed 0, ids 17 requested 13 [File=/var/www/html/booking/lib/Application/Attributes/AttributeService.php,Line=294]
2019-10-13T19:18:42+07:00 [13609] DEBUG default - [User=Thitapond Nulek (1630411@vistec.ac.th)] applies 0 allowed 0, ids 25 requested 13 [File=/var/www/html/booking/lib/Application/Attributes/AttributeService.php,Line=294]
2019-10-13T19:18:42+07:00 [13609] DEBUG default - [User=Thitapond Nulek (1630411@vistec.ac.th)] applies 0 allowed 0, ids 16 requested 13 [File=/var/www/html/booking/lib/Application/Attributes/AttributeService.php,Line=294]
2019-10-13T19:18:42+07:00 [13609] DEBUG default - [User=Thitapond Nulek (1630411@vistec.ac.th)] applies 0 allowed 0, ids 25 requested 13 [File=/var/www/html/booking/lib/Application/Attributes/AttributeService.php,Line=294]
2019-10-13T19:18:42+07:00 [13609] DEBUG default - [User=Thitapond Nulek (1630411@vistec.ac.th)] applies 0 allowed 0, ids 26 requested 13 [File=/var/www/html/booking/lib/Application/Attributes/AttributeService.php,Line=294]
2019-10-13T19:18:42+07:00 [13609] DEBUG default - [User=Thitapond Nulek (1630411@vistec.ac.th)] applies 0 allowed 0, ids 29 requested 13 [File=/var/www/html/booking/lib/Application/Attributes/AttributeService.php,Line=294]
2019-10-13T19:18:42+07:00 [13609] DEBUG default - [User=Thitapond Nulek (1630411@vistec.ac.th)] applies 0 allowed 0, ids 26 requested 13 [File=/var/www/html/booking/lib/Application/Attributes/AttributeService.php,Line=294]
2019-10-13T19:18:42+07:00 [13609] DEBUG default - [User=Thitapond Nulek (1630411@vistec.ac.th)] applies 0 allowed 1, ids 2 requested 13 [File=/var/www/html/booking/lib/Application/Attributes/AttributeService.php,Line=294]
2019-10-13T19:18:42+07:00 [13609] DEBUG default - [User=Thitapond Nulek (1630411@vistec.ac.th)] applies 0 allowed 0, ids 15 requested 13 [File=/var/www/html/booking/lib/Application/Attributes/AttributeService.php,Line=294]
2019-10-13T19:18:42+07:00 [13609] DEBUG default - [User=Thitapond Nulek (1630411@vistec.ac.th)] applies 0 allowed 0, ids 18,27 requested 13 [File=/var/www/html/booking/lib/Application/Attributes/AttributeService.php,Line=294]
2019-10-13T19:18:42+07:00 [13609] DEBUG default - [User=Thitapond Nulek (1630411@vistec.ac.th)] applies 0 allowed 0, ids 16 requested 13 [File=/var/www/html/booking/lib/Application/Attributes/AttributeService.php,Line=294]
2019-10-13T19:18:42+07:00 [13609] DEBUG default - [User=Thitapond Nulek (1630411@vistec.ac.th)] applies 0 allowed 0, ids 18 requested 13 [File=/var/www/html/booking/lib/Application/Attributes/AttributeService.php,Line=294]
2019-10-13T19:18:42+07:00 [13609] DEBUG default - [User=Thitapond Nulek (1630411@vistec.ac.th)] applies 0 allowed 0, ids 26 requested 13 [File=/var/www/html/booking/lib/Application/Attributes/AttributeService.php,Line=294]
2019-10-13T19:18:42+07:00 [13609] DEBUG default - [User=Thitapond Nulek (1630411@vistec.ac.th)] applies 0 allowed 1, ids 18,2 requested 13 [File=/var/www/html/booking/lib/Application/Attributes/AttributeService.php,Line=294]
2019-10-13T19:18:42+07:00 [13609] DEBUG default - [User=Thitapond Nulek (1630411@vistec.ac.th)] applies 0 allowed 0, ids 17 requested 13 [File=/var/www/html/booking/lib/Application/Attributes/AttributeService.php,Line=294]
2019-10-13T19:18:42+07:00 [13609] DEBUG default - [User=Thitapond Nulek (1630411@vistec.ac.th)] applies 0 allowed 0, ids 17 requested 13 [File=/var/www/html/booking/lib/Application/Attributes/AttributeService.php,Line=294]
2019-10-13T19:18:42+07:00 [13609] DEBUG default - [User=Thitapond Nulek (1630411@vistec.ac.th)] applies 0 allowed 0, ids 26 requested 13 [File=/var/www/html/booking/lib/Application/Attributes/AttributeService.php,Line=294]
2019-10-13T19:18:42+07:00 [13609] DEBUG default - [User=Thitapond Nulek (1630411@vistec.ac.th)] applies 0 allowed 1, ids 2 requested 13 [File=/var/www/html/booking/lib/Application/Attributes/AttributeService.php,Line=294]
2019-10-13T19:18:42+07:00 [13609] DEBUG default - [User=Thitapond Nulek (1630411@vistec.ac.th)] applies 0 allowed 0, ids 17 requested 13 [File=/var/www/html/booking/lib/Application/Attributes/AttributeService.php,Line=294]
2019-10-13T19:18:42+07:00 [13609] DEBUG default - [User=Thitapond Nulek (1630411@vistec.ac.th)] applies 0 allowed 0, ids 16 requested 13 [File=/var/www/html/booking/lib/Application/Attributes/AttributeService.php,Line=294]
2019-10-13T19:18:42+07:00 [13609] DEBUG default - [User=Thitapond Nulek (1630411@vistec.ac.th)] applies 0 allowed 1, ids 23,26,22,21 requested 13 [File=/var/www/html/booking/lib/Application/Attributes/AttributeService.php,Line=294]
2019-10-13T19:18:42+07:00 [13609] DEBUG default - [User=Thitapond Nulek (1630411@vistec.ac.th)] applies 0 allowed 1, ids 23,26,22,29,21 requested 13 [File=/var/www/html/booking/lib/Application/Attributes/AttributeService.php,Line=294]
2019-10-13T19:18:59+07:00 [13609] DEBUG default - [User=Thitapond Nulek (1630411@vistec.ac.th)] applies 0 allowed 1, ids 2 requested  [File=/var/www/html/booking/lib/Application/Attributes/AttributeService.php,Line=294]
2019-10-13T19:18:59+07:00 [13609] DEBUG default - [User=Thitapond Nulek (1630411@vistec.ac.th)] applies 0 allowed 0, ids 17 requested  [File=/var/www/html/booking/lib/Application/Attributes/AttributeService.php,Line=294]
2019-10-13T19:18:59+07:00 [13609] DEBUG default - [User=Thitapond Nulek (1630411@vistec.ac.th)] applies 0 allowed 0, ids 25 requested  [File=/var/www/html/booking/lib/Application/Attributes/AttributeService.php,Line=294]
2019-10-13T19:18:59+07:00 [13609] DEBUG default - [User=Thitapond Nulek (1630411@vistec.ac.th)] applies 0 allowed 0, ids 16 requested  [File=/var/www/html/booking/lib/Application/Attributes/AttributeService.php,Line=294]
2019-10-13T19:18:59+07:00 [13609] DEBUG default - [User=Thitapond Nulek (1630411@vistec.ac.th)] applies 0 allowed 0, ids 25 requested  [File=/var/www/html/booking/lib/Application/Attributes/AttributeService.php,Line=294]
2019-10-13T19:18:59+07:00 [13609] DEBUG default - [User=Thitapond Nulek (1630411@vistec.ac.th)] applies 0 allowed 0, ids 26 requested  [File=/var/www/html/booking/lib/Application/Attributes/AttributeService.php,Line=294]
2019-10-13T19:18:59+07:00 [13609] DEBUG default - [User=Thitapond Nulek (1630411@vistec.ac.th)] applies 0 allowed 0, ids 29 requested  [File=/var/www/html/booking/lib/Application/Attributes/AttributeService.php,Line=294]
2019-10-13T19:18:59+07:00 [13609] DEBUG default - [User=Thitapond Nulek (1630411@vistec.ac.th)] applies 0 allowed 0, ids 26 requested  [File=/var/www/html/booking/lib/Application/Attributes/AttributeService.php,Line=294]
2019-10-13T19:18:59+07:00 [13609] DEBUG default - [User=Thitapond Nulek (1630411@vistec.ac.th)] applies 0 allowed 1, ids 2 requested  [File=/var/www/html/booking/lib/Application/Attributes/AttributeService.php,Line=294]
2019-10-13T19:18:59+07:00 [13609] DEBUG default - [User=Thitapond Nulek (1630411@vistec.ac.th)] applies 0 allowed 0, ids 15 requested  [File=/var/www/html/booking/lib/Application/Attributes/AttributeService.php,Line=294]
2019-10-13T19:18:59+07:00 [13609] DEBUG default - [User=Thitapond Nulek (1630411@vistec.ac.th)] applies 0 allowed 0, ids 18,27 requested  [File=/var/www/html/booking/lib/Application/Attributes/AttributeService.php,Line=294]
2019-10-13T19:18:59+07:00 [13609] DEBUG default - [User=Thitapond Nulek (1630411@vistec.ac.th)] applies 0 allowed 0, ids 16 requested  [File=/var/www/html/booking/lib/Application/Attributes/AttributeService.php,Line=294]
2019-10-13T19:18:59+07:00 [13609] DEBUG default - [User=Thitapond Nulek (1630411@vistec.ac.th)] applies 0 allowed 0, ids 18 requested  [File=/var/www/html/booking/lib/Application/Attributes/AttributeService.php,Line=294]
2019-10-13T19:18:59+07:00 [13609] DEBUG default - [User=Thitapond Nulek (1630411@vistec.ac.th)] applies 0 allowed 0, ids 26 requested  [File=/var/www/html/booking/lib/Application/Attributes/AttributeService.php,Line=294]
2019-10-13T19:18:59+07:00 [13609] DEBUG default - [User=Thitapond Nulek (1630411@vistec.ac.th)] applies 0 allowed 1, ids 18,2 requested  [File=/var/www/html/booking/lib/Application/Attributes/AttributeService.php,Line=294]
2019-10-13T19:18:59+07:00 [13609] DEBUG default - [User=Thitapond Nulek (1630411@vistec.ac.th)] applies 0 allowed 0, ids 17 requested  [File=/var/www/html/booking/lib/Application/Attributes/AttributeService.php,Line=294]
2019-10-13T19:18:59+07:00 [13609] DEBUG default - [User=Thitapond Nulek (1630411@vistec.ac.th)] applies 0 allowed 0, ids 17 requested  [File=/var/www/html/booking/lib/Application/Attributes/AttributeService.php,Line=294]
2019-10-13T19:18:59+07:00 [13609] DEBUG default - [User=Thitapond Nulek (1630411@vistec.ac.th)] applies 0 allowed 0, ids 26 requested  [File=/var/www/html/booking/lib/Application/Attributes/AttributeService.php,Line=294]
2019-10-13T19:18:59+07:00 [13609] DEBUG default - [User=Thitapond Nulek (1630411@vistec.ac.th)] applies 0 allowed 1, ids 2 requested  [File=/var/www/html/booking/lib/Application/Attributes/AttributeService.php,Line=294]
2019-10-13T19:18:59+07:00 [13609] DEBUG default - [User=Thitapond Nulek (1630411@vistec.ac.th)] applies 0 allowed 0, ids 17 requested  [File=/var/www/html/booking/lib/Application/Attributes/AttributeService.php,Line=294]
2019-10-13T19:18:59+07:00 [13609] DEBUG default - [User=Thitapond Nulek (1630411@vistec.ac.th)] applies 0 allowed 0, ids 16 requested  [File=/var/www/html/booking/lib/Application/Attributes/AttributeService.php,Line=294]
2019-10-13T19:18:59+07:00 [13609] DEBUG default - [User=Thitapond Nulek (1630411@vistec.ac.th)] applies 0 allowed 1, ids 23,26,22,21 requested  [File=/var/www/html/booking/lib/Application/Attributes/AttributeService.php,Line=294]
2019-10-13T19:18:59+07:00 [13609] DEBUG default - [User=Thitapond Nulek (1630411@vistec.ac.th)] applies 0 allowed 1, ids 23,26,22,29,21 requested  [File=/var/www/html/booking/lib/Application/Attributes/AttributeService.php,Line=294]
2019-10-13T20:00:46+07:00 [13609] DEBUG default - [User=Phitchayapha Phattharaphuti (tangpphuti@gmail.com)] applies 0 allowed 0, ids 2 requested  [File=/var/www/html/booking/lib/Application/Attributes/AttributeService.php,Line=294]
2019-10-13T20:00:46+07:00 [13609] DEBUG default - [User=Phitchayapha Phattharaphuti (tangpphuti@gmail.com)] applies 0 allowed 1, ids 17 requested  [File=/var/www/html/booking/lib/Application/Attributes/AttributeService.php,Line=294]
2019-10-13T20:00:46+07:00 [13609] DEBUG default - [User=Phitchayapha Phattharaphuti (tangpphuti@gmail.com)] applies 0 allowed 0, ids 25 requested  [File=/var/www/html/booking/lib/Application/Attributes/AttributeService.php,Line=294]
2019-10-13T20:00:46+07:00 [13609] DEBUG default - [User=Phitchayapha Phattharaphuti (tangpphuti@gmail.com)] applies 0 allowed 0, ids 16 requested  [File=/var/www/html/booking/lib/Application/Attributes/AttributeService.php,Line=294]
2019-10-13T20:00:46+07:00 [13609] DEBUG default - [User=Phitchayapha Phattharaphuti (tangpphuti@gmail.com)] applies 0 allowed 0, ids 25 requested  [File=/var/www/html/booking/lib/Application/Attributes/AttributeService.php,Line=294]
2019-10-13T20:00:46+07:00 [13609] DEBUG default - [User=Phitchayapha Phattharaphuti (tangpphuti@gmail.com)] applies 0 allowed 0, ids 26 requested  [File=/var/www/html/booking/lib/Application/Attributes/AttributeService.php,Line=294]
2019-10-13T20:00:46+07:00 [13609] DEBUG default - [User=Phitchayapha Phattharaphuti (tangpphuti@gmail.com)] applies 0 allowed 0, ids 29 requested  [File=/var/www/html/booking/lib/Application/Attributes/AttributeService.php,Line=294]
2019-10-13T20:00:46+07:00 [13609] DEBUG default - [User=Phitchayapha Phattharaphuti (tangpphuti@gmail.com)] applies 0 allowed 0, ids 26 requested  [File=/var/www/html/booking/lib/Application/Attributes/AttributeService.php,Line=294]
2019-10-13T20:00:46+07:00 [13609] DEBUG default - [User=Phitchayapha Phattharaphuti (tangpphuti@gmail.com)] applies 0 allowed 0, ids 2 requested  [File=/var/www/html/booking/lib/Application/Attributes/AttributeService.php,Line=294]
2019-10-13T20:00:46+07:00 [13609] DEBUG default - [User=Phitchayapha Phattharaphuti (tangpphuti@gmail.com)] applies 0 allowed 0, ids 15 requested  [File=/var/www/html/booking/lib/Application/Attributes/AttributeService.php,Line=294]
2019-10-13T20:00:46+07:00 [13609] DEBUG default - [User=Phitchayapha Phattharaphuti (tangpphuti@gmail.com)] applies 0 allowed 0, ids 18,27 requested  [File=/var/www/html/booking/lib/Application/Attributes/AttributeService.php,Line=294]
2019-10-13T20:00:46+07:00 [13609] DEBUG default - [User=Phitchayapha Phattharaphuti (tangpphuti@gmail.com)] applies 0 allowed 0, ids 16 requested  [File=/var/www/html/booking/lib/Application/Attributes/AttributeService.php,Line=294]
2019-10-13T20:00:46+07:00 [13609] DEBUG default - [User=Phitchayapha Phattharaphuti (tangpphuti@gmail.com)] applies 0 allowed 0, ids 18 requested  [File=/var/www/html/booking/lib/Application/Attributes/AttributeService.php,Line=294]
2019-10-13T20:00:46+07:00 [13609] DEBUG default - [User=Phitchayapha Phattharaphuti (tangpphuti@gmail.com)] applies 0 allowed 0, ids 26 requested  [File=/var/www/html/booking/lib/Application/Attributes/AttributeService.php,Line=294]
2019-10-13T20:00:46+07:00 [13609] DEBUG default - [User=Phitchayapha Phattharaphuti (tangpphuti@gmail.com)] applies 0 allowed 0, ids 18,2 requested  [File=/var/www/html/booking/lib/Application/Attributes/AttributeService.php,Line=294]
2019-10-13T20:00:46+07:00 [13609] DEBUG default - [User=Phitchayapha Phattharaphuti (tangpphuti@gmail.com)] applies 0 allowed 1, ids 17 requested  [File=/var/www/html/booking/lib/Application/Attributes/AttributeService.php,Line=294]
2019-10-13T20:00:46+07:00 [13609] DEBUG default - [User=Phitchayapha Phattharaphuti (tangpphuti@gmail.com)] applies 0 allowed 1, ids 17 requested  [File=/var/www/html/booking/lib/Application/Attributes/AttributeService.php,Line=294]
2019-10-13T20:00:46+07:00 [13609] DEBUG default - [User=Phitchayapha Phattharaphuti (tangpphuti@gmail.com)] applies 0 allowed 0, ids 26 requested  [File=/var/www/html/booking/lib/Application/Attributes/AttributeService.php,Line=294]
2019-10-13T20:00:46+07:00 [13609] DEBUG default - [User=Phitchayapha Phattharaphuti (tangpphuti@gmail.com)] applies 0 allowed 0, ids 2 requested  [File=/var/www/html/booking/lib/Application/Attributes/AttributeService.php,Line=294]
2019-10-13T20:00:46+07:00 [13609] DEBUG default - [User=Phitchayapha Phattharaphuti (tangpphuti@gmail.com)] applies 0 allowed 1, ids 17 requested  [File=/var/www/html/booking/lib/Application/Attributes/AttributeService.php,Line=294]
2019-10-13T20:00:46+07:00 [13609] DEBUG default - [User=Phitchayapha Phattharaphuti (tangpphuti@gmail.com)] applies 0 allowed 0, ids 16 requested  [File=/var/www/html/booking/lib/Application/Attributes/AttributeService.php,Line=294]
2019-10-13T20:00:46+07:00 [13609] DEBUG default - [User=Phitchayapha Phattharaphuti (tangpphuti@gmail.com)] applies 0 allowed 0, ids 23,26,22,21 requested  [File=/var/www/html/booking/lib/Application/Attributes/AttributeService.php,Line=294]
2019-10-13T20:00:46+07:00 [13609] DEBUG default - [User=Phitchayapha Phattharaphuti (tangpphuti@gmail.com)] applies 0 allowed 0, ids 23,26,22,29,21 requested  [File=/var/www/html/booking/lib/Application/Attributes/AttributeService.php,Line=294]
2019-10-13T20:00:47+07:00 [2796] DEBUG default - [User=Phitchayapha Phattharaphuti (tangpphuti@gmail.com)] applies 0 allowed 0, ids 2 requested 19 [File=/var/www/html/booking/lib/Application/Attributes/AttributeService.php,Line=294]
2019-10-13T20:00:47+07:00 [2796] DEBUG default - [User=Phitchayapha Phattharaphuti (tangpphuti@gmail.com)] applies 0 allowed 1, ids 17 requested 19 [File=/var/www/html/booking/lib/Application/Attributes/AttributeService.php,Line=294]
2019-10-13T20:00:47+07:00 [2796] DEBUG default - [User=Phitchayapha Phattharaphuti (tangpphuti@gmail.com)] applies 0 allowed 0, ids 25 requested 19 [File=/var/www/html/booking/lib/Application/Attributes/AttributeService.php,Line=294]
2019-10-13T20:00:47+07:00 [2796] DEBUG default - [User=Phitchayapha Phattharaphuti (tangpphuti@gmail.com)] applies 0 allowed 0, ids 16 requested 19 [File=/var/www/html/booking/lib/Application/Attributes/AttributeService.php,Line=294]
2019-10-13T20:00:47+07:00 [2796] DEBUG default - [User=Phitchayapha Phattharaphuti (tangpphuti@gmail.com)] applies 0 allowed 0, ids 25 requested 19 [File=/var/www/html/booking/lib/Application/Attributes/AttributeService.php,Line=294]
2019-10-13T20:00:47+07:00 [2796] DEBUG default - [User=Phitchayapha Phattharaphuti (tangpphuti@gmail.com)] applies 0 allowed 0, ids 26 requested 19 [File=/var/www/html/booking/lib/Application/Attributes/AttributeService.php,Line=294]
2019-10-13T20:00:47+07:00 [2796] DEBUG default - [User=Phitchayapha Phattharaphuti (tangpphuti@gmail.com)] applies 0 allowed 0, ids 29 requested 19 [File=/var/www/html/booking/lib/Application/Attributes/AttributeService.php,Line=294]
2019-10-13T20:00:47+07:00 [2796] DEBUG default - [User=Phitchayapha Phattharaphuti (tangpphuti@gmail.com)] applies 0 allowed 0, ids 26 requested 19 [File=/var/www/html/booking/lib/Application/Attributes/AttributeService.php,Line=294]
2019-10-13T20:00:47+07:00 [2796] DEBUG default - [User=Phitchayapha Phattharaphuti (tangpphuti@gmail.com)] applies 0 allowed 0, ids 2 requested 19 [File=/var/www/html/booking/lib/Application/Attributes/AttributeService.php,Line=294]
2019-10-13T20:00:47+07:00 [2796] DEBUG default - [User=Phitchayapha Phattharaphuti (tangpphuti@gmail.com)] applies 0 allowed 0, ids 15 requested 19 [File=/var/www/html/booking/lib/Application/Attributes/AttributeService.php,Line=294]
2019-10-13T20:00:47+07:00 [2796] DEBUG default - [User=Phitchayapha Phattharaphuti (tangpphuti@gmail.com)] applies 0 allowed 0, ids 18,27 requested 19 [File=/var/www/html/booking/lib/Application/Attributes/AttributeService.php,Line=294]
2019-10-13T20:00:47+07:00 [2796] DEBUG default - [User=Phitchayapha Phattharaphuti (tangpphuti@gmail.com)] applies 0 allowed 0, ids 16 requested 19 [File=/var/www/html/booking/lib/Application/Attributes/AttributeService.php,Line=294]
2019-10-13T20:00:47+07:00 [2796] DEBUG default - [User=Phitchayapha Phattharaphuti (tangpphuti@gmail.com)] applies 0 allowed 0, ids 18 requested 19 [File=/var/www/html/booking/lib/Application/Attributes/AttributeService.php,Line=294]
2019-10-13T20:00:47+07:00 [2796] DEBUG default - [User=Phitchayapha Phattharaphuti (tangpphuti@gmail.com)] applies 0 allowed 0, ids 26 requested 19 [File=/var/www/html/booking/lib/Application/Attributes/AttributeService.php,Line=294]
2019-10-13T20:00:47+07:00 [2796] DEBUG default - [User=Phitchayapha Phattharaphuti (tangpphuti@gmail.com)] applies 0 allowed 0, ids 18,2 requested 19 [File=/var/www/html/booking/lib/Application/Attributes/AttributeService.php,Line=294]
2019-10-13T20:00:47+07:00 [2796] DEBUG default - [User=Phitchayapha Phattharaphuti (tangpphuti@gmail.com)] applies 0 allowed 1, ids 17 requested 19 [File=/var/www/html/booking/lib/Application/Attributes/AttributeService.php,Line=294]
2019-10-13T20:00:47+07:00 [2796] DEBUG default - [User=Phitchayapha Phattharaphuti (tangpphuti@gmail.com)] applies 0 allowed 1, ids 17 requested 19 [File=/var/www/html/booking/lib/Application/Attributes/AttributeService.php,Line=294]
2019-10-13T20:00:47+07:00 [2796] DEBUG default - [User=Phitchayapha Phattharaphuti (tangpphuti@gmail.com)] applies 0 allowed 0, ids 26 requested 19 [File=/var/www/html/booking/lib/Application/Attributes/AttributeService.php,Line=294]
2019-10-13T20:00:47+07:00 [2796] DEBUG default - [User=Phitchayapha Phattharaphuti (tangpphuti@gmail.com)] applies 0 allowed 0, ids 2 requested 19 [File=/var/www/html/booking/lib/Application/Attributes/AttributeService.php,Line=294]
2019-10-13T20:00:47+07:00 [2796] DEBUG default - [User=Phitchayapha Phattharaphuti (tangpphuti@gmail.com)] applies 0 allowed 1, ids 17 requested 19 [File=/var/www/html/booking/lib/Application/Attributes/AttributeService.php,Line=294]
2019-10-13T20:00:47+07:00 [2796] DEBUG default - [User=Phitchayapha Phattharaphuti (tangpphuti@gmail.com)] applies 0 allowed 0, ids 16 requested 19 [File=/var/www/html/booking/lib/Application/Attributes/AttributeService.php,Line=294]
2019-10-13T20:00:47+07:00 [2796] DEBUG default - [User=Phitchayapha Phattharaphuti (tangpphuti@gmail.com)] applies 0 allowed 0, ids 23,26,22,21 requested 19 [File=/var/www/html/booking/lib/Application/Attributes/AttributeService.php,Line=294]
2019-10-13T20:00:47+07:00 [2796] DEBUG default - [User=Phitchayapha Phattharaphuti (tangpphuti@gmail.com)] applies 0 allowed 0, ids 23,26,22,29,21 requested 19 [File=/var/www/html/booking/lib/Application/Attributes/AttributeService.php,Line=294]
2019-10-13T20:01:10+07:00 [10524] DEBUG default - [User=Phitchayapha Phattharaphuti (tangpphuti@gmail.com)] applies 0 allowed 0, ids 2 requested 19 [File=/var/www/html/booking/lib/Application/Attributes/AttributeService.php,Line=294]
2019-10-13T20:01:10+07:00 [10524] DEBUG default - [User=Phitchayapha Phattharaphuti (tangpphuti@gmail.com)] applies 0 allowed 1, ids 17 requested 19 [File=/var/www/html/booking/lib/Application/Attributes/AttributeService.php,Line=294]
2019-10-13T20:01:10+07:00 [10524] DEBUG default - [User=Phitchayapha Phattharaphuti (tangpphuti@gmail.com)] applies 0 allowed 0, ids 25 requested 19 [File=/var/www/html/booking/lib/Application/Attributes/AttributeService.php,Line=294]
2019-10-13T20:01:10+07:00 [10524] DEBUG default - [User=Phitchayapha Phattharaphuti (tangpphuti@gmail.com)] applies 0 allowed 0, ids 16 requested 19 [File=/var/www/html/booking/lib/Application/Attributes/AttributeService.php,Line=294]
2019-10-13T20:01:10+07:00 [10524] DEBUG default - [User=Phitchayapha Phattharaphuti (tangpphuti@gmail.com)] applies 0 allowed 0, ids 25 requested 19 [File=/var/www/html/booking/lib/Application/Attributes/AttributeService.php,Line=294]
2019-10-13T20:01:10+07:00 [10524] DEBUG default - [User=Phitchayapha Phattharaphuti (tangpphuti@gmail.com)] applies 0 allowed 0, ids 26 requested 19 [File=/var/www/html/booking/lib/Application/Attributes/AttributeService.php,Line=294]
2019-10-13T20:01:10+07:00 [10524] DEBUG default - [User=Phitchayapha Phattharaphuti (tangpphuti@gmail.com)] applies 0 allowed 0, ids 29 requested 19 [File=/var/www/html/booking/lib/Application/Attributes/AttributeService.php,Line=294]
2019-10-13T20:01:10+07:00 [10524] DEBUG default - [User=Phitchayapha Phattharaphuti (tangpphuti@gmail.com)] applies 0 allowed 0, ids 26 requested 19 [File=/var/www/html/booking/lib/Application/Attributes/AttributeService.php,Line=294]
2019-10-13T20:01:10+07:00 [10524] DEBUG default - [User=Phitchayapha Phattharaphuti (tangpphuti@gmail.com)] applies 0 allowed 0, ids 2 requested 19 [File=/var/www/html/booking/lib/Application/Attributes/AttributeService.php,Line=294]
2019-10-13T20:01:10+07:00 [10524] DEBUG default - [User=Phitchayapha Phattharaphuti (tangpphuti@gmail.com)] applies 0 allowed 0, ids 15 requested 19 [File=/var/www/html/booking/lib/Application/Attributes/AttributeService.php,Line=294]
2019-10-13T20:01:10+07:00 [10524] DEBUG default - [User=Phitchayapha Phattharaphuti (tangpphuti@gmail.com)] applies 0 allowed 0, ids 18,27 requested 19 [File=/var/www/html/booking/lib/Application/Attributes/AttributeService.php,Line=294]
2019-10-13T20:01:10+07:00 [10524] DEBUG default - [User=Phitchayapha Phattharaphuti (tangpphuti@gmail.com)] applies 0 allowed 0, ids 16 requested 19 [File=/var/www/html/booking/lib/Application/Attributes/AttributeService.php,Line=294]
2019-10-13T20:01:10+07:00 [10524] DEBUG default - [User=Phitchayapha Phattharaphuti (tangpphuti@gmail.com)] applies 0 allowed 0, ids 18 requested 19 [File=/var/www/html/booking/lib/Application/Attributes/AttributeService.php,Line=294]
2019-10-13T20:01:10+07:00 [10524] DEBUG default - [User=Phitchayapha Phattharaphuti (tangpphuti@gmail.com)] applies 0 allowed 0, ids 26 requested 19 [File=/var/www/html/booking/lib/Application/Attributes/AttributeService.php,Line=294]
2019-10-13T20:01:10+07:00 [10524] DEBUG default - [User=Phitchayapha Phattharaphuti (tangpphuti@gmail.com)] applies 0 allowed 0, ids 18,2 requested 19 [File=/var/www/html/booking/lib/Application/Attributes/AttributeService.php,Line=294]
2019-10-13T20:01:10+07:00 [10524] DEBUG default - [User=Phitchayapha Phattharaphuti (tangpphuti@gmail.com)] applies 0 allowed 1, ids 17 requested 19 [File=/var/www/html/booking/lib/Application/Attributes/AttributeService.php,Line=294]
2019-10-13T20:01:10+07:00 [10524] DEBUG default - [User=Phitchayapha Phattharaphuti (tangpphuti@gmail.com)] applies 0 allowed 1, ids 17 requested 19 [File=/var/www/html/booking/lib/Application/Attributes/AttributeService.php,Line=294]
2019-10-13T20:01:10+07:00 [10524] DEBUG default - [User=Phitchayapha Phattharaphuti (tangpphuti@gmail.com)] applies 0 allowed 0, ids 26 requested 19 [File=/var/www/html/booking/lib/Application/Attributes/AttributeService.php,Line=294]
2019-10-13T20:01:10+07:00 [10524] DEBUG default - [User=Phitchayapha Phattharaphuti (tangpphuti@gmail.com)] applies 0 allowed 0, ids 2 requested 19 [File=/var/www/html/booking/lib/Application/Attributes/AttributeService.php,Line=294]
2019-10-13T20:01:10+07:00 [10524] DEBUG default - [User=Phitchayapha Phattharaphuti (tangpphuti@gmail.com)] applies 0 allowed 1, ids 17 requested 19 [File=/var/www/html/booking/lib/Application/Attributes/AttributeService.php,Line=294]
2019-10-13T20:01:10+07:00 [10524] DEBUG default - [User=Phitchayapha Phattharaphuti (tangpphuti@gmail.com)] applies 0 allowed 0, ids 16 requested 19 [File=/var/www/html/booking/lib/Application/Attributes/AttributeService.php,Line=294]
2019-10-13T20:01:10+07:00 [10524] DEBUG default - [User=Phitchayapha Phattharaphuti (tangpphuti@gmail.com)] applies 0 allowed 0, ids 23,26,22,21 requested 19 [File=/var/www/html/booking/lib/Application/Attributes/AttributeService.php,Line=294]
2019-10-13T20:01:10+07:00 [10524] DEBUG default - [User=Phitchayapha Phattharaphuti (tangpphuti@gmail.com)] applies 0 allowed 0, ids 23,26,22,29,21 requested 19 [File=/var/www/html/booking/lib/Application/Attributes/AttributeService.php,Line=294]
2019-10-13T20:01:23+07:00 [2796] DEBUG default - [User=Phitchayapha Phattharaphuti (tangpphuti@gmail.com)] submitted retry params array (
) [File=/var/www/html/booking/lib/Application/Reservation/ReservationHandler.php,Line=103]
2019-10-13T20:01:23+07:00 [2796] DEBUG default - [User=Phitchayapha Phattharaphuti (tangpphuti@gmail.com)] week_month_start 42 [File=/var/www/html/booking/lib/Application/Reservation/ReservationHandler.php,Line=365]
2019-10-13T20:01:23+07:00 [2796] DEBUG default - [User=Phitchayapha Phattharaphuti (tangpphuti@gmail.com)] week_month_current 41 [File=/var/www/html/booking/lib/Application/Reservation/ReservationHandler.php,Line=366]
2019-10-13T20:01:23+07:00 [2796] DEBUG default - [User=Phitchayapha Phattharaphuti (tangpphuti@gmail.com)] Tool Mode is  [File=/var/www/html/booking/lib/Application/Reservation/ReservationHandler.php,Line=747]
2019-10-13T20:01:23+07:00 [2796] DEBUG default - [User=Phitchayapha Phattharaphuti (tangpphuti@gmail.com)] Checking for reservation conflicts, reference number 5da320233dc48815466349 on 2019-10-16 14:00:00 Asia/Bangkok [File=/var/www/html/booking/lib/Application/Reservation/Validation/ResourceAvailabilityRule.php,Line=54]
2019-10-13T20:01:23+07:00 [2796] DEBUG default - [User=Phitchayapha Phattharaphuti (tangpphuti@gmail.com)] Validating rule ResourceAvailabilityRule. Passed?: 1 [File=/var/www/html/booking/lib/Application/Reservation/Validation/ReservationValidationRuleProcessor.php,Line=35]
2019-10-13T20:01:23+07:00 [2796] DEBUG default - [User=Phitchayapha Phattharaphuti (tangpphuti@gmail.com)] Validating rule AdminExcludedRule. Passed?: 1 [File=/var/www/html/booking/lib/Application/Reservation/Validation/ReservationValidationRuleProcessor.php,Line=35]
2019-10-13T20:01:23+07:00 [2796] DEBUG default - [User=Phitchayapha Phattharaphuti (tangpphuti@gmail.com)] Validating rule ReservationDateTimeRule. Passed?: 1 [File=/var/www/html/booking/lib/Application/Reservation/Validation/ReservationValidationRuleProcessor.php,Line=35]
2019-10-13T20:01:23+07:00 [2796] DEBUG default - [User=Phitchayapha Phattharaphuti (tangpphuti@gmail.com)] Validating rule ReservationBasicInfoRule. Passed?: 1 [File=/var/www/html/booking/lib/Application/Reservation/Validation/ReservationValidationRuleProcessor.php,Line=35]
2019-10-13T20:01:23+07:00 [2796] DEBUG default - [User=Phitchayapha Phattharaphuti (tangpphuti@gmail.com)] Start Time Rule: Comparing 2019-10-16 14:00:00 Asia/Bangkok to 2019-10-13 20:01:23 Asia/Bangkok [File=/var/www/html/booking/lib/Application/Reservation/Validation/ReservationStartTimeRule.php,Line=63]
2019-10-13T20:01:23+07:00 [2796] DEBUG default - [User=Phitchayapha Phattharaphuti (tangpphuti@gmail.com)] Validating rule AdminExcludedRule. Passed?: 1 [File=/var/www/html/booking/lib/Application/Reservation/Validation/ReservationValidationRuleProcessor.php,Line=35]
2019-10-13T20:01:23+07:00 [2796] DEBUG default - [User=Phitchayapha Phattharaphuti (tangpphuti@gmail.com)] Validating rule AdminExcludedRule. Passed?: 1 [File=/var/www/html/booking/lib/Application/Reservation/Validation/ReservationValidationRuleProcessor.php,Line=35]
2019-10-13T20:01:23+07:00 [2796] DEBUG default - [User=Phitchayapha Phattharaphuti (tangpphuti@gmail.com)] Validating rule AdminExcludedRule. Passed?: 1 [File=/var/www/html/booking/lib/Application/Reservation/Validation/ReservationValidationRuleProcessor.php,Line=35]
2019-10-13T20:01:23+07:00 [2796] DEBUG default - [User=Phitchayapha Phattharaphuti (tangpphuti@gmail.com)] Validating rule AdminExcludedRule. Passed?: 1 [File=/var/www/html/booking/lib/Application/Reservation/Validation/ReservationValidationRuleProcessor.php,Line=35]
2019-10-13T20:01:23+07:00 [2796] DEBUG default - [User=Phitchayapha Phattharaphuti (tangpphuti@gmail.com)] Validating rule AdminExcludedRule. Passed?: 1 [File=/var/www/html/booking/lib/Application/Reservation/Validation/ReservationValidationRuleProcessor.php,Line=35]
2019-10-13T20:01:23+07:00 [2796] DEBUG default - [User=Phitchayapha Phattharaphuti (tangpphuti@gmail.com)] Validating rule ReservationAttachmentRule. Passed?: 1 [File=/var/www/html/booking/lib/Application/Reservation/Validation/ReservationValidationRuleProcessor.php,Line=35]
2019-10-13T20:01:23+07:00 [2796] DEBUG default - [User=Phitchayapha Phattharaphuti (tangpphuti@gmail.com)] Validating rule AdminExcludedRule. Passed?: 1 [File=/var/www/html/booking/lib/Application/Reservation/Validation/ReservationValidationRuleProcessor.php,Line=35]
2019-10-13T20:01:23+07:00 [2796] DEBUG default - [User=Phitchayapha Phattharaphuti (tangpphuti@gmail.com)] Validating rule AdminExcludedRule. Passed?: 1 [File=/var/www/html/booking/lib/Application/Reservation/Validation/ReservationValidationRuleProcessor.php,Line=35]
2019-10-13T20:01:23+07:00 [2796] DEBUG default - [User=Phitchayapha Phattharaphuti (tangpphuti@gmail.com)] Validating rule AdminExcludedRule. Passed?: 1 [File=/var/www/html/booking/lib/Application/Reservation/Validation/ReservationValidationRuleProcessor.php,Line=35]
2019-10-13T20:01:23+07:00 [2796] DEBUG default - [User=Phitchayapha Phattharaphuti (tangpphuti@gmail.com)] Validating rule AdminExcludedRule. Passed?: 1 [File=/var/www/html/booking/lib/Application/Reservation/Validation/ReservationValidationRuleProcessor.php,Line=35]
2019-10-13T20:01:23+07:00 [2796] DEBUG default - [User=Phitchayapha Phattharaphuti (tangpphuti@gmail.com)] Validating rule SchedulePeriodRule. Passed?: 1 [File=/var/www/html/booking/lib/Application/Reservation/Validation/ReservationValidationRuleProcessor.php,Line=35]
2019-10-13T20:01:23+07:00 [2796] DEBUG default - [User=Phitchayapha Phattharaphuti (tangpphuti@gmail.com)] Validating rule AdminExcludedRule. Passed?: 1 [File=/var/www/html/booking/lib/Application/Reservation/Validation/ReservationValidationRuleProcessor.php,Line=35]
2019-10-13T20:01:23+07:00 [2796] DEBUG default - [User=Phitchayapha Phattharaphuti (tangpphuti@gmail.com)] Validating rule AdminExcludedRule. Passed?: 1 [File=/var/www/html/booking/lib/Application/Reservation/Validation/ReservationValidationRuleProcessor.php,Line=35]
2019-10-13T20:01:23+07:00 [2796] DEBUG default - [User=Phitchayapha Phattharaphuti (tangpphuti@gmail.com)] Validating rule AccessoryAvailabilityRule. Passed?: 1 [File=/var/www/html/booking/lib/Application/Reservation/Validation/ReservationValidationRuleProcessor.php,Line=35]
2019-10-13T20:01:23+07:00 [2796] DEBUG default - [User=Phitchayapha Phattharaphuti (tangpphuti@gmail.com)] Validating rule AccessoryResourceRule. Passed?: 1 [File=/var/www/html/booking/lib/Application/Reservation/Validation/ReservationValidationRuleProcessor.php,Line=35]
2019-10-13T20:01:23+07:00 [2796] DEBUG default - [User=Phitchayapha Phattharaphuti (tangpphuti@gmail.com)] CREDITS - Reservation update adjusting credits for user 534 by 0. Required 0, consumed 0 [File=/var/www/html/booking/Domain/Access/ReservationRepository.php,Line=209]
2019-10-13T20:01:23+07:00 [2796] DEBUG default - [User=Phitchayapha Phattharaphuti (tangpphuti@gmail.com)] Calling notify on OwnerEmailCreatedNotification for reservation 5da320233dc48815466349 [File=/var/www/html/booking/lib/Application/Reservation/Notification/IReservationNotificationService.php,Line=53]
2019-10-13T20:01:23+07:00 [2796] DEBUG default - [User=Phitchayapha Phattharaphuti (tangpphuti@gmail.com)] Owner does not want these types of email notifications. Email=tangpphuti@gmail.com, ReferenceNumber=5da320233dc48815466349 [File=/var/www/html/booking/lib/Application/Reservation/Notification/OwnerEmailNotification.php,Line=60]
2019-10-13T20:01:23+07:00 [2796] DEBUG default - [User=Phitchayapha Phattharaphuti (tangpphuti@gmail.com)] Calling notify on AdminEmailCreatedNotification for reservation 5da320233dc48815466349 [File=/var/www/html/booking/lib/Application/Reservation/Notification/IReservationNotificationService.php,Line=53]
2019-10-13T20:01:23+07:00 [2796] DEBUG default - [User=Phitchayapha Phattharaphuti (tangpphuti@gmail.com)] Calling notify on AdminEmailApprovalNotification for reservation 5da320233dc48815466349 [File=/var/www/html/booking/lib/Application/Reservation/Notification/IReservationNotificationService.php,Line=53]
2019-10-13T20:01:23+07:00 [2796] DEBUG default - [User=Phitchayapha Phattharaphuti (tangpphuti@gmail.com)] Calling notify on ParticipantAddedEmailNotification for reservation 5da320233dc48815466349 [File=/var/www/html/booking/lib/Application/Reservation/Notification/IReservationNotificationService.php,Line=53]
2019-10-13T20:01:23+07:00 [2796] DEBUG default - [User=Phitchayapha Phattharaphuti (tangpphuti@gmail.com)] Calling notify on InviteeAddedEmailNotification for reservation 5da320233dc48815466349 [File=/var/www/html/booking/lib/Application/Reservation/Notification/IReservationNotificationService.php,Line=53]
2019-10-13T20:01:23+07:00 [2796] DEBUG default - [User=Phitchayapha Phattharaphuti (tangpphuti@gmail.com)] Calling notify on GuestAddedEmailNotification for reservation 5da320233dc48815466349 [File=/var/www/html/booking/lib/Application/Reservation/Notification/IReservationNotificationService.php,Line=53]
