2019-03-06T09:45:18+07:00 [14515] DEBUG default - [User=Admin A. (Frc.booking@vistec.ac.th)] applies 0 allowed 1, ids 27 requested  [File=/var/www/html/booking/lib/Application/Attributes/AttributeService.php,Line=294]
2019-03-06T09:45:18+07:00 [14515] DEBUG default - [User=Admin A. (Frc.booking@vistec.ac.th)] applies 0 allowed 1, ids 2 requested  [File=/var/www/html/booking/lib/Application/Attributes/AttributeService.php,Line=294]
2019-03-06T09:45:18+07:00 [14515] DEBUG default - [User=Admin A. (Frc.booking@vistec.ac.th)] applies 0 allowed 1, ids 25 requested  [File=/var/www/html/booking/lib/Application/Attributes/AttributeService.php,Line=294]
2019-03-06T09:45:18+07:00 [14515] DEBUG default - [User=Admin A. (Frc.booking@vistec.ac.th)] applies 0 allowed 1, ids 16 requested  [File=/var/www/html/booking/lib/Application/Attributes/AttributeService.php,Line=294]
2019-03-06T09:45:18+07:00 [14515] DEBUG default - [User=Admin A. (Frc.booking@vistec.ac.th)] applies 0 allowed 1, ids 25 requested  [File=/var/www/html/booking/lib/Application/Attributes/AttributeService.php,Line=294]
2019-03-06T09:45:18+07:00 [14515] DEBUG default - [User=Admin A. (Frc.booking@vistec.ac.th)] applies 0 allowed 1, ids 26 requested  [File=/var/www/html/booking/lib/Application/Attributes/AttributeService.php,Line=294]
2019-03-06T09:45:18+07:00 [14515] DEBUG default - [User=Admin A. (Frc.booking@vistec.ac.th)] applies 0 allowed 1, ids 15 requested  [File=/var/www/html/booking/lib/Application/Attributes/AttributeService.php,Line=294]
2019-03-06T09:45:18+07:00 [14515] DEBUG default - [User=Admin A. (Frc.booking@vistec.ac.th)] applies 0 allowed 4, ids 23,26,22,21 requested  [File=/var/www/html/booking/lib/Application/Attributes/AttributeService.php,Line=294]
2019-03-06T09:45:18+07:00 [14515] DEBUG default - [User=Admin A. (Frc.booking@vistec.ac.th)] applies 0 allowed 4, ids 23,26,22,21 requested  [File=/var/www/html/booking/lib/Application/Attributes/AttributeService.php,Line=294]
2019-03-06T09:45:19+07:00 [14516] DEBUG default - [User=Admin A. (Frc.booking@vistec.ac.th)] applies 0 allowed 1, ids 27 requested NaN [File=/var/www/html/booking/lib/Application/Attributes/AttributeService.php,Line=294]
2019-03-06T09:45:19+07:00 [14516] DEBUG default - [User=Admin A. (Frc.booking@vistec.ac.th)] applies 0 allowed 1, ids 2 requested NaN [File=/var/www/html/booking/lib/Application/Attributes/AttributeService.php,Line=294]
2019-03-06T09:45:19+07:00 [14516] DEBUG default - [User=Admin A. (Frc.booking@vistec.ac.th)] applies 0 allowed 1, ids 25 requested NaN [File=/var/www/html/booking/lib/Application/Attributes/AttributeService.php,Line=294]
2019-03-06T09:45:19+07:00 [14516] DEBUG default - [User=Admin A. (Frc.booking@vistec.ac.th)] applies 0 allowed 1, ids 16 requested NaN [File=/var/www/html/booking/lib/Application/Attributes/AttributeService.php,Line=294]
2019-03-06T09:45:19+07:00 [14516] DEBUG default - [User=Admin A. (Frc.booking@vistec.ac.th)] applies 0 allowed 1, ids 25 requested NaN [File=/var/www/html/booking/lib/Application/Attributes/AttributeService.php,Line=294]
2019-03-06T09:45:19+07:00 [14516] DEBUG default - [User=Admin A. (Frc.booking@vistec.ac.th)] applies 0 allowed 1, ids 26 requested NaN [File=/var/www/html/booking/lib/Application/Attributes/AttributeService.php,Line=294]
2019-03-06T09:45:19+07:00 [14516] DEBUG default - [User=Admin A. (Frc.booking@vistec.ac.th)] applies 0 allowed 1, ids 15 requested NaN [File=/var/www/html/booking/lib/Application/Attributes/AttributeService.php,Line=294]
2019-03-06T09:45:19+07:00 [14516] DEBUG default - [User=Admin A. (Frc.booking@vistec.ac.th)] applies 0 allowed 4, ids 23,26,22,21 requested NaN [File=/var/www/html/booking/lib/Application/Attributes/AttributeService.php,Line=294]
2019-03-06T09:45:19+07:00 [14516] DEBUG default - [User=Admin A. (Frc.booking@vistec.ac.th)] applies 0 allowed 4, ids 23,26,22,21 requested NaN [File=/var/www/html/booking/lib/Application/Attributes/AttributeService.php,Line=294]
2019-03-06T09:45:44+07:00 [14516] DEBUG default - [User=Admin A. (Frc.booking@vistec.ac.th)] Adding custom attribute value for entityId=14, attributeId=29 [File=/var/www/html/booking/lib/Application/Attributes/AttributeList.php,Line=122]
2019-03-06T09:45:44+07:00 [14516] DEBUG default - [User=Admin A. (Frc.booking@vistec.ac.th)] Took 0 seconds to load custom attributes for category 4 [File=/var/www/html/booking/lib/Application/Attributes/AttributeService.php,Line=154]
2019-03-06T09:45:44+07:00 [14516] DEBUG default - [User=Admin A. (Frc.booking@vistec.ac.th)] Found 1 attributes for entityId 14 [File=/var/www/html/booking/lib/Application/Attributes/AttributeList.php,Line=165]
2019-03-06T09:45:44+07:00 [14516] DEBUG default - [User=Admin A. (Frc.booking@vistec.ac.th)] Took 0 seconds to load custom attributes for category 5 [File=/var/www/html/booking/lib/Application/Attributes/AttributeService.php,Line=154]
2019-03-06T09:45:44+07:00 [14516] DEBUG default - [User=Admin A. (Frc.booking@vistec.ac.th)] Found 0 attributes for entityId 4 [File=/var/www/html/booking/lib/Application/Attributes/AttributeList.php,Line=165]
2019-03-06T09:45:44+07:00 [14515] DEBUG default - [User=Admin A. (Frc.booking@vistec.ac.th)] Adding custom attribute value for entityId=13, attributeId=29 [File=/var/www/html/booking/lib/Application/Attributes/AttributeList.php,Line=122]
2019-03-06T09:45:44+07:00 [14515] DEBUG default - [User=Admin A. (Frc.booking@vistec.ac.th)] Took 0 seconds to load custom attributes for category 4 [File=/var/www/html/booking/lib/Application/Attributes/AttributeService.php,Line=154]
2019-03-06T09:45:44+07:00 [14515] DEBUG default - [User=Admin A. (Frc.booking@vistec.ac.th)] Found 1 attributes for entityId 13 [File=/var/www/html/booking/lib/Application/Attributes/AttributeList.php,Line=165]
2019-03-06T09:45:45+07:00 [14515] DEBUG default - [User=Admin A. (Frc.booking@vistec.ac.th)] Took 0 seconds to load custom attributes for category 5 [File=/var/www/html/booking/lib/Application/Attributes/AttributeService.php,Line=154]
2019-03-06T09:45:45+07:00 [14515] DEBUG default - [User=Admin A. (Frc.booking@vistec.ac.th)] Found 0 attributes for entityId 4 [File=/var/www/html/booking/lib/Application/Attributes/AttributeList.php,Line=165]
2019-03-06T09:46:06+07:00 [14516] DEBUG default - [User=Admin A. (Frc.booking@vistec.ac.th)] applies 0 allowed 1, ids 27 requested 9 [File=/var/www/html/booking/lib/Application/Attributes/AttributeService.php,Line=294]
2019-03-06T09:46:06+07:00 [14516] DEBUG default - [User=Admin A. (Frc.booking@vistec.ac.th)] applies 0 allowed 1, ids 2 requested 9 [File=/var/www/html/booking/lib/Application/Attributes/AttributeService.php,Line=294]
2019-03-06T09:46:06+07:00 [14516] DEBUG default - [User=Admin A. (Frc.booking@vistec.ac.th)] applies 0 allowed 1, ids 25 requested 9 [File=/var/www/html/booking/lib/Application/Attributes/AttributeService.php,Line=294]
2019-03-06T09:46:06+07:00 [14516] DEBUG default - [User=Admin A. (Frc.booking@vistec.ac.th)] applies 0 allowed 1, ids 16 requested 9 [File=/var/www/html/booking/lib/Application/Attributes/AttributeService.php,Line=294]
2019-03-06T09:46:06+07:00 [14516] DEBUG default - [User=Admin A. (Frc.booking@vistec.ac.th)] applies 0 allowed 1, ids 25 requested 9 [File=/var/www/html/booking/lib/Application/Attributes/AttributeService.php,Line=294]
2019-03-06T09:46:06+07:00 [14516] DEBUG default - [User=Admin A. (Frc.booking@vistec.ac.th)] applies 0 allowed 1, ids 26 requested 9 [File=/var/www/html/booking/lib/Application/Attributes/AttributeService.php,Line=294]
2019-03-06T09:46:06+07:00 [14516] DEBUG default - [User=Admin A. (Frc.booking@vistec.ac.th)] applies 0 allowed 1, ids 15 requested 9 [File=/var/www/html/booking/lib/Application/Attributes/AttributeService.php,Line=294]
2019-03-06T09:46:06+07:00 [14516] DEBUG default - [User=Admin A. (Frc.booking@vistec.ac.th)] applies 0 allowed 4, ids 23,26,22,21 requested 9 [File=/var/www/html/booking/lib/Application/Attributes/AttributeService.php,Line=294]
2019-03-06T09:46:06+07:00 [14516] DEBUG default - [User=Admin A. (Frc.booking@vistec.ac.th)] applies 0 allowed 4, ids 23,26,22,21 requested 9 [File=/var/www/html/booking/lib/Application/Attributes/AttributeService.php,Line=294]
2019-03-06T09:46:44+07:00 [14515] DEBUG default - [User=Admin A. (Frc.booking@vistec.ac.th)] applies 0 allowed 1, ids 27 requested  [File=/var/www/html/booking/lib/Application/Attributes/AttributeService.php,Line=294]
2019-03-06T09:46:44+07:00 [14515] DEBUG default - [User=Admin A. (Frc.booking@vistec.ac.th)] applies 0 allowed 1, ids 2 requested  [File=/var/www/html/booking/lib/Application/Attributes/AttributeService.php,Line=294]
2019-03-06T09:46:44+07:00 [14515] DEBUG default - [User=Admin A. (Frc.booking@vistec.ac.th)] applies 0 allowed 1, ids 25 requested  [File=/var/www/html/booking/lib/Application/Attributes/AttributeService.php,Line=294]
2019-03-06T09:46:44+07:00 [14515] DEBUG default - [User=Admin A. (Frc.booking@vistec.ac.th)] applies 0 allowed 1, ids 16 requested  [File=/var/www/html/booking/lib/Application/Attributes/AttributeService.php,Line=294]
2019-03-06T09:46:44+07:00 [14515] DEBUG default - [User=Admin A. (Frc.booking@vistec.ac.th)] applies 0 allowed 1, ids 25 requested  [File=/var/www/html/booking/lib/Application/Attributes/AttributeService.php,Line=294]
2019-03-06T09:46:44+07:00 [14515] DEBUG default - [User=Admin A. (Frc.booking@vistec.ac.th)] applies 0 allowed 1, ids 26 requested  [File=/var/www/html/booking/lib/Application/Attributes/AttributeService.php,Line=294]
2019-03-06T09:46:44+07:00 [14515] DEBUG default - [User=Admin A. (Frc.booking@vistec.ac.th)] applies 0 allowed 1, ids 15 requested  [File=/var/www/html/booking/lib/Application/Attributes/AttributeService.php,Line=294]
2019-03-06T09:46:44+07:00 [14515] DEBUG default - [User=Admin A. (Frc.booking@vistec.ac.th)] applies 0 allowed 4, ids 23,26,22,21 requested  [File=/var/www/html/booking/lib/Application/Attributes/AttributeService.php,Line=294]
2019-03-06T09:46:44+07:00 [14515] DEBUG default - [User=Admin A. (Frc.booking@vistec.ac.th)] applies 0 allowed 4, ids 23,26,22,21 requested  [File=/var/www/html/booking/lib/Application/Attributes/AttributeService.php,Line=294]
2019-03-06T12:55:00+07:00 [14515] DEBUG default - [User=Admin A. (Frc.booking@vistec.ac.th)] applies 0 allowed 1, ids 27 requested  [File=/var/www/html/booking/lib/Application/Attributes/AttributeService.php,Line=294]
2019-03-06T12:55:00+07:00 [14515] DEBUG default - [User=Admin A. (Frc.booking@vistec.ac.th)] applies 0 allowed 1, ids 2 requested  [File=/var/www/html/booking/lib/Application/Attributes/AttributeService.php,Line=294]
2019-03-06T12:55:00+07:00 [14515] DEBUG default - [User=Admin A. (Frc.booking@vistec.ac.th)] applies 0 allowed 1, ids 25 requested  [File=/var/www/html/booking/lib/Application/Attributes/AttributeService.php,Line=294]
2019-03-06T12:55:00+07:00 [14515] DEBUG default - [User=Admin A. (Frc.booking@vistec.ac.th)] applies 0 allowed 1, ids 16 requested  [File=/var/www/html/booking/lib/Application/Attributes/AttributeService.php,Line=294]
2019-03-06T12:55:00+07:00 [14515] DEBUG default - [User=Admin A. (Frc.booking@vistec.ac.th)] applies 0 allowed 1, ids 25 requested  [File=/var/www/html/booking/lib/Application/Attributes/AttributeService.php,Line=294]
2019-03-06T12:55:00+07:00 [14515] DEBUG default - [User=Admin A. (Frc.booking@vistec.ac.th)] applies 0 allowed 1, ids 26 requested  [File=/var/www/html/booking/lib/Application/Attributes/AttributeService.php,Line=294]
2019-03-06T12:55:00+07:00 [14515] DEBUG default - [User=Admin A. (Frc.booking@vistec.ac.th)] applies 0 allowed 1, ids 15 requested  [File=/var/www/html/booking/lib/Application/Attributes/AttributeService.php,Line=294]
2019-03-06T12:55:00+07:00 [14515] DEBUG default - [User=Admin A. (Frc.booking@vistec.ac.th)] applies 0 allowed 4, ids 23,26,22,21 requested  [File=/var/www/html/booking/lib/Application/Attributes/AttributeService.php,Line=294]
2019-03-06T12:55:00+07:00 [14515] DEBUG default - [User=Admin A. (Frc.booking@vistec.ac.th)] applies 0 allowed 4, ids 23,26,22,21 requested  [File=/var/www/html/booking/lib/Application/Attributes/AttributeService.php,Line=294]
