2019-11-10T14:11:53+07:00 [8833] DEBUG sql - [User=Arjaree Jobdeedamrong (1630301@vistec.ac.th)] MySql Query: SELECT a.*,
				(SELECT GROUP_CONCAT(e.entity_id SEPARATOR "!sep!")
							FROM custom_attribute_entities e WHERE e.custom_attribute_id = a.custom_attribute_id ORDER BY e.entity_id) as entity_ids,
				CASE
				WHEN a.attribute_category = 2 THEN (SELECT GROUP_CONCAT(CONCAT(u.fname, " ", u.lname) SEPARATOR "!sep!")
													FROM users u INNER JOIN custom_attribute_entities e
													WHERE e.custom_attribute_id = a.custom_attribute_id AND u.user_id = e.entity_id ORDER BY e.entity_id)
				WHEN a.attribute_category = 4 THEN (SELECT GROUP_CONCAT(r.name SEPARATOR "!sep!")
													FROM resources r INNER JOIN custom_attribute_entities e
													WHERE e.custom_attribute_id = a.custom_attribute_id AND r.resource_id = e.entity_id ORDER BY e.entity_id)
				WHEN a.attribute_category = 5  THEN (SELECT GROUP_CONCAT(rt.resource_type_name SEPARATOR "!sep!")
													FROM resource_types rt INNER JOIN custom_attribute_entities e
													WHERE e.custom_attribute_id = a.custom_attribute_id AND rt.resource_type_id = e.entity_id ORDER BY e.entity_id)
				ELSE null
				END as entity_descriptions,
				CASE
				WHEN a.secondary_category = 2 THEN (SELECT GROUP_CONCAT(CONCAT( fname, " ", lname ) SEPARATOR  "!sep!" ) FROM users WHERE FIND_IN_SET( user_id, a.secondary_entity_ids ))
				WHEN a.secondary_category = 4 THEN (SELECT GROUP_CONCAT(name SEPARATOR  "!sep!" ) FROM resources WHERE FIND_IN_SET( resource_id, a.secondary_entity_ids ))
				WHEN a.secondary_category = 5 THEN (SELECT GROUP_CONCAT(resource_type_name SEPARATOR  "!sep!" ) FROM resource_types WHERE FIND_IN_SET( resource_type_id, a.secondary_entity_ids ))
				ELSE null
				END as secondary_entity_descriptions
				FROM custom_attributes a WHERE a.attribute_category = '1' ORDER BY a.sort_order, a.display_label;
2019-11-10T14:11:53+07:00 [8833] DEBUG sql - [User=Arjaree Jobdeedamrong (1630301@vistec.ac.th)] MySql Query: SELECT r.*, s.admin_group_id as s_admin_group_id,
		(SELECT GROUP_CONCAT(CONCAT(cav.custom_attribute_id, '=', cav.attribute_value) SEPARATOR "!sep!")
						FROM custom_attribute_values cav WHERE cav.entity_id = r.resource_id AND cav.attribute_category = 4) as attribute_list,
		(SELECT GROUP_CONCAT(rga.resource_group_id SEPARATOR "!sep!") FROM resource_group_assignment rga WHERE rga.resource_id = r.resource_id) AS group_list
		FROM resources r
		INNER JOIN schedules s ON r.schedule_id = s.schedule_id
		ORDER BY COALESCE(r.sort_order,0), r.name;
2019-11-10T14:11:53+07:00 [8833] DEBUG sql - [User=Arjaree Jobdeedamrong (1630301@vistec.ac.th)] MySql Query: SELECT
			urp.user_id, r.resource_id, r.name
		FROM
			user_resource_permissions urp, resources r
		WHERE
			urp.user_id = '406' AND r.resource_id = urp.resource_id;
2019-11-10T14:11:53+07:00 [8833] DEBUG sql - [User=Arjaree Jobdeedamrong (1630301@vistec.ac.th)] MySql Query: SELECT
			grp.group_id, r.resource_id, r.name
		FROM
			group_resource_permissions grp, resources r, user_groups ug
		WHERE
			ug.user_id = '406' AND ug.group_id = grp.group_id AND grp.resource_id = r.resource_id;
2019-11-10T14:11:53+07:00 [8833] DEBUG sql - [User=Arjaree Jobdeedamrong (1630301@vistec.ac.th)] MySql Query: SELECT r.resource_id, r.name FROM resources r
		WHERE r.schedule_id IN (SELECT s.schedule_id FROM schedules s
			INNER JOIN groups g ON g.group_id = s.admin_group_id
			INNER JOIN user_groups ug on ug.group_id = g.group_id
			WHERE ug.user_id = '406')
		OR r.resource_id IN (SELECT r2.resource_id FROM resources r2
			INNER JOIN groups g ON g.group_id = r2.admin_group_id
			INNER JOIN user_groups ug on ug.group_id = g.group_id
			WHERE ug.user_id = '406');
