2019-11-16T03:47:40+07:00 [2455] DEBUG default - [User=Jirat Chatsirisupachai (1530306@vistec.ac.th)] applies 0 allowed 0, ids 2 requested 28 [File=/var/www/html/booking/lib/Application/Attributes/AttributeService.php,Line=294]
2019-11-16T03:47:40+07:00 [2455] DEBUG default - [User=Jirat Chatsirisupachai (1530306@vistec.ac.th)] applies 0 allowed 0, ids 17 requested 28 [File=/var/www/html/booking/lib/Application/Attributes/AttributeService.php,Line=294]
2019-11-16T03:47:40+07:00 [2455] DEBUG default - [User=Jirat Chatsirisupachai (1530306@vistec.ac.th)] applies 0 allowed 0, ids 25 requested 28 [File=/var/www/html/booking/lib/Application/Attributes/AttributeService.php,Line=294]
2019-11-16T03:47:40+07:00 [2455] DEBUG default - [User=Jirat Chatsirisupachai (1530306@vistec.ac.th)] applies 0 allowed 1, ids 16 requested 28 [File=/var/www/html/booking/lib/Application/Attributes/AttributeService.php,Line=294]
2019-11-16T03:47:40+07:00 [2455] DEBUG default - [User=Jirat Chatsirisupachai (1530306@vistec.ac.th)] applies 0 allowed 0, ids 25 requested 28 [File=/var/www/html/booking/lib/Application/Attributes/AttributeService.php,Line=294]
2019-11-16T03:47:40+07:00 [2455] DEBUG default - [User=Jirat Chatsirisupachai (1530306@vistec.ac.th)] applies 0 allowed 1, ids 26 requested 28 [File=/var/www/html/booking/lib/Application/Attributes/AttributeService.php,Line=294]
2019-11-16T03:47:40+07:00 [2455] DEBUG default - [User=Jirat Chatsirisupachai (1530306@vistec.ac.th)] applies 0 allowed 1, ids 29 requested 28 [File=/var/www/html/booking/lib/Application/Attributes/AttributeService.php,Line=294]
2019-11-16T03:47:40+07:00 [2455] DEBUG default - [User=Jirat Chatsirisupachai (1530306@vistec.ac.th)] applies 0 allowed 1, ids 26 requested 28 [File=/var/www/html/booking/lib/Application/Attributes/AttributeService.php,Line=294]
2019-11-16T03:47:40+07:00 [2455] DEBUG default - [User=Jirat Chatsirisupachai (1530306@vistec.ac.th)] applies 0 allowed 0, ids 2 requested 28 [File=/var/www/html/booking/lib/Application/Attributes/AttributeService.php,Line=294]
2019-11-16T03:47:40+07:00 [2455] DEBUG default - [User=Jirat Chatsirisupachai (1530306@vistec.ac.th)] applies 0 allowed 0, ids 30 requested 28 [File=/var/www/html/booking/lib/Application/Attributes/AttributeService.php,Line=294]
2019-11-16T03:47:40+07:00 [2455] DEBUG default - [User=Jirat Chatsirisupachai (1530306@vistec.ac.th)] applies 0 allowed 0, ids 15 requested 28 [File=/var/www/html/booking/lib/Application/Attributes/AttributeService.php,Line=294]
2019-11-16T03:47:40+07:00 [2455] DEBUG default - [User=Jirat Chatsirisupachai (1530306@vistec.ac.th)] applies 0 allowed 0, ids 18,27 requested 28 [File=/var/www/html/booking/lib/Application/Attributes/AttributeService.php,Line=294]
2019-11-16T03:47:40+07:00 [2455] DEBUG default - [User=Jirat Chatsirisupachai (1530306@vistec.ac.th)] applies 0 allowed 1, ids 16 requested 28 [File=/var/www/html/booking/lib/Application/Attributes/AttributeService.php,Line=294]
2019-11-16T03:47:40+07:00 [2455] DEBUG default - [User=Jirat Chatsirisupachai (1530306@vistec.ac.th)] applies 0 allowed 0, ids 18 requested 28 [File=/var/www/html/booking/lib/Application/Attributes/AttributeService.php,Line=294]
2019-11-16T03:47:40+07:00 [2455] DEBUG default - [User=Jirat Chatsirisupachai (1530306@vistec.ac.th)] applies 0 allowed 1, ids 26 requested 28 [File=/var/www/html/booking/lib/Application/Attributes/AttributeService.php,Line=294]
2019-11-16T03:47:40+07:00 [2455] DEBUG default - [User=Jirat Chatsirisupachai (1530306@vistec.ac.th)] applies 0 allowed 0, ids 18,2 requested 28 [File=/var/www/html/booking/lib/Application/Attributes/AttributeService.php,Line=294]
2019-11-16T03:47:40+07:00 [2455] DEBUG default - [User=Jirat Chatsirisupachai (1530306@vistec.ac.th)] applies 0 allowed 0, ids 17 requested 28 [File=/var/www/html/booking/lib/Application/Attributes/AttributeService.php,Line=294]
2019-11-16T03:47:40+07:00 [2455] DEBUG default - [User=Jirat Chatsirisupachai (1530306@vistec.ac.th)] applies 0 allowed 0, ids 17 requested 28 [File=/var/www/html/booking/lib/Application/Attributes/AttributeService.php,Line=294]
2019-11-16T03:47:40+07:00 [2455] DEBUG default - [User=Jirat Chatsirisupachai (1530306@vistec.ac.th)] applies 0 allowed 0, ids 24 requested 28 [File=/var/www/html/booking/lib/Application/Attributes/AttributeService.php,Line=294]
2019-11-16T03:47:40+07:00 [2455] DEBUG default - [User=Jirat Chatsirisupachai (1530306@vistec.ac.th)] applies 0 allowed 1, ids 26 requested 28 [File=/var/www/html/booking/lib/Application/Attributes/AttributeService.php,Line=294]
2019-11-16T03:47:40+07:00 [2455] DEBUG default - [User=Jirat Chatsirisupachai (1530306@vistec.ac.th)] applies 0 allowed 0, ids 2 requested 28 [File=/var/www/html/booking/lib/Application/Attributes/AttributeService.php,Line=294]
2019-11-16T03:47:40+07:00 [2455] DEBUG default - [User=Jirat Chatsirisupachai (1530306@vistec.ac.th)] applies 0 allowed 0, ids 24 requested 28 [File=/var/www/html/booking/lib/Application/Attributes/AttributeService.php,Line=294]
2019-11-16T03:47:40+07:00 [2455] DEBUG default - [User=Jirat Chatsirisupachai (1530306@vistec.ac.th)] applies 0 allowed 0, ids 17 requested 28 [File=/var/www/html/booking/lib/Application/Attributes/AttributeService.php,Line=294]
2019-11-16T03:47:40+07:00 [2455] DEBUG default - [User=Jirat Chatsirisupachai (1530306@vistec.ac.th)] applies 0 allowed 1, ids 16 requested 28 [File=/var/www/html/booking/lib/Application/Attributes/AttributeService.php,Line=294]
2019-11-16T03:47:40+07:00 [2455] DEBUG default - [User=Jirat Chatsirisupachai (1530306@vistec.ac.th)] applies 0 allowed 1, ids 23,26,22,21 requested 28 [File=/var/www/html/booking/lib/Application/Attributes/AttributeService.php,Line=294]
2019-11-16T03:47:40+07:00 [2455] DEBUG default - [User=Jirat Chatsirisupachai (1530306@vistec.ac.th)] applies 0 allowed 2, ids 23,26,22,24,29,30,21 requested 28 [File=/var/www/html/booking/lib/Application/Attributes/AttributeService.php,Line=294]
2019-11-16T04:10:34+07:00 [2449] DEBUG default - [User=Jirat Chatsirisupachai (1530306@vistec.ac.th)] applies 0 allowed 0, ids 2 requested 28 [File=/var/www/html/booking/lib/Application/Attributes/AttributeService.php,Line=294]
2019-11-16T04:10:34+07:00 [2449] DEBUG default - [User=Jirat Chatsirisupachai (1530306@vistec.ac.th)] applies 0 allowed 0, ids 17 requested 28 [File=/var/www/html/booking/lib/Application/Attributes/AttributeService.php,Line=294]
2019-11-16T04:10:34+07:00 [2449] DEBUG default - [User=Jirat Chatsirisupachai (1530306@vistec.ac.th)] applies 0 allowed 0, ids 25 requested 28 [File=/var/www/html/booking/lib/Application/Attributes/AttributeService.php,Line=294]
2019-11-16T04:10:34+07:00 [2449] DEBUG default - [User=Jirat Chatsirisupachai (1530306@vistec.ac.th)] applies 0 allowed 1, ids 16 requested 28 [File=/var/www/html/booking/lib/Application/Attributes/AttributeService.php,Line=294]
2019-11-16T04:10:34+07:00 [2449] DEBUG default - [User=Jirat Chatsirisupachai (1530306@vistec.ac.th)] applies 0 allowed 0, ids 25 requested 28 [File=/var/www/html/booking/lib/Application/Attributes/AttributeService.php,Line=294]
2019-11-16T04:10:34+07:00 [2449] DEBUG default - [User=Jirat Chatsirisupachai (1530306@vistec.ac.th)] applies 0 allowed 1, ids 26 requested 28 [File=/var/www/html/booking/lib/Application/Attributes/AttributeService.php,Line=294]
2019-11-16T04:10:34+07:00 [2449] DEBUG default - [User=Jirat Chatsirisupachai (1530306@vistec.ac.th)] applies 0 allowed 1, ids 29 requested 28 [File=/var/www/html/booking/lib/Application/Attributes/AttributeService.php,Line=294]
2019-11-16T04:10:34+07:00 [2449] DEBUG default - [User=Jirat Chatsirisupachai (1530306@vistec.ac.th)] applies 0 allowed 1, ids 26 requested 28 [File=/var/www/html/booking/lib/Application/Attributes/AttributeService.php,Line=294]
2019-11-16T04:10:34+07:00 [2449] DEBUG default - [User=Jirat Chatsirisupachai (1530306@vistec.ac.th)] applies 0 allowed 0, ids 2 requested 28 [File=/var/www/html/booking/lib/Application/Attributes/AttributeService.php,Line=294]
2019-11-16T04:10:34+07:00 [2449] DEBUG default - [User=Jirat Chatsirisupachai (1530306@vistec.ac.th)] applies 0 allowed 0, ids 30 requested 28 [File=/var/www/html/booking/lib/Application/Attributes/AttributeService.php,Line=294]
2019-11-16T04:10:34+07:00 [2449] DEBUG default - [User=Jirat Chatsirisupachai (1530306@vistec.ac.th)] applies 0 allowed 0, ids 15 requested 28 [File=/var/www/html/booking/lib/Application/Attributes/AttributeService.php,Line=294]
2019-11-16T04:10:34+07:00 [2449] DEBUG default - [User=Jirat Chatsirisupachai (1530306@vistec.ac.th)] applies 0 allowed 0, ids 18,27 requested 28 [File=/var/www/html/booking/lib/Application/Attributes/AttributeService.php,Line=294]
2019-11-16T04:10:34+07:00 [2449] DEBUG default - [User=Jirat Chatsirisupachai (1530306@vistec.ac.th)] applies 0 allowed 1, ids 16 requested 28 [File=/var/www/html/booking/lib/Application/Attributes/AttributeService.php,Line=294]
2019-11-16T04:10:34+07:00 [2449] DEBUG default - [User=Jirat Chatsirisupachai (1530306@vistec.ac.th)] applies 0 allowed 0, ids 18 requested 28 [File=/var/www/html/booking/lib/Application/Attributes/AttributeService.php,Line=294]
2019-11-16T04:10:34+07:00 [2449] DEBUG default - [User=Jirat Chatsirisupachai (1530306@vistec.ac.th)] applies 0 allowed 1, ids 26 requested 28 [File=/var/www/html/booking/lib/Application/Attributes/AttributeService.php,Line=294]
2019-11-16T04:10:34+07:00 [2449] DEBUG default - [User=Jirat Chatsirisupachai (1530306@vistec.ac.th)] applies 0 allowed 0, ids 18,2 requested 28 [File=/var/www/html/booking/lib/Application/Attributes/AttributeService.php,Line=294]
2019-11-16T04:10:34+07:00 [2449] DEBUG default - [User=Jirat Chatsirisupachai (1530306@vistec.ac.th)] applies 0 allowed 0, ids 17 requested 28 [File=/var/www/html/booking/lib/Application/Attributes/AttributeService.php,Line=294]
2019-11-16T04:10:34+07:00 [2449] DEBUG default - [User=Jirat Chatsirisupachai (1530306@vistec.ac.th)] applies 0 allowed 0, ids 17 requested 28 [File=/var/www/html/booking/lib/Application/Attributes/AttributeService.php,Line=294]
2019-11-16T04:10:34+07:00 [2449] DEBUG default - [User=Jirat Chatsirisupachai (1530306@vistec.ac.th)] applies 0 allowed 0, ids 24 requested 28 [File=/var/www/html/booking/lib/Application/Attributes/AttributeService.php,Line=294]
2019-11-16T04:10:34+07:00 [2449] DEBUG default - [User=Jirat Chatsirisupachai (1530306@vistec.ac.th)] applies 0 allowed 1, ids 26 requested 28 [File=/var/www/html/booking/lib/Application/Attributes/AttributeService.php,Line=294]
2019-11-16T04:10:34+07:00 [2449] DEBUG default - [User=Jirat Chatsirisupachai (1530306@vistec.ac.th)] applies 0 allowed 0, ids 2 requested 28 [File=/var/www/html/booking/lib/Application/Attributes/AttributeService.php,Line=294]
2019-11-16T04:10:34+07:00 [2449] DEBUG default - [User=Jirat Chatsirisupachai (1530306@vistec.ac.th)] applies 0 allowed 0, ids 24 requested 28 [File=/var/www/html/booking/lib/Application/Attributes/AttributeService.php,Line=294]
2019-11-16T04:10:34+07:00 [2449] DEBUG default - [User=Jirat Chatsirisupachai (1530306@vistec.ac.th)] applies 0 allowed 0, ids 17 requested 28 [File=/var/www/html/booking/lib/Application/Attributes/AttributeService.php,Line=294]
2019-11-16T04:10:34+07:00 [2449] DEBUG default - [User=Jirat Chatsirisupachai (1530306@vistec.ac.th)] applies 0 allowed 1, ids 16 requested 28 [File=/var/www/html/booking/lib/Application/Attributes/AttributeService.php,Line=294]
2019-11-16T04:10:34+07:00 [2449] DEBUG default - [User=Jirat Chatsirisupachai (1530306@vistec.ac.th)] applies 0 allowed 1, ids 23,26,22,21 requested 28 [File=/var/www/html/booking/lib/Application/Attributes/AttributeService.php,Line=294]
2019-11-16T04:10:34+07:00 [2449] DEBUG default - [User=Jirat Chatsirisupachai (1530306@vistec.ac.th)] applies 0 allowed 2, ids 23,26,22,24,29,30,21 requested 28 [File=/var/www/html/booking/lib/Application/Attributes/AttributeService.php,Line=294]
2019-11-16T09:20:45+07:00 [2455] DEBUG default - [User=Chalida Phungpanya (chalida.p@vistec.ac.th)] applies 0 allowed 1, ids 2 requested  [File=/var/www/html/booking/lib/Application/Attributes/AttributeService.php,Line=294]
2019-11-16T09:20:45+07:00 [2455] DEBUG default - [User=Chalida Phungpanya (chalida.p@vistec.ac.th)] applies 0 allowed 1, ids 17 requested  [File=/var/www/html/booking/lib/Application/Attributes/AttributeService.php,Line=294]
2019-11-16T09:20:45+07:00 [2455] DEBUG default - [User=Chalida Phungpanya (chalida.p@vistec.ac.th)] applies 0 allowed 0, ids 25 requested  [File=/var/www/html/booking/lib/Application/Attributes/AttributeService.php,Line=294]
2019-11-16T09:20:45+07:00 [2455] DEBUG default - [User=Chalida Phungpanya (chalida.p@vistec.ac.th)] applies 0 allowed 0, ids 16 requested  [File=/var/www/html/booking/lib/Application/Attributes/AttributeService.php,Line=294]
2019-11-16T09:20:45+07:00 [2455] DEBUG default - [User=Chalida Phungpanya (chalida.p@vistec.ac.th)] applies 0 allowed 0, ids 25 requested  [File=/var/www/html/booking/lib/Application/Attributes/AttributeService.php,Line=294]
2019-11-16T09:20:45+07:00 [2455] DEBUG default - [User=Chalida Phungpanya (chalida.p@vistec.ac.th)] applies 0 allowed 0, ids 26 requested  [File=/var/www/html/booking/lib/Application/Attributes/AttributeService.php,Line=294]
2019-11-16T09:20:45+07:00 [2455] DEBUG default - [User=Chalida Phungpanya (chalida.p@vistec.ac.th)] applies 0 allowed 0, ids 29 requested  [File=/var/www/html/booking/lib/Application/Attributes/AttributeService.php,Line=294]
2019-11-16T09:20:45+07:00 [2455] DEBUG default - [User=Chalida Phungpanya (chalida.p@vistec.ac.th)] applies 0 allowed 0, ids 26 requested  [File=/var/www/html/booking/lib/Application/Attributes/AttributeService.php,Line=294]
2019-11-16T09:20:45+07:00 [2455] DEBUG default - [User=Chalida Phungpanya (chalida.p@vistec.ac.th)] applies 0 allowed 1, ids 2 requested  [File=/var/www/html/booking/lib/Application/Attributes/AttributeService.php,Line=294]
2019-11-16T09:20:45+07:00 [2455] DEBUG default - [User=Chalida Phungpanya (chalida.p@vistec.ac.th)] applies 0 allowed 0, ids 30 requested  [File=/var/www/html/booking/lib/Application/Attributes/AttributeService.php,Line=294]
2019-11-16T09:20:45+07:00 [2455] DEBUG default - [User=Chalida Phungpanya (chalida.p@vistec.ac.th)] applies 0 allowed 0, ids 15 requested  [File=/var/www/html/booking/lib/Application/Attributes/AttributeService.php,Line=294]
2019-11-16T09:20:45+07:00 [2455] DEBUG default - [User=Chalida Phungpanya (chalida.p@vistec.ac.th)] applies 0 allowed 0, ids 18,27 requested  [File=/var/www/html/booking/lib/Application/Attributes/AttributeService.php,Line=294]
2019-11-16T09:20:45+07:00 [2455] DEBUG default - [User=Chalida Phungpanya (chalida.p@vistec.ac.th)] applies 0 allowed 0, ids 16 requested  [File=/var/www/html/booking/lib/Application/Attributes/AttributeService.php,Line=294]
2019-11-16T09:20:45+07:00 [2455] DEBUG default - [User=Chalida Phungpanya (chalida.p@vistec.ac.th)] applies 0 allowed 0, ids 18 requested  [File=/var/www/html/booking/lib/Application/Attributes/AttributeService.php,Line=294]
2019-11-16T09:20:45+07:00 [2455] DEBUG default - [User=Chalida Phungpanya (chalida.p@vistec.ac.th)] applies 0 allowed 0, ids 26 requested  [File=/var/www/html/booking/lib/Application/Attributes/AttributeService.php,Line=294]
2019-11-16T09:20:45+07:00 [2455] DEBUG default - [User=Chalida Phungpanya (chalida.p@vistec.ac.th)] applies 0 allowed 1, ids 18,2 requested  [File=/var/www/html/booking/lib/Application/Attributes/AttributeService.php,Line=294]
2019-11-16T09:20:45+07:00 [2455] DEBUG default - [User=Chalida Phungpanya (chalida.p@vistec.ac.th)] applies 0 allowed 1, ids 17 requested  [File=/var/www/html/booking/lib/Application/Attributes/AttributeService.php,Line=294]
2019-11-16T09:20:45+07:00 [2455] DEBUG default - [User=Chalida Phungpanya (chalida.p@vistec.ac.th)] applies 0 allowed 1, ids 17 requested  [File=/var/www/html/booking/lib/Application/Attributes/AttributeService.php,Line=294]
2019-11-16T09:20:45+07:00 [2455] DEBUG default - [User=Chalida Phungpanya (chalida.p@vistec.ac.th)] applies 0 allowed 0, ids 24 requested  [File=/var/www/html/booking/lib/Application/Attributes/AttributeService.php,Line=294]
2019-11-16T09:20:45+07:00 [2455] DEBUG default - [User=Chalida Phungpanya (chalida.p@vistec.ac.th)] applies 0 allowed 0, ids 26 requested  [File=/var/www/html/booking/lib/Application/Attributes/AttributeService.php,Line=294]
2019-11-16T09:20:45+07:00 [2455] DEBUG default - [User=Chalida Phungpanya (chalida.p@vistec.ac.th)] applies 0 allowed 1, ids 2 requested  [File=/var/www/html/booking/lib/Application/Attributes/AttributeService.php,Line=294]
2019-11-16T09:20:45+07:00 [2455] DEBUG default - [User=Chalida Phungpanya (chalida.p@vistec.ac.th)] applies 0 allowed 0, ids 24 requested  [File=/var/www/html/booking/lib/Application/Attributes/AttributeService.php,Line=294]
2019-11-16T09:20:45+07:00 [2455] DEBUG default - [User=Chalida Phungpanya (chalida.p@vistec.ac.th)] applies 0 allowed 1, ids 17 requested  [File=/var/www/html/booking/lib/Application/Attributes/AttributeService.php,Line=294]
2019-11-16T09:20:45+07:00 [2455] DEBUG default - [User=Chalida Phungpanya (chalida.p@vistec.ac.th)] applies 0 allowed 0, ids 16 requested  [File=/var/www/html/booking/lib/Application/Attributes/AttributeService.php,Line=294]
2019-11-16T09:20:45+07:00 [2455] DEBUG default - [User=Chalida Phungpanya (chalida.p@vistec.ac.th)] applies 0 allowed 0, ids 23,26,22,21 requested  [File=/var/www/html/booking/lib/Application/Attributes/AttributeService.php,Line=294]
2019-11-16T09:20:45+07:00 [2455] DEBUG default - [User=Chalida Phungpanya (chalida.p@vistec.ac.th)] applies 0 allowed 0, ids 23,26,22,24,29,30,21 requested  [File=/var/www/html/booking/lib/Application/Attributes/AttributeService.php,Line=294]
2019-11-16T09:21:04+07:00 [2455] DEBUG default - [User=Chalida Phungpanya (chalida.p@vistec.ac.th)] applies 0 allowed 1, ids 2 requested  [File=/var/www/html/booking/lib/Application/Attributes/AttributeService.php,Line=294]
2019-11-16T09:21:04+07:00 [2455] DEBUG default - [User=Chalida Phungpanya (chalida.p@vistec.ac.th)] applies 0 allowed 1, ids 17 requested  [File=/var/www/html/booking/lib/Application/Attributes/AttributeService.php,Line=294]
2019-11-16T09:21:04+07:00 [2455] DEBUG default - [User=Chalida Phungpanya (chalida.p@vistec.ac.th)] applies 0 allowed 0, ids 25 requested  [File=/var/www/html/booking/lib/Application/Attributes/AttributeService.php,Line=294]
2019-11-16T09:21:04+07:00 [2455] DEBUG default - [User=Chalida Phungpanya (chalida.p@vistec.ac.th)] applies 0 allowed 0, ids 16 requested  [File=/var/www/html/booking/lib/Application/Attributes/AttributeService.php,Line=294]
2019-11-16T09:21:04+07:00 [2455] DEBUG default - [User=Chalida Phungpanya (chalida.p@vistec.ac.th)] applies 0 allowed 0, ids 25 requested  [File=/var/www/html/booking/lib/Application/Attributes/AttributeService.php,Line=294]
2019-11-16T09:21:04+07:00 [2455] DEBUG default - [User=Chalida Phungpanya (chalida.p@vistec.ac.th)] applies 0 allowed 0, ids 26 requested  [File=/var/www/html/booking/lib/Application/Attributes/AttributeService.php,Line=294]
2019-11-16T09:21:04+07:00 [2455] DEBUG default - [User=Chalida Phungpanya (chalida.p@vistec.ac.th)] applies 0 allowed 0, ids 29 requested  [File=/var/www/html/booking/lib/Application/Attributes/AttributeService.php,Line=294]
2019-11-16T09:21:04+07:00 [2455] DEBUG default - [User=Chalida Phungpanya (chalida.p@vistec.ac.th)] applies 0 allowed 0, ids 26 requested  [File=/var/www/html/booking/lib/Application/Attributes/AttributeService.php,Line=294]
2019-11-16T09:21:04+07:00 [2455] DEBUG default - [User=Chalida Phungpanya (chalida.p@vistec.ac.th)] applies 0 allowed 1, ids 2 requested  [File=/var/www/html/booking/lib/Application/Attributes/AttributeService.php,Line=294]
2019-11-16T09:21:04+07:00 [2455] DEBUG default - [User=Chalida Phungpanya (chalida.p@vistec.ac.th)] applies 0 allowed 0, ids 30 requested  [File=/var/www/html/booking/lib/Application/Attributes/AttributeService.php,Line=294]
2019-11-16T09:21:04+07:00 [2455] DEBUG default - [User=Chalida Phungpanya (chalida.p@vistec.ac.th)] applies 0 allowed 0, ids 15 requested  [File=/var/www/html/booking/lib/Application/Attributes/AttributeService.php,Line=294]
2019-11-16T09:21:04+07:00 [2455] DEBUG default - [User=Chalida Phungpanya (chalida.p@vistec.ac.th)] applies 0 allowed 0, ids 18,27 requested  [File=/var/www/html/booking/lib/Application/Attributes/AttributeService.php,Line=294]
2019-11-16T09:21:04+07:00 [2455] DEBUG default - [User=Chalida Phungpanya (chalida.p@vistec.ac.th)] applies 0 allowed 0, ids 16 requested  [File=/var/www/html/booking/lib/Application/Attributes/AttributeService.php,Line=294]
2019-11-16T09:21:04+07:00 [2455] DEBUG default - [User=Chalida Phungpanya (chalida.p@vistec.ac.th)] applies 0 allowed 0, ids 18 requested  [File=/var/www/html/booking/lib/Application/Attributes/AttributeService.php,Line=294]
2019-11-16T09:21:04+07:00 [2455] DEBUG default - [User=Chalida Phungpanya (chalida.p@vistec.ac.th)] applies 0 allowed 0, ids 26 requested  [File=/var/www/html/booking/lib/Application/Attributes/AttributeService.php,Line=294]
2019-11-16T09:21:04+07:00 [2455] DEBUG default - [User=Chalida Phungpanya (chalida.p@vistec.ac.th)] applies 0 allowed 1, ids 18,2 requested  [File=/var/www/html/booking/lib/Application/Attributes/AttributeService.php,Line=294]
2019-11-16T09:21:04+07:00 [2455] DEBUG default - [User=Chalida Phungpanya (chalida.p@vistec.ac.th)] applies 0 allowed 1, ids 17 requested  [File=/var/www/html/booking/lib/Application/Attributes/AttributeService.php,Line=294]
2019-11-16T09:21:04+07:00 [2455] DEBUG default - [User=Chalida Phungpanya (chalida.p@vistec.ac.th)] applies 0 allowed 1, ids 17 requested  [File=/var/www/html/booking/lib/Application/Attributes/AttributeService.php,Line=294]
2019-11-16T09:21:04+07:00 [2455] DEBUG default - [User=Chalida Phungpanya (chalida.p@vistec.ac.th)] applies 0 allowed 0, ids 24 requested  [File=/var/www/html/booking/lib/Application/Attributes/AttributeService.php,Line=294]
2019-11-16T09:21:04+07:00 [2455] DEBUG default - [User=Chalida Phungpanya (chalida.p@vistec.ac.th)] applies 0 allowed 0, ids 26 requested  [File=/var/www/html/booking/lib/Application/Attributes/AttributeService.php,Line=294]
2019-11-16T09:21:04+07:00 [2455] DEBUG default - [User=Chalida Phungpanya (chalida.p@vistec.ac.th)] applies 0 allowed 1, ids 2 requested  [File=/var/www/html/booking/lib/Application/Attributes/AttributeService.php,Line=294]
2019-11-16T09:21:04+07:00 [2455] DEBUG default - [User=Chalida Phungpanya (chalida.p@vistec.ac.th)] applies 0 allowed 0, ids 24 requested  [File=/var/www/html/booking/lib/Application/Attributes/AttributeService.php,Line=294]
2019-11-16T09:21:04+07:00 [2455] DEBUG default - [User=Chalida Phungpanya (chalida.p@vistec.ac.th)] applies 0 allowed 1, ids 17 requested  [File=/var/www/html/booking/lib/Application/Attributes/AttributeService.php,Line=294]
2019-11-16T09:21:04+07:00 [2455] DEBUG default - [User=Chalida Phungpanya (chalida.p@vistec.ac.th)] applies 0 allowed 0, ids 16 requested  [File=/var/www/html/booking/lib/Application/Attributes/AttributeService.php,Line=294]
2019-11-16T09:21:04+07:00 [2455] DEBUG default - [User=Chalida Phungpanya (chalida.p@vistec.ac.th)] applies 0 allowed 0, ids 23,26,22,21 requested  [File=/var/www/html/booking/lib/Application/Attributes/AttributeService.php,Line=294]
2019-11-16T09:21:04+07:00 [2455] DEBUG default - [User=Chalida Phungpanya (chalida.p@vistec.ac.th)] applies 0 allowed 0, ids 23,26,22,24,29,30,21 requested  [File=/var/www/html/booking/lib/Application/Attributes/AttributeService.php,Line=294]
2019-11-16T09:25:37+07:00 [8833] DEBUG default - [User=Chalida Phungpanya (chalida.p@vistec.ac.th)] applies 0 allowed 1, ids 2 requested  [File=/var/www/html/booking/lib/Application/Attributes/AttributeService.php,Line=294]
2019-11-16T09:25:37+07:00 [8833] DEBUG default - [User=Chalida Phungpanya (chalida.p@vistec.ac.th)] applies 0 allowed 1, ids 17 requested  [File=/var/www/html/booking/lib/Application/Attributes/AttributeService.php,Line=294]
2019-11-16T09:25:37+07:00 [8833] DEBUG default - [User=Chalida Phungpanya (chalida.p@vistec.ac.th)] applies 0 allowed 0, ids 25 requested  [File=/var/www/html/booking/lib/Application/Attributes/AttributeService.php,Line=294]
2019-11-16T09:25:37+07:00 [8833] DEBUG default - [User=Chalida Phungpanya (chalida.p@vistec.ac.th)] applies 0 allowed 0, ids 16 requested  [File=/var/www/html/booking/lib/Application/Attributes/AttributeService.php,Line=294]
2019-11-16T09:25:37+07:00 [8833] DEBUG default - [User=Chalida Phungpanya (chalida.p@vistec.ac.th)] applies 0 allowed 0, ids 25 requested  [File=/var/www/html/booking/lib/Application/Attributes/AttributeService.php,Line=294]
2019-11-16T09:25:37+07:00 [8833] DEBUG default - [User=Chalida Phungpanya (chalida.p@vistec.ac.th)] applies 0 allowed 0, ids 26 requested  [File=/var/www/html/booking/lib/Application/Attributes/AttributeService.php,Line=294]
2019-11-16T09:25:37+07:00 [8833] DEBUG default - [User=Chalida Phungpanya (chalida.p@vistec.ac.th)] applies 0 allowed 0, ids 29 requested  [File=/var/www/html/booking/lib/Application/Attributes/AttributeService.php,Line=294]
2019-11-16T09:25:37+07:00 [8833] DEBUG default - [User=Chalida Phungpanya (chalida.p@vistec.ac.th)] applies 0 allowed 0, ids 26 requested  [File=/var/www/html/booking/lib/Application/Attributes/AttributeService.php,Line=294]
2019-11-16T09:25:37+07:00 [8833] DEBUG default - [User=Chalida Phungpanya (chalida.p@vistec.ac.th)] applies 0 allowed 1, ids 2 requested  [File=/var/www/html/booking/lib/Application/Attributes/AttributeService.php,Line=294]
2019-11-16T09:25:37+07:00 [8833] DEBUG default - [User=Chalida Phungpanya (chalida.p@vistec.ac.th)] applies 0 allowed 0, ids 30 requested  [File=/var/www/html/booking/lib/Application/Attributes/AttributeService.php,Line=294]
2019-11-16T09:25:37+07:00 [8833] DEBUG default - [User=Chalida Phungpanya (chalida.p@vistec.ac.th)] applies 0 allowed 0, ids 15 requested  [File=/var/www/html/booking/lib/Application/Attributes/AttributeService.php,Line=294]
2019-11-16T09:25:37+07:00 [8833] DEBUG default - [User=Chalida Phungpanya (chalida.p@vistec.ac.th)] applies 0 allowed 0, ids 18,27 requested  [File=/var/www/html/booking/lib/Application/Attributes/AttributeService.php,Line=294]
2019-11-16T09:25:37+07:00 [8833] DEBUG default - [User=Chalida Phungpanya (chalida.p@vistec.ac.th)] applies 0 allowed 0, ids 16 requested  [File=/var/www/html/booking/lib/Application/Attributes/AttributeService.php,Line=294]
2019-11-16T09:25:37+07:00 [8833] DEBUG default - [User=Chalida Phungpanya (chalida.p@vistec.ac.th)] applies 0 allowed 0, ids 18 requested  [File=/var/www/html/booking/lib/Application/Attributes/AttributeService.php,Line=294]
2019-11-16T09:25:37+07:00 [8833] DEBUG default - [User=Chalida Phungpanya (chalida.p@vistec.ac.th)] applies 0 allowed 0, ids 26 requested  [File=/var/www/html/booking/lib/Application/Attributes/AttributeService.php,Line=294]
2019-11-16T09:25:37+07:00 [8833] DEBUG default - [User=Chalida Phungpanya (chalida.p@vistec.ac.th)] applies 0 allowed 1, ids 18,2 requested  [File=/var/www/html/booking/lib/Application/Attributes/AttributeService.php,Line=294]
2019-11-16T09:25:37+07:00 [8833] DEBUG default - [User=Chalida Phungpanya (chalida.p@vistec.ac.th)] applies 0 allowed 1, ids 17 requested  [File=/var/www/html/booking/lib/Application/Attributes/AttributeService.php,Line=294]
2019-11-16T09:25:37+07:00 [8833] DEBUG default - [User=Chalida Phungpanya (chalida.p@vistec.ac.th)] applies 0 allowed 1, ids 17 requested  [File=/var/www/html/booking/lib/Application/Attributes/AttributeService.php,Line=294]
2019-11-16T09:25:37+07:00 [8833] DEBUG default - [User=Chalida Phungpanya (chalida.p@vistec.ac.th)] applies 0 allowed 0, ids 24 requested  [File=/var/www/html/booking/lib/Application/Attributes/AttributeService.php,Line=294]
2019-11-16T09:25:37+07:00 [8833] DEBUG default - [User=Chalida Phungpanya (chalida.p@vistec.ac.th)] applies 0 allowed 0, ids 26 requested  [File=/var/www/html/booking/lib/Application/Attributes/AttributeService.php,Line=294]
2019-11-16T09:25:37+07:00 [8833] DEBUG default - [User=Chalida Phungpanya (chalida.p@vistec.ac.th)] applies 0 allowed 1, ids 2 requested  [File=/var/www/html/booking/lib/Application/Attributes/AttributeService.php,Line=294]
2019-11-16T09:25:37+07:00 [8833] DEBUG default - [User=Chalida Phungpanya (chalida.p@vistec.ac.th)] applies 0 allowed 0, ids 24 requested  [File=/var/www/html/booking/lib/Application/Attributes/AttributeService.php,Line=294]
2019-11-16T09:25:37+07:00 [8833] DEBUG default - [User=Chalida Phungpanya (chalida.p@vistec.ac.th)] applies 0 allowed 1, ids 17 requested  [File=/var/www/html/booking/lib/Application/Attributes/AttributeService.php,Line=294]
2019-11-16T09:25:37+07:00 [8833] DEBUG default - [User=Chalida Phungpanya (chalida.p@vistec.ac.th)] applies 0 allowed 0, ids 16 requested  [File=/var/www/html/booking/lib/Application/Attributes/AttributeService.php,Line=294]
2019-11-16T09:25:37+07:00 [8833] DEBUG default - [User=Chalida Phungpanya (chalida.p@vistec.ac.th)] applies 0 allowed 0, ids 23,26,22,21 requested  [File=/var/www/html/booking/lib/Application/Attributes/AttributeService.php,Line=294]
2019-11-16T09:25:37+07:00 [8833] DEBUG default - [User=Chalida Phungpanya (chalida.p@vistec.ac.th)] applies 0 allowed 0, ids 23,26,22,24,29,30,21 requested  [File=/var/www/html/booking/lib/Application/Attributes/AttributeService.php,Line=294]
2019-11-16T13:41:02+07:00 [2449] DEBUG default - [User=Admin A. (somlak.i@vistec.ac.th)] applies 0 allowed 1, ids 2 requested 19 [File=/var/www/html/booking/lib/Application/Attributes/AttributeService.php,Line=294]
2019-11-16T13:41:02+07:00 [2449] DEBUG default - [User=Admin A. (somlak.i@vistec.ac.th)] applies 0 allowed 1, ids 17 requested 19 [File=/var/www/html/booking/lib/Application/Attributes/AttributeService.php,Line=294]
2019-11-16T13:41:02+07:00 [2449] DEBUG default - [User=Admin A. (somlak.i@vistec.ac.th)] applies 0 allowed 0, ids 25 requested 19 [File=/var/www/html/booking/lib/Application/Attributes/AttributeService.php,Line=294]
2019-11-16T13:41:02+07:00 [2449] DEBUG default - [User=Admin A. (somlak.i@vistec.ac.th)] applies 0 allowed 1, ids 16 requested 19 [File=/var/www/html/booking/lib/Application/Attributes/AttributeService.php,Line=294]
2019-11-16T13:41:02+07:00 [2449] DEBUG default - [User=Admin A. (somlak.i@vistec.ac.th)] applies 0 allowed 0, ids 25 requested 19 [File=/var/www/html/booking/lib/Application/Attributes/AttributeService.php,Line=294]
2019-11-16T13:41:02+07:00 [2449] DEBUG default - [User=Admin A. (somlak.i@vistec.ac.th)] applies 0 allowed 1, ids 26 requested 19 [File=/var/www/html/booking/lib/Application/Attributes/AttributeService.php,Line=294]
2019-11-16T13:41:02+07:00 [2449] DEBUG default - [User=Admin A. (somlak.i@vistec.ac.th)] applies 0 allowed 1, ids 29 requested 19 [File=/var/www/html/booking/lib/Application/Attributes/AttributeService.php,Line=294]
2019-11-16T13:41:02+07:00 [2449] DEBUG default - [User=Admin A. (somlak.i@vistec.ac.th)] applies 0 allowed 1, ids 26 requested 19 [File=/var/www/html/booking/lib/Application/Attributes/AttributeService.php,Line=294]
2019-11-16T13:41:02+07:00 [2449] DEBUG default - [User=Admin A. (somlak.i@vistec.ac.th)] applies 0 allowed 1, ids 2 requested 19 [File=/var/www/html/booking/lib/Application/Attributes/AttributeService.php,Line=294]
2019-11-16T13:41:02+07:00 [2449] DEBUG default - [User=Admin A. (somlak.i@vistec.ac.th)] applies 0 allowed 1, ids 30 requested 19 [File=/var/www/html/booking/lib/Application/Attributes/AttributeService.php,Line=294]
2019-11-16T13:41:02+07:00 [2449] DEBUG default - [User=Admin A. (somlak.i@vistec.ac.th)] applies 0 allowed 1, ids 15 requested 19 [File=/var/www/html/booking/lib/Application/Attributes/AttributeService.php,Line=294]
2019-11-16T13:41:02+07:00 [2449] DEBUG default - [User=Admin A. (somlak.i@vistec.ac.th)] applies 0 allowed 2, ids 18,27 requested 19 [File=/var/www/html/booking/lib/Application/Attributes/AttributeService.php,Line=294]
2019-11-16T13:41:02+07:00 [2449] DEBUG default - [User=Admin A. (somlak.i@vistec.ac.th)] applies 0 allowed 1, ids 16 requested 19 [File=/var/www/html/booking/lib/Application/Attributes/AttributeService.php,Line=294]
2019-11-16T13:41:02+07:00 [2449] DEBUG default - [User=Admin A. (somlak.i@vistec.ac.th)] applies 0 allowed 1, ids 18 requested 19 [File=/var/www/html/booking/lib/Application/Attributes/AttributeService.php,Line=294]
2019-11-16T13:41:02+07:00 [2449] DEBUG default - [User=Admin A. (somlak.i@vistec.ac.th)] applies 0 allowed 1, ids 26 requested 19 [File=/var/www/html/booking/lib/Application/Attributes/AttributeService.php,Line=294]
2019-11-16T13:41:02+07:00 [2449] DEBUG default - [User=Admin A. (somlak.i@vistec.ac.th)] applies 0 allowed 2, ids 18,2 requested 19 [File=/var/www/html/booking/lib/Application/Attributes/AttributeService.php,Line=294]
2019-11-16T13:41:02+07:00 [2449] DEBUG default - [User=Admin A. (somlak.i@vistec.ac.th)] applies 0 allowed 1, ids 17 requested 19 [File=/var/www/html/booking/lib/Application/Attributes/AttributeService.php,Line=294]
2019-11-16T13:41:02+07:00 [2449] DEBUG default - [User=Admin A. (somlak.i@vistec.ac.th)] applies 0 allowed 1, ids 17 requested 19 [File=/var/www/html/booking/lib/Application/Attributes/AttributeService.php,Line=294]
2019-11-16T13:41:02+07:00 [2449] DEBUG default - [User=Admin A. (somlak.i@vistec.ac.th)] applies 0 allowed 1, ids 24 requested 19 [File=/var/www/html/booking/lib/Application/Attributes/AttributeService.php,Line=294]
2019-11-16T13:41:02+07:00 [2449] DEBUG default - [User=Admin A. (somlak.i@vistec.ac.th)] applies 0 allowed 1, ids 26 requested 19 [File=/var/www/html/booking/lib/Application/Attributes/AttributeService.php,Line=294]
2019-11-16T13:41:02+07:00 [2449] DEBUG default - [User=Admin A. (somlak.i@vistec.ac.th)] applies 0 allowed 1, ids 2 requested 19 [File=/var/www/html/booking/lib/Application/Attributes/AttributeService.php,Line=294]
2019-11-16T13:41:02+07:00 [2449] DEBUG default - [User=Admin A. (somlak.i@vistec.ac.th)] applies 0 allowed 1, ids 24 requested 19 [File=/var/www/html/booking/lib/Application/Attributes/AttributeService.php,Line=294]
2019-11-16T13:41:02+07:00 [2449] DEBUG default - [User=Admin A. (somlak.i@vistec.ac.th)] applies 0 allowed 1, ids 17 requested 19 [File=/var/www/html/booking/lib/Application/Attributes/AttributeService.php,Line=294]
2019-11-16T13:41:02+07:00 [2449] DEBUG default - [User=Admin A. (somlak.i@vistec.ac.th)] applies 0 allowed 1, ids 16 requested 19 [File=/var/www/html/booking/lib/Application/Attributes/AttributeService.php,Line=294]
2019-11-16T13:41:02+07:00 [2449] DEBUG default - [User=Admin A. (somlak.i@vistec.ac.th)] applies 0 allowed 4, ids 23,26,22,21 requested 19 [File=/var/www/html/booking/lib/Application/Attributes/AttributeService.php,Line=294]
2019-11-16T13:41:02+07:00 [2449] DEBUG default - [User=Admin A. (somlak.i@vistec.ac.th)] applies 0 allowed 7, ids 23,26,22,24,29,30,21 requested 19 [File=/var/www/html/booking/lib/Application/Attributes/AttributeService.php,Line=294]
