2019-10-19T14:45:43+07:00 [2796] DEBUG default - [User=Worapol Tejangkura (worapol_tej@yahoo.com)] applies 0 allowed 1, ids 2 requested  [File=/var/www/html/booking/lib/Application/Attributes/AttributeService.php,Line=294]
2019-10-19T14:45:43+07:00 [2796] DEBUG default - [User=Worapol Tejangkura (worapol_tej@yahoo.com)] applies 0 allowed 1, ids 17 requested  [File=/var/www/html/booking/lib/Application/Attributes/AttributeService.php,Line=294]
2019-10-19T14:45:43+07:00 [2796] DEBUG default - [User=Worapol Tejangkura (worapol_tej@yahoo.com)] applies 0 allowed 0, ids 25 requested  [File=/var/www/html/booking/lib/Application/Attributes/AttributeService.php,Line=294]
2019-10-19T14:45:43+07:00 [2796] DEBUG default - [User=Worapol Tejangkura (worapol_tej@yahoo.com)] applies 0 allowed 0, ids 16 requested  [File=/var/www/html/booking/lib/Application/Attributes/AttributeService.php,Line=294]
2019-10-19T14:45:43+07:00 [2796] DEBUG default - [User=Worapol Tejangkura (worapol_tej@yahoo.com)] applies 0 allowed 0, ids 25 requested  [File=/var/www/html/booking/lib/Application/Attributes/AttributeService.php,Line=294]
2019-10-19T14:45:43+07:00 [2796] DEBUG default - [User=Worapol Tejangkura (worapol_tej@yahoo.com)] applies 0 allowed 0, ids 26 requested  [File=/var/www/html/booking/lib/Application/Attributes/AttributeService.php,Line=294]
2019-10-19T14:45:43+07:00 [2796] DEBUG default - [User=Worapol Tejangkura (worapol_tej@yahoo.com)] applies 0 allowed 0, ids 29 requested  [File=/var/www/html/booking/lib/Application/Attributes/AttributeService.php,Line=294]
2019-10-19T14:45:43+07:00 [2796] DEBUG default - [User=Worapol Tejangkura (worapol_tej@yahoo.com)] applies 0 allowed 0, ids 26 requested  [File=/var/www/html/booking/lib/Application/Attributes/AttributeService.php,Line=294]
2019-10-19T14:45:43+07:00 [2796] DEBUG default - [User=Worapol Tejangkura (worapol_tej@yahoo.com)] applies 0 allowed 1, ids 2 requested  [File=/var/www/html/booking/lib/Application/Attributes/AttributeService.php,Line=294]
2019-10-19T14:45:43+07:00 [2796] DEBUG default - [User=Worapol Tejangkura (worapol_tej@yahoo.com)] applies 0 allowed 0, ids 15 requested  [File=/var/www/html/booking/lib/Application/Attributes/AttributeService.php,Line=294]
2019-10-19T14:45:43+07:00 [2796] DEBUG default - [User=Worapol Tejangkura (worapol_tej@yahoo.com)] applies 0 allowed 0, ids 18,27 requested  [File=/var/www/html/booking/lib/Application/Attributes/AttributeService.php,Line=294]
2019-10-19T14:45:43+07:00 [2796] DEBUG default - [User=Worapol Tejangkura (worapol_tej@yahoo.com)] applies 0 allowed 0, ids 16 requested  [File=/var/www/html/booking/lib/Application/Attributes/AttributeService.php,Line=294]
2019-10-19T14:45:43+07:00 [2796] DEBUG default - [User=Worapol Tejangkura (worapol_tej@yahoo.com)] applies 0 allowed 0, ids 18 requested  [File=/var/www/html/booking/lib/Application/Attributes/AttributeService.php,Line=294]
2019-10-19T14:45:43+07:00 [2796] DEBUG default - [User=Worapol Tejangkura (worapol_tej@yahoo.com)] applies 0 allowed 0, ids 26 requested  [File=/var/www/html/booking/lib/Application/Attributes/AttributeService.php,Line=294]
2019-10-19T14:45:43+07:00 [2796] DEBUG default - [User=Worapol Tejangkura (worapol_tej@yahoo.com)] applies 0 allowed 1, ids 18,2 requested  [File=/var/www/html/booking/lib/Application/Attributes/AttributeService.php,Line=294]
2019-10-19T14:45:43+07:00 [2796] DEBUG default - [User=Worapol Tejangkura (worapol_tej@yahoo.com)] applies 0 allowed 1, ids 17 requested  [File=/var/www/html/booking/lib/Application/Attributes/AttributeService.php,Line=294]
2019-10-19T14:45:43+07:00 [2796] DEBUG default - [User=Worapol Tejangkura (worapol_tej@yahoo.com)] applies 0 allowed 1, ids 17 requested  [File=/var/www/html/booking/lib/Application/Attributes/AttributeService.php,Line=294]
2019-10-19T14:45:43+07:00 [2796] DEBUG default - [User=Worapol Tejangkura (worapol_tej@yahoo.com)] applies 0 allowed 0, ids 26 requested  [File=/var/www/html/booking/lib/Application/Attributes/AttributeService.php,Line=294]
2019-10-19T14:45:43+07:00 [2796] DEBUG default - [User=Worapol Tejangkura (worapol_tej@yahoo.com)] applies 0 allowed 1, ids 2 requested  [File=/var/www/html/booking/lib/Application/Attributes/AttributeService.php,Line=294]
2019-10-19T14:45:43+07:00 [2796] DEBUG default - [User=Worapol Tejangkura (worapol_tej@yahoo.com)] applies 0 allowed 1, ids 17 requested  [File=/var/www/html/booking/lib/Application/Attributes/AttributeService.php,Line=294]
2019-10-19T14:45:43+07:00 [2796] DEBUG default - [User=Worapol Tejangkura (worapol_tej@yahoo.com)] applies 0 allowed 0, ids 16 requested  [File=/var/www/html/booking/lib/Application/Attributes/AttributeService.php,Line=294]
2019-10-19T14:45:43+07:00 [2796] DEBUG default - [User=Worapol Tejangkura (worapol_tej@yahoo.com)] applies 0 allowed 2, ids 23,26,22,21 requested  [File=/var/www/html/booking/lib/Application/Attributes/AttributeService.php,Line=294]
2019-10-19T14:45:43+07:00 [2796] DEBUG default - [User=Worapol Tejangkura (worapol_tej@yahoo.com)] applies 0 allowed 2, ids 23,26,22,29,21 requested  [File=/var/www/html/booking/lib/Application/Attributes/AttributeService.php,Line=294]
2019-10-19T14:45:45+07:00 [10524] DEBUG default - [User=Worapol Tejangkura (worapol_tej@yahoo.com)] applies 0 allowed 1, ids 2 requested  [File=/var/www/html/booking/lib/Application/Attributes/AttributeService.php,Line=294]
2019-10-19T14:45:45+07:00 [10524] DEBUG default - [User=Worapol Tejangkura (worapol_tej@yahoo.com)] applies 0 allowed 1, ids 17 requested  [File=/var/www/html/booking/lib/Application/Attributes/AttributeService.php,Line=294]
2019-10-19T14:45:45+07:00 [10524] DEBUG default - [User=Worapol Tejangkura (worapol_tej@yahoo.com)] applies 0 allowed 0, ids 25 requested  [File=/var/www/html/booking/lib/Application/Attributes/AttributeService.php,Line=294]
2019-10-19T14:45:45+07:00 [10524] DEBUG default - [User=Worapol Tejangkura (worapol_tej@yahoo.com)] applies 0 allowed 0, ids 16 requested  [File=/var/www/html/booking/lib/Application/Attributes/AttributeService.php,Line=294]
2019-10-19T14:45:45+07:00 [10524] DEBUG default - [User=Worapol Tejangkura (worapol_tej@yahoo.com)] applies 0 allowed 0, ids 25 requested  [File=/var/www/html/booking/lib/Application/Attributes/AttributeService.php,Line=294]
2019-10-19T14:45:45+07:00 [10524] DEBUG default - [User=Worapol Tejangkura (worapol_tej@yahoo.com)] applies 0 allowed 0, ids 26 requested  [File=/var/www/html/booking/lib/Application/Attributes/AttributeService.php,Line=294]
2019-10-19T14:45:45+07:00 [10524] DEBUG default - [User=Worapol Tejangkura (worapol_tej@yahoo.com)] applies 0 allowed 0, ids 29 requested  [File=/var/www/html/booking/lib/Application/Attributes/AttributeService.php,Line=294]
2019-10-19T14:45:45+07:00 [10524] DEBUG default - [User=Worapol Tejangkura (worapol_tej@yahoo.com)] applies 0 allowed 0, ids 26 requested  [File=/var/www/html/booking/lib/Application/Attributes/AttributeService.php,Line=294]
2019-10-19T14:45:45+07:00 [10524] DEBUG default - [User=Worapol Tejangkura (worapol_tej@yahoo.com)] applies 0 allowed 1, ids 2 requested  [File=/var/www/html/booking/lib/Application/Attributes/AttributeService.php,Line=294]
2019-10-19T14:45:45+07:00 [10524] DEBUG default - [User=Worapol Tejangkura (worapol_tej@yahoo.com)] applies 0 allowed 0, ids 15 requested  [File=/var/www/html/booking/lib/Application/Attributes/AttributeService.php,Line=294]
2019-10-19T14:45:45+07:00 [10524] DEBUG default - [User=Worapol Tejangkura (worapol_tej@yahoo.com)] applies 0 allowed 0, ids 18,27 requested  [File=/var/www/html/booking/lib/Application/Attributes/AttributeService.php,Line=294]
2019-10-19T14:45:45+07:00 [10524] DEBUG default - [User=Worapol Tejangkura (worapol_tej@yahoo.com)] applies 0 allowed 0, ids 16 requested  [File=/var/www/html/booking/lib/Application/Attributes/AttributeService.php,Line=294]
2019-10-19T14:45:45+07:00 [10524] DEBUG default - [User=Worapol Tejangkura (worapol_tej@yahoo.com)] applies 0 allowed 0, ids 18 requested  [File=/var/www/html/booking/lib/Application/Attributes/AttributeService.php,Line=294]
2019-10-19T14:45:45+07:00 [10524] DEBUG default - [User=Worapol Tejangkura (worapol_tej@yahoo.com)] applies 0 allowed 0, ids 26 requested  [File=/var/www/html/booking/lib/Application/Attributes/AttributeService.php,Line=294]
2019-10-19T14:45:45+07:00 [10524] DEBUG default - [User=Worapol Tejangkura (worapol_tej@yahoo.com)] applies 0 allowed 1, ids 18,2 requested  [File=/var/www/html/booking/lib/Application/Attributes/AttributeService.php,Line=294]
2019-10-19T14:45:45+07:00 [10524] DEBUG default - [User=Worapol Tejangkura (worapol_tej@yahoo.com)] applies 0 allowed 1, ids 17 requested  [File=/var/www/html/booking/lib/Application/Attributes/AttributeService.php,Line=294]
2019-10-19T14:45:45+07:00 [10524] DEBUG default - [User=Worapol Tejangkura (worapol_tej@yahoo.com)] applies 0 allowed 1, ids 17 requested  [File=/var/www/html/booking/lib/Application/Attributes/AttributeService.php,Line=294]
2019-10-19T14:45:45+07:00 [10524] DEBUG default - [User=Worapol Tejangkura (worapol_tej@yahoo.com)] applies 0 allowed 0, ids 26 requested  [File=/var/www/html/booking/lib/Application/Attributes/AttributeService.php,Line=294]
2019-10-19T14:45:45+07:00 [10524] DEBUG default - [User=Worapol Tejangkura (worapol_tej@yahoo.com)] applies 0 allowed 1, ids 2 requested  [File=/var/www/html/booking/lib/Application/Attributes/AttributeService.php,Line=294]
2019-10-19T14:45:45+07:00 [10524] DEBUG default - [User=Worapol Tejangkura (worapol_tej@yahoo.com)] applies 0 allowed 1, ids 17 requested  [File=/var/www/html/booking/lib/Application/Attributes/AttributeService.php,Line=294]
2019-10-19T14:45:45+07:00 [10524] DEBUG default - [User=Worapol Tejangkura (worapol_tej@yahoo.com)] applies 0 allowed 0, ids 16 requested  [File=/var/www/html/booking/lib/Application/Attributes/AttributeService.php,Line=294]
2019-10-19T14:45:45+07:00 [10524] DEBUG default - [User=Worapol Tejangkura (worapol_tej@yahoo.com)] applies 0 allowed 2, ids 23,26,22,21 requested  [File=/var/www/html/booking/lib/Application/Attributes/AttributeService.php,Line=294]
2019-10-19T14:45:45+07:00 [10524] DEBUG default - [User=Worapol Tejangkura (worapol_tej@yahoo.com)] applies 0 allowed 2, ids 23,26,22,29,21 requested  [File=/var/www/html/booking/lib/Application/Attributes/AttributeService.php,Line=294]
2019-10-19T14:46:02+07:00 [13609] DEBUG default - [User=Worapol Tejangkura (worapol_tej@yahoo.com)] applies 0 allowed 1, ids 2 requested  [File=/var/www/html/booking/lib/Application/Attributes/AttributeService.php,Line=294]
2019-10-19T14:46:02+07:00 [13609] DEBUG default - [User=Worapol Tejangkura (worapol_tej@yahoo.com)] applies 0 allowed 1, ids 17 requested  [File=/var/www/html/booking/lib/Application/Attributes/AttributeService.php,Line=294]
2019-10-19T14:46:02+07:00 [13609] DEBUG default - [User=Worapol Tejangkura (worapol_tej@yahoo.com)] applies 0 allowed 0, ids 25 requested  [File=/var/www/html/booking/lib/Application/Attributes/AttributeService.php,Line=294]
2019-10-19T14:46:02+07:00 [13609] DEBUG default - [User=Worapol Tejangkura (worapol_tej@yahoo.com)] applies 0 allowed 0, ids 16 requested  [File=/var/www/html/booking/lib/Application/Attributes/AttributeService.php,Line=294]
2019-10-19T14:46:02+07:00 [13609] DEBUG default - [User=Worapol Tejangkura (worapol_tej@yahoo.com)] applies 0 allowed 0, ids 25 requested  [File=/var/www/html/booking/lib/Application/Attributes/AttributeService.php,Line=294]
2019-10-19T14:46:02+07:00 [13609] DEBUG default - [User=Worapol Tejangkura (worapol_tej@yahoo.com)] applies 0 allowed 0, ids 26 requested  [File=/var/www/html/booking/lib/Application/Attributes/AttributeService.php,Line=294]
2019-10-19T14:46:02+07:00 [13609] DEBUG default - [User=Worapol Tejangkura (worapol_tej@yahoo.com)] applies 0 allowed 0, ids 29 requested  [File=/var/www/html/booking/lib/Application/Attributes/AttributeService.php,Line=294]
2019-10-19T14:46:02+07:00 [13609] DEBUG default - [User=Worapol Tejangkura (worapol_tej@yahoo.com)] applies 0 allowed 0, ids 26 requested  [File=/var/www/html/booking/lib/Application/Attributes/AttributeService.php,Line=294]
2019-10-19T14:46:02+07:00 [13609] DEBUG default - [User=Worapol Tejangkura (worapol_tej@yahoo.com)] applies 0 allowed 1, ids 2 requested  [File=/var/www/html/booking/lib/Application/Attributes/AttributeService.php,Line=294]
2019-10-19T14:46:02+07:00 [13609] DEBUG default - [User=Worapol Tejangkura (worapol_tej@yahoo.com)] applies 0 allowed 0, ids 15 requested  [File=/var/www/html/booking/lib/Application/Attributes/AttributeService.php,Line=294]
2019-10-19T14:46:02+07:00 [13609] DEBUG default - [User=Worapol Tejangkura (worapol_tej@yahoo.com)] applies 0 allowed 0, ids 18,27 requested  [File=/var/www/html/booking/lib/Application/Attributes/AttributeService.php,Line=294]
2019-10-19T14:46:02+07:00 [13609] DEBUG default - [User=Worapol Tejangkura (worapol_tej@yahoo.com)] applies 0 allowed 0, ids 16 requested  [File=/var/www/html/booking/lib/Application/Attributes/AttributeService.php,Line=294]
2019-10-19T14:46:02+07:00 [13609] DEBUG default - [User=Worapol Tejangkura (worapol_tej@yahoo.com)] applies 0 allowed 0, ids 18 requested  [File=/var/www/html/booking/lib/Application/Attributes/AttributeService.php,Line=294]
2019-10-19T14:46:02+07:00 [13609] DEBUG default - [User=Worapol Tejangkura (worapol_tej@yahoo.com)] applies 0 allowed 0, ids 26 requested  [File=/var/www/html/booking/lib/Application/Attributes/AttributeService.php,Line=294]
2019-10-19T14:46:02+07:00 [13609] DEBUG default - [User=Worapol Tejangkura (worapol_tej@yahoo.com)] applies 0 allowed 1, ids 18,2 requested  [File=/var/www/html/booking/lib/Application/Attributes/AttributeService.php,Line=294]
2019-10-19T14:46:02+07:00 [13609] DEBUG default - [User=Worapol Tejangkura (worapol_tej@yahoo.com)] applies 0 allowed 1, ids 17 requested  [File=/var/www/html/booking/lib/Application/Attributes/AttributeService.php,Line=294]
2019-10-19T14:46:02+07:00 [13609] DEBUG default - [User=Worapol Tejangkura (worapol_tej@yahoo.com)] applies 0 allowed 1, ids 17 requested  [File=/var/www/html/booking/lib/Application/Attributes/AttributeService.php,Line=294]
2019-10-19T14:46:02+07:00 [13609] DEBUG default - [User=Worapol Tejangkura (worapol_tej@yahoo.com)] applies 0 allowed 0, ids 26 requested  [File=/var/www/html/booking/lib/Application/Attributes/AttributeService.php,Line=294]
2019-10-19T14:46:02+07:00 [13609] DEBUG default - [User=Worapol Tejangkura (worapol_tej@yahoo.com)] applies 0 allowed 1, ids 2 requested  [File=/var/www/html/booking/lib/Application/Attributes/AttributeService.php,Line=294]
2019-10-19T14:46:02+07:00 [13609] DEBUG default - [User=Worapol Tejangkura (worapol_tej@yahoo.com)] applies 0 allowed 1, ids 17 requested  [File=/var/www/html/booking/lib/Application/Attributes/AttributeService.php,Line=294]
2019-10-19T14:46:02+07:00 [13609] DEBUG default - [User=Worapol Tejangkura (worapol_tej@yahoo.com)] applies 0 allowed 0, ids 16 requested  [File=/var/www/html/booking/lib/Application/Attributes/AttributeService.php,Line=294]
2019-10-19T14:46:02+07:00 [13609] DEBUG default - [User=Worapol Tejangkura (worapol_tej@yahoo.com)] applies 0 allowed 2, ids 23,26,22,21 requested  [File=/var/www/html/booking/lib/Application/Attributes/AttributeService.php,Line=294]
2019-10-19T14:46:02+07:00 [13609] DEBUG default - [User=Worapol Tejangkura (worapol_tej@yahoo.com)] applies 0 allowed 2, ids 23,26,22,29,21 requested  [File=/var/www/html/booking/lib/Application/Attributes/AttributeService.php,Line=294]
2019-10-19T15:38:10+07:00 [13609] DEBUG default - [User=Saros Salakhum (1530203@vistec.ac.th)] applies 1 allowed 1, ids 2 requested 2 [File=/var/www/html/booking/lib/Application/Attributes/AttributeService.php,Line=294]
2019-10-19T15:38:10+07:00 [13609] DEBUG default - [User=Saros Salakhum (1530203@vistec.ac.th)] applies 0 allowed 0, ids 17 requested 2 [File=/var/www/html/booking/lib/Application/Attributes/AttributeService.php,Line=294]
2019-10-19T15:38:10+07:00 [13609] DEBUG default - [User=Saros Salakhum (1530203@vistec.ac.th)] applies 0 allowed 0, ids 25 requested 2 [File=/var/www/html/booking/lib/Application/Attributes/AttributeService.php,Line=294]
2019-10-19T15:38:10+07:00 [13609] DEBUG default - [User=Saros Salakhum (1530203@vistec.ac.th)] applies 0 allowed 0, ids 16 requested 2 [File=/var/www/html/booking/lib/Application/Attributes/AttributeService.php,Line=294]
2019-10-19T15:38:10+07:00 [13609] DEBUG default - [User=Saros Salakhum (1530203@vistec.ac.th)] applies 0 allowed 0, ids 25 requested 2 [File=/var/www/html/booking/lib/Application/Attributes/AttributeService.php,Line=294]
2019-10-19T15:38:10+07:00 [13609] DEBUG default - [User=Saros Salakhum (1530203@vistec.ac.th)] applies 0 allowed 0, ids 26 requested 2 [File=/var/www/html/booking/lib/Application/Attributes/AttributeService.php,Line=294]
2019-10-19T15:38:10+07:00 [13609] DEBUG default - [User=Saros Salakhum (1530203@vistec.ac.th)] applies 0 allowed 0, ids 29 requested 2 [File=/var/www/html/booking/lib/Application/Attributes/AttributeService.php,Line=294]
2019-10-19T15:38:10+07:00 [13609] DEBUG default - [User=Saros Salakhum (1530203@vistec.ac.th)] applies 0 allowed 0, ids 26 requested 2 [File=/var/www/html/booking/lib/Application/Attributes/AttributeService.php,Line=294]
2019-10-19T15:38:10+07:00 [13609] DEBUG default - [User=Saros Salakhum (1530203@vistec.ac.th)] applies 1 allowed 1, ids 2 requested 2 [File=/var/www/html/booking/lib/Application/Attributes/AttributeService.php,Line=294]
2019-10-19T15:38:10+07:00 [13609] DEBUG default - [User=Saros Salakhum (1530203@vistec.ac.th)] applies 0 allowed 0, ids 15 requested 2 [File=/var/www/html/booking/lib/Application/Attributes/AttributeService.php,Line=294]
2019-10-19T15:38:10+07:00 [13609] DEBUG default - [User=Saros Salakhum (1530203@vistec.ac.th)] applies 0 allowed 0, ids 18,27 requested 2 [File=/var/www/html/booking/lib/Application/Attributes/AttributeService.php,Line=294]
2019-10-19T15:38:10+07:00 [13609] DEBUG default - [User=Saros Salakhum (1530203@vistec.ac.th)] applies 0 allowed 0, ids 16 requested 2 [File=/var/www/html/booking/lib/Application/Attributes/AttributeService.php,Line=294]
2019-10-19T15:38:10+07:00 [13609] DEBUG default - [User=Saros Salakhum (1530203@vistec.ac.th)] applies 0 allowed 0, ids 18 requested 2 [File=/var/www/html/booking/lib/Application/Attributes/AttributeService.php,Line=294]
2019-10-19T15:38:10+07:00 [13609] DEBUG default - [User=Saros Salakhum (1530203@vistec.ac.th)] applies 0 allowed 0, ids 26 requested 2 [File=/var/www/html/booking/lib/Application/Attributes/AttributeService.php,Line=294]
2019-10-19T15:38:10+07:00 [13609] DEBUG default - [User=Saros Salakhum (1530203@vistec.ac.th)] applies 1 allowed 1, ids 18,2 requested 2 [File=/var/www/html/booking/lib/Application/Attributes/AttributeService.php,Line=294]
2019-10-19T15:38:10+07:00 [13609] DEBUG default - [User=Saros Salakhum (1530203@vistec.ac.th)] applies 0 allowed 0, ids 17 requested 2 [File=/var/www/html/booking/lib/Application/Attributes/AttributeService.php,Line=294]
2019-10-19T15:38:10+07:00 [13609] DEBUG default - [User=Saros Salakhum (1530203@vistec.ac.th)] applies 0 allowed 0, ids 17 requested 2 [File=/var/www/html/booking/lib/Application/Attributes/AttributeService.php,Line=294]
2019-10-19T15:38:10+07:00 [13609] DEBUG default - [User=Saros Salakhum (1530203@vistec.ac.th)] applies 0 allowed 0, ids 26 requested 2 [File=/var/www/html/booking/lib/Application/Attributes/AttributeService.php,Line=294]
2019-10-19T15:38:10+07:00 [13609] DEBUG default - [User=Saros Salakhum (1530203@vistec.ac.th)] applies 1 allowed 1, ids 2 requested 2 [File=/var/www/html/booking/lib/Application/Attributes/AttributeService.php,Line=294]
2019-10-19T15:38:10+07:00 [13609] DEBUG default - [User=Saros Salakhum (1530203@vistec.ac.th)] applies 0 allowed 0, ids 17 requested 2 [File=/var/www/html/booking/lib/Application/Attributes/AttributeService.php,Line=294]
2019-10-19T15:38:10+07:00 [13609] DEBUG default - [User=Saros Salakhum (1530203@vistec.ac.th)] applies 0 allowed 0, ids 16 requested 2 [File=/var/www/html/booking/lib/Application/Attributes/AttributeService.php,Line=294]
2019-10-19T15:38:10+07:00 [13609] DEBUG default - [User=Saros Salakhum (1530203@vistec.ac.th)] applies 0 allowed 1, ids 23,26,22,21 requested 2 [File=/var/www/html/booking/lib/Application/Attributes/AttributeService.php,Line=294]
2019-10-19T15:38:10+07:00 [13609] DEBUG default - [User=Saros Salakhum (1530203@vistec.ac.th)] applies 0 allowed 1, ids 23,26,22,29,21 requested 2 [File=/var/www/html/booking/lib/Application/Attributes/AttributeService.php,Line=294]
2019-10-19T15:38:30+07:00 [2796] DEBUG default - [User=Saros Salakhum (1530203@vistec.ac.th)] applies 1 allowed 1, ids 2 requested 2 [File=/var/www/html/booking/lib/Application/Attributes/AttributeService.php,Line=294]
2019-10-19T15:38:30+07:00 [2796] DEBUG default - [User=Saros Salakhum (1530203@vistec.ac.th)] applies 0 allowed 0, ids 17 requested 2 [File=/var/www/html/booking/lib/Application/Attributes/AttributeService.php,Line=294]
2019-10-19T15:38:30+07:00 [2796] DEBUG default - [User=Saros Salakhum (1530203@vistec.ac.th)] applies 0 allowed 0, ids 25 requested 2 [File=/var/www/html/booking/lib/Application/Attributes/AttributeService.php,Line=294]
2019-10-19T15:38:30+07:00 [2796] DEBUG default - [User=Saros Salakhum (1530203@vistec.ac.th)] applies 0 allowed 0, ids 16 requested 2 [File=/var/www/html/booking/lib/Application/Attributes/AttributeService.php,Line=294]
2019-10-19T15:38:30+07:00 [2796] DEBUG default - [User=Saros Salakhum (1530203@vistec.ac.th)] applies 0 allowed 0, ids 25 requested 2 [File=/var/www/html/booking/lib/Application/Attributes/AttributeService.php,Line=294]
2019-10-19T15:38:30+07:00 [2796] DEBUG default - [User=Saros Salakhum (1530203@vistec.ac.th)] applies 0 allowed 0, ids 26 requested 2 [File=/var/www/html/booking/lib/Application/Attributes/AttributeService.php,Line=294]
2019-10-19T15:38:30+07:00 [2796] DEBUG default - [User=Saros Salakhum (1530203@vistec.ac.th)] applies 0 allowed 0, ids 29 requested 2 [File=/var/www/html/booking/lib/Application/Attributes/AttributeService.php,Line=294]
2019-10-19T15:38:30+07:00 [2796] DEBUG default - [User=Saros Salakhum (1530203@vistec.ac.th)] applies 0 allowed 0, ids 26 requested 2 [File=/var/www/html/booking/lib/Application/Attributes/AttributeService.php,Line=294]
2019-10-19T15:38:30+07:00 [2796] DEBUG default - [User=Saros Salakhum (1530203@vistec.ac.th)] applies 1 allowed 1, ids 2 requested 2 [File=/var/www/html/booking/lib/Application/Attributes/AttributeService.php,Line=294]
2019-10-19T15:38:30+07:00 [2796] DEBUG default - [User=Saros Salakhum (1530203@vistec.ac.th)] applies 0 allowed 0, ids 15 requested 2 [File=/var/www/html/booking/lib/Application/Attributes/AttributeService.php,Line=294]
2019-10-19T15:38:30+07:00 [2796] DEBUG default - [User=Saros Salakhum (1530203@vistec.ac.th)] applies 0 allowed 0, ids 18,27 requested 2 [File=/var/www/html/booking/lib/Application/Attributes/AttributeService.php,Line=294]
2019-10-19T15:38:30+07:00 [2796] DEBUG default - [User=Saros Salakhum (1530203@vistec.ac.th)] applies 0 allowed 0, ids 16 requested 2 [File=/var/www/html/booking/lib/Application/Attributes/AttributeService.php,Line=294]
2019-10-19T15:38:30+07:00 [2796] DEBUG default - [User=Saros Salakhum (1530203@vistec.ac.th)] applies 0 allowed 0, ids 18 requested 2 [File=/var/www/html/booking/lib/Application/Attributes/AttributeService.php,Line=294]
2019-10-19T15:38:30+07:00 [2796] DEBUG default - [User=Saros Salakhum (1530203@vistec.ac.th)] applies 0 allowed 0, ids 26 requested 2 [File=/var/www/html/booking/lib/Application/Attributes/AttributeService.php,Line=294]
2019-10-19T15:38:30+07:00 [2796] DEBUG default - [User=Saros Salakhum (1530203@vistec.ac.th)] applies 1 allowed 1, ids 18,2 requested 2 [File=/var/www/html/booking/lib/Application/Attributes/AttributeService.php,Line=294]
2019-10-19T15:38:30+07:00 [2796] DEBUG default - [User=Saros Salakhum (1530203@vistec.ac.th)] applies 0 allowed 0, ids 17 requested 2 [File=/var/www/html/booking/lib/Application/Attributes/AttributeService.php,Line=294]
2019-10-19T15:38:30+07:00 [2796] DEBUG default - [User=Saros Salakhum (1530203@vistec.ac.th)] applies 0 allowed 0, ids 17 requested 2 [File=/var/www/html/booking/lib/Application/Attributes/AttributeService.php,Line=294]
2019-10-19T15:38:30+07:00 [2796] DEBUG default - [User=Saros Salakhum (1530203@vistec.ac.th)] applies 0 allowed 0, ids 26 requested 2 [File=/var/www/html/booking/lib/Application/Attributes/AttributeService.php,Line=294]
2019-10-19T15:38:30+07:00 [2796] DEBUG default - [User=Saros Salakhum (1530203@vistec.ac.th)] applies 1 allowed 1, ids 2 requested 2 [File=/var/www/html/booking/lib/Application/Attributes/AttributeService.php,Line=294]
2019-10-19T15:38:30+07:00 [2796] DEBUG default - [User=Saros Salakhum (1530203@vistec.ac.th)] applies 0 allowed 0, ids 17 requested 2 [File=/var/www/html/booking/lib/Application/Attributes/AttributeService.php,Line=294]
2019-10-19T15:38:30+07:00 [2796] DEBUG default - [User=Saros Salakhum (1530203@vistec.ac.th)] applies 0 allowed 0, ids 16 requested 2 [File=/var/www/html/booking/lib/Application/Attributes/AttributeService.php,Line=294]
2019-10-19T15:38:30+07:00 [2796] DEBUG default - [User=Saros Salakhum (1530203@vistec.ac.th)] applies 0 allowed 1, ids 23,26,22,21 requested 2 [File=/var/www/html/booking/lib/Application/Attributes/AttributeService.php,Line=294]
2019-10-19T15:38:30+07:00 [2796] DEBUG default - [User=Saros Salakhum (1530203@vistec.ac.th)] applies 0 allowed 1, ids 23,26,22,29,21 requested 2 [File=/var/www/html/booking/lib/Application/Attributes/AttributeService.php,Line=294]
2019-10-19T15:38:54+07:00 [10524] DEBUG default - [User=Saros Salakhum (1530203@vistec.ac.th)] applies 1 allowed 1, ids 2 requested 2 [File=/var/www/html/booking/lib/Application/Attributes/AttributeService.php,Line=294]
2019-10-19T15:38:54+07:00 [10524] DEBUG default - [User=Saros Salakhum (1530203@vistec.ac.th)] applies 0 allowed 0, ids 17 requested 2 [File=/var/www/html/booking/lib/Application/Attributes/AttributeService.php,Line=294]
2019-10-19T15:38:54+07:00 [10524] DEBUG default - [User=Saros Salakhum (1530203@vistec.ac.th)] applies 0 allowed 0, ids 25 requested 2 [File=/var/www/html/booking/lib/Application/Attributes/AttributeService.php,Line=294]
2019-10-19T15:38:54+07:00 [10524] DEBUG default - [User=Saros Salakhum (1530203@vistec.ac.th)] applies 0 allowed 0, ids 16 requested 2 [File=/var/www/html/booking/lib/Application/Attributes/AttributeService.php,Line=294]
2019-10-19T15:38:54+07:00 [10524] DEBUG default - [User=Saros Salakhum (1530203@vistec.ac.th)] applies 0 allowed 0, ids 25 requested 2 [File=/var/www/html/booking/lib/Application/Attributes/AttributeService.php,Line=294]
2019-10-19T15:38:54+07:00 [10524] DEBUG default - [User=Saros Salakhum (1530203@vistec.ac.th)] applies 0 allowed 0, ids 26 requested 2 [File=/var/www/html/booking/lib/Application/Attributes/AttributeService.php,Line=294]
2019-10-19T15:38:54+07:00 [10524] DEBUG default - [User=Saros Salakhum (1530203@vistec.ac.th)] applies 0 allowed 0, ids 29 requested 2 [File=/var/www/html/booking/lib/Application/Attributes/AttributeService.php,Line=294]
2019-10-19T15:38:54+07:00 [10524] DEBUG default - [User=Saros Salakhum (1530203@vistec.ac.th)] applies 0 allowed 0, ids 26 requested 2 [File=/var/www/html/booking/lib/Application/Attributes/AttributeService.php,Line=294]
2019-10-19T15:38:54+07:00 [10524] DEBUG default - [User=Saros Salakhum (1530203@vistec.ac.th)] applies 1 allowed 1, ids 2 requested 2 [File=/var/www/html/booking/lib/Application/Attributes/AttributeService.php,Line=294]
2019-10-19T15:38:54+07:00 [10524] DEBUG default - [User=Saros Salakhum (1530203@vistec.ac.th)] applies 0 allowed 0, ids 15 requested 2 [File=/var/www/html/booking/lib/Application/Attributes/AttributeService.php,Line=294]
2019-10-19T15:38:54+07:00 [10524] DEBUG default - [User=Saros Salakhum (1530203@vistec.ac.th)] applies 0 allowed 0, ids 18,27 requested 2 [File=/var/www/html/booking/lib/Application/Attributes/AttributeService.php,Line=294]
2019-10-19T15:38:54+07:00 [10524] DEBUG default - [User=Saros Salakhum (1530203@vistec.ac.th)] applies 0 allowed 0, ids 16 requested 2 [File=/var/www/html/booking/lib/Application/Attributes/AttributeService.php,Line=294]
2019-10-19T15:38:54+07:00 [10524] DEBUG default - [User=Saros Salakhum (1530203@vistec.ac.th)] applies 0 allowed 0, ids 18 requested 2 [File=/var/www/html/booking/lib/Application/Attributes/AttributeService.php,Line=294]
2019-10-19T15:38:54+07:00 [10524] DEBUG default - [User=Saros Salakhum (1530203@vistec.ac.th)] applies 0 allowed 0, ids 26 requested 2 [File=/var/www/html/booking/lib/Application/Attributes/AttributeService.php,Line=294]
2019-10-19T15:38:54+07:00 [10524] DEBUG default - [User=Saros Salakhum (1530203@vistec.ac.th)] applies 1 allowed 1, ids 18,2 requested 2 [File=/var/www/html/booking/lib/Application/Attributes/AttributeService.php,Line=294]
2019-10-19T15:38:54+07:00 [10524] DEBUG default - [User=Saros Salakhum (1530203@vistec.ac.th)] applies 0 allowed 0, ids 17 requested 2 [File=/var/www/html/booking/lib/Application/Attributes/AttributeService.php,Line=294]
2019-10-19T15:38:54+07:00 [10524] DEBUG default - [User=Saros Salakhum (1530203@vistec.ac.th)] applies 0 allowed 0, ids 17 requested 2 [File=/var/www/html/booking/lib/Application/Attributes/AttributeService.php,Line=294]
2019-10-19T15:38:54+07:00 [10524] DEBUG default - [User=Saros Salakhum (1530203@vistec.ac.th)] applies 0 allowed 0, ids 26 requested 2 [File=/var/www/html/booking/lib/Application/Attributes/AttributeService.php,Line=294]
2019-10-19T15:38:54+07:00 [10524] DEBUG default - [User=Saros Salakhum (1530203@vistec.ac.th)] applies 1 allowed 1, ids 2 requested 2 [File=/var/www/html/booking/lib/Application/Attributes/AttributeService.php,Line=294]
2019-10-19T15:38:54+07:00 [10524] DEBUG default - [User=Saros Salakhum (1530203@vistec.ac.th)] applies 0 allowed 0, ids 17 requested 2 [File=/var/www/html/booking/lib/Application/Attributes/AttributeService.php,Line=294]
2019-10-19T15:38:54+07:00 [10524] DEBUG default - [User=Saros Salakhum (1530203@vistec.ac.th)] applies 0 allowed 0, ids 16 requested 2 [File=/var/www/html/booking/lib/Application/Attributes/AttributeService.php,Line=294]
2019-10-19T15:38:54+07:00 [10524] DEBUG default - [User=Saros Salakhum (1530203@vistec.ac.th)] applies 0 allowed 1, ids 23,26,22,21 requested 2 [File=/var/www/html/booking/lib/Application/Attributes/AttributeService.php,Line=294]
2019-10-19T15:38:54+07:00 [10524] DEBUG default - [User=Saros Salakhum (1530203@vistec.ac.th)] applies 0 allowed 1, ids 23,26,22,29,21 requested 2 [File=/var/www/html/booking/lib/Application/Attributes/AttributeService.php,Line=294]
2019-10-19T20:12:43+07:00 [13609] DEBUG default - [User=Thitapond Nulek (1630411@vistec.ac.th)] Adding custom attribute value for entityId=17, attributeId=29 [File=/var/www/html/booking/lib/Application/Attributes/AttributeList.php,Line=122]
2019-10-19T20:12:43+07:00 [13609] DEBUG default - [User=Thitapond Nulek (1630411@vistec.ac.th)] Took 0 seconds to load custom attributes for category 4 [File=/var/www/html/booking/lib/Application/Attributes/AttributeService.php,Line=154]
2019-10-19T20:12:43+07:00 [13609] DEBUG default - [User=Thitapond Nulek (1630411@vistec.ac.th)] Found 1 attributes for entityId 17 [File=/var/www/html/booking/lib/Application/Attributes/AttributeList.php,Line=165]
2019-10-19T20:12:43+07:00 [13609] DEBUG default - [User=Thitapond Nulek (1630411@vistec.ac.th)] Took 0 seconds to load custom attributes for category 5 [File=/var/www/html/booking/lib/Application/Attributes/AttributeService.php,Line=154]
2019-10-19T20:12:43+07:00 [13609] DEBUG default - [User=Thitapond Nulek (1630411@vistec.ac.th)] Found 0 attributes for entityId 2 [File=/var/www/html/booking/lib/Application/Attributes/AttributeList.php,Line=165]
2019-10-19T20:12:44+07:00 [2796] DEBUG default - [User=Thitapond Nulek (1630411@vistec.ac.th)] Adding custom attribute value for entityId=18, attributeId=29 [File=/var/www/html/booking/lib/Application/Attributes/AttributeList.php,Line=122]
2019-10-19T20:12:44+07:00 [2796] DEBUG default - [User=Thitapond Nulek (1630411@vistec.ac.th)] Took 0 seconds to load custom attributes for category 4 [File=/var/www/html/booking/lib/Application/Attributes/AttributeService.php,Line=154]
2019-10-19T20:12:44+07:00 [2796] DEBUG default - [User=Thitapond Nulek (1630411@vistec.ac.th)] Found 1 attributes for entityId 18 [File=/var/www/html/booking/lib/Application/Attributes/AttributeList.php,Line=165]
2019-10-19T20:12:44+07:00 [2796] DEBUG default - [User=Thitapond Nulek (1630411@vistec.ac.th)] Took 0 seconds to load custom attributes for category 5 [File=/var/www/html/booking/lib/Application/Attributes/AttributeService.php,Line=154]
2019-10-19T20:12:44+07:00 [2796] DEBUG default - [User=Thitapond Nulek (1630411@vistec.ac.th)] Found 0 attributes for entityId 8 [File=/var/www/html/booking/lib/Application/Attributes/AttributeList.php,Line=165]
2019-10-19T20:14:05+07:00 [10524] DEBUG default - [User=Thitapond Nulek (1630411@vistec.ac.th)] applies 0 allowed 1, ids 2 requested 13 [File=/var/www/html/booking/lib/Application/Attributes/AttributeService.php,Line=294]
2019-10-19T20:14:05+07:00 [10524] DEBUG default - [User=Thitapond Nulek (1630411@vistec.ac.th)] applies 0 allowed 0, ids 17 requested 13 [File=/var/www/html/booking/lib/Application/Attributes/AttributeService.php,Line=294]
2019-10-19T20:14:05+07:00 [10524] DEBUG default - [User=Thitapond Nulek (1630411@vistec.ac.th)] applies 0 allowed 0, ids 25 requested 13 [File=/var/www/html/booking/lib/Application/Attributes/AttributeService.php,Line=294]
2019-10-19T20:14:05+07:00 [10524] DEBUG default - [User=Thitapond Nulek (1630411@vistec.ac.th)] applies 0 allowed 0, ids 16 requested 13 [File=/var/www/html/booking/lib/Application/Attributes/AttributeService.php,Line=294]
2019-10-19T20:14:05+07:00 [10524] DEBUG default - [User=Thitapond Nulek (1630411@vistec.ac.th)] applies 0 allowed 0, ids 25 requested 13 [File=/var/www/html/booking/lib/Application/Attributes/AttributeService.php,Line=294]
2019-10-19T20:14:05+07:00 [10524] DEBUG default - [User=Thitapond Nulek (1630411@vistec.ac.th)] applies 0 allowed 0, ids 26 requested 13 [File=/var/www/html/booking/lib/Application/Attributes/AttributeService.php,Line=294]
2019-10-19T20:14:05+07:00 [10524] DEBUG default - [User=Thitapond Nulek (1630411@vistec.ac.th)] applies 0 allowed 0, ids 29 requested 13 [File=/var/www/html/booking/lib/Application/Attributes/AttributeService.php,Line=294]
2019-10-19T20:14:05+07:00 [10524] DEBUG default - [User=Thitapond Nulek (1630411@vistec.ac.th)] applies 0 allowed 0, ids 26 requested 13 [File=/var/www/html/booking/lib/Application/Attributes/AttributeService.php,Line=294]
2019-10-19T20:14:05+07:00 [10524] DEBUG default - [User=Thitapond Nulek (1630411@vistec.ac.th)] applies 0 allowed 1, ids 2 requested 13 [File=/var/www/html/booking/lib/Application/Attributes/AttributeService.php,Line=294]
2019-10-19T20:14:05+07:00 [10524] DEBUG default - [User=Thitapond Nulek (1630411@vistec.ac.th)] applies 0 allowed 0, ids 15 requested 13 [File=/var/www/html/booking/lib/Application/Attributes/AttributeService.php,Line=294]
2019-10-19T20:14:05+07:00 [10524] DEBUG default - [User=Thitapond Nulek (1630411@vistec.ac.th)] applies 0 allowed 0, ids 18,27 requested 13 [File=/var/www/html/booking/lib/Application/Attributes/AttributeService.php,Line=294]
2019-10-19T20:14:05+07:00 [10524] DEBUG default - [User=Thitapond Nulek (1630411@vistec.ac.th)] applies 0 allowed 0, ids 16 requested 13 [File=/var/www/html/booking/lib/Application/Attributes/AttributeService.php,Line=294]
2019-10-19T20:14:05+07:00 [10524] DEBUG default - [User=Thitapond Nulek (1630411@vistec.ac.th)] applies 0 allowed 0, ids 18 requested 13 [File=/var/www/html/booking/lib/Application/Attributes/AttributeService.php,Line=294]
2019-10-19T20:14:05+07:00 [10524] DEBUG default - [User=Thitapond Nulek (1630411@vistec.ac.th)] applies 0 allowed 0, ids 26 requested 13 [File=/var/www/html/booking/lib/Application/Attributes/AttributeService.php,Line=294]
2019-10-19T20:14:05+07:00 [10524] DEBUG default - [User=Thitapond Nulek (1630411@vistec.ac.th)] applies 0 allowed 1, ids 18,2 requested 13 [File=/var/www/html/booking/lib/Application/Attributes/AttributeService.php,Line=294]
2019-10-19T20:14:05+07:00 [10524] DEBUG default - [User=Thitapond Nulek (1630411@vistec.ac.th)] applies 0 allowed 0, ids 17 requested 13 [File=/var/www/html/booking/lib/Application/Attributes/AttributeService.php,Line=294]
2019-10-19T20:14:05+07:00 [10524] DEBUG default - [User=Thitapond Nulek (1630411@vistec.ac.th)] applies 0 allowed 0, ids 17 requested 13 [File=/var/www/html/booking/lib/Application/Attributes/AttributeService.php,Line=294]
2019-10-19T20:14:05+07:00 [10524] DEBUG default - [User=Thitapond Nulek (1630411@vistec.ac.th)] applies 0 allowed 0, ids 26 requested 13 [File=/var/www/html/booking/lib/Application/Attributes/AttributeService.php,Line=294]
2019-10-19T20:14:05+07:00 [10524] DEBUG default - [User=Thitapond Nulek (1630411@vistec.ac.th)] applies 0 allowed 1, ids 2 requested 13 [File=/var/www/html/booking/lib/Application/Attributes/AttributeService.php,Line=294]
2019-10-19T20:14:05+07:00 [10524] DEBUG default - [User=Thitapond Nulek (1630411@vistec.ac.th)] applies 0 allowed 0, ids 17 requested 13 [File=/var/www/html/booking/lib/Application/Attributes/AttributeService.php,Line=294]
2019-10-19T20:14:05+07:00 [10524] DEBUG default - [User=Thitapond Nulek (1630411@vistec.ac.th)] applies 0 allowed 0, ids 16 requested 13 [File=/var/www/html/booking/lib/Application/Attributes/AttributeService.php,Line=294]
2019-10-19T20:14:05+07:00 [10524] DEBUG default - [User=Thitapond Nulek (1630411@vistec.ac.th)] applies 0 allowed 1, ids 23,26,22,21 requested 13 [File=/var/www/html/booking/lib/Application/Attributes/AttributeService.php,Line=294]
2019-10-19T20:14:05+07:00 [10524] DEBUG default - [User=Thitapond Nulek (1630411@vistec.ac.th)] applies 0 allowed 1, ids 23,26,22,29,21 requested 13 [File=/var/www/html/booking/lib/Application/Attributes/AttributeService.php,Line=294]
2019-10-19T20:14:31+07:00 [13609] DEBUG default - [User=Thitapond Nulek (1630411@vistec.ac.th)] applies 0 allowed 1, ids 2 requested 13 [File=/var/www/html/booking/lib/Application/Attributes/AttributeService.php,Line=294]
2019-10-19T20:14:31+07:00 [13609] DEBUG default - [User=Thitapond Nulek (1630411@vistec.ac.th)] applies 0 allowed 0, ids 17 requested 13 [File=/var/www/html/booking/lib/Application/Attributes/AttributeService.php,Line=294]
2019-10-19T20:14:31+07:00 [13609] DEBUG default - [User=Thitapond Nulek (1630411@vistec.ac.th)] applies 0 allowed 0, ids 25 requested 13 [File=/var/www/html/booking/lib/Application/Attributes/AttributeService.php,Line=294]
2019-10-19T20:14:31+07:00 [13609] DEBUG default - [User=Thitapond Nulek (1630411@vistec.ac.th)] applies 0 allowed 0, ids 16 requested 13 [File=/var/www/html/booking/lib/Application/Attributes/AttributeService.php,Line=294]
2019-10-19T20:14:31+07:00 [13609] DEBUG default - [User=Thitapond Nulek (1630411@vistec.ac.th)] applies 0 allowed 0, ids 25 requested 13 [File=/var/www/html/booking/lib/Application/Attributes/AttributeService.php,Line=294]
2019-10-19T20:14:31+07:00 [13609] DEBUG default - [User=Thitapond Nulek (1630411@vistec.ac.th)] applies 0 allowed 0, ids 26 requested 13 [File=/var/www/html/booking/lib/Application/Attributes/AttributeService.php,Line=294]
2019-10-19T20:14:31+07:00 [13609] DEBUG default - [User=Thitapond Nulek (1630411@vistec.ac.th)] applies 0 allowed 0, ids 29 requested 13 [File=/var/www/html/booking/lib/Application/Attributes/AttributeService.php,Line=294]
2019-10-19T20:14:31+07:00 [13609] DEBUG default - [User=Thitapond Nulek (1630411@vistec.ac.th)] applies 0 allowed 0, ids 26 requested 13 [File=/var/www/html/booking/lib/Application/Attributes/AttributeService.php,Line=294]
2019-10-19T20:14:31+07:00 [13609] DEBUG default - [User=Thitapond Nulek (1630411@vistec.ac.th)] applies 0 allowed 1, ids 2 requested 13 [File=/var/www/html/booking/lib/Application/Attributes/AttributeService.php,Line=294]
2019-10-19T20:14:31+07:00 [13609] DEBUG default - [User=Thitapond Nulek (1630411@vistec.ac.th)] applies 0 allowed 0, ids 15 requested 13 [File=/var/www/html/booking/lib/Application/Attributes/AttributeService.php,Line=294]
2019-10-19T20:14:31+07:00 [13609] DEBUG default - [User=Thitapond Nulek (1630411@vistec.ac.th)] applies 0 allowed 0, ids 18,27 requested 13 [File=/var/www/html/booking/lib/Application/Attributes/AttributeService.php,Line=294]
2019-10-19T20:14:31+07:00 [13609] DEBUG default - [User=Thitapond Nulek (1630411@vistec.ac.th)] applies 0 allowed 0, ids 16 requested 13 [File=/var/www/html/booking/lib/Application/Attributes/AttributeService.php,Line=294]
2019-10-19T20:14:31+07:00 [13609] DEBUG default - [User=Thitapond Nulek (1630411@vistec.ac.th)] applies 0 allowed 0, ids 18 requested 13 [File=/var/www/html/booking/lib/Application/Attributes/AttributeService.php,Line=294]
2019-10-19T20:14:31+07:00 [13609] DEBUG default - [User=Thitapond Nulek (1630411@vistec.ac.th)] applies 0 allowed 0, ids 26 requested 13 [File=/var/www/html/booking/lib/Application/Attributes/AttributeService.php,Line=294]
2019-10-19T20:14:31+07:00 [13609] DEBUG default - [User=Thitapond Nulek (1630411@vistec.ac.th)] applies 0 allowed 1, ids 18,2 requested 13 [File=/var/www/html/booking/lib/Application/Attributes/AttributeService.php,Line=294]
2019-10-19T20:14:31+07:00 [13609] DEBUG default - [User=Thitapond Nulek (1630411@vistec.ac.th)] applies 0 allowed 0, ids 17 requested 13 [File=/var/www/html/booking/lib/Application/Attributes/AttributeService.php,Line=294]
2019-10-19T20:14:31+07:00 [13609] DEBUG default - [User=Thitapond Nulek (1630411@vistec.ac.th)] applies 0 allowed 0, ids 17 requested 13 [File=/var/www/html/booking/lib/Application/Attributes/AttributeService.php,Line=294]
2019-10-19T20:14:31+07:00 [13609] DEBUG default - [User=Thitapond Nulek (1630411@vistec.ac.th)] applies 0 allowed 0, ids 26 requested 13 [File=/var/www/html/booking/lib/Application/Attributes/AttributeService.php,Line=294]
2019-10-19T20:14:31+07:00 [13609] DEBUG default - [User=Thitapond Nulek (1630411@vistec.ac.th)] applies 0 allowed 1, ids 2 requested 13 [File=/var/www/html/booking/lib/Application/Attributes/AttributeService.php,Line=294]
2019-10-19T20:14:31+07:00 [13609] DEBUG default - [User=Thitapond Nulek (1630411@vistec.ac.th)] applies 0 allowed 0, ids 17 requested 13 [File=/var/www/html/booking/lib/Application/Attributes/AttributeService.php,Line=294]
2019-10-19T20:14:31+07:00 [13609] DEBUG default - [User=Thitapond Nulek (1630411@vistec.ac.th)] applies 0 allowed 0, ids 16 requested 13 [File=/var/www/html/booking/lib/Application/Attributes/AttributeService.php,Line=294]
2019-10-19T20:14:31+07:00 [13609] DEBUG default - [User=Thitapond Nulek (1630411@vistec.ac.th)] applies 0 allowed 1, ids 23,26,22,21 requested 13 [File=/var/www/html/booking/lib/Application/Attributes/AttributeService.php,Line=294]
2019-10-19T20:14:31+07:00 [13609] DEBUG default - [User=Thitapond Nulek (1630411@vistec.ac.th)] applies 0 allowed 1, ids 23,26,22,29,21 requested 13 [File=/var/www/html/booking/lib/Application/Attributes/AttributeService.php,Line=294]
2019-10-19T20:14:57+07:00 [13609] DEBUG default - [User=Thitapond Nulek (1630411@vistec.ac.th)] Adding custom attribute value for entityId=17, attributeId=29 [File=/var/www/html/booking/lib/Application/Attributes/AttributeList.php,Line=122]
2019-10-19T20:14:57+07:00 [13609] DEBUG default - [User=Thitapond Nulek (1630411@vistec.ac.th)] Took 0 seconds to load custom attributes for category 4 [File=/var/www/html/booking/lib/Application/Attributes/AttributeService.php,Line=154]
2019-10-19T20:14:57+07:00 [13609] DEBUG default - [User=Thitapond Nulek (1630411@vistec.ac.th)] Found 1 attributes for entityId 17 [File=/var/www/html/booking/lib/Application/Attributes/AttributeList.php,Line=165]
2019-10-19T20:14:57+07:00 [13609] DEBUG default - [User=Thitapond Nulek (1630411@vistec.ac.th)] Took 0 seconds to load custom attributes for category 5 [File=/var/www/html/booking/lib/Application/Attributes/AttributeService.php,Line=154]
2019-10-19T20:14:57+07:00 [13609] DEBUG default - [User=Thitapond Nulek (1630411@vistec.ac.th)] Found 0 attributes for entityId 2 [File=/var/www/html/booking/lib/Application/Attributes/AttributeList.php,Line=165]
2019-10-19T20:15:08+07:00 [2796] DEBUG default - [User=Thitapond Nulek (1630411@vistec.ac.th)] applies 0 allowed 1, ids 2 requested  [File=/var/www/html/booking/lib/Application/Attributes/AttributeService.php,Line=294]
2019-10-19T20:15:08+07:00 [2796] DEBUG default - [User=Thitapond Nulek (1630411@vistec.ac.th)] applies 0 allowed 0, ids 17 requested  [File=/var/www/html/booking/lib/Application/Attributes/AttributeService.php,Line=294]
2019-10-19T20:15:08+07:00 [2796] DEBUG default - [User=Thitapond Nulek (1630411@vistec.ac.th)] applies 0 allowed 0, ids 25 requested  [File=/var/www/html/booking/lib/Application/Attributes/AttributeService.php,Line=294]
2019-10-19T20:15:08+07:00 [2796] DEBUG default - [User=Thitapond Nulek (1630411@vistec.ac.th)] applies 0 allowed 0, ids 16 requested  [File=/var/www/html/booking/lib/Application/Attributes/AttributeService.php,Line=294]
2019-10-19T20:15:08+07:00 [2796] DEBUG default - [User=Thitapond Nulek (1630411@vistec.ac.th)] applies 0 allowed 0, ids 25 requested  [File=/var/www/html/booking/lib/Application/Attributes/AttributeService.php,Line=294]
2019-10-19T20:15:08+07:00 [2796] DEBUG default - [User=Thitapond Nulek (1630411@vistec.ac.th)] applies 0 allowed 0, ids 26 requested  [File=/var/www/html/booking/lib/Application/Attributes/AttributeService.php,Line=294]
2019-10-19T20:15:08+07:00 [2796] DEBUG default - [User=Thitapond Nulek (1630411@vistec.ac.th)] applies 0 allowed 0, ids 29 requested  [File=/var/www/html/booking/lib/Application/Attributes/AttributeService.php,Line=294]
2019-10-19T20:15:08+07:00 [2796] DEBUG default - [User=Thitapond Nulek (1630411@vistec.ac.th)] applies 0 allowed 0, ids 26 requested  [File=/var/www/html/booking/lib/Application/Attributes/AttributeService.php,Line=294]
2019-10-19T20:15:08+07:00 [2796] DEBUG default - [User=Thitapond Nulek (1630411@vistec.ac.th)] applies 0 allowed 1, ids 2 requested  [File=/var/www/html/booking/lib/Application/Attributes/AttributeService.php,Line=294]
2019-10-19T20:15:08+07:00 [2796] DEBUG default - [User=Thitapond Nulek (1630411@vistec.ac.th)] applies 0 allowed 0, ids 15 requested  [File=/var/www/html/booking/lib/Application/Attributes/AttributeService.php,Line=294]
2019-10-19T20:15:08+07:00 [2796] DEBUG default - [User=Thitapond Nulek (1630411@vistec.ac.th)] applies 0 allowed 0, ids 18,27 requested  [File=/var/www/html/booking/lib/Application/Attributes/AttributeService.php,Line=294]
2019-10-19T20:15:08+07:00 [2796] DEBUG default - [User=Thitapond Nulek (1630411@vistec.ac.th)] applies 0 allowed 0, ids 16 requested  [File=/var/www/html/booking/lib/Application/Attributes/AttributeService.php,Line=294]
2019-10-19T20:15:08+07:00 [2796] DEBUG default - [User=Thitapond Nulek (1630411@vistec.ac.th)] applies 0 allowed 0, ids 18 requested  [File=/var/www/html/booking/lib/Application/Attributes/AttributeService.php,Line=294]
2019-10-19T20:15:08+07:00 [2796] DEBUG default - [User=Thitapond Nulek (1630411@vistec.ac.th)] applies 0 allowed 0, ids 26 requested  [File=/var/www/html/booking/lib/Application/Attributes/AttributeService.php,Line=294]
2019-10-19T20:15:08+07:00 [2796] DEBUG default - [User=Thitapond Nulek (1630411@vistec.ac.th)] applies 0 allowed 1, ids 18,2 requested  [File=/var/www/html/booking/lib/Application/Attributes/AttributeService.php,Line=294]
2019-10-19T20:15:08+07:00 [2796] DEBUG default - [User=Thitapond Nulek (1630411@vistec.ac.th)] applies 0 allowed 0, ids 17 requested  [File=/var/www/html/booking/lib/Application/Attributes/AttributeService.php,Line=294]
2019-10-19T20:15:08+07:00 [2796] DEBUG default - [User=Thitapond Nulek (1630411@vistec.ac.th)] applies 0 allowed 0, ids 17 requested  [File=/var/www/html/booking/lib/Application/Attributes/AttributeService.php,Line=294]
2019-10-19T20:15:08+07:00 [2796] DEBUG default - [User=Thitapond Nulek (1630411@vistec.ac.th)] applies 0 allowed 0, ids 26 requested  [File=/var/www/html/booking/lib/Application/Attributes/AttributeService.php,Line=294]
2019-10-19T20:15:08+07:00 [2796] DEBUG default - [User=Thitapond Nulek (1630411@vistec.ac.th)] applies 0 allowed 1, ids 2 requested  [File=/var/www/html/booking/lib/Application/Attributes/AttributeService.php,Line=294]
2019-10-19T20:15:08+07:00 [2796] DEBUG default - [User=Thitapond Nulek (1630411@vistec.ac.th)] applies 0 allowed 0, ids 17 requested  [File=/var/www/html/booking/lib/Application/Attributes/AttributeService.php,Line=294]
2019-10-19T20:15:08+07:00 [2796] DEBUG default - [User=Thitapond Nulek (1630411@vistec.ac.th)] applies 0 allowed 0, ids 16 requested  [File=/var/www/html/booking/lib/Application/Attributes/AttributeService.php,Line=294]
2019-10-19T20:15:08+07:00 [2796] DEBUG default - [User=Thitapond Nulek (1630411@vistec.ac.th)] applies 0 allowed 1, ids 23,26,22,21 requested  [File=/var/www/html/booking/lib/Application/Attributes/AttributeService.php,Line=294]
2019-10-19T20:15:08+07:00 [2796] DEBUG default - [User=Thitapond Nulek (1630411@vistec.ac.th)] applies 0 allowed 1, ids 23,26,22,29,21 requested  [File=/var/www/html/booking/lib/Application/Attributes/AttributeService.php,Line=294]
2019-10-19T20:15:09+07:00 [10524] DEBUG default - [User=Thitapond Nulek (1630411@vistec.ac.th)] applies 0 allowed 1, ids 2 requested 13 [File=/var/www/html/booking/lib/Application/Attributes/AttributeService.php,Line=294]
2019-10-19T20:15:09+07:00 [10524] DEBUG default - [User=Thitapond Nulek (1630411@vistec.ac.th)] applies 0 allowed 0, ids 17 requested 13 [File=/var/www/html/booking/lib/Application/Attributes/AttributeService.php,Line=294]
2019-10-19T20:15:09+07:00 [10524] DEBUG default - [User=Thitapond Nulek (1630411@vistec.ac.th)] applies 0 allowed 0, ids 25 requested 13 [File=/var/www/html/booking/lib/Application/Attributes/AttributeService.php,Line=294]
2019-10-19T20:15:09+07:00 [10524] DEBUG default - [User=Thitapond Nulek (1630411@vistec.ac.th)] applies 0 allowed 0, ids 16 requested 13 [File=/var/www/html/booking/lib/Application/Attributes/AttributeService.php,Line=294]
2019-10-19T20:15:09+07:00 [10524] DEBUG default - [User=Thitapond Nulek (1630411@vistec.ac.th)] applies 0 allowed 0, ids 25 requested 13 [File=/var/www/html/booking/lib/Application/Attributes/AttributeService.php,Line=294]
2019-10-19T20:15:09+07:00 [10524] DEBUG default - [User=Thitapond Nulek (1630411@vistec.ac.th)] applies 0 allowed 0, ids 26 requested 13 [File=/var/www/html/booking/lib/Application/Attributes/AttributeService.php,Line=294]
2019-10-19T20:15:09+07:00 [10524] DEBUG default - [User=Thitapond Nulek (1630411@vistec.ac.th)] applies 0 allowed 0, ids 29 requested 13 [File=/var/www/html/booking/lib/Application/Attributes/AttributeService.php,Line=294]
2019-10-19T20:15:09+07:00 [10524] DEBUG default - [User=Thitapond Nulek (1630411@vistec.ac.th)] applies 0 allowed 0, ids 26 requested 13 [File=/var/www/html/booking/lib/Application/Attributes/AttributeService.php,Line=294]
2019-10-19T20:15:09+07:00 [10524] DEBUG default - [User=Thitapond Nulek (1630411@vistec.ac.th)] applies 0 allowed 1, ids 2 requested 13 [File=/var/www/html/booking/lib/Application/Attributes/AttributeService.php,Line=294]
2019-10-19T20:15:09+07:00 [10524] DEBUG default - [User=Thitapond Nulek (1630411@vistec.ac.th)] applies 0 allowed 0, ids 15 requested 13 [File=/var/www/html/booking/lib/Application/Attributes/AttributeService.php,Line=294]
2019-10-19T20:15:09+07:00 [10524] DEBUG default - [User=Thitapond Nulek (1630411@vistec.ac.th)] applies 0 allowed 0, ids 18,27 requested 13 [File=/var/www/html/booking/lib/Application/Attributes/AttributeService.php,Line=294]
2019-10-19T20:15:09+07:00 [10524] DEBUG default - [User=Thitapond Nulek (1630411@vistec.ac.th)] applies 0 allowed 0, ids 16 requested 13 [File=/var/www/html/booking/lib/Application/Attributes/AttributeService.php,Line=294]
2019-10-19T20:15:09+07:00 [10524] DEBUG default - [User=Thitapond Nulek (1630411@vistec.ac.th)] applies 0 allowed 0, ids 18 requested 13 [File=/var/www/html/booking/lib/Application/Attributes/AttributeService.php,Line=294]
2019-10-19T20:15:09+07:00 [10524] DEBUG default - [User=Thitapond Nulek (1630411@vistec.ac.th)] applies 0 allowed 0, ids 26 requested 13 [File=/var/www/html/booking/lib/Application/Attributes/AttributeService.php,Line=294]
2019-10-19T20:15:09+07:00 [10524] DEBUG default - [User=Thitapond Nulek (1630411@vistec.ac.th)] applies 0 allowed 1, ids 18,2 requested 13 [File=/var/www/html/booking/lib/Application/Attributes/AttributeService.php,Line=294]
2019-10-19T20:15:09+07:00 [10524] DEBUG default - [User=Thitapond Nulek (1630411@vistec.ac.th)] applies 0 allowed 0, ids 17 requested 13 [File=/var/www/html/booking/lib/Application/Attributes/AttributeService.php,Line=294]
2019-10-19T20:15:09+07:00 [10524] DEBUG default - [User=Thitapond Nulek (1630411@vistec.ac.th)] applies 0 allowed 0, ids 17 requested 13 [File=/var/www/html/booking/lib/Application/Attributes/AttributeService.php,Line=294]
2019-10-19T20:15:09+07:00 [10524] DEBUG default - [User=Thitapond Nulek (1630411@vistec.ac.th)] applies 0 allowed 0, ids 26 requested 13 [File=/var/www/html/booking/lib/Application/Attributes/AttributeService.php,Line=294]
2019-10-19T20:15:09+07:00 [10524] DEBUG default - [User=Thitapond Nulek (1630411@vistec.ac.th)] applies 0 allowed 1, ids 2 requested 13 [File=/var/www/html/booking/lib/Application/Attributes/AttributeService.php,Line=294]
2019-10-19T20:15:09+07:00 [10524] DEBUG default - [User=Thitapond Nulek (1630411@vistec.ac.th)] applies 0 allowed 0, ids 17 requested 13 [File=/var/www/html/booking/lib/Application/Attributes/AttributeService.php,Line=294]
2019-10-19T20:15:09+07:00 [10524] DEBUG default - [User=Thitapond Nulek (1630411@vistec.ac.th)] applies 0 allowed 0, ids 16 requested 13 [File=/var/www/html/booking/lib/Application/Attributes/AttributeService.php,Line=294]
2019-10-19T20:15:09+07:00 [10524] DEBUG default - [User=Thitapond Nulek (1630411@vistec.ac.th)] applies 0 allowed 1, ids 23,26,22,21 requested 13 [File=/var/www/html/booking/lib/Application/Attributes/AttributeService.php,Line=294]
2019-10-19T20:15:09+07:00 [10524] DEBUG default - [User=Thitapond Nulek (1630411@vistec.ac.th)] applies 0 allowed 1, ids 23,26,22,29,21 requested 13 [File=/var/www/html/booking/lib/Application/Attributes/AttributeService.php,Line=294]
2019-10-19T20:16:09+07:00 [10524] DEBUG default - [User=Thitapond Nulek (1630411@vistec.ac.th)] applies 0 allowed 1, ids 2 requested  [File=/var/www/html/booking/lib/Application/Attributes/AttributeService.php,Line=294]
2019-10-19T20:16:09+07:00 [10524] DEBUG default - [User=Thitapond Nulek (1630411@vistec.ac.th)] applies 0 allowed 0, ids 17 requested  [File=/var/www/html/booking/lib/Application/Attributes/AttributeService.php,Line=294]
2019-10-19T20:16:09+07:00 [10524] DEBUG default - [User=Thitapond Nulek (1630411@vistec.ac.th)] applies 0 allowed 0, ids 25 requested  [File=/var/www/html/booking/lib/Application/Attributes/AttributeService.php,Line=294]
2019-10-19T20:16:09+07:00 [10524] DEBUG default - [User=Thitapond Nulek (1630411@vistec.ac.th)] applies 0 allowed 0, ids 16 requested  [File=/var/www/html/booking/lib/Application/Attributes/AttributeService.php,Line=294]
2019-10-19T20:16:09+07:00 [10524] DEBUG default - [User=Thitapond Nulek (1630411@vistec.ac.th)] applies 0 allowed 0, ids 25 requested  [File=/var/www/html/booking/lib/Application/Attributes/AttributeService.php,Line=294]
2019-10-19T20:16:09+07:00 [10524] DEBUG default - [User=Thitapond Nulek (1630411@vistec.ac.th)] applies 0 allowed 0, ids 26 requested  [File=/var/www/html/booking/lib/Application/Attributes/AttributeService.php,Line=294]
2019-10-19T20:16:09+07:00 [10524] DEBUG default - [User=Thitapond Nulek (1630411@vistec.ac.th)] applies 0 allowed 0, ids 29 requested  [File=/var/www/html/booking/lib/Application/Attributes/AttributeService.php,Line=294]
2019-10-19T20:16:09+07:00 [10524] DEBUG default - [User=Thitapond Nulek (1630411@vistec.ac.th)] applies 0 allowed 0, ids 26 requested  [File=/var/www/html/booking/lib/Application/Attributes/AttributeService.php,Line=294]
2019-10-19T20:16:09+07:00 [10524] DEBUG default - [User=Thitapond Nulek (1630411@vistec.ac.th)] applies 0 allowed 1, ids 2 requested  [File=/var/www/html/booking/lib/Application/Attributes/AttributeService.php,Line=294]
2019-10-19T20:16:09+07:00 [10524] DEBUG default - [User=Thitapond Nulek (1630411@vistec.ac.th)] applies 0 allowed 0, ids 15 requested  [File=/var/www/html/booking/lib/Application/Attributes/AttributeService.php,Line=294]
2019-10-19T20:16:09+07:00 [10524] DEBUG default - [User=Thitapond Nulek (1630411@vistec.ac.th)] applies 0 allowed 0, ids 18,27 requested  [File=/var/www/html/booking/lib/Application/Attributes/AttributeService.php,Line=294]
2019-10-19T20:16:09+07:00 [10524] DEBUG default - [User=Thitapond Nulek (1630411@vistec.ac.th)] applies 0 allowed 0, ids 16 requested  [File=/var/www/html/booking/lib/Application/Attributes/AttributeService.php,Line=294]
2019-10-19T20:16:09+07:00 [10524] DEBUG default - [User=Thitapond Nulek (1630411@vistec.ac.th)] applies 0 allowed 0, ids 18 requested  [File=/var/www/html/booking/lib/Application/Attributes/AttributeService.php,Line=294]
2019-10-19T20:16:09+07:00 [10524] DEBUG default - [User=Thitapond Nulek (1630411@vistec.ac.th)] applies 0 allowed 0, ids 26 requested  [File=/var/www/html/booking/lib/Application/Attributes/AttributeService.php,Line=294]
2019-10-19T20:16:09+07:00 [10524] DEBUG default - [User=Thitapond Nulek (1630411@vistec.ac.th)] applies 0 allowed 1, ids 18,2 requested  [File=/var/www/html/booking/lib/Application/Attributes/AttributeService.php,Line=294]
2019-10-19T20:16:09+07:00 [10524] DEBUG default - [User=Thitapond Nulek (1630411@vistec.ac.th)] applies 0 allowed 0, ids 17 requested  [File=/var/www/html/booking/lib/Application/Attributes/AttributeService.php,Line=294]
2019-10-19T20:16:09+07:00 [10524] DEBUG default - [User=Thitapond Nulek (1630411@vistec.ac.th)] applies 0 allowed 0, ids 17 requested  [File=/var/www/html/booking/lib/Application/Attributes/AttributeService.php,Line=294]
2019-10-19T20:16:09+07:00 [10524] DEBUG default - [User=Thitapond Nulek (1630411@vistec.ac.th)] applies 0 allowed 0, ids 26 requested  [File=/var/www/html/booking/lib/Application/Attributes/AttributeService.php,Line=294]
2019-10-19T20:16:09+07:00 [10524] DEBUG default - [User=Thitapond Nulek (1630411@vistec.ac.th)] applies 0 allowed 1, ids 2 requested  [File=/var/www/html/booking/lib/Application/Attributes/AttributeService.php,Line=294]
2019-10-19T20:16:09+07:00 [10524] DEBUG default - [User=Thitapond Nulek (1630411@vistec.ac.th)] applies 0 allowed 0, ids 17 requested  [File=/var/www/html/booking/lib/Application/Attributes/AttributeService.php,Line=294]
2019-10-19T20:16:09+07:00 [10524] DEBUG default - [User=Thitapond Nulek (1630411@vistec.ac.th)] applies 0 allowed 0, ids 16 requested  [File=/var/www/html/booking/lib/Application/Attributes/AttributeService.php,Line=294]
2019-10-19T20:16:09+07:00 [10524] DEBUG default - [User=Thitapond Nulek (1630411@vistec.ac.th)] applies 0 allowed 1, ids 23,26,22,21 requested  [File=/var/www/html/booking/lib/Application/Attributes/AttributeService.php,Line=294]
2019-10-19T20:16:09+07:00 [10524] DEBUG default - [User=Thitapond Nulek (1630411@vistec.ac.th)] applies 0 allowed 1, ids 23,26,22,29,21 requested  [File=/var/www/html/booking/lib/Application/Attributes/AttributeService.php,Line=294]
2019-10-19T20:16:20+07:00 [2796] DEBUG default - [User=Thitapond Nulek (1630411@vistec.ac.th)] applies 0 allowed 1, ids 2 requested 19 [File=/var/www/html/booking/lib/Application/Attributes/AttributeService.php,Line=294]
2019-10-19T20:16:20+07:00 [2796] DEBUG default - [User=Thitapond Nulek (1630411@vistec.ac.th)] applies 0 allowed 0, ids 17 requested 19 [File=/var/www/html/booking/lib/Application/Attributes/AttributeService.php,Line=294]
2019-10-19T20:16:20+07:00 [2796] DEBUG default - [User=Thitapond Nulek (1630411@vistec.ac.th)] applies 0 allowed 0, ids 25 requested 19 [File=/var/www/html/booking/lib/Application/Attributes/AttributeService.php,Line=294]
2019-10-19T20:16:20+07:00 [2796] DEBUG default - [User=Thitapond Nulek (1630411@vistec.ac.th)] applies 0 allowed 0, ids 16 requested 19 [File=/var/www/html/booking/lib/Application/Attributes/AttributeService.php,Line=294]
2019-10-19T20:16:20+07:00 [2796] DEBUG default - [User=Thitapond Nulek (1630411@vistec.ac.th)] applies 0 allowed 0, ids 25 requested 19 [File=/var/www/html/booking/lib/Application/Attributes/AttributeService.php,Line=294]
2019-10-19T20:16:20+07:00 [2796] DEBUG default - [User=Thitapond Nulek (1630411@vistec.ac.th)] applies 0 allowed 0, ids 26 requested 19 [File=/var/www/html/booking/lib/Application/Attributes/AttributeService.php,Line=294]
2019-10-19T20:16:20+07:00 [2796] DEBUG default - [User=Thitapond Nulek (1630411@vistec.ac.th)] applies 0 allowed 0, ids 29 requested 19 [File=/var/www/html/booking/lib/Application/Attributes/AttributeService.php,Line=294]
2019-10-19T20:16:20+07:00 [2796] DEBUG default - [User=Thitapond Nulek (1630411@vistec.ac.th)] applies 0 allowed 0, ids 26 requested 19 [File=/var/www/html/booking/lib/Application/Attributes/AttributeService.php,Line=294]
2019-10-19T20:16:20+07:00 [2796] DEBUG default - [User=Thitapond Nulek (1630411@vistec.ac.th)] applies 0 allowed 1, ids 2 requested 19 [File=/var/www/html/booking/lib/Application/Attributes/AttributeService.php,Line=294]
2019-10-19T20:16:20+07:00 [2796] DEBUG default - [User=Thitapond Nulek (1630411@vistec.ac.th)] applies 0 allowed 0, ids 15 requested 19 [File=/var/www/html/booking/lib/Application/Attributes/AttributeService.php,Line=294]
2019-10-19T20:16:20+07:00 [2796] DEBUG default - [User=Thitapond Nulek (1630411@vistec.ac.th)] applies 0 allowed 0, ids 18,27 requested 19 [File=/var/www/html/booking/lib/Application/Attributes/AttributeService.php,Line=294]
2019-10-19T20:16:20+07:00 [2796] DEBUG default - [User=Thitapond Nulek (1630411@vistec.ac.th)] applies 0 allowed 0, ids 16 requested 19 [File=/var/www/html/booking/lib/Application/Attributes/AttributeService.php,Line=294]
2019-10-19T20:16:20+07:00 [2796] DEBUG default - [User=Thitapond Nulek (1630411@vistec.ac.th)] applies 0 allowed 0, ids 18 requested 19 [File=/var/www/html/booking/lib/Application/Attributes/AttributeService.php,Line=294]
2019-10-19T20:16:20+07:00 [2796] DEBUG default - [User=Thitapond Nulek (1630411@vistec.ac.th)] applies 0 allowed 0, ids 26 requested 19 [File=/var/www/html/booking/lib/Application/Attributes/AttributeService.php,Line=294]
2019-10-19T20:16:20+07:00 [2796] DEBUG default - [User=Thitapond Nulek (1630411@vistec.ac.th)] applies 0 allowed 1, ids 18,2 requested 19 [File=/var/www/html/booking/lib/Application/Attributes/AttributeService.php,Line=294]
2019-10-19T20:16:20+07:00 [2796] DEBUG default - [User=Thitapond Nulek (1630411@vistec.ac.th)] applies 0 allowed 0, ids 17 requested 19 [File=/var/www/html/booking/lib/Application/Attributes/AttributeService.php,Line=294]
2019-10-19T20:16:20+07:00 [2796] DEBUG default - [User=Thitapond Nulek (1630411@vistec.ac.th)] applies 0 allowed 0, ids 17 requested 19 [File=/var/www/html/booking/lib/Application/Attributes/AttributeService.php,Line=294]
2019-10-19T20:16:20+07:00 [2796] DEBUG default - [User=Thitapond Nulek (1630411@vistec.ac.th)] applies 0 allowed 0, ids 26 requested 19 [File=/var/www/html/booking/lib/Application/Attributes/AttributeService.php,Line=294]
2019-10-19T20:16:20+07:00 [2796] DEBUG default - [User=Thitapond Nulek (1630411@vistec.ac.th)] applies 0 allowed 1, ids 2 requested 19 [File=/var/www/html/booking/lib/Application/Attributes/AttributeService.php,Line=294]
2019-10-19T20:16:20+07:00 [2796] DEBUG default - [User=Thitapond Nulek (1630411@vistec.ac.th)] applies 0 allowed 0, ids 17 requested 19 [File=/var/www/html/booking/lib/Application/Attributes/AttributeService.php,Line=294]
2019-10-19T20:16:20+07:00 [2796] DEBUG default - [User=Thitapond Nulek (1630411@vistec.ac.th)] applies 0 allowed 0, ids 16 requested 19 [File=/var/www/html/booking/lib/Application/Attributes/AttributeService.php,Line=294]
2019-10-19T20:16:20+07:00 [2796] DEBUG default - [User=Thitapond Nulek (1630411@vistec.ac.th)] applies 0 allowed 1, ids 23,26,22,21 requested 19 [File=/var/www/html/booking/lib/Application/Attributes/AttributeService.php,Line=294]
2019-10-19T20:16:20+07:00 [2796] DEBUG default - [User=Thitapond Nulek (1630411@vistec.ac.th)] applies 0 allowed 1, ids 23,26,22,29,21 requested 19 [File=/var/www/html/booking/lib/Application/Attributes/AttributeService.php,Line=294]
2019-10-19T20:17:10+07:00 [13609] DEBUG default - [User=Thitapond Nulek (1630411@vistec.ac.th)] Adding custom attribute value for entityId=17, attributeId=29 [File=/var/www/html/booking/lib/Application/Attributes/AttributeList.php,Line=122]
2019-10-19T20:17:10+07:00 [13609] DEBUG default - [User=Thitapond Nulek (1630411@vistec.ac.th)] Took 0 seconds to load custom attributes for category 4 [File=/var/www/html/booking/lib/Application/Attributes/AttributeService.php,Line=154]
2019-10-19T20:17:10+07:00 [13609] DEBUG default - [User=Thitapond Nulek (1630411@vistec.ac.th)] Found 1 attributes for entityId 17 [File=/var/www/html/booking/lib/Application/Attributes/AttributeList.php,Line=165]
2019-10-19T20:17:10+07:00 [13609] DEBUG default - [User=Thitapond Nulek (1630411@vistec.ac.th)] Took 0 seconds to load custom attributes for category 5 [File=/var/www/html/booking/lib/Application/Attributes/AttributeService.php,Line=154]
2019-10-19T20:17:10+07:00 [13609] DEBUG default - [User=Thitapond Nulek (1630411@vistec.ac.th)] Found 0 attributes for entityId 2 [File=/var/www/html/booking/lib/Application/Attributes/AttributeList.php,Line=165]
2019-10-19T20:18:41+07:00 [2796] DEBUG default - [User=Thitapond Nulek (1630411@vistec.ac.th)] applies 1 allowed 1, ids 2 requested 2 [File=/var/www/html/booking/lib/Application/Attributes/AttributeService.php,Line=294]
2019-10-19T20:18:41+07:00 [2796] DEBUG default - [User=Thitapond Nulek (1630411@vistec.ac.th)] applies 0 allowed 0, ids 17 requested 2 [File=/var/www/html/booking/lib/Application/Attributes/AttributeService.php,Line=294]
2019-10-19T20:18:41+07:00 [2796] DEBUG default - [User=Thitapond Nulek (1630411@vistec.ac.th)] applies 0 allowed 0, ids 25 requested 2 [File=/var/www/html/booking/lib/Application/Attributes/AttributeService.php,Line=294]
2019-10-19T20:18:41+07:00 [2796] DEBUG default - [User=Thitapond Nulek (1630411@vistec.ac.th)] applies 0 allowed 0, ids 16 requested 2 [File=/var/www/html/booking/lib/Application/Attributes/AttributeService.php,Line=294]
2019-10-19T20:18:41+07:00 [2796] DEBUG default - [User=Thitapond Nulek (1630411@vistec.ac.th)] applies 0 allowed 0, ids 25 requested 2 [File=/var/www/html/booking/lib/Application/Attributes/AttributeService.php,Line=294]
2019-10-19T20:18:41+07:00 [2796] DEBUG default - [User=Thitapond Nulek (1630411@vistec.ac.th)] applies 0 allowed 0, ids 26 requested 2 [File=/var/www/html/booking/lib/Application/Attributes/AttributeService.php,Line=294]
2019-10-19T20:18:41+07:00 [2796] DEBUG default - [User=Thitapond Nulek (1630411@vistec.ac.th)] applies 0 allowed 0, ids 29 requested 2 [File=/var/www/html/booking/lib/Application/Attributes/AttributeService.php,Line=294]
2019-10-19T20:18:41+07:00 [2796] DEBUG default - [User=Thitapond Nulek (1630411@vistec.ac.th)] applies 0 allowed 0, ids 26 requested 2 [File=/var/www/html/booking/lib/Application/Attributes/AttributeService.php,Line=294]
2019-10-19T20:18:41+07:00 [2796] DEBUG default - [User=Thitapond Nulek (1630411@vistec.ac.th)] applies 1 allowed 1, ids 2 requested 2 [File=/var/www/html/booking/lib/Application/Attributes/AttributeService.php,Line=294]
2019-10-19T20:18:41+07:00 [2796] DEBUG default - [User=Thitapond Nulek (1630411@vistec.ac.th)] applies 0 allowed 0, ids 15 requested 2 [File=/var/www/html/booking/lib/Application/Attributes/AttributeService.php,Line=294]
2019-10-19T20:18:41+07:00 [2796] DEBUG default - [User=Thitapond Nulek (1630411@vistec.ac.th)] applies 0 allowed 0, ids 18,27 requested 2 [File=/var/www/html/booking/lib/Application/Attributes/AttributeService.php,Line=294]
2019-10-19T20:18:41+07:00 [2796] DEBUG default - [User=Thitapond Nulek (1630411@vistec.ac.th)] applies 0 allowed 0, ids 16 requested 2 [File=/var/www/html/booking/lib/Application/Attributes/AttributeService.php,Line=294]
2019-10-19T20:18:41+07:00 [2796] DEBUG default - [User=Thitapond Nulek (1630411@vistec.ac.th)] applies 0 allowed 0, ids 18 requested 2 [File=/var/www/html/booking/lib/Application/Attributes/AttributeService.php,Line=294]
2019-10-19T20:18:41+07:00 [2796] DEBUG default - [User=Thitapond Nulek (1630411@vistec.ac.th)] applies 0 allowed 0, ids 26 requested 2 [File=/var/www/html/booking/lib/Application/Attributes/AttributeService.php,Line=294]
2019-10-19T20:18:41+07:00 [2796] DEBUG default - [User=Thitapond Nulek (1630411@vistec.ac.th)] applies 1 allowed 1, ids 18,2 requested 2 [File=/var/www/html/booking/lib/Application/Attributes/AttributeService.php,Line=294]
2019-10-19T20:18:41+07:00 [2796] DEBUG default - [User=Thitapond Nulek (1630411@vistec.ac.th)] applies 0 allowed 0, ids 17 requested 2 [File=/var/www/html/booking/lib/Application/Attributes/AttributeService.php,Line=294]
2019-10-19T20:18:41+07:00 [2796] DEBUG default - [User=Thitapond Nulek (1630411@vistec.ac.th)] applies 0 allowed 0, ids 17 requested 2 [File=/var/www/html/booking/lib/Application/Attributes/AttributeService.php,Line=294]
2019-10-19T20:18:41+07:00 [2796] DEBUG default - [User=Thitapond Nulek (1630411@vistec.ac.th)] applies 0 allowed 0, ids 26 requested 2 [File=/var/www/html/booking/lib/Application/Attributes/AttributeService.php,Line=294]
2019-10-19T20:18:41+07:00 [2796] DEBUG default - [User=Thitapond Nulek (1630411@vistec.ac.th)] applies 1 allowed 1, ids 2 requested 2 [File=/var/www/html/booking/lib/Application/Attributes/AttributeService.php,Line=294]
2019-10-19T20:18:41+07:00 [2796] DEBUG default - [User=Thitapond Nulek (1630411@vistec.ac.th)] applies 0 allowed 0, ids 17 requested 2 [File=/var/www/html/booking/lib/Application/Attributes/AttributeService.php,Line=294]
2019-10-19T20:18:41+07:00 [2796] DEBUG default - [User=Thitapond Nulek (1630411@vistec.ac.th)] applies 0 allowed 0, ids 16 requested 2 [File=/var/www/html/booking/lib/Application/Attributes/AttributeService.php,Line=294]
2019-10-19T20:18:41+07:00 [2796] DEBUG default - [User=Thitapond Nulek (1630411@vistec.ac.th)] applies 0 allowed 1, ids 23,26,22,21 requested 2 [File=/var/www/html/booking/lib/Application/Attributes/AttributeService.php,Line=294]
2019-10-19T20:18:41+07:00 [2796] DEBUG default - [User=Thitapond Nulek (1630411@vistec.ac.th)] applies 0 allowed 1, ids 23,26,22,29,21 requested 2 [File=/var/www/html/booking/lib/Application/Attributes/AttributeService.php,Line=294]
2019-10-19T23:45:13+07:00 [10524] DEBUG default - [User=Worapol Tejangkura (worapol_tej@yahoo.com)] applies 0 allowed 1, ids 2 requested  [File=/var/www/html/booking/lib/Application/Attributes/AttributeService.php,Line=294]
2019-10-19T23:45:13+07:00 [10524] DEBUG default - [User=Worapol Tejangkura (worapol_tej@yahoo.com)] applies 0 allowed 1, ids 17 requested  [File=/var/www/html/booking/lib/Application/Attributes/AttributeService.php,Line=294]
2019-10-19T23:45:13+07:00 [10524] DEBUG default - [User=Worapol Tejangkura (worapol_tej@yahoo.com)] applies 0 allowed 0, ids 25 requested  [File=/var/www/html/booking/lib/Application/Attributes/AttributeService.php,Line=294]
2019-10-19T23:45:13+07:00 [10524] DEBUG default - [User=Worapol Tejangkura (worapol_tej@yahoo.com)] applies 0 allowed 0, ids 16 requested  [File=/var/www/html/booking/lib/Application/Attributes/AttributeService.php,Line=294]
2019-10-19T23:45:13+07:00 [10524] DEBUG default - [User=Worapol Tejangkura (worapol_tej@yahoo.com)] applies 0 allowed 0, ids 25 requested  [File=/var/www/html/booking/lib/Application/Attributes/AttributeService.php,Line=294]
2019-10-19T23:45:13+07:00 [10524] DEBUG default - [User=Worapol Tejangkura (worapol_tej@yahoo.com)] applies 0 allowed 0, ids 26 requested  [File=/var/www/html/booking/lib/Application/Attributes/AttributeService.php,Line=294]
2019-10-19T23:45:13+07:00 [10524] DEBUG default - [User=Worapol Tejangkura (worapol_tej@yahoo.com)] applies 0 allowed 0, ids 29 requested  [File=/var/www/html/booking/lib/Application/Attributes/AttributeService.php,Line=294]
2019-10-19T23:45:13+07:00 [10524] DEBUG default - [User=Worapol Tejangkura (worapol_tej@yahoo.com)] applies 0 allowed 0, ids 26 requested  [File=/var/www/html/booking/lib/Application/Attributes/AttributeService.php,Line=294]
2019-10-19T23:45:13+07:00 [10524] DEBUG default - [User=Worapol Tejangkura (worapol_tej@yahoo.com)] applies 0 allowed 1, ids 2 requested  [File=/var/www/html/booking/lib/Application/Attributes/AttributeService.php,Line=294]
2019-10-19T23:45:13+07:00 [10524] DEBUG default - [User=Worapol Tejangkura (worapol_tej@yahoo.com)] applies 0 allowed 0, ids 15 requested  [File=/var/www/html/booking/lib/Application/Attributes/AttributeService.php,Line=294]
2019-10-19T23:45:13+07:00 [10524] DEBUG default - [User=Worapol Tejangkura (worapol_tej@yahoo.com)] applies 0 allowed 0, ids 18,27 requested  [File=/var/www/html/booking/lib/Application/Attributes/AttributeService.php,Line=294]
2019-10-19T23:45:13+07:00 [10524] DEBUG default - [User=Worapol Tejangkura (worapol_tej@yahoo.com)] applies 0 allowed 0, ids 16 requested  [File=/var/www/html/booking/lib/Application/Attributes/AttributeService.php,Line=294]
2019-10-19T23:45:13+07:00 [10524] DEBUG default - [User=Worapol Tejangkura (worapol_tej@yahoo.com)] applies 0 allowed 0, ids 18 requested  [File=/var/www/html/booking/lib/Application/Attributes/AttributeService.php,Line=294]
2019-10-19T23:45:13+07:00 [10524] DEBUG default - [User=Worapol Tejangkura (worapol_tej@yahoo.com)] applies 0 allowed 0, ids 26 requested  [File=/var/www/html/booking/lib/Application/Attributes/AttributeService.php,Line=294]
2019-10-19T23:45:13+07:00 [10524] DEBUG default - [User=Worapol Tejangkura (worapol_tej@yahoo.com)] applies 0 allowed 1, ids 18,2 requested  [File=/var/www/html/booking/lib/Application/Attributes/AttributeService.php,Line=294]
2019-10-19T23:45:13+07:00 [10524] DEBUG default - [User=Worapol Tejangkura (worapol_tej@yahoo.com)] applies 0 allowed 1, ids 17 requested  [File=/var/www/html/booking/lib/Application/Attributes/AttributeService.php,Line=294]
2019-10-19T23:45:13+07:00 [10524] DEBUG default - [User=Worapol Tejangkura (worapol_tej@yahoo.com)] applies 0 allowed 1, ids 17 requested  [File=/var/www/html/booking/lib/Application/Attributes/AttributeService.php,Line=294]
2019-10-19T23:45:13+07:00 [10524] DEBUG default - [User=Worapol Tejangkura (worapol_tej@yahoo.com)] applies 0 allowed 0, ids 26 requested  [File=/var/www/html/booking/lib/Application/Attributes/AttributeService.php,Line=294]
2019-10-19T23:45:13+07:00 [10524] DEBUG default - [User=Worapol Tejangkura (worapol_tej@yahoo.com)] applies 0 allowed 1, ids 2 requested  [File=/var/www/html/booking/lib/Application/Attributes/AttributeService.php,Line=294]
2019-10-19T23:45:13+07:00 [10524] DEBUG default - [User=Worapol Tejangkura (worapol_tej@yahoo.com)] applies 0 allowed 1, ids 17 requested  [File=/var/www/html/booking/lib/Application/Attributes/AttributeService.php,Line=294]
2019-10-19T23:45:13+07:00 [10524] DEBUG default - [User=Worapol Tejangkura (worapol_tej@yahoo.com)] applies 0 allowed 0, ids 16 requested  [File=/var/www/html/booking/lib/Application/Attributes/AttributeService.php,Line=294]
2019-10-19T23:45:13+07:00 [10524] DEBUG default - [User=Worapol Tejangkura (worapol_tej@yahoo.com)] applies 0 allowed 2, ids 23,26,22,21 requested  [File=/var/www/html/booking/lib/Application/Attributes/AttributeService.php,Line=294]
2019-10-19T23:45:13+07:00 [10524] DEBUG default - [User=Worapol Tejangkura (worapol_tej@yahoo.com)] applies 0 allowed 2, ids 23,26,22,29,21 requested  [File=/var/www/html/booking/lib/Application/Attributes/AttributeService.php,Line=294]
