2019-08-17T00:10:08+07:00 [16782] DEBUG default - [User=Nattiya Laiwattanapaisarn (1730306@vistec.ac.th)] applies 0 allowed 0, ids 2 requested  [File=/var/www/html/booking/lib/Application/Attributes/AttributeService.php,Line=294]
2019-08-17T00:10:08+07:00 [16782] DEBUG default - [User=Nattiya Laiwattanapaisarn (1730306@vistec.ac.th)] applies 0 allowed 0, ids 17 requested  [File=/var/www/html/booking/lib/Application/Attributes/AttributeService.php,Line=294]
2019-08-17T00:10:08+07:00 [16782] DEBUG default - [User=Nattiya Laiwattanapaisarn (1730306@vistec.ac.th)] applies 0 allowed 0, ids 25 requested  [File=/var/www/html/booking/lib/Application/Attributes/AttributeService.php,Line=294]
2019-08-17T00:10:08+07:00 [16782] DEBUG default - [User=Nattiya Laiwattanapaisarn (1730306@vistec.ac.th)] applies 0 allowed 0, ids 16 requested  [File=/var/www/html/booking/lib/Application/Attributes/AttributeService.php,Line=294]
2019-08-17T00:10:08+07:00 [16782] DEBUG default - [User=Nattiya Laiwattanapaisarn (1730306@vistec.ac.th)] applies 0 allowed 0, ids 25 requested  [File=/var/www/html/booking/lib/Application/Attributes/AttributeService.php,Line=294]
2019-08-17T00:10:08+07:00 [16782] DEBUG default - [User=Nattiya Laiwattanapaisarn (1730306@vistec.ac.th)] applies 0 allowed 0, ids 26 requested  [File=/var/www/html/booking/lib/Application/Attributes/AttributeService.php,Line=294]
2019-08-17T00:10:08+07:00 [16782] DEBUG default - [User=Nattiya Laiwattanapaisarn (1730306@vistec.ac.th)] applies 0 allowed 0, ids 29 requested  [File=/var/www/html/booking/lib/Application/Attributes/AttributeService.php,Line=294]
2019-08-17T00:10:08+07:00 [16782] DEBUG default - [User=Nattiya Laiwattanapaisarn (1730306@vistec.ac.th)] applies 0 allowed 0, ids 26 requested  [File=/var/www/html/booking/lib/Application/Attributes/AttributeService.php,Line=294]
2019-08-17T00:10:08+07:00 [16782] DEBUG default - [User=Nattiya Laiwattanapaisarn (1730306@vistec.ac.th)] applies 0 allowed 0, ids 2 requested  [File=/var/www/html/booking/lib/Application/Attributes/AttributeService.php,Line=294]
2019-08-17T00:10:08+07:00 [16782] DEBUG default - [User=Nattiya Laiwattanapaisarn (1730306@vistec.ac.th)] applies 0 allowed 0, ids 15 requested  [File=/var/www/html/booking/lib/Application/Attributes/AttributeService.php,Line=294]
2019-08-17T00:10:08+07:00 [16782] DEBUG default - [User=Nattiya Laiwattanapaisarn (1730306@vistec.ac.th)] applies 0 allowed 0, ids 18,27 requested  [File=/var/www/html/booking/lib/Application/Attributes/AttributeService.php,Line=294]
2019-08-17T00:10:08+07:00 [16782] DEBUG default - [User=Nattiya Laiwattanapaisarn (1730306@vistec.ac.th)] applies 0 allowed 0, ids 16 requested  [File=/var/www/html/booking/lib/Application/Attributes/AttributeService.php,Line=294]
2019-08-17T00:10:08+07:00 [16782] DEBUG default - [User=Nattiya Laiwattanapaisarn (1730306@vistec.ac.th)] applies 0 allowed 0, ids 18 requested  [File=/var/www/html/booking/lib/Application/Attributes/AttributeService.php,Line=294]
2019-08-17T00:10:08+07:00 [16782] DEBUG default - [User=Nattiya Laiwattanapaisarn (1730306@vistec.ac.th)] applies 0 allowed 0, ids 26 requested  [File=/var/www/html/booking/lib/Application/Attributes/AttributeService.php,Line=294]
2019-08-17T00:10:08+07:00 [16782] DEBUG default - [User=Nattiya Laiwattanapaisarn (1730306@vistec.ac.th)] applies 0 allowed 0, ids 18,2 requested  [File=/var/www/html/booking/lib/Application/Attributes/AttributeService.php,Line=294]
2019-08-17T00:10:08+07:00 [16782] DEBUG default - [User=Nattiya Laiwattanapaisarn (1730306@vistec.ac.th)] applies 0 allowed 0, ids 17 requested  [File=/var/www/html/booking/lib/Application/Attributes/AttributeService.php,Line=294]
2019-08-17T00:10:08+07:00 [16782] DEBUG default - [User=Nattiya Laiwattanapaisarn (1730306@vistec.ac.th)] applies 0 allowed 0, ids 17 requested  [File=/var/www/html/booking/lib/Application/Attributes/AttributeService.php,Line=294]
2019-08-17T00:10:08+07:00 [16782] DEBUG default - [User=Nattiya Laiwattanapaisarn (1730306@vistec.ac.th)] applies 0 allowed 0, ids 26 requested  [File=/var/www/html/booking/lib/Application/Attributes/AttributeService.php,Line=294]
2019-08-17T00:10:08+07:00 [16782] DEBUG default - [User=Nattiya Laiwattanapaisarn (1730306@vistec.ac.th)] applies 0 allowed 0, ids 2 requested  [File=/var/www/html/booking/lib/Application/Attributes/AttributeService.php,Line=294]
2019-08-17T00:10:08+07:00 [16782] DEBUG default - [User=Nattiya Laiwattanapaisarn (1730306@vistec.ac.th)] applies 0 allowed 0, ids 17 requested  [File=/var/www/html/booking/lib/Application/Attributes/AttributeService.php,Line=294]
2019-08-17T00:10:08+07:00 [16782] DEBUG default - [User=Nattiya Laiwattanapaisarn (1730306@vistec.ac.th)] applies 0 allowed 0, ids 16 requested  [File=/var/www/html/booking/lib/Application/Attributes/AttributeService.php,Line=294]
2019-08-17T00:10:08+07:00 [16782] DEBUG default - [User=Nattiya Laiwattanapaisarn (1730306@vistec.ac.th)] applies 0 allowed 0, ids 23,26,22,21 requested  [File=/var/www/html/booking/lib/Application/Attributes/AttributeService.php,Line=294]
2019-08-17T00:10:08+07:00 [16782] DEBUG default - [User=Nattiya Laiwattanapaisarn (1730306@vistec.ac.th)] applies 0 allowed 0, ids 23,26,22,29,21 requested  [File=/var/www/html/booking/lib/Application/Attributes/AttributeService.php,Line=294]
2019-08-17T10:00:23+07:00 [16782] DEBUG default - [User=Similan Tanjindaprateep (Similan.t_s18@vistec.ac.th)] Adding custom attribute value for entityId=16, attributeId=29 [File=/var/www/html/booking/lib/Application/Attributes/AttributeList.php,Line=122]
2019-08-17T10:00:23+07:00 [16782] DEBUG default - [User=Similan Tanjindaprateep (Similan.t_s18@vistec.ac.th)] Took 0 seconds to load custom attributes for category 4 [File=/var/www/html/booking/lib/Application/Attributes/AttributeService.php,Line=154]
2019-08-17T10:00:23+07:00 [16782] DEBUG default - [User=Similan Tanjindaprateep (Similan.t_s18@vistec.ac.th)] Found 1 attributes for entityId 16 [File=/var/www/html/booking/lib/Application/Attributes/AttributeList.php,Line=165]
2019-08-17T10:00:23+07:00 [16782] DEBUG default - [User=Similan Tanjindaprateep (Similan.t_s18@vistec.ac.th)] Took 0 seconds to load custom attributes for category 5 [File=/var/www/html/booking/lib/Application/Attributes/AttributeService.php,Line=154]
2019-08-17T10:00:23+07:00 [16782] DEBUG default - [User=Similan Tanjindaprateep (Similan.t_s18@vistec.ac.th)] Found 0 attributes for entityId 2 [File=/var/www/html/booking/lib/Application/Attributes/AttributeList.php,Line=165]
2019-08-17T10:00:28+07:00 [16913] DEBUG default - [User=Similan Tanjindaprateep (Similan.t_s18@vistec.ac.th)] Adding custom attribute value for entityId=20, attributeId=29 [File=/var/www/html/booking/lib/Application/Attributes/AttributeList.php,Line=122]
2019-08-17T10:00:28+07:00 [16913] DEBUG default - [User=Similan Tanjindaprateep (Similan.t_s18@vistec.ac.th)] Took 0 seconds to load custom attributes for category 4 [File=/var/www/html/booking/lib/Application/Attributes/AttributeService.php,Line=154]
2019-08-17T10:00:28+07:00 [16913] DEBUG default - [User=Similan Tanjindaprateep (Similan.t_s18@vistec.ac.th)] Found 1 attributes for entityId 20 [File=/var/www/html/booking/lib/Application/Attributes/AttributeList.php,Line=165]
2019-08-17T10:00:28+07:00 [16913] DEBUG default - [User=Similan Tanjindaprateep (Similan.t_s18@vistec.ac.th)] Took 0 seconds to load custom attributes for category 5 [File=/var/www/html/booking/lib/Application/Attributes/AttributeService.php,Line=154]
2019-08-17T10:00:28+07:00 [16913] DEBUG default - [User=Similan Tanjindaprateep (Similan.t_s18@vistec.ac.th)] Found 0 attributes for entityId 2 [File=/var/www/html/booking/lib/Application/Attributes/AttributeList.php,Line=165]
2019-08-17T15:26:33+07:00 [16913] DEBUG default - [User=Similan Tanjindaprateep (Similan.t_s18@vistec.ac.th)] Adding custom attribute value for entityId=13, attributeId=29 [File=/var/www/html/booking/lib/Application/Attributes/AttributeList.php,Line=122]
2019-08-17T15:26:33+07:00 [16913] DEBUG default - [User=Similan Tanjindaprateep (Similan.t_s18@vistec.ac.th)] Took 0 seconds to load custom attributes for category 4 [File=/var/www/html/booking/lib/Application/Attributes/AttributeService.php,Line=154]
2019-08-17T15:26:33+07:00 [16913] DEBUG default - [User=Similan Tanjindaprateep (Similan.t_s18@vistec.ac.th)] Found 1 attributes for entityId 13 [File=/var/www/html/booking/lib/Application/Attributes/AttributeList.php,Line=165]
2019-08-17T15:26:33+07:00 [16913] DEBUG default - [User=Similan Tanjindaprateep (Similan.t_s18@vistec.ac.th)] Took 0 seconds to load custom attributes for category 5 [File=/var/www/html/booking/lib/Application/Attributes/AttributeService.php,Line=154]
2019-08-17T15:26:33+07:00 [16913] DEBUG default - [User=Similan Tanjindaprateep (Similan.t_s18@vistec.ac.th)] Found 0 attributes for entityId 4 [File=/var/www/html/booking/lib/Application/Attributes/AttributeList.php,Line=165]
2019-08-17T15:26:34+07:00 [16795] DEBUG default - [User=Similan Tanjindaprateep (Similan.t_s18@vistec.ac.th)] Adding custom attribute value for entityId=19, attributeId=29 [File=/var/www/html/booking/lib/Application/Attributes/AttributeList.php,Line=122]
2019-08-17T15:26:34+07:00 [16795] DEBUG default - [User=Similan Tanjindaprateep (Similan.t_s18@vistec.ac.th)] Took 0 seconds to load custom attributes for category 4 [File=/var/www/html/booking/lib/Application/Attributes/AttributeService.php,Line=154]
2019-08-17T15:26:34+07:00 [16795] DEBUG default - [User=Similan Tanjindaprateep (Similan.t_s18@vistec.ac.th)] Found 1 attributes for entityId 19 [File=/var/www/html/booking/lib/Application/Attributes/AttributeList.php,Line=165]
2019-08-17T15:26:34+07:00 [16795] DEBUG default - [User=Similan Tanjindaprateep (Similan.t_s18@vistec.ac.th)] Took 0 seconds to load custom attributes for category 5 [File=/var/www/html/booking/lib/Application/Attributes/AttributeService.php,Line=154]
2019-08-17T15:26:34+07:00 [16795] DEBUG default - [User=Similan Tanjindaprateep (Similan.t_s18@vistec.ac.th)] Found 0 attributes for entityId 1 [File=/var/www/html/booking/lib/Application/Attributes/AttributeList.php,Line=165]
2019-08-17T16:14:04+07:00 [16913] DEBUG default - [User=Thipwipa Sirinakorn (tipwip123@gmail.com)] applies 0 allowed 1, ids 2 requested 16 [File=/var/www/html/booking/lib/Application/Attributes/AttributeService.php,Line=294]
2019-08-17T16:14:04+07:00 [16913] DEBUG default - [User=Thipwipa Sirinakorn (tipwip123@gmail.com)] applies 0 allowed 0, ids 17 requested 16 [File=/var/www/html/booking/lib/Application/Attributes/AttributeService.php,Line=294]
2019-08-17T16:14:04+07:00 [16913] DEBUG default - [User=Thipwipa Sirinakorn (tipwip123@gmail.com)] applies 0 allowed 0, ids 25 requested 16 [File=/var/www/html/booking/lib/Application/Attributes/AttributeService.php,Line=294]
2019-08-17T16:14:04+07:00 [16913] DEBUG default - [User=Thipwipa Sirinakorn (tipwip123@gmail.com)] applies 1 allowed 1, ids 16 requested 16 [File=/var/www/html/booking/lib/Application/Attributes/AttributeService.php,Line=294]
2019-08-17T16:14:04+07:00 [16913] DEBUG default - [User=Thipwipa Sirinakorn (tipwip123@gmail.com)] applies 0 allowed 0, ids 25 requested 16 [File=/var/www/html/booking/lib/Application/Attributes/AttributeService.php,Line=294]
2019-08-17T16:14:04+07:00 [16913] DEBUG default - [User=Thipwipa Sirinakorn (tipwip123@gmail.com)] applies 0 allowed 0, ids 26 requested 16 [File=/var/www/html/booking/lib/Application/Attributes/AttributeService.php,Line=294]
2019-08-17T16:14:04+07:00 [16913] DEBUG default - [User=Thipwipa Sirinakorn (tipwip123@gmail.com)] applies 0 allowed 0, ids 29 requested 16 [File=/var/www/html/booking/lib/Application/Attributes/AttributeService.php,Line=294]
2019-08-17T16:14:04+07:00 [16913] DEBUG default - [User=Thipwipa Sirinakorn (tipwip123@gmail.com)] applies 0 allowed 0, ids 26 requested 16 [File=/var/www/html/booking/lib/Application/Attributes/AttributeService.php,Line=294]
2019-08-17T16:14:04+07:00 [16913] DEBUG default - [User=Thipwipa Sirinakorn (tipwip123@gmail.com)] applies 0 allowed 1, ids 2 requested 16 [File=/var/www/html/booking/lib/Application/Attributes/AttributeService.php,Line=294]
2019-08-17T16:14:04+07:00 [16913] DEBUG default - [User=Thipwipa Sirinakorn (tipwip123@gmail.com)] applies 0 allowed 0, ids 15 requested 16 [File=/var/www/html/booking/lib/Application/Attributes/AttributeService.php,Line=294]
2019-08-17T16:14:04+07:00 [16913] DEBUG default - [User=Thipwipa Sirinakorn (tipwip123@gmail.com)] applies 0 allowed 0, ids 18,27 requested 16 [File=/var/www/html/booking/lib/Application/Attributes/AttributeService.php,Line=294]
2019-08-17T16:14:04+07:00 [16913] DEBUG default - [User=Thipwipa Sirinakorn (tipwip123@gmail.com)] applies 1 allowed 1, ids 16 requested 16 [File=/var/www/html/booking/lib/Application/Attributes/AttributeService.php,Line=294]
2019-08-17T16:14:04+07:00 [16913] DEBUG default - [User=Thipwipa Sirinakorn (tipwip123@gmail.com)] applies 0 allowed 0, ids 18 requested 16 [File=/var/www/html/booking/lib/Application/Attributes/AttributeService.php,Line=294]
2019-08-17T16:14:04+07:00 [16913] DEBUG default - [User=Thipwipa Sirinakorn (tipwip123@gmail.com)] applies 0 allowed 0, ids 26 requested 16 [File=/var/www/html/booking/lib/Application/Attributes/AttributeService.php,Line=294]
2019-08-17T16:14:04+07:00 [16913] DEBUG default - [User=Thipwipa Sirinakorn (tipwip123@gmail.com)] applies 0 allowed 1, ids 18,2 requested 16 [File=/var/www/html/booking/lib/Application/Attributes/AttributeService.php,Line=294]
2019-08-17T16:14:04+07:00 [16913] DEBUG default - [User=Thipwipa Sirinakorn (tipwip123@gmail.com)] applies 0 allowed 0, ids 17 requested 16 [File=/var/www/html/booking/lib/Application/Attributes/AttributeService.php,Line=294]
2019-08-17T16:14:04+07:00 [16913] DEBUG default - [User=Thipwipa Sirinakorn (tipwip123@gmail.com)] applies 0 allowed 0, ids 17 requested 16 [File=/var/www/html/booking/lib/Application/Attributes/AttributeService.php,Line=294]
2019-08-17T16:14:04+07:00 [16913] DEBUG default - [User=Thipwipa Sirinakorn (tipwip123@gmail.com)] applies 0 allowed 0, ids 26 requested 16 [File=/var/www/html/booking/lib/Application/Attributes/AttributeService.php,Line=294]
2019-08-17T16:14:04+07:00 [16913] DEBUG default - [User=Thipwipa Sirinakorn (tipwip123@gmail.com)] applies 0 allowed 1, ids 2 requested 16 [File=/var/www/html/booking/lib/Application/Attributes/AttributeService.php,Line=294]
2019-08-17T16:14:04+07:00 [16913] DEBUG default - [User=Thipwipa Sirinakorn (tipwip123@gmail.com)] applies 0 allowed 0, ids 17 requested 16 [File=/var/www/html/booking/lib/Application/Attributes/AttributeService.php,Line=294]
2019-08-17T16:14:04+07:00 [16913] DEBUG default - [User=Thipwipa Sirinakorn (tipwip123@gmail.com)] applies 1 allowed 1, ids 16 requested 16 [File=/var/www/html/booking/lib/Application/Attributes/AttributeService.php,Line=294]
2019-08-17T16:14:04+07:00 [16913] DEBUG default - [User=Thipwipa Sirinakorn (tipwip123@gmail.com)] applies 0 allowed 0, ids 23,26,22,21 requested 16 [File=/var/www/html/booking/lib/Application/Attributes/AttributeService.php,Line=294]
2019-08-17T16:14:04+07:00 [16913] DEBUG default - [User=Thipwipa Sirinakorn (tipwip123@gmail.com)] applies 0 allowed 0, ids 23,26,22,29,21 requested 16 [File=/var/www/html/booking/lib/Application/Attributes/AttributeService.php,Line=294]
2019-08-17T16:14:17+07:00 [16795] DEBUG default - [User=Thipwipa Sirinakorn (tipwip123@gmail.com)] Adding custom attribute value for entityId=16, attributeId=29 [File=/var/www/html/booking/lib/Application/Attributes/AttributeList.php,Line=122]
2019-08-17T16:14:17+07:00 [16795] DEBUG default - [User=Thipwipa Sirinakorn (tipwip123@gmail.com)] Took 0 seconds to load custom attributes for category 4 [File=/var/www/html/booking/lib/Application/Attributes/AttributeService.php,Line=154]
2019-08-17T16:14:17+07:00 [16795] DEBUG default - [User=Thipwipa Sirinakorn (tipwip123@gmail.com)] Found 1 attributes for entityId 16 [File=/var/www/html/booking/lib/Application/Attributes/AttributeList.php,Line=165]
2019-08-17T16:14:17+07:00 [16795] DEBUG default - [User=Thipwipa Sirinakorn (tipwip123@gmail.com)] Took 0 seconds to load custom attributes for category 5 [File=/var/www/html/booking/lib/Application/Attributes/AttributeService.php,Line=154]
2019-08-17T16:14:17+07:00 [16795] DEBUG default - [User=Thipwipa Sirinakorn (tipwip123@gmail.com)] Found 0 attributes for entityId 2 [File=/var/www/html/booking/lib/Application/Attributes/AttributeList.php,Line=165]
2019-08-17T16:15:50+07:00 [16913] DEBUG default - [User=Thipwipa Sirinakorn (tipwip123@gmail.com)] applies 0 allowed 1, ids 2 requested  [File=/var/www/html/booking/lib/Application/Attributes/AttributeService.php,Line=294]
2019-08-17T16:15:50+07:00 [16913] DEBUG default - [User=Thipwipa Sirinakorn (tipwip123@gmail.com)] applies 0 allowed 0, ids 17 requested  [File=/var/www/html/booking/lib/Application/Attributes/AttributeService.php,Line=294]
2019-08-17T16:15:50+07:00 [16913] DEBUG default - [User=Thipwipa Sirinakorn (tipwip123@gmail.com)] applies 0 allowed 0, ids 25 requested  [File=/var/www/html/booking/lib/Application/Attributes/AttributeService.php,Line=294]
2019-08-17T16:15:50+07:00 [16913] DEBUG default - [User=Thipwipa Sirinakorn (tipwip123@gmail.com)] applies 0 allowed 1, ids 16 requested  [File=/var/www/html/booking/lib/Application/Attributes/AttributeService.php,Line=294]
2019-08-17T16:15:50+07:00 [16913] DEBUG default - [User=Thipwipa Sirinakorn (tipwip123@gmail.com)] applies 0 allowed 0, ids 25 requested  [File=/var/www/html/booking/lib/Application/Attributes/AttributeService.php,Line=294]
2019-08-17T16:15:50+07:00 [16913] DEBUG default - [User=Thipwipa Sirinakorn (tipwip123@gmail.com)] applies 0 allowed 0, ids 26 requested  [File=/var/www/html/booking/lib/Application/Attributes/AttributeService.php,Line=294]
2019-08-17T16:15:50+07:00 [16913] DEBUG default - [User=Thipwipa Sirinakorn (tipwip123@gmail.com)] applies 0 allowed 0, ids 29 requested  [File=/var/www/html/booking/lib/Application/Attributes/AttributeService.php,Line=294]
2019-08-17T16:15:50+07:00 [16913] DEBUG default - [User=Thipwipa Sirinakorn (tipwip123@gmail.com)] applies 0 allowed 0, ids 26 requested  [File=/var/www/html/booking/lib/Application/Attributes/AttributeService.php,Line=294]
2019-08-17T16:15:50+07:00 [16913] DEBUG default - [User=Thipwipa Sirinakorn (tipwip123@gmail.com)] applies 0 allowed 1, ids 2 requested  [File=/var/www/html/booking/lib/Application/Attributes/AttributeService.php,Line=294]
2019-08-17T16:15:50+07:00 [16913] DEBUG default - [User=Thipwipa Sirinakorn (tipwip123@gmail.com)] applies 0 allowed 0, ids 15 requested  [File=/var/www/html/booking/lib/Application/Attributes/AttributeService.php,Line=294]
2019-08-17T16:15:50+07:00 [16913] DEBUG default - [User=Thipwipa Sirinakorn (tipwip123@gmail.com)] applies 0 allowed 0, ids 18,27 requested  [File=/var/www/html/booking/lib/Application/Attributes/AttributeService.php,Line=294]
2019-08-17T16:15:50+07:00 [16913] DEBUG default - [User=Thipwipa Sirinakorn (tipwip123@gmail.com)] applies 0 allowed 1, ids 16 requested  [File=/var/www/html/booking/lib/Application/Attributes/AttributeService.php,Line=294]
2019-08-17T16:15:50+07:00 [16913] DEBUG default - [User=Thipwipa Sirinakorn (tipwip123@gmail.com)] applies 0 allowed 0, ids 18 requested  [File=/var/www/html/booking/lib/Application/Attributes/AttributeService.php,Line=294]
2019-08-17T16:15:50+07:00 [16913] DEBUG default - [User=Thipwipa Sirinakorn (tipwip123@gmail.com)] applies 0 allowed 0, ids 26 requested  [File=/var/www/html/booking/lib/Application/Attributes/AttributeService.php,Line=294]
2019-08-17T16:15:50+07:00 [16913] DEBUG default - [User=Thipwipa Sirinakorn (tipwip123@gmail.com)] applies 0 allowed 1, ids 18,2 requested  [File=/var/www/html/booking/lib/Application/Attributes/AttributeService.php,Line=294]
2019-08-17T16:15:50+07:00 [16913] DEBUG default - [User=Thipwipa Sirinakorn (tipwip123@gmail.com)] applies 0 allowed 0, ids 17 requested  [File=/var/www/html/booking/lib/Application/Attributes/AttributeService.php,Line=294]
2019-08-17T16:15:50+07:00 [16913] DEBUG default - [User=Thipwipa Sirinakorn (tipwip123@gmail.com)] applies 0 allowed 0, ids 17 requested  [File=/var/www/html/booking/lib/Application/Attributes/AttributeService.php,Line=294]
2019-08-17T16:15:50+07:00 [16913] DEBUG default - [User=Thipwipa Sirinakorn (tipwip123@gmail.com)] applies 0 allowed 0, ids 26 requested  [File=/var/www/html/booking/lib/Application/Attributes/AttributeService.php,Line=294]
2019-08-17T16:15:50+07:00 [16913] DEBUG default - [User=Thipwipa Sirinakorn (tipwip123@gmail.com)] applies 0 allowed 1, ids 2 requested  [File=/var/www/html/booking/lib/Application/Attributes/AttributeService.php,Line=294]
2019-08-17T16:15:50+07:00 [16913] DEBUG default - [User=Thipwipa Sirinakorn (tipwip123@gmail.com)] applies 0 allowed 0, ids 17 requested  [File=/var/www/html/booking/lib/Application/Attributes/AttributeService.php,Line=294]
2019-08-17T16:15:50+07:00 [16913] DEBUG default - [User=Thipwipa Sirinakorn (tipwip123@gmail.com)] applies 0 allowed 1, ids 16 requested  [File=/var/www/html/booking/lib/Application/Attributes/AttributeService.php,Line=294]
2019-08-17T16:15:50+07:00 [16913] DEBUG default - [User=Thipwipa Sirinakorn (tipwip123@gmail.com)] applies 0 allowed 0, ids 23,26,22,21 requested  [File=/var/www/html/booking/lib/Application/Attributes/AttributeService.php,Line=294]
2019-08-17T16:15:50+07:00 [16913] DEBUG default - [User=Thipwipa Sirinakorn (tipwip123@gmail.com)] applies 0 allowed 0, ids 23,26,22,29,21 requested  [File=/var/www/html/booking/lib/Application/Attributes/AttributeService.php,Line=294]
2019-08-17T16:15:51+07:00 [16795] DEBUG default - [User=Thipwipa Sirinakorn (tipwip123@gmail.com)] applies 0 allowed 1, ids 2 requested NaN [File=/var/www/html/booking/lib/Application/Attributes/AttributeService.php,Line=294]
2019-08-17T16:15:51+07:00 [16795] DEBUG default - [User=Thipwipa Sirinakorn (tipwip123@gmail.com)] applies 0 allowed 0, ids 17 requested NaN [File=/var/www/html/booking/lib/Application/Attributes/AttributeService.php,Line=294]
2019-08-17T16:15:51+07:00 [16795] DEBUG default - [User=Thipwipa Sirinakorn (tipwip123@gmail.com)] applies 0 allowed 0, ids 25 requested NaN [File=/var/www/html/booking/lib/Application/Attributes/AttributeService.php,Line=294]
2019-08-17T16:15:51+07:00 [16795] DEBUG default - [User=Thipwipa Sirinakorn (tipwip123@gmail.com)] applies 0 allowed 1, ids 16 requested NaN [File=/var/www/html/booking/lib/Application/Attributes/AttributeService.php,Line=294]
2019-08-17T16:15:51+07:00 [16795] DEBUG default - [User=Thipwipa Sirinakorn (tipwip123@gmail.com)] applies 0 allowed 0, ids 25 requested NaN [File=/var/www/html/booking/lib/Application/Attributes/AttributeService.php,Line=294]
2019-08-17T16:15:51+07:00 [16795] DEBUG default - [User=Thipwipa Sirinakorn (tipwip123@gmail.com)] applies 0 allowed 0, ids 26 requested NaN [File=/var/www/html/booking/lib/Application/Attributes/AttributeService.php,Line=294]
2019-08-17T16:15:51+07:00 [16795] DEBUG default - [User=Thipwipa Sirinakorn (tipwip123@gmail.com)] applies 0 allowed 0, ids 29 requested NaN [File=/var/www/html/booking/lib/Application/Attributes/AttributeService.php,Line=294]
2019-08-17T16:15:51+07:00 [16795] DEBUG default - [User=Thipwipa Sirinakorn (tipwip123@gmail.com)] applies 0 allowed 0, ids 26 requested NaN [File=/var/www/html/booking/lib/Application/Attributes/AttributeService.php,Line=294]
2019-08-17T16:15:51+07:00 [16795] DEBUG default - [User=Thipwipa Sirinakorn (tipwip123@gmail.com)] applies 0 allowed 1, ids 2 requested NaN [File=/var/www/html/booking/lib/Application/Attributes/AttributeService.php,Line=294]
2019-08-17T16:15:51+07:00 [16795] DEBUG default - [User=Thipwipa Sirinakorn (tipwip123@gmail.com)] applies 0 allowed 0, ids 15 requested NaN [File=/var/www/html/booking/lib/Application/Attributes/AttributeService.php,Line=294]
2019-08-17T16:15:51+07:00 [16795] DEBUG default - [User=Thipwipa Sirinakorn (tipwip123@gmail.com)] applies 0 allowed 0, ids 18,27 requested NaN [File=/var/www/html/booking/lib/Application/Attributes/AttributeService.php,Line=294]
2019-08-17T16:15:51+07:00 [16795] DEBUG default - [User=Thipwipa Sirinakorn (tipwip123@gmail.com)] applies 0 allowed 1, ids 16 requested NaN [File=/var/www/html/booking/lib/Application/Attributes/AttributeService.php,Line=294]
2019-08-17T16:15:51+07:00 [16795] DEBUG default - [User=Thipwipa Sirinakorn (tipwip123@gmail.com)] applies 0 allowed 0, ids 18 requested NaN [File=/var/www/html/booking/lib/Application/Attributes/AttributeService.php,Line=294]
2019-08-17T16:15:51+07:00 [16795] DEBUG default - [User=Thipwipa Sirinakorn (tipwip123@gmail.com)] applies 0 allowed 0, ids 26 requested NaN [File=/var/www/html/booking/lib/Application/Attributes/AttributeService.php,Line=294]
2019-08-17T16:15:51+07:00 [16795] DEBUG default - [User=Thipwipa Sirinakorn (tipwip123@gmail.com)] applies 0 allowed 1, ids 18,2 requested NaN [File=/var/www/html/booking/lib/Application/Attributes/AttributeService.php,Line=294]
2019-08-17T16:15:51+07:00 [16795] DEBUG default - [User=Thipwipa Sirinakorn (tipwip123@gmail.com)] applies 0 allowed 0, ids 17 requested NaN [File=/var/www/html/booking/lib/Application/Attributes/AttributeService.php,Line=294]
2019-08-17T16:15:51+07:00 [16795] DEBUG default - [User=Thipwipa Sirinakorn (tipwip123@gmail.com)] applies 0 allowed 0, ids 17 requested NaN [File=/var/www/html/booking/lib/Application/Attributes/AttributeService.php,Line=294]
2019-08-17T16:15:51+07:00 [16795] DEBUG default - [User=Thipwipa Sirinakorn (tipwip123@gmail.com)] applies 0 allowed 0, ids 26 requested NaN [File=/var/www/html/booking/lib/Application/Attributes/AttributeService.php,Line=294]
2019-08-17T16:15:51+07:00 [16795] DEBUG default - [User=Thipwipa Sirinakorn (tipwip123@gmail.com)] applies 0 allowed 1, ids 2 requested NaN [File=/var/www/html/booking/lib/Application/Attributes/AttributeService.php,Line=294]
2019-08-17T16:15:51+07:00 [16795] DEBUG default - [User=Thipwipa Sirinakorn (tipwip123@gmail.com)] applies 0 allowed 0, ids 17 requested NaN [File=/var/www/html/booking/lib/Application/Attributes/AttributeService.php,Line=294]
2019-08-17T16:15:51+07:00 [16795] DEBUG default - [User=Thipwipa Sirinakorn (tipwip123@gmail.com)] applies 0 allowed 1, ids 16 requested NaN [File=/var/www/html/booking/lib/Application/Attributes/AttributeService.php,Line=294]
2019-08-17T16:15:51+07:00 [16795] DEBUG default - [User=Thipwipa Sirinakorn (tipwip123@gmail.com)] applies 0 allowed 0, ids 23,26,22,21 requested NaN [File=/var/www/html/booking/lib/Application/Attributes/AttributeService.php,Line=294]
2019-08-17T16:15:51+07:00 [16795] DEBUG default - [User=Thipwipa Sirinakorn (tipwip123@gmail.com)] applies 0 allowed 0, ids 23,26,22,29,21 requested NaN [File=/var/www/html/booking/lib/Application/Attributes/AttributeService.php,Line=294]
2019-08-17T16:15:59+07:00 [16913] DEBUG default - [User=Thipwipa Sirinakorn (tipwip123@gmail.com)] applies 0 allowed 1, ids 2 requested NaN [File=/var/www/html/booking/lib/Application/Attributes/AttributeService.php,Line=294]
2019-08-17T16:15:59+07:00 [16913] DEBUG default - [User=Thipwipa Sirinakorn (tipwip123@gmail.com)] applies 0 allowed 0, ids 17 requested NaN [File=/var/www/html/booking/lib/Application/Attributes/AttributeService.php,Line=294]
2019-08-17T16:15:59+07:00 [16913] DEBUG default - [User=Thipwipa Sirinakorn (tipwip123@gmail.com)] applies 0 allowed 0, ids 25 requested NaN [File=/var/www/html/booking/lib/Application/Attributes/AttributeService.php,Line=294]
2019-08-17T16:15:59+07:00 [16913] DEBUG default - [User=Thipwipa Sirinakorn (tipwip123@gmail.com)] applies 0 allowed 1, ids 16 requested NaN [File=/var/www/html/booking/lib/Application/Attributes/AttributeService.php,Line=294]
2019-08-17T16:15:59+07:00 [16913] DEBUG default - [User=Thipwipa Sirinakorn (tipwip123@gmail.com)] applies 0 allowed 0, ids 25 requested NaN [File=/var/www/html/booking/lib/Application/Attributes/AttributeService.php,Line=294]
2019-08-17T16:15:59+07:00 [16913] DEBUG default - [User=Thipwipa Sirinakorn (tipwip123@gmail.com)] applies 0 allowed 0, ids 26 requested NaN [File=/var/www/html/booking/lib/Application/Attributes/AttributeService.php,Line=294]
2019-08-17T16:15:59+07:00 [16913] DEBUG default - [User=Thipwipa Sirinakorn (tipwip123@gmail.com)] applies 0 allowed 0, ids 29 requested NaN [File=/var/www/html/booking/lib/Application/Attributes/AttributeService.php,Line=294]
2019-08-17T16:15:59+07:00 [16913] DEBUG default - [User=Thipwipa Sirinakorn (tipwip123@gmail.com)] applies 0 allowed 0, ids 26 requested NaN [File=/var/www/html/booking/lib/Application/Attributes/AttributeService.php,Line=294]
2019-08-17T16:15:59+07:00 [16913] DEBUG default - [User=Thipwipa Sirinakorn (tipwip123@gmail.com)] applies 0 allowed 1, ids 2 requested NaN [File=/var/www/html/booking/lib/Application/Attributes/AttributeService.php,Line=294]
2019-08-17T16:15:59+07:00 [16913] DEBUG default - [User=Thipwipa Sirinakorn (tipwip123@gmail.com)] applies 0 allowed 0, ids 15 requested NaN [File=/var/www/html/booking/lib/Application/Attributes/AttributeService.php,Line=294]
2019-08-17T16:15:59+07:00 [16913] DEBUG default - [User=Thipwipa Sirinakorn (tipwip123@gmail.com)] applies 0 allowed 0, ids 18,27 requested NaN [File=/var/www/html/booking/lib/Application/Attributes/AttributeService.php,Line=294]
2019-08-17T16:15:59+07:00 [16913] DEBUG default - [User=Thipwipa Sirinakorn (tipwip123@gmail.com)] applies 0 allowed 1, ids 16 requested NaN [File=/var/www/html/booking/lib/Application/Attributes/AttributeService.php,Line=294]
2019-08-17T16:15:59+07:00 [16913] DEBUG default - [User=Thipwipa Sirinakorn (tipwip123@gmail.com)] applies 0 allowed 0, ids 18 requested NaN [File=/var/www/html/booking/lib/Application/Attributes/AttributeService.php,Line=294]
2019-08-17T16:15:59+07:00 [16913] DEBUG default - [User=Thipwipa Sirinakorn (tipwip123@gmail.com)] applies 0 allowed 0, ids 26 requested NaN [File=/var/www/html/booking/lib/Application/Attributes/AttributeService.php,Line=294]
2019-08-17T16:15:59+07:00 [16913] DEBUG default - [User=Thipwipa Sirinakorn (tipwip123@gmail.com)] applies 0 allowed 1, ids 18,2 requested NaN [File=/var/www/html/booking/lib/Application/Attributes/AttributeService.php,Line=294]
2019-08-17T16:15:59+07:00 [16913] DEBUG default - [User=Thipwipa Sirinakorn (tipwip123@gmail.com)] applies 0 allowed 0, ids 17 requested NaN [File=/var/www/html/booking/lib/Application/Attributes/AttributeService.php,Line=294]
2019-08-17T16:15:59+07:00 [16913] DEBUG default - [User=Thipwipa Sirinakorn (tipwip123@gmail.com)] applies 0 allowed 0, ids 17 requested NaN [File=/var/www/html/booking/lib/Application/Attributes/AttributeService.php,Line=294]
2019-08-17T16:15:59+07:00 [16913] DEBUG default - [User=Thipwipa Sirinakorn (tipwip123@gmail.com)] applies 0 allowed 0, ids 26 requested NaN [File=/var/www/html/booking/lib/Application/Attributes/AttributeService.php,Line=294]
2019-08-17T16:15:59+07:00 [16913] DEBUG default - [User=Thipwipa Sirinakorn (tipwip123@gmail.com)] applies 0 allowed 1, ids 2 requested NaN [File=/var/www/html/booking/lib/Application/Attributes/AttributeService.php,Line=294]
2019-08-17T16:15:59+07:00 [16913] DEBUG default - [User=Thipwipa Sirinakorn (tipwip123@gmail.com)] applies 0 allowed 0, ids 17 requested NaN [File=/var/www/html/booking/lib/Application/Attributes/AttributeService.php,Line=294]
2019-08-17T16:15:59+07:00 [16913] DEBUG default - [User=Thipwipa Sirinakorn (tipwip123@gmail.com)] applies 0 allowed 1, ids 16 requested NaN [File=/var/www/html/booking/lib/Application/Attributes/AttributeService.php,Line=294]
2019-08-17T16:15:59+07:00 [16913] DEBUG default - [User=Thipwipa Sirinakorn (tipwip123@gmail.com)] applies 0 allowed 0, ids 23,26,22,21 requested NaN [File=/var/www/html/booking/lib/Application/Attributes/AttributeService.php,Line=294]
2019-08-17T16:15:59+07:00 [16913] DEBUG default - [User=Thipwipa Sirinakorn (tipwip123@gmail.com)] applies 0 allowed 0, ids 23,26,22,29,21 requested NaN [File=/var/www/html/booking/lib/Application/Attributes/AttributeService.php,Line=294]
2019-08-17T20:16:51+07:00 [16782] DEBUG default - [User=Praeploy Chomkhuntod (praeploy.c18@hotmail.com)] applies 0 allowed 0, ids 2 requested  [File=/var/www/html/booking/lib/Application/Attributes/AttributeService.php,Line=294]
2019-08-17T20:16:51+07:00 [16782] DEBUG default - [User=Praeploy Chomkhuntod (praeploy.c18@hotmail.com)] applies 0 allowed 1, ids 17 requested  [File=/var/www/html/booking/lib/Application/Attributes/AttributeService.php,Line=294]
2019-08-17T20:16:51+07:00 [16782] DEBUG default - [User=Praeploy Chomkhuntod (praeploy.c18@hotmail.com)] applies 0 allowed 0, ids 25 requested  [File=/var/www/html/booking/lib/Application/Attributes/AttributeService.php,Line=294]
2019-08-17T20:16:51+07:00 [16782] DEBUG default - [User=Praeploy Chomkhuntod (praeploy.c18@hotmail.com)] applies 0 allowed 0, ids 16 requested  [File=/var/www/html/booking/lib/Application/Attributes/AttributeService.php,Line=294]
2019-08-17T20:16:51+07:00 [16782] DEBUG default - [User=Praeploy Chomkhuntod (praeploy.c18@hotmail.com)] applies 0 allowed 0, ids 25 requested  [File=/var/www/html/booking/lib/Application/Attributes/AttributeService.php,Line=294]
2019-08-17T20:16:51+07:00 [16782] DEBUG default - [User=Praeploy Chomkhuntod (praeploy.c18@hotmail.com)] applies 0 allowed 0, ids 26 requested  [File=/var/www/html/booking/lib/Application/Attributes/AttributeService.php,Line=294]
2019-08-17T20:16:51+07:00 [16782] DEBUG default - [User=Praeploy Chomkhuntod (praeploy.c18@hotmail.com)] applies 0 allowed 0, ids 29 requested  [File=/var/www/html/booking/lib/Application/Attributes/AttributeService.php,Line=294]
2019-08-17T20:16:51+07:00 [16782] DEBUG default - [User=Praeploy Chomkhuntod (praeploy.c18@hotmail.com)] applies 0 allowed 0, ids 26 requested  [File=/var/www/html/booking/lib/Application/Attributes/AttributeService.php,Line=294]
2019-08-17T20:16:51+07:00 [16782] DEBUG default - [User=Praeploy Chomkhuntod (praeploy.c18@hotmail.com)] applies 0 allowed 0, ids 2 requested  [File=/var/www/html/booking/lib/Application/Attributes/AttributeService.php,Line=294]
2019-08-17T20:16:51+07:00 [16782] DEBUG default - [User=Praeploy Chomkhuntod (praeploy.c18@hotmail.com)] applies 0 allowed 0, ids 15 requested  [File=/var/www/html/booking/lib/Application/Attributes/AttributeService.php,Line=294]
2019-08-17T20:16:51+07:00 [16782] DEBUG default - [User=Praeploy Chomkhuntod (praeploy.c18@hotmail.com)] applies 0 allowed 0, ids 18,27 requested  [File=/var/www/html/booking/lib/Application/Attributes/AttributeService.php,Line=294]
2019-08-17T20:16:51+07:00 [16782] DEBUG default - [User=Praeploy Chomkhuntod (praeploy.c18@hotmail.com)] applies 0 allowed 0, ids 16 requested  [File=/var/www/html/booking/lib/Application/Attributes/AttributeService.php,Line=294]
2019-08-17T20:16:51+07:00 [16782] DEBUG default - [User=Praeploy Chomkhuntod (praeploy.c18@hotmail.com)] applies 0 allowed 0, ids 18 requested  [File=/var/www/html/booking/lib/Application/Attributes/AttributeService.php,Line=294]
2019-08-17T20:16:51+07:00 [16782] DEBUG default - [User=Praeploy Chomkhuntod (praeploy.c18@hotmail.com)] applies 0 allowed 0, ids 26 requested  [File=/var/www/html/booking/lib/Application/Attributes/AttributeService.php,Line=294]
2019-08-17T20:16:51+07:00 [16782] DEBUG default - [User=Praeploy Chomkhuntod (praeploy.c18@hotmail.com)] applies 0 allowed 0, ids 18,2 requested  [File=/var/www/html/booking/lib/Application/Attributes/AttributeService.php,Line=294]
2019-08-17T20:16:51+07:00 [16782] DEBUG default - [User=Praeploy Chomkhuntod (praeploy.c18@hotmail.com)] applies 0 allowed 1, ids 17 requested  [File=/var/www/html/booking/lib/Application/Attributes/AttributeService.php,Line=294]
2019-08-17T20:16:51+07:00 [16782] DEBUG default - [User=Praeploy Chomkhuntod (praeploy.c18@hotmail.com)] applies 0 allowed 1, ids 17 requested  [File=/var/www/html/booking/lib/Application/Attributes/AttributeService.php,Line=294]
2019-08-17T20:16:51+07:00 [16782] DEBUG default - [User=Praeploy Chomkhuntod (praeploy.c18@hotmail.com)] applies 0 allowed 0, ids 26 requested  [File=/var/www/html/booking/lib/Application/Attributes/AttributeService.php,Line=294]
2019-08-17T20:16:51+07:00 [16782] DEBUG default - [User=Praeploy Chomkhuntod (praeploy.c18@hotmail.com)] applies 0 allowed 0, ids 2 requested  [File=/var/www/html/booking/lib/Application/Attributes/AttributeService.php,Line=294]
2019-08-17T20:16:51+07:00 [16782] DEBUG default - [User=Praeploy Chomkhuntod (praeploy.c18@hotmail.com)] applies 0 allowed 1, ids 17 requested  [File=/var/www/html/booking/lib/Application/Attributes/AttributeService.php,Line=294]
2019-08-17T20:16:51+07:00 [16782] DEBUG default - [User=Praeploy Chomkhuntod (praeploy.c18@hotmail.com)] applies 0 allowed 0, ids 16 requested  [File=/var/www/html/booking/lib/Application/Attributes/AttributeService.php,Line=294]
2019-08-17T20:16:51+07:00 [16782] DEBUG default - [User=Praeploy Chomkhuntod (praeploy.c18@hotmail.com)] applies 0 allowed 2, ids 23,26,22,21 requested  [File=/var/www/html/booking/lib/Application/Attributes/AttributeService.php,Line=294]
2019-08-17T20:16:51+07:00 [16782] DEBUG default - [User=Praeploy Chomkhuntod (praeploy.c18@hotmail.com)] applies 0 allowed 2, ids 23,26,22,29,21 requested  [File=/var/www/html/booking/lib/Application/Attributes/AttributeService.php,Line=294]
2019-08-17T20:21:46+07:00 [16913] DEBUG default - [User=Worapol Tejangkura (worapol_tej@yahoo.com)] applies 1 allowed 1, ids 2 requested 2 [File=/var/www/html/booking/lib/Application/Attributes/AttributeService.php,Line=294]
2019-08-17T20:21:46+07:00 [16913] DEBUG default - [User=Worapol Tejangkura (worapol_tej@yahoo.com)] applies 0 allowed 1, ids 17 requested 2 [File=/var/www/html/booking/lib/Application/Attributes/AttributeService.php,Line=294]
2019-08-17T20:21:46+07:00 [16913] DEBUG default - [User=Worapol Tejangkura (worapol_tej@yahoo.com)] applies 0 allowed 0, ids 25 requested 2 [File=/var/www/html/booking/lib/Application/Attributes/AttributeService.php,Line=294]
2019-08-17T20:21:46+07:00 [16913] DEBUG default - [User=Worapol Tejangkura (worapol_tej@yahoo.com)] applies 0 allowed 0, ids 16 requested 2 [File=/var/www/html/booking/lib/Application/Attributes/AttributeService.php,Line=294]
2019-08-17T20:21:46+07:00 [16913] DEBUG default - [User=Worapol Tejangkura (worapol_tej@yahoo.com)] applies 0 allowed 0, ids 25 requested 2 [File=/var/www/html/booking/lib/Application/Attributes/AttributeService.php,Line=294]
2019-08-17T20:21:46+07:00 [16913] DEBUG default - [User=Worapol Tejangkura (worapol_tej@yahoo.com)] applies 0 allowed 0, ids 26 requested 2 [File=/var/www/html/booking/lib/Application/Attributes/AttributeService.php,Line=294]
2019-08-17T20:21:46+07:00 [16913] DEBUG default - [User=Worapol Tejangkura (worapol_tej@yahoo.com)] applies 0 allowed 0, ids 29 requested 2 [File=/var/www/html/booking/lib/Application/Attributes/AttributeService.php,Line=294]
2019-08-17T20:21:46+07:00 [16913] DEBUG default - [User=Worapol Tejangkura (worapol_tej@yahoo.com)] applies 0 allowed 0, ids 26 requested 2 [File=/var/www/html/booking/lib/Application/Attributes/AttributeService.php,Line=294]
2019-08-17T20:21:46+07:00 [16913] DEBUG default - [User=Worapol Tejangkura (worapol_tej@yahoo.com)] applies 1 allowed 1, ids 2 requested 2 [File=/var/www/html/booking/lib/Application/Attributes/AttributeService.php,Line=294]
2019-08-17T20:21:46+07:00 [16913] DEBUG default - [User=Worapol Tejangkura (worapol_tej@yahoo.com)] applies 0 allowed 0, ids 15 requested 2 [File=/var/www/html/booking/lib/Application/Attributes/AttributeService.php,Line=294]
2019-08-17T20:21:46+07:00 [16913] DEBUG default - [User=Worapol Tejangkura (worapol_tej@yahoo.com)] applies 0 allowed 0, ids 18,27 requested 2 [File=/var/www/html/booking/lib/Application/Attributes/AttributeService.php,Line=294]
2019-08-17T20:21:46+07:00 [16913] DEBUG default - [User=Worapol Tejangkura (worapol_tej@yahoo.com)] applies 0 allowed 0, ids 16 requested 2 [File=/var/www/html/booking/lib/Application/Attributes/AttributeService.php,Line=294]
2019-08-17T20:21:46+07:00 [16913] DEBUG default - [User=Worapol Tejangkura (worapol_tej@yahoo.com)] applies 0 allowed 0, ids 18 requested 2 [File=/var/www/html/booking/lib/Application/Attributes/AttributeService.php,Line=294]
2019-08-17T20:21:46+07:00 [16913] DEBUG default - [User=Worapol Tejangkura (worapol_tej@yahoo.com)] applies 0 allowed 0, ids 26 requested 2 [File=/var/www/html/booking/lib/Application/Attributes/AttributeService.php,Line=294]
2019-08-17T20:21:46+07:00 [16913] DEBUG default - [User=Worapol Tejangkura (worapol_tej@yahoo.com)] applies 1 allowed 1, ids 18,2 requested 2 [File=/var/www/html/booking/lib/Application/Attributes/AttributeService.php,Line=294]
2019-08-17T20:21:46+07:00 [16913] DEBUG default - [User=Worapol Tejangkura (worapol_tej@yahoo.com)] applies 0 allowed 1, ids 17 requested 2 [File=/var/www/html/booking/lib/Application/Attributes/AttributeService.php,Line=294]
2019-08-17T20:21:46+07:00 [16913] DEBUG default - [User=Worapol Tejangkura (worapol_tej@yahoo.com)] applies 0 allowed 1, ids 17 requested 2 [File=/var/www/html/booking/lib/Application/Attributes/AttributeService.php,Line=294]
2019-08-17T20:21:46+07:00 [16913] DEBUG default - [User=Worapol Tejangkura (worapol_tej@yahoo.com)] applies 0 allowed 0, ids 26 requested 2 [File=/var/www/html/booking/lib/Application/Attributes/AttributeService.php,Line=294]
2019-08-17T20:21:46+07:00 [16913] DEBUG default - [User=Worapol Tejangkura (worapol_tej@yahoo.com)] applies 1 allowed 1, ids 2 requested 2 [File=/var/www/html/booking/lib/Application/Attributes/AttributeService.php,Line=294]
2019-08-17T20:21:46+07:00 [16913] DEBUG default - [User=Worapol Tejangkura (worapol_tej@yahoo.com)] applies 0 allowed 1, ids 17 requested 2 [File=/var/www/html/booking/lib/Application/Attributes/AttributeService.php,Line=294]
2019-08-17T20:21:46+07:00 [16913] DEBUG default - [User=Worapol Tejangkura (worapol_tej@yahoo.com)] applies 0 allowed 0, ids 16 requested 2 [File=/var/www/html/booking/lib/Application/Attributes/AttributeService.php,Line=294]
2019-08-17T20:21:46+07:00 [16913] DEBUG default - [User=Worapol Tejangkura (worapol_tej@yahoo.com)] applies 0 allowed 2, ids 23,26,22,21 requested 2 [File=/var/www/html/booking/lib/Application/Attributes/AttributeService.php,Line=294]
2019-08-17T20:21:46+07:00 [16913] DEBUG default - [User=Worapol Tejangkura (worapol_tej@yahoo.com)] applies 0 allowed 2, ids 23,26,22,29,21 requested 2 [File=/var/www/html/booking/lib/Application/Attributes/AttributeService.php,Line=294]
2019-08-17T20:22:17+07:00 [16782] DEBUG default - [User=Worapol Tejangkura (worapol_tej@yahoo.com)] submitted retry params array (
) [File=/var/www/html/booking/lib/Application/Reservation/ReservationHandler.php,Line=103]
2019-08-17T20:22:17+07:00 [16782] DEBUG default - [User=Worapol Tejangkura (worapol_tej@yahoo.com)] week_month_start 33 [File=/var/www/html/booking/lib/Application/Reservation/ReservationHandler.php,Line=365]
2019-08-17T20:22:17+07:00 [16782] DEBUG default - [User=Worapol Tejangkura (worapol_tej@yahoo.com)] week_month_current 33 [File=/var/www/html/booking/lib/Application/Reservation/ReservationHandler.php,Line=366]
2019-08-17T20:22:17+07:00 [16782] DEBUG default - [User=Worapol Tejangkura (worapol_tej@yahoo.com)] Tool Mode is Powder mode [File=/var/www/html/booking/lib/Application/Reservation/ReservationHandler.php,Line=747]
2019-08-17T20:22:17+07:00 [16782] DEBUG default - [User=Worapol Tejangkura (worapol_tej@yahoo.com)] Checking for reservation conflicts, reference number 5d57ff892dd42321027695 on 2019-08-17 21:00:00 Asia/Bangkok [File=/var/www/html/booking/lib/Application/Reservation/Validation/ResourceAvailabilityRule.php,Line=54]
2019-08-17T20:22:17+07:00 [16782] DEBUG default - [User=Worapol Tejangkura (worapol_tej@yahoo.com)] Validating rule ResourceAvailabilityRule. Passed?: 1 [File=/var/www/html/booking/lib/Application/Reservation/Validation/ReservationValidationRuleProcessor.php,Line=35]
2019-08-17T20:22:17+07:00 [16782] DEBUG default - [User=Worapol Tejangkura (worapol_tej@yahoo.com)] Validating rule AdminExcludedRule. Passed?: 1 [File=/var/www/html/booking/lib/Application/Reservation/Validation/ReservationValidationRuleProcessor.php,Line=35]
2019-08-17T20:22:17+07:00 [16782] DEBUG default - [User=Worapol Tejangkura (worapol_tej@yahoo.com)] Validating rule ReservationDateTimeRule. Passed?: 1 [File=/var/www/html/booking/lib/Application/Reservation/Validation/ReservationValidationRuleProcessor.php,Line=35]
2019-08-17T20:22:17+07:00 [16782] DEBUG default - [User=Worapol Tejangkura (worapol_tej@yahoo.com)] Validating rule ReservationBasicInfoRule. Passed?: 1 [File=/var/www/html/booking/lib/Application/Reservation/Validation/ReservationValidationRuleProcessor.php,Line=35]
2019-08-17T20:22:17+07:00 [16782] DEBUG default - [User=Worapol Tejangkura (worapol_tej@yahoo.com)] Start Time Rule: Comparing 2019-08-17 21:00:00 Asia/Bangkok to 2019-08-17 20:22:17 Asia/Bangkok [File=/var/www/html/booking/lib/Application/Reservation/Validation/ReservationStartTimeRule.php,Line=63]
2019-08-17T20:22:17+07:00 [16782] DEBUG default - [User=Worapol Tejangkura (worapol_tej@yahoo.com)] Validating rule AdminExcludedRule. Passed?: 1 [File=/var/www/html/booking/lib/Application/Reservation/Validation/ReservationValidationRuleProcessor.php,Line=35]
2019-08-17T20:22:17+07:00 [16782] DEBUG default - [User=Worapol Tejangkura (worapol_tej@yahoo.com)] Validating rule AdminExcludedRule. Passed?: 1 [File=/var/www/html/booking/lib/Application/Reservation/Validation/ReservationValidationRuleProcessor.php,Line=35]
2019-08-17T20:22:17+07:00 [16782] DEBUG default - [User=Worapol Tejangkura (worapol_tej@yahoo.com)] Validating rule AdminExcludedRule. Passed?: 1 [File=/var/www/html/booking/lib/Application/Reservation/Validation/ReservationValidationRuleProcessor.php,Line=35]
2019-08-17T20:22:17+07:00 [16782] DEBUG default - [User=Worapol Tejangkura (worapol_tej@yahoo.com)] Validating rule AdminExcludedRule. Passed?: 1 [File=/var/www/html/booking/lib/Application/Reservation/Validation/ReservationValidationRuleProcessor.php,Line=35]
2019-08-17T20:22:17+07:00 [16782] DEBUG default - [User=Worapol Tejangkura (worapol_tej@yahoo.com)] Validating rule AdminExcludedRule. Passed?: 1 [File=/var/www/html/booking/lib/Application/Reservation/Validation/ReservationValidationRuleProcessor.php,Line=35]
2019-08-17T20:22:17+07:00 [16782] DEBUG default - [User=Worapol Tejangkura (worapol_tej@yahoo.com)] Validating rule ReservationAttachmentRule. Passed?: 1 [File=/var/www/html/booking/lib/Application/Reservation/Validation/ReservationValidationRuleProcessor.php,Line=35]
2019-08-17T20:22:17+07:00 [16782] DEBUG default - [User=Worapol Tejangkura (worapol_tej@yahoo.com)] Validating rule AdminExcludedRule. Passed?: 1 [File=/var/www/html/booking/lib/Application/Reservation/Validation/ReservationValidationRuleProcessor.php,Line=35]
2019-08-17T20:22:17+07:00 [16782] DEBUG default - [User=Worapol Tejangkura (worapol_tej@yahoo.com)] Validating rule AdminExcludedRule. Passed?: 1 [File=/var/www/html/booking/lib/Application/Reservation/Validation/ReservationValidationRuleProcessor.php,Line=35]
2019-08-17T20:22:17+07:00 [16782] DEBUG default - [User=Worapol Tejangkura (worapol_tej@yahoo.com)] Validating rule AdminExcludedRule. Passed?: 1 [File=/var/www/html/booking/lib/Application/Reservation/Validation/ReservationValidationRuleProcessor.php,Line=35]
2019-08-17T20:22:17+07:00 [16782] DEBUG default - [User=Worapol Tejangkura (worapol_tej@yahoo.com)] Validating rule AdminExcludedRule. Passed?: 1 [File=/var/www/html/booking/lib/Application/Reservation/Validation/ReservationValidationRuleProcessor.php,Line=35]
2019-08-17T20:22:17+07:00 [16782] DEBUG default - [User=Worapol Tejangkura (worapol_tej@yahoo.com)] Validating rule SchedulePeriodRule. Passed?: 1 [File=/var/www/html/booking/lib/Application/Reservation/Validation/ReservationValidationRuleProcessor.php,Line=35]
2019-08-17T20:22:17+07:00 [16782] DEBUG default - [User=Worapol Tejangkura (worapol_tej@yahoo.com)] Validating rule AdminExcludedRule. Passed?: 1 [File=/var/www/html/booking/lib/Application/Reservation/Validation/ReservationValidationRuleProcessor.php,Line=35]
2019-08-17T20:22:17+07:00 [16782] DEBUG default - [User=Worapol Tejangkura (worapol_tej@yahoo.com)] Validating rule AdminExcludedRule. Passed?: 1 [File=/var/www/html/booking/lib/Application/Reservation/Validation/ReservationValidationRuleProcessor.php,Line=35]
2019-08-17T20:22:17+07:00 [16782] DEBUG default - [User=Worapol Tejangkura (worapol_tej@yahoo.com)] Validating rule AccessoryAvailabilityRule. Passed?: 1 [File=/var/www/html/booking/lib/Application/Reservation/Validation/ReservationValidationRuleProcessor.php,Line=35]
2019-08-17T20:22:17+07:00 [16782] DEBUG default - [User=Worapol Tejangkura (worapol_tej@yahoo.com)] Validating rule AccessoryResourceRule. Passed?: 1 [File=/var/www/html/booking/lib/Application/Reservation/Validation/ReservationValidationRuleProcessor.php,Line=35]
2019-08-17T20:22:17+07:00 [16782] DEBUG default - [User=Worapol Tejangkura (worapol_tej@yahoo.com)] CREDITS - Reservation update adjusting credits for user 537 by 0. Required 0, consumed 0 [File=/var/www/html/booking/Domain/Access/ReservationRepository.php,Line=209]
2019-08-17T20:22:17+07:00 [16782] DEBUG default - [User=Worapol Tejangkura (worapol_tej@yahoo.com)] Calling notify on OwnerEmailCreatedNotification for reservation 5d57ff892dd42321027695 [File=/var/www/html/booking/lib/Application/Reservation/Notification/IReservationNotificationService.php,Line=53]
2019-08-17T20:22:17+07:00 [16782] DEBUG default - [User=Worapol Tejangkura (worapol_tej@yahoo.com)] Owner does not want these types of email notifications. Email=worapol_tej@yahoo.com, ReferenceNumber=5d57ff892dd42321027695 [File=/var/www/html/booking/lib/Application/Reservation/Notification/OwnerEmailNotification.php,Line=60]
2019-08-17T20:22:17+07:00 [16782] DEBUG default - [User=Worapol Tejangkura (worapol_tej@yahoo.com)] Calling notify on AdminEmailCreatedNotification for reservation 5d57ff892dd42321027695 [File=/var/www/html/booking/lib/Application/Reservation/Notification/IReservationNotificationService.php,Line=53]
2019-08-17T20:22:17+07:00 [16782] DEBUG default - [User=Worapol Tejangkura (worapol_tej@yahoo.com)] Calling notify on AdminEmailApprovalNotification for reservation 5d57ff892dd42321027695 [File=/var/www/html/booking/lib/Application/Reservation/Notification/IReservationNotificationService.php,Line=53]
2019-08-17T20:22:17+07:00 [16782] DEBUG default - [User=Worapol Tejangkura (worapol_tej@yahoo.com)] Calling notify on ParticipantAddedEmailNotification for reservation 5d57ff892dd42321027695 [File=/var/www/html/booking/lib/Application/Reservation/Notification/IReservationNotificationService.php,Line=53]
2019-08-17T20:22:17+07:00 [16782] DEBUG default - [User=Worapol Tejangkura (worapol_tej@yahoo.com)] Calling notify on InviteeAddedEmailNotification for reservation 5d57ff892dd42321027695 [File=/var/www/html/booking/lib/Application/Reservation/Notification/IReservationNotificationService.php,Line=53]
2019-08-17T20:22:17+07:00 [16782] DEBUG default - [User=Worapol Tejangkura (worapol_tej@yahoo.com)] Calling notify on GuestAddedEmailNotification for reservation 5d57ff892dd42321027695 [File=/var/www/html/booking/lib/Application/Reservation/Notification/IReservationNotificationService.php,Line=53]
2019-08-17T20:37:28+07:00 [16782] DEBUG default - [User=Phattananawee Nalaoh (1530311@vistec.ac.th)] Adding custom attribute value for entityId=26, attributeId=29 [File=/var/www/html/booking/lib/Application/Attributes/AttributeList.php,Line=122]
2019-08-17T20:37:28+07:00 [16782] DEBUG default - [User=Phattananawee Nalaoh (1530311@vistec.ac.th)] Took 0 seconds to load custom attributes for category 4 [File=/var/www/html/booking/lib/Application/Attributes/AttributeService.php,Line=154]
2019-08-17T20:37:28+07:00 [16782] DEBUG default - [User=Phattananawee Nalaoh (1530311@vistec.ac.th)] Found 1 attributes for entityId 26 [File=/var/www/html/booking/lib/Application/Attributes/AttributeList.php,Line=165]
2019-08-17T20:37:28+07:00 [16782] DEBUG default - [User=Phattananawee Nalaoh (1530311@vistec.ac.th)] Took 0 seconds to load custom attributes for category 5 [File=/var/www/html/booking/lib/Application/Attributes/AttributeService.php,Line=154]
2019-08-17T20:37:28+07:00 [16782] DEBUG default - [User=Phattananawee Nalaoh (1530311@vistec.ac.th)] Found 0 attributes for entityId 2 [File=/var/www/html/booking/lib/Application/Attributes/AttributeList.php,Line=165]
2019-08-17T20:37:33+07:00 [16913] DEBUG default - [User=Phattananawee Nalaoh (1530311@vistec.ac.th)] Adding custom attribute value for entityId=14, attributeId=29 [File=/var/www/html/booking/lib/Application/Attributes/AttributeList.php,Line=122]
2019-08-17T20:37:33+07:00 [16913] DEBUG default - [User=Phattananawee Nalaoh (1530311@vistec.ac.th)] Took 0 seconds to load custom attributes for category 4 [File=/var/www/html/booking/lib/Application/Attributes/AttributeService.php,Line=154]
2019-08-17T20:37:33+07:00 [16913] DEBUG default - [User=Phattananawee Nalaoh (1530311@vistec.ac.th)] Found 1 attributes for entityId 14 [File=/var/www/html/booking/lib/Application/Attributes/AttributeList.php,Line=165]
2019-08-17T20:37:33+07:00 [16913] DEBUG default - [User=Phattananawee Nalaoh (1530311@vistec.ac.th)] Took 0 seconds to load custom attributes for category 5 [File=/var/www/html/booking/lib/Application/Attributes/AttributeService.php,Line=154]
2019-08-17T20:37:33+07:00 [16913] DEBUG default - [User=Phattananawee Nalaoh (1530311@vistec.ac.th)] Found 0 attributes for entityId 4 [File=/var/www/html/booking/lib/Application/Attributes/AttributeList.php,Line=165]
2019-08-17T20:37:41+07:00 [16782] DEBUG default - [User=Phattananawee Nalaoh (1530311@vistec.ac.th)] applies 0 allowed 1, ids 2 requested  [File=/var/www/html/booking/lib/Application/Attributes/AttributeService.php,Line=294]
2019-08-17T20:37:41+07:00 [16782] DEBUG default - [User=Phattananawee Nalaoh (1530311@vistec.ac.th)] applies 0 allowed 0, ids 17 requested  [File=/var/www/html/booking/lib/Application/Attributes/AttributeService.php,Line=294]
2019-08-17T20:37:41+07:00 [16782] DEBUG default - [User=Phattananawee Nalaoh (1530311@vistec.ac.th)] applies 0 allowed 0, ids 25 requested  [File=/var/www/html/booking/lib/Application/Attributes/AttributeService.php,Line=294]
2019-08-17T20:37:41+07:00 [16782] DEBUG default - [User=Phattananawee Nalaoh (1530311@vistec.ac.th)] applies 0 allowed 0, ids 16 requested  [File=/var/www/html/booking/lib/Application/Attributes/AttributeService.php,Line=294]
2019-08-17T20:37:41+07:00 [16782] DEBUG default - [User=Phattananawee Nalaoh (1530311@vistec.ac.th)] applies 0 allowed 0, ids 25 requested  [File=/var/www/html/booking/lib/Application/Attributes/AttributeService.php,Line=294]
2019-08-17T20:37:41+07:00 [16782] DEBUG default - [User=Phattananawee Nalaoh (1530311@vistec.ac.th)] applies 0 allowed 1, ids 26 requested  [File=/var/www/html/booking/lib/Application/Attributes/AttributeService.php,Line=294]
2019-08-17T20:37:41+07:00 [16782] DEBUG default - [User=Phattananawee Nalaoh (1530311@vistec.ac.th)] applies 0 allowed 0, ids 29 requested  [File=/var/www/html/booking/lib/Application/Attributes/AttributeService.php,Line=294]
2019-08-17T20:37:41+07:00 [16782] DEBUG default - [User=Phattananawee Nalaoh (1530311@vistec.ac.th)] applies 0 allowed 1, ids 26 requested  [File=/var/www/html/booking/lib/Application/Attributes/AttributeService.php,Line=294]
2019-08-17T20:37:41+07:00 [16782] DEBUG default - [User=Phattananawee Nalaoh (1530311@vistec.ac.th)] applies 0 allowed 1, ids 2 requested  [File=/var/www/html/booking/lib/Application/Attributes/AttributeService.php,Line=294]
2019-08-17T20:37:41+07:00 [16782] DEBUG default - [User=Phattananawee Nalaoh (1530311@vistec.ac.th)] applies 0 allowed 0, ids 15 requested  [File=/var/www/html/booking/lib/Application/Attributes/AttributeService.php,Line=294]
2019-08-17T20:37:41+07:00 [16782] DEBUG default - [User=Phattananawee Nalaoh (1530311@vistec.ac.th)] applies 0 allowed 0, ids 18,27 requested  [File=/var/www/html/booking/lib/Application/Attributes/AttributeService.php,Line=294]
2019-08-17T20:37:41+07:00 [16782] DEBUG default - [User=Phattananawee Nalaoh (1530311@vistec.ac.th)] applies 0 allowed 0, ids 16 requested  [File=/var/www/html/booking/lib/Application/Attributes/AttributeService.php,Line=294]
2019-08-17T20:37:41+07:00 [16782] DEBUG default - [User=Phattananawee Nalaoh (1530311@vistec.ac.th)] applies 0 allowed 0, ids 18 requested  [File=/var/www/html/booking/lib/Application/Attributes/AttributeService.php,Line=294]
2019-08-17T20:37:41+07:00 [16782] DEBUG default - [User=Phattananawee Nalaoh (1530311@vistec.ac.th)] applies 0 allowed 1, ids 26 requested  [File=/var/www/html/booking/lib/Application/Attributes/AttributeService.php,Line=294]
2019-08-17T20:37:41+07:00 [16782] DEBUG default - [User=Phattananawee Nalaoh (1530311@vistec.ac.th)] applies 0 allowed 1, ids 18,2 requested  [File=/var/www/html/booking/lib/Application/Attributes/AttributeService.php,Line=294]
2019-08-17T20:37:41+07:00 [16782] DEBUG default - [User=Phattananawee Nalaoh (1530311@vistec.ac.th)] applies 0 allowed 0, ids 17 requested  [File=/var/www/html/booking/lib/Application/Attributes/AttributeService.php,Line=294]
2019-08-17T20:37:41+07:00 [16782] DEBUG default - [User=Phattananawee Nalaoh (1530311@vistec.ac.th)] applies 0 allowed 0, ids 17 requested  [File=/var/www/html/booking/lib/Application/Attributes/AttributeService.php,Line=294]
2019-08-17T20:37:41+07:00 [16782] DEBUG default - [User=Phattananawee Nalaoh (1530311@vistec.ac.th)] applies 0 allowed 1, ids 26 requested  [File=/var/www/html/booking/lib/Application/Attributes/AttributeService.php,Line=294]
2019-08-17T20:37:41+07:00 [16782] DEBUG default - [User=Phattananawee Nalaoh (1530311@vistec.ac.th)] applies 0 allowed 1, ids 2 requested  [File=/var/www/html/booking/lib/Application/Attributes/AttributeService.php,Line=294]
2019-08-17T20:37:41+07:00 [16782] DEBUG default - [User=Phattananawee Nalaoh (1530311@vistec.ac.th)] applies 0 allowed 0, ids 17 requested  [File=/var/www/html/booking/lib/Application/Attributes/AttributeService.php,Line=294]
2019-08-17T20:37:41+07:00 [16782] DEBUG default - [User=Phattananawee Nalaoh (1530311@vistec.ac.th)] applies 0 allowed 0, ids 16 requested  [File=/var/www/html/booking/lib/Application/Attributes/AttributeService.php,Line=294]
2019-08-17T20:37:41+07:00 [16782] DEBUG default - [User=Phattananawee Nalaoh (1530311@vistec.ac.th)] applies 0 allowed 1, ids 23,26,22,21 requested  [File=/var/www/html/booking/lib/Application/Attributes/AttributeService.php,Line=294]
2019-08-17T20:37:41+07:00 [16782] DEBUG default - [User=Phattananawee Nalaoh (1530311@vistec.ac.th)] applies 0 allowed 1, ids 23,26,22,29,21 requested  [File=/var/www/html/booking/lib/Application/Attributes/AttributeService.php,Line=294]
2019-08-17T20:37:48+07:00 [16795] DEBUG default - [User=Phattananawee Nalaoh (1530311@vistec.ac.th)] applies 0 allowed 1, ids 2 requested NaN [File=/var/www/html/booking/lib/Application/Attributes/AttributeService.php,Line=294]
2019-08-17T20:37:48+07:00 [16795] DEBUG default - [User=Phattananawee Nalaoh (1530311@vistec.ac.th)] applies 0 allowed 0, ids 17 requested NaN [File=/var/www/html/booking/lib/Application/Attributes/AttributeService.php,Line=294]
2019-08-17T20:37:48+07:00 [16795] DEBUG default - [User=Phattananawee Nalaoh (1530311@vistec.ac.th)] applies 0 allowed 0, ids 25 requested NaN [File=/var/www/html/booking/lib/Application/Attributes/AttributeService.php,Line=294]
2019-08-17T20:37:48+07:00 [16795] DEBUG default - [User=Phattananawee Nalaoh (1530311@vistec.ac.th)] applies 0 allowed 0, ids 16 requested NaN [File=/var/www/html/booking/lib/Application/Attributes/AttributeService.php,Line=294]
2019-08-17T20:37:48+07:00 [16795] DEBUG default - [User=Phattananawee Nalaoh (1530311@vistec.ac.th)] applies 0 allowed 0, ids 25 requested NaN [File=/var/www/html/booking/lib/Application/Attributes/AttributeService.php,Line=294]
2019-08-17T20:37:48+07:00 [16795] DEBUG default - [User=Phattananawee Nalaoh (1530311@vistec.ac.th)] applies 0 allowed 1, ids 26 requested NaN [File=/var/www/html/booking/lib/Application/Attributes/AttributeService.php,Line=294]
2019-08-17T20:37:48+07:00 [16795] DEBUG default - [User=Phattananawee Nalaoh (1530311@vistec.ac.th)] applies 0 allowed 0, ids 29 requested NaN [File=/var/www/html/booking/lib/Application/Attributes/AttributeService.php,Line=294]
2019-08-17T20:37:48+07:00 [16795] DEBUG default - [User=Phattananawee Nalaoh (1530311@vistec.ac.th)] applies 0 allowed 1, ids 26 requested NaN [File=/var/www/html/booking/lib/Application/Attributes/AttributeService.php,Line=294]
2019-08-17T20:37:48+07:00 [16795] DEBUG default - [User=Phattananawee Nalaoh (1530311@vistec.ac.th)] applies 0 allowed 1, ids 2 requested NaN [File=/var/www/html/booking/lib/Application/Attributes/AttributeService.php,Line=294]
2019-08-17T20:37:48+07:00 [16795] DEBUG default - [User=Phattananawee Nalaoh (1530311@vistec.ac.th)] applies 0 allowed 0, ids 15 requested NaN [File=/var/www/html/booking/lib/Application/Attributes/AttributeService.php,Line=294]
2019-08-17T20:37:48+07:00 [16795] DEBUG default - [User=Phattananawee Nalaoh (1530311@vistec.ac.th)] applies 0 allowed 0, ids 18,27 requested NaN [File=/var/www/html/booking/lib/Application/Attributes/AttributeService.php,Line=294]
2019-08-17T20:37:48+07:00 [16795] DEBUG default - [User=Phattananawee Nalaoh (1530311@vistec.ac.th)] applies 0 allowed 0, ids 16 requested NaN [File=/var/www/html/booking/lib/Application/Attributes/AttributeService.php,Line=294]
2019-08-17T20:37:48+07:00 [16795] DEBUG default - [User=Phattananawee Nalaoh (1530311@vistec.ac.th)] applies 0 allowed 0, ids 18 requested NaN [File=/var/www/html/booking/lib/Application/Attributes/AttributeService.php,Line=294]
2019-08-17T20:37:48+07:00 [16795] DEBUG default - [User=Phattananawee Nalaoh (1530311@vistec.ac.th)] applies 0 allowed 1, ids 26 requested NaN [File=/var/www/html/booking/lib/Application/Attributes/AttributeService.php,Line=294]
2019-08-17T20:37:48+07:00 [16795] DEBUG default - [User=Phattananawee Nalaoh (1530311@vistec.ac.th)] applies 0 allowed 1, ids 18,2 requested NaN [File=/var/www/html/booking/lib/Application/Attributes/AttributeService.php,Line=294]
2019-08-17T20:37:48+07:00 [16795] DEBUG default - [User=Phattananawee Nalaoh (1530311@vistec.ac.th)] applies 0 allowed 0, ids 17 requested NaN [File=/var/www/html/booking/lib/Application/Attributes/AttributeService.php,Line=294]
2019-08-17T20:37:48+07:00 [16795] DEBUG default - [User=Phattananawee Nalaoh (1530311@vistec.ac.th)] applies 0 allowed 0, ids 17 requested NaN [File=/var/www/html/booking/lib/Application/Attributes/AttributeService.php,Line=294]
2019-08-17T20:37:48+07:00 [16795] DEBUG default - [User=Phattananawee Nalaoh (1530311@vistec.ac.th)] applies 0 allowed 1, ids 26 requested NaN [File=/var/www/html/booking/lib/Application/Attributes/AttributeService.php,Line=294]
2019-08-17T20:37:48+07:00 [16795] DEBUG default - [User=Phattananawee Nalaoh (1530311@vistec.ac.th)] applies 0 allowed 1, ids 2 requested NaN [File=/var/www/html/booking/lib/Application/Attributes/AttributeService.php,Line=294]
2019-08-17T20:37:48+07:00 [16795] DEBUG default - [User=Phattananawee Nalaoh (1530311@vistec.ac.th)] applies 0 allowed 0, ids 17 requested NaN [File=/var/www/html/booking/lib/Application/Attributes/AttributeService.php,Line=294]
2019-08-17T20:37:48+07:00 [16795] DEBUG default - [User=Phattananawee Nalaoh (1530311@vistec.ac.th)] applies 0 allowed 0, ids 16 requested NaN [File=/var/www/html/booking/lib/Application/Attributes/AttributeService.php,Line=294]
2019-08-17T20:37:48+07:00 [16795] DEBUG default - [User=Phattananawee Nalaoh (1530311@vistec.ac.th)] applies 0 allowed 1, ids 23,26,22,21 requested NaN [File=/var/www/html/booking/lib/Application/Attributes/AttributeService.php,Line=294]
2019-08-17T20:37:48+07:00 [16795] DEBUG default - [User=Phattananawee Nalaoh (1530311@vistec.ac.th)] applies 0 allowed 1, ids 23,26,22,29,21 requested NaN [File=/var/www/html/booking/lib/Application/Attributes/AttributeService.php,Line=294]
2019-08-17T20:41:09+07:00 [16913] DEBUG default - [User=Kamonnart Imwiset (1530307@vistec.ac.th)] applies 0 allowed 1, ids 2 requested 16 [File=/var/www/html/booking/lib/Application/Attributes/AttributeService.php,Line=294]
2019-08-17T20:41:09+07:00 [16913] DEBUG default - [User=Kamonnart Imwiset (1530307@vistec.ac.th)] applies 0 allowed 1, ids 17 requested 16 [File=/var/www/html/booking/lib/Application/Attributes/AttributeService.php,Line=294]
2019-08-17T20:41:09+07:00 [16913] DEBUG default - [User=Kamonnart Imwiset (1530307@vistec.ac.th)] applies 0 allowed 0, ids 25 requested 16 [File=/var/www/html/booking/lib/Application/Attributes/AttributeService.php,Line=294]
2019-08-17T20:41:09+07:00 [16913] DEBUG default - [User=Kamonnart Imwiset (1530307@vistec.ac.th)] applies 1 allowed 1, ids 16 requested 16 [File=/var/www/html/booking/lib/Application/Attributes/AttributeService.php,Line=294]
2019-08-17T20:41:09+07:00 [16913] DEBUG default - [User=Kamonnart Imwiset (1530307@vistec.ac.th)] applies 0 allowed 0, ids 25 requested 16 [File=/var/www/html/booking/lib/Application/Attributes/AttributeService.php,Line=294]
2019-08-17T20:41:09+07:00 [16913] DEBUG default - [User=Kamonnart Imwiset (1530307@vistec.ac.th)] applies 0 allowed 1, ids 26 requested 16 [File=/var/www/html/booking/lib/Application/Attributes/AttributeService.php,Line=294]
2019-08-17T20:41:09+07:00 [16913] DEBUG default - [User=Kamonnart Imwiset (1530307@vistec.ac.th)] applies 0 allowed 0, ids 29 requested 16 [File=/var/www/html/booking/lib/Application/Attributes/AttributeService.php,Line=294]
2019-08-17T20:41:09+07:00 [16913] DEBUG default - [User=Kamonnart Imwiset (1530307@vistec.ac.th)] applies 0 allowed 1, ids 26 requested 16 [File=/var/www/html/booking/lib/Application/Attributes/AttributeService.php,Line=294]
2019-08-17T20:41:09+07:00 [16913] DEBUG default - [User=Kamonnart Imwiset (1530307@vistec.ac.th)] applies 0 allowed 1, ids 2 requested 16 [File=/var/www/html/booking/lib/Application/Attributes/AttributeService.php,Line=294]
2019-08-17T20:41:09+07:00 [16913] DEBUG default - [User=Kamonnart Imwiset (1530307@vistec.ac.th)] applies 0 allowed 0, ids 15 requested 16 [File=/var/www/html/booking/lib/Application/Attributes/AttributeService.php,Line=294]
2019-08-17T20:41:09+07:00 [16913] DEBUG default - [User=Kamonnart Imwiset (1530307@vistec.ac.th)] applies 0 allowed 0, ids 18,27 requested 16 [File=/var/www/html/booking/lib/Application/Attributes/AttributeService.php,Line=294]
2019-08-17T20:41:09+07:00 [16913] DEBUG default - [User=Kamonnart Imwiset (1530307@vistec.ac.th)] applies 1 allowed 1, ids 16 requested 16 [File=/var/www/html/booking/lib/Application/Attributes/AttributeService.php,Line=294]
2019-08-17T20:41:09+07:00 [16913] DEBUG default - [User=Kamonnart Imwiset (1530307@vistec.ac.th)] applies 0 allowed 0, ids 18 requested 16 [File=/var/www/html/booking/lib/Application/Attributes/AttributeService.php,Line=294]
2019-08-17T20:41:09+07:00 [16913] DEBUG default - [User=Kamonnart Imwiset (1530307@vistec.ac.th)] applies 0 allowed 1, ids 26 requested 16 [File=/var/www/html/booking/lib/Application/Attributes/AttributeService.php,Line=294]
2019-08-17T20:41:09+07:00 [16913] DEBUG default - [User=Kamonnart Imwiset (1530307@vistec.ac.th)] applies 0 allowed 1, ids 18,2 requested 16 [File=/var/www/html/booking/lib/Application/Attributes/AttributeService.php,Line=294]
2019-08-17T20:41:09+07:00 [16913] DEBUG default - [User=Kamonnart Imwiset (1530307@vistec.ac.th)] applies 0 allowed 1, ids 17 requested 16 [File=/var/www/html/booking/lib/Application/Attributes/AttributeService.php,Line=294]
2019-08-17T20:41:09+07:00 [16913] DEBUG default - [User=Kamonnart Imwiset (1530307@vistec.ac.th)] applies 0 allowed 1, ids 17 requested 16 [File=/var/www/html/booking/lib/Application/Attributes/AttributeService.php,Line=294]
2019-08-17T20:41:09+07:00 [16913] DEBUG default - [User=Kamonnart Imwiset (1530307@vistec.ac.th)] applies 0 allowed 1, ids 26 requested 16 [File=/var/www/html/booking/lib/Application/Attributes/AttributeService.php,Line=294]
2019-08-17T20:41:09+07:00 [16913] DEBUG default - [User=Kamonnart Imwiset (1530307@vistec.ac.th)] applies 0 allowed 1, ids 2 requested 16 [File=/var/www/html/booking/lib/Application/Attributes/AttributeService.php,Line=294]
2019-08-17T20:41:09+07:00 [16913] DEBUG default - [User=Kamonnart Imwiset (1530307@vistec.ac.th)] applies 0 allowed 1, ids 17 requested 16 [File=/var/www/html/booking/lib/Application/Attributes/AttributeService.php,Line=294]
2019-08-17T20:41:09+07:00 [16913] DEBUG default - [User=Kamonnart Imwiset (1530307@vistec.ac.th)] applies 1 allowed 1, ids 16 requested 16 [File=/var/www/html/booking/lib/Application/Attributes/AttributeService.php,Line=294]
2019-08-17T20:41:09+07:00 [16913] DEBUG default - [User=Kamonnart Imwiset (1530307@vistec.ac.th)] applies 0 allowed 1, ids 23,26,22,21 requested 16 [File=/var/www/html/booking/lib/Application/Attributes/AttributeService.php,Line=294]
2019-08-17T20:41:09+07:00 [16913] DEBUG default - [User=Kamonnart Imwiset (1530307@vistec.ac.th)] applies 0 allowed 1, ids 23,26,22,29,21 requested 16 [File=/var/www/html/booking/lib/Application/Attributes/AttributeService.php,Line=294]
2019-08-17T20:41:18+07:00 [16782] DEBUG default - [User=Kamonnart Imwiset (1530307@vistec.ac.th)] AutoComplete: 1 results found for search type: user, term: alisa [File=/var/www/html/booking/Pages/Ajax/AutoCompletePage.php,Line=42]
2019-08-17T20:41:35+07:00 [16913] DEBUG default - [User=Kamonnart Imwiset (1530307@vistec.ac.th)] applies 0 allowed 1, ids 2 requested 16 [File=/var/www/html/booking/lib/Application/Attributes/AttributeService.php,Line=294]
2019-08-17T20:41:35+07:00 [16913] DEBUG default - [User=Kamonnart Imwiset (1530307@vistec.ac.th)] applies 0 allowed 1, ids 17 requested 16 [File=/var/www/html/booking/lib/Application/Attributes/AttributeService.php,Line=294]
2019-08-17T20:41:35+07:00 [16913] DEBUG default - [User=Kamonnart Imwiset (1530307@vistec.ac.th)] applies 0 allowed 0, ids 25 requested 16 [File=/var/www/html/booking/lib/Application/Attributes/AttributeService.php,Line=294]
2019-08-17T20:41:35+07:00 [16913] DEBUG default - [User=Kamonnart Imwiset (1530307@vistec.ac.th)] applies 1 allowed 1, ids 16 requested 16 [File=/var/www/html/booking/lib/Application/Attributes/AttributeService.php,Line=294]
2019-08-17T20:41:35+07:00 [16913] DEBUG default - [User=Kamonnart Imwiset (1530307@vistec.ac.th)] applies 0 allowed 0, ids 25 requested 16 [File=/var/www/html/booking/lib/Application/Attributes/AttributeService.php,Line=294]
2019-08-17T20:41:35+07:00 [16913] DEBUG default - [User=Kamonnart Imwiset (1530307@vistec.ac.th)] applies 0 allowed 1, ids 26 requested 16 [File=/var/www/html/booking/lib/Application/Attributes/AttributeService.php,Line=294]
2019-08-17T20:41:35+07:00 [16913] DEBUG default - [User=Kamonnart Imwiset (1530307@vistec.ac.th)] applies 0 allowed 0, ids 29 requested 16 [File=/var/www/html/booking/lib/Application/Attributes/AttributeService.php,Line=294]
2019-08-17T20:41:35+07:00 [16913] DEBUG default - [User=Kamonnart Imwiset (1530307@vistec.ac.th)] applies 0 allowed 1, ids 26 requested 16 [File=/var/www/html/booking/lib/Application/Attributes/AttributeService.php,Line=294]
2019-08-17T20:41:35+07:00 [16913] DEBUG default - [User=Kamonnart Imwiset (1530307@vistec.ac.th)] applies 0 allowed 1, ids 2 requested 16 [File=/var/www/html/booking/lib/Application/Attributes/AttributeService.php,Line=294]
2019-08-17T20:41:35+07:00 [16913] DEBUG default - [User=Kamonnart Imwiset (1530307@vistec.ac.th)] applies 0 allowed 0, ids 15 requested 16 [File=/var/www/html/booking/lib/Application/Attributes/AttributeService.php,Line=294]
2019-08-17T20:41:35+07:00 [16913] DEBUG default - [User=Kamonnart Imwiset (1530307@vistec.ac.th)] applies 0 allowed 0, ids 18,27 requested 16 [File=/var/www/html/booking/lib/Application/Attributes/AttributeService.php,Line=294]
2019-08-17T20:41:35+07:00 [16913] DEBUG default - [User=Kamonnart Imwiset (1530307@vistec.ac.th)] applies 1 allowed 1, ids 16 requested 16 [File=/var/www/html/booking/lib/Application/Attributes/AttributeService.php,Line=294]
2019-08-17T20:41:35+07:00 [16913] DEBUG default - [User=Kamonnart Imwiset (1530307@vistec.ac.th)] applies 0 allowed 0, ids 18 requested 16 [File=/var/www/html/booking/lib/Application/Attributes/AttributeService.php,Line=294]
2019-08-17T20:41:35+07:00 [16913] DEBUG default - [User=Kamonnart Imwiset (1530307@vistec.ac.th)] applies 0 allowed 1, ids 26 requested 16 [File=/var/www/html/booking/lib/Application/Attributes/AttributeService.php,Line=294]
2019-08-17T20:41:35+07:00 [16913] DEBUG default - [User=Kamonnart Imwiset (1530307@vistec.ac.th)] applies 0 allowed 1, ids 18,2 requested 16 [File=/var/www/html/booking/lib/Application/Attributes/AttributeService.php,Line=294]
2019-08-17T20:41:35+07:00 [16913] DEBUG default - [User=Kamonnart Imwiset (1530307@vistec.ac.th)] applies 0 allowed 1, ids 17 requested 16 [File=/var/www/html/booking/lib/Application/Attributes/AttributeService.php,Line=294]
2019-08-17T20:41:35+07:00 [16913] DEBUG default - [User=Kamonnart Imwiset (1530307@vistec.ac.th)] applies 0 allowed 1, ids 17 requested 16 [File=/var/www/html/booking/lib/Application/Attributes/AttributeService.php,Line=294]
2019-08-17T20:41:35+07:00 [16913] DEBUG default - [User=Kamonnart Imwiset (1530307@vistec.ac.th)] applies 0 allowed 1, ids 26 requested 16 [File=/var/www/html/booking/lib/Application/Attributes/AttributeService.php,Line=294]
2019-08-17T20:41:35+07:00 [16913] DEBUG default - [User=Kamonnart Imwiset (1530307@vistec.ac.th)] applies 0 allowed 1, ids 2 requested 16 [File=/var/www/html/booking/lib/Application/Attributes/AttributeService.php,Line=294]
2019-08-17T20:41:35+07:00 [16913] DEBUG default - [User=Kamonnart Imwiset (1530307@vistec.ac.th)] applies 0 allowed 1, ids 17 requested 16 [File=/var/www/html/booking/lib/Application/Attributes/AttributeService.php,Line=294]
2019-08-17T20:41:35+07:00 [16913] DEBUG default - [User=Kamonnart Imwiset (1530307@vistec.ac.th)] applies 1 allowed 1, ids 16 requested 16 [File=/var/www/html/booking/lib/Application/Attributes/AttributeService.php,Line=294]
2019-08-17T20:41:35+07:00 [16913] DEBUG default - [User=Kamonnart Imwiset (1530307@vistec.ac.th)] applies 0 allowed 1, ids 23,26,22,21 requested 16 [File=/var/www/html/booking/lib/Application/Attributes/AttributeService.php,Line=294]
2019-08-17T20:41:35+07:00 [16913] DEBUG default - [User=Kamonnart Imwiset (1530307@vistec.ac.th)] applies 0 allowed 1, ids 23,26,22,29,21 requested 16 [File=/var/www/html/booking/lib/Application/Attributes/AttributeService.php,Line=294]
2019-08-17T20:41:41+07:00 [16795] DEBUG default - [User=Phattananawee Nalaoh (1530311@vistec.ac.th)] applies 0 allowed 1, ids 2 requested  [File=/var/www/html/booking/lib/Application/Attributes/AttributeService.php,Line=294]
2019-08-17T20:41:41+07:00 [16795] DEBUG default - [User=Phattananawee Nalaoh (1530311@vistec.ac.th)] applies 0 allowed 0, ids 17 requested  [File=/var/www/html/booking/lib/Application/Attributes/AttributeService.php,Line=294]
2019-08-17T20:41:41+07:00 [16795] DEBUG default - [User=Phattananawee Nalaoh (1530311@vistec.ac.th)] applies 0 allowed 0, ids 25 requested  [File=/var/www/html/booking/lib/Application/Attributes/AttributeService.php,Line=294]
2019-08-17T20:41:41+07:00 [16795] DEBUG default - [User=Phattananawee Nalaoh (1530311@vistec.ac.th)] applies 0 allowed 0, ids 16 requested  [File=/var/www/html/booking/lib/Application/Attributes/AttributeService.php,Line=294]
2019-08-17T20:41:41+07:00 [16795] DEBUG default - [User=Phattananawee Nalaoh (1530311@vistec.ac.th)] applies 0 allowed 0, ids 25 requested  [File=/var/www/html/booking/lib/Application/Attributes/AttributeService.php,Line=294]
2019-08-17T20:41:41+07:00 [16795] DEBUG default - [User=Phattananawee Nalaoh (1530311@vistec.ac.th)] applies 0 allowed 1, ids 26 requested  [File=/var/www/html/booking/lib/Application/Attributes/AttributeService.php,Line=294]
2019-08-17T20:41:41+07:00 [16795] DEBUG default - [User=Phattananawee Nalaoh (1530311@vistec.ac.th)] applies 0 allowed 0, ids 29 requested  [File=/var/www/html/booking/lib/Application/Attributes/AttributeService.php,Line=294]
2019-08-17T20:41:41+07:00 [16795] DEBUG default - [User=Phattananawee Nalaoh (1530311@vistec.ac.th)] applies 0 allowed 1, ids 26 requested  [File=/var/www/html/booking/lib/Application/Attributes/AttributeService.php,Line=294]
2019-08-17T20:41:41+07:00 [16795] DEBUG default - [User=Phattananawee Nalaoh (1530311@vistec.ac.th)] applies 0 allowed 1, ids 2 requested  [File=/var/www/html/booking/lib/Application/Attributes/AttributeService.php,Line=294]
2019-08-17T20:41:41+07:00 [16795] DEBUG default - [User=Phattananawee Nalaoh (1530311@vistec.ac.th)] applies 0 allowed 0, ids 15 requested  [File=/var/www/html/booking/lib/Application/Attributes/AttributeService.php,Line=294]
2019-08-17T20:41:41+07:00 [16795] DEBUG default - [User=Phattananawee Nalaoh (1530311@vistec.ac.th)] applies 0 allowed 0, ids 18,27 requested  [File=/var/www/html/booking/lib/Application/Attributes/AttributeService.php,Line=294]
2019-08-17T20:41:41+07:00 [16795] DEBUG default - [User=Phattananawee Nalaoh (1530311@vistec.ac.th)] applies 0 allowed 0, ids 16 requested  [File=/var/www/html/booking/lib/Application/Attributes/AttributeService.php,Line=294]
2019-08-17T20:41:41+07:00 [16795] DEBUG default - [User=Phattananawee Nalaoh (1530311@vistec.ac.th)] applies 0 allowed 0, ids 18 requested  [File=/var/www/html/booking/lib/Application/Attributes/AttributeService.php,Line=294]
2019-08-17T20:41:41+07:00 [16795] DEBUG default - [User=Phattananawee Nalaoh (1530311@vistec.ac.th)] applies 0 allowed 1, ids 26 requested  [File=/var/www/html/booking/lib/Application/Attributes/AttributeService.php,Line=294]
2019-08-17T20:41:41+07:00 [16795] DEBUG default - [User=Phattananawee Nalaoh (1530311@vistec.ac.th)] applies 0 allowed 1, ids 18,2 requested  [File=/var/www/html/booking/lib/Application/Attributes/AttributeService.php,Line=294]
2019-08-17T20:41:41+07:00 [16795] DEBUG default - [User=Phattananawee Nalaoh (1530311@vistec.ac.th)] applies 0 allowed 0, ids 17 requested  [File=/var/www/html/booking/lib/Application/Attributes/AttributeService.php,Line=294]
2019-08-17T20:41:41+07:00 [16795] DEBUG default - [User=Phattananawee Nalaoh (1530311@vistec.ac.th)] applies 0 allowed 0, ids 17 requested  [File=/var/www/html/booking/lib/Application/Attributes/AttributeService.php,Line=294]
2019-08-17T20:41:41+07:00 [16795] DEBUG default - [User=Phattananawee Nalaoh (1530311@vistec.ac.th)] applies 0 allowed 1, ids 26 requested  [File=/var/www/html/booking/lib/Application/Attributes/AttributeService.php,Line=294]
2019-08-17T20:41:41+07:00 [16795] DEBUG default - [User=Phattananawee Nalaoh (1530311@vistec.ac.th)] applies 0 allowed 1, ids 2 requested  [File=/var/www/html/booking/lib/Application/Attributes/AttributeService.php,Line=294]
2019-08-17T20:41:41+07:00 [16795] DEBUG default - [User=Phattananawee Nalaoh (1530311@vistec.ac.th)] applies 0 allowed 0, ids 17 requested  [File=/var/www/html/booking/lib/Application/Attributes/AttributeService.php,Line=294]
2019-08-17T20:41:41+07:00 [16795] DEBUG default - [User=Phattananawee Nalaoh (1530311@vistec.ac.th)] applies 0 allowed 0, ids 16 requested  [File=/var/www/html/booking/lib/Application/Attributes/AttributeService.php,Line=294]
2019-08-17T20:41:41+07:00 [16795] DEBUG default - [User=Phattananawee Nalaoh (1530311@vistec.ac.th)] applies 0 allowed 1, ids 23,26,22,21 requested  [File=/var/www/html/booking/lib/Application/Attributes/AttributeService.php,Line=294]
2019-08-17T20:41:41+07:00 [16795] DEBUG default - [User=Phattananawee Nalaoh (1530311@vistec.ac.th)] applies 0 allowed 1, ids 23,26,22,29,21 requested  [File=/var/www/html/booking/lib/Application/Attributes/AttributeService.php,Line=294]
2019-08-17T20:41:42+07:00 [16782] DEBUG default - [User=Kamonnart Imwiset (1530307@vistec.ac.th)] AutoComplete: 1 results found for search type: user, term: alisa [File=/var/www/html/booking/Pages/Ajax/AutoCompletePage.php,Line=42]
2019-08-17T20:41:54+07:00 [16913] DEBUG default - [User=Kamonnart Imwiset (1530307@vistec.ac.th)] applies 0 allowed 1, ids 2 requested 16 [File=/var/www/html/booking/lib/Application/Attributes/AttributeService.php,Line=294]
2019-08-17T20:41:54+07:00 [16913] DEBUG default - [User=Kamonnart Imwiset (1530307@vistec.ac.th)] applies 0 allowed 1, ids 17 requested 16 [File=/var/www/html/booking/lib/Application/Attributes/AttributeService.php,Line=294]
2019-08-17T20:41:54+07:00 [16913] DEBUG default - [User=Kamonnart Imwiset (1530307@vistec.ac.th)] applies 0 allowed 0, ids 25 requested 16 [File=/var/www/html/booking/lib/Application/Attributes/AttributeService.php,Line=294]
2019-08-17T20:41:54+07:00 [16913] DEBUG default - [User=Kamonnart Imwiset (1530307@vistec.ac.th)] applies 1 allowed 1, ids 16 requested 16 [File=/var/www/html/booking/lib/Application/Attributes/AttributeService.php,Line=294]
2019-08-17T20:41:54+07:00 [16913] DEBUG default - [User=Kamonnart Imwiset (1530307@vistec.ac.th)] applies 0 allowed 0, ids 25 requested 16 [File=/var/www/html/booking/lib/Application/Attributes/AttributeService.php,Line=294]
2019-08-17T20:41:54+07:00 [16913] DEBUG default - [User=Kamonnart Imwiset (1530307@vistec.ac.th)] applies 0 allowed 1, ids 26 requested 16 [File=/var/www/html/booking/lib/Application/Attributes/AttributeService.php,Line=294]
2019-08-17T20:41:54+07:00 [16913] DEBUG default - [User=Kamonnart Imwiset (1530307@vistec.ac.th)] applies 0 allowed 0, ids 29 requested 16 [File=/var/www/html/booking/lib/Application/Attributes/AttributeService.php,Line=294]
2019-08-17T20:41:54+07:00 [16913] DEBUG default - [User=Kamonnart Imwiset (1530307@vistec.ac.th)] applies 0 allowed 1, ids 26 requested 16 [File=/var/www/html/booking/lib/Application/Attributes/AttributeService.php,Line=294]
2019-08-17T20:41:54+07:00 [16913] DEBUG default - [User=Kamonnart Imwiset (1530307@vistec.ac.th)] applies 0 allowed 1, ids 2 requested 16 [File=/var/www/html/booking/lib/Application/Attributes/AttributeService.php,Line=294]
2019-08-17T20:41:54+07:00 [16913] DEBUG default - [User=Kamonnart Imwiset (1530307@vistec.ac.th)] applies 0 allowed 0, ids 15 requested 16 [File=/var/www/html/booking/lib/Application/Attributes/AttributeService.php,Line=294]
2019-08-17T20:41:54+07:00 [16913] DEBUG default - [User=Kamonnart Imwiset (1530307@vistec.ac.th)] applies 0 allowed 0, ids 18,27 requested 16 [File=/var/www/html/booking/lib/Application/Attributes/AttributeService.php,Line=294]
2019-08-17T20:41:54+07:00 [16913] DEBUG default - [User=Kamonnart Imwiset (1530307@vistec.ac.th)] applies 1 allowed 1, ids 16 requested 16 [File=/var/www/html/booking/lib/Application/Attributes/AttributeService.php,Line=294]
2019-08-17T20:41:54+07:00 [16913] DEBUG default - [User=Kamonnart Imwiset (1530307@vistec.ac.th)] applies 0 allowed 0, ids 18 requested 16 [File=/var/www/html/booking/lib/Application/Attributes/AttributeService.php,Line=294]
2019-08-17T20:41:54+07:00 [16913] DEBUG default - [User=Kamonnart Imwiset (1530307@vistec.ac.th)] applies 0 allowed 1, ids 26 requested 16 [File=/var/www/html/booking/lib/Application/Attributes/AttributeService.php,Line=294]
2019-08-17T20:41:54+07:00 [16913] DEBUG default - [User=Kamonnart Imwiset (1530307@vistec.ac.th)] applies 0 allowed 1, ids 18,2 requested 16 [File=/var/www/html/booking/lib/Application/Attributes/AttributeService.php,Line=294]
2019-08-17T20:41:54+07:00 [16913] DEBUG default - [User=Kamonnart Imwiset (1530307@vistec.ac.th)] applies 0 allowed 1, ids 17 requested 16 [File=/var/www/html/booking/lib/Application/Attributes/AttributeService.php,Line=294]
2019-08-17T20:41:54+07:00 [16913] DEBUG default - [User=Kamonnart Imwiset (1530307@vistec.ac.th)] applies 0 allowed 1, ids 17 requested 16 [File=/var/www/html/booking/lib/Application/Attributes/AttributeService.php,Line=294]
2019-08-17T20:41:54+07:00 [16913] DEBUG default - [User=Kamonnart Imwiset (1530307@vistec.ac.th)] applies 0 allowed 1, ids 26 requested 16 [File=/var/www/html/booking/lib/Application/Attributes/AttributeService.php,Line=294]
2019-08-17T20:41:54+07:00 [16913] DEBUG default - [User=Kamonnart Imwiset (1530307@vistec.ac.th)] applies 0 allowed 1, ids 2 requested 16 [File=/var/www/html/booking/lib/Application/Attributes/AttributeService.php,Line=294]
2019-08-17T20:41:54+07:00 [16913] DEBUG default - [User=Kamonnart Imwiset (1530307@vistec.ac.th)] applies 0 allowed 1, ids 17 requested 16 [File=/var/www/html/booking/lib/Application/Attributes/AttributeService.php,Line=294]
2019-08-17T20:41:54+07:00 [16913] DEBUG default - [User=Kamonnart Imwiset (1530307@vistec.ac.th)] applies 1 allowed 1, ids 16 requested 16 [File=/var/www/html/booking/lib/Application/Attributes/AttributeService.php,Line=294]
2019-08-17T20:41:54+07:00 [16913] DEBUG default - [User=Kamonnart Imwiset (1530307@vistec.ac.th)] applies 0 allowed 1, ids 23,26,22,21 requested 16 [File=/var/www/html/booking/lib/Application/Attributes/AttributeService.php,Line=294]
2019-08-17T20:41:54+07:00 [16913] DEBUG default - [User=Kamonnart Imwiset (1530307@vistec.ac.th)] applies 0 allowed 1, ids 23,26,22,29,21 requested 16 [File=/var/www/html/booking/lib/Application/Attributes/AttributeService.php,Line=294]
2019-08-17T20:42:00+07:00 [16795] DEBUG default - [User=Kamonnart Imwiset (1530307@vistec.ac.th)] AutoComplete: 4 results found for search type: user, term: ali [File=/var/www/html/booking/Pages/Ajax/AutoCompletePage.php,Line=42]
2019-08-17T20:52:13+07:00 [16913] DEBUG default - [User=Phattananawee Nalaoh (1530311@vistec.ac.th)] applies 0 allowed 1, ids 2 requested  [File=/var/www/html/booking/lib/Application/Attributes/AttributeService.php,Line=294]
2019-08-17T20:52:13+07:00 [16913] DEBUG default - [User=Phattananawee Nalaoh (1530311@vistec.ac.th)] applies 0 allowed 0, ids 17 requested  [File=/var/www/html/booking/lib/Application/Attributes/AttributeService.php,Line=294]
2019-08-17T20:52:13+07:00 [16913] DEBUG default - [User=Phattananawee Nalaoh (1530311@vistec.ac.th)] applies 0 allowed 0, ids 25 requested  [File=/var/www/html/booking/lib/Application/Attributes/AttributeService.php,Line=294]
2019-08-17T20:52:13+07:00 [16913] DEBUG default - [User=Phattananawee Nalaoh (1530311@vistec.ac.th)] applies 0 allowed 0, ids 16 requested  [File=/var/www/html/booking/lib/Application/Attributes/AttributeService.php,Line=294]
2019-08-17T20:52:13+07:00 [16913] DEBUG default - [User=Phattananawee Nalaoh (1530311@vistec.ac.th)] applies 0 allowed 0, ids 25 requested  [File=/var/www/html/booking/lib/Application/Attributes/AttributeService.php,Line=294]
2019-08-17T20:52:13+07:00 [16913] DEBUG default - [User=Phattananawee Nalaoh (1530311@vistec.ac.th)] applies 0 allowed 1, ids 26 requested  [File=/var/www/html/booking/lib/Application/Attributes/AttributeService.php,Line=294]
2019-08-17T20:52:13+07:00 [16913] DEBUG default - [User=Phattananawee Nalaoh (1530311@vistec.ac.th)] applies 0 allowed 0, ids 29 requested  [File=/var/www/html/booking/lib/Application/Attributes/AttributeService.php,Line=294]
2019-08-17T20:52:13+07:00 [16913] DEBUG default - [User=Phattananawee Nalaoh (1530311@vistec.ac.th)] applies 0 allowed 1, ids 26 requested  [File=/var/www/html/booking/lib/Application/Attributes/AttributeService.php,Line=294]
2019-08-17T20:52:13+07:00 [16913] DEBUG default - [User=Phattananawee Nalaoh (1530311@vistec.ac.th)] applies 0 allowed 1, ids 2 requested  [File=/var/www/html/booking/lib/Application/Attributes/AttributeService.php,Line=294]
2019-08-17T20:52:13+07:00 [16913] DEBUG default - [User=Phattananawee Nalaoh (1530311@vistec.ac.th)] applies 0 allowed 0, ids 15 requested  [File=/var/www/html/booking/lib/Application/Attributes/AttributeService.php,Line=294]
2019-08-17T20:52:13+07:00 [16913] DEBUG default - [User=Phattananawee Nalaoh (1530311@vistec.ac.th)] applies 0 allowed 0, ids 18,27 requested  [File=/var/www/html/booking/lib/Application/Attributes/AttributeService.php,Line=294]
2019-08-17T20:52:13+07:00 [16913] DEBUG default - [User=Phattananawee Nalaoh (1530311@vistec.ac.th)] applies 0 allowed 0, ids 16 requested  [File=/var/www/html/booking/lib/Application/Attributes/AttributeService.php,Line=294]
2019-08-17T20:52:13+07:00 [16913] DEBUG default - [User=Phattananawee Nalaoh (1530311@vistec.ac.th)] applies 0 allowed 0, ids 18 requested  [File=/var/www/html/booking/lib/Application/Attributes/AttributeService.php,Line=294]
2019-08-17T20:52:13+07:00 [16913] DEBUG default - [User=Phattananawee Nalaoh (1530311@vistec.ac.th)] applies 0 allowed 1, ids 26 requested  [File=/var/www/html/booking/lib/Application/Attributes/AttributeService.php,Line=294]
2019-08-17T20:52:13+07:00 [16913] DEBUG default - [User=Phattananawee Nalaoh (1530311@vistec.ac.th)] applies 0 allowed 1, ids 18,2 requested  [File=/var/www/html/booking/lib/Application/Attributes/AttributeService.php,Line=294]
2019-08-17T20:52:13+07:00 [16913] DEBUG default - [User=Phattananawee Nalaoh (1530311@vistec.ac.th)] applies 0 allowed 0, ids 17 requested  [File=/var/www/html/booking/lib/Application/Attributes/AttributeService.php,Line=294]
2019-08-17T20:52:13+07:00 [16913] DEBUG default - [User=Phattananawee Nalaoh (1530311@vistec.ac.th)] applies 0 allowed 0, ids 17 requested  [File=/var/www/html/booking/lib/Application/Attributes/AttributeService.php,Line=294]
2019-08-17T20:52:13+07:00 [16913] DEBUG default - [User=Phattananawee Nalaoh (1530311@vistec.ac.th)] applies 0 allowed 1, ids 26 requested  [File=/var/www/html/booking/lib/Application/Attributes/AttributeService.php,Line=294]
2019-08-17T20:52:13+07:00 [16913] DEBUG default - [User=Phattananawee Nalaoh (1530311@vistec.ac.th)] applies 0 allowed 1, ids 2 requested  [File=/var/www/html/booking/lib/Application/Attributes/AttributeService.php,Line=294]
2019-08-17T20:52:13+07:00 [16913] DEBUG default - [User=Phattananawee Nalaoh (1530311@vistec.ac.th)] applies 0 allowed 0, ids 17 requested  [File=/var/www/html/booking/lib/Application/Attributes/AttributeService.php,Line=294]
2019-08-17T20:52:13+07:00 [16913] DEBUG default - [User=Phattananawee Nalaoh (1530311@vistec.ac.th)] applies 0 allowed 0, ids 16 requested  [File=/var/www/html/booking/lib/Application/Attributes/AttributeService.php,Line=294]
2019-08-17T20:52:13+07:00 [16913] DEBUG default - [User=Phattananawee Nalaoh (1530311@vistec.ac.th)] applies 0 allowed 1, ids 23,26,22,21 requested  [File=/var/www/html/booking/lib/Application/Attributes/AttributeService.php,Line=294]
2019-08-17T20:52:13+07:00 [16913] DEBUG default - [User=Phattananawee Nalaoh (1530311@vistec.ac.th)] applies 0 allowed 1, ids 23,26,22,29,21 requested  [File=/var/www/html/booking/lib/Application/Attributes/AttributeService.php,Line=294]
