2019-01-31T10:12:31+07:00 [19563] DEBUG default - [User=Admin A. (Frc.booking@vistec.ac.th)] AutoComplete: 77 results found for search type: user, term: k [File=/home/gotit/domains/gotit.co.th/public_html/booking/Pages/Ajax/AutoCompletePage.php,Line=42]
2019-01-31T10:12:32+07:00 [19562] DEBUG default - [User=Admin A. (Frc.booking@vistec.ac.th)] AutoComplete: 7 results found for search type: user, term: kh [File=/home/gotit/domains/gotit.co.th/public_html/booking/Pages/Ajax/AutoCompletePage.php,Line=42]
2019-01-31T10:12:32+07:00 [19534] DEBUG default - [User=Admin A. (Frc.booking@vistec.ac.th)] AutoComplete: 0 results found for search type: user, term: khp [File=/home/gotit/domains/gotit.co.th/public_html/booking/Pages/Ajax/AutoCompletePage.php,Line=42]
2019-01-31T10:12:33+07:00 [19563] DEBUG default - [User=Admin A. (Frc.booking@vistec.ac.th)] AutoComplete: 7 results found for search type: user, term: kh [File=/home/gotit/domains/gotit.co.th/public_html/booking/Pages/Ajax/AutoCompletePage.php,Line=42]
2019-01-31T10:13:11+07:00 [19785] DEBUG default - [User=Admin A. (Frc.booking@vistec.ac.th)] AutoComplete: 67 results found for search type: user, term: g [File=/home/gotit/domains/gotit.co.th/public_html/booking/Pages/Ajax/AutoCompletePage.php,Line=42]
2019-01-31T10:13:11+07:00 [19799] DEBUG default - [User=Admin A. (Frc.booking@vistec.ac.th)] AutoComplete: 0 results found for search type: user, term: gfg [File=/home/gotit/domains/gotit.co.th/public_html/booking/Pages/Ajax/AutoCompletePage.php,Line=42]
2019-01-31T10:13:14+07:00 [19785] DEBUG default - [User=Admin A. (Frc.booking@vistec.ac.th)] AutoComplete: 142 results found for search type: user, term: n [File=/home/gotit/domains/gotit.co.th/public_html/booking/Pages/Ajax/AutoCompletePage.php,Line=42]
2019-01-31T10:13:21+07:00 [19799] DEBUG default - [User=Admin A. (Frc.booking@vistec.ac.th)] AutoComplete: 13 results found for search type: group, term:  [File=/home/gotit/domains/gotit.co.th/public_html/booking/Pages/Ajax/AutoCompletePage.php,Line=42]
2019-01-31T10:13:23+07:00 [19785] DEBUG default - [User=Admin A. (Frc.booking@vistec.ac.th)] AutoComplete: 77 results found for search type: user, term: k [File=/home/gotit/domains/gotit.co.th/public_html/booking/Pages/Ajax/AutoCompletePage.php,Line=42]
2019-01-31T10:13:23+07:00 [19799] DEBUG default - [User=Admin A. (Frc.booking@vistec.ac.th)] AutoComplete: 7 results found for search type: user, term: kh [File=/home/gotit/domains/gotit.co.th/public_html/booking/Pages/Ajax/AutoCompletePage.php,Line=42]
2019-01-31T10:13:24+07:00 [19785] DEBUG default - [User=Admin A. (Frc.booking@vistec.ac.th)] AutoComplete: 0 results found for search type: user, term: khp [File=/home/gotit/domains/gotit.co.th/public_html/booking/Pages/Ajax/AutoCompletePage.php,Line=42]
2019-01-31T10:13:26+07:00 [19799] DEBUG default - [User=Admin A. (Frc.booking@vistec.ac.th)] AutoComplete: 7 results found for search type: user, term: kh [File=/home/gotit/domains/gotit.co.th/public_html/booking/Pages/Ajax/AutoCompletePage.php,Line=42]
2019-01-31T10:15:03+07:00 [20106] DEBUG default - [User=Admin A. (Frc.booking@vistec.ac.th)] AutoComplete: 163 results found for search type: user, term:  [File=/home/gotit/domains/gotit.co.th/public_html/booking/Pages/Ajax/AutoCompletePage.php,Line=42]
2019-01-31T10:16:18+07:00 [21184] DEBUG default - [User=Admin A. (Frc.booking@vistec.ac.th)] AutoComplete: 98 results found for search type: user, term: p [File=/home/gotit/domains/gotit.co.th/public_html/booking/Pages/Ajax/AutoCompletePage.php,Line=42]
2019-01-31T10:16:24+07:00 [21184] DEBUG default - [User=Admin A. (Frc.booking@vistec.ac.th)] AutoComplete: 7 results found for search type: user, term: pi [File=/home/gotit/domains/gotit.co.th/public_html/booking/Pages/Ajax/AutoCompletePage.php,Line=42]
2019-01-31T10:16:24+07:00 [21184] DEBUG default - [User=Admin A. (Frc.booking@vistec.ac.th)] AutoComplete: 1 results found for search type: user, term: pim [File=/home/gotit/domains/gotit.co.th/public_html/booking/Pages/Ajax/AutoCompletePage.php,Line=42]
2019-01-31T10:16:29+07:00 [21184] DEBUG default - [User=Admin A. (Frc.booking@vistec.ac.th)] AutoComplete: 12 results found for search type: user, term: ji [File=/home/gotit/domains/gotit.co.th/public_html/booking/Pages/Ajax/AutoCompletePage.php,Line=42]
2019-01-31T10:17:03+07:00 [21482] DEBUG default - [User=Admin A. (Frc.booking@vistec.ac.th)] AutoComplete: 34 results found for search type: user, term: ta [File=/home/gotit/domains/gotit.co.th/public_html/booking/Pages/Ajax/AutoCompletePage.php,Line=42]
2019-01-31T10:17:03+07:00 [21482] DEBUG default - [User=Admin A. (Frc.booking@vistec.ac.th)] AutoComplete: 2 results found for search type: user, term: tani [File=/home/gotit/domains/gotit.co.th/public_html/booking/Pages/Ajax/AutoCompletePage.php,Line=42]
2019-01-31T10:17:30+07:00 [21602] DEBUG default - [User=Admin A. (Frc.booking@vistec.ac.th)] AutoComplete: 77 results found for search type: user, term: k [File=/home/gotit/domains/gotit.co.th/public_html/booking/Pages/Ajax/AutoCompletePage.php,Line=42]
2019-01-31T10:17:31+07:00 [21602] DEBUG default - [User=Admin A. (Frc.booking@vistec.ac.th)] AutoComplete: 24 results found for search type: user, term: ka [File=/home/gotit/domains/gotit.co.th/public_html/booking/Pages/Ajax/AutoCompletePage.php,Line=42]
2019-01-31T10:17:31+07:00 [21602] DEBUG default - [User=Admin A. (Frc.booking@vistec.ac.th)] AutoComplete: 6 results found for search type: user, term: kan [File=/home/gotit/domains/gotit.co.th/public_html/booking/Pages/Ajax/AutoCompletePage.php,Line=42]
2019-01-31T10:17:40+07:00 [21607] DEBUG default - [User=Admin A. (Frc.booking@vistec.ac.th)] AutoComplete: 98 results found for search type: user, term: p [File=/home/gotit/domains/gotit.co.th/public_html/booking/Pages/Ajax/AutoCompletePage.php,Line=42]
2019-01-31T10:17:41+07:00 [21607] DEBUG default - [User=Admin A. (Frc.booking@vistec.ac.th)] AutoComplete: 38 results found for search type: user, term: pa [File=/home/gotit/domains/gotit.co.th/public_html/booking/Pages/Ajax/AutoCompletePage.php,Line=42]
2019-01-31T10:17:42+07:00 [21602] DEBUG default - [User=Admin A. (Frc.booking@vistec.ac.th)] AutoComplete: 0 results found for search type: user, term: Kanyaporn.A (kanyaporn.a@vistec.ac.th) [File=/home/gotit/domains/gotit.co.th/public_html/booking/Pages/Ajax/AutoCompletePage.php,Line=42]
2019-01-31T10:17:49+07:00 [21607] DEBUG default - [User=Admin A. (Frc.booking@vistec.ac.th)] AutoComplete: 13 results found for search type: user, term: pan [File=/home/gotit/domains/gotit.co.th/public_html/booking/Pages/Ajax/AutoCompletePage.php,Line=42]
2019-01-31T10:17:50+07:00 [21602] DEBUG default - [User=Admin A. (Frc.booking@vistec.ac.th)] AutoComplete: 0 results found for search type: user, term: panpa [File=/home/gotit/domains/gotit.co.th/public_html/booking/Pages/Ajax/AutoCompletePage.php,Line=42]
2019-01-31T10:17:54+07:00 [21607] DEBUG default - [User=Admin A. (Frc.booking@vistec.ac.th)] AutoComplete: 0 results found for search type: user, term: panpapa [File=/home/gotit/domains/gotit.co.th/public_html/booking/Pages/Ajax/AutoCompletePage.php,Line=42]
2019-01-31T10:18:02+07:00 [21602] DEBUG default - [User=Admin A. (Frc.booking@vistec.ac.th)] AutoComplete: 121 results found for search type: user, term: 1 [File=/home/gotit/domains/gotit.co.th/public_html/booking/Pages/Ajax/AutoCompletePage.php,Line=42]
2019-01-31T10:18:03+07:00 [21607] DEBUG default - [User=Admin A. (Frc.booking@vistec.ac.th)] AutoComplete: 0 results found for search type: user, term: Nuttapong.C (1730307@vistec.ac.th) [File=/home/gotit/domains/gotit.co.th/public_html/booking/Pages/Ajax/AutoCompletePage.php,Line=42]
2019-01-31T10:18:07+07:00 [21602] DEBUG default - [User=Admin A. (Frc.booking@vistec.ac.th)] AutoComplete: 15 results found for search type: user, term: 163 [File=/home/gotit/domains/gotit.co.th/public_html/booking/Pages/Ajax/AutoCompletePage.php,Line=42]
2019-01-31T10:18:16+07:00 [21607] DEBUG default - [User=Admin A. (Frc.booking@vistec.ac.th)] AutoComplete: 15 results found for search type: user, term: 1630 [File=/home/gotit/domains/gotit.co.th/public_html/booking/Pages/Ajax/AutoCompletePage.php,Line=42]
2019-01-31T10:18:17+07:00 [21602] DEBUG default - [User=Admin A. (Frc.booking@vistec.ac.th)] AutoComplete: 3 results found for search type: user, term: 163040 [File=/home/gotit/domains/gotit.co.th/public_html/booking/Pages/Ajax/AutoCompletePage.php,Line=42]
2019-01-31T10:18:44+07:00 [22062] DEBUG default - [User=Admin A. (Frc.booking@vistec.ac.th)] AutoComplete: 69 results found for search type: user, term: l [File=/home/gotit/domains/gotit.co.th/public_html/booking/Pages/Ajax/AutoCompletePage.php,Line=42]
2019-01-31T10:18:45+07:00 [22062] DEBUG default - [User=Admin A. (Frc.booking@vistec.ac.th)] AutoComplete: 16 results found for search type: user, term: la [File=/home/gotit/domains/gotit.co.th/public_html/booking/Pages/Ajax/AutoCompletePage.php,Line=42]
2019-01-31T10:18:46+07:00 [22062] DEBUG default - [User=Admin A. (Frc.booking@vistec.ac.th)] AutoComplete: 0 results found for search type: user, term: Asweena.B (Asweena.b_s18@vistec.ac.th) [File=/home/gotit/domains/gotit.co.th/public_html/booking/Pages/Ajax/AutoCompletePage.php,Line=42]
2019-01-31T10:18:48+07:00 [22066] DEBUG default - [User=Admin A. (Frc.booking@vistec.ac.th)] AutoComplete: 69 results found for search type: user, term: l [File=/home/gotit/domains/gotit.co.th/public_html/booking/Pages/Ajax/AutoCompletePage.php,Line=42]
2019-01-31T10:18:48+07:00 [22062] DEBUG default - [User=Admin A. (Frc.booking@vistec.ac.th)] AutoComplete: 16 results found for search type: user, term: la [File=/home/gotit/domains/gotit.co.th/public_html/booking/Pages/Ajax/AutoCompletePage.php,Line=42]
2019-01-31T10:18:49+07:00 [22066] DEBUG default - [User=Admin A. (Frc.booking@vistec.ac.th)] AutoComplete: 2 results found for search type: user, term: lada [File=/home/gotit/domains/gotit.co.th/public_html/booking/Pages/Ajax/AutoCompletePage.php,Line=42]
2019-01-31T10:18:54+07:00 [22062] DEBUG default - [User=Admin A. (Frc.booking@vistec.ac.th)] Adding custom attribute value for entityId=16, attributeId=29 [File=/home/gotit/domains/gotit.co.th/public_html/booking/lib/Application/Attributes/AttributeList.php,Line=122]
2019-01-31T10:18:54+07:00 [22062] DEBUG default - [User=Admin A. (Frc.booking@vistec.ac.th)] Took 0 seconds to load custom attributes for category 4 [File=/home/gotit/domains/gotit.co.th/public_html/booking/lib/Application/Attributes/AttributeService.php,Line=154]
2019-01-31T10:18:54+07:00 [22062] DEBUG default - [User=Admin A. (Frc.booking@vistec.ac.th)] Found 1 attributes for entityId 16 [File=/home/gotit/domains/gotit.co.th/public_html/booking/lib/Application/Attributes/AttributeList.php,Line=165]
2019-01-31T10:18:54+07:00 [22062] DEBUG default - [User=Admin A. (Frc.booking@vistec.ac.th)] Took 0 seconds to load custom attributes for category 5 [File=/home/gotit/domains/gotit.co.th/public_html/booking/lib/Application/Attributes/AttributeService.php,Line=154]
2019-01-31T10:18:54+07:00 [22062] DEBUG default - [User=Admin A. (Frc.booking@vistec.ac.th)] Found 0 attributes for entityId 2 [File=/home/gotit/domains/gotit.co.th/public_html/booking/lib/Application/Attributes/AttributeList.php,Line=165]
2019-01-31T10:19:09+07:00 [22066] DEBUG default - [User=Admin A. (Frc.booking@vistec.ac.th)] Adding custom attribute value for entityId=28, attributeId=29 [File=/home/gotit/domains/gotit.co.th/public_html/booking/lib/Application/Attributes/AttributeList.php,Line=122]
2019-01-31T10:19:09+07:00 [22066] DEBUG default - [User=Admin A. (Frc.booking@vistec.ac.th)] Took 0 seconds to load custom attributes for category 4 [File=/home/gotit/domains/gotit.co.th/public_html/booking/lib/Application/Attributes/AttributeService.php,Line=154]
2019-01-31T10:19:09+07:00 [22066] DEBUG default - [User=Admin A. (Frc.booking@vistec.ac.th)] Found 1 attributes for entityId 28 [File=/home/gotit/domains/gotit.co.th/public_html/booking/lib/Application/Attributes/AttributeList.php,Line=165]
2019-01-31T10:19:09+07:00 [22066] DEBUG default - [User=Admin A. (Frc.booking@vistec.ac.th)] Took 0 seconds to load custom attributes for category 5 [File=/home/gotit/domains/gotit.co.th/public_html/booking/lib/Application/Attributes/AttributeService.php,Line=154]
2019-01-31T10:19:09+07:00 [22066] DEBUG default - [User=Admin A. (Frc.booking@vistec.ac.th)] Found 0 attributes for entityId 2 [File=/home/gotit/domains/gotit.co.th/public_html/booking/lib/Application/Attributes/AttributeList.php,Line=165]
2019-01-31T10:19:20+07:00 [22066] DEBUG default - [User=Admin A. (Frc.booking@vistec.ac.th)] Adding custom attribute value for entityId=12, attributeId=29 [File=/home/gotit/domains/gotit.co.th/public_html/booking/lib/Application/Attributes/AttributeList.php,Line=122]
2019-01-31T10:19:20+07:00 [22066] DEBUG default - [User=Admin A. (Frc.booking@vistec.ac.th)] Took 0 seconds to load custom attributes for category 4 [File=/home/gotit/domains/gotit.co.th/public_html/booking/lib/Application/Attributes/AttributeService.php,Line=154]
2019-01-31T10:19:20+07:00 [22066] DEBUG default - [User=Admin A. (Frc.booking@vistec.ac.th)] Found 1 attributes for entityId 12 [File=/home/gotit/domains/gotit.co.th/public_html/booking/lib/Application/Attributes/AttributeList.php,Line=165]
2019-01-31T10:19:20+07:00 [22066] DEBUG default - [User=Admin A. (Frc.booking@vistec.ac.th)] Took 0 seconds to load custom attributes for category 5 [File=/home/gotit/domains/gotit.co.th/public_html/booking/lib/Application/Attributes/AttributeService.php,Line=154]
2019-01-31T10:19:20+07:00 [22066] DEBUG default - [User=Admin A. (Frc.booking@vistec.ac.th)] Found 0 attributes for entityId 5 [File=/home/gotit/domains/gotit.co.th/public_html/booking/lib/Application/Attributes/AttributeList.php,Line=165]
2019-01-31T10:19:54+07:00 [22422] DEBUG default - [User=Admin A. (Frc.booking@vistec.ac.th)] AutoComplete: 77 results found for search type: user, term: k [File=/home/gotit/domains/gotit.co.th/public_html/booking/Pages/Ajax/AutoCompletePage.php,Line=42]
2019-01-31T10:19:54+07:00 [22422] DEBUG default - [User=Admin A. (Frc.booking@vistec.ac.th)] AutoComplete: 24 results found for search type: user, term: ka [File=/home/gotit/domains/gotit.co.th/public_html/booking/Pages/Ajax/AutoCompletePage.php,Line=42]
2019-01-31T10:19:55+07:00 [22422] DEBUG default - [User=Admin A. (Frc.booking@vistec.ac.th)] AutoComplete: 1 results found for search type: user, term: kach [File=/home/gotit/domains/gotit.co.th/public_html/booking/Pages/Ajax/AutoCompletePage.php,Line=42]
2019-01-31T10:19:55+07:00 [22422] DEBUG default - [User=Admin A. (Frc.booking@vistec.ac.th)] AutoComplete: 1 results found for search type: user, term: kacha [File=/home/gotit/domains/gotit.co.th/public_html/booking/Pages/Ajax/AutoCompletePage.php,Line=42]
2019-01-31T10:20:00+07:00 [22422] DEBUG default - [User=Admin A. (Frc.booking@vistec.ac.th)] AutoComplete: 83 results found for search type: user, term: m [File=/home/gotit/domains/gotit.co.th/public_html/booking/Pages/Ajax/AutoCompletePage.php,Line=42]
2019-01-31T10:20:01+07:00 [22422] DEBUG default - [User=Admin A. (Frc.booking@vistec.ac.th)] AutoComplete: 40 results found for search type: user, term: ma [File=/home/gotit/domains/gotit.co.th/public_html/booking/Pages/Ajax/AutoCompletePage.php,Line=42]
2019-01-31T10:20:01+07:00 [22422] DEBUG default - [User=Admin A. (Frc.booking@vistec.ac.th)] AutoComplete: 2 results found for search type: user, term: mar [File=/home/gotit/domains/gotit.co.th/public_html/booking/Pages/Ajax/AutoCompletePage.php,Line=42]
2019-01-31T10:20:02+07:00 [22422] DEBUG default - [User=Admin A. (Frc.booking@vistec.ac.th)] AutoComplete: 1 results found for search type: user, term: mari [File=/home/gotit/domains/gotit.co.th/public_html/booking/Pages/Ajax/AutoCompletePage.php,Line=42]
2019-01-31T10:20:13+07:00 [22422] DEBUG default - [User=Admin A. (Frc.booking@vistec.ac.th)] AutoComplete: 144 results found for search type: user, term: th [File=/home/gotit/domains/gotit.co.th/public_html/booking/Pages/Ajax/AutoCompletePage.php,Line=42]
2019-01-31T10:20:13+07:00 [22422] DEBUG default - [User=Admin A. (Frc.booking@vistec.ac.th)] AutoComplete: 17 results found for search type: user, term: tha [File=/home/gotit/domains/gotit.co.th/public_html/booking/Pages/Ajax/AutoCompletePage.php,Line=42]
2019-01-31T10:20:14+07:00 [22422] DEBUG default - [User=Admin A. (Frc.booking@vistec.ac.th)] AutoComplete: 2 results found for search type: user, term: than [File=/home/gotit/domains/gotit.co.th/public_html/booking/Pages/Ajax/AutoCompletePage.php,Line=42]
2019-01-31T10:20:28+07:00 [22422] DEBUG default - [User=Admin A. (Frc.booking@vistec.ac.th)] AutoComplete: 98 results found for search type: user, term: p [File=/home/gotit/domains/gotit.co.th/public_html/booking/Pages/Ajax/AutoCompletePage.php,Line=42]
2019-01-31T10:20:29+07:00 [22422] DEBUG default - [User=Admin A. (Frc.booking@vistec.ac.th)] AutoComplete: 2 results found for search type: user, term: peer [File=/home/gotit/domains/gotit.co.th/public_html/booking/Pages/Ajax/AutoCompletePage.php,Line=42]
2019-01-31T10:20:43+07:00 [22719] DEBUG default - [User=Admin A. (Frc.booking@vistec.ac.th)] AutoComplete: 53 results found for search type: user, term: w [File=/home/gotit/domains/gotit.co.th/public_html/booking/Pages/Ajax/AutoCompletePage.php,Line=42]
2019-01-31T10:20:44+07:00 [22422] DEBUG default - [User=Admin A. (Frc.booking@vistec.ac.th)] AutoComplete: 9 results found for search type: user, term: wo [File=/home/gotit/domains/gotit.co.th/public_html/booking/Pages/Ajax/AutoCompletePage.php,Line=42]
2019-01-31T10:20:44+07:00 [22719] DEBUG default - [User=Admin A. (Frc.booking@vistec.ac.th)] AutoComplete: 4 results found for search type: user, term: wor [File=/home/gotit/domains/gotit.co.th/public_html/booking/Pages/Ajax/AutoCompletePage.php,Line=42]
2019-01-31T10:20:44+07:00 [22422] DEBUG default - [User=Admin A. (Frc.booking@vistec.ac.th)] AutoComplete: 4 results found for search type: user, term: wora [File=/home/gotit/domains/gotit.co.th/public_html/booking/Pages/Ajax/AutoCompletePage.php,Line=42]
2019-01-31T10:20:51+07:00 [22422] DEBUG default - [User=Admin A. (Frc.booking@vistec.ac.th)] AutoComplete: 98 results found for search type: user, term: p [File=/home/gotit/domains/gotit.co.th/public_html/booking/Pages/Ajax/AutoCompletePage.php,Line=42]
2019-01-31T10:20:52+07:00 [22422] DEBUG default - [User=Admin A. (Frc.booking@vistec.ac.th)] AutoComplete: 12 results found for search type: user, term: pha [File=/home/gotit/domains/gotit.co.th/public_html/booking/Pages/Ajax/AutoCompletePage.php,Line=42]
2019-01-31T10:20:52+07:00 [22422] DEBUG default - [User=Admin A. (Frc.booking@vistec.ac.th)] AutoComplete: 6 results found for search type: user, term: phat [File=/home/gotit/domains/gotit.co.th/public_html/booking/Pages/Ajax/AutoCompletePage.php,Line=42]
2019-01-31T10:20:55+07:00 [22719] DEBUG default - [User=Admin A. (Frc.booking@vistec.ac.th)] Adding custom attribute value for entityId=10, attributeId=29 [File=/home/gotit/domains/gotit.co.th/public_html/booking/lib/Application/Attributes/AttributeList.php,Line=122]
2019-01-31T10:20:55+07:00 [22719] DEBUG default - [User=Admin A. (Frc.booking@vistec.ac.th)] Took 0 seconds to load custom attributes for category 4 [File=/home/gotit/domains/gotit.co.th/public_html/booking/lib/Application/Attributes/AttributeService.php,Line=154]
2019-01-31T10:20:55+07:00 [22719] DEBUG default - [User=Admin A. (Frc.booking@vistec.ac.th)] Found 1 attributes for entityId 10 [File=/home/gotit/domains/gotit.co.th/public_html/booking/lib/Application/Attributes/AttributeList.php,Line=165]
2019-01-31T10:20:55+07:00 [22719] DEBUG default - [User=Admin A. (Frc.booking@vistec.ac.th)] Took 0 seconds to load custom attributes for category 5 [File=/home/gotit/domains/gotit.co.th/public_html/booking/lib/Application/Attributes/AttributeService.php,Line=154]
2019-01-31T10:20:55+07:00 [22719] DEBUG default - [User=Admin A. (Frc.booking@vistec.ac.th)] Found 0 attributes for entityId 1 [File=/home/gotit/domains/gotit.co.th/public_html/booking/lib/Application/Attributes/AttributeList.php,Line=165]
2019-01-31T10:21:19+07:00 [22719] DEBUG default - [User=Admin A. (Frc.booking@vistec.ac.th)] Adding custom attribute value for entityId=11, attributeId=29 [File=/home/gotit/domains/gotit.co.th/public_html/booking/lib/Application/Attributes/AttributeList.php,Line=122]
2019-01-31T10:21:19+07:00 [22719] DEBUG default - [User=Admin A. (Frc.booking@vistec.ac.th)] Took 0 seconds to load custom attributes for category 4 [File=/home/gotit/domains/gotit.co.th/public_html/booking/lib/Application/Attributes/AttributeService.php,Line=154]
2019-01-31T10:21:19+07:00 [22719] DEBUG default - [User=Admin A. (Frc.booking@vistec.ac.th)] Found 1 attributes for entityId 11 [File=/home/gotit/domains/gotit.co.th/public_html/booking/lib/Application/Attributes/AttributeList.php,Line=165]
2019-01-31T10:21:19+07:00 [22719] DEBUG default - [User=Admin A. (Frc.booking@vistec.ac.th)] Took 0 seconds to load custom attributes for category 5 [File=/home/gotit/domains/gotit.co.th/public_html/booking/lib/Application/Attributes/AttributeService.php,Line=154]
2019-01-31T10:21:19+07:00 [22719] DEBUG default - [User=Admin A. (Frc.booking@vistec.ac.th)] Found 0 attributes for entityId 4 [File=/home/gotit/domains/gotit.co.th/public_html/booking/lib/Application/Attributes/AttributeList.php,Line=165]
2019-01-31T10:21:45+07:00 [23156] DEBUG default - [User=Admin A. (Frc.booking@vistec.ac.th)] Adding custom attribute value for entityId=25, attributeId=29 [File=/home/gotit/domains/gotit.co.th/public_html/booking/lib/Application/Attributes/AttributeList.php,Line=122]
2019-01-31T10:21:45+07:00 [23156] DEBUG default - [User=Admin A. (Frc.booking@vistec.ac.th)] Took 0 seconds to load custom attributes for category 4 [File=/home/gotit/domains/gotit.co.th/public_html/booking/lib/Application/Attributes/AttributeService.php,Line=154]
2019-01-31T10:21:45+07:00 [23156] DEBUG default - [User=Admin A. (Frc.booking@vistec.ac.th)] Found 1 attributes for entityId 25 [File=/home/gotit/domains/gotit.co.th/public_html/booking/lib/Application/Attributes/AttributeList.php,Line=165]
2019-01-31T10:21:45+07:00 [23156] DEBUG default - [User=Admin A. (Frc.booking@vistec.ac.th)] Took 0 seconds to load custom attributes for category 5 [File=/home/gotit/domains/gotit.co.th/public_html/booking/lib/Application/Attributes/AttributeService.php,Line=154]
2019-01-31T10:21:45+07:00 [23156] DEBUG default - [User=Admin A. (Frc.booking@vistec.ac.th)] Found 0 attributes for entityId 1 [File=/home/gotit/domains/gotit.co.th/public_html/booking/lib/Application/Attributes/AttributeList.php,Line=165]
2019-01-31T10:22:04+07:00 [23156] DEBUG default - [User=Admin A. (Frc.booking@vistec.ac.th)] AutoComplete: 98 results found for search type: user, term: p [File=/home/gotit/domains/gotit.co.th/public_html/booking/Pages/Ajax/AutoCompletePage.php,Line=42]
2019-01-31T10:22:05+07:00 [23156] DEBUG default - [User=Admin A. (Frc.booking@vistec.ac.th)] AutoComplete: 13 results found for search type: user, term: pra [File=/home/gotit/domains/gotit.co.th/public_html/booking/Pages/Ajax/AutoCompletePage.php,Line=42]
2019-01-31T10:22:06+07:00 [23156] DEBUG default - [User=Admin A. (Frc.booking@vistec.ac.th)] AutoComplete: 2 results found for search type: user, term: prae [File=/home/gotit/domains/gotit.co.th/public_html/booking/Pages/Ajax/AutoCompletePage.php,Line=42]
2019-01-31T10:22:19+07:00 [23156] DEBUG default - [User=Admin A. (Frc.booking@vistec.ac.th)] Adding custom attribute value for entityId=17, attributeId=29 [File=/home/gotit/domains/gotit.co.th/public_html/booking/lib/Application/Attributes/AttributeList.php,Line=122]
2019-01-31T10:22:19+07:00 [23156] DEBUG default - [User=Admin A. (Frc.booking@vistec.ac.th)] Took 0 seconds to load custom attributes for category 4 [File=/home/gotit/domains/gotit.co.th/public_html/booking/lib/Application/Attributes/AttributeService.php,Line=154]
2019-01-31T10:22:19+07:00 [23156] DEBUG default - [User=Admin A. (Frc.booking@vistec.ac.th)] Found 1 attributes for entityId 17 [File=/home/gotit/domains/gotit.co.th/public_html/booking/lib/Application/Attributes/AttributeList.php,Line=165]
2019-01-31T10:22:19+07:00 [23156] DEBUG default - [User=Admin A. (Frc.booking@vistec.ac.th)] Took 0 seconds to load custom attributes for category 5 [File=/home/gotit/domains/gotit.co.th/public_html/booking/lib/Application/Attributes/AttributeService.php,Line=154]
2019-01-31T10:22:19+07:00 [23156] DEBUG default - [User=Admin A. (Frc.booking@vistec.ac.th)] Found 0 attributes for entityId 2 [File=/home/gotit/domains/gotit.co.th/public_html/booking/lib/Application/Attributes/AttributeList.php,Line=165]
2019-01-31T10:22:34+07:00 [23241] DEBUG default - [User=Admin A. (Frc.booking@vistec.ac.th)] AutoComplete: 1 results found for search type: user, term: taya [File=/home/gotit/domains/gotit.co.th/public_html/booking/Pages/Ajax/AutoCompletePage.php,Line=42]
2019-01-31T10:22:37+07:00 [23241] DEBUG default - [User=Admin A. (Frc.booking@vistec.ac.th)] AutoComplete: 1 results found for search type: user, term: ratta [File=/home/gotit/domains/gotit.co.th/public_html/booking/Pages/Ajax/AutoCompletePage.php,Line=42]
2019-01-31T10:22:48+07:00 [23241] DEBUG default - [User=Admin A. (Frc.booking@vistec.ac.th)] AutoComplete: 67 results found for search type: user, term: ra [File=/home/gotit/domains/gotit.co.th/public_html/booking/Pages/Ajax/AutoCompletePage.php,Line=42]
2019-01-31T10:22:50+07:00 [23156] DEBUG default - [User=Admin A. (Frc.booking@vistec.ac.th)] AutoComplete: 1 results found for search type: user, term: ratta [File=/home/gotit/domains/gotit.co.th/public_html/booking/Pages/Ajax/AutoCompletePage.php,Line=42]
2019-01-31T10:22:54+07:00 [23241] DEBUG default - [User=Admin A. (Frc.booking@vistec.ac.th)] AutoComplete: 2 results found for search type: user, term: kamon [File=/home/gotit/domains/gotit.co.th/public_html/booking/Pages/Ajax/AutoCompletePage.php,Line=42]
2019-01-31T10:23:23+07:00 [23241] DEBUG default - [User=Admin A. (Frc.booking@vistec.ac.th)] AutoComplete: 152 results found for search type: user, term: s [File=/home/gotit/domains/gotit.co.th/public_html/booking/Pages/Ajax/AutoCompletePage.php,Line=42]
2019-01-31T10:23:23+07:00 [23156] DEBUG default - [User=Admin A. (Frc.booking@vistec.ac.th)] AutoComplete: 41 results found for search type: user, term: sa [File=/home/gotit/domains/gotit.co.th/public_html/booking/Pages/Ajax/AutoCompletePage.php,Line=42]
2019-01-31T10:23:24+07:00 [23241] DEBUG default - [User=Admin A. (Frc.booking@vistec.ac.th)] AutoComplete: 10 results found for search type: user, term: sar [File=/home/gotit/domains/gotit.co.th/public_html/booking/Pages/Ajax/AutoCompletePage.php,Line=42]
2019-01-31T10:23:24+07:00 [23156] DEBUG default - [User=Admin A. (Frc.booking@vistec.ac.th)] AutoComplete: 6 results found for search type: user, term: sara [File=/home/gotit/domains/gotit.co.th/public_html/booking/Pages/Ajax/AutoCompletePage.php,Line=42]
2019-01-31T10:23:24+07:00 [23241] DEBUG default - [User=Admin A. (Frc.booking@vistec.ac.th)] AutoComplete: 2 results found for search type: user, term: saran [File=/home/gotit/domains/gotit.co.th/public_html/booking/Pages/Ajax/AutoCompletePage.php,Line=42]
2019-01-31T10:23:28+07:00 [23156] DEBUG default - [User=Admin A. (Frc.booking@vistec.ac.th)] AutoComplete: 3 results found for search type: user, term: ve [File=/home/gotit/domains/gotit.co.th/public_html/booking/Pages/Ajax/AutoCompletePage.php,Line=42]
2019-01-31T10:24:39+07:00 [23838] DEBUG default - [User=Admin A. (Frc.booking@vistec.ac.th)] AutoComplete: 1 results found for search type: user, term: pim [File=/home/gotit/domains/gotit.co.th/public_html/booking/Pages/Ajax/AutoCompletePage.php,Line=42]
2019-01-31T10:24:46+07:00 [23838] DEBUG default - [User=Admin A. (Frc.booking@vistec.ac.th)] AutoComplete: 12 results found for search type: user, term: ji [File=/home/gotit/domains/gotit.co.th/public_html/booking/Pages/Ajax/AutoCompletePage.php,Line=42]
2019-01-31T10:24:59+07:00 [23838] DEBUG default - [User=Admin A. (Frc.booking@vistec.ac.th)] AutoComplete: 136 results found for search type: user, term: v [File=/home/gotit/domains/gotit.co.th/public_html/booking/Pages/Ajax/AutoCompletePage.php,Line=42]
2019-01-31T10:24:59+07:00 [23838] DEBUG default - [User=Admin A. (Frc.booking@vistec.ac.th)] AutoComplete: 3 results found for search type: user, term: ve [File=/home/gotit/domains/gotit.co.th/public_html/booking/Pages/Ajax/AutoCompletePage.php,Line=42]
2019-01-31T10:25:02+07:00 [23838] DEBUG default - [User=Admin A. (Frc.booking@vistec.ac.th)] AutoComplete: 163 results found for search type: user, term:  [File=/home/gotit/domains/gotit.co.th/public_html/booking/Pages/Ajax/AutoCompletePage.php,Line=42]
2019-01-31T10:25:33+07:00 [23838] DEBUG default - [User=Admin A. (Frc.booking@vistec.ac.th)] AutoComplete: 83 results found for search type: user, term: M [File=/home/gotit/domains/gotit.co.th/public_html/booking/Pages/Ajax/AutoCompletePage.php,Line=42]
2019-01-31T10:25:34+07:00 [23838] DEBUG default - [User=Admin A. (Frc.booking@vistec.ac.th)] AutoComplete: 10 results found for search type: user, term: Mo [File=/home/gotit/domains/gotit.co.th/public_html/booking/Pages/Ajax/AutoCompletePage.php,Line=42]
2019-01-31T10:25:45+07:00 [23838] DEBUG default - [User=Admin A. (Frc.booking@vistec.ac.th)] AutoComplete: 83 results found for search type: user, term: M [File=/home/gotit/domains/gotit.co.th/public_html/booking/Pages/Ajax/AutoCompletePage.php,Line=42]
2019-01-31T10:25:45+07:00 [23838] DEBUG default - [User=Admin A. (Frc.booking@vistec.ac.th)] AutoComplete: 40 results found for search type: user, term: Ma [File=/home/gotit/domains/gotit.co.th/public_html/booking/Pages/Ajax/AutoCompletePage.php,Line=42]
2019-01-31T10:25:47+07:00 [24217] DEBUG default - [User=Admin A. (Frc.booking@vistec.ac.th)] AutoComplete: 1 results found for search type: user, term: Mari [File=/home/gotit/domains/gotit.co.th/public_html/booking/Pages/Ajax/AutoCompletePage.php,Line=42]
2019-01-31T10:25:55+07:00 [24217] DEBUG default - [User=Admin A. (Frc.booking@vistec.ac.th)] AutoComplete: 24 results found for search type: user, term: Ka [File=/home/gotit/domains/gotit.co.th/public_html/booking/Pages/Ajax/AutoCompletePage.php,Line=42]
2019-01-31T10:25:57+07:00 [23838] DEBUG default - [User=Admin A. (Frc.booking@vistec.ac.th)] AutoComplete: 1 results found for search type: user, term: Kach [File=/home/gotit/domains/gotit.co.th/public_html/booking/Pages/Ajax/AutoCompletePage.php,Line=42]
2019-01-31T10:25:57+07:00 [23838] DEBUG default - [User=Admin A. (Frc.booking@vistec.ac.th)] AutoComplete: 1 results found for search type: user, term: Kacha [File=/home/gotit/domains/gotit.co.th/public_html/booking/Pages/Ajax/AutoCompletePage.php,Line=42]
2019-01-31T10:25:58+07:00 [24217] DEBUG default - [User=Admin A. (Frc.booking@vistec.ac.th)] AutoComplete: 1 results found for search type: user, term: Kachapo [File=/home/gotit/domains/gotit.co.th/public_html/booking/Pages/Ajax/AutoCompletePage.php,Line=42]
2019-01-31T10:25:59+07:00 [23838] DEBUG default - [User=Admin A. (Frc.booking@vistec.ac.th)] AutoComplete: 1 results found for search type: user, term: Kachapor [File=/home/gotit/domains/gotit.co.th/public_html/booking/Pages/Ajax/AutoCompletePage.php,Line=42]
2019-01-31T10:26:00+07:00 [24217] DEBUG default - [User=Admin A. (Frc.booking@vistec.ac.th)] AutoComplete: 1 results found for search type: user, term: Kachaporn [File=/home/gotit/domains/gotit.co.th/public_html/booking/Pages/Ajax/AutoCompletePage.php,Line=42]
2019-01-31T10:27:52+07:00 [24537] DEBUG default - [User=Admin A. (Frc.booking@vistec.ac.th)] AutoComplete: 53 results found for search type: user, term: w [File=/home/gotit/domains/gotit.co.th/public_html/booking/Pages/Ajax/AutoCompletePage.php,Line=42]
2019-01-31T10:27:53+07:00 [24537] DEBUG default - [User=Admin A. (Frc.booking@vistec.ac.th)] AutoComplete: 9 results found for search type: user, term: wo [File=/home/gotit/domains/gotit.co.th/public_html/booking/Pages/Ajax/AutoCompletePage.php,Line=42]
2019-01-31T10:27:54+07:00 [24537] DEBUG default - [User=Admin A. (Frc.booking@vistec.ac.th)] AutoComplete: 4 results found for search type: user, term: wora [File=/home/gotit/domains/gotit.co.th/public_html/booking/Pages/Ajax/AutoCompletePage.php,Line=42]
2019-01-31T10:28:51+07:00 [24537] DEBUG default - [User=Admin A. (Frc.booking@vistec.ac.th)] AutoComplete: 12 results found for search type: user, term: ji [File=/home/gotit/domains/gotit.co.th/public_html/booking/Pages/Ajax/AutoCompletePage.php,Line=42]
2019-01-31T10:28:56+07:00 [24537] DEBUG default - [User=Admin A. (Frc.booking@vistec.ac.th)] AutoComplete: 2 results found for search type: user, term: jir [File=/home/gotit/domains/gotit.co.th/public_html/booking/Pages/Ajax/AutoCompletePage.php,Line=42]
2019-01-31T10:28:57+07:00 [24537] DEBUG default - [User=Admin A. (Frc.booking@vistec.ac.th)] AutoComplete: 0 results found for search type: user, term: jirad [File=/home/gotit/domains/gotit.co.th/public_html/booking/Pages/Ajax/AutoCompletePage.php,Line=42]
2019-01-31T10:28:58+07:00 [24537] DEBUG default - [User=Admin A. (Frc.booking@vistec.ac.th)] AutoComplete: 0 results found for search type: user, term: jirada [File=/home/gotit/domains/gotit.co.th/public_html/booking/Pages/Ajax/AutoCompletePage.php,Line=42]
2019-01-31T10:29:02+07:00 [24537] DEBUG default - [User=Admin A. (Frc.booking@vistec.ac.th)] AutoComplete: 2 results found for search type: user, term: jira [File=/home/gotit/domains/gotit.co.th/public_html/booking/Pages/Ajax/AutoCompletePage.php,Line=42]
2019-01-31T10:29:18+07:00 [24537] DEBUG default - [User=Admin A. (Frc.booking@vistec.ac.th)] AutoComplete: 98 results found for search type: user, term: P [File=/home/gotit/domains/gotit.co.th/public_html/booking/Pages/Ajax/AutoCompletePage.php,Line=42]
2019-01-31T10:29:20+07:00 [24537] DEBUG default - [User=Admin A. (Frc.booking@vistec.ac.th)] AutoComplete: 12 results found for search type: user, term: Pha [File=/home/gotit/domains/gotit.co.th/public_html/booking/Pages/Ajax/AutoCompletePage.php,Line=42]
2019-01-31T10:29:23+07:00 [24537] DEBUG default - [User=Admin A. (Frc.booking@vistec.ac.th)] AutoComplete: 4 results found for search type: user, term: Phatt [File=/home/gotit/domains/gotit.co.th/public_html/booking/Pages/Ajax/AutoCompletePage.php,Line=42]
2019-01-31T10:29:26+07:00 [24537] DEBUG default - [User=Admin A. (Frc.booking@vistec.ac.th)] AutoComplete: 163 results found for search type: user, term: c [File=/home/gotit/domains/gotit.co.th/public_html/booking/Pages/Ajax/AutoCompletePage.php,Line=42]
2019-01-31T10:29:26+07:00 [24537] DEBUG default - [User=Admin A. (Frc.booking@vistec.ac.th)] AutoComplete: 53 results found for search type: user, term: ch [File=/home/gotit/domains/gotit.co.th/public_html/booking/Pages/Ajax/AutoCompletePage.php,Line=42]
2019-01-31T10:29:27+07:00 [24537] DEBUG default - [User=Admin A. (Frc.booking@vistec.ac.th)] AutoComplete: 44 results found for search type: user, term: cha [File=/home/gotit/domains/gotit.co.th/public_html/booking/Pages/Ajax/AutoCompletePage.php,Line=42]
2019-01-31T10:29:31+07:00 [24537] DEBUG default - [User=Admin A. (Frc.booking@vistec.ac.th)] AutoComplete: 0 results found for search type: user, term: Nontawan.A (Nontawan.am@gmail.com) [File=/home/gotit/domains/gotit.co.th/public_html/booking/Pages/Ajax/AutoCompletePage.php,Line=42]
2019-01-31T10:29:34+07:00 [24537] DEBUG default - [User=Admin A. (Frc.booking@vistec.ac.th)] AutoComplete: 163 results found for search type: user, term: c [File=/home/gotit/domains/gotit.co.th/public_html/booking/Pages/Ajax/AutoCompletePage.php,Line=42]
2019-01-31T10:29:35+07:00 [24537] DEBUG default - [User=Admin A. (Frc.booking@vistec.ac.th)] AutoComplete: 98 results found for search type: user, term: P [File=/home/gotit/domains/gotit.co.th/public_html/booking/Pages/Ajax/AutoCompletePage.php,Line=42]
2019-01-31T10:29:35+07:00 [24537] DEBUG default - [User=Admin A. (Frc.booking@vistec.ac.th)] AutoComplete: 53 results found for search type: user, term: ch [File=/home/gotit/domains/gotit.co.th/public_html/booking/Pages/Ajax/AutoCompletePage.php,Line=42]
2019-01-31T10:29:35+07:00 [24537] DEBUG default - [User=Admin A. (Frc.booking@vistec.ac.th)] AutoComplete: 44 results found for search type: user, term: cha [File=/home/gotit/domains/gotit.co.th/public_html/booking/Pages/Ajax/AutoCompletePage.php,Line=42]
2019-01-31T10:29:37+07:00 [24537] DEBUG default - [User=Admin A. (Frc.booking@vistec.ac.th)] AutoComplete: 98 results found for search type: user, term: p [File=/home/gotit/domains/gotit.co.th/public_html/booking/Pages/Ajax/AutoCompletePage.php,Line=42]
2019-01-31T10:29:38+07:00 [24537] DEBUG default - [User=Admin A. (Frc.booking@vistec.ac.th)] AutoComplete: 3 results found for search type: user, term: chad [File=/home/gotit/domains/gotit.co.th/public_html/booking/Pages/Ajax/AutoCompletePage.php,Line=42]
2019-01-31T10:29:39+07:00 [24537] DEBUG default - [User=Admin A. (Frc.booking@vistec.ac.th)] AutoComplete: 2 results found for search type: user, term: chada [File=/home/gotit/domains/gotit.co.th/public_html/booking/Pages/Ajax/AutoCompletePage.php,Line=42]
2019-01-31T10:29:39+07:00 [24537] DEBUG default - [User=Admin A. (Frc.booking@vistec.ac.th)] AutoComplete: 13 results found for search type: user, term: pra [File=/home/gotit/domains/gotit.co.th/public_html/booking/Pages/Ajax/AutoCompletePage.php,Line=42]
2019-01-31T10:29:43+07:00 [24537] DEBUG default - [User=Admin A. (Frc.booking@vistec.ac.th)] AutoComplete: 2 results found for search type: user, term: prae [File=/home/gotit/domains/gotit.co.th/public_html/booking/Pages/Ajax/AutoCompletePage.php,Line=42]
2019-01-31T10:29:44+07:00 [24537] DEBUG default - [User=Admin A. (Frc.booking@vistec.ac.th)] AutoComplete: 1 results found for search type: user, term: praet [File=/home/gotit/domains/gotit.co.th/public_html/booking/Pages/Ajax/AutoCompletePage.php,Line=42]
2019-01-31T10:29:45+07:00 [24537] DEBUG default - [User=Admin A. (Frc.booking@vistec.ac.th)] AutoComplete: 1 results found for search type: user, term: praetip [File=/home/gotit/domains/gotit.co.th/public_html/booking/Pages/Ajax/AutoCompletePage.php,Line=42]
2019-01-31T10:30:27+07:00 [24537] DEBUG default - [User=Admin A. (Frc.booking@vistec.ac.th)] AutoComplete: 77 results found for search type: user, term: K [File=/home/gotit/domains/gotit.co.th/public_html/booking/Pages/Ajax/AutoCompletePage.php,Line=42]
2019-01-31T10:30:29+07:00 [25197] DEBUG default - [User=Admin A. (Frc.booking@vistec.ac.th)] AutoComplete: 19 results found for search type: user, term: Ku [File=/home/gotit/domains/gotit.co.th/public_html/booking/Pages/Ajax/AutoCompletePage.php,Line=42]
2019-01-31T10:30:30+07:00 [24537] DEBUG default - [User=Admin A. (Frc.booking@vistec.ac.th)] AutoComplete: 1 results found for search type: user, term: Kusu [File=/home/gotit/domains/gotit.co.th/public_html/booking/Pages/Ajax/AutoCompletePage.php,Line=42]
2019-01-31T10:30:46+07:00 [25197] DEBUG default - [User=Admin A. (Frc.booking@vistec.ac.th)] AutoComplete: 163 results found for search type: user, term: C [File=/home/gotit/domains/gotit.co.th/public_html/booking/Pages/Ajax/AutoCompletePage.php,Line=42]
2019-01-31T10:30:47+07:00 [24537] DEBUG default - [User=Admin A. (Frc.booking@vistec.ac.th)] AutoComplete: 44 results found for search type: user, term: Cha [File=/home/gotit/domains/gotit.co.th/public_html/booking/Pages/Ajax/AutoCompletePage.php,Line=42]
2019-01-31T10:30:49+07:00 [25197] DEBUG default - [User=Admin A. (Frc.booking@vistec.ac.th)] AutoComplete: 2 results found for search type: user, term: Chal [File=/home/gotit/domains/gotit.co.th/public_html/booking/Pages/Ajax/AutoCompletePage.php,Line=42]
2019-01-31T10:30:49+07:00 [24537] DEBUG default - [User=Admin A. (Frc.booking@vistec.ac.th)] AutoComplete: 1 results found for search type: user, term: Chali [File=/home/gotit/domains/gotit.co.th/public_html/booking/Pages/Ajax/AutoCompletePage.php,Line=42]
2019-01-31T10:30:50+07:00 [25197] DEBUG default - [User=Admin A. (Frc.booking@vistec.ac.th)] AutoComplete: 1 results found for search type: user, term: Chalita [File=/home/gotit/domains/gotit.co.th/public_html/booking/Pages/Ajax/AutoCompletePage.php,Line=42]
2019-01-31T10:30:55+07:00 [24537] DEBUG default - [User=Admin A. (Frc.booking@vistec.ac.th)] AutoComplete: 53 results found for search type: user, term: W [File=/home/gotit/domains/gotit.co.th/public_html/booking/Pages/Ajax/AutoCompletePage.php,Line=42]
2019-01-31T10:30:57+07:00 [25197] DEBUG default - [User=Admin A. (Frc.booking@vistec.ac.th)] AutoComplete: 31 results found for search type: user, term: Wa [File=/home/gotit/domains/gotit.co.th/public_html/booking/Pages/Ajax/AutoCompletePage.php,Line=42]
2019-01-31T10:30:59+07:00 [24537] DEBUG default - [User=Admin A. (Frc.booking@vistec.ac.th)] AutoComplete: 0 results found for search type: user, term: Wara [File=/home/gotit/domains/gotit.co.th/public_html/booking/Pages/Ajax/AutoCompletePage.php,Line=42]
2019-01-31T10:31:00+07:00 [25197] DEBUG default - [User=Admin A. (Frc.booking@vistec.ac.th)] AutoComplete: 1 results found for search type: user, term: War [File=/home/gotit/domains/gotit.co.th/public_html/booking/Pages/Ajax/AutoCompletePage.php,Line=42]
2019-01-31T10:31:01+07:00 [24537] DEBUG default - [User=Admin A. (Frc.booking@vistec.ac.th)] AutoComplete: 31 results found for search type: user, term: Wa [File=/home/gotit/domains/gotit.co.th/public_html/booking/Pages/Ajax/AutoCompletePage.php,Line=42]
2019-01-31T10:31:02+07:00 [25197] DEBUG default - [User=Admin A. (Frc.booking@vistec.ac.th)] AutoComplete: 53 results found for search type: user, term: W [File=/home/gotit/domains/gotit.co.th/public_html/booking/Pages/Ajax/AutoCompletePage.php,Line=42]
2019-01-31T10:31:02+07:00 [24537] DEBUG default - [User=Admin A. (Frc.booking@vistec.ac.th)] AutoComplete: 9 results found for search type: user, term: Wo [File=/home/gotit/domains/gotit.co.th/public_html/booking/Pages/Ajax/AutoCompletePage.php,Line=42]
2019-01-31T10:42:46+07:00 [28110] DEBUG default - [User=Admin A. (Frc.booking@vistec.ac.th)] Adding custom attribute value for entityId=26, attributeId=29 [File=/home/gotit/domains/gotit.co.th/public_html/booking/lib/Application/Attributes/AttributeList.php,Line=122]
2019-01-31T10:42:46+07:00 [28110] DEBUG default - [User=Admin A. (Frc.booking@vistec.ac.th)] Took 0 seconds to load custom attributes for category 4 [File=/home/gotit/domains/gotit.co.th/public_html/booking/lib/Application/Attributes/AttributeService.php,Line=154]
2019-01-31T10:42:46+07:00 [28110] DEBUG default - [User=Admin A. (Frc.booking@vistec.ac.th)] Found 1 attributes for entityId 26 [File=/home/gotit/domains/gotit.co.th/public_html/booking/lib/Application/Attributes/AttributeList.php,Line=165]
2019-01-31T10:42:47+07:00 [28110] DEBUG default - [User=Admin A. (Frc.booking@vistec.ac.th)] Took 0 seconds to load custom attributes for category 5 [File=/home/gotit/domains/gotit.co.th/public_html/booking/lib/Application/Attributes/AttributeService.php,Line=154]
2019-01-31T10:42:47+07:00 [28110] DEBUG default - [User=Admin A. (Frc.booking@vistec.ac.th)] Found 0 attributes for entityId 2 [File=/home/gotit/domains/gotit.co.th/public_html/booking/lib/Application/Attributes/AttributeList.php,Line=165]
2019-01-31T10:42:49+07:00 [28110] DEBUG default - [User=Admin A. (Frc.booking@vistec.ac.th)] Adding custom attribute value for entityId=11, attributeId=29 [File=/home/gotit/domains/gotit.co.th/public_html/booking/lib/Application/Attributes/AttributeList.php,Line=122]
2019-01-31T10:42:49+07:00 [28110] DEBUG default - [User=Admin A. (Frc.booking@vistec.ac.th)] Took 0 seconds to load custom attributes for category 4 [File=/home/gotit/domains/gotit.co.th/public_html/booking/lib/Application/Attributes/AttributeService.php,Line=154]
2019-01-31T10:42:49+07:00 [28110] DEBUG default - [User=Admin A. (Frc.booking@vistec.ac.th)] Found 1 attributes for entityId 11 [File=/home/gotit/domains/gotit.co.th/public_html/booking/lib/Application/Attributes/AttributeList.php,Line=165]
2019-01-31T10:42:49+07:00 [28110] DEBUG default - [User=Admin A. (Frc.booking@vistec.ac.th)] Took 0 seconds to load custom attributes for category 5 [File=/home/gotit/domains/gotit.co.th/public_html/booking/lib/Application/Attributes/AttributeService.php,Line=154]
2019-01-31T10:42:49+07:00 [28110] DEBUG default - [User=Admin A. (Frc.booking@vistec.ac.th)] Found 0 attributes for entityId 4 [File=/home/gotit/domains/gotit.co.th/public_html/booking/lib/Application/Attributes/AttributeList.php,Line=165]
2019-01-31T10:46:52+07:00 [29167] DEBUG default - [User=Admin A. (Frc.booking@vistec.ac.th)] Adding custom attribute value for entityId=23, attributeId=29 [File=/home/gotit/domains/gotit.co.th/public_html/booking/lib/Application/Attributes/AttributeList.php,Line=122]
2019-01-31T10:46:52+07:00 [29167] DEBUG default - [User=Admin A. (Frc.booking@vistec.ac.th)] Took 0 seconds to load custom attributes for category 4 [File=/home/gotit/domains/gotit.co.th/public_html/booking/lib/Application/Attributes/AttributeService.php,Line=154]
2019-01-31T10:46:52+07:00 [29167] DEBUG default - [User=Admin A. (Frc.booking@vistec.ac.th)] Found 1 attributes for entityId 23 [File=/home/gotit/domains/gotit.co.th/public_html/booking/lib/Application/Attributes/AttributeList.php,Line=165]
2019-01-31T10:46:52+07:00 [29167] DEBUG default - [User=Admin A. (Frc.booking@vistec.ac.th)] Took 0 seconds to load custom attributes for category 5 [File=/home/gotit/domains/gotit.co.th/public_html/booking/lib/Application/Attributes/AttributeService.php,Line=154]
2019-01-31T10:46:52+07:00 [29167] DEBUG default - [User=Admin A. (Frc.booking@vistec.ac.th)] Found 0 attributes for entityId 2 [File=/home/gotit/domains/gotit.co.th/public_html/booking/lib/Application/Attributes/AttributeList.php,Line=165]
2019-01-31T10:46:54+07:00 [29167] DEBUG default - [User=Admin A. (Frc.booking@vistec.ac.th)] Adding custom attribute value for entityId=11, attributeId=29 [File=/home/gotit/domains/gotit.co.th/public_html/booking/lib/Application/Attributes/AttributeList.php,Line=122]
2019-01-31T10:46:54+07:00 [29167] DEBUG default - [User=Admin A. (Frc.booking@vistec.ac.th)] Took 0 seconds to load custom attributes for category 4 [File=/home/gotit/domains/gotit.co.th/public_html/booking/lib/Application/Attributes/AttributeService.php,Line=154]
2019-01-31T10:46:54+07:00 [29167] DEBUG default - [User=Admin A. (Frc.booking@vistec.ac.th)] Found 1 attributes for entityId 11 [File=/home/gotit/domains/gotit.co.th/public_html/booking/lib/Application/Attributes/AttributeList.php,Line=165]
2019-01-31T10:46:54+07:00 [29167] DEBUG default - [User=Admin A. (Frc.booking@vistec.ac.th)] Took 0 seconds to load custom attributes for category 5 [File=/home/gotit/domains/gotit.co.th/public_html/booking/lib/Application/Attributes/AttributeService.php,Line=154]
2019-01-31T10:46:54+07:00 [29167] DEBUG default - [User=Admin A. (Frc.booking@vistec.ac.th)] Found 0 attributes for entityId 4 [File=/home/gotit/domains/gotit.co.th/public_html/booking/lib/Application/Attributes/AttributeList.php,Line=165]
2019-01-31T10:47:07+07:00 [29167] DEBUG default - [User=Admin A. (Frc.booking@vistec.ac.th)] Adding custom attribute value for entityId=19, attributeId=29 [File=/home/gotit/domains/gotit.co.th/public_html/booking/lib/Application/Attributes/AttributeList.php,Line=122]
2019-01-31T10:47:07+07:00 [29167] DEBUG default - [User=Admin A. (Frc.booking@vistec.ac.th)] Took 0 seconds to load custom attributes for category 4 [File=/home/gotit/domains/gotit.co.th/public_html/booking/lib/Application/Attributes/AttributeService.php,Line=154]
2019-01-31T10:47:07+07:00 [29167] DEBUG default - [User=Admin A. (Frc.booking@vistec.ac.th)] Found 1 attributes for entityId 19 [File=/home/gotit/domains/gotit.co.th/public_html/booking/lib/Application/Attributes/AttributeList.php,Line=165]
2019-01-31T10:47:07+07:00 [29167] DEBUG default - [User=Admin A. (Frc.booking@vistec.ac.th)] Took 0 seconds to load custom attributes for category 5 [File=/home/gotit/domains/gotit.co.th/public_html/booking/lib/Application/Attributes/AttributeService.php,Line=154]
2019-01-31T10:47:07+07:00 [29167] DEBUG default - [User=Admin A. (Frc.booking@vistec.ac.th)] Found 0 attributes for entityId 1 [File=/home/gotit/domains/gotit.co.th/public_html/booking/lib/Application/Attributes/AttributeList.php,Line=165]
2019-01-31T10:47:14+07:00 [29167] DEBUG default - [User=Admin A. (Frc.booking@vistec.ac.th)] Adding custom attribute value for entityId=27, attributeId=29 [File=/home/gotit/domains/gotit.co.th/public_html/booking/lib/Application/Attributes/AttributeList.php,Line=122]
2019-01-31T10:47:14+07:00 [29167] DEBUG default - [User=Admin A. (Frc.booking@vistec.ac.th)] Took 0 seconds to load custom attributes for category 4 [File=/home/gotit/domains/gotit.co.th/public_html/booking/lib/Application/Attributes/AttributeService.php,Line=154]
2019-01-31T10:47:14+07:00 [29167] DEBUG default - [User=Admin A. (Frc.booking@vistec.ac.th)] Found 1 attributes for entityId 27 [File=/home/gotit/domains/gotit.co.th/public_html/booking/lib/Application/Attributes/AttributeList.php,Line=165]
2019-01-31T10:47:14+07:00 [29167] DEBUG default - [User=Admin A. (Frc.booking@vistec.ac.th)] Took 0 seconds to load custom attributes for category 5 [File=/home/gotit/domains/gotit.co.th/public_html/booking/lib/Application/Attributes/AttributeService.php,Line=154]
2019-01-31T10:47:14+07:00 [29167] DEBUG default - [User=Admin A. (Frc.booking@vistec.ac.th)] Found 0 attributes for entityId 2 [File=/home/gotit/domains/gotit.co.th/public_html/booking/lib/Application/Attributes/AttributeList.php,Line=165]
2019-01-31T10:47:18+07:00 [29167] DEBUG default - [User=Admin A. (Frc.booking@vistec.ac.th)] Adding custom attribute value for entityId=26, attributeId=29 [File=/home/gotit/domains/gotit.co.th/public_html/booking/lib/Application/Attributes/AttributeList.php,Line=122]
2019-01-31T10:47:18+07:00 [29167] DEBUG default - [User=Admin A. (Frc.booking@vistec.ac.th)] Took 0 seconds to load custom attributes for category 4 [File=/home/gotit/domains/gotit.co.th/public_html/booking/lib/Application/Attributes/AttributeService.php,Line=154]
2019-01-31T10:47:18+07:00 [29167] DEBUG default - [User=Admin A. (Frc.booking@vistec.ac.th)] Found 1 attributes for entityId 26 [File=/home/gotit/domains/gotit.co.th/public_html/booking/lib/Application/Attributes/AttributeList.php,Line=165]
2019-01-31T10:47:18+07:00 [29167] DEBUG default - [User=Admin A. (Frc.booking@vistec.ac.th)] Took 0 seconds to load custom attributes for category 5 [File=/home/gotit/domains/gotit.co.th/public_html/booking/lib/Application/Attributes/AttributeService.php,Line=154]
2019-01-31T10:47:18+07:00 [29167] DEBUG default - [User=Admin A. (Frc.booking@vistec.ac.th)] Found 0 attributes for entityId 2 [File=/home/gotit/domains/gotit.co.th/public_html/booking/lib/Application/Attributes/AttributeList.php,Line=165]
2019-01-31T11:03:34+07:00 [1126] DEBUG default - [User=Admin A. (Frc.booking@vistec.ac.th)] Adding custom attribute value for entityId=8, attributeId=29 [File=/home/gotit/domains/gotit.co.th/public_html/booking/lib/Application/Attributes/AttributeList.php,Line=122]
2019-01-31T11:03:34+07:00 [1126] DEBUG default - [User=Admin A. (Frc.booking@vistec.ac.th)] Took 0 seconds to load custom attributes for category 4 [File=/home/gotit/domains/gotit.co.th/public_html/booking/lib/Application/Attributes/AttributeService.php,Line=154]
2019-01-31T11:03:34+07:00 [1126] DEBUG default - [User=Admin A. (Frc.booking@vistec.ac.th)] Found 1 attributes for entityId 8 [File=/home/gotit/domains/gotit.co.th/public_html/booking/lib/Application/Attributes/AttributeList.php,Line=165]
2019-01-31T11:03:34+07:00 [1126] DEBUG default - [User=Admin A. (Frc.booking@vistec.ac.th)] Took 0 seconds to load custom attributes for category 5 [File=/home/gotit/domains/gotit.co.th/public_html/booking/lib/Application/Attributes/AttributeService.php,Line=154]
2019-01-31T11:03:34+07:00 [1126] DEBUG default - [User=Admin A. (Frc.booking@vistec.ac.th)] Found 0 attributes for entityId 7 [File=/home/gotit/domains/gotit.co.th/public_html/booking/lib/Application/Attributes/AttributeList.php,Line=165]
2019-01-31T13:00:52+07:00 [31077] DEBUG default - [User=Admin A. (Frc.booking@vistec.ac.th)] AutoComplete: 12 results found for search type: user, term: ji [File=/home/gotit/domains/gotit.co.th/public_html/booking/Pages/Ajax/AutoCompletePage.php,Line=42]
2019-01-31T13:01:04+07:00 [31077] DEBUG default - [User=Admin A. (Frc.booking@vistec.ac.th)] AutoComplete: 98 results found for search type: user, term: p [File=/home/gotit/domains/gotit.co.th/public_html/booking/Pages/Ajax/AutoCompletePage.php,Line=42]
2019-01-31T13:01:05+07:00 [31077] DEBUG default - [User=Admin A. (Frc.booking@vistec.ac.th)] AutoComplete: 1 results found for search type: user, term: pim [File=/home/gotit/domains/gotit.co.th/public_html/booking/Pages/Ajax/AutoCompletePage.php,Line=42]
2019-01-31T13:01:42+07:00 [31510] DEBUG default - [User=Admin A. (Frc.booking@vistec.ac.th)] AutoComplete: 159 results found for search type: user, term: h [File=/home/gotit/domains/gotit.co.th/public_html/booking/Pages/Ajax/AutoCompletePage.php,Line=42]
2019-01-31T13:01:42+07:00 [31510] DEBUG default - [User=Admin A. (Frc.booking@vistec.ac.th)] AutoComplete: 2 results found for search type: user, term: hy [File=/home/gotit/domains/gotit.co.th/public_html/booking/Pages/Ajax/AutoCompletePage.php,Line=42]
2019-01-31T13:01:44+07:00 [31510] DEBUG default - [User=Admin A. (Frc.booking@vistec.ac.th)] AutoComplete: 159 results found for search type: user, term: h [File=/home/gotit/domains/gotit.co.th/public_html/booking/Pages/Ajax/AutoCompletePage.php,Line=42]
2019-01-31T13:01:46+07:00 [31510] DEBUG default - [User=Admin A. (Frc.booking@vistec.ac.th)] AutoComplete: 7 results found for search type: user, term: hu [File=/home/gotit/domains/gotit.co.th/public_html/booking/Pages/Ajax/AutoCompletePage.php,Line=42]
2019-01-31T13:01:46+07:00 [31524] DEBUG default - [User=Admin A. (Frc.booking@vistec.ac.th)] AutoComplete: 0 results found for search type: user, term: huy [File=/home/gotit/domains/gotit.co.th/public_html/booking/Pages/Ajax/AutoCompletePage.php,Line=42]
2019-01-31T13:01:51+07:00 [31510] DEBUG default - [User=Admin A. (Frc.booking@vistec.ac.th)] AutoComplete: 159 results found for search type: user, term: H [File=/home/gotit/domains/gotit.co.th/public_html/booking/Pages/Ajax/AutoCompletePage.php,Line=42]
2019-01-31T13:01:53+07:00 [31524] DEBUG default - [User=Admin A. (Frc.booking@vistec.ac.th)] AutoComplete: 7 results found for search type: user, term: Hu [File=/home/gotit/domains/gotit.co.th/public_html/booking/Pages/Ajax/AutoCompletePage.php,Line=42]
2019-01-31T13:01:53+07:00 [31510] DEBUG default - [User=Admin A. (Frc.booking@vistec.ac.th)] AutoComplete: 0 results found for search type: user, term: Huy [File=/home/gotit/domains/gotit.co.th/public_html/booking/Pages/Ajax/AutoCompletePage.php,Line=42]
2019-01-31T13:02:10+07:00 [31524] DEBUG default - [User=Admin A. (Frc.booking@vistec.ac.th)] AutoComplete: 0 results found for search type: user, term: Praepsloy.C (praeploy.c18@hotmail.com) [File=/home/gotit/domains/gotit.co.th/public_html/booking/Pages/Ajax/AutoCompletePage.php,Line=42]
2019-01-31T13:02:10+07:00 [31510] DEBUG default - [User=Admin A. (Frc.booking@vistec.ac.th)] AutoComplete: 0 results found for search type: user, term: Praepsoloy.C (praeploy.c18@hotmail.com) [File=/home/gotit/domains/gotit.co.th/public_html/booking/Pages/Ajax/AutoCompletePage.php,Line=42]
2019-01-31T13:02:20+07:00 [31510] DEBUG default - [User=Admin A. (Frc.booking@vistec.ac.th)] AutoComplete: 152 results found for search type: user, term: s [File=/home/gotit/domains/gotit.co.th/public_html/booking/Pages/Ajax/AutoCompletePage.php,Line=42]
2019-01-31T13:02:20+07:00 [31524] DEBUG default - [User=Admin A. (Frc.booking@vistec.ac.th)] AutoComplete: 16 results found for search type: user, term: so [File=/home/gotit/domains/gotit.co.th/public_html/booking/Pages/Ajax/AutoCompletePage.php,Line=42]
2019-01-31T13:02:23+07:00 [31510] DEBUG default - [User=Admin A. (Frc.booking@vistec.ac.th)] AutoComplete: 3 results found for search type: user, term: sop [File=/home/gotit/domains/gotit.co.th/public_html/booking/Pages/Ajax/AutoCompletePage.php,Line=42]
2019-01-31T13:02:24+07:00 [31524] DEBUG default - [User=Admin A. (Frc.booking@vistec.ac.th)] AutoComplete: 1 results found for search type: user, term: sopa [File=/home/gotit/domains/gotit.co.th/public_html/booking/Pages/Ajax/AutoCompletePage.php,Line=42]
2019-01-31T13:03:17+07:00 [31870] DEBUG default - [User=Admin A. (Frc.booking@vistec.ac.th)] AutoComplete: 160 results found for search type: user, term: T [File=/home/gotit/domains/gotit.co.th/public_html/booking/Pages/Ajax/AutoCompletePage.php,Line=42]
2019-01-31T13:03:19+07:00 [31870] DEBUG default - [User=Admin A. (Frc.booking@vistec.ac.th)] AutoComplete: 18 results found for search type: user, term: Tan [File=/home/gotit/domains/gotit.co.th/public_html/booking/Pages/Ajax/AutoCompletePage.php,Line=42]
2019-01-31T13:03:19+07:00 [31870] DEBUG default - [User=Admin A. (Frc.booking@vistec.ac.th)] AutoComplete: 2 results found for search type: user, term: Tani [File=/home/gotit/domains/gotit.co.th/public_html/booking/Pages/Ajax/AutoCompletePage.php,Line=42]
2019-01-31T13:03:47+07:00 [31870] DEBUG default - [User=Admin A. (Frc.booking@vistec.ac.th)] AutoComplete: 160 results found for search type: user, term: t [File=/home/gotit/domains/gotit.co.th/public_html/booking/Pages/Ajax/AutoCompletePage.php,Line=42]
2019-01-31T13:03:48+07:00 [31870] DEBUG default - [User=Admin A. (Frc.booking@vistec.ac.th)] AutoComplete: 144 results found for search type: user, term: th [File=/home/gotit/domains/gotit.co.th/public_html/booking/Pages/Ajax/AutoCompletePage.php,Line=42]
2019-01-31T13:03:49+07:00 [31870] DEBUG default - [User=Admin A. (Frc.booking@vistec.ac.th)] AutoComplete: 17 results found for search type: user, term: tha [File=/home/gotit/domains/gotit.co.th/public_html/booking/Pages/Ajax/AutoCompletePage.php,Line=42]
2019-01-31T13:03:50+07:00 [31870] DEBUG default - [User=Admin A. (Frc.booking@vistec.ac.th)] AutoComplete: 0 results found for search type: user, term: thanad [File=/home/gotit/domains/gotit.co.th/public_html/booking/Pages/Ajax/AutoCompletePage.php,Line=42]
2019-01-31T13:03:54+07:00 [31870] DEBUG default - [User=Admin A. (Frc.booking@vistec.ac.th)] AutoComplete: 0 results found for search type: user, term: thanadpo [File=/home/gotit/domains/gotit.co.th/public_html/booking/Pages/Ajax/AutoCompletePage.php,Line=42]
2019-01-31T13:03:54+07:00 [31870] DEBUG default - [User=Admin A. (Frc.booking@vistec.ac.th)] AutoComplete: 0 results found for search type: user, term: thanadp [File=/home/gotit/domains/gotit.co.th/public_html/booking/Pages/Ajax/AutoCompletePage.php,Line=42]
2019-01-31T13:04:06+07:00 [31870] DEBUG default - [User=Admin A. (Frc.booking@vistec.ac.th)] AutoComplete: 7 results found for search type: user, term: va [File=/home/gotit/domains/gotit.co.th/public_html/booking/Pages/Ajax/AutoCompletePage.php,Line=42]
2019-01-31T13:04:07+07:00 [31870] DEBUG default - [User=Admin A. (Frc.booking@vistec.ac.th)] AutoComplete: 2 results found for search type: user, term: vat [File=/home/gotit/domains/gotit.co.th/public_html/booking/Pages/Ajax/AutoCompletePage.php,Line=42]
2019-01-31T13:04:08+07:00 [31870] DEBUG default - [User=Admin A. (Frc.booking@vistec.ac.th)] AutoComplete: 1 results found for search type: user, term: vatch [File=/home/gotit/domains/gotit.co.th/public_html/booking/Pages/Ajax/AutoCompletePage.php,Line=42]
2019-01-31T13:04:08+07:00 [31870] DEBUG default - [User=Admin A. (Frc.booking@vistec.ac.th)] AutoComplete: 1 results found for search type: user, term: vatcha [File=/home/gotit/domains/gotit.co.th/public_html/booking/Pages/Ajax/AutoCompletePage.php,Line=42]
2019-01-31T13:04:19+07:00 [31870] DEBUG default - [User=Admin A. (Frc.booking@vistec.ac.th)] AutoComplete: 122 results found for search type: user, term: o [File=/home/gotit/domains/gotit.co.th/public_html/booking/Pages/Ajax/AutoCompletePage.php,Line=42]
2019-01-31T13:04:20+07:00 [31870] DEBUG default - [User=Admin A. (Frc.booking@vistec.ac.th)] AutoComplete: 57 results found for search type: user, term: on [File=/home/gotit/domains/gotit.co.th/public_html/booking/Pages/Ajax/AutoCompletePage.php,Line=42]
2019-01-31T13:04:26+07:00 [31870] DEBUG default - [User=Admin A. (Frc.booking@vistec.ac.th)] AutoComplete: 122 results found for search type: user, term: o [File=/home/gotit/domains/gotit.co.th/public_html/booking/Pages/Ajax/AutoCompletePage.php,Line=42]
2019-01-31T13:04:26+07:00 [31870] DEBUG default - [User=Admin A. (Frc.booking@vistec.ac.th)] AutoComplete: 2 results found for search type: user, term: ou [File=/home/gotit/domains/gotit.co.th/public_html/booking/Pages/Ajax/AutoCompletePage.php,Line=42]
2019-01-31T13:04:27+07:00 [31870] DEBUG default - [User=Admin A. (Frc.booking@vistec.ac.th)] AutoComplete: 2 results found for search type: user, term: oun [File=/home/gotit/domains/gotit.co.th/public_html/booking/Pages/Ajax/AutoCompletePage.php,Line=42]
2019-01-31T13:04:41+07:00 [31870] DEBUG default - [User=Admin A. (Frc.booking@vistec.ac.th)] AutoComplete: 31 results found for search type: user, term: wa [File=/home/gotit/domains/gotit.co.th/public_html/booking/Pages/Ajax/AutoCompletePage.php,Line=42]
2019-01-31T13:04:41+07:00 [31870] DEBUG default - [User=Admin A. (Frc.booking@vistec.ac.th)] AutoComplete: 9 results found for search type: user, term: wat [File=/home/gotit/domains/gotit.co.th/public_html/booking/Pages/Ajax/AutoCompletePage.php,Line=42]
2019-01-31T13:04:42+07:00 [31870] DEBUG default - [User=Admin A. (Frc.booking@vistec.ac.th)] AutoComplete: 3 results found for search type: user, term: watt [File=/home/gotit/domains/gotit.co.th/public_html/booking/Pages/Ajax/AutoCompletePage.php,Line=42]
2019-01-31T13:04:42+07:00 [31870] DEBUG default - [User=Admin A. (Frc.booking@vistec.ac.th)] AutoComplete: 1 results found for search type: user, term: wattha [File=/home/gotit/domains/gotit.co.th/public_html/booking/Pages/Ajax/AutoCompletePage.php,Line=42]
2019-01-31T13:04:46+07:00 [31870] DEBUG default - [User=Admin A. (Frc.booking@vistec.ac.th)] AutoComplete: 0 results found for search type: user, term: watthana [File=/home/gotit/domains/gotit.co.th/public_html/booking/Pages/Ajax/AutoCompletePage.php,Line=42]
2019-01-31T13:04:47+07:00 [31870] DEBUG default - [User=Admin A. (Frc.booking@vistec.ac.th)] AutoComplete: 0 results found for search type: user, term: watthanacha [File=/home/gotit/domains/gotit.co.th/public_html/booking/Pages/Ajax/AutoCompletePage.php,Line=42]
2019-01-31T13:04:47+07:00 [31870] DEBUG default - [User=Admin A. (Frc.booking@vistec.ac.th)] AutoComplete: 0 results found for search type: user, term: watthanachai [File=/home/gotit/domains/gotit.co.th/public_html/booking/Pages/Ajax/AutoCompletePage.php,Line=42]
2019-01-31T13:04:49+07:00 [31870] DEBUG default - [User=Admin A. (Frc.booking@vistec.ac.th)] AutoComplete: 0 results found for search type: user, term: watthanacha [File=/home/gotit/domains/gotit.co.th/public_html/booking/Pages/Ajax/AutoCompletePage.php,Line=42]
2019-01-31T13:05:07+07:00 [31870] DEBUG default - [User=Admin A. (Frc.booking@vistec.ac.th)] AutoComplete: 136 results found for search type: user, term: vi [File=/home/gotit/domains/gotit.co.th/public_html/booking/Pages/Ajax/AutoCompletePage.php,Line=42]
2019-01-31T13:05:09+07:00 [31870] DEBUG default - [User=Admin A. (Frc.booking@vistec.ac.th)] AutoComplete: 0 results found for search type: user, term: vit [File=/home/gotit/domains/gotit.co.th/public_html/booking/Pages/Ajax/AutoCompletePage.php,Line=42]
2019-01-31T13:05:10+07:00 [31870] DEBUG default - [User=Admin A. (Frc.booking@vistec.ac.th)] AutoComplete: 0 results found for search type: user, term: vitsa [File=/home/gotit/domains/gotit.co.th/public_html/booking/Pages/Ajax/AutoCompletePage.php,Line=42]
2019-01-31T13:06:07+07:00 [32332] DEBUG default - [User=Admin A. (Frc.booking@vistec.ac.th)] AutoComplete: 98 results found for search type: user, term: p [File=/home/gotit/domains/gotit.co.th/public_html/booking/Pages/Ajax/AutoCompletePage.php,Line=42]
2019-01-31T13:06:08+07:00 [32332] DEBUG default - [User=Admin A. (Frc.booking@vistec.ac.th)] AutoComplete: 12 results found for search type: user, term: pha [File=/home/gotit/domains/gotit.co.th/public_html/booking/Pages/Ajax/AutoCompletePage.php,Line=42]
2019-01-31T13:06:20+07:00 [32332] DEBUG default - [User=Admin A. (Frc.booking@vistec.ac.th)] AutoComplete: 77 results found for search type: user, term: k [File=/home/gotit/domains/gotit.co.th/public_html/booking/Pages/Ajax/AutoCompletePage.php,Line=42]
2019-01-31T13:06:20+07:00 [32332] DEBUG default - [User=Admin A. (Frc.booking@vistec.ac.th)] AutoComplete: 24 results found for search type: user, term: ka [File=/home/gotit/domains/gotit.co.th/public_html/booking/Pages/Ajax/AutoCompletePage.php,Line=42]
2019-01-31T13:06:21+07:00 [32332] DEBUG default - [User=Admin A. (Frc.booking@vistec.ac.th)] AutoComplete: 1 results found for search type: user, term: kacha [File=/home/gotit/domains/gotit.co.th/public_html/booking/Pages/Ajax/AutoCompletePage.php,Line=42]
2019-01-31T13:06:29+07:00 [32332] DEBUG default - [User=Admin A. (Frc.booking@vistec.ac.th)] AutoComplete: 40 results found for search type: user, term: ma [File=/home/gotit/domains/gotit.co.th/public_html/booking/Pages/Ajax/AutoCompletePage.php,Line=42]
2019-01-31T13:06:29+07:00 [32332] DEBUG default - [User=Admin A. (Frc.booking@vistec.ac.th)] AutoComplete: 1 results found for search type: user, term: mari [File=/home/gotit/domains/gotit.co.th/public_html/booking/Pages/Ajax/AutoCompletePage.php,Line=42]
2019-01-31T13:11:06+07:00 [1176] DEBUG default - [User=Admin A. (Frc.booking@vistec.ac.th)] AutoComplete: 2 results found for search type: user, term: wutt [File=/home/gotit/domains/gotit.co.th/public_html/booking/Pages/Ajax/AutoCompletePage.php,Line=42]
2019-01-31T13:11:07+07:00 [1176] DEBUG default - [User=Admin A. (Frc.booking@vistec.ac.th)] AutoComplete: 1 results found for search type: user, term: wutti [File=/home/gotit/domains/gotit.co.th/public_html/booking/Pages/Ajax/AutoCompletePage.php,Line=42]
2019-01-31T13:14:30+07:00 [1817] DEBUG default - [User=Admin A. (Frc.booking@vistec.ac.th)] AutoComplete: 144 results found for search type: user, term: th [File=/home/gotit/domains/gotit.co.th/public_html/booking/Pages/Ajax/AutoCompletePage.php,Line=42]
2019-01-31T13:14:31+07:00 [1817] DEBUG default - [User=Admin A. (Frc.booking@vistec.ac.th)] AutoComplete: 17 results found for search type: user, term: tha [File=/home/gotit/domains/gotit.co.th/public_html/booking/Pages/Ajax/AutoCompletePage.php,Line=42]
2019-01-31T13:14:32+07:00 [1817] DEBUG default - [User=Admin A. (Frc.booking@vistec.ac.th)] AutoComplete: 2 results found for search type: user, term: than [File=/home/gotit/domains/gotit.co.th/public_html/booking/Pages/Ajax/AutoCompletePage.php,Line=42]
2019-01-31T13:14:32+07:00 [1838] DEBUG default - [User=Admin A. (Frc.booking@vistec.ac.th)] AutoComplete: 1 results found for search type: user, term: thany [File=/home/gotit/domains/gotit.co.th/public_html/booking/Pages/Ajax/AutoCompletePage.php,Line=42]
2019-01-31T13:18:46+07:00 [2817] DEBUG default - [User=Admin A. (Frc.booking@vistec.ac.th)] AutoComplete: 160 results found for search type: user, term: t [File=/home/gotit/domains/gotit.co.th/public_html/booking/Pages/Ajax/AutoCompletePage.php,Line=42]
2019-01-31T13:18:50+07:00 [2817] DEBUG default - [User=Admin A. (Frc.booking@vistec.ac.th)] AutoComplete: 137 results found for search type: user, term: te [File=/home/gotit/domains/gotit.co.th/public_html/booking/Pages/Ajax/AutoCompletePage.php,Line=42]
2019-01-31T13:18:52+07:00 [2817] DEBUG default - [User=Admin A. (Frc.booking@vistec.ac.th)] AutoComplete: 160 results found for search type: user, term: t [File=/home/gotit/domains/gotit.co.th/public_html/booking/Pages/Ajax/AutoCompletePage.php,Line=42]
2019-01-31T13:18:53+07:00 [2817] DEBUG default - [User=Admin A. (Frc.booking@vistec.ac.th)] AutoComplete: 34 results found for search type: user, term: ta [File=/home/gotit/domains/gotit.co.th/public_html/booking/Pages/Ajax/AutoCompletePage.php,Line=42]
2019-01-31T13:18:54+07:00 [2817] DEBUG default - [User=Admin A. (Frc.booking@vistec.ac.th)] AutoComplete: 2 results found for search type: user, term: tawee [File=/home/gotit/domains/gotit.co.th/public_html/booking/Pages/Ajax/AutoCompletePage.php,Line=42]
2019-01-31T13:19:33+07:00 [3065] DEBUG default - [User=Admin A. (Frc.booking@vistec.ac.th)] AutoComplete: 35 results found for search type: user, term: na [File=/home/gotit/domains/gotit.co.th/public_html/booking/Pages/Ajax/AutoCompletePage.php,Line=42]
2019-01-31T13:20:01+07:00 [3272] DEBUG default - [User=Admin A. (Frc.booking@vistec.ac.th)] AutoComplete: 2 results found for search type: user, term: naru [File=/home/gotit/domains/gotit.co.th/public_html/booking/Pages/Ajax/AutoCompletePage.php,Line=42]
2019-01-31T13:20:50+07:00 [3683] DEBUG default - [User=Admin A. (Frc.booking@vistec.ac.th)] AutoComplete: 2 results found for search type: user, term: pee [File=/home/gotit/domains/gotit.co.th/public_html/booking/Pages/Ajax/AutoCompletePage.php,Line=42]
2019-01-31T13:20:50+07:00 [3683] DEBUG default - [User=Admin A. (Frc.booking@vistec.ac.th)] AutoComplete: 2 results found for search type: user, term: peer [File=/home/gotit/domains/gotit.co.th/public_html/booking/Pages/Ajax/AutoCompletePage.php,Line=42]
2019-01-31T13:21:07+07:00 [3683] DEBUG default - [User=Admin A. (Frc.booking@vistec.ac.th)] AutoComplete: 160 results found for search type: user, term: t [File=/home/gotit/domains/gotit.co.th/public_html/booking/Pages/Ajax/AutoCompletePage.php,Line=42]
2019-01-31T13:21:07+07:00 [3683] DEBUG default - [User=Admin A. (Frc.booking@vistec.ac.th)] AutoComplete: 144 results found for search type: user, term: th [File=/home/gotit/domains/gotit.co.th/public_html/booking/Pages/Ajax/AutoCompletePage.php,Line=42]
2019-01-31T13:21:08+07:00 [3683] DEBUG default - [User=Admin A. (Frc.booking@vistec.ac.th)] AutoComplete: 17 results found for search type: user, term: tha [File=/home/gotit/domains/gotit.co.th/public_html/booking/Pages/Ajax/AutoCompletePage.php,Line=42]
2019-01-31T13:21:09+07:00 [3683] DEBUG default - [User=Admin A. (Frc.booking@vistec.ac.th)] AutoComplete: 5 results found for search type: user, term: thar [File=/home/gotit/domains/gotit.co.th/public_html/booking/Pages/Ajax/AutoCompletePage.php,Line=42]
2019-01-31T13:21:35+07:00 [4014] DEBUG default - [User=Admin A. (Frc.booking@vistec.ac.th)] AutoComplete: 163 results found for search type: user, term: a [File=/home/gotit/domains/gotit.co.th/public_html/booking/Pages/Ajax/AutoCompletePage.php,Line=42]
2019-01-31T13:21:42+07:00 [4014] DEBUG default - [User=Admin A. (Frc.booking@vistec.ac.th)] AutoComplete: 57 results found for search type: user, term: at [File=/home/gotit/domains/gotit.co.th/public_html/booking/Pages/Ajax/AutoCompletePage.php,Line=42]
2019-01-31T13:22:00+07:00 [4014] DEBUG default - [User=Admin A. (Frc.booking@vistec.ac.th)] AutoComplete: 18 results found for search type: user, term: as [File=/home/gotit/domains/gotit.co.th/public_html/booking/Pages/Ajax/AutoCompletePage.php,Line=42]
2019-01-31T13:22:02+07:00 [4014] DEBUG default - [User=Admin A. (Frc.booking@vistec.ac.th)] AutoComplete: 1 results found for search type: user, term: aswee [File=/home/gotit/domains/gotit.co.th/public_html/booking/Pages/Ajax/AutoCompletePage.php,Line=42]
2019-01-31T13:22:13+07:00 [4014] DEBUG default - [User=Admin A. (Frc.booking@vistec.ac.th)] AutoComplete: 98 results found for search type: user, term: p [File=/home/gotit/domains/gotit.co.th/public_html/booking/Pages/Ajax/AutoCompletePage.php,Line=42]
2019-01-31T13:22:14+07:00 [4014] DEBUG default - [User=Admin A. (Frc.booking@vistec.ac.th)] AutoComplete: 12 results found for search type: user, term: pha [File=/home/gotit/domains/gotit.co.th/public_html/booking/Pages/Ajax/AutoCompletePage.php,Line=42]
2019-01-31T13:22:33+07:00 [4014] DEBUG default - [User=Admin A. (Frc.booking@vistec.ac.th)] AutoComplete: 160 results found for search type: user, term: t [File=/home/gotit/domains/gotit.co.th/public_html/booking/Pages/Ajax/AutoCompletePage.php,Line=42]
2019-01-31T13:22:33+07:00 [4144] DEBUG default - [User=Admin A. (Frc.booking@vistec.ac.th)] AutoComplete: 34 results found for search type: user, term: ta [File=/home/gotit/domains/gotit.co.th/public_html/booking/Pages/Ajax/AutoCompletePage.php,Line=42]
2019-01-31T13:22:35+07:00 [4014] DEBUG default - [User=Admin A. (Frc.booking@vistec.ac.th)] AutoComplete: 160 results found for search type: user, term: t [File=/home/gotit/domains/gotit.co.th/public_html/booking/Pages/Ajax/AutoCompletePage.php,Line=42]
2019-01-31T13:22:36+07:00 [4144] DEBUG default - [User=Admin A. (Frc.booking@vistec.ac.th)] AutoComplete: 17 results found for search type: user, term: tha [File=/home/gotit/domains/gotit.co.th/public_html/booking/Pages/Ajax/AutoCompletePage.php,Line=42]
2019-01-31T13:22:37+07:00 [4014] DEBUG default - [User=Admin A. (Frc.booking@vistec.ac.th)] AutoComplete: 2 results found for search type: user, term: thari [File=/home/gotit/domains/gotit.co.th/public_html/booking/Pages/Ajax/AutoCompletePage.php,Line=42]
2019-01-31T13:22:51+07:00 [4144] DEBUG default - [User=Admin A. (Frc.booking@vistec.ac.th)] AutoComplete: 160 results found for search type: user, term: t [File=/home/gotit/domains/gotit.co.th/public_html/booking/Pages/Ajax/AutoCompletePage.php,Line=42]
2019-01-31T13:22:51+07:00 [4014] DEBUG default - [User=Admin A. (Frc.booking@vistec.ac.th)] AutoComplete: 34 results found for search type: user, term: ta [File=/home/gotit/domains/gotit.co.th/public_html/booking/Pages/Ajax/AutoCompletePage.php,Line=42]
2019-01-31T13:22:51+07:00 [4144] DEBUG default - [User=Admin A. (Frc.booking@vistec.ac.th)] AutoComplete: 3 results found for search type: user, term: taw [File=/home/gotit/domains/gotit.co.th/public_html/booking/Pages/Ajax/AutoCompletePage.php,Line=42]
2019-01-31T13:22:52+07:00 [4014] DEBUG default - [User=Admin A. (Frc.booking@vistec.ac.th)] AutoComplete: 2 results found for search type: user, term: tawee [File=/home/gotit/domains/gotit.co.th/public_html/booking/Pages/Ajax/AutoCompletePage.php,Line=42]
