2019-05-25T05:01:47+07:00 [2607] DEBUG default - [User=Duangkamon Sutttipat (1530402@vistec.ac.th)] applies 0 allowed 1, ids 2 requested 13 [File=/var/www/html/booking/lib/Application/Attributes/AttributeService.php,Line=294]
2019-05-25T05:01:47+07:00 [2607] DEBUG default - [User=Duangkamon Sutttipat (1530402@vistec.ac.th)] applies 0 allowed 0, ids 17 requested 13 [File=/var/www/html/booking/lib/Application/Attributes/AttributeService.php,Line=294]
2019-05-25T05:01:47+07:00 [2607] DEBUG default - [User=Duangkamon Sutttipat (1530402@vistec.ac.th)] applies 0 allowed 0, ids 25 requested 13 [File=/var/www/html/booking/lib/Application/Attributes/AttributeService.php,Line=294]
2019-05-25T05:01:47+07:00 [2607] DEBUG default - [User=Duangkamon Sutttipat (1530402@vistec.ac.th)] applies 0 allowed 0, ids 16 requested 13 [File=/var/www/html/booking/lib/Application/Attributes/AttributeService.php,Line=294]
2019-05-25T05:01:47+07:00 [2607] DEBUG default - [User=Duangkamon Sutttipat (1530402@vistec.ac.th)] applies 0 allowed 0, ids 25 requested 13 [File=/var/www/html/booking/lib/Application/Attributes/AttributeService.php,Line=294]
2019-05-25T05:01:47+07:00 [2607] DEBUG default - [User=Duangkamon Sutttipat (1530402@vistec.ac.th)] applies 0 allowed 0, ids 26 requested 13 [File=/var/www/html/booking/lib/Application/Attributes/AttributeService.php,Line=294]
2019-05-25T05:01:47+07:00 [2607] DEBUG default - [User=Duangkamon Sutttipat (1530402@vistec.ac.th)] applies 0 allowed 0, ids 29 requested 13 [File=/var/www/html/booking/lib/Application/Attributes/AttributeService.php,Line=294]
2019-05-25T05:01:47+07:00 [2607] DEBUG default - [User=Duangkamon Sutttipat (1530402@vistec.ac.th)] applies 0 allowed 0, ids 26 requested 13 [File=/var/www/html/booking/lib/Application/Attributes/AttributeService.php,Line=294]
2019-05-25T05:01:47+07:00 [2607] DEBUG default - [User=Duangkamon Sutttipat (1530402@vistec.ac.th)] applies 0 allowed 1, ids 2 requested 13 [File=/var/www/html/booking/lib/Application/Attributes/AttributeService.php,Line=294]
2019-05-25T05:01:47+07:00 [2607] DEBUG default - [User=Duangkamon Sutttipat (1530402@vistec.ac.th)] applies 0 allowed 1, ids 15 requested 13 [File=/var/www/html/booking/lib/Application/Attributes/AttributeService.php,Line=294]
2019-05-25T05:01:47+07:00 [2607] DEBUG default - [User=Duangkamon Sutttipat (1530402@vistec.ac.th)] applies 0 allowed 0, ids 18,27 requested 13 [File=/var/www/html/booking/lib/Application/Attributes/AttributeService.php,Line=294]
2019-05-25T05:01:47+07:00 [2607] DEBUG default - [User=Duangkamon Sutttipat (1530402@vistec.ac.th)] applies 0 allowed 0, ids 16 requested 13 [File=/var/www/html/booking/lib/Application/Attributes/AttributeService.php,Line=294]
2019-05-25T05:01:47+07:00 [2607] DEBUG default - [User=Duangkamon Sutttipat (1530402@vistec.ac.th)] applies 0 allowed 0, ids 18 requested 13 [File=/var/www/html/booking/lib/Application/Attributes/AttributeService.php,Line=294]
2019-05-25T05:01:47+07:00 [2607] DEBUG default - [User=Duangkamon Sutttipat (1530402@vistec.ac.th)] applies 0 allowed 0, ids 26 requested 13 [File=/var/www/html/booking/lib/Application/Attributes/AttributeService.php,Line=294]
2019-05-25T05:01:47+07:00 [2607] DEBUG default - [User=Duangkamon Sutttipat (1530402@vistec.ac.th)] applies 0 allowed 1, ids 18,2 requested 13 [File=/var/www/html/booking/lib/Application/Attributes/AttributeService.php,Line=294]
2019-05-25T05:01:47+07:00 [2607] DEBUG default - [User=Duangkamon Sutttipat (1530402@vistec.ac.th)] applies 0 allowed 0, ids 17 requested 13 [File=/var/www/html/booking/lib/Application/Attributes/AttributeService.php,Line=294]
2019-05-25T05:01:47+07:00 [2607] DEBUG default - [User=Duangkamon Sutttipat (1530402@vistec.ac.th)] applies 0 allowed 0, ids 17 requested 13 [File=/var/www/html/booking/lib/Application/Attributes/AttributeService.php,Line=294]
2019-05-25T05:01:47+07:00 [2607] DEBUG default - [User=Duangkamon Sutttipat (1530402@vistec.ac.th)] applies 0 allowed 0, ids 26 requested 13 [File=/var/www/html/booking/lib/Application/Attributes/AttributeService.php,Line=294]
2019-05-25T05:01:47+07:00 [2607] DEBUG default - [User=Duangkamon Sutttipat (1530402@vistec.ac.th)] applies 0 allowed 1, ids 2 requested 13 [File=/var/www/html/booking/lib/Application/Attributes/AttributeService.php,Line=294]
2019-05-25T05:01:47+07:00 [2607] DEBUG default - [User=Duangkamon Sutttipat (1530402@vistec.ac.th)] applies 0 allowed 0, ids 17 requested 13 [File=/var/www/html/booking/lib/Application/Attributes/AttributeService.php,Line=294]
2019-05-25T05:01:47+07:00 [2607] DEBUG default - [User=Duangkamon Sutttipat (1530402@vistec.ac.th)] applies 0 allowed 0, ids 16 requested 13 [File=/var/www/html/booking/lib/Application/Attributes/AttributeService.php,Line=294]
2019-05-25T05:01:47+07:00 [2607] DEBUG default - [User=Duangkamon Sutttipat (1530402@vistec.ac.th)] applies 0 allowed 1, ids 23,26,22,21 requested 13 [File=/var/www/html/booking/lib/Application/Attributes/AttributeService.php,Line=294]
2019-05-25T05:01:47+07:00 [2607] DEBUG default - [User=Duangkamon Sutttipat (1530402@vistec.ac.th)] applies 0 allowed 1, ids 23,26,22,29,21 requested 13 [File=/var/www/html/booking/lib/Application/Attributes/AttributeService.php,Line=294]
2019-05-25T15:23:17+07:00 [2607] DEBUG default - [User=Kamonnart Imwiset (1530307@vistec.ac.th)] Adding custom attribute value for entityId=10, attributeId=29 [File=/var/www/html/booking/lib/Application/Attributes/AttributeList.php,Line=122]
2019-05-25T15:23:17+07:00 [2607] DEBUG default - [User=Kamonnart Imwiset (1530307@vistec.ac.th)] Took 0 seconds to load custom attributes for category 4 [File=/var/www/html/booking/lib/Application/Attributes/AttributeService.php,Line=154]
2019-05-25T15:23:17+07:00 [2607] DEBUG default - [User=Kamonnart Imwiset (1530307@vistec.ac.th)] Found 1 attributes for entityId 10 [File=/var/www/html/booking/lib/Application/Attributes/AttributeList.php,Line=165]
2019-05-25T15:23:17+07:00 [2607] DEBUG default - [User=Kamonnart Imwiset (1530307@vistec.ac.th)] Took 0 seconds to load custom attributes for category 5 [File=/var/www/html/booking/lib/Application/Attributes/AttributeService.php,Line=154]
2019-05-25T15:23:17+07:00 [2607] DEBUG default - [User=Kamonnart Imwiset (1530307@vistec.ac.th)] Found 0 attributes for entityId 1 [File=/var/www/html/booking/lib/Application/Attributes/AttributeList.php,Line=165]
2019-05-25T15:23:19+07:00 [18364] DEBUG default - [User=Kamonnart Imwiset (1530307@vistec.ac.th)] Adding custom attribute value for entityId=26, attributeId=29 [File=/var/www/html/booking/lib/Application/Attributes/AttributeList.php,Line=122]
2019-05-25T15:23:19+07:00 [18364] DEBUG default - [User=Kamonnart Imwiset (1530307@vistec.ac.th)] Took 0 seconds to load custom attributes for category 4 [File=/var/www/html/booking/lib/Application/Attributes/AttributeService.php,Line=154]
2019-05-25T15:23:19+07:00 [18364] DEBUG default - [User=Kamonnart Imwiset (1530307@vistec.ac.th)] Found 1 attributes for entityId 26 [File=/var/www/html/booking/lib/Application/Attributes/AttributeList.php,Line=165]
2019-05-25T15:23:19+07:00 [18364] DEBUG default - [User=Kamonnart Imwiset (1530307@vistec.ac.th)] Took 0 seconds to load custom attributes for category 5 [File=/var/www/html/booking/lib/Application/Attributes/AttributeService.php,Line=154]
2019-05-25T15:23:19+07:00 [18364] DEBUG default - [User=Kamonnart Imwiset (1530307@vistec.ac.th)] Found 0 attributes for entityId 2 [File=/var/www/html/booking/lib/Application/Attributes/AttributeList.php,Line=165]
2019-05-25T15:23:39+07:00 [18364] DEBUG default - [User=Kamonnart Imwiset (1530307@vistec.ac.th)] applies 0 allowed 1, ids 2 requested 8 [File=/var/www/html/booking/lib/Application/Attributes/AttributeService.php,Line=294]
2019-05-25T15:23:39+07:00 [18364] DEBUG default - [User=Kamonnart Imwiset (1530307@vistec.ac.th)] applies 0 allowed 1, ids 17 requested 8 [File=/var/www/html/booking/lib/Application/Attributes/AttributeService.php,Line=294]
2019-05-25T15:23:39+07:00 [18364] DEBUG default - [User=Kamonnart Imwiset (1530307@vistec.ac.th)] applies 0 allowed 0, ids 25 requested 8 [File=/var/www/html/booking/lib/Application/Attributes/AttributeService.php,Line=294]
2019-05-25T15:23:39+07:00 [18364] DEBUG default - [User=Kamonnart Imwiset (1530307@vistec.ac.th)] applies 0 allowed 1, ids 16 requested 8 [File=/var/www/html/booking/lib/Application/Attributes/AttributeService.php,Line=294]
2019-05-25T15:23:39+07:00 [18364] DEBUG default - [User=Kamonnart Imwiset (1530307@vistec.ac.th)] applies 0 allowed 0, ids 25 requested 8 [File=/var/www/html/booking/lib/Application/Attributes/AttributeService.php,Line=294]
2019-05-25T15:23:39+07:00 [18364] DEBUG default - [User=Kamonnart Imwiset (1530307@vistec.ac.th)] applies 0 allowed 1, ids 26 requested 8 [File=/var/www/html/booking/lib/Application/Attributes/AttributeService.php,Line=294]
2019-05-25T15:23:39+07:00 [18364] DEBUG default - [User=Kamonnart Imwiset (1530307@vistec.ac.th)] applies 0 allowed 0, ids 29 requested 8 [File=/var/www/html/booking/lib/Application/Attributes/AttributeService.php,Line=294]
2019-05-25T15:23:39+07:00 [18364] DEBUG default - [User=Kamonnart Imwiset (1530307@vistec.ac.th)] applies 0 allowed 1, ids 26 requested 8 [File=/var/www/html/booking/lib/Application/Attributes/AttributeService.php,Line=294]
2019-05-25T15:23:39+07:00 [18364] DEBUG default - [User=Kamonnart Imwiset (1530307@vistec.ac.th)] applies 0 allowed 1, ids 2 requested 8 [File=/var/www/html/booking/lib/Application/Attributes/AttributeService.php,Line=294]
2019-05-25T15:23:39+07:00 [18364] DEBUG default - [User=Kamonnart Imwiset (1530307@vistec.ac.th)] applies 0 allowed 0, ids 15 requested 8 [File=/var/www/html/booking/lib/Application/Attributes/AttributeService.php,Line=294]
2019-05-25T15:23:39+07:00 [18364] DEBUG default - [User=Kamonnart Imwiset (1530307@vistec.ac.th)] applies 0 allowed 0, ids 18,27 requested 8 [File=/var/www/html/booking/lib/Application/Attributes/AttributeService.php,Line=294]
2019-05-25T15:23:39+07:00 [18364] DEBUG default - [User=Kamonnart Imwiset (1530307@vistec.ac.th)] applies 0 allowed 1, ids 16 requested 8 [File=/var/www/html/booking/lib/Application/Attributes/AttributeService.php,Line=294]
2019-05-25T15:23:39+07:00 [18364] DEBUG default - [User=Kamonnart Imwiset (1530307@vistec.ac.th)] applies 0 allowed 0, ids 18 requested 8 [File=/var/www/html/booking/lib/Application/Attributes/AttributeService.php,Line=294]
2019-05-25T15:23:39+07:00 [18364] DEBUG default - [User=Kamonnart Imwiset (1530307@vistec.ac.th)] applies 0 allowed 1, ids 26 requested 8 [File=/var/www/html/booking/lib/Application/Attributes/AttributeService.php,Line=294]
2019-05-25T15:23:39+07:00 [18364] DEBUG default - [User=Kamonnart Imwiset (1530307@vistec.ac.th)] applies 0 allowed 1, ids 18,2 requested 8 [File=/var/www/html/booking/lib/Application/Attributes/AttributeService.php,Line=294]
2019-05-25T15:23:39+07:00 [18364] DEBUG default - [User=Kamonnart Imwiset (1530307@vistec.ac.th)] applies 0 allowed 1, ids 17 requested 8 [File=/var/www/html/booking/lib/Application/Attributes/AttributeService.php,Line=294]
2019-05-25T15:23:39+07:00 [18364] DEBUG default - [User=Kamonnart Imwiset (1530307@vistec.ac.th)] applies 0 allowed 1, ids 17 requested 8 [File=/var/www/html/booking/lib/Application/Attributes/AttributeService.php,Line=294]
2019-05-25T15:23:39+07:00 [18364] DEBUG default - [User=Kamonnart Imwiset (1530307@vistec.ac.th)] applies 0 allowed 1, ids 26 requested 8 [File=/var/www/html/booking/lib/Application/Attributes/AttributeService.php,Line=294]
2019-05-25T15:23:39+07:00 [18364] DEBUG default - [User=Kamonnart Imwiset (1530307@vistec.ac.th)] applies 0 allowed 1, ids 2 requested 8 [File=/var/www/html/booking/lib/Application/Attributes/AttributeService.php,Line=294]
2019-05-25T15:23:39+07:00 [18364] DEBUG default - [User=Kamonnart Imwiset (1530307@vistec.ac.th)] applies 0 allowed 1, ids 17 requested 8 [File=/var/www/html/booking/lib/Application/Attributes/AttributeService.php,Line=294]
2019-05-25T15:23:39+07:00 [18364] DEBUG default - [User=Kamonnart Imwiset (1530307@vistec.ac.th)] applies 0 allowed 1, ids 16 requested 8 [File=/var/www/html/booking/lib/Application/Attributes/AttributeService.php,Line=294]
2019-05-25T15:23:39+07:00 [18364] DEBUG default - [User=Kamonnart Imwiset (1530307@vistec.ac.th)] applies 0 allowed 1, ids 23,26,22,21 requested 8 [File=/var/www/html/booking/lib/Application/Attributes/AttributeService.php,Line=294]
2019-05-25T15:23:39+07:00 [18364] DEBUG default - [User=Kamonnart Imwiset (1530307@vistec.ac.th)] applies 0 allowed 1, ids 23,26,22,29,21 requested 8 [File=/var/www/html/booking/lib/Application/Attributes/AttributeService.php,Line=294]
2019-05-25T15:33:27+07:00 [2610] DEBUG default - [User=Alisa Phuekphong (1830401@vistec.ac.th)] applies 0 allowed 1, ids 2 requested  [File=/var/www/html/booking/lib/Application/Attributes/AttributeService.php,Line=294]
2019-05-25T15:33:27+07:00 [2610] DEBUG default - [User=Alisa Phuekphong (1830401@vistec.ac.th)] applies 0 allowed 0, ids 17 requested  [File=/var/www/html/booking/lib/Application/Attributes/AttributeService.php,Line=294]
2019-05-25T15:33:27+07:00 [2610] DEBUG default - [User=Alisa Phuekphong (1830401@vistec.ac.th)] applies 0 allowed 0, ids 25 requested  [File=/var/www/html/booking/lib/Application/Attributes/AttributeService.php,Line=294]
2019-05-25T15:33:27+07:00 [2610] DEBUG default - [User=Alisa Phuekphong (1830401@vistec.ac.th)] applies 0 allowed 1, ids 16 requested  [File=/var/www/html/booking/lib/Application/Attributes/AttributeService.php,Line=294]
2019-05-25T15:33:27+07:00 [2610] DEBUG default - [User=Alisa Phuekphong (1830401@vistec.ac.th)] applies 0 allowed 0, ids 25 requested  [File=/var/www/html/booking/lib/Application/Attributes/AttributeService.php,Line=294]
2019-05-25T15:33:27+07:00 [2610] DEBUG default - [User=Alisa Phuekphong (1830401@vistec.ac.th)] applies 0 allowed 0, ids 26 requested  [File=/var/www/html/booking/lib/Application/Attributes/AttributeService.php,Line=294]
2019-05-25T15:33:27+07:00 [2610] DEBUG default - [User=Alisa Phuekphong (1830401@vistec.ac.th)] applies 0 allowed 0, ids 29 requested  [File=/var/www/html/booking/lib/Application/Attributes/AttributeService.php,Line=294]
2019-05-25T15:33:27+07:00 [2610] DEBUG default - [User=Alisa Phuekphong (1830401@vistec.ac.th)] applies 0 allowed 0, ids 26 requested  [File=/var/www/html/booking/lib/Application/Attributes/AttributeService.php,Line=294]
2019-05-25T15:33:27+07:00 [2610] DEBUG default - [User=Alisa Phuekphong (1830401@vistec.ac.th)] applies 0 allowed 1, ids 2 requested  [File=/var/www/html/booking/lib/Application/Attributes/AttributeService.php,Line=294]
2019-05-25T15:33:27+07:00 [2610] DEBUG default - [User=Alisa Phuekphong (1830401@vistec.ac.th)] applies 0 allowed 0, ids 15 requested  [File=/var/www/html/booking/lib/Application/Attributes/AttributeService.php,Line=294]
2019-05-25T15:33:27+07:00 [2610] DEBUG default - [User=Alisa Phuekphong (1830401@vistec.ac.th)] applies 0 allowed 0, ids 18,27 requested  [File=/var/www/html/booking/lib/Application/Attributes/AttributeService.php,Line=294]
2019-05-25T15:33:27+07:00 [2610] DEBUG default - [User=Alisa Phuekphong (1830401@vistec.ac.th)] applies 0 allowed 1, ids 16 requested  [File=/var/www/html/booking/lib/Application/Attributes/AttributeService.php,Line=294]
2019-05-25T15:33:27+07:00 [2610] DEBUG default - [User=Alisa Phuekphong (1830401@vistec.ac.th)] applies 0 allowed 0, ids 18 requested  [File=/var/www/html/booking/lib/Application/Attributes/AttributeService.php,Line=294]
2019-05-25T15:33:27+07:00 [2610] DEBUG default - [User=Alisa Phuekphong (1830401@vistec.ac.th)] applies 0 allowed 0, ids 26 requested  [File=/var/www/html/booking/lib/Application/Attributes/AttributeService.php,Line=294]
2019-05-25T15:33:27+07:00 [2610] DEBUG default - [User=Alisa Phuekphong (1830401@vistec.ac.th)] applies 0 allowed 1, ids 18,2 requested  [File=/var/www/html/booking/lib/Application/Attributes/AttributeService.php,Line=294]
2019-05-25T15:33:27+07:00 [2610] DEBUG default - [User=Alisa Phuekphong (1830401@vistec.ac.th)] applies 0 allowed 0, ids 17 requested  [File=/var/www/html/booking/lib/Application/Attributes/AttributeService.php,Line=294]
2019-05-25T15:33:27+07:00 [2610] DEBUG default - [User=Alisa Phuekphong (1830401@vistec.ac.th)] applies 0 allowed 0, ids 17 requested  [File=/var/www/html/booking/lib/Application/Attributes/AttributeService.php,Line=294]
2019-05-25T15:33:27+07:00 [2610] DEBUG default - [User=Alisa Phuekphong (1830401@vistec.ac.th)] applies 0 allowed 0, ids 26 requested  [File=/var/www/html/booking/lib/Application/Attributes/AttributeService.php,Line=294]
2019-05-25T15:33:27+07:00 [2610] DEBUG default - [User=Alisa Phuekphong (1830401@vistec.ac.th)] applies 0 allowed 1, ids 2 requested  [File=/var/www/html/booking/lib/Application/Attributes/AttributeService.php,Line=294]
2019-05-25T15:33:27+07:00 [2610] DEBUG default - [User=Alisa Phuekphong (1830401@vistec.ac.th)] applies 0 allowed 0, ids 17 requested  [File=/var/www/html/booking/lib/Application/Attributes/AttributeService.php,Line=294]
2019-05-25T15:33:27+07:00 [2610] DEBUG default - [User=Alisa Phuekphong (1830401@vistec.ac.th)] applies 0 allowed 1, ids 16 requested  [File=/var/www/html/booking/lib/Application/Attributes/AttributeService.php,Line=294]
2019-05-25T15:33:27+07:00 [2610] DEBUG default - [User=Alisa Phuekphong (1830401@vistec.ac.th)] applies 0 allowed 0, ids 23,26,22,21 requested  [File=/var/www/html/booking/lib/Application/Attributes/AttributeService.php,Line=294]
2019-05-25T15:33:27+07:00 [2610] DEBUG default - [User=Alisa Phuekphong (1830401@vistec.ac.th)] applies 0 allowed 0, ids 23,26,22,29,21 requested  [File=/var/www/html/booking/lib/Application/Attributes/AttributeService.php,Line=294]
2019-05-25T16:02:08+07:00 [2607] DEBUG default - [User=Kritsada Intaraboonrod (1530405@vistec.ac.th)] applies 0 allowed 1, ids 2 requested 13 [File=/var/www/html/booking/lib/Application/Attributes/AttributeService.php,Line=294]
2019-05-25T16:02:08+07:00 [2607] DEBUG default - [User=Kritsada Intaraboonrod (1530405@vistec.ac.th)] applies 0 allowed 0, ids 17 requested 13 [File=/var/www/html/booking/lib/Application/Attributes/AttributeService.php,Line=294]
2019-05-25T16:02:08+07:00 [2607] DEBUG default - [User=Kritsada Intaraboonrod (1530405@vistec.ac.th)] applies 0 allowed 0, ids 25 requested 13 [File=/var/www/html/booking/lib/Application/Attributes/AttributeService.php,Line=294]
2019-05-25T16:02:08+07:00 [2607] DEBUG default - [User=Kritsada Intaraboonrod (1530405@vistec.ac.th)] applies 0 allowed 0, ids 16 requested 13 [File=/var/www/html/booking/lib/Application/Attributes/AttributeService.php,Line=294]
2019-05-25T16:02:08+07:00 [2607] DEBUG default - [User=Kritsada Intaraboonrod (1530405@vistec.ac.th)] applies 0 allowed 0, ids 25 requested 13 [File=/var/www/html/booking/lib/Application/Attributes/AttributeService.php,Line=294]
2019-05-25T16:02:08+07:00 [2607] DEBUG default - [User=Kritsada Intaraboonrod (1530405@vistec.ac.th)] applies 0 allowed 0, ids 26 requested 13 [File=/var/www/html/booking/lib/Application/Attributes/AttributeService.php,Line=294]
2019-05-25T16:02:08+07:00 [2607] DEBUG default - [User=Kritsada Intaraboonrod (1530405@vistec.ac.th)] applies 0 allowed 0, ids 29 requested 13 [File=/var/www/html/booking/lib/Application/Attributes/AttributeService.php,Line=294]
2019-05-25T16:02:08+07:00 [2607] DEBUG default - [User=Kritsada Intaraboonrod (1530405@vistec.ac.th)] applies 0 allowed 0, ids 26 requested 13 [File=/var/www/html/booking/lib/Application/Attributes/AttributeService.php,Line=294]
2019-05-25T16:02:08+07:00 [2607] DEBUG default - [User=Kritsada Intaraboonrod (1530405@vistec.ac.th)] applies 0 allowed 1, ids 2 requested 13 [File=/var/www/html/booking/lib/Application/Attributes/AttributeService.php,Line=294]
2019-05-25T16:02:08+07:00 [2607] DEBUG default - [User=Kritsada Intaraboonrod (1530405@vistec.ac.th)] applies 0 allowed 0, ids 15 requested 13 [File=/var/www/html/booking/lib/Application/Attributes/AttributeService.php,Line=294]
2019-05-25T16:02:08+07:00 [2607] DEBUG default - [User=Kritsada Intaraboonrod (1530405@vistec.ac.th)] applies 0 allowed 0, ids 18,27 requested 13 [File=/var/www/html/booking/lib/Application/Attributes/AttributeService.php,Line=294]
2019-05-25T16:02:08+07:00 [2607] DEBUG default - [User=Kritsada Intaraboonrod (1530405@vistec.ac.th)] applies 0 allowed 0, ids 16 requested 13 [File=/var/www/html/booking/lib/Application/Attributes/AttributeService.php,Line=294]
2019-05-25T16:02:08+07:00 [2607] DEBUG default - [User=Kritsada Intaraboonrod (1530405@vistec.ac.th)] applies 0 allowed 0, ids 18 requested 13 [File=/var/www/html/booking/lib/Application/Attributes/AttributeService.php,Line=294]
2019-05-25T16:02:08+07:00 [2607] DEBUG default - [User=Kritsada Intaraboonrod (1530405@vistec.ac.th)] applies 0 allowed 0, ids 26 requested 13 [File=/var/www/html/booking/lib/Application/Attributes/AttributeService.php,Line=294]
2019-05-25T16:02:08+07:00 [2607] DEBUG default - [User=Kritsada Intaraboonrod (1530405@vistec.ac.th)] applies 0 allowed 1, ids 18,2 requested 13 [File=/var/www/html/booking/lib/Application/Attributes/AttributeService.php,Line=294]
2019-05-25T16:02:08+07:00 [2607] DEBUG default - [User=Kritsada Intaraboonrod (1530405@vistec.ac.th)] applies 0 allowed 0, ids 17 requested 13 [File=/var/www/html/booking/lib/Application/Attributes/AttributeService.php,Line=294]
2019-05-25T16:02:08+07:00 [2607] DEBUG default - [User=Kritsada Intaraboonrod (1530405@vistec.ac.th)] applies 0 allowed 0, ids 17 requested 13 [File=/var/www/html/booking/lib/Application/Attributes/AttributeService.php,Line=294]
2019-05-25T16:02:08+07:00 [2607] DEBUG default - [User=Kritsada Intaraboonrod (1530405@vistec.ac.th)] applies 0 allowed 0, ids 26 requested 13 [File=/var/www/html/booking/lib/Application/Attributes/AttributeService.php,Line=294]
2019-05-25T16:02:08+07:00 [2607] DEBUG default - [User=Kritsada Intaraboonrod (1530405@vistec.ac.th)] applies 0 allowed 1, ids 2 requested 13 [File=/var/www/html/booking/lib/Application/Attributes/AttributeService.php,Line=294]
2019-05-25T16:02:08+07:00 [2607] DEBUG default - [User=Kritsada Intaraboonrod (1530405@vistec.ac.th)] applies 0 allowed 0, ids 17 requested 13 [File=/var/www/html/booking/lib/Application/Attributes/AttributeService.php,Line=294]
2019-05-25T16:02:08+07:00 [2607] DEBUG default - [User=Kritsada Intaraboonrod (1530405@vistec.ac.th)] applies 0 allowed 0, ids 16 requested 13 [File=/var/www/html/booking/lib/Application/Attributes/AttributeService.php,Line=294]
2019-05-25T16:02:08+07:00 [2607] DEBUG default - [User=Kritsada Intaraboonrod (1530405@vistec.ac.th)] applies 0 allowed 0, ids 23,26,22,21 requested 13 [File=/var/www/html/booking/lib/Application/Attributes/AttributeService.php,Line=294]
2019-05-25T16:02:08+07:00 [2607] DEBUG default - [User=Kritsada Intaraboonrod (1530405@vistec.ac.th)] applies 0 allowed 0, ids 23,26,22,29,21 requested 13 [File=/var/www/html/booking/lib/Application/Attributes/AttributeService.php,Line=294]
2019-05-25T17:48:03+07:00 [2607] DEBUG default - [User=Pattarawadee Therdkatanyuphong (1630303@vistec.ac.th)] Adding custom attribute value for entityId=17, attributeId=29 [File=/var/www/html/booking/lib/Application/Attributes/AttributeList.php,Line=122]
2019-05-25T17:48:03+07:00 [2607] DEBUG default - [User=Pattarawadee Therdkatanyuphong (1630303@vistec.ac.th)] Took 0 seconds to load custom attributes for category 4 [File=/var/www/html/booking/lib/Application/Attributes/AttributeService.php,Line=154]
2019-05-25T17:48:03+07:00 [2607] DEBUG default - [User=Pattarawadee Therdkatanyuphong (1630303@vistec.ac.th)] Found 1 attributes for entityId 17 [File=/var/www/html/booking/lib/Application/Attributes/AttributeList.php,Line=165]
2019-05-25T17:48:03+07:00 [2607] DEBUG default - [User=Pattarawadee Therdkatanyuphong (1630303@vistec.ac.th)] Took 0 seconds to load custom attributes for category 5 [File=/var/www/html/booking/lib/Application/Attributes/AttributeService.php,Line=154]
2019-05-25T17:48:03+07:00 [2607] DEBUG default - [User=Pattarawadee Therdkatanyuphong (1630303@vistec.ac.th)] Found 0 attributes for entityId 2 [File=/var/www/html/booking/lib/Application/Attributes/AttributeList.php,Line=165]
2019-05-25T17:48:14+07:00 [2607] DEBUG default - [User=Pattarawadee Therdkatanyuphong (1630303@vistec.ac.th)] applies 0 allowed 0, ids 2 requested 28 [File=/var/www/html/booking/lib/Application/Attributes/AttributeService.php,Line=294]
2019-05-25T17:48:14+07:00 [2607] DEBUG default - [User=Pattarawadee Therdkatanyuphong (1630303@vistec.ac.th)] applies 0 allowed 0, ids 17 requested 28 [File=/var/www/html/booking/lib/Application/Attributes/AttributeService.php,Line=294]
2019-05-25T17:48:14+07:00 [2607] DEBUG default - [User=Pattarawadee Therdkatanyuphong (1630303@vistec.ac.th)] applies 0 allowed 0, ids 25 requested 28 [File=/var/www/html/booking/lib/Application/Attributes/AttributeService.php,Line=294]
2019-05-25T17:48:14+07:00 [2607] DEBUG default - [User=Pattarawadee Therdkatanyuphong (1630303@vistec.ac.th)] applies 0 allowed 1, ids 16 requested 28 [File=/var/www/html/booking/lib/Application/Attributes/AttributeService.php,Line=294]
2019-05-25T17:48:14+07:00 [2607] DEBUG default - [User=Pattarawadee Therdkatanyuphong (1630303@vistec.ac.th)] applies 0 allowed 0, ids 25 requested 28 [File=/var/www/html/booking/lib/Application/Attributes/AttributeService.php,Line=294]
2019-05-25T17:48:14+07:00 [2607] DEBUG default - [User=Pattarawadee Therdkatanyuphong (1630303@vistec.ac.th)] applies 0 allowed 1, ids 26 requested 28 [File=/var/www/html/booking/lib/Application/Attributes/AttributeService.php,Line=294]
2019-05-25T17:48:14+07:00 [2607] DEBUG default - [User=Pattarawadee Therdkatanyuphong (1630303@vistec.ac.th)] applies 0 allowed 1, ids 29 requested 28 [File=/var/www/html/booking/lib/Application/Attributes/AttributeService.php,Line=294]
2019-05-25T17:48:14+07:00 [2607] DEBUG default - [User=Pattarawadee Therdkatanyuphong (1630303@vistec.ac.th)] applies 0 allowed 1, ids 26 requested 28 [File=/var/www/html/booking/lib/Application/Attributes/AttributeService.php,Line=294]
2019-05-25T17:48:14+07:00 [2607] DEBUG default - [User=Pattarawadee Therdkatanyuphong (1630303@vistec.ac.th)] applies 0 allowed 0, ids 2 requested 28 [File=/var/www/html/booking/lib/Application/Attributes/AttributeService.php,Line=294]
2019-05-25T17:48:14+07:00 [2607] DEBUG default - [User=Pattarawadee Therdkatanyuphong (1630303@vistec.ac.th)] applies 0 allowed 0, ids 15 requested 28 [File=/var/www/html/booking/lib/Application/Attributes/AttributeService.php,Line=294]
2019-05-25T17:48:14+07:00 [2607] DEBUG default - [User=Pattarawadee Therdkatanyuphong (1630303@vistec.ac.th)] applies 0 allowed 0, ids 18,27 requested 28 [File=/var/www/html/booking/lib/Application/Attributes/AttributeService.php,Line=294]
2019-05-25T17:48:14+07:00 [2607] DEBUG default - [User=Pattarawadee Therdkatanyuphong (1630303@vistec.ac.th)] applies 0 allowed 1, ids 16 requested 28 [File=/var/www/html/booking/lib/Application/Attributes/AttributeService.php,Line=294]
2019-05-25T17:48:14+07:00 [2607] DEBUG default - [User=Pattarawadee Therdkatanyuphong (1630303@vistec.ac.th)] applies 0 allowed 0, ids 18 requested 28 [File=/var/www/html/booking/lib/Application/Attributes/AttributeService.php,Line=294]
2019-05-25T17:48:14+07:00 [2607] DEBUG default - [User=Pattarawadee Therdkatanyuphong (1630303@vistec.ac.th)] applies 0 allowed 1, ids 26 requested 28 [File=/var/www/html/booking/lib/Application/Attributes/AttributeService.php,Line=294]
2019-05-25T17:48:14+07:00 [2607] DEBUG default - [User=Pattarawadee Therdkatanyuphong (1630303@vistec.ac.th)] applies 0 allowed 0, ids 18,2 requested 28 [File=/var/www/html/booking/lib/Application/Attributes/AttributeService.php,Line=294]
2019-05-25T17:48:14+07:00 [2607] DEBUG default - [User=Pattarawadee Therdkatanyuphong (1630303@vistec.ac.th)] applies 0 allowed 0, ids 17 requested 28 [File=/var/www/html/booking/lib/Application/Attributes/AttributeService.php,Line=294]
2019-05-25T17:48:14+07:00 [2607] DEBUG default - [User=Pattarawadee Therdkatanyuphong (1630303@vistec.ac.th)] applies 0 allowed 0, ids 17 requested 28 [File=/var/www/html/booking/lib/Application/Attributes/AttributeService.php,Line=294]
2019-05-25T17:48:14+07:00 [2607] DEBUG default - [User=Pattarawadee Therdkatanyuphong (1630303@vistec.ac.th)] applies 0 allowed 1, ids 26 requested 28 [File=/var/www/html/booking/lib/Application/Attributes/AttributeService.php,Line=294]
2019-05-25T17:48:14+07:00 [2607] DEBUG default - [User=Pattarawadee Therdkatanyuphong (1630303@vistec.ac.th)] applies 0 allowed 0, ids 2 requested 28 [File=/var/www/html/booking/lib/Application/Attributes/AttributeService.php,Line=294]
2019-05-25T17:48:14+07:00 [2607] DEBUG default - [User=Pattarawadee Therdkatanyuphong (1630303@vistec.ac.th)] applies 0 allowed 0, ids 17 requested 28 [File=/var/www/html/booking/lib/Application/Attributes/AttributeService.php,Line=294]
2019-05-25T17:48:14+07:00 [2607] DEBUG default - [User=Pattarawadee Therdkatanyuphong (1630303@vistec.ac.th)] applies 0 allowed 1, ids 16 requested 28 [File=/var/www/html/booking/lib/Application/Attributes/AttributeService.php,Line=294]
2019-05-25T17:48:14+07:00 [2607] DEBUG default - [User=Pattarawadee Therdkatanyuphong (1630303@vistec.ac.th)] applies 0 allowed 1, ids 23,26,22,21 requested 28 [File=/var/www/html/booking/lib/Application/Attributes/AttributeService.php,Line=294]
2019-05-25T17:48:14+07:00 [2607] DEBUG default - [User=Pattarawadee Therdkatanyuphong (1630303@vistec.ac.th)] applies 0 allowed 2, ids 23,26,22,29,21 requested 28 [File=/var/www/html/booking/lib/Application/Attributes/AttributeService.php,Line=294]
2019-05-25T17:48:35+07:00 [2607] DEBUG default - [User=Pattarawadee Therdkatanyuphong (1630303@vistec.ac.th)] applies 0 allowed 0, ids 2 requested  [File=/var/www/html/booking/lib/Application/Attributes/AttributeService.php,Line=294]
2019-05-25T17:48:35+07:00 [2607] DEBUG default - [User=Pattarawadee Therdkatanyuphong (1630303@vistec.ac.th)] applies 0 allowed 0, ids 17 requested  [File=/var/www/html/booking/lib/Application/Attributes/AttributeService.php,Line=294]
2019-05-25T17:48:35+07:00 [2607] DEBUG default - [User=Pattarawadee Therdkatanyuphong (1630303@vistec.ac.th)] applies 0 allowed 0, ids 25 requested  [File=/var/www/html/booking/lib/Application/Attributes/AttributeService.php,Line=294]
2019-05-25T17:48:35+07:00 [2607] DEBUG default - [User=Pattarawadee Therdkatanyuphong (1630303@vistec.ac.th)] applies 0 allowed 1, ids 16 requested  [File=/var/www/html/booking/lib/Application/Attributes/AttributeService.php,Line=294]
2019-05-25T17:48:35+07:00 [2607] DEBUG default - [User=Pattarawadee Therdkatanyuphong (1630303@vistec.ac.th)] applies 0 allowed 0, ids 25 requested  [File=/var/www/html/booking/lib/Application/Attributes/AttributeService.php,Line=294]
2019-05-25T17:48:35+07:00 [2607] DEBUG default - [User=Pattarawadee Therdkatanyuphong (1630303@vistec.ac.th)] applies 0 allowed 1, ids 26 requested  [File=/var/www/html/booking/lib/Application/Attributes/AttributeService.php,Line=294]
2019-05-25T17:48:35+07:00 [2607] DEBUG default - [User=Pattarawadee Therdkatanyuphong (1630303@vistec.ac.th)] applies 0 allowed 1, ids 29 requested  [File=/var/www/html/booking/lib/Application/Attributes/AttributeService.php,Line=294]
2019-05-25T17:48:35+07:00 [2607] DEBUG default - [User=Pattarawadee Therdkatanyuphong (1630303@vistec.ac.th)] applies 0 allowed 1, ids 26 requested  [File=/var/www/html/booking/lib/Application/Attributes/AttributeService.php,Line=294]
2019-05-25T17:48:35+07:00 [2607] DEBUG default - [User=Pattarawadee Therdkatanyuphong (1630303@vistec.ac.th)] applies 0 allowed 0, ids 2 requested  [File=/var/www/html/booking/lib/Application/Attributes/AttributeService.php,Line=294]
2019-05-25T17:48:35+07:00 [2607] DEBUG default - [User=Pattarawadee Therdkatanyuphong (1630303@vistec.ac.th)] applies 0 allowed 0, ids 15 requested  [File=/var/www/html/booking/lib/Application/Attributes/AttributeService.php,Line=294]
2019-05-25T17:48:35+07:00 [2607] DEBUG default - [User=Pattarawadee Therdkatanyuphong (1630303@vistec.ac.th)] applies 0 allowed 0, ids 18,27 requested  [File=/var/www/html/booking/lib/Application/Attributes/AttributeService.php,Line=294]
2019-05-25T17:48:35+07:00 [2607] DEBUG default - [User=Pattarawadee Therdkatanyuphong (1630303@vistec.ac.th)] applies 0 allowed 1, ids 16 requested  [File=/var/www/html/booking/lib/Application/Attributes/AttributeService.php,Line=294]
2019-05-25T17:48:35+07:00 [2607] DEBUG default - [User=Pattarawadee Therdkatanyuphong (1630303@vistec.ac.th)] applies 0 allowed 0, ids 18 requested  [File=/var/www/html/booking/lib/Application/Attributes/AttributeService.php,Line=294]
2019-05-25T17:48:35+07:00 [2607] DEBUG default - [User=Pattarawadee Therdkatanyuphong (1630303@vistec.ac.th)] applies 0 allowed 1, ids 26 requested  [File=/var/www/html/booking/lib/Application/Attributes/AttributeService.php,Line=294]
2019-05-25T17:48:35+07:00 [2607] DEBUG default - [User=Pattarawadee Therdkatanyuphong (1630303@vistec.ac.th)] applies 0 allowed 0, ids 18,2 requested  [File=/var/www/html/booking/lib/Application/Attributes/AttributeService.php,Line=294]
2019-05-25T17:48:35+07:00 [2607] DEBUG default - [User=Pattarawadee Therdkatanyuphong (1630303@vistec.ac.th)] applies 0 allowed 0, ids 17 requested  [File=/var/www/html/booking/lib/Application/Attributes/AttributeService.php,Line=294]
2019-05-25T17:48:35+07:00 [2607] DEBUG default - [User=Pattarawadee Therdkatanyuphong (1630303@vistec.ac.th)] applies 0 allowed 0, ids 17 requested  [File=/var/www/html/booking/lib/Application/Attributes/AttributeService.php,Line=294]
2019-05-25T17:48:35+07:00 [2607] DEBUG default - [User=Pattarawadee Therdkatanyuphong (1630303@vistec.ac.th)] applies 0 allowed 1, ids 26 requested  [File=/var/www/html/booking/lib/Application/Attributes/AttributeService.php,Line=294]
2019-05-25T17:48:35+07:00 [2607] DEBUG default - [User=Pattarawadee Therdkatanyuphong (1630303@vistec.ac.th)] applies 0 allowed 0, ids 2 requested  [File=/var/www/html/booking/lib/Application/Attributes/AttributeService.php,Line=294]
2019-05-25T17:48:35+07:00 [2607] DEBUG default - [User=Pattarawadee Therdkatanyuphong (1630303@vistec.ac.th)] applies 0 allowed 0, ids 17 requested  [File=/var/www/html/booking/lib/Application/Attributes/AttributeService.php,Line=294]
2019-05-25T17:48:35+07:00 [2607] DEBUG default - [User=Pattarawadee Therdkatanyuphong (1630303@vistec.ac.th)] applies 0 allowed 1, ids 16 requested  [File=/var/www/html/booking/lib/Application/Attributes/AttributeService.php,Line=294]
2019-05-25T17:48:35+07:00 [2607] DEBUG default - [User=Pattarawadee Therdkatanyuphong (1630303@vistec.ac.th)] applies 0 allowed 1, ids 23,26,22,21 requested  [File=/var/www/html/booking/lib/Application/Attributes/AttributeService.php,Line=294]
2019-05-25T17:48:35+07:00 [2607] DEBUG default - [User=Pattarawadee Therdkatanyuphong (1630303@vistec.ac.th)] applies 0 allowed 2, ids 23,26,22,29,21 requested  [File=/var/www/html/booking/lib/Application/Attributes/AttributeService.php,Line=294]
2019-05-25T18:14:50+07:00 [2607] DEBUG default - [User=Kachaporn Saenluang (kachaporn.s_s16@vistec.ac.th)] applies 0 allowed 1, ids 2 requested NaN [File=/var/www/html/booking/lib/Application/Attributes/AttributeService.php,Line=294]
2019-05-25T18:14:50+07:00 [2607] DEBUG default - [User=Kachaporn Saenluang (kachaporn.s_s16@vistec.ac.th)] applies 0 allowed 0, ids 17 requested NaN [File=/var/www/html/booking/lib/Application/Attributes/AttributeService.php,Line=294]
2019-05-25T18:14:50+07:00 [2607] DEBUG default - [User=Kachaporn Saenluang (kachaporn.s_s16@vistec.ac.th)] applies 0 allowed 0, ids 25 requested NaN [File=/var/www/html/booking/lib/Application/Attributes/AttributeService.php,Line=294]
2019-05-25T18:14:50+07:00 [2607] DEBUG default - [User=Kachaporn Saenluang (kachaporn.s_s16@vistec.ac.th)] applies 0 allowed 0, ids 16 requested NaN [File=/var/www/html/booking/lib/Application/Attributes/AttributeService.php,Line=294]
2019-05-25T18:14:50+07:00 [2607] DEBUG default - [User=Kachaporn Saenluang (kachaporn.s_s16@vistec.ac.th)] applies 0 allowed 0, ids 25 requested NaN [File=/var/www/html/booking/lib/Application/Attributes/AttributeService.php,Line=294]
2019-05-25T18:14:50+07:00 [2607] DEBUG default - [User=Kachaporn Saenluang (kachaporn.s_s16@vistec.ac.th)] applies 0 allowed 0, ids 26 requested NaN [File=/var/www/html/booking/lib/Application/Attributes/AttributeService.php,Line=294]
2019-05-25T18:14:50+07:00 [2607] DEBUG default - [User=Kachaporn Saenluang (kachaporn.s_s16@vistec.ac.th)] applies 0 allowed 0, ids 29 requested NaN [File=/var/www/html/booking/lib/Application/Attributes/AttributeService.php,Line=294]
2019-05-25T18:14:50+07:00 [2607] DEBUG default - [User=Kachaporn Saenluang (kachaporn.s_s16@vistec.ac.th)] applies 0 allowed 0, ids 26 requested NaN [File=/var/www/html/booking/lib/Application/Attributes/AttributeService.php,Line=294]
2019-05-25T18:14:50+07:00 [2607] DEBUG default - [User=Kachaporn Saenluang (kachaporn.s_s16@vistec.ac.th)] applies 0 allowed 1, ids 2 requested NaN [File=/var/www/html/booking/lib/Application/Attributes/AttributeService.php,Line=294]
2019-05-25T18:14:50+07:00 [2607] DEBUG default - [User=Kachaporn Saenluang (kachaporn.s_s16@vistec.ac.th)] applies 0 allowed 0, ids 15 requested NaN [File=/var/www/html/booking/lib/Application/Attributes/AttributeService.php,Line=294]
2019-05-25T18:14:50+07:00 [2607] DEBUG default - [User=Kachaporn Saenluang (kachaporn.s_s16@vistec.ac.th)] applies 0 allowed 0, ids 18,27 requested NaN [File=/var/www/html/booking/lib/Application/Attributes/AttributeService.php,Line=294]
2019-05-25T18:14:50+07:00 [2607] DEBUG default - [User=Kachaporn Saenluang (kachaporn.s_s16@vistec.ac.th)] applies 0 allowed 0, ids 16 requested NaN [File=/var/www/html/booking/lib/Application/Attributes/AttributeService.php,Line=294]
2019-05-25T18:14:50+07:00 [2607] DEBUG default - [User=Kachaporn Saenluang (kachaporn.s_s16@vistec.ac.th)] applies 0 allowed 0, ids 18 requested NaN [File=/var/www/html/booking/lib/Application/Attributes/AttributeService.php,Line=294]
2019-05-25T18:14:50+07:00 [2607] DEBUG default - [User=Kachaporn Saenluang (kachaporn.s_s16@vistec.ac.th)] applies 0 allowed 0, ids 26 requested NaN [File=/var/www/html/booking/lib/Application/Attributes/AttributeService.php,Line=294]
2019-05-25T18:14:50+07:00 [2607] DEBUG default - [User=Kachaporn Saenluang (kachaporn.s_s16@vistec.ac.th)] applies 0 allowed 1, ids 18,2 requested NaN [File=/var/www/html/booking/lib/Application/Attributes/AttributeService.php,Line=294]
2019-05-25T18:14:50+07:00 [2607] DEBUG default - [User=Kachaporn Saenluang (kachaporn.s_s16@vistec.ac.th)] applies 0 allowed 0, ids 17 requested NaN [File=/var/www/html/booking/lib/Application/Attributes/AttributeService.php,Line=294]
2019-05-25T18:14:50+07:00 [2607] DEBUG default - [User=Kachaporn Saenluang (kachaporn.s_s16@vistec.ac.th)] applies 0 allowed 0, ids 17 requested NaN [File=/var/www/html/booking/lib/Application/Attributes/AttributeService.php,Line=294]
2019-05-25T18:14:50+07:00 [2607] DEBUG default - [User=Kachaporn Saenluang (kachaporn.s_s16@vistec.ac.th)] applies 0 allowed 0, ids 26 requested NaN [File=/var/www/html/booking/lib/Application/Attributes/AttributeService.php,Line=294]
2019-05-25T18:14:50+07:00 [2607] DEBUG default - [User=Kachaporn Saenluang (kachaporn.s_s16@vistec.ac.th)] applies 0 allowed 1, ids 2 requested NaN [File=/var/www/html/booking/lib/Application/Attributes/AttributeService.php,Line=294]
2019-05-25T18:14:50+07:00 [2607] DEBUG default - [User=Kachaporn Saenluang (kachaporn.s_s16@vistec.ac.th)] applies 0 allowed 0, ids 17 requested NaN [File=/var/www/html/booking/lib/Application/Attributes/AttributeService.php,Line=294]
2019-05-25T18:14:50+07:00 [2607] DEBUG default - [User=Kachaporn Saenluang (kachaporn.s_s16@vistec.ac.th)] applies 0 allowed 0, ids 16 requested NaN [File=/var/www/html/booking/lib/Application/Attributes/AttributeService.php,Line=294]
2019-05-25T18:14:50+07:00 [2607] DEBUG default - [User=Kachaporn Saenluang (kachaporn.s_s16@vistec.ac.th)] applies 0 allowed 1, ids 23,26,22,21 requested NaN [File=/var/www/html/booking/lib/Application/Attributes/AttributeService.php,Line=294]
2019-05-25T18:14:50+07:00 [2607] DEBUG default - [User=Kachaporn Saenluang (kachaporn.s_s16@vistec.ac.th)] applies 0 allowed 1, ids 23,26,22,29,21 requested NaN [File=/var/www/html/booking/lib/Application/Attributes/AttributeService.php,Line=294]
2019-05-25T19:18:56+07:00 [18364] DEBUG default - [User=Kritsada Intaraboonrod (1530405@vistec.ac.th)] applies 0 allowed 1, ids 2 requested 13 [File=/var/www/html/booking/lib/Application/Attributes/AttributeService.php,Line=294]
2019-05-25T19:18:56+07:00 [18364] DEBUG default - [User=Kritsada Intaraboonrod (1530405@vistec.ac.th)] applies 0 allowed 0, ids 17 requested 13 [File=/var/www/html/booking/lib/Application/Attributes/AttributeService.php,Line=294]
2019-05-25T19:18:56+07:00 [18364] DEBUG default - [User=Kritsada Intaraboonrod (1530405@vistec.ac.th)] applies 0 allowed 0, ids 25 requested 13 [File=/var/www/html/booking/lib/Application/Attributes/AttributeService.php,Line=294]
2019-05-25T19:18:56+07:00 [18364] DEBUG default - [User=Kritsada Intaraboonrod (1530405@vistec.ac.th)] applies 0 allowed 0, ids 16 requested 13 [File=/var/www/html/booking/lib/Application/Attributes/AttributeService.php,Line=294]
2019-05-25T19:18:56+07:00 [18364] DEBUG default - [User=Kritsada Intaraboonrod (1530405@vistec.ac.th)] applies 0 allowed 0, ids 25 requested 13 [File=/var/www/html/booking/lib/Application/Attributes/AttributeService.php,Line=294]
2019-05-25T19:18:56+07:00 [18364] DEBUG default - [User=Kritsada Intaraboonrod (1530405@vistec.ac.th)] applies 0 allowed 0, ids 26 requested 13 [File=/var/www/html/booking/lib/Application/Attributes/AttributeService.php,Line=294]
2019-05-25T19:18:56+07:00 [18364] DEBUG default - [User=Kritsada Intaraboonrod (1530405@vistec.ac.th)] applies 0 allowed 0, ids 29 requested 13 [File=/var/www/html/booking/lib/Application/Attributes/AttributeService.php,Line=294]
2019-05-25T19:18:56+07:00 [18364] DEBUG default - [User=Kritsada Intaraboonrod (1530405@vistec.ac.th)] applies 0 allowed 0, ids 26 requested 13 [File=/var/www/html/booking/lib/Application/Attributes/AttributeService.php,Line=294]
2019-05-25T19:18:56+07:00 [18364] DEBUG default - [User=Kritsada Intaraboonrod (1530405@vistec.ac.th)] applies 0 allowed 1, ids 2 requested 13 [File=/var/www/html/booking/lib/Application/Attributes/AttributeService.php,Line=294]
2019-05-25T19:18:56+07:00 [18364] DEBUG default - [User=Kritsada Intaraboonrod (1530405@vistec.ac.th)] applies 0 allowed 0, ids 15 requested 13 [File=/var/www/html/booking/lib/Application/Attributes/AttributeService.php,Line=294]
2019-05-25T19:18:56+07:00 [18364] DEBUG default - [User=Kritsada Intaraboonrod (1530405@vistec.ac.th)] applies 0 allowed 0, ids 18,27 requested 13 [File=/var/www/html/booking/lib/Application/Attributes/AttributeService.php,Line=294]
2019-05-25T19:18:56+07:00 [18364] DEBUG default - [User=Kritsada Intaraboonrod (1530405@vistec.ac.th)] applies 0 allowed 0, ids 16 requested 13 [File=/var/www/html/booking/lib/Application/Attributes/AttributeService.php,Line=294]
2019-05-25T19:18:56+07:00 [18364] DEBUG default - [User=Kritsada Intaraboonrod (1530405@vistec.ac.th)] applies 0 allowed 0, ids 18 requested 13 [File=/var/www/html/booking/lib/Application/Attributes/AttributeService.php,Line=294]
2019-05-25T19:18:56+07:00 [18364] DEBUG default - [User=Kritsada Intaraboonrod (1530405@vistec.ac.th)] applies 0 allowed 0, ids 26 requested 13 [File=/var/www/html/booking/lib/Application/Attributes/AttributeService.php,Line=294]
2019-05-25T19:18:56+07:00 [18364] DEBUG default - [User=Kritsada Intaraboonrod (1530405@vistec.ac.th)] applies 0 allowed 1, ids 18,2 requested 13 [File=/var/www/html/booking/lib/Application/Attributes/AttributeService.php,Line=294]
2019-05-25T19:18:56+07:00 [18364] DEBUG default - [User=Kritsada Intaraboonrod (1530405@vistec.ac.th)] applies 0 allowed 0, ids 17 requested 13 [File=/var/www/html/booking/lib/Application/Attributes/AttributeService.php,Line=294]
2019-05-25T19:18:56+07:00 [18364] DEBUG default - [User=Kritsada Intaraboonrod (1530405@vistec.ac.th)] applies 0 allowed 0, ids 17 requested 13 [File=/var/www/html/booking/lib/Application/Attributes/AttributeService.php,Line=294]
2019-05-25T19:18:56+07:00 [18364] DEBUG default - [User=Kritsada Intaraboonrod (1530405@vistec.ac.th)] applies 0 allowed 0, ids 26 requested 13 [File=/var/www/html/booking/lib/Application/Attributes/AttributeService.php,Line=294]
2019-05-25T19:18:56+07:00 [18364] DEBUG default - [User=Kritsada Intaraboonrod (1530405@vistec.ac.th)] applies 0 allowed 1, ids 2 requested 13 [File=/var/www/html/booking/lib/Application/Attributes/AttributeService.php,Line=294]
2019-05-25T19:18:56+07:00 [18364] DEBUG default - [User=Kritsada Intaraboonrod (1530405@vistec.ac.th)] applies 0 allowed 0, ids 17 requested 13 [File=/var/www/html/booking/lib/Application/Attributes/AttributeService.php,Line=294]
2019-05-25T19:18:56+07:00 [18364] DEBUG default - [User=Kritsada Intaraboonrod (1530405@vistec.ac.th)] applies 0 allowed 0, ids 16 requested 13 [File=/var/www/html/booking/lib/Application/Attributes/AttributeService.php,Line=294]
2019-05-25T19:18:56+07:00 [18364] DEBUG default - [User=Kritsada Intaraboonrod (1530405@vistec.ac.th)] applies 0 allowed 0, ids 23,26,22,21 requested 13 [File=/var/www/html/booking/lib/Application/Attributes/AttributeService.php,Line=294]
2019-05-25T19:18:56+07:00 [18364] DEBUG default - [User=Kritsada Intaraboonrod (1530405@vistec.ac.th)] applies 0 allowed 0, ids 23,26,22,29,21 requested 13 [File=/var/www/html/booking/lib/Application/Attributes/AttributeService.php,Line=294]
2019-05-25T19:58:50+07:00 [18364] DEBUG default - [User=Siwada Deepracha (1630201@vistec.ac.th)] applies 0 allowed 1, ids 2 requested 16 [File=/var/www/html/booking/lib/Application/Attributes/AttributeService.php,Line=294]
2019-05-25T19:58:50+07:00 [18364] DEBUG default - [User=Siwada Deepracha (1630201@vistec.ac.th)] applies 0 allowed 1, ids 17 requested 16 [File=/var/www/html/booking/lib/Application/Attributes/AttributeService.php,Line=294]
2019-05-25T19:58:50+07:00 [18364] DEBUG default - [User=Siwada Deepracha (1630201@vistec.ac.th)] applies 0 allowed 0, ids 25 requested 16 [File=/var/www/html/booking/lib/Application/Attributes/AttributeService.php,Line=294]
2019-05-25T19:58:50+07:00 [18364] DEBUG default - [User=Siwada Deepracha (1630201@vistec.ac.th)] applies 1 allowed 1, ids 16 requested 16 [File=/var/www/html/booking/lib/Application/Attributes/AttributeService.php,Line=294]
2019-05-25T19:58:50+07:00 [18364] DEBUG default - [User=Siwada Deepracha (1630201@vistec.ac.th)] applies 0 allowed 0, ids 25 requested 16 [File=/var/www/html/booking/lib/Application/Attributes/AttributeService.php,Line=294]
2019-05-25T19:58:50+07:00 [18364] DEBUG default - [User=Siwada Deepracha (1630201@vistec.ac.th)] applies 0 allowed 0, ids 26 requested 16 [File=/var/www/html/booking/lib/Application/Attributes/AttributeService.php,Line=294]
2019-05-25T19:58:50+07:00 [18364] DEBUG default - [User=Siwada Deepracha (1630201@vistec.ac.th)] applies 0 allowed 0, ids 29 requested 16 [File=/var/www/html/booking/lib/Application/Attributes/AttributeService.php,Line=294]
2019-05-25T19:58:50+07:00 [18364] DEBUG default - [User=Siwada Deepracha (1630201@vistec.ac.th)] applies 0 allowed 0, ids 26 requested 16 [File=/var/www/html/booking/lib/Application/Attributes/AttributeService.php,Line=294]
2019-05-25T19:58:50+07:00 [18364] DEBUG default - [User=Siwada Deepracha (1630201@vistec.ac.th)] applies 0 allowed 1, ids 2 requested 16 [File=/var/www/html/booking/lib/Application/Attributes/AttributeService.php,Line=294]
2019-05-25T19:58:50+07:00 [18364] DEBUG default - [User=Siwada Deepracha (1630201@vistec.ac.th)] applies 0 allowed 0, ids 15 requested 16 [File=/var/www/html/booking/lib/Application/Attributes/AttributeService.php,Line=294]
2019-05-25T19:58:50+07:00 [18364] DEBUG default - [User=Siwada Deepracha (1630201@vistec.ac.th)] applies 0 allowed 0, ids 18,27 requested 16 [File=/var/www/html/booking/lib/Application/Attributes/AttributeService.php,Line=294]
2019-05-25T19:58:50+07:00 [18364] DEBUG default - [User=Siwada Deepracha (1630201@vistec.ac.th)] applies 1 allowed 1, ids 16 requested 16 [File=/var/www/html/booking/lib/Application/Attributes/AttributeService.php,Line=294]
2019-05-25T19:58:50+07:00 [18364] DEBUG default - [User=Siwada Deepracha (1630201@vistec.ac.th)] applies 0 allowed 0, ids 18 requested 16 [File=/var/www/html/booking/lib/Application/Attributes/AttributeService.php,Line=294]
2019-05-25T19:58:50+07:00 [18364] DEBUG default - [User=Siwada Deepracha (1630201@vistec.ac.th)] applies 0 allowed 0, ids 26 requested 16 [File=/var/www/html/booking/lib/Application/Attributes/AttributeService.php,Line=294]
2019-05-25T19:58:50+07:00 [18364] DEBUG default - [User=Siwada Deepracha (1630201@vistec.ac.th)] applies 0 allowed 1, ids 18,2 requested 16 [File=/var/www/html/booking/lib/Application/Attributes/AttributeService.php,Line=294]
2019-05-25T19:58:50+07:00 [18364] DEBUG default - [User=Siwada Deepracha (1630201@vistec.ac.th)] applies 0 allowed 1, ids 17 requested 16 [File=/var/www/html/booking/lib/Application/Attributes/AttributeService.php,Line=294]
2019-05-25T19:58:50+07:00 [18364] DEBUG default - [User=Siwada Deepracha (1630201@vistec.ac.th)] applies 0 allowed 1, ids 17 requested 16 [File=/var/www/html/booking/lib/Application/Attributes/AttributeService.php,Line=294]
2019-05-25T19:58:50+07:00 [18364] DEBUG default - [User=Siwada Deepracha (1630201@vistec.ac.th)] applies 0 allowed 0, ids 26 requested 16 [File=/var/www/html/booking/lib/Application/Attributes/AttributeService.php,Line=294]
2019-05-25T19:58:50+07:00 [18364] DEBUG default - [User=Siwada Deepracha (1630201@vistec.ac.th)] applies 0 allowed 1, ids 2 requested 16 [File=/var/www/html/booking/lib/Application/Attributes/AttributeService.php,Line=294]
2019-05-25T19:58:50+07:00 [18364] DEBUG default - [User=Siwada Deepracha (1630201@vistec.ac.th)] applies 0 allowed 1, ids 17 requested 16 [File=/var/www/html/booking/lib/Application/Attributes/AttributeService.php,Line=294]
2019-05-25T19:58:50+07:00 [18364] DEBUG default - [User=Siwada Deepracha (1630201@vistec.ac.th)] applies 1 allowed 1, ids 16 requested 16 [File=/var/www/html/booking/lib/Application/Attributes/AttributeService.php,Line=294]
2019-05-25T19:58:50+07:00 [18364] DEBUG default - [User=Siwada Deepracha (1630201@vistec.ac.th)] applies 0 allowed 0, ids 23,26,22,21 requested 16 [File=/var/www/html/booking/lib/Application/Attributes/AttributeService.php,Line=294]
2019-05-25T19:58:50+07:00 [18364] DEBUG default - [User=Siwada Deepracha (1630201@vistec.ac.th)] applies 0 allowed 0, ids 23,26,22,29,21 requested 16 [File=/var/www/html/booking/lib/Application/Attributes/AttributeService.php,Line=294]
2019-05-25T19:59:33+07:00 [2607] DEBUG default - [User=Siwada Deepracha (1630201@vistec.ac.th)] submitted retry params array (
) [File=/var/www/html/booking/lib/Application/Reservation/ReservationHandler.php,Line=103]
2019-05-25T19:59:33+07:00 [2607] DEBUG default - [User=Siwada Deepracha (1630201@vistec.ac.th)] week_month_start 21 [File=/var/www/html/booking/lib/Application/Reservation/ReservationHandler.php,Line=365]
2019-05-25T19:59:33+07:00 [2607] DEBUG default - [User=Siwada Deepracha (1630201@vistec.ac.th)] week_month_current 21 [File=/var/www/html/booking/lib/Application/Reservation/ReservationHandler.php,Line=366]
2019-05-25T19:59:33+07:00 [2607] DEBUG default - [User=Siwada Deepracha (1630201@vistec.ac.th)] Tool Mode is  [File=/var/www/html/booking/lib/Application/Reservation/ReservationHandler.php,Line=747]
2019-05-25T19:59:33+07:00 [2607] DEBUG default - [User=Siwada Deepracha (1630201@vistec.ac.th)] Checking for reservation conflicts, reference number 5ce93c35904fe759400273 on 2019-05-26 14:00:00 Asia/Bangkok [File=/var/www/html/booking/lib/Application/Reservation/Validation/ResourceAvailabilityRule.php,Line=54]
2019-05-25T19:59:33+07:00 [2607] DEBUG default - [User=Siwada Deepracha (1630201@vistec.ac.th)] Validating rule ResourceAvailabilityRule. Passed?: 1 [File=/var/www/html/booking/lib/Application/Reservation/Validation/ReservationValidationRuleProcessor.php,Line=35]
2019-05-25T19:59:33+07:00 [2607] DEBUG default - [User=Siwada Deepracha (1630201@vistec.ac.th)] Validating rule AdminExcludedRule. Passed?: 1 [File=/var/www/html/booking/lib/Application/Reservation/Validation/ReservationValidationRuleProcessor.php,Line=35]
2019-05-25T19:59:33+07:00 [2607] DEBUG default - [User=Siwada Deepracha (1630201@vistec.ac.th)] Validating rule ReservationDateTimeRule. Passed?: 1 [File=/var/www/html/booking/lib/Application/Reservation/Validation/ReservationValidationRuleProcessor.php,Line=35]
2019-05-25T19:59:33+07:00 [2607] DEBUG default - [User=Siwada Deepracha (1630201@vistec.ac.th)] Validating rule ReservationBasicInfoRule. Passed?: 1 [File=/var/www/html/booking/lib/Application/Reservation/Validation/ReservationValidationRuleProcessor.php,Line=35]
2019-05-25T19:59:33+07:00 [2607] DEBUG default - [User=Siwada Deepracha (1630201@vistec.ac.th)] Start Time Rule: Comparing 2019-05-26 14:00:00 Asia/Bangkok to 2019-05-25 19:59:33 Asia/Bangkok [File=/var/www/html/booking/lib/Application/Reservation/Validation/ReservationStartTimeRule.php,Line=63]
2019-05-25T19:59:33+07:00 [2607] DEBUG default - [User=Siwada Deepracha (1630201@vistec.ac.th)] Validating rule AdminExcludedRule. Passed?: 1 [File=/var/www/html/booking/lib/Application/Reservation/Validation/ReservationValidationRuleProcessor.php,Line=35]
2019-05-25T19:59:33+07:00 [2607] DEBUG default - [User=Siwada Deepracha (1630201@vistec.ac.th)] Validating rule AdminExcludedRule. Passed?: 1 [File=/var/www/html/booking/lib/Application/Reservation/Validation/ReservationValidationRuleProcessor.php,Line=35]
2019-05-25T19:59:33+07:00 [2607] DEBUG default - [User=Siwada Deepracha (1630201@vistec.ac.th)] Validating rule AdminExcludedRule. Passed?: 1 [File=/var/www/html/booking/lib/Application/Reservation/Validation/ReservationValidationRuleProcessor.php,Line=35]
2019-05-25T19:59:33+07:00 [2607] DEBUG default - [User=Siwada Deepracha (1630201@vistec.ac.th)] Validating rule AdminExcludedRule. Passed?: 1 [File=/var/www/html/booking/lib/Application/Reservation/Validation/ReservationValidationRuleProcessor.php,Line=35]
2019-05-25T19:59:33+07:00 [2607] DEBUG default - [User=Siwada Deepracha (1630201@vistec.ac.th)] Validating rule AdminExcludedRule. Passed?: 1 [File=/var/www/html/booking/lib/Application/Reservation/Validation/ReservationValidationRuleProcessor.php,Line=35]
2019-05-25T19:59:33+07:00 [2607] DEBUG default - [User=Siwada Deepracha (1630201@vistec.ac.th)] Validating rule ReservationAttachmentRule. Passed?: 1 [File=/var/www/html/booking/lib/Application/Reservation/Validation/ReservationValidationRuleProcessor.php,Line=35]
2019-05-25T19:59:33+07:00 [2607] DEBUG default - [User=Siwada Deepracha (1630201@vistec.ac.th)] Validating rule AdminExcludedRule. Passed?: 1 [File=/var/www/html/booking/lib/Application/Reservation/Validation/ReservationValidationRuleProcessor.php,Line=35]
2019-05-25T19:59:33+07:00 [2607] DEBUG default - [User=Siwada Deepracha (1630201@vistec.ac.th)] Validating rule AdminExcludedRule. Passed?: 1 [File=/var/www/html/booking/lib/Application/Reservation/Validation/ReservationValidationRuleProcessor.php,Line=35]
2019-05-25T19:59:33+07:00 [2607] DEBUG default - [User=Siwada Deepracha (1630201@vistec.ac.th)] Validating rule AdminExcludedRule. Passed?: 1 [File=/var/www/html/booking/lib/Application/Reservation/Validation/ReservationValidationRuleProcessor.php,Line=35]
2019-05-25T19:59:33+07:00 [2607] DEBUG default - [User=Siwada Deepracha (1630201@vistec.ac.th)] Validating rule AdminExcludedRule. Passed?: 1 [File=/var/www/html/booking/lib/Application/Reservation/Validation/ReservationValidationRuleProcessor.php,Line=35]
2019-05-25T19:59:33+07:00 [2607] DEBUG default - [User=Siwada Deepracha (1630201@vistec.ac.th)] Validating rule SchedulePeriodRule. Passed?: 1 [File=/var/www/html/booking/lib/Application/Reservation/Validation/ReservationValidationRuleProcessor.php,Line=35]
2019-05-25T19:59:33+07:00 [2607] DEBUG default - [User=Siwada Deepracha (1630201@vistec.ac.th)] Validating rule AdminExcludedRule. Passed?: 1 [File=/var/www/html/booking/lib/Application/Reservation/Validation/ReservationValidationRuleProcessor.php,Line=35]
2019-05-25T19:59:33+07:00 [2607] DEBUG default - [User=Siwada Deepracha (1630201@vistec.ac.th)] Validating rule AdminExcludedRule. Passed?: 1 [File=/var/www/html/booking/lib/Application/Reservation/Validation/ReservationValidationRuleProcessor.php,Line=35]
2019-05-25T19:59:33+07:00 [2607] DEBUG default - [User=Siwada Deepracha (1630201@vistec.ac.th)] Validating rule AccessoryAvailabilityRule. Passed?: 1 [File=/var/www/html/booking/lib/Application/Reservation/Validation/ReservationValidationRuleProcessor.php,Line=35]
2019-05-25T19:59:33+07:00 [2607] DEBUG default - [User=Siwada Deepracha (1630201@vistec.ac.th)] Validating rule AccessoryResourceRule. Passed?: 1 [File=/var/www/html/booking/lib/Application/Reservation/Validation/ReservationValidationRuleProcessor.php,Line=35]
2019-05-25T19:59:33+07:00 [2607] DEBUG default - [User=Siwada Deepracha (1630201@vistec.ac.th)] CREDITS - Reservation update adjusting credits for user 482 by 0. Required 0, consumed 0 [File=/var/www/html/booking/Domain/Access/ReservationRepository.php,Line=209]
2019-05-25T19:59:33+07:00 [2607] DEBUG default - [User=Siwada Deepracha (1630201@vistec.ac.th)] Calling notify on OwnerEmailCreatedNotification for reservation 5ce93c35904fe759400273 [File=/var/www/html/booking/lib/Application/Reservation/Notification/IReservationNotificationService.php,Line=53]
2019-05-25T19:59:33+07:00 [2607] DEBUG default - [User=Siwada Deepracha (1630201@vistec.ac.th)] Owner does not want these types of email notifications. Email=1630201@vistec.ac.th, ReferenceNumber=5ce93c35904fe759400273 [File=/var/www/html/booking/lib/Application/Reservation/Notification/OwnerEmailNotification.php,Line=60]
2019-05-25T19:59:33+07:00 [2607] DEBUG default - [User=Siwada Deepracha (1630201@vistec.ac.th)] Calling notify on AdminEmailCreatedNotification for reservation 5ce93c35904fe759400273 [File=/var/www/html/booking/lib/Application/Reservation/Notification/IReservationNotificationService.php,Line=53]
2019-05-25T19:59:33+07:00 [2607] DEBUG default - [User=Siwada Deepracha (1630201@vistec.ac.th)] Calling notify on AdminEmailApprovalNotification for reservation 5ce93c35904fe759400273 [File=/var/www/html/booking/lib/Application/Reservation/Notification/IReservationNotificationService.php,Line=53]
2019-05-25T19:59:33+07:00 [2607] DEBUG default - [User=Siwada Deepracha (1630201@vistec.ac.th)] Calling notify on ParticipantAddedEmailNotification for reservation 5ce93c35904fe759400273 [File=/var/www/html/booking/lib/Application/Reservation/Notification/IReservationNotificationService.php,Line=53]
2019-05-25T19:59:33+07:00 [2607] DEBUG default - [User=Siwada Deepracha (1630201@vistec.ac.th)] Calling notify on InviteeAddedEmailNotification for reservation 5ce93c35904fe759400273 [File=/var/www/html/booking/lib/Application/Reservation/Notification/IReservationNotificationService.php,Line=53]
2019-05-25T19:59:33+07:00 [2607] DEBUG default - [User=Siwada Deepracha (1630201@vistec.ac.th)] Calling notify on GuestAddedEmailNotification for reservation 5ce93c35904fe759400273 [File=/var/www/html/booking/lib/Application/Reservation/Notification/IReservationNotificationService.php,Line=53]
2019-05-25T20:46:40+07:00 [18364] DEBUG default - [User=Siraphat Cheepborisutikul (1630409@vistec.ac.th)] applies 0 allowed 1, ids 2 requested 25 [File=/var/www/html/booking/lib/Application/Attributes/AttributeService.php,Line=294]
2019-05-25T20:46:40+07:00 [18364] DEBUG default - [User=Siraphat Cheepborisutikul (1630409@vistec.ac.th)] applies 0 allowed 1, ids 17 requested 25 [File=/var/www/html/booking/lib/Application/Attributes/AttributeService.php,Line=294]
2019-05-25T20:46:40+07:00 [18364] DEBUG default - [User=Siraphat Cheepborisutikul (1630409@vistec.ac.th)] applies 1 allowed 1, ids 25 requested 25 [File=/var/www/html/booking/lib/Application/Attributes/AttributeService.php,Line=294]
2019-05-25T20:46:40+07:00 [18364] DEBUG default - [User=Siraphat Cheepborisutikul (1630409@vistec.ac.th)] applies 0 allowed 1, ids 16 requested 25 [File=/var/www/html/booking/lib/Application/Attributes/AttributeService.php,Line=294]
2019-05-25T20:46:40+07:00 [18364] DEBUG default - [User=Siraphat Cheepborisutikul (1630409@vistec.ac.th)] applies 1 allowed 1, ids 25 requested 25 [File=/var/www/html/booking/lib/Application/Attributes/AttributeService.php,Line=294]
2019-05-25T20:46:40+07:00 [18364] DEBUG default - [User=Siraphat Cheepborisutikul (1630409@vistec.ac.th)] applies 0 allowed 0, ids 26 requested 25 [File=/var/www/html/booking/lib/Application/Attributes/AttributeService.php,Line=294]
2019-05-25T20:46:40+07:00 [18364] DEBUG default - [User=Siraphat Cheepborisutikul (1630409@vistec.ac.th)] applies 0 allowed 0, ids 29 requested 25 [File=/var/www/html/booking/lib/Application/Attributes/AttributeService.php,Line=294]
2019-05-25T20:46:40+07:00 [18364] DEBUG default - [User=Siraphat Cheepborisutikul (1630409@vistec.ac.th)] applies 0 allowed 0, ids 26 requested 25 [File=/var/www/html/booking/lib/Application/Attributes/AttributeService.php,Line=294]
2019-05-25T20:46:40+07:00 [18364] DEBUG default - [User=Siraphat Cheepborisutikul (1630409@vistec.ac.th)] applies 0 allowed 1, ids 2 requested 25 [File=/var/www/html/booking/lib/Application/Attributes/AttributeService.php,Line=294]
2019-05-25T20:46:40+07:00 [18364] DEBUG default - [User=Siraphat Cheepborisutikul (1630409@vistec.ac.th)] applies 0 allowed 0, ids 15 requested 25 [File=/var/www/html/booking/lib/Application/Attributes/AttributeService.php,Line=294]
2019-05-25T20:46:40+07:00 [18364] DEBUG default - [User=Siraphat Cheepborisutikul (1630409@vistec.ac.th)] applies 0 allowed 0, ids 18,27 requested 25 [File=/var/www/html/booking/lib/Application/Attributes/AttributeService.php,Line=294]
2019-05-25T20:46:40+07:00 [18364] DEBUG default - [User=Siraphat Cheepborisutikul (1630409@vistec.ac.th)] applies 0 allowed 1, ids 16 requested 25 [File=/var/www/html/booking/lib/Application/Attributes/AttributeService.php,Line=294]
2019-05-25T20:46:40+07:00 [18364] DEBUG default - [User=Siraphat Cheepborisutikul (1630409@vistec.ac.th)] applies 0 allowed 0, ids 18 requested 25 [File=/var/www/html/booking/lib/Application/Attributes/AttributeService.php,Line=294]
2019-05-25T20:46:40+07:00 [18364] DEBUG default - [User=Siraphat Cheepborisutikul (1630409@vistec.ac.th)] applies 0 allowed 0, ids 26 requested 25 [File=/var/www/html/booking/lib/Application/Attributes/AttributeService.php,Line=294]
2019-05-25T20:46:40+07:00 [18364] DEBUG default - [User=Siraphat Cheepborisutikul (1630409@vistec.ac.th)] applies 0 allowed 1, ids 18,2 requested 25 [File=/var/www/html/booking/lib/Application/Attributes/AttributeService.php,Line=294]
2019-05-25T20:46:40+07:00 [18364] DEBUG default - [User=Siraphat Cheepborisutikul (1630409@vistec.ac.th)] applies 0 allowed 1, ids 17 requested 25 [File=/var/www/html/booking/lib/Application/Attributes/AttributeService.php,Line=294]
2019-05-25T20:46:40+07:00 [18364] DEBUG default - [User=Siraphat Cheepborisutikul (1630409@vistec.ac.th)] applies 0 allowed 1, ids 17 requested 25 [File=/var/www/html/booking/lib/Application/Attributes/AttributeService.php,Line=294]
2019-05-25T20:46:40+07:00 [18364] DEBUG default - [User=Siraphat Cheepborisutikul (1630409@vistec.ac.th)] applies 0 allowed 0, ids 26 requested 25 [File=/var/www/html/booking/lib/Application/Attributes/AttributeService.php,Line=294]
2019-05-25T20:46:40+07:00 [18364] DEBUG default - [User=Siraphat Cheepborisutikul (1630409@vistec.ac.th)] applies 0 allowed 1, ids 2 requested 25 [File=/var/www/html/booking/lib/Application/Attributes/AttributeService.php,Line=294]
2019-05-25T20:46:40+07:00 [18364] DEBUG default - [User=Siraphat Cheepborisutikul (1630409@vistec.ac.th)] applies 0 allowed 1, ids 17 requested 25 [File=/var/www/html/booking/lib/Application/Attributes/AttributeService.php,Line=294]
2019-05-25T20:46:40+07:00 [18364] DEBUG default - [User=Siraphat Cheepborisutikul (1630409@vistec.ac.th)] applies 0 allowed 1, ids 16 requested 25 [File=/var/www/html/booking/lib/Application/Attributes/AttributeService.php,Line=294]
2019-05-25T20:46:40+07:00 [18364] DEBUG default - [User=Siraphat Cheepborisutikul (1630409@vistec.ac.th)] applies 0 allowed 0, ids 23,26,22,21 requested 25 [File=/var/www/html/booking/lib/Application/Attributes/AttributeService.php,Line=294]
2019-05-25T20:46:40+07:00 [18364] DEBUG default - [User=Siraphat Cheepborisutikul (1630409@vistec.ac.th)] applies 0 allowed 0, ids 23,26,22,29,21 requested 25 [File=/var/www/html/booking/lib/Application/Attributes/AttributeService.php,Line=294]
2019-05-25T20:46:50+07:00 [2610] DEBUG default - [User=Siraphat Cheepborisutikul (1630409@vistec.ac.th)] AutoComplete: 0 results found for search type: user, term: Kasi [File=/var/www/html/booking/Pages/Ajax/AutoCompletePage.php,Line=42]
2019-05-25T20:46:51+07:00 [2607] DEBUG default - [User=Siraphat Cheepborisutikul (1630409@vistec.ac.th)] AutoComplete: 0 results found for search type: user, term: Kasima [File=/var/www/html/booking/Pages/Ajax/AutoCompletePage.php,Line=42]
2019-05-25T20:46:52+07:00 [18364] DEBUG default - [User=Siraphat Cheepborisutikul (1630409@vistec.ac.th)] AutoComplete: 0 results found for search type: user, term: Kasimanat [File=/var/www/html/booking/Pages/Ajax/AutoCompletePage.php,Line=42]
2019-05-25T20:46:56+07:00 [2610] DEBUG default - [User=Siraphat Cheepborisutikul (1630409@vistec.ac.th)] AutoComplete: 179 results found for search type: user, term:  [File=/var/www/html/booking/Pages/Ajax/AutoCompletePage.php,Line=42]
2019-05-25T20:47:11+07:00 [2607] DEBUG default - [User=Siraphat Cheepborisutikul (1630409@vistec.ac.th)] AutoComplete: 0 results found for search type: user, term: Kasim [File=/var/www/html/booking/Pages/Ajax/AutoCompletePage.php,Line=42]
2019-05-25T20:47:13+07:00 [18364] DEBUG default - [User=Siraphat Cheepborisutikul (1630409@vistec.ac.th)] AutoComplete: 121 results found for search type: user, term: 1 [File=/var/www/html/booking/Pages/Ajax/AutoCompletePage.php,Line=42]
2019-05-25T20:47:13+07:00 [2610] DEBUG default - [User=Siraphat Cheepborisutikul (1630409@vistec.ac.th)] AutoComplete: 28 results found for search type: user, term: 15 [File=/var/www/html/booking/Pages/Ajax/AutoCompletePage.php,Line=42]
2019-05-25T20:47:14+07:00 [2607] DEBUG default - [User=Siraphat Cheepborisutikul (1630409@vistec.ac.th)] AutoComplete: 18 results found for search type: user, term: 153 [File=/var/www/html/booking/Pages/Ajax/AutoCompletePage.php,Line=42]
2019-05-25T20:47:15+07:00 [18364] DEBUG default - [User=Siraphat Cheepborisutikul (1630409@vistec.ac.th)] AutoComplete: 18 results found for search type: user, term: 1530 [File=/var/www/html/booking/Pages/Ajax/AutoCompletePage.php,Line=42]
2019-05-25T20:47:16+07:00 [2610] DEBUG default - [User=Siraphat Cheepborisutikul (1630409@vistec.ac.th)] AutoComplete: 0 results found for search type: user, term: 1530404 [File=/var/www/html/booking/Pages/Ajax/AutoCompletePage.php,Line=42]
2019-05-25T20:47:18+07:00 [2607] DEBUG default - [User=Siraphat Cheepborisutikul (1630409@vistec.ac.th)] AutoComplete: 4 results found for search type: user, term: 15304 [File=/var/www/html/booking/Pages/Ajax/AutoCompletePage.php,Line=42]
2019-05-25T20:47:20+07:00 [18364] DEBUG default - [User=Siraphat Cheepborisutikul (1630409@vistec.ac.th)] AutoComplete: 18 results found for search type: user, term: 1530 [File=/var/www/html/booking/Pages/Ajax/AutoCompletePage.php,Line=42]
2019-05-25T20:47:25+07:00 [2610] DEBUG default - [User=Siraphat Cheepborisutikul (1630409@vistec.ac.th)] AutoComplete: 18 results found for search type: user, term: 153 [File=/var/www/html/booking/Pages/Ajax/AutoCompletePage.php,Line=42]
2019-05-25T20:47:25+07:00 [2607] DEBUG default - [User=Siraphat Cheepborisutikul (1630409@vistec.ac.th)] AutoComplete: 0 results found for search type: user, term: 1534 [File=/var/www/html/booking/Pages/Ajax/AutoCompletePage.php,Line=42]
2019-05-25T20:47:26+07:00 [18364] DEBUG default - [User=Siraphat Cheepborisutikul (1630409@vistec.ac.th)] AutoComplete: 28 results found for search type: user, term: 15 [File=/var/www/html/booking/Pages/Ajax/AutoCompletePage.php,Line=42]
2019-05-25T20:47:27+07:00 [2610] DEBUG default - [User=Siraphat Cheepborisutikul (1630409@vistec.ac.th)] AutoComplete: 0 results found for search type: user, term: 154 [File=/var/www/html/booking/Pages/Ajax/AutoCompletePage.php,Line=42]
2019-05-25T20:47:29+07:00 [2607] DEBUG default - [User=Siraphat Cheepborisutikul (1630409@vistec.ac.th)] AutoComplete: 28 results found for search type: user, term: 15 [File=/var/www/html/booking/Pages/Ajax/AutoCompletePage.php,Line=42]
2019-05-25T20:47:43+07:00 [18364] DEBUG default - [User=Siraphat Cheepborisutikul (1630409@vistec.ac.th)] AutoComplete: 18 results found for search type: user, term: 153 [File=/var/www/html/booking/Pages/Ajax/AutoCompletePage.php,Line=42]
2019-05-25T20:47:45+07:00 [2610] DEBUG default - [User=Siraphat Cheepborisutikul (1630409@vistec.ac.th)] AutoComplete: 18 results found for search type: user, term: 1530 [File=/var/www/html/booking/Pages/Ajax/AutoCompletePage.php,Line=42]
2019-05-25T20:47:47+07:00 [2607] DEBUG default - [User=Siraphat Cheepborisutikul (1630409@vistec.ac.th)] AutoComplete: 4 results found for search type: user, term: 15304 [File=/var/www/html/booking/Pages/Ajax/AutoCompletePage.php,Line=42]
2019-05-25T20:47:49+07:00 [18364] DEBUG default - [User=Siraphat Cheepborisutikul (1630409@vistec.ac.th)] AutoComplete: 3 results found for search type: user, term: 153040 [File=/var/www/html/booking/Pages/Ajax/AutoCompletePage.php,Line=42]
2019-05-25T20:47:50+07:00 [2610] DEBUG default - [User=Siraphat Cheepborisutikul (1630409@vistec.ac.th)] AutoComplete: 0 results found for search type: user, term: 1530404 [File=/var/www/html/booking/Pages/Ajax/AutoCompletePage.php,Line=42]
2019-05-25T20:47:52+07:00 [2607] DEBUG default - [User=Siraphat Cheepborisutikul (1630409@vistec.ac.th)] AutoComplete: 18 results found for search type: user, term: 153 [File=/var/www/html/booking/Pages/Ajax/AutoCompletePage.php,Line=42]
2019-05-25T20:47:53+07:00 [18364] DEBUG default - [User=Siraphat Cheepborisutikul (1630409@vistec.ac.th)] AutoComplete: 121 results found for search type: user, term: 1 [File=/var/www/html/booking/Pages/Ajax/AutoCompletePage.php,Line=42]
2019-05-25T20:47:56+07:00 [2610] DEBUG default - [User=Siraphat Cheepborisutikul (1630409@vistec.ac.th)] AutoComplete: 26 results found for search type: user, term: Ka [File=/var/www/html/booking/Pages/Ajax/AutoCompletePage.php,Line=42]
2019-05-25T20:47:56+07:00 [2607] DEBUG default - [User=Siraphat Cheepborisutikul (1630409@vistec.ac.th)] AutoComplete: 1 results found for search type: user, term: Kas [File=/var/www/html/booking/Pages/Ajax/AutoCompletePage.php,Line=42]
2019-05-25T20:47:58+07:00 [18364] DEBUG default - [User=Siraphat Cheepborisutikul (1630409@vistec.ac.th)] AutoComplete: 0 results found for search type: user, term: Kasi [File=/var/www/html/booking/Pages/Ajax/AutoCompletePage.php,Line=42]
2019-05-25T20:48:00+07:00 [2610] DEBUG default - [User=Siraphat Cheepborisutikul (1630409@vistec.ac.th)] AutoComplete: 0 results found for search type: user, term: Kasimana [File=/var/www/html/booking/Pages/Ajax/AutoCompletePage.php,Line=42]
2019-05-25T20:48:05+07:00 [2607] DEBUG default - [User=Siraphat Cheepborisutikul (1630409@vistec.ac.th)] AutoComplete: 0 results found for search type: user, term: Kasimanat [File=/var/www/html/booking/Pages/Ajax/AutoCompletePage.php,Line=42]
2019-05-25T20:48:31+07:00 [18364] DEBUG default - [User=Siraphat Cheepborisutikul (1630409@vistec.ac.th)] AutoComplete: 0 results found for search type: user, term: Kasimana [File=/var/www/html/booking/Pages/Ajax/AutoCompletePage.php,Line=42]
2019-05-25T20:48:33+07:00 [2610] DEBUG default - [User=Siraphat Cheepborisutikul (1630409@vistec.ac.th)] AutoComplete: 162 results found for search type: user, term: S [File=/var/www/html/booking/Pages/Ajax/AutoCompletePage.php,Line=42]
2019-05-25T20:48:34+07:00 [2607] DEBUG default - [User=Siraphat Cheepborisutikul (1630409@vistec.ac.th)] AutoComplete: 10 results found for search type: user, term: S15 [File=/var/www/html/booking/Pages/Ajax/AutoCompletePage.php,Line=42]
2019-05-25T20:48:38+07:00 [18364] DEBUG default - [User=Siraphat Cheepborisutikul (1630409@vistec.ac.th)] AutoComplete: 52 results found for search type: user, term: S1 [File=/var/www/html/booking/Pages/Ajax/AutoCompletePage.php,Line=42]
2019-05-25T20:48:42+07:00 [2610] DEBUG default - [User=Siraphat Cheepborisutikul (1630409@vistec.ac.th)] AutoComplete: 10 results found for search type: user, term: S15_ [File=/var/www/html/booking/Pages/Ajax/AutoCompletePage.php,Line=42]
2019-05-25T20:48:49+07:00 [2607] DEBUG default - [User=Siraphat Cheepborisutikul (1630409@vistec.ac.th)] AutoComplete: 0 results found for search type: user, term: S15_k [File=/var/www/html/booking/Pages/Ajax/AutoCompletePage.php,Line=42]
2019-05-25T20:48:50+07:00 [18364] DEBUG default - [User=Siraphat Cheepborisutikul (1630409@vistec.ac.th)] AutoComplete: 0 results found for search type: user, term: S15_ka [File=/var/www/html/booking/Pages/Ajax/AutoCompletePage.php,Line=42]
2019-05-25T20:49:14+07:00 [2610] DEBUG default - [User=Siraphat Cheepborisutikul (1630409@vistec.ac.th)] AutoComplete: 0 results found for search type: user, term: S15_k [File=/var/www/html/booking/Pages/Ajax/AutoCompletePage.php,Line=42]
2019-05-25T20:49:17+07:00 [2607] DEBUG default - [User=Siraphat Cheepborisutikul (1630409@vistec.ac.th)] AutoComplete: 0 results found for search type: user, term: 1530404@vistec.ac.th [File=/var/www/html/booking/Pages/Ajax/AutoCompletePage.php,Line=42]
2019-05-25T20:49:29+07:00 [18364] DEBUG default - [User=Siraphat Cheepborisutikul (1630409@vistec.ac.th)] applies 0 allowed 1, ids 2 requested 25 [File=/var/www/html/booking/lib/Application/Attributes/AttributeService.php,Line=294]
2019-05-25T20:49:29+07:00 [18364] DEBUG default - [User=Siraphat Cheepborisutikul (1630409@vistec.ac.th)] applies 0 allowed 1, ids 17 requested 25 [File=/var/www/html/booking/lib/Application/Attributes/AttributeService.php,Line=294]
2019-05-25T20:49:29+07:00 [18364] DEBUG default - [User=Siraphat Cheepborisutikul (1630409@vistec.ac.th)] applies 1 allowed 1, ids 25 requested 25 [File=/var/www/html/booking/lib/Application/Attributes/AttributeService.php,Line=294]
2019-05-25T20:49:29+07:00 [18364] DEBUG default - [User=Siraphat Cheepborisutikul (1630409@vistec.ac.th)] applies 0 allowed 1, ids 16 requested 25 [File=/var/www/html/booking/lib/Application/Attributes/AttributeService.php,Line=294]
2019-05-25T20:49:29+07:00 [18364] DEBUG default - [User=Siraphat Cheepborisutikul (1630409@vistec.ac.th)] applies 1 allowed 1, ids 25 requested 25 [File=/var/www/html/booking/lib/Application/Attributes/AttributeService.php,Line=294]
2019-05-25T20:49:29+07:00 [18364] DEBUG default - [User=Siraphat Cheepborisutikul (1630409@vistec.ac.th)] applies 0 allowed 0, ids 26 requested 25 [File=/var/www/html/booking/lib/Application/Attributes/AttributeService.php,Line=294]
2019-05-25T20:49:29+07:00 [18364] DEBUG default - [User=Siraphat Cheepborisutikul (1630409@vistec.ac.th)] applies 0 allowed 0, ids 29 requested 25 [File=/var/www/html/booking/lib/Application/Attributes/AttributeService.php,Line=294]
2019-05-25T20:49:29+07:00 [18364] DEBUG default - [User=Siraphat Cheepborisutikul (1630409@vistec.ac.th)] applies 0 allowed 0, ids 26 requested 25 [File=/var/www/html/booking/lib/Application/Attributes/AttributeService.php,Line=294]
2019-05-25T20:49:29+07:00 [18364] DEBUG default - [User=Siraphat Cheepborisutikul (1630409@vistec.ac.th)] applies 0 allowed 1, ids 2 requested 25 [File=/var/www/html/booking/lib/Application/Attributes/AttributeService.php,Line=294]
2019-05-25T20:49:29+07:00 [18364] DEBUG default - [User=Siraphat Cheepborisutikul (1630409@vistec.ac.th)] applies 0 allowed 0, ids 15 requested 25 [File=/var/www/html/booking/lib/Application/Attributes/AttributeService.php,Line=294]
2019-05-25T20:49:29+07:00 [18364] DEBUG default - [User=Siraphat Cheepborisutikul (1630409@vistec.ac.th)] applies 0 allowed 0, ids 18,27 requested 25 [File=/var/www/html/booking/lib/Application/Attributes/AttributeService.php,Line=294]
2019-05-25T20:49:29+07:00 [18364] DEBUG default - [User=Siraphat Cheepborisutikul (1630409@vistec.ac.th)] applies 0 allowed 1, ids 16 requested 25 [File=/var/www/html/booking/lib/Application/Attributes/AttributeService.php,Line=294]
2019-05-25T20:49:29+07:00 [18364] DEBUG default - [User=Siraphat Cheepborisutikul (1630409@vistec.ac.th)] applies 0 allowed 0, ids 18 requested 25 [File=/var/www/html/booking/lib/Application/Attributes/AttributeService.php,Line=294]
2019-05-25T20:49:29+07:00 [18364] DEBUG default - [User=Siraphat Cheepborisutikul (1630409@vistec.ac.th)] applies 0 allowed 0, ids 26 requested 25 [File=/var/www/html/booking/lib/Application/Attributes/AttributeService.php,Line=294]
2019-05-25T20:49:29+07:00 [18364] DEBUG default - [User=Siraphat Cheepborisutikul (1630409@vistec.ac.th)] applies 0 allowed 1, ids 18,2 requested 25 [File=/var/www/html/booking/lib/Application/Attributes/AttributeService.php,Line=294]
2019-05-25T20:49:29+07:00 [18364] DEBUG default - [User=Siraphat Cheepborisutikul (1630409@vistec.ac.th)] applies 0 allowed 1, ids 17 requested 25 [File=/var/www/html/booking/lib/Application/Attributes/AttributeService.php,Line=294]
2019-05-25T20:49:29+07:00 [18364] DEBUG default - [User=Siraphat Cheepborisutikul (1630409@vistec.ac.th)] applies 0 allowed 1, ids 17 requested 25 [File=/var/www/html/booking/lib/Application/Attributes/AttributeService.php,Line=294]
2019-05-25T20:49:29+07:00 [18364] DEBUG default - [User=Siraphat Cheepborisutikul (1630409@vistec.ac.th)] applies 0 allowed 0, ids 26 requested 25 [File=/var/www/html/booking/lib/Application/Attributes/AttributeService.php,Line=294]
2019-05-25T20:49:29+07:00 [18364] DEBUG default - [User=Siraphat Cheepborisutikul (1630409@vistec.ac.th)] applies 0 allowed 1, ids 2 requested 25 [File=/var/www/html/booking/lib/Application/Attributes/AttributeService.php,Line=294]
2019-05-25T20:49:29+07:00 [18364] DEBUG default - [User=Siraphat Cheepborisutikul (1630409@vistec.ac.th)] applies 0 allowed 1, ids 17 requested 25 [File=/var/www/html/booking/lib/Application/Attributes/AttributeService.php,Line=294]
2019-05-25T20:49:29+07:00 [18364] DEBUG default - [User=Siraphat Cheepborisutikul (1630409@vistec.ac.th)] applies 0 allowed 1, ids 16 requested 25 [File=/var/www/html/booking/lib/Application/Attributes/AttributeService.php,Line=294]
2019-05-25T20:49:29+07:00 [18364] DEBUG default - [User=Siraphat Cheepborisutikul (1630409@vistec.ac.th)] applies 0 allowed 0, ids 23,26,22,21 requested 25 [File=/var/www/html/booking/lib/Application/Attributes/AttributeService.php,Line=294]
2019-05-25T20:49:29+07:00 [18364] DEBUG default - [User=Siraphat Cheepborisutikul (1630409@vistec.ac.th)] applies 0 allowed 0, ids 23,26,22,29,21 requested 25 [File=/var/www/html/booking/lib/Application/Attributes/AttributeService.php,Line=294]
2019-05-25T20:49:41+07:00 [2610] DEBUG default - [User=Siraphat Cheepborisutikul (1630409@vistec.ac.th)] AutoComplete: 0 results found for search type: user, term: 1530404@vistec.ac.th [File=/var/www/html/booking/Pages/Ajax/AutoCompletePage.php,Line=42]
