2019-11-30T00:27:53+07:00 [2455] DEBUG default - [User=Chokchai Kaiyasuan (chokchai.k_s17@vistec.ac.th)] applies 1 allowed 1, ids 2 requested 2 [File=/var/www/html/booking/lib/Application/Attributes/AttributeService.php,Line=294]
2019-11-30T00:27:53+07:00 [2455] DEBUG default - [User=Chokchai Kaiyasuan (chokchai.k_s17@vistec.ac.th)] applies 0 allowed 1, ids 17 requested 2 [File=/var/www/html/booking/lib/Application/Attributes/AttributeService.php,Line=294]
2019-11-30T00:27:53+07:00 [2455] DEBUG default - [User=Chokchai Kaiyasuan (chokchai.k_s17@vistec.ac.th)] applies 0 allowed 0, ids 25 requested 2 [File=/var/www/html/booking/lib/Application/Attributes/AttributeService.php,Line=294]
2019-11-30T00:27:53+07:00 [2455] DEBUG default - [User=Chokchai Kaiyasuan (chokchai.k_s17@vistec.ac.th)] applies 0 allowed 1, ids 16 requested 2 [File=/var/www/html/booking/lib/Application/Attributes/AttributeService.php,Line=294]
2019-11-30T00:27:53+07:00 [2455] DEBUG default - [User=Chokchai Kaiyasuan (chokchai.k_s17@vistec.ac.th)] applies 0 allowed 0, ids 25 requested 2 [File=/var/www/html/booking/lib/Application/Attributes/AttributeService.php,Line=294]
2019-11-30T00:27:53+07:00 [2455] DEBUG default - [User=Chokchai Kaiyasuan (chokchai.k_s17@vistec.ac.th)] applies 0 allowed 1, ids 26 requested 2 [File=/var/www/html/booking/lib/Application/Attributes/AttributeService.php,Line=294]
2019-11-30T00:27:53+07:00 [2455] DEBUG default - [User=Chokchai Kaiyasuan (chokchai.k_s17@vistec.ac.th)] applies 0 allowed 1, ids 29 requested 2 [File=/var/www/html/booking/lib/Application/Attributes/AttributeService.php,Line=294]
2019-11-30T00:27:53+07:00 [2455] DEBUG default - [User=Chokchai Kaiyasuan (chokchai.k_s17@vistec.ac.th)] applies 0 allowed 1, ids 26 requested 2 [File=/var/www/html/booking/lib/Application/Attributes/AttributeService.php,Line=294]
2019-11-30T00:27:53+07:00 [2455] DEBUG default - [User=Chokchai Kaiyasuan (chokchai.k_s17@vistec.ac.th)] applies 1 allowed 1, ids 2 requested 2 [File=/var/www/html/booking/lib/Application/Attributes/AttributeService.php,Line=294]
2019-11-30T00:27:53+07:00 [2455] DEBUG default - [User=Chokchai Kaiyasuan (chokchai.k_s17@vistec.ac.th)] applies 0 allowed 0, ids 30 requested 2 [File=/var/www/html/booking/lib/Application/Attributes/AttributeService.php,Line=294]
2019-11-30T00:27:53+07:00 [2455] DEBUG default - [User=Chokchai Kaiyasuan (chokchai.k_s17@vistec.ac.th)] applies 0 allowed 0, ids 15 requested 2 [File=/var/www/html/booking/lib/Application/Attributes/AttributeService.php,Line=294]
2019-11-30T00:27:53+07:00 [2455] DEBUG default - [User=Chokchai Kaiyasuan (chokchai.k_s17@vistec.ac.th)] applies 0 allowed 0, ids 18,27 requested 2 [File=/var/www/html/booking/lib/Application/Attributes/AttributeService.php,Line=294]
2019-11-30T00:27:53+07:00 [2455] DEBUG default - [User=Chokchai Kaiyasuan (chokchai.k_s17@vistec.ac.th)] applies 0 allowed 1, ids 16 requested 2 [File=/var/www/html/booking/lib/Application/Attributes/AttributeService.php,Line=294]
2019-11-30T00:27:53+07:00 [2455] DEBUG default - [User=Chokchai Kaiyasuan (chokchai.k_s17@vistec.ac.th)] applies 0 allowed 0, ids 18 requested 2 [File=/var/www/html/booking/lib/Application/Attributes/AttributeService.php,Line=294]
2019-11-30T00:27:53+07:00 [2455] DEBUG default - [User=Chokchai Kaiyasuan (chokchai.k_s17@vistec.ac.th)] applies 0 allowed 1, ids 26 requested 2 [File=/var/www/html/booking/lib/Application/Attributes/AttributeService.php,Line=294]
2019-11-30T00:27:53+07:00 [2455] DEBUG default - [User=Chokchai Kaiyasuan (chokchai.k_s17@vistec.ac.th)] applies 1 allowed 1, ids 18,2 requested 2 [File=/var/www/html/booking/lib/Application/Attributes/AttributeService.php,Line=294]
2019-11-30T00:27:53+07:00 [2455] DEBUG default - [User=Chokchai Kaiyasuan (chokchai.k_s17@vistec.ac.th)] applies 0 allowed 1, ids 17 requested 2 [File=/var/www/html/booking/lib/Application/Attributes/AttributeService.php,Line=294]
2019-11-30T00:27:53+07:00 [2455] DEBUG default - [User=Chokchai Kaiyasuan (chokchai.k_s17@vistec.ac.th)] applies 0 allowed 1, ids 17 requested 2 [File=/var/www/html/booking/lib/Application/Attributes/AttributeService.php,Line=294]
2019-11-30T00:27:53+07:00 [2455] DEBUG default - [User=Chokchai Kaiyasuan (chokchai.k_s17@vistec.ac.th)] applies 0 allowed 1, ids 24 requested 2 [File=/var/www/html/booking/lib/Application/Attributes/AttributeService.php,Line=294]
2019-11-30T00:27:53+07:00 [2455] DEBUG default - [User=Chokchai Kaiyasuan (chokchai.k_s17@vistec.ac.th)] applies 0 allowed 1, ids 26 requested 2 [File=/var/www/html/booking/lib/Application/Attributes/AttributeService.php,Line=294]
2019-11-30T00:27:53+07:00 [2455] DEBUG default - [User=Chokchai Kaiyasuan (chokchai.k_s17@vistec.ac.th)] applies 1 allowed 1, ids 2 requested 2 [File=/var/www/html/booking/lib/Application/Attributes/AttributeService.php,Line=294]
2019-11-30T00:27:53+07:00 [2455] DEBUG default - [User=Chokchai Kaiyasuan (chokchai.k_s17@vistec.ac.th)] applies 0 allowed 1, ids 24 requested 2 [File=/var/www/html/booking/lib/Application/Attributes/AttributeService.php,Line=294]
2019-11-30T00:27:53+07:00 [2455] DEBUG default - [User=Chokchai Kaiyasuan (chokchai.k_s17@vistec.ac.th)] applies 0 allowed 1, ids 17 requested 2 [File=/var/www/html/booking/lib/Application/Attributes/AttributeService.php,Line=294]
2019-11-30T00:27:53+07:00 [2455] DEBUG default - [User=Chokchai Kaiyasuan (chokchai.k_s17@vistec.ac.th)] applies 0 allowed 1, ids 16 requested 2 [File=/var/www/html/booking/lib/Application/Attributes/AttributeService.php,Line=294]
2019-11-30T00:27:53+07:00 [2455] DEBUG default - [User=Chokchai Kaiyasuan (chokchai.k_s17@vistec.ac.th)] applies 0 allowed 1, ids 23,26,22,21 requested 2 [File=/var/www/html/booking/lib/Application/Attributes/AttributeService.php,Line=294]
2019-11-30T00:27:53+07:00 [2455] DEBUG default - [User=Chokchai Kaiyasuan (chokchai.k_s17@vistec.ac.th)] applies 0 allowed 3, ids 23,26,22,24,29,30,21 requested 2 [File=/var/www/html/booking/lib/Application/Attributes/AttributeService.php,Line=294]
2019-11-30T00:28:14+07:00 [2449] DEBUG default - [User=Chokchai Kaiyasuan (chokchai.k_s17@vistec.ac.th)] Adding custom attribute value for entityId=13, attributeId=29 [File=/var/www/html/booking/lib/Application/Attributes/AttributeList.php,Line=122]
2019-11-30T00:28:14+07:00 [2449] DEBUG default - [User=Chokchai Kaiyasuan (chokchai.k_s17@vistec.ac.th)] Took 0 seconds to load custom attributes for category 4 [File=/var/www/html/booking/lib/Application/Attributes/AttributeService.php,Line=154]
2019-11-30T00:28:14+07:00 [2449] DEBUG default - [User=Chokchai Kaiyasuan (chokchai.k_s17@vistec.ac.th)] Found 1 attributes for entityId 13 [File=/var/www/html/booking/lib/Application/Attributes/AttributeList.php,Line=165]
2019-11-30T00:28:14+07:00 [2449] DEBUG default - [User=Chokchai Kaiyasuan (chokchai.k_s17@vistec.ac.th)] Took 0 seconds to load custom attributes for category 5 [File=/var/www/html/booking/lib/Application/Attributes/AttributeService.php,Line=154]
2019-11-30T00:28:14+07:00 [2449] DEBUG default - [User=Chokchai Kaiyasuan (chokchai.k_s17@vistec.ac.th)] Found 0 attributes for entityId 4 [File=/var/www/html/booking/lib/Application/Attributes/AttributeList.php,Line=165]
2019-11-30T11:29:12+07:00 [8833] DEBUG default - [User=Admin A. (meshaya.p@vistec.ac.th)] AutoComplete: 3 results found for search type: myUsers, term: plo [File=/var/www/html/booking/Pages/Ajax/AutoCompletePage.php,Line=42]
2019-11-30T11:29:13+07:00 [2455] DEBUG default - [User=Admin A. (meshaya.p@vistec.ac.th)] AutoComplete: 3 results found for search type: myUsers, term: ploy [File=/var/www/html/booking/Pages/Ajax/AutoCompletePage.php,Line=42]
2019-11-30T11:29:40+07:00 [8833] DEBUG default - [User=Admin A. (meshaya.p@vistec.ac.th)] AutoComplete: 18 results found for search type: myUsers, term: So [File=/var/www/html/booking/Pages/Ajax/AutoCompletePage.php,Line=42]
2019-11-30T15:15:25+07:00 [2449] DEBUG default - [User=Donhatai Sruamsiri (1730203@vistec.ac.th)] applies 1 allowed 1, ids 2 requested 2 [File=/var/www/html/booking/lib/Application/Attributes/AttributeService.php,Line=294]
2019-11-30T15:15:25+07:00 [2449] DEBUG default - [User=Donhatai Sruamsiri (1730203@vistec.ac.th)] applies 0 allowed 0, ids 17 requested 2 [File=/var/www/html/booking/lib/Application/Attributes/AttributeService.php,Line=294]
2019-11-30T15:15:25+07:00 [2449] DEBUG default - [User=Donhatai Sruamsiri (1730203@vistec.ac.th)] applies 0 allowed 0, ids 25 requested 2 [File=/var/www/html/booking/lib/Application/Attributes/AttributeService.php,Line=294]
2019-11-30T15:15:25+07:00 [2449] DEBUG default - [User=Donhatai Sruamsiri (1730203@vistec.ac.th)] applies 0 allowed 1, ids 16 requested 2 [File=/var/www/html/booking/lib/Application/Attributes/AttributeService.php,Line=294]
2019-11-30T15:15:25+07:00 [2449] DEBUG default - [User=Donhatai Sruamsiri (1730203@vistec.ac.th)] applies 0 allowed 0, ids 25 requested 2 [File=/var/www/html/booking/lib/Application/Attributes/AttributeService.php,Line=294]
2019-11-30T15:15:25+07:00 [2449] DEBUG default - [User=Donhatai Sruamsiri (1730203@vistec.ac.th)] applies 0 allowed 0, ids 26 requested 2 [File=/var/www/html/booking/lib/Application/Attributes/AttributeService.php,Line=294]
2019-11-30T15:15:25+07:00 [2449] DEBUG default - [User=Donhatai Sruamsiri (1730203@vistec.ac.th)] applies 0 allowed 0, ids 29 requested 2 [File=/var/www/html/booking/lib/Application/Attributes/AttributeService.php,Line=294]
2019-11-30T15:15:25+07:00 [2449] DEBUG default - [User=Donhatai Sruamsiri (1730203@vistec.ac.th)] applies 0 allowed 0, ids 26 requested 2 [File=/var/www/html/booking/lib/Application/Attributes/AttributeService.php,Line=294]
2019-11-30T15:15:25+07:00 [2449] DEBUG default - [User=Donhatai Sruamsiri (1730203@vistec.ac.th)] applies 1 allowed 1, ids 2 requested 2 [File=/var/www/html/booking/lib/Application/Attributes/AttributeService.php,Line=294]
2019-11-30T15:15:25+07:00 [2449] DEBUG default - [User=Donhatai Sruamsiri (1730203@vistec.ac.th)] applies 0 allowed 0, ids 30 requested 2 [File=/var/www/html/booking/lib/Application/Attributes/AttributeService.php,Line=294]
2019-11-30T15:15:25+07:00 [2449] DEBUG default - [User=Donhatai Sruamsiri (1730203@vistec.ac.th)] applies 0 allowed 0, ids 15 requested 2 [File=/var/www/html/booking/lib/Application/Attributes/AttributeService.php,Line=294]
2019-11-30T15:15:25+07:00 [2449] DEBUG default - [User=Donhatai Sruamsiri (1730203@vistec.ac.th)] applies 0 allowed 0, ids 18,27 requested 2 [File=/var/www/html/booking/lib/Application/Attributes/AttributeService.php,Line=294]
2019-11-30T15:15:25+07:00 [2449] DEBUG default - [User=Donhatai Sruamsiri (1730203@vistec.ac.th)] applies 0 allowed 1, ids 16 requested 2 [File=/var/www/html/booking/lib/Application/Attributes/AttributeService.php,Line=294]
2019-11-30T15:15:25+07:00 [2449] DEBUG default - [User=Donhatai Sruamsiri (1730203@vistec.ac.th)] applies 0 allowed 0, ids 18 requested 2 [File=/var/www/html/booking/lib/Application/Attributes/AttributeService.php,Line=294]
2019-11-30T15:15:25+07:00 [2449] DEBUG default - [User=Donhatai Sruamsiri (1730203@vistec.ac.th)] applies 0 allowed 0, ids 26 requested 2 [File=/var/www/html/booking/lib/Application/Attributes/AttributeService.php,Line=294]
2019-11-30T15:15:25+07:00 [2449] DEBUG default - [User=Donhatai Sruamsiri (1730203@vistec.ac.th)] applies 1 allowed 1, ids 18,2 requested 2 [File=/var/www/html/booking/lib/Application/Attributes/AttributeService.php,Line=294]
2019-11-30T15:15:25+07:00 [2449] DEBUG default - [User=Donhatai Sruamsiri (1730203@vistec.ac.th)] applies 0 allowed 0, ids 17 requested 2 [File=/var/www/html/booking/lib/Application/Attributes/AttributeService.php,Line=294]
2019-11-30T15:15:25+07:00 [2449] DEBUG default - [User=Donhatai Sruamsiri (1730203@vistec.ac.th)] applies 0 allowed 0, ids 17 requested 2 [File=/var/www/html/booking/lib/Application/Attributes/AttributeService.php,Line=294]
2019-11-30T15:15:25+07:00 [2449] DEBUG default - [User=Donhatai Sruamsiri (1730203@vistec.ac.th)] applies 0 allowed 0, ids 24 requested 2 [File=/var/www/html/booking/lib/Application/Attributes/AttributeService.php,Line=294]
2019-11-30T15:15:25+07:00 [2449] DEBUG default - [User=Donhatai Sruamsiri (1730203@vistec.ac.th)] applies 0 allowed 0, ids 26 requested 2 [File=/var/www/html/booking/lib/Application/Attributes/AttributeService.php,Line=294]
2019-11-30T15:15:25+07:00 [2449] DEBUG default - [User=Donhatai Sruamsiri (1730203@vistec.ac.th)] applies 1 allowed 1, ids 2 requested 2 [File=/var/www/html/booking/lib/Application/Attributes/AttributeService.php,Line=294]
2019-11-30T15:15:25+07:00 [2449] DEBUG default - [User=Donhatai Sruamsiri (1730203@vistec.ac.th)] applies 0 allowed 0, ids 24 requested 2 [File=/var/www/html/booking/lib/Application/Attributes/AttributeService.php,Line=294]
2019-11-30T15:15:25+07:00 [2449] DEBUG default - [User=Donhatai Sruamsiri (1730203@vistec.ac.th)] applies 0 allowed 0, ids 17 requested 2 [File=/var/www/html/booking/lib/Application/Attributes/AttributeService.php,Line=294]
2019-11-30T15:15:25+07:00 [2449] DEBUG default - [User=Donhatai Sruamsiri (1730203@vistec.ac.th)] applies 0 allowed 1, ids 16 requested 2 [File=/var/www/html/booking/lib/Application/Attributes/AttributeService.php,Line=294]
2019-11-30T15:15:25+07:00 [2449] DEBUG default - [User=Donhatai Sruamsiri (1730203@vistec.ac.th)] applies 0 allowed 1, ids 23,26,22,21 requested 2 [File=/var/www/html/booking/lib/Application/Attributes/AttributeService.php,Line=294]
2019-11-30T15:15:25+07:00 [2449] DEBUG default - [User=Donhatai Sruamsiri (1730203@vistec.ac.th)] applies 0 allowed 1, ids 23,26,22,24,29,30,21 requested 2 [File=/var/www/html/booking/lib/Application/Attributes/AttributeService.php,Line=294]
2019-11-30T18:47:48+07:00 [2449] DEBUG default - [User=Peerapon Rapeenun (1730406@vistec.ac.th)] applies 0 allowed 1, ids 2 requested 13 [File=/var/www/html/booking/lib/Application/Attributes/AttributeService.php,Line=294]
2019-11-30T18:47:48+07:00 [2449] DEBUG default - [User=Peerapon Rapeenun (1730406@vistec.ac.th)] applies 0 allowed 0, ids 17 requested 13 [File=/var/www/html/booking/lib/Application/Attributes/AttributeService.php,Line=294]
2019-11-30T18:47:48+07:00 [2449] DEBUG default - [User=Peerapon Rapeenun (1730406@vistec.ac.th)] applies 0 allowed 0, ids 25 requested 13 [File=/var/www/html/booking/lib/Application/Attributes/AttributeService.php,Line=294]
2019-11-30T18:47:48+07:00 [2449] DEBUG default - [User=Peerapon Rapeenun (1730406@vistec.ac.th)] applies 0 allowed 0, ids 16 requested 13 [File=/var/www/html/booking/lib/Application/Attributes/AttributeService.php,Line=294]
2019-11-30T18:47:48+07:00 [2449] DEBUG default - [User=Peerapon Rapeenun (1730406@vistec.ac.th)] applies 0 allowed 0, ids 25 requested 13 [File=/var/www/html/booking/lib/Application/Attributes/AttributeService.php,Line=294]
2019-11-30T18:47:48+07:00 [2449] DEBUG default - [User=Peerapon Rapeenun (1730406@vistec.ac.th)] applies 0 allowed 0, ids 26 requested 13 [File=/var/www/html/booking/lib/Application/Attributes/AttributeService.php,Line=294]
2019-11-30T18:47:48+07:00 [2449] DEBUG default - [User=Peerapon Rapeenun (1730406@vistec.ac.th)] applies 0 allowed 0, ids 29 requested 13 [File=/var/www/html/booking/lib/Application/Attributes/AttributeService.php,Line=294]
2019-11-30T18:47:48+07:00 [2449] DEBUG default - [User=Peerapon Rapeenun (1730406@vistec.ac.th)] applies 0 allowed 0, ids 26 requested 13 [File=/var/www/html/booking/lib/Application/Attributes/AttributeService.php,Line=294]
2019-11-30T18:47:48+07:00 [2449] DEBUG default - [User=Peerapon Rapeenun (1730406@vistec.ac.th)] applies 0 allowed 1, ids 2 requested 13 [File=/var/www/html/booking/lib/Application/Attributes/AttributeService.php,Line=294]
2019-11-30T18:47:48+07:00 [2449] DEBUG default - [User=Peerapon Rapeenun (1730406@vistec.ac.th)] applies 0 allowed 0, ids 30 requested 13 [File=/var/www/html/booking/lib/Application/Attributes/AttributeService.php,Line=294]
2019-11-30T18:47:48+07:00 [2449] DEBUG default - [User=Peerapon Rapeenun (1730406@vistec.ac.th)] applies 0 allowed 0, ids 15 requested 13 [File=/var/www/html/booking/lib/Application/Attributes/AttributeService.php,Line=294]
2019-11-30T18:47:48+07:00 [2449] DEBUG default - [User=Peerapon Rapeenun (1730406@vistec.ac.th)] applies 0 allowed 0, ids 18,27 requested 13 [File=/var/www/html/booking/lib/Application/Attributes/AttributeService.php,Line=294]
2019-11-30T18:47:48+07:00 [2449] DEBUG default - [User=Peerapon Rapeenun (1730406@vistec.ac.th)] applies 0 allowed 0, ids 16 requested 13 [File=/var/www/html/booking/lib/Application/Attributes/AttributeService.php,Line=294]
2019-11-30T18:47:48+07:00 [2449] DEBUG default - [User=Peerapon Rapeenun (1730406@vistec.ac.th)] applies 0 allowed 0, ids 18 requested 13 [File=/var/www/html/booking/lib/Application/Attributes/AttributeService.php,Line=294]
2019-11-30T18:47:48+07:00 [2449] DEBUG default - [User=Peerapon Rapeenun (1730406@vistec.ac.th)] applies 0 allowed 0, ids 26 requested 13 [File=/var/www/html/booking/lib/Application/Attributes/AttributeService.php,Line=294]
2019-11-30T18:47:48+07:00 [2449] DEBUG default - [User=Peerapon Rapeenun (1730406@vistec.ac.th)] applies 0 allowed 1, ids 18,2 requested 13 [File=/var/www/html/booking/lib/Application/Attributes/AttributeService.php,Line=294]
2019-11-30T18:47:48+07:00 [2449] DEBUG default - [User=Peerapon Rapeenun (1730406@vistec.ac.th)] applies 0 allowed 0, ids 17 requested 13 [File=/var/www/html/booking/lib/Application/Attributes/AttributeService.php,Line=294]
2019-11-30T18:47:48+07:00 [2449] DEBUG default - [User=Peerapon Rapeenun (1730406@vistec.ac.th)] applies 0 allowed 0, ids 17 requested 13 [File=/var/www/html/booking/lib/Application/Attributes/AttributeService.php,Line=294]
2019-11-30T18:47:48+07:00 [2449] DEBUG default - [User=Peerapon Rapeenun (1730406@vistec.ac.th)] applies 0 allowed 0, ids 24 requested 13 [File=/var/www/html/booking/lib/Application/Attributes/AttributeService.php,Line=294]
2019-11-30T18:47:48+07:00 [2449] DEBUG default - [User=Peerapon Rapeenun (1730406@vistec.ac.th)] applies 0 allowed 0, ids 26 requested 13 [File=/var/www/html/booking/lib/Application/Attributes/AttributeService.php,Line=294]
2019-11-30T18:47:48+07:00 [2449] DEBUG default - [User=Peerapon Rapeenun (1730406@vistec.ac.th)] applies 0 allowed 1, ids 2 requested 13 [File=/var/www/html/booking/lib/Application/Attributes/AttributeService.php,Line=294]
2019-11-30T18:47:48+07:00 [2449] DEBUG default - [User=Peerapon Rapeenun (1730406@vistec.ac.th)] applies 0 allowed 0, ids 24 requested 13 [File=/var/www/html/booking/lib/Application/Attributes/AttributeService.php,Line=294]
2019-11-30T18:47:48+07:00 [2449] DEBUG default - [User=Peerapon Rapeenun (1730406@vistec.ac.th)] applies 0 allowed 0, ids 17 requested 13 [File=/var/www/html/booking/lib/Application/Attributes/AttributeService.php,Line=294]
2019-11-30T18:47:48+07:00 [2449] DEBUG default - [User=Peerapon Rapeenun (1730406@vistec.ac.th)] applies 0 allowed 0, ids 16 requested 13 [File=/var/www/html/booking/lib/Application/Attributes/AttributeService.php,Line=294]
2019-11-30T18:47:48+07:00 [2449] DEBUG default - [User=Peerapon Rapeenun (1730406@vistec.ac.th)] applies 0 allowed 0, ids 23,26,22,21 requested 13 [File=/var/www/html/booking/lib/Application/Attributes/AttributeService.php,Line=294]
2019-11-30T18:47:48+07:00 [2449] DEBUG default - [User=Peerapon Rapeenun (1730406@vistec.ac.th)] applies 0 allowed 0, ids 23,26,22,24,29,30,21 requested 13 [File=/var/www/html/booking/lib/Application/Attributes/AttributeService.php,Line=294]
2019-11-30T18:48:10+07:00 [2449] DEBUG default - [User=Peerapon Rapeenun (1730406@vistec.ac.th)] applies 0 allowed 1, ids 2 requested 13 [File=/var/www/html/booking/lib/Application/Attributes/AttributeService.php,Line=294]
2019-11-30T18:48:10+07:00 [2449] DEBUG default - [User=Peerapon Rapeenun (1730406@vistec.ac.th)] applies 0 allowed 0, ids 17 requested 13 [File=/var/www/html/booking/lib/Application/Attributes/AttributeService.php,Line=294]
2019-11-30T18:48:10+07:00 [2449] DEBUG default - [User=Peerapon Rapeenun (1730406@vistec.ac.th)] applies 0 allowed 0, ids 25 requested 13 [File=/var/www/html/booking/lib/Application/Attributes/AttributeService.php,Line=294]
2019-11-30T18:48:10+07:00 [2449] DEBUG default - [User=Peerapon Rapeenun (1730406@vistec.ac.th)] applies 0 allowed 0, ids 16 requested 13 [File=/var/www/html/booking/lib/Application/Attributes/AttributeService.php,Line=294]
2019-11-30T18:48:10+07:00 [2449] DEBUG default - [User=Peerapon Rapeenun (1730406@vistec.ac.th)] applies 0 allowed 0, ids 25 requested 13 [File=/var/www/html/booking/lib/Application/Attributes/AttributeService.php,Line=294]
2019-11-30T18:48:10+07:00 [2449] DEBUG default - [User=Peerapon Rapeenun (1730406@vistec.ac.th)] applies 0 allowed 0, ids 26 requested 13 [File=/var/www/html/booking/lib/Application/Attributes/AttributeService.php,Line=294]
2019-11-30T18:48:10+07:00 [2449] DEBUG default - [User=Peerapon Rapeenun (1730406@vistec.ac.th)] applies 0 allowed 0, ids 29 requested 13 [File=/var/www/html/booking/lib/Application/Attributes/AttributeService.php,Line=294]
2019-11-30T18:48:10+07:00 [2449] DEBUG default - [User=Peerapon Rapeenun (1730406@vistec.ac.th)] applies 0 allowed 0, ids 26 requested 13 [File=/var/www/html/booking/lib/Application/Attributes/AttributeService.php,Line=294]
2019-11-30T18:48:10+07:00 [2449] DEBUG default - [User=Peerapon Rapeenun (1730406@vistec.ac.th)] applies 0 allowed 1, ids 2 requested 13 [File=/var/www/html/booking/lib/Application/Attributes/AttributeService.php,Line=294]
2019-11-30T18:48:10+07:00 [2449] DEBUG default - [User=Peerapon Rapeenun (1730406@vistec.ac.th)] applies 0 allowed 0, ids 30 requested 13 [File=/var/www/html/booking/lib/Application/Attributes/AttributeService.php,Line=294]
2019-11-30T18:48:10+07:00 [2449] DEBUG default - [User=Peerapon Rapeenun (1730406@vistec.ac.th)] applies 0 allowed 0, ids 15 requested 13 [File=/var/www/html/booking/lib/Application/Attributes/AttributeService.php,Line=294]
2019-11-30T18:48:10+07:00 [2449] DEBUG default - [User=Peerapon Rapeenun (1730406@vistec.ac.th)] applies 0 allowed 0, ids 18,27 requested 13 [File=/var/www/html/booking/lib/Application/Attributes/AttributeService.php,Line=294]
2019-11-30T18:48:10+07:00 [2449] DEBUG default - [User=Peerapon Rapeenun (1730406@vistec.ac.th)] applies 0 allowed 0, ids 16 requested 13 [File=/var/www/html/booking/lib/Application/Attributes/AttributeService.php,Line=294]
2019-11-30T18:48:10+07:00 [2449] DEBUG default - [User=Peerapon Rapeenun (1730406@vistec.ac.th)] applies 0 allowed 0, ids 18 requested 13 [File=/var/www/html/booking/lib/Application/Attributes/AttributeService.php,Line=294]
2019-11-30T18:48:10+07:00 [2449] DEBUG default - [User=Peerapon Rapeenun (1730406@vistec.ac.th)] applies 0 allowed 0, ids 26 requested 13 [File=/var/www/html/booking/lib/Application/Attributes/AttributeService.php,Line=294]
2019-11-30T18:48:10+07:00 [2449] DEBUG default - [User=Peerapon Rapeenun (1730406@vistec.ac.th)] applies 0 allowed 1, ids 18,2 requested 13 [File=/var/www/html/booking/lib/Application/Attributes/AttributeService.php,Line=294]
2019-11-30T18:48:10+07:00 [2449] DEBUG default - [User=Peerapon Rapeenun (1730406@vistec.ac.th)] applies 0 allowed 0, ids 17 requested 13 [File=/var/www/html/booking/lib/Application/Attributes/AttributeService.php,Line=294]
2019-11-30T18:48:10+07:00 [2449] DEBUG default - [User=Peerapon Rapeenun (1730406@vistec.ac.th)] applies 0 allowed 0, ids 17 requested 13 [File=/var/www/html/booking/lib/Application/Attributes/AttributeService.php,Line=294]
2019-11-30T18:48:10+07:00 [2449] DEBUG default - [User=Peerapon Rapeenun (1730406@vistec.ac.th)] applies 0 allowed 0, ids 24 requested 13 [File=/var/www/html/booking/lib/Application/Attributes/AttributeService.php,Line=294]
2019-11-30T18:48:10+07:00 [2449] DEBUG default - [User=Peerapon Rapeenun (1730406@vistec.ac.th)] applies 0 allowed 0, ids 26 requested 13 [File=/var/www/html/booking/lib/Application/Attributes/AttributeService.php,Line=294]
2019-11-30T18:48:10+07:00 [2449] DEBUG default - [User=Peerapon Rapeenun (1730406@vistec.ac.th)] applies 0 allowed 1, ids 2 requested 13 [File=/var/www/html/booking/lib/Application/Attributes/AttributeService.php,Line=294]
2019-11-30T18:48:10+07:00 [2449] DEBUG default - [User=Peerapon Rapeenun (1730406@vistec.ac.th)] applies 0 allowed 0, ids 24 requested 13 [File=/var/www/html/booking/lib/Application/Attributes/AttributeService.php,Line=294]
2019-11-30T18:48:10+07:00 [2449] DEBUG default - [User=Peerapon Rapeenun (1730406@vistec.ac.th)] applies 0 allowed 0, ids 17 requested 13 [File=/var/www/html/booking/lib/Application/Attributes/AttributeService.php,Line=294]
2019-11-30T18:48:10+07:00 [2449] DEBUG default - [User=Peerapon Rapeenun (1730406@vistec.ac.th)] applies 0 allowed 0, ids 16 requested 13 [File=/var/www/html/booking/lib/Application/Attributes/AttributeService.php,Line=294]
2019-11-30T18:48:10+07:00 [2449] DEBUG default - [User=Peerapon Rapeenun (1730406@vistec.ac.th)] applies 0 allowed 0, ids 23,26,22,21 requested 13 [File=/var/www/html/booking/lib/Application/Attributes/AttributeService.php,Line=294]
2019-11-30T18:48:10+07:00 [2449] DEBUG default - [User=Peerapon Rapeenun (1730406@vistec.ac.th)] applies 0 allowed 0, ids 23,26,22,24,29,30,21 requested 13 [File=/var/www/html/booking/lib/Application/Attributes/AttributeService.php,Line=294]
2019-11-30T20:46:50+07:00 [2455] DEBUG default - [User=Ploypailin Saengdet (1830409@vistec.ac.th)] Adding custom attribute value for entityId=31, attributeId=29 [File=/var/www/html/booking/lib/Application/Attributes/AttributeList.php,Line=122]
2019-11-30T20:46:50+07:00 [2455] DEBUG default - [User=Ploypailin Saengdet (1830409@vistec.ac.th)] Took 0 seconds to load custom attributes for category 4 [File=/var/www/html/booking/lib/Application/Attributes/AttributeService.php,Line=154]
2019-11-30T20:46:50+07:00 [2455] DEBUG default - [User=Ploypailin Saengdet (1830409@vistec.ac.th)] Found 1 attributes for entityId 31 [File=/var/www/html/booking/lib/Application/Attributes/AttributeList.php,Line=165]
2019-11-30T20:46:50+07:00 [2455] DEBUG default - [User=Ploypailin Saengdet (1830409@vistec.ac.th)] Took 0 seconds to load custom attributes for category 5 [File=/var/www/html/booking/lib/Application/Attributes/AttributeService.php,Line=154]
2019-11-30T20:46:50+07:00 [2455] DEBUG default - [User=Ploypailin Saengdet (1830409@vistec.ac.th)] Found 0 attributes for entityId 7 [File=/var/www/html/booking/lib/Application/Attributes/AttributeList.php,Line=165]
2019-11-30T20:47:10+07:00 [8833] DEBUG default - [User=Ploypailin Saengdet (1830409@vistec.ac.th)] applies 0 allowed 1, ids 2 requested  [File=/var/www/html/booking/lib/Application/Attributes/AttributeService.php,Line=294]
2019-11-30T20:47:10+07:00 [8833] DEBUG default - [User=Ploypailin Saengdet (1830409@vistec.ac.th)] applies 0 allowed 0, ids 17 requested  [File=/var/www/html/booking/lib/Application/Attributes/AttributeService.php,Line=294]
2019-11-30T20:47:10+07:00 [8833] DEBUG default - [User=Ploypailin Saengdet (1830409@vistec.ac.th)] applies 0 allowed 0, ids 25 requested  [File=/var/www/html/booking/lib/Application/Attributes/AttributeService.php,Line=294]
2019-11-30T20:47:10+07:00 [8833] DEBUG default - [User=Ploypailin Saengdet (1830409@vistec.ac.th)] applies 0 allowed 0, ids 16 requested  [File=/var/www/html/booking/lib/Application/Attributes/AttributeService.php,Line=294]
2019-11-30T20:47:10+07:00 [8833] DEBUG default - [User=Ploypailin Saengdet (1830409@vistec.ac.th)] applies 0 allowed 0, ids 25 requested  [File=/var/www/html/booking/lib/Application/Attributes/AttributeService.php,Line=294]
2019-11-30T20:47:10+07:00 [8833] DEBUG default - [User=Ploypailin Saengdet (1830409@vistec.ac.th)] applies 0 allowed 0, ids 26 requested  [File=/var/www/html/booking/lib/Application/Attributes/AttributeService.php,Line=294]
2019-11-30T20:47:10+07:00 [8833] DEBUG default - [User=Ploypailin Saengdet (1830409@vistec.ac.th)] applies 0 allowed 0, ids 29 requested  [File=/var/www/html/booking/lib/Application/Attributes/AttributeService.php,Line=294]
2019-11-30T20:47:10+07:00 [8833] DEBUG default - [User=Ploypailin Saengdet (1830409@vistec.ac.th)] applies 0 allowed 0, ids 26 requested  [File=/var/www/html/booking/lib/Application/Attributes/AttributeService.php,Line=294]
2019-11-30T20:47:10+07:00 [8833] DEBUG default - [User=Ploypailin Saengdet (1830409@vistec.ac.th)] applies 0 allowed 1, ids 2 requested  [File=/var/www/html/booking/lib/Application/Attributes/AttributeService.php,Line=294]
2019-11-30T20:47:10+07:00 [8833] DEBUG default - [User=Ploypailin Saengdet (1830409@vistec.ac.th)] applies 0 allowed 0, ids 30 requested  [File=/var/www/html/booking/lib/Application/Attributes/AttributeService.php,Line=294]
2019-11-30T20:47:10+07:00 [8833] DEBUG default - [User=Ploypailin Saengdet (1830409@vistec.ac.th)] applies 0 allowed 0, ids 15 requested  [File=/var/www/html/booking/lib/Application/Attributes/AttributeService.php,Line=294]
2019-11-30T20:47:10+07:00 [8833] DEBUG default - [User=Ploypailin Saengdet (1830409@vistec.ac.th)] applies 0 allowed 0, ids 18,27 requested  [File=/var/www/html/booking/lib/Application/Attributes/AttributeService.php,Line=294]
2019-11-30T20:47:10+07:00 [8833] DEBUG default - [User=Ploypailin Saengdet (1830409@vistec.ac.th)] applies 0 allowed 0, ids 16 requested  [File=/var/www/html/booking/lib/Application/Attributes/AttributeService.php,Line=294]
2019-11-30T20:47:10+07:00 [8833] DEBUG default - [User=Ploypailin Saengdet (1830409@vistec.ac.th)] applies 0 allowed 0, ids 18 requested  [File=/var/www/html/booking/lib/Application/Attributes/AttributeService.php,Line=294]
2019-11-30T20:47:10+07:00 [8833] DEBUG default - [User=Ploypailin Saengdet (1830409@vistec.ac.th)] applies 0 allowed 0, ids 26 requested  [File=/var/www/html/booking/lib/Application/Attributes/AttributeService.php,Line=294]
2019-11-30T20:47:10+07:00 [8833] DEBUG default - [User=Ploypailin Saengdet (1830409@vistec.ac.th)] applies 0 allowed 1, ids 18,2 requested  [File=/var/www/html/booking/lib/Application/Attributes/AttributeService.php,Line=294]
2019-11-30T20:47:10+07:00 [8833] DEBUG default - [User=Ploypailin Saengdet (1830409@vistec.ac.th)] applies 0 allowed 0, ids 17 requested  [File=/var/www/html/booking/lib/Application/Attributes/AttributeService.php,Line=294]
2019-11-30T20:47:10+07:00 [8833] DEBUG default - [User=Ploypailin Saengdet (1830409@vistec.ac.th)] applies 0 allowed 0, ids 17 requested  [File=/var/www/html/booking/lib/Application/Attributes/AttributeService.php,Line=294]
2019-11-30T20:47:10+07:00 [8833] DEBUG default - [User=Ploypailin Saengdet (1830409@vistec.ac.th)] applies 0 allowed 0, ids 24 requested  [File=/var/www/html/booking/lib/Application/Attributes/AttributeService.php,Line=294]
2019-11-30T20:47:10+07:00 [8833] DEBUG default - [User=Ploypailin Saengdet (1830409@vistec.ac.th)] applies 0 allowed 0, ids 26 requested  [File=/var/www/html/booking/lib/Application/Attributes/AttributeService.php,Line=294]
2019-11-30T20:47:10+07:00 [8833] DEBUG default - [User=Ploypailin Saengdet (1830409@vistec.ac.th)] applies 0 allowed 1, ids 2 requested  [File=/var/www/html/booking/lib/Application/Attributes/AttributeService.php,Line=294]
2019-11-30T20:47:10+07:00 [8833] DEBUG default - [User=Ploypailin Saengdet (1830409@vistec.ac.th)] applies 0 allowed 0, ids 24 requested  [File=/var/www/html/booking/lib/Application/Attributes/AttributeService.php,Line=294]
2019-11-30T20:47:10+07:00 [8833] DEBUG default - [User=Ploypailin Saengdet (1830409@vistec.ac.th)] applies 0 allowed 0, ids 17 requested  [File=/var/www/html/booking/lib/Application/Attributes/AttributeService.php,Line=294]
2019-11-30T20:47:10+07:00 [8833] DEBUG default - [User=Ploypailin Saengdet (1830409@vistec.ac.th)] applies 0 allowed 0, ids 16 requested  [File=/var/www/html/booking/lib/Application/Attributes/AttributeService.php,Line=294]
2019-11-30T20:47:10+07:00 [8833] DEBUG default - [User=Ploypailin Saengdet (1830409@vistec.ac.th)] applies 0 allowed 1, ids 23,26,22,21 requested  [File=/var/www/html/booking/lib/Application/Attributes/AttributeService.php,Line=294]
2019-11-30T20:47:10+07:00 [8833] DEBUG default - [User=Ploypailin Saengdet (1830409@vistec.ac.th)] applies 0 allowed 1, ids 23,26,22,24,29,30,21 requested  [File=/var/www/html/booking/lib/Application/Attributes/AttributeService.php,Line=294]
2019-11-30T21:45:55+07:00 [2449] DEBUG default - [User=Chalida Phungpanya (chalida.p@vistec.ac.th)] applies 0 allowed 1, ids 2 requested 8 [File=/var/www/html/booking/lib/Application/Attributes/AttributeService.php,Line=294]
2019-11-30T21:45:55+07:00 [2449] DEBUG default - [User=Chalida Phungpanya (chalida.p@vistec.ac.th)] applies 0 allowed 1, ids 17 requested 8 [File=/var/www/html/booking/lib/Application/Attributes/AttributeService.php,Line=294]
2019-11-30T21:45:55+07:00 [2449] DEBUG default - [User=Chalida Phungpanya (chalida.p@vistec.ac.th)] applies 0 allowed 0, ids 25 requested 8 [File=/var/www/html/booking/lib/Application/Attributes/AttributeService.php,Line=294]
2019-11-30T21:45:55+07:00 [2449] DEBUG default - [User=Chalida Phungpanya (chalida.p@vistec.ac.th)] applies 0 allowed 0, ids 16 requested 8 [File=/var/www/html/booking/lib/Application/Attributes/AttributeService.php,Line=294]
2019-11-30T21:45:55+07:00 [2449] DEBUG default - [User=Chalida Phungpanya (chalida.p@vistec.ac.th)] applies 0 allowed 0, ids 25 requested 8 [File=/var/www/html/booking/lib/Application/Attributes/AttributeService.php,Line=294]
2019-11-30T21:45:55+07:00 [2449] DEBUG default - [User=Chalida Phungpanya (chalida.p@vistec.ac.th)] applies 0 allowed 0, ids 26 requested 8 [File=/var/www/html/booking/lib/Application/Attributes/AttributeService.php,Line=294]
2019-11-30T21:45:55+07:00 [2449] DEBUG default - [User=Chalida Phungpanya (chalida.p@vistec.ac.th)] applies 0 allowed 0, ids 29 requested 8 [File=/var/www/html/booking/lib/Application/Attributes/AttributeService.php,Line=294]
2019-11-30T21:45:55+07:00 [2449] DEBUG default - [User=Chalida Phungpanya (chalida.p@vistec.ac.th)] applies 0 allowed 0, ids 26 requested 8 [File=/var/www/html/booking/lib/Application/Attributes/AttributeService.php,Line=294]
2019-11-30T21:45:55+07:00 [2449] DEBUG default - [User=Chalida Phungpanya (chalida.p@vistec.ac.th)] applies 0 allowed 1, ids 2 requested 8 [File=/var/www/html/booking/lib/Application/Attributes/AttributeService.php,Line=294]
2019-11-30T21:45:55+07:00 [2449] DEBUG default - [User=Chalida Phungpanya (chalida.p@vistec.ac.th)] applies 0 allowed 0, ids 30 requested 8 [File=/var/www/html/booking/lib/Application/Attributes/AttributeService.php,Line=294]
2019-11-30T21:45:55+07:00 [2449] DEBUG default - [User=Chalida Phungpanya (chalida.p@vistec.ac.th)] applies 0 allowed 0, ids 15 requested 8 [File=/var/www/html/booking/lib/Application/Attributes/AttributeService.php,Line=294]
2019-11-30T21:45:55+07:00 [2449] DEBUG default - [User=Chalida Phungpanya (chalida.p@vistec.ac.th)] applies 0 allowed 0, ids 18,27 requested 8 [File=/var/www/html/booking/lib/Application/Attributes/AttributeService.php,Line=294]
2019-11-30T21:45:55+07:00 [2449] DEBUG default - [User=Chalida Phungpanya (chalida.p@vistec.ac.th)] applies 0 allowed 0, ids 16 requested 8 [File=/var/www/html/booking/lib/Application/Attributes/AttributeService.php,Line=294]
2019-11-30T21:45:55+07:00 [2449] DEBUG default - [User=Chalida Phungpanya (chalida.p@vistec.ac.th)] applies 0 allowed 0, ids 18 requested 8 [File=/var/www/html/booking/lib/Application/Attributes/AttributeService.php,Line=294]
2019-11-30T21:45:55+07:00 [2449] DEBUG default - [User=Chalida Phungpanya (chalida.p@vistec.ac.th)] applies 0 allowed 0, ids 26 requested 8 [File=/var/www/html/booking/lib/Application/Attributes/AttributeService.php,Line=294]
2019-11-30T21:45:55+07:00 [2449] DEBUG default - [User=Chalida Phungpanya (chalida.p@vistec.ac.th)] applies 0 allowed 1, ids 18,2 requested 8 [File=/var/www/html/booking/lib/Application/Attributes/AttributeService.php,Line=294]
2019-11-30T21:45:55+07:00 [2449] DEBUG default - [User=Chalida Phungpanya (chalida.p@vistec.ac.th)] applies 0 allowed 1, ids 17 requested 8 [File=/var/www/html/booking/lib/Application/Attributes/AttributeService.php,Line=294]
2019-11-30T21:45:55+07:00 [2449] DEBUG default - [User=Chalida Phungpanya (chalida.p@vistec.ac.th)] applies 0 allowed 1, ids 17 requested 8 [File=/var/www/html/booking/lib/Application/Attributes/AttributeService.php,Line=294]
2019-11-30T21:45:55+07:00 [2449] DEBUG default - [User=Chalida Phungpanya (chalida.p@vistec.ac.th)] applies 0 allowed 0, ids 24 requested 8 [File=/var/www/html/booking/lib/Application/Attributes/AttributeService.php,Line=294]
2019-11-30T21:45:55+07:00 [2449] DEBUG default - [User=Chalida Phungpanya (chalida.p@vistec.ac.th)] applies 0 allowed 0, ids 26 requested 8 [File=/var/www/html/booking/lib/Application/Attributes/AttributeService.php,Line=294]
2019-11-30T21:45:55+07:00 [2449] DEBUG default - [User=Chalida Phungpanya (chalida.p@vistec.ac.th)] applies 0 allowed 1, ids 2 requested 8 [File=/var/www/html/booking/lib/Application/Attributes/AttributeService.php,Line=294]
2019-11-30T21:45:55+07:00 [2449] DEBUG default - [User=Chalida Phungpanya (chalida.p@vistec.ac.th)] applies 0 allowed 0, ids 24 requested 8 [File=/var/www/html/booking/lib/Application/Attributes/AttributeService.php,Line=294]
2019-11-30T21:45:55+07:00 [2449] DEBUG default - [User=Chalida Phungpanya (chalida.p@vistec.ac.th)] applies 0 allowed 1, ids 17 requested 8 [File=/var/www/html/booking/lib/Application/Attributes/AttributeService.php,Line=294]
2019-11-30T21:45:55+07:00 [2449] DEBUG default - [User=Chalida Phungpanya (chalida.p@vistec.ac.th)] applies 0 allowed 0, ids 16 requested 8 [File=/var/www/html/booking/lib/Application/Attributes/AttributeService.php,Line=294]
2019-11-30T21:45:55+07:00 [2449] DEBUG default - [User=Chalida Phungpanya (chalida.p@vistec.ac.th)] applies 0 allowed 0, ids 23,26,22,21 requested 8 [File=/var/www/html/booking/lib/Application/Attributes/AttributeService.php,Line=294]
2019-11-30T21:45:55+07:00 [2449] DEBUG default - [User=Chalida Phungpanya (chalida.p@vistec.ac.th)] applies 0 allowed 0, ids 23,26,22,24,29,30,21 requested 8 [File=/var/www/html/booking/lib/Application/Attributes/AttributeService.php,Line=294]
2019-11-30T21:46:11+07:00 [8833] DEBUG default - [User=Chalida Phungpanya (chalida.p@vistec.ac.th)] Adding custom attribute value for entityId=8, attributeId=29 [File=/var/www/html/booking/lib/Application/Attributes/AttributeList.php,Line=122]
2019-11-30T21:46:11+07:00 [8833] DEBUG default - [User=Chalida Phungpanya (chalida.p@vistec.ac.th)] Took 0 seconds to load custom attributes for category 4 [File=/var/www/html/booking/lib/Application/Attributes/AttributeService.php,Line=154]
2019-11-30T21:46:11+07:00 [8833] DEBUG default - [User=Chalida Phungpanya (chalida.p@vistec.ac.th)] Found 1 attributes for entityId 8 [File=/var/www/html/booking/lib/Application/Attributes/AttributeList.php,Line=165]
2019-11-30T21:46:11+07:00 [8833] DEBUG default - [User=Chalida Phungpanya (chalida.p@vistec.ac.th)] Took 0 seconds to load custom attributes for category 5 [File=/var/www/html/booking/lib/Application/Attributes/AttributeService.php,Line=154]
2019-11-30T21:46:11+07:00 [8833] DEBUG default - [User=Chalida Phungpanya (chalida.p@vistec.ac.th)] Found 0 attributes for entityId 7 [File=/var/www/html/booking/lib/Application/Attributes/AttributeList.php,Line=165]
2019-11-30T21:46:57+07:00 [2449] DEBUG default - [User=Chalida Phungpanya (chalida.p@vistec.ac.th)] applies 0 allowed 1, ids 2 requested 8 [File=/var/www/html/booking/lib/Application/Attributes/AttributeService.php,Line=294]
2019-11-30T21:46:57+07:00 [2449] DEBUG default - [User=Chalida Phungpanya (chalida.p@vistec.ac.th)] applies 0 allowed 1, ids 17 requested 8 [File=/var/www/html/booking/lib/Application/Attributes/AttributeService.php,Line=294]
2019-11-30T21:46:57+07:00 [2449] DEBUG default - [User=Chalida Phungpanya (chalida.p@vistec.ac.th)] applies 0 allowed 0, ids 25 requested 8 [File=/var/www/html/booking/lib/Application/Attributes/AttributeService.php,Line=294]
2019-11-30T21:46:57+07:00 [2449] DEBUG default - [User=Chalida Phungpanya (chalida.p@vistec.ac.th)] applies 0 allowed 0, ids 16 requested 8 [File=/var/www/html/booking/lib/Application/Attributes/AttributeService.php,Line=294]
2019-11-30T21:46:57+07:00 [2449] DEBUG default - [User=Chalida Phungpanya (chalida.p@vistec.ac.th)] applies 0 allowed 0, ids 25 requested 8 [File=/var/www/html/booking/lib/Application/Attributes/AttributeService.php,Line=294]
2019-11-30T21:46:57+07:00 [2449] DEBUG default - [User=Chalida Phungpanya (chalida.p@vistec.ac.th)] applies 0 allowed 0, ids 26 requested 8 [File=/var/www/html/booking/lib/Application/Attributes/AttributeService.php,Line=294]
2019-11-30T21:46:57+07:00 [2449] DEBUG default - [User=Chalida Phungpanya (chalida.p@vistec.ac.th)] applies 0 allowed 0, ids 29 requested 8 [File=/var/www/html/booking/lib/Application/Attributes/AttributeService.php,Line=294]
2019-11-30T21:46:57+07:00 [2449] DEBUG default - [User=Chalida Phungpanya (chalida.p@vistec.ac.th)] applies 0 allowed 0, ids 26 requested 8 [File=/var/www/html/booking/lib/Application/Attributes/AttributeService.php,Line=294]
2019-11-30T21:46:57+07:00 [2449] DEBUG default - [User=Chalida Phungpanya (chalida.p@vistec.ac.th)] applies 0 allowed 1, ids 2 requested 8 [File=/var/www/html/booking/lib/Application/Attributes/AttributeService.php,Line=294]
2019-11-30T21:46:57+07:00 [2449] DEBUG default - [User=Chalida Phungpanya (chalida.p@vistec.ac.th)] applies 0 allowed 0, ids 30 requested 8 [File=/var/www/html/booking/lib/Application/Attributes/AttributeService.php,Line=294]
2019-11-30T21:46:57+07:00 [2449] DEBUG default - [User=Chalida Phungpanya (chalida.p@vistec.ac.th)] applies 0 allowed 0, ids 15 requested 8 [File=/var/www/html/booking/lib/Application/Attributes/AttributeService.php,Line=294]
2019-11-30T21:46:57+07:00 [2449] DEBUG default - [User=Chalida Phungpanya (chalida.p@vistec.ac.th)] applies 0 allowed 0, ids 18,27 requested 8 [File=/var/www/html/booking/lib/Application/Attributes/AttributeService.php,Line=294]
2019-11-30T21:46:57+07:00 [2449] DEBUG default - [User=Chalida Phungpanya (chalida.p@vistec.ac.th)] applies 0 allowed 0, ids 16 requested 8 [File=/var/www/html/booking/lib/Application/Attributes/AttributeService.php,Line=294]
2019-11-30T21:46:57+07:00 [2449] DEBUG default - [User=Chalida Phungpanya (chalida.p@vistec.ac.th)] applies 0 allowed 0, ids 18 requested 8 [File=/var/www/html/booking/lib/Application/Attributes/AttributeService.php,Line=294]
2019-11-30T21:46:57+07:00 [2449] DEBUG default - [User=Chalida Phungpanya (chalida.p@vistec.ac.th)] applies 0 allowed 0, ids 26 requested 8 [File=/var/www/html/booking/lib/Application/Attributes/AttributeService.php,Line=294]
2019-11-30T21:46:57+07:00 [2449] DEBUG default - [User=Chalida Phungpanya (chalida.p@vistec.ac.th)] applies 0 allowed 1, ids 18,2 requested 8 [File=/var/www/html/booking/lib/Application/Attributes/AttributeService.php,Line=294]
2019-11-30T21:46:57+07:00 [2449] DEBUG default - [User=Chalida Phungpanya (chalida.p@vistec.ac.th)] applies 0 allowed 1, ids 17 requested 8 [File=/var/www/html/booking/lib/Application/Attributes/AttributeService.php,Line=294]
2019-11-30T21:46:57+07:00 [2449] DEBUG default - [User=Chalida Phungpanya (chalida.p@vistec.ac.th)] applies 0 allowed 1, ids 17 requested 8 [File=/var/www/html/booking/lib/Application/Attributes/AttributeService.php,Line=294]
2019-11-30T21:46:57+07:00 [2449] DEBUG default - [User=Chalida Phungpanya (chalida.p@vistec.ac.th)] applies 0 allowed 0, ids 24 requested 8 [File=/var/www/html/booking/lib/Application/Attributes/AttributeService.php,Line=294]
2019-11-30T21:46:57+07:00 [2449] DEBUG default - [User=Chalida Phungpanya (chalida.p@vistec.ac.th)] applies 0 allowed 0, ids 26 requested 8 [File=/var/www/html/booking/lib/Application/Attributes/AttributeService.php,Line=294]
2019-11-30T21:46:57+07:00 [2449] DEBUG default - [User=Chalida Phungpanya (chalida.p@vistec.ac.th)] applies 0 allowed 1, ids 2 requested 8 [File=/var/www/html/booking/lib/Application/Attributes/AttributeService.php,Line=294]
2019-11-30T21:46:57+07:00 [2449] DEBUG default - [User=Chalida Phungpanya (chalida.p@vistec.ac.th)] applies 0 allowed 0, ids 24 requested 8 [File=/var/www/html/booking/lib/Application/Attributes/AttributeService.php,Line=294]
2019-11-30T21:46:57+07:00 [2449] DEBUG default - [User=Chalida Phungpanya (chalida.p@vistec.ac.th)] applies 0 allowed 1, ids 17 requested 8 [File=/var/www/html/booking/lib/Application/Attributes/AttributeService.php,Line=294]
2019-11-30T21:46:57+07:00 [2449] DEBUG default - [User=Chalida Phungpanya (chalida.p@vistec.ac.th)] applies 0 allowed 0, ids 16 requested 8 [File=/var/www/html/booking/lib/Application/Attributes/AttributeService.php,Line=294]
2019-11-30T21:46:57+07:00 [2449] DEBUG default - [User=Chalida Phungpanya (chalida.p@vistec.ac.th)] applies 0 allowed 0, ids 23,26,22,21 requested 8 [File=/var/www/html/booking/lib/Application/Attributes/AttributeService.php,Line=294]
2019-11-30T21:46:57+07:00 [2449] DEBUG default - [User=Chalida Phungpanya (chalida.p@vistec.ac.th)] applies 0 allowed 0, ids 23,26,22,24,29,30,21 requested 8 [File=/var/www/html/booking/lib/Application/Attributes/AttributeService.php,Line=294]
2019-11-30T21:48:15+07:00 [8833] DEBUG default - [User=Chalida Phungpanya (chalida.p@vistec.ac.th)] ReservationRepository::LoadByReferenceNumber() - ReferenceNumber: 5ddf4abf7b7b7243626788 [File=/var/www/html/booking/Domain/Access/ReservationRepository.php,Line=34]
2019-11-30T21:48:16+07:00 [8833] DEBUG default - [User=Chalida Phungpanya (chalida.p@vistec.ac.th)] Updating duration for series 6330 [File=/var/www/html/booking/Domain/ExistingReservationSeries.php,Line=266]
2019-11-30T21:48:16+07:00 [8833] DEBUG default - [User=Chalida Phungpanya (chalida.p@vistec.ac.th)] submitted retry params array (
) [File=/var/www/html/booking/lib/Application/Reservation/ReservationHandler.php,Line=103]
2019-11-30T21:48:16+07:00 [8833] DEBUG default - [User=Chalida Phungpanya (chalida.p@vistec.ac.th)] week_month_start 49 [File=/var/www/html/booking/lib/Application/Reservation/ReservationHandler.php,Line=365]
2019-11-30T21:48:16+07:00 [8833] DEBUG default - [User=Chalida Phungpanya (chalida.p@vistec.ac.th)] week_month_current 48 [File=/var/www/html/booking/lib/Application/Reservation/ReservationHandler.php,Line=366]
2019-11-30T21:48:16+07:00 [8833] DEBUG default - [User=Chalida Phungpanya (chalida.p@vistec.ac.th)] Tool Mode is  [File=/var/www/html/booking/lib/Application/Reservation/ReservationHandler.php,Line=747]
2019-11-30T21:48:16+07:00 [8833] DEBUG default - [User=Chalida Phungpanya (chalida.p@vistec.ac.th)] Checking for reservation conflicts, reference number 5ddf4abf7b7b7243626788 on 2019-12-02 08:00:00 Asia/Bangkok [File=/var/www/html/booking/lib/Application/Reservation/Validation/ResourceAvailabilityRule.php,Line=54]
2019-11-30T21:48:16+07:00 [8833] DEBUG default - [User=Chalida Phungpanya (chalida.p@vistec.ac.th)] Validating rule ExistingResourceAvailabilityRule. Passed?: 1 [File=/var/www/html/booking/lib/Application/Reservation/Validation/ReservationValidationRuleProcessor.php,Line=35]
2019-11-30T21:48:16+07:00 [8833] DEBUG default - [User=Chalida Phungpanya (chalida.p@vistec.ac.th)] Validating rule AdminExcludedRule. Passed?: 1 [File=/var/www/html/booking/lib/Application/Reservation/Validation/ReservationValidationRuleProcessor.php,Line=35]
2019-11-30T21:48:16+07:00 [8833] DEBUG default - [User=Chalida Phungpanya (chalida.p@vistec.ac.th)] Validating rule ReservationDateTimeRule. Passed?: 1 [File=/var/www/html/booking/lib/Application/Reservation/Validation/ReservationValidationRuleProcessor.php,Line=35]
2019-11-30T21:48:16+07:00 [8833] DEBUG default - [User=Chalida Phungpanya (chalida.p@vistec.ac.th)] Validating rule ReservationBasicInfoRule. Passed?: 1 [File=/var/www/html/booking/lib/Application/Reservation/Validation/ReservationValidationRuleProcessor.php,Line=35]
2019-11-30T21:48:16+07:00 [8833] DEBUG default - [User=Chalida Phungpanya (chalida.p@vistec.ac.th)] Start Time Rule: Comparing 2019-12-02 08:00:00 Asia/Bangkok to 2019-11-30 21:48:16 Asia/Bangkok [File=/var/www/html/booking/lib/Application/Reservation/Validation/ReservationStartTimeRule.php,Line=63]
2019-11-30T21:48:16+07:00 [8833] DEBUG default - [User=Chalida Phungpanya (chalida.p@vistec.ac.th)] Validating rule AdminExcludedRule. Passed?: 1 [File=/var/www/html/booking/lib/Application/Reservation/Validation/ReservationValidationRuleProcessor.php,Line=35]
2019-11-30T21:48:16+07:00 [8833] DEBUG default - [User=Chalida Phungpanya (chalida.p@vistec.ac.th)] Validating rule AdminExcludedRule. Passed?: 1 [File=/var/www/html/booking/lib/Application/Reservation/Validation/ReservationValidationRuleProcessor.php,Line=35]
2019-11-30T21:48:16+07:00 [8833] DEBUG default - [User=Chalida Phungpanya (chalida.p@vistec.ac.th)] Validating rule AdminExcludedRule. Passed?: 1 [File=/var/www/html/booking/lib/Application/Reservation/Validation/ReservationValidationRuleProcessor.php,Line=35]
2019-11-30T21:48:16+07:00 [8833] DEBUG default - [User=Chalida Phungpanya (chalida.p@vistec.ac.th)] Validating rule AdminExcludedRule. Passed?: 1 [File=/var/www/html/booking/lib/Application/Reservation/Validation/ReservationValidationRuleProcessor.php,Line=35]
2019-11-30T21:48:16+07:00 [8833] DEBUG default - [User=Chalida Phungpanya (chalida.p@vistec.ac.th)] Validating rule AdminExcludedRule. Passed?: 1 [File=/var/www/html/booking/lib/Application/Reservation/Validation/ReservationValidationRuleProcessor.php,Line=35]
2019-11-30T21:48:16+07:00 [8833] DEBUG default - [User=Chalida Phungpanya (chalida.p@vistec.ac.th)] Validating rule ReservationAttachmentRule. Passed?: 1 [File=/var/www/html/booking/lib/Application/Reservation/Validation/ReservationValidationRuleProcessor.php,Line=35]
2019-11-30T21:48:16+07:00 [8833] DEBUG default - [User=Chalida Phungpanya (chalida.p@vistec.ac.th)] Validating rule AdminExcludedRule. Passed?: 1 [File=/var/www/html/booking/lib/Application/Reservation/Validation/ReservationValidationRuleProcessor.php,Line=35]
2019-11-30T21:48:16+07:00 [8833] DEBUG default - [User=Chalida Phungpanya (chalida.p@vistec.ac.th)] Validating rule AdminExcludedRule. Passed?: 1 [File=/var/www/html/booking/lib/Application/Reservation/Validation/ReservationValidationRuleProcessor.php,Line=35]
2019-11-30T21:48:16+07:00 [8833] DEBUG default - [User=Chalida Phungpanya (chalida.p@vistec.ac.th)] Validating rule AdminExcludedRule. Passed?: 1 [File=/var/www/html/booking/lib/Application/Reservation/Validation/ReservationValidationRuleProcessor.php,Line=35]
2019-11-30T21:48:16+07:00 [8833] DEBUG default - [User=Chalida Phungpanya (chalida.p@vistec.ac.th)] Validating rule AdminExcludedRule. Passed?: 1 [File=/var/www/html/booking/lib/Application/Reservation/Validation/ReservationValidationRuleProcessor.php,Line=35]
2019-11-30T21:48:16+07:00 [8833] DEBUG default - [User=Chalida Phungpanya (chalida.p@vistec.ac.th)] Validating rule SchedulePeriodRule. Passed?: 1 [File=/var/www/html/booking/lib/Application/Reservation/Validation/ReservationValidationRuleProcessor.php,Line=35]
2019-11-30T21:48:16+07:00 [8833] DEBUG default - [User=Chalida Phungpanya (chalida.p@vistec.ac.th)] Validating rule AdminExcludedRule. Passed?: 1 [File=/var/www/html/booking/lib/Application/Reservation/Validation/ReservationValidationRuleProcessor.php,Line=35]
2019-11-30T21:48:16+07:00 [8833] DEBUG default - [User=Chalida Phungpanya (chalida.p@vistec.ac.th)] Validating rule AdminExcludedRule. Passed?: 1 [File=/var/www/html/booking/lib/Application/Reservation/Validation/ReservationValidationRuleProcessor.php,Line=35]
2019-11-30T21:48:16+07:00 [8833] DEBUG default - [User=Chalida Phungpanya (chalida.p@vistec.ac.th)] Validating rule AccessoryAvailabilityRule. Passed?: 1 [File=/var/www/html/booking/lib/Application/Reservation/Validation/ReservationValidationRuleProcessor.php,Line=35]
2019-11-30T21:48:16+07:00 [8833] DEBUG default - [User=Chalida Phungpanya (chalida.p@vistec.ac.th)] Validating rule AccessoryResourceRule. Passed?: 1 [File=/var/www/html/booking/lib/Application/Reservation/Validation/ReservationValidationRuleProcessor.php,Line=35]
2019-11-30T21:48:16+07:00 [8833] DEBUG default - [User=Chalida Phungpanya (chalida.p@vistec.ac.th)] Updating existing series (seriesId: 6330) [File=/var/www/html/booking/Domain/Access/ReservationRepository.php,Line=108]
2019-11-30T21:48:16+07:00 [8833] DEBUG default - [User=Chalida Phungpanya (chalida.p@vistec.ac.th)] CREDITS - Reservation update adjusting credits for user 562 by 0. Required 0, consumed 0 [File=/var/www/html/booking/Domain/Access/ReservationRepository.php,Line=126]
2019-11-30T21:48:16+07:00 [8833] DEBUG default - [User=Chalida Phungpanya (chalida.p@vistec.ac.th)] Calling notify on OwnerEmailUpdatedNotification for reservation 5ddf4abf7b7b7243626788 [File=/var/www/html/booking/lib/Application/Reservation/Notification/IReservationNotificationService.php,Line=53]
2019-11-30T21:48:16+07:00 [8833] DEBUG default - [User=Chalida Phungpanya (chalida.p@vistec.ac.th)] Owner does not want these types of email notifications. Email=chalida.p@vistec.ac.th, ReferenceNumber=5ddf4abf7b7b7243626788 [File=/var/www/html/booking/lib/Application/Reservation/Notification/OwnerEmailNotification.php,Line=60]
2019-11-30T21:48:16+07:00 [8833] DEBUG default - [User=Chalida Phungpanya (chalida.p@vistec.ac.th)] Calling notify on AdminEmailUpdatedNotification for reservation 5ddf4abf7b7b7243626788 [File=/var/www/html/booking/lib/Application/Reservation/Notification/IReservationNotificationService.php,Line=53]
2019-11-30T21:48:16+07:00 [8833] DEBUG default - [User=Chalida Phungpanya (chalida.p@vistec.ac.th)] Calling notify on AdminEmailApprovalNotification for reservation 5ddf4abf7b7b7243626788 [File=/var/www/html/booking/lib/Application/Reservation/Notification/IReservationNotificationService.php,Line=53]
2019-11-30T21:48:16+07:00 [8833] DEBUG default - [User=Chalida Phungpanya (chalida.p@vistec.ac.th)] Calling notify on ParticipantAddedEmailNotification for reservation 5ddf4abf7b7b7243626788 [File=/var/www/html/booking/lib/Application/Reservation/Notification/IReservationNotificationService.php,Line=53]
2019-11-30T21:48:16+07:00 [8833] DEBUG default - [User=Chalida Phungpanya (chalida.p@vistec.ac.th)] Calling notify on InviteeAddedEmailNotification for reservation 5ddf4abf7b7b7243626788 [File=/var/www/html/booking/lib/Application/Reservation/Notification/IReservationNotificationService.php,Line=53]
2019-11-30T21:48:16+07:00 [8833] DEBUG default - [User=Chalida Phungpanya (chalida.p@vistec.ac.th)] Calling notify on ParticipantUpdatedEmailNotification for reservation 5ddf4abf7b7b7243626788 [File=/var/www/html/booking/lib/Application/Reservation/Notification/IReservationNotificationService.php,Line=53]
2019-11-30T21:48:16+07:00 [8833] DEBUG default - [User=Chalida Phungpanya (chalida.p@vistec.ac.th)] Calling notify on InviteeUpdatedEmailNotification for reservation 5ddf4abf7b7b7243626788 [File=/var/www/html/booking/lib/Application/Reservation/Notification/IReservationNotificationService.php,Line=53]
2019-11-30T21:48:16+07:00 [8833] DEBUG default - [User=Chalida Phungpanya (chalida.p@vistec.ac.th)] Calling notify on GuestAddedEmailNotification for reservation 5ddf4abf7b7b7243626788 [File=/var/www/html/booking/lib/Application/Reservation/Notification/IReservationNotificationService.php,Line=53]
2019-11-30T21:48:16+07:00 [8833] DEBUG default - [User=Chalida Phungpanya (chalida.p@vistec.ac.th)] Calling notify on GuestUpdatedEmailNotification for reservation 5ddf4abf7b7b7243626788 [File=/var/www/html/booking/lib/Application/Reservation/Notification/IReservationNotificationService.php,Line=53]
2019-11-30T21:48:49+07:00 [8833] DEBUG default - [User=Chalida Phungpanya (chalida.p@vistec.ac.th)] applies 0 allowed 1, ids 2 requested 8 [File=/var/www/html/booking/lib/Application/Attributes/AttributeService.php,Line=294]
2019-11-30T21:48:49+07:00 [8833] DEBUG default - [User=Chalida Phungpanya (chalida.p@vistec.ac.th)] applies 0 allowed 1, ids 17 requested 8 [File=/var/www/html/booking/lib/Application/Attributes/AttributeService.php,Line=294]
2019-11-30T21:48:49+07:00 [8833] DEBUG default - [User=Chalida Phungpanya (chalida.p@vistec.ac.th)] applies 0 allowed 0, ids 25 requested 8 [File=/var/www/html/booking/lib/Application/Attributes/AttributeService.php,Line=294]
2019-11-30T21:48:49+07:00 [8833] DEBUG default - [User=Chalida Phungpanya (chalida.p@vistec.ac.th)] applies 0 allowed 0, ids 16 requested 8 [File=/var/www/html/booking/lib/Application/Attributes/AttributeService.php,Line=294]
2019-11-30T21:48:49+07:00 [8833] DEBUG default - [User=Chalida Phungpanya (chalida.p@vistec.ac.th)] applies 0 allowed 0, ids 25 requested 8 [File=/var/www/html/booking/lib/Application/Attributes/AttributeService.php,Line=294]
2019-11-30T21:48:49+07:00 [8833] DEBUG default - [User=Chalida Phungpanya (chalida.p@vistec.ac.th)] applies 0 allowed 0, ids 26 requested 8 [File=/var/www/html/booking/lib/Application/Attributes/AttributeService.php,Line=294]
2019-11-30T21:48:49+07:00 [8833] DEBUG default - [User=Chalida Phungpanya (chalida.p@vistec.ac.th)] applies 0 allowed 0, ids 29 requested 8 [File=/var/www/html/booking/lib/Application/Attributes/AttributeService.php,Line=294]
2019-11-30T21:48:49+07:00 [8833] DEBUG default - [User=Chalida Phungpanya (chalida.p@vistec.ac.th)] applies 0 allowed 0, ids 26 requested 8 [File=/var/www/html/booking/lib/Application/Attributes/AttributeService.php,Line=294]
2019-11-30T21:48:49+07:00 [8833] DEBUG default - [User=Chalida Phungpanya (chalida.p@vistec.ac.th)] applies 0 allowed 1, ids 2 requested 8 [File=/var/www/html/booking/lib/Application/Attributes/AttributeService.php,Line=294]
2019-11-30T21:48:49+07:00 [8833] DEBUG default - [User=Chalida Phungpanya (chalida.p@vistec.ac.th)] applies 0 allowed 0, ids 30 requested 8 [File=/var/www/html/booking/lib/Application/Attributes/AttributeService.php,Line=294]
2019-11-30T21:48:49+07:00 [8833] DEBUG default - [User=Chalida Phungpanya (chalida.p@vistec.ac.th)] applies 0 allowed 0, ids 15 requested 8 [File=/var/www/html/booking/lib/Application/Attributes/AttributeService.php,Line=294]
2019-11-30T21:48:49+07:00 [8833] DEBUG default - [User=Chalida Phungpanya (chalida.p@vistec.ac.th)] applies 0 allowed 0, ids 18,27 requested 8 [File=/var/www/html/booking/lib/Application/Attributes/AttributeService.php,Line=294]
2019-11-30T21:48:49+07:00 [8833] DEBUG default - [User=Chalida Phungpanya (chalida.p@vistec.ac.th)] applies 0 allowed 0, ids 16 requested 8 [File=/var/www/html/booking/lib/Application/Attributes/AttributeService.php,Line=294]
2019-11-30T21:48:49+07:00 [8833] DEBUG default - [User=Chalida Phungpanya (chalida.p@vistec.ac.th)] applies 0 allowed 0, ids 18 requested 8 [File=/var/www/html/booking/lib/Application/Attributes/AttributeService.php,Line=294]
2019-11-30T21:48:49+07:00 [8833] DEBUG default - [User=Chalida Phungpanya (chalida.p@vistec.ac.th)] applies 0 allowed 0, ids 26 requested 8 [File=/var/www/html/booking/lib/Application/Attributes/AttributeService.php,Line=294]
2019-11-30T21:48:49+07:00 [8833] DEBUG default - [User=Chalida Phungpanya (chalida.p@vistec.ac.th)] applies 0 allowed 1, ids 18,2 requested 8 [File=/var/www/html/booking/lib/Application/Attributes/AttributeService.php,Line=294]
2019-11-30T21:48:49+07:00 [8833] DEBUG default - [User=Chalida Phungpanya (chalida.p@vistec.ac.th)] applies 0 allowed 1, ids 17 requested 8 [File=/var/www/html/booking/lib/Application/Attributes/AttributeService.php,Line=294]
2019-11-30T21:48:49+07:00 [8833] DEBUG default - [User=Chalida Phungpanya (chalida.p@vistec.ac.th)] applies 0 allowed 1, ids 17 requested 8 [File=/var/www/html/booking/lib/Application/Attributes/AttributeService.php,Line=294]
2019-11-30T21:48:49+07:00 [8833] DEBUG default - [User=Chalida Phungpanya (chalida.p@vistec.ac.th)] applies 0 allowed 0, ids 24 requested 8 [File=/var/www/html/booking/lib/Application/Attributes/AttributeService.php,Line=294]
2019-11-30T21:48:49+07:00 [8833] DEBUG default - [User=Chalida Phungpanya (chalida.p@vistec.ac.th)] applies 0 allowed 0, ids 26 requested 8 [File=/var/www/html/booking/lib/Application/Attributes/AttributeService.php,Line=294]
2019-11-30T21:48:49+07:00 [8833] DEBUG default - [User=Chalida Phungpanya (chalida.p@vistec.ac.th)] applies 0 allowed 1, ids 2 requested 8 [File=/var/www/html/booking/lib/Application/Attributes/AttributeService.php,Line=294]
2019-11-30T21:48:49+07:00 [8833] DEBUG default - [User=Chalida Phungpanya (chalida.p@vistec.ac.th)] applies 0 allowed 0, ids 24 requested 8 [File=/var/www/html/booking/lib/Application/Attributes/AttributeService.php,Line=294]
2019-11-30T21:48:49+07:00 [8833] DEBUG default - [User=Chalida Phungpanya (chalida.p@vistec.ac.th)] applies 0 allowed 1, ids 17 requested 8 [File=/var/www/html/booking/lib/Application/Attributes/AttributeService.php,Line=294]
2019-11-30T21:48:49+07:00 [8833] DEBUG default - [User=Chalida Phungpanya (chalida.p@vistec.ac.th)] applies 0 allowed 0, ids 16 requested 8 [File=/var/www/html/booking/lib/Application/Attributes/AttributeService.php,Line=294]
2019-11-30T21:48:49+07:00 [8833] DEBUG default - [User=Chalida Phungpanya (chalida.p@vistec.ac.th)] applies 0 allowed 0, ids 23,26,22,21 requested 8 [File=/var/www/html/booking/lib/Application/Attributes/AttributeService.php,Line=294]
2019-11-30T21:48:49+07:00 [8833] DEBUG default - [User=Chalida Phungpanya (chalida.p@vistec.ac.th)] applies 0 allowed 0, ids 23,26,22,24,29,30,21 requested 8 [File=/var/www/html/booking/lib/Application/Attributes/AttributeService.php,Line=294]
2019-11-30T22:41:06+07:00 [2449] DEBUG default - [User=Chokchai Kaiyasuan (chokchai.k_s17@vistec.ac.th)] Adding custom attribute value for entityId=17, attributeId=29 [File=/var/www/html/booking/lib/Application/Attributes/AttributeList.php,Line=122]
2019-11-30T22:41:06+07:00 [2449] DEBUG default - [User=Chokchai Kaiyasuan (chokchai.k_s17@vistec.ac.th)] Took 0 seconds to load custom attributes for category 4 [File=/var/www/html/booking/lib/Application/Attributes/AttributeService.php,Line=154]
2019-11-30T22:41:06+07:00 [2449] DEBUG default - [User=Chokchai Kaiyasuan (chokchai.k_s17@vistec.ac.th)] Found 1 attributes for entityId 17 [File=/var/www/html/booking/lib/Application/Attributes/AttributeList.php,Line=165]
2019-11-30T22:41:06+07:00 [2449] DEBUG default - [User=Chokchai Kaiyasuan (chokchai.k_s17@vistec.ac.th)] Took 0 seconds to load custom attributes for category 5 [File=/var/www/html/booking/lib/Application/Attributes/AttributeService.php,Line=154]
2019-11-30T22:41:06+07:00 [2449] DEBUG default - [User=Chokchai Kaiyasuan (chokchai.k_s17@vistec.ac.th)] Found 0 attributes for entityId 2 [File=/var/www/html/booking/lib/Application/Attributes/AttributeList.php,Line=165]
