2020-11-08T16:19:30+07:00 [17] DEBUG default - [User=Tanut Choksatchawathi (tanut.cho@gmail.com)] Adding custom attribute value for entityId=9, attributeId=29 [File=/var/www/html/booking/lib/Application/Attributes/AttributeList.php,Line=122]
2020-11-08T16:19:30+07:00 [17] DEBUG default - [User=Tanut Choksatchawathi (tanut.cho@gmail.com)] Took 0 seconds to load custom attributes for category 4 [File=/var/www/html/booking/lib/Application/Attributes/AttributeService.php,Line=154]
2020-11-08T16:19:30+07:00 [17] DEBUG default - [User=Tanut Choksatchawathi (tanut.cho@gmail.com)] Found 1 attributes for entityId 9 [File=/var/www/html/booking/lib/Application/Attributes/AttributeList.php,Line=165]
2020-11-08T16:19:31+07:00 [17] DEBUG default - [User=Tanut Choksatchawathi (tanut.cho@gmail.com)] Took 0 seconds to load custom attributes for category 5 [File=/var/www/html/booking/lib/Application/Attributes/AttributeService.php,Line=154]
2020-11-08T16:19:31+07:00 [17] DEBUG default - [User=Tanut Choksatchawathi (tanut.cho@gmail.com)] Found 0 attributes for entityId 5 [File=/var/www/html/booking/lib/Application/Attributes/AttributeList.php,Line=165]
2020-11-08T17:33:36+07:00 [27] DEBUG default - [User=Tanut Choksatchawathi (tanut.cho@gmail.com)] Adding custom attribute value for entityId=10, attributeId=29 [File=/var/www/html/booking/lib/Application/Attributes/AttributeList.php,Line=122]
2020-11-08T17:33:36+07:00 [27] DEBUG default - [User=Tanut Choksatchawathi (tanut.cho@gmail.com)] Took 0 seconds to load custom attributes for category 4 [File=/var/www/html/booking/lib/Application/Attributes/AttributeService.php,Line=154]
2020-11-08T17:33:36+07:00 [27] DEBUG default - [User=Tanut Choksatchawathi (tanut.cho@gmail.com)] Found 1 attributes for entityId 10 [File=/var/www/html/booking/lib/Application/Attributes/AttributeList.php,Line=165]
2020-11-08T17:33:37+07:00 [27] DEBUG default - [User=Tanut Choksatchawathi (tanut.cho@gmail.com)] Took 0 seconds to load custom attributes for category 5 [File=/var/www/html/booking/lib/Application/Attributes/AttributeService.php,Line=154]
2020-11-08T17:33:37+07:00 [27] DEBUG default - [User=Tanut Choksatchawathi (tanut.cho@gmail.com)] Found 0 attributes for entityId 1 [File=/var/www/html/booking/lib/Application/Attributes/AttributeList.php,Line=165]
2020-11-08T17:33:56+07:00 [29] DEBUG default - [User=Tanut Choksatchawathi (tanut.cho@gmail.com)] applies 0 allowed 0, ids 33 requested 10 [File=/var/www/html/booking/lib/Application/Attributes/AttributeService.php,Line=294]
2020-11-08T17:33:56+07:00 [29] DEBUG default - [User=Tanut Choksatchawathi (tanut.cho@gmail.com)] applies 0 allowed 0, ids 33 requested 10 [File=/var/www/html/booking/lib/Application/Attributes/AttributeService.php,Line=294]
2020-11-08T17:33:56+07:00 [29] DEBUG default - [User=Tanut Choksatchawathi (tanut.cho@gmail.com)] applies 0 allowed 0, ids 33 requested 10 [File=/var/www/html/booking/lib/Application/Attributes/AttributeService.php,Line=294]
2020-11-08T17:33:56+07:00 [29] DEBUG default - [User=Tanut Choksatchawathi (tanut.cho@gmail.com)] applies 0 allowed 1, ids 26 requested 10 [File=/var/www/html/booking/lib/Application/Attributes/AttributeService.php,Line=294]
2020-11-08T17:33:56+07:00 [29] DEBUG default - [User=Tanut Choksatchawathi (tanut.cho@gmail.com)] applies 0 allowed 0, ids 33 requested 10 [File=/var/www/html/booking/lib/Application/Attributes/AttributeService.php,Line=294]
2020-11-08T17:33:56+07:00 [29] DEBUG default - [User=Tanut Choksatchawathi (tanut.cho@gmail.com)] applies 0 allowed 1, ids 2 requested 10 [File=/var/www/html/booking/lib/Application/Attributes/AttributeService.php,Line=294]
2020-11-08T17:33:56+07:00 [29] DEBUG default - [User=Tanut Choksatchawathi (tanut.cho@gmail.com)] applies 0 allowed 1, ids 17 requested 10 [File=/var/www/html/booking/lib/Application/Attributes/AttributeService.php,Line=294]
2020-11-08T17:33:56+07:00 [29] DEBUG default - [User=Tanut Choksatchawathi (tanut.cho@gmail.com)] applies 0 allowed 0, ids 33 requested 10 [File=/var/www/html/booking/lib/Application/Attributes/AttributeService.php,Line=294]
2020-11-08T17:33:56+07:00 [29] DEBUG default - [User=Tanut Choksatchawathi (tanut.cho@gmail.com)] applies 0 allowed 1, ids 25 requested 10 [File=/var/www/html/booking/lib/Application/Attributes/AttributeService.php,Line=294]
2020-11-08T17:33:56+07:00 [29] DEBUG default - [User=Tanut Choksatchawathi (tanut.cho@gmail.com)] applies 0 allowed 1, ids 16 requested 10 [File=/var/www/html/booking/lib/Application/Attributes/AttributeService.php,Line=294]
2020-11-08T17:33:56+07:00 [29] DEBUG default - [User=Tanut Choksatchawathi (tanut.cho@gmail.com)] applies 0 allowed 1, ids 25 requested 10 [File=/var/www/html/booking/lib/Application/Attributes/AttributeService.php,Line=294]
2020-11-08T17:33:56+07:00 [29] DEBUG default - [User=Tanut Choksatchawathi (tanut.cho@gmail.com)] applies 0 allowed 0, ids 33 requested 10 [File=/var/www/html/booking/lib/Application/Attributes/AttributeService.php,Line=294]
2020-11-08T17:33:56+07:00 [29] DEBUG default - [User=Tanut Choksatchawathi (tanut.cho@gmail.com)] applies 0 allowed 0, ids 33 requested 10 [File=/var/www/html/booking/lib/Application/Attributes/AttributeService.php,Line=294]
2020-11-08T17:33:56+07:00 [29] DEBUG default - [User=Tanut Choksatchawathi (tanut.cho@gmail.com)] applies 0 allowed 1, ids 29 requested 10 [File=/var/www/html/booking/lib/Application/Attributes/AttributeService.php,Line=294]
2020-11-08T17:33:56+07:00 [29] DEBUG default - [User=Tanut Choksatchawathi (tanut.cho@gmail.com)] applies 0 allowed 1, ids 2 requested 10 [File=/var/www/html/booking/lib/Application/Attributes/AttributeService.php,Line=294]
2020-11-08T17:33:56+07:00 [29] DEBUG default - [User=Tanut Choksatchawathi (tanut.cho@gmail.com)] applies 0 allowed 1, ids 30 requested 10 [File=/var/www/html/booking/lib/Application/Attributes/AttributeService.php,Line=294]
2020-11-08T17:33:56+07:00 [29] DEBUG default - [User=Tanut Choksatchawathi (tanut.cho@gmail.com)] applies 0 allowed 1, ids 15 requested 10 [File=/var/www/html/booking/lib/Application/Attributes/AttributeService.php,Line=294]
2020-11-08T17:33:56+07:00 [29] DEBUG default - [User=Tanut Choksatchawathi (tanut.cho@gmail.com)] applies 0 allowed 2, ids 18,27 requested 10 [File=/var/www/html/booking/lib/Application/Attributes/AttributeService.php,Line=294]
2020-11-08T17:33:56+07:00 [29] DEBUG default - [User=Tanut Choksatchawathi (tanut.cho@gmail.com)] applies 0 allowed 1, ids 16 requested 10 [File=/var/www/html/booking/lib/Application/Attributes/AttributeService.php,Line=294]
2020-11-08T17:33:56+07:00 [29] DEBUG default - [User=Tanut Choksatchawathi (tanut.cho@gmail.com)] applies 0 allowed 1, ids 18 requested 10 [File=/var/www/html/booking/lib/Application/Attributes/AttributeService.php,Line=294]
2020-11-08T17:33:56+07:00 [29] DEBUG default - [User=Tanut Choksatchawathi (tanut.cho@gmail.com)] applies 0 allowed 2, ids 18,2 requested 10 [File=/var/www/html/booking/lib/Application/Attributes/AttributeService.php,Line=294]
2020-11-08T17:33:56+07:00 [29] DEBUG default - [User=Tanut Choksatchawathi (tanut.cho@gmail.com)] applies 0 allowed 1, ids 17 requested 10 [File=/var/www/html/booking/lib/Application/Attributes/AttributeService.php,Line=294]
2020-11-08T17:33:56+07:00 [29] DEBUG default - [User=Tanut Choksatchawathi (tanut.cho@gmail.com)] applies 0 allowed 1, ids 17 requested 10 [File=/var/www/html/booking/lib/Application/Attributes/AttributeService.php,Line=294]
2020-11-08T17:33:56+07:00 [29] DEBUG default - [User=Tanut Choksatchawathi (tanut.cho@gmail.com)] applies 0 allowed 1, ids 24 requested 10 [File=/var/www/html/booking/lib/Application/Attributes/AttributeService.php,Line=294]
2020-11-08T17:33:56+07:00 [29] DEBUG default - [User=Tanut Choksatchawathi (tanut.cho@gmail.com)] applies 0 allowed 1, ids 2 requested 10 [File=/var/www/html/booking/lib/Application/Attributes/AttributeService.php,Line=294]
2020-11-08T17:33:56+07:00 [29] DEBUG default - [User=Tanut Choksatchawathi (tanut.cho@gmail.com)] applies 0 allowed 1, ids 24 requested 10 [File=/var/www/html/booking/lib/Application/Attributes/AttributeService.php,Line=294]
2020-11-08T17:33:56+07:00 [29] DEBUG default - [User=Tanut Choksatchawathi (tanut.cho@gmail.com)] applies 0 allowed 1, ids 17 requested 10 [File=/var/www/html/booking/lib/Application/Attributes/AttributeService.php,Line=294]
2020-11-08T17:33:56+07:00 [29] DEBUG default - [User=Tanut Choksatchawathi (tanut.cho@gmail.com)] applies 0 allowed 1, ids 16 requested 10 [File=/var/www/html/booking/lib/Application/Attributes/AttributeService.php,Line=294]
2020-11-08T17:33:56+07:00 [29] DEBUG default - [User=Tanut Choksatchawathi (tanut.cho@gmail.com)] applies 0 allowed 4, ids 23,26,22,21 requested 10 [File=/var/www/html/booking/lib/Application/Attributes/AttributeService.php,Line=294]
2020-11-08T17:33:56+07:00 [29] DEBUG default - [User=Tanut Choksatchawathi (tanut.cho@gmail.com)] applies 0 allowed 7, ids 23,26,22,24,29,30,21 requested 10 [File=/var/www/html/booking/lib/Application/Attributes/AttributeService.php,Line=294]
2020-11-08T17:51:34+07:00 [24] DEBUG default - [User=Tanut Choksatchawathi (tanut.cho@gmail.com)] Adding custom attribute value for entityId=10, attributeId=29 [File=/var/www/html/booking/lib/Application/Attributes/AttributeList.php,Line=122]
2020-11-08T17:51:34+07:00 [24] DEBUG default - [User=Tanut Choksatchawathi (tanut.cho@gmail.com)] Took 0 seconds to load custom attributes for category 4 [File=/var/www/html/booking/lib/Application/Attributes/AttributeService.php,Line=154]
2020-11-08T17:51:34+07:00 [24] DEBUG default - [User=Tanut Choksatchawathi (tanut.cho@gmail.com)] Found 1 attributes for entityId 10 [File=/var/www/html/booking/lib/Application/Attributes/AttributeList.php,Line=165]
2020-11-08T17:51:35+07:00 [24] DEBUG default - [User=Tanut Choksatchawathi (tanut.cho@gmail.com)] Took 0 seconds to load custom attributes for category 5 [File=/var/www/html/booking/lib/Application/Attributes/AttributeService.php,Line=154]
2020-11-08T17:51:35+07:00 [24] DEBUG default - [User=Tanut Choksatchawathi (tanut.cho@gmail.com)] Found 0 attributes for entityId 1 [File=/var/www/html/booking/lib/Application/Attributes/AttributeList.php,Line=165]
2020-11-08T22:23:39+07:00 [22] DEBUG default - [User=Tanut Choksatchawathi (tanut.cho@gmail.com)] Adding custom attribute value for entityId=10, attributeId=29 [File=/var/www/html/booking/lib/Application/Attributes/AttributeList.php,Line=122]
2020-11-08T22:23:39+07:00 [22] DEBUG default - [User=Tanut Choksatchawathi (tanut.cho@gmail.com)] Took 0 seconds to load custom attributes for category 4 [File=/var/www/html/booking/lib/Application/Attributes/AttributeService.php,Line=154]
2020-11-08T22:23:39+07:00 [22] DEBUG default - [User=Tanut Choksatchawathi (tanut.cho@gmail.com)] Found 1 attributes for entityId 10 [File=/var/www/html/booking/lib/Application/Attributes/AttributeList.php,Line=165]
2020-11-08T22:23:40+07:00 [22] DEBUG default - [User=Tanut Choksatchawathi (tanut.cho@gmail.com)] Took 0 seconds to load custom attributes for category 5 [File=/var/www/html/booking/lib/Application/Attributes/AttributeService.php,Line=154]
2020-11-08T22:23:40+07:00 [22] DEBUG default - [User=Tanut Choksatchawathi (tanut.cho@gmail.com)] Found 0 attributes for entityId 1 [File=/var/www/html/booking/lib/Application/Attributes/AttributeList.php,Line=165]
