2020-11-07T20:12:16+07:00 [19] DEBUG default - [User=Tanut Choksatchawathi (tanut.cho@gmail.com)] Adding custom attribute value for entityId=17, attributeId=29 [File=/var/www/html/booking/lib/Application/Attributes/AttributeList.php,Line=122]
2020-11-07T20:12:16+07:00 [19] DEBUG default - [User=Tanut Choksatchawathi (tanut.cho@gmail.com)] Took 0 seconds to load custom attributes for category 4 [File=/var/www/html/booking/lib/Application/Attributes/AttributeService.php,Line=154]
2020-11-07T20:12:16+07:00 [19] DEBUG default - [User=Tanut Choksatchawathi (tanut.cho@gmail.com)] Found 1 attributes for entityId 17 [File=/var/www/html/booking/lib/Application/Attributes/AttributeList.php,Line=165]
2020-11-07T20:12:18+07:00 [19] DEBUG default - [User=Tanut Choksatchawathi (tanut.cho@gmail.com)] Took 0 seconds to load custom attributes for category 5 [File=/var/www/html/booking/lib/Application/Attributes/AttributeService.php,Line=154]
2020-11-07T20:12:18+07:00 [19] DEBUG default - [User=Tanut Choksatchawathi (tanut.cho@gmail.com)] Found 0 attributes for entityId 2 [File=/var/www/html/booking/lib/Application/Attributes/AttributeList.php,Line=165]
2020-11-07T20:13:02+07:00 [22] DEBUG default - [User=Tanut Choksatchawathi (tanut.cho@gmail.com)] applies 0 allowed 0, ids 33 requested 17 [File=/var/www/html/booking/lib/Application/Attributes/AttributeService.php,Line=294]
2020-11-07T20:13:02+07:00 [22] DEBUG default - [User=Tanut Choksatchawathi (tanut.cho@gmail.com)] applies 0 allowed 0, ids 33 requested 17 [File=/var/www/html/booking/lib/Application/Attributes/AttributeService.php,Line=294]
2020-11-07T20:13:02+07:00 [22] DEBUG default - [User=Tanut Choksatchawathi (tanut.cho@gmail.com)] applies 0 allowed 0, ids 33 requested 17 [File=/var/www/html/booking/lib/Application/Attributes/AttributeService.php,Line=294]
2020-11-07T20:13:02+07:00 [22] DEBUG default - [User=Tanut Choksatchawathi (tanut.cho@gmail.com)] applies 0 allowed 1, ids 26 requested 17 [File=/var/www/html/booking/lib/Application/Attributes/AttributeService.php,Line=294]
2020-11-07T20:13:02+07:00 [22] DEBUG default - [User=Tanut Choksatchawathi (tanut.cho@gmail.com)] applies 0 allowed 0, ids 33 requested 17 [File=/var/www/html/booking/lib/Application/Attributes/AttributeService.php,Line=294]
2020-11-07T20:13:02+07:00 [22] DEBUG default - [User=Tanut Choksatchawathi (tanut.cho@gmail.com)] applies 0 allowed 1, ids 2 requested 17 [File=/var/www/html/booking/lib/Application/Attributes/AttributeService.php,Line=294]
2020-11-07T20:13:02+07:00 [22] DEBUG default - [User=Tanut Choksatchawathi (tanut.cho@gmail.com)] applies 1 allowed 1, ids 17 requested 17 [File=/var/www/html/booking/lib/Application/Attributes/AttributeService.php,Line=294]
2020-11-07T20:13:02+07:00 [22] DEBUG default - [User=Tanut Choksatchawathi (tanut.cho@gmail.com)] applies 0 allowed 0, ids 33 requested 17 [File=/var/www/html/booking/lib/Application/Attributes/AttributeService.php,Line=294]
2020-11-07T20:13:02+07:00 [22] DEBUG default - [User=Tanut Choksatchawathi (tanut.cho@gmail.com)] applies 0 allowed 1, ids 25 requested 17 [File=/var/www/html/booking/lib/Application/Attributes/AttributeService.php,Line=294]
2020-11-07T20:13:02+07:00 [22] DEBUG default - [User=Tanut Choksatchawathi (tanut.cho@gmail.com)] applies 0 allowed 1, ids 16 requested 17 [File=/var/www/html/booking/lib/Application/Attributes/AttributeService.php,Line=294]
2020-11-07T20:13:02+07:00 [22] DEBUG default - [User=Tanut Choksatchawathi (tanut.cho@gmail.com)] applies 0 allowed 1, ids 25 requested 17 [File=/var/www/html/booking/lib/Application/Attributes/AttributeService.php,Line=294]
2020-11-07T20:13:02+07:00 [22] DEBUG default - [User=Tanut Choksatchawathi (tanut.cho@gmail.com)] applies 0 allowed 0, ids 33 requested 17 [File=/var/www/html/booking/lib/Application/Attributes/AttributeService.php,Line=294]
2020-11-07T20:13:02+07:00 [22] DEBUG default - [User=Tanut Choksatchawathi (tanut.cho@gmail.com)] applies 0 allowed 0, ids 33 requested 17 [File=/var/www/html/booking/lib/Application/Attributes/AttributeService.php,Line=294]
2020-11-07T20:13:02+07:00 [22] DEBUG default - [User=Tanut Choksatchawathi (tanut.cho@gmail.com)] applies 0 allowed 1, ids 29 requested 17 [File=/var/www/html/booking/lib/Application/Attributes/AttributeService.php,Line=294]
2020-11-07T20:13:02+07:00 [22] DEBUG default - [User=Tanut Choksatchawathi (tanut.cho@gmail.com)] applies 0 allowed 1, ids 2 requested 17 [File=/var/www/html/booking/lib/Application/Attributes/AttributeService.php,Line=294]
2020-11-07T20:13:02+07:00 [22] DEBUG default - [User=Tanut Choksatchawathi (tanut.cho@gmail.com)] applies 0 allowed 1, ids 30 requested 17 [File=/var/www/html/booking/lib/Application/Attributes/AttributeService.php,Line=294]
2020-11-07T20:13:02+07:00 [22] DEBUG default - [User=Tanut Choksatchawathi (tanut.cho@gmail.com)] applies 0 allowed 1, ids 15 requested 17 [File=/var/www/html/booking/lib/Application/Attributes/AttributeService.php,Line=294]
2020-11-07T20:13:02+07:00 [22] DEBUG default - [User=Tanut Choksatchawathi (tanut.cho@gmail.com)] applies 0 allowed 2, ids 18,27 requested 17 [File=/var/www/html/booking/lib/Application/Attributes/AttributeService.php,Line=294]
2020-11-07T20:13:02+07:00 [22] DEBUG default - [User=Tanut Choksatchawathi (tanut.cho@gmail.com)] applies 0 allowed 1, ids 16 requested 17 [File=/var/www/html/booking/lib/Application/Attributes/AttributeService.php,Line=294]
2020-11-07T20:13:02+07:00 [22] DEBUG default - [User=Tanut Choksatchawathi (tanut.cho@gmail.com)] applies 0 allowed 1, ids 18 requested 17 [File=/var/www/html/booking/lib/Application/Attributes/AttributeService.php,Line=294]
2020-11-07T20:13:02+07:00 [22] DEBUG default - [User=Tanut Choksatchawathi (tanut.cho@gmail.com)] applies 0 allowed 2, ids 18,2 requested 17 [File=/var/www/html/booking/lib/Application/Attributes/AttributeService.php,Line=294]
2020-11-07T20:13:02+07:00 [22] DEBUG default - [User=Tanut Choksatchawathi (tanut.cho@gmail.com)] applies 1 allowed 1, ids 17 requested 17 [File=/var/www/html/booking/lib/Application/Attributes/AttributeService.php,Line=294]
2020-11-07T20:13:02+07:00 [22] DEBUG default - [User=Tanut Choksatchawathi (tanut.cho@gmail.com)] applies 1 allowed 1, ids 17 requested 17 [File=/var/www/html/booking/lib/Application/Attributes/AttributeService.php,Line=294]
2020-11-07T20:13:02+07:00 [22] DEBUG default - [User=Tanut Choksatchawathi (tanut.cho@gmail.com)] applies 0 allowed 1, ids 24 requested 17 [File=/var/www/html/booking/lib/Application/Attributes/AttributeService.php,Line=294]
2020-11-07T20:13:02+07:00 [22] DEBUG default - [User=Tanut Choksatchawathi (tanut.cho@gmail.com)] applies 0 allowed 1, ids 2 requested 17 [File=/var/www/html/booking/lib/Application/Attributes/AttributeService.php,Line=294]
2020-11-07T20:13:02+07:00 [22] DEBUG default - [User=Tanut Choksatchawathi (tanut.cho@gmail.com)] applies 0 allowed 1, ids 24 requested 17 [File=/var/www/html/booking/lib/Application/Attributes/AttributeService.php,Line=294]
2020-11-07T20:13:02+07:00 [22] DEBUG default - [User=Tanut Choksatchawathi (tanut.cho@gmail.com)] applies 1 allowed 1, ids 17 requested 17 [File=/var/www/html/booking/lib/Application/Attributes/AttributeService.php,Line=294]
2020-11-07T20:13:02+07:00 [22] DEBUG default - [User=Tanut Choksatchawathi (tanut.cho@gmail.com)] applies 0 allowed 1, ids 16 requested 17 [File=/var/www/html/booking/lib/Application/Attributes/AttributeService.php,Line=294]
2020-11-07T20:13:02+07:00 [22] DEBUG default - [User=Tanut Choksatchawathi (tanut.cho@gmail.com)] applies 0 allowed 4, ids 23,26,22,21 requested 17 [File=/var/www/html/booking/lib/Application/Attributes/AttributeService.php,Line=294]
2020-11-07T20:13:02+07:00 [22] DEBUG default - [User=Tanut Choksatchawathi (tanut.cho@gmail.com)] applies 0 allowed 7, ids 23,26,22,24,29,30,21 requested 17 [File=/var/www/html/booking/lib/Application/Attributes/AttributeService.php,Line=294]
