2020-11-08T09:53:53+07:00 [21] DEBUG sql - [User=Tanut Choksatchawathi (tanut.cho@gmail.com)] MySql Query: SELECT g.*, admin_group.name as admin_group_name
		FROM groups g
		LEFT JOIN groups admin_group ON g.admin_group_id = admin_group.group_id
		ORDER BY g.name;
2020-11-08T09:53:54+07:00 [21] DEBUG sql - [User=Tanut Choksatchawathi (tanut.cho@gmail.com)] MySql Query: SELECT s.*, l.timezone FROM schedules s INNER JOIN layouts l ON s.layout_id = l.layout_id ORDER BY s.name;
2020-11-08T09:53:54+07:00 [21] DEBUG sql - [User=Tanut Choksatchawathi (tanut.cho@gmail.com)] MySql Query: SELECT r.*, s.admin_group_id as s_admin_group_id,
		(SELECT GROUP_CONCAT(CONCAT(cav.custom_attribute_id, '=', cav.attribute_value) SEPARATOR "!sep!")
						FROM custom_attribute_values cav WHERE cav.entity_id = r.resource_id AND cav.attribute_category = 4) as attribute_list,
		(SELECT GROUP_CONCAT(rga.resource_group_id SEPARATOR "!sep!") FROM resource_group_assignment rga WHERE rga.resource_id = r.resource_id) AS group_list
		FROM resources r
		INNER JOIN schedules s ON r.schedule_id = s.schedule_id
		ORDER BY COALESCE(r.sort_order,0), r.name;
2020-11-08T09:53:54+07:00 [21] DEBUG sql - [User=Tanut Choksatchawathi (tanut.cho@gmail.com)] MySql Query: SELECT q.*, r.name as resource_name, g.name as group_name, s.name as schedule_name
		FROM quotas q
		LEFT JOIN resources r ON r.resource_id = q.resource_id
		LEFT JOIN groups g ON g.group_id = q.group_id
		LEFT JOIN schedules s ON s.schedule_id = q.schedule_id;
2020-11-08T19:48:58+07:00 [31] DEBUG sql - [User=Tanut Choksatchawathi (tanut.cho@gmail.com)] MySql Query: SELECT g.*, admin_group.name as admin_group_name
		FROM groups g
		LEFT JOIN groups admin_group ON g.admin_group_id = admin_group.group_id
		ORDER BY g.name;
2020-11-08T19:48:58+07:00 [31] DEBUG sql - [User=Tanut Choksatchawathi (tanut.cho@gmail.com)] MySql Query: SELECT s.*, l.timezone FROM schedules s INNER JOIN layouts l ON s.layout_id = l.layout_id ORDER BY s.name;
2020-11-08T19:48:59+07:00 [31] DEBUG sql - [User=Tanut Choksatchawathi (tanut.cho@gmail.com)] MySql Query: SELECT r.*, s.admin_group_id as s_admin_group_id,
		(SELECT GROUP_CONCAT(CONCAT(cav.custom_attribute_id, '=', cav.attribute_value) SEPARATOR "!sep!")
						FROM custom_attribute_values cav WHERE cav.entity_id = r.resource_id AND cav.attribute_category = 4) as attribute_list,
		(SELECT GROUP_CONCAT(rga.resource_group_id SEPARATOR "!sep!") FROM resource_group_assignment rga WHERE rga.resource_id = r.resource_id) AS group_list
		FROM resources r
		INNER JOIN schedules s ON r.schedule_id = s.schedule_id
		 WHERE r.schedule_id = '25' AND ( r.status_id != '0' ) ORDER BY COALESCE(r.sort_order,0), r.name;
2020-11-08T19:48:59+07:00 [31] DEBUG sql - [User=Tanut Choksatchawathi (tanut.cho@gmail.com)] MySql Query: SELECT q.*, r.name as resource_name, g.name as group_name, s.name as schedule_name
		FROM quotas q
		LEFT JOIN resources r ON r.resource_id = q.resource_id
		LEFT JOIN groups g ON g.group_id = q.group_id
		LEFT JOIN schedules s ON s.schedule_id = q.schedule_id;
2020-11-08T19:49:26+07:00 [18] DEBUG sql - [User=Tanut Choksatchawathi (tanut.cho@gmail.com)] MySql Query: SELECT g.*, admin_group.name as admin_group_name
		FROM groups g
		LEFT JOIN groups admin_group ON g.admin_group_id = admin_group.group_id
		ORDER BY g.name;
2020-11-08T19:49:26+07:00 [18] DEBUG sql - [User=Tanut Choksatchawathi (tanut.cho@gmail.com)] MySql Query: SELECT s.*, l.timezone FROM schedules s INNER JOIN layouts l ON s.layout_id = l.layout_id ORDER BY s.name;
2020-11-08T19:49:26+07:00 [18] DEBUG sql - [User=Tanut Choksatchawathi (tanut.cho@gmail.com)] MySql Query: SELECT r.*, s.admin_group_id as s_admin_group_id,
		(SELECT GROUP_CONCAT(CONCAT(cav.custom_attribute_id, '=', cav.attribute_value) SEPARATOR "!sep!")
						FROM custom_attribute_values cav WHERE cav.entity_id = r.resource_id AND cav.attribute_category = 4) as attribute_list,
		(SELECT GROUP_CONCAT(rga.resource_group_id SEPARATOR "!sep!") FROM resource_group_assignment rga WHERE rga.resource_id = r.resource_id) AS group_list
		FROM resources r
		INNER JOIN schedules s ON r.schedule_id = s.schedule_id
		 WHERE r.schedule_id = '25' AND ( r.status_id != '0' ) ORDER BY COALESCE(r.sort_order,0), r.name;
2020-11-08T19:49:26+07:00 [18] DEBUG sql - [User=Tanut Choksatchawathi (tanut.cho@gmail.com)] MySql Query: SELECT q.*, r.name as resource_name, g.name as group_name, s.name as schedule_name
		FROM quotas q
		LEFT JOIN resources r ON r.resource_id = q.resource_id
		LEFT JOIN groups g ON g.group_id = q.group_id
		LEFT JOIN schedules s ON s.schedule_id = q.schedule_id;
2020-11-08T19:50:22+07:00 [36] DEBUG sql - [User=Tanut Choksatchawathi (tanut.cho@gmail.com)] MySql Query: SELECT g.*, admin_group.name as admin_group_name
		FROM groups g
		LEFT JOIN groups admin_group ON g.admin_group_id = admin_group.group_id
		ORDER BY g.name;
2020-11-08T19:50:23+07:00 [36] DEBUG sql - [User=Tanut Choksatchawathi (tanut.cho@gmail.com)] MySql Query: SELECT s.*, l.timezone FROM schedules s INNER JOIN layouts l ON s.layout_id = l.layout_id ORDER BY s.name;
2020-11-08T19:50:23+07:00 [36] DEBUG sql - [User=Tanut Choksatchawathi (tanut.cho@gmail.com)] MySql Query: SELECT r.*, s.admin_group_id as s_admin_group_id,
		(SELECT GROUP_CONCAT(CONCAT(cav.custom_attribute_id, '=', cav.attribute_value) SEPARATOR "!sep!")
						FROM custom_attribute_values cav WHERE cav.entity_id = r.resource_id AND cav.attribute_category = 4) as attribute_list,
		(SELECT GROUP_CONCAT(rga.resource_group_id SEPARATOR "!sep!") FROM resource_group_assignment rga WHERE rga.resource_id = r.resource_id) AS group_list
		FROM resources r
		INNER JOIN schedules s ON r.schedule_id = s.schedule_id
		 WHERE r.schedule_id = '21' AND ( r.status_id != '0' ) ORDER BY COALESCE(r.sort_order,0), r.name;
2020-11-08T19:50:23+07:00 [36] DEBUG sql - [User=Tanut Choksatchawathi (tanut.cho@gmail.com)] MySql Query: SELECT q.*, r.name as resource_name, g.name as group_name, s.name as schedule_name
		FROM quotas q
		LEFT JOIN resources r ON r.resource_id = q.resource_id
		LEFT JOIN groups g ON g.group_id = q.group_id
		LEFT JOIN schedules s ON s.schedule_id = q.schedule_id;
2020-11-08T19:59:50+07:00 [17] DEBUG sql - [User=Tanut Choksatchawathi (tanut.cho@gmail.com)] MySql Query: SELECT g.*, admin_group.name as admin_group_name
		FROM groups g
		LEFT JOIN groups admin_group ON g.admin_group_id = admin_group.group_id
		ORDER BY g.name;
2020-11-08T19:59:50+07:00 [17] DEBUG sql - [User=Tanut Choksatchawathi (tanut.cho@gmail.com)] MySql Query: SELECT s.*, l.timezone FROM schedules s INNER JOIN layouts l ON s.layout_id = l.layout_id ORDER BY s.name;
2020-11-08T19:59:50+07:00 [17] DEBUG sql - [User=Tanut Choksatchawathi (tanut.cho@gmail.com)] MySql Query: SELECT r.*, s.admin_group_id as s_admin_group_id,
		(SELECT GROUP_CONCAT(CONCAT(cav.custom_attribute_id, '=', cav.attribute_value) SEPARATOR "!sep!")
						FROM custom_attribute_values cav WHERE cav.entity_id = r.resource_id AND cav.attribute_category = 4) as attribute_list,
		(SELECT GROUP_CONCAT(rga.resource_group_id SEPARATOR "!sep!") FROM resource_group_assignment rga WHERE rga.resource_id = r.resource_id) AS group_list
		FROM resources r
		INNER JOIN schedules s ON r.schedule_id = s.schedule_id
		 WHERE r.schedule_id = '21' AND ( r.status_id != '0' ) ORDER BY COALESCE(r.sort_order,0), r.name;
2020-11-08T19:59:50+07:00 [17] DEBUG sql - [User=Tanut Choksatchawathi (tanut.cho@gmail.com)] MySql Query: SELECT q.*, r.name as resource_name, g.name as group_name, s.name as schedule_name
		FROM quotas q
		LEFT JOIN resources r ON r.resource_id = q.resource_id
		LEFT JOIN groups g ON g.group_id = q.group_id
		LEFT JOIN schedules s ON s.schedule_id = q.schedule_id;
2020-11-08T20:01:53+07:00 [31] DEBUG sql - [User=Tanut Choksatchawathi (tanut.cho@gmail.com)] MySql Query: SELECT g.*, admin_group.name as admin_group_name
		FROM groups g
		LEFT JOIN groups admin_group ON g.admin_group_id = admin_group.group_id
		ORDER BY g.name;
2020-11-08T20:01:54+07:00 [31] DEBUG sql - [User=Tanut Choksatchawathi (tanut.cho@gmail.com)] MySql Query: SELECT s.*, l.timezone FROM schedules s INNER JOIN layouts l ON s.layout_id = l.layout_id ORDER BY s.name;
2020-11-08T20:01:54+07:00 [31] DEBUG sql - [User=Tanut Choksatchawathi (tanut.cho@gmail.com)] MySql Query: SELECT r.*, s.admin_group_id as s_admin_group_id,
		(SELECT GROUP_CONCAT(CONCAT(cav.custom_attribute_id, '=', cav.attribute_value) SEPARATOR "!sep!")
						FROM custom_attribute_values cav WHERE cav.entity_id = r.resource_id AND cav.attribute_category = 4) as attribute_list,
		(SELECT GROUP_CONCAT(rga.resource_group_id SEPARATOR "!sep!") FROM resource_group_assignment rga WHERE rga.resource_id = r.resource_id) AS group_list
		FROM resources r
		INNER JOIN schedules s ON r.schedule_id = s.schedule_id
		 WHERE r.schedule_id = '21' AND ( r.status_id != '0' ) ORDER BY COALESCE(r.sort_order,0), r.name;
2020-11-08T20:01:54+07:00 [31] DEBUG sql - [User=Tanut Choksatchawathi (tanut.cho@gmail.com)] MySql Query: SELECT q.*, r.name as resource_name, g.name as group_name, s.name as schedule_name
		FROM quotas q
		LEFT JOIN resources r ON r.resource_id = q.resource_id
		LEFT JOIN groups g ON g.group_id = q.group_id
		LEFT JOIN schedules s ON s.schedule_id = q.schedule_id;
2020-11-08T20:04:39+07:00 [34] DEBUG sql - [User=Tanut Choksatchawathi (tanut.cho@gmail.com)] MySql Query: SELECT g.*, admin_group.name as admin_group_name
		FROM groups g
		LEFT JOIN groups admin_group ON g.admin_group_id = admin_group.group_id
		ORDER BY g.name;
2020-11-08T20:04:40+07:00 [34] DEBUG sql - [User=Tanut Choksatchawathi (tanut.cho@gmail.com)] MySql Query: SELECT s.*, l.timezone FROM schedules s INNER JOIN layouts l ON s.layout_id = l.layout_id ORDER BY s.name;
2020-11-08T20:04:40+07:00 [34] DEBUG sql - [User=Tanut Choksatchawathi (tanut.cho@gmail.com)] MySql Query: SELECT r.*, s.admin_group_id as s_admin_group_id,
		(SELECT GROUP_CONCAT(CONCAT(cav.custom_attribute_id, '=', cav.attribute_value) SEPARATOR "!sep!")
						FROM custom_attribute_values cav WHERE cav.entity_id = r.resource_id AND cav.attribute_category = 4) as attribute_list,
		(SELECT GROUP_CONCAT(rga.resource_group_id SEPARATOR "!sep!") FROM resource_group_assignment rga WHERE rga.resource_id = r.resource_id) AS group_list
		FROM resources r
		INNER JOIN schedules s ON r.schedule_id = s.schedule_id
		 WHERE r.schedule_id = '21' AND ( r.status_id != '0' ) ORDER BY COALESCE(r.sort_order,0), r.name;
2020-11-08T20:04:40+07:00 [34] DEBUG sql - [User=Tanut Choksatchawathi (tanut.cho@gmail.com)] MySql Query: SELECT q.*, r.name as resource_name, g.name as group_name, s.name as schedule_name
		FROM quotas q
		LEFT JOIN resources r ON r.resource_id = q.resource_id
		LEFT JOIN groups g ON g.group_id = q.group_id
		LEFT JOIN schedules s ON s.schedule_id = q.schedule_id;
2020-11-08T20:07:05+07:00 [18] DEBUG sql - [User=Tanut Choksatchawathi (tanut.cho@gmail.com)] MySql Query: SELECT g.*, admin_group.name as admin_group_name
		FROM groups g
		LEFT JOIN groups admin_group ON g.admin_group_id = admin_group.group_id
		ORDER BY g.name;
2020-11-08T20:07:05+07:00 [18] DEBUG sql - [User=Tanut Choksatchawathi (tanut.cho@gmail.com)] MySql Query: SELECT s.*, l.timezone FROM schedules s INNER JOIN layouts l ON s.layout_id = l.layout_id ORDER BY s.name;
2020-11-08T20:07:05+07:00 [18] DEBUG sql - [User=Tanut Choksatchawathi (tanut.cho@gmail.com)] MySql Query: SELECT r.*, s.admin_group_id as s_admin_group_id,
		(SELECT GROUP_CONCAT(CONCAT(cav.custom_attribute_id, '=', cav.attribute_value) SEPARATOR "!sep!")
						FROM custom_attribute_values cav WHERE cav.entity_id = r.resource_id AND cav.attribute_category = 4) as attribute_list,
		(SELECT GROUP_CONCAT(rga.resource_group_id SEPARATOR "!sep!") FROM resource_group_assignment rga WHERE rga.resource_id = r.resource_id) AS group_list
		FROM resources r
		INNER JOIN schedules s ON r.schedule_id = s.schedule_id
		 WHERE r.schedule_id = '21' AND ( r.status_id != '0' ) ORDER BY COALESCE(r.sort_order,0), r.name;
2020-11-08T20:07:06+07:00 [18] DEBUG sql - [User=Tanut Choksatchawathi (tanut.cho@gmail.com)] MySql Query: SELECT q.*, r.name as resource_name, g.name as group_name, s.name as schedule_name
		FROM quotas q
		LEFT JOIN resources r ON r.resource_id = q.resource_id
		LEFT JOIN groups g ON g.group_id = q.group_id
		LEFT JOIN schedules s ON s.schedule_id = q.schedule_id;
2020-11-08T20:09:01+07:00 [36] DEBUG sql - [User=Tanut Choksatchawathi (tanut.cho@gmail.com)] MySql Query: SELECT g.*, admin_group.name as admin_group_name
		FROM groups g
		LEFT JOIN groups admin_group ON g.admin_group_id = admin_group.group_id
		ORDER BY g.name;
2020-11-08T20:09:01+07:00 [36] DEBUG sql - [User=Tanut Choksatchawathi (tanut.cho@gmail.com)] MySql Query: SELECT s.*, l.timezone FROM schedules s INNER JOIN layouts l ON s.layout_id = l.layout_id ORDER BY s.name;
2020-11-08T20:09:01+07:00 [36] DEBUG sql - [User=Tanut Choksatchawathi (tanut.cho@gmail.com)] MySql Query: SELECT r.*, s.admin_group_id as s_admin_group_id,
		(SELECT GROUP_CONCAT(CONCAT(cav.custom_attribute_id, '=', cav.attribute_value) SEPARATOR "!sep!")
						FROM custom_attribute_values cav WHERE cav.entity_id = r.resource_id AND cav.attribute_category = 4) as attribute_list,
		(SELECT GROUP_CONCAT(rga.resource_group_id SEPARATOR "!sep!") FROM resource_group_assignment rga WHERE rga.resource_id = r.resource_id) AS group_list
		FROM resources r
		INNER JOIN schedules s ON r.schedule_id = s.schedule_id
		 WHERE r.schedule_id = '21' AND ( r.status_id != '0' ) ORDER BY COALESCE(r.sort_order,0), r.name;
2020-11-08T20:09:02+07:00 [36] DEBUG sql - [User=Tanut Choksatchawathi (tanut.cho@gmail.com)] MySql Query: SELECT q.*, r.name as resource_name, g.name as group_name, s.name as schedule_name
		FROM quotas q
		LEFT JOIN resources r ON r.resource_id = q.resource_id
		LEFT JOIN groups g ON g.group_id = q.group_id
		LEFT JOIN schedules s ON s.schedule_id = q.schedule_id;
2020-11-08T20:19:09+07:00 [17] DEBUG sql - [User=Tanut Choksatchawathi (tanut.cho@gmail.com)] MySql Query: SELECT g.*, admin_group.name as admin_group_name
		FROM groups g
		LEFT JOIN groups admin_group ON g.admin_group_id = admin_group.group_id
		ORDER BY g.name;
2020-11-08T20:19:09+07:00 [17] DEBUG sql - [User=Tanut Choksatchawathi (tanut.cho@gmail.com)] MySql Query: SELECT s.*, l.timezone FROM schedules s INNER JOIN layouts l ON s.layout_id = l.layout_id ORDER BY s.name;
2020-11-08T20:19:09+07:00 [17] DEBUG sql - [User=Tanut Choksatchawathi (tanut.cho@gmail.com)] MySql Query: SELECT r.*, s.admin_group_id as s_admin_group_id,
		(SELECT GROUP_CONCAT(CONCAT(cav.custom_attribute_id, '=', cav.attribute_value) SEPARATOR "!sep!")
						FROM custom_attribute_values cav WHERE cav.entity_id = r.resource_id AND cav.attribute_category = 4) as attribute_list,
		(SELECT GROUP_CONCAT(rga.resource_group_id SEPARATOR "!sep!") FROM resource_group_assignment rga WHERE rga.resource_id = r.resource_id) AS group_list
		FROM resources r
		INNER JOIN schedules s ON r.schedule_id = s.schedule_id
		 WHERE r.schedule_id = '21' AND ( r.status_id != '0' ) ORDER BY COALESCE(r.sort_order,0), r.name;
2020-11-08T20:19:09+07:00 [17] DEBUG sql - [User=Tanut Choksatchawathi (tanut.cho@gmail.com)] MySql Query: SELECT q.*, r.name as resource_name, g.name as group_name, s.name as schedule_name
		FROM quotas q
		LEFT JOIN resources r ON r.resource_id = q.resource_id
		LEFT JOIN groups g ON g.group_id = q.group_id
		LEFT JOIN schedules s ON s.schedule_id = q.schedule_id;
2020-11-08T20:19:33+07:00 [35] DEBUG sql - [User=Tanut Choksatchawathi (tanut.cho@gmail.com)] MySql Query: SELECT g.*, admin_group.name as admin_group_name
		FROM groups g
		LEFT JOIN groups admin_group ON g.admin_group_id = admin_group.group_id
		ORDER BY g.name;
2020-11-08T20:19:33+07:00 [35] DEBUG sql - [User=Tanut Choksatchawathi (tanut.cho@gmail.com)] MySql Query: SELECT s.*, l.timezone FROM schedules s INNER JOIN layouts l ON s.layout_id = l.layout_id ORDER BY s.name;
2020-11-08T20:19:33+07:00 [35] DEBUG sql - [User=Tanut Choksatchawathi (tanut.cho@gmail.com)] MySql Query: SELECT r.*, s.admin_group_id as s_admin_group_id,
		(SELECT GROUP_CONCAT(CONCAT(cav.custom_attribute_id, '=', cav.attribute_value) SEPARATOR "!sep!")
						FROM custom_attribute_values cav WHERE cav.entity_id = r.resource_id AND cav.attribute_category = 4) as attribute_list,
		(SELECT GROUP_CONCAT(rga.resource_group_id SEPARATOR "!sep!") FROM resource_group_assignment rga WHERE rga.resource_id = r.resource_id) AS group_list
		FROM resources r
		INNER JOIN schedules s ON r.schedule_id = s.schedule_id
		 WHERE r.schedule_id = '21' AND ( r.status_id != '0' ) ORDER BY COALESCE(r.sort_order,0), r.name;
2020-11-08T20:19:34+07:00 [35] DEBUG sql - [User=Tanut Choksatchawathi (tanut.cho@gmail.com)] MySql Query: SELECT q.*, r.name as resource_name, g.name as group_name, s.name as schedule_name
		FROM quotas q
		LEFT JOIN resources r ON r.resource_id = q.resource_id
		LEFT JOIN groups g ON g.group_id = q.group_id
		LEFT JOIN schedules s ON s.schedule_id = q.schedule_id;
2020-11-08T20:20:02+07:00 [36] DEBUG sql - [User=Tanut Choksatchawathi (tanut.cho@gmail.com)] MySql Query: SELECT g.*, admin_group.name as admin_group_name
		FROM groups g
		LEFT JOIN groups admin_group ON g.admin_group_id = admin_group.group_id
		ORDER BY g.name;
2020-11-08T20:20:03+07:00 [36] DEBUG sql - [User=Tanut Choksatchawathi (tanut.cho@gmail.com)] MySql Query: SELECT s.*, l.timezone FROM schedules s INNER JOIN layouts l ON s.layout_id = l.layout_id ORDER BY s.name;
2020-11-08T20:20:03+07:00 [36] DEBUG sql - [User=Tanut Choksatchawathi (tanut.cho@gmail.com)] MySql Query: SELECT r.*, s.admin_group_id as s_admin_group_id,
		(SELECT GROUP_CONCAT(CONCAT(cav.custom_attribute_id, '=', cav.attribute_value) SEPARATOR "!sep!")
						FROM custom_attribute_values cav WHERE cav.entity_id = r.resource_id AND cav.attribute_category = 4) as attribute_list,
		(SELECT GROUP_CONCAT(rga.resource_group_id SEPARATOR "!sep!") FROM resource_group_assignment rga WHERE rga.resource_id = r.resource_id) AS group_list
		FROM resources r
		INNER JOIN schedules s ON r.schedule_id = s.schedule_id
		 WHERE r.schedule_id = '21' AND ( r.status_id != '0' ) ORDER BY COALESCE(r.sort_order,0), r.name;
2020-11-08T20:20:04+07:00 [36] DEBUG sql - [User=Tanut Choksatchawathi (tanut.cho@gmail.com)] MySql Query: SELECT q.*, r.name as resource_name, g.name as group_name, s.name as schedule_name
		FROM quotas q
		LEFT JOIN resources r ON r.resource_id = q.resource_id
		LEFT JOIN groups g ON g.group_id = q.group_id
		LEFT JOIN schedules s ON s.schedule_id = q.schedule_id;
2020-11-08T20:21:14+07:00 [17] DEBUG sql - [User=Tanut Choksatchawathi (tanut.cho@gmail.com)] MySql Query: SELECT g.*, admin_group.name as admin_group_name
		FROM groups g
		LEFT JOIN groups admin_group ON g.admin_group_id = admin_group.group_id
		ORDER BY g.name;
2020-11-08T20:21:15+07:00 [17] DEBUG sql - [User=Tanut Choksatchawathi (tanut.cho@gmail.com)] MySql Query: SELECT s.*, l.timezone FROM schedules s INNER JOIN layouts l ON s.layout_id = l.layout_id ORDER BY s.name;
2020-11-08T20:21:15+07:00 [17] DEBUG sql - [User=Tanut Choksatchawathi (tanut.cho@gmail.com)] MySql Query: SELECT r.*, s.admin_group_id as s_admin_group_id,
		(SELECT GROUP_CONCAT(CONCAT(cav.custom_attribute_id, '=', cav.attribute_value) SEPARATOR "!sep!")
						FROM custom_attribute_values cav WHERE cav.entity_id = r.resource_id AND cav.attribute_category = 4) as attribute_list,
		(SELECT GROUP_CONCAT(rga.resource_group_id SEPARATOR "!sep!") FROM resource_group_assignment rga WHERE rga.resource_id = r.resource_id) AS group_list
		FROM resources r
		INNER JOIN schedules s ON r.schedule_id = s.schedule_id
		 WHERE r.schedule_id = '21' AND ( r.status_id != '0' ) ORDER BY COALESCE(r.sort_order,0), r.name;
2020-11-08T20:21:15+07:00 [17] DEBUG sql - [User=Tanut Choksatchawathi (tanut.cho@gmail.com)] MySql Query: SELECT q.*, r.name as resource_name, g.name as group_name, s.name as schedule_name
		FROM quotas q
		LEFT JOIN resources r ON r.resource_id = q.resource_id
		LEFT JOIN groups g ON g.group_id = q.group_id
		LEFT JOIN schedules s ON s.schedule_id = q.schedule_id;
2020-11-08T20:23:09+07:00 [31] DEBUG sql - [User=Tanut Choksatchawathi (tanut.cho@gmail.com)] MySql Query: SELECT g.*, admin_group.name as admin_group_name
		FROM groups g
		LEFT JOIN groups admin_group ON g.admin_group_id = admin_group.group_id
		ORDER BY g.name;
2020-11-08T20:23:09+07:00 [31] DEBUG sql - [User=Tanut Choksatchawathi (tanut.cho@gmail.com)] MySql Query: SELECT s.*, l.timezone FROM schedules s INNER JOIN layouts l ON s.layout_id = l.layout_id ORDER BY s.name;
2020-11-08T20:23:09+07:00 [31] DEBUG sql - [User=Tanut Choksatchawathi (tanut.cho@gmail.com)] MySql Query: SELECT r.*, s.admin_group_id as s_admin_group_id,
		(SELECT GROUP_CONCAT(CONCAT(cav.custom_attribute_id, '=', cav.attribute_value) SEPARATOR "!sep!")
						FROM custom_attribute_values cav WHERE cav.entity_id = r.resource_id AND cav.attribute_category = 4) as attribute_list,
		(SELECT GROUP_CONCAT(rga.resource_group_id SEPARATOR "!sep!") FROM resource_group_assignment rga WHERE rga.resource_id = r.resource_id) AS group_list
		FROM resources r
		INNER JOIN schedules s ON r.schedule_id = s.schedule_id
		 WHERE r.schedule_id = '21' AND ( r.status_id != '0' ) ORDER BY COALESCE(r.sort_order,0), r.name;
2020-11-08T20:23:10+07:00 [31] DEBUG sql - [User=Tanut Choksatchawathi (tanut.cho@gmail.com)] MySql Query: SELECT q.*, r.name as resource_name, g.name as group_name, s.name as schedule_name
		FROM quotas q
		LEFT JOIN resources r ON r.resource_id = q.resource_id
		LEFT JOIN groups g ON g.group_id = q.group_id
		LEFT JOIN schedules s ON s.schedule_id = q.schedule_id;
2020-11-08T20:23:20+07:00 [34] DEBUG sql - [User=Tanut Choksatchawathi (tanut.cho@gmail.com)] MySql Query: SELECT g.*, admin_group.name as admin_group_name
		FROM groups g
		LEFT JOIN groups admin_group ON g.admin_group_id = admin_group.group_id
		ORDER BY g.name;
2020-11-08T20:23:20+07:00 [34] DEBUG sql - [User=Tanut Choksatchawathi (tanut.cho@gmail.com)] MySql Query: SELECT s.*, l.timezone FROM schedules s INNER JOIN layouts l ON s.layout_id = l.layout_id ORDER BY s.name;
2020-11-08T20:23:21+07:00 [34] DEBUG sql - [User=Tanut Choksatchawathi (tanut.cho@gmail.com)] MySql Query: SELECT r.*, s.admin_group_id as s_admin_group_id,
		(SELECT GROUP_CONCAT(CONCAT(cav.custom_attribute_id, '=', cav.attribute_value) SEPARATOR "!sep!")
						FROM custom_attribute_values cav WHERE cav.entity_id = r.resource_id AND cav.attribute_category = 4) as attribute_list,
		(SELECT GROUP_CONCAT(rga.resource_group_id SEPARATOR "!sep!") FROM resource_group_assignment rga WHERE rga.resource_id = r.resource_id) AS group_list
		FROM resources r
		INNER JOIN schedules s ON r.schedule_id = s.schedule_id
		 WHERE r.schedule_id = '21' AND ( r.status_id != '0' ) ORDER BY COALESCE(r.sort_order,0), r.name;
2020-11-08T20:23:21+07:00 [34] DEBUG sql - [User=Tanut Choksatchawathi (tanut.cho@gmail.com)] MySql Query: SELECT q.*, r.name as resource_name, g.name as group_name, s.name as schedule_name
		FROM quotas q
		LEFT JOIN resources r ON r.resource_id = q.resource_id
		LEFT JOIN groups g ON g.group_id = q.group_id
		LEFT JOIN schedules s ON s.schedule_id = q.schedule_id;
2020-11-08T20:23:54+07:00 [19] DEBUG sql - [User=Tanut Choksatchawathi (tanut.cho@gmail.com)] MySql Query: SELECT g.*, admin_group.name as admin_group_name
		FROM groups g
		LEFT JOIN groups admin_group ON g.admin_group_id = admin_group.group_id
		ORDER BY g.name;
2020-11-08T20:23:55+07:00 [19] DEBUG sql - [User=Tanut Choksatchawathi (tanut.cho@gmail.com)] MySql Query: SELECT s.*, l.timezone FROM schedules s INNER JOIN layouts l ON s.layout_id = l.layout_id ORDER BY s.name;
2020-11-08T20:23:55+07:00 [19] DEBUG sql - [User=Tanut Choksatchawathi (tanut.cho@gmail.com)] MySql Query: SELECT r.*, s.admin_group_id as s_admin_group_id,
		(SELECT GROUP_CONCAT(CONCAT(cav.custom_attribute_id, '=', cav.attribute_value) SEPARATOR "!sep!")
						FROM custom_attribute_values cav WHERE cav.entity_id = r.resource_id AND cav.attribute_category = 4) as attribute_list,
		(SELECT GROUP_CONCAT(rga.resource_group_id SEPARATOR "!sep!") FROM resource_group_assignment rga WHERE rga.resource_id = r.resource_id) AS group_list
		FROM resources r
		INNER JOIN schedules s ON r.schedule_id = s.schedule_id
		 WHERE r.schedule_id = '21' AND ( r.status_id != '0' ) ORDER BY COALESCE(r.sort_order,0), r.name;
2020-11-08T20:23:56+07:00 [19] DEBUG sql - [User=Tanut Choksatchawathi (tanut.cho@gmail.com)] MySql Query: SELECT q.*, r.name as resource_name, g.name as group_name, s.name as schedule_name
		FROM quotas q
		LEFT JOIN resources r ON r.resource_id = q.resource_id
		LEFT JOIN groups g ON g.group_id = q.group_id
		LEFT JOIN schedules s ON s.schedule_id = q.schedule_id;
2020-11-08T21:00:23+07:00 [18] DEBUG sql - [User=Tanut Choksatchawathi (tanut.cho@gmail.com)] MySql Query: SELECT g.*, admin_group.name as admin_group_name
		FROM groups g
		LEFT JOIN groups admin_group ON g.admin_group_id = admin_group.group_id
		ORDER BY g.name;
2020-11-08T21:00:23+07:00 [18] DEBUG sql - [User=Tanut Choksatchawathi (tanut.cho@gmail.com)] MySql Query: SELECT s.*, l.timezone FROM schedules s INNER JOIN layouts l ON s.layout_id = l.layout_id ORDER BY s.name;
2020-11-08T21:00:23+07:00 [18] DEBUG sql - [User=Tanut Choksatchawathi (tanut.cho@gmail.com)] MySql Query: SELECT r.*, s.admin_group_id as s_admin_group_id,
		(SELECT GROUP_CONCAT(CONCAT(cav.custom_attribute_id, '=', cav.attribute_value) SEPARATOR "!sep!")
						FROM custom_attribute_values cav WHERE cav.entity_id = r.resource_id AND cav.attribute_category = 4) as attribute_list,
		(SELECT GROUP_CONCAT(rga.resource_group_id SEPARATOR "!sep!") FROM resource_group_assignment rga WHERE rga.resource_id = r.resource_id) AS group_list
		FROM resources r
		INNER JOIN schedules s ON r.schedule_id = s.schedule_id
		 WHERE r.schedule_id = '21' AND ( r.status_id != '0' ) ORDER BY COALESCE(r.sort_order,0), r.name;
2020-11-08T21:00:24+07:00 [18] DEBUG sql - [User=Tanut Choksatchawathi (tanut.cho@gmail.com)] MySql Query: SELECT q.*, r.name as resource_name, g.name as group_name, s.name as schedule_name
		FROM quotas q
		LEFT JOIN resources r ON r.resource_id = q.resource_id
		LEFT JOIN groups g ON g.group_id = q.group_id
		LEFT JOIN schedules s ON s.schedule_id = q.schedule_id;
2020-11-08T21:01:30+07:00 [36] DEBUG sql - [User=Tanut Choksatchawathi (tanut.cho@gmail.com)] MySql Query: SELECT g.*, admin_group.name as admin_group_name
		FROM groups g
		LEFT JOIN groups admin_group ON g.admin_group_id = admin_group.group_id
		ORDER BY g.name;
2020-11-08T21:01:31+07:00 [36] DEBUG sql - [User=Tanut Choksatchawathi (tanut.cho@gmail.com)] MySql Query: SELECT s.*, l.timezone FROM schedules s INNER JOIN layouts l ON s.layout_id = l.layout_id ORDER BY s.name;
2020-11-08T21:01:31+07:00 [36] DEBUG sql - [User=Tanut Choksatchawathi (tanut.cho@gmail.com)] MySql Query: SELECT r.*, s.admin_group_id as s_admin_group_id,
		(SELECT GROUP_CONCAT(CONCAT(cav.custom_attribute_id, '=', cav.attribute_value) SEPARATOR "!sep!")
						FROM custom_attribute_values cav WHERE cav.entity_id = r.resource_id AND cav.attribute_category = 4) as attribute_list,
		(SELECT GROUP_CONCAT(rga.resource_group_id SEPARATOR "!sep!") FROM resource_group_assignment rga WHERE rga.resource_id = r.resource_id) AS group_list
		FROM resources r
		INNER JOIN schedules s ON r.schedule_id = s.schedule_id
		 WHERE r.schedule_id = '21' AND ( r.status_id != '0' ) ORDER BY COALESCE(r.sort_order,0), r.name;
2020-11-08T21:01:31+07:00 [36] DEBUG sql - [User=Tanut Choksatchawathi (tanut.cho@gmail.com)] MySql Query: SELECT q.*, r.name as resource_name, g.name as group_name, s.name as schedule_name
		FROM quotas q
		LEFT JOIN resources r ON r.resource_id = q.resource_id
		LEFT JOIN groups g ON g.group_id = q.group_id
		LEFT JOIN schedules s ON s.schedule_id = q.schedule_id;
2020-11-08T21:02:00+07:00 [21] DEBUG sql - [User=Tanut Choksatchawathi (tanut.cho@gmail.com)] MySql Query: SELECT g.*, admin_group.name as admin_group_name
		FROM groups g
		LEFT JOIN groups admin_group ON g.admin_group_id = admin_group.group_id
		ORDER BY g.name;
2020-11-08T21:02:01+07:00 [21] DEBUG sql - [User=Tanut Choksatchawathi (tanut.cho@gmail.com)] MySql Query: SELECT s.*, l.timezone FROM schedules s INNER JOIN layouts l ON s.layout_id = l.layout_id ORDER BY s.name;
2020-11-08T21:02:01+07:00 [21] DEBUG sql - [User=Tanut Choksatchawathi (tanut.cho@gmail.com)] MySql Query: SELECT r.*, s.admin_group_id as s_admin_group_id,
		(SELECT GROUP_CONCAT(CONCAT(cav.custom_attribute_id, '=', cav.attribute_value) SEPARATOR "!sep!")
						FROM custom_attribute_values cav WHERE cav.entity_id = r.resource_id AND cav.attribute_category = 4) as attribute_list,
		(SELECT GROUP_CONCAT(rga.resource_group_id SEPARATOR "!sep!") FROM resource_group_assignment rga WHERE rga.resource_id = r.resource_id) AS group_list
		FROM resources r
		INNER JOIN schedules s ON r.schedule_id = s.schedule_id
		 WHERE r.schedule_id = '21' AND ( r.status_id != '0' ) ORDER BY COALESCE(r.sort_order,0), r.name;
2020-11-08T21:02:01+07:00 [21] DEBUG sql - [User=Tanut Choksatchawathi (tanut.cho@gmail.com)] MySql Query: SELECT q.*, r.name as resource_name, g.name as group_name, s.name as schedule_name
		FROM quotas q
		LEFT JOIN resources r ON r.resource_id = q.resource_id
		LEFT JOIN groups g ON g.group_id = q.group_id
		LEFT JOIN schedules s ON s.schedule_id = q.schedule_id;
2020-11-08T21:09:01+07:00 [37] DEBUG sql - [User=Tanut Choksatchawathi (tanut.cho@gmail.com)] MySql Query: SELECT g.*, admin_group.name as admin_group_name
		FROM groups g
		LEFT JOIN groups admin_group ON g.admin_group_id = admin_group.group_id
		ORDER BY g.name;
2020-11-08T21:09:02+07:00 [37] DEBUG sql - [User=Tanut Choksatchawathi (tanut.cho@gmail.com)] MySql Query: SELECT s.*, l.timezone FROM schedules s INNER JOIN layouts l ON s.layout_id = l.layout_id ORDER BY s.name;
2020-11-08T21:09:02+07:00 [37] DEBUG sql - [User=Tanut Choksatchawathi (tanut.cho@gmail.com)] MySql Query: SELECT r.*, s.admin_group_id as s_admin_group_id,
		(SELECT GROUP_CONCAT(CONCAT(cav.custom_attribute_id, '=', cav.attribute_value) SEPARATOR "!sep!")
						FROM custom_attribute_values cav WHERE cav.entity_id = r.resource_id AND cav.attribute_category = 4) as attribute_list,
		(SELECT GROUP_CONCAT(rga.resource_group_id SEPARATOR "!sep!") FROM resource_group_assignment rga WHERE rga.resource_id = r.resource_id) AS group_list
		FROM resources r
		INNER JOIN schedules s ON r.schedule_id = s.schedule_id
		 WHERE r.schedule_id = '21' AND ( r.status_id != '0' ) ORDER BY COALESCE(r.sort_order,0), r.name;
2020-11-08T21:09:02+07:00 [37] DEBUG sql - [User=Tanut Choksatchawathi (tanut.cho@gmail.com)] MySql Query: SELECT q.*, r.name as resource_name, g.name as group_name, s.name as schedule_name
		FROM quotas q
		LEFT JOIN resources r ON r.resource_id = q.resource_id
		LEFT JOIN groups g ON g.group_id = q.group_id
		LEFT JOIN schedules s ON s.schedule_id = q.schedule_id;
2020-11-08T21:09:18+07:00 [31] DEBUG sql - [User=Tanut Choksatchawathi (tanut.cho@gmail.com)] MySql Query: SELECT g.*, admin_group.name as admin_group_name
		FROM groups g
		LEFT JOIN groups admin_group ON g.admin_group_id = admin_group.group_id
		ORDER BY g.name;
2020-11-08T21:09:19+07:00 [31] DEBUG sql - [User=Tanut Choksatchawathi (tanut.cho@gmail.com)] MySql Query: SELECT s.*, l.timezone FROM schedules s INNER JOIN layouts l ON s.layout_id = l.layout_id ORDER BY s.name;
2020-11-08T21:09:19+07:00 [31] DEBUG sql - [User=Tanut Choksatchawathi (tanut.cho@gmail.com)] MySql Query: SELECT r.*, s.admin_group_id as s_admin_group_id,
		(SELECT GROUP_CONCAT(CONCAT(cav.custom_attribute_id, '=', cav.attribute_value) SEPARATOR "!sep!")
						FROM custom_attribute_values cav WHERE cav.entity_id = r.resource_id AND cav.attribute_category = 4) as attribute_list,
		(SELECT GROUP_CONCAT(rga.resource_group_id SEPARATOR "!sep!") FROM resource_group_assignment rga WHERE rga.resource_id = r.resource_id) AS group_list
		FROM resources r
		INNER JOIN schedules s ON r.schedule_id = s.schedule_id
		ORDER BY COALESCE(r.sort_order,0), r.name;
2020-11-08T21:09:19+07:00 [31] DEBUG sql - [User=Tanut Choksatchawathi (tanut.cho@gmail.com)] MySql Query: SELECT q.*, r.name as resource_name, g.name as group_name, s.name as schedule_name
		FROM quotas q
		LEFT JOIN resources r ON r.resource_id = q.resource_id
		LEFT JOIN groups g ON g.group_id = q.group_id
		LEFT JOIN schedules s ON s.schedule_id = q.schedule_id;
2020-11-08T21:10:24+07:00 [19] DEBUG sql - [User=Tanut Choksatchawathi (tanut.cho@gmail.com)] MySql Query: SELECT g.*, admin_group.name as admin_group_name
		FROM groups g
		LEFT JOIN groups admin_group ON g.admin_group_id = admin_group.group_id
		ORDER BY g.name;
2020-11-08T21:10:24+07:00 [19] DEBUG sql - [User=Tanut Choksatchawathi (tanut.cho@gmail.com)] MySql Query: SELECT s.*, l.timezone FROM schedules s INNER JOIN layouts l ON s.layout_id = l.layout_id ORDER BY s.name;
2020-11-08T21:10:24+07:00 [19] DEBUG sql - [User=Tanut Choksatchawathi (tanut.cho@gmail.com)] MySql Query: SELECT r.*, s.admin_group_id as s_admin_group_id,
		(SELECT GROUP_CONCAT(CONCAT(cav.custom_attribute_id, '=', cav.attribute_value) SEPARATOR "!sep!")
						FROM custom_attribute_values cav WHERE cav.entity_id = r.resource_id AND cav.attribute_category = 4) as attribute_list,
		(SELECT GROUP_CONCAT(rga.resource_group_id SEPARATOR "!sep!") FROM resource_group_assignment rga WHERE rga.resource_id = r.resource_id) AS group_list
		FROM resources r
		INNER JOIN schedules s ON r.schedule_id = s.schedule_id
		ORDER BY COALESCE(r.sort_order,0), r.name;
2020-11-08T21:10:25+07:00 [19] DEBUG sql - [User=Tanut Choksatchawathi (tanut.cho@gmail.com)] MySql Query: SELECT q.*, r.name as resource_name, g.name as group_name, s.name as schedule_name
		FROM quotas q
		LEFT JOIN resources r ON r.resource_id = q.resource_id
		LEFT JOIN groups g ON g.group_id = q.group_id
		LEFT JOIN schedules s ON s.schedule_id = q.schedule_id;
2020-11-08T21:11:13+07:00 [32] DEBUG sql - [User=Tanut Choksatchawathi (tanut.cho@gmail.com)] MySql Query: SELECT g.*, admin_group.name as admin_group_name
		FROM groups g
		LEFT JOIN groups admin_group ON g.admin_group_id = admin_group.group_id
		ORDER BY g.name;
2020-11-08T21:11:13+07:00 [32] DEBUG sql - [User=Tanut Choksatchawathi (tanut.cho@gmail.com)] MySql Query: SELECT s.*, l.timezone FROM schedules s INNER JOIN layouts l ON s.layout_id = l.layout_id ORDER BY s.name;
2020-11-08T21:11:14+07:00 [32] DEBUG sql - [User=Tanut Choksatchawathi (tanut.cho@gmail.com)] MySql Query: SELECT r.*, s.admin_group_id as s_admin_group_id,
		(SELECT GROUP_CONCAT(CONCAT(cav.custom_attribute_id, '=', cav.attribute_value) SEPARATOR "!sep!")
						FROM custom_attribute_values cav WHERE cav.entity_id = r.resource_id AND cav.attribute_category = 4) as attribute_list,
		(SELECT GROUP_CONCAT(rga.resource_group_id SEPARATOR "!sep!") FROM resource_group_assignment rga WHERE rga.resource_id = r.resource_id) AS group_list
		FROM resources r
		INNER JOIN schedules s ON r.schedule_id = s.schedule_id
		ORDER BY COALESCE(r.sort_order,0), r.name;
2020-11-08T21:11:14+07:00 [32] DEBUG sql - [User=Tanut Choksatchawathi (tanut.cho@gmail.com)] MySql Query: SELECT q.*, r.name as resource_name, g.name as group_name, s.name as schedule_name
		FROM quotas q
		LEFT JOIN resources r ON r.resource_id = q.resource_id
		LEFT JOIN groups g ON g.group_id = q.group_id
		LEFT JOIN schedules s ON s.schedule_id = q.schedule_id;
2020-11-08T21:12:27+07:00 [35] DEBUG sql - [User=Tanut Choksatchawathi (tanut.cho@gmail.com)] MySql Query: SELECT g.*, admin_group.name as admin_group_name
		FROM groups g
		LEFT JOIN groups admin_group ON g.admin_group_id = admin_group.group_id
		ORDER BY g.name;
2020-11-08T21:12:28+07:00 [35] DEBUG sql - [User=Tanut Choksatchawathi (tanut.cho@gmail.com)] MySql Query: SELECT s.*, l.timezone FROM schedules s INNER JOIN layouts l ON s.layout_id = l.layout_id ORDER BY s.name;
2020-11-08T21:12:28+07:00 [35] DEBUG sql - [User=Tanut Choksatchawathi (tanut.cho@gmail.com)] MySql Query: SELECT r.*, s.admin_group_id as s_admin_group_id,
		(SELECT GROUP_CONCAT(CONCAT(cav.custom_attribute_id, '=', cav.attribute_value) SEPARATOR "!sep!")
						FROM custom_attribute_values cav WHERE cav.entity_id = r.resource_id AND cav.attribute_category = 4) as attribute_list,
		(SELECT GROUP_CONCAT(rga.resource_group_id SEPARATOR "!sep!") FROM resource_group_assignment rga WHERE rga.resource_id = r.resource_id) AS group_list
		FROM resources r
		INNER JOIN schedules s ON r.schedule_id = s.schedule_id
		ORDER BY COALESCE(r.sort_order,0), r.name;
2020-11-08T21:12:28+07:00 [35] DEBUG sql - [User=Tanut Choksatchawathi (tanut.cho@gmail.com)] MySql Query: SELECT q.*, r.name as resource_name, g.name as group_name, s.name as schedule_name
		FROM quotas q
		LEFT JOIN resources r ON r.resource_id = q.resource_id
		LEFT JOIN groups g ON g.group_id = q.group_id
		LEFT JOIN schedules s ON s.schedule_id = q.schedule_id;
2020-11-08T21:14:56+07:00 [21] DEBUG sql - [User=Tanut Choksatchawathi (tanut.cho@gmail.com)] MySql Query: SELECT g.*, admin_group.name as admin_group_name
		FROM groups g
		LEFT JOIN groups admin_group ON g.admin_group_id = admin_group.group_id
		ORDER BY g.name;
2020-11-08T21:14:57+07:00 [21] DEBUG sql - [User=Tanut Choksatchawathi (tanut.cho@gmail.com)] MySql Query: SELECT s.*, l.timezone FROM schedules s INNER JOIN layouts l ON s.layout_id = l.layout_id ORDER BY s.name;
2020-11-08T21:14:57+07:00 [21] DEBUG sql - [User=Tanut Choksatchawathi (tanut.cho@gmail.com)] MySql Query: SELECT r.*, s.admin_group_id as s_admin_group_id,
		(SELECT GROUP_CONCAT(CONCAT(cav.custom_attribute_id, '=', cav.attribute_value) SEPARATOR "!sep!")
						FROM custom_attribute_values cav WHERE cav.entity_id = r.resource_id AND cav.attribute_category = 4) as attribute_list,
		(SELECT GROUP_CONCAT(rga.resource_group_id SEPARATOR "!sep!") FROM resource_group_assignment rga WHERE rga.resource_id = r.resource_id) AS group_list
		FROM resources r
		INNER JOIN schedules s ON r.schedule_id = s.schedule_id
		ORDER BY COALESCE(r.sort_order,0), r.name;
2020-11-08T21:14:57+07:00 [21] DEBUG sql - [User=Tanut Choksatchawathi (tanut.cho@gmail.com)] MySql Query: SELECT q.*, r.name as resource_name, g.name as group_name, s.name as schedule_name
		FROM quotas q
		LEFT JOIN resources r ON r.resource_id = q.resource_id
		LEFT JOIN groups g ON g.group_id = q.group_id
		LEFT JOIN schedules s ON s.schedule_id = q.schedule_id;
2020-11-08T21:15:46+07:00 [17] DEBUG sql - [User=Tanut Choksatchawathi (tanut.cho@gmail.com)] MySql Query: SELECT g.*, admin_group.name as admin_group_name
		FROM groups g
		LEFT JOIN groups admin_group ON g.admin_group_id = admin_group.group_id
		ORDER BY g.name;
2020-11-08T21:15:47+07:00 [17] DEBUG sql - [User=Tanut Choksatchawathi (tanut.cho@gmail.com)] MySql Query: SELECT s.*, l.timezone FROM schedules s INNER JOIN layouts l ON s.layout_id = l.layout_id ORDER BY s.name;
2020-11-08T21:15:47+07:00 [17] DEBUG sql - [User=Tanut Choksatchawathi (tanut.cho@gmail.com)] MySql Query: SELECT r.*, s.admin_group_id as s_admin_group_id,
		(SELECT GROUP_CONCAT(CONCAT(cav.custom_attribute_id, '=', cav.attribute_value) SEPARATOR "!sep!")
						FROM custom_attribute_values cav WHERE cav.entity_id = r.resource_id AND cav.attribute_category = 4) as attribute_list,
		(SELECT GROUP_CONCAT(rga.resource_group_id SEPARATOR "!sep!") FROM resource_group_assignment rga WHERE rga.resource_id = r.resource_id) AS group_list
		FROM resources r
		INNER JOIN schedules s ON r.schedule_id = s.schedule_id
		ORDER BY COALESCE(r.sort_order,0), r.name;
2020-11-08T21:15:47+07:00 [17] DEBUG sql - [User=Tanut Choksatchawathi (tanut.cho@gmail.com)] MySql Query: SELECT q.*, r.name as resource_name, g.name as group_name, s.name as schedule_name
		FROM quotas q
		LEFT JOIN resources r ON r.resource_id = q.resource_id
		LEFT JOIN groups g ON g.group_id = q.group_id
		LEFT JOIN schedules s ON s.schedule_id = q.schedule_id;
2020-11-08T21:16:20+07:00 [37] DEBUG sql - [User=Tanut Choksatchawathi (tanut.cho@gmail.com)] MySql Query: SELECT g.*, admin_group.name as admin_group_name
		FROM groups g
		LEFT JOIN groups admin_group ON g.admin_group_id = admin_group.group_id
		ORDER BY g.name;
2020-11-08T21:16:20+07:00 [37] DEBUG sql - [User=Tanut Choksatchawathi (tanut.cho@gmail.com)] MySql Query: SELECT s.*, l.timezone FROM schedules s INNER JOIN layouts l ON s.layout_id = l.layout_id ORDER BY s.name;
2020-11-08T21:16:20+07:00 [37] DEBUG sql - [User=Tanut Choksatchawathi (tanut.cho@gmail.com)] MySql Query: SELECT r.*, s.admin_group_id as s_admin_group_id,
		(SELECT GROUP_CONCAT(CONCAT(cav.custom_attribute_id, '=', cav.attribute_value) SEPARATOR "!sep!")
						FROM custom_attribute_values cav WHERE cav.entity_id = r.resource_id AND cav.attribute_category = 4) as attribute_list,
		(SELECT GROUP_CONCAT(rga.resource_group_id SEPARATOR "!sep!") FROM resource_group_assignment rga WHERE rga.resource_id = r.resource_id) AS group_list
		FROM resources r
		INNER JOIN schedules s ON r.schedule_id = s.schedule_id
		ORDER BY COALESCE(r.sort_order,0), r.name;
2020-11-08T21:16:21+07:00 [37] DEBUG sql - [User=Tanut Choksatchawathi (tanut.cho@gmail.com)] MySql Query: SELECT q.*, r.name as resource_name, g.name as group_name, s.name as schedule_name
		FROM quotas q
		LEFT JOIN resources r ON r.resource_id = q.resource_id
		LEFT JOIN groups g ON g.group_id = q.group_id
		LEFT JOIN schedules s ON s.schedule_id = q.schedule_id;
2020-11-08T21:17:20+07:00 [34] DEBUG sql - [User=Tanut Choksatchawathi (tanut.cho@gmail.com)] MySql Query: SELECT g.*, admin_group.name as admin_group_name
		FROM groups g
		LEFT JOIN groups admin_group ON g.admin_group_id = admin_group.group_id
		ORDER BY g.name;
2020-11-08T21:17:20+07:00 [34] DEBUG sql - [User=Tanut Choksatchawathi (tanut.cho@gmail.com)] MySql Query: SELECT s.*, l.timezone FROM schedules s INNER JOIN layouts l ON s.layout_id = l.layout_id ORDER BY s.name;
2020-11-08T21:17:20+07:00 [34] DEBUG sql - [User=Tanut Choksatchawathi (tanut.cho@gmail.com)] MySql Query: SELECT r.*, s.admin_group_id as s_admin_group_id,
		(SELECT GROUP_CONCAT(CONCAT(cav.custom_attribute_id, '=', cav.attribute_value) SEPARATOR "!sep!")
						FROM custom_attribute_values cav WHERE cav.entity_id = r.resource_id AND cav.attribute_category = 4) as attribute_list,
		(SELECT GROUP_CONCAT(rga.resource_group_id SEPARATOR "!sep!") FROM resource_group_assignment rga WHERE rga.resource_id = r.resource_id) AS group_list
		FROM resources r
		INNER JOIN schedules s ON r.schedule_id = s.schedule_id
		ORDER BY COALESCE(r.sort_order,0), r.name;
2020-11-08T21:17:21+07:00 [34] DEBUG sql - [User=Tanut Choksatchawathi (tanut.cho@gmail.com)] MySql Query: SELECT q.*, r.name as resource_name, g.name as group_name, s.name as schedule_name
		FROM quotas q
		LEFT JOIN resources r ON r.resource_id = q.resource_id
		LEFT JOIN groups g ON g.group_id = q.group_id
		LEFT JOIN schedules s ON s.schedule_id = q.schedule_id;
2020-11-08T21:21:48+07:00 [32] DEBUG sql - [User=Tanut Choksatchawathi (tanut.cho@gmail.com)] MySql Query: SELECT g.*, admin_group.name as admin_group_name
		FROM groups g
		LEFT JOIN groups admin_group ON g.admin_group_id = admin_group.group_id
		ORDER BY g.name;
2020-11-08T21:21:49+07:00 [32] DEBUG sql - [User=Tanut Choksatchawathi (tanut.cho@gmail.com)] MySql Query: SELECT s.*, l.timezone FROM schedules s INNER JOIN layouts l ON s.layout_id = l.layout_id ORDER BY s.name;
2020-11-08T21:21:49+07:00 [32] DEBUG sql - [User=Tanut Choksatchawathi (tanut.cho@gmail.com)] MySql Query: SELECT r.*, s.admin_group_id as s_admin_group_id,
		(SELECT GROUP_CONCAT(CONCAT(cav.custom_attribute_id, '=', cav.attribute_value) SEPARATOR "!sep!")
						FROM custom_attribute_values cav WHERE cav.entity_id = r.resource_id AND cav.attribute_category = 4) as attribute_list,
		(SELECT GROUP_CONCAT(rga.resource_group_id SEPARATOR "!sep!") FROM resource_group_assignment rga WHERE rga.resource_id = r.resource_id) AS group_list
		FROM resources r
		INNER JOIN schedules s ON r.schedule_id = s.schedule_id
		ORDER BY COALESCE(r.sort_order,0), r.name;
2020-11-08T21:21:49+07:00 [32] DEBUG sql - [User=Tanut Choksatchawathi (tanut.cho@gmail.com)] MySql Query: SELECT q.*, r.name as resource_name, g.name as group_name, s.name as schedule_name
		FROM quotas q
		LEFT JOIN resources r ON r.resource_id = q.resource_id
		LEFT JOIN groups g ON g.group_id = q.group_id
		LEFT JOIN schedules s ON s.schedule_id = q.schedule_id;
2020-11-08T21:22:47+07:00 [35] DEBUG sql - [User=Tanut Choksatchawathi (tanut.cho@gmail.com)] MySql Execute: INSERT INTO quotas (quota_limit, unit, duration, resource_id, group_id, schedule_id, enforced_time_start, enforced_time_end, enforced_days, scope)
			VALUES ('0', 'hours', 'year', null, null, null, null, null, null, 'IncludeCompleted');
2020-11-08T21:22:48+07:00 [35] DEBUG sql - [User=Tanut Choksatchawathi (tanut.cho@gmail.com)] MySql Query: SELECT g.*, admin_group.name as admin_group_name
		FROM groups g
		LEFT JOIN groups admin_group ON g.admin_group_id = admin_group.group_id
		ORDER BY g.name;
2020-11-08T21:22:49+07:00 [35] DEBUG sql - [User=Tanut Choksatchawathi (tanut.cho@gmail.com)] MySql Query: SELECT s.*, l.timezone FROM schedules s INNER JOIN layouts l ON s.layout_id = l.layout_id ORDER BY s.name;
2020-11-08T21:22:49+07:00 [35] DEBUG sql - [User=Tanut Choksatchawathi (tanut.cho@gmail.com)] MySql Query: SELECT r.*, s.admin_group_id as s_admin_group_id,
		(SELECT GROUP_CONCAT(CONCAT(cav.custom_attribute_id, '=', cav.attribute_value) SEPARATOR "!sep!")
						FROM custom_attribute_values cav WHERE cav.entity_id = r.resource_id AND cav.attribute_category = 4) as attribute_list,
		(SELECT GROUP_CONCAT(rga.resource_group_id SEPARATOR "!sep!") FROM resource_group_assignment rga WHERE rga.resource_id = r.resource_id) AS group_list
		FROM resources r
		INNER JOIN schedules s ON r.schedule_id = s.schedule_id
		ORDER BY COALESCE(r.sort_order,0), r.name;
2020-11-08T21:22:49+07:00 [35] DEBUG sql - [User=Tanut Choksatchawathi (tanut.cho@gmail.com)] MySql Query: SELECT q.*, r.name as resource_name, g.name as group_name, s.name as schedule_name
		FROM quotas q
		LEFT JOIN resources r ON r.resource_id = q.resource_id
		LEFT JOIN groups g ON g.group_id = q.group_id
		LEFT JOIN schedules s ON s.schedule_id = q.schedule_id;
2020-11-08T21:24:31+07:00 [21] DEBUG sql - [User=Tanut Choksatchawathi (tanut.cho@gmail.com)] MySql Query: SELECT g.*, admin_group.name as admin_group_name
		FROM groups g
		LEFT JOIN groups admin_group ON g.admin_group_id = admin_group.group_id
		ORDER BY g.name;
2020-11-08T21:24:31+07:00 [21] DEBUG sql - [User=Tanut Choksatchawathi (tanut.cho@gmail.com)] MySql Query: SELECT s.*, l.timezone FROM schedules s INNER JOIN layouts l ON s.layout_id = l.layout_id ORDER BY s.name;
2020-11-08T21:24:32+07:00 [21] DEBUG sql - [User=Tanut Choksatchawathi (tanut.cho@gmail.com)] MySql Query: SELECT r.*, s.admin_group_id as s_admin_group_id,
		(SELECT GROUP_CONCAT(CONCAT(cav.custom_attribute_id, '=', cav.attribute_value) SEPARATOR "!sep!")
						FROM custom_attribute_values cav WHERE cav.entity_id = r.resource_id AND cav.attribute_category = 4) as attribute_list,
		(SELECT GROUP_CONCAT(rga.resource_group_id SEPARATOR "!sep!") FROM resource_group_assignment rga WHERE rga.resource_id = r.resource_id) AS group_list
		FROM resources r
		INNER JOIN schedules s ON r.schedule_id = s.schedule_id
		ORDER BY COALESCE(r.sort_order,0), r.name;
2020-11-08T21:24:32+07:00 [21] DEBUG sql - [User=Tanut Choksatchawathi (tanut.cho@gmail.com)] MySql Query: SELECT q.*, r.name as resource_name, g.name as group_name, s.name as schedule_name
		FROM quotas q
		LEFT JOIN resources r ON r.resource_id = q.resource_id
		LEFT JOIN groups g ON g.group_id = q.group_id
		LEFT JOIN schedules s ON s.schedule_id = q.schedule_id;
2020-11-08T21:25:15+07:00 [17] DEBUG sql - [User=Tanut Choksatchawathi (tanut.cho@gmail.com)] MySql Query: SELECT g.*, admin_group.name as admin_group_name
		FROM groups g
		LEFT JOIN groups admin_group ON g.admin_group_id = admin_group.group_id
		ORDER BY g.name;
2020-11-08T21:25:15+07:00 [17] DEBUG sql - [User=Tanut Choksatchawathi (tanut.cho@gmail.com)] MySql Query: SELECT s.*, l.timezone FROM schedules s INNER JOIN layouts l ON s.layout_id = l.layout_id ORDER BY s.name;
2020-11-08T21:25:15+07:00 [17] DEBUG sql - [User=Tanut Choksatchawathi (tanut.cho@gmail.com)] MySql Query: SELECT r.*, s.admin_group_id as s_admin_group_id,
		(SELECT GROUP_CONCAT(CONCAT(cav.custom_attribute_id, '=', cav.attribute_value) SEPARATOR "!sep!")
						FROM custom_attribute_values cav WHERE cav.entity_id = r.resource_id AND cav.attribute_category = 4) as attribute_list,
		(SELECT GROUP_CONCAT(rga.resource_group_id SEPARATOR "!sep!") FROM resource_group_assignment rga WHERE rga.resource_id = r.resource_id) AS group_list
		FROM resources r
		INNER JOIN schedules s ON r.schedule_id = s.schedule_id
		ORDER BY COALESCE(r.sort_order,0), r.name;
2020-11-08T21:25:16+07:00 [17] DEBUG sql - [User=Tanut Choksatchawathi (tanut.cho@gmail.com)] MySql Query: SELECT q.*, r.name as resource_name, g.name as group_name, s.name as schedule_name
		FROM quotas q
		LEFT JOIN resources r ON r.resource_id = q.resource_id
		LEFT JOIN groups g ON g.group_id = q.group_id
		LEFT JOIN schedules s ON s.schedule_id = q.schedule_id;
2020-11-08T21:28:43+07:00 [31] DEBUG sql - [User=Tanut Choksatchawathi (tanut.cho@gmail.com)] MySql Query: SELECT g.*, admin_group.name as admin_group_name
		FROM groups g
		LEFT JOIN groups admin_group ON g.admin_group_id = admin_group.group_id
		ORDER BY g.name;
2020-11-08T21:28:43+07:00 [31] DEBUG sql - [User=Tanut Choksatchawathi (tanut.cho@gmail.com)] MySql Query: SELECT s.*, l.timezone FROM schedules s INNER JOIN layouts l ON s.layout_id = l.layout_id ORDER BY s.name;
2020-11-08T21:28:43+07:00 [31] DEBUG sql - [User=Tanut Choksatchawathi (tanut.cho@gmail.com)] MySql Query: SELECT r.*, s.admin_group_id as s_admin_group_id,
		(SELECT GROUP_CONCAT(CONCAT(cav.custom_attribute_id, '=', cav.attribute_value) SEPARATOR "!sep!")
						FROM custom_attribute_values cav WHERE cav.entity_id = r.resource_id AND cav.attribute_category = 4) as attribute_list,
		(SELECT GROUP_CONCAT(rga.resource_group_id SEPARATOR "!sep!") FROM resource_group_assignment rga WHERE rga.resource_id = r.resource_id) AS group_list
		FROM resources r
		INNER JOIN schedules s ON r.schedule_id = s.schedule_id
		ORDER BY COALESCE(r.sort_order,0), r.name;
2020-11-08T21:28:44+07:00 [31] DEBUG sql - [User=Tanut Choksatchawathi (tanut.cho@gmail.com)] MySql Query: SELECT q.*, r.name as resource_name, g.name as group_name, s.name as schedule_name
		FROM quotas q
		LEFT JOIN resources r ON r.resource_id = q.resource_id
		LEFT JOIN groups g ON g.group_id = q.group_id
		LEFT JOIN schedules s ON s.schedule_id = q.schedule_id;
2020-11-08T21:28:53+07:00 [34] DEBUG sql - [User=Tanut Choksatchawathi (tanut.cho@gmail.com)] MySql Query: SELECT g.*, admin_group.name as admin_group_name
		FROM groups g
		LEFT JOIN groups admin_group ON g.admin_group_id = admin_group.group_id
		ORDER BY g.name;
2020-11-08T21:28:53+07:00 [34] DEBUG sql - [User=Tanut Choksatchawathi (tanut.cho@gmail.com)] MySql Query: SELECT s.*, l.timezone FROM schedules s INNER JOIN layouts l ON s.layout_id = l.layout_id ORDER BY s.name;
2020-11-08T21:28:54+07:00 [34] DEBUG sql - [User=Tanut Choksatchawathi (tanut.cho@gmail.com)] MySql Query: SELECT r.*, s.admin_group_id as s_admin_group_id,
		(SELECT GROUP_CONCAT(CONCAT(cav.custom_attribute_id, '=', cav.attribute_value) SEPARATOR "!sep!")
						FROM custom_attribute_values cav WHERE cav.entity_id = r.resource_id AND cav.attribute_category = 4) as attribute_list,
		(SELECT GROUP_CONCAT(rga.resource_group_id SEPARATOR "!sep!") FROM resource_group_assignment rga WHERE rga.resource_id = r.resource_id) AS group_list
		FROM resources r
		INNER JOIN schedules s ON r.schedule_id = s.schedule_id
		ORDER BY COALESCE(r.sort_order,0), r.name;
2020-11-08T21:28:54+07:00 [34] DEBUG sql - [User=Tanut Choksatchawathi (tanut.cho@gmail.com)] MySql Query: SELECT q.*, r.name as resource_name, g.name as group_name, s.name as schedule_name
		FROM quotas q
		LEFT JOIN resources r ON r.resource_id = q.resource_id
		LEFT JOIN groups g ON g.group_id = q.group_id
		LEFT JOIN schedules s ON s.schedule_id = q.schedule_id;
2020-11-08T21:29:39+07:00 [19] DEBUG sql - [User=Tanut Choksatchawathi (tanut.cho@gmail.com)] MySql Execute: DELETE	FROM quotas	WHERE quota_id = '58';
2020-11-08T21:29:40+07:00 [19] DEBUG sql - [User=Tanut Choksatchawathi (tanut.cho@gmail.com)] MySql Query: SELECT g.*, admin_group.name as admin_group_name
		FROM groups g
		LEFT JOIN groups admin_group ON g.admin_group_id = admin_group.group_id
		ORDER BY g.name;
2020-11-08T21:29:41+07:00 [19] DEBUG sql - [User=Tanut Choksatchawathi (tanut.cho@gmail.com)] MySql Query: SELECT s.*, l.timezone FROM schedules s INNER JOIN layouts l ON s.layout_id = l.layout_id ORDER BY s.name;
2020-11-08T21:29:41+07:00 [19] DEBUG sql - [User=Tanut Choksatchawathi (tanut.cho@gmail.com)] MySql Query: SELECT r.*, s.admin_group_id as s_admin_group_id,
		(SELECT GROUP_CONCAT(CONCAT(cav.custom_attribute_id, '=', cav.attribute_value) SEPARATOR "!sep!")
						FROM custom_attribute_values cav WHERE cav.entity_id = r.resource_id AND cav.attribute_category = 4) as attribute_list,
		(SELECT GROUP_CONCAT(rga.resource_group_id SEPARATOR "!sep!") FROM resource_group_assignment rga WHERE rga.resource_id = r.resource_id) AS group_list
		FROM resources r
		INNER JOIN schedules s ON r.schedule_id = s.schedule_id
		ORDER BY COALESCE(r.sort_order,0), r.name;
2020-11-08T21:29:41+07:00 [19] DEBUG sql - [User=Tanut Choksatchawathi (tanut.cho@gmail.com)] MySql Query: SELECT q.*, r.name as resource_name, g.name as group_name, s.name as schedule_name
		FROM quotas q
		LEFT JOIN resources r ON r.resource_id = q.resource_id
		LEFT JOIN groups g ON g.group_id = q.group_id
		LEFT JOIN schedules s ON s.schedule_id = q.schedule_id;
2020-11-08T21:29:55+07:00 [32] DEBUG sql - [User=Tanut Choksatchawathi (tanut.cho@gmail.com)] MySql Query: SELECT g.*, admin_group.name as admin_group_name
		FROM groups g
		LEFT JOIN groups admin_group ON g.admin_group_id = admin_group.group_id
		ORDER BY g.name;
2020-11-08T21:29:55+07:00 [32] DEBUG sql - [User=Tanut Choksatchawathi (tanut.cho@gmail.com)] MySql Query: SELECT s.*, l.timezone FROM schedules s INNER JOIN layouts l ON s.layout_id = l.layout_id ORDER BY s.name;
2020-11-08T21:29:55+07:00 [32] DEBUG sql - [User=Tanut Choksatchawathi (tanut.cho@gmail.com)] MySql Query: SELECT r.*, s.admin_group_id as s_admin_group_id,
		(SELECT GROUP_CONCAT(CONCAT(cav.custom_attribute_id, '=', cav.attribute_value) SEPARATOR "!sep!")
						FROM custom_attribute_values cav WHERE cav.entity_id = r.resource_id AND cav.attribute_category = 4) as attribute_list,
		(SELECT GROUP_CONCAT(rga.resource_group_id SEPARATOR "!sep!") FROM resource_group_assignment rga WHERE rga.resource_id = r.resource_id) AS group_list
		FROM resources r
		INNER JOIN schedules s ON r.schedule_id = s.schedule_id
		ORDER BY COALESCE(r.sort_order,0), r.name;
2020-11-08T21:29:56+07:00 [32] DEBUG sql - [User=Tanut Choksatchawathi (tanut.cho@gmail.com)] MySql Query: SELECT q.*, r.name as resource_name, g.name as group_name, s.name as schedule_name
		FROM quotas q
		LEFT JOIN resources r ON r.resource_id = q.resource_id
		LEFT JOIN groups g ON g.group_id = q.group_id
		LEFT JOIN schedules s ON s.schedule_id = q.schedule_id;
2020-11-08T21:30:28+07:00 [18] DEBUG sql - [User=Tanut Choksatchawathi (tanut.cho@gmail.com)] MySql Query: SELECT g.*, admin_group.name as admin_group_name
		FROM groups g
		LEFT JOIN groups admin_group ON g.admin_group_id = admin_group.group_id
		ORDER BY g.name;
2020-11-08T21:30:28+07:00 [18] DEBUG sql - [User=Tanut Choksatchawathi (tanut.cho@gmail.com)] MySql Query: SELECT s.*, l.timezone FROM schedules s INNER JOIN layouts l ON s.layout_id = l.layout_id ORDER BY s.name;
2020-11-08T21:30:29+07:00 [18] DEBUG sql - [User=Tanut Choksatchawathi (tanut.cho@gmail.com)] MySql Query: SELECT r.*, s.admin_group_id as s_admin_group_id,
		(SELECT GROUP_CONCAT(CONCAT(cav.custom_attribute_id, '=', cav.attribute_value) SEPARATOR "!sep!")
						FROM custom_attribute_values cav WHERE cav.entity_id = r.resource_id AND cav.attribute_category = 4) as attribute_list,
		(SELECT GROUP_CONCAT(rga.resource_group_id SEPARATOR "!sep!") FROM resource_group_assignment rga WHERE rga.resource_id = r.resource_id) AS group_list
		FROM resources r
		INNER JOIN schedules s ON r.schedule_id = s.schedule_id
		ORDER BY COALESCE(r.sort_order,0), r.name;
2020-11-08T21:30:29+07:00 [18] DEBUG sql - [User=Tanut Choksatchawathi (tanut.cho@gmail.com)] MySql Query: SELECT q.*, r.name as resource_name, g.name as group_name, s.name as schedule_name
		FROM quotas q
		LEFT JOIN resources r ON r.resource_id = q.resource_id
		LEFT JOIN groups g ON g.group_id = q.group_id
		LEFT JOIN schedules s ON s.schedule_id = q.schedule_id;
2020-11-08T21:30:48+07:00 [35] DEBUG sql - [User=Tanut Choksatchawathi (tanut.cho@gmail.com)] MySql Query: SELECT g.*, admin_group.name as admin_group_name
		FROM groups g
		LEFT JOIN groups admin_group ON g.admin_group_id = admin_group.group_id
		ORDER BY g.name;
2020-11-08T21:30:48+07:00 [35] DEBUG sql - [User=Tanut Choksatchawathi (tanut.cho@gmail.com)] MySql Query: SELECT s.*, l.timezone FROM schedules s INNER JOIN layouts l ON s.layout_id = l.layout_id ORDER BY s.name;
2020-11-08T21:30:49+07:00 [35] DEBUG sql - [User=Tanut Choksatchawathi (tanut.cho@gmail.com)] MySql Query: SELECT r.*, s.admin_group_id as s_admin_group_id,
		(SELECT GROUP_CONCAT(CONCAT(cav.custom_attribute_id, '=', cav.attribute_value) SEPARATOR "!sep!")
						FROM custom_attribute_values cav WHERE cav.entity_id = r.resource_id AND cav.attribute_category = 4) as attribute_list,
		(SELECT GROUP_CONCAT(rga.resource_group_id SEPARATOR "!sep!") FROM resource_group_assignment rga WHERE rga.resource_id = r.resource_id) AS group_list
		FROM resources r
		INNER JOIN schedules s ON r.schedule_id = s.schedule_id
		ORDER BY COALESCE(r.sort_order,0), r.name;
2020-11-08T21:30:49+07:00 [35] DEBUG sql - [User=Tanut Choksatchawathi (tanut.cho@gmail.com)] MySql Query: SELECT q.*, r.name as resource_name, g.name as group_name, s.name as schedule_name
		FROM quotas q
		LEFT JOIN resources r ON r.resource_id = q.resource_id
		LEFT JOIN groups g ON g.group_id = q.group_id
		LEFT JOIN schedules s ON s.schedule_id = q.schedule_id;
2020-11-08T21:30:59+07:00 [36] DEBUG sql - [User=Tanut Choksatchawathi (tanut.cho@gmail.com)] MySql Query: SELECT g.*, admin_group.name as admin_group_name
		FROM groups g
		LEFT JOIN groups admin_group ON g.admin_group_id = admin_group.group_id
		ORDER BY g.name;
2020-11-08T21:30:59+07:00 [36] DEBUG sql - [User=Tanut Choksatchawathi (tanut.cho@gmail.com)] MySql Query: SELECT s.*, l.timezone FROM schedules s INNER JOIN layouts l ON s.layout_id = l.layout_id ORDER BY s.name;
2020-11-08T21:30:59+07:00 [36] DEBUG sql - [User=Tanut Choksatchawathi (tanut.cho@gmail.com)] MySql Query: SELECT r.*, s.admin_group_id as s_admin_group_id,
		(SELECT GROUP_CONCAT(CONCAT(cav.custom_attribute_id, '=', cav.attribute_value) SEPARATOR "!sep!")
						FROM custom_attribute_values cav WHERE cav.entity_id = r.resource_id AND cav.attribute_category = 4) as attribute_list,
		(SELECT GROUP_CONCAT(rga.resource_group_id SEPARATOR "!sep!") FROM resource_group_assignment rga WHERE rga.resource_id = r.resource_id) AS group_list
		FROM resources r
		INNER JOIN schedules s ON r.schedule_id = s.schedule_id
		ORDER BY COALESCE(r.sort_order,0), r.name;
2020-11-08T21:31:00+07:00 [36] DEBUG sql - [User=Tanut Choksatchawathi (tanut.cho@gmail.com)] MySql Query: SELECT q.*, r.name as resource_name, g.name as group_name, s.name as schedule_name
		FROM quotas q
		LEFT JOIN resources r ON r.resource_id = q.resource_id
		LEFT JOIN groups g ON g.group_id = q.group_id
		LEFT JOIN schedules s ON s.schedule_id = q.schedule_id;
2020-11-08T21:32:00+07:00 [17] DEBUG sql - [User=Tanut Choksatchawathi (tanut.cho@gmail.com)] MySql Query: SELECT g.*, admin_group.name as admin_group_name
		FROM groups g
		LEFT JOIN groups admin_group ON g.admin_group_id = admin_group.group_id
		ORDER BY g.name;
2020-11-08T21:32:00+07:00 [17] DEBUG sql - [User=Tanut Choksatchawathi (tanut.cho@gmail.com)] MySql Query: SELECT s.*, l.timezone FROM schedules s INNER JOIN layouts l ON s.layout_id = l.layout_id ORDER BY s.name;
2020-11-08T21:32:01+07:00 [17] DEBUG sql - [User=Tanut Choksatchawathi (tanut.cho@gmail.com)] MySql Query: SELECT r.*, s.admin_group_id as s_admin_group_id,
		(SELECT GROUP_CONCAT(CONCAT(cav.custom_attribute_id, '=', cav.attribute_value) SEPARATOR "!sep!")
						FROM custom_attribute_values cav WHERE cav.entity_id = r.resource_id AND cav.attribute_category = 4) as attribute_list,
		(SELECT GROUP_CONCAT(rga.resource_group_id SEPARATOR "!sep!") FROM resource_group_assignment rga WHERE rga.resource_id = r.resource_id) AS group_list
		FROM resources r
		INNER JOIN schedules s ON r.schedule_id = s.schedule_id
		ORDER BY COALESCE(r.sort_order,0), r.name;
2020-11-08T21:32:01+07:00 [17] DEBUG sql - [User=Tanut Choksatchawathi (tanut.cho@gmail.com)] MySql Query: SELECT q.*, r.name as resource_name, g.name as group_name, s.name as schedule_name
		FROM quotas q
		LEFT JOIN resources r ON r.resource_id = q.resource_id
		LEFT JOIN groups g ON g.group_id = q.group_id
		LEFT JOIN schedules s ON s.schedule_id = q.schedule_id;
2020-11-08T21:32:08+07:00 [37] DEBUG sql - [User=Tanut Choksatchawathi (tanut.cho@gmail.com)] MySql Query: SELECT g.*, admin_group.name as admin_group_name
		FROM groups g
		LEFT JOIN groups admin_group ON g.admin_group_id = admin_group.group_id
		ORDER BY g.name;
2020-11-08T21:32:08+07:00 [37] DEBUG sql - [User=Tanut Choksatchawathi (tanut.cho@gmail.com)] MySql Query: SELECT s.*, l.timezone FROM schedules s INNER JOIN layouts l ON s.layout_id = l.layout_id ORDER BY s.name;
2020-11-08T21:32:08+07:00 [37] DEBUG sql - [User=Tanut Choksatchawathi (tanut.cho@gmail.com)] MySql Query: SELECT r.*, s.admin_group_id as s_admin_group_id,
		(SELECT GROUP_CONCAT(CONCAT(cav.custom_attribute_id, '=', cav.attribute_value) SEPARATOR "!sep!")
						FROM custom_attribute_values cav WHERE cav.entity_id = r.resource_id AND cav.attribute_category = 4) as attribute_list,
		(SELECT GROUP_CONCAT(rga.resource_group_id SEPARATOR "!sep!") FROM resource_group_assignment rga WHERE rga.resource_id = r.resource_id) AS group_list
		FROM resources r
		INNER JOIN schedules s ON r.schedule_id = s.schedule_id
		ORDER BY COALESCE(r.sort_order,0), r.name;
2020-11-08T21:32:08+07:00 [37] DEBUG sql - [User=Tanut Choksatchawathi (tanut.cho@gmail.com)] MySql Query: SELECT q.*, r.name as resource_name, g.name as group_name, s.name as schedule_name
		FROM quotas q
		LEFT JOIN resources r ON r.resource_id = q.resource_id
		LEFT JOIN groups g ON g.group_id = q.group_id
		LEFT JOIN schedules s ON s.schedule_id = q.schedule_id;
2020-11-08T21:38:53+07:00 [34] DEBUG sql - [User=Tanut Choksatchawathi (tanut.cho@gmail.com)] MySql Query: SELECT g.*, admin_group.name as admin_group_name
		FROM groups g
		LEFT JOIN groups admin_group ON g.admin_group_id = admin_group.group_id
		ORDER BY g.name;
2020-11-08T21:38:53+07:00 [34] DEBUG sql - [User=Tanut Choksatchawathi (tanut.cho@gmail.com)] MySql Query: SELECT s.*, l.timezone FROM schedules s INNER JOIN layouts l ON s.layout_id = l.layout_id ORDER BY s.name;
2020-11-08T21:38:54+07:00 [34] DEBUG sql - [User=Tanut Choksatchawathi (tanut.cho@gmail.com)] MySql Query: SELECT r.*, s.admin_group_id as s_admin_group_id,
		(SELECT GROUP_CONCAT(CONCAT(cav.custom_attribute_id, '=', cav.attribute_value) SEPARATOR "!sep!")
						FROM custom_attribute_values cav WHERE cav.entity_id = r.resource_id AND cav.attribute_category = 4) as attribute_list,
		(SELECT GROUP_CONCAT(rga.resource_group_id SEPARATOR "!sep!") FROM resource_group_assignment rga WHERE rga.resource_id = r.resource_id) AS group_list
		FROM resources r
		INNER JOIN schedules s ON r.schedule_id = s.schedule_id
		ORDER BY COALESCE(r.sort_order,0), r.name;
2020-11-08T21:38:54+07:00 [34] DEBUG sql - [User=Tanut Choksatchawathi (tanut.cho@gmail.com)] MySql Query: SELECT q.*, r.name as resource_name, g.name as group_name, s.name as schedule_name
		FROM quotas q
		LEFT JOIN resources r ON r.resource_id = q.resource_id
		LEFT JOIN groups g ON g.group_id = q.group_id
		LEFT JOIN schedules s ON s.schedule_id = q.schedule_id;
2020-11-08T21:40:27+07:00 [32] DEBUG sql - [User=Tanut Choksatchawathi (tanut.cho@gmail.com)] MySql Query: SELECT g.*, admin_group.name as admin_group_name
		FROM groups g
		LEFT JOIN groups admin_group ON g.admin_group_id = admin_group.group_id
		ORDER BY g.name;
2020-11-08T21:40:27+07:00 [32] DEBUG sql - [User=Tanut Choksatchawathi (tanut.cho@gmail.com)] MySql Query: SELECT s.*, l.timezone FROM schedules s INNER JOIN layouts l ON s.layout_id = l.layout_id ORDER BY s.name;
2020-11-08T21:40:28+07:00 [32] DEBUG sql - [User=Tanut Choksatchawathi (tanut.cho@gmail.com)] MySql Query: SELECT r.*, s.admin_group_id as s_admin_group_id,
		(SELECT GROUP_CONCAT(CONCAT(cav.custom_attribute_id, '=', cav.attribute_value) SEPARATOR "!sep!")
						FROM custom_attribute_values cav WHERE cav.entity_id = r.resource_id AND cav.attribute_category = 4) as attribute_list,
		(SELECT GROUP_CONCAT(rga.resource_group_id SEPARATOR "!sep!") FROM resource_group_assignment rga WHERE rga.resource_id = r.resource_id) AS group_list
		FROM resources r
		INNER JOIN schedules s ON r.schedule_id = s.schedule_id
		ORDER BY COALESCE(r.sort_order,0), r.name;
2020-11-08T21:40:28+07:00 [32] DEBUG sql - [User=Tanut Choksatchawathi (tanut.cho@gmail.com)] MySql Query: SELECT q.*, r.name as resource_name, g.name as group_name, s.name as schedule_name
		FROM quotas q
		LEFT JOIN resources r ON r.resource_id = q.resource_id
		LEFT JOIN groups g ON g.group_id = q.group_id
		LEFT JOIN schedules s ON s.schedule_id = q.schedule_id;
2020-11-08T21:44:46+07:00 [22] DEBUG sql - [User=Tanut Choksatchawathi (tanut.cho@gmail.com)] MySql Query: SELECT g.*, admin_group.name as admin_group_name
		FROM groups g
		LEFT JOIN groups admin_group ON g.admin_group_id = admin_group.group_id
		ORDER BY g.name;
2020-11-08T21:44:47+07:00 [22] DEBUG sql - [User=Tanut Choksatchawathi (tanut.cho@gmail.com)] MySql Query: SELECT s.*, l.timezone FROM schedules s INNER JOIN layouts l ON s.layout_id = l.layout_id ORDER BY s.name;
2020-11-08T21:44:47+07:00 [22] DEBUG sql - [User=Tanut Choksatchawathi (tanut.cho@gmail.com)] MySql Query: SELECT r.*, s.admin_group_id as s_admin_group_id,
		(SELECT GROUP_CONCAT(CONCAT(cav.custom_attribute_id, '=', cav.attribute_value) SEPARATOR "!sep!")
						FROM custom_attribute_values cav WHERE cav.entity_id = r.resource_id AND cav.attribute_category = 4) as attribute_list,
		(SELECT GROUP_CONCAT(rga.resource_group_id SEPARATOR "!sep!") FROM resource_group_assignment rga WHERE rga.resource_id = r.resource_id) AS group_list
		FROM resources r
		INNER JOIN schedules s ON r.schedule_id = s.schedule_id
		ORDER BY COALESCE(r.sort_order,0), r.name;
2020-11-08T21:44:47+07:00 [22] DEBUG sql - [User=Tanut Choksatchawathi (tanut.cho@gmail.com)] MySql Query: SELECT q.*, r.name as resource_name, g.name as group_name, s.name as schedule_name
		FROM quotas q
		LEFT JOIN resources r ON r.resource_id = q.resource_id
		LEFT JOIN groups g ON g.group_id = q.group_id
		LEFT JOIN schedules s ON s.schedule_id = q.schedule_id;
2020-11-08T21:50:32+07:00 [16] DEBUG sql - [User=Tanut Choksatchawathi (tanut.cho@gmail.com)] MySql Query: SELECT g.*, admin_group.name as admin_group_name
		FROM groups g
		LEFT JOIN groups admin_group ON g.admin_group_id = admin_group.group_id
		ORDER BY g.name;
2020-11-08T21:50:33+07:00 [16] DEBUG sql - [User=Tanut Choksatchawathi (tanut.cho@gmail.com)] MySql Query: SELECT s.*, l.timezone FROM schedules s INNER JOIN layouts l ON s.layout_id = l.layout_id ORDER BY s.name;
2020-11-08T21:50:33+07:00 [16] DEBUG sql - [User=Tanut Choksatchawathi (tanut.cho@gmail.com)] MySql Query: SELECT r.*, s.admin_group_id as s_admin_group_id,
		(SELECT GROUP_CONCAT(CONCAT(cav.custom_attribute_id, '=', cav.attribute_value) SEPARATOR "!sep!")
						FROM custom_attribute_values cav WHERE cav.entity_id = r.resource_id AND cav.attribute_category = 4) as attribute_list,
		(SELECT GROUP_CONCAT(rga.resource_group_id SEPARATOR "!sep!") FROM resource_group_assignment rga WHERE rga.resource_id = r.resource_id) AS group_list
		FROM resources r
		INNER JOIN schedules s ON r.schedule_id = s.schedule_id
		ORDER BY COALESCE(r.sort_order,0), r.name;
2020-11-08T21:50:33+07:00 [16] DEBUG sql - [User=Tanut Choksatchawathi (tanut.cho@gmail.com)] MySql Query: SELECT q.*, r.name as resource_name, g.name as group_name, s.name as schedule_name
		FROM quotas q
		LEFT JOIN resources r ON r.resource_id = q.resource_id
		LEFT JOIN groups g ON g.group_id = q.group_id
		LEFT JOIN schedules s ON s.schedule_id = q.schedule_id;
2020-11-08T22:18:43+07:00 [27] DEBUG sql - [User=Tanut Choksatchawathi (tanut.cho@gmail.com)] MySql Query: SELECT g.*, admin_group.name as admin_group_name
		FROM groups g
		LEFT JOIN groups admin_group ON g.admin_group_id = admin_group.group_id
		ORDER BY g.name;
2020-11-08T22:18:43+07:00 [27] DEBUG sql - [User=Tanut Choksatchawathi (tanut.cho@gmail.com)] MySql Query: SELECT s.*, l.timezone FROM schedules s INNER JOIN layouts l ON s.layout_id = l.layout_id ORDER BY s.name;
2020-11-08T22:18:43+07:00 [27] DEBUG sql - [User=Tanut Choksatchawathi (tanut.cho@gmail.com)] MySql Query: SELECT r.*, s.admin_group_id as s_admin_group_id,
		(SELECT GROUP_CONCAT(CONCAT(cav.custom_attribute_id, '=', cav.attribute_value) SEPARATOR "!sep!")
						FROM custom_attribute_values cav WHERE cav.entity_id = r.resource_id AND cav.attribute_category = 4) as attribute_list,
		(SELECT GROUP_CONCAT(rga.resource_group_id SEPARATOR "!sep!") FROM resource_group_assignment rga WHERE rga.resource_id = r.resource_id) AS group_list
		FROM resources r
		INNER JOIN schedules s ON r.schedule_id = s.schedule_id
		ORDER BY COALESCE(r.sort_order,0), r.name;
2020-11-08T22:18:44+07:00 [27] DEBUG sql - [User=Tanut Choksatchawathi (tanut.cho@gmail.com)] MySql Query: SELECT q.*, r.name as resource_name, g.name as group_name, s.name as schedule_name
		FROM quotas q
		LEFT JOIN resources r ON r.resource_id = q.resource_id
		LEFT JOIN groups g ON g.group_id = q.group_id
		LEFT JOIN schedules s ON s.schedule_id = q.schedule_id;
2020-11-08T22:19:43+07:00 [18] DEBUG sql - [User=Tanut Choksatchawathi (tanut.cho@gmail.com)] MySql Query: SELECT g.*, admin_group.name as admin_group_name
		FROM groups g
		LEFT JOIN groups admin_group ON g.admin_group_id = admin_group.group_id
		ORDER BY g.name;
2020-11-08T22:19:44+07:00 [18] DEBUG sql - [User=Tanut Choksatchawathi (tanut.cho@gmail.com)] MySql Query: SELECT s.*, l.timezone FROM schedules s INNER JOIN layouts l ON s.layout_id = l.layout_id ORDER BY s.name;
2020-11-08T22:19:44+07:00 [18] DEBUG sql - [User=Tanut Choksatchawathi (tanut.cho@gmail.com)] MySql Query: SELECT r.*, s.admin_group_id as s_admin_group_id,
		(SELECT GROUP_CONCAT(CONCAT(cav.custom_attribute_id, '=', cav.attribute_value) SEPARATOR "!sep!")
						FROM custom_attribute_values cav WHERE cav.entity_id = r.resource_id AND cav.attribute_category = 4) as attribute_list,
		(SELECT GROUP_CONCAT(rga.resource_group_id SEPARATOR "!sep!") FROM resource_group_assignment rga WHERE rga.resource_id = r.resource_id) AS group_list
		FROM resources r
		INNER JOIN schedules s ON r.schedule_id = s.schedule_id
		 WHERE r.schedule_id = '22' AND ( r.status_id != '0' ) ORDER BY COALESCE(r.sort_order,0), r.name;
2020-11-08T22:19:44+07:00 [18] DEBUG sql - [User=Tanut Choksatchawathi (tanut.cho@gmail.com)] MySql Query: SELECT q.*, r.name as resource_name, g.name as group_name, s.name as schedule_name
		FROM quotas q
		LEFT JOIN resources r ON r.resource_id = q.resource_id
		LEFT JOIN groups g ON g.group_id = q.group_id
		LEFT JOIN schedules s ON s.schedule_id = q.schedule_id;
2020-11-08T23:37:44+07:00 [17] DEBUG sql - [User=Tanut Choksatchawathi (tanut.cho@gmail.com)] MySql Query: SELECT g.*, admin_group.name as admin_group_name
		FROM groups g
		LEFT JOIN groups admin_group ON g.admin_group_id = admin_group.group_id
		ORDER BY g.name;
2020-11-08T23:37:44+07:00 [17] DEBUG sql - [User=Tanut Choksatchawathi (tanut.cho@gmail.com)] MySql Query: SELECT s.*, l.timezone FROM schedules s INNER JOIN layouts l ON s.layout_id = l.layout_id ORDER BY s.name;
2020-11-08T23:37:45+07:00 [17] DEBUG sql - [User=Tanut Choksatchawathi (tanut.cho@gmail.com)] MySql Query: SELECT r.*, s.admin_group_id as s_admin_group_id,
		(SELECT GROUP_CONCAT(CONCAT(cav.custom_attribute_id, '=', cav.attribute_value) SEPARATOR "!sep!")
						FROM custom_attribute_values cav WHERE cav.entity_id = r.resource_id AND cav.attribute_category = 4) as attribute_list,
		(SELECT GROUP_CONCAT(rga.resource_group_id SEPARATOR "!sep!") FROM resource_group_assignment rga WHERE rga.resource_id = r.resource_id) AS group_list
		FROM resources r
		INNER JOIN schedules s ON r.schedule_id = s.schedule_id
		 WHERE r.schedule_id = '22' AND ( r.status_id != '0' ) ORDER BY COALESCE(r.sort_order,0), r.name;
2020-11-08T23:37:45+07:00 [17] DEBUG sql - [User=Tanut Choksatchawathi (tanut.cho@gmail.com)] MySql Query: SELECT q.*, r.name as resource_name, g.name as group_name, s.name as schedule_name
		FROM quotas q
		LEFT JOIN resources r ON r.resource_id = q.resource_id
		LEFT JOIN groups g ON g.group_id = q.group_id
		LEFT JOIN schedules s ON s.schedule_id = q.schedule_id;
