2019-01-31T10:13:27+07:00 [19785] DEBUG default - [User=Admin A. (Frc.booking@vistec.ac.th)] Action passed all validations [File=/home/gotit/domains/gotit.co.th/public_html/booking/Pages/ActionPage.php,Line=108]
2019-01-31T10:13:27+07:00 [19785] DEBUG default - [User=Admin A. (Frc.booking@vistec.ac.th)] Processing page action. Action addUserPermission [File=/home/gotit/domains/gotit.co.th/public_html/booking/Presenters/ActionPresenter.php,Line=88]
2019-01-31T10:13:29+07:00 [19785] DEBUG default - [User=Admin A. (Frc.booking@vistec.ac.th)] Action passed all validations [File=/home/gotit/domains/gotit.co.th/public_html/booking/Pages/ActionPage.php,Line=108]
2019-01-31T10:13:29+07:00 [19785] DEBUG default - [User=Admin A. (Frc.booking@vistec.ac.th)] Processing page action. Action removeUserPermission [File=/home/gotit/domains/gotit.co.th/public_html/booking/Presenters/ActionPresenter.php,Line=88]
2019-01-31T10:13:30+07:00 [19785] DEBUG default - [User=Admin A. (Frc.booking@vistec.ac.th)] Action passed all validations [File=/home/gotit/domains/gotit.co.th/public_html/booking/Pages/ActionPage.php,Line=108]
2019-01-31T10:13:30+07:00 [19785] DEBUG default - [User=Admin A. (Frc.booking@vistec.ac.th)] Processing page action. Action addGroupPermission [File=/home/gotit/domains/gotit.co.th/public_html/booking/Presenters/ActionPresenter.php,Line=88]
2019-01-31T10:13:31+07:00 [19785] DEBUG default - [User=Admin A. (Frc.booking@vistec.ac.th)] Action passed all validations [File=/home/gotit/domains/gotit.co.th/public_html/booking/Pages/ActionPage.php,Line=108]
2019-01-31T10:13:31+07:00 [19785] DEBUG default - [User=Admin A. (Frc.booking@vistec.ac.th)] Processing page action. Action addGroupPermission [File=/home/gotit/domains/gotit.co.th/public_html/booking/Presenters/ActionPresenter.php,Line=88]
2019-01-31T10:13:32+07:00 [19785] DEBUG default - [User=Admin A. (Frc.booking@vistec.ac.th)] Action passed all validations [File=/home/gotit/domains/gotit.co.th/public_html/booking/Pages/ActionPage.php,Line=108]
2019-01-31T10:13:32+07:00 [19785] DEBUG default - [User=Admin A. (Frc.booking@vistec.ac.th)] Processing page action. Action addGroupPermission [File=/home/gotit/domains/gotit.co.th/public_html/booking/Presenters/ActionPresenter.php,Line=88]
2019-01-31T10:13:32+07:00 [19785] DEBUG default - [User=Admin A. (Frc.booking@vistec.ac.th)] Action passed all validations [File=/home/gotit/domains/gotit.co.th/public_html/booking/Pages/ActionPage.php,Line=108]
2019-01-31T10:13:32+07:00 [19785] DEBUG default - [User=Admin A. (Frc.booking@vistec.ac.th)] Processing page action. Action addGroupPermission [File=/home/gotit/domains/gotit.co.th/public_html/booking/Presenters/ActionPresenter.php,Line=88]
2019-01-31T10:13:33+07:00 [19785] DEBUG default - [User=Admin A. (Frc.booking@vistec.ac.th)] Action passed all validations [File=/home/gotit/domains/gotit.co.th/public_html/booking/Pages/ActionPage.php,Line=108]
2019-01-31T10:13:33+07:00 [19785] DEBUG default - [User=Admin A. (Frc.booking@vistec.ac.th)] Processing page action. Action addGroupPermission [File=/home/gotit/domains/gotit.co.th/public_html/booking/Presenters/ActionPresenter.php,Line=88]
2019-01-31T10:13:34+07:00 [19785] DEBUG default - [User=Admin A. (Frc.booking@vistec.ac.th)] Action passed all validations [File=/home/gotit/domains/gotit.co.th/public_html/booking/Pages/ActionPage.php,Line=108]
2019-01-31T10:13:34+07:00 [19785] DEBUG default - [User=Admin A. (Frc.booking@vistec.ac.th)] Processing page action. Action addGroupPermission [File=/home/gotit/domains/gotit.co.th/public_html/booking/Presenters/ActionPresenter.php,Line=88]
2019-01-31T10:13:34+07:00 [19785] DEBUG default - [User=Admin A. (Frc.booking@vistec.ac.th)] Action passed all validations [File=/home/gotit/domains/gotit.co.th/public_html/booking/Pages/ActionPage.php,Line=108]
2019-01-31T10:13:34+07:00 [19785] DEBUG default - [User=Admin A. (Frc.booking@vistec.ac.th)] Processing page action. Action addGroupPermission [File=/home/gotit/domains/gotit.co.th/public_html/booking/Presenters/ActionPresenter.php,Line=88]
2019-01-31T10:13:35+07:00 [19785] DEBUG default - [User=Admin A. (Frc.booking@vistec.ac.th)] Action passed all validations [File=/home/gotit/domains/gotit.co.th/public_html/booking/Pages/ActionPage.php,Line=108]
2019-01-31T10:13:35+07:00 [19785] DEBUG default - [User=Admin A. (Frc.booking@vistec.ac.th)] Processing page action. Action addGroupPermission [File=/home/gotit/domains/gotit.co.th/public_html/booking/Presenters/ActionPresenter.php,Line=88]
2019-01-31T10:13:35+07:00 [19785] DEBUG default - [User=Admin A. (Frc.booking@vistec.ac.th)] Action passed all validations [File=/home/gotit/domains/gotit.co.th/public_html/booking/Pages/ActionPage.php,Line=108]
2019-01-31T10:13:35+07:00 [19785] DEBUG default - [User=Admin A. (Frc.booking@vistec.ac.th)] Processing page action. Action addGroupPermission [File=/home/gotit/domains/gotit.co.th/public_html/booking/Presenters/ActionPresenter.php,Line=88]
2019-01-31T10:13:36+07:00 [19785] DEBUG default - [User=Admin A. (Frc.booking@vistec.ac.th)] Action passed all validations [File=/home/gotit/domains/gotit.co.th/public_html/booking/Pages/ActionPage.php,Line=108]
2019-01-31T10:13:36+07:00 [19785] DEBUG default - [User=Admin A. (Frc.booking@vistec.ac.th)] Processing page action. Action addGroupPermission [File=/home/gotit/domains/gotit.co.th/public_html/booking/Presenters/ActionPresenter.php,Line=88]
2019-01-31T10:13:37+07:00 [19785] DEBUG default - [User=Admin A. (Frc.booking@vistec.ac.th)] Action passed all validations [File=/home/gotit/domains/gotit.co.th/public_html/booking/Pages/ActionPage.php,Line=108]
2019-01-31T10:13:37+07:00 [19785] DEBUG default - [User=Admin A. (Frc.booking@vistec.ac.th)] Processing page action. Action addGroupPermission [File=/home/gotit/domains/gotit.co.th/public_html/booking/Presenters/ActionPresenter.php,Line=88]
2019-01-31T10:13:37+07:00 [19785] DEBUG default - [User=Admin A. (Frc.booking@vistec.ac.th)] Action passed all validations [File=/home/gotit/domains/gotit.co.th/public_html/booking/Pages/ActionPage.php,Line=108]
2019-01-31T10:13:37+07:00 [19785] DEBUG default - [User=Admin A. (Frc.booking@vistec.ac.th)] Processing page action. Action addGroupPermission [File=/home/gotit/domains/gotit.co.th/public_html/booking/Presenters/ActionPresenter.php,Line=88]
2019-01-31T10:13:38+07:00 [19785] DEBUG default - [User=Admin A. (Frc.booking@vistec.ac.th)] Action passed all validations [File=/home/gotit/domains/gotit.co.th/public_html/booking/Pages/ActionPage.php,Line=108]
2019-01-31T10:13:38+07:00 [19785] DEBUG default - [User=Admin A. (Frc.booking@vistec.ac.th)] Processing page action. Action addGroupPermission [File=/home/gotit/domains/gotit.co.th/public_html/booking/Presenters/ActionPresenter.php,Line=88]
2019-01-31T10:13:46+07:00 [19799] DEBUG default - [User=Admin A. (Frc.booking@vistec.ac.th)] Action passed all validations [File=/home/gotit/domains/gotit.co.th/public_html/booking/Pages/ActionPage.php,Line=108]
2019-01-31T10:13:46+07:00 [19799] DEBUG default - [User=Admin A. (Frc.booking@vistec.ac.th)] Processing page action. Action removeGroupPermission [File=/home/gotit/domains/gotit.co.th/public_html/booking/Presenters/ActionPresenter.php,Line=88]
2019-01-31T10:13:49+07:00 [19799] DEBUG default - [User=Admin A. (Frc.booking@vistec.ac.th)] Action passed all validations [File=/home/gotit/domains/gotit.co.th/public_html/booking/Pages/ActionPage.php,Line=108]
2019-01-31T10:13:49+07:00 [19799] DEBUG default - [User=Admin A. (Frc.booking@vistec.ac.th)] Processing page action. Action addGroupPermission [File=/home/gotit/domains/gotit.co.th/public_html/booking/Presenters/ActionPresenter.php,Line=88]
2019-01-31T10:14:44+07:00 [20106] DEBUG default - [User=Admin A. (Frc.booking@vistec.ac.th)] Action passed all validations [File=/home/gotit/domains/gotit.co.th/public_html/booking/Pages/ActionPage.php,Line=108]
2019-01-31T10:14:44+07:00 [20106] DEBUG default - [User=Admin A. (Frc.booking@vistec.ac.th)] Processing page action. Action removeGroupPermission [File=/home/gotit/domains/gotit.co.th/public_html/booking/Presenters/ActionPresenter.php,Line=88]
2019-01-31T10:14:44+07:00 [20106] DEBUG default - [User=Admin A. (Frc.booking@vistec.ac.th)] Action passed all validations [File=/home/gotit/domains/gotit.co.th/public_html/booking/Pages/ActionPage.php,Line=108]
2019-01-31T10:14:44+07:00 [20106] DEBUG default - [User=Admin A. (Frc.booking@vistec.ac.th)] Processing page action. Action removeGroupPermission [File=/home/gotit/domains/gotit.co.th/public_html/booking/Presenters/ActionPresenter.php,Line=88]
2019-01-31T10:14:45+07:00 [20106] DEBUG default - [User=Admin A. (Frc.booking@vistec.ac.th)] Action passed all validations [File=/home/gotit/domains/gotit.co.th/public_html/booking/Pages/ActionPage.php,Line=108]
2019-01-31T10:14:45+07:00 [20106] DEBUG default - [User=Admin A. (Frc.booking@vistec.ac.th)] Processing page action. Action removeGroupPermission [File=/home/gotit/domains/gotit.co.th/public_html/booking/Presenters/ActionPresenter.php,Line=88]
2019-01-31T10:14:45+07:00 [20112] DEBUG default - [User=Admin A. (Frc.booking@vistec.ac.th)] Action passed all validations [File=/home/gotit/domains/gotit.co.th/public_html/booking/Pages/ActionPage.php,Line=108]
2019-01-31T10:14:45+07:00 [20112] DEBUG default - [User=Admin A. (Frc.booking@vistec.ac.th)] Processing page action. Action removeGroupPermission [File=/home/gotit/domains/gotit.co.th/public_html/booking/Presenters/ActionPresenter.php,Line=88]
2019-01-31T10:14:46+07:00 [20112] DEBUG default - [User=Admin A. (Frc.booking@vistec.ac.th)] Action passed all validations [File=/home/gotit/domains/gotit.co.th/public_html/booking/Pages/ActionPage.php,Line=108]
2019-01-31T10:14:46+07:00 [20112] DEBUG default - [User=Admin A. (Frc.booking@vistec.ac.th)] Processing page action. Action removeGroupPermission [File=/home/gotit/domains/gotit.co.th/public_html/booking/Presenters/ActionPresenter.php,Line=88]
2019-01-31T10:14:47+07:00 [20106] DEBUG default - [User=Admin A. (Frc.booking@vistec.ac.th)] Action passed all validations [File=/home/gotit/domains/gotit.co.th/public_html/booking/Pages/ActionPage.php,Line=108]
2019-01-31T10:14:47+07:00 [20106] DEBUG default - [User=Admin A. (Frc.booking@vistec.ac.th)] Processing page action. Action removeGroupPermission [File=/home/gotit/domains/gotit.co.th/public_html/booking/Presenters/ActionPresenter.php,Line=88]
2019-01-31T10:14:47+07:00 [20112] DEBUG default - [User=Admin A. (Frc.booking@vistec.ac.th)] Action passed all validations [File=/home/gotit/domains/gotit.co.th/public_html/booking/Pages/ActionPage.php,Line=108]
2019-01-31T10:14:47+07:00 [20112] DEBUG default - [User=Admin A. (Frc.booking@vistec.ac.th)] Processing page action. Action removeGroupPermission [File=/home/gotit/domains/gotit.co.th/public_html/booking/Presenters/ActionPresenter.php,Line=88]
2019-01-31T10:14:48+07:00 [20112] DEBUG default - [User=Admin A. (Frc.booking@vistec.ac.th)] Action passed all validations [File=/home/gotit/domains/gotit.co.th/public_html/booking/Pages/ActionPage.php,Line=108]
2019-01-31T10:14:48+07:00 [20112] DEBUG default - [User=Admin A. (Frc.booking@vistec.ac.th)] Processing page action. Action removeGroupPermission [File=/home/gotit/domains/gotit.co.th/public_html/booking/Presenters/ActionPresenter.php,Line=88]
2019-01-31T10:14:49+07:00 [20112] DEBUG default - [User=Admin A. (Frc.booking@vistec.ac.th)] Action passed all validations [File=/home/gotit/domains/gotit.co.th/public_html/booking/Pages/ActionPage.php,Line=108]
2019-01-31T10:14:49+07:00 [20112] DEBUG default - [User=Admin A. (Frc.booking@vistec.ac.th)] Processing page action. Action removeGroupPermission [File=/home/gotit/domains/gotit.co.th/public_html/booking/Presenters/ActionPresenter.php,Line=88]
2019-01-31T10:14:49+07:00 [20112] DEBUG default - [User=Admin A. (Frc.booking@vistec.ac.th)] Action passed all validations [File=/home/gotit/domains/gotit.co.th/public_html/booking/Pages/ActionPage.php,Line=108]
2019-01-31T10:14:49+07:00 [20112] DEBUG default - [User=Admin A. (Frc.booking@vistec.ac.th)] Processing page action. Action removeGroupPermission [File=/home/gotit/domains/gotit.co.th/public_html/booking/Presenters/ActionPresenter.php,Line=88]
2019-01-31T10:14:50+07:00 [20112] DEBUG default - [User=Admin A. (Frc.booking@vistec.ac.th)] Action passed all validations [File=/home/gotit/domains/gotit.co.th/public_html/booking/Pages/ActionPage.php,Line=108]
2019-01-31T10:14:50+07:00 [20112] DEBUG default - [User=Admin A. (Frc.booking@vistec.ac.th)] Processing page action. Action removeGroupPermission [File=/home/gotit/domains/gotit.co.th/public_html/booking/Presenters/ActionPresenter.php,Line=88]
2019-01-31T10:14:51+07:00 [20112] DEBUG default - [User=Admin A. (Frc.booking@vistec.ac.th)] Action passed all validations [File=/home/gotit/domains/gotit.co.th/public_html/booking/Pages/ActionPage.php,Line=108]
2019-01-31T10:14:51+07:00 [20112] DEBUG default - [User=Admin A. (Frc.booking@vistec.ac.th)] Processing page action. Action removeGroupPermission [File=/home/gotit/domains/gotit.co.th/public_html/booking/Presenters/ActionPresenter.php,Line=88]
2019-01-31T10:14:51+07:00 [20112] DEBUG default - [User=Admin A. (Frc.booking@vistec.ac.th)] Action passed all validations [File=/home/gotit/domains/gotit.co.th/public_html/booking/Pages/ActionPage.php,Line=108]
2019-01-31T10:14:51+07:00 [20112] DEBUG default - [User=Admin A. (Frc.booking@vistec.ac.th)] Processing page action. Action removeGroupPermission [File=/home/gotit/domains/gotit.co.th/public_html/booking/Presenters/ActionPresenter.php,Line=88]
2019-01-31T10:14:53+07:00 [20112] DEBUG default - [User=Admin A. (Frc.booking@vistec.ac.th)] Action passed all validations [File=/home/gotit/domains/gotit.co.th/public_html/booking/Pages/ActionPage.php,Line=108]
2019-01-31T10:14:53+07:00 [20112] DEBUG default - [User=Admin A. (Frc.booking@vistec.ac.th)] Processing page action. Action removeGroupPermission [File=/home/gotit/domains/gotit.co.th/public_html/booking/Presenters/ActionPresenter.php,Line=88]
2019-01-31T10:14:55+07:00 [20112] DEBUG default - [User=Admin A. (Frc.booking@vistec.ac.th)] Action passed all validations [File=/home/gotit/domains/gotit.co.th/public_html/booking/Pages/ActionPage.php,Line=108]
2019-01-31T10:14:55+07:00 [20112] DEBUG default - [User=Admin A. (Frc.booking@vistec.ac.th)] Processing page action. Action removeGroupPermission [File=/home/gotit/domains/gotit.co.th/public_html/booking/Presenters/ActionPresenter.php,Line=88]
2019-01-31T10:15:35+07:00 [21028] DEBUG default - [User=Admin A. (Frc.booking@vistec.ac.th)] Action passed all validations [File=/home/gotit/domains/gotit.co.th/public_html/booking/Pages/ActionPage.php,Line=108]
2019-01-31T10:15:35+07:00 [21028] DEBUG default - [User=Admin A. (Frc.booking@vistec.ac.th)] Processing page action. Action changeAttribute [File=/home/gotit/domains/gotit.co.th/public_html/booking/Presenters/ActionPresenter.php,Line=88]
2019-01-31T10:15:35+07:00 [21028] DEBUG default - [User=Admin A. (Frc.booking@vistec.ac.th)] Changing attributes. ResourceId=22, AttributeId=29, Value=MULTIRAM / BRUKER [File=/home/gotit/domains/gotit.co.th/public_html/booking/Presenters/Admin/ManageResourcesPresenter.php,Line=486]
2019-01-31T10:16:26+07:00 [21184] DEBUG default - [User=Admin A. (Frc.booking@vistec.ac.th)] Action passed all validations [File=/home/gotit/domains/gotit.co.th/public_html/booking/Pages/ActionPage.php,Line=108]
2019-01-31T10:16:26+07:00 [21184] DEBUG default - [User=Admin A. (Frc.booking@vistec.ac.th)] Processing page action. Action addUserPermission [File=/home/gotit/domains/gotit.co.th/public_html/booking/Presenters/ActionPresenter.php,Line=88]
2019-01-31T10:16:31+07:00 [21184] DEBUG default - [User=Admin A. (Frc.booking@vistec.ac.th)] Action passed all validations [File=/home/gotit/domains/gotit.co.th/public_html/booking/Pages/ActionPage.php,Line=108]
2019-01-31T10:16:31+07:00 [21184] DEBUG default - [User=Admin A. (Frc.booking@vistec.ac.th)] Processing page action. Action addUserPermission [File=/home/gotit/domains/gotit.co.th/public_html/booking/Presenters/ActionPresenter.php,Line=88]
2019-01-31T10:17:05+07:00 [21184] DEBUG default - [User=Admin A. (Frc.booking@vistec.ac.th)] Action passed all validations [File=/home/gotit/domains/gotit.co.th/public_html/booking/Pages/ActionPage.php,Line=108]
2019-01-31T10:17:05+07:00 [21184] DEBUG default - [User=Admin A. (Frc.booking@vistec.ac.th)] Processing page action. Action addUserPermission [File=/home/gotit/domains/gotit.co.th/public_html/booking/Presenters/ActionPresenter.php,Line=88]
2019-01-31T10:17:34+07:00 [21607] DEBUG default - [User=Admin A. (Frc.booking@vistec.ac.th)] Action passed all validations [File=/home/gotit/domains/gotit.co.th/public_html/booking/Pages/ActionPage.php,Line=108]
2019-01-31T10:17:34+07:00 [21607] DEBUG default - [User=Admin A. (Frc.booking@vistec.ac.th)] Processing page action. Action addUserPermission [File=/home/gotit/domains/gotit.co.th/public_html/booking/Presenters/ActionPresenter.php,Line=88]
2019-01-31T10:18:04+07:00 [21602] DEBUG default - [User=Admin A. (Frc.booking@vistec.ac.th)] Action passed all validations [File=/home/gotit/domains/gotit.co.th/public_html/booking/Pages/ActionPage.php,Line=108]
2019-01-31T10:18:04+07:00 [21602] DEBUG default - [User=Admin A. (Frc.booking@vistec.ac.th)] Processing page action. Action image [File=/home/gotit/domains/gotit.co.th/public_html/booking/Presenters/ActionPresenter.php,Line=88]
2019-01-31T10:18:04+07:00 [21602] DEBUG default - [User=Admin A. (Frc.booking@vistec.ac.th)] Changing resource image for resource id 25 [File=/home/gotit/domains/gotit.co.th/public_html/booking/Presenters/Admin/ManageResourcesPresenter.php,Line=344]
2019-01-31T10:18:04+07:00 [21602] DEBUG default - [User=Admin A. (Frc.booking@vistec.ac.th)] Saving resource image ../../Web/uploads/images/resource25.jpg [File=/home/gotit/domains/gotit.co.th/public_html/booking/Presenters/Admin/ManageResourcesPresenter.php,Line=402]
2019-01-31T10:18:19+07:00 [21607] DEBUG default - [User=Admin A. (Frc.booking@vistec.ac.th)] Action passed all validations [File=/home/gotit/domains/gotit.co.th/public_html/booking/Pages/ActionPage.php,Line=108]
2019-01-31T10:18:19+07:00 [21607] DEBUG default - [User=Admin A. (Frc.booking@vistec.ac.th)] Processing page action. Action addUserPermission [File=/home/gotit/domains/gotit.co.th/public_html/booking/Presenters/ActionPresenter.php,Line=88]
2019-01-31T10:18:50+07:00 [22062] DEBUG default - [User=Admin A. (Frc.booking@vistec.ac.th)] Action passed all validations [File=/home/gotit/domains/gotit.co.th/public_html/booking/Pages/ActionPage.php,Line=108]
2019-01-31T10:18:50+07:00 [22062] DEBUG default - [User=Admin A. (Frc.booking@vistec.ac.th)] Processing page action. Action addUserPermission [File=/home/gotit/domains/gotit.co.th/public_html/booking/Presenters/ActionPresenter.php,Line=88]
2019-01-31T10:19:57+07:00 [22422] DEBUG default - [User=Admin A. (Frc.booking@vistec.ac.th)] Action passed all validations [File=/home/gotit/domains/gotit.co.th/public_html/booking/Pages/ActionPage.php,Line=108]
2019-01-31T10:19:57+07:00 [22422] DEBUG default - [User=Admin A. (Frc.booking@vistec.ac.th)] Processing page action. Action addUserPermission [File=/home/gotit/domains/gotit.co.th/public_html/booking/Presenters/ActionPresenter.php,Line=88]
2019-01-31T10:20:03+07:00 [22422] DEBUG default - [User=Admin A. (Frc.booking@vistec.ac.th)] Action passed all validations [File=/home/gotit/domains/gotit.co.th/public_html/booking/Pages/ActionPage.php,Line=108]
2019-01-31T10:20:03+07:00 [22422] DEBUG default - [User=Admin A. (Frc.booking@vistec.ac.th)] Processing page action. Action addUserPermission [File=/home/gotit/domains/gotit.co.th/public_html/booking/Presenters/ActionPresenter.php,Line=88]
2019-01-31T10:20:17+07:00 [22422] DEBUG default - [User=Admin A. (Frc.booking@vistec.ac.th)] Action passed all validations [File=/home/gotit/domains/gotit.co.th/public_html/booking/Pages/ActionPage.php,Line=108]
2019-01-31T10:20:17+07:00 [22422] DEBUG default - [User=Admin A. (Frc.booking@vistec.ac.th)] Processing page action. Action addUserPermission [File=/home/gotit/domains/gotit.co.th/public_html/booking/Presenters/ActionPresenter.php,Line=88]
2019-01-31T10:20:35+07:00 [22719] DEBUG default - [User=Admin A. (Frc.booking@vistec.ac.th)] Action passed all validations [File=/home/gotit/domains/gotit.co.th/public_html/booking/Pages/ActionPage.php,Line=108]
2019-01-31T10:20:35+07:00 [22719] DEBUG default - [User=Admin A. (Frc.booking@vistec.ac.th)] Processing page action. Action addUserPermission [File=/home/gotit/domains/gotit.co.th/public_html/booking/Presenters/ActionPresenter.php,Line=88]
2019-01-31T10:20:47+07:00 [22719] DEBUG default - [User=Admin A. (Frc.booking@vistec.ac.th)] Action passed all validations [File=/home/gotit/domains/gotit.co.th/public_html/booking/Pages/ActionPage.php,Line=108]
2019-01-31T10:20:47+07:00 [22719] DEBUG default - [User=Admin A. (Frc.booking@vistec.ac.th)] Processing page action. Action addUserPermission [File=/home/gotit/domains/gotit.co.th/public_html/booking/Presenters/ActionPresenter.php,Line=88]
2019-01-31T10:20:55+07:00 [22422] DEBUG default - [User=Admin A. (Frc.booking@vistec.ac.th)] Action passed all validations [File=/home/gotit/domains/gotit.co.th/public_html/booking/Pages/ActionPage.php,Line=108]
2019-01-31T10:20:55+07:00 [22422] DEBUG default - [User=Admin A. (Frc.booking@vistec.ac.th)] Processing page action. Action addUserPermission [File=/home/gotit/domains/gotit.co.th/public_html/booking/Presenters/ActionPresenter.php,Line=88]
2019-01-31T10:22:08+07:00 [23156] DEBUG default - [User=Admin A. (Frc.booking@vistec.ac.th)] Action passed all validations [File=/home/gotit/domains/gotit.co.th/public_html/booking/Pages/ActionPage.php,Line=108]
2019-01-31T10:22:08+07:00 [23156] DEBUG default - [User=Admin A. (Frc.booking@vistec.ac.th)] Processing page action. Action addUserPermission [File=/home/gotit/domains/gotit.co.th/public_html/booking/Presenters/ActionPresenter.php,Line=88]
2019-01-31T10:22:35+07:00 [23241] DEBUG default - [User=Admin A. (Frc.booking@vistec.ac.th)] Action passed all validations [File=/home/gotit/domains/gotit.co.th/public_html/booking/Pages/ActionPage.php,Line=108]
2019-01-31T10:22:35+07:00 [23241] DEBUG default - [User=Admin A. (Frc.booking@vistec.ac.th)] Processing page action. Action addUserPermission [File=/home/gotit/domains/gotit.co.th/public_html/booking/Presenters/ActionPresenter.php,Line=88]
2019-01-31T10:22:37+07:00 [23241] DEBUG default - [User=Admin A. (Frc.booking@vistec.ac.th)] Action passed all validations [File=/home/gotit/domains/gotit.co.th/public_html/booking/Pages/ActionPage.php,Line=108]
2019-01-31T10:22:37+07:00 [23241] DEBUG default - [User=Admin A. (Frc.booking@vistec.ac.th)] Processing page action. Action addUserPermission [File=/home/gotit/domains/gotit.co.th/public_html/booking/Presenters/ActionPresenter.php,Line=88]
2019-01-31T10:22:51+07:00 [23241] DEBUG default - [User=Admin A. (Frc.booking@vistec.ac.th)] Action passed all validations [File=/home/gotit/domains/gotit.co.th/public_html/booking/Pages/ActionPage.php,Line=108]
2019-01-31T10:22:51+07:00 [23241] DEBUG default - [User=Admin A. (Frc.booking@vistec.ac.th)] Processing page action. Action addUserPermission [File=/home/gotit/domains/gotit.co.th/public_html/booking/Presenters/ActionPresenter.php,Line=88]
2019-01-31T10:22:55+07:00 [23156] DEBUG default - [User=Admin A. (Frc.booking@vistec.ac.th)] Action passed all validations [File=/home/gotit/domains/gotit.co.th/public_html/booking/Pages/ActionPage.php,Line=108]
2019-01-31T10:22:55+07:00 [23156] DEBUG default - [User=Admin A. (Frc.booking@vistec.ac.th)] Processing page action. Action addUserPermission [File=/home/gotit/domains/gotit.co.th/public_html/booking/Presenters/ActionPresenter.php,Line=88]
2019-01-31T10:23:27+07:00 [23156] DEBUG default - [User=Admin A. (Frc.booking@vistec.ac.th)] Action passed all validations [File=/home/gotit/domains/gotit.co.th/public_html/booking/Pages/ActionPage.php,Line=108]
2019-01-31T10:23:27+07:00 [23156] DEBUG default - [User=Admin A. (Frc.booking@vistec.ac.th)] Processing page action. Action addUserPermission [File=/home/gotit/domains/gotit.co.th/public_html/booking/Presenters/ActionPresenter.php,Line=88]
2019-01-31T10:23:29+07:00 [23241] DEBUG default - [User=Admin A. (Frc.booking@vistec.ac.th)] Action passed all validations [File=/home/gotit/domains/gotit.co.th/public_html/booking/Pages/ActionPage.php,Line=108]
2019-01-31T10:23:29+07:00 [23241] DEBUG default - [User=Admin A. (Frc.booking@vistec.ac.th)] Processing page action. Action addUserPermission [File=/home/gotit/domains/gotit.co.th/public_html/booking/Presenters/ActionPresenter.php,Line=88]
2019-01-31T10:24:41+07:00 [23838] DEBUG default - [User=Admin A. (Frc.booking@vistec.ac.th)] Action passed all validations [File=/home/gotit/domains/gotit.co.th/public_html/booking/Pages/ActionPage.php,Line=108]
2019-01-31T10:24:41+07:00 [23838] DEBUG default - [User=Admin A. (Frc.booking@vistec.ac.th)] Processing page action. Action addUserPermission [File=/home/gotit/domains/gotit.co.th/public_html/booking/Presenters/ActionPresenter.php,Line=88]
2019-01-31T10:24:52+07:00 [23838] DEBUG default - [User=Admin A. (Frc.booking@vistec.ac.th)] Action passed all validations [File=/home/gotit/domains/gotit.co.th/public_html/booking/Pages/ActionPage.php,Line=108]
2019-01-31T10:24:52+07:00 [23838] DEBUG default - [User=Admin A. (Frc.booking@vistec.ac.th)] Processing page action. Action addUserPermission [File=/home/gotit/domains/gotit.co.th/public_html/booking/Presenters/ActionPresenter.php,Line=88]
2019-01-31T10:25:01+07:00 [23838] DEBUG default - [User=Admin A. (Frc.booking@vistec.ac.th)] Action passed all validations [File=/home/gotit/domains/gotit.co.th/public_html/booking/Pages/ActionPage.php,Line=108]
2019-01-31T10:25:01+07:00 [23838] DEBUG default - [User=Admin A. (Frc.booking@vistec.ac.th)] Processing page action. Action addUserPermission [File=/home/gotit/domains/gotit.co.th/public_html/booking/Presenters/ActionPresenter.php,Line=88]
2019-01-31T10:25:40+07:00 [23838] DEBUG default - [User=Admin A. (Frc.booking@vistec.ac.th)] Action passed all validations [File=/home/gotit/domains/gotit.co.th/public_html/booking/Pages/ActionPage.php,Line=108]
2019-01-31T10:25:40+07:00 [23838] DEBUG default - [User=Admin A. (Frc.booking@vistec.ac.th)] Processing page action. Action addUserPermission [File=/home/gotit/domains/gotit.co.th/public_html/booking/Presenters/ActionPresenter.php,Line=88]
2019-01-31T10:25:51+07:00 [24217] DEBUG default - [User=Admin A. (Frc.booking@vistec.ac.th)] Action passed all validations [File=/home/gotit/domains/gotit.co.th/public_html/booking/Pages/ActionPage.php,Line=108]
2019-01-31T10:25:51+07:00 [24217] DEBUG default - [User=Admin A. (Frc.booking@vistec.ac.th)] Processing page action. Action addUserPermission [File=/home/gotit/domains/gotit.co.th/public_html/booking/Presenters/ActionPresenter.php,Line=88]
2019-01-31T10:26:02+07:00 [23838] DEBUG default - [User=Admin A. (Frc.booking@vistec.ac.th)] Action passed all validations [File=/home/gotit/domains/gotit.co.th/public_html/booking/Pages/ActionPage.php,Line=108]
2019-01-31T10:26:02+07:00 [23838] DEBUG default - [User=Admin A. (Frc.booking@vistec.ac.th)] Processing page action. Action addUserPermission [File=/home/gotit/domains/gotit.co.th/public_html/booking/Presenters/ActionPresenter.php,Line=88]
2019-01-31T10:28:02+07:00 [24537] DEBUG default - [User=Admin A. (Frc.booking@vistec.ac.th)] Action passed all validations [File=/home/gotit/domains/gotit.co.th/public_html/booking/Pages/ActionPage.php,Line=108]
2019-01-31T10:28:02+07:00 [24537] DEBUG default - [User=Admin A. (Frc.booking@vistec.ac.th)] Processing page action. Action addUserPermission [File=/home/gotit/domains/gotit.co.th/public_html/booking/Presenters/ActionPresenter.php,Line=88]
2019-01-31T10:29:05+07:00 [24537] DEBUG default - [User=Admin A. (Frc.booking@vistec.ac.th)] Action passed all validations [File=/home/gotit/domains/gotit.co.th/public_html/booking/Pages/ActionPage.php,Line=108]
2019-01-31T10:29:05+07:00 [24537] DEBUG default - [User=Admin A. (Frc.booking@vistec.ac.th)] Processing page action. Action addUserPermission [File=/home/gotit/domains/gotit.co.th/public_html/booking/Presenters/ActionPresenter.php,Line=88]
2019-01-31T10:29:30+07:00 [24537] DEBUG default - [User=Admin A. (Frc.booking@vistec.ac.th)] Action passed all validations [File=/home/gotit/domains/gotit.co.th/public_html/booking/Pages/ActionPage.php,Line=108]
2019-01-31T10:29:30+07:00 [24537] DEBUG default - [User=Admin A. (Frc.booking@vistec.ac.th)] Processing page action. Action addUserPermission [File=/home/gotit/domains/gotit.co.th/public_html/booking/Presenters/ActionPresenter.php,Line=88]
2019-01-31T10:29:42+07:00 [24537] DEBUG default - [User=Admin A. (Frc.booking@vistec.ac.th)] Action passed all validations [File=/home/gotit/domains/gotit.co.th/public_html/booking/Pages/ActionPage.php,Line=108]
2019-01-31T10:29:42+07:00 [24537] DEBUG default - [User=Admin A. (Frc.booking@vistec.ac.th)] Processing page action. Action addUserPermission [File=/home/gotit/domains/gotit.co.th/public_html/booking/Presenters/ActionPresenter.php,Line=88]
2019-01-31T10:29:49+07:00 [24537] DEBUG default - [User=Admin A. (Frc.booking@vistec.ac.th)] Action passed all validations [File=/home/gotit/domains/gotit.co.th/public_html/booking/Pages/ActionPage.php,Line=108]
2019-01-31T10:29:49+07:00 [24537] DEBUG default - [User=Admin A. (Frc.booking@vistec.ac.th)] Processing page action. Action addUserPermission [File=/home/gotit/domains/gotit.co.th/public_html/booking/Presenters/ActionPresenter.php,Line=88]
2019-01-31T10:30:34+07:00 [25197] DEBUG default - [User=Admin A. (Frc.booking@vistec.ac.th)] Action passed all validations [File=/home/gotit/domains/gotit.co.th/public_html/booking/Pages/ActionPage.php,Line=108]
2019-01-31T10:30:34+07:00 [25197] DEBUG default - [User=Admin A. (Frc.booking@vistec.ac.th)] Processing page action. Action addUserPermission [File=/home/gotit/domains/gotit.co.th/public_html/booking/Presenters/ActionPresenter.php,Line=88]
2019-01-31T10:30:51+07:00 [24537] DEBUG default - [User=Admin A. (Frc.booking@vistec.ac.th)] Action passed all validations [File=/home/gotit/domains/gotit.co.th/public_html/booking/Pages/ActionPage.php,Line=108]
2019-01-31T10:30:51+07:00 [24537] DEBUG default - [User=Admin A. (Frc.booking@vistec.ac.th)] Processing page action. Action addUserPermission [File=/home/gotit/domains/gotit.co.th/public_html/booking/Presenters/ActionPresenter.php,Line=88]
2019-01-31T10:31:06+07:00 [25197] DEBUG default - [User=Admin A. (Frc.booking@vistec.ac.th)] Action passed all validations [File=/home/gotit/domains/gotit.co.th/public_html/booking/Pages/ActionPage.php,Line=108]
2019-01-31T10:31:06+07:00 [25197] DEBUG default - [User=Admin A. (Frc.booking@vistec.ac.th)] Processing page action. Action addUserPermission [File=/home/gotit/domains/gotit.co.th/public_html/booking/Presenters/ActionPresenter.php,Line=88]
2019-01-31T10:37:48+07:00 [27144] DEBUG default - [User=Admin A. (Frc.booking@vistec.ac.th)] Action passed all validations [File=/home/gotit/domains/gotit.co.th/public_html/booking/Pages/ActionPage.php,Line=108]
2019-01-31T10:37:48+07:00 [27144] DEBUG default - [User=Admin A. (Frc.booking@vistec.ac.th)] Processing page action. Action image [File=/home/gotit/domains/gotit.co.th/public_html/booking/Presenters/ActionPresenter.php,Line=88]
2019-01-31T10:37:48+07:00 [27144] DEBUG default - [User=Admin A. (Frc.booking@vistec.ac.th)] Changing resource image for resource id 23 [File=/home/gotit/domains/gotit.co.th/public_html/booking/Presenters/Admin/ManageResourcesPresenter.php,Line=344]
2019-01-31T10:37:48+07:00 [27144] DEBUG default - [User=Admin A. (Frc.booking@vistec.ac.th)] Saving resource image ../../Web/uploads/images/resource23.jpg [File=/home/gotit/domains/gotit.co.th/public_html/booking/Presenters/Admin/ManageResourcesPresenter.php,Line=402]
2019-01-31T10:41:38+07:00 [27892] DEBUG default - [User=Admin A. (Frc.booking@vistec.ac.th)] Action passed all validations [File=/home/gotit/domains/gotit.co.th/public_html/booking/Pages/ActionPage.php,Line=108]
2019-01-31T10:41:38+07:00 [27892] DEBUG default - [User=Admin A. (Frc.booking@vistec.ac.th)] Processing page action. Action image [File=/home/gotit/domains/gotit.co.th/public_html/booking/Presenters/ActionPresenter.php,Line=88]
2019-01-31T10:41:38+07:00 [27892] DEBUG default - [User=Admin A. (Frc.booking@vistec.ac.th)] Changing resource image for resource id 22 [File=/home/gotit/domains/gotit.co.th/public_html/booking/Presenters/Admin/ManageResourcesPresenter.php,Line=344]
2019-01-31T10:41:38+07:00 [27892] DEBUG default - [User=Admin A. (Frc.booking@vistec.ac.th)] Saving resource image ../../Web/uploads/images/resource22.jpg [File=/home/gotit/domains/gotit.co.th/public_html/booking/Presenters/Admin/ManageResourcesPresenter.php,Line=402]
2019-01-31T11:02:07+07:00 [937] DEBUG default - [User=Admin A. (Frc.booking@vistec.ac.th)] Action passed all validations [File=/home/gotit/domains/gotit.co.th/public_html/booking/Pages/ActionPage.php,Line=108]
2019-01-31T11:02:07+07:00 [937] DEBUG default - [User=Admin A. (Frc.booking@vistec.ac.th)] Processing page action. Action image [File=/home/gotit/domains/gotit.co.th/public_html/booking/Presenters/ActionPresenter.php,Line=88]
2019-01-31T11:02:07+07:00 [937] DEBUG default - [User=Admin A. (Frc.booking@vistec.ac.th)] Changing resource image for resource id 13 [File=/home/gotit/domains/gotit.co.th/public_html/booking/Presenters/Admin/ManageResourcesPresenter.php,Line=344]
2019-01-31T11:02:07+07:00 [937] DEBUG default - [User=Admin A. (Frc.booking@vistec.ac.th)] Saving resource image ../../Web/uploads/images/resource13.jpg [File=/home/gotit/domains/gotit.co.th/public_html/booking/Presenters/Admin/ManageResourcesPresenter.php,Line=402]
2019-01-31T11:02:31+07:00 [937] DEBUG default - [User=Admin A. (Frc.booking@vistec.ac.th)] Action passed all validations [File=/home/gotit/domains/gotit.co.th/public_html/booking/Pages/ActionPage.php,Line=108]
2019-01-31T11:02:31+07:00 [937] DEBUG default - [User=Admin A. (Frc.booking@vistec.ac.th)] Processing page action. Action image [File=/home/gotit/domains/gotit.co.th/public_html/booking/Presenters/ActionPresenter.php,Line=88]
2019-01-31T11:02:31+07:00 [937] DEBUG default - [User=Admin A. (Frc.booking@vistec.ac.th)] Changing resource image for resource id 12 [File=/home/gotit/domains/gotit.co.th/public_html/booking/Presenters/Admin/ManageResourcesPresenter.php,Line=344]
2019-01-31T11:02:32+07:00 [937] DEBUG default - [User=Admin A. (Frc.booking@vistec.ac.th)] Saving resource image ../../Web/uploads/images/resource12.jpg [File=/home/gotit/domains/gotit.co.th/public_html/booking/Presenters/Admin/ManageResourcesPresenter.php,Line=402]
2019-01-31T11:03:52+07:00 [1127] DEBUG default - [User=Admin A. (Frc.booking@vistec.ac.th)] Action passed all validations [File=/home/gotit/domains/gotit.co.th/public_html/booking/Pages/ActionPage.php,Line=108]
2019-01-31T11:03:52+07:00 [1127] DEBUG default - [User=Admin A. (Frc.booking@vistec.ac.th)] Processing page action. Action image [File=/home/gotit/domains/gotit.co.th/public_html/booking/Presenters/ActionPresenter.php,Line=88]
2019-01-31T11:03:52+07:00 [1127] DEBUG default - [User=Admin A. (Frc.booking@vistec.ac.th)] Changing resource image for resource id 16 [File=/home/gotit/domains/gotit.co.th/public_html/booking/Presenters/Admin/ManageResourcesPresenter.php,Line=344]
2019-01-31T11:03:52+07:00 [1127] DEBUG default - [User=Admin A. (Frc.booking@vistec.ac.th)] Saving resource image ../../Web/uploads/images/resource16.jpg [File=/home/gotit/domains/gotit.co.th/public_html/booking/Presenters/Admin/ManageResourcesPresenter.php,Line=402]
2019-01-31T11:04:09+07:00 [1127] DEBUG default - [User=Admin A. (Frc.booking@vistec.ac.th)] Action passed all validations [File=/home/gotit/domains/gotit.co.th/public_html/booking/Pages/ActionPage.php,Line=108]
2019-01-31T11:04:09+07:00 [1127] DEBUG default - [User=Admin A. (Frc.booking@vistec.ac.th)] Processing page action. Action image [File=/home/gotit/domains/gotit.co.th/public_html/booking/Presenters/ActionPresenter.php,Line=88]
2019-01-31T11:04:09+07:00 [1127] DEBUG default - [User=Admin A. (Frc.booking@vistec.ac.th)] Changing resource image for resource id 16 [File=/home/gotit/domains/gotit.co.th/public_html/booking/Presenters/Admin/ManageResourcesPresenter.php,Line=344]
2019-01-31T11:04:09+07:00 [1127] DEBUG default - [User=Admin A. (Frc.booking@vistec.ac.th)] Saving resource image ../../Web/uploads/images/resource16.jpg [File=/home/gotit/domains/gotit.co.th/public_html/booking/Presenters/Admin/ManageResourcesPresenter.php,Line=402]
2019-01-31T11:05:09+07:00 [1358] DEBUG default - [User=Admin A. (Frc.booking@vistec.ac.th)] Action passed all validations [File=/home/gotit/domains/gotit.co.th/public_html/booking/Pages/ActionPage.php,Line=108]
2019-01-31T11:05:09+07:00 [1358] DEBUG default - [User=Admin A. (Frc.booking@vistec.ac.th)] Processing page action. Action image [File=/home/gotit/domains/gotit.co.th/public_html/booking/Presenters/ActionPresenter.php,Line=88]
2019-01-31T11:05:09+07:00 [1358] DEBUG default - [User=Admin A. (Frc.booking@vistec.ac.th)] Changing resource image for resource id 17 [File=/home/gotit/domains/gotit.co.th/public_html/booking/Presenters/Admin/ManageResourcesPresenter.php,Line=344]
2019-01-31T11:05:09+07:00 [1358] DEBUG default - [User=Admin A. (Frc.booking@vistec.ac.th)] Saving resource image ../../Web/uploads/images/resource17.jpg [File=/home/gotit/domains/gotit.co.th/public_html/booking/Presenters/Admin/ManageResourcesPresenter.php,Line=402]
2019-01-31T11:15:05+07:00 [3794] DEBUG default - [User=Admin A. (Frc.booking@vistec.ac.th)] Action passed all validations [File=/home/gotit/domains/gotit.co.th/public_html/booking/Pages/ActionPage.php,Line=108]
2019-01-31T11:15:05+07:00 [3794] DEBUG default - [User=Admin A. (Frc.booking@vistec.ac.th)] Processing page action. Action image [File=/home/gotit/domains/gotit.co.th/public_html/booking/Presenters/ActionPresenter.php,Line=88]
2019-01-31T11:15:05+07:00 [3794] DEBUG default - [User=Admin A. (Frc.booking@vistec.ac.th)] Changing resource image for resource id 23 [File=/home/gotit/domains/gotit.co.th/public_html/booking/Presenters/Admin/ManageResourcesPresenter.php,Line=344]
2019-01-31T11:15:05+07:00 [3794] DEBUG default - [User=Admin A. (Frc.booking@vistec.ac.th)] Saving resource image ../../Web/uploads/images/resource23.jpg [File=/home/gotit/domains/gotit.co.th/public_html/booking/Presenters/Admin/ManageResourcesPresenter.php,Line=402]
2019-01-31T11:15:22+07:00 [3794] DEBUG default - [User=Admin A. (Frc.booking@vistec.ac.th)] Action passed all validations [File=/home/gotit/domains/gotit.co.th/public_html/booking/Pages/ActionPage.php,Line=108]
2019-01-31T11:15:22+07:00 [3794] DEBUG default - [User=Admin A. (Frc.booking@vistec.ac.th)] Processing page action. Action image [File=/home/gotit/domains/gotit.co.th/public_html/booking/Presenters/ActionPresenter.php,Line=88]
2019-01-31T11:15:22+07:00 [3794] DEBUG default - [User=Admin A. (Frc.booking@vistec.ac.th)] Changing resource image for resource id 22 [File=/home/gotit/domains/gotit.co.th/public_html/booking/Presenters/Admin/ManageResourcesPresenter.php,Line=344]
2019-01-31T11:15:22+07:00 [3794] DEBUG default - [User=Admin A. (Frc.booking@vistec.ac.th)] Saving resource image ../../Web/uploads/images/resource22.jpg [File=/home/gotit/domains/gotit.co.th/public_html/booking/Presenters/Admin/ManageResourcesPresenter.php,Line=402]
2019-01-31T11:15:36+07:00 [3794] DEBUG default - [User=Admin A. (Frc.booking@vistec.ac.th)] Action passed all validations [File=/home/gotit/domains/gotit.co.th/public_html/booking/Pages/ActionPage.php,Line=108]
2019-01-31T11:15:36+07:00 [3794] DEBUG default - [User=Admin A. (Frc.booking@vistec.ac.th)] Processing page action. Action image [File=/home/gotit/domains/gotit.co.th/public_html/booking/Presenters/ActionPresenter.php,Line=88]
2019-01-31T11:15:36+07:00 [3794] DEBUG default - [User=Admin A. (Frc.booking@vistec.ac.th)] Changing resource image for resource id 22 [File=/home/gotit/domains/gotit.co.th/public_html/booking/Presenters/Admin/ManageResourcesPresenter.php,Line=344]
2019-01-31T11:15:36+07:00 [3794] DEBUG default - [User=Admin A. (Frc.booking@vistec.ac.th)] Saving resource image ../../Web/uploads/images/resource22.jpg [File=/home/gotit/domains/gotit.co.th/public_html/booking/Presenters/Admin/ManageResourcesPresenter.php,Line=402]
2019-01-31T11:15:56+07:00 [3794] DEBUG default - [User=Admin A. (Frc.booking@vistec.ac.th)] Action passed all validations [File=/home/gotit/domains/gotit.co.th/public_html/booking/Pages/ActionPage.php,Line=108]
2019-01-31T11:15:56+07:00 [3794] DEBUG default - [User=Admin A. (Frc.booking@vistec.ac.th)] Processing page action. Action image [File=/home/gotit/domains/gotit.co.th/public_html/booking/Presenters/ActionPresenter.php,Line=88]
2019-01-31T11:15:56+07:00 [3794] DEBUG default - [User=Admin A. (Frc.booking@vistec.ac.th)] Changing resource image for resource id 22 [File=/home/gotit/domains/gotit.co.th/public_html/booking/Presenters/Admin/ManageResourcesPresenter.php,Line=344]
2019-01-31T11:15:56+07:00 [3794] DEBUG default - [User=Admin A. (Frc.booking@vistec.ac.th)] Saving resource image ../../Web/uploads/images/resource22.jpg [File=/home/gotit/domains/gotit.co.th/public_html/booking/Presenters/Admin/ManageResourcesPresenter.php,Line=402]
2019-01-31T11:16:26+07:00 [3919] DEBUG default - [User=Admin A. (Frc.booking@vistec.ac.th)] Action passed all validations [File=/home/gotit/domains/gotit.co.th/public_html/booking/Pages/ActionPage.php,Line=108]
2019-01-31T11:16:26+07:00 [3919] DEBUG default - [User=Admin A. (Frc.booking@vistec.ac.th)] Processing page action. Action image [File=/home/gotit/domains/gotit.co.th/public_html/booking/Presenters/ActionPresenter.php,Line=88]
2019-01-31T11:16:26+07:00 [3919] DEBUG default - [User=Admin A. (Frc.booking@vistec.ac.th)] Changing resource image for resource id 21 [File=/home/gotit/domains/gotit.co.th/public_html/booking/Presenters/Admin/ManageResourcesPresenter.php,Line=344]
2019-01-31T11:16:26+07:00 [3919] DEBUG default - [User=Admin A. (Frc.booking@vistec.ac.th)] Saving resource image ../../Web/uploads/images/resource21.jpg [File=/home/gotit/domains/gotit.co.th/public_html/booking/Presenters/Admin/ManageResourcesPresenter.php,Line=402]
2019-01-31T12:53:03+07:00 [29001] DEBUG default - [User=Admin A. (Frc.booking@vistec.ac.th)] Action passed all validations [File=/home/gotit/domains/gotit.co.th/public_html/booking/Pages/ActionPage.php,Line=108]
2019-01-31T12:53:03+07:00 [29001] DEBUG default - [User=Admin A. (Frc.booking@vistec.ac.th)] Processing page action. Action image [File=/home/gotit/domains/gotit.co.th/public_html/booking/Presenters/ActionPresenter.php,Line=88]
2019-01-31T12:53:03+07:00 [29001] DEBUG default - [User=Admin A. (Frc.booking@vistec.ac.th)] Changing resource image for resource id 27 [File=/home/gotit/domains/gotit.co.th/public_html/booking/Presenters/Admin/ManageResourcesPresenter.php,Line=344]
2019-01-31T12:53:03+07:00 [29001] DEBUG default - [User=Admin A. (Frc.booking@vistec.ac.th)] Saving resource image ../../Web/uploads/images/resource27.jpg [File=/home/gotit/domains/gotit.co.th/public_html/booking/Presenters/Admin/ManageResourcesPresenter.php,Line=402]
2019-01-31T13:00:56+07:00 [31077] DEBUG default - [User=Admin A. (Frc.booking@vistec.ac.th)] Action passed all validations [File=/home/gotit/domains/gotit.co.th/public_html/booking/Pages/ActionPage.php,Line=108]
2019-01-31T13:00:56+07:00 [31077] DEBUG default - [User=Admin A. (Frc.booking@vistec.ac.th)] Processing page action. Action addUserPermission [File=/home/gotit/domains/gotit.co.th/public_html/booking/Presenters/ActionPresenter.php,Line=88]
2019-01-31T13:01:07+07:00 [31077] DEBUG default - [User=Admin A. (Frc.booking@vistec.ac.th)] Action passed all validations [File=/home/gotit/domains/gotit.co.th/public_html/booking/Pages/ActionPage.php,Line=108]
2019-01-31T13:01:07+07:00 [31077] DEBUG default - [User=Admin A. (Frc.booking@vistec.ac.th)] Processing page action. Action addUserPermission [File=/home/gotit/domains/gotit.co.th/public_html/booking/Presenters/ActionPresenter.php,Line=88]
2019-01-31T13:02:30+07:00 [31510] DEBUG default - [User=Admin A. (Frc.booking@vistec.ac.th)] Action passed all validations [File=/home/gotit/domains/gotit.co.th/public_html/booking/Pages/ActionPage.php,Line=108]
2019-01-31T13:02:30+07:00 [31510] DEBUG default - [User=Admin A. (Frc.booking@vistec.ac.th)] Processing page action. Action addUserPermission [File=/home/gotit/domains/gotit.co.th/public_html/booking/Presenters/ActionPresenter.php,Line=88]
2019-01-31T13:03:39+07:00 [31870] DEBUG default - [User=Admin A. (Frc.booking@vistec.ac.th)] Action passed all validations [File=/home/gotit/domains/gotit.co.th/public_html/booking/Pages/ActionPage.php,Line=108]
2019-01-31T13:03:39+07:00 [31870] DEBUG default - [User=Admin A. (Frc.booking@vistec.ac.th)] Processing page action. Action addUserPermission [File=/home/gotit/domains/gotit.co.th/public_html/booking/Presenters/ActionPresenter.php,Line=88]
2019-01-31T13:04:11+07:00 [31870] DEBUG default - [User=Admin A. (Frc.booking@vistec.ac.th)] Action passed all validations [File=/home/gotit/domains/gotit.co.th/public_html/booking/Pages/ActionPage.php,Line=108]
2019-01-31T13:04:11+07:00 [31870] DEBUG default - [User=Admin A. (Frc.booking@vistec.ac.th)] Processing page action. Action addUserPermission [File=/home/gotit/domains/gotit.co.th/public_html/booking/Presenters/ActionPresenter.php,Line=88]
2019-01-31T13:04:29+07:00 [31870] DEBUG default - [User=Admin A. (Frc.booking@vistec.ac.th)] Action passed all validations [File=/home/gotit/domains/gotit.co.th/public_html/booking/Pages/ActionPage.php,Line=108]
2019-01-31T13:04:29+07:00 [31870] DEBUG default - [User=Admin A. (Frc.booking@vistec.ac.th)] Processing page action. Action addUserPermission [File=/home/gotit/domains/gotit.co.th/public_html/booking/Presenters/ActionPresenter.php,Line=88]
2019-01-31T13:06:10+07:00 [32332] DEBUG default - [User=Admin A. (Frc.booking@vistec.ac.th)] Action passed all validations [File=/home/gotit/domains/gotit.co.th/public_html/booking/Pages/ActionPage.php,Line=108]
2019-01-31T13:06:10+07:00 [32332] DEBUG default - [User=Admin A. (Frc.booking@vistec.ac.th)] Processing page action. Action addUserPermission [File=/home/gotit/domains/gotit.co.th/public_html/booking/Presenters/ActionPresenter.php,Line=88]
2019-01-31T13:06:23+07:00 [32332] DEBUG default - [User=Admin A. (Frc.booking@vistec.ac.th)] Action passed all validations [File=/home/gotit/domains/gotit.co.th/public_html/booking/Pages/ActionPage.php,Line=108]
2019-01-31T13:06:23+07:00 [32332] DEBUG default - [User=Admin A. (Frc.booking@vistec.ac.th)] Processing page action. Action addUserPermission [File=/home/gotit/domains/gotit.co.th/public_html/booking/Presenters/ActionPresenter.php,Line=88]
2019-01-31T13:06:32+07:00 [32332] DEBUG default - [User=Admin A. (Frc.booking@vistec.ac.th)] Action passed all validations [File=/home/gotit/domains/gotit.co.th/public_html/booking/Pages/ActionPage.php,Line=108]
2019-01-31T13:06:32+07:00 [32332] DEBUG default - [User=Admin A. (Frc.booking@vistec.ac.th)] Processing page action. Action addUserPermission [File=/home/gotit/domains/gotit.co.th/public_html/booking/Presenters/ActionPresenter.php,Line=88]
2019-01-31T13:11:08+07:00 [1176] DEBUG default - [User=Admin A. (Frc.booking@vistec.ac.th)] Action passed all validations [File=/home/gotit/domains/gotit.co.th/public_html/booking/Pages/ActionPage.php,Line=108]
2019-01-31T13:11:08+07:00 [1176] DEBUG default - [User=Admin A. (Frc.booking@vistec.ac.th)] Processing page action. Action addUserPermission [File=/home/gotit/domains/gotit.co.th/public_html/booking/Presenters/ActionPresenter.php,Line=88]
2019-01-31T13:14:33+07:00 [1817] DEBUG default - [User=Admin A. (Frc.booking@vistec.ac.th)] Action passed all validations [File=/home/gotit/domains/gotit.co.th/public_html/booking/Pages/ActionPage.php,Line=108]
2019-01-31T13:14:33+07:00 [1817] DEBUG default - [User=Admin A. (Frc.booking@vistec.ac.th)] Processing page action. Action addUserPermission [File=/home/gotit/domains/gotit.co.th/public_html/booking/Presenters/ActionPresenter.php,Line=88]
2019-01-31T13:18:56+07:00 [2817] DEBUG default - [User=Admin A. (Frc.booking@vistec.ac.th)] Action passed all validations [File=/home/gotit/domains/gotit.co.th/public_html/booking/Pages/ActionPage.php,Line=108]
2019-01-31T13:18:56+07:00 [2817] DEBUG default - [User=Admin A. (Frc.booking@vistec.ac.th)] Processing page action. Action addUserPermission [File=/home/gotit/domains/gotit.co.th/public_html/booking/Presenters/ActionPresenter.php,Line=88]
2019-01-31T13:20:02+07:00 [3272] DEBUG default - [User=Admin A. (Frc.booking@vistec.ac.th)] Action passed all validations [File=/home/gotit/domains/gotit.co.th/public_html/booking/Pages/ActionPage.php,Line=108]
2019-01-31T13:20:02+07:00 [3272] DEBUG default - [User=Admin A. (Frc.booking@vistec.ac.th)] Processing page action. Action addUserPermission [File=/home/gotit/domains/gotit.co.th/public_html/booking/Presenters/ActionPresenter.php,Line=88]
2019-01-31T13:20:55+07:00 [3683] DEBUG default - [User=Admin A. (Frc.booking@vistec.ac.th)] Action passed all validations [File=/home/gotit/domains/gotit.co.th/public_html/booking/Pages/ActionPage.php,Line=108]
2019-01-31T13:20:55+07:00 [3683] DEBUG default - [User=Admin A. (Frc.booking@vistec.ac.th)] Processing page action. Action addUserPermission [File=/home/gotit/domains/gotit.co.th/public_html/booking/Presenters/ActionPresenter.php,Line=88]
2019-01-31T13:21:11+07:00 [3683] DEBUG default - [User=Admin A. (Frc.booking@vistec.ac.th)] Action passed all validations [File=/home/gotit/domains/gotit.co.th/public_html/booking/Pages/ActionPage.php,Line=108]
2019-01-31T13:21:11+07:00 [3683] DEBUG default - [User=Admin A. (Frc.booking@vistec.ac.th)] Processing page action. Action addUserPermission [File=/home/gotit/domains/gotit.co.th/public_html/booking/Presenters/ActionPresenter.php,Line=88]
2019-01-31T13:22:04+07:00 [4014] DEBUG default - [User=Admin A. (Frc.booking@vistec.ac.th)] Action passed all validations [File=/home/gotit/domains/gotit.co.th/public_html/booking/Pages/ActionPage.php,Line=108]
2019-01-31T13:22:04+07:00 [4014] DEBUG default - [User=Admin A. (Frc.booking@vistec.ac.th)] Processing page action. Action addUserPermission [File=/home/gotit/domains/gotit.co.th/public_html/booking/Presenters/ActionPresenter.php,Line=88]
2019-01-31T13:22:16+07:00 [4014] DEBUG default - [User=Admin A. (Frc.booking@vistec.ac.th)] Action passed all validations [File=/home/gotit/domains/gotit.co.th/public_html/booking/Pages/ActionPage.php,Line=108]
2019-01-31T13:22:16+07:00 [4014] DEBUG default - [User=Admin A. (Frc.booking@vistec.ac.th)] Processing page action. Action addUserPermission [File=/home/gotit/domains/gotit.co.th/public_html/booking/Presenters/ActionPresenter.php,Line=88]
2019-01-31T13:22:38+07:00 [4144] DEBUG default - [User=Admin A. (Frc.booking@vistec.ac.th)] Action passed all validations [File=/home/gotit/domains/gotit.co.th/public_html/booking/Pages/ActionPage.php,Line=108]
2019-01-31T13:22:38+07:00 [4144] DEBUG default - [User=Admin A. (Frc.booking@vistec.ac.th)] Processing page action. Action addUserPermission [File=/home/gotit/domains/gotit.co.th/public_html/booking/Presenters/ActionPresenter.php,Line=88]
2019-01-31T13:23:10+07:00 [4144] DEBUG default - [User=Admin A. (Frc.booking@vistec.ac.th)] Action passed all validations [File=/home/gotit/domains/gotit.co.th/public_html/booking/Pages/ActionPage.php,Line=108]
2019-01-31T13:23:10+07:00 [4144] DEBUG default - [User=Admin A. (Frc.booking@vistec.ac.th)] Processing page action. Action addUserPermission [File=/home/gotit/domains/gotit.co.th/public_html/booking/Presenters/ActionPresenter.php,Line=88]
