2019-07-10T09:10:30+07:00 [12231] DEBUG default - [User=Admin A. (somlak.i@vistec.ac.th)] Action passed all validations [File=/var/www/html/booking/Pages/ActionPage.php,Line=108]
2019-07-10T09:10:30+07:00 [12231] DEBUG default - [User=Admin A. (somlak.i@vistec.ac.th)] Processing page action. Action add [File=/var/www/html/booking/Presenters/ActionPresenter.php,Line=88]
2019-07-10T09:12:12+07:00 [3863] DEBUG default - [User=Admin A. (somlak.i@vistec.ac.th)] Action passed all validations [File=/var/www/html/booking/Pages/ActionPage.php,Line=108]
2019-07-10T09:12:12+07:00 [3863] DEBUG default - [User=Admin A. (somlak.i@vistec.ac.th)] Processing page action. Action load [File=/var/www/html/booking/Presenters/ActionPresenter.php,Line=88]
2019-07-10T09:12:12+07:00 [3863] DEBUG default - [User=Admin A. (somlak.i@vistec.ac.th)] Loading blackout for editing. Id=71 [File=/var/www/html/booking/Presenters/Admin/ManageBlackoutsPresenter.php,Line=254]
2019-07-10T09:12:19+07:00 [3895] DEBUG default - [User=Admin A. (somlak.i@vistec.ac.th)] Action passed all validations [File=/var/www/html/booking/Pages/ActionPage.php,Line=108]
2019-07-10T09:12:19+07:00 [3895] DEBUG default - [User=Admin A. (somlak.i@vistec.ac.th)] Processing page action. Action update [File=/var/www/html/booking/Presenters/ActionPresenter.php,Line=88]
2019-07-10T09:12:19+07:00 [3895] DEBUG default - [User=Admin A. (somlak.i@vistec.ac.th)] Updating blackout. BlackoutId=71, UpdateScope=full [File=/var/www/html/booking/Presenters/Admin/ManageBlackoutsPresenter.php,Line=325]
2019-07-10T13:52:52+07:00 [12231] DEBUG default - [User=Admin A. (jarinya.s@vistec.ac.th)] Action passed all validations [File=/var/www/html/booking/Pages/ActionPage.php,Line=108]
2019-07-10T13:52:52+07:00 [12231] DEBUG default - [User=Admin A. (jarinya.s@vistec.ac.th)] Processing page action. Action load [File=/var/www/html/booking/Presenters/ActionPresenter.php,Line=88]
2019-07-10T13:52:52+07:00 [12231] DEBUG default - [User=Admin A. (jarinya.s@vistec.ac.th)] Loading blackout for editing. Id=70 [File=/var/www/html/booking/Presenters/Admin/ManageBlackoutsPresenter.php,Line=254]
2019-07-10T13:53:25+07:00 [3895] DEBUG default - [User=Admin A. (jarinya.s@vistec.ac.th)] Action passed all validations [File=/var/www/html/booking/Pages/ActionPage.php,Line=108]
2019-07-10T13:53:25+07:00 [3895] DEBUG default - [User=Admin A. (jarinya.s@vistec.ac.th)] Processing page action. Action load [File=/var/www/html/booking/Presenters/ActionPresenter.php,Line=88]
2019-07-10T13:53:25+07:00 [3895] DEBUG default - [User=Admin A. (jarinya.s@vistec.ac.th)] Loading blackout for editing. Id=78 [File=/var/www/html/booking/Presenters/Admin/ManageBlackoutsPresenter.php,Line=254]
2019-07-10T13:53:47+07:00 [3863] DEBUG default - [User=Admin A. (jarinya.s@vistec.ac.th)] Action passed all validations [File=/var/www/html/booking/Pages/ActionPage.php,Line=108]
2019-07-10T13:53:47+07:00 [3863] DEBUG default - [User=Admin A. (jarinya.s@vistec.ac.th)] Processing page action. Action update [File=/var/www/html/booking/Presenters/ActionPresenter.php,Line=88]
2019-07-10T13:53:47+07:00 [3863] DEBUG default - [User=Admin A. (jarinya.s@vistec.ac.th)] Updating blackout. BlackoutId=78, UpdateScope=full [File=/var/www/html/booking/Presenters/Admin/ManageBlackoutsPresenter.php,Line=325]
2019-07-10T13:54:21+07:00 [12231] DEBUG default - [User=Admin A. (jarinya.s@vistec.ac.th)] Action passed all validations [File=/var/www/html/booking/Pages/ActionPage.php,Line=108]
2019-07-10T13:54:21+07:00 [12231] DEBUG default - [User=Admin A. (jarinya.s@vistec.ac.th)] Processing page action. Action delete [File=/var/www/html/booking/Presenters/ActionPresenter.php,Line=88]
2019-07-10T13:54:21+07:00 [12231] DEBUG default - [User=Admin A. (jarinya.s@vistec.ac.th)] Deleting blackout. BlackoutId=75, DeleteScope=full [File=/var/www/html/booking/Presenters/Admin/ManageBlackoutsPresenter.php,Line=244]
2019-07-10T13:54:27+07:00 [3863] DEBUG default - [User=Admin A. (jarinya.s@vistec.ac.th)] Action passed all validations [File=/var/www/html/booking/Pages/ActionPage.php,Line=108]
2019-07-10T13:54:27+07:00 [3863] DEBUG default - [User=Admin A. (jarinya.s@vistec.ac.th)] Processing page action. Action delete [File=/var/www/html/booking/Presenters/ActionPresenter.php,Line=88]
2019-07-10T13:54:27+07:00 [3863] DEBUG default - [User=Admin A. (jarinya.s@vistec.ac.th)] Deleting blackout. BlackoutId=70, DeleteScope=full [File=/var/www/html/booking/Presenters/Admin/ManageBlackoutsPresenter.php,Line=244]
2019-07-10T13:54:31+07:00 [3895] DEBUG default - [User=Admin A. (jarinya.s@vistec.ac.th)] Action passed all validations [File=/var/www/html/booking/Pages/ActionPage.php,Line=108]
2019-07-10T13:54:31+07:00 [3895] DEBUG default - [User=Admin A. (jarinya.s@vistec.ac.th)] Processing page action. Action delete [File=/var/www/html/booking/Presenters/ActionPresenter.php,Line=88]
2019-07-10T13:54:31+07:00 [3895] DEBUG default - [User=Admin A. (jarinya.s@vistec.ac.th)] Deleting blackout. BlackoutId=74, DeleteScope=full [File=/var/www/html/booking/Presenters/Admin/ManageBlackoutsPresenter.php,Line=244]
2019-07-10T13:54:34+07:00 [12231] DEBUG default - [User=Admin A. (jarinya.s@vistec.ac.th)] Action passed all validations [File=/var/www/html/booking/Pages/ActionPage.php,Line=108]
2019-07-10T13:54:34+07:00 [12231] DEBUG default - [User=Admin A. (jarinya.s@vistec.ac.th)] Processing page action. Action load [File=/var/www/html/booking/Presenters/ActionPresenter.php,Line=88]
2019-07-10T13:54:34+07:00 [12231] DEBUG default - [User=Admin A. (jarinya.s@vistec.ac.th)] Loading blackout for editing. Id=78 [File=/var/www/html/booking/Presenters/Admin/ManageBlackoutsPresenter.php,Line=254]
2019-07-10T13:54:47+07:00 [12231] DEBUG default - [User=Admin A. (jarinya.s@vistec.ac.th)] Action passed all validations [File=/var/www/html/booking/Pages/ActionPage.php,Line=108]
2019-07-10T13:54:47+07:00 [12231] DEBUG default - [User=Admin A. (jarinya.s@vistec.ac.th)] Processing page action. Action update [File=/var/www/html/booking/Presenters/ActionPresenter.php,Line=88]
2019-07-10T13:54:47+07:00 [12231] DEBUG default - [User=Admin A. (jarinya.s@vistec.ac.th)] Updating blackout. BlackoutId=78, UpdateScope=full [File=/var/www/html/booking/Presenters/Admin/ManageBlackoutsPresenter.php,Line=325]
2019-07-10T13:56:33+07:00 [12231] DEBUG default - [User=Admin A. (jarinya.s@vistec.ac.th)] Action passed all validations [File=/var/www/html/booking/Pages/ActionPage.php,Line=108]
2019-07-10T13:56:33+07:00 [12231] DEBUG default - [User=Admin A. (jarinya.s@vistec.ac.th)] Processing page action. Action add [File=/var/www/html/booking/Presenters/ActionPresenter.php,Line=88]
2019-07-10T13:57:05+07:00 [3895] DEBUG default - [User=Admin A. (ratchawan.j@vistec.ac.th)] Action passed all validations [File=/var/www/html/booking/Pages/ActionPage.php,Line=108]
2019-07-10T13:57:05+07:00 [3895] DEBUG default - [User=Admin A. (ratchawan.j@vistec.ac.th)] Processing page action. Action load [File=/var/www/html/booking/Presenters/ActionPresenter.php,Line=88]
2019-07-10T13:57:05+07:00 [3895] DEBUG default - [User=Admin A. (ratchawan.j@vistec.ac.th)] Loading blackout for editing. Id=76 [File=/var/www/html/booking/Presenters/Admin/ManageBlackoutsPresenter.php,Line=254]
2019-07-10T13:57:27+07:00 [3863] DEBUG default - [User=Admin A. (jarinya.s@vistec.ac.th)] Action passed all validations [File=/var/www/html/booking/Pages/ActionPage.php,Line=108]
2019-07-10T13:57:27+07:00 [3863] DEBUG default - [User=Admin A. (jarinya.s@vistec.ac.th)] Processing page action. Action load [File=/var/www/html/booking/Presenters/ActionPresenter.php,Line=88]
2019-07-10T13:57:27+07:00 [3863] DEBUG default - [User=Admin A. (jarinya.s@vistec.ac.th)] Loading blackout for editing. Id=76 [File=/var/www/html/booking/Presenters/Admin/ManageBlackoutsPresenter.php,Line=254]
2019-07-10T13:57:46+07:00 [12231] DEBUG default - [User=Admin A. (ratchawan.j@vistec.ac.th)] Action passed all validations [File=/var/www/html/booking/Pages/ActionPage.php,Line=108]
2019-07-10T13:57:46+07:00 [12231] DEBUG default - [User=Admin A. (ratchawan.j@vistec.ac.th)] Processing page action. Action load [File=/var/www/html/booking/Presenters/ActionPresenter.php,Line=88]
2019-07-10T13:57:46+07:00 [12231] DEBUG default - [User=Admin A. (ratchawan.j@vistec.ac.th)] Loading blackout for editing. Id=76 [File=/var/www/html/booking/Presenters/Admin/ManageBlackoutsPresenter.php,Line=254]
2019-07-10T13:57:59+07:00 [3895] DEBUG default - [User=Admin A. (jarinya.s@vistec.ac.th)] Action passed all validations [File=/var/www/html/booking/Pages/ActionPage.php,Line=108]
2019-07-10T13:57:59+07:00 [3895] DEBUG default - [User=Admin A. (jarinya.s@vistec.ac.th)] Processing page action. Action update [File=/var/www/html/booking/Presenters/ActionPresenter.php,Line=88]
2019-07-10T13:57:59+07:00 [3895] DEBUG default - [User=Admin A. (jarinya.s@vistec.ac.th)] Updating blackout. BlackoutId=76, UpdateScope=full [File=/var/www/html/booking/Presenters/Admin/ManageBlackoutsPresenter.php,Line=325]
