2019-10-15T13:14:03+07:00 [13609] DEBUG default - [User=Surapoj Sanram (surapoj.s@vistec.ac.th)] Action passed all validations [File=/var/www/html/booking/Pages/ActionPage.php,Line=108]
2019-10-15T13:14:03+07:00 [13609] DEBUG default - [User=Surapoj Sanram (surapoj.s@vistec.ac.th)] Processing page action. Action add [File=/var/www/html/booking/Presenters/ActionPresenter.php,Line=88]
2019-10-15T13:15:44+07:00 [13609] DEBUG default - [User=Surapoj Sanram (surapoj.s@vistec.ac.th)] Action passed all validations [File=/var/www/html/booking/Pages/ActionPage.php,Line=108]
2019-10-15T13:15:44+07:00 [13609] DEBUG default - [User=Surapoj Sanram (surapoj.s@vistec.ac.th)] Processing page action. Action add [File=/var/www/html/booking/Presenters/ActionPresenter.php,Line=88]
2019-10-15T13:16:35+07:00 [10524] DEBUG default - [User=Surapoj Sanram (surapoj.s@vistec.ac.th)] Action passed all validations [File=/var/www/html/booking/Pages/ActionPage.php,Line=108]
2019-10-15T13:16:35+07:00 [10524] DEBUG default - [User=Surapoj Sanram (surapoj.s@vistec.ac.th)] Processing page action. Action add [File=/var/www/html/booking/Presenters/ActionPresenter.php,Line=88]
2019-10-15T13:16:43+07:00 [2796] DEBUG default - [User=Surapoj Sanram (surapoj.s@vistec.ac.th)] Action passed all validations [File=/var/www/html/booking/Pages/ActionPage.php,Line=108]
2019-10-15T13:16:43+07:00 [2796] DEBUG default - [User=Surapoj Sanram (surapoj.s@vistec.ac.th)] Processing page action. Action add [File=/var/www/html/booking/Presenters/ActionPresenter.php,Line=88]
2019-10-15T13:17:53+07:00 [10524] DEBUG default - [User=Surapoj Sanram (surapoj.s@vistec.ac.th)] Action passed all validations [File=/var/www/html/booking/Pages/ActionPage.php,Line=108]
2019-10-15T13:17:53+07:00 [10524] DEBUG default - [User=Surapoj Sanram (surapoj.s@vistec.ac.th)] Processing page action. Action add [File=/var/www/html/booking/Presenters/ActionPresenter.php,Line=88]
2019-10-15T13:17:56+07:00 [13609] DEBUG default - [User=Surapoj Sanram (surapoj.s@vistec.ac.th)] Action passed all validations [File=/var/www/html/booking/Pages/ActionPage.php,Line=108]
2019-10-15T13:17:56+07:00 [13609] DEBUG default - [User=Surapoj Sanram (surapoj.s@vistec.ac.th)] Processing page action. Action add [File=/var/www/html/booking/Presenters/ActionPresenter.php,Line=88]
2019-10-15T14:23:16+07:00 [13609] DEBUG default - [User=Surapoj Sanram (surapoj.s@vistec.ac.th)] Action passed all validations [File=/var/www/html/booking/Pages/ActionPage.php,Line=108]
2019-10-15T14:23:16+07:00 [13609] DEBUG default - [User=Surapoj Sanram (surapoj.s@vistec.ac.th)] Processing page action. Action add [File=/var/www/html/booking/Presenters/ActionPresenter.php,Line=88]
2019-10-15T14:25:12+07:00 [13609] DEBUG default - [User=Surapoj Sanram (surapoj.s@vistec.ac.th)] Action passed all validations [File=/var/www/html/booking/Pages/ActionPage.php,Line=108]
2019-10-15T14:25:12+07:00 [13609] DEBUG default - [User=Surapoj Sanram (surapoj.s@vistec.ac.th)] Processing page action. Action add [File=/var/www/html/booking/Presenters/ActionPresenter.php,Line=88]
2019-10-15T14:26:07+07:00 [13609] DEBUG default - [User=Surapoj Sanram (surapoj.s@vistec.ac.th)] Acco CREATE_DATE is 2019-10-15 13:14:03 [File=/var/www/html/booking/Domain/Announcement.php,Line=171]
2019-10-15T14:26:07+07:00 [13609] DEBUG default - [User=Surapoj Sanram (surapoj.s@vistec.ac.th)] Acco CREATE_DATE is 2019-10-15 13:15:44 [File=/var/www/html/booking/Domain/Announcement.php,Line=171]
2019-10-15T14:26:07+07:00 [13609] DEBUG default - [User=Surapoj Sanram (surapoj.s@vistec.ac.th)] Acco CREATE_DATE is 2019-10-15 14:23:16 [File=/var/www/html/booking/Domain/Announcement.php,Line=171]
2019-10-15T14:26:07+07:00 [13609] DEBUG default - [User=Surapoj Sanram (surapoj.s@vistec.ac.th)] Acco CREATE_DATE is 2019-10-15 14:25:12 [File=/var/www/html/booking/Domain/Announcement.php,Line=171]
2019-10-15T14:26:07+07:00 [13609] DEBUG default - [User=Surapoj Sanram (surapoj.s@vistec.ac.th)] Acco CREATE_DATE is 2019-10-09 15:34:29 [File=/var/www/html/booking/Domain/Announcement.php,Line=171]
2019-10-15T14:26:07+07:00 [13609] DEBUG default - [User=Surapoj Sanram (surapoj.s@vistec.ac.th)] Acco CREATE_DATE is 2019-09-24 13:28:05 [File=/var/www/html/booking/Domain/Announcement.php,Line=171]
2019-10-15T14:26:07+07:00 [13609] DEBUG default - [User=Surapoj Sanram (surapoj.s@vistec.ac.th)] Acco CREATE_DATE is 2019-09-10 13:28:43 [File=/var/www/html/booking/Domain/Announcement.php,Line=171]
2019-10-15T14:26:07+07:00 [13609] DEBUG default - [User=Surapoj Sanram (surapoj.s@vistec.ac.th)] Acco CREATE_DATE is 2019-08-20 15:48:25 [File=/var/www/html/booking/Domain/Announcement.php,Line=171]
2019-10-15T14:26:07+07:00 [13609] DEBUG default - [User=Surapoj Sanram (surapoj.s@vistec.ac.th)] Acco CREATE_DATE is 2019-08-19 10:40:33 [File=/var/www/html/booking/Domain/Announcement.php,Line=171]
2019-10-15T14:26:07+07:00 [13609] DEBUG default - [User=Surapoj Sanram (surapoj.s@vistec.ac.th)] Acco CREATE_DATE is 2019-08-16 10:40:13 [File=/var/www/html/booking/Domain/Announcement.php,Line=171]
2019-10-15T14:26:07+07:00 [13609] DEBUG default - [User=Surapoj Sanram (surapoj.s@vistec.ac.th)] Acco CREATE_DATE is 2019-08-16 10:41:33 [File=/var/www/html/booking/Domain/Announcement.php,Line=171]
2019-10-15T14:26:07+07:00 [13609] DEBUG default - [User=Surapoj Sanram (surapoj.s@vistec.ac.th)] Acco CREATE_DATE is 2019-08-13 17:26:40 [File=/var/www/html/booking/Domain/Announcement.php,Line=171]
2019-10-15T14:26:07+07:00 [13609] DEBUG default - [User=Surapoj Sanram (surapoj.s@vistec.ac.th)] Acco CREATE_DATE is 2019-08-09 10:52:33 [File=/var/www/html/booking/Domain/Announcement.php,Line=171]
2019-10-15T14:26:07+07:00 [13609] DEBUG default - [User=Surapoj Sanram (surapoj.s@vistec.ac.th)] Acco CREATE_DATE is 2019-08-07 16:33:37 [File=/var/www/html/booking/Domain/Announcement.php,Line=171]
2019-10-15T14:26:07+07:00 [13609] DEBUG default - [User=Surapoj Sanram (surapoj.s@vistec.ac.th)] Acco CREATE_DATE is 2019-08-13 16:49:05 [File=/var/www/html/booking/Domain/Announcement.php,Line=171]
2019-10-15T14:26:07+07:00 [13609] DEBUG default - [User=Surapoj Sanram (surapoj.s@vistec.ac.th)] Acco CREATE_DATE is 2019-07-30 09:29:04 [File=/var/www/html/booking/Domain/Announcement.php,Line=171]
2019-10-15T14:26:07+07:00 [13609] DEBUG default - [User=Surapoj Sanram (surapoj.s@vistec.ac.th)] Acco CREATE_DATE is 2019-07-16 13:01:35 [File=/var/www/html/booking/Domain/Announcement.php,Line=171]
2019-10-15T14:26:07+07:00 [13609] DEBUG default - [User=Surapoj Sanram (surapoj.s@vistec.ac.th)] Acco CREATE_DATE is 2019-07-12 17:09:03 [File=/var/www/html/booking/Domain/Announcement.php,Line=171]
2019-10-15T14:26:07+07:00 [13609] DEBUG default - [User=Surapoj Sanram (surapoj.s@vistec.ac.th)] Acco CREATE_DATE is 2019-07-09 13:50:08 [File=/var/www/html/booking/Domain/Announcement.php,Line=171]
2019-10-15T14:26:07+07:00 [13609] DEBUG default - [User=Surapoj Sanram (surapoj.s@vistec.ac.th)] Acco CREATE_DATE is 2019-07-09 13:56:42 [File=/var/www/html/booking/Domain/Announcement.php,Line=171]
2019-10-15T14:27:24+07:00 [13609] DEBUG default - [User=Surapoj Sanram (surapoj.s@vistec.ac.th)] Action passed all validations [File=/var/www/html/booking/Pages/ActionPage.php,Line=108]
2019-10-15T14:27:24+07:00 [13609] DEBUG default - [User=Surapoj Sanram (surapoj.s@vistec.ac.th)] Processing page action. Action load [File=/var/www/html/booking/Presenters/ActionPresenter.php,Line=88]
2019-10-15T14:27:24+07:00 [13609] DEBUG default - [User=Surapoj Sanram (surapoj.s@vistec.ac.th)] Loading blackout for editing. Id=111 [File=/var/www/html/booking/Presenters/Admin/ManageBlackoutsPresenter.php,Line=254]
2019-10-15T14:28:29+07:00 [2796] DEBUG default - [User=Surapoj Sanram (surapoj.s@vistec.ac.th)] Action passed all validations [File=/var/www/html/booking/Pages/ActionPage.php,Line=108]
2019-10-15T14:28:29+07:00 [2796] DEBUG default - [User=Surapoj Sanram (surapoj.s@vistec.ac.th)] Processing page action. Action update [File=/var/www/html/booking/Presenters/ActionPresenter.php,Line=88]
2019-10-15T14:28:29+07:00 [2796] DEBUG default - [User=Surapoj Sanram (surapoj.s@vistec.ac.th)] Updating blackout. BlackoutId=111, UpdateScope=full [File=/var/www/html/booking/Presenters/Admin/ManageBlackoutsPresenter.php,Line=325]
2019-10-15T14:28:39+07:00 [10524] DEBUG default - [User=Surapoj Sanram (surapoj.s@vistec.ac.th)] Action passed all validations [File=/var/www/html/booking/Pages/ActionPage.php,Line=108]
2019-10-15T14:28:39+07:00 [10524] DEBUG default - [User=Surapoj Sanram (surapoj.s@vistec.ac.th)] Processing page action. Action load [File=/var/www/html/booking/Presenters/ActionPresenter.php,Line=88]
2019-10-15T14:28:39+07:00 [10524] DEBUG default - [User=Surapoj Sanram (surapoj.s@vistec.ac.th)] Loading blackout for editing. Id=111 [File=/var/www/html/booking/Presenters/Admin/ManageBlackoutsPresenter.php,Line=254]
2019-10-15T14:28:50+07:00 [13609] DEBUG default - [User=Surapoj Sanram (surapoj.s@vistec.ac.th)] Action passed all validations [File=/var/www/html/booking/Pages/ActionPage.php,Line=108]
2019-10-15T14:28:50+07:00 [13609] DEBUG default - [User=Surapoj Sanram (surapoj.s@vistec.ac.th)] Processing page action. Action update [File=/var/www/html/booking/Presenters/ActionPresenter.php,Line=88]
2019-10-15T14:28:50+07:00 [13609] DEBUG default - [User=Surapoj Sanram (surapoj.s@vistec.ac.th)] Updating blackout. BlackoutId=111, UpdateScope=full [File=/var/www/html/booking/Presenters/Admin/ManageBlackoutsPresenter.php,Line=325]
2019-10-15T14:28:57+07:00 [10524] DEBUG default - [User=Surapoj Sanram (surapoj.s@vistec.ac.th)] Action passed all validations [File=/var/www/html/booking/Pages/ActionPage.php,Line=108]
2019-10-15T14:28:57+07:00 [10524] DEBUG default - [User=Surapoj Sanram (surapoj.s@vistec.ac.th)] Processing page action. Action load [File=/var/www/html/booking/Presenters/ActionPresenter.php,Line=88]
2019-10-15T14:28:57+07:00 [10524] DEBUG default - [User=Surapoj Sanram (surapoj.s@vistec.ac.th)] Loading blackout for editing. Id=110 [File=/var/www/html/booking/Presenters/Admin/ManageBlackoutsPresenter.php,Line=254]
2019-10-15T14:29:09+07:00 [13609] DEBUG default - [User=Surapoj Sanram (surapoj.s@vistec.ac.th)] Action passed all validations [File=/var/www/html/booking/Pages/ActionPage.php,Line=108]
2019-10-15T14:29:09+07:00 [13609] DEBUG default - [User=Surapoj Sanram (surapoj.s@vistec.ac.th)] Processing page action. Action update [File=/var/www/html/booking/Presenters/ActionPresenter.php,Line=88]
2019-10-15T14:29:09+07:00 [13609] DEBUG default - [User=Surapoj Sanram (surapoj.s@vistec.ac.th)] Updating blackout. BlackoutId=110, UpdateScope=full [File=/var/www/html/booking/Presenters/Admin/ManageBlackoutsPresenter.php,Line=325]
2019-10-15T15:02:43+07:00 [10524] DEBUG default - [User=Admin A. (meshaya.p@vistec.ac.th)] Action passed all validations [File=/var/www/html/booking/Pages/ActionPage.php,Line=108]
2019-10-15T15:02:43+07:00 [10524] DEBUG default - [User=Admin A. (meshaya.p@vistec.ac.th)] Processing page action. Action addUserPermission [File=/var/www/html/booking/Presenters/ActionPresenter.php,Line=88]
