2019-06-18T11:31:38+07:00 [29889] DEBUG default - [User=Admin A. (meshaya.p@vistec.ac.th)] Loading validators for addUser [File=/var/www/html/booking/Presenters/Admin/ManageUsersPresenter.php,Line=418]
2019-06-18T11:31:38+07:00 [29889] DEBUG default - [User=Admin A. (meshaya.p@vistec.ac.th)] Action passed all validations [File=/var/www/html/booking/Pages/ActionPage.php,Line=108]
2019-06-18T11:31:38+07:00 [29889] DEBUG default - [User=Admin A. (meshaya.p@vistec.ac.th)] Processing page action. Action addUser [File=/var/www/html/booking/Presenters/ActionPresenter.php,Line=88]
2019-06-18T11:31:38+07:00 [29889] DEBUG default - [User=Admin A. (meshaya.p@vistec.ac.th)] Sending AccountCreationForUserEmail email to: tiphanan.jan@gmail.com from: Frc.booking@vistec.ac.th [File=/var/www/html/booking/lib/Email/EmailService.php,Line=93]
2019-06-18T11:31:40+07:00 [29889] DEBUG default - [User=Admin A. (meshaya.p@vistec.ac.th)] Email send success: 1.  [File=/var/www/html/booking/lib/Email/EmailService.php,Line=105]
2019-06-18T11:32:28+07:00 [29889] DEBUG default - [User=Admin A. (meshaya.p@vistec.ac.th)] Loading validators for updateUser [File=/var/www/html/booking/Presenters/Admin/ManageUsersPresenter.php,Line=418]
2019-06-18T11:32:28+07:00 [29889] DEBUG default - [User=Admin A. (meshaya.p@vistec.ac.th)] Action passed all validations [File=/var/www/html/booking/Pages/ActionPage.php,Line=108]
2019-06-18T11:32:28+07:00 [29889] DEBUG default - [User=Admin A. (meshaya.p@vistec.ac.th)] Processing page action. Action updateUser [File=/var/www/html/booking/Presenters/ActionPresenter.php,Line=88]
2019-06-18T11:32:28+07:00 [29889] DEBUG default - [User=Admin A. (meshaya.p@vistec.ac.th)] Updating user 559 [File=/var/www/html/booking/Presenters/Admin/ManageUsersPresenter.php,Line=284]
2019-06-18T11:32:51+07:00 [29889] DEBUG default - [User=Admin A. (meshaya.p@vistec.ac.th)] Loading validators for permissions [File=/var/www/html/booking/Presenters/Admin/ManageUsersPresenter.php,Line=418]
2019-06-18T11:32:51+07:00 [29889] DEBUG default - [User=Admin A. (meshaya.p@vistec.ac.th)] Action passed all validations [File=/var/www/html/booking/Pages/ActionPage.php,Line=108]
2019-06-18T11:32:51+07:00 [29889] DEBUG default - [User=Admin A. (meshaya.p@vistec.ac.th)] Processing page action. Action permissions [File=/var/www/html/booking/Presenters/ActionPresenter.php,Line=88]
2019-06-18T13:08:23+07:00 [29889] DEBUG default - [User=Admin A. (jarinya.s@vistec.ac.th)] Action passed all validations [File=/var/www/html/booking/Pages/ActionPage.php,Line=108]
2019-06-18T13:08:23+07:00 [29889] DEBUG default - [User=Admin A. (jarinya.s@vistec.ac.th)] Processing page action. Action add [File=/var/www/html/booking/Presenters/ActionPresenter.php,Line=88]
2019-06-18T13:08:23+07:00 [29889] DEBUG default - [User=Admin A. (jarinya.s@vistec.ac.th)] ReservationConflictDelete delete lise. Ids=2594 [File=/var/www/html/booking/lib/Application/Reservation/ReservationConflictResolution.php,Line=298]
2019-06-18T13:08:23+07:00 [29889] DEBUG default - [User=Admin A. (jarinya.s@vistec.ac.th)] class ReservationConflictDeleteEmail   [File=/var/www/html/booking/lib/Email/Messages/ReservationConflictDeleteEmail.php,Line=43]
2019-06-18T13:08:23+07:00 [29889] DEBUG default - [User=Admin A. (jarinya.s@vistec.ac.th)] class ReservationConflictDeleteEmail To kachaporn.s_s16@vistec.ac.th Kachaporn Saenluang [File=/var/www/html/booking/lib/Email/Messages/ReservationConflictDeleteEmail.php,Line=51]
2019-06-18T13:08:23+07:00 [29889] DEBUG default - [User=Admin A. (jarinya.s@vistec.ac.th)] Sending ReservationConflictDeleteEmail email to: kachaporn.s_s16@vistec.ac.th from: Frc.booking@vistec.ac.th [File=/var/www/html/booking/lib/Email/EmailService.php,Line=93]
2019-06-18T13:08:26+07:00 [29889] DEBUG default - [User=Admin A. (jarinya.s@vistec.ac.th)] Email send success: 1.  [File=/var/www/html/booking/lib/Email/EmailService.php,Line=105]
2019-06-18T13:08:26+07:00 [29889] DEBUG default - [User=Admin A. (jarinya.s@vistec.ac.th)] ReservationConflictDelete delete lise. Ids=2544 [File=/var/www/html/booking/lib/Application/Reservation/ReservationConflictResolution.php,Line=298]
2019-06-18T13:08:26+07:00 [29889] DEBUG default - [User=Admin A. (jarinya.s@vistec.ac.th)] ReservationRepository::LoadById() - ReservationID: 2544 [File=/var/www/html/booking/Domain/Access/ReservationRepository.php,Line=27]
2019-06-18T13:08:26+07:00 [29889] DEBUG default - [User=Admin A. (jarinya.s@vistec.ac.th)] Removing series 2556 [File=/var/www/html/booking/Domain/ExistingReservationSeries.php,Line=356]
2019-06-18T13:08:26+07:00 [29889] DEBUG default - [User=Admin A. (jarinya.s@vistec.ac.th)] class ReservationConflictDeleteEmail   [File=/var/www/html/booking/lib/Email/Messages/ReservationConflictDeleteEmail.php,Line=43]
2019-06-18T13:08:26+07:00 [29889] DEBUG default - [User=Admin A. (jarinya.s@vistec.ac.th)] class ReservationConflictDeleteEmail To 1730304@vistec.ac.th Narongchai Kanhanond [File=/var/www/html/booking/lib/Email/Messages/ReservationConflictDeleteEmail.php,Line=51]
2019-06-18T13:08:26+07:00 [29889] DEBUG default - [User=Admin A. (jarinya.s@vistec.ac.th)] Sending ReservationConflictDeleteEmail email to: 1730304@vistec.ac.th from: Frc.booking@vistec.ac.th [File=/var/www/html/booking/lib/Email/EmailService.php,Line=93]
2019-06-18T13:08:28+07:00 [29889] DEBUG default - [User=Admin A. (jarinya.s@vistec.ac.th)] Email send success: 1.  [File=/var/www/html/booking/lib/Email/EmailService.php,Line=105]
2019-06-18T13:08:28+07:00 [29889] DEBUG default - [User=Admin A. (jarinya.s@vistec.ac.th)] ReservationConflictDelete delete lise. Ids=2556 [File=/var/www/html/booking/lib/Application/Reservation/ReservationConflictResolution.php,Line=298]
2019-06-18T13:08:28+07:00 [29889] DEBUG default - [User=Admin A. (jarinya.s@vistec.ac.th)] ReservationRepository::LoadById() - ReservationID: 2556 [File=/var/www/html/booking/Domain/Access/ReservationRepository.php,Line=27]
2019-06-18T13:08:28+07:00 [29889] DEBUG default - [User=Admin A. (jarinya.s@vistec.ac.th)] Removing series 2568 [File=/var/www/html/booking/Domain/ExistingReservationSeries.php,Line=356]
2019-06-18T13:08:28+07:00 [29889] DEBUG default - [User=Admin A. (jarinya.s@vistec.ac.th)] class ReservationConflictDeleteEmail   [File=/var/www/html/booking/lib/Email/Messages/ReservationConflictDeleteEmail.php,Line=43]
2019-06-18T13:08:28+07:00 [29889] DEBUG default - [User=Admin A. (jarinya.s@vistec.ac.th)] class ReservationConflictDeleteEmail To 1530402@vistec.ac.th Duangkamon Sutttipat [File=/var/www/html/booking/lib/Email/Messages/ReservationConflictDeleteEmail.php,Line=51]
2019-06-18T13:08:28+07:00 [29889] DEBUG default - [User=Admin A. (jarinya.s@vistec.ac.th)] Sending ReservationConflictDeleteEmail email to: 1530402@vistec.ac.th from: Frc.booking@vistec.ac.th [File=/var/www/html/booking/lib/Email/EmailService.php,Line=93]
2019-06-18T13:08:31+07:00 [29889] DEBUG default - [User=Admin A. (jarinya.s@vistec.ac.th)] Email send success: 1.  [File=/var/www/html/booking/lib/Email/EmailService.php,Line=105]
2019-06-18T13:08:31+07:00 [29889] DEBUG default - [User=Admin A. (jarinya.s@vistec.ac.th)] ReservationConflictDelete delete lise. Ids=2564 [File=/var/www/html/booking/lib/Application/Reservation/ReservationConflictResolution.php,Line=298]
2019-06-18T13:08:31+07:00 [29889] DEBUG default - [User=Admin A. (jarinya.s@vistec.ac.th)] ReservationRepository::LoadById() - ReservationID: 2564 [File=/var/www/html/booking/Domain/Access/ReservationRepository.php,Line=27]
2019-06-18T13:08:31+07:00 [29889] DEBUG default - [User=Admin A. (jarinya.s@vistec.ac.th)] Removing series 2576 [File=/var/www/html/booking/Domain/ExistingReservationSeries.php,Line=356]
2019-06-18T13:08:31+07:00 [29889] DEBUG default - [User=Admin A. (jarinya.s@vistec.ac.th)] class ReservationConflictDeleteEmail   [File=/var/www/html/booking/lib/Email/Messages/ReservationConflictDeleteEmail.php,Line=43]
2019-06-18T13:08:31+07:00 [29889] DEBUG default - [User=Admin A. (jarinya.s@vistec.ac.th)] class ReservationConflictDeleteEmail To 1530405@vistec.ac.th Kritsada Intaraboonrod [File=/var/www/html/booking/lib/Email/Messages/ReservationConflictDeleteEmail.php,Line=51]
2019-06-18T13:08:31+07:00 [29889] DEBUG default - [User=Admin A. (jarinya.s@vistec.ac.th)] Sending ReservationConflictDeleteEmail email to: 1530405@vistec.ac.th from: Frc.booking@vistec.ac.th [File=/var/www/html/booking/lib/Email/EmailService.php,Line=93]
2019-06-18T13:08:33+07:00 [29889] DEBUG default - [User=Admin A. (jarinya.s@vistec.ac.th)] Email send success: 1.  [File=/var/www/html/booking/lib/Email/EmailService.php,Line=105]
2019-06-18T13:08:33+07:00 [29889] DEBUG default - [User=Admin A. (jarinya.s@vistec.ac.th)] ReservationConflictDelete delete lise. Ids=2650 [File=/var/www/html/booking/lib/Application/Reservation/ReservationConflictResolution.php,Line=298]
2019-06-18T13:08:33+07:00 [29889] DEBUG default - [User=Admin A. (jarinya.s@vistec.ac.th)] ReservationRepository::LoadById() - ReservationID: 2650 [File=/var/www/html/booking/Domain/Access/ReservationRepository.php,Line=27]
2019-06-18T13:08:33+07:00 [29889] DEBUG default - [User=Admin A. (jarinya.s@vistec.ac.th)] Removing series 2662 [File=/var/www/html/booking/Domain/ExistingReservationSeries.php,Line=356]
2019-06-18T13:08:33+07:00 [29889] DEBUG default - [User=Admin A. (jarinya.s@vistec.ac.th)] class ReservationConflictDeleteEmail   [File=/var/www/html/booking/lib/Email/Messages/ReservationConflictDeleteEmail.php,Line=43]
2019-06-18T13:08:33+07:00 [29889] DEBUG default - [User=Admin A. (jarinya.s@vistec.ac.th)] class ReservationConflictDeleteEmail To 1630411@vistec.ac.th Thitapond Nulek [File=/var/www/html/booking/lib/Email/Messages/ReservationConflictDeleteEmail.php,Line=51]
2019-06-18T13:08:33+07:00 [29889] DEBUG default - [User=Admin A. (jarinya.s@vistec.ac.th)] Sending ReservationConflictDeleteEmail email to: 1630411@vistec.ac.th from: Frc.booking@vistec.ac.th [File=/var/www/html/booking/lib/Email/EmailService.php,Line=93]
2019-06-18T13:08:35+07:00 [29889] DEBUG default - [User=Admin A. (jarinya.s@vistec.ac.th)] Email send success: 1.  [File=/var/www/html/booking/lib/Email/EmailService.php,Line=105]
2019-06-18T13:08:35+07:00 [29889] DEBUG default - [User=Admin A. (jarinya.s@vistec.ac.th)] ReservationConflictDelete delete lise. Ids=2605 [File=/var/www/html/booking/lib/Application/Reservation/ReservationConflictResolution.php,Line=298]
2019-06-18T13:08:35+07:00 [29889] DEBUG default - [User=Admin A. (jarinya.s@vistec.ac.th)] ReservationRepository::LoadById() - ReservationID: 2605 [File=/var/www/html/booking/Domain/Access/ReservationRepository.php,Line=27]
2019-06-18T13:08:35+07:00 [29889] DEBUG default - [User=Admin A. (jarinya.s@vistec.ac.th)] Removing series 2617 [File=/var/www/html/booking/Domain/ExistingReservationSeries.php,Line=356]
2019-06-18T13:08:35+07:00 [29889] DEBUG default - [User=Admin A. (jarinya.s@vistec.ac.th)] class ReservationConflictDeleteEmail   [File=/var/www/html/booking/lib/Email/Messages/ReservationConflictDeleteEmail.php,Line=43]
2019-06-18T13:08:35+07:00 [29889] DEBUG default - [User=Admin A. (jarinya.s@vistec.ac.th)] class ReservationConflictDeleteEmail To 1630411@vistec.ac.th Thitapond Nulek [File=/var/www/html/booking/lib/Email/Messages/ReservationConflictDeleteEmail.php,Line=51]
2019-06-18T13:08:35+07:00 [29889] DEBUG default - [User=Admin A. (jarinya.s@vistec.ac.th)] Sending ReservationConflictDeleteEmail email to: 1630411@vistec.ac.th from: Frc.booking@vistec.ac.th [File=/var/www/html/booking/lib/Email/EmailService.php,Line=93]
2019-06-18T13:08:38+07:00 [29889] DEBUG default - [User=Admin A. (jarinya.s@vistec.ac.th)] Email send success: 1.  [File=/var/www/html/booking/lib/Email/EmailService.php,Line=105]
2019-06-18T13:08:38+07:00 [29889] DEBUG default - [User=Admin A. (jarinya.s@vistec.ac.th)] ReservationConflictDelete delete lise. Ids=2652 [File=/var/www/html/booking/lib/Application/Reservation/ReservationConflictResolution.php,Line=298]
2019-06-18T13:08:38+07:00 [29889] DEBUG default - [User=Admin A. (jarinya.s@vistec.ac.th)] ReservationRepository::LoadById() - ReservationID: 2652 [File=/var/www/html/booking/Domain/Access/ReservationRepository.php,Line=27]
2019-06-18T13:08:38+07:00 [29889] DEBUG default - [User=Admin A. (jarinya.s@vistec.ac.th)] Removing series 2664 [File=/var/www/html/booking/Domain/ExistingReservationSeries.php,Line=356]
2019-06-18T13:08:38+07:00 [29889] DEBUG default - [User=Admin A. (jarinya.s@vistec.ac.th)] class ReservationConflictDeleteEmail   [File=/var/www/html/booking/lib/Email/Messages/ReservationConflictDeleteEmail.php,Line=43]
2019-06-18T13:08:38+07:00 [29889] DEBUG default - [User=Admin A. (jarinya.s@vistec.ac.th)] class ReservationConflictDeleteEmail To jarinya.s@vistec.ac.th Admin A. [File=/var/www/html/booking/lib/Email/Messages/ReservationConflictDeleteEmail.php,Line=51]
2019-06-18T13:08:38+07:00 [29889] DEBUG default - [User=Admin A. (jarinya.s@vistec.ac.th)] Sending ReservationConflictDeleteEmail email to: jarinya.s@vistec.ac.th from: Frc.booking@vistec.ac.th [File=/var/www/html/booking/lib/Email/EmailService.php,Line=93]
2019-06-18T13:08:40+07:00 [29889] DEBUG default - [User=Admin A. (jarinya.s@vistec.ac.th)] Email send success: 1.  [File=/var/www/html/booking/lib/Email/EmailService.php,Line=105]
2019-06-18T13:08:40+07:00 [29889] DEBUG default - [User=Admin A. (jarinya.s@vistec.ac.th)] ReservationConflictDelete delete lise. Ids=2584 [File=/var/www/html/booking/lib/Application/Reservation/ReservationConflictResolution.php,Line=298]
2019-06-18T13:08:40+07:00 [29889] DEBUG default - [User=Admin A. (jarinya.s@vistec.ac.th)] ReservationRepository::LoadById() - ReservationID: 2584 [File=/var/www/html/booking/Domain/Access/ReservationRepository.php,Line=27]
2019-06-18T13:08:40+07:00 [29889] DEBUG default - [User=Admin A. (jarinya.s@vistec.ac.th)] Removing series 2596 [File=/var/www/html/booking/Domain/ExistingReservationSeries.php,Line=356]
2019-06-18T13:08:40+07:00 [29889] DEBUG default - [User=Admin A. (jarinya.s@vistec.ac.th)] class ReservationConflictDeleteEmail   [File=/var/www/html/booking/lib/Email/Messages/ReservationConflictDeleteEmail.php,Line=43]
2019-06-18T13:08:40+07:00 [29889] DEBUG default - [User=Admin A. (jarinya.s@vistec.ac.th)] class ReservationConflictDeleteEmail To 1530402@vistec.ac.th Duangkamon Sutttipat [File=/var/www/html/booking/lib/Email/Messages/ReservationConflictDeleteEmail.php,Line=51]
2019-06-18T13:08:40+07:00 [29889] DEBUG default - [User=Admin A. (jarinya.s@vistec.ac.th)] Sending ReservationConflictDeleteEmail email to: 1530402@vistec.ac.th from: Frc.booking@vistec.ac.th [File=/var/www/html/booking/lib/Email/EmailService.php,Line=93]
2019-06-18T13:08:42+07:00 [29889] DEBUG default - [User=Admin A. (jarinya.s@vistec.ac.th)] Email send success: 1.  [File=/var/www/html/booking/lib/Email/EmailService.php,Line=105]
2019-06-18T13:10:01+07:00 [3895] DEBUG default - [User=Admin A. (jarinya.s@vistec.ac.th)] Action passed all validations [File=/var/www/html/booking/Pages/ActionPage.php,Line=108]
2019-06-18T13:10:01+07:00 [3895] DEBUG default - [User=Admin A. (jarinya.s@vistec.ac.th)] Processing page action. Action load [File=/var/www/html/booking/Presenters/ActionPresenter.php,Line=88]
2019-06-18T13:10:01+07:00 [3895] DEBUG default - [User=Admin A. (jarinya.s@vistec.ac.th)] Loading blackout for editing. Id=60 [File=/var/www/html/booking/Presenters/Admin/ManageBlackoutsPresenter.php,Line=254]
2019-06-18T13:10:15+07:00 [3863] DEBUG default - [User=Admin A. (jarinya.s@vistec.ac.th)] Action passed all validations [File=/var/www/html/booking/Pages/ActionPage.php,Line=108]
2019-06-18T13:10:15+07:00 [3863] DEBUG default - [User=Admin A. (jarinya.s@vistec.ac.th)] Processing page action. Action update [File=/var/www/html/booking/Presenters/ActionPresenter.php,Line=88]
2019-06-18T13:10:15+07:00 [3863] DEBUG default - [User=Admin A. (jarinya.s@vistec.ac.th)] Updating blackout. BlackoutId=60, UpdateScope=full [File=/var/www/html/booking/Presenters/Admin/ManageBlackoutsPresenter.php,Line=325]
2019-06-18T13:57:41+07:00 [29889] DEBUG default - [User=Admin A. (jarinya.s@vistec.ac.th)] Action passed all validations [File=/var/www/html/booking/Pages/ActionPage.php,Line=108]
2019-06-18T13:57:41+07:00 [29889] DEBUG default - [User=Admin A. (jarinya.s@vistec.ac.th)] Processing page action. Action add [File=/var/www/html/booking/Presenters/ActionPresenter.php,Line=88]
2019-06-18T13:59:43+07:00 [3863] DEBUG default - [User=Admin A. (jarinya.s@vistec.ac.th)] Action passed all validations [File=/var/www/html/booking/Pages/ActionPage.php,Line=108]
2019-06-18T13:59:43+07:00 [3863] DEBUG default - [User=Admin A. (jarinya.s@vistec.ac.th)] Processing page action. Action add [File=/var/www/html/booking/Presenters/ActionPresenter.php,Line=88]
2019-06-18T14:01:27+07:00 [3895] DEBUG default - [User=Admin A. (jarinya.s@vistec.ac.th)] Action passed all validations [File=/var/www/html/booking/Pages/ActionPage.php,Line=108]
2019-06-18T14:01:27+07:00 [3895] DEBUG default - [User=Admin A. (jarinya.s@vistec.ac.th)] Processing page action. Action add [File=/var/www/html/booking/Presenters/ActionPresenter.php,Line=88]
2019-06-18T14:02:17+07:00 [29889] DEBUG default - [User=Admin A. (jarinya.s@vistec.ac.th)] Action passed all validations [File=/var/www/html/booking/Pages/ActionPage.php,Line=108]
2019-06-18T14:02:17+07:00 [29889] DEBUG default - [User=Admin A. (jarinya.s@vistec.ac.th)] Processing page action. Action add [File=/var/www/html/booking/Presenters/ActionPresenter.php,Line=88]
2019-06-18T14:02:17+07:00 [29889] DEBUG default - [User=Admin A. (jarinya.s@vistec.ac.th)] ReservationConflictDelete delete lise. Ids=2601 [File=/var/www/html/booking/lib/Application/Reservation/ReservationConflictResolution.php,Line=298]
2019-06-18T14:02:17+07:00 [29889] DEBUG default - [User=Admin A. (jarinya.s@vistec.ac.th)] ReservationRepository::LoadById() - ReservationID: 2601 [File=/var/www/html/booking/Domain/Access/ReservationRepository.php,Line=27]
2019-06-18T14:02:17+07:00 [29889] DEBUG default - [User=Admin A. (jarinya.s@vistec.ac.th)] Removing series 2613 [File=/var/www/html/booking/Domain/ExistingReservationSeries.php,Line=356]
2019-06-18T14:02:17+07:00 [29889] DEBUG default - [User=Admin A. (jarinya.s@vistec.ac.th)] class ReservationConflictDeleteEmail   [File=/var/www/html/booking/lib/Email/Messages/ReservationConflictDeleteEmail.php,Line=43]
2019-06-18T14:02:17+07:00 [29889] DEBUG default - [User=Admin A. (jarinya.s@vistec.ac.th)] class ReservationConflictDeleteEmail To 1830403@vistec.ac.th Chalunda Tirayaphanitchkul [File=/var/www/html/booking/lib/Email/Messages/ReservationConflictDeleteEmail.php,Line=51]
2019-06-18T14:02:17+07:00 [29889] DEBUG default - [User=Admin A. (jarinya.s@vistec.ac.th)] Sending ReservationConflictDeleteEmail email to: 1830403@vistec.ac.th from: Frc.booking@vistec.ac.th [File=/var/www/html/booking/lib/Email/EmailService.php,Line=93]
2019-06-18T14:02:19+07:00 [29889] DEBUG default - [User=Admin A. (jarinya.s@vistec.ac.th)] Email send success: 1.  [File=/var/www/html/booking/lib/Email/EmailService.php,Line=105]
2019-06-18T14:02:19+07:00 [29889] DEBUG default - [User=Admin A. (jarinya.s@vistec.ac.th)] ReservationConflictDelete delete lise. Ids=2309 [File=/var/www/html/booking/lib/Application/Reservation/ReservationConflictResolution.php,Line=298]
2019-06-18T14:02:19+07:00 [29889] DEBUG default - [User=Admin A. (jarinya.s@vistec.ac.th)] ReservationRepository::LoadById() - ReservationID: 2309 [File=/var/www/html/booking/Domain/Access/ReservationRepository.php,Line=27]
2019-06-18T14:02:19+07:00 [29889] DEBUG default - [User=Admin A. (jarinya.s@vistec.ac.th)] Removing series 2317 [File=/var/www/html/booking/Domain/ExistingReservationSeries.php,Line=356]
2019-06-18T14:02:19+07:00 [29889] DEBUG default - [User=Admin A. (jarinya.s@vistec.ac.th)] class ReservationConflictDeleteEmail   [File=/var/www/html/booking/lib/Email/Messages/ReservationConflictDeleteEmail.php,Line=43]
2019-06-18T14:02:19+07:00 [29889] DEBUG default - [User=Admin A. (jarinya.s@vistec.ac.th)] class ReservationConflictDeleteEmail To Pattanit77@gmail.com Pattanit Kullawattanapokin [File=/var/www/html/booking/lib/Email/Messages/ReservationConflictDeleteEmail.php,Line=51]
2019-06-18T14:02:19+07:00 [29889] DEBUG default - [User=Admin A. (jarinya.s@vistec.ac.th)] Sending ReservationConflictDeleteEmail email to: Pattanit77@gmail.com from: Frc.booking@vistec.ac.th [File=/var/www/html/booking/lib/Email/EmailService.php,Line=93]
2019-06-18T14:02:21+07:00 [29889] DEBUG default - [User=Admin A. (jarinya.s@vistec.ac.th)] Email send success: 1.  [File=/var/www/html/booking/lib/Email/EmailService.php,Line=105]
2019-06-18T14:02:21+07:00 [29889] DEBUG default - [User=Admin A. (jarinya.s@vistec.ac.th)] ReservationConflictDelete delete lise. Ids=2522 [File=/var/www/html/booking/lib/Application/Reservation/ReservationConflictResolution.php,Line=298]
2019-06-18T14:02:21+07:00 [29889] DEBUG default - [User=Admin A. (jarinya.s@vistec.ac.th)] ReservationRepository::LoadById() - ReservationID: 2522 [File=/var/www/html/booking/Domain/Access/ReservationRepository.php,Line=27]
2019-06-18T14:02:21+07:00 [29889] DEBUG default - [User=Admin A. (jarinya.s@vistec.ac.th)] Removing series 2534 [File=/var/www/html/booking/Domain/ExistingReservationSeries.php,Line=356]
2019-06-18T14:02:21+07:00 [29889] DEBUG default - [User=Admin A. (jarinya.s@vistec.ac.th)] class ReservationConflictDeleteEmail   [File=/var/www/html/booking/lib/Email/Messages/ReservationConflictDeleteEmail.php,Line=43]
2019-06-18T14:02:21+07:00 [29889] DEBUG default - [User=Admin A. (jarinya.s@vistec.ac.th)] class ReservationConflictDeleteEmail To Chadatip.r_s17@vistec.ac.th Chadatip Rodaum [File=/var/www/html/booking/lib/Email/Messages/ReservationConflictDeleteEmail.php,Line=51]
2019-06-18T14:02:21+07:00 [29889] DEBUG default - [User=Admin A. (jarinya.s@vistec.ac.th)] Sending ReservationConflictDeleteEmail email to: Chadatip.r_s17@vistec.ac.th from: Frc.booking@vistec.ac.th [File=/var/www/html/booking/lib/Email/EmailService.php,Line=93]
2019-06-18T14:02:24+07:00 [29889] DEBUG default - [User=Admin A. (jarinya.s@vistec.ac.th)] Email send success: 1.  [File=/var/www/html/booking/lib/Email/EmailService.php,Line=105]
2019-06-18T14:02:24+07:00 [29889] DEBUG default - [User=Admin A. (jarinya.s@vistec.ac.th)] ReservationConflictDelete delete lise. Ids=2597 [File=/var/www/html/booking/lib/Application/Reservation/ReservationConflictResolution.php,Line=298]
2019-06-18T14:02:24+07:00 [29889] DEBUG default - [User=Admin A. (jarinya.s@vistec.ac.th)] ReservationRepository::LoadById() - ReservationID: 2597 [File=/var/www/html/booking/Domain/Access/ReservationRepository.php,Line=27]
2019-06-18T14:02:24+07:00 [29889] DEBUG default - [User=Admin A. (jarinya.s@vistec.ac.th)] Removing series 2609 [File=/var/www/html/booking/Domain/ExistingReservationSeries.php,Line=356]
2019-06-18T14:02:24+07:00 [29889] DEBUG default - [User=Admin A. (jarinya.s@vistec.ac.th)] class ReservationConflictDeleteEmail   [File=/var/www/html/booking/lib/Email/Messages/ReservationConflictDeleteEmail.php,Line=43]
2019-06-18T14:02:24+07:00 [29889] DEBUG default - [User=Admin A. (jarinya.s@vistec.ac.th)] class ReservationConflictDeleteEmail To Pattanit77@gmail.com Pattanit Kullawattanapokin [File=/var/www/html/booking/lib/Email/Messages/ReservationConflictDeleteEmail.php,Line=51]
2019-06-18T14:02:24+07:00 [29889] DEBUG default - [User=Admin A. (jarinya.s@vistec.ac.th)] Sending ReservationConflictDeleteEmail email to: Pattanit77@gmail.com from: Frc.booking@vistec.ac.th [File=/var/www/html/booking/lib/Email/EmailService.php,Line=93]
2019-06-18T14:02:26+07:00 [29889] DEBUG default - [User=Admin A. (jarinya.s@vistec.ac.th)] Email send success: 1.  [File=/var/www/html/booking/lib/Email/EmailService.php,Line=105]
2019-06-18T14:34:29+07:00 [29889] DEBUG default - [User=Admin A. (ratchawan.j@vistec.ac.th)] Action passed all validations [File=/var/www/html/booking/Pages/ActionPage.php,Line=108]
2019-06-18T14:34:29+07:00 [29889] DEBUG default - [User=Admin A. (ratchawan.j@vistec.ac.th)] Processing page action. Action load [File=/var/www/html/booking/Presenters/ActionPresenter.php,Line=88]
2019-06-18T14:34:29+07:00 [29889] DEBUG default - [User=Admin A. (ratchawan.j@vistec.ac.th)] Loading blackout for editing. Id=55 [File=/var/www/html/booking/Presenters/Admin/ManageBlackoutsPresenter.php,Line=254]
2019-06-18T14:34:45+07:00 [3895] DEBUG default - [User=Admin A. (ratchawan.j@vistec.ac.th)] Action passed all validations [File=/var/www/html/booking/Pages/ActionPage.php,Line=108]
2019-06-18T14:34:45+07:00 [3895] DEBUG default - [User=Admin A. (ratchawan.j@vistec.ac.th)] Processing page action. Action update [File=/var/www/html/booking/Presenters/ActionPresenter.php,Line=88]
2019-06-18T14:34:45+07:00 [3895] DEBUG default - [User=Admin A. (ratchawan.j@vistec.ac.th)] Updating blackout. BlackoutId=55, UpdateScope=full [File=/var/www/html/booking/Presenters/Admin/ManageBlackoutsPresenter.php,Line=325]
