2019-08-14T08:48:47+07:00 [12241] DEBUG default - [User=Thassanat Atithep (Thassanant.a@vistec.ac.th)] Acco CREATE_DATE is 2019-08-13 17:26:40 [File=/var/www/html/booking/Domain/Announcement.php,Line=171]
2019-08-14T08:48:47+07:00 [12241] DEBUG default - [User=Thassanat Atithep (Thassanant.a@vistec.ac.th)] Acco CREATE_DATE is 2019-08-09 10:52:33 [File=/var/www/html/booking/Domain/Announcement.php,Line=171]
2019-08-14T08:48:47+07:00 [12241] DEBUG default - [User=Thassanat Atithep (Thassanant.a@vistec.ac.th)] Acco CREATE_DATE is 2019-08-07 16:33:37 [File=/var/www/html/booking/Domain/Announcement.php,Line=171]
2019-08-14T08:48:47+07:00 [12241] DEBUG default - [User=Thassanat Atithep (Thassanant.a@vistec.ac.th)] Acco CREATE_DATE is 2019-08-13 16:49:05 [File=/var/www/html/booking/Domain/Announcement.php,Line=171]
2019-08-14T08:48:47+07:00 [12241] DEBUG default - [User=Thassanat Atithep (Thassanant.a@vistec.ac.th)] Acco CREATE_DATE is 2019-07-30 09:29:04 [File=/var/www/html/booking/Domain/Announcement.php,Line=171]
2019-08-14T08:48:47+07:00 [12241] DEBUG default - [User=Thassanat Atithep (Thassanant.a@vistec.ac.th)] Acco CREATE_DATE is 2019-07-16 13:01:35 [File=/var/www/html/booking/Domain/Announcement.php,Line=171]
2019-08-14T08:48:47+07:00 [12241] DEBUG default - [User=Thassanat Atithep (Thassanant.a@vistec.ac.th)] Acco CREATE_DATE is 2019-07-12 17:09:03 [File=/var/www/html/booking/Domain/Announcement.php,Line=171]
2019-08-14T08:48:47+07:00 [12241] DEBUG default - [User=Thassanat Atithep (Thassanant.a@vistec.ac.th)] Acco CREATE_DATE is 2019-07-09 13:50:08 [File=/var/www/html/booking/Domain/Announcement.php,Line=171]
2019-08-14T08:48:47+07:00 [12241] DEBUG default - [User=Thassanat Atithep (Thassanant.a@vistec.ac.th)] Acco CREATE_DATE is 2019-07-09 13:56:42 [File=/var/www/html/booking/Domain/Announcement.php,Line=171]
2019-08-14T08:48:47+07:00 [12241] DEBUG default - [User=Thassanat Atithep (Thassanant.a@vistec.ac.th)] Acco CREATE_DATE is 2019-07-08 14:31:56 [File=/var/www/html/booking/Domain/Announcement.php,Line=171]
2019-08-14T08:48:47+07:00 [12241] DEBUG default - [User=Thassanat Atithep (Thassanant.a@vistec.ac.th)] Acco CREATE_DATE is 2019-06-24 10:26:13 [File=/var/www/html/booking/Domain/Announcement.php,Line=171]
2019-08-14T08:48:47+07:00 [12241] DEBUG default - [User=Thassanat Atithep (Thassanant.a@vistec.ac.th)] Acco CREATE_DATE is 2019-06-24 10:30:58 [File=/var/www/html/booking/Domain/Announcement.php,Line=171]
2019-08-14T08:48:47+07:00 [12241] DEBUG default - [User=Thassanat Atithep (Thassanant.a@vistec.ac.th)] Acco CREATE_DATE is 2019-06-20 13:57:41 [File=/var/www/html/booking/Domain/Announcement.php,Line=171]
2019-08-14T08:48:47+07:00 [12241] DEBUG default - [User=Thassanat Atithep (Thassanant.a@vistec.ac.th)] Acco CREATE_DATE is 2019-06-18 13:08:23 [File=/var/www/html/booking/Domain/Announcement.php,Line=171]
2019-08-14T08:48:47+07:00 [12241] DEBUG default - [User=Thassanat Atithep (Thassanant.a@vistec.ac.th)] Acco CREATE_DATE is 2019-06-18 14:02:17 [File=/var/www/html/booking/Domain/Announcement.php,Line=171]
2019-08-14T08:48:47+07:00 [12241] DEBUG default - [User=Thassanat Atithep (Thassanant.a@vistec.ac.th)] Acco CREATE_DATE is 2019-06-17 10:00:48 [File=/var/www/html/booking/Domain/Announcement.php,Line=171]
2019-08-14T08:48:47+07:00 [12241] DEBUG default - [User=Thassanat Atithep (Thassanant.a@vistec.ac.th)] Acco CREATE_DATE is 2019-06-12 10:35:30 [File=/var/www/html/booking/Domain/Announcement.php,Line=171]
2019-08-14T08:48:47+07:00 [12241] DEBUG default - [User=Thassanat Atithep (Thassanant.a@vistec.ac.th)] Acco CREATE_DATE is 2019-06-05 08:53:27 [File=/var/www/html/booking/Domain/Announcement.php,Line=171]
2019-08-14T08:48:47+07:00 [12241] DEBUG default - [User=Thassanat Atithep (Thassanant.a@vistec.ac.th)] Acco CREATE_DATE is 2019-05-30 15:14:39 [File=/var/www/html/booking/Domain/Announcement.php,Line=171]
2019-08-14T08:48:47+07:00 [12241] DEBUG default - [User=Thassanat Atithep (Thassanant.a@vistec.ac.th)] Acco CREATE_DATE is 2019-05-27 14:17:33 [File=/var/www/html/booking/Domain/Announcement.php,Line=171]
2019-08-14T10:39:06+07:00 [9274] DEBUG default - [User=Admin A. (jarinya.s@vistec.ac.th)] Action passed all validations [File=/var/www/html/booking/Pages/ActionPage.php,Line=108]
2019-08-14T10:39:06+07:00 [9274] DEBUG default - [User=Admin A. (jarinya.s@vistec.ac.th)] Processing page action. Action add [File=/var/www/html/booking/Presenters/ActionPresenter.php,Line=88]
2019-08-14T10:39:06+07:00 [9274] DEBUG default - [User=Admin A. (jarinya.s@vistec.ac.th)] ReservationConflictDelete delete lise. Ids=3744 [File=/var/www/html/booking/lib/Application/Reservation/ReservationConflictResolution.php,Line=298]
2019-08-14T10:39:06+07:00 [9274] DEBUG default - [User=Admin A. (jarinya.s@vistec.ac.th)] class ReservationConflictDeleteEmail   [File=/var/www/html/booking/lib/Email/Messages/ReservationConflictDeleteEmail.php,Line=43]
2019-08-14T10:39:06+07:00 [9274] DEBUG default - [User=Admin A. (jarinya.s@vistec.ac.th)] class ReservationConflictDeleteEmail To ladawan.p_s16@vistec.ac.th Ladawan Pukdeejorhor [File=/var/www/html/booking/lib/Email/Messages/ReservationConflictDeleteEmail.php,Line=51]
2019-08-14T10:39:06+07:00 [9274] DEBUG default - [User=Admin A. (jarinya.s@vistec.ac.th)] Sending ReservationConflictDeleteEmail email to: ladawan.p_s16@vistec.ac.th from: Frc.booking@vistec.ac.th [File=/var/www/html/booking/lib/Email/EmailService.php,Line=93]
2019-08-14T10:39:07+07:00 [9274] DEBUG default - [User=Admin A. (jarinya.s@vistec.ac.th)] Email send success: 1.  [File=/var/www/html/booking/lib/Email/EmailService.php,Line=105]
2019-08-14T10:39:11+07:00 [19289] DEBUG default - [User=Admin A. (jarinya.s@vistec.ac.th)] Action passed all validations [File=/var/www/html/booking/Pages/ActionPage.php,Line=108]
2019-08-14T10:39:11+07:00 [19289] DEBUG default - [User=Admin A. (jarinya.s@vistec.ac.th)] Processing page action. Action load [File=/var/www/html/booking/Presenters/ActionPresenter.php,Line=88]
2019-08-14T10:39:11+07:00 [19289] DEBUG default - [User=Admin A. (jarinya.s@vistec.ac.th)] Loading blackout for editing. Id=92 [File=/var/www/html/booking/Presenters/Admin/ManageBlackoutsPresenter.php,Line=254]
2019-08-14T10:39:50+07:00 [9274] DEBUG default - [User=Admin A. (jarinya.s@vistec.ac.th)] Action passed all validations [File=/var/www/html/booking/Pages/ActionPage.php,Line=108]
2019-08-14T10:39:50+07:00 [9274] DEBUG default - [User=Admin A. (jarinya.s@vistec.ac.th)] Processing page action. Action update [File=/var/www/html/booking/Presenters/ActionPresenter.php,Line=88]
2019-08-14T10:39:50+07:00 [9274] DEBUG default - [User=Admin A. (jarinya.s@vistec.ac.th)] Updating blackout. BlackoutId=92, UpdateScope=full [File=/var/www/html/booking/Presenters/Admin/ManageBlackoutsPresenter.php,Line=325]
2019-08-14T10:39:50+07:00 [9274] DEBUG default - [User=Admin A. (jarinya.s@vistec.ac.th)] ReservationConflictDelete delete lise. Ids=3848 [File=/var/www/html/booking/lib/Application/Reservation/ReservationConflictResolution.php,Line=298]
2019-08-14T10:39:50+07:00 [9274] DEBUG default - [User=Admin A. (jarinya.s@vistec.ac.th)] class ReservationConflictDeleteEmail   [File=/var/www/html/booking/lib/Email/Messages/ReservationConflictDeleteEmail.php,Line=43]
2019-08-14T10:39:50+07:00 [9274] DEBUG default - [User=Admin A. (jarinya.s@vistec.ac.th)] class ReservationConflictDeleteEmail To praweena.kw@gmail.com Praweena Wongkaew [File=/var/www/html/booking/lib/Email/Messages/ReservationConflictDeleteEmail.php,Line=51]
2019-08-14T10:39:50+07:00 [9274] DEBUG default - [User=Admin A. (jarinya.s@vistec.ac.th)] Sending ReservationConflictDeleteEmail email to: praweena.kw@gmail.com from: Frc.booking@vistec.ac.th [File=/var/www/html/booking/lib/Email/EmailService.php,Line=93]
2019-08-14T10:39:51+07:00 [9274] DEBUG default - [User=Admin A. (jarinya.s@vistec.ac.th)] Email send success: 1.  [File=/var/www/html/booking/lib/Email/EmailService.php,Line=105]
2019-08-14T10:42:35+07:00 [9274] DEBUG default - [User=Admin A. (ratchawan.j@vistec.ac.th)] Loading validators for addUser [File=/var/www/html/booking/Presenters/Admin/ManageUsersPresenter.php,Line=418]
2019-08-14T10:42:36+07:00 [9274] DEBUG default - [User=Admin A. (ratchawan.j@vistec.ac.th)] Action passed all validations [File=/var/www/html/booking/Pages/ActionPage.php,Line=108]
2019-08-14T10:42:36+07:00 [9274] DEBUG default - [User=Admin A. (ratchawan.j@vistec.ac.th)] Processing page action. Action addUser [File=/var/www/html/booking/Presenters/ActionPresenter.php,Line=88]
2019-08-14T10:42:36+07:00 [9274] DEBUG default - [User=Admin A. (ratchawan.j@vistec.ac.th)] Sending AccountCreationForUserEmail email to: rachan.k@vistec.ac.th from: Frc.booking@vistec.ac.th [File=/var/www/html/booking/lib/Email/EmailService.php,Line=93]
2019-08-14T10:42:37+07:00 [9274] DEBUG default - [User=Admin A. (ratchawan.j@vistec.ac.th)] Email send success: 1.  [File=/var/www/html/booking/lib/Email/EmailService.php,Line=105]
2019-08-14T10:42:56+07:00 [19289] DEBUG default - [User=Admin A. (ratchawan.j@vistec.ac.th)] Loading validators for updateUser [File=/var/www/html/booking/Presenters/Admin/ManageUsersPresenter.php,Line=418]
2019-08-14T10:42:56+07:00 [19289] DEBUG default - [User=Admin A. (ratchawan.j@vistec.ac.th)] Action passed all validations [File=/var/www/html/booking/Pages/ActionPage.php,Line=108]
2019-08-14T10:42:56+07:00 [19289] DEBUG default - [User=Admin A. (ratchawan.j@vistec.ac.th)] Processing page action. Action updateUser [File=/var/www/html/booking/Presenters/ActionPresenter.php,Line=88]
2019-08-14T10:42:56+07:00 [19289] DEBUG default - [User=Admin A. (ratchawan.j@vistec.ac.th)] Updating user 563 [File=/var/www/html/booking/Presenters/Admin/ManageUsersPresenter.php,Line=284]
2019-08-14T10:43:07+07:00 [12241] DEBUG default - [User=Admin A. (ratchawan.j@vistec.ac.th)] Loading validators for updateUser [File=/var/www/html/booking/Presenters/Admin/ManageUsersPresenter.php,Line=418]
2019-08-14T10:43:07+07:00 [12241] DEBUG default - [User=Admin A. (ratchawan.j@vistec.ac.th)] Action passed all validations [File=/var/www/html/booking/Pages/ActionPage.php,Line=108]
2019-08-14T10:43:07+07:00 [12241] DEBUG default - [User=Admin A. (ratchawan.j@vistec.ac.th)] Processing page action. Action updateUser [File=/var/www/html/booking/Presenters/ActionPresenter.php,Line=88]
2019-08-14T10:43:07+07:00 [12241] DEBUG default - [User=Admin A. (ratchawan.j@vistec.ac.th)] Updating user 563 [File=/var/www/html/booking/Presenters/Admin/ManageUsersPresenter.php,Line=284]
2019-08-14T10:43:23+07:00 [12241] DEBUG default - [User=Admin A. (ratchawan.j@vistec.ac.th)] Loading validators for permissions [File=/var/www/html/booking/Presenters/Admin/ManageUsersPresenter.php,Line=418]
2019-08-14T10:43:23+07:00 [12241] DEBUG default - [User=Admin A. (ratchawan.j@vistec.ac.th)] Action passed all validations [File=/var/www/html/booking/Pages/ActionPage.php,Line=108]
2019-08-14T10:43:23+07:00 [12241] DEBUG default - [User=Admin A. (ratchawan.j@vistec.ac.th)] Processing page action. Action permissions [File=/var/www/html/booking/Presenters/ActionPresenter.php,Line=88]
2019-08-14T11:16:53+07:00 [12241] DEBUG default - [User=Admin A. (jarinya.s@vistec.ac.th)] Action passed all validations [File=/var/www/html/booking/Pages/ActionPage.php,Line=108]
2019-08-14T11:16:53+07:00 [12241] DEBUG default - [User=Admin A. (jarinya.s@vistec.ac.th)] Processing page action. Action load [File=/var/www/html/booking/Presenters/ActionPresenter.php,Line=88]
2019-08-14T11:16:53+07:00 [12241] DEBUG default - [User=Admin A. (jarinya.s@vistec.ac.th)] Loading blackout for editing. Id=93 [File=/var/www/html/booking/Presenters/Admin/ManageBlackoutsPresenter.php,Line=254]
2019-08-14T11:18:57+07:00 [9274] DEBUG default - [User=Admin A. (jarinya.s@vistec.ac.th)] Action passed all validations [File=/var/www/html/booking/Pages/ActionPage.php,Line=108]
2019-08-14T11:18:57+07:00 [9274] DEBUG default - [User=Admin A. (jarinya.s@vistec.ac.th)] Processing page action. Action update [File=/var/www/html/booking/Presenters/ActionPresenter.php,Line=88]
2019-08-14T11:18:57+07:00 [9274] DEBUG default - [User=Admin A. (jarinya.s@vistec.ac.th)] Updating blackout. BlackoutId=93, UpdateScope=full [File=/var/www/html/booking/Presenters/Admin/ManageBlackoutsPresenter.php,Line=325]
2019-08-14T15:11:02+07:00 [9274] DEBUG default - [User=Admin A. (jarinya.s@vistec.ac.th)] Action passed all validations [File=/var/www/html/booking/Pages/ActionPage.php,Line=108]
2019-08-14T15:11:02+07:00 [9274] DEBUG default - [User=Admin A. (jarinya.s@vistec.ac.th)] Processing page action. Action load [File=/var/www/html/booking/Presenters/ActionPresenter.php,Line=88]
2019-08-14T15:11:02+07:00 [9274] DEBUG default - [User=Admin A. (jarinya.s@vistec.ac.th)] Loading blackout for editing. Id=94 [File=/var/www/html/booking/Presenters/Admin/ManageBlackoutsPresenter.php,Line=254]
2019-08-14T15:11:05+07:00 [19289] DEBUG default - [User=Admin A. (jarinya.s@vistec.ac.th)] Action passed all validations [File=/var/www/html/booking/Pages/ActionPage.php,Line=108]
2019-08-14T15:11:05+07:00 [19289] DEBUG default - [User=Admin A. (jarinya.s@vistec.ac.th)] Processing page action. Action load [File=/var/www/html/booking/Presenters/ActionPresenter.php,Line=88]
2019-08-14T15:11:05+07:00 [19289] DEBUG default - [User=Admin A. (jarinya.s@vistec.ac.th)] Loading blackout for editing. Id=94 [File=/var/www/html/booking/Presenters/Admin/ManageBlackoutsPresenter.php,Line=254]
2019-08-14T15:11:37+07:00 [9274] DEBUG default - [User=Admin A. (jarinya.s@vistec.ac.th)] Action passed all validations [File=/var/www/html/booking/Pages/ActionPage.php,Line=108]
2019-08-14T15:11:37+07:00 [9274] DEBUG default - [User=Admin A. (jarinya.s@vistec.ac.th)] Processing page action. Action delete [File=/var/www/html/booking/Presenters/ActionPresenter.php,Line=88]
2019-08-14T15:11:37+07:00 [9274] DEBUG default - [User=Admin A. (jarinya.s@vistec.ac.th)] Deleting blackout. BlackoutId=94, DeleteScope=full [File=/var/www/html/booking/Presenters/Admin/ManageBlackoutsPresenter.php,Line=244]
