2019-04-02T09:48:53+07:00 [6290] DEBUG default - [User=Admin A. (ratchawan.j@vistec.ac.th)] Action passed all validations [File=/var/www/html/booking/Pages/ActionPage.php,Line=108]
2019-04-02T09:48:53+07:00 [6290] DEBUG default - [User=Admin A. (ratchawan.j@vistec.ac.th)] Processing page action. Action add [File=/var/www/html/booking/Presenters/ActionPresenter.php,Line=88]
2019-04-02T14:21:31+07:00 [10313] DEBUG default - [User=Admin A. (jarinya.s@vistec.ac.th)] Action passed all validations [File=/var/www/html/booking/Pages/ActionPage.php,Line=108]
2019-04-02T14:21:31+07:00 [10313] DEBUG default - [User=Admin A. (jarinya.s@vistec.ac.th)] Processing page action. Action addUserPermission [File=/var/www/html/booking/Presenters/ActionPresenter.php,Line=88]
2019-04-02T14:22:12+07:00 [10313] DEBUG default - [User=Admin A. (jarinya.s@vistec.ac.th)] Action passed all validations [File=/var/www/html/booking/Pages/ActionPage.php,Line=108]
2019-04-02T14:22:12+07:00 [10313] DEBUG default - [User=Admin A. (jarinya.s@vistec.ac.th)] Processing page action. Action addUserPermission [File=/var/www/html/booking/Presenters/ActionPresenter.php,Line=88]
2019-04-02T14:22:22+07:00 [23803] DEBUG default - [User=Admin A. (jarinya.s@vistec.ac.th)] Action passed all validations [File=/var/www/html/booking/Pages/ActionPage.php,Line=108]
2019-04-02T14:22:22+07:00 [23803] DEBUG default - [User=Admin A. (jarinya.s@vistec.ac.th)] Processing page action. Action addUserPermission [File=/var/www/html/booking/Presenters/ActionPresenter.php,Line=88]
2019-04-02T14:22:39+07:00 [10313] DEBUG default - [User=Admin A. (jarinya.s@vistec.ac.th)] Action passed all validations [File=/var/www/html/booking/Pages/ActionPage.php,Line=108]
2019-04-02T14:22:39+07:00 [10313] DEBUG default - [User=Admin A. (jarinya.s@vistec.ac.th)] Processing page action. Action addUserPermission [File=/var/www/html/booking/Presenters/ActionPresenter.php,Line=88]
2019-04-02T14:22:51+07:00 [10313] DEBUG default - [User=Admin A. (jarinya.s@vistec.ac.th)] Action passed all validations [File=/var/www/html/booking/Pages/ActionPage.php,Line=108]
2019-04-02T14:22:51+07:00 [10313] DEBUG default - [User=Admin A. (jarinya.s@vistec.ac.th)] Processing page action. Action addUserPermission [File=/var/www/html/booking/Presenters/ActionPresenter.php,Line=88]
2019-04-02T14:23:08+07:00 [6290] DEBUG default - [User=Admin A. (jarinya.s@vistec.ac.th)] Action passed all validations [File=/var/www/html/booking/Pages/ActionPage.php,Line=108]
2019-04-02T14:23:08+07:00 [6290] DEBUG default - [User=Admin A. (jarinya.s@vistec.ac.th)] Processing page action. Action addUserPermission [File=/var/www/html/booking/Presenters/ActionPresenter.php,Line=88]
2019-04-02T14:23:16+07:00 [6290] DEBUG default - [User=Admin A. (jarinya.s@vistec.ac.th)] Action passed all validations [File=/var/www/html/booking/Pages/ActionPage.php,Line=108]
2019-04-02T14:23:16+07:00 [6290] DEBUG default - [User=Admin A. (jarinya.s@vistec.ac.th)] Processing page action. Action addUserPermission [File=/var/www/html/booking/Presenters/ActionPresenter.php,Line=88]
2019-04-02T14:31:56+07:00 [6290] DEBUG default - [User=Admin A. (jarinya.s@vistec.ac.th)] Action passed all validations [File=/var/www/html/booking/Pages/ActionPage.php,Line=108]
2019-04-02T14:31:56+07:00 [6290] DEBUG default - [User=Admin A. (jarinya.s@vistec.ac.th)] Processing page action. Action addUserPermission [File=/var/www/html/booking/Presenters/ActionPresenter.php,Line=88]
2019-04-02T14:32:08+07:00 [10313] DEBUG default - [User=Admin A. (jarinya.s@vistec.ac.th)] Action passed all validations [File=/var/www/html/booking/Pages/ActionPage.php,Line=108]
2019-04-02T14:32:08+07:00 [10313] DEBUG default - [User=Admin A. (jarinya.s@vistec.ac.th)] Processing page action. Action addUserPermission [File=/var/www/html/booking/Presenters/ActionPresenter.php,Line=88]
2019-04-02T15:08:59+07:00 [23803] DEBUG default - [User=Admin A. (jarinya.s@vistec.ac.th)] Action passed all validations [File=/var/www/html/booking/Pages/ActionPage.php,Line=108]
2019-04-02T15:08:59+07:00 [23803] DEBUG default - [User=Admin A. (jarinya.s@vistec.ac.th)] Processing page action. Action addUserPermission [File=/var/www/html/booking/Presenters/ActionPresenter.php,Line=88]
2019-04-02T15:09:08+07:00 [6290] DEBUG default - [User=Admin A. (jarinya.s@vistec.ac.th)] Action passed all validations [File=/var/www/html/booking/Pages/ActionPage.php,Line=108]
2019-04-02T15:09:08+07:00 [6290] DEBUG default - [User=Admin A. (jarinya.s@vistec.ac.th)] Processing page action. Action addUserPermission [File=/var/www/html/booking/Presenters/ActionPresenter.php,Line=88]
2019-04-02T15:25:11+07:00 [23803] DEBUG default - [User=Admin A. (jarinya.s@vistec.ac.th)] Action passed all validations [File=/var/www/html/booking/Pages/ActionPage.php,Line=108]
2019-04-02T15:25:11+07:00 [23803] DEBUG default - [User=Admin A. (jarinya.s@vistec.ac.th)] Processing page action. Action addUserPermission [File=/var/www/html/booking/Presenters/ActionPresenter.php,Line=88]
2019-04-02T15:25:22+07:00 [23803] DEBUG default - [User=Admin A. (jarinya.s@vistec.ac.th)] Action passed all validations [File=/var/www/html/booking/Pages/ActionPage.php,Line=108]
2019-04-02T15:25:22+07:00 [23803] DEBUG default - [User=Admin A. (jarinya.s@vistec.ac.th)] Processing page action. Action addUserPermission [File=/var/www/html/booking/Presenters/ActionPresenter.php,Line=88]
2019-04-02T15:25:44+07:00 [10313] DEBUG default - [User=Admin A. (jarinya.s@vistec.ac.th)] Action passed all validations [File=/var/www/html/booking/Pages/ActionPage.php,Line=108]
2019-04-02T15:25:44+07:00 [10313] DEBUG default - [User=Admin A. (jarinya.s@vistec.ac.th)] Processing page action. Action addUserPermission [File=/var/www/html/booking/Presenters/ActionPresenter.php,Line=88]
2019-04-02T15:25:55+07:00 [23803] DEBUG default - [User=Admin A. (jarinya.s@vistec.ac.th)] Action passed all validations [File=/var/www/html/booking/Pages/ActionPage.php,Line=108]
2019-04-02T15:25:55+07:00 [23803] DEBUG default - [User=Admin A. (jarinya.s@vistec.ac.th)] Processing page action. Action addUserPermission [File=/var/www/html/booking/Presenters/ActionPresenter.php,Line=88]
2019-04-02T15:26:04+07:00 [23803] DEBUG default - [User=Admin A. (jarinya.s@vistec.ac.th)] Action passed all validations [File=/var/www/html/booking/Pages/ActionPage.php,Line=108]
2019-04-02T15:26:04+07:00 [23803] DEBUG default - [User=Admin A. (jarinya.s@vistec.ac.th)] Processing page action. Action addUserPermission [File=/var/www/html/booking/Presenters/ActionPresenter.php,Line=88]
2019-04-02T15:28:41+07:00 [23803] DEBUG default - [User=Admin A. (napatsorn.m@vistec.ac.th)] Loading validators for permissions [File=/var/www/html/booking/Presenters/Admin/ManageUsersPresenter.php,Line=418]
2019-04-02T15:28:41+07:00 [23803] DEBUG default - [User=Admin A. (napatsorn.m@vistec.ac.th)] Action passed all validations [File=/var/www/html/booking/Pages/ActionPage.php,Line=108]
2019-04-02T15:28:41+07:00 [23803] DEBUG default - [User=Admin A. (napatsorn.m@vistec.ac.th)] Processing page action. Action permissions [File=/var/www/html/booking/Presenters/ActionPresenter.php,Line=88]
2019-04-02T15:29:32+07:00 [10313] DEBUG default - [User=Admin A. (napatsorn.m@vistec.ac.th)] Loading validators for permissions [File=/var/www/html/booking/Presenters/Admin/ManageUsersPresenter.php,Line=418]
2019-04-02T15:29:32+07:00 [10313] DEBUG default - [User=Admin A. (napatsorn.m@vistec.ac.th)] Action passed all validations [File=/var/www/html/booking/Pages/ActionPage.php,Line=108]
2019-04-02T15:29:32+07:00 [10313] DEBUG default - [User=Admin A. (napatsorn.m@vistec.ac.th)] Processing page action. Action permissions [File=/var/www/html/booking/Presenters/ActionPresenter.php,Line=88]
2019-04-02T15:54:55+07:00 [10313] DEBUG default - [User=Admin A. (jarinya.s@vistec.ac.th)] Loading validators for addUser [File=/var/www/html/booking/Presenters/Admin/ManageUsersPresenter.php,Line=418]
2019-04-02T15:54:55+07:00 [10313] DEBUG default - [User=Admin A. (jarinya.s@vistec.ac.th)] Action passed all validations [File=/var/www/html/booking/Pages/ActionPage.php,Line=108]
2019-04-02T15:54:55+07:00 [10313] DEBUG default - [User=Admin A. (jarinya.s@vistec.ac.th)] Processing page action. Action addUser [File=/var/www/html/booking/Presenters/ActionPresenter.php,Line=88]
2019-04-02T15:54:55+07:00 [10313] DEBUG default - [User=Admin A. (jarinya.s@vistec.ac.th)] Sending AccountCreationForUserEmail email to: piyanucha58@email.nu.ac.th from: Frc.booking@vistec.ac.th [File=/var/www/html/booking/lib/Email/EmailService.php,Line=93]
2019-04-02T15:54:58+07:00 [10313] DEBUG default - [User=Admin A. (jarinya.s@vistec.ac.th)] Email send success: 1.  [File=/var/www/html/booking/lib/Email/EmailService.php,Line=105]
2019-04-02T15:55:32+07:00 [6290] DEBUG default - [User=Admin A. (jarinya.s@vistec.ac.th)] Loading validators for updateUser [File=/var/www/html/booking/Presenters/Admin/ManageUsersPresenter.php,Line=418]
2019-04-02T15:55:32+07:00 [6290] DEBUG default - [User=Admin A. (jarinya.s@vistec.ac.th)] Action passed all validations [File=/var/www/html/booking/Pages/ActionPage.php,Line=108]
2019-04-02T15:55:32+07:00 [6290] DEBUG default - [User=Admin A. (jarinya.s@vistec.ac.th)] Processing page action. Action updateUser [File=/var/www/html/booking/Presenters/ActionPresenter.php,Line=88]
2019-04-02T15:55:32+07:00 [6290] DEBUG default - [User=Admin A. (jarinya.s@vistec.ac.th)] Updating user 555 [File=/var/www/html/booking/Presenters/Admin/ManageUsersPresenter.php,Line=284]
2019-04-02T15:55:51+07:00 [6290] DEBUG default - [User=Admin A. (jarinya.s@vistec.ac.th)] Action passed all validations [File=/var/www/html/booking/Pages/ActionPage.php,Line=108]
2019-04-02T15:55:51+07:00 [6290] DEBUG default - [User=Admin A. (jarinya.s@vistec.ac.th)] Processing page action. Action addUserPermission [File=/var/www/html/booking/Presenters/ActionPresenter.php,Line=88]
2019-04-02T17:12:58+07:00 [23803] DEBUG default - [User=Admin A. (Thassanant.a@vistec.ac.th)] Acco CREATE_DATE is 2019-04-02 09:48:53 [File=/var/www/html/booking/Domain/Announcement.php,Line=171]
2019-04-02T17:12:58+07:00 [23803] DEBUG default - [User=Admin A. (Thassanant.a@vistec.ac.th)] Acco CREATE_DATE is 2019-04-01 11:12:44 [File=/var/www/html/booking/Domain/Announcement.php,Line=171]
2019-04-02T17:12:58+07:00 [23803] DEBUG default - [User=Admin A. (Thassanant.a@vistec.ac.th)] Acco CREATE_DATE is 2019-04-01 12:00:59 [File=/var/www/html/booking/Domain/Announcement.php,Line=171]
2019-04-02T17:12:58+07:00 [23803] DEBUG default - [User=Admin A. (Thassanant.a@vistec.ac.th)] Acco CREATE_DATE is 2019-04-01 14:03:54 [File=/var/www/html/booking/Domain/Announcement.php,Line=171]
2019-04-02T17:12:58+07:00 [23803] DEBUG default - [User=Admin A. (Thassanant.a@vistec.ac.th)] Acco CREATE_DATE is 2019-03-27 09:55:28 [File=/var/www/html/booking/Domain/Announcement.php,Line=171]
2019-04-02T17:12:58+07:00 [23803] DEBUG default - [User=Admin A. (Thassanant.a@vistec.ac.th)] Acco CREATE_DATE is 2019-03-20 20:21:35 [File=/var/www/html/booking/Domain/Announcement.php,Line=171]
2019-04-02T17:12:58+07:00 [23803] DEBUG default - [User=Admin A. (Thassanant.a@vistec.ac.th)] Acco CREATE_DATE is 2019-03-18 11:42:19 [File=/var/www/html/booking/Domain/Announcement.php,Line=171]
2019-04-02T17:12:58+07:00 [23803] DEBUG default - [User=Admin A. (Thassanant.a@vistec.ac.th)] Acco CREATE_DATE is 2019-03-18 11:44:48 [File=/var/www/html/booking/Domain/Announcement.php,Line=171]
2019-04-02T17:12:58+07:00 [23803] DEBUG default - [User=Admin A. (Thassanant.a@vistec.ac.th)] Acco CREATE_DATE is 2019-03-11 10:50:07 [File=/var/www/html/booking/Domain/Announcement.php,Line=171]
2019-04-02T17:13:41+07:00 [6290] DEBUG default - [User=Admin A. (Thassanant.a@vistec.ac.th)] Action passed all validations [File=/var/www/html/booking/Pages/ActionPage.php,Line=108]
2019-04-02T17:13:41+07:00 [6290] DEBUG default - [User=Admin A. (Thassanant.a@vistec.ac.th)] Processing page action. Action changeAnnouncement [File=/var/www/html/booking/Presenters/ActionPresenter.php,Line=88]
2019-04-02T17:13:41+07:00 [6290] DEBUG default - [User=Admin A. (Thassanant.a@vistec.ac.th)] Changing Announcement with id 11 [File=/var/www/html/booking/Presenters/Admin/ManageAnnouncementsPresenter.php,Line=137]
2019-04-02T17:13:41+07:00 [6290] DEBUG default - [User=Admin A. (Thassanant.a@vistec.ac.th)] Acco CREATE_DATE is 2019-04-01 11:12:44 [File=/var/www/html/booking/Domain/Announcement.php,Line=171]
2019-04-02T17:13:41+07:00 [6290] DEBUG default - [User=Admin A. (Thassanant.a@vistec.ac.th)] Update Announcement [File=/var/www/html/booking/Domain/Access/AnnouncementRepository.php,Line=169]
2019-04-02T17:13:41+07:00 [10313] DEBUG default - [User=Admin A. (Thassanant.a@vistec.ac.th)] Acco CREATE_DATE is 2019-04-02 09:48:53 [File=/var/www/html/booking/Domain/Announcement.php,Line=171]
2019-04-02T17:13:41+07:00 [10313] DEBUG default - [User=Admin A. (Thassanant.a@vistec.ac.th)] Acco CREATE_DATE is 2019-04-01 12:00:59 [File=/var/www/html/booking/Domain/Announcement.php,Line=171]
2019-04-02T17:13:41+07:00 [10313] DEBUG default - [User=Admin A. (Thassanant.a@vistec.ac.th)] Acco CREATE_DATE is 2019-04-01 14:03:54 [File=/var/www/html/booking/Domain/Announcement.php,Line=171]
2019-04-02T17:13:41+07:00 [10313] DEBUG default - [User=Admin A. (Thassanant.a@vistec.ac.th)] Acco CREATE_DATE is 2019-04-02 17:13:41 [File=/var/www/html/booking/Domain/Announcement.php,Line=171]
2019-04-02T17:13:41+07:00 [10313] DEBUG default - [User=Admin A. (Thassanant.a@vistec.ac.th)] Acco CREATE_DATE is 2019-03-27 09:55:28 [File=/var/www/html/booking/Domain/Announcement.php,Line=171]
2019-04-02T17:13:41+07:00 [10313] DEBUG default - [User=Admin A. (Thassanant.a@vistec.ac.th)] Acco CREATE_DATE is 2019-03-20 20:21:35 [File=/var/www/html/booking/Domain/Announcement.php,Line=171]
2019-04-02T17:13:41+07:00 [10313] DEBUG default - [User=Admin A. (Thassanant.a@vistec.ac.th)] Acco CREATE_DATE is 2019-03-18 11:42:19 [File=/var/www/html/booking/Domain/Announcement.php,Line=171]
2019-04-02T17:13:41+07:00 [10313] DEBUG default - [User=Admin A. (Thassanant.a@vistec.ac.th)] Acco CREATE_DATE is 2019-03-18 11:44:48 [File=/var/www/html/booking/Domain/Announcement.php,Line=171]
2019-04-02T17:13:41+07:00 [10313] DEBUG default - [User=Admin A. (Thassanant.a@vistec.ac.th)] Acco CREATE_DATE is 2019-03-11 10:50:07 [File=/var/www/html/booking/Domain/Announcement.php,Line=171]
2019-04-02T17:14:34+07:00 [6290] DEBUG default - [User=Admin A. (Thassanant.a@vistec.ac.th)] Loading validators for permissions [File=/var/www/html/booking/Presenters/Admin/ManageUsersPresenter.php,Line=418]
2019-04-02T17:14:34+07:00 [6290] DEBUG default - [User=Admin A. (Thassanant.a@vistec.ac.th)] Action passed all validations [File=/var/www/html/booking/Pages/ActionPage.php,Line=108]
2019-04-02T17:14:34+07:00 [6290] DEBUG default - [User=Admin A. (Thassanant.a@vistec.ac.th)] Processing page action. Action permissions [File=/var/www/html/booking/Presenters/ActionPresenter.php,Line=88]
2019-04-02T17:17:16+07:00 [23803] DEBUG default - [User=Admin A. (Thassanant.a@vistec.ac.th)] Loading validators for permissions [File=/var/www/html/booking/Presenters/Admin/ManageUsersPresenter.php,Line=418]
2019-04-02T17:17:16+07:00 [23803] DEBUG default - [User=Admin A. (Thassanant.a@vistec.ac.th)] Action passed all validations [File=/var/www/html/booking/Pages/ActionPage.php,Line=108]
2019-04-02T17:17:16+07:00 [23803] DEBUG default - [User=Admin A. (Thassanant.a@vistec.ac.th)] Processing page action. Action permissions [File=/var/www/html/booking/Presenters/ActionPresenter.php,Line=88]
