2019-10-03T14:42:56+07:00 [2796] DEBUG default - [User=Surapoj Sanram (surapoj.s@vistec.ac.th)] Loading validators for addUser [File=/var/www/html/booking/Presenters/Admin/ManageUsersPresenter.php,Line=418]
2019-10-03T14:42:56+07:00 [2796] DEBUG default - [User=Surapoj Sanram (surapoj.s@vistec.ac.th)] Action passed all validations [File=/var/www/html/booking/Pages/ActionPage.php,Line=108]
2019-10-03T14:42:56+07:00 [2796] DEBUG default - [User=Surapoj Sanram (surapoj.s@vistec.ac.th)] Processing page action. Action addUser [File=/var/www/html/booking/Presenters/ActionPresenter.php,Line=88]
2019-10-03T14:44:24+07:00 [10019] DEBUG default - [User=Surapoj Sanram (surapoj.s@vistec.ac.th)] Action passed all validations [File=/var/www/html/booking/Pages/ActionPage.php,Line=108]
2019-10-03T14:44:24+07:00 [10019] DEBUG default - [User=Surapoj Sanram (surapoj.s@vistec.ac.th)] Processing page action. Action addGroup [File=/var/www/html/booking/Presenters/ActionPresenter.php,Line=88]
2019-10-03T14:44:24+07:00 [10019] DEBUG default - [User=Surapoj Sanram (surapoj.s@vistec.ac.th)] Adding new group with name: WIS [File=/var/www/html/booking/Presenters/Admin/ManageGroupsPresenter.php,Line=187]
2019-10-03T14:45:18+07:00 [10524] DEBUG default - [User=Surapoj Sanram (surapoj.s@vistec.ac.th)] Loading validators for updateUser [File=/var/www/html/booking/Presenters/Admin/ManageUsersPresenter.php,Line=418]
2019-10-03T14:45:18+07:00 [10524] DEBUG default - [User=Surapoj Sanram (surapoj.s@vistec.ac.th)] Action passed all validations [File=/var/www/html/booking/Pages/ActionPage.php,Line=108]
2019-10-03T14:45:18+07:00 [10524] DEBUG default - [User=Surapoj Sanram (surapoj.s@vistec.ac.th)] Processing page action. Action updateUser [File=/var/www/html/booking/Presenters/ActionPresenter.php,Line=88]
2019-10-03T14:45:18+07:00 [10524] DEBUG default - [User=Surapoj Sanram (surapoj.s@vistec.ac.th)] Updating user 566 [File=/var/www/html/booking/Presenters/Admin/ManageUsersPresenter.php,Line=284]
2019-10-03T14:45:31+07:00 [10524] DEBUG default - [User=Surapoj Sanram (surapoj.s@vistec.ac.th)] Action passed all validations [File=/var/www/html/booking/Pages/ActionPage.php,Line=108]
2019-10-03T14:45:31+07:00 [10524] DEBUG default - [User=Surapoj Sanram (surapoj.s@vistec.ac.th)] Processing page action. Action addUser [File=/var/www/html/booking/Presenters/ActionPresenter.php,Line=88]
2019-10-03T14:45:31+07:00 [10524] DEBUG default - [User=Surapoj Sanram (surapoj.s@vistec.ac.th)] Adding userId: 566 to groupId: 29 [File=/var/www/html/booking/Presenters/Admin/ManageGroupsPresenter.php,Line=164]
2019-10-03T14:46:23+07:00 [2796] DEBUG default - [User=Surapoj Sanram (surapoj.s@vistec.ac.th)] Loading validators for updateUser [File=/var/www/html/booking/Presenters/Admin/ManageUsersPresenter.php,Line=418]
2019-10-03T14:46:23+07:00 [2796] DEBUG default - [User=Surapoj Sanram (surapoj.s@vistec.ac.th)] Action passed all validations [File=/var/www/html/booking/Pages/ActionPage.php,Line=108]
2019-10-03T14:46:23+07:00 [2796] DEBUG default - [User=Surapoj Sanram (surapoj.s@vistec.ac.th)] Processing page action. Action updateUser [File=/var/www/html/booking/Presenters/ActionPresenter.php,Line=88]
2019-10-03T14:46:23+07:00 [2796] DEBUG default - [User=Surapoj Sanram (surapoj.s@vistec.ac.th)] Updating user 566 [File=/var/www/html/booking/Presenters/Admin/ManageUsersPresenter.php,Line=284]
2019-10-03T14:46:36+07:00 [10524] DEBUG default - [User=Surapoj Sanram (surapoj.s@vistec.ac.th)] Loading validators for updateUser [File=/var/www/html/booking/Presenters/Admin/ManageUsersPresenter.php,Line=418]
2019-10-03T14:46:36+07:00 [10524] DEBUG default - [User=Surapoj Sanram (surapoj.s@vistec.ac.th)] Action passed all validations [File=/var/www/html/booking/Pages/ActionPage.php,Line=108]
2019-10-03T14:46:36+07:00 [10524] DEBUG default - [User=Surapoj Sanram (surapoj.s@vistec.ac.th)] Processing page action. Action updateUser [File=/var/www/html/booking/Presenters/ActionPresenter.php,Line=88]
2019-10-03T14:46:36+07:00 [10524] DEBUG default - [User=Surapoj Sanram (surapoj.s@vistec.ac.th)] Updating user 566 [File=/var/www/html/booking/Presenters/Admin/ManageUsersPresenter.php,Line=284]
2019-10-03T14:46:43+07:00 [10019] DEBUG default - [User=Surapoj Sanram (surapoj.s@vistec.ac.th)] Loading validators for deactivate [File=/var/www/html/booking/Presenters/Admin/ManageUsersPresenter.php,Line=418]
2019-10-03T14:46:43+07:00 [10019] DEBUG default - [User=Surapoj Sanram (surapoj.s@vistec.ac.th)] Action passed all validations [File=/var/www/html/booking/Pages/ActionPage.php,Line=108]
2019-10-03T14:46:43+07:00 [10019] DEBUG default - [User=Surapoj Sanram (surapoj.s@vistec.ac.th)] Processing page action. Action deactivate [File=/var/www/html/booking/Presenters/ActionPresenter.php,Line=88]
2019-10-03T14:46:45+07:00 [10524] DEBUG default - [User=Surapoj Sanram (surapoj.s@vistec.ac.th)] Loading validators for activate [File=/var/www/html/booking/Presenters/Admin/ManageUsersPresenter.php,Line=418]
2019-10-03T14:46:45+07:00 [10524] DEBUG default - [User=Surapoj Sanram (surapoj.s@vistec.ac.th)] Action passed all validations [File=/var/www/html/booking/Pages/ActionPage.php,Line=108]
2019-10-03T14:46:45+07:00 [10524] DEBUG default - [User=Surapoj Sanram (surapoj.s@vistec.ac.th)] Processing page action. Action activate [File=/var/www/html/booking/Presenters/ActionPresenter.php,Line=88]
2019-10-03T15:19:32+07:00 [10524] DEBUG default - [User=Surapoj Sanram (surapoj.s@vistec.ac.th)] Loading validators for deactivate [File=/var/www/html/booking/Presenters/Admin/ManageUsersPresenter.php,Line=418]
2019-10-03T15:19:32+07:00 [10524] DEBUG default - [User=Surapoj Sanram (surapoj.s@vistec.ac.th)] Action passed all validations [File=/var/www/html/booking/Pages/ActionPage.php,Line=108]
2019-10-03T15:19:32+07:00 [10524] DEBUG default - [User=Surapoj Sanram (surapoj.s@vistec.ac.th)] Processing page action. Action deactivate [File=/var/www/html/booking/Presenters/ActionPresenter.php,Line=88]
2019-10-03T15:20:03+07:00 [10524] DEBUG default - [User=Surapoj Sanram (surapoj.s@vistec.ac.th)] Loading validators for activate [File=/var/www/html/booking/Presenters/Admin/ManageUsersPresenter.php,Line=418]
2019-10-03T15:20:03+07:00 [10524] DEBUG default - [User=Surapoj Sanram (surapoj.s@vistec.ac.th)] Action passed all validations [File=/var/www/html/booking/Pages/ActionPage.php,Line=108]
2019-10-03T15:20:03+07:00 [10524] DEBUG default - [User=Surapoj Sanram (surapoj.s@vistec.ac.th)] Processing page action. Action activate [File=/var/www/html/booking/Presenters/ActionPresenter.php,Line=88]
2019-10-03T15:50:34+07:00 [2796] DEBUG default - [User=Surapoj Sanram (surapoj.s@vistec.ac.th)] changed FilterUserId [File=/var/www/html/booking/Domain/Values/UserPreferences.php,Line=106]
2019-10-03T15:50:34+07:00 [2796] DEBUG default - [User=Surapoj Sanram (surapoj.s@vistec.ac.th)] changed FilterUserName [File=/var/www/html/booking/Domain/Values/UserPreferences.php,Line=106]
2019-10-03T15:50:51+07:00 [2796] DEBUG default - [User=Surapoj Sanram (surapoj.s@vistec.ac.th)] changed FilterUserId [File=/var/www/html/booking/Domain/Values/UserPreferences.php,Line=106]
2019-10-03T15:50:51+07:00 [2796] DEBUG default - [User=Surapoj Sanram (surapoj.s@vistec.ac.th)] changed FilterUserName [File=/var/www/html/booking/Domain/Values/UserPreferences.php,Line=106]
2019-10-03T15:52:35+07:00 [13609] DEBUG default - [User=Surapoj Sanram (surapoj.s@vistec.ac.th)] changed FilterUserId [File=/var/www/html/booking/Domain/Values/UserPreferences.php,Line=106]
2019-10-03T15:52:35+07:00 [13609] DEBUG default - [User=Surapoj Sanram (surapoj.s@vistec.ac.th)] changed FilterUserName [File=/var/www/html/booking/Domain/Values/UserPreferences.php,Line=106]
2019-10-03T15:52:46+07:00 [2796] DEBUG default - [User=Surapoj Sanram (surapoj.s@vistec.ac.th)] changed FilterUserId [File=/var/www/html/booking/Domain/Values/UserPreferences.php,Line=106]
2019-10-03T15:52:46+07:00 [2796] DEBUG default - [User=Surapoj Sanram (surapoj.s@vistec.ac.th)] changed FilterUserName [File=/var/www/html/booking/Domain/Values/UserPreferences.php,Line=106]
2019-10-03T15:58:33+07:00 [10524] DEBUG default - [User=Surapoj Sanram (surapoj.s@vistec.ac.th)] changed FilterUserId [File=/var/www/html/booking/Domain/Values/UserPreferences.php,Line=106]
2019-10-03T15:58:33+07:00 [10524] DEBUG default - [User=Surapoj Sanram (surapoj.s@vistec.ac.th)] changed FilterUserName [File=/var/www/html/booking/Domain/Values/UserPreferences.php,Line=106]
