2019-04-19T10:14:02+07:00 [10313] DEBUG default - [User=Admin A. (ratchawan.j@vistec.ac.th)] Action passed all validations [File=/var/www/html/booking/Pages/ActionPage.php,Line=108]
2019-04-19T10:14:02+07:00 [10313] DEBUG default - [User=Admin A. (ratchawan.j@vistec.ac.th)] Processing page action. Action printQR [File=/var/www/html/booking/Presenters/ActionPresenter.php,Line=88]
2019-04-19T10:27:03+07:00 [10313] DEBUG default - [User=Admin A. (napatsorn.m@vistec.ac.th)] Action passed all validations [File=/var/www/html/booking/Pages/ActionPage.php,Line=108]
2019-04-19T10:27:03+07:00 [10313] DEBUG default - [User=Admin A. (napatsorn.m@vistec.ac.th)] Processing page action. Action load [File=/var/www/html/booking/Presenters/ActionPresenter.php,Line=88]
2019-04-19T10:27:03+07:00 [10313] DEBUG default - [User=Admin A. (napatsorn.m@vistec.ac.th)] Loading blackout for editing. Id=21 [File=/var/www/html/booking/Presenters/Admin/ManageBlackoutsPresenter.php,Line=254]
2019-04-19T10:27:19+07:00 [6290] DEBUG default - [User=Admin A. (napatsorn.m@vistec.ac.th)] Action passed all validations [File=/var/www/html/booking/Pages/ActionPage.php,Line=108]
2019-04-19T10:27:19+07:00 [6290] DEBUG default - [User=Admin A. (napatsorn.m@vistec.ac.th)] Processing page action. Action update [File=/var/www/html/booking/Presenters/ActionPresenter.php,Line=88]
2019-04-19T10:27:19+07:00 [6290] DEBUG default - [User=Admin A. (napatsorn.m@vistec.ac.th)] Updating blackout. BlackoutId=21, UpdateScope=full [File=/var/www/html/booking/Presenters/Admin/ManageBlackoutsPresenter.php,Line=325]
2019-04-19T10:27:57+07:00 [23803] DEBUG default - [User=Admin A. (napatsorn.m@vistec.ac.th)] Action passed all validations [File=/var/www/html/booking/Pages/ActionPage.php,Line=108]
2019-04-19T10:27:57+07:00 [23803] DEBUG default - [User=Admin A. (napatsorn.m@vistec.ac.th)] Processing page action. Action load [File=/var/www/html/booking/Presenters/ActionPresenter.php,Line=88]
2019-04-19T10:27:57+07:00 [23803] DEBUG default - [User=Admin A. (napatsorn.m@vistec.ac.th)] Loading blackout for editing. Id=27 [File=/var/www/html/booking/Presenters/Admin/ManageBlackoutsPresenter.php,Line=254]
2019-04-19T10:28:04+07:00 [23803] DEBUG default - [User=Admin A. (napatsorn.m@vistec.ac.th)] Action passed all validations [File=/var/www/html/booking/Pages/ActionPage.php,Line=108]
2019-04-19T10:28:04+07:00 [23803] DEBUG default - [User=Admin A. (napatsorn.m@vistec.ac.th)] Processing page action. Action update [File=/var/www/html/booking/Presenters/ActionPresenter.php,Line=88]
2019-04-19T10:28:04+07:00 [23803] DEBUG default - [User=Admin A. (napatsorn.m@vistec.ac.th)] Updating blackout. BlackoutId=27, UpdateScope=full [File=/var/www/html/booking/Presenters/Admin/ManageBlackoutsPresenter.php,Line=325]
2019-04-19T10:34:41+07:00 [23803] DEBUG default - [User=Admin A. (meshaya.p@vistec.ac.th)] Acco CREATE_DATE is 2019-04-16 09:48:14 [File=/var/www/html/booking/Domain/Announcement.php,Line=171]
2019-04-19T10:34:41+07:00 [23803] DEBUG default - [User=Admin A. (meshaya.p@vistec.ac.th)] Acco CREATE_DATE is 2019-04-16 09:58:53 [File=/var/www/html/booking/Domain/Announcement.php,Line=171]
2019-04-19T10:34:41+07:00 [23803] DEBUG default - [User=Admin A. (meshaya.p@vistec.ac.th)] Acco CREATE_DATE is 2019-04-18 10:04:35 [File=/var/www/html/booking/Domain/Announcement.php,Line=171]
2019-04-19T10:34:41+07:00 [23803] DEBUG default - [User=Admin A. (meshaya.p@vistec.ac.th)] Acco CREATE_DATE is 2019-04-18 14:04:35 [File=/var/www/html/booking/Domain/Announcement.php,Line=171]
2019-04-19T10:34:41+07:00 [23803] DEBUG default - [User=Admin A. (meshaya.p@vistec.ac.th)] Acco CREATE_DATE is 2019-04-17 09:29:07 [File=/var/www/html/booking/Domain/Announcement.php,Line=171]
2019-04-19T10:34:41+07:00 [23803] DEBUG default - [User=Admin A. (meshaya.p@vistec.ac.th)] Acco CREATE_DATE is 2019-04-11 13:14:54 [File=/var/www/html/booking/Domain/Announcement.php,Line=171]
2019-04-19T10:34:41+07:00 [23803] DEBUG default - [User=Admin A. (meshaya.p@vistec.ac.th)] Acco CREATE_DATE is 2019-04-10 15:46:56 [File=/var/www/html/booking/Domain/Announcement.php,Line=171]
2019-04-19T10:34:41+07:00 [23803] DEBUG default - [User=Admin A. (meshaya.p@vistec.ac.th)] Acco CREATE_DATE is 2019-04-09 13:50:01 [File=/var/www/html/booking/Domain/Announcement.php,Line=171]
2019-04-19T10:34:41+07:00 [23803] DEBUG default - [User=Admin A. (meshaya.p@vistec.ac.th)] Acco CREATE_DATE is 2019-04-07 16:28:23 [File=/var/www/html/booking/Domain/Announcement.php,Line=171]
2019-04-19T10:34:41+07:00 [23803] DEBUG default - [User=Admin A. (meshaya.p@vistec.ac.th)] Acco CREATE_DATE is 2019-04-03 12:21:31 [File=/var/www/html/booking/Domain/Announcement.php,Line=171]
2019-04-19T10:34:41+07:00 [23803] DEBUG default - [User=Admin A. (meshaya.p@vistec.ac.th)] Acco CREATE_DATE is 2019-04-03 12:22:19 [File=/var/www/html/booking/Domain/Announcement.php,Line=171]
2019-04-19T10:34:41+07:00 [23803] DEBUG default - [User=Admin A. (meshaya.p@vistec.ac.th)] Acco CREATE_DATE is 2019-04-02 09:48:53 [File=/var/www/html/booking/Domain/Announcement.php,Line=171]
2019-04-19T10:34:41+07:00 [23803] DEBUG default - [User=Admin A. (meshaya.p@vistec.ac.th)] Acco CREATE_DATE is 2019-04-01 12:00:59 [File=/var/www/html/booking/Domain/Announcement.php,Line=171]
2019-04-19T10:34:41+07:00 [23803] DEBUG default - [User=Admin A. (meshaya.p@vistec.ac.th)] Acco CREATE_DATE is 2019-04-01 14:03:54 [File=/var/www/html/booking/Domain/Announcement.php,Line=171]
2019-04-19T10:34:41+07:00 [23803] DEBUG default - [User=Admin A. (meshaya.p@vistec.ac.th)] Acco CREATE_DATE is 2019-04-02 17:13:41 [File=/var/www/html/booking/Domain/Announcement.php,Line=171]
2019-04-19T10:34:41+07:00 [23803] DEBUG default - [User=Admin A. (meshaya.p@vistec.ac.th)] Acco CREATE_DATE is 2019-03-27 09:55:28 [File=/var/www/html/booking/Domain/Announcement.php,Line=171]
2019-04-19T10:34:41+07:00 [23803] DEBUG default - [User=Admin A. (meshaya.p@vistec.ac.th)] Acco CREATE_DATE is 2019-03-20 20:21:35 [File=/var/www/html/booking/Domain/Announcement.php,Line=171]
2019-04-19T10:34:41+07:00 [23803] DEBUG default - [User=Admin A. (meshaya.p@vistec.ac.th)] Acco CREATE_DATE is 2019-03-18 11:42:19 [File=/var/www/html/booking/Domain/Announcement.php,Line=171]
2019-04-19T10:34:41+07:00 [23803] DEBUG default - [User=Admin A. (meshaya.p@vistec.ac.th)] Acco CREATE_DATE is 2019-03-18 11:44:48 [File=/var/www/html/booking/Domain/Announcement.php,Line=171]
2019-04-19T10:34:41+07:00 [23803] DEBUG default - [User=Admin A. (meshaya.p@vistec.ac.th)] Acco CREATE_DATE is 2019-03-11 10:50:07 [File=/var/www/html/booking/Domain/Announcement.php,Line=171]
2019-04-19T10:34:58+07:00 [10313] DEBUG default - [User=Admin A. (napatsorn.m@vistec.ac.th)] Acco CREATE_DATE is 2019-04-16 09:48:14 [File=/var/www/html/booking/Domain/Announcement.php,Line=171]
2019-04-19T10:34:58+07:00 [10313] DEBUG default - [User=Admin A. (napatsorn.m@vistec.ac.th)] Acco CREATE_DATE is 2019-04-16 09:58:53 [File=/var/www/html/booking/Domain/Announcement.php,Line=171]
2019-04-19T10:34:58+07:00 [10313] DEBUG default - [User=Admin A. (napatsorn.m@vistec.ac.th)] Acco CREATE_DATE is 2019-04-18 10:04:35 [File=/var/www/html/booking/Domain/Announcement.php,Line=171]
2019-04-19T10:34:58+07:00 [10313] DEBUG default - [User=Admin A. (napatsorn.m@vistec.ac.th)] Acco CREATE_DATE is 2019-04-18 14:04:35 [File=/var/www/html/booking/Domain/Announcement.php,Line=171]
2019-04-19T10:34:58+07:00 [10313] DEBUG default - [User=Admin A. (napatsorn.m@vistec.ac.th)] Acco CREATE_DATE is 2019-04-17 09:29:07 [File=/var/www/html/booking/Domain/Announcement.php,Line=171]
2019-04-19T10:34:58+07:00 [10313] DEBUG default - [User=Admin A. (napatsorn.m@vistec.ac.th)] Acco CREATE_DATE is 2019-04-11 13:14:54 [File=/var/www/html/booking/Domain/Announcement.php,Line=171]
2019-04-19T10:34:58+07:00 [10313] DEBUG default - [User=Admin A. (napatsorn.m@vistec.ac.th)] Acco CREATE_DATE is 2019-04-10 15:46:56 [File=/var/www/html/booking/Domain/Announcement.php,Line=171]
2019-04-19T10:34:58+07:00 [10313] DEBUG default - [User=Admin A. (napatsorn.m@vistec.ac.th)] Acco CREATE_DATE is 2019-04-09 13:50:01 [File=/var/www/html/booking/Domain/Announcement.php,Line=171]
2019-04-19T10:34:58+07:00 [10313] DEBUG default - [User=Admin A. (napatsorn.m@vistec.ac.th)] Acco CREATE_DATE is 2019-04-07 16:28:23 [File=/var/www/html/booking/Domain/Announcement.php,Line=171]
2019-04-19T10:34:58+07:00 [10313] DEBUG default - [User=Admin A. (napatsorn.m@vistec.ac.th)] Acco CREATE_DATE is 2019-04-03 12:21:31 [File=/var/www/html/booking/Domain/Announcement.php,Line=171]
2019-04-19T10:34:58+07:00 [10313] DEBUG default - [User=Admin A. (napatsorn.m@vistec.ac.th)] Acco CREATE_DATE is 2019-04-03 12:22:19 [File=/var/www/html/booking/Domain/Announcement.php,Line=171]
2019-04-19T10:34:58+07:00 [10313] DEBUG default - [User=Admin A. (napatsorn.m@vistec.ac.th)] Acco CREATE_DATE is 2019-04-02 09:48:53 [File=/var/www/html/booking/Domain/Announcement.php,Line=171]
2019-04-19T10:34:58+07:00 [10313] DEBUG default - [User=Admin A. (napatsorn.m@vistec.ac.th)] Acco CREATE_DATE is 2019-04-01 12:00:59 [File=/var/www/html/booking/Domain/Announcement.php,Line=171]
2019-04-19T10:34:58+07:00 [10313] DEBUG default - [User=Admin A. (napatsorn.m@vistec.ac.th)] Acco CREATE_DATE is 2019-04-01 14:03:54 [File=/var/www/html/booking/Domain/Announcement.php,Line=171]
2019-04-19T10:34:58+07:00 [10313] DEBUG default - [User=Admin A. (napatsorn.m@vistec.ac.th)] Acco CREATE_DATE is 2019-04-02 17:13:41 [File=/var/www/html/booking/Domain/Announcement.php,Line=171]
2019-04-19T10:34:58+07:00 [10313] DEBUG default - [User=Admin A. (napatsorn.m@vistec.ac.th)] Acco CREATE_DATE is 2019-03-27 09:55:28 [File=/var/www/html/booking/Domain/Announcement.php,Line=171]
2019-04-19T10:34:58+07:00 [10313] DEBUG default - [User=Admin A. (napatsorn.m@vistec.ac.th)] Acco CREATE_DATE is 2019-03-20 20:21:35 [File=/var/www/html/booking/Domain/Announcement.php,Line=171]
2019-04-19T10:34:58+07:00 [10313] DEBUG default - [User=Admin A. (napatsorn.m@vistec.ac.th)] Acco CREATE_DATE is 2019-03-18 11:42:19 [File=/var/www/html/booking/Domain/Announcement.php,Line=171]
2019-04-19T10:34:58+07:00 [10313] DEBUG default - [User=Admin A. (napatsorn.m@vistec.ac.th)] Acco CREATE_DATE is 2019-03-18 11:44:48 [File=/var/www/html/booking/Domain/Announcement.php,Line=171]
2019-04-19T10:34:58+07:00 [10313] DEBUG default - [User=Admin A. (napatsorn.m@vistec.ac.th)] Acco CREATE_DATE is 2019-03-11 10:50:07 [File=/var/www/html/booking/Domain/Announcement.php,Line=171]
2019-04-19T10:35:39+07:00 [6290] DEBUG default - [User=Admin A. (meshaya.p@vistec.ac.th)] Acco CREATE_DATE is 2019-04-16 09:48:14 [File=/var/www/html/booking/Domain/Announcement.php,Line=171]
2019-04-19T10:35:39+07:00 [6290] DEBUG default - [User=Admin A. (meshaya.p@vistec.ac.th)] Acco CREATE_DATE is 2019-04-16 09:58:53 [File=/var/www/html/booking/Domain/Announcement.php,Line=171]
2019-04-19T10:35:39+07:00 [6290] DEBUG default - [User=Admin A. (meshaya.p@vistec.ac.th)] Acco CREATE_DATE is 2019-04-18 10:04:35 [File=/var/www/html/booking/Domain/Announcement.php,Line=171]
2019-04-19T10:35:39+07:00 [6290] DEBUG default - [User=Admin A. (meshaya.p@vistec.ac.th)] Acco CREATE_DATE is 2019-04-18 14:04:35 [File=/var/www/html/booking/Domain/Announcement.php,Line=171]
2019-04-19T10:35:39+07:00 [6290] DEBUG default - [User=Admin A. (meshaya.p@vistec.ac.th)] Acco CREATE_DATE is 2019-04-17 09:29:07 [File=/var/www/html/booking/Domain/Announcement.php,Line=171]
2019-04-19T10:35:39+07:00 [6290] DEBUG default - [User=Admin A. (meshaya.p@vistec.ac.th)] Acco CREATE_DATE is 2019-04-11 13:14:54 [File=/var/www/html/booking/Domain/Announcement.php,Line=171]
2019-04-19T10:35:39+07:00 [6290] DEBUG default - [User=Admin A. (meshaya.p@vistec.ac.th)] Acco CREATE_DATE is 2019-04-10 15:46:56 [File=/var/www/html/booking/Domain/Announcement.php,Line=171]
2019-04-19T10:35:39+07:00 [6290] DEBUG default - [User=Admin A. (meshaya.p@vistec.ac.th)] Acco CREATE_DATE is 2019-04-09 13:50:01 [File=/var/www/html/booking/Domain/Announcement.php,Line=171]
2019-04-19T10:35:39+07:00 [6290] DEBUG default - [User=Admin A. (meshaya.p@vistec.ac.th)] Acco CREATE_DATE is 2019-04-07 16:28:23 [File=/var/www/html/booking/Domain/Announcement.php,Line=171]
2019-04-19T10:35:39+07:00 [6290] DEBUG default - [User=Admin A. (meshaya.p@vistec.ac.th)] Acco CREATE_DATE is 2019-04-03 12:21:31 [File=/var/www/html/booking/Domain/Announcement.php,Line=171]
2019-04-19T10:35:39+07:00 [6290] DEBUG default - [User=Admin A. (meshaya.p@vistec.ac.th)] Acco CREATE_DATE is 2019-04-03 12:22:19 [File=/var/www/html/booking/Domain/Announcement.php,Line=171]
2019-04-19T10:35:39+07:00 [6290] DEBUG default - [User=Admin A. (meshaya.p@vistec.ac.th)] Acco CREATE_DATE is 2019-04-02 09:48:53 [File=/var/www/html/booking/Domain/Announcement.php,Line=171]
2019-04-19T10:35:39+07:00 [6290] DEBUG default - [User=Admin A. (meshaya.p@vistec.ac.th)] Acco CREATE_DATE is 2019-04-01 12:00:59 [File=/var/www/html/booking/Domain/Announcement.php,Line=171]
2019-04-19T10:35:39+07:00 [6290] DEBUG default - [User=Admin A. (meshaya.p@vistec.ac.th)] Acco CREATE_DATE is 2019-04-01 14:03:54 [File=/var/www/html/booking/Domain/Announcement.php,Line=171]
2019-04-19T10:35:39+07:00 [6290] DEBUG default - [User=Admin A. (meshaya.p@vistec.ac.th)] Acco CREATE_DATE is 2019-04-02 17:13:41 [File=/var/www/html/booking/Domain/Announcement.php,Line=171]
2019-04-19T10:35:39+07:00 [6290] DEBUG default - [User=Admin A. (meshaya.p@vistec.ac.th)] Acco CREATE_DATE is 2019-03-27 09:55:28 [File=/var/www/html/booking/Domain/Announcement.php,Line=171]
2019-04-19T10:35:39+07:00 [6290] DEBUG default - [User=Admin A. (meshaya.p@vistec.ac.th)] Acco CREATE_DATE is 2019-03-20 20:21:35 [File=/var/www/html/booking/Domain/Announcement.php,Line=171]
2019-04-19T10:35:39+07:00 [6290] DEBUG default - [User=Admin A. (meshaya.p@vistec.ac.th)] Acco CREATE_DATE is 2019-03-18 11:42:19 [File=/var/www/html/booking/Domain/Announcement.php,Line=171]
2019-04-19T10:35:39+07:00 [6290] DEBUG default - [User=Admin A. (meshaya.p@vistec.ac.th)] Acco CREATE_DATE is 2019-03-18 11:44:48 [File=/var/www/html/booking/Domain/Announcement.php,Line=171]
2019-04-19T10:35:39+07:00 [6290] DEBUG default - [User=Admin A. (meshaya.p@vistec.ac.th)] Acco CREATE_DATE is 2019-03-11 10:50:07 [File=/var/www/html/booking/Domain/Announcement.php,Line=171]
2019-04-19T10:35:47+07:00 [23803] DEBUG default - [User=Admin A. (ratchawan.j@vistec.ac.th)] Acco CREATE_DATE is 2019-04-16 09:48:14 [File=/var/www/html/booking/Domain/Announcement.php,Line=171]
2019-04-19T10:35:47+07:00 [23803] DEBUG default - [User=Admin A. (ratchawan.j@vistec.ac.th)] Acco CREATE_DATE is 2019-04-16 09:58:53 [File=/var/www/html/booking/Domain/Announcement.php,Line=171]
2019-04-19T10:35:47+07:00 [23803] DEBUG default - [User=Admin A. (ratchawan.j@vistec.ac.th)] Acco CREATE_DATE is 2019-04-18 10:04:35 [File=/var/www/html/booking/Domain/Announcement.php,Line=171]
2019-04-19T10:35:47+07:00 [23803] DEBUG default - [User=Admin A. (ratchawan.j@vistec.ac.th)] Acco CREATE_DATE is 2019-04-18 14:04:35 [File=/var/www/html/booking/Domain/Announcement.php,Line=171]
2019-04-19T10:35:47+07:00 [23803] DEBUG default - [User=Admin A. (ratchawan.j@vistec.ac.th)] Acco CREATE_DATE is 2019-04-17 09:29:07 [File=/var/www/html/booking/Domain/Announcement.php,Line=171]
2019-04-19T10:35:47+07:00 [23803] DEBUG default - [User=Admin A. (ratchawan.j@vistec.ac.th)] Acco CREATE_DATE is 2019-04-11 13:14:54 [File=/var/www/html/booking/Domain/Announcement.php,Line=171]
2019-04-19T10:35:47+07:00 [23803] DEBUG default - [User=Admin A. (ratchawan.j@vistec.ac.th)] Acco CREATE_DATE is 2019-04-10 15:46:56 [File=/var/www/html/booking/Domain/Announcement.php,Line=171]
2019-04-19T10:35:47+07:00 [23803] DEBUG default - [User=Admin A. (ratchawan.j@vistec.ac.th)] Acco CREATE_DATE is 2019-04-09 13:50:01 [File=/var/www/html/booking/Domain/Announcement.php,Line=171]
2019-04-19T10:35:47+07:00 [23803] DEBUG default - [User=Admin A. (ratchawan.j@vistec.ac.th)] Acco CREATE_DATE is 2019-04-07 16:28:23 [File=/var/www/html/booking/Domain/Announcement.php,Line=171]
2019-04-19T10:35:47+07:00 [23803] DEBUG default - [User=Admin A. (ratchawan.j@vistec.ac.th)] Acco CREATE_DATE is 2019-04-03 12:21:31 [File=/var/www/html/booking/Domain/Announcement.php,Line=171]
2019-04-19T10:35:47+07:00 [23803] DEBUG default - [User=Admin A. (ratchawan.j@vistec.ac.th)] Acco CREATE_DATE is 2019-04-03 12:22:19 [File=/var/www/html/booking/Domain/Announcement.php,Line=171]
2019-04-19T10:35:47+07:00 [23803] DEBUG default - [User=Admin A. (ratchawan.j@vistec.ac.th)] Acco CREATE_DATE is 2019-04-02 09:48:53 [File=/var/www/html/booking/Domain/Announcement.php,Line=171]
2019-04-19T10:35:47+07:00 [23803] DEBUG default - [User=Admin A. (ratchawan.j@vistec.ac.th)] Acco CREATE_DATE is 2019-04-01 12:00:59 [File=/var/www/html/booking/Domain/Announcement.php,Line=171]
2019-04-19T10:35:47+07:00 [23803] DEBUG default - [User=Admin A. (ratchawan.j@vistec.ac.th)] Acco CREATE_DATE is 2019-04-01 14:03:54 [File=/var/www/html/booking/Domain/Announcement.php,Line=171]
2019-04-19T10:35:47+07:00 [23803] DEBUG default - [User=Admin A. (ratchawan.j@vistec.ac.th)] Acco CREATE_DATE is 2019-04-02 17:13:41 [File=/var/www/html/booking/Domain/Announcement.php,Line=171]
2019-04-19T10:35:47+07:00 [23803] DEBUG default - [User=Admin A. (ratchawan.j@vistec.ac.th)] Acco CREATE_DATE is 2019-03-27 09:55:28 [File=/var/www/html/booking/Domain/Announcement.php,Line=171]
2019-04-19T10:35:47+07:00 [23803] DEBUG default - [User=Admin A. (ratchawan.j@vistec.ac.th)] Acco CREATE_DATE is 2019-03-20 20:21:35 [File=/var/www/html/booking/Domain/Announcement.php,Line=171]
2019-04-19T10:35:47+07:00 [23803] DEBUG default - [User=Admin A. (ratchawan.j@vistec.ac.th)] Acco CREATE_DATE is 2019-03-18 11:42:19 [File=/var/www/html/booking/Domain/Announcement.php,Line=171]
2019-04-19T10:35:47+07:00 [23803] DEBUG default - [User=Admin A. (ratchawan.j@vistec.ac.th)] Acco CREATE_DATE is 2019-03-18 11:44:48 [File=/var/www/html/booking/Domain/Announcement.php,Line=171]
2019-04-19T10:35:47+07:00 [23803] DEBUG default - [User=Admin A. (ratchawan.j@vistec.ac.th)] Acco CREATE_DATE is 2019-03-11 10:50:07 [File=/var/www/html/booking/Domain/Announcement.php,Line=171]
2019-04-19T10:39:13+07:00 [10313] DEBUG default - [User=Admin A. (meshaya.p@vistec.ac.th)] Acco CREATE_DATE is 2019-04-16 09:48:14 [File=/var/www/html/booking/Domain/Announcement.php,Line=171]
2019-04-19T10:39:13+07:00 [10313] DEBUG default - [User=Admin A. (meshaya.p@vistec.ac.th)] Acco CREATE_DATE is 2019-04-16 09:58:53 [File=/var/www/html/booking/Domain/Announcement.php,Line=171]
2019-04-19T10:39:13+07:00 [10313] DEBUG default - [User=Admin A. (meshaya.p@vistec.ac.th)] Acco CREATE_DATE is 2019-04-18 10:04:35 [File=/var/www/html/booking/Domain/Announcement.php,Line=171]
2019-04-19T10:39:13+07:00 [10313] DEBUG default - [User=Admin A. (meshaya.p@vistec.ac.th)] Acco CREATE_DATE is 2019-04-18 14:04:35 [File=/var/www/html/booking/Domain/Announcement.php,Line=171]
2019-04-19T10:39:13+07:00 [10313] DEBUG default - [User=Admin A. (meshaya.p@vistec.ac.th)] Acco CREATE_DATE is 2019-04-17 09:29:07 [File=/var/www/html/booking/Domain/Announcement.php,Line=171]
2019-04-19T10:39:13+07:00 [10313] DEBUG default - [User=Admin A. (meshaya.p@vistec.ac.th)] Acco CREATE_DATE is 2019-04-11 13:14:54 [File=/var/www/html/booking/Domain/Announcement.php,Line=171]
2019-04-19T10:39:13+07:00 [10313] DEBUG default - [User=Admin A. (meshaya.p@vistec.ac.th)] Acco CREATE_DATE is 2019-04-10 15:46:56 [File=/var/www/html/booking/Domain/Announcement.php,Line=171]
2019-04-19T10:39:13+07:00 [10313] DEBUG default - [User=Admin A. (meshaya.p@vistec.ac.th)] Acco CREATE_DATE is 2019-04-09 13:50:01 [File=/var/www/html/booking/Domain/Announcement.php,Line=171]
2019-04-19T10:39:13+07:00 [10313] DEBUG default - [User=Admin A. (meshaya.p@vistec.ac.th)] Acco CREATE_DATE is 2019-04-07 16:28:23 [File=/var/www/html/booking/Domain/Announcement.php,Line=171]
2019-04-19T10:39:13+07:00 [10313] DEBUG default - [User=Admin A. (meshaya.p@vistec.ac.th)] Acco CREATE_DATE is 2019-04-03 12:21:31 [File=/var/www/html/booking/Domain/Announcement.php,Line=171]
2019-04-19T10:39:13+07:00 [10313] DEBUG default - [User=Admin A. (meshaya.p@vistec.ac.th)] Acco CREATE_DATE is 2019-04-03 12:22:19 [File=/var/www/html/booking/Domain/Announcement.php,Line=171]
2019-04-19T10:39:13+07:00 [10313] DEBUG default - [User=Admin A. (meshaya.p@vistec.ac.th)] Acco CREATE_DATE is 2019-04-02 09:48:53 [File=/var/www/html/booking/Domain/Announcement.php,Line=171]
2019-04-19T10:39:13+07:00 [10313] DEBUG default - [User=Admin A. (meshaya.p@vistec.ac.th)] Acco CREATE_DATE is 2019-04-01 12:00:59 [File=/var/www/html/booking/Domain/Announcement.php,Line=171]
2019-04-19T10:39:13+07:00 [10313] DEBUG default - [User=Admin A. (meshaya.p@vistec.ac.th)] Acco CREATE_DATE is 2019-04-01 14:03:54 [File=/var/www/html/booking/Domain/Announcement.php,Line=171]
2019-04-19T10:39:13+07:00 [10313] DEBUG default - [User=Admin A. (meshaya.p@vistec.ac.th)] Acco CREATE_DATE is 2019-04-02 17:13:41 [File=/var/www/html/booking/Domain/Announcement.php,Line=171]
2019-04-19T10:39:13+07:00 [10313] DEBUG default - [User=Admin A. (meshaya.p@vistec.ac.th)] Acco CREATE_DATE is 2019-03-27 09:55:28 [File=/var/www/html/booking/Domain/Announcement.php,Line=171]
2019-04-19T10:39:13+07:00 [10313] DEBUG default - [User=Admin A. (meshaya.p@vistec.ac.th)] Acco CREATE_DATE is 2019-03-20 20:21:35 [File=/var/www/html/booking/Domain/Announcement.php,Line=171]
2019-04-19T10:39:13+07:00 [10313] DEBUG default - [User=Admin A. (meshaya.p@vistec.ac.th)] Acco CREATE_DATE is 2019-03-18 11:42:19 [File=/var/www/html/booking/Domain/Announcement.php,Line=171]
2019-04-19T10:39:13+07:00 [10313] DEBUG default - [User=Admin A. (meshaya.p@vistec.ac.th)] Acco CREATE_DATE is 2019-03-18 11:44:48 [File=/var/www/html/booking/Domain/Announcement.php,Line=171]
2019-04-19T10:39:13+07:00 [10313] DEBUG default - [User=Admin A. (meshaya.p@vistec.ac.th)] Acco CREATE_DATE is 2019-03-11 10:50:07 [File=/var/www/html/booking/Domain/Announcement.php,Line=171]
2019-04-19T10:39:39+07:00 [6290] DEBUG default - [User=Admin A. (panvika.p@vistec.ac.th)] Acco CREATE_DATE is 2019-04-16 09:48:14 [File=/var/www/html/booking/Domain/Announcement.php,Line=171]
2019-04-19T10:39:39+07:00 [6290] DEBUG default - [User=Admin A. (panvika.p@vistec.ac.th)] Acco CREATE_DATE is 2019-04-16 09:58:53 [File=/var/www/html/booking/Domain/Announcement.php,Line=171]
2019-04-19T10:39:39+07:00 [6290] DEBUG default - [User=Admin A. (panvika.p@vistec.ac.th)] Acco CREATE_DATE is 2019-04-18 10:04:35 [File=/var/www/html/booking/Domain/Announcement.php,Line=171]
2019-04-19T10:39:39+07:00 [6290] DEBUG default - [User=Admin A. (panvika.p@vistec.ac.th)] Acco CREATE_DATE is 2019-04-18 14:04:35 [File=/var/www/html/booking/Domain/Announcement.php,Line=171]
2019-04-19T10:39:39+07:00 [6290] DEBUG default - [User=Admin A. (panvika.p@vistec.ac.th)] Acco CREATE_DATE is 2019-04-17 09:29:07 [File=/var/www/html/booking/Domain/Announcement.php,Line=171]
2019-04-19T10:39:39+07:00 [6290] DEBUG default - [User=Admin A. (panvika.p@vistec.ac.th)] Acco CREATE_DATE is 2019-04-11 13:14:54 [File=/var/www/html/booking/Domain/Announcement.php,Line=171]
2019-04-19T10:39:39+07:00 [6290] DEBUG default - [User=Admin A. (panvika.p@vistec.ac.th)] Acco CREATE_DATE is 2019-04-10 15:46:56 [File=/var/www/html/booking/Domain/Announcement.php,Line=171]
2019-04-19T10:39:39+07:00 [6290] DEBUG default - [User=Admin A. (panvika.p@vistec.ac.th)] Acco CREATE_DATE is 2019-04-09 13:50:01 [File=/var/www/html/booking/Domain/Announcement.php,Line=171]
2019-04-19T10:39:39+07:00 [6290] DEBUG default - [User=Admin A. (panvika.p@vistec.ac.th)] Acco CREATE_DATE is 2019-04-07 16:28:23 [File=/var/www/html/booking/Domain/Announcement.php,Line=171]
2019-04-19T10:39:39+07:00 [6290] DEBUG default - [User=Admin A. (panvika.p@vistec.ac.th)] Acco CREATE_DATE is 2019-04-03 12:21:31 [File=/var/www/html/booking/Domain/Announcement.php,Line=171]
2019-04-19T10:39:39+07:00 [6290] DEBUG default - [User=Admin A. (panvika.p@vistec.ac.th)] Acco CREATE_DATE is 2019-04-03 12:22:19 [File=/var/www/html/booking/Domain/Announcement.php,Line=171]
2019-04-19T10:39:39+07:00 [6290] DEBUG default - [User=Admin A. (panvika.p@vistec.ac.th)] Acco CREATE_DATE is 2019-04-02 09:48:53 [File=/var/www/html/booking/Domain/Announcement.php,Line=171]
2019-04-19T10:39:39+07:00 [6290] DEBUG default - [User=Admin A. (panvika.p@vistec.ac.th)] Acco CREATE_DATE is 2019-04-01 12:00:59 [File=/var/www/html/booking/Domain/Announcement.php,Line=171]
2019-04-19T10:39:39+07:00 [6290] DEBUG default - [User=Admin A. (panvika.p@vistec.ac.th)] Acco CREATE_DATE is 2019-04-01 14:03:54 [File=/var/www/html/booking/Domain/Announcement.php,Line=171]
2019-04-19T10:39:39+07:00 [6290] DEBUG default - [User=Admin A. (panvika.p@vistec.ac.th)] Acco CREATE_DATE is 2019-04-02 17:13:41 [File=/var/www/html/booking/Domain/Announcement.php,Line=171]
2019-04-19T10:39:39+07:00 [6290] DEBUG default - [User=Admin A. (panvika.p@vistec.ac.th)] Acco CREATE_DATE is 2019-03-27 09:55:28 [File=/var/www/html/booking/Domain/Announcement.php,Line=171]
2019-04-19T10:39:39+07:00 [6290] DEBUG default - [User=Admin A. (panvika.p@vistec.ac.th)] Acco CREATE_DATE is 2019-03-20 20:21:35 [File=/var/www/html/booking/Domain/Announcement.php,Line=171]
2019-04-19T10:39:39+07:00 [6290] DEBUG default - [User=Admin A. (panvika.p@vistec.ac.th)] Acco CREATE_DATE is 2019-03-18 11:42:19 [File=/var/www/html/booking/Domain/Announcement.php,Line=171]
2019-04-19T10:39:39+07:00 [6290] DEBUG default - [User=Admin A. (panvika.p@vistec.ac.th)] Acco CREATE_DATE is 2019-03-18 11:44:48 [File=/var/www/html/booking/Domain/Announcement.php,Line=171]
2019-04-19T10:39:39+07:00 [6290] DEBUG default - [User=Admin A. (panvika.p@vistec.ac.th)] Acco CREATE_DATE is 2019-03-11 10:50:07 [File=/var/www/html/booking/Domain/Announcement.php,Line=171]
2019-04-19T10:40:23+07:00 [23803] DEBUG default - [User=Admin A. (napatsorn.m@vistec.ac.th)] Acco CREATE_DATE is 2019-04-16 09:48:14 [File=/var/www/html/booking/Domain/Announcement.php,Line=171]
2019-04-19T10:40:23+07:00 [23803] DEBUG default - [User=Admin A. (napatsorn.m@vistec.ac.th)] Acco CREATE_DATE is 2019-04-16 09:58:53 [File=/var/www/html/booking/Domain/Announcement.php,Line=171]
2019-04-19T10:40:23+07:00 [23803] DEBUG default - [User=Admin A. (napatsorn.m@vistec.ac.th)] Acco CREATE_DATE is 2019-04-18 10:04:35 [File=/var/www/html/booking/Domain/Announcement.php,Line=171]
2019-04-19T10:40:23+07:00 [23803] DEBUG default - [User=Admin A. (napatsorn.m@vistec.ac.th)] Acco CREATE_DATE is 2019-04-18 14:04:35 [File=/var/www/html/booking/Domain/Announcement.php,Line=171]
2019-04-19T10:40:23+07:00 [23803] DEBUG default - [User=Admin A. (napatsorn.m@vistec.ac.th)] Acco CREATE_DATE is 2019-04-17 09:29:07 [File=/var/www/html/booking/Domain/Announcement.php,Line=171]
2019-04-19T10:40:23+07:00 [23803] DEBUG default - [User=Admin A. (napatsorn.m@vistec.ac.th)] Acco CREATE_DATE is 2019-04-11 13:14:54 [File=/var/www/html/booking/Domain/Announcement.php,Line=171]
2019-04-19T10:40:23+07:00 [23803] DEBUG default - [User=Admin A. (napatsorn.m@vistec.ac.th)] Acco CREATE_DATE is 2019-04-10 15:46:56 [File=/var/www/html/booking/Domain/Announcement.php,Line=171]
2019-04-19T10:40:23+07:00 [23803] DEBUG default - [User=Admin A. (napatsorn.m@vistec.ac.th)] Acco CREATE_DATE is 2019-04-09 13:50:01 [File=/var/www/html/booking/Domain/Announcement.php,Line=171]
2019-04-19T10:40:23+07:00 [23803] DEBUG default - [User=Admin A. (napatsorn.m@vistec.ac.th)] Acco CREATE_DATE is 2019-04-07 16:28:23 [File=/var/www/html/booking/Domain/Announcement.php,Line=171]
2019-04-19T10:40:23+07:00 [23803] DEBUG default - [User=Admin A. (napatsorn.m@vistec.ac.th)] Acco CREATE_DATE is 2019-04-03 12:21:31 [File=/var/www/html/booking/Domain/Announcement.php,Line=171]
2019-04-19T10:40:23+07:00 [23803] DEBUG default - [User=Admin A. (napatsorn.m@vistec.ac.th)] Acco CREATE_DATE is 2019-04-03 12:22:19 [File=/var/www/html/booking/Domain/Announcement.php,Line=171]
2019-04-19T10:40:23+07:00 [23803] DEBUG default - [User=Admin A. (napatsorn.m@vistec.ac.th)] Acco CREATE_DATE is 2019-04-02 09:48:53 [File=/var/www/html/booking/Domain/Announcement.php,Line=171]
2019-04-19T10:40:23+07:00 [23803] DEBUG default - [User=Admin A. (napatsorn.m@vistec.ac.th)] Acco CREATE_DATE is 2019-04-01 12:00:59 [File=/var/www/html/booking/Domain/Announcement.php,Line=171]
2019-04-19T10:40:23+07:00 [23803] DEBUG default - [User=Admin A. (napatsorn.m@vistec.ac.th)] Acco CREATE_DATE is 2019-04-01 14:03:54 [File=/var/www/html/booking/Domain/Announcement.php,Line=171]
2019-04-19T10:40:23+07:00 [23803] DEBUG default - [User=Admin A. (napatsorn.m@vistec.ac.th)] Acco CREATE_DATE is 2019-04-02 17:13:41 [File=/var/www/html/booking/Domain/Announcement.php,Line=171]
2019-04-19T10:40:23+07:00 [23803] DEBUG default - [User=Admin A. (napatsorn.m@vistec.ac.th)] Acco CREATE_DATE is 2019-03-27 09:55:28 [File=/var/www/html/booking/Domain/Announcement.php,Line=171]
2019-04-19T10:40:23+07:00 [23803] DEBUG default - [User=Admin A. (napatsorn.m@vistec.ac.th)] Acco CREATE_DATE is 2019-03-20 20:21:35 [File=/var/www/html/booking/Domain/Announcement.php,Line=171]
2019-04-19T10:40:23+07:00 [23803] DEBUG default - [User=Admin A. (napatsorn.m@vistec.ac.th)] Acco CREATE_DATE is 2019-03-18 11:42:19 [File=/var/www/html/booking/Domain/Announcement.php,Line=171]
2019-04-19T10:40:23+07:00 [23803] DEBUG default - [User=Admin A. (napatsorn.m@vistec.ac.th)] Acco CREATE_DATE is 2019-03-18 11:44:48 [File=/var/www/html/booking/Domain/Announcement.php,Line=171]
2019-04-19T10:40:23+07:00 [23803] DEBUG default - [User=Admin A. (napatsorn.m@vistec.ac.th)] Acco CREATE_DATE is 2019-03-11 10:50:07 [File=/var/www/html/booking/Domain/Announcement.php,Line=171]
2019-04-19T10:43:48+07:00 [6290] DEBUG default - [User=Admin A. (meshaya.p@vistec.ac.th)] Acco CREATE_DATE is 2019-04-16 09:48:14 [File=/var/www/html/booking/Domain/Announcement.php,Line=171]
2019-04-19T10:43:48+07:00 [6290] DEBUG default - [User=Admin A. (meshaya.p@vistec.ac.th)] Acco CREATE_DATE is 2019-04-16 09:58:53 [File=/var/www/html/booking/Domain/Announcement.php,Line=171]
2019-04-19T10:43:48+07:00 [6290] DEBUG default - [User=Admin A. (meshaya.p@vistec.ac.th)] Acco CREATE_DATE is 2019-04-18 10:04:35 [File=/var/www/html/booking/Domain/Announcement.php,Line=171]
2019-04-19T10:43:48+07:00 [6290] DEBUG default - [User=Admin A. (meshaya.p@vistec.ac.th)] Acco CREATE_DATE is 2019-04-18 14:04:35 [File=/var/www/html/booking/Domain/Announcement.php,Line=171]
2019-04-19T10:43:48+07:00 [6290] DEBUG default - [User=Admin A. (meshaya.p@vistec.ac.th)] Acco CREATE_DATE is 2019-04-17 09:29:07 [File=/var/www/html/booking/Domain/Announcement.php,Line=171]
2019-04-19T10:43:48+07:00 [6290] DEBUG default - [User=Admin A. (meshaya.p@vistec.ac.th)] Acco CREATE_DATE is 2019-04-11 13:14:54 [File=/var/www/html/booking/Domain/Announcement.php,Line=171]
2019-04-19T10:43:48+07:00 [6290] DEBUG default - [User=Admin A. (meshaya.p@vistec.ac.th)] Acco CREATE_DATE is 2019-04-10 15:46:56 [File=/var/www/html/booking/Domain/Announcement.php,Line=171]
2019-04-19T10:43:48+07:00 [6290] DEBUG default - [User=Admin A. (meshaya.p@vistec.ac.th)] Acco CREATE_DATE is 2019-04-09 13:50:01 [File=/var/www/html/booking/Domain/Announcement.php,Line=171]
2019-04-19T10:43:48+07:00 [6290] DEBUG default - [User=Admin A. (meshaya.p@vistec.ac.th)] Acco CREATE_DATE is 2019-04-07 16:28:23 [File=/var/www/html/booking/Domain/Announcement.php,Line=171]
2019-04-19T10:43:48+07:00 [6290] DEBUG default - [User=Admin A. (meshaya.p@vistec.ac.th)] Acco CREATE_DATE is 2019-04-03 12:21:31 [File=/var/www/html/booking/Domain/Announcement.php,Line=171]
2019-04-19T10:43:48+07:00 [6290] DEBUG default - [User=Admin A. (meshaya.p@vistec.ac.th)] Acco CREATE_DATE is 2019-04-03 12:22:19 [File=/var/www/html/booking/Domain/Announcement.php,Line=171]
2019-04-19T10:43:48+07:00 [6290] DEBUG default - [User=Admin A. (meshaya.p@vistec.ac.th)] Acco CREATE_DATE is 2019-04-02 09:48:53 [File=/var/www/html/booking/Domain/Announcement.php,Line=171]
2019-04-19T10:43:48+07:00 [6290] DEBUG default - [User=Admin A. (meshaya.p@vistec.ac.th)] Acco CREATE_DATE is 2019-04-01 12:00:59 [File=/var/www/html/booking/Domain/Announcement.php,Line=171]
2019-04-19T10:43:48+07:00 [6290] DEBUG default - [User=Admin A. (meshaya.p@vistec.ac.th)] Acco CREATE_DATE is 2019-04-01 14:03:54 [File=/var/www/html/booking/Domain/Announcement.php,Line=171]
2019-04-19T10:43:48+07:00 [6290] DEBUG default - [User=Admin A. (meshaya.p@vistec.ac.th)] Acco CREATE_DATE is 2019-04-02 17:13:41 [File=/var/www/html/booking/Domain/Announcement.php,Line=171]
2019-04-19T10:43:48+07:00 [6290] DEBUG default - [User=Admin A. (meshaya.p@vistec.ac.th)] Acco CREATE_DATE is 2019-03-27 09:55:28 [File=/var/www/html/booking/Domain/Announcement.php,Line=171]
2019-04-19T10:43:48+07:00 [6290] DEBUG default - [User=Admin A. (meshaya.p@vistec.ac.th)] Acco CREATE_DATE is 2019-03-20 20:21:35 [File=/var/www/html/booking/Domain/Announcement.php,Line=171]
2019-04-19T10:43:48+07:00 [6290] DEBUG default - [User=Admin A. (meshaya.p@vistec.ac.th)] Acco CREATE_DATE is 2019-03-18 11:42:19 [File=/var/www/html/booking/Domain/Announcement.php,Line=171]
2019-04-19T10:43:48+07:00 [6290] DEBUG default - [User=Admin A. (meshaya.p@vistec.ac.th)] Acco CREATE_DATE is 2019-03-18 11:44:48 [File=/var/www/html/booking/Domain/Announcement.php,Line=171]
2019-04-19T10:43:48+07:00 [6290] DEBUG default - [User=Admin A. (meshaya.p@vistec.ac.th)] Acco CREATE_DATE is 2019-03-11 10:50:07 [File=/var/www/html/booking/Domain/Announcement.php,Line=171]
2019-04-19T10:43:59+07:00 [23803] DEBUG default - [User=Admin A. (meshaya.p@vistec.ac.th)] Acco CREATE_DATE is 2019-04-16 09:48:14 [File=/var/www/html/booking/Domain/Announcement.php,Line=171]
2019-04-19T10:43:59+07:00 [23803] DEBUG default - [User=Admin A. (meshaya.p@vistec.ac.th)] Acco CREATE_DATE is 2019-04-16 09:58:53 [File=/var/www/html/booking/Domain/Announcement.php,Line=171]
2019-04-19T10:43:59+07:00 [23803] DEBUG default - [User=Admin A. (meshaya.p@vistec.ac.th)] Acco CREATE_DATE is 2019-04-18 10:04:35 [File=/var/www/html/booking/Domain/Announcement.php,Line=171]
2019-04-19T10:43:59+07:00 [23803] DEBUG default - [User=Admin A. (meshaya.p@vistec.ac.th)] Acco CREATE_DATE is 2019-04-18 14:04:35 [File=/var/www/html/booking/Domain/Announcement.php,Line=171]
2019-04-19T10:43:59+07:00 [23803] DEBUG default - [User=Admin A. (meshaya.p@vistec.ac.th)] Acco CREATE_DATE is 2019-04-17 09:29:07 [File=/var/www/html/booking/Domain/Announcement.php,Line=171]
2019-04-19T10:43:59+07:00 [23803] DEBUG default - [User=Admin A. (meshaya.p@vistec.ac.th)] Acco CREATE_DATE is 2019-04-11 13:14:54 [File=/var/www/html/booking/Domain/Announcement.php,Line=171]
2019-04-19T10:43:59+07:00 [23803] DEBUG default - [User=Admin A. (meshaya.p@vistec.ac.th)] Acco CREATE_DATE is 2019-04-10 15:46:56 [File=/var/www/html/booking/Domain/Announcement.php,Line=171]
2019-04-19T10:43:59+07:00 [23803] DEBUG default - [User=Admin A. (meshaya.p@vistec.ac.th)] Acco CREATE_DATE is 2019-04-09 13:50:01 [File=/var/www/html/booking/Domain/Announcement.php,Line=171]
2019-04-19T10:43:59+07:00 [23803] DEBUG default - [User=Admin A. (meshaya.p@vistec.ac.th)] Acco CREATE_DATE is 2019-04-07 16:28:23 [File=/var/www/html/booking/Domain/Announcement.php,Line=171]
2019-04-19T10:43:59+07:00 [23803] DEBUG default - [User=Admin A. (meshaya.p@vistec.ac.th)] Acco CREATE_DATE is 2019-04-03 12:21:31 [File=/var/www/html/booking/Domain/Announcement.php,Line=171]
2019-04-19T10:43:59+07:00 [23803] DEBUG default - [User=Admin A. (meshaya.p@vistec.ac.th)] Acco CREATE_DATE is 2019-04-03 12:22:19 [File=/var/www/html/booking/Domain/Announcement.php,Line=171]
2019-04-19T10:43:59+07:00 [23803] DEBUG default - [User=Admin A. (meshaya.p@vistec.ac.th)] Acco CREATE_DATE is 2019-04-02 09:48:53 [File=/var/www/html/booking/Domain/Announcement.php,Line=171]
2019-04-19T10:43:59+07:00 [23803] DEBUG default - [User=Admin A. (meshaya.p@vistec.ac.th)] Acco CREATE_DATE is 2019-04-01 12:00:59 [File=/var/www/html/booking/Domain/Announcement.php,Line=171]
2019-04-19T10:43:59+07:00 [23803] DEBUG default - [User=Admin A. (meshaya.p@vistec.ac.th)] Acco CREATE_DATE is 2019-04-01 14:03:54 [File=/var/www/html/booking/Domain/Announcement.php,Line=171]
2019-04-19T10:43:59+07:00 [23803] DEBUG default - [User=Admin A. (meshaya.p@vistec.ac.th)] Acco CREATE_DATE is 2019-04-02 17:13:41 [File=/var/www/html/booking/Domain/Announcement.php,Line=171]
2019-04-19T10:43:59+07:00 [23803] DEBUG default - [User=Admin A. (meshaya.p@vistec.ac.th)] Acco CREATE_DATE is 2019-03-27 09:55:28 [File=/var/www/html/booking/Domain/Announcement.php,Line=171]
2019-04-19T10:43:59+07:00 [23803] DEBUG default - [User=Admin A. (meshaya.p@vistec.ac.th)] Acco CREATE_DATE is 2019-03-20 20:21:35 [File=/var/www/html/booking/Domain/Announcement.php,Line=171]
2019-04-19T10:43:59+07:00 [23803] DEBUG default - [User=Admin A. (meshaya.p@vistec.ac.th)] Acco CREATE_DATE is 2019-03-18 11:42:19 [File=/var/www/html/booking/Domain/Announcement.php,Line=171]
2019-04-19T10:43:59+07:00 [23803] DEBUG default - [User=Admin A. (meshaya.p@vistec.ac.th)] Acco CREATE_DATE is 2019-03-18 11:44:48 [File=/var/www/html/booking/Domain/Announcement.php,Line=171]
2019-04-19T10:43:59+07:00 [23803] DEBUG default - [User=Admin A. (meshaya.p@vistec.ac.th)] Acco CREATE_DATE is 2019-03-11 10:50:07 [File=/var/www/html/booking/Domain/Announcement.php,Line=171]
2019-04-19T10:46:07+07:00 [23803] DEBUG default - [User=Admin A. (meshaya.p@vistec.ac.th)] Acco CREATE_DATE is 2019-04-16 09:48:14 [File=/var/www/html/booking/Domain/Announcement.php,Line=171]
2019-04-19T10:46:07+07:00 [23803] DEBUG default - [User=Admin A. (meshaya.p@vistec.ac.th)] Acco CREATE_DATE is 2019-04-16 09:58:53 [File=/var/www/html/booking/Domain/Announcement.php,Line=171]
2019-04-19T10:46:07+07:00 [23803] DEBUG default - [User=Admin A. (meshaya.p@vistec.ac.th)] Acco CREATE_DATE is 2019-04-18 10:04:35 [File=/var/www/html/booking/Domain/Announcement.php,Line=171]
2019-04-19T10:46:07+07:00 [23803] DEBUG default - [User=Admin A. (meshaya.p@vistec.ac.th)] Acco CREATE_DATE is 2019-04-18 14:04:35 [File=/var/www/html/booking/Domain/Announcement.php,Line=171]
2019-04-19T10:46:07+07:00 [23803] DEBUG default - [User=Admin A. (meshaya.p@vistec.ac.th)] Acco CREATE_DATE is 2019-04-17 09:29:07 [File=/var/www/html/booking/Domain/Announcement.php,Line=171]
2019-04-19T10:46:07+07:00 [23803] DEBUG default - [User=Admin A. (meshaya.p@vistec.ac.th)] Acco CREATE_DATE is 2019-04-11 13:14:54 [File=/var/www/html/booking/Domain/Announcement.php,Line=171]
2019-04-19T10:46:07+07:00 [23803] DEBUG default - [User=Admin A. (meshaya.p@vistec.ac.th)] Acco CREATE_DATE is 2019-04-10 15:46:56 [File=/var/www/html/booking/Domain/Announcement.php,Line=171]
2019-04-19T10:46:07+07:00 [23803] DEBUG default - [User=Admin A. (meshaya.p@vistec.ac.th)] Acco CREATE_DATE is 2019-04-09 13:50:01 [File=/var/www/html/booking/Domain/Announcement.php,Line=171]
2019-04-19T10:46:07+07:00 [23803] DEBUG default - [User=Admin A. (meshaya.p@vistec.ac.th)] Acco CREATE_DATE is 2019-04-07 16:28:23 [File=/var/www/html/booking/Domain/Announcement.php,Line=171]
2019-04-19T10:46:07+07:00 [23803] DEBUG default - [User=Admin A. (meshaya.p@vistec.ac.th)] Acco CREATE_DATE is 2019-04-03 12:21:31 [File=/var/www/html/booking/Domain/Announcement.php,Line=171]
2019-04-19T10:46:07+07:00 [23803] DEBUG default - [User=Admin A. (meshaya.p@vistec.ac.th)] Acco CREATE_DATE is 2019-04-03 12:22:19 [File=/var/www/html/booking/Domain/Announcement.php,Line=171]
2019-04-19T10:46:07+07:00 [23803] DEBUG default - [User=Admin A. (meshaya.p@vistec.ac.th)] Acco CREATE_DATE is 2019-04-02 09:48:53 [File=/var/www/html/booking/Domain/Announcement.php,Line=171]
2019-04-19T10:46:07+07:00 [23803] DEBUG default - [User=Admin A. (meshaya.p@vistec.ac.th)] Acco CREATE_DATE is 2019-04-01 12:00:59 [File=/var/www/html/booking/Domain/Announcement.php,Line=171]
2019-04-19T10:46:07+07:00 [23803] DEBUG default - [User=Admin A. (meshaya.p@vistec.ac.th)] Acco CREATE_DATE is 2019-04-01 14:03:54 [File=/var/www/html/booking/Domain/Announcement.php,Line=171]
2019-04-19T10:46:07+07:00 [23803] DEBUG default - [User=Admin A. (meshaya.p@vistec.ac.th)] Acco CREATE_DATE is 2019-04-02 17:13:41 [File=/var/www/html/booking/Domain/Announcement.php,Line=171]
2019-04-19T10:46:07+07:00 [23803] DEBUG default - [User=Admin A. (meshaya.p@vistec.ac.th)] Acco CREATE_DATE is 2019-03-27 09:55:28 [File=/var/www/html/booking/Domain/Announcement.php,Line=171]
2019-04-19T10:46:07+07:00 [23803] DEBUG default - [User=Admin A. (meshaya.p@vistec.ac.th)] Acco CREATE_DATE is 2019-03-20 20:21:35 [File=/var/www/html/booking/Domain/Announcement.php,Line=171]
2019-04-19T10:46:07+07:00 [23803] DEBUG default - [User=Admin A. (meshaya.p@vistec.ac.th)] Acco CREATE_DATE is 2019-03-18 11:42:19 [File=/var/www/html/booking/Domain/Announcement.php,Line=171]
2019-04-19T10:46:07+07:00 [23803] DEBUG default - [User=Admin A. (meshaya.p@vistec.ac.th)] Acco CREATE_DATE is 2019-03-18 11:44:48 [File=/var/www/html/booking/Domain/Announcement.php,Line=171]
2019-04-19T10:46:07+07:00 [23803] DEBUG default - [User=Admin A. (meshaya.p@vistec.ac.th)] Acco CREATE_DATE is 2019-03-11 10:50:07 [File=/var/www/html/booking/Domain/Announcement.php,Line=171]
2019-04-19T10:47:37+07:00 [10313] DEBUG default - [User=Admin A. (napatsorn.m@vistec.ac.th)] Acco CREATE_DATE is 2019-04-16 09:48:14 [File=/var/www/html/booking/Domain/Announcement.php,Line=171]
2019-04-19T10:47:37+07:00 [10313] DEBUG default - [User=Admin A. (napatsorn.m@vistec.ac.th)] Acco CREATE_DATE is 2019-04-16 09:58:53 [File=/var/www/html/booking/Domain/Announcement.php,Line=171]
2019-04-19T10:47:37+07:00 [10313] DEBUG default - [User=Admin A. (napatsorn.m@vistec.ac.th)] Acco CREATE_DATE is 2019-04-18 10:04:35 [File=/var/www/html/booking/Domain/Announcement.php,Line=171]
2019-04-19T10:47:37+07:00 [10313] DEBUG default - [User=Admin A. (napatsorn.m@vistec.ac.th)] Acco CREATE_DATE is 2019-04-18 14:04:35 [File=/var/www/html/booking/Domain/Announcement.php,Line=171]
2019-04-19T10:47:37+07:00 [10313] DEBUG default - [User=Admin A. (napatsorn.m@vistec.ac.th)] Acco CREATE_DATE is 2019-04-17 09:29:07 [File=/var/www/html/booking/Domain/Announcement.php,Line=171]
2019-04-19T10:47:37+07:00 [10313] DEBUG default - [User=Admin A. (napatsorn.m@vistec.ac.th)] Acco CREATE_DATE is 2019-04-11 13:14:54 [File=/var/www/html/booking/Domain/Announcement.php,Line=171]
2019-04-19T10:47:37+07:00 [10313] DEBUG default - [User=Admin A. (napatsorn.m@vistec.ac.th)] Acco CREATE_DATE is 2019-04-10 15:46:56 [File=/var/www/html/booking/Domain/Announcement.php,Line=171]
2019-04-19T10:47:37+07:00 [10313] DEBUG default - [User=Admin A. (napatsorn.m@vistec.ac.th)] Acco CREATE_DATE is 2019-04-09 13:50:01 [File=/var/www/html/booking/Domain/Announcement.php,Line=171]
2019-04-19T10:47:37+07:00 [10313] DEBUG default - [User=Admin A. (napatsorn.m@vistec.ac.th)] Acco CREATE_DATE is 2019-04-07 16:28:23 [File=/var/www/html/booking/Domain/Announcement.php,Line=171]
2019-04-19T10:47:37+07:00 [10313] DEBUG default - [User=Admin A. (napatsorn.m@vistec.ac.th)] Acco CREATE_DATE is 2019-04-03 12:21:31 [File=/var/www/html/booking/Domain/Announcement.php,Line=171]
2019-04-19T10:47:37+07:00 [10313] DEBUG default - [User=Admin A. (napatsorn.m@vistec.ac.th)] Acco CREATE_DATE is 2019-04-03 12:22:19 [File=/var/www/html/booking/Domain/Announcement.php,Line=171]
2019-04-19T10:47:37+07:00 [10313] DEBUG default - [User=Admin A. (napatsorn.m@vistec.ac.th)] Acco CREATE_DATE is 2019-04-02 09:48:53 [File=/var/www/html/booking/Domain/Announcement.php,Line=171]
2019-04-19T10:47:37+07:00 [10313] DEBUG default - [User=Admin A. (napatsorn.m@vistec.ac.th)] Acco CREATE_DATE is 2019-04-01 12:00:59 [File=/var/www/html/booking/Domain/Announcement.php,Line=171]
2019-04-19T10:47:37+07:00 [10313] DEBUG default - [User=Admin A. (napatsorn.m@vistec.ac.th)] Acco CREATE_DATE is 2019-04-01 14:03:54 [File=/var/www/html/booking/Domain/Announcement.php,Line=171]
2019-04-19T10:47:37+07:00 [10313] DEBUG default - [User=Admin A. (napatsorn.m@vistec.ac.th)] Acco CREATE_DATE is 2019-04-02 17:13:41 [File=/var/www/html/booking/Domain/Announcement.php,Line=171]
2019-04-19T10:47:37+07:00 [10313] DEBUG default - [User=Admin A. (napatsorn.m@vistec.ac.th)] Acco CREATE_DATE is 2019-03-27 09:55:28 [File=/var/www/html/booking/Domain/Announcement.php,Line=171]
2019-04-19T10:47:37+07:00 [10313] DEBUG default - [User=Admin A. (napatsorn.m@vistec.ac.th)] Acco CREATE_DATE is 2019-03-20 20:21:35 [File=/var/www/html/booking/Domain/Announcement.php,Line=171]
2019-04-19T10:47:37+07:00 [10313] DEBUG default - [User=Admin A. (napatsorn.m@vistec.ac.th)] Acco CREATE_DATE is 2019-03-18 11:42:19 [File=/var/www/html/booking/Domain/Announcement.php,Line=171]
2019-04-19T10:47:37+07:00 [10313] DEBUG default - [User=Admin A. (napatsorn.m@vistec.ac.th)] Acco CREATE_DATE is 2019-03-18 11:44:48 [File=/var/www/html/booking/Domain/Announcement.php,Line=171]
2019-04-19T10:47:37+07:00 [10313] DEBUG default - [User=Admin A. (napatsorn.m@vistec.ac.th)] Acco CREATE_DATE is 2019-03-11 10:50:07 [File=/var/www/html/booking/Domain/Announcement.php,Line=171]
