2019-08-27T07:57:50+07:00 [24915] DEBUG default - [User=Surapoj Sanram (surapoj.s@vistec.ac.th)] Acco CREATE_DATE is 2019-08-20 15:48:25 [File=/var/www/html/booking/Domain/Announcement.php,Line=171]
2019-08-27T07:57:50+07:00 [24915] DEBUG default - [User=Surapoj Sanram (surapoj.s@vistec.ac.th)] Acco CREATE_DATE is 2019-08-19 10:40:33 [File=/var/www/html/booking/Domain/Announcement.php,Line=171]
2019-08-27T07:57:50+07:00 [24915] DEBUG default - [User=Surapoj Sanram (surapoj.s@vistec.ac.th)] Acco CREATE_DATE is 2019-08-16 10:40:13 [File=/var/www/html/booking/Domain/Announcement.php,Line=171]
2019-08-27T07:57:50+07:00 [24915] DEBUG default - [User=Surapoj Sanram (surapoj.s@vistec.ac.th)] Acco CREATE_DATE is 2019-08-16 10:41:33 [File=/var/www/html/booking/Domain/Announcement.php,Line=171]
2019-08-27T07:57:50+07:00 [24915] DEBUG default - [User=Surapoj Sanram (surapoj.s@vistec.ac.th)] Acco CREATE_DATE is 2019-08-13 17:26:40 [File=/var/www/html/booking/Domain/Announcement.php,Line=171]
2019-08-27T07:57:50+07:00 [24915] DEBUG default - [User=Surapoj Sanram (surapoj.s@vistec.ac.th)] Acco CREATE_DATE is 2019-08-09 10:52:33 [File=/var/www/html/booking/Domain/Announcement.php,Line=171]
2019-08-27T07:57:50+07:00 [24915] DEBUG default - [User=Surapoj Sanram (surapoj.s@vistec.ac.th)] Acco CREATE_DATE is 2019-08-07 16:33:37 [File=/var/www/html/booking/Domain/Announcement.php,Line=171]
2019-08-27T07:57:50+07:00 [24915] DEBUG default - [User=Surapoj Sanram (surapoj.s@vistec.ac.th)] Acco CREATE_DATE is 2019-08-13 16:49:05 [File=/var/www/html/booking/Domain/Announcement.php,Line=171]
2019-08-27T07:57:50+07:00 [24915] DEBUG default - [User=Surapoj Sanram (surapoj.s@vistec.ac.th)] Acco CREATE_DATE is 2019-07-30 09:29:04 [File=/var/www/html/booking/Domain/Announcement.php,Line=171]
2019-08-27T07:57:50+07:00 [24915] DEBUG default - [User=Surapoj Sanram (surapoj.s@vistec.ac.th)] Acco CREATE_DATE is 2019-07-16 13:01:35 [File=/var/www/html/booking/Domain/Announcement.php,Line=171]
2019-08-27T07:57:50+07:00 [24915] DEBUG default - [User=Surapoj Sanram (surapoj.s@vistec.ac.th)] Acco CREATE_DATE is 2019-07-12 17:09:03 [File=/var/www/html/booking/Domain/Announcement.php,Line=171]
2019-08-27T07:57:50+07:00 [24915] DEBUG default - [User=Surapoj Sanram (surapoj.s@vistec.ac.th)] Acco CREATE_DATE is 2019-07-09 13:50:08 [File=/var/www/html/booking/Domain/Announcement.php,Line=171]
2019-08-27T07:57:50+07:00 [24915] DEBUG default - [User=Surapoj Sanram (surapoj.s@vistec.ac.th)] Acco CREATE_DATE is 2019-07-09 13:56:42 [File=/var/www/html/booking/Domain/Announcement.php,Line=171]
2019-08-27T07:57:50+07:00 [24915] DEBUG default - [User=Surapoj Sanram (surapoj.s@vistec.ac.th)] Acco CREATE_DATE is 2019-07-08 14:31:56 [File=/var/www/html/booking/Domain/Announcement.php,Line=171]
2019-08-27T07:57:50+07:00 [24915] DEBUG default - [User=Surapoj Sanram (surapoj.s@vistec.ac.th)] Acco CREATE_DATE is 2019-06-24 10:26:13 [File=/var/www/html/booking/Domain/Announcement.php,Line=171]
2019-08-27T07:57:50+07:00 [24915] DEBUG default - [User=Surapoj Sanram (surapoj.s@vistec.ac.th)] Acco CREATE_DATE is 2019-06-24 10:30:58 [File=/var/www/html/booking/Domain/Announcement.php,Line=171]
2019-08-27T07:57:50+07:00 [24915] DEBUG default - [User=Surapoj Sanram (surapoj.s@vistec.ac.th)] Acco CREATE_DATE is 2019-06-20 13:57:41 [File=/var/www/html/booking/Domain/Announcement.php,Line=171]
2019-08-27T07:57:50+07:00 [24915] DEBUG default - [User=Surapoj Sanram (surapoj.s@vistec.ac.th)] Acco CREATE_DATE is 2019-06-18 13:08:23 [File=/var/www/html/booking/Domain/Announcement.php,Line=171]
2019-08-27T07:57:50+07:00 [24915] DEBUG default - [User=Surapoj Sanram (surapoj.s@vistec.ac.th)] Acco CREATE_DATE is 2019-06-18 14:02:17 [File=/var/www/html/booking/Domain/Announcement.php,Line=171]
2019-08-27T07:57:50+07:00 [24915] DEBUG default - [User=Surapoj Sanram (surapoj.s@vistec.ac.th)] Acco CREATE_DATE is 2019-06-17 10:00:48 [File=/var/www/html/booking/Domain/Announcement.php,Line=171]
2019-08-27T07:58:47+07:00 [24915] DEBUG default - [User=Surapoj Sanram (surapoj.s@vistec.ac.th)] Acco CREATE_DATE is 2019-08-20 15:48:25 [File=/var/www/html/booking/Domain/Announcement.php,Line=171]
2019-08-27T07:58:47+07:00 [24915] DEBUG default - [User=Surapoj Sanram (surapoj.s@vistec.ac.th)] Acco CREATE_DATE is 2019-08-19 10:40:33 [File=/var/www/html/booking/Domain/Announcement.php,Line=171]
2019-08-27T07:58:47+07:00 [24915] DEBUG default - [User=Surapoj Sanram (surapoj.s@vistec.ac.th)] Acco CREATE_DATE is 2019-08-16 10:40:13 [File=/var/www/html/booking/Domain/Announcement.php,Line=171]
2019-08-27T07:58:47+07:00 [24915] DEBUG default - [User=Surapoj Sanram (surapoj.s@vistec.ac.th)] Acco CREATE_DATE is 2019-08-16 10:41:33 [File=/var/www/html/booking/Domain/Announcement.php,Line=171]
2019-08-27T07:58:47+07:00 [24915] DEBUG default - [User=Surapoj Sanram (surapoj.s@vistec.ac.th)] Acco CREATE_DATE is 2019-08-13 17:26:40 [File=/var/www/html/booking/Domain/Announcement.php,Line=171]
2019-08-27T07:58:47+07:00 [24915] DEBUG default - [User=Surapoj Sanram (surapoj.s@vistec.ac.th)] Acco CREATE_DATE is 2019-08-09 10:52:33 [File=/var/www/html/booking/Domain/Announcement.php,Line=171]
2019-08-27T07:58:47+07:00 [24915] DEBUG default - [User=Surapoj Sanram (surapoj.s@vistec.ac.th)] Acco CREATE_DATE is 2019-08-07 16:33:37 [File=/var/www/html/booking/Domain/Announcement.php,Line=171]
2019-08-27T07:58:47+07:00 [24915] DEBUG default - [User=Surapoj Sanram (surapoj.s@vistec.ac.th)] Acco CREATE_DATE is 2019-08-13 16:49:05 [File=/var/www/html/booking/Domain/Announcement.php,Line=171]
2019-08-27T07:58:47+07:00 [24915] DEBUG default - [User=Surapoj Sanram (surapoj.s@vistec.ac.th)] Acco CREATE_DATE is 2019-07-30 09:29:04 [File=/var/www/html/booking/Domain/Announcement.php,Line=171]
2019-08-27T07:58:47+07:00 [24915] DEBUG default - [User=Surapoj Sanram (surapoj.s@vistec.ac.th)] Acco CREATE_DATE is 2019-07-16 13:01:35 [File=/var/www/html/booking/Domain/Announcement.php,Line=171]
2019-08-27T07:58:47+07:00 [24915] DEBUG default - [User=Surapoj Sanram (surapoj.s@vistec.ac.th)] Acco CREATE_DATE is 2019-07-12 17:09:03 [File=/var/www/html/booking/Domain/Announcement.php,Line=171]
2019-08-27T07:58:47+07:00 [24915] DEBUG default - [User=Surapoj Sanram (surapoj.s@vistec.ac.th)] Acco CREATE_DATE is 2019-07-09 13:50:08 [File=/var/www/html/booking/Domain/Announcement.php,Line=171]
2019-08-27T07:58:47+07:00 [24915] DEBUG default - [User=Surapoj Sanram (surapoj.s@vistec.ac.th)] Acco CREATE_DATE is 2019-07-09 13:56:42 [File=/var/www/html/booking/Domain/Announcement.php,Line=171]
2019-08-27T07:58:47+07:00 [24915] DEBUG default - [User=Surapoj Sanram (surapoj.s@vistec.ac.th)] Acco CREATE_DATE is 2019-07-08 14:31:56 [File=/var/www/html/booking/Domain/Announcement.php,Line=171]
2019-08-27T07:58:47+07:00 [24915] DEBUG default - [User=Surapoj Sanram (surapoj.s@vistec.ac.th)] Acco CREATE_DATE is 2019-06-24 10:26:13 [File=/var/www/html/booking/Domain/Announcement.php,Line=171]
2019-08-27T07:58:47+07:00 [24915] DEBUG default - [User=Surapoj Sanram (surapoj.s@vistec.ac.th)] Acco CREATE_DATE is 2019-06-24 10:30:58 [File=/var/www/html/booking/Domain/Announcement.php,Line=171]
2019-08-27T07:58:47+07:00 [24915] DEBUG default - [User=Surapoj Sanram (surapoj.s@vistec.ac.th)] Acco CREATE_DATE is 2019-06-20 13:57:41 [File=/var/www/html/booking/Domain/Announcement.php,Line=171]
2019-08-27T07:58:47+07:00 [24915] DEBUG default - [User=Surapoj Sanram (surapoj.s@vistec.ac.th)] Acco CREATE_DATE is 2019-06-18 13:08:23 [File=/var/www/html/booking/Domain/Announcement.php,Line=171]
2019-08-27T07:58:47+07:00 [24915] DEBUG default - [User=Surapoj Sanram (surapoj.s@vistec.ac.th)] Acco CREATE_DATE is 2019-06-18 14:02:17 [File=/var/www/html/booking/Domain/Announcement.php,Line=171]
2019-08-27T07:58:47+07:00 [24915] DEBUG default - [User=Surapoj Sanram (surapoj.s@vistec.ac.th)] Acco CREATE_DATE is 2019-06-17 10:00:48 [File=/var/www/html/booking/Domain/Announcement.php,Line=171]
2019-08-27T07:59:03+07:00 [24915] DEBUG default - [User=Surapoj Sanram (surapoj.s@vistec.ac.th)] Acco CREATE_DATE is 2019-08-20 15:48:25 [File=/var/www/html/booking/Domain/Announcement.php,Line=171]
2019-08-27T07:59:03+07:00 [24915] DEBUG default - [User=Surapoj Sanram (surapoj.s@vistec.ac.th)] Acco CREATE_DATE is 2019-08-19 10:40:33 [File=/var/www/html/booking/Domain/Announcement.php,Line=171]
2019-08-27T07:59:03+07:00 [24915] DEBUG default - [User=Surapoj Sanram (surapoj.s@vistec.ac.th)] Acco CREATE_DATE is 2019-08-16 10:40:13 [File=/var/www/html/booking/Domain/Announcement.php,Line=171]
2019-08-27T07:59:03+07:00 [24915] DEBUG default - [User=Surapoj Sanram (surapoj.s@vistec.ac.th)] Acco CREATE_DATE is 2019-08-16 10:41:33 [File=/var/www/html/booking/Domain/Announcement.php,Line=171]
2019-08-27T07:59:03+07:00 [24915] DEBUG default - [User=Surapoj Sanram (surapoj.s@vistec.ac.th)] Acco CREATE_DATE is 2019-08-13 17:26:40 [File=/var/www/html/booking/Domain/Announcement.php,Line=171]
2019-08-27T07:59:03+07:00 [24915] DEBUG default - [User=Surapoj Sanram (surapoj.s@vistec.ac.th)] Acco CREATE_DATE is 2019-08-09 10:52:33 [File=/var/www/html/booking/Domain/Announcement.php,Line=171]
2019-08-27T07:59:03+07:00 [24915] DEBUG default - [User=Surapoj Sanram (surapoj.s@vistec.ac.th)] Acco CREATE_DATE is 2019-08-07 16:33:37 [File=/var/www/html/booking/Domain/Announcement.php,Line=171]
2019-08-27T07:59:03+07:00 [24915] DEBUG default - [User=Surapoj Sanram (surapoj.s@vistec.ac.th)] Acco CREATE_DATE is 2019-08-13 16:49:05 [File=/var/www/html/booking/Domain/Announcement.php,Line=171]
2019-08-27T07:59:03+07:00 [24915] DEBUG default - [User=Surapoj Sanram (surapoj.s@vistec.ac.th)] Acco CREATE_DATE is 2019-07-30 09:29:04 [File=/var/www/html/booking/Domain/Announcement.php,Line=171]
2019-08-27T07:59:03+07:00 [24915] DEBUG default - [User=Surapoj Sanram (surapoj.s@vistec.ac.th)] Acco CREATE_DATE is 2019-07-16 13:01:35 [File=/var/www/html/booking/Domain/Announcement.php,Line=171]
2019-08-27T07:59:03+07:00 [24915] DEBUG default - [User=Surapoj Sanram (surapoj.s@vistec.ac.th)] Acco CREATE_DATE is 2019-07-12 17:09:03 [File=/var/www/html/booking/Domain/Announcement.php,Line=171]
2019-08-27T07:59:03+07:00 [24915] DEBUG default - [User=Surapoj Sanram (surapoj.s@vistec.ac.th)] Acco CREATE_DATE is 2019-07-09 13:50:08 [File=/var/www/html/booking/Domain/Announcement.php,Line=171]
2019-08-27T07:59:03+07:00 [24915] DEBUG default - [User=Surapoj Sanram (surapoj.s@vistec.ac.th)] Acco CREATE_DATE is 2019-07-09 13:56:42 [File=/var/www/html/booking/Domain/Announcement.php,Line=171]
2019-08-27T07:59:03+07:00 [24915] DEBUG default - [User=Surapoj Sanram (surapoj.s@vistec.ac.th)] Acco CREATE_DATE is 2019-07-08 14:31:56 [File=/var/www/html/booking/Domain/Announcement.php,Line=171]
2019-08-27T07:59:03+07:00 [24915] DEBUG default - [User=Surapoj Sanram (surapoj.s@vistec.ac.th)] Acco CREATE_DATE is 2019-06-24 10:26:13 [File=/var/www/html/booking/Domain/Announcement.php,Line=171]
2019-08-27T07:59:03+07:00 [24915] DEBUG default - [User=Surapoj Sanram (surapoj.s@vistec.ac.th)] Acco CREATE_DATE is 2019-06-24 10:30:58 [File=/var/www/html/booking/Domain/Announcement.php,Line=171]
2019-08-27T07:59:03+07:00 [24915] DEBUG default - [User=Surapoj Sanram (surapoj.s@vistec.ac.th)] Acco CREATE_DATE is 2019-06-20 13:57:41 [File=/var/www/html/booking/Domain/Announcement.php,Line=171]
2019-08-27T07:59:03+07:00 [24915] DEBUG default - [User=Surapoj Sanram (surapoj.s@vistec.ac.th)] Acco CREATE_DATE is 2019-06-18 13:08:23 [File=/var/www/html/booking/Domain/Announcement.php,Line=171]
2019-08-27T07:59:03+07:00 [24915] DEBUG default - [User=Surapoj Sanram (surapoj.s@vistec.ac.th)] Acco CREATE_DATE is 2019-06-18 14:02:17 [File=/var/www/html/booking/Domain/Announcement.php,Line=171]
2019-08-27T07:59:03+07:00 [24915] DEBUG default - [User=Surapoj Sanram (surapoj.s@vistec.ac.th)] Acco CREATE_DATE is 2019-06-17 10:00:48 [File=/var/www/html/booking/Domain/Announcement.php,Line=171]
2019-08-27T08:10:08+07:00 [25700] DEBUG default - [User=Surapoj Sanram (surapoj.s@vistec.ac.th)] Action passed all validations [File=/var/www/html/booking/Pages/ActionPage.php,Line=108]
2019-08-27T08:10:08+07:00 [25700] DEBUG default - [User=Surapoj Sanram (surapoj.s@vistec.ac.th)] Processing page action. Action addAnnouncement [File=/var/www/html/booking/Presenters/ActionPresenter.php,Line=88]
2019-08-27T08:10:08+07:00 [25700] DEBUG default - [User=Surapoj Sanram (surapoj.s@vistec.ac.th)] Adding new Announcement [File=/var/www/html/booking/Presenters/Admin/ManageAnnouncementsPresenter.php,Line=115]
2019-08-27T08:10:08+07:00 [25700] DEBUG default - [User=Surapoj Sanram (surapoj.s@vistec.ac.th)] Create new Announcement [File=/var/www/html/booking/Domain/Announcement.php,Line=201]
2019-08-27T08:10:08+07:00 [25700] DEBUG default - [User=Surapoj Sanram (surapoj.s@vistec.ac.th)] Sending AnnouncementEmail email to: kanyaporn.a@vistec.ac.th from: surapoj.s@vistec.ac.th [File=/var/www/html/booking/lib/Email/EmailService.php,Line=93]
2019-08-27T08:10:11+07:00 [25700] DEBUG default - [User=Surapoj Sanram (surapoj.s@vistec.ac.th)] Email send success: 1.  [File=/var/www/html/booking/lib/Email/EmailService.php,Line=105]
2019-08-27T08:10:11+07:00 [25700] DEBUG default - [User=Surapoj Sanram (surapoj.s@vistec.ac.th)] Sending AnnouncementEmail email to: tiphanan.jan@gmail.com from: surapoj.s@vistec.ac.th [File=/var/www/html/booking/lib/Email/EmailService.php,Line=93]
2019-08-27T08:10:13+07:00 [25700] DEBUG default - [User=Surapoj Sanram (surapoj.s@vistec.ac.th)] Email send success: 1.  [File=/var/www/html/booking/lib/Email/EmailService.php,Line=105]
2019-08-27T08:10:13+07:00 [25700] DEBUG default - [User=Surapoj Sanram (surapoj.s@vistec.ac.th)] Sending AnnouncementEmail email to: 1730304@vistec.ac.th from: surapoj.s@vistec.ac.th [File=/var/www/html/booking/lib/Email/EmailService.php,Line=93]
2019-08-27T08:10:15+07:00 [25700] DEBUG default - [User=Surapoj Sanram (surapoj.s@vistec.ac.th)] Email send success: 1.  [File=/var/www/html/booking/lib/Email/EmailService.php,Line=105]
2019-08-27T08:10:15+07:00 [25700] DEBUG default - [User=Surapoj Sanram (surapoj.s@vistec.ac.th)] Sending AnnouncementEmail email to: jiraya_k@hotmail.com from: surapoj.s@vistec.ac.th [File=/var/www/html/booking/lib/Email/EmailService.php,Line=93]
2019-08-27T08:10:17+07:00 [25700] DEBUG default - [User=Surapoj Sanram (surapoj.s@vistec.ac.th)] Email send success: 1.  [File=/var/www/html/booking/lib/Email/EmailService.php,Line=105]
2019-08-27T08:10:17+07:00 [25700] DEBUG default - [User=Surapoj Sanram (surapoj.s@vistec.ac.th)] Sending AnnouncementEmail email to: 1730306@vistec.ac.th from: surapoj.s@vistec.ac.th [File=/var/www/html/booking/lib/Email/EmailService.php,Line=93]
2019-08-27T08:10:18+07:00 [25700] DEBUG default - [User=Surapoj Sanram (surapoj.s@vistec.ac.th)] Email send success: 1.  [File=/var/www/html/booking/lib/Email/EmailService.php,Line=105]
2019-08-27T08:10:18+07:00 [25700] DEBUG default - [User=Surapoj Sanram (surapoj.s@vistec.ac.th)] Sending AnnouncementEmail email to: gluay88weerapha@gmail.com from: surapoj.s@vistec.ac.th [File=/var/www/html/booking/lib/Email/EmailService.php,Line=93]
2019-08-27T08:10:20+07:00 [25700] DEBUG default - [User=Surapoj Sanram (surapoj.s@vistec.ac.th)] Email send success: 1.  [File=/var/www/html/booking/lib/Email/EmailService.php,Line=105]
2019-08-27T08:10:20+07:00 [25700] DEBUG default - [User=Surapoj Sanram (surapoj.s@vistec.ac.th)] Sending AnnouncementEmail email to: s15_taweesak.p@vistec.ac.th from: surapoj.s@vistec.ac.th [File=/var/www/html/booking/lib/Email/EmailService.php,Line=93]
2019-08-27T08:10:22+07:00 [25700] DEBUG default - [User=Surapoj Sanram (surapoj.s@vistec.ac.th)] Email send success: 1.  [File=/var/www/html/booking/lib/Email/EmailService.php,Line=105]
2019-08-27T08:10:22+07:00 [25700] DEBUG default - [User=Surapoj Sanram (surapoj.s@vistec.ac.th)] Sending AnnouncementEmail email to: 1630407@vistec.ac.th from: surapoj.s@vistec.ac.th [File=/var/www/html/booking/lib/Email/EmailService.php,Line=93]
2019-08-27T08:10:24+07:00 [25700] DEBUG default - [User=Surapoj Sanram (surapoj.s@vistec.ac.th)] Email send success: 1.  [File=/var/www/html/booking/lib/Email/EmailService.php,Line=105]
2019-08-27T08:10:24+07:00 [25700] DEBUG default - [User=Surapoj Sanram (surapoj.s@vistec.ac.th)] Sending AnnouncementEmail email to: 1820101@vistec.ac.th from: surapoj.s@vistec.ac.th [File=/var/www/html/booking/lib/Email/EmailService.php,Line=93]
2019-08-27T08:10:26+07:00 [25700] DEBUG default - [User=Surapoj Sanram (surapoj.s@vistec.ac.th)] Email send success: 1.  [File=/var/www/html/booking/lib/Email/EmailService.php,Line=105]
2019-08-27T08:10:26+07:00 [25700] DEBUG default - [User=Surapoj Sanram (surapoj.s@vistec.ac.th)] Sending AnnouncementEmail email to: ladawan.p_s16@vistec.ac.th from: surapoj.s@vistec.ac.th [File=/var/www/html/booking/lib/Email/EmailService.php,Line=93]
2019-08-27T08:10:27+07:00 [25700] DEBUG default - [User=Surapoj Sanram (surapoj.s@vistec.ac.th)] Email send success: 1.  [File=/var/www/html/booking/lib/Email/EmailService.php,Line=105]
2019-08-27T08:10:27+07:00 [25700] DEBUG default - [User=Surapoj Sanram (surapoj.s@vistec.ac.th)] Sending AnnouncementEmail email to: 1830102@vistec.ac.th from: surapoj.s@vistec.ac.th [File=/var/www/html/booking/lib/Email/EmailService.php,Line=93]
2019-08-27T08:10:29+07:00 [25700] DEBUG default - [User=Surapoj Sanram (surapoj.s@vistec.ac.th)] Email send success: 1.  [File=/var/www/html/booking/lib/Email/EmailService.php,Line=105]
2019-08-27T08:10:29+07:00 [25700] DEBUG default - [User=Surapoj Sanram (surapoj.s@vistec.ac.th)] Sending AnnouncementEmail email to: pornpensaeung@yahoo.com from: surapoj.s@vistec.ac.th [File=/var/www/html/booking/lib/Email/EmailService.php,Line=93]
2019-08-27T08:10:31+07:00 [25700] DEBUG default - [User=Surapoj Sanram (surapoj.s@vistec.ac.th)] Email send success: 1.  [File=/var/www/html/booking/lib/Email/EmailService.php,Line=105]
2019-08-27T08:10:31+07:00 [25700] DEBUG default - [User=Surapoj Sanram (surapoj.s@vistec.ac.th)] Sending AnnouncementEmail email to: siwarutsiwaipram@gmail.com from: surapoj.s@vistec.ac.th [File=/var/www/html/booking/lib/Email/EmailService.php,Line=93]
2019-08-27T08:10:33+07:00 [25700] DEBUG default - [User=Surapoj Sanram (surapoj.s@vistec.ac.th)] Email send success: 1.  [File=/var/www/html/booking/lib/Email/EmailService.php,Line=105]
2019-08-27T08:10:33+07:00 [25700] DEBUG default - [User=Surapoj Sanram (surapoj.s@vistec.ac.th)] Sending AnnouncementEmail email to: 1730105@vistec.ac.th from: surapoj.s@vistec.ac.th [File=/var/www/html/booking/lib/Email/EmailService.php,Line=93]
2019-08-27T08:10:34+07:00 [25700] DEBUG default - [User=Surapoj Sanram (surapoj.s@vistec.ac.th)] Email send success: 1.  [File=/var/www/html/booking/lib/Email/EmailService.php,Line=105]
2019-08-27T08:10:34+07:00 [25700] DEBUG default - [User=Surapoj Sanram (surapoj.s@vistec.ac.th)] Sending AnnouncementEmail email to: saranyoo.s@hotmail.com from: surapoj.s@vistec.ac.th [File=/var/www/html/booking/lib/Email/EmailService.php,Line=93]
2019-08-27T08:10:36+07:00 [25700] DEBUG default - [User=Surapoj Sanram (surapoj.s@vistec.ac.th)] Email send success: 1.  [File=/var/www/html/booking/lib/Email/EmailService.php,Line=105]
2019-08-27T08:10:36+07:00 [25700] DEBUG default - [User=Surapoj Sanram (surapoj.s@vistec.ac.th)] Sending AnnouncementEmail email to: thavornsinnopparat@gmail.com from: surapoj.s@vistec.ac.th [File=/var/www/html/booking/lib/Email/EmailService.php,Line=93]
2019-08-27T08:10:37+07:00 [25700] DEBUG default - [User=Surapoj Sanram (surapoj.s@vistec.ac.th)] Email send success: 1.  [File=/var/www/html/booking/lib/Email/EmailService.php,Line=105]
2019-08-27T08:10:37+07:00 [25700] DEBUG default - [User=Surapoj Sanram (surapoj.s@vistec.ac.th)] Sending AnnouncementEmail email to: 1530308@vistec.ac.th from: surapoj.s@vistec.ac.th [File=/var/www/html/booking/lib/Email/EmailService.php,Line=93]
2019-08-27T08:10:39+07:00 [25700] DEBUG default - [User=Surapoj Sanram (surapoj.s@vistec.ac.th)] Email send success: 1.  [File=/var/www/html/booking/lib/Email/EmailService.php,Line=105]
2019-08-27T08:10:39+07:00 [25700] DEBUG default - [User=Surapoj Sanram (surapoj.s@vistec.ac.th)] Sending AnnouncementEmail email to: 1530303@vistec.ac.th from: surapoj.s@vistec.ac.th [File=/var/www/html/booking/lib/Email/EmailService.php,Line=93]
2019-08-27T08:10:41+07:00 [25700] DEBUG default - [User=Surapoj Sanram (surapoj.s@vistec.ac.th)] Email send success: 1.  [File=/var/www/html/booking/lib/Email/EmailService.php,Line=105]
2019-08-27T08:10:41+07:00 [25700] DEBUG default - [User=Surapoj Sanram (surapoj.s@vistec.ac.th)] Sending AnnouncementEmail email to: kunnigar_v@hotmai.com from: surapoj.s@vistec.ac.th [File=/var/www/html/booking/lib/Email/EmailService.php,Line=93]
2019-08-27T08:10:43+07:00 [25700] DEBUG default - [User=Surapoj Sanram (surapoj.s@vistec.ac.th)] Email send success: 1.  [File=/var/www/html/booking/lib/Email/EmailService.php,Line=105]
2019-08-27T08:10:43+07:00 [25700] DEBUG default - [User=Surapoj Sanram (surapoj.s@vistec.ac.th)] Sending AnnouncementEmail email to: 1630107@vistec.ac.th from: surapoj.s@vistec.ac.th [File=/var/www/html/booking/lib/Email/EmailService.php,Line=93]
2019-08-27T08:10:44+07:00 [25700] DEBUG default - [User=Surapoj Sanram (surapoj.s@vistec.ac.th)] Email send success: 1.  [File=/var/www/html/booking/lib/Email/EmailService.php,Line=105]
2019-08-27T08:10:44+07:00 [24679] DEBUG default - [User=Surapoj Sanram (surapoj.s@vistec.ac.th)] Acco CREATE_DATE is 2019-08-27 08:10:08 [File=/var/www/html/booking/Domain/Announcement.php,Line=171]
2019-08-27T08:10:44+07:00 [24679] DEBUG default - [User=Surapoj Sanram (surapoj.s@vistec.ac.th)] Acco CREATE_DATE is 2019-08-20 15:48:25 [File=/var/www/html/booking/Domain/Announcement.php,Line=171]
2019-08-27T08:10:44+07:00 [24679] DEBUG default - [User=Surapoj Sanram (surapoj.s@vistec.ac.th)] Acco CREATE_DATE is 2019-08-19 10:40:33 [File=/var/www/html/booking/Domain/Announcement.php,Line=171]
2019-08-27T08:10:44+07:00 [24679] DEBUG default - [User=Surapoj Sanram (surapoj.s@vistec.ac.th)] Acco CREATE_DATE is 2019-08-16 10:40:13 [File=/var/www/html/booking/Domain/Announcement.php,Line=171]
2019-08-27T08:10:44+07:00 [24679] DEBUG default - [User=Surapoj Sanram (surapoj.s@vistec.ac.th)] Acco CREATE_DATE is 2019-08-16 10:41:33 [File=/var/www/html/booking/Domain/Announcement.php,Line=171]
2019-08-27T08:10:44+07:00 [24679] DEBUG default - [User=Surapoj Sanram (surapoj.s@vistec.ac.th)] Acco CREATE_DATE is 2019-08-13 17:26:40 [File=/var/www/html/booking/Domain/Announcement.php,Line=171]
2019-08-27T08:10:44+07:00 [24679] DEBUG default - [User=Surapoj Sanram (surapoj.s@vistec.ac.th)] Acco CREATE_DATE is 2019-08-09 10:52:33 [File=/var/www/html/booking/Domain/Announcement.php,Line=171]
2019-08-27T08:10:44+07:00 [24679] DEBUG default - [User=Surapoj Sanram (surapoj.s@vistec.ac.th)] Acco CREATE_DATE is 2019-08-07 16:33:37 [File=/var/www/html/booking/Domain/Announcement.php,Line=171]
2019-08-27T08:10:44+07:00 [24679] DEBUG default - [User=Surapoj Sanram (surapoj.s@vistec.ac.th)] Acco CREATE_DATE is 2019-08-13 16:49:05 [File=/var/www/html/booking/Domain/Announcement.php,Line=171]
2019-08-27T08:10:44+07:00 [24679] DEBUG default - [User=Surapoj Sanram (surapoj.s@vistec.ac.th)] Acco CREATE_DATE is 2019-07-30 09:29:04 [File=/var/www/html/booking/Domain/Announcement.php,Line=171]
2019-08-27T08:10:44+07:00 [24679] DEBUG default - [User=Surapoj Sanram (surapoj.s@vistec.ac.th)] Acco CREATE_DATE is 2019-07-16 13:01:35 [File=/var/www/html/booking/Domain/Announcement.php,Line=171]
2019-08-27T08:10:44+07:00 [24679] DEBUG default - [User=Surapoj Sanram (surapoj.s@vistec.ac.th)] Acco CREATE_DATE is 2019-07-12 17:09:03 [File=/var/www/html/booking/Domain/Announcement.php,Line=171]
2019-08-27T08:10:44+07:00 [24679] DEBUG default - [User=Surapoj Sanram (surapoj.s@vistec.ac.th)] Acco CREATE_DATE is 2019-07-09 13:50:08 [File=/var/www/html/booking/Domain/Announcement.php,Line=171]
2019-08-27T08:10:44+07:00 [24679] DEBUG default - [User=Surapoj Sanram (surapoj.s@vistec.ac.th)] Acco CREATE_DATE is 2019-07-09 13:56:42 [File=/var/www/html/booking/Domain/Announcement.php,Line=171]
2019-08-27T08:10:44+07:00 [24679] DEBUG default - [User=Surapoj Sanram (surapoj.s@vistec.ac.th)] Acco CREATE_DATE is 2019-07-08 14:31:56 [File=/var/www/html/booking/Domain/Announcement.php,Line=171]
2019-08-27T08:10:44+07:00 [24679] DEBUG default - [User=Surapoj Sanram (surapoj.s@vistec.ac.th)] Acco CREATE_DATE is 2019-06-24 10:26:13 [File=/var/www/html/booking/Domain/Announcement.php,Line=171]
2019-08-27T08:10:44+07:00 [24679] DEBUG default - [User=Surapoj Sanram (surapoj.s@vistec.ac.th)] Acco CREATE_DATE is 2019-06-24 10:30:58 [File=/var/www/html/booking/Domain/Announcement.php,Line=171]
2019-08-27T08:10:44+07:00 [24679] DEBUG default - [User=Surapoj Sanram (surapoj.s@vistec.ac.th)] Acco CREATE_DATE is 2019-06-20 13:57:41 [File=/var/www/html/booking/Domain/Announcement.php,Line=171]
2019-08-27T08:10:44+07:00 [24679] DEBUG default - [User=Surapoj Sanram (surapoj.s@vistec.ac.th)] Acco CREATE_DATE is 2019-06-18 13:08:23 [File=/var/www/html/booking/Domain/Announcement.php,Line=171]
2019-08-27T08:10:44+07:00 [24679] DEBUG default - [User=Surapoj Sanram (surapoj.s@vistec.ac.th)] Acco CREATE_DATE is 2019-06-18 14:02:17 [File=/var/www/html/booking/Domain/Announcement.php,Line=171]
2019-08-27T08:11:49+07:00 [24679] DEBUG default - [User=Surapoj Sanram (surapoj.s@vistec.ac.th)] Acco CREATE_DATE is 2019-08-27 08:10:08 [File=/var/www/html/booking/Domain/Announcement.php,Line=171]
2019-08-27T08:11:49+07:00 [24679] DEBUG default - [User=Surapoj Sanram (surapoj.s@vistec.ac.th)] Acco CREATE_DATE is 2019-08-20 15:48:25 [File=/var/www/html/booking/Domain/Announcement.php,Line=171]
2019-08-27T08:11:49+07:00 [24679] DEBUG default - [User=Surapoj Sanram (surapoj.s@vistec.ac.th)] Acco CREATE_DATE is 2019-08-19 10:40:33 [File=/var/www/html/booking/Domain/Announcement.php,Line=171]
2019-08-27T08:11:49+07:00 [24679] DEBUG default - [User=Surapoj Sanram (surapoj.s@vistec.ac.th)] Acco CREATE_DATE is 2019-08-16 10:40:13 [File=/var/www/html/booking/Domain/Announcement.php,Line=171]
2019-08-27T08:11:49+07:00 [24679] DEBUG default - [User=Surapoj Sanram (surapoj.s@vistec.ac.th)] Acco CREATE_DATE is 2019-08-16 10:41:33 [File=/var/www/html/booking/Domain/Announcement.php,Line=171]
2019-08-27T08:11:49+07:00 [24679] DEBUG default - [User=Surapoj Sanram (surapoj.s@vistec.ac.th)] Acco CREATE_DATE is 2019-08-13 17:26:40 [File=/var/www/html/booking/Domain/Announcement.php,Line=171]
2019-08-27T08:11:49+07:00 [24679] DEBUG default - [User=Surapoj Sanram (surapoj.s@vistec.ac.th)] Acco CREATE_DATE is 2019-08-09 10:52:33 [File=/var/www/html/booking/Domain/Announcement.php,Line=171]
2019-08-27T08:11:49+07:00 [24679] DEBUG default - [User=Surapoj Sanram (surapoj.s@vistec.ac.th)] Acco CREATE_DATE is 2019-08-07 16:33:37 [File=/var/www/html/booking/Domain/Announcement.php,Line=171]
2019-08-27T08:11:49+07:00 [24679] DEBUG default - [User=Surapoj Sanram (surapoj.s@vistec.ac.th)] Acco CREATE_DATE is 2019-08-13 16:49:05 [File=/var/www/html/booking/Domain/Announcement.php,Line=171]
2019-08-27T08:11:49+07:00 [24679] DEBUG default - [User=Surapoj Sanram (surapoj.s@vistec.ac.th)] Acco CREATE_DATE is 2019-07-30 09:29:04 [File=/var/www/html/booking/Domain/Announcement.php,Line=171]
2019-08-27T08:11:49+07:00 [24679] DEBUG default - [User=Surapoj Sanram (surapoj.s@vistec.ac.th)] Acco CREATE_DATE is 2019-07-16 13:01:35 [File=/var/www/html/booking/Domain/Announcement.php,Line=171]
2019-08-27T08:11:49+07:00 [24679] DEBUG default - [User=Surapoj Sanram (surapoj.s@vistec.ac.th)] Acco CREATE_DATE is 2019-07-12 17:09:03 [File=/var/www/html/booking/Domain/Announcement.php,Line=171]
2019-08-27T08:11:49+07:00 [24679] DEBUG default - [User=Surapoj Sanram (surapoj.s@vistec.ac.th)] Acco CREATE_DATE is 2019-07-09 13:50:08 [File=/var/www/html/booking/Domain/Announcement.php,Line=171]
2019-08-27T08:11:49+07:00 [24679] DEBUG default - [User=Surapoj Sanram (surapoj.s@vistec.ac.th)] Acco CREATE_DATE is 2019-07-09 13:56:42 [File=/var/www/html/booking/Domain/Announcement.php,Line=171]
2019-08-27T08:11:49+07:00 [24679] DEBUG default - [User=Surapoj Sanram (surapoj.s@vistec.ac.th)] Acco CREATE_DATE is 2019-07-08 14:31:56 [File=/var/www/html/booking/Domain/Announcement.php,Line=171]
2019-08-27T08:11:49+07:00 [24679] DEBUG default - [User=Surapoj Sanram (surapoj.s@vistec.ac.th)] Acco CREATE_DATE is 2019-06-24 10:26:13 [File=/var/www/html/booking/Domain/Announcement.php,Line=171]
2019-08-27T08:11:49+07:00 [24679] DEBUG default - [User=Surapoj Sanram (surapoj.s@vistec.ac.th)] Acco CREATE_DATE is 2019-06-24 10:30:58 [File=/var/www/html/booking/Domain/Announcement.php,Line=171]
2019-08-27T08:11:49+07:00 [24679] DEBUG default - [User=Surapoj Sanram (surapoj.s@vistec.ac.th)] Acco CREATE_DATE is 2019-06-20 13:57:41 [File=/var/www/html/booking/Domain/Announcement.php,Line=171]
2019-08-27T08:11:49+07:00 [24679] DEBUG default - [User=Surapoj Sanram (surapoj.s@vistec.ac.th)] Acco CREATE_DATE is 2019-06-18 13:08:23 [File=/var/www/html/booking/Domain/Announcement.php,Line=171]
2019-08-27T08:11:49+07:00 [24679] DEBUG default - [User=Surapoj Sanram (surapoj.s@vistec.ac.th)] Acco CREATE_DATE is 2019-06-18 14:02:17 [File=/var/www/html/booking/Domain/Announcement.php,Line=171]
2019-08-27T08:12:32+07:00 [24679] DEBUG default - [User=Surapoj Sanram (surapoj.s@vistec.ac.th)] Acco CREATE_DATE is 2019-08-27 08:10:08 [File=/var/www/html/booking/Domain/Announcement.php,Line=171]
2019-08-27T08:12:32+07:00 [24679] DEBUG default - [User=Surapoj Sanram (surapoj.s@vistec.ac.th)] Acco CREATE_DATE is 2019-08-20 15:48:25 [File=/var/www/html/booking/Domain/Announcement.php,Line=171]
2019-08-27T08:12:32+07:00 [24679] DEBUG default - [User=Surapoj Sanram (surapoj.s@vistec.ac.th)] Acco CREATE_DATE is 2019-08-19 10:40:33 [File=/var/www/html/booking/Domain/Announcement.php,Line=171]
2019-08-27T08:12:32+07:00 [24679] DEBUG default - [User=Surapoj Sanram (surapoj.s@vistec.ac.th)] Acco CREATE_DATE is 2019-08-16 10:40:13 [File=/var/www/html/booking/Domain/Announcement.php,Line=171]
2019-08-27T08:12:32+07:00 [24679] DEBUG default - [User=Surapoj Sanram (surapoj.s@vistec.ac.th)] Acco CREATE_DATE is 2019-08-16 10:41:33 [File=/var/www/html/booking/Domain/Announcement.php,Line=171]
2019-08-27T08:12:32+07:00 [24679] DEBUG default - [User=Surapoj Sanram (surapoj.s@vistec.ac.th)] Acco CREATE_DATE is 2019-08-13 17:26:40 [File=/var/www/html/booking/Domain/Announcement.php,Line=171]
2019-08-27T08:12:32+07:00 [24679] DEBUG default - [User=Surapoj Sanram (surapoj.s@vistec.ac.th)] Acco CREATE_DATE is 2019-08-09 10:52:33 [File=/var/www/html/booking/Domain/Announcement.php,Line=171]
2019-08-27T08:12:32+07:00 [24679] DEBUG default - [User=Surapoj Sanram (surapoj.s@vistec.ac.th)] Acco CREATE_DATE is 2019-08-07 16:33:37 [File=/var/www/html/booking/Domain/Announcement.php,Line=171]
2019-08-27T08:12:32+07:00 [24679] DEBUG default - [User=Surapoj Sanram (surapoj.s@vistec.ac.th)] Acco CREATE_DATE is 2019-08-13 16:49:05 [File=/var/www/html/booking/Domain/Announcement.php,Line=171]
2019-08-27T08:12:32+07:00 [24679] DEBUG default - [User=Surapoj Sanram (surapoj.s@vistec.ac.th)] Acco CREATE_DATE is 2019-07-30 09:29:04 [File=/var/www/html/booking/Domain/Announcement.php,Line=171]
2019-08-27T08:12:32+07:00 [24679] DEBUG default - [User=Surapoj Sanram (surapoj.s@vistec.ac.th)] Acco CREATE_DATE is 2019-07-16 13:01:35 [File=/var/www/html/booking/Domain/Announcement.php,Line=171]
2019-08-27T08:12:32+07:00 [24679] DEBUG default - [User=Surapoj Sanram (surapoj.s@vistec.ac.th)] Acco CREATE_DATE is 2019-07-12 17:09:03 [File=/var/www/html/booking/Domain/Announcement.php,Line=171]
2019-08-27T08:12:32+07:00 [24679] DEBUG default - [User=Surapoj Sanram (surapoj.s@vistec.ac.th)] Acco CREATE_DATE is 2019-07-09 13:50:08 [File=/var/www/html/booking/Domain/Announcement.php,Line=171]
2019-08-27T08:12:32+07:00 [24679] DEBUG default - [User=Surapoj Sanram (surapoj.s@vistec.ac.th)] Acco CREATE_DATE is 2019-07-09 13:56:42 [File=/var/www/html/booking/Domain/Announcement.php,Line=171]
2019-08-27T08:12:32+07:00 [24679] DEBUG default - [User=Surapoj Sanram (surapoj.s@vistec.ac.th)] Acco CREATE_DATE is 2019-07-08 14:31:56 [File=/var/www/html/booking/Domain/Announcement.php,Line=171]
2019-08-27T08:12:32+07:00 [24679] DEBUG default - [User=Surapoj Sanram (surapoj.s@vistec.ac.th)] Acco CREATE_DATE is 2019-06-24 10:26:13 [File=/var/www/html/booking/Domain/Announcement.php,Line=171]
2019-08-27T08:12:32+07:00 [24679] DEBUG default - [User=Surapoj Sanram (surapoj.s@vistec.ac.th)] Acco CREATE_DATE is 2019-06-24 10:30:58 [File=/var/www/html/booking/Domain/Announcement.php,Line=171]
2019-08-27T08:12:32+07:00 [24679] DEBUG default - [User=Surapoj Sanram (surapoj.s@vistec.ac.th)] Acco CREATE_DATE is 2019-06-20 13:57:41 [File=/var/www/html/booking/Domain/Announcement.php,Line=171]
2019-08-27T08:12:32+07:00 [24679] DEBUG default - [User=Surapoj Sanram (surapoj.s@vistec.ac.th)] Acco CREATE_DATE is 2019-06-18 13:08:23 [File=/var/www/html/booking/Domain/Announcement.php,Line=171]
2019-08-27T08:12:32+07:00 [24679] DEBUG default - [User=Surapoj Sanram (surapoj.s@vistec.ac.th)] Acco CREATE_DATE is 2019-06-18 14:02:17 [File=/var/www/html/booking/Domain/Announcement.php,Line=171]
2019-08-27T08:15:14+07:00 [24679] DEBUG default - [User=Surapoj Sanram (surapoj.s@vistec.ac.th)] Acco CREATE_DATE is 2019-08-27 08:10:08 [File=/var/www/html/booking/Domain/Announcement.php,Line=171]
2019-08-27T08:15:14+07:00 [24679] DEBUG default - [User=Surapoj Sanram (surapoj.s@vistec.ac.th)] Acco CREATE_DATE is 2019-08-20 15:48:25 [File=/var/www/html/booking/Domain/Announcement.php,Line=171]
2019-08-27T08:15:14+07:00 [24679] DEBUG default - [User=Surapoj Sanram (surapoj.s@vistec.ac.th)] Acco CREATE_DATE is 2019-08-19 10:40:33 [File=/var/www/html/booking/Domain/Announcement.php,Line=171]
2019-08-27T08:15:14+07:00 [24679] DEBUG default - [User=Surapoj Sanram (surapoj.s@vistec.ac.th)] Acco CREATE_DATE is 2019-08-16 10:40:13 [File=/var/www/html/booking/Domain/Announcement.php,Line=171]
2019-08-27T08:15:14+07:00 [24679] DEBUG default - [User=Surapoj Sanram (surapoj.s@vistec.ac.th)] Acco CREATE_DATE is 2019-08-16 10:41:33 [File=/var/www/html/booking/Domain/Announcement.php,Line=171]
2019-08-27T08:15:14+07:00 [24679] DEBUG default - [User=Surapoj Sanram (surapoj.s@vistec.ac.th)] Acco CREATE_DATE is 2019-08-13 17:26:40 [File=/var/www/html/booking/Domain/Announcement.php,Line=171]
2019-08-27T08:15:14+07:00 [24679] DEBUG default - [User=Surapoj Sanram (surapoj.s@vistec.ac.th)] Acco CREATE_DATE is 2019-08-09 10:52:33 [File=/var/www/html/booking/Domain/Announcement.php,Line=171]
2019-08-27T08:15:14+07:00 [24679] DEBUG default - [User=Surapoj Sanram (surapoj.s@vistec.ac.th)] Acco CREATE_DATE is 2019-08-07 16:33:37 [File=/var/www/html/booking/Domain/Announcement.php,Line=171]
2019-08-27T08:15:14+07:00 [24679] DEBUG default - [User=Surapoj Sanram (surapoj.s@vistec.ac.th)] Acco CREATE_DATE is 2019-08-13 16:49:05 [File=/var/www/html/booking/Domain/Announcement.php,Line=171]
2019-08-27T08:15:14+07:00 [24679] DEBUG default - [User=Surapoj Sanram (surapoj.s@vistec.ac.th)] Acco CREATE_DATE is 2019-07-30 09:29:04 [File=/var/www/html/booking/Domain/Announcement.php,Line=171]
2019-08-27T08:15:14+07:00 [24679] DEBUG default - [User=Surapoj Sanram (surapoj.s@vistec.ac.th)] Acco CREATE_DATE is 2019-07-16 13:01:35 [File=/var/www/html/booking/Domain/Announcement.php,Line=171]
2019-08-27T08:15:14+07:00 [24679] DEBUG default - [User=Surapoj Sanram (surapoj.s@vistec.ac.th)] Acco CREATE_DATE is 2019-07-12 17:09:03 [File=/var/www/html/booking/Domain/Announcement.php,Line=171]
2019-08-27T08:15:14+07:00 [24679] DEBUG default - [User=Surapoj Sanram (surapoj.s@vistec.ac.th)] Acco CREATE_DATE is 2019-07-09 13:50:08 [File=/var/www/html/booking/Domain/Announcement.php,Line=171]
2019-08-27T08:15:14+07:00 [24679] DEBUG default - [User=Surapoj Sanram (surapoj.s@vistec.ac.th)] Acco CREATE_DATE is 2019-07-09 13:56:42 [File=/var/www/html/booking/Domain/Announcement.php,Line=171]
2019-08-27T08:15:14+07:00 [24679] DEBUG default - [User=Surapoj Sanram (surapoj.s@vistec.ac.th)] Acco CREATE_DATE is 2019-07-08 14:31:56 [File=/var/www/html/booking/Domain/Announcement.php,Line=171]
2019-08-27T08:15:14+07:00 [24679] DEBUG default - [User=Surapoj Sanram (surapoj.s@vistec.ac.th)] Acco CREATE_DATE is 2019-06-24 10:26:13 [File=/var/www/html/booking/Domain/Announcement.php,Line=171]
2019-08-27T08:15:14+07:00 [24679] DEBUG default - [User=Surapoj Sanram (surapoj.s@vistec.ac.th)] Acco CREATE_DATE is 2019-06-24 10:30:58 [File=/var/www/html/booking/Domain/Announcement.php,Line=171]
2019-08-27T08:15:14+07:00 [24679] DEBUG default - [User=Surapoj Sanram (surapoj.s@vistec.ac.th)] Acco CREATE_DATE is 2019-06-20 13:57:41 [File=/var/www/html/booking/Domain/Announcement.php,Line=171]
2019-08-27T08:15:14+07:00 [24679] DEBUG default - [User=Surapoj Sanram (surapoj.s@vistec.ac.th)] Acco CREATE_DATE is 2019-06-18 13:08:23 [File=/var/www/html/booking/Domain/Announcement.php,Line=171]
2019-08-27T08:15:14+07:00 [24679] DEBUG default - [User=Surapoj Sanram (surapoj.s@vistec.ac.th)] Acco CREATE_DATE is 2019-06-18 14:02:17 [File=/var/www/html/booking/Domain/Announcement.php,Line=171]
2019-08-27T08:17:08+07:00 [24915] DEBUG default - [User=Surapoj Sanram (surapoj.s@vistec.ac.th)] Action passed all validations [File=/var/www/html/booking/Pages/ActionPage.php,Line=108]
2019-08-27T08:17:08+07:00 [24915] DEBUG default - [User=Surapoj Sanram (surapoj.s@vistec.ac.th)] Processing page action. Action changeAnnouncement [File=/var/www/html/booking/Presenters/ActionPresenter.php,Line=88]
2019-08-27T08:17:08+07:00 [24915] DEBUG default - [User=Surapoj Sanram (surapoj.s@vistec.ac.th)] Changing Announcement with id 82 [File=/var/www/html/booking/Presenters/Admin/ManageAnnouncementsPresenter.php,Line=137]
2019-08-27T08:17:08+07:00 [24915] DEBUG default - [User=Surapoj Sanram (surapoj.s@vistec.ac.th)] Acco CREATE_DATE is 2019-08-27 08:10:08 [File=/var/www/html/booking/Domain/Announcement.php,Line=171]
2019-08-27T08:17:08+07:00 [24915] DEBUG default - [User=Surapoj Sanram (surapoj.s@vistec.ac.th)] Update Announcement [File=/var/www/html/booking/Domain/Access/AnnouncementRepository.php,Line=169]
2019-08-27T08:17:08+07:00 [25700] DEBUG default - [User=Surapoj Sanram (surapoj.s@vistec.ac.th)] Acco CREATE_DATE is 2019-08-27 08:17:08 [File=/var/www/html/booking/Domain/Announcement.php,Line=171]
2019-08-27T08:17:08+07:00 [25700] DEBUG default - [User=Surapoj Sanram (surapoj.s@vistec.ac.th)] Acco CREATE_DATE is 2019-08-20 15:48:25 [File=/var/www/html/booking/Domain/Announcement.php,Line=171]
2019-08-27T08:17:08+07:00 [25700] DEBUG default - [User=Surapoj Sanram (surapoj.s@vistec.ac.th)] Acco CREATE_DATE is 2019-08-19 10:40:33 [File=/var/www/html/booking/Domain/Announcement.php,Line=171]
2019-08-27T08:17:08+07:00 [25700] DEBUG default - [User=Surapoj Sanram (surapoj.s@vistec.ac.th)] Acco CREATE_DATE is 2019-08-16 10:40:13 [File=/var/www/html/booking/Domain/Announcement.php,Line=171]
2019-08-27T08:17:08+07:00 [25700] DEBUG default - [User=Surapoj Sanram (surapoj.s@vistec.ac.th)] Acco CREATE_DATE is 2019-08-16 10:41:33 [File=/var/www/html/booking/Domain/Announcement.php,Line=171]
2019-08-27T08:17:08+07:00 [25700] DEBUG default - [User=Surapoj Sanram (surapoj.s@vistec.ac.th)] Acco CREATE_DATE is 2019-08-13 17:26:40 [File=/var/www/html/booking/Domain/Announcement.php,Line=171]
2019-08-27T08:17:08+07:00 [25700] DEBUG default - [User=Surapoj Sanram (surapoj.s@vistec.ac.th)] Acco CREATE_DATE is 2019-08-09 10:52:33 [File=/var/www/html/booking/Domain/Announcement.php,Line=171]
2019-08-27T08:17:08+07:00 [25700] DEBUG default - [User=Surapoj Sanram (surapoj.s@vistec.ac.th)] Acco CREATE_DATE is 2019-08-07 16:33:37 [File=/var/www/html/booking/Domain/Announcement.php,Line=171]
2019-08-27T08:17:08+07:00 [25700] DEBUG default - [User=Surapoj Sanram (surapoj.s@vistec.ac.th)] Acco CREATE_DATE is 2019-08-13 16:49:05 [File=/var/www/html/booking/Domain/Announcement.php,Line=171]
2019-08-27T08:17:08+07:00 [25700] DEBUG default - [User=Surapoj Sanram (surapoj.s@vistec.ac.th)] Acco CREATE_DATE is 2019-07-30 09:29:04 [File=/var/www/html/booking/Domain/Announcement.php,Line=171]
2019-08-27T08:17:08+07:00 [25700] DEBUG default - [User=Surapoj Sanram (surapoj.s@vistec.ac.th)] Acco CREATE_DATE is 2019-07-16 13:01:35 [File=/var/www/html/booking/Domain/Announcement.php,Line=171]
2019-08-27T08:17:08+07:00 [25700] DEBUG default - [User=Surapoj Sanram (surapoj.s@vistec.ac.th)] Acco CREATE_DATE is 2019-07-12 17:09:03 [File=/var/www/html/booking/Domain/Announcement.php,Line=171]
2019-08-27T08:17:08+07:00 [25700] DEBUG default - [User=Surapoj Sanram (surapoj.s@vistec.ac.th)] Acco CREATE_DATE is 2019-07-09 13:50:08 [File=/var/www/html/booking/Domain/Announcement.php,Line=171]
2019-08-27T08:17:08+07:00 [25700] DEBUG default - [User=Surapoj Sanram (surapoj.s@vistec.ac.th)] Acco CREATE_DATE is 2019-07-09 13:56:42 [File=/var/www/html/booking/Domain/Announcement.php,Line=171]
2019-08-27T08:17:08+07:00 [25700] DEBUG default - [User=Surapoj Sanram (surapoj.s@vistec.ac.th)] Acco CREATE_DATE is 2019-07-08 14:31:56 [File=/var/www/html/booking/Domain/Announcement.php,Line=171]
2019-08-27T08:17:08+07:00 [25700] DEBUG default - [User=Surapoj Sanram (surapoj.s@vistec.ac.th)] Acco CREATE_DATE is 2019-06-24 10:26:13 [File=/var/www/html/booking/Domain/Announcement.php,Line=171]
2019-08-27T08:17:08+07:00 [25700] DEBUG default - [User=Surapoj Sanram (surapoj.s@vistec.ac.th)] Acco CREATE_DATE is 2019-06-24 10:30:58 [File=/var/www/html/booking/Domain/Announcement.php,Line=171]
2019-08-27T08:17:08+07:00 [25700] DEBUG default - [User=Surapoj Sanram (surapoj.s@vistec.ac.th)] Acco CREATE_DATE is 2019-06-20 13:57:41 [File=/var/www/html/booking/Domain/Announcement.php,Line=171]
2019-08-27T08:17:08+07:00 [25700] DEBUG default - [User=Surapoj Sanram (surapoj.s@vistec.ac.th)] Acco CREATE_DATE is 2019-06-18 13:08:23 [File=/var/www/html/booking/Domain/Announcement.php,Line=171]
2019-08-27T08:17:08+07:00 [25700] DEBUG default - [User=Surapoj Sanram (surapoj.s@vistec.ac.th)] Acco CREATE_DATE is 2019-06-18 14:02:17 [File=/var/www/html/booking/Domain/Announcement.php,Line=171]
2019-08-27T08:17:47+07:00 [25700] DEBUG default - [User=Surapoj Sanram (surapoj.s@vistec.ac.th)] Acco CREATE_DATE is 2019-08-27 08:17:08 [File=/var/www/html/booking/Domain/Announcement.php,Line=171]
2019-08-27T08:17:47+07:00 [25700] DEBUG default - [User=Surapoj Sanram (surapoj.s@vistec.ac.th)] Acco CREATE_DATE is 2019-08-20 15:48:25 [File=/var/www/html/booking/Domain/Announcement.php,Line=171]
2019-08-27T08:17:47+07:00 [25700] DEBUG default - [User=Surapoj Sanram (surapoj.s@vistec.ac.th)] Acco CREATE_DATE is 2019-08-19 10:40:33 [File=/var/www/html/booking/Domain/Announcement.php,Line=171]
2019-08-27T08:17:47+07:00 [25700] DEBUG default - [User=Surapoj Sanram (surapoj.s@vistec.ac.th)] Acco CREATE_DATE is 2019-08-16 10:40:13 [File=/var/www/html/booking/Domain/Announcement.php,Line=171]
2019-08-27T08:17:47+07:00 [25700] DEBUG default - [User=Surapoj Sanram (surapoj.s@vistec.ac.th)] Acco CREATE_DATE is 2019-08-16 10:41:33 [File=/var/www/html/booking/Domain/Announcement.php,Line=171]
2019-08-27T08:17:47+07:00 [25700] DEBUG default - [User=Surapoj Sanram (surapoj.s@vistec.ac.th)] Acco CREATE_DATE is 2019-08-13 17:26:40 [File=/var/www/html/booking/Domain/Announcement.php,Line=171]
2019-08-27T08:17:47+07:00 [25700] DEBUG default - [User=Surapoj Sanram (surapoj.s@vistec.ac.th)] Acco CREATE_DATE is 2019-08-09 10:52:33 [File=/var/www/html/booking/Domain/Announcement.php,Line=171]
2019-08-27T08:17:47+07:00 [25700] DEBUG default - [User=Surapoj Sanram (surapoj.s@vistec.ac.th)] Acco CREATE_DATE is 2019-08-07 16:33:37 [File=/var/www/html/booking/Domain/Announcement.php,Line=171]
2019-08-27T08:17:47+07:00 [25700] DEBUG default - [User=Surapoj Sanram (surapoj.s@vistec.ac.th)] Acco CREATE_DATE is 2019-08-13 16:49:05 [File=/var/www/html/booking/Domain/Announcement.php,Line=171]
2019-08-27T08:17:47+07:00 [25700] DEBUG default - [User=Surapoj Sanram (surapoj.s@vistec.ac.th)] Acco CREATE_DATE is 2019-07-30 09:29:04 [File=/var/www/html/booking/Domain/Announcement.php,Line=171]
2019-08-27T08:17:47+07:00 [25700] DEBUG default - [User=Surapoj Sanram (surapoj.s@vistec.ac.th)] Acco CREATE_DATE is 2019-07-16 13:01:35 [File=/var/www/html/booking/Domain/Announcement.php,Line=171]
2019-08-27T08:17:47+07:00 [25700] DEBUG default - [User=Surapoj Sanram (surapoj.s@vistec.ac.th)] Acco CREATE_DATE is 2019-07-12 17:09:03 [File=/var/www/html/booking/Domain/Announcement.php,Line=171]
2019-08-27T08:17:47+07:00 [25700] DEBUG default - [User=Surapoj Sanram (surapoj.s@vistec.ac.th)] Acco CREATE_DATE is 2019-07-09 13:50:08 [File=/var/www/html/booking/Domain/Announcement.php,Line=171]
2019-08-27T08:17:47+07:00 [25700] DEBUG default - [User=Surapoj Sanram (surapoj.s@vistec.ac.th)] Acco CREATE_DATE is 2019-07-09 13:56:42 [File=/var/www/html/booking/Domain/Announcement.php,Line=171]
2019-08-27T08:17:47+07:00 [25700] DEBUG default - [User=Surapoj Sanram (surapoj.s@vistec.ac.th)] Acco CREATE_DATE is 2019-07-08 14:31:56 [File=/var/www/html/booking/Domain/Announcement.php,Line=171]
2019-08-27T08:17:47+07:00 [25700] DEBUG default - [User=Surapoj Sanram (surapoj.s@vistec.ac.th)] Acco CREATE_DATE is 2019-06-24 10:26:13 [File=/var/www/html/booking/Domain/Announcement.php,Line=171]
2019-08-27T08:17:47+07:00 [25700] DEBUG default - [User=Surapoj Sanram (surapoj.s@vistec.ac.th)] Acco CREATE_DATE is 2019-06-24 10:30:58 [File=/var/www/html/booking/Domain/Announcement.php,Line=171]
2019-08-27T08:17:47+07:00 [25700] DEBUG default - [User=Surapoj Sanram (surapoj.s@vistec.ac.th)] Acco CREATE_DATE is 2019-06-20 13:57:41 [File=/var/www/html/booking/Domain/Announcement.php,Line=171]
2019-08-27T08:17:47+07:00 [25700] DEBUG default - [User=Surapoj Sanram (surapoj.s@vistec.ac.th)] Acco CREATE_DATE is 2019-06-18 13:08:23 [File=/var/www/html/booking/Domain/Announcement.php,Line=171]
2019-08-27T08:17:47+07:00 [25700] DEBUG default - [User=Surapoj Sanram (surapoj.s@vistec.ac.th)] Acco CREATE_DATE is 2019-06-18 14:02:17 [File=/var/www/html/booking/Domain/Announcement.php,Line=171]
2019-08-27T09:53:25+07:00 [24679] DEBUG default - [User=Surapoj Sanram (surapoj.s@vistec.ac.th)] Acco CREATE_DATE is 2019-08-27 08:17:08 [File=/var/www/html/booking/Domain/Announcement.php,Line=171]
2019-08-27T09:53:25+07:00 [24679] DEBUG default - [User=Surapoj Sanram (surapoj.s@vistec.ac.th)] Acco CREATE_DATE is 2019-08-20 15:48:25 [File=/var/www/html/booking/Domain/Announcement.php,Line=171]
2019-08-27T09:53:25+07:00 [24679] DEBUG default - [User=Surapoj Sanram (surapoj.s@vistec.ac.th)] Acco CREATE_DATE is 2019-08-19 10:40:33 [File=/var/www/html/booking/Domain/Announcement.php,Line=171]
2019-08-27T09:53:25+07:00 [24679] DEBUG default - [User=Surapoj Sanram (surapoj.s@vistec.ac.th)] Acco CREATE_DATE is 2019-08-16 10:40:13 [File=/var/www/html/booking/Domain/Announcement.php,Line=171]
2019-08-27T09:53:25+07:00 [24679] DEBUG default - [User=Surapoj Sanram (surapoj.s@vistec.ac.th)] Acco CREATE_DATE is 2019-08-16 10:41:33 [File=/var/www/html/booking/Domain/Announcement.php,Line=171]
2019-08-27T09:53:25+07:00 [24679] DEBUG default - [User=Surapoj Sanram (surapoj.s@vistec.ac.th)] Acco CREATE_DATE is 2019-08-13 17:26:40 [File=/var/www/html/booking/Domain/Announcement.php,Line=171]
2019-08-27T09:53:25+07:00 [24679] DEBUG default - [User=Surapoj Sanram (surapoj.s@vistec.ac.th)] Acco CREATE_DATE is 2019-08-09 10:52:33 [File=/var/www/html/booking/Domain/Announcement.php,Line=171]
2019-08-27T09:53:25+07:00 [24679] DEBUG default - [User=Surapoj Sanram (surapoj.s@vistec.ac.th)] Acco CREATE_DATE is 2019-08-07 16:33:37 [File=/var/www/html/booking/Domain/Announcement.php,Line=171]
2019-08-27T09:53:25+07:00 [24679] DEBUG default - [User=Surapoj Sanram (surapoj.s@vistec.ac.th)] Acco CREATE_DATE is 2019-08-13 16:49:05 [File=/var/www/html/booking/Domain/Announcement.php,Line=171]
2019-08-27T09:53:25+07:00 [24679] DEBUG default - [User=Surapoj Sanram (surapoj.s@vistec.ac.th)] Acco CREATE_DATE is 2019-07-30 09:29:04 [File=/var/www/html/booking/Domain/Announcement.php,Line=171]
2019-08-27T09:53:25+07:00 [24679] DEBUG default - [User=Surapoj Sanram (surapoj.s@vistec.ac.th)] Acco CREATE_DATE is 2019-07-16 13:01:35 [File=/var/www/html/booking/Domain/Announcement.php,Line=171]
2019-08-27T09:53:25+07:00 [24679] DEBUG default - [User=Surapoj Sanram (surapoj.s@vistec.ac.th)] Acco CREATE_DATE is 2019-07-12 17:09:03 [File=/var/www/html/booking/Domain/Announcement.php,Line=171]
2019-08-27T09:53:25+07:00 [24679] DEBUG default - [User=Surapoj Sanram (surapoj.s@vistec.ac.th)] Acco CREATE_DATE is 2019-07-09 13:50:08 [File=/var/www/html/booking/Domain/Announcement.php,Line=171]
2019-08-27T09:53:25+07:00 [24679] DEBUG default - [User=Surapoj Sanram (surapoj.s@vistec.ac.th)] Acco CREATE_DATE is 2019-07-09 13:56:42 [File=/var/www/html/booking/Domain/Announcement.php,Line=171]
2019-08-27T09:53:25+07:00 [24679] DEBUG default - [User=Surapoj Sanram (surapoj.s@vistec.ac.th)] Acco CREATE_DATE is 2019-07-08 14:31:56 [File=/var/www/html/booking/Domain/Announcement.php,Line=171]
2019-08-27T09:53:25+07:00 [24679] DEBUG default - [User=Surapoj Sanram (surapoj.s@vistec.ac.th)] Acco CREATE_DATE is 2019-06-24 10:26:13 [File=/var/www/html/booking/Domain/Announcement.php,Line=171]
2019-08-27T09:53:25+07:00 [24679] DEBUG default - [User=Surapoj Sanram (surapoj.s@vistec.ac.th)] Acco CREATE_DATE is 2019-06-24 10:30:58 [File=/var/www/html/booking/Domain/Announcement.php,Line=171]
2019-08-27T09:53:25+07:00 [24679] DEBUG default - [User=Surapoj Sanram (surapoj.s@vistec.ac.th)] Acco CREATE_DATE is 2019-06-20 13:57:41 [File=/var/www/html/booking/Domain/Announcement.php,Line=171]
2019-08-27T09:53:25+07:00 [24679] DEBUG default - [User=Surapoj Sanram (surapoj.s@vistec.ac.th)] Acco CREATE_DATE is 2019-06-18 13:08:23 [File=/var/www/html/booking/Domain/Announcement.php,Line=171]
2019-08-27T09:53:25+07:00 [24679] DEBUG default - [User=Surapoj Sanram (surapoj.s@vistec.ac.th)] Acco CREATE_DATE is 2019-06-18 14:02:17 [File=/var/www/html/booking/Domain/Announcement.php,Line=171]
2019-08-27T10:28:57+07:00 [25700] DEBUG default - [User=Surapoj Sanram (surapoj.s@vistec.ac.th)] Acco CREATE_DATE is 2019-08-27 08:17:08 [File=/var/www/html/booking/Domain/Announcement.php,Line=171]
2019-08-27T10:28:57+07:00 [25700] DEBUG default - [User=Surapoj Sanram (surapoj.s@vistec.ac.th)] Acco CREATE_DATE is 2019-08-20 15:48:25 [File=/var/www/html/booking/Domain/Announcement.php,Line=171]
2019-08-27T10:28:57+07:00 [25700] DEBUG default - [User=Surapoj Sanram (surapoj.s@vistec.ac.th)] Acco CREATE_DATE is 2019-08-19 10:40:33 [File=/var/www/html/booking/Domain/Announcement.php,Line=171]
2019-08-27T10:28:57+07:00 [25700] DEBUG default - [User=Surapoj Sanram (surapoj.s@vistec.ac.th)] Acco CREATE_DATE is 2019-08-16 10:40:13 [File=/var/www/html/booking/Domain/Announcement.php,Line=171]
2019-08-27T10:28:57+07:00 [25700] DEBUG default - [User=Surapoj Sanram (surapoj.s@vistec.ac.th)] Acco CREATE_DATE is 2019-08-16 10:41:33 [File=/var/www/html/booking/Domain/Announcement.php,Line=171]
2019-08-27T10:28:57+07:00 [25700] DEBUG default - [User=Surapoj Sanram (surapoj.s@vistec.ac.th)] Acco CREATE_DATE is 2019-08-13 17:26:40 [File=/var/www/html/booking/Domain/Announcement.php,Line=171]
2019-08-27T10:28:57+07:00 [25700] DEBUG default - [User=Surapoj Sanram (surapoj.s@vistec.ac.th)] Acco CREATE_DATE is 2019-08-09 10:52:33 [File=/var/www/html/booking/Domain/Announcement.php,Line=171]
2019-08-27T10:28:57+07:00 [25700] DEBUG default - [User=Surapoj Sanram (surapoj.s@vistec.ac.th)] Acco CREATE_DATE is 2019-08-07 16:33:37 [File=/var/www/html/booking/Domain/Announcement.php,Line=171]
2019-08-27T10:28:57+07:00 [25700] DEBUG default - [User=Surapoj Sanram (surapoj.s@vistec.ac.th)] Acco CREATE_DATE is 2019-08-13 16:49:05 [File=/var/www/html/booking/Domain/Announcement.php,Line=171]
2019-08-27T10:28:57+07:00 [25700] DEBUG default - [User=Surapoj Sanram (surapoj.s@vistec.ac.th)] Acco CREATE_DATE is 2019-07-30 09:29:04 [File=/var/www/html/booking/Domain/Announcement.php,Line=171]
2019-08-27T10:28:57+07:00 [25700] DEBUG default - [User=Surapoj Sanram (surapoj.s@vistec.ac.th)] Acco CREATE_DATE is 2019-07-16 13:01:35 [File=/var/www/html/booking/Domain/Announcement.php,Line=171]
2019-08-27T10:28:57+07:00 [25700] DEBUG default - [User=Surapoj Sanram (surapoj.s@vistec.ac.th)] Acco CREATE_DATE is 2019-07-12 17:09:03 [File=/var/www/html/booking/Domain/Announcement.php,Line=171]
2019-08-27T10:28:57+07:00 [25700] DEBUG default - [User=Surapoj Sanram (surapoj.s@vistec.ac.th)] Acco CREATE_DATE is 2019-07-09 13:50:08 [File=/var/www/html/booking/Domain/Announcement.php,Line=171]
2019-08-27T10:28:57+07:00 [25700] DEBUG default - [User=Surapoj Sanram (surapoj.s@vistec.ac.th)] Acco CREATE_DATE is 2019-07-09 13:56:42 [File=/var/www/html/booking/Domain/Announcement.php,Line=171]
2019-08-27T10:28:57+07:00 [25700] DEBUG default - [User=Surapoj Sanram (surapoj.s@vistec.ac.th)] Acco CREATE_DATE is 2019-07-08 14:31:56 [File=/var/www/html/booking/Domain/Announcement.php,Line=171]
2019-08-27T10:28:57+07:00 [25700] DEBUG default - [User=Surapoj Sanram (surapoj.s@vistec.ac.th)] Acco CREATE_DATE is 2019-06-24 10:26:13 [File=/var/www/html/booking/Domain/Announcement.php,Line=171]
2019-08-27T10:28:57+07:00 [25700] DEBUG default - [User=Surapoj Sanram (surapoj.s@vistec.ac.th)] Acco CREATE_DATE is 2019-06-24 10:30:58 [File=/var/www/html/booking/Domain/Announcement.php,Line=171]
2019-08-27T10:28:57+07:00 [25700] DEBUG default - [User=Surapoj Sanram (surapoj.s@vistec.ac.th)] Acco CREATE_DATE is 2019-06-20 13:57:41 [File=/var/www/html/booking/Domain/Announcement.php,Line=171]
2019-08-27T10:28:57+07:00 [25700] DEBUG default - [User=Surapoj Sanram (surapoj.s@vistec.ac.th)] Acco CREATE_DATE is 2019-06-18 13:08:23 [File=/var/www/html/booking/Domain/Announcement.php,Line=171]
2019-08-27T10:28:57+07:00 [25700] DEBUG default - [User=Surapoj Sanram (surapoj.s@vistec.ac.th)] Acco CREATE_DATE is 2019-06-18 14:02:17 [File=/var/www/html/booking/Domain/Announcement.php,Line=171]
2019-08-27T14:32:58+07:00 [24679] DEBUG default - [User=Surapoj Sanram (surapoj.s@vistec.ac.th)] Acco CREATE_DATE is 2019-08-27 08:17:08 [File=/var/www/html/booking/Domain/Announcement.php,Line=171]
2019-08-27T14:32:58+07:00 [24679] DEBUG default - [User=Surapoj Sanram (surapoj.s@vistec.ac.th)] Acco CREATE_DATE is 2019-08-20 15:48:25 [File=/var/www/html/booking/Domain/Announcement.php,Line=171]
2019-08-27T14:32:58+07:00 [24679] DEBUG default - [User=Surapoj Sanram (surapoj.s@vistec.ac.th)] Acco CREATE_DATE is 2019-08-19 10:40:33 [File=/var/www/html/booking/Domain/Announcement.php,Line=171]
2019-08-27T14:32:58+07:00 [24679] DEBUG default - [User=Surapoj Sanram (surapoj.s@vistec.ac.th)] Acco CREATE_DATE is 2019-08-16 10:40:13 [File=/var/www/html/booking/Domain/Announcement.php,Line=171]
2019-08-27T14:32:58+07:00 [24679] DEBUG default - [User=Surapoj Sanram (surapoj.s@vistec.ac.th)] Acco CREATE_DATE is 2019-08-16 10:41:33 [File=/var/www/html/booking/Domain/Announcement.php,Line=171]
2019-08-27T14:32:58+07:00 [24679] DEBUG default - [User=Surapoj Sanram (surapoj.s@vistec.ac.th)] Acco CREATE_DATE is 2019-08-13 17:26:40 [File=/var/www/html/booking/Domain/Announcement.php,Line=171]
2019-08-27T14:32:58+07:00 [24679] DEBUG default - [User=Surapoj Sanram (surapoj.s@vistec.ac.th)] Acco CREATE_DATE is 2019-08-09 10:52:33 [File=/var/www/html/booking/Domain/Announcement.php,Line=171]
2019-08-27T14:32:58+07:00 [24679] DEBUG default - [User=Surapoj Sanram (surapoj.s@vistec.ac.th)] Acco CREATE_DATE is 2019-08-07 16:33:37 [File=/var/www/html/booking/Domain/Announcement.php,Line=171]
2019-08-27T14:32:58+07:00 [24679] DEBUG default - [User=Surapoj Sanram (surapoj.s@vistec.ac.th)] Acco CREATE_DATE is 2019-08-13 16:49:05 [File=/var/www/html/booking/Domain/Announcement.php,Line=171]
2019-08-27T14:32:58+07:00 [24679] DEBUG default - [User=Surapoj Sanram (surapoj.s@vistec.ac.th)] Acco CREATE_DATE is 2019-07-30 09:29:04 [File=/var/www/html/booking/Domain/Announcement.php,Line=171]
2019-08-27T14:32:58+07:00 [24679] DEBUG default - [User=Surapoj Sanram (surapoj.s@vistec.ac.th)] Acco CREATE_DATE is 2019-07-16 13:01:35 [File=/var/www/html/booking/Domain/Announcement.php,Line=171]
2019-08-27T14:32:58+07:00 [24679] DEBUG default - [User=Surapoj Sanram (surapoj.s@vistec.ac.th)] Acco CREATE_DATE is 2019-07-12 17:09:03 [File=/var/www/html/booking/Domain/Announcement.php,Line=171]
2019-08-27T14:32:58+07:00 [24679] DEBUG default - [User=Surapoj Sanram (surapoj.s@vistec.ac.th)] Acco CREATE_DATE is 2019-07-09 13:50:08 [File=/var/www/html/booking/Domain/Announcement.php,Line=171]
2019-08-27T14:32:58+07:00 [24679] DEBUG default - [User=Surapoj Sanram (surapoj.s@vistec.ac.th)] Acco CREATE_DATE is 2019-07-09 13:56:42 [File=/var/www/html/booking/Domain/Announcement.php,Line=171]
2019-08-27T14:32:58+07:00 [24679] DEBUG default - [User=Surapoj Sanram (surapoj.s@vistec.ac.th)] Acco CREATE_DATE is 2019-07-08 14:31:56 [File=/var/www/html/booking/Domain/Announcement.php,Line=171]
2019-08-27T14:32:58+07:00 [24679] DEBUG default - [User=Surapoj Sanram (surapoj.s@vistec.ac.th)] Acco CREATE_DATE is 2019-06-24 10:26:13 [File=/var/www/html/booking/Domain/Announcement.php,Line=171]
2019-08-27T14:32:58+07:00 [24679] DEBUG default - [User=Surapoj Sanram (surapoj.s@vistec.ac.th)] Acco CREATE_DATE is 2019-06-24 10:30:58 [File=/var/www/html/booking/Domain/Announcement.php,Line=171]
2019-08-27T14:32:58+07:00 [24679] DEBUG default - [User=Surapoj Sanram (surapoj.s@vistec.ac.th)] Acco CREATE_DATE is 2019-06-20 13:57:41 [File=/var/www/html/booking/Domain/Announcement.php,Line=171]
2019-08-27T14:32:58+07:00 [24679] DEBUG default - [User=Surapoj Sanram (surapoj.s@vistec.ac.th)] Acco CREATE_DATE is 2019-06-18 13:08:23 [File=/var/www/html/booking/Domain/Announcement.php,Line=171]
2019-08-27T14:32:58+07:00 [24679] DEBUG default - [User=Surapoj Sanram (surapoj.s@vistec.ac.th)] Acco CREATE_DATE is 2019-06-18 14:02:17 [File=/var/www/html/booking/Domain/Announcement.php,Line=171]
