2019-03-19T12:19:05+07:00 [11548] DEBUG default - [User=Admin A. (Frc.booking@vistec.ac.th)] Action passed all validations [File=/var/www/html/booking/Pages/ActionPage.php,Line=108]
2019-03-19T12:19:05+07:00 [11548] DEBUG default - [User=Admin A. (Frc.booking@vistec.ac.th)] Processing page action. Action addUserPermission [File=/var/www/html/booking/Presenters/ActionPresenter.php,Line=88]
2019-03-19T14:17:41+07:00 [11577] DEBUG default - [User=Admin A. (Frc.booking@vistec.ac.th)] Action passed all validations [File=/var/www/html/booking/Pages/ActionPage.php,Line=108]
2019-03-19T14:17:41+07:00 [11577] DEBUG default - [User=Admin A. (Frc.booking@vistec.ac.th)] Processing page action. Action addUserPermission [File=/var/www/html/booking/Presenters/ActionPresenter.php,Line=88]
2019-03-19T14:28:44+07:00 [7859] DEBUG default - [User=Admin A. (Frc.booking@vistec.ac.th)] Action passed all validations [File=/var/www/html/booking/Pages/ActionPage.php,Line=108]
2019-03-19T14:28:44+07:00 [7859] DEBUG default - [User=Admin A. (Frc.booking@vistec.ac.th)] Processing page action. Action addUserPermission [File=/var/www/html/booking/Presenters/ActionPresenter.php,Line=88]
2019-03-19T14:36:37+07:00 [11548] DEBUG default - [User=Admin A. (Frc.booking@vistec.ac.th)] Loading validators for updateUser [File=/var/www/html/booking/Presenters/Admin/ManageUsersPresenter.php,Line=418]
2019-03-19T14:36:37+07:00 [11548] DEBUG default - [User=Admin A. (Frc.booking@vistec.ac.th)] Action passed all validations [File=/var/www/html/booking/Pages/ActionPage.php,Line=108]
2019-03-19T14:36:37+07:00 [11548] DEBUG default - [User=Admin A. (Frc.booking@vistec.ac.th)] Processing page action. Action updateUser [File=/var/www/html/booking/Presenters/ActionPresenter.php,Line=88]
2019-03-19T14:36:37+07:00 [11548] DEBUG default - [User=Admin A. (Frc.booking@vistec.ac.th)] Updating user 536 [File=/var/www/html/booking/Presenters/Admin/ManageUsersPresenter.php,Line=284]
2019-03-19T14:39:18+07:00 [11548] DEBUG default - [User=Admin A. (Frc.booking@vistec.ac.th)] changed FilterUserId [File=/var/www/html/booking/Domain/Values/UserPreferences.php,Line=106]
2019-03-19T14:39:18+07:00 [11548] DEBUG default - [User=Admin A. (Frc.booking@vistec.ac.th)] changed FilterUserName [File=/var/www/html/booking/Domain/Values/UserPreferences.php,Line=106]
2019-03-19T14:39:18+07:00 [11548] DEBUG default - [User=Admin A. (Frc.booking@vistec.ac.th)] changed FilterResourceStatusId [File=/var/www/html/booking/Domain/Values/UserPreferences.php,Line=106]
2019-03-19T14:44:00+07:00 [11548] DEBUG default - [User=Admin A. (Frc.booking@vistec.ac.th)] Loading validators for addUser [File=/var/www/html/booking/Presenters/Admin/ManageUsersPresenter.php,Line=418]
2019-03-19T14:44:00+07:00 [11548] DEBUG default - [User=Admin A. (Frc.booking@vistec.ac.th)] Action passed all validations [File=/var/www/html/booking/Pages/ActionPage.php,Line=108]
2019-03-19T14:44:00+07:00 [11548] DEBUG default - [User=Admin A. (Frc.booking@vistec.ac.th)] Processing page action. Action addUser [File=/var/www/html/booking/Presenters/ActionPresenter.php,Line=88]
2019-03-19T14:44:00+07:00 [11548] DEBUG default - [User=Admin A. (Frc.booking@vistec.ac.th)] Sending AccountCreationForUserEmail email to: thavornsinnopparat@gmail.com from: Frc.booking@vistec.ac.th [File=/var/www/html/booking/lib/Email/EmailService.php,Line=93]
2019-03-19T14:44:03+07:00 [11548] DEBUG default - [User=Admin A. (Frc.booking@vistec.ac.th)] Email send success: 1.  [File=/var/www/html/booking/lib/Email/EmailService.php,Line=105]
2019-03-19T14:44:34+07:00 [7859] DEBUG default - [User=Admin A. (Frc.booking@vistec.ac.th)] Loading validators for updateUser [File=/var/www/html/booking/Presenters/Admin/ManageUsersPresenter.php,Line=418]
2019-03-19T14:44:34+07:00 [7859] DEBUG default - [User=Admin A. (Frc.booking@vistec.ac.th)] Action passed all validations [File=/var/www/html/booking/Pages/ActionPage.php,Line=108]
2019-03-19T14:44:34+07:00 [7859] DEBUG default - [User=Admin A. (Frc.booking@vistec.ac.th)] Processing page action. Action updateUser [File=/var/www/html/booking/Presenters/ActionPresenter.php,Line=88]
2019-03-19T14:44:34+07:00 [7859] DEBUG default - [User=Admin A. (Frc.booking@vistec.ac.th)] Updating user 542 [File=/var/www/html/booking/Presenters/Admin/ManageUsersPresenter.php,Line=284]
2019-03-19T14:45:06+07:00 [7859] DEBUG default - [User=Admin A. (Frc.booking@vistec.ac.th)] Action passed all validations [File=/var/www/html/booking/Pages/ActionPage.php,Line=108]
2019-03-19T14:45:06+07:00 [7859] DEBUG default - [User=Admin A. (Frc.booking@vistec.ac.th)] Processing page action. Action addUserPermission [File=/var/www/html/booking/Presenters/ActionPresenter.php,Line=88]
2019-03-19T14:45:16+07:00 [11577] DEBUG default - [User=Admin A. (Frc.booking@vistec.ac.th)] Action passed all validations [File=/var/www/html/booking/Pages/ActionPage.php,Line=108]
2019-03-19T14:45:16+07:00 [11577] DEBUG default - [User=Admin A. (Frc.booking@vistec.ac.th)] Processing page action. Action addUserPermission [File=/var/www/html/booking/Presenters/ActionPresenter.php,Line=88]
2019-03-19T14:45:32+07:00 [11577] DEBUG default - [User=Admin A. (Frc.booking@vistec.ac.th)] Loading validators for updateUser [File=/var/www/html/booking/Presenters/Admin/ManageUsersPresenter.php,Line=418]
2019-03-19T14:45:32+07:00 [11577] DEBUG default - [User=Admin A. (Frc.booking@vistec.ac.th)] Action passed all validations [File=/var/www/html/booking/Pages/ActionPage.php,Line=108]
2019-03-19T14:45:32+07:00 [11577] DEBUG default - [User=Admin A. (Frc.booking@vistec.ac.th)] Processing page action. Action updateUser [File=/var/www/html/booking/Presenters/ActionPresenter.php,Line=88]
2019-03-19T14:45:32+07:00 [11577] DEBUG default - [User=Admin A. (Frc.booking@vistec.ac.th)] Updating user 531 [File=/var/www/html/booking/Presenters/Admin/ManageUsersPresenter.php,Line=284]
2019-03-19T14:45:47+07:00 [7859] DEBUG default - [User=Admin A. (Frc.booking@vistec.ac.th)] Loading validators for updateUser [File=/var/www/html/booking/Presenters/Admin/ManageUsersPresenter.php,Line=418]
2019-03-19T14:45:47+07:00 [7859] DEBUG default - [User=Admin A. (Frc.booking@vistec.ac.th)] Action passed all validations [File=/var/www/html/booking/Pages/ActionPage.php,Line=108]
2019-03-19T14:45:47+07:00 [7859] DEBUG default - [User=Admin A. (Frc.booking@vistec.ac.th)] Processing page action. Action updateUser [File=/var/www/html/booking/Presenters/ActionPresenter.php,Line=88]
2019-03-19T14:45:47+07:00 [7859] DEBUG default - [User=Admin A. (Frc.booking@vistec.ac.th)] Updating user 516 [File=/var/www/html/booking/Presenters/Admin/ManageUsersPresenter.php,Line=284]
2019-03-19T14:45:59+07:00 [11577] DEBUG default - [User=Admin A. (Frc.booking@vistec.ac.th)] Loading validators for updateUser [File=/var/www/html/booking/Presenters/Admin/ManageUsersPresenter.php,Line=418]
2019-03-19T14:45:59+07:00 [11577] DEBUG default - [User=Admin A. (Frc.booking@vistec.ac.th)] Action passed all validations [File=/var/www/html/booking/Pages/ActionPage.php,Line=108]
2019-03-19T14:45:59+07:00 [11577] DEBUG default - [User=Admin A. (Frc.booking@vistec.ac.th)] Processing page action. Action updateUser [File=/var/www/html/booking/Presenters/ActionPresenter.php,Line=88]
2019-03-19T14:45:59+07:00 [11577] DEBUG default - [User=Admin A. (Frc.booking@vistec.ac.th)] Updating user 529 [File=/var/www/html/booking/Presenters/Admin/ManageUsersPresenter.php,Line=284]
2019-03-19T14:46:18+07:00 [7859] DEBUG default - [User=Admin A. (Frc.booking@vistec.ac.th)] Loading validators for updateUser [File=/var/www/html/booking/Presenters/Admin/ManageUsersPresenter.php,Line=418]
2019-03-19T14:46:18+07:00 [7859] DEBUG default - [User=Admin A. (Frc.booking@vistec.ac.th)] Action passed all validations [File=/var/www/html/booking/Pages/ActionPage.php,Line=108]
2019-03-19T14:46:18+07:00 [7859] DEBUG default - [User=Admin A. (Frc.booking@vistec.ac.th)] Processing page action. Action updateUser [File=/var/www/html/booking/Presenters/ActionPresenter.php,Line=88]
2019-03-19T14:46:18+07:00 [7859] DEBUG default - [User=Admin A. (Frc.booking@vistec.ac.th)] Updating user 522 [File=/var/www/html/booking/Presenters/Admin/ManageUsersPresenter.php,Line=284]
2019-03-19T14:46:22+07:00 [7859] DEBUG default - [User=Admin A. (Frc.booking@vistec.ac.th)] Action passed all validations [File=/var/www/html/booking/Pages/ActionPage.php,Line=108]
2019-03-19T14:46:22+07:00 [7859] DEBUG default - [User=Admin A. (Frc.booking@vistec.ac.th)] Processing page action. Action addUserPermission [File=/var/www/html/booking/Presenters/ActionPresenter.php,Line=88]
2019-03-19T14:46:26+07:00 [7859] DEBUG default - [User=Admin A. (Frc.booking@vistec.ac.th)] Loading validators for updateUser [File=/var/www/html/booking/Presenters/Admin/ManageUsersPresenter.php,Line=418]
2019-03-19T14:46:26+07:00 [7859] DEBUG default - [User=Admin A. (Frc.booking@vistec.ac.th)] Action passed all validations [File=/var/www/html/booking/Pages/ActionPage.php,Line=108]
2019-03-19T14:46:26+07:00 [7859] DEBUG default - [User=Admin A. (Frc.booking@vistec.ac.th)] Processing page action. Action updateUser [File=/var/www/html/booking/Presenters/ActionPresenter.php,Line=88]
2019-03-19T14:46:26+07:00 [7859] DEBUG default - [User=Admin A. (Frc.booking@vistec.ac.th)] Updating user 526 [File=/var/www/html/booking/Presenters/Admin/ManageUsersPresenter.php,Line=284]
2019-03-19T14:46:38+07:00 [11548] DEBUG default - [User=Admin A. (Frc.booking@vistec.ac.th)] Loading validators for updateUser [File=/var/www/html/booking/Presenters/Admin/ManageUsersPresenter.php,Line=418]
2019-03-19T14:46:38+07:00 [11548] DEBUG default - [User=Admin A. (Frc.booking@vistec.ac.th)] Action passed all validations [File=/var/www/html/booking/Pages/ActionPage.php,Line=108]
2019-03-19T14:46:38+07:00 [11548] DEBUG default - [User=Admin A. (Frc.booking@vistec.ac.th)] Processing page action. Action updateUser [File=/var/www/html/booking/Presenters/ActionPresenter.php,Line=88]
2019-03-19T14:46:38+07:00 [11548] DEBUG default - [User=Admin A. (Frc.booking@vistec.ac.th)] Updating user 533 [File=/var/www/html/booking/Presenters/Admin/ManageUsersPresenter.php,Line=284]
2019-03-19T14:46:47+07:00 [11577] DEBUG default - [User=Admin A. (Frc.booking@vistec.ac.th)] Loading validators for updateUser [File=/var/www/html/booking/Presenters/Admin/ManageUsersPresenter.php,Line=418]
2019-03-19T14:46:47+07:00 [11577] DEBUG default - [User=Admin A. (Frc.booking@vistec.ac.th)] Action passed all validations [File=/var/www/html/booking/Pages/ActionPage.php,Line=108]
2019-03-19T14:46:47+07:00 [11577] DEBUG default - [User=Admin A. (Frc.booking@vistec.ac.th)] Processing page action. Action updateUser [File=/var/www/html/booking/Presenters/ActionPresenter.php,Line=88]
2019-03-19T14:46:47+07:00 [11577] DEBUG default - [User=Admin A. (Frc.booking@vistec.ac.th)] Updating user 524 [File=/var/www/html/booking/Presenters/Admin/ManageUsersPresenter.php,Line=284]
2019-03-19T14:47:42+07:00 [11577] DEBUG default - [User=Admin A. (Frc.booking@vistec.ac.th)] Loading validators for updateUser [File=/var/www/html/booking/Presenters/Admin/ManageUsersPresenter.php,Line=418]
2019-03-19T14:47:42+07:00 [11577] DEBUG default - [User=Admin A. (Frc.booking@vistec.ac.th)] Action passed all validations [File=/var/www/html/booking/Pages/ActionPage.php,Line=108]
2019-03-19T14:47:42+07:00 [11577] DEBUG default - [User=Admin A. (Frc.booking@vistec.ac.th)] Processing page action. Action updateUser [File=/var/www/html/booking/Presenters/ActionPresenter.php,Line=88]
2019-03-19T14:47:42+07:00 [11577] DEBUG default - [User=Admin A. (Frc.booking@vistec.ac.th)] Updating user 532 [File=/var/www/html/booking/Presenters/Admin/ManageUsersPresenter.php,Line=284]
2019-03-19T14:48:00+07:00 [11548] DEBUG default - [User=Admin A. (Frc.booking@vistec.ac.th)] Loading validators for addUser [File=/var/www/html/booking/Presenters/Admin/ManageUsersPresenter.php,Line=418]
2019-03-19T14:48:00+07:00 [11548] DEBUG default - [User=Admin A. (Frc.booking@vistec.ac.th)] Action passed all validations [File=/var/www/html/booking/Pages/ActionPage.php,Line=108]
2019-03-19T14:48:00+07:00 [11548] DEBUG default - [User=Admin A. (Frc.booking@vistec.ac.th)] Processing page action. Action addUser [File=/var/www/html/booking/Presenters/ActionPresenter.php,Line=88]
2019-03-19T14:48:00+07:00 [11548] DEBUG default - [User=Admin A. (Frc.booking@vistec.ac.th)] Sending AccountCreationForUserEmail email to: kunnigar_v@hotmai.com from: Frc.booking@vistec.ac.th [File=/var/www/html/booking/lib/Email/EmailService.php,Line=93]
2019-03-19T14:48:02+07:00 [11548] DEBUG default - [User=Admin A. (Frc.booking@vistec.ac.th)] Email send success: 1.  [File=/var/www/html/booking/lib/Email/EmailService.php,Line=105]
2019-03-19T14:48:20+07:00 [11548] DEBUG default - [User=Admin A. (Frc.booking@vistec.ac.th)] Loading validators for updateUser [File=/var/www/html/booking/Presenters/Admin/ManageUsersPresenter.php,Line=418]
2019-03-19T14:48:20+07:00 [11548] DEBUG default - [User=Admin A. (Frc.booking@vistec.ac.th)] Action passed all validations [File=/var/www/html/booking/Pages/ActionPage.php,Line=108]
2019-03-19T14:48:20+07:00 [11548] DEBUG default - [User=Admin A. (Frc.booking@vistec.ac.th)] Processing page action. Action updateUser [File=/var/www/html/booking/Presenters/ActionPresenter.php,Line=88]
2019-03-19T14:48:20+07:00 [11548] DEBUG default - [User=Admin A. (Frc.booking@vistec.ac.th)] Updating user 543 [File=/var/www/html/booking/Presenters/Admin/ManageUsersPresenter.php,Line=284]
2019-03-19T14:48:23+07:00 [11577] DEBUG default - [User=Admin A. (Frc.booking@vistec.ac.th)] Loading validators for updateUser [File=/var/www/html/booking/Presenters/Admin/ManageUsersPresenter.php,Line=418]
2019-03-19T14:48:23+07:00 [11577] DEBUG default - [User=Admin A. (Frc.booking@vistec.ac.th)] Action passed all validations [File=/var/www/html/booking/Pages/ActionPage.php,Line=108]
2019-03-19T14:48:23+07:00 [11577] DEBUG default - [User=Admin A. (Frc.booking@vistec.ac.th)] Processing page action. Action updateUser [File=/var/www/html/booking/Presenters/ActionPresenter.php,Line=88]
2019-03-19T14:48:23+07:00 [11577] DEBUG default - [User=Admin A. (Frc.booking@vistec.ac.th)] Updating user 527 [File=/var/www/html/booking/Presenters/Admin/ManageUsersPresenter.php,Line=284]
2019-03-19T14:48:41+07:00 [11577] DEBUG default - [User=Admin A. (Frc.booking@vistec.ac.th)] Action passed all validations [File=/var/www/html/booking/Pages/ActionPage.php,Line=108]
2019-03-19T14:48:41+07:00 [11577] DEBUG default - [User=Admin A. (Frc.booking@vistec.ac.th)] Processing page action. Action addUserPermission [File=/var/www/html/booking/Presenters/ActionPresenter.php,Line=88]
2019-03-19T14:49:02+07:00 [11577] DEBUG default - [User=Admin A. (Frc.booking@vistec.ac.th)] Loading validators for updateUser [File=/var/www/html/booking/Presenters/Admin/ManageUsersPresenter.php,Line=418]
2019-03-19T14:49:02+07:00 [11577] DEBUG default - [User=Admin A. (Frc.booking@vistec.ac.th)] Action passed all validations [File=/var/www/html/booking/Pages/ActionPage.php,Line=108]
2019-03-19T14:49:02+07:00 [11577] DEBUG default - [User=Admin A. (Frc.booking@vistec.ac.th)] Processing page action. Action updateUser [File=/var/www/html/booking/Presenters/ActionPresenter.php,Line=88]
2019-03-19T14:49:02+07:00 [11577] DEBUG default - [User=Admin A. (Frc.booking@vistec.ac.th)] Updating user 520 [File=/var/www/html/booking/Presenters/Admin/ManageUsersPresenter.php,Line=284]
2019-03-19T14:49:25+07:00 [11577] DEBUG default - [User=Admin A. (Frc.booking@vistec.ac.th)] Action passed all validations [File=/var/www/html/booking/Pages/ActionPage.php,Line=108]
2019-03-19T14:49:25+07:00 [11577] DEBUG default - [User=Admin A. (Frc.booking@vistec.ac.th)] Processing page action. Action addUserPermission [File=/var/www/html/booking/Presenters/ActionPresenter.php,Line=88]
2019-03-19T14:49:32+07:00 [7859] DEBUG default - [User=Admin A. (Frc.booking@vistec.ac.th)] Loading validators for updateUser [File=/var/www/html/booking/Presenters/Admin/ManageUsersPresenter.php,Line=418]
2019-03-19T14:49:32+07:00 [7859] DEBUG default - [User=Admin A. (Frc.booking@vistec.ac.th)] Action passed all validations [File=/var/www/html/booking/Pages/ActionPage.php,Line=108]
2019-03-19T14:49:32+07:00 [7859] DEBUG default - [User=Admin A. (Frc.booking@vistec.ac.th)] Processing page action. Action updateUser [File=/var/www/html/booking/Presenters/ActionPresenter.php,Line=88]
2019-03-19T14:49:32+07:00 [7859] DEBUG default - [User=Admin A. (Frc.booking@vistec.ac.th)] Updating user 508 [File=/var/www/html/booking/Presenters/Admin/ManageUsersPresenter.php,Line=284]
2019-03-19T14:50:01+07:00 [7859] DEBUG default - [User=Admin A. (Frc.booking@vistec.ac.th)] Loading validators for updateUser [File=/var/www/html/booking/Presenters/Admin/ManageUsersPresenter.php,Line=418]
2019-03-19T14:50:01+07:00 [7859] DEBUG default - [User=Admin A. (Frc.booking@vistec.ac.th)] Action passed all validations [File=/var/www/html/booking/Pages/ActionPage.php,Line=108]
2019-03-19T14:50:01+07:00 [7859] DEBUG default - [User=Admin A. (Frc.booking@vistec.ac.th)] Processing page action. Action updateUser [File=/var/www/html/booking/Presenters/ActionPresenter.php,Line=88]
2019-03-19T14:50:01+07:00 [7859] DEBUG default - [User=Admin A. (Frc.booking@vistec.ac.th)] Updating user 517 [File=/var/www/html/booking/Presenters/Admin/ManageUsersPresenter.php,Line=284]
2019-03-19T14:50:08+07:00 [7859] DEBUG default - [User=Admin A. (Frc.booking@vistec.ac.th)] Loading validators for updateUser [File=/var/www/html/booking/Presenters/Admin/ManageUsersPresenter.php,Line=418]
2019-03-19T14:50:08+07:00 [7859] DEBUG default - [User=Admin A. (Frc.booking@vistec.ac.th)] Action passed all validations [File=/var/www/html/booking/Pages/ActionPage.php,Line=108]
2019-03-19T14:50:08+07:00 [7859] DEBUG default - [User=Admin A. (Frc.booking@vistec.ac.th)] Processing page action. Action updateUser [File=/var/www/html/booking/Presenters/ActionPresenter.php,Line=88]
2019-03-19T14:50:08+07:00 [7859] DEBUG default - [User=Admin A. (Frc.booking@vistec.ac.th)] Updating user 535 [File=/var/www/html/booking/Presenters/Admin/ManageUsersPresenter.php,Line=284]
2019-03-19T14:50:15+07:00 [7859] DEBUG default - [User=Admin A. (Frc.booking@vistec.ac.th)] Loading validators for updateUser [File=/var/www/html/booking/Presenters/Admin/ManageUsersPresenter.php,Line=418]
2019-03-19T14:50:15+07:00 [7859] DEBUG default - [User=Admin A. (Frc.booking@vistec.ac.th)] Action passed all validations [File=/var/www/html/booking/Pages/ActionPage.php,Line=108]
2019-03-19T14:50:15+07:00 [7859] DEBUG default - [User=Admin A. (Frc.booking@vistec.ac.th)] Processing page action. Action updateUser [File=/var/www/html/booking/Presenters/ActionPresenter.php,Line=88]
2019-03-19T14:50:15+07:00 [7859] DEBUG default - [User=Admin A. (Frc.booking@vistec.ac.th)] Updating user 519 [File=/var/www/html/booking/Presenters/Admin/ManageUsersPresenter.php,Line=284]
2019-03-19T14:50:20+07:00 [11577] DEBUG default - [User=Admin A. (Frc.booking@vistec.ac.th)] Action passed all validations [File=/var/www/html/booking/Pages/ActionPage.php,Line=108]
2019-03-19T14:50:20+07:00 [11577] DEBUG default - [User=Admin A. (Frc.booking@vistec.ac.th)] Processing page action. Action addUserPermission [File=/var/www/html/booking/Presenters/ActionPresenter.php,Line=88]
2019-03-19T14:50:27+07:00 [7859] DEBUG default - [User=Admin A. (Frc.booking@vistec.ac.th)] Loading validators for updateUser [File=/var/www/html/booking/Presenters/Admin/ManageUsersPresenter.php,Line=418]
2019-03-19T14:50:27+07:00 [7859] DEBUG default - [User=Admin A. (Frc.booking@vistec.ac.th)] Action passed all validations [File=/var/www/html/booking/Pages/ActionPage.php,Line=108]
2019-03-19T14:50:27+07:00 [7859] DEBUG default - [User=Admin A. (Frc.booking@vistec.ac.th)] Processing page action. Action updateUser [File=/var/www/html/booking/Presenters/ActionPresenter.php,Line=88]
2019-03-19T14:50:27+07:00 [7859] DEBUG default - [User=Admin A. (Frc.booking@vistec.ac.th)] Updating user 534 [File=/var/www/html/booking/Presenters/Admin/ManageUsersPresenter.php,Line=284]
2019-03-19T14:50:36+07:00 [11548] DEBUG default - [User=Admin A. (Frc.booking@vistec.ac.th)] Loading validators for updateUser [File=/var/www/html/booking/Presenters/Admin/ManageUsersPresenter.php,Line=418]
2019-03-19T14:50:36+07:00 [11548] DEBUG default - [User=Admin A. (Frc.booking@vistec.ac.th)] Action passed all validations [File=/var/www/html/booking/Pages/ActionPage.php,Line=108]
2019-03-19T14:50:36+07:00 [11548] DEBUG default - [User=Admin A. (Frc.booking@vistec.ac.th)] Processing page action. Action updateUser [File=/var/www/html/booking/Presenters/ActionPresenter.php,Line=88]
2019-03-19T14:50:36+07:00 [11548] DEBUG default - [User=Admin A. (Frc.booking@vistec.ac.th)] Updating user 512 [File=/var/www/html/booking/Presenters/Admin/ManageUsersPresenter.php,Line=284]
2019-03-19T14:50:43+07:00 [11548] DEBUG default - [User=Admin A. (Frc.booking@vistec.ac.th)] Loading validators for updateUser [File=/var/www/html/booking/Presenters/Admin/ManageUsersPresenter.php,Line=418]
2019-03-19T14:50:43+07:00 [11548] DEBUG default - [User=Admin A. (Frc.booking@vistec.ac.th)] Action passed all validations [File=/var/www/html/booking/Pages/ActionPage.php,Line=108]
2019-03-19T14:50:43+07:00 [11548] DEBUG default - [User=Admin A. (Frc.booking@vistec.ac.th)] Processing page action. Action updateUser [File=/var/www/html/booking/Presenters/ActionPresenter.php,Line=88]
2019-03-19T14:50:43+07:00 [11548] DEBUG default - [User=Admin A. (Frc.booking@vistec.ac.th)] Updating user 536 [File=/var/www/html/booking/Presenters/Admin/ManageUsersPresenter.php,Line=284]
2019-03-19T14:50:49+07:00 [11577] DEBUG default - [User=Admin A. (Frc.booking@vistec.ac.th)] Action passed all validations [File=/var/www/html/booking/Pages/ActionPage.php,Line=108]
2019-03-19T14:50:49+07:00 [11577] DEBUG default - [User=Admin A. (Frc.booking@vistec.ac.th)] Processing page action. Action addUserPermission [File=/var/www/html/booking/Presenters/ActionPresenter.php,Line=88]
2019-03-19T14:50:59+07:00 [7859] DEBUG default - [User=Admin A. (Frc.booking@vistec.ac.th)] Loading validators for updateUser [File=/var/www/html/booking/Presenters/Admin/ManageUsersPresenter.php,Line=418]
2019-03-19T14:50:59+07:00 [7859] DEBUG default - [User=Admin A. (Frc.booking@vistec.ac.th)] Action passed all validations [File=/var/www/html/booking/Pages/ActionPage.php,Line=108]
2019-03-19T14:50:59+07:00 [7859] DEBUG default - [User=Admin A. (Frc.booking@vistec.ac.th)] Processing page action. Action updateUser [File=/var/www/html/booking/Presenters/ActionPresenter.php,Line=88]
2019-03-19T14:50:59+07:00 [7859] DEBUG default - [User=Admin A. (Frc.booking@vistec.ac.th)] Updating user 518 [File=/var/www/html/booking/Presenters/Admin/ManageUsersPresenter.php,Line=284]
2019-03-19T14:51:06+07:00 [11548] DEBUG default - [User=Admin A. (Frc.booking@vistec.ac.th)] Loading validators for updateUser [File=/var/www/html/booking/Presenters/Admin/ManageUsersPresenter.php,Line=418]
2019-03-19T14:51:06+07:00 [11548] DEBUG default - [User=Admin A. (Frc.booking@vistec.ac.th)] Action passed all validations [File=/var/www/html/booking/Pages/ActionPage.php,Line=108]
2019-03-19T14:51:06+07:00 [11548] DEBUG default - [User=Admin A. (Frc.booking@vistec.ac.th)] Processing page action. Action updateUser [File=/var/www/html/booking/Presenters/ActionPresenter.php,Line=88]
2019-03-19T14:51:06+07:00 [11548] DEBUG default - [User=Admin A. (Frc.booking@vistec.ac.th)] Updating user 510 [File=/var/www/html/booking/Presenters/Admin/ManageUsersPresenter.php,Line=284]
2019-03-19T14:51:26+07:00 [11577] DEBUG default - [User=Admin A. (Frc.booking@vistec.ac.th)] Loading validators for updateUser [File=/var/www/html/booking/Presenters/Admin/ManageUsersPresenter.php,Line=418]
2019-03-19T14:51:26+07:00 [11577] DEBUG default - [User=Admin A. (Frc.booking@vistec.ac.th)] Action passed all validations [File=/var/www/html/booking/Pages/ActionPage.php,Line=108]
2019-03-19T14:51:26+07:00 [11577] DEBUG default - [User=Admin A. (Frc.booking@vistec.ac.th)] Processing page action. Action updateUser [File=/var/www/html/booking/Presenters/ActionPresenter.php,Line=88]
2019-03-19T14:51:26+07:00 [11577] DEBUG default - [User=Admin A. (Frc.booking@vistec.ac.th)] Updating user 515 [File=/var/www/html/booking/Presenters/Admin/ManageUsersPresenter.php,Line=284]
2019-03-19T14:52:54+07:00 [11577] DEBUG default - [User=Admin A. (Frc.booking@vistec.ac.th)] Loading validators for updateUser [File=/var/www/html/booking/Presenters/Admin/ManageUsersPresenter.php,Line=418]
2019-03-19T14:52:54+07:00 [11577] DEBUG default - [User=Admin A. (Frc.booking@vistec.ac.th)] Action passed all validations [File=/var/www/html/booking/Pages/ActionPage.php,Line=108]
2019-03-19T14:52:54+07:00 [11577] DEBUG default - [User=Admin A. (Frc.booking@vistec.ac.th)] Processing page action. Action updateUser [File=/var/www/html/booking/Presenters/ActionPresenter.php,Line=88]
2019-03-19T14:52:54+07:00 [11577] DEBUG default - [User=Admin A. (Frc.booking@vistec.ac.th)] Updating user 528 [File=/var/www/html/booking/Presenters/Admin/ManageUsersPresenter.php,Line=284]
2019-03-19T14:53:01+07:00 [7859] DEBUG default - [User=Admin A. (Frc.booking@vistec.ac.th)] Loading validators for updateUser [File=/var/www/html/booking/Presenters/Admin/ManageUsersPresenter.php,Line=418]
2019-03-19T14:53:01+07:00 [7859] DEBUG default - [User=Admin A. (Frc.booking@vistec.ac.th)] Action passed all validations [File=/var/www/html/booking/Pages/ActionPage.php,Line=108]
2019-03-19T14:53:01+07:00 [7859] DEBUG default - [User=Admin A. (Frc.booking@vistec.ac.th)] Processing page action. Action updateUser [File=/var/www/html/booking/Presenters/ActionPresenter.php,Line=88]
2019-03-19T14:53:01+07:00 [7859] DEBUG default - [User=Admin A. (Frc.booking@vistec.ac.th)] Updating user 530 [File=/var/www/html/booking/Presenters/Admin/ManageUsersPresenter.php,Line=284]
2019-03-19T14:53:08+07:00 [11548] DEBUG default - [User=Admin A. (Frc.booking@vistec.ac.th)] Loading validators for updateUser [File=/var/www/html/booking/Presenters/Admin/ManageUsersPresenter.php,Line=418]
2019-03-19T14:53:08+07:00 [11548] DEBUG default - [User=Admin A. (Frc.booking@vistec.ac.th)] Action passed all validations [File=/var/www/html/booking/Pages/ActionPage.php,Line=108]
2019-03-19T14:53:08+07:00 [11548] DEBUG default - [User=Admin A. (Frc.booking@vistec.ac.th)] Processing page action. Action updateUser [File=/var/www/html/booking/Presenters/ActionPresenter.php,Line=88]
2019-03-19T14:53:08+07:00 [11548] DEBUG default - [User=Admin A. (Frc.booking@vistec.ac.th)] Updating user 514 [File=/var/www/html/booking/Presenters/Admin/ManageUsersPresenter.php,Line=284]
2019-03-19T14:53:14+07:00 [11577] DEBUG default - [User=Admin A. (Frc.booking@vistec.ac.th)] Loading validators for updateUser [File=/var/www/html/booking/Presenters/Admin/ManageUsersPresenter.php,Line=418]
2019-03-19T14:53:14+07:00 [11577] DEBUG default - [User=Admin A. (Frc.booking@vistec.ac.th)] Action passed all validations [File=/var/www/html/booking/Pages/ActionPage.php,Line=108]
2019-03-19T14:53:14+07:00 [11577] DEBUG default - [User=Admin A. (Frc.booking@vistec.ac.th)] Processing page action. Action updateUser [File=/var/www/html/booking/Presenters/ActionPresenter.php,Line=88]
2019-03-19T14:53:14+07:00 [11577] DEBUG default - [User=Admin A. (Frc.booking@vistec.ac.th)] Updating user 509 [File=/var/www/html/booking/Presenters/Admin/ManageUsersPresenter.php,Line=284]
2019-03-19T14:53:24+07:00 [11548] DEBUG default - [User=Admin A. (Frc.booking@vistec.ac.th)] Loading validators for updateUser [File=/var/www/html/booking/Presenters/Admin/ManageUsersPresenter.php,Line=418]
2019-03-19T14:53:24+07:00 [11548] DEBUG default - [User=Admin A. (Frc.booking@vistec.ac.th)] Action passed all validations [File=/var/www/html/booking/Pages/ActionPage.php,Line=108]
2019-03-19T14:53:24+07:00 [11548] DEBUG default - [User=Admin A. (Frc.booking@vistec.ac.th)] Processing page action. Action updateUser [File=/var/www/html/booking/Presenters/ActionPresenter.php,Line=88]
2019-03-19T14:53:24+07:00 [11548] DEBUG default - [User=Admin A. (Frc.booking@vistec.ac.th)] Updating user 537 [File=/var/www/html/booking/Presenters/Admin/ManageUsersPresenter.php,Line=284]
2019-03-19T14:53:32+07:00 [11548] DEBUG default - [User=Admin A. (Frc.booking@vistec.ac.th)] Loading validators for updateUser [File=/var/www/html/booking/Presenters/Admin/ManageUsersPresenter.php,Line=418]
2019-03-19T14:53:32+07:00 [11548] DEBUG default - [User=Admin A. (Frc.booking@vistec.ac.th)] Action passed all validations [File=/var/www/html/booking/Pages/ActionPage.php,Line=108]
2019-03-19T14:53:32+07:00 [11548] DEBUG default - [User=Admin A. (Frc.booking@vistec.ac.th)] Processing page action. Action updateUser [File=/var/www/html/booking/Presenters/ActionPresenter.php,Line=88]
2019-03-19T14:53:32+07:00 [11548] DEBUG default - [User=Admin A. (Frc.booking@vistec.ac.th)] Updating user 523 [File=/var/www/html/booking/Presenters/Admin/ManageUsersPresenter.php,Line=284]
2019-03-19T14:53:40+07:00 [11577] DEBUG default - [User=Admin A. (Frc.booking@vistec.ac.th)] Loading validators for updateUser [File=/var/www/html/booking/Presenters/Admin/ManageUsersPresenter.php,Line=418]
2019-03-19T14:53:40+07:00 [11577] DEBUG default - [User=Admin A. (Frc.booking@vistec.ac.th)] Action passed all validations [File=/var/www/html/booking/Pages/ActionPage.php,Line=108]
2019-03-19T14:53:40+07:00 [11577] DEBUG default - [User=Admin A. (Frc.booking@vistec.ac.th)] Processing page action. Action updateUser [File=/var/www/html/booking/Presenters/ActionPresenter.php,Line=88]
2019-03-19T14:53:40+07:00 [11577] DEBUG default - [User=Admin A. (Frc.booking@vistec.ac.th)] Updating user 525 [File=/var/www/html/booking/Presenters/Admin/ManageUsersPresenter.php,Line=284]
2019-03-19T14:53:47+07:00 [7859] DEBUG default - [User=Admin A. (Frc.booking@vistec.ac.th)] Loading validators for updateUser [File=/var/www/html/booking/Presenters/Admin/ManageUsersPresenter.php,Line=418]
2019-03-19T14:53:47+07:00 [7859] DEBUG default - [User=Admin A. (Frc.booking@vistec.ac.th)] Action passed all validations [File=/var/www/html/booking/Pages/ActionPage.php,Line=108]
2019-03-19T14:53:47+07:00 [7859] DEBUG default - [User=Admin A. (Frc.booking@vistec.ac.th)] Processing page action. Action updateUser [File=/var/www/html/booking/Presenters/ActionPresenter.php,Line=88]
2019-03-19T14:53:47+07:00 [7859] DEBUG default - [User=Admin A. (Frc.booking@vistec.ac.th)] Updating user 511 [File=/var/www/html/booking/Presenters/Admin/ManageUsersPresenter.php,Line=284]
2019-03-19T14:53:54+07:00 [7859] DEBUG default - [User=Admin A. (Frc.booking@vistec.ac.th)] Loading validators for updateUser [File=/var/www/html/booking/Presenters/Admin/ManageUsersPresenter.php,Line=418]
2019-03-19T14:53:54+07:00 [7859] DEBUG default - [User=Admin A. (Frc.booking@vistec.ac.th)] Action passed all validations [File=/var/www/html/booking/Pages/ActionPage.php,Line=108]
2019-03-19T14:53:54+07:00 [7859] DEBUG default - [User=Admin A. (Frc.booking@vistec.ac.th)] Processing page action. Action updateUser [File=/var/www/html/booking/Presenters/ActionPresenter.php,Line=88]
2019-03-19T14:53:54+07:00 [7859] DEBUG default - [User=Admin A. (Frc.booking@vistec.ac.th)] Updating user 521 [File=/var/www/html/booking/Presenters/Admin/ManageUsersPresenter.php,Line=284]
2019-03-19T14:54:02+07:00 [11548] DEBUG default - [User=Admin A. (Frc.booking@vistec.ac.th)] Loading validators for updateUser [File=/var/www/html/booking/Presenters/Admin/ManageUsersPresenter.php,Line=418]
2019-03-19T14:54:02+07:00 [11548] DEBUG default - [User=Admin A. (Frc.booking@vistec.ac.th)] Action passed all validations [File=/var/www/html/booking/Pages/ActionPage.php,Line=108]
2019-03-19T14:54:02+07:00 [11548] DEBUG default - [User=Admin A. (Frc.booking@vistec.ac.th)] Processing page action. Action updateUser [File=/var/www/html/booking/Presenters/ActionPresenter.php,Line=88]
2019-03-19T14:54:02+07:00 [11548] DEBUG default - [User=Admin A. (Frc.booking@vistec.ac.th)] Updating user 513 [File=/var/www/html/booking/Presenters/Admin/ManageUsersPresenter.php,Line=284]
2019-03-19T15:15:16+07:00 [7859] DEBUG default - [User=Admin A. (Frc.booking@vistec.ac.th)] Action passed all validations [File=/var/www/html/booking/Pages/ActionPage.php,Line=108]
2019-03-19T15:15:16+07:00 [7859] DEBUG default - [User=Admin A. (Frc.booking@vistec.ac.th)] Processing page action. Action addUserPermission [File=/var/www/html/booking/Presenters/ActionPresenter.php,Line=88]
2019-03-19T15:17:30+07:00 [11577] DEBUG default - [User=Admin A. (Frc.booking@vistec.ac.th)] Action passed all validations [File=/var/www/html/booking/Pages/ActionPage.php,Line=108]
2019-03-19T15:17:30+07:00 [11577] DEBUG default - [User=Admin A. (Frc.booking@vistec.ac.th)] Processing page action. Action printQR [File=/var/www/html/booking/Presenters/ActionPresenter.php,Line=88]
2019-03-19T16:07:20+07:00 [7859] DEBUG default - [User=Admin A. (Frc.booking@vistec.ac.th)] Action passed all validations [File=/var/www/html/booking/Pages/ActionPage.php,Line=108]
2019-03-19T16:07:20+07:00 [7859] DEBUG default - [User=Admin A. (Frc.booking@vistec.ac.th)] Processing page action. Action printQR [File=/var/www/html/booking/Presenters/ActionPresenter.php,Line=88]
2019-03-19T16:10:55+07:00 [7859] DEBUG default - [User=Admin A. (Frc.booking@vistec.ac.th)] Action passed all validations [File=/var/www/html/booking/Pages/ActionPage.php,Line=108]
2019-03-19T16:10:55+07:00 [7859] DEBUG default - [User=Admin A. (Frc.booking@vistec.ac.th)] Processing page action. Action addUserPermission [File=/var/www/html/booking/Presenters/ActionPresenter.php,Line=88]
2019-03-19T16:11:07+07:00 [11577] DEBUG default - [User=Admin A. (Frc.booking@vistec.ac.th)] Action passed all validations [File=/var/www/html/booking/Pages/ActionPage.php,Line=108]
2019-03-19T16:11:07+07:00 [11577] DEBUG default - [User=Admin A. (Frc.booking@vistec.ac.th)] Processing page action. Action addUserPermission [File=/var/www/html/booking/Presenters/ActionPresenter.php,Line=88]
2019-03-19T16:11:56+07:00 [7859] DEBUG default - [User=Admin A. (Frc.booking@vistec.ac.th)] Action passed all validations [File=/var/www/html/booking/Pages/ActionPage.php,Line=108]
2019-03-19T16:11:56+07:00 [7859] DEBUG default - [User=Admin A. (Frc.booking@vistec.ac.th)] Processing page action. Action addUserPermission [File=/var/www/html/booking/Presenters/ActionPresenter.php,Line=88]
2019-03-19T16:12:06+07:00 [11548] DEBUG default - [User=Admin A. (Frc.booking@vistec.ac.th)] Action passed all validations [File=/var/www/html/booking/Pages/ActionPage.php,Line=108]
2019-03-19T16:12:06+07:00 [11548] DEBUG default - [User=Admin A. (Frc.booking@vistec.ac.th)] Processing page action. Action addUserPermission [File=/var/www/html/booking/Presenters/ActionPresenter.php,Line=88]
2019-03-19T16:12:16+07:00 [11577] DEBUG default - [User=Admin A. (Frc.booking@vistec.ac.th)] Action passed all validations [File=/var/www/html/booking/Pages/ActionPage.php,Line=108]
2019-03-19T16:12:16+07:00 [11577] DEBUG default - [User=Admin A. (Frc.booking@vistec.ac.th)] Processing page action. Action addUserPermission [File=/var/www/html/booking/Presenters/ActionPresenter.php,Line=88]
2019-03-19T16:12:25+07:00 [7859] DEBUG default - [User=Admin A. (Frc.booking@vistec.ac.th)] Action passed all validations [File=/var/www/html/booking/Pages/ActionPage.php,Line=108]
2019-03-19T16:12:25+07:00 [7859] DEBUG default - [User=Admin A. (Frc.booking@vistec.ac.th)] Processing page action. Action addUserPermission [File=/var/www/html/booking/Presenters/ActionPresenter.php,Line=88]
2019-03-19T16:19:31+07:00 [11577] DEBUG default - [User=Admin A. (Frc.booking@vistec.ac.th)] Action passed all validations [File=/var/www/html/booking/Pages/ActionPage.php,Line=108]
2019-03-19T16:19:31+07:00 [11577] DEBUG default - [User=Admin A. (Frc.booking@vistec.ac.th)] Processing page action. Action addUserPermission [File=/var/www/html/booking/Presenters/ActionPresenter.php,Line=88]
2019-03-19T16:19:51+07:00 [11548] DEBUG default - [User=Admin A. (Frc.booking@vistec.ac.th)] Action passed all validations [File=/var/www/html/booking/Pages/ActionPage.php,Line=108]
2019-03-19T16:19:51+07:00 [11548] DEBUG default - [User=Admin A. (Frc.booking@vistec.ac.th)] Processing page action. Action addUserPermission [File=/var/www/html/booking/Presenters/ActionPresenter.php,Line=88]
2019-03-19T16:20:00+07:00 [11577] DEBUG default - [User=Admin A. (Frc.booking@vistec.ac.th)] Action passed all validations [File=/var/www/html/booking/Pages/ActionPage.php,Line=108]
2019-03-19T16:20:00+07:00 [11577] DEBUG default - [User=Admin A. (Frc.booking@vistec.ac.th)] Processing page action. Action addUserPermission [File=/var/www/html/booking/Presenters/ActionPresenter.php,Line=88]
2019-03-19T16:20:07+07:00 [11548] DEBUG default - [User=Admin A. (Frc.booking@vistec.ac.th)] Action passed all validations [File=/var/www/html/booking/Pages/ActionPage.php,Line=108]
2019-03-19T16:20:07+07:00 [11548] DEBUG default - [User=Admin A. (Frc.booking@vistec.ac.th)] Processing page action. Action addUserPermission [File=/var/www/html/booking/Presenters/ActionPresenter.php,Line=88]
2019-03-19T16:20:20+07:00 [11548] DEBUG default - [User=Admin A. (Frc.booking@vistec.ac.th)] Action passed all validations [File=/var/www/html/booking/Pages/ActionPage.php,Line=108]
2019-03-19T16:20:20+07:00 [11548] DEBUG default - [User=Admin A. (Frc.booking@vistec.ac.th)] Processing page action. Action addUserPermission [File=/var/www/html/booking/Presenters/ActionPresenter.php,Line=88]
2019-03-19T16:20:27+07:00 [7859] DEBUG default - [User=Admin A. (Frc.booking@vistec.ac.th)] Action passed all validations [File=/var/www/html/booking/Pages/ActionPage.php,Line=108]
2019-03-19T16:20:27+07:00 [7859] DEBUG default - [User=Admin A. (Frc.booking@vistec.ac.th)] Processing page action. Action addUserPermission [File=/var/www/html/booking/Presenters/ActionPresenter.php,Line=88]
2019-03-19T16:20:38+07:00 [7859] DEBUG default - [User=Admin A. (Frc.booking@vistec.ac.th)] Action passed all validations [File=/var/www/html/booking/Pages/ActionPage.php,Line=108]
2019-03-19T16:20:38+07:00 [7859] DEBUG default - [User=Admin A. (Frc.booking@vistec.ac.th)] Processing page action. Action addUserPermission [File=/var/www/html/booking/Presenters/ActionPresenter.php,Line=88]
2019-03-19T16:20:49+07:00 [7859] DEBUG default - [User=Admin A. (Frc.booking@vistec.ac.th)] Action passed all validations [File=/var/www/html/booking/Pages/ActionPage.php,Line=108]
2019-03-19T16:20:49+07:00 [7859] DEBUG default - [User=Admin A. (Frc.booking@vistec.ac.th)] Processing page action. Action addUserPermission [File=/var/www/html/booking/Presenters/ActionPresenter.php,Line=88]
2019-03-19T16:21:03+07:00 [11577] DEBUG default - [User=Admin A. (Frc.booking@vistec.ac.th)] Action passed all validations [File=/var/www/html/booking/Pages/ActionPage.php,Line=108]
2019-03-19T16:21:03+07:00 [11577] DEBUG default - [User=Admin A. (Frc.booking@vistec.ac.th)] Processing page action. Action addUserPermission [File=/var/www/html/booking/Presenters/ActionPresenter.php,Line=88]
2019-03-19T16:21:10+07:00 [11577] DEBUG default - [User=Admin A. (Frc.booking@vistec.ac.th)] Action passed all validations [File=/var/www/html/booking/Pages/ActionPage.php,Line=108]
2019-03-19T16:21:10+07:00 [11577] DEBUG default - [User=Admin A. (Frc.booking@vistec.ac.th)] Processing page action. Action addUserPermission [File=/var/www/html/booking/Presenters/ActionPresenter.php,Line=88]
2019-03-19T16:21:33+07:00 [11548] DEBUG default - [User=Admin A. (Frc.booking@vistec.ac.th)] Action passed all validations [File=/var/www/html/booking/Pages/ActionPage.php,Line=108]
2019-03-19T16:21:33+07:00 [11548] DEBUG default - [User=Admin A. (Frc.booking@vistec.ac.th)] Processing page action. Action addUserPermission [File=/var/www/html/booking/Presenters/ActionPresenter.php,Line=88]
2019-03-19T16:21:44+07:00 [11577] DEBUG default - [User=Admin A. (Frc.booking@vistec.ac.th)] Action passed all validations [File=/var/www/html/booking/Pages/ActionPage.php,Line=108]
2019-03-19T16:21:44+07:00 [11577] DEBUG default - [User=Admin A. (Frc.booking@vistec.ac.th)] Processing page action. Action addUserPermission [File=/var/www/html/booking/Presenters/ActionPresenter.php,Line=88]
