2019-04-29T10:50:22+07:00 [23803] DEBUG default - [User=Admin A. (ratchawan.j@vistec.ac.th)] Loading validators for updateUser [File=/var/www/html/booking/Presenters/Admin/ManageUsersPresenter.php,Line=418]
2019-04-29T10:50:22+07:00 [23803] DEBUG default - [User=Admin A. (ratchawan.j@vistec.ac.th)] Action passed all validations [File=/var/www/html/booking/Pages/ActionPage.php,Line=108]
2019-04-29T10:50:22+07:00 [23803] DEBUG default - [User=Admin A. (ratchawan.j@vistec.ac.th)] Processing page action. Action updateUser [File=/var/www/html/booking/Presenters/ActionPresenter.php,Line=88]
2019-04-29T10:50:22+07:00 [23803] DEBUG default - [User=Admin A. (ratchawan.j@vistec.ac.th)] Updating user 536 [File=/var/www/html/booking/Presenters/Admin/ManageUsersPresenter.php,Line=284]
2019-04-29T13:24:19+07:00 [10313] DEBUG default - [User=Admin A. (napatsorn.m@vistec.ac.th)] Loading validators for permissions [File=/var/www/html/booking/Presenters/Admin/ManageUsersPresenter.php,Line=418]
2019-04-29T13:24:19+07:00 [10313] DEBUG default - [User=Admin A. (napatsorn.m@vistec.ac.th)] Action passed all validations [File=/var/www/html/booking/Pages/ActionPage.php,Line=108]
2019-04-29T13:24:19+07:00 [10313] DEBUG default - [User=Admin A. (napatsorn.m@vistec.ac.th)] Processing page action. Action permissions [File=/var/www/html/booking/Presenters/ActionPresenter.php,Line=88]
2019-04-29T14:40:08+07:00 [10313] DEBUG default - [User=Admin A. (jarinya.s@vistec.ac.th)] Action passed all validations [File=/var/www/html/booking/Pages/ActionPage.php,Line=108]
2019-04-29T14:40:08+07:00 [10313] DEBUG default - [User=Admin A. (jarinya.s@vistec.ac.th)] Processing page action. Action addUserPermission [File=/var/www/html/booking/Presenters/ActionPresenter.php,Line=88]
2019-04-29T14:40:28+07:00 [6290] DEBUG default - [User=Admin A. (jarinya.s@vistec.ac.th)] Action passed all validations [File=/var/www/html/booking/Pages/ActionPage.php,Line=108]
2019-04-29T14:40:28+07:00 [6290] DEBUG default - [User=Admin A. (jarinya.s@vistec.ac.th)] Processing page action. Action addUserPermission [File=/var/www/html/booking/Presenters/ActionPresenter.php,Line=88]
2019-04-29T14:40:44+07:00 [10313] DEBUG default - [User=Admin A. (jarinya.s@vistec.ac.th)] Action passed all validations [File=/var/www/html/booking/Pages/ActionPage.php,Line=108]
2019-04-29T14:40:44+07:00 [10313] DEBUG default - [User=Admin A. (jarinya.s@vistec.ac.th)] Processing page action. Action addUserPermission [File=/var/www/html/booking/Presenters/ActionPresenter.php,Line=88]
2019-04-29T14:40:48+07:00 [23803] DEBUG default - [User=Admin A. (jarinya.s@vistec.ac.th)] Action passed all validations [File=/var/www/html/booking/Pages/ActionPage.php,Line=108]
2019-04-29T14:40:48+07:00 [23803] DEBUG default - [User=Admin A. (jarinya.s@vistec.ac.th)] Processing page action. Action addUserPermission [File=/var/www/html/booking/Presenters/ActionPresenter.php,Line=88]
2019-04-29T14:45:41+07:00 [23803] DEBUG default - [User=Admin A. (ratchawan.j@vistec.ac.th)] Action passed all validations [File=/var/www/html/booking/Pages/ActionPage.php,Line=108]
2019-04-29T14:45:41+07:00 [23803] DEBUG default - [User=Admin A. (ratchawan.j@vistec.ac.th)] Processing page action. Action add [File=/var/www/html/booking/Presenters/ActionPresenter.php,Line=88]
2019-04-29T14:45:41+07:00 [23803] DEBUG default - [User=Admin A. (ratchawan.j@vistec.ac.th)] ReservationConflictDelete delete lise. Ids=1439 [File=/var/www/html/booking/lib/Application/Reservation/ReservationConflictResolution.php,Line=298]
2019-04-29T14:45:41+07:00 [23803] DEBUG default - [User=Admin A. (ratchawan.j@vistec.ac.th)] ReservationRepository::LoadById() - ReservationID: 1439 [File=/var/www/html/booking/Domain/Access/ReservationRepository.php,Line=27]
2019-04-29T14:45:41+07:00 [23803] DEBUG default - [User=Admin A. (ratchawan.j@vistec.ac.th)] Removing series 1445 [File=/var/www/html/booking/Domain/ExistingReservationSeries.php,Line=356]
2019-04-29T14:45:41+07:00 [23803] DEBUG default - [User=Admin A. (ratchawan.j@vistec.ac.th)] class ReservationConflictDeleteEmail   [File=/var/www/html/booking/lib/Email/Messages/ReservationConflictDeleteEmail.php,Line=43]
2019-04-29T14:45:41+07:00 [23803] DEBUG default - [User=Admin A. (ratchawan.j@vistec.ac.th)] class ReservationConflictDeleteEmail To Bowchonticha008@gmail.com Chonticha Jangsan [File=/var/www/html/booking/lib/Email/Messages/ReservationConflictDeleteEmail.php,Line=51]
2019-04-29T14:45:41+07:00 [23803] DEBUG default - [User=Admin A. (ratchawan.j@vistec.ac.th)] Sending ReservationConflictDeleteEmail email to: Bowchonticha008@gmail.com from: Frc.booking@vistec.ac.th [File=/var/www/html/booking/lib/Email/EmailService.php,Line=93]
2019-04-29T14:45:47+07:00 [23803] DEBUG default - [User=Admin A. (ratchawan.j@vistec.ac.th)] Email send success: 1.  [File=/var/www/html/booking/lib/Email/EmailService.php,Line=105]
2019-04-29T14:45:47+07:00 [23803] DEBUG default - [User=Admin A. (ratchawan.j@vistec.ac.th)] ReservationConflictDelete delete lise. Ids=1501 [File=/var/www/html/booking/lib/Application/Reservation/ReservationConflictResolution.php,Line=298]
2019-04-29T14:45:47+07:00 [23803] DEBUG default - [User=Admin A. (ratchawan.j@vistec.ac.th)] ReservationRepository::LoadById() - ReservationID: 1501 [File=/var/www/html/booking/Domain/Access/ReservationRepository.php,Line=27]
2019-04-29T14:45:47+07:00 [23803] DEBUG default - [User=Admin A. (ratchawan.j@vistec.ac.th)] Removing series 1507 [File=/var/www/html/booking/Domain/ExistingReservationSeries.php,Line=356]
2019-04-29T14:45:47+07:00 [23803] DEBUG default - [User=Admin A. (ratchawan.j@vistec.ac.th)] class ReservationConflictDeleteEmail   [File=/var/www/html/booking/lib/Email/Messages/ReservationConflictDeleteEmail.php,Line=43]
2019-04-29T14:45:47+07:00 [23803] DEBUG default - [User=Admin A. (ratchawan.j@vistec.ac.th)] class ReservationConflictDeleteEmail To marisa.k_s16@vistec.ac.th Marisa Ketkaew [File=/var/www/html/booking/lib/Email/Messages/ReservationConflictDeleteEmail.php,Line=51]
2019-04-29T14:45:47+07:00 [23803] DEBUG default - [User=Admin A. (ratchawan.j@vistec.ac.th)] Sending ReservationConflictDeleteEmail email to: marisa.k_s16@vistec.ac.th from: Frc.booking@vistec.ac.th [File=/var/www/html/booking/lib/Email/EmailService.php,Line=93]
2019-04-29T14:45:50+07:00 [23803] DEBUG default - [User=Admin A. (ratchawan.j@vistec.ac.th)] Email send success: 1.  [File=/var/www/html/booking/lib/Email/EmailService.php,Line=105]
2019-04-29T14:45:50+07:00 [23803] DEBUG default - [User=Admin A. (ratchawan.j@vistec.ac.th)] ReservationConflictDelete delete lise. Ids=1446 [File=/var/www/html/booking/lib/Application/Reservation/ReservationConflictResolution.php,Line=298]
2019-04-29T14:45:50+07:00 [23803] DEBUG default - [User=Admin A. (ratchawan.j@vistec.ac.th)] ReservationRepository::LoadById() - ReservationID: 1446 [File=/var/www/html/booking/Domain/Access/ReservationRepository.php,Line=27]
2019-04-29T14:45:50+07:00 [23803] DEBUG default - [User=Admin A. (ratchawan.j@vistec.ac.th)] Removing series 1452 [File=/var/www/html/booking/Domain/ExistingReservationSeries.php,Line=356]
2019-04-29T14:45:50+07:00 [23803] DEBUG default - [User=Admin A. (ratchawan.j@vistec.ac.th)] class ReservationConflictDeleteEmail   [File=/var/www/html/booking/lib/Email/Messages/ReservationConflictDeleteEmail.php,Line=43]
2019-04-29T14:45:50+07:00 [23803] DEBUG default - [User=Admin A. (ratchawan.j@vistec.ac.th)] class ReservationConflictDeleteEmail To 1530315@vistec.ac.th Thanyarat Chawanpunyawat [File=/var/www/html/booking/lib/Email/Messages/ReservationConflictDeleteEmail.php,Line=51]
2019-04-29T14:45:50+07:00 [23803] DEBUG default - [User=Admin A. (ratchawan.j@vistec.ac.th)] Sending ReservationConflictDeleteEmail email to: 1530315@vistec.ac.th from: Frc.booking@vistec.ac.th [File=/var/www/html/booking/lib/Email/EmailService.php,Line=93]
2019-04-29T14:45:53+07:00 [23803] DEBUG default - [User=Admin A. (ratchawan.j@vistec.ac.th)] Email send success: 1.  [File=/var/www/html/booking/lib/Email/EmailService.php,Line=105]
2019-04-29T14:45:53+07:00 [23803] DEBUG default - [User=Admin A. (ratchawan.j@vistec.ac.th)] ReservationConflictDelete delete lise. Ids=1500 [File=/var/www/html/booking/lib/Application/Reservation/ReservationConflictResolution.php,Line=298]
2019-04-29T14:45:53+07:00 [23803] DEBUG default - [User=Admin A. (ratchawan.j@vistec.ac.th)] ReservationRepository::LoadById() - ReservationID: 1500 [File=/var/www/html/booking/Domain/Access/ReservationRepository.php,Line=27]
2019-04-29T14:45:53+07:00 [23803] DEBUG default - [User=Admin A. (ratchawan.j@vistec.ac.th)] Removing series 1506 [File=/var/www/html/booking/Domain/ExistingReservationSeries.php,Line=356]
2019-04-29T14:45:53+07:00 [23803] DEBUG default - [User=Admin A. (ratchawan.j@vistec.ac.th)] class ReservationConflictDeleteEmail   [File=/var/www/html/booking/lib/Email/Messages/ReservationConflictDeleteEmail.php,Line=43]
2019-04-29T14:45:53+07:00 [23803] DEBUG default - [User=Admin A. (ratchawan.j@vistec.ac.th)] class ReservationConflictDeleteEmail To s15_pannida.d@vistec.ac.th Pannida Dugkhuntod [File=/var/www/html/booking/lib/Email/Messages/ReservationConflictDeleteEmail.php,Line=51]
2019-04-29T14:45:53+07:00 [23803] DEBUG default - [User=Admin A. (ratchawan.j@vistec.ac.th)] Sending ReservationConflictDeleteEmail email to: s15_pannida.d@vistec.ac.th from: Frc.booking@vistec.ac.th [File=/var/www/html/booking/lib/Email/EmailService.php,Line=93]
2019-04-29T14:45:55+07:00 [23803] DEBUG default - [User=Admin A. (ratchawan.j@vistec.ac.th)] Email send success: 1.  [File=/var/www/html/booking/lib/Email/EmailService.php,Line=105]
2019-04-29T14:45:55+07:00 [23803] DEBUG default - [User=Admin A. (ratchawan.j@vistec.ac.th)] ReservationConflictDelete delete lise. Ids=1450 [File=/var/www/html/booking/lib/Application/Reservation/ReservationConflictResolution.php,Line=298]
2019-04-29T14:45:55+07:00 [23803] DEBUG default - [User=Admin A. (ratchawan.j@vistec.ac.th)] ReservationRepository::LoadById() - ReservationID: 1450 [File=/var/www/html/booking/Domain/Access/ReservationRepository.php,Line=27]
2019-04-29T14:45:55+07:00 [23803] DEBUG default - [User=Admin A. (ratchawan.j@vistec.ac.th)] Removing series 1456 [File=/var/www/html/booking/Domain/ExistingReservationSeries.php,Line=356]
2019-04-29T14:45:55+07:00 [23803] DEBUG default - [User=Admin A. (ratchawan.j@vistec.ac.th)] class ReservationConflictDeleteEmail   [File=/var/www/html/booking/lib/Email/Messages/ReservationConflictDeleteEmail.php,Line=43]
2019-04-29T14:45:55+07:00 [23803] DEBUG default - [User=Admin A. (ratchawan.j@vistec.ac.th)] class ReservationConflictDeleteEmail To Bowchonticha008@gmail.com Chonticha Jangsan [File=/var/www/html/booking/lib/Email/Messages/ReservationConflictDeleteEmail.php,Line=51]
2019-04-29T14:45:55+07:00 [23803] DEBUG default - [User=Admin A. (ratchawan.j@vistec.ac.th)] Sending ReservationConflictDeleteEmail email to: Bowchonticha008@gmail.com from: Frc.booking@vistec.ac.th [File=/var/www/html/booking/lib/Email/EmailService.php,Line=93]
2019-04-29T14:45:59+07:00 [23803] DEBUG default - [User=Admin A. (ratchawan.j@vistec.ac.th)] Email send success: 1.  [File=/var/www/html/booking/lib/Email/EmailService.php,Line=105]
2019-04-29T14:45:59+07:00 [23803] DEBUG default - [User=Admin A. (ratchawan.j@vistec.ac.th)] ReservationConflictDelete delete lise. Ids=1461 [File=/var/www/html/booking/lib/Application/Reservation/ReservationConflictResolution.php,Line=298]
2019-04-29T14:45:59+07:00 [23803] DEBUG default - [User=Admin A. (ratchawan.j@vistec.ac.th)] ReservationRepository::LoadById() - ReservationID: 1461 [File=/var/www/html/booking/Domain/Access/ReservationRepository.php,Line=27]
2019-04-29T14:45:59+07:00 [23803] DEBUG default - [User=Admin A. (ratchawan.j@vistec.ac.th)] Removing series 1467 [File=/var/www/html/booking/Domain/ExistingReservationSeries.php,Line=356]
2019-04-29T14:45:59+07:00 [23803] DEBUG default - [User=Admin A. (ratchawan.j@vistec.ac.th)] class ReservationConflictDeleteEmail   [File=/var/www/html/booking/lib/Email/Messages/ReservationConflictDeleteEmail.php,Line=43]
2019-04-29T14:45:59+07:00 [23803] DEBUG default - [User=Admin A. (ratchawan.j@vistec.ac.th)] class ReservationConflictDeleteEmail To 1530307@vistec.ac.th Kamonnart Imwiset [File=/var/www/html/booking/lib/Email/Messages/ReservationConflictDeleteEmail.php,Line=51]
2019-04-29T14:45:59+07:00 [23803] DEBUG default - [User=Admin A. (ratchawan.j@vistec.ac.th)] Sending ReservationConflictDeleteEmail email to: 1530307@vistec.ac.th from: Frc.booking@vistec.ac.th [File=/var/www/html/booking/lib/Email/EmailService.php,Line=93]
2019-04-29T14:46:01+07:00 [23803] DEBUG default - [User=Admin A. (ratchawan.j@vistec.ac.th)] Email send success: 1.  [File=/var/www/html/booking/lib/Email/EmailService.php,Line=105]
2019-04-29T14:46:41+07:00 [23803] DEBUG default - [User=Admin A. (ratchawan.j@vistec.ac.th)] Action passed all validations [File=/var/www/html/booking/Pages/ActionPage.php,Line=108]
2019-04-29T14:46:41+07:00 [23803] DEBUG default - [User=Admin A. (ratchawan.j@vistec.ac.th)] Processing page action. Action load [File=/var/www/html/booking/Presenters/ActionPresenter.php,Line=88]
2019-04-29T14:46:41+07:00 [23803] DEBUG default - [User=Admin A. (ratchawan.j@vistec.ac.th)] Loading blackout for editing. Id=32 [File=/var/www/html/booking/Presenters/Admin/ManageBlackoutsPresenter.php,Line=254]
2019-04-29T14:46:58+07:00 [6290] DEBUG default - [User=Admin A. (ratchawan.j@vistec.ac.th)] Action passed all validations [File=/var/www/html/booking/Pages/ActionPage.php,Line=108]
2019-04-29T14:46:58+07:00 [6290] DEBUG default - [User=Admin A. (ratchawan.j@vistec.ac.th)] Processing page action. Action update [File=/var/www/html/booking/Presenters/ActionPresenter.php,Line=88]
2019-04-29T14:46:58+07:00 [6290] DEBUG default - [User=Admin A. (ratchawan.j@vistec.ac.th)] Updating blackout. BlackoutId=32, UpdateScope=full [File=/var/www/html/booking/Presenters/Admin/ManageBlackoutsPresenter.php,Line=325]
2019-04-29T14:47:31+07:00 [23803] DEBUG default - [User=Admin A. (ratchawan.j@vistec.ac.th)] Action passed all validations [File=/var/www/html/booking/Pages/ActionPage.php,Line=108]
2019-04-29T14:47:31+07:00 [23803] DEBUG default - [User=Admin A. (ratchawan.j@vistec.ac.th)] Processing page action. Action load [File=/var/www/html/booking/Presenters/ActionPresenter.php,Line=88]
2019-04-29T14:47:31+07:00 [23803] DEBUG default - [User=Admin A. (ratchawan.j@vistec.ac.th)] Loading blackout for editing. Id=33 [File=/var/www/html/booking/Presenters/Admin/ManageBlackoutsPresenter.php,Line=254]
2019-04-29T14:47:42+07:00 [23803] DEBUG default - [User=Admin A. (ratchawan.j@vistec.ac.th)] Action passed all validations [File=/var/www/html/booking/Pages/ActionPage.php,Line=108]
2019-04-29T14:47:42+07:00 [23803] DEBUG default - [User=Admin A. (ratchawan.j@vistec.ac.th)] Processing page action. Action update [File=/var/www/html/booking/Presenters/ActionPresenter.php,Line=88]
2019-04-29T14:47:42+07:00 [23803] DEBUG default - [User=Admin A. (ratchawan.j@vistec.ac.th)] Updating blackout. BlackoutId=33, UpdateScope=full [File=/var/www/html/booking/Presenters/Admin/ManageBlackoutsPresenter.php,Line=325]
2019-04-29T14:47:42+07:00 [23803] DEBUG default - [User=Admin A. (ratchawan.j@vistec.ac.th)] ReservationConflictDelete delete lise. Ids=1487 [File=/var/www/html/booking/lib/Application/Reservation/ReservationConflictResolution.php,Line=298]
2019-04-29T14:47:42+07:00 [23803] DEBUG default - [User=Admin A. (ratchawan.j@vistec.ac.th)] ReservationRepository::LoadById() - ReservationID: 1487 [File=/var/www/html/booking/Domain/Access/ReservationRepository.php,Line=27]
2019-04-29T14:47:42+07:00 [23803] DEBUG default - [User=Admin A. (ratchawan.j@vistec.ac.th)] Removing series 1493 [File=/var/www/html/booking/Domain/ExistingReservationSeries.php,Line=356]
2019-04-29T14:47:42+07:00 [23803] DEBUG default - [User=Admin A. (ratchawan.j@vistec.ac.th)] class ReservationConflictDeleteEmail   [File=/var/www/html/booking/lib/Email/Messages/ReservationConflictDeleteEmail.php,Line=43]
2019-04-29T14:47:42+07:00 [23803] DEBUG default - [User=Admin A. (ratchawan.j@vistec.ac.th)] class ReservationConflictDeleteEmail To 1530307@vistec.ac.th Kamonnart Imwiset [File=/var/www/html/booking/lib/Email/Messages/ReservationConflictDeleteEmail.php,Line=51]
2019-04-29T14:47:42+07:00 [23803] DEBUG default - [User=Admin A. (ratchawan.j@vistec.ac.th)] Sending ReservationConflictDeleteEmail email to: 1530307@vistec.ac.th from: Frc.booking@vistec.ac.th [File=/var/www/html/booking/lib/Email/EmailService.php,Line=93]
2019-04-29T14:47:44+07:00 [23803] DEBUG default - [User=Admin A. (ratchawan.j@vistec.ac.th)] Email send success: 1.  [File=/var/www/html/booking/lib/Email/EmailService.php,Line=105]
2019-04-29T14:48:31+07:00 [6290] DEBUG default - [User=Admin A. (ratchawan.j@vistec.ac.th)] Action passed all validations [File=/var/www/html/booking/Pages/ActionPage.php,Line=108]
2019-04-29T14:48:31+07:00 [6290] DEBUG default - [User=Admin A. (ratchawan.j@vistec.ac.th)] Processing page action. Action load [File=/var/www/html/booking/Presenters/ActionPresenter.php,Line=88]
2019-04-29T14:48:31+07:00 [6290] DEBUG default - [User=Admin A. (ratchawan.j@vistec.ac.th)] Loading blackout for editing. Id=34 [File=/var/www/html/booking/Presenters/Admin/ManageBlackoutsPresenter.php,Line=254]
2019-04-29T14:49:15+07:00 [10313] DEBUG default - [User=Admin A. (ratchawan.j@vistec.ac.th)] Action passed all validations [File=/var/www/html/booking/Pages/ActionPage.php,Line=108]
2019-04-29T14:49:15+07:00 [10313] DEBUG default - [User=Admin A. (ratchawan.j@vistec.ac.th)] Processing page action. Action update [File=/var/www/html/booking/Presenters/ActionPresenter.php,Line=88]
2019-04-29T14:49:15+07:00 [10313] DEBUG default - [User=Admin A. (ratchawan.j@vistec.ac.th)] Updating blackout. BlackoutId=34, UpdateScope=full [File=/var/www/html/booking/Presenters/Admin/ManageBlackoutsPresenter.php,Line=325]
2019-04-29T14:49:15+07:00 [10313] DEBUG default - [User=Admin A. (ratchawan.j@vistec.ac.th)] ReservationConflictDelete delete lise. Ids=1458 [File=/var/www/html/booking/lib/Application/Reservation/ReservationConflictResolution.php,Line=298]
2019-04-29T14:49:15+07:00 [10313] DEBUG default - [User=Admin A. (ratchawan.j@vistec.ac.th)] ReservationRepository::LoadById() - ReservationID: 1458 [File=/var/www/html/booking/Domain/Access/ReservationRepository.php,Line=27]
2019-04-29T14:49:16+07:00 [10313] DEBUG default - [User=Admin A. (ratchawan.j@vistec.ac.th)] Removing series 1464 [File=/var/www/html/booking/Domain/ExistingReservationSeries.php,Line=356]
2019-04-29T14:49:16+07:00 [10313] DEBUG default - [User=Admin A. (ratchawan.j@vistec.ac.th)] class ReservationConflictDeleteEmail   [File=/var/www/html/booking/lib/Email/Messages/ReservationConflictDeleteEmail.php,Line=43]
2019-04-29T14:49:16+07:00 [10313] DEBUG default - [User=Admin A. (ratchawan.j@vistec.ac.th)] class ReservationConflictDeleteEmail To ladawan.p_s16@vistec.ac.th Ladawan Pukdeejorhor [File=/var/www/html/booking/lib/Email/Messages/ReservationConflictDeleteEmail.php,Line=51]
2019-04-29T14:49:16+07:00 [10313] DEBUG default - [User=Admin A. (ratchawan.j@vistec.ac.th)] Sending ReservationConflictDeleteEmail email to: ladawan.p_s16@vistec.ac.th from: Frc.booking@vistec.ac.th [File=/var/www/html/booking/lib/Email/EmailService.php,Line=93]
2019-04-29T14:49:18+07:00 [10313] DEBUG default - [User=Admin A. (ratchawan.j@vistec.ac.th)] Email send success: 1.  [File=/var/www/html/booking/lib/Email/EmailService.php,Line=105]
2019-04-29T14:49:18+07:00 [10313] DEBUG default - [User=Admin A. (ratchawan.j@vistec.ac.th)] ReservationConflictDelete delete lise. Ids=1371 [File=/var/www/html/booking/lib/Application/Reservation/ReservationConflictResolution.php,Line=298]
2019-04-29T14:49:18+07:00 [10313] DEBUG default - [User=Admin A. (ratchawan.j@vistec.ac.th)] ReservationRepository::LoadById() - ReservationID: 1371 [File=/var/www/html/booking/Domain/Access/ReservationRepository.php,Line=27]
2019-04-29T14:49:19+07:00 [10313] DEBUG default - [User=Admin A. (ratchawan.j@vistec.ac.th)] Removing series 1377 [File=/var/www/html/booking/Domain/ExistingReservationSeries.php,Line=356]
2019-04-29T14:49:19+07:00 [10313] DEBUG default - [User=Admin A. (ratchawan.j@vistec.ac.th)] class ReservationConflictDeleteEmail   [File=/var/www/html/booking/lib/Email/Messages/ReservationConflictDeleteEmail.php,Line=43]
2019-04-29T14:49:19+07:00 [10313] DEBUG default - [User=Admin A. (ratchawan.j@vistec.ac.th)] class ReservationConflictDeleteEmail To ratchawan.j@vistec.ac.th Admin A. [File=/var/www/html/booking/lib/Email/Messages/ReservationConflictDeleteEmail.php,Line=51]
2019-04-29T14:49:19+07:00 [10313] DEBUG default - [User=Admin A. (ratchawan.j@vistec.ac.th)] Sending ReservationConflictDeleteEmail email to: ratchawan.j@vistec.ac.th from: Frc.booking@vistec.ac.th [File=/var/www/html/booking/lib/Email/EmailService.php,Line=93]
2019-04-29T14:49:21+07:00 [10313] DEBUG default - [User=Admin A. (ratchawan.j@vistec.ac.th)] Email send success: 1.  [File=/var/www/html/booking/lib/Email/EmailService.php,Line=105]
2019-04-29T14:49:21+07:00 [10313] DEBUG default - [User=Admin A. (ratchawan.j@vistec.ac.th)] ReservationConflictDelete delete lise. Ids=1415 [File=/var/www/html/booking/lib/Application/Reservation/ReservationConflictResolution.php,Line=298]
2019-04-29T14:49:21+07:00 [10313] DEBUG default - [User=Admin A. (ratchawan.j@vistec.ac.th)] ReservationRepository::LoadById() - ReservationID: 1415 [File=/var/www/html/booking/Domain/Access/ReservationRepository.php,Line=27]
2019-04-29T14:49:21+07:00 [10313] DEBUG default - [User=Admin A. (ratchawan.j@vistec.ac.th)] Removing series 1421 [File=/var/www/html/booking/Domain/ExistingReservationSeries.php,Line=356]
2019-04-29T14:49:21+07:00 [10313] DEBUG default - [User=Admin A. (ratchawan.j@vistec.ac.th)] class ReservationConflictDeleteEmail   [File=/var/www/html/booking/lib/Email/Messages/ReservationConflictDeleteEmail.php,Line=43]
2019-04-29T14:49:21+07:00 [10313] DEBUG default - [User=Admin A. (ratchawan.j@vistec.ac.th)] class ReservationConflictDeleteEmail To saranyoo.s@hotmail.com Saranyoo Sornkumnerd [File=/var/www/html/booking/lib/Email/Messages/ReservationConflictDeleteEmail.php,Line=51]
2019-04-29T14:49:21+07:00 [10313] DEBUG default - [User=Admin A. (ratchawan.j@vistec.ac.th)] Sending ReservationConflictDeleteEmail email to: saranyoo.s@hotmail.com from: Frc.booking@vistec.ac.th [File=/var/www/html/booking/lib/Email/EmailService.php,Line=93]
2019-04-29T14:49:24+07:00 [10313] DEBUG default - [User=Admin A. (ratchawan.j@vistec.ac.th)] Email send success: 1.  [File=/var/www/html/booking/lib/Email/EmailService.php,Line=105]
2019-04-29T15:24:01+07:00 [23803] DEBUG default - [User=Admin A. (jarinya.s@vistec.ac.th)] Action passed all validations [File=/var/www/html/booking/Pages/ActionPage.php,Line=108]
2019-04-29T15:24:01+07:00 [23803] DEBUG default - [User=Admin A. (jarinya.s@vistec.ac.th)] Processing page action. Action addUserPermission [File=/var/www/html/booking/Presenters/ActionPresenter.php,Line=88]
