2019-03-11T10:21:02+07:00 [14515] DEBUG default - [User=Admin A. (Frc.booking@vistec.ac.th)] Action passed all validations [File=/var/www/html/booking/Pages/ActionPage.php,Line=108]
2019-03-11T10:21:02+07:00 [14515] DEBUG default - [User=Admin A. (Frc.booking@vistec.ac.th)] Processing page action. Action addUserPermission [File=/var/www/html/booking/Presenters/ActionPresenter.php,Line=88]
2019-03-11T10:23:23+07:00 [14515] DEBUG default - [User=Admin A. (Frc.booking@vistec.ac.th)] Action passed all validations [File=/var/www/html/booking/Pages/ActionPage.php,Line=108]
2019-03-11T10:23:23+07:00 [14515] DEBUG default - [User=Admin A. (Frc.booking@vistec.ac.th)] Processing page action. Action addUserPermission [File=/var/www/html/booking/Presenters/ActionPresenter.php,Line=88]
2019-03-11T10:23:34+07:00 [14516] DEBUG default - [User=Admin A. (Frc.booking@vistec.ac.th)] Action passed all validations [File=/var/www/html/booking/Pages/ActionPage.php,Line=108]
2019-03-11T10:23:34+07:00 [14516] DEBUG default - [User=Admin A. (Frc.booking@vistec.ac.th)] Processing page action. Action addUserPermission [File=/var/www/html/booking/Presenters/ActionPresenter.php,Line=88]
2019-03-11T10:23:42+07:00 [14516] DEBUG default - [User=Admin A. (Frc.booking@vistec.ac.th)] Action passed all validations [File=/var/www/html/booking/Pages/ActionPage.php,Line=108]
2019-03-11T10:23:42+07:00 [14516] DEBUG default - [User=Admin A. (Frc.booking@vistec.ac.th)] Processing page action. Action addUserPermission [File=/var/www/html/booking/Presenters/ActionPresenter.php,Line=88]
2019-03-11T10:24:08+07:00 [14516] DEBUG default - [User=Admin A. (Frc.booking@vistec.ac.th)] Action passed all validations [File=/var/www/html/booking/Pages/ActionPage.php,Line=108]
2019-03-11T10:24:08+07:00 [14516] DEBUG default - [User=Admin A. (Frc.booking@vistec.ac.th)] Processing page action. Action addUserPermission [File=/var/www/html/booking/Presenters/ActionPresenter.php,Line=88]
2019-03-11T10:50:07+07:00 [14515] DEBUG default - [User=Admin A. (Frc.booking@vistec.ac.th)] Action passed all validations [File=/var/www/html/booking/Pages/ActionPage.php,Line=108]
2019-03-11T10:50:07+07:00 [14515] DEBUG default - [User=Admin A. (Frc.booking@vistec.ac.th)] Processing page action. Action add [File=/var/www/html/booking/Presenters/ActionPresenter.php,Line=88]
2019-03-11T10:50:40+07:00 [14515] DEBUG default - [User=Admin A. (Frc.booking@vistec.ac.th)] Action passed all validations [File=/var/www/html/booking/Pages/ActionPage.php,Line=108]
2019-03-11T10:50:40+07:00 [14515] DEBUG default - [User=Admin A. (Frc.booking@vistec.ac.th)] Processing page action. Action load [File=/var/www/html/booking/Presenters/ActionPresenter.php,Line=88]
2019-03-11T10:50:40+07:00 [14515] DEBUG default - [User=Admin A. (Frc.booking@vistec.ac.th)] Loading blackout for editing. Id=1 [File=/var/www/html/booking/Presenters/Admin/ManageBlackoutsPresenter.php,Line=254]
2019-03-11T10:50:57+07:00 [14516] DEBUG default - [User=Admin A. (Frc.booking@vistec.ac.th)] Action passed all validations [File=/var/www/html/booking/Pages/ActionPage.php,Line=108]
2019-03-11T10:50:57+07:00 [14516] DEBUG default - [User=Admin A. (Frc.booking@vistec.ac.th)] Processing page action. Action update [File=/var/www/html/booking/Presenters/ActionPresenter.php,Line=88]
2019-03-11T10:50:57+07:00 [14516] DEBUG default - [User=Admin A. (Frc.booking@vistec.ac.th)] Updating blackout. BlackoutId=1, UpdateScope=full [File=/var/www/html/booking/Presenters/Admin/ManageBlackoutsPresenter.php,Line=325]
2019-03-11T10:52:58+07:00 [14516] DEBUG default - [User=Admin A. (Frc.booking@vistec.ac.th)] Action passed all validations [File=/var/www/html/booking/Pages/ActionPage.php,Line=108]
2019-03-11T10:52:58+07:00 [14516] DEBUG default - [User=Admin A. (Frc.booking@vistec.ac.th)] Processing page action. Action load [File=/var/www/html/booking/Presenters/ActionPresenter.php,Line=88]
2019-03-11T10:52:58+07:00 [14516] DEBUG default - [User=Admin A. (Frc.booking@vistec.ac.th)] Loading blackout for editing. Id=2 [File=/var/www/html/booking/Presenters/Admin/ManageBlackoutsPresenter.php,Line=254]
2019-03-11T10:53:05+07:00 [14515] DEBUG default - [User=Admin A. (Frc.booking@vistec.ac.th)] Action passed all validations [File=/var/www/html/booking/Pages/ActionPage.php,Line=108]
2019-03-11T10:53:05+07:00 [14515] DEBUG default - [User=Admin A. (Frc.booking@vistec.ac.th)] Processing page action. Action update [File=/var/www/html/booking/Presenters/ActionPresenter.php,Line=88]
2019-03-11T10:53:05+07:00 [14515] DEBUG default - [User=Admin A. (Frc.booking@vistec.ac.th)] Updating blackout. BlackoutId=2, UpdateScope=full [File=/var/www/html/booking/Presenters/Admin/ManageBlackoutsPresenter.php,Line=325]
2019-03-11T12:40:22+07:00 [14516] DEBUG default - [User=Admin A. (Frc.booking@vistec.ac.th)] Validating daily layout [File=/var/www/html/booking/lib/Common/Validators/LayoutValidator.php,Line=59]
2019-03-11T12:40:22+07:00 [14516] DEBUG default - [User=Admin A. (Frc.booking@vistec.ac.th)] array (
  0 => '',
  1 => '09:00 - 09:30
09:30 - 10:00
10:00 - 10:30
10:30 - 11:00
11:00 - 11:30
11:30 - 12:00
12:00 - 12:30
12:30 - 13:00
13:00 - 13:30
13:30 - 14:00
14:00 - 14:30
14:30 - 15:00
15:00 - 15:30
15:30 - 16:00
16:00 - 16:30
16:30 - 17:00
17:00 - 17:30
17:30 - 18:00
18:00 - 18:30
18:30 - 19:00',
  2 => '09:00 - 12:00
13:00 - 16:00
16:00 - 19:00',
  3 => '09:00 - 12:00
13:00 - 16:00
16:00 - 19:00',
  4 => '09:00 - 12:00
13:00 - 16:00
16:00 - 19:00',
  5 => '09:00 - 12:00
13:00 - 16:00
16:00 - 19:00',
  6 => '',
) [File=/var/www/html/booking/lib/Common/Validators/LayoutValidator.php,Line=60]
2019-03-11T12:40:22+07:00 [14516] DEBUG default - [User=Admin A. (Frc.booking@vistec.ac.th)] Action passed all validations [File=/var/www/html/booking/Pages/ActionPage.php,Line=108]
2019-03-11T12:40:22+07:00 [14516] DEBUG default - [User=Admin A. (Frc.booking@vistec.ac.th)] Processing page action. Action changeLayout [File=/var/www/html/booking/Presenters/ActionPresenter.php,Line=88]
2019-03-11T12:40:22+07:00 [14516] DEBUG default - [User=Admin A. (Frc.booking@vistec.ac.th)] Changing layout for scheduleId=16. timezone=, usingSingleLayout= [File=/var/www/html/booking/Presenters/Admin/ManageSchedulesPresenter.php,Line=400]
2019-03-11T12:41:26+07:00 [14515] DEBUG default - [User=Admin A. (Frc.booking@vistec.ac.th)] Validating daily layout [File=/var/www/html/booking/lib/Common/Validators/LayoutValidator.php,Line=59]
2019-03-11T12:41:26+07:00 [14515] DEBUG default - [User=Admin A. (Frc.booking@vistec.ac.th)] array (
  0 => '',
  1 => '09:00 - 09:30
09:30 - 10:00
10:00 - 10:30
10:30 - 11:00
11:00 - 11:30
11:30 - 12:00
12:00 - 12:30
12:30 - 13:00
13:00 - 13:30
13:30 - 14:00
14:00 - 14:30
14:30 - 15:00
15:00 - 15:30
15:30 - 16:00
16:00 - 16:30
16:30 - 17:00
17:00 - 17:30
17:30 - 18:00
18:00 - 18:30
18:30 - 19:00',
  2 => '09:00 - 12:00
13:00 - 16:00
16:00 - 19:00',
  3 => '09:00 - 12:00
13:00 - 16:00
16:00 - 19:00',
  4 => '09:00 - 12:00
13:00 - 16:00
16:00 - 19:00',
  5 => '09:00 - 12:00
13:00 - 16:00
16:00 - 19:00',
  6 => '',
) [File=/var/www/html/booking/lib/Common/Validators/LayoutValidator.php,Line=60]
2019-03-11T12:41:26+07:00 [14515] DEBUG default - [User=Admin A. (Frc.booking@vistec.ac.th)] Action passed all validations [File=/var/www/html/booking/Pages/ActionPage.php,Line=108]
2019-03-11T12:41:26+07:00 [14515] DEBUG default - [User=Admin A. (Frc.booking@vistec.ac.th)] Processing page action. Action changeLayout [File=/var/www/html/booking/Presenters/ActionPresenter.php,Line=88]
2019-03-11T12:41:26+07:00 [14515] DEBUG default - [User=Admin A. (Frc.booking@vistec.ac.th)] Changing layout for scheduleId=16. timezone=, usingSingleLayout= [File=/var/www/html/booking/Presenters/Admin/ManageSchedulesPresenter.php,Line=400]
2019-03-11T12:42:07+07:00 [14515] DEBUG default - [User=Admin A. (Frc.booking@vistec.ac.th)] Validating daily layout [File=/var/www/html/booking/lib/Common/Validators/LayoutValidator.php,Line=59]
2019-03-11T12:42:07+07:00 [14515] DEBUG default - [User=Admin A. (Frc.booking@vistec.ac.th)] array (
  0 => '',
  1 => '09:00 - 12:00
12:00 - 15:00
15:00 - 18:00
18:00 - 21:00',
  2 => '09:00 - 12:00
13:00 - 16:00
16:00 - 19:00',
  3 => '09:00 - 12:00
13:00 - 16:00
16:00 - 19:00',
  4 => '09:00 - 12:00
13:00 - 16:00
16:00 - 19:00',
  5 => '09:00 - 12:00
13:00 - 16:00
16:00 - 19:00',
  6 => '',
) [File=/var/www/html/booking/lib/Common/Validators/LayoutValidator.php,Line=60]
2019-03-11T12:42:07+07:00 [14515] DEBUG default - [User=Admin A. (Frc.booking@vistec.ac.th)] Failed validator layoutValidator [File=/var/www/html/booking/Pages/ActionPage.php,Line=117]
2019-03-11T12:42:44+07:00 [14516] DEBUG default - [User=Admin A. (Frc.booking@vistec.ac.th)] Validating daily layout [File=/var/www/html/booking/lib/Common/Validators/LayoutValidator.php,Line=59]
2019-03-11T12:42:44+07:00 [14516] DEBUG default - [User=Admin A. (Frc.booking@vistec.ac.th)] array (
  0 => '',
  1 => '09:00 - 12:00
12:00 - 15:00
15:00 - 18:00
18:00 - 21:00',
  2 => '00:00 - 09:00
09:00 - 12:00
13:00 - 16:00
16:00 - 19:00',
  3 => '09:00 - 12:00
13:00 - 16:00
16:00 - 19:00',
  4 => '09:00 - 12:00
13:00 - 16:00
16:00 - 19:00',
  5 => '09:00 - 12:00
13:00 - 16:00
16:00 - 19:00',
  6 => '',
) [File=/var/www/html/booking/lib/Common/Validators/LayoutValidator.php,Line=60]
2019-03-11T12:42:44+07:00 [14516] DEBUG default - [User=Admin A. (Frc.booking@vistec.ac.th)] Failed validator layoutValidator [File=/var/www/html/booking/Pages/ActionPage.php,Line=117]
2019-03-11T12:42:47+07:00 [14515] DEBUG default - [User=Admin A. (Frc.booking@vistec.ac.th)] Validating daily layout [File=/var/www/html/booking/lib/Common/Validators/LayoutValidator.php,Line=59]
2019-03-11T12:42:47+07:00 [14515] DEBUG default - [User=Admin A. (Frc.booking@vistec.ac.th)] array (
  0 => '',
  1 => '09:00 - 12:00
12:00 - 15:00
15:00 - 18:00
18:00 - 21:00',
  2 => '00:00 - 09:00
09:00 - 12:00
13:00 - 16:00
16:00 - 19:00',
  3 => '09:00 - 12:00
13:00 - 16:00
16:00 - 19:00',
  4 => '09:00 - 12:00
13:00 - 16:00
16:00 - 19:00',
  5 => '09:00 - 12:00
13:00 - 16:00
16:00 - 19:00',
  6 => '',
) [File=/var/www/html/booking/lib/Common/Validators/LayoutValidator.php,Line=60]
2019-03-11T12:42:47+07:00 [14515] DEBUG default - [User=Admin A. (Frc.booking@vistec.ac.th)] Failed validator layoutValidator [File=/var/www/html/booking/Pages/ActionPage.php,Line=117]
2019-03-11T12:43:54+07:00 [14516] DEBUG default - [User=Admin A. (Frc.booking@vistec.ac.th)] Validating daily layout [File=/var/www/html/booking/lib/Common/Validators/LayoutValidator.php,Line=59]
2019-03-11T12:43:54+07:00 [14516] DEBUG default - [User=Admin A. (Frc.booking@vistec.ac.th)] array (
  0 => '',
  1 => '09:00 - 12:00
13:00 - 16:00
16:00 - 19:00',
  2 => '09:00 - 12:00
13:00 - 16:00
16:00 - 19:00',
  3 => '09:00 - 12:00
13:00 - 16:00
16:00 - 19:00',
  4 => '09:00 - 12:00
13:00 - 16:00
16:00 - 19:00',
  5 => '09:00 - 12:00
13:00 - 16:00
16:00 - 19:00',
  6 => '',
) [File=/var/www/html/booking/lib/Common/Validators/LayoutValidator.php,Line=60]
2019-03-11T12:43:54+07:00 [14516] DEBUG default - [User=Admin A. (Frc.booking@vistec.ac.th)] Action passed all validations [File=/var/www/html/booking/Pages/ActionPage.php,Line=108]
2019-03-11T12:43:54+07:00 [14516] DEBUG default - [User=Admin A. (Frc.booking@vistec.ac.th)] Processing page action. Action changeLayout [File=/var/www/html/booking/Presenters/ActionPresenter.php,Line=88]
2019-03-11T12:43:54+07:00 [14516] DEBUG default - [User=Admin A. (Frc.booking@vistec.ac.th)] Changing layout for scheduleId=16. timezone=, usingSingleLayout= [File=/var/www/html/booking/Presenters/Admin/ManageSchedulesPresenter.php,Line=400]
2019-03-11T12:50:18+07:00 [14516] DEBUG default - [User=Admin A. (Frc.booking@vistec.ac.th)] Validating single layout [File=/var/www/html/booking/lib/Common/Validators/LayoutValidator.php,Line=71]
2019-03-11T12:50:18+07:00 [14516] DEBUG default - [User=Admin A. (Frc.booking@vistec.ac.th)] Action passed all validations [File=/var/www/html/booking/Pages/ActionPage.php,Line=108]
2019-03-11T12:50:18+07:00 [14516] DEBUG default - [User=Admin A. (Frc.booking@vistec.ac.th)] Processing page action. Action changeLayout [File=/var/www/html/booking/Presenters/ActionPresenter.php,Line=88]
2019-03-11T12:50:18+07:00 [14516] DEBUG default - [User=Admin A. (Frc.booking@vistec.ac.th)] Changing layout for scheduleId=12. timezone=, usingSingleLayout=1 [File=/var/www/html/booking/Presenters/Admin/ManageSchedulesPresenter.php,Line=400]
2019-03-11T12:51:13+07:00 [14516] DEBUG default - [User=Admin A. (Frc.booking@vistec.ac.th)] Action passed all validations [File=/var/www/html/booking/Pages/ActionPage.php,Line=108]
2019-03-11T12:51:13+07:00 [14516] DEBUG default - [User=Admin A. (Frc.booking@vistec.ac.th)] Processing page action. Action startDay [File=/var/www/html/booking/Presenters/ActionPresenter.php,Line=88]
2019-03-11T12:51:13+07:00 [14516] DEBUG default - [User=Admin A. (Frc.booking@vistec.ac.th)] Changing scheduleId 13, WeekdayStart: 1, DaysVisible  [File=/var/www/html/booking/Presenters/Admin/ManageSchedulesPresenter.php,Line=125]
2019-03-11T12:51:17+07:00 [14515] DEBUG default - [User=Admin A. (Frc.booking@vistec.ac.th)] Action passed all validations [File=/var/www/html/booking/Pages/ActionPage.php,Line=108]
2019-03-11T12:51:17+07:00 [14515] DEBUG default - [User=Admin A. (Frc.booking@vistec.ac.th)] Processing page action. Action startDay [File=/var/www/html/booking/Presenters/ActionPresenter.php,Line=88]
2019-03-11T12:51:17+07:00 [14515] DEBUG default - [User=Admin A. (Frc.booking@vistec.ac.th)] Changing scheduleId 12, WeekdayStart: 1, DaysVisible  [File=/var/www/html/booking/Presenters/Admin/ManageSchedulesPresenter.php,Line=125]
2019-03-11T12:51:34+07:00 [14516] DEBUG default - [User=Admin A. (Frc.booking@vistec.ac.th)] Action passed all validations [File=/var/www/html/booking/Pages/ActionPage.php,Line=108]
2019-03-11T12:51:34+07:00 [14516] DEBUG default - [User=Admin A. (Frc.booking@vistec.ac.th)] Processing page action. Action startDay [File=/var/www/html/booking/Presenters/ActionPresenter.php,Line=88]
2019-03-11T12:51:34+07:00 [14516] DEBUG default - [User=Admin A. (Frc.booking@vistec.ac.th)] Changing scheduleId 21, WeekdayStart: 1, DaysVisible  [File=/var/www/html/booking/Presenters/Admin/ManageSchedulesPresenter.php,Line=125]
2019-03-11T12:51:38+07:00 [14515] DEBUG default - [User=Admin A. (Frc.booking@vistec.ac.th)] Action passed all validations [File=/var/www/html/booking/Pages/ActionPage.php,Line=108]
2019-03-11T12:51:38+07:00 [14515] DEBUG default - [User=Admin A. (Frc.booking@vistec.ac.th)] Processing page action. Action startDay [File=/var/www/html/booking/Presenters/ActionPresenter.php,Line=88]
2019-03-11T12:51:38+07:00 [14515] DEBUG default - [User=Admin A. (Frc.booking@vistec.ac.th)] Changing scheduleId 20, WeekdayStart: 1, DaysVisible  [File=/var/www/html/booking/Presenters/Admin/ManageSchedulesPresenter.php,Line=125]
2019-03-11T12:51:43+07:00 [14516] DEBUG default - [User=Admin A. (Frc.booking@vistec.ac.th)] Action passed all validations [File=/var/www/html/booking/Pages/ActionPage.php,Line=108]
2019-03-11T12:51:43+07:00 [14516] DEBUG default - [User=Admin A. (Frc.booking@vistec.ac.th)] Processing page action. Action startDay [File=/var/www/html/booking/Presenters/ActionPresenter.php,Line=88]
2019-03-11T12:51:43+07:00 [14516] DEBUG default - [User=Admin A. (Frc.booking@vistec.ac.th)] Changing scheduleId 22, WeekdayStart: 1, DaysVisible  [File=/var/www/html/booking/Presenters/Admin/ManageSchedulesPresenter.php,Line=125]
2019-03-11T12:51:49+07:00 [14515] DEBUG default - [User=Admin A. (Frc.booking@vistec.ac.th)] Action passed all validations [File=/var/www/html/booking/Pages/ActionPage.php,Line=108]
2019-03-11T12:51:49+07:00 [14515] DEBUG default - [User=Admin A. (Frc.booking@vistec.ac.th)] Processing page action. Action startDay [File=/var/www/html/booking/Presenters/ActionPresenter.php,Line=88]
2019-03-11T12:51:49+07:00 [14515] DEBUG default - [User=Admin A. (Frc.booking@vistec.ac.th)] Changing scheduleId 16, WeekdayStart: 1, DaysVisible  [File=/var/www/html/booking/Presenters/Admin/ManageSchedulesPresenter.php,Line=125]
2019-03-11T12:55:40+07:00 [14516] DEBUG default - [User=Admin A. (Frc.booking@vistec.ac.th)] Action passed all validations [File=/var/www/html/booking/Pages/ActionPage.php,Line=108]
2019-03-11T12:55:40+07:00 [14516] DEBUG default - [User=Admin A. (Frc.booking@vistec.ac.th)] Processing page action. Action deleteAttribute [File=/var/www/html/booking/Presenters/ActionPresenter.php,Line=88]
2019-03-11T12:55:40+07:00 [14516] DEBUG default - [User=Admin A. (Frc.booking@vistec.ac.th)] Deleting attribute with id: 13 [File=/var/www/html/booking/Presenters/Admin/ManageAttributesPresenter.php,Line=83]
2019-03-11T12:56:49+07:00 [15262] DEBUG default - [User=Admin A. (Frc.booking@vistec.ac.th)] Action passed all validations [File=/var/www/html/booking/Pages/ActionPage.php,Line=108]
2019-03-11T12:56:49+07:00 [15262] DEBUG default - [User=Admin A. (Frc.booking@vistec.ac.th)] Processing page action. Action addAttribute [File=/var/www/html/booking/Presenters/ActionPresenter.php,Line=88]
2019-03-11T12:56:49+07:00 [15262] DEBUG default - [User=Admin A. (Frc.booking@vistec.ac.th)] Adding new attribute named: FRC items to be borrowed [File=/var/www/html/booking/Presenters/Admin/ManageAttributesPresenter.php,Line=71]
2019-03-11T12:57:41+07:00 [14516] DEBUG default - [User=Admin A. (Frc.booking@vistec.ac.th)] Action passed all validations [File=/var/www/html/booking/Pages/ActionPage.php,Line=108]
2019-03-11T12:57:41+07:00 [14516] DEBUG default - [User=Admin A. (Frc.booking@vistec.ac.th)] Processing page action. Action updateAttribute [File=/var/www/html/booking/Presenters/ActionPresenter.php,Line=88]
2019-03-11T12:57:41+07:00 [14516] DEBUG default - [User=Admin A. (Frc.booking@vistec.ac.th)] Updating attribute with id: 36 [File=/var/www/html/booking/Presenters/Admin/ManageAttributesPresenter.php,Line=98]
2019-03-11T12:58:55+07:00 [15262] DEBUG default - [User=Admin A. (Frc.booking@vistec.ac.th)] Action passed all validations [File=/var/www/html/booking/Pages/ActionPage.php,Line=108]
2019-03-11T12:58:55+07:00 [15262] DEBUG default - [User=Admin A. (Frc.booking@vistec.ac.th)] Processing page action. Action deleteAttribute [File=/var/www/html/booking/Presenters/ActionPresenter.php,Line=88]
2019-03-11T12:58:55+07:00 [15262] DEBUG default - [User=Admin A. (Frc.booking@vistec.ac.th)] Deleting attribute with id: 36 [File=/var/www/html/booking/Presenters/Admin/ManageAttributesPresenter.php,Line=83]
2019-03-11T13:01:28+07:00 [14515] DEBUG default - [User=Admin A. (Frc.booking@vistec.ac.th)] Action passed all validations [File=/var/www/html/booking/Pages/ActionPage.php,Line=108]
2019-03-11T13:01:28+07:00 [14515] DEBUG default - [User=Admin A. (Frc.booking@vistec.ac.th)] Processing page action. Action addAttribute [File=/var/www/html/booking/Presenters/ActionPresenter.php,Line=88]
2019-03-11T13:01:28+07:00 [14515] DEBUG default - [User=Admin A. (Frc.booking@vistec.ac.th)] Adding new attribute named: FRC items to be borrowed [File=/var/www/html/booking/Presenters/Admin/ManageAttributesPresenter.php,Line=71]
2019-03-11T13:16:41+07:00 [15262] DEBUG default - [User=Admin A. (Frc.booking@vistec.ac.th)] Action passed all validations [File=/var/www/html/booking/Pages/ActionPage.php,Line=108]
2019-03-11T13:16:41+07:00 [15262] DEBUG default - [User=Admin A. (Frc.booking@vistec.ac.th)] Processing page action. Action removeUserPermission [File=/var/www/html/booking/Presenters/ActionPresenter.php,Line=88]
2019-03-11T13:16:52+07:00 [14516] DEBUG default - [User=Admin A. (Frc.booking@vistec.ac.th)] Action passed all validations [File=/var/www/html/booking/Pages/ActionPage.php,Line=108]
2019-03-11T13:16:52+07:00 [14516] DEBUG default - [User=Admin A. (Frc.booking@vistec.ac.th)] Processing page action. Action addUserPermission [File=/var/www/html/booking/Presenters/ActionPresenter.php,Line=88]
2019-03-11T13:17:24+07:00 [15262] DEBUG default - [User=Admin A. (Frc.booking@vistec.ac.th)] Action passed all validations [File=/var/www/html/booking/Pages/ActionPage.php,Line=108]
2019-03-11T13:17:24+07:00 [15262] DEBUG default - [User=Admin A. (Frc.booking@vistec.ac.th)] Processing page action. Action addUserPermission [File=/var/www/html/booking/Presenters/ActionPresenter.php,Line=88]
2019-03-11T13:17:40+07:00 [14515] DEBUG default - [User=Admin A. (Frc.booking@vistec.ac.th)] Action passed all validations [File=/var/www/html/booking/Pages/ActionPage.php,Line=108]
2019-03-11T13:17:40+07:00 [14515] DEBUG default - [User=Admin A. (Frc.booking@vistec.ac.th)] Processing page action. Action addUserPermission [File=/var/www/html/booking/Presenters/ActionPresenter.php,Line=88]
2019-03-11T13:17:57+07:00 [15262] DEBUG default - [User=Admin A. (Frc.booking@vistec.ac.th)] Action passed all validations [File=/var/www/html/booking/Pages/ActionPage.php,Line=108]
2019-03-11T13:17:57+07:00 [15262] DEBUG default - [User=Admin A. (Frc.booking@vistec.ac.th)] Processing page action. Action addUserPermission [File=/var/www/html/booking/Presenters/ActionPresenter.php,Line=88]
2019-03-11T13:18:42+07:00 [14515] DEBUG default - [User=Admin A. (Frc.booking@vistec.ac.th)] Action passed all validations [File=/var/www/html/booking/Pages/ActionPage.php,Line=108]
2019-03-11T13:18:42+07:00 [14515] DEBUG default - [User=Admin A. (Frc.booking@vistec.ac.th)] Processing page action. Action addUserPermission [File=/var/www/html/booking/Presenters/ActionPresenter.php,Line=88]
2019-03-11T13:18:58+07:00 [14515] DEBUG default - [User=Admin A. (Frc.booking@vistec.ac.th)] Action passed all validations [File=/var/www/html/booking/Pages/ActionPage.php,Line=108]
2019-03-11T13:18:58+07:00 [14515] DEBUG default - [User=Admin A. (Frc.booking@vistec.ac.th)] Processing page action. Action addUserPermission [File=/var/www/html/booking/Presenters/ActionPresenter.php,Line=88]
2019-03-11T13:19:29+07:00 [15262] DEBUG default - [User=Admin A. (Frc.booking@vistec.ac.th)] Action passed all validations [File=/var/www/html/booking/Pages/ActionPage.php,Line=108]
2019-03-11T13:19:29+07:00 [15262] DEBUG default - [User=Admin A. (Frc.booking@vistec.ac.th)] Processing page action. Action addUserPermission [File=/var/www/html/booking/Presenters/ActionPresenter.php,Line=88]
2019-03-11T13:19:58+07:00 [14515] DEBUG default - [User=Admin A. (Frc.booking@vistec.ac.th)] Action passed all validations [File=/var/www/html/booking/Pages/ActionPage.php,Line=108]
2019-03-11T13:19:58+07:00 [14515] DEBUG default - [User=Admin A. (Frc.booking@vistec.ac.th)] Processing page action. Action addUserPermission [File=/var/www/html/booking/Presenters/ActionPresenter.php,Line=88]
2019-03-11T13:20:21+07:00 [14516] DEBUG default - [User=Admin A. (Frc.booking@vistec.ac.th)] Action passed all validations [File=/var/www/html/booking/Pages/ActionPage.php,Line=108]
2019-03-11T13:20:21+07:00 [14516] DEBUG default - [User=Admin A. (Frc.booking@vistec.ac.th)] Processing page action. Action addUserPermission [File=/var/www/html/booking/Presenters/ActionPresenter.php,Line=88]
2019-03-11T13:20:44+07:00 [14515] DEBUG default - [User=Admin A. (Frc.booking@vistec.ac.th)] Loading validators for addUser [File=/var/www/html/booking/Presenters/Admin/ManageUsersPresenter.php,Line=418]
2019-03-11T13:20:44+07:00 [14515] DEBUG default - [User=Admin A. (Frc.booking@vistec.ac.th)] Action passed all validations [File=/var/www/html/booking/Pages/ActionPage.php,Line=108]
2019-03-11T13:20:44+07:00 [14515] DEBUG default - [User=Admin A. (Frc.booking@vistec.ac.th)] Processing page action. Action addUser [File=/var/www/html/booking/Presenters/ActionPresenter.php,Line=88]
2019-03-11T13:20:44+07:00 [14515] DEBUG default - [User=Admin A. (Frc.booking@vistec.ac.th)] Sending AccountCreationForUserEmail email to: napatsorn.m@vistec.ac.th from: Frc.booking@vistec.ac.th [File=/var/www/html/booking/lib/Email/EmailService.php,Line=93]
2019-03-11T13:20:49+07:00 [14515] DEBUG default - [User=Admin A. (Frc.booking@vistec.ac.th)] Email send success: 1.  [File=/var/www/html/booking/lib/Email/EmailService.php,Line=105]
2019-03-11T13:21:20+07:00 [14515] DEBUG default - [User=Admin A. (Frc.booking@vistec.ac.th)] Action passed all validations [File=/var/www/html/booking/Pages/ActionPage.php,Line=108]
2019-03-11T13:21:20+07:00 [14515] DEBUG default - [User=Admin A. (Frc.booking@vistec.ac.th)] Processing page action. Action addUserPermission [File=/var/www/html/booking/Presenters/ActionPresenter.php,Line=88]
2019-03-11T13:25:18+07:00 [14516] DEBUG default - [User=Admin A. (Frc.booking@vistec.ac.th)] Action passed all validations [File=/var/www/html/booking/Pages/ActionPage.php,Line=108]
2019-03-11T13:25:18+07:00 [14516] DEBUG default - [User=Admin A. (Frc.booking@vistec.ac.th)] Processing page action. Action addUserPermission [File=/var/www/html/booking/Presenters/ActionPresenter.php,Line=88]
2019-03-11T13:25:24+07:00 [14516] DEBUG default - [User=Admin A. (Frc.booking@vistec.ac.th)] Loading validators for permissions [File=/var/www/html/booking/Presenters/Admin/ManageUsersPresenter.php,Line=418]
2019-03-11T13:25:24+07:00 [14516] DEBUG default - [User=Admin A. (Frc.booking@vistec.ac.th)] Action passed all validations [File=/var/www/html/booking/Pages/ActionPage.php,Line=108]
2019-03-11T13:25:24+07:00 [14516] DEBUG default - [User=Admin A. (Frc.booking@vistec.ac.th)] Processing page action. Action permissions [File=/var/www/html/booking/Presenters/ActionPresenter.php,Line=88]
2019-03-11T13:25:31+07:00 [14515] DEBUG default - [User=Admin A. (Frc.booking@vistec.ac.th)] Loading validators for permissions [File=/var/www/html/booking/Presenters/Admin/ManageUsersPresenter.php,Line=418]
2019-03-11T13:25:31+07:00 [14515] DEBUG default - [User=Admin A. (Frc.booking@vistec.ac.th)] Action passed all validations [File=/var/www/html/booking/Pages/ActionPage.php,Line=108]
2019-03-11T13:25:31+07:00 [14515] DEBUG default - [User=Admin A. (Frc.booking@vistec.ac.th)] Processing page action. Action permissions [File=/var/www/html/booking/Presenters/ActionPresenter.php,Line=88]
2019-03-11T13:25:33+07:00 [14515] DEBUG default - [User=Admin A. (Frc.booking@vistec.ac.th)] Action passed all validations [File=/var/www/html/booking/Pages/ActionPage.php,Line=108]
2019-03-11T13:25:33+07:00 [14515] DEBUG default - [User=Admin A. (Frc.booking@vistec.ac.th)] Processing page action. Action addUserPermission [File=/var/www/html/booking/Presenters/ActionPresenter.php,Line=88]
2019-03-11T13:25:54+07:00 [14515] DEBUG default - [User=Admin A. (Frc.booking@vistec.ac.th)] Action passed all validations [File=/var/www/html/booking/Pages/ActionPage.php,Line=108]
2019-03-11T13:25:54+07:00 [14515] DEBUG default - [User=Admin A. (Frc.booking@vistec.ac.th)] Processing page action. Action addUserPermission [File=/var/www/html/booking/Presenters/ActionPresenter.php,Line=88]
2019-03-11T13:26:22+07:00 [15262] DEBUG default - [User=Admin A. (Frc.booking@vistec.ac.th)] Action passed all validations [File=/var/www/html/booking/Pages/ActionPage.php,Line=108]
2019-03-11T13:26:22+07:00 [15262] DEBUG default - [User=Admin A. (Frc.booking@vistec.ac.th)] Processing page action. Action addUserPermission [File=/var/www/html/booking/Presenters/ActionPresenter.php,Line=88]
2019-03-11T13:27:06+07:00 [14516] DEBUG default - [User=Admin A. (Frc.booking@vistec.ac.th)] Action passed all validations [File=/var/www/html/booking/Pages/ActionPage.php,Line=108]
2019-03-11T13:27:06+07:00 [14516] DEBUG default - [User=Admin A. (Frc.booking@vistec.ac.th)] Processing page action. Action addUserPermission [File=/var/www/html/booking/Presenters/ActionPresenter.php,Line=88]
2019-03-11T13:28:04+07:00 [14515] DEBUG default - [User=Admin A. (Frc.booking@vistec.ac.th)] Action passed all validations [File=/var/www/html/booking/Pages/ActionPage.php,Line=108]
2019-03-11T13:28:04+07:00 [14515] DEBUG default - [User=Admin A. (Frc.booking@vistec.ac.th)] Processing page action. Action removeUserPermission [File=/var/www/html/booking/Presenters/ActionPresenter.php,Line=88]
2019-03-11T13:28:10+07:00 [14516] DEBUG default - [User=Admin A. (Frc.booking@vistec.ac.th)] Action passed all validations [File=/var/www/html/booking/Pages/ActionPage.php,Line=108]
2019-03-11T13:28:10+07:00 [14516] DEBUG default - [User=Admin A. (Frc.booking@vistec.ac.th)] Processing page action. Action removeUserPermission [File=/var/www/html/booking/Presenters/ActionPresenter.php,Line=88]
2019-03-11T13:28:13+07:00 [15262] DEBUG default - [User=Admin A. (Frc.booking@vistec.ac.th)] changed FilterUserId [File=/var/www/html/booking/Domain/Values/UserPreferences.php,Line=106]
2019-03-11T13:28:13+07:00 [15262] DEBUG default - [User=Admin A. (Frc.booking@vistec.ac.th)] changed FilterUserName [File=/var/www/html/booking/Domain/Values/UserPreferences.php,Line=106]
2019-03-11T13:28:32+07:00 [14515] DEBUG default - [User=Admin A. (Frc.booking@vistec.ac.th)] Loading validators for permissions [File=/var/www/html/booking/Presenters/Admin/ManageUsersPresenter.php,Line=418]
2019-03-11T13:28:32+07:00 [14515] DEBUG default - [User=Admin A. (Frc.booking@vistec.ac.th)] Action passed all validations [File=/var/www/html/booking/Pages/ActionPage.php,Line=108]
2019-03-11T13:28:32+07:00 [14515] DEBUG default - [User=Admin A. (Frc.booking@vistec.ac.th)] Processing page action. Action permissions [File=/var/www/html/booking/Presenters/ActionPresenter.php,Line=88]
2019-03-11T13:28:47+07:00 [14516] DEBUG default - [User=Admin A. (Frc.booking@vistec.ac.th)] Action passed all validations [File=/var/www/html/booking/Pages/ActionPage.php,Line=108]
2019-03-11T13:28:47+07:00 [14516] DEBUG default - [User=Admin A. (Frc.booking@vistec.ac.th)] Processing page action. Action addUserPermission [File=/var/www/html/booking/Presenters/ActionPresenter.php,Line=88]
2019-03-11T13:29:37+07:00 [15262] DEBUG default - [User=Admin A. (Frc.booking@vistec.ac.th)] Action passed all validations [File=/var/www/html/booking/Pages/ActionPage.php,Line=108]
2019-03-11T13:29:37+07:00 [15262] DEBUG default - [User=Admin A. (Frc.booking@vistec.ac.th)] Processing page action. Action addUserPermission [File=/var/www/html/booking/Presenters/ActionPresenter.php,Line=88]
2019-03-11T13:31:08+07:00 [14516] DEBUG default - [User=Admin A. (Frc.booking@vistec.ac.th)] Action passed all validations [File=/var/www/html/booking/Pages/ActionPage.php,Line=108]
2019-03-11T13:31:08+07:00 [14516] DEBUG default - [User=Admin A. (Frc.booking@vistec.ac.th)] Processing page action. Action addUserPermission [File=/var/www/html/booking/Presenters/ActionPresenter.php,Line=88]
2019-03-11T13:32:16+07:00 [14515] DEBUG default - [User=Admin A. (Frc.booking@vistec.ac.th)] Action passed all validations [File=/var/www/html/booking/Pages/ActionPage.php,Line=108]
2019-03-11T13:32:16+07:00 [14515] DEBUG default - [User=Admin A. (Frc.booking@vistec.ac.th)] Processing page action. Action addUserPermission [File=/var/www/html/booking/Presenters/ActionPresenter.php,Line=88]
2019-03-11T13:32:50+07:00 [15262] DEBUG default - [User=Admin A. (Frc.booking@vistec.ac.th)] Action passed all validations [File=/var/www/html/booking/Pages/ActionPage.php,Line=108]
2019-03-11T13:32:50+07:00 [15262] DEBUG default - [User=Admin A. (Frc.booking@vistec.ac.th)] Processing page action. Action addUserPermission [File=/var/www/html/booking/Presenters/ActionPresenter.php,Line=88]
2019-03-11T13:33:22+07:00 [14516] DEBUG default - [User=Admin A. (Frc.booking@vistec.ac.th)] Action passed all validations [File=/var/www/html/booking/Pages/ActionPage.php,Line=108]
2019-03-11T13:33:22+07:00 [14516] DEBUG default - [User=Admin A. (Frc.booking@vistec.ac.th)] Processing page action. Action addUserPermission [File=/var/www/html/booking/Presenters/ActionPresenter.php,Line=88]
2019-03-11T13:33:44+07:00 [15262] DEBUG default - [User=Admin A. (Frc.booking@vistec.ac.th)] Action passed all validations [File=/var/www/html/booking/Pages/ActionPage.php,Line=108]
2019-03-11T13:33:44+07:00 [15262] DEBUG default - [User=Admin A. (Frc.booking@vistec.ac.th)] Processing page action. Action addUserPermission [File=/var/www/html/booking/Presenters/ActionPresenter.php,Line=88]
2019-03-11T13:34:08+07:00 [14516] DEBUG default - [User=Admin A. (Frc.booking@vistec.ac.th)] Action passed all validations [File=/var/www/html/booking/Pages/ActionPage.php,Line=108]
2019-03-11T13:34:08+07:00 [14516] DEBUG default - [User=Admin A. (Frc.booking@vistec.ac.th)] Processing page action. Action addUserPermission [File=/var/www/html/booking/Presenters/ActionPresenter.php,Line=88]
2019-03-11T13:34:19+07:00 [15262] DEBUG default - [User=Admin A. (Frc.booking@vistec.ac.th)] Action passed all validations [File=/var/www/html/booking/Pages/ActionPage.php,Line=108]
2019-03-11T13:34:19+07:00 [15262] DEBUG default - [User=Admin A. (Frc.booking@vistec.ac.th)] Processing page action. Action addUserPermission [File=/var/www/html/booking/Presenters/ActionPresenter.php,Line=88]
2019-03-11T13:34:59+07:00 [14516] DEBUG default - [User=Admin A. (Frc.booking@vistec.ac.th)] Action passed all validations [File=/var/www/html/booking/Pages/ActionPage.php,Line=108]
2019-03-11T13:34:59+07:00 [14516] DEBUG default - [User=Admin A. (Frc.booking@vistec.ac.th)] Processing page action. Action addUserPermission [File=/var/www/html/booking/Presenters/ActionPresenter.php,Line=88]
2019-03-11T13:35:09+07:00 [14516] DEBUG default - [User=Admin A. (Frc.booking@vistec.ac.th)] Action passed all validations [File=/var/www/html/booking/Pages/ActionPage.php,Line=108]
2019-03-11T13:35:09+07:00 [14516] DEBUG default - [User=Admin A. (Frc.booking@vistec.ac.th)] Processing page action. Action addUserPermission [File=/var/www/html/booking/Presenters/ActionPresenter.php,Line=88]
2019-03-11T13:35:23+07:00 [15262] DEBUG default - [User=Admin A. (Frc.booking@vistec.ac.th)] Action passed all validations [File=/var/www/html/booking/Pages/ActionPage.php,Line=108]
2019-03-11T13:35:23+07:00 [15262] DEBUG default - [User=Admin A. (Frc.booking@vistec.ac.th)] Processing page action. Action addUserPermission [File=/var/www/html/booking/Presenters/ActionPresenter.php,Line=88]
2019-03-11T13:35:30+07:00 [14515] DEBUG default - [User=Admin A. (Frc.booking@vistec.ac.th)] Action passed all validations [File=/var/www/html/booking/Pages/ActionPage.php,Line=108]
2019-03-11T13:35:30+07:00 [14515] DEBUG default - [User=Admin A. (Frc.booking@vistec.ac.th)] Processing page action. Action addUserPermission [File=/var/www/html/booking/Presenters/ActionPresenter.php,Line=88]
2019-03-11T13:35:37+07:00 [15262] DEBUG default - [User=Admin A. (Frc.booking@vistec.ac.th)] Action passed all validations [File=/var/www/html/booking/Pages/ActionPage.php,Line=108]
2019-03-11T13:35:37+07:00 [15262] DEBUG default - [User=Admin A. (Frc.booking@vistec.ac.th)] Processing page action. Action addUserPermission [File=/var/www/html/booking/Presenters/ActionPresenter.php,Line=88]
2019-03-11T13:35:43+07:00 [14515] DEBUG default - [User=Admin A. (Frc.booking@vistec.ac.th)] Action passed all validations [File=/var/www/html/booking/Pages/ActionPage.php,Line=108]
2019-03-11T13:35:43+07:00 [14515] DEBUG default - [User=Admin A. (Frc.booking@vistec.ac.th)] Processing page action. Action addUserPermission [File=/var/www/html/booking/Presenters/ActionPresenter.php,Line=88]
2019-03-11T13:35:53+07:00 [14515] DEBUG default - [User=Admin A. (Frc.booking@vistec.ac.th)] Action passed all validations [File=/var/www/html/booking/Pages/ActionPage.php,Line=108]
2019-03-11T13:35:53+07:00 [14515] DEBUG default - [User=Admin A. (Frc.booking@vistec.ac.th)] Processing page action. Action addUserPermission [File=/var/www/html/booking/Presenters/ActionPresenter.php,Line=88]
2019-03-11T13:36:04+07:00 [14516] DEBUG default - [User=Admin A. (Frc.booking@vistec.ac.th)] Action passed all validations [File=/var/www/html/booking/Pages/ActionPage.php,Line=108]
2019-03-11T13:36:04+07:00 [14516] DEBUG default - [User=Admin A. (Frc.booking@vistec.ac.th)] Processing page action. Action addUserPermission [File=/var/www/html/booking/Presenters/ActionPresenter.php,Line=88]
2019-03-11T13:36:34+07:00 [15262] DEBUG default - [User=Admin A. (Frc.booking@vistec.ac.th)] Action passed all validations [File=/var/www/html/booking/Pages/ActionPage.php,Line=108]
2019-03-11T13:36:34+07:00 [15262] DEBUG default - [User=Admin A. (Frc.booking@vistec.ac.th)] Processing page action. Action addUserPermission [File=/var/www/html/booking/Presenters/ActionPresenter.php,Line=88]
2019-03-11T13:36:42+07:00 [15262] DEBUG default - [User=Admin A. (Frc.booking@vistec.ac.th)] Action passed all validations [File=/var/www/html/booking/Pages/ActionPage.php,Line=108]
2019-03-11T13:36:42+07:00 [15262] DEBUG default - [User=Admin A. (Frc.booking@vistec.ac.th)] Processing page action. Action addUserPermission [File=/var/www/html/booking/Presenters/ActionPresenter.php,Line=88]
2019-03-11T13:36:50+07:00 [14516] DEBUG default - [User=Admin A. (Frc.booking@vistec.ac.th)] Action passed all validations [File=/var/www/html/booking/Pages/ActionPage.php,Line=108]
2019-03-11T13:36:50+07:00 [14516] DEBUG default - [User=Admin A. (Frc.booking@vistec.ac.th)] Processing page action. Action addUserPermission [File=/var/www/html/booking/Presenters/ActionPresenter.php,Line=88]
2019-03-11T13:37:17+07:00 [14516] DEBUG default - [User=Admin A. (Frc.booking@vistec.ac.th)] Action passed all validations [File=/var/www/html/booking/Pages/ActionPage.php,Line=108]
2019-03-11T13:37:17+07:00 [14516] DEBUG default - [User=Admin A. (Frc.booking@vistec.ac.th)] Processing page action. Action addUserPermission [File=/var/www/html/booking/Presenters/ActionPresenter.php,Line=88]
2019-03-11T13:38:14+07:00 [15262] DEBUG default - [User=Admin A. (Frc.booking@vistec.ac.th)] Action passed all validations [File=/var/www/html/booking/Pages/ActionPage.php,Line=108]
2019-03-11T13:38:14+07:00 [15262] DEBUG default - [User=Admin A. (Frc.booking@vistec.ac.th)] Processing page action. Action addUserPermission [File=/var/www/html/booking/Presenters/ActionPresenter.php,Line=88]
2019-03-11T13:38:24+07:00 [14515] DEBUG default - [User=Admin A. (Frc.booking@vistec.ac.th)] Action passed all validations [File=/var/www/html/booking/Pages/ActionPage.php,Line=108]
2019-03-11T13:38:24+07:00 [14515] DEBUG default - [User=Admin A. (Frc.booking@vistec.ac.th)] Processing page action. Action addUserPermission [File=/var/www/html/booking/Presenters/ActionPresenter.php,Line=88]
2019-03-11T13:38:41+07:00 [14516] DEBUG default - [User=Admin A. (Frc.booking@vistec.ac.th)] Action passed all validations [File=/var/www/html/booking/Pages/ActionPage.php,Line=108]
2019-03-11T13:38:41+07:00 [14516] DEBUG default - [User=Admin A. (Frc.booking@vistec.ac.th)] Processing page action. Action addUserPermission [File=/var/www/html/booking/Presenters/ActionPresenter.php,Line=88]
2019-03-11T13:38:49+07:00 [14516] DEBUG default - [User=Admin A. (Frc.booking@vistec.ac.th)] Action passed all validations [File=/var/www/html/booking/Pages/ActionPage.php,Line=108]
2019-03-11T13:38:49+07:00 [14516] DEBUG default - [User=Admin A. (Frc.booking@vistec.ac.th)] Processing page action. Action addUserPermission [File=/var/www/html/booking/Presenters/ActionPresenter.php,Line=88]
2019-03-11T13:38:55+07:00 [15262] DEBUG default - [User=Admin A. (Frc.booking@vistec.ac.th)] Action passed all validations [File=/var/www/html/booking/Pages/ActionPage.php,Line=108]
2019-03-11T13:38:55+07:00 [15262] DEBUG default - [User=Admin A. (Frc.booking@vistec.ac.th)] Processing page action. Action addUserPermission [File=/var/www/html/booking/Presenters/ActionPresenter.php,Line=88]
2019-03-11T13:39:01+07:00 [15262] DEBUG default - [User=Admin A. (Frc.booking@vistec.ac.th)] Action passed all validations [File=/var/www/html/booking/Pages/ActionPage.php,Line=108]
2019-03-11T13:39:01+07:00 [15262] DEBUG default - [User=Admin A. (Frc.booking@vistec.ac.th)] Processing page action. Action addUserPermission [File=/var/www/html/booking/Presenters/ActionPresenter.php,Line=88]
2019-03-11T13:39:04+07:00 [15262] DEBUG default - [User=Admin A. (Frc.booking@vistec.ac.th)] Action passed all validations [File=/var/www/html/booking/Pages/ActionPage.php,Line=108]
2019-03-11T13:39:04+07:00 [15262] DEBUG default - [User=Admin A. (Frc.booking@vistec.ac.th)] Processing page action. Action addUserPermission [File=/var/www/html/booking/Presenters/ActionPresenter.php,Line=88]
2019-03-11T13:39:25+07:00 [15262] DEBUG default - [User=Admin A. (Frc.booking@vistec.ac.th)] Action passed all validations [File=/var/www/html/booking/Pages/ActionPage.php,Line=108]
2019-03-11T13:39:25+07:00 [15262] DEBUG default - [User=Admin A. (Frc.booking@vistec.ac.th)] Processing page action. Action addUserPermission [File=/var/www/html/booking/Presenters/ActionPresenter.php,Line=88]
2019-03-11T13:39:34+07:00 [14516] DEBUG default - [User=Admin A. (Frc.booking@vistec.ac.th)] Action passed all validations [File=/var/www/html/booking/Pages/ActionPage.php,Line=108]
2019-03-11T13:39:34+07:00 [14516] DEBUG default - [User=Admin A. (Frc.booking@vistec.ac.th)] Processing page action. Action addUserPermission [File=/var/www/html/booking/Presenters/ActionPresenter.php,Line=88]
2019-03-11T13:39:41+07:00 [15262] DEBUG default - [User=Admin A. (Frc.booking@vistec.ac.th)] Action passed all validations [File=/var/www/html/booking/Pages/ActionPage.php,Line=108]
2019-03-11T13:39:41+07:00 [15262] DEBUG default - [User=Admin A. (Frc.booking@vistec.ac.th)] Processing page action. Action addUserPermission [File=/var/www/html/booking/Presenters/ActionPresenter.php,Line=88]
2019-03-11T13:39:56+07:00 [14516] DEBUG default - [User=Admin A. (Frc.booking@vistec.ac.th)] Action passed all validations [File=/var/www/html/booking/Pages/ActionPage.php,Line=108]
2019-03-11T13:39:56+07:00 [14516] DEBUG default - [User=Admin A. (Frc.booking@vistec.ac.th)] Processing page action. Action addUserPermission [File=/var/www/html/booking/Presenters/ActionPresenter.php,Line=88]
2019-03-11T13:40:05+07:00 [14515] DEBUG default - [User=Admin A. (Frc.booking@vistec.ac.th)] Action passed all validations [File=/var/www/html/booking/Pages/ActionPage.php,Line=108]
2019-03-11T13:40:05+07:00 [14515] DEBUG default - [User=Admin A. (Frc.booking@vistec.ac.th)] Processing page action. Action addUserPermission [File=/var/www/html/booking/Presenters/ActionPresenter.php,Line=88]
2019-03-11T13:40:15+07:00 [15262] DEBUG default - [User=Admin A. (Frc.booking@vistec.ac.th)] Action passed all validations [File=/var/www/html/booking/Pages/ActionPage.php,Line=108]
2019-03-11T13:40:15+07:00 [15262] DEBUG default - [User=Admin A. (Frc.booking@vistec.ac.th)] Processing page action. Action addUserPermission [File=/var/www/html/booking/Presenters/ActionPresenter.php,Line=88]
2019-03-11T13:40:38+07:00 [15262] DEBUG default - [User=Admin A. (Frc.booking@vistec.ac.th)] Action passed all validations [File=/var/www/html/booking/Pages/ActionPage.php,Line=108]
2019-03-11T13:40:38+07:00 [15262] DEBUG default - [User=Admin A. (Frc.booking@vistec.ac.th)] Processing page action. Action addUserPermission [File=/var/www/html/booking/Presenters/ActionPresenter.php,Line=88]
2019-03-11T13:40:47+07:00 [15262] DEBUG default - [User=Admin A. (Frc.booking@vistec.ac.th)] Action passed all validations [File=/var/www/html/booking/Pages/ActionPage.php,Line=108]
2019-03-11T13:40:47+07:00 [15262] DEBUG default - [User=Admin A. (Frc.booking@vistec.ac.th)] Processing page action. Action addUserPermission [File=/var/www/html/booking/Presenters/ActionPresenter.php,Line=88]
2019-03-11T13:40:54+07:00 [15262] DEBUG default - [User=Admin A. (Frc.booking@vistec.ac.th)] Action passed all validations [File=/var/www/html/booking/Pages/ActionPage.php,Line=108]
2019-03-11T13:40:54+07:00 [15262] DEBUG default - [User=Admin A. (Frc.booking@vistec.ac.th)] Processing page action. Action addUserPermission [File=/var/www/html/booking/Presenters/ActionPresenter.php,Line=88]
2019-03-11T13:41:01+07:00 [15262] DEBUG default - [User=Admin A. (Frc.booking@vistec.ac.th)] Action passed all validations [File=/var/www/html/booking/Pages/ActionPage.php,Line=108]
2019-03-11T13:41:01+07:00 [15262] DEBUG default - [User=Admin A. (Frc.booking@vistec.ac.th)] Processing page action. Action addUserPermission [File=/var/www/html/booking/Presenters/ActionPresenter.php,Line=88]
2019-03-11T13:41:08+07:00 [14516] DEBUG default - [User=Admin A. (Frc.booking@vistec.ac.th)] Action passed all validations [File=/var/www/html/booking/Pages/ActionPage.php,Line=108]
2019-03-11T13:41:08+07:00 [14516] DEBUG default - [User=Admin A. (Frc.booking@vistec.ac.th)] Processing page action. Action addUserPermission [File=/var/www/html/booking/Presenters/ActionPresenter.php,Line=88]
2019-03-11T13:41:18+07:00 [15262] DEBUG default - [User=Admin A. (Frc.booking@vistec.ac.th)] Action passed all validations [File=/var/www/html/booking/Pages/ActionPage.php,Line=108]
2019-03-11T13:41:18+07:00 [15262] DEBUG default - [User=Admin A. (Frc.booking@vistec.ac.th)] Processing page action. Action addUserPermission [File=/var/www/html/booking/Presenters/ActionPresenter.php,Line=88]
2019-03-11T13:41:28+07:00 [14515] DEBUG default - [User=Admin A. (Frc.booking@vistec.ac.th)] Action passed all validations [File=/var/www/html/booking/Pages/ActionPage.php,Line=108]
2019-03-11T13:41:28+07:00 [14515] DEBUG default - [User=Admin A. (Frc.booking@vistec.ac.th)] Processing page action. Action addUserPermission [File=/var/www/html/booking/Presenters/ActionPresenter.php,Line=88]
2019-03-11T13:41:33+07:00 [14515] DEBUG default - [User=Admin A. (Frc.booking@vistec.ac.th)] Action passed all validations [File=/var/www/html/booking/Pages/ActionPage.php,Line=108]
2019-03-11T13:41:33+07:00 [14515] DEBUG default - [User=Admin A. (Frc.booking@vistec.ac.th)] Processing page action. Action addUserPermission [File=/var/www/html/booking/Presenters/ActionPresenter.php,Line=88]
2019-03-11T13:41:44+07:00 [14515] DEBUG default - [User=Admin A. (Frc.booking@vistec.ac.th)] Action passed all validations [File=/var/www/html/booking/Pages/ActionPage.php,Line=108]
2019-03-11T13:41:44+07:00 [14515] DEBUG default - [User=Admin A. (Frc.booking@vistec.ac.th)] Processing page action. Action addUserPermission [File=/var/www/html/booking/Presenters/ActionPresenter.php,Line=88]
2019-03-11T13:41:50+07:00 [14515] DEBUG default - [User=Admin A. (Frc.booking@vistec.ac.th)] Action passed all validations [File=/var/www/html/booking/Pages/ActionPage.php,Line=108]
2019-03-11T13:41:50+07:00 [14515] DEBUG default - [User=Admin A. (Frc.booking@vistec.ac.th)] Processing page action. Action addUserPermission [File=/var/www/html/booking/Presenters/ActionPresenter.php,Line=88]
2019-03-11T13:42:02+07:00 [14515] DEBUG default - [User=Admin A. (Frc.booking@vistec.ac.th)] Action passed all validations [File=/var/www/html/booking/Pages/ActionPage.php,Line=108]
2019-03-11T13:42:02+07:00 [14515] DEBUG default - [User=Admin A. (Frc.booking@vistec.ac.th)] Processing page action. Action addUserPermission [File=/var/www/html/booking/Presenters/ActionPresenter.php,Line=88]
2019-03-11T13:42:18+07:00 [15262] DEBUG default - [User=Admin A. (Frc.booking@vistec.ac.th)] Action passed all validations [File=/var/www/html/booking/Pages/ActionPage.php,Line=108]
2019-03-11T13:42:18+07:00 [15262] DEBUG default - [User=Admin A. (Frc.booking@vistec.ac.th)] Processing page action. Action addUserPermission [File=/var/www/html/booking/Presenters/ActionPresenter.php,Line=88]
2019-03-11T13:42:33+07:00 [14515] DEBUG default - [User=Admin A. (Frc.booking@vistec.ac.th)] Action passed all validations [File=/var/www/html/booking/Pages/ActionPage.php,Line=108]
2019-03-11T13:42:33+07:00 [14515] DEBUG default - [User=Admin A. (Frc.booking@vistec.ac.th)] Processing page action. Action addUserPermission [File=/var/www/html/booking/Presenters/ActionPresenter.php,Line=88]
2019-03-11T13:42:43+07:00 [15262] DEBUG default - [User=Admin A. (Frc.booking@vistec.ac.th)] Action passed all validations [File=/var/www/html/booking/Pages/ActionPage.php,Line=108]
2019-03-11T13:42:43+07:00 [15262] DEBUG default - [User=Admin A. (Frc.booking@vistec.ac.th)] Processing page action. Action addUserPermission [File=/var/www/html/booking/Presenters/ActionPresenter.php,Line=88]
2019-03-11T13:43:13+07:00 [15262] DEBUG default - [User=Admin A. (Frc.booking@vistec.ac.th)] Action passed all validations [File=/var/www/html/booking/Pages/ActionPage.php,Line=108]
2019-03-11T13:43:13+07:00 [15262] DEBUG default - [User=Admin A. (Frc.booking@vistec.ac.th)] Processing page action. Action addUserPermission [File=/var/www/html/booking/Presenters/ActionPresenter.php,Line=88]
2019-03-11T13:43:21+07:00 [14516] DEBUG default - [User=Admin A. (Frc.booking@vistec.ac.th)] Action passed all validations [File=/var/www/html/booking/Pages/ActionPage.php,Line=108]
2019-03-11T13:43:21+07:00 [14516] DEBUG default - [User=Admin A. (Frc.booking@vistec.ac.th)] Processing page action. Action addUserPermission [File=/var/www/html/booking/Presenters/ActionPresenter.php,Line=88]
2019-03-11T13:43:32+07:00 [14515] DEBUG default - [User=Admin A. (Frc.booking@vistec.ac.th)] Action passed all validations [File=/var/www/html/booking/Pages/ActionPage.php,Line=108]
2019-03-11T13:43:32+07:00 [14515] DEBUG default - [User=Admin A. (Frc.booking@vistec.ac.th)] Processing page action. Action addUserPermission [File=/var/www/html/booking/Presenters/ActionPresenter.php,Line=88]
2019-03-11T13:43:38+07:00 [14516] DEBUG default - [User=Admin A. (Frc.booking@vistec.ac.th)] Action passed all validations [File=/var/www/html/booking/Pages/ActionPage.php,Line=108]
2019-03-11T13:43:38+07:00 [14516] DEBUG default - [User=Admin A. (Frc.booking@vistec.ac.th)] Processing page action. Action addUserPermission [File=/var/www/html/booking/Presenters/ActionPresenter.php,Line=88]
2019-03-11T13:44:00+07:00 [15262] DEBUG default - [User=Admin A. (Frc.booking@vistec.ac.th)] Action passed all validations [File=/var/www/html/booking/Pages/ActionPage.php,Line=108]
2019-03-11T13:44:00+07:00 [15262] DEBUG default - [User=Admin A. (Frc.booking@vistec.ac.th)] Processing page action. Action addUserPermission [File=/var/www/html/booking/Presenters/ActionPresenter.php,Line=88]
2019-03-11T13:44:32+07:00 [15262] DEBUG default - [User=Admin A. (Frc.booking@vistec.ac.th)] Action passed all validations [File=/var/www/html/booking/Pages/ActionPage.php,Line=108]
2019-03-11T13:44:32+07:00 [15262] DEBUG default - [User=Admin A. (Frc.booking@vistec.ac.th)] Processing page action. Action addUserPermission [File=/var/www/html/booking/Presenters/ActionPresenter.php,Line=88]
2019-03-11T13:44:47+07:00 [14515] DEBUG default - [User=Admin A. (Frc.booking@vistec.ac.th)] Action passed all validations [File=/var/www/html/booking/Pages/ActionPage.php,Line=108]
2019-03-11T13:44:47+07:00 [14515] DEBUG default - [User=Admin A. (Frc.booking@vistec.ac.th)] Processing page action. Action addUserPermission [File=/var/www/html/booking/Presenters/ActionPresenter.php,Line=88]
2019-03-11T13:45:03+07:00 [14516] DEBUG default - [User=Admin A. (Frc.booking@vistec.ac.th)] Action passed all validations [File=/var/www/html/booking/Pages/ActionPage.php,Line=108]
2019-03-11T13:45:03+07:00 [14516] DEBUG default - [User=Admin A. (Frc.booking@vistec.ac.th)] Processing page action. Action addUserPermission [File=/var/www/html/booking/Presenters/ActionPresenter.php,Line=88]
2019-03-11T13:45:15+07:00 [15262] DEBUG default - [User=Admin A. (Frc.booking@vistec.ac.th)] Loading validators for addUser [File=/var/www/html/booking/Presenters/Admin/ManageUsersPresenter.php,Line=418]
2019-03-11T13:45:15+07:00 [15262] DEBUG default - [User=Admin A. (Frc.booking@vistec.ac.th)] Action passed all validations [File=/var/www/html/booking/Pages/ActionPage.php,Line=108]
2019-03-11T13:45:15+07:00 [15262] DEBUG default - [User=Admin A. (Frc.booking@vistec.ac.th)] Processing page action. Action addUser [File=/var/www/html/booking/Presenters/ActionPresenter.php,Line=88]
2019-03-11T13:45:15+07:00 [15262] DEBUG default - [User=Admin A. (Frc.booking@vistec.ac.th)] Sending AccountCreationForUserEmail email to: ratchawan.j@vistec.ac.th from: Frc.booking@vistec.ac.th [File=/var/www/html/booking/lib/Email/EmailService.php,Line=93]
2019-03-11T13:45:18+07:00 [15262] DEBUG default - [User=Admin A. (Frc.booking@vistec.ac.th)] Email send success: 1.  [File=/var/www/html/booking/lib/Email/EmailService.php,Line=105]
2019-03-11T13:45:18+07:00 [14516] DEBUG default - [User=Admin A. (Frc.booking@vistec.ac.th)] Action passed all validations [File=/var/www/html/booking/Pages/ActionPage.php,Line=108]
2019-03-11T13:45:18+07:00 [14516] DEBUG default - [User=Admin A. (Frc.booking@vistec.ac.th)] Processing page action. Action addUserPermission [File=/var/www/html/booking/Presenters/ActionPresenter.php,Line=88]
2019-03-11T13:45:27+07:00 [14516] DEBUG default - [User=Admin A. (Frc.booking@vistec.ac.th)] Action passed all validations [File=/var/www/html/booking/Pages/ActionPage.php,Line=108]
2019-03-11T13:45:27+07:00 [14516] DEBUG default - [User=Admin A. (Frc.booking@vistec.ac.th)] Processing page action. Action addUserPermission [File=/var/www/html/booking/Presenters/ActionPresenter.php,Line=88]
2019-03-11T13:45:41+07:00 [14516] DEBUG default - [User=Admin A. (Frc.booking@vistec.ac.th)] Action passed all validations [File=/var/www/html/booking/Pages/ActionPage.php,Line=108]
2019-03-11T13:45:41+07:00 [14516] DEBUG default - [User=Admin A. (Frc.booking@vistec.ac.th)] Processing page action. Action addUserPermission [File=/var/www/html/booking/Presenters/ActionPresenter.php,Line=88]
2019-03-11T13:45:49+07:00 [15262] DEBUG default - [User=Admin A. (Frc.booking@vistec.ac.th)] Action passed all validations [File=/var/www/html/booking/Pages/ActionPage.php,Line=108]
2019-03-11T13:45:49+07:00 [15262] DEBUG default - [User=Admin A. (Frc.booking@vistec.ac.th)] Processing page action. Action addUserPermission [File=/var/www/html/booking/Presenters/ActionPresenter.php,Line=88]
2019-03-11T13:45:56+07:00 [14515] DEBUG default - [User=Admin A. (Frc.booking@vistec.ac.th)] Action passed all validations [File=/var/www/html/booking/Pages/ActionPage.php,Line=108]
2019-03-11T13:45:56+07:00 [14515] DEBUG default - [User=Admin A. (Frc.booking@vistec.ac.th)] Processing page action. Action addUserPermission [File=/var/www/html/booking/Presenters/ActionPresenter.php,Line=88]
2019-03-11T13:46:03+07:00 [14515] DEBUG default - [User=Admin A. (Frc.booking@vistec.ac.th)] Action passed all validations [File=/var/www/html/booking/Pages/ActionPage.php,Line=108]
2019-03-11T13:46:03+07:00 [14515] DEBUG default - [User=Admin A. (Frc.booking@vistec.ac.th)] Processing page action. Action addUserPermission [File=/var/www/html/booking/Presenters/ActionPresenter.php,Line=88]
2019-03-11T13:46:12+07:00 [15262] DEBUG default - [User=Admin A. (Frc.booking@vistec.ac.th)] Action passed all validations [File=/var/www/html/booking/Pages/ActionPage.php,Line=108]
2019-03-11T13:46:12+07:00 [15262] DEBUG default - [User=Admin A. (Frc.booking@vistec.ac.th)] Processing page action. Action addUserPermission [File=/var/www/html/booking/Presenters/ActionPresenter.php,Line=88]
2019-03-11T13:46:20+07:00 [14515] DEBUG default - [User=Admin A. (Frc.booking@vistec.ac.th)] Action passed all validations [File=/var/www/html/booking/Pages/ActionPage.php,Line=108]
2019-03-11T13:46:20+07:00 [14515] DEBUG default - [User=Admin A. (Frc.booking@vistec.ac.th)] Processing page action. Action addUserPermission [File=/var/www/html/booking/Presenters/ActionPresenter.php,Line=88]
2019-03-11T13:46:27+07:00 [14516] DEBUG default - [User=Admin A. (Frc.booking@vistec.ac.th)] Action passed all validations [File=/var/www/html/booking/Pages/ActionPage.php,Line=108]
2019-03-11T13:46:27+07:00 [14516] DEBUG default - [User=Admin A. (Frc.booking@vistec.ac.th)] Processing page action. Action addUserPermission [File=/var/www/html/booking/Presenters/ActionPresenter.php,Line=88]
2019-03-11T13:47:00+07:00 [15262] DEBUG default - [User=Admin A. (Frc.booking@vistec.ac.th)] Action passed all validations [File=/var/www/html/booking/Pages/ActionPage.php,Line=108]
2019-03-11T13:47:00+07:00 [15262] DEBUG default - [User=Admin A. (Frc.booking@vistec.ac.th)] Processing page action. Action addUserPermission [File=/var/www/html/booking/Presenters/ActionPresenter.php,Line=88]
2019-03-11T13:47:22+07:00 [14515] DEBUG default - [User=Admin A. (Frc.booking@vistec.ac.th)] Action passed all validations [File=/var/www/html/booking/Pages/ActionPage.php,Line=108]
2019-03-11T13:47:22+07:00 [14515] DEBUG default - [User=Admin A. (Frc.booking@vistec.ac.th)] Processing page action. Action addUserPermission [File=/var/www/html/booking/Presenters/ActionPresenter.php,Line=88]
2019-03-11T13:47:30+07:00 [15262] DEBUG default - [User=Admin A. (Frc.booking@vistec.ac.th)] Action passed all validations [File=/var/www/html/booking/Pages/ActionPage.php,Line=108]
2019-03-11T13:47:30+07:00 [15262] DEBUG default - [User=Admin A. (Frc.booking@vistec.ac.th)] Processing page action. Action addUserPermission [File=/var/www/html/booking/Presenters/ActionPresenter.php,Line=88]
2019-03-11T13:48:10+07:00 [14515] DEBUG default - [User=Admin A. (Frc.booking@vistec.ac.th)] Action passed all validations [File=/var/www/html/booking/Pages/ActionPage.php,Line=108]
2019-03-11T13:48:10+07:00 [14515] DEBUG default - [User=Admin A. (Frc.booking@vistec.ac.th)] Processing page action. Action addUserPermission [File=/var/www/html/booking/Presenters/ActionPresenter.php,Line=88]
2019-03-11T13:48:15+07:00 [15262] DEBUG default - [User=Admin A. (Frc.booking@vistec.ac.th)] Action passed all validations [File=/var/www/html/booking/Pages/ActionPage.php,Line=108]
2019-03-11T13:48:15+07:00 [15262] DEBUG default - [User=Admin A. (Frc.booking@vistec.ac.th)] Processing page action. Action addUserPermission [File=/var/www/html/booking/Presenters/ActionPresenter.php,Line=88]
2019-03-11T13:48:20+07:00 [14515] DEBUG default - [User=Admin A. (Frc.booking@vistec.ac.th)] Action passed all validations [File=/var/www/html/booking/Pages/ActionPage.php,Line=108]
2019-03-11T13:48:20+07:00 [14515] DEBUG default - [User=Admin A. (Frc.booking@vistec.ac.th)] Processing page action. Action addUserPermission [File=/var/www/html/booking/Presenters/ActionPresenter.php,Line=88]
2019-03-11T13:48:26+07:00 [14515] DEBUG default - [User=Admin A. (Frc.booking@vistec.ac.th)] Action passed all validations [File=/var/www/html/booking/Pages/ActionPage.php,Line=108]
2019-03-11T13:48:26+07:00 [14515] DEBUG default - [User=Admin A. (Frc.booking@vistec.ac.th)] Processing page action. Action addUserPermission [File=/var/www/html/booking/Presenters/ActionPresenter.php,Line=88]
2019-03-11T13:48:38+07:00 [14516] DEBUG default - [User=Admin A. (Frc.booking@vistec.ac.th)] Action passed all validations [File=/var/www/html/booking/Pages/ActionPage.php,Line=108]
2019-03-11T13:48:38+07:00 [14516] DEBUG default - [User=Admin A. (Frc.booking@vistec.ac.th)] Processing page action. Action addUserPermission [File=/var/www/html/booking/Presenters/ActionPresenter.php,Line=88]
2019-03-11T13:48:43+07:00 [14516] DEBUG default - [User=Admin A. (Frc.booking@vistec.ac.th)] Action passed all validations [File=/var/www/html/booking/Pages/ActionPage.php,Line=108]
2019-03-11T13:48:43+07:00 [14516] DEBUG default - [User=Admin A. (Frc.booking@vistec.ac.th)] Processing page action. Action removeUserPermission [File=/var/www/html/booking/Presenters/ActionPresenter.php,Line=88]
2019-03-11T13:48:44+07:00 [14515] DEBUG default - [User=Admin A. (Frc.booking@vistec.ac.th)] Action passed all validations [File=/var/www/html/booking/Pages/ActionPage.php,Line=108]
2019-03-11T13:48:44+07:00 [14515] DEBUG default - [User=Admin A. (Frc.booking@vistec.ac.th)] Processing page action. Action removeUserPermission [File=/var/www/html/booking/Presenters/ActionPresenter.php,Line=88]
2019-03-11T13:48:45+07:00 [15262] DEBUG default - [User=Admin A. (Frc.booking@vistec.ac.th)] Action passed all validations [File=/var/www/html/booking/Pages/ActionPage.php,Line=108]
2019-03-11T13:48:45+07:00 [15262] DEBUG default - [User=Admin A. (Frc.booking@vistec.ac.th)] Processing page action. Action removeUserPermission [File=/var/www/html/booking/Presenters/ActionPresenter.php,Line=88]
2019-03-11T13:48:47+07:00 [14516] DEBUG default - [User=Admin A. (Frc.booking@vistec.ac.th)] Action passed all validations [File=/var/www/html/booking/Pages/ActionPage.php,Line=108]
2019-03-11T13:48:47+07:00 [14516] DEBUG default - [User=Admin A. (Frc.booking@vistec.ac.th)] Processing page action. Action removeUserPermission [File=/var/www/html/booking/Presenters/ActionPresenter.php,Line=88]
2019-03-11T13:49:17+07:00 [15262] DEBUG default - [User=Admin A. (Frc.booking@vistec.ac.th)] Action passed all validations [File=/var/www/html/booking/Pages/ActionPage.php,Line=108]
2019-03-11T13:49:17+07:00 [15262] DEBUG default - [User=Admin A. (Frc.booking@vistec.ac.th)] Processing page action. Action addUserPermission [File=/var/www/html/booking/Presenters/ActionPresenter.php,Line=88]
2019-03-11T13:49:27+07:00 [15262] DEBUG default - [User=Admin A. (Frc.booking@vistec.ac.th)] Action passed all validations [File=/var/www/html/booking/Pages/ActionPage.php,Line=108]
2019-03-11T13:49:27+07:00 [15262] DEBUG default - [User=Admin A. (Frc.booking@vistec.ac.th)] Processing page action. Action addUserPermission [File=/var/www/html/booking/Presenters/ActionPresenter.php,Line=88]
2019-03-11T13:49:33+07:00 [14515] DEBUG default - [User=Admin A. (Frc.booking@vistec.ac.th)] Action passed all validations [File=/var/www/html/booking/Pages/ActionPage.php,Line=108]
2019-03-11T13:49:33+07:00 [14515] DEBUG default - [User=Admin A. (Frc.booking@vistec.ac.th)] Processing page action. Action addUserPermission [File=/var/www/html/booking/Presenters/ActionPresenter.php,Line=88]
2019-03-11T13:49:45+07:00 [15262] DEBUG default - [User=Admin A. (Frc.booking@vistec.ac.th)] Action passed all validations [File=/var/www/html/booking/Pages/ActionPage.php,Line=108]
2019-03-11T13:49:45+07:00 [15262] DEBUG default - [User=Admin A. (Frc.booking@vistec.ac.th)] Processing page action. Action addUserPermission [File=/var/www/html/booking/Presenters/ActionPresenter.php,Line=88]
2019-03-11T13:49:51+07:00 [15262] DEBUG default - [User=Admin A. (Frc.booking@vistec.ac.th)] Action passed all validations [File=/var/www/html/booking/Pages/ActionPage.php,Line=108]
2019-03-11T13:49:51+07:00 [15262] DEBUG default - [User=Admin A. (Frc.booking@vistec.ac.th)] Processing page action. Action addUserPermission [File=/var/www/html/booking/Presenters/ActionPresenter.php,Line=88]
2019-03-11T13:50:16+07:00 [14515] DEBUG default - [User=Admin A. (Frc.booking@vistec.ac.th)] Action passed all validations [File=/var/www/html/booking/Pages/ActionPage.php,Line=108]
2019-03-11T13:50:16+07:00 [14515] DEBUG default - [User=Admin A. (Frc.booking@vistec.ac.th)] Processing page action. Action addUserPermission [File=/var/www/html/booking/Presenters/ActionPresenter.php,Line=88]
2019-03-11T13:51:48+07:00 [15262] DEBUG default - [User=Admin A. (Frc.booking@vistec.ac.th)] Action passed all validations [File=/var/www/html/booking/Pages/ActionPage.php,Line=108]
2019-03-11T13:51:48+07:00 [15262] DEBUG default - [User=Admin A. (Frc.booking@vistec.ac.th)] Processing page action. Action addUserPermission [File=/var/www/html/booking/Presenters/ActionPresenter.php,Line=88]
2019-03-11T13:53:35+07:00 [14516] DEBUG default - [User=Admin A. (Frc.booking@vistec.ac.th)] Action passed all validations [File=/var/www/html/booking/Pages/ActionPage.php,Line=108]
2019-03-11T13:53:35+07:00 [14516] DEBUG default - [User=Admin A. (Frc.booking@vistec.ac.th)] Processing page action. Action addUserPermission [File=/var/www/html/booking/Presenters/ActionPresenter.php,Line=88]
2019-03-11T13:53:48+07:00 [15262] DEBUG default - [User=Admin A. (Frc.booking@vistec.ac.th)] Action passed all validations [File=/var/www/html/booking/Pages/ActionPage.php,Line=108]
2019-03-11T13:53:48+07:00 [15262] DEBUG default - [User=Admin A. (Frc.booking@vistec.ac.th)] Processing page action. Action addUserPermission [File=/var/www/html/booking/Presenters/ActionPresenter.php,Line=88]
2019-03-11T13:54:09+07:00 [14515] DEBUG default - [User=Admin A. (Frc.booking@vistec.ac.th)] Action passed all validations [File=/var/www/html/booking/Pages/ActionPage.php,Line=108]
2019-03-11T13:54:09+07:00 [14515] DEBUG default - [User=Admin A. (Frc.booking@vistec.ac.th)] Processing page action. Action addUserPermission [File=/var/www/html/booking/Presenters/ActionPresenter.php,Line=88]
2019-03-11T13:54:29+07:00 [14515] DEBUG default - [User=Admin A. (Frc.booking@vistec.ac.th)] Action passed all validations [File=/var/www/html/booking/Pages/ActionPage.php,Line=108]
2019-03-11T13:54:29+07:00 [14515] DEBUG default - [User=Admin A. (Frc.booking@vistec.ac.th)] Processing page action. Action addUserPermission [File=/var/www/html/booking/Presenters/ActionPresenter.php,Line=88]
2019-03-11T13:54:41+07:00 [15262] DEBUG default - [User=Admin A. (Frc.booking@vistec.ac.th)] Action passed all validations [File=/var/www/html/booking/Pages/ActionPage.php,Line=108]
2019-03-11T13:54:41+07:00 [15262] DEBUG default - [User=Admin A. (Frc.booking@vistec.ac.th)] Processing page action. Action addUserPermission [File=/var/www/html/booking/Presenters/ActionPresenter.php,Line=88]
2019-03-11T13:54:58+07:00 [14515] DEBUG default - [User=Admin A. (Frc.booking@vistec.ac.th)] Action passed all validations [File=/var/www/html/booking/Pages/ActionPage.php,Line=108]
2019-03-11T13:54:58+07:00 [14515] DEBUG default - [User=Admin A. (Frc.booking@vistec.ac.th)] Processing page action. Action addUserPermission [File=/var/www/html/booking/Presenters/ActionPresenter.php,Line=88]
2019-03-11T13:55:13+07:00 [14516] DEBUG default - [User=Admin A. (Frc.booking@vistec.ac.th)] Action passed all validations [File=/var/www/html/booking/Pages/ActionPage.php,Line=108]
2019-03-11T13:55:13+07:00 [14516] DEBUG default - [User=Admin A. (Frc.booking@vistec.ac.th)] Processing page action. Action addUserPermission [File=/var/www/html/booking/Presenters/ActionPresenter.php,Line=88]
2019-03-11T13:55:20+07:00 [14516] DEBUG default - [User=Admin A. (Frc.booking@vistec.ac.th)] Action passed all validations [File=/var/www/html/booking/Pages/ActionPage.php,Line=108]
2019-03-11T13:55:20+07:00 [14516] DEBUG default - [User=Admin A. (Frc.booking@vistec.ac.th)] Processing page action. Action addUserPermission [File=/var/www/html/booking/Presenters/ActionPresenter.php,Line=88]
2019-03-11T13:55:37+07:00 [14515] DEBUG default - [User=Admin A. (Frc.booking@vistec.ac.th)] Action passed all validations [File=/var/www/html/booking/Pages/ActionPage.php,Line=108]
2019-03-11T13:55:37+07:00 [14515] DEBUG default - [User=Admin A. (Frc.booking@vistec.ac.th)] Processing page action. Action addUserPermission [File=/var/www/html/booking/Presenters/ActionPresenter.php,Line=88]
2019-03-11T13:55:45+07:00 [15262] DEBUG default - [User=Admin A. (Frc.booking@vistec.ac.th)] Action passed all validations [File=/var/www/html/booking/Pages/ActionPage.php,Line=108]
2019-03-11T13:55:45+07:00 [15262] DEBUG default - [User=Admin A. (Frc.booking@vistec.ac.th)] Processing page action. Action addUserPermission [File=/var/www/html/booking/Presenters/ActionPresenter.php,Line=88]
2019-03-11T13:55:52+07:00 [15262] DEBUG default - [User=Admin A. (Frc.booking@vistec.ac.th)] Action passed all validations [File=/var/www/html/booking/Pages/ActionPage.php,Line=108]
2019-03-11T13:55:52+07:00 [15262] DEBUG default - [User=Admin A. (Frc.booking@vistec.ac.th)] Processing page action. Action addUserPermission [File=/var/www/html/booking/Presenters/ActionPresenter.php,Line=88]
2019-03-11T13:56:06+07:00 [14516] DEBUG default - [User=Admin A. (Frc.booking@vistec.ac.th)] Action passed all validations [File=/var/www/html/booking/Pages/ActionPage.php,Line=108]
2019-03-11T13:56:06+07:00 [14516] DEBUG default - [User=Admin A. (Frc.booking@vistec.ac.th)] Processing page action. Action addUserPermission [File=/var/www/html/booking/Presenters/ActionPresenter.php,Line=88]
2019-03-11T13:56:15+07:00 [14516] DEBUG default - [User=Admin A. (Frc.booking@vistec.ac.th)] Action passed all validations [File=/var/www/html/booking/Pages/ActionPage.php,Line=108]
2019-03-11T13:56:15+07:00 [14516] DEBUG default - [User=Admin A. (Frc.booking@vistec.ac.th)] Processing page action. Action addUserPermission [File=/var/www/html/booking/Presenters/ActionPresenter.php,Line=88]
2019-03-11T13:56:28+07:00 [14515] DEBUG default - [User=Admin A. (Frc.booking@vistec.ac.th)] Action passed all validations [File=/var/www/html/booking/Pages/ActionPage.php,Line=108]
2019-03-11T13:56:28+07:00 [14515] DEBUG default - [User=Admin A. (Frc.booking@vistec.ac.th)] Processing page action. Action addUserPermission [File=/var/www/html/booking/Presenters/ActionPresenter.php,Line=88]
2019-03-11T13:56:37+07:00 [14516] DEBUG default - [User=Admin A. (Frc.booking@vistec.ac.th)] Action passed all validations [File=/var/www/html/booking/Pages/ActionPage.php,Line=108]
2019-03-11T13:56:37+07:00 [14516] DEBUG default - [User=Admin A. (Frc.booking@vistec.ac.th)] Processing page action. Action addUserPermission [File=/var/www/html/booking/Presenters/ActionPresenter.php,Line=88]
2019-03-11T13:56:49+07:00 [15262] DEBUG default - [User=Admin A. (Frc.booking@vistec.ac.th)] Action passed all validations [File=/var/www/html/booking/Pages/ActionPage.php,Line=108]
2019-03-11T13:56:49+07:00 [15262] DEBUG default - [User=Admin A. (Frc.booking@vistec.ac.th)] Processing page action. Action addUserPermission [File=/var/www/html/booking/Presenters/ActionPresenter.php,Line=88]
2019-03-11T13:57:03+07:00 [14515] DEBUG default - [User=Admin A. (Frc.booking@vistec.ac.th)] Action passed all validations [File=/var/www/html/booking/Pages/ActionPage.php,Line=108]
2019-03-11T13:57:03+07:00 [14515] DEBUG default - [User=Admin A. (Frc.booking@vistec.ac.th)] Processing page action. Action addUserPermission [File=/var/www/html/booking/Presenters/ActionPresenter.php,Line=88]
2019-03-11T13:57:11+07:00 [15262] DEBUG default - [User=Admin A. (Frc.booking@vistec.ac.th)] Action passed all validations [File=/var/www/html/booking/Pages/ActionPage.php,Line=108]
2019-03-11T13:57:11+07:00 [15262] DEBUG default - [User=Admin A. (Frc.booking@vistec.ac.th)] Processing page action. Action addUserPermission [File=/var/www/html/booking/Presenters/ActionPresenter.php,Line=88]
2019-03-11T13:57:17+07:00 [14515] DEBUG default - [User=Admin A. (Frc.booking@vistec.ac.th)] Action passed all validations [File=/var/www/html/booking/Pages/ActionPage.php,Line=108]
2019-03-11T13:57:17+07:00 [14515] DEBUG default - [User=Admin A. (Frc.booking@vistec.ac.th)] Processing page action. Action addUserPermission [File=/var/www/html/booking/Presenters/ActionPresenter.php,Line=88]
2019-03-11T13:57:24+07:00 [15262] DEBUG default - [User=Admin A. (Frc.booking@vistec.ac.th)] Action passed all validations [File=/var/www/html/booking/Pages/ActionPage.php,Line=108]
2019-03-11T13:57:24+07:00 [15262] DEBUG default - [User=Admin A. (Frc.booking@vistec.ac.th)] Processing page action. Action addUserPermission [File=/var/www/html/booking/Presenters/ActionPresenter.php,Line=88]
2019-03-11T13:57:31+07:00 [14516] DEBUG default - [User=Admin A. (Frc.booking@vistec.ac.th)] Action passed all validations [File=/var/www/html/booking/Pages/ActionPage.php,Line=108]
2019-03-11T13:57:31+07:00 [14516] DEBUG default - [User=Admin A. (Frc.booking@vistec.ac.th)] Processing page action. Action addUserPermission [File=/var/www/html/booking/Presenters/ActionPresenter.php,Line=88]
2019-03-11T13:57:37+07:00 [14515] DEBUG default - [User=Admin A. (Frc.booking@vistec.ac.th)] Action passed all validations [File=/var/www/html/booking/Pages/ActionPage.php,Line=108]
2019-03-11T13:57:37+07:00 [14515] DEBUG default - [User=Admin A. (Frc.booking@vistec.ac.th)] Processing page action. Action addUserPermission [File=/var/www/html/booking/Presenters/ActionPresenter.php,Line=88]
2019-03-11T13:57:40+07:00 [15262] DEBUG default - [User=Admin A. (Frc.booking@vistec.ac.th)] Action passed all validations [File=/var/www/html/booking/Pages/ActionPage.php,Line=108]
2019-03-11T13:57:40+07:00 [15262] DEBUG default - [User=Admin A. (Frc.booking@vistec.ac.th)] Processing page action. Action removeUserPermission [File=/var/www/html/booking/Presenters/ActionPresenter.php,Line=88]
2019-03-11T13:57:43+07:00 [14515] DEBUG default - [User=Admin A. (Frc.booking@vistec.ac.th)] Action passed all validations [File=/var/www/html/booking/Pages/ActionPage.php,Line=108]
2019-03-11T13:57:43+07:00 [14515] DEBUG default - [User=Admin A. (Frc.booking@vistec.ac.th)] Processing page action. Action addUserPermission [File=/var/www/html/booking/Presenters/ActionPresenter.php,Line=88]
2019-03-11T13:57:55+07:00 [15262] DEBUG default - [User=Admin A. (Frc.booking@vistec.ac.th)] Action passed all validations [File=/var/www/html/booking/Pages/ActionPage.php,Line=108]
2019-03-11T13:57:55+07:00 [15262] DEBUG default - [User=Admin A. (Frc.booking@vistec.ac.th)] Processing page action. Action addUserPermission [File=/var/www/html/booking/Presenters/ActionPresenter.php,Line=88]
2019-03-11T13:59:25+07:00 [14516] DEBUG default - [User=Admin A. (Frc.booking@vistec.ac.th)] Action passed all validations [File=/var/www/html/booking/Pages/ActionPage.php,Line=108]
2019-03-11T13:59:25+07:00 [14516] DEBUG default - [User=Admin A. (Frc.booking@vistec.ac.th)] Processing page action. Action addUserPermission [File=/var/www/html/booking/Presenters/ActionPresenter.php,Line=88]
2019-03-11T13:59:49+07:00 [15262] DEBUG default - [User=Admin A. (Frc.booking@vistec.ac.th)] Action passed all validations [File=/var/www/html/booking/Pages/ActionPage.php,Line=108]
2019-03-11T13:59:49+07:00 [15262] DEBUG default - [User=Admin A. (Frc.booking@vistec.ac.th)] Processing page action. Action addAttribute [File=/var/www/html/booking/Presenters/ActionPresenter.php,Line=88]
2019-03-11T13:59:49+07:00 [15262] DEBUG default - [User=Admin A. (Frc.booking@vistec.ac.th)] Adding new attribute named: Remark(s), if any [File=/var/www/html/booking/Presenters/Admin/ManageAttributesPresenter.php,Line=71]
2019-03-11T14:01:18+07:00 [14516] DEBUG default - [User=Admin A. (Frc.booking@vistec.ac.th)] Action passed all validations [File=/var/www/html/booking/Pages/ActionPage.php,Line=108]
2019-03-11T14:01:18+07:00 [14516] DEBUG default - [User=Admin A. (Frc.booking@vistec.ac.th)] Processing page action. Action addAttribute [File=/var/www/html/booking/Presenters/ActionPresenter.php,Line=88]
2019-03-11T14:01:18+07:00 [14516] DEBUG default - [User=Admin A. (Frc.booking@vistec.ac.th)] Adding new attribute named: Number of sample [File=/var/www/html/booking/Presenters/Admin/ManageAttributesPresenter.php,Line=71]
2019-03-11T14:01:34+07:00 [15262] DEBUG default - [User=Admin A. (Frc.booking@vistec.ac.th)] Action passed all validations [File=/var/www/html/booking/Pages/ActionPage.php,Line=108]
2019-03-11T14:01:34+07:00 [15262] DEBUG default - [User=Admin A. (Frc.booking@vistec.ac.th)] Processing page action. Action updateAttribute [File=/var/www/html/booking/Presenters/ActionPresenter.php,Line=88]
2019-03-11T14:01:34+07:00 [15262] DEBUG default - [User=Admin A. (Frc.booking@vistec.ac.th)] Updating attribute with id: 39 [File=/var/www/html/booking/Presenters/Admin/ManageAttributesPresenter.php,Line=98]
2019-03-11T14:04:33+07:00 [14515] DEBUG default - [User=Admin A. (Frc.booking@vistec.ac.th)] Action passed all validations [File=/var/www/html/booking/Pages/ActionPage.php,Line=108]
2019-03-11T14:04:33+07:00 [14515] DEBUG default - [User=Admin A. (Frc.booking@vistec.ac.th)] Processing page action. Action addAttribute [File=/var/www/html/booking/Presenters/ActionPresenter.php,Line=88]
2019-03-11T14:04:33+07:00 [14515] DEBUG default - [User=Admin A. (Frc.booking@vistec.ac.th)] Adding new attribute named: FRC items to be borrowed [File=/var/www/html/booking/Presenters/Admin/ManageAttributesPresenter.php,Line=71]
2019-03-11T14:05:06+07:00 [14515] DEBUG default - [User=Admin A. (Frc.booking@vistec.ac.th)] Action passed all validations [File=/var/www/html/booking/Pages/ActionPage.php,Line=108]
2019-03-11T14:05:06+07:00 [14515] DEBUG default - [User=Admin A. (Frc.booking@vistec.ac.th)] Processing page action. Action updateAttribute [File=/var/www/html/booking/Presenters/ActionPresenter.php,Line=88]
2019-03-11T14:05:06+07:00 [14515] DEBUG default - [User=Admin A. (Frc.booking@vistec.ac.th)] Updating attribute with id: 38 [File=/var/www/html/booking/Presenters/Admin/ManageAttributesPresenter.php,Line=98]
2019-03-11T17:11:55+07:00 [15262] DEBUG default - [User=Admin A. (Frc.booking@vistec.ac.th)] changed FilterResourceId [File=/var/www/html/booking/Domain/Values/UserPreferences.php,Line=106]
2019-03-11T17:11:55+07:00 [15262] DEBUG default - [User=Admin A. (Frc.booking@vistec.ac.th)] changed FilterResourceStatusId [File=/var/www/html/booking/Domain/Values/UserPreferences.php,Line=106]
