2019-03-18T08:40:06+07:00 [5873] DEBUG default - [User=Admin A. (Frc.booking@vistec.ac.th)] Loading validators for permissions [File=/var/www/html/booking/Presenters/Admin/ManageUsersPresenter.php,Line=418]
2019-03-18T08:40:06+07:00 [5873] DEBUG default - [User=Admin A. (Frc.booking@vistec.ac.th)] Action passed all validations [File=/var/www/html/booking/Pages/ActionPage.php,Line=108]
2019-03-18T08:40:06+07:00 [5873] DEBUG default - [User=Admin A. (Frc.booking@vistec.ac.th)] Processing page action. Action permissions [File=/var/www/html/booking/Presenters/ActionPresenter.php,Line=88]
2019-03-18T08:40:26+07:00 [7859] DEBUG default - [User=Admin A. (Frc.booking@vistec.ac.th)] Loading validators for permissions [File=/var/www/html/booking/Presenters/Admin/ManageUsersPresenter.php,Line=418]
2019-03-18T08:40:26+07:00 [7859] DEBUG default - [User=Admin A. (Frc.booking@vistec.ac.th)] Action passed all validations [File=/var/www/html/booking/Pages/ActionPage.php,Line=108]
2019-03-18T08:40:26+07:00 [7859] DEBUG default - [User=Admin A. (Frc.booking@vistec.ac.th)] Processing page action. Action permissions [File=/var/www/html/booking/Presenters/ActionPresenter.php,Line=88]
2019-03-18T08:41:35+07:00 [7859] DEBUG default - [User=Admin A. (Frc.booking@vistec.ac.th)] Loading validators for permissions [File=/var/www/html/booking/Presenters/Admin/ManageUsersPresenter.php,Line=418]
2019-03-18T08:41:35+07:00 [7859] DEBUG default - [User=Admin A. (Frc.booking@vistec.ac.th)] Action passed all validations [File=/var/www/html/booking/Pages/ActionPage.php,Line=108]
2019-03-18T08:41:35+07:00 [7859] DEBUG default - [User=Admin A. (Frc.booking@vistec.ac.th)] Processing page action. Action permissions [File=/var/www/html/booking/Presenters/ActionPresenter.php,Line=88]
2019-03-18T08:41:51+07:00 [7854] DEBUG default - [User=Admin A. (Frc.booking@vistec.ac.th)] Loading validators for permissions [File=/var/www/html/booking/Presenters/Admin/ManageUsersPresenter.php,Line=418]
2019-03-18T08:41:51+07:00 [7854] DEBUG default - [User=Admin A. (Frc.booking@vistec.ac.th)] Action passed all validations [File=/var/www/html/booking/Pages/ActionPage.php,Line=108]
2019-03-18T08:41:51+07:00 [7854] DEBUG default - [User=Admin A. (Frc.booking@vistec.ac.th)] Processing page action. Action permissions [File=/var/www/html/booking/Presenters/ActionPresenter.php,Line=88]
2019-03-18T09:10:23+07:00 [7859] DEBUG default - [User=Admin A. (Frc.booking@vistec.ac.th)] Action passed all validations [File=/var/www/html/booking/Pages/ActionPage.php,Line=108]
2019-03-18T09:10:23+07:00 [7859] DEBUG default - [User=Admin A. (Frc.booking@vistec.ac.th)] Processing page action. Action addUserPermission [File=/var/www/html/booking/Presenters/ActionPresenter.php,Line=88]
2019-03-18T09:43:09+07:00 [7854] DEBUG default - [User=Pompamz A (pp.pompamz@gmail.com)] added FilterStartDateDelta [File=/var/www/html/booking/Domain/Values/UserPreferences.php,Line=113]
2019-03-18T09:43:09+07:00 [7854] DEBUG default - [User=Pompamz A (pp.pompamz@gmail.com)] added FilterEndDateDelta [File=/var/www/html/booking/Domain/Values/UserPreferences.php,Line=113]
2019-03-18T09:43:09+07:00 [7854] DEBUG default - [User=Pompamz A (pp.pompamz@gmail.com)] added FilterUserId [File=/var/www/html/booking/Domain/Values/UserPreferences.php,Line=113]
2019-03-18T09:43:09+07:00 [7854] DEBUG default - [User=Pompamz A (pp.pompamz@gmail.com)] added FilterUserName [File=/var/www/html/booking/Domain/Values/UserPreferences.php,Line=113]
2019-03-18T09:43:09+07:00 [7854] DEBUG default - [User=Pompamz A (pp.pompamz@gmail.com)] added FilterScheduleId [File=/var/www/html/booking/Domain/Values/UserPreferences.php,Line=113]
2019-03-18T09:43:09+07:00 [7854] DEBUG default - [User=Pompamz A (pp.pompamz@gmail.com)] added FilterResourceId [File=/var/www/html/booking/Domain/Values/UserPreferences.php,Line=113]
2019-03-18T09:43:09+07:00 [7854] DEBUG default - [User=Pompamz A (pp.pompamz@gmail.com)] added FilterReservationStatusId [File=/var/www/html/booking/Domain/Values/UserPreferences.php,Line=113]
2019-03-18T09:43:09+07:00 [7854] DEBUG default - [User=Pompamz A (pp.pompamz@gmail.com)] added FilterReferenceNumber [File=/var/www/html/booking/Domain/Values/UserPreferences.php,Line=113]
2019-03-18T09:43:09+07:00 [7854] DEBUG default - [User=Pompamz A (pp.pompamz@gmail.com)] added FilterResourceStatusId [File=/var/www/html/booking/Domain/Values/UserPreferences.php,Line=113]
2019-03-18T09:43:09+07:00 [7854] DEBUG default - [User=Pompamz A (pp.pompamz@gmail.com)] added FilterResourceReasonId [File=/var/www/html/booking/Domain/Values/UserPreferences.php,Line=113]
2019-03-18T09:43:09+07:00 [7854] DEBUG default - [User=Pompamz A (pp.pompamz@gmail.com)] added FilterCustomAttributes [File=/var/www/html/booking/Domain/Values/UserPreferences.php,Line=113]
2019-03-18T09:43:42+07:00 [7859] DEBUG default - [User=Pompamz A (pp.pompamz@gmail.com)] changed FilterResourceId [File=/var/www/html/booking/Domain/Values/UserPreferences.php,Line=106]
2019-03-18T10:06:27+07:00 [7859] DEBUG default - [User=Pompamz A (pp.pompamz@gmail.com)] Action passed all validations [File=/var/www/html/booking/Pages/ActionPage.php,Line=108]
2019-03-18T10:06:27+07:00 [7859] DEBUG default - [User=Pompamz A (pp.pompamz@gmail.com)] Processing page action. Action addUserPermission [File=/var/www/html/booking/Presenters/ActionPresenter.php,Line=88]
2019-03-18T10:24:44+07:00 [5873] DEBUG default - [User=Admin A. (Frc.booking@vistec.ac.th)] Action passed all validations [File=/var/www/html/booking/Pages/ActionPage.php,Line=108]
2019-03-18T10:24:44+07:00 [5873] DEBUG default - [User=Admin A. (Frc.booking@vistec.ac.th)] Processing page action. Action addUserPermission [File=/var/www/html/booking/Presenters/ActionPresenter.php,Line=88]
2019-03-18T11:42:19+07:00 [11548] DEBUG default - [User=Admin A. (Frc.booking@vistec.ac.th)] Action passed all validations [File=/var/www/html/booking/Pages/ActionPage.php,Line=108]
2019-03-18T11:42:19+07:00 [11548] DEBUG default - [User=Admin A. (Frc.booking@vistec.ac.th)] Processing page action. Action add [File=/var/www/html/booking/Presenters/ActionPresenter.php,Line=88]
2019-03-18T11:44:08+07:00 [11548] DEBUG default - [User=Admin A. (Frc.booking@vistec.ac.th)] Action passed all validations [File=/var/www/html/booking/Pages/ActionPage.php,Line=108]
2019-03-18T11:44:08+07:00 [11548] DEBUG default - [User=Admin A. (Frc.booking@vistec.ac.th)] Processing page action. Action addUserPermission [File=/var/www/html/booking/Presenters/ActionPresenter.php,Line=88]
2019-03-18T11:44:48+07:00 [7859] DEBUG default - [User=Admin A. (Frc.booking@vistec.ac.th)] Action passed all validations [File=/var/www/html/booking/Pages/ActionPage.php,Line=108]
2019-03-18T11:44:48+07:00 [7859] DEBUG default - [User=Admin A. (Frc.booking@vistec.ac.th)] Processing page action. Action add [File=/var/www/html/booking/Presenters/ActionPresenter.php,Line=88]
2019-03-18T11:44:49+07:00 [7859] DEBUG default - [User=Admin A. (Frc.booking@vistec.ac.th)] ReservationConflictDelete delete lise. Ids=622 [File=/var/www/html/booking/lib/Application/Reservation/ReservationConflictResolution.php,Line=298]
2019-03-18T11:44:49+07:00 [7859] DEBUG default - [User=Admin A. (Frc.booking@vistec.ac.th)] ReservationRepository::LoadById() - ReservationID: 622 [File=/var/www/html/booking/Domain/Access/ReservationRepository.php,Line=27]
2019-03-18T11:44:49+07:00 [7859] DEBUG default - [User=Admin A. (Frc.booking@vistec.ac.th)] Removing series 623 [File=/var/www/html/booking/Domain/ExistingReservationSeries.php,Line=356]
2019-03-18T11:44:49+07:00 [7859] DEBUG default - [User=Admin A. (Frc.booking@vistec.ac.th)] class ReservationConflictDeleteEmail   [File=/var/www/html/booking/lib/Email/Messages/ReservationConflictDeleteEmail.php,Line=43]
2019-03-18T11:44:49+07:00 [7859] DEBUG default - [User=Admin A. (Frc.booking@vistec.ac.th)] class ReservationConflictDeleteEmail To Frc.booking@vistec.ac.th Admin A. [File=/var/www/html/booking/lib/Email/Messages/ReservationConflictDeleteEmail.php,Line=51]
2019-03-18T11:44:49+07:00 [7859] DEBUG default - [User=Admin A. (Frc.booking@vistec.ac.th)] Sending ReservationConflictDeleteEmail email to: Frc.booking@vistec.ac.th from: Frc.booking@vistec.ac.th [File=/var/www/html/booking/lib/Email/EmailService.php,Line=93]
2019-03-18T11:44:51+07:00 [7859] DEBUG default - [User=Admin A. (Frc.booking@vistec.ac.th)] Email send success: 1.  [File=/var/www/html/booking/lib/Email/EmailService.php,Line=105]
2019-03-18T11:48:43+07:00 [7859] DEBUG default - [User=Admin A. (Frc.booking@vistec.ac.th)] Loading validators for permissions [File=/var/www/html/booking/Presenters/Admin/ManageUsersPresenter.php,Line=418]
2019-03-18T11:48:43+07:00 [7859] DEBUG default - [User=Admin A. (Frc.booking@vistec.ac.th)] Action passed all validations [File=/var/www/html/booking/Pages/ActionPage.php,Line=108]
2019-03-18T11:48:43+07:00 [7859] DEBUG default - [User=Admin A. (Frc.booking@vistec.ac.th)] Processing page action. Action permissions [File=/var/www/html/booking/Presenters/ActionPresenter.php,Line=88]
2019-03-18T12:35:46+07:00 [11577] DEBUG default - [User=Admin A. (Frc.booking@vistec.ac.th)] Action passed all validations [File=/var/www/html/booking/Pages/ActionPage.php,Line=108]
2019-03-18T12:35:46+07:00 [11577] DEBUG default - [User=Admin A. (Frc.booking@vistec.ac.th)] Processing page action. Action addUserPermission [File=/var/www/html/booking/Presenters/ActionPresenter.php,Line=88]
2019-03-18T13:26:47+07:00 [11548] DEBUG default - [User=Admin A. (Frc.booking@vistec.ac.th)] Action passed all validations [File=/var/www/html/booking/Pages/ActionPage.php,Line=108]
2019-03-18T13:26:47+07:00 [11548] DEBUG default - [User=Admin A. (Frc.booking@vistec.ac.th)] Processing page action. Action addUserPermission [File=/var/www/html/booking/Presenters/ActionPresenter.php,Line=88]
2019-03-18T13:27:10+07:00 [7859] DEBUG default - [User=Admin A. (Frc.booking@vistec.ac.th)] Action passed all validations [File=/var/www/html/booking/Pages/ActionPage.php,Line=108]
2019-03-18T13:27:10+07:00 [7859] DEBUG default - [User=Admin A. (Frc.booking@vistec.ac.th)] Processing page action. Action addUserPermission [File=/var/www/html/booking/Presenters/ActionPresenter.php,Line=88]
2019-03-18T13:28:06+07:00 [11577] DEBUG default - [User=Admin A. (Frc.booking@vistec.ac.th)] Action passed all validations [File=/var/www/html/booking/Pages/ActionPage.php,Line=108]
2019-03-18T13:28:06+07:00 [11577] DEBUG default - [User=Admin A. (Frc.booking@vistec.ac.th)] Processing page action. Action addUserPermission [File=/var/www/html/booking/Presenters/ActionPresenter.php,Line=88]
2019-03-18T13:28:45+07:00 [7859] DEBUG default - [User=Admin A. (Frc.booking@vistec.ac.th)] Action passed all validations [File=/var/www/html/booking/Pages/ActionPage.php,Line=108]
2019-03-18T13:28:45+07:00 [7859] DEBUG default - [User=Admin A. (Frc.booking@vistec.ac.th)] Processing page action. Action changeColor [File=/var/www/html/booking/Presenters/ActionPresenter.php,Line=88]
2019-03-18T13:28:57+07:00 [7859] DEBUG default - [User=Admin A. (Frc.booking@vistec.ac.th)] Action passed all validations [File=/var/www/html/booking/Pages/ActionPage.php,Line=108]
2019-03-18T13:28:57+07:00 [7859] DEBUG default - [User=Admin A. (Frc.booking@vistec.ac.th)] Processing page action. Action changeColor [File=/var/www/html/booking/Presenters/ActionPresenter.php,Line=88]
2019-03-18T13:29:09+07:00 [7859] DEBUG default - [User=Admin A. (Frc.booking@vistec.ac.th)] Action passed all validations [File=/var/www/html/booking/Pages/ActionPage.php,Line=108]
2019-03-18T13:29:09+07:00 [7859] DEBUG default - [User=Admin A. (Frc.booking@vistec.ac.th)] Processing page action. Action changeColor [File=/var/www/html/booking/Presenters/ActionPresenter.php,Line=88]
2019-03-18T13:29:24+07:00 [7859] DEBUG default - [User=Admin A. (Frc.booking@vistec.ac.th)] Action passed all validations [File=/var/www/html/booking/Pages/ActionPage.php,Line=108]
2019-03-18T13:29:24+07:00 [7859] DEBUG default - [User=Admin A. (Frc.booking@vistec.ac.th)] Processing page action. Action changeColor [File=/var/www/html/booking/Presenters/ActionPresenter.php,Line=88]
2019-03-18T13:29:43+07:00 [11548] DEBUG default - [User=Admin A. (Frc.booking@vistec.ac.th)] Action passed all validations [File=/var/www/html/booking/Pages/ActionPage.php,Line=108]
2019-03-18T13:29:43+07:00 [11548] DEBUG default - [User=Admin A. (Frc.booking@vistec.ac.th)] Processing page action. Action changeColor [File=/var/www/html/booking/Presenters/ActionPresenter.php,Line=88]
2019-03-18T13:29:53+07:00 [7859] DEBUG default - [User=Admin A. (Frc.booking@vistec.ac.th)] Action passed all validations [File=/var/www/html/booking/Pages/ActionPage.php,Line=108]
2019-03-18T13:29:53+07:00 [7859] DEBUG default - [User=Admin A. (Frc.booking@vistec.ac.th)] Processing page action. Action changeColor [File=/var/www/html/booking/Presenters/ActionPresenter.php,Line=88]
2019-03-18T13:30:03+07:00 [11548] DEBUG default - [User=Admin A. (Frc.booking@vistec.ac.th)] Action passed all validations [File=/var/www/html/booking/Pages/ActionPage.php,Line=108]
2019-03-18T13:30:03+07:00 [11548] DEBUG default - [User=Admin A. (Frc.booking@vistec.ac.th)] Processing page action. Action changeColor [File=/var/www/html/booking/Presenters/ActionPresenter.php,Line=88]
2019-03-18T14:18:53+07:00 [7859] DEBUG default - [User=Admin A. (Frc.booking@vistec.ac.th)] Action passed all validations [File=/var/www/html/booking/Pages/ActionPage.php,Line=108]
2019-03-18T14:18:53+07:00 [7859] DEBUG default - [User=Admin A. (Frc.booking@vistec.ac.th)] Processing page action. Action addUserPermission [File=/var/www/html/booking/Presenters/ActionPresenter.php,Line=88]
2019-03-18T14:19:09+07:00 [7859] DEBUG default - [User=Admin A. (Frc.booking@vistec.ac.th)] Action passed all validations [File=/var/www/html/booking/Pages/ActionPage.php,Line=108]
2019-03-18T14:19:09+07:00 [7859] DEBUG default - [User=Admin A. (Frc.booking@vistec.ac.th)] Processing page action. Action addUserPermission [File=/var/www/html/booking/Presenters/ActionPresenter.php,Line=88]
2019-03-18T14:19:40+07:00 [11548] DEBUG default - [User=Admin A. (Frc.booking@vistec.ac.th)] Action passed all validations [File=/var/www/html/booking/Pages/ActionPage.php,Line=108]
2019-03-18T14:19:40+07:00 [11548] DEBUG default - [User=Admin A. (Frc.booking@vistec.ac.th)] Processing page action. Action addUserPermission [File=/var/www/html/booking/Presenters/ActionPresenter.php,Line=88]
2019-03-18T14:19:44+07:00 [7859] DEBUG default - [User=Admin A. (Frc.booking@vistec.ac.th)] Action passed all validations [File=/var/www/html/booking/Pages/ActionPage.php,Line=108]
2019-03-18T14:19:44+07:00 [7859] DEBUG default - [User=Admin A. (Frc.booking@vistec.ac.th)] Processing page action. Action addUserPermission [File=/var/www/html/booking/Presenters/ActionPresenter.php,Line=88]
2019-03-18T15:39:48+07:00 [7859] DEBUG default - [User=Admin A. (Frc.booking@vistec.ac.th)] Action passed all validations [File=/var/www/html/booking/Pages/ActionPage.php,Line=108]
2019-03-18T15:39:48+07:00 [7859] DEBUG default - [User=Admin A. (Frc.booking@vistec.ac.th)] Processing page action. Action addUserPermission [File=/var/www/html/booking/Presenters/ActionPresenter.php,Line=88]
