2019-08-30T09:39:01+07:00 [24679] DEBUG sql - [User=Admin A. (meshaya.p@vistec.ac.th)] MySql Query: SELECT a.*,
				(SELECT GROUP_CONCAT(e.entity_id SEPARATOR "!sep!")
							FROM custom_attribute_entities e WHERE e.custom_attribute_id = a.custom_attribute_id ORDER BY e.entity_id) as entity_ids,
				CASE
				WHEN a.attribute_category = 2 THEN (SELECT GROUP_CONCAT(CONCAT(u.fname, " ", u.lname) SEPARATOR "!sep!")
													FROM users u INNER JOIN custom_attribute_entities e
													WHERE e.custom_attribute_id = a.custom_attribute_id AND u.user_id = e.entity_id ORDER BY e.entity_id)
				WHEN a.attribute_category = 4 THEN (SELECT GROUP_CONCAT(r.name SEPARATOR "!sep!")
													FROM resources r INNER JOIN custom_attribute_entities e
													WHERE e.custom_attribute_id = a.custom_attribute_id AND r.resource_id = e.entity_id ORDER BY e.entity_id)
				WHEN a.attribute_category = 5  THEN (SELECT GROUP_CONCAT(rt.resource_type_name SEPARATOR "!sep!")
													FROM resource_types rt INNER JOIN custom_attribute_entities e
													WHERE e.custom_attribute_id = a.custom_attribute_id AND rt.resource_type_id = e.entity_id ORDER BY e.entity_id)
				ELSE null
				END as entity_descriptions,
				CASE
				WHEN a.secondary_category = 2 THEN (SELECT GROUP_CONCAT(CONCAT( fname, " ", lname ) SEPARATOR  "!sep!" ) FROM users WHERE FIND_IN_SET( user_id, a.secondary_entity_ids ))
				WHEN a.secondary_category = 4 THEN (SELECT GROUP_CONCAT(name SEPARATOR  "!sep!" ) FROM resources WHERE FIND_IN_SET( resource_id, a.secondary_entity_ids ))
				WHEN a.secondary_category = 5 THEN (SELECT GROUP_CONCAT(resource_type_name SEPARATOR  "!sep!" ) FROM resource_types WHERE FIND_IN_SET( resource_type_id, a.secondary_entity_ids ))
				ELSE null
				END as secondary_entity_descriptions
				FROM custom_attributes a WHERE a.attribute_category = '4' ORDER BY a.sort_order, a.display_label;
2019-08-30T09:39:01+07:00 [24679] DEBUG sql - [User=Admin A. (meshaya.p@vistec.ac.th)] MySql Query: SELECT COUNT(*) as total FROM (SELECT r.*, s.admin_group_id as s_admin_group_id,
		(SELECT GROUP_CONCAT(CONCAT(cav.custom_attribute_id, '=', cav.attribute_value) SEPARATOR "!sep!")
						FROM custom_attribute_values cav WHERE cav.entity_id = r.resource_id AND cav.attribute_category = 4) as attribute_list,
		(SELECT GROUP_CONCAT(rga.resource_group_id SEPARATOR "!sep!") FROM resource_group_assignment rga WHERE rga.resource_id = r.resource_id) AS group_list
		FROM resources r
		INNER JOIN schedules s ON r.schedule_id = s.schedule_id
		 WHERE 1=1 ORDER BY COALESCE(r.sort_order,0), r.name) results;
2019-08-30T09:39:01+07:00 [24679] DEBUG sql - [User=Admin A. (meshaya.p@vistec.ac.th)] MySql Query: SELECT r.*, s.admin_group_id as s_admin_group_id,
		(SELECT GROUP_CONCAT(CONCAT(cav.custom_attribute_id, '=', cav.attribute_value) SEPARATOR "!sep!")
						FROM custom_attribute_values cav WHERE cav.entity_id = r.resource_id AND cav.attribute_category = 4) as attribute_list,
		(SELECT GROUP_CONCAT(rga.resource_group_id SEPARATOR "!sep!") FROM resource_group_assignment rga WHERE rga.resource_id = r.resource_id) AS group_list
		FROM resources r
		INNER JOIN schedules s ON r.schedule_id = s.schedule_id
		 WHERE 1=1 ORDER BY COALESCE(r.sort_order,0), r.name LIMIT 10 OFFSET 0;
2019-08-30T09:39:01+07:00 [24679] DEBUG sql - [User=Admin A. (meshaya.p@vistec.ac.th)] MySql Query: SELECT s.*, l.timezone FROM schedules s INNER JOIN layouts l ON s.layout_id = l.layout_id ORDER BY s.name;
2019-08-30T09:39:01+07:00 [24679] DEBUG sql - [User=Admin A. (meshaya.p@vistec.ac.th)] MySql Query: SELECT *,
			(SELECT GROUP_CONCAT(CONCAT(cav.custom_attribute_id, '=', cav.attribute_value) SEPARATOR "!sep!")
							FROM custom_attribute_values cav INNER JOIN custom_attribute_entities cae on cav.custom_attribute_id = cae.custom_attribute_id
							WHERE cav.entity_id = r.resource_type_id AND cav.attribute_category = 5) as attribute_list
							FROM resource_types r;
2019-08-30T09:39:01+07:00 [24679] DEBUG sql - [User=Admin A. (meshaya.p@vistec.ac.th)] MySql Query: SELECT * FROM resource_status_reasons;
2019-08-30T09:39:01+07:00 [24679] DEBUG sql - [User=Admin A. (meshaya.p@vistec.ac.th)] MySql Query: SELECT g.*
		FROM groups g
		INNER JOIN group_roles gr ON g.group_id = gr.group_id
		INNER JOIN roles r ON r.role_id = gr.role_id
		WHERE r.role_level = '3'
		ORDER BY g.name;
2019-08-30T09:39:01+07:00 [24679] DEBUG sql - [User=Admin A. (meshaya.p@vistec.ac.th)] MySql Query: SELECT * FROM resource_groups ORDER BY parent_id, resource_group_name;
2019-08-30T09:39:01+07:00 [24679] DEBUG sql - [User=Admin A. (meshaya.p@vistec.ac.th)] MySql Query: SELECT r.*, a.resource_group_id
		FROM resource_group_assignment a
		INNER JOIN resources r ON r.resource_id = a.resource_id
		WHERE (-1 = '-1' OR r.schedule_id = '-1')
		ORDER BY COALESCE(r.sort_order,0), r.name;
2019-08-30T09:39:01+07:00 [24679] DEBUG sql - [User=Admin A. (meshaya.p@vistec.ac.th)] MySql Query: SELECT r.*, s.admin_group_id as s_admin_group_id,
		(SELECT GROUP_CONCAT(CONCAT(cav.custom_attribute_id, '=', cav.attribute_value) SEPARATOR "!sep!")
						FROM custom_attribute_values cav WHERE cav.entity_id = r.resource_id AND cav.attribute_category = 4) as attribute_list,
		(SELECT GROUP_CONCAT(rga.resource_group_id SEPARATOR "!sep!") FROM resource_group_assignment rga WHERE rga.resource_id = r.resource_id) AS group_list
		FROM resources r
		INNER JOIN schedules s ON r.schedule_id = s.schedule_id
		 WHERE 1=1 ORDER BY COALESCE(r.sort_order,0), r.name;
2019-08-30T09:39:12+07:00 [24915] DEBUG sql - [User=Admin A. (meshaya.p@vistec.ac.th)] MySql Query: SELECT a.*,
				(SELECT GROUP_CONCAT(e.entity_id SEPARATOR "!sep!")
							FROM custom_attribute_entities e WHERE e.custom_attribute_id = a.custom_attribute_id ORDER BY e.entity_id) as entity_ids,
				CASE
				WHEN a.attribute_category = 2 THEN (SELECT GROUP_CONCAT(CONCAT(u.fname, " ", u.lname) SEPARATOR "!sep!")
													FROM users u INNER JOIN custom_attribute_entities e
													WHERE e.custom_attribute_id = a.custom_attribute_id AND u.user_id = e.entity_id ORDER BY e.entity_id)
				WHEN a.attribute_category = 4 THEN (SELECT GROUP_CONCAT(r.name SEPARATOR "!sep!")
													FROM resources r INNER JOIN custom_attribute_entities e
													WHERE e.custom_attribute_id = a.custom_attribute_id AND r.resource_id = e.entity_id ORDER BY e.entity_id)
				WHEN a.attribute_category = 5  THEN (SELECT GROUP_CONCAT(rt.resource_type_name SEPARATOR "!sep!")
													FROM resource_types rt INNER JOIN custom_attribute_entities e
													WHERE e.custom_attribute_id = a.custom_attribute_id AND rt.resource_type_id = e.entity_id ORDER BY e.entity_id)
				ELSE null
				END as entity_descriptions,
				CASE
				WHEN a.secondary_category = 2 THEN (SELECT GROUP_CONCAT(CONCAT( fname, " ", lname ) SEPARATOR  "!sep!" ) FROM users WHERE FIND_IN_SET( user_id, a.secondary_entity_ids ))
				WHEN a.secondary_category = 4 THEN (SELECT GROUP_CONCAT(name SEPARATOR  "!sep!" ) FROM resources WHERE FIND_IN_SET( resource_id, a.secondary_entity_ids ))
				WHEN a.secondary_category = 5 THEN (SELECT GROUP_CONCAT(resource_type_name SEPARATOR  "!sep!" ) FROM resource_types WHERE FIND_IN_SET( resource_type_id, a.secondary_entity_ids ))
				ELSE null
				END as secondary_entity_descriptions
				FROM custom_attributes a WHERE a.attribute_category = '4' ORDER BY a.sort_order, a.display_label;
2019-08-30T09:39:12+07:00 [24915] DEBUG sql - [User=Admin A. (meshaya.p@vistec.ac.th)] MySql Query: SELECT COUNT(*) as total FROM (SELECT r.*, s.admin_group_id as s_admin_group_id,
		(SELECT GROUP_CONCAT(CONCAT(cav.custom_attribute_id, '=', cav.attribute_value) SEPARATOR "!sep!")
						FROM custom_attribute_values cav WHERE cav.entity_id = r.resource_id AND cav.attribute_category = 4) as attribute_list,
		(SELECT GROUP_CONCAT(rga.resource_group_id SEPARATOR "!sep!") FROM resource_group_assignment rga WHERE rga.resource_id = r.resource_id) AS group_list
		FROM resources r
		INNER JOIN schedules s ON r.schedule_id = s.schedule_id
		 WHERE 1=1 ORDER BY COALESCE(r.sort_order,0), r.name) results;
2019-08-30T09:39:12+07:00 [24915] DEBUG sql - [User=Admin A. (meshaya.p@vistec.ac.th)] MySql Query: SELECT r.*, s.admin_group_id as s_admin_group_id,
		(SELECT GROUP_CONCAT(CONCAT(cav.custom_attribute_id, '=', cav.attribute_value) SEPARATOR "!sep!")
						FROM custom_attribute_values cav WHERE cav.entity_id = r.resource_id AND cav.attribute_category = 4) as attribute_list,
		(SELECT GROUP_CONCAT(rga.resource_group_id SEPARATOR "!sep!") FROM resource_group_assignment rga WHERE rga.resource_id = r.resource_id) AS group_list
		FROM resources r
		INNER JOIN schedules s ON r.schedule_id = s.schedule_id
		 WHERE 1=1 ORDER BY COALESCE(r.sort_order,0), r.name LIMIT 10 OFFSET 20;
2019-08-30T09:39:12+07:00 [24915] DEBUG sql - [User=Admin A. (meshaya.p@vistec.ac.th)] MySql Query: SELECT s.*, l.timezone FROM schedules s INNER JOIN layouts l ON s.layout_id = l.layout_id ORDER BY s.name;
2019-08-30T09:39:12+07:00 [24915] DEBUG sql - [User=Admin A. (meshaya.p@vistec.ac.th)] MySql Query: SELECT *,
			(SELECT GROUP_CONCAT(CONCAT(cav.custom_attribute_id, '=', cav.attribute_value) SEPARATOR "!sep!")
							FROM custom_attribute_values cav INNER JOIN custom_attribute_entities cae on cav.custom_attribute_id = cae.custom_attribute_id
							WHERE cav.entity_id = r.resource_type_id AND cav.attribute_category = 5) as attribute_list
							FROM resource_types r;
2019-08-30T09:39:12+07:00 [24915] DEBUG sql - [User=Admin A. (meshaya.p@vistec.ac.th)] MySql Query: SELECT * FROM resource_status_reasons;
2019-08-30T09:39:12+07:00 [24915] DEBUG sql - [User=Admin A. (meshaya.p@vistec.ac.th)] MySql Query: SELECT g.*
		FROM groups g
		INNER JOIN group_roles gr ON g.group_id = gr.group_id
		INNER JOIN roles r ON r.role_id = gr.role_id
		WHERE r.role_level = '3'
		ORDER BY g.name;
2019-08-30T09:39:12+07:00 [24915] DEBUG sql - [User=Admin A. (meshaya.p@vistec.ac.th)] MySql Query: SELECT * FROM resource_groups ORDER BY parent_id, resource_group_name;
2019-08-30T09:39:12+07:00 [24915] DEBUG sql - [User=Admin A. (meshaya.p@vistec.ac.th)] MySql Query: SELECT r.*, a.resource_group_id
		FROM resource_group_assignment a
		INNER JOIN resources r ON r.resource_id = a.resource_id
		WHERE (-1 = '-1' OR r.schedule_id = '-1')
		ORDER BY COALESCE(r.sort_order,0), r.name;
2019-08-30T09:39:12+07:00 [24915] DEBUG sql - [User=Admin A. (meshaya.p@vistec.ac.th)] MySql Query: SELECT r.*, s.admin_group_id as s_admin_group_id,
		(SELECT GROUP_CONCAT(CONCAT(cav.custom_attribute_id, '=', cav.attribute_value) SEPARATOR "!sep!")
						FROM custom_attribute_values cav WHERE cav.entity_id = r.resource_id AND cav.attribute_category = 4) as attribute_list,
		(SELECT GROUP_CONCAT(rga.resource_group_id SEPARATOR "!sep!") FROM resource_group_assignment rga WHERE rga.resource_id = r.resource_id) AS group_list
		FROM resources r
		INNER JOIN schedules s ON r.schedule_id = s.schedule_id
		 WHERE 1=1 ORDER BY COALESCE(r.sort_order,0), r.name;
2019-08-30T09:39:16+07:00 [25700] DEBUG sql - [User=Admin A. (meshaya.p@vistec.ac.th)] MySql Query: SELECT a.*,
				(SELECT GROUP_CONCAT(e.entity_id SEPARATOR "!sep!")
							FROM custom_attribute_entities e WHERE e.custom_attribute_id = a.custom_attribute_id ORDER BY e.entity_id) as entity_ids,
				CASE
				WHEN a.attribute_category = 2 THEN (SELECT GROUP_CONCAT(CONCAT(u.fname, " ", u.lname) SEPARATOR "!sep!")
													FROM users u INNER JOIN custom_attribute_entities e
													WHERE e.custom_attribute_id = a.custom_attribute_id AND u.user_id = e.entity_id ORDER BY e.entity_id)
				WHEN a.attribute_category = 4 THEN (SELECT GROUP_CONCAT(r.name SEPARATOR "!sep!")
													FROM resources r INNER JOIN custom_attribute_entities e
													WHERE e.custom_attribute_id = a.custom_attribute_id AND r.resource_id = e.entity_id ORDER BY e.entity_id)
				WHEN a.attribute_category = 5  THEN (SELECT GROUP_CONCAT(rt.resource_type_name SEPARATOR "!sep!")
													FROM resource_types rt INNER JOIN custom_attribute_entities e
													WHERE e.custom_attribute_id = a.custom_attribute_id AND rt.resource_type_id = e.entity_id ORDER BY e.entity_id)
				ELSE null
				END as entity_descriptions,
				CASE
				WHEN a.secondary_category = 2 THEN (SELECT GROUP_CONCAT(CONCAT( fname, " ", lname ) SEPARATOR  "!sep!" ) FROM users WHERE FIND_IN_SET( user_id, a.secondary_entity_ids ))
				WHEN a.secondary_category = 4 THEN (SELECT GROUP_CONCAT(name SEPARATOR  "!sep!" ) FROM resources WHERE FIND_IN_SET( resource_id, a.secondary_entity_ids ))
				WHEN a.secondary_category = 5 THEN (SELECT GROUP_CONCAT(resource_type_name SEPARATOR  "!sep!" ) FROM resource_types WHERE FIND_IN_SET( resource_type_id, a.secondary_entity_ids ))
				ELSE null
				END as secondary_entity_descriptions
				FROM custom_attributes a WHERE a.attribute_category = '4' ORDER BY a.sort_order, a.display_label;
2019-08-30T09:39:16+07:00 [25700] DEBUG sql - [User=Admin A. (meshaya.p@vistec.ac.th)] MySql Query: SELECT COUNT(*) as total FROM (SELECT r.*, s.admin_group_id as s_admin_group_id,
		(SELECT GROUP_CONCAT(CONCAT(cav.custom_attribute_id, '=', cav.attribute_value) SEPARATOR "!sep!")
						FROM custom_attribute_values cav WHERE cav.entity_id = r.resource_id AND cav.attribute_category = 4) as attribute_list,
		(SELECT GROUP_CONCAT(rga.resource_group_id SEPARATOR "!sep!") FROM resource_group_assignment rga WHERE rga.resource_id = r.resource_id) AS group_list
		FROM resources r
		INNER JOIN schedules s ON r.schedule_id = s.schedule_id
		 WHERE 1=1 ORDER BY COALESCE(r.sort_order,0), r.name) results;
2019-08-30T09:39:16+07:00 [25700] DEBUG sql - [User=Admin A. (meshaya.p@vistec.ac.th)] MySql Query: SELECT r.*, s.admin_group_id as s_admin_group_id,
		(SELECT GROUP_CONCAT(CONCAT(cav.custom_attribute_id, '=', cav.attribute_value) SEPARATOR "!sep!")
						FROM custom_attribute_values cav WHERE cav.entity_id = r.resource_id AND cav.attribute_category = 4) as attribute_list,
		(SELECT GROUP_CONCAT(rga.resource_group_id SEPARATOR "!sep!") FROM resource_group_assignment rga WHERE rga.resource_id = r.resource_id) AS group_list
		FROM resources r
		INNER JOIN schedules s ON r.schedule_id = s.schedule_id
		 WHERE 1=1 ORDER BY COALESCE(r.sort_order,0), r.name LIMIT 10 OFFSET 10;
2019-08-30T09:39:16+07:00 [25700] DEBUG sql - [User=Admin A. (meshaya.p@vistec.ac.th)] MySql Query: SELECT s.*, l.timezone FROM schedules s INNER JOIN layouts l ON s.layout_id = l.layout_id ORDER BY s.name;
2019-08-30T09:39:16+07:00 [25700] DEBUG sql - [User=Admin A. (meshaya.p@vistec.ac.th)] MySql Query: SELECT *,
			(SELECT GROUP_CONCAT(CONCAT(cav.custom_attribute_id, '=', cav.attribute_value) SEPARATOR "!sep!")
							FROM custom_attribute_values cav INNER JOIN custom_attribute_entities cae on cav.custom_attribute_id = cae.custom_attribute_id
							WHERE cav.entity_id = r.resource_type_id AND cav.attribute_category = 5) as attribute_list
							FROM resource_types r;
2019-08-30T09:39:16+07:00 [25700] DEBUG sql - [User=Admin A. (meshaya.p@vistec.ac.th)] MySql Query: SELECT * FROM resource_status_reasons;
2019-08-30T09:39:16+07:00 [25700] DEBUG sql - [User=Admin A. (meshaya.p@vistec.ac.th)] MySql Query: SELECT g.*
		FROM groups g
		INNER JOIN group_roles gr ON g.group_id = gr.group_id
		INNER JOIN roles r ON r.role_id = gr.role_id
		WHERE r.role_level = '3'
		ORDER BY g.name;
2019-08-30T09:39:16+07:00 [25700] DEBUG sql - [User=Admin A. (meshaya.p@vistec.ac.th)] MySql Query: SELECT * FROM resource_groups ORDER BY parent_id, resource_group_name;
2019-08-30T09:39:16+07:00 [25700] DEBUG sql - [User=Admin A. (meshaya.p@vistec.ac.th)] MySql Query: SELECT r.*, a.resource_group_id
		FROM resource_group_assignment a
		INNER JOIN resources r ON r.resource_id = a.resource_id
		WHERE (-1 = '-1' OR r.schedule_id = '-1')
		ORDER BY COALESCE(r.sort_order,0), r.name;
2019-08-30T09:39:16+07:00 [25700] DEBUG sql - [User=Admin A. (meshaya.p@vistec.ac.th)] MySql Query: SELECT r.*, s.admin_group_id as s_admin_group_id,
		(SELECT GROUP_CONCAT(CONCAT(cav.custom_attribute_id, '=', cav.attribute_value) SEPARATOR "!sep!")
						FROM custom_attribute_values cav WHERE cav.entity_id = r.resource_id AND cav.attribute_category = 4) as attribute_list,
		(SELECT GROUP_CONCAT(rga.resource_group_id SEPARATOR "!sep!") FROM resource_group_assignment rga WHERE rga.resource_id = r.resource_id) AS group_list
		FROM resources r
		INNER JOIN schedules s ON r.schedule_id = s.schedule_id
		 WHERE 1=1 ORDER BY COALESCE(r.sort_order,0), r.name;
2019-08-30T09:39:25+07:00 [24679] DEBUG sql - [User=Admin A. (meshaya.p@vistec.ac.th)] MySql Query: SELECT
				u.*
			FROM
				user_resource_permissions urp, resources r, users u
			WHERE
				r.resource_id = '8' AND r.resource_id = urp.resource_id AND u.user_id = urp.user_id AND u.status_id = '1';
2019-08-30T09:39:45+07:00 [24679] DEBUG sql - [User=Admin A. (meshaya.p@vistec.ac.th)] MySql Execute: INSERT IGNORE INTO user_resource_permissions (user_id, resource_id)
		VALUES ('480', '8');
2019-08-30T09:39:45+07:00 [24915] DEBUG sql - [User=Admin A. (meshaya.p@vistec.ac.th)] MySql Query: SELECT
				u.*
			FROM
				user_resource_permissions urp, resources r, users u
			WHERE
				r.resource_id = '8' AND r.resource_id = urp.resource_id AND u.user_id = urp.user_id AND u.status_id = '1';
2019-08-30T15:12:26+07:00 [24679] DEBUG sql - [User=Pompamz A (pp.pompamz@gmail.com)] MySql Query: SELECT s.*, l.timezone FROM schedules s INNER JOIN layouts l ON s.layout_id = l.layout_id ORDER BY s.name;
2019-08-30T15:12:26+07:00 [24679] DEBUG sql - [User=Pompamz A (pp.pompamz@gmail.com)] MySql Query: SELECT r.*, s.admin_group_id as s_admin_group_id,
		(SELECT GROUP_CONCAT(CONCAT(cav.custom_attribute_id, '=', cav.attribute_value) SEPARATOR "!sep!")
						FROM custom_attribute_values cav WHERE cav.entity_id = r.resource_id AND cav.attribute_category = 4) as attribute_list,
		(SELECT GROUP_CONCAT(rga.resource_group_id SEPARATOR "!sep!") FROM resource_group_assignment rga WHERE rga.resource_id = r.resource_id) AS group_list
		FROM resources r
		INNER JOIN schedules s ON r.schedule_id = s.schedule_id
		ORDER BY COALESCE(r.sort_order,0), r.name;
2019-08-30T15:12:26+07:00 [24679] DEBUG sql - [User=Pompamz A (pp.pompamz@gmail.com)] MySql Query: SELECT * FROM resource_status_reasons;
2019-08-30T15:12:26+07:00 [24679] DEBUG sql - [User=Pompamz A (pp.pompamz@gmail.com)] MySql Query: SELECT u.*, p.name AS position_name FROM users u 
		LEFT JOIN positions p ON p.position_id = u.position_id
		WHERE u.user_id = '540';
2019-08-30T15:12:26+07:00 [24679] DEBUG sql - [User=Pompamz A (pp.pompamz@gmail.com)] MySql Query: SELECT * FROM user_email_preferences WHERE user_id = '540';
2019-08-30T15:12:26+07:00 [24679] DEBUG sql - [User=Pompamz A (pp.pompamz@gmail.com)] MySql Query: SELECT
			urp.user_id, r.resource_id, r.name
		FROM
			user_resource_permissions urp, resources r
		WHERE
			urp.user_id = '540' AND r.resource_id = urp.resource_id;
2019-08-30T15:12:26+07:00 [24679] DEBUG sql - [User=Pompamz A (pp.pompamz@gmail.com)] MySql Query: SELECT g.*, r.role_level
		FROM user_groups ug
		INNER JOIN groups g ON ug.group_id = g.group_id
		LEFT JOIN group_roles gr ON ug.group_id = gr.group_id
		LEFT JOIN roles r ON gr.role_id = r.role_id
		WHERE user_id = '540' AND (null is null OR r.role_level IN (null) );
2019-08-30T15:12:26+07:00 [24679] DEBUG sql - [User=Pompamz A (pp.pompamz@gmail.com)] MySql Query: SELECT cav.*, ca.display_label
		FROM custom_attribute_values cav
		INNER JOIN custom_attributes ca ON ca.custom_attribute_id = cav.custom_attribute_id
		WHERE cav.attribute_category = '2' AND cav.entity_id = '540';
2019-08-30T15:12:26+07:00 [24679] DEBUG sql - [User=Pompamz A (pp.pompamz@gmail.com)] MySql Query: SELECT name, value FROM user_preferences WHERE user_id = '540';
2019-08-30T15:12:26+07:00 [24679] DEBUG sql - [User=Pompamz A (pp.pompamz@gmail.com)] MySql Query: SELECT a.*,
				(SELECT GROUP_CONCAT(e.entity_id SEPARATOR "!sep!")
							FROM custom_attribute_entities e WHERE e.custom_attribute_id = a.custom_attribute_id ORDER BY e.entity_id) as entity_ids,
				CASE
				WHEN a.attribute_category = 2 THEN (SELECT GROUP_CONCAT(CONCAT(u.fname, " ", u.lname) SEPARATOR "!sep!")
													FROM users u INNER JOIN custom_attribute_entities e
													WHERE e.custom_attribute_id = a.custom_attribute_id AND u.user_id = e.entity_id ORDER BY e.entity_id)
				WHEN a.attribute_category = 4 THEN (SELECT GROUP_CONCAT(r.name SEPARATOR "!sep!")
													FROM resources r INNER JOIN custom_attribute_entities e
													WHERE e.custom_attribute_id = a.custom_attribute_id AND r.resource_id = e.entity_id ORDER BY e.entity_id)
				WHEN a.attribute_category = 5  THEN (SELECT GROUP_CONCAT(rt.resource_type_name SEPARATOR "!sep!")
													FROM resource_types rt INNER JOIN custom_attribute_entities e
													WHERE e.custom_attribute_id = a.custom_attribute_id AND rt.resource_type_id = e.entity_id ORDER BY e.entity_id)
				ELSE null
				END as entity_descriptions,
				CASE
				WHEN a.secondary_category = 2 THEN (SELECT GROUP_CONCAT(CONCAT( fname, " ", lname ) SEPARATOR  "!sep!" ) FROM users WHERE FIND_IN_SET( user_id, a.secondary_entity_ids ))
				WHEN a.secondary_category = 4 THEN (SELECT GROUP_CONCAT(name SEPARATOR  "!sep!" ) FROM resources WHERE FIND_IN_SET( resource_id, a.secondary_entity_ids ))
				WHEN a.secondary_category = 5 THEN (SELECT GROUP_CONCAT(resource_type_name SEPARATOR  "!sep!" ) FROM resource_types WHERE FIND_IN_SET( resource_type_id, a.secondary_entity_ids ))
				ELSE null
				END as secondary_entity_descriptions
				FROM custom_attributes a WHERE a.attribute_category = '1' ORDER BY a.sort_order, a.display_label;
2019-08-30T15:12:26+07:00 [24679] DEBUG sql - [User=Pompamz A (pp.pompamz@gmail.com)] MySql Query: SELECT COUNT(*) as total FROM (SELECT
				ri.*, rs.date_created as date_created, rs.last_modified as last_modified, rs.description as description, rs.status_id as status_id, rs.title, rs.repeat_type, rs.repeat_options,
					owner.fname as owner_fname, owner.lname as owner_lname, owner.user_id as owner_id, owner.phone as owner_phone, owner.position_id as owner_position, owner.organization as owner_organization, owner.email as email, owner.language, owner.timezone,
					resources.name, resources.resource_id, resources.schedule_id, resources.status_id as resource_status_id, resources.resource_status_reason_id, resources.buffer_time, resources.color, resources.enable_check_in, resources.auto_release_minutes, ru.reservation_user_level,
					start_reminder.minutes_prior AS start_reminder_minutes, end_reminder.minutes_prior AS end_reminder_minutes,
					(SELECT GROUP_CONCAT(groups.group_id)
						FROM user_groups groups WHERE owner.user_id = groups.user_id) as owner_group_list,

					(SELECT GROUP_CONCAT(CONCAT(participants.user_id, '=', CONCAT(participant_users.fname, " ", participant_users.lname)) SEPARATOR "!sep!")
						FROM reservation_users participants INNER JOIN users participant_users ON participants.user_id = participant_users.user_id WHERE participants.reservation_instance_id = ri.reservation_instance_id AND participants.reservation_user_level = 2) as participant_list,

					(SELECT GROUP_CONCAT(CONCAT(invitees.user_id, '=', CONCAT(invitee_users.fname, " ", invitee_users.lname)) SEPARATOR "!sep!")
						FROM reservation_users invitees INNER JOIN users invitee_users ON invitees.user_id = invitee_users.user_id WHERE invitees.reservation_instance_id = ri.reservation_instance_id AND invitees.reservation_user_level = 3) as invitee_list,

					(SELECT GROUP_CONCAT(CONCAT(cav.custom_attribute_id,'=', cav.attribute_value) SEPARATOR "!sep!")
						FROM custom_attribute_values cav WHERE cav.entity_id = ri.series_id AND cav.attribute_category = 1) as attribute_list,

					(SELECT GROUP_CONCAT(CONCAT(p.name, "=", p.value) SEPARATOR "!sep!")
						FROM user_preferences p WHERE owner.user_id = p.user_id) as preferences,
						
					(SELECT GROUP_CONCAT(CONCAT(guests.email, "=", guests.reservation_user_level) SEPARATOR "!sep!")
						FROM reservation_guests guests WHERE guests.reservation_instance_id = ri.reservation_instance_id) as guest_list
			FROM reservation_instances ri
			INNER JOIN reservation_series rs ON rs.series_id = ri.series_id
			INNER JOIN reservation_users ru ON ru.reservation_instance_id = ri.reservation_instance_id
			INNER JOIN users ON users.user_id = rs.owner_id
			INNER JOIN users owner ON owner.user_id = rs.owner_id
			LEFT JOIN positions ON owner.position_id = positions.position_id
			INNER JOIN reservation_resources rr ON rs.series_id = rr.series_id
			INNER JOIN resources ON rr.resource_id = resources.resource_id
			INNER JOIN schedules ON resources.schedule_id = schedules.schedule_id
			LEFT JOIN reservation_reminders start_reminder ON start_reminder.series_id = rs.series_id AND start_reminder.reminder_type = 0
			LEFT JOIN reservation_reminders end_reminder ON end_reminder.series_id = rs.series_id AND end_reminder.reminder_type = 1
			
			WHERE ( rs.status_id <> 2
			AND ru.reservation_user_level = '1' ) AND (1=1 AND ( resources.resource_id = '2' ) AND ( users.user_id = '500' ) AND ( 0=1 OR ( start_date <= '2019-08-25 00:00:00' AND ( end_date >= '2019-09-14 00:00:00' ) ) OR ( start_date >= '2019-08-25 00:00:00' AND ( start_date <= '2019-09-14 00:00:00' ) ) OR ( end_date >= '2019-08-25 00:00:00' AND ( end_date <= '2019-09-14 00:00:00' ) ) )) ORDER BY ri.start_date ASC) results;
2019-08-30T15:12:26+07:00 [24679] DEBUG sql - [User=Pompamz A (pp.pompamz@gmail.com)] MySql Query: SELECT
				ri.*, rs.date_created as date_created, rs.last_modified as last_modified, rs.description as description, rs.status_id as status_id, rs.title, rs.repeat_type, rs.repeat_options,
					owner.fname as owner_fname, owner.lname as owner_lname, owner.user_id as owner_id, owner.phone as owner_phone, owner.position_id as owner_position, owner.organization as owner_organization, owner.email as email, owner.language, owner.timezone,
					resources.name, resources.resource_id, resources.schedule_id, resources.status_id as resource_status_id, resources.resource_status_reason_id, resources.buffer_time, resources.color, resources.enable_check_in, resources.auto_release_minutes, ru.reservation_user_level,
					start_reminder.minutes_prior AS start_reminder_minutes, end_reminder.minutes_prior AS end_reminder_minutes,
					(SELECT GROUP_CONCAT(groups.group_id)
						FROM user_groups groups WHERE owner.user_id = groups.user_id) as owner_group_list,

					(SELECT GROUP_CONCAT(CONCAT(participants.user_id, '=', CONCAT(participant_users.fname, " ", participant_users.lname)) SEPARATOR "!sep!")
						FROM reservation_users participants INNER JOIN users participant_users ON participants.user_id = participant_users.user_id WHERE participants.reservation_instance_id = ri.reservation_instance_id AND participants.reservation_user_level = 2) as participant_list,

					(SELECT GROUP_CONCAT(CONCAT(invitees.user_id, '=', CONCAT(invitee_users.fname, " ", invitee_users.lname)) SEPARATOR "!sep!")
						FROM reservation_users invitees INNER JOIN users invitee_users ON invitees.user_id = invitee_users.user_id WHERE invitees.reservation_instance_id = ri.reservation_instance_id AND invitees.reservation_user_level = 3) as invitee_list,

					(SELECT GROUP_CONCAT(CONCAT(cav.custom_attribute_id,'=', cav.attribute_value) SEPARATOR "!sep!")
						FROM custom_attribute_values cav WHERE cav.entity_id = ri.series_id AND cav.attribute_category = 1) as attribute_list,

					(SELECT GROUP_CONCAT(CONCAT(p.name, "=", p.value) SEPARATOR "!sep!")
						FROM user_preferences p WHERE owner.user_id = p.user_id) as preferences,
						
					(SELECT GROUP_CONCAT(CONCAT(guests.email, "=", guests.reservation_user_level) SEPARATOR "!sep!")
						FROM reservation_guests guests WHERE guests.reservation_instance_id = ri.reservation_instance_id) as guest_list
			FROM reservation_instances ri
			INNER JOIN reservation_series rs ON rs.series_id = ri.series_id
			INNER JOIN reservation_users ru ON ru.reservation_instance_id = ri.reservation_instance_id
			INNER JOIN users ON users.user_id = rs.owner_id
			INNER JOIN users owner ON owner.user_id = rs.owner_id
			LEFT JOIN positions ON owner.position_id = positions.position_id
			INNER JOIN reservation_resources rr ON rs.series_id = rr.series_id
			INNER JOIN resources ON rr.resource_id = resources.resource_id
			INNER JOIN schedules ON resources.schedule_id = schedules.schedule_id
			LEFT JOIN reservation_reminders start_reminder ON start_reminder.series_id = rs.series_id AND start_reminder.reminder_type = 0
			LEFT JOIN reservation_reminders end_reminder ON end_reminder.series_id = rs.series_id AND end_reminder.reminder_type = 1
			
			WHERE ( rs.status_id <> 2
			AND ru.reservation_user_level = '1' ) AND (1=1 AND ( resources.resource_id = '2' ) AND ( users.user_id = '500' ) AND ( 0=1 OR ( start_date <= '2019-08-25 00:00:00' AND ( end_date >= '2019-09-14 00:00:00' ) ) OR ( start_date >= '2019-08-25 00:00:00' AND ( start_date <= '2019-09-14 00:00:00' ) ) OR ( end_date >= '2019-08-25 00:00:00' AND ( end_date <= '2019-09-14 00:00:00' ) ) )) ORDER BY ri.start_date ASC LIMIT 20 OFFSET 0;
2019-08-30T15:12:34+07:00 [24679] DEBUG sql - [User=Pompamz A (pp.pompamz@gmail.com)] MySql Query: SELECT s.*, l.timezone FROM schedules s INNER JOIN layouts l ON s.layout_id = l.layout_id ORDER BY s.name;
2019-08-30T15:12:34+07:00 [24679] DEBUG sql - [User=Pompamz A (pp.pompamz@gmail.com)] MySql Query: SELECT r.*, s.admin_group_id as s_admin_group_id,
		(SELECT GROUP_CONCAT(CONCAT(cav.custom_attribute_id, '=', cav.attribute_value) SEPARATOR "!sep!")
						FROM custom_attribute_values cav WHERE cav.entity_id = r.resource_id AND cav.attribute_category = 4) as attribute_list,
		(SELECT GROUP_CONCAT(rga.resource_group_id SEPARATOR "!sep!") FROM resource_group_assignment rga WHERE rga.resource_id = r.resource_id) AS group_list
		FROM resources r
		INNER JOIN schedules s ON r.schedule_id = s.schedule_id
		ORDER BY COALESCE(r.sort_order,0), r.name;
2019-08-30T15:12:34+07:00 [24679] DEBUG sql - [User=Pompamz A (pp.pompamz@gmail.com)] MySql Query: SELECT * FROM resource_status_reasons;
2019-08-30T15:12:34+07:00 [24679] DEBUG sql - [User=Pompamz A (pp.pompamz@gmail.com)] MySql Query: SELECT u.*, p.name AS position_name FROM users u 
		LEFT JOIN positions p ON p.position_id = u.position_id
		WHERE u.user_id = '540';
2019-08-30T15:12:34+07:00 [24679] DEBUG sql - [User=Pompamz A (pp.pompamz@gmail.com)] MySql Query: SELECT * FROM user_email_preferences WHERE user_id = '540';
2019-08-30T15:12:34+07:00 [24679] DEBUG sql - [User=Pompamz A (pp.pompamz@gmail.com)] MySql Query: SELECT
			urp.user_id, r.resource_id, r.name
		FROM
			user_resource_permissions urp, resources r
		WHERE
			urp.user_id = '540' AND r.resource_id = urp.resource_id;
2019-08-30T15:12:34+07:00 [24679] DEBUG sql - [User=Pompamz A (pp.pompamz@gmail.com)] MySql Query: SELECT g.*, r.role_level
		FROM user_groups ug
		INNER JOIN groups g ON ug.group_id = g.group_id
		LEFT JOIN group_roles gr ON ug.group_id = gr.group_id
		LEFT JOIN roles r ON gr.role_id = r.role_id
		WHERE user_id = '540' AND (null is null OR r.role_level IN (null) );
2019-08-30T15:12:34+07:00 [24679] DEBUG sql - [User=Pompamz A (pp.pompamz@gmail.com)] MySql Query: SELECT cav.*, ca.display_label
		FROM custom_attribute_values cav
		INNER JOIN custom_attributes ca ON ca.custom_attribute_id = cav.custom_attribute_id
		WHERE cav.attribute_category = '2' AND cav.entity_id = '540';
2019-08-30T15:12:34+07:00 [24679] DEBUG sql - [User=Pompamz A (pp.pompamz@gmail.com)] MySql Query: SELECT name, value FROM user_preferences WHERE user_id = '540';
2019-08-30T15:12:34+07:00 [24679] DEBUG sql - [User=Pompamz A (pp.pompamz@gmail.com)] MySql Execute: UPDATE users
		SET
			status_id = '1',
			password = 'f0f436cef3efde3bd8644ba4309f84308ea8949f',
			salt = '6fb02196',
			fname = 'Pompamz',
			lname = 'A',
			email = 'pp.pompamz@gmail.com',
			username = 'devadmin',
			homepageId = '1',
			last_modified = '2019-08-30 15:12:34',
			timezone = 'Asia/Bangkok',
			allow_calendar_subscription = '0',
			public_id = '5c88ae6d5d040',
			language = 'en_us',
			lastlogin = '2019-08-30 15:12:23',
			default_schedule_id = null,
			credit_count = '0.00'
		WHERE
			user_id = '540';
2019-08-30T15:12:34+07:00 [24679] DEBUG sql - [User=Pompamz A (pp.pompamz@gmail.com)] MySql Execute: UPDATE user_preferences SET value = '541' WHERE user_id = '540' AND name = 'FilterUserId';
2019-08-30T15:12:34+07:00 [24679] DEBUG sql - [User=Pompamz A (pp.pompamz@gmail.com)] MySql Execute: UPDATE user_preferences SET value = 'Devteam.U (f.fah.aloha@gmail.com)' WHERE user_id = '540' AND name = 'FilterUserName';
2019-08-30T15:12:34+07:00 [24679] DEBUG sql - [User=Pompamz A (pp.pompamz@gmail.com)] MySql Query: SELECT a.*,
				(SELECT GROUP_CONCAT(e.entity_id SEPARATOR "!sep!")
							FROM custom_attribute_entities e WHERE e.custom_attribute_id = a.custom_attribute_id ORDER BY e.entity_id) as entity_ids,
				CASE
				WHEN a.attribute_category = 2 THEN (SELECT GROUP_CONCAT(CONCAT(u.fname, " ", u.lname) SEPARATOR "!sep!")
													FROM users u INNER JOIN custom_attribute_entities e
													WHERE e.custom_attribute_id = a.custom_attribute_id AND u.user_id = e.entity_id ORDER BY e.entity_id)
				WHEN a.attribute_category = 4 THEN (SELECT GROUP_CONCAT(r.name SEPARATOR "!sep!")
													FROM resources r INNER JOIN custom_attribute_entities e
													WHERE e.custom_attribute_id = a.custom_attribute_id AND r.resource_id = e.entity_id ORDER BY e.entity_id)
				WHEN a.attribute_category = 5  THEN (SELECT GROUP_CONCAT(rt.resource_type_name SEPARATOR "!sep!")
													FROM resource_types rt INNER JOIN custom_attribute_entities e
													WHERE e.custom_attribute_id = a.custom_attribute_id AND rt.resource_type_id = e.entity_id ORDER BY e.entity_id)
				ELSE null
				END as entity_descriptions,
				CASE
				WHEN a.secondary_category = 2 THEN (SELECT GROUP_CONCAT(CONCAT( fname, " ", lname ) SEPARATOR  "!sep!" ) FROM users WHERE FIND_IN_SET( user_id, a.secondary_entity_ids ))
				WHEN a.secondary_category = 4 THEN (SELECT GROUP_CONCAT(name SEPARATOR  "!sep!" ) FROM resources WHERE FIND_IN_SET( resource_id, a.secondary_entity_ids ))
				WHEN a.secondary_category = 5 THEN (SELECT GROUP_CONCAT(resource_type_name SEPARATOR  "!sep!" ) FROM resource_types WHERE FIND_IN_SET( resource_type_id, a.secondary_entity_ids ))
				ELSE null
				END as secondary_entity_descriptions
				FROM custom_attributes a WHERE a.attribute_category = '1' ORDER BY a.sort_order, a.display_label;
2019-08-30T15:12:34+07:00 [24679] DEBUG sql - [User=Pompamz A (pp.pompamz@gmail.com)] MySql Query: SELECT COUNT(*) as total FROM (SELECT
				ri.*, rs.date_created as date_created, rs.last_modified as last_modified, rs.description as description, rs.status_id as status_id, rs.title, rs.repeat_type, rs.repeat_options,
					owner.fname as owner_fname, owner.lname as owner_lname, owner.user_id as owner_id, owner.phone as owner_phone, owner.position_id as owner_position, owner.organization as owner_organization, owner.email as email, owner.language, owner.timezone,
					resources.name, resources.resource_id, resources.schedule_id, resources.status_id as resource_status_id, resources.resource_status_reason_id, resources.buffer_time, resources.color, resources.enable_check_in, resources.auto_release_minutes, ru.reservation_user_level,
					start_reminder.minutes_prior AS start_reminder_minutes, end_reminder.minutes_prior AS end_reminder_minutes,
					(SELECT GROUP_CONCAT(groups.group_id)
						FROM user_groups groups WHERE owner.user_id = groups.user_id) as owner_group_list,

					(SELECT GROUP_CONCAT(CONCAT(participants.user_id, '=', CONCAT(participant_users.fname, " ", participant_users.lname)) SEPARATOR "!sep!")
						FROM reservation_users participants INNER JOIN users participant_users ON participants.user_id = participant_users.user_id WHERE participants.reservation_instance_id = ri.reservation_instance_id AND participants.reservation_user_level = 2) as participant_list,

					(SELECT GROUP_CONCAT(CONCAT(invitees.user_id, '=', CONCAT(invitee_users.fname, " ", invitee_users.lname)) SEPARATOR "!sep!")
						FROM reservation_users invitees INNER JOIN users invitee_users ON invitees.user_id = invitee_users.user_id WHERE invitees.reservation_instance_id = ri.reservation_instance_id AND invitees.reservation_user_level = 3) as invitee_list,

					(SELECT GROUP_CONCAT(CONCAT(cav.custom_attribute_id,'=', cav.attribute_value) SEPARATOR "!sep!")
						FROM custom_attribute_values cav WHERE cav.entity_id = ri.series_id AND cav.attribute_category = 1) as attribute_list,

					(SELECT GROUP_CONCAT(CONCAT(p.name, "=", p.value) SEPARATOR "!sep!")
						FROM user_preferences p WHERE owner.user_id = p.user_id) as preferences,
						
					(SELECT GROUP_CONCAT(CONCAT(guests.email, "=", guests.reservation_user_level) SEPARATOR "!sep!")
						FROM reservation_guests guests WHERE guests.reservation_instance_id = ri.reservation_instance_id) as guest_list
			FROM reservation_instances ri
			INNER JOIN reservation_series rs ON rs.series_id = ri.series_id
			INNER JOIN reservation_users ru ON ru.reservation_instance_id = ri.reservation_instance_id
			INNER JOIN users ON users.user_id = rs.owner_id
			INNER JOIN users owner ON owner.user_id = rs.owner_id
			LEFT JOIN positions ON owner.position_id = positions.position_id
			INNER JOIN reservation_resources rr ON rs.series_id = rr.series_id
			INNER JOIN resources ON rr.resource_id = resources.resource_id
			INNER JOIN schedules ON resources.schedule_id = schedules.schedule_id
			LEFT JOIN reservation_reminders start_reminder ON start_reminder.series_id = rs.series_id AND start_reminder.reminder_type = 0
			LEFT JOIN reservation_reminders end_reminder ON end_reminder.series_id = rs.series_id AND end_reminder.reminder_type = 1
			
			WHERE ( rs.status_id <> 2
			AND ru.reservation_user_level = '1' ) AND (1=1 AND ( resources.resource_id = '2' ) AND ( users.user_id = '541' ) AND ( 0=1 OR ( start_date <= '2019-08-25 00:00:00' AND ( end_date >= '2019-09-14 00:00:00' ) ) OR ( start_date >= '2019-08-25 00:00:00' AND ( start_date <= '2019-09-14 00:00:00' ) ) OR ( end_date >= '2019-08-25 00:00:00' AND ( end_date <= '2019-09-14 00:00:00' ) ) )) ORDER BY ri.start_date ASC) results;
2019-08-30T15:12:34+07:00 [24679] DEBUG sql - [User=Pompamz A (pp.pompamz@gmail.com)] MySql Query: SELECT
				ri.*, rs.date_created as date_created, rs.last_modified as last_modified, rs.description as description, rs.status_id as status_id, rs.title, rs.repeat_type, rs.repeat_options,
					owner.fname as owner_fname, owner.lname as owner_lname, owner.user_id as owner_id, owner.phone as owner_phone, owner.position_id as owner_position, owner.organization as owner_organization, owner.email as email, owner.language, owner.timezone,
					resources.name, resources.resource_id, resources.schedule_id, resources.status_id as resource_status_id, resources.resource_status_reason_id, resources.buffer_time, resources.color, resources.enable_check_in, resources.auto_release_minutes, ru.reservation_user_level,
					start_reminder.minutes_prior AS start_reminder_minutes, end_reminder.minutes_prior AS end_reminder_minutes,
					(SELECT GROUP_CONCAT(groups.group_id)
						FROM user_groups groups WHERE owner.user_id = groups.user_id) as owner_group_list,

					(SELECT GROUP_CONCAT(CONCAT(participants.user_id, '=', CONCAT(participant_users.fname, " ", participant_users.lname)) SEPARATOR "!sep!")
						FROM reservation_users participants INNER JOIN users participant_users ON participants.user_id = participant_users.user_id WHERE participants.reservation_instance_id = ri.reservation_instance_id AND participants.reservation_user_level = 2) as participant_list,

					(SELECT GROUP_CONCAT(CONCAT(invitees.user_id, '=', CONCAT(invitee_users.fname, " ", invitee_users.lname)) SEPARATOR "!sep!")
						FROM reservation_users invitees INNER JOIN users invitee_users ON invitees.user_id = invitee_users.user_id WHERE invitees.reservation_instance_id = ri.reservation_instance_id AND invitees.reservation_user_level = 3) as invitee_list,

					(SELECT GROUP_CONCAT(CONCAT(cav.custom_attribute_id,'=', cav.attribute_value) SEPARATOR "!sep!")
						FROM custom_attribute_values cav WHERE cav.entity_id = ri.series_id AND cav.attribute_category = 1) as attribute_list,

					(SELECT GROUP_CONCAT(CONCAT(p.name, "=", p.value) SEPARATOR "!sep!")
						FROM user_preferences p WHERE owner.user_id = p.user_id) as preferences,
						
					(SELECT GROUP_CONCAT(CONCAT(guests.email, "=", guests.reservation_user_level) SEPARATOR "!sep!")
						FROM reservation_guests guests WHERE guests.reservation_instance_id = ri.reservation_instance_id) as guest_list
			FROM reservation_instances ri
			INNER JOIN reservation_series rs ON rs.series_id = ri.series_id
			INNER JOIN reservation_users ru ON ru.reservation_instance_id = ri.reservation_instance_id
			INNER JOIN users ON users.user_id = rs.owner_id
			INNER JOIN users owner ON owner.user_id = rs.owner_id
			LEFT JOIN positions ON owner.position_id = positions.position_id
			INNER JOIN reservation_resources rr ON rs.series_id = rr.series_id
			INNER JOIN resources ON rr.resource_id = resources.resource_id
			INNER JOIN schedules ON resources.schedule_id = schedules.schedule_id
			LEFT JOIN reservation_reminders start_reminder ON start_reminder.series_id = rs.series_id AND start_reminder.reminder_type = 0
			LEFT JOIN reservation_reminders end_reminder ON end_reminder.series_id = rs.series_id AND end_reminder.reminder_type = 1
			
			WHERE ( rs.status_id <> 2
			AND ru.reservation_user_level = '1' ) AND (1=1 AND ( resources.resource_id = '2' ) AND ( users.user_id = '541' ) AND ( 0=1 OR ( start_date <= '2019-08-25 00:00:00' AND ( end_date >= '2019-09-14 00:00:00' ) ) OR ( start_date >= '2019-08-25 00:00:00' AND ( start_date <= '2019-09-14 00:00:00' ) ) OR ( end_date >= '2019-08-25 00:00:00' AND ( end_date <= '2019-09-14 00:00:00' ) ) )) ORDER BY ri.start_date ASC LIMIT 20 OFFSET 0;
2019-08-30T15:12:42+07:00 [24915] DEBUG sql - [User=Pompamz A (pp.pompamz@gmail.com)] MySql Query: SELECT s.*, l.timezone FROM schedules s INNER JOIN layouts l ON s.layout_id = l.layout_id ORDER BY s.name;
2019-08-30T15:12:42+07:00 [24915] DEBUG sql - [User=Pompamz A (pp.pompamz@gmail.com)] MySql Query: SELECT r.*, s.admin_group_id as s_admin_group_id,
		(SELECT GROUP_CONCAT(CONCAT(cav.custom_attribute_id, '=', cav.attribute_value) SEPARATOR "!sep!")
						FROM custom_attribute_values cav WHERE cav.entity_id = r.resource_id AND cav.attribute_category = 4) as attribute_list,
		(SELECT GROUP_CONCAT(rga.resource_group_id SEPARATOR "!sep!") FROM resource_group_assignment rga WHERE rga.resource_id = r.resource_id) AS group_list
		FROM resources r
		INNER JOIN schedules s ON r.schedule_id = s.schedule_id
		ORDER BY COALESCE(r.sort_order,0), r.name;
2019-08-30T15:12:42+07:00 [24915] DEBUG sql - [User=Pompamz A (pp.pompamz@gmail.com)] MySql Query: SELECT * FROM resource_status_reasons;
2019-08-30T15:12:42+07:00 [24915] DEBUG sql - [User=Pompamz A (pp.pompamz@gmail.com)] MySql Query: SELECT u.*, p.name AS position_name FROM users u 
		LEFT JOIN positions p ON p.position_id = u.position_id
		WHERE u.user_id = '540';
2019-08-30T15:12:42+07:00 [24915] DEBUG sql - [User=Pompamz A (pp.pompamz@gmail.com)] MySql Query: SELECT * FROM user_email_preferences WHERE user_id = '540';
2019-08-30T15:12:42+07:00 [24915] DEBUG sql - [User=Pompamz A (pp.pompamz@gmail.com)] MySql Query: SELECT
			urp.user_id, r.resource_id, r.name
		FROM
			user_resource_permissions urp, resources r
		WHERE
			urp.user_id = '540' AND r.resource_id = urp.resource_id;
2019-08-30T15:12:42+07:00 [24915] DEBUG sql - [User=Pompamz A (pp.pompamz@gmail.com)] MySql Query: SELECT g.*, r.role_level
		FROM user_groups ug
		INNER JOIN groups g ON ug.group_id = g.group_id
		LEFT JOIN group_roles gr ON ug.group_id = gr.group_id
		LEFT JOIN roles r ON gr.role_id = r.role_id
		WHERE user_id = '540' AND (null is null OR r.role_level IN (null) );
2019-08-30T15:12:42+07:00 [24915] DEBUG sql - [User=Pompamz A (pp.pompamz@gmail.com)] MySql Query: SELECT cav.*, ca.display_label
		FROM custom_attribute_values cav
		INNER JOIN custom_attributes ca ON ca.custom_attribute_id = cav.custom_attribute_id
		WHERE cav.attribute_category = '2' AND cav.entity_id = '540';
2019-08-30T15:12:42+07:00 [24915] DEBUG sql - [User=Pompamz A (pp.pompamz@gmail.com)] MySql Query: SELECT name, value FROM user_preferences WHERE user_id = '540';
2019-08-30T15:12:42+07:00 [24915] DEBUG sql - [User=Pompamz A (pp.pompamz@gmail.com)] MySql Execute: UPDATE users
		SET
			status_id = '1',
			password = 'f0f436cef3efde3bd8644ba4309f84308ea8949f',
			salt = '6fb02196',
			fname = 'Pompamz',
			lname = 'A',
			email = 'pp.pompamz@gmail.com',
			username = 'devadmin',
			homepageId = '1',
			last_modified = '2019-08-30 15:12:42',
			timezone = 'Asia/Bangkok',
			allow_calendar_subscription = '0',
			public_id = '5c88ae6d5d040',
			language = 'en_us',
			lastlogin = '2019-08-30 15:12:23',
			default_schedule_id = null,
			credit_count = '0.00'
		WHERE
			user_id = '540';
2019-08-30T15:12:42+07:00 [24915] DEBUG sql - [User=Pompamz A (pp.pompamz@gmail.com)] MySql Execute: UPDATE user_preferences SET value = '24' WHERE user_id = '540' AND name = 'FilterResourceId';
2019-08-30T15:12:42+07:00 [24915] DEBUG sql - [User=Pompamz A (pp.pompamz@gmail.com)] MySql Query: SELECT a.*,
				(SELECT GROUP_CONCAT(e.entity_id SEPARATOR "!sep!")
							FROM custom_attribute_entities e WHERE e.custom_attribute_id = a.custom_attribute_id ORDER BY e.entity_id) as entity_ids,
				CASE
				WHEN a.attribute_category = 2 THEN (SELECT GROUP_CONCAT(CONCAT(u.fname, " ", u.lname) SEPARATOR "!sep!")
													FROM users u INNER JOIN custom_attribute_entities e
													WHERE e.custom_attribute_id = a.custom_attribute_id AND u.user_id = e.entity_id ORDER BY e.entity_id)
				WHEN a.attribute_category = 4 THEN (SELECT GROUP_CONCAT(r.name SEPARATOR "!sep!")
													FROM resources r INNER JOIN custom_attribute_entities e
													WHERE e.custom_attribute_id = a.custom_attribute_id AND r.resource_id = e.entity_id ORDER BY e.entity_id)
				WHEN a.attribute_category = 5  THEN (SELECT GROUP_CONCAT(rt.resource_type_name SEPARATOR "!sep!")
													FROM resource_types rt INNER JOIN custom_attribute_entities e
													WHERE e.custom_attribute_id = a.custom_attribute_id AND rt.resource_type_id = e.entity_id ORDER BY e.entity_id)
				ELSE null
				END as entity_descriptions,
				CASE
				WHEN a.secondary_category = 2 THEN (SELECT GROUP_CONCAT(CONCAT( fname, " ", lname ) SEPARATOR  "!sep!" ) FROM users WHERE FIND_IN_SET( user_id, a.secondary_entity_ids ))
				WHEN a.secondary_category = 4 THEN (SELECT GROUP_CONCAT(name SEPARATOR  "!sep!" ) FROM resources WHERE FIND_IN_SET( resource_id, a.secondary_entity_ids ))
				WHEN a.secondary_category = 5 THEN (SELECT GROUP_CONCAT(resource_type_name SEPARATOR  "!sep!" ) FROM resource_types WHERE FIND_IN_SET( resource_type_id, a.secondary_entity_ids ))
				ELSE null
				END as secondary_entity_descriptions
				FROM custom_attributes a WHERE a.attribute_category = '1' ORDER BY a.sort_order, a.display_label;
2019-08-30T15:12:42+07:00 [24915] DEBUG sql - [User=Pompamz A (pp.pompamz@gmail.com)] MySql Query: SELECT COUNT(*) as total FROM (SELECT
				ri.*, rs.date_created as date_created, rs.last_modified as last_modified, rs.description as description, rs.status_id as status_id, rs.title, rs.repeat_type, rs.repeat_options,
					owner.fname as owner_fname, owner.lname as owner_lname, owner.user_id as owner_id, owner.phone as owner_phone, owner.position_id as owner_position, owner.organization as owner_organization, owner.email as email, owner.language, owner.timezone,
					resources.name, resources.resource_id, resources.schedule_id, resources.status_id as resource_status_id, resources.resource_status_reason_id, resources.buffer_time, resources.color, resources.enable_check_in, resources.auto_release_minutes, ru.reservation_user_level,
					start_reminder.minutes_prior AS start_reminder_minutes, end_reminder.minutes_prior AS end_reminder_minutes,
					(SELECT GROUP_CONCAT(groups.group_id)
						FROM user_groups groups WHERE owner.user_id = groups.user_id) as owner_group_list,

					(SELECT GROUP_CONCAT(CONCAT(participants.user_id, '=', CONCAT(participant_users.fname, " ", participant_users.lname)) SEPARATOR "!sep!")
						FROM reservation_users participants INNER JOIN users participant_users ON participants.user_id = participant_users.user_id WHERE participants.reservation_instance_id = ri.reservation_instance_id AND participants.reservation_user_level = 2) as participant_list,

					(SELECT GROUP_CONCAT(CONCAT(invitees.user_id, '=', CONCAT(invitee_users.fname, " ", invitee_users.lname)) SEPARATOR "!sep!")
						FROM reservation_users invitees INNER JOIN users invitee_users ON invitees.user_id = invitee_users.user_id WHERE invitees.reservation_instance_id = ri.reservation_instance_id AND invitees.reservation_user_level = 3) as invitee_list,

					(SELECT GROUP_CONCAT(CONCAT(cav.custom_attribute_id,'=', cav.attribute_value) SEPARATOR "!sep!")
						FROM custom_attribute_values cav WHERE cav.entity_id = ri.series_id AND cav.attribute_category = 1) as attribute_list,

					(SELECT GROUP_CONCAT(CONCAT(p.name, "=", p.value) SEPARATOR "!sep!")
						FROM user_preferences p WHERE owner.user_id = p.user_id) as preferences,
						
					(SELECT GROUP_CONCAT(CONCAT(guests.email, "=", guests.reservation_user_level) SEPARATOR "!sep!")
						FROM reservation_guests guests WHERE guests.reservation_instance_id = ri.reservation_instance_id) as guest_list
			FROM reservation_instances ri
			INNER JOIN reservation_series rs ON rs.series_id = ri.series_id
			INNER JOIN reservation_users ru ON ru.reservation_instance_id = ri.reservation_instance_id
			INNER JOIN users ON users.user_id = rs.owner_id
			INNER JOIN users owner ON owner.user_id = rs.owner_id
			LEFT JOIN positions ON owner.position_id = positions.position_id
			INNER JOIN reservation_resources rr ON rs.series_id = rr.series_id
			INNER JOIN resources ON rr.resource_id = resources.resource_id
			INNER JOIN schedules ON resources.schedule_id = schedules.schedule_id
			LEFT JOIN reservation_reminders start_reminder ON start_reminder.series_id = rs.series_id AND start_reminder.reminder_type = 0
			LEFT JOIN reservation_reminders end_reminder ON end_reminder.series_id = rs.series_id AND end_reminder.reminder_type = 1
			
			WHERE ( rs.status_id <> 2
			AND ru.reservation_user_level = '1' ) AND (1=1 AND ( resources.resource_id = '24' ) AND ( users.user_id = '541' ) AND ( 0=1 OR ( start_date <= '2019-08-25 00:00:00' AND ( end_date >= '2019-09-14 00:00:00' ) ) OR ( start_date >= '2019-08-25 00:00:00' AND ( start_date <= '2019-09-14 00:00:00' ) ) OR ( end_date >= '2019-08-25 00:00:00' AND ( end_date <= '2019-09-14 00:00:00' ) ) )) ORDER BY ri.start_date ASC) results;
2019-08-30T15:12:42+07:00 [24915] DEBUG sql - [User=Pompamz A (pp.pompamz@gmail.com)] MySql Query: SELECT
				ri.*, rs.date_created as date_created, rs.last_modified as last_modified, rs.description as description, rs.status_id as status_id, rs.title, rs.repeat_type, rs.repeat_options,
					owner.fname as owner_fname, owner.lname as owner_lname, owner.user_id as owner_id, owner.phone as owner_phone, owner.position_id as owner_position, owner.organization as owner_organization, owner.email as email, owner.language, owner.timezone,
					resources.name, resources.resource_id, resources.schedule_id, resources.status_id as resource_status_id, resources.resource_status_reason_id, resources.buffer_time, resources.color, resources.enable_check_in, resources.auto_release_minutes, ru.reservation_user_level,
					start_reminder.minutes_prior AS start_reminder_minutes, end_reminder.minutes_prior AS end_reminder_minutes,
					(SELECT GROUP_CONCAT(groups.group_id)
						FROM user_groups groups WHERE owner.user_id = groups.user_id) as owner_group_list,

					(SELECT GROUP_CONCAT(CONCAT(participants.user_id, '=', CONCAT(participant_users.fname, " ", participant_users.lname)) SEPARATOR "!sep!")
						FROM reservation_users participants INNER JOIN users participant_users ON participants.user_id = participant_users.user_id WHERE participants.reservation_instance_id = ri.reservation_instance_id AND participants.reservation_user_level = 2) as participant_list,

					(SELECT GROUP_CONCAT(CONCAT(invitees.user_id, '=', CONCAT(invitee_users.fname, " ", invitee_users.lname)) SEPARATOR "!sep!")
						FROM reservation_users invitees INNER JOIN users invitee_users ON invitees.user_id = invitee_users.user_id WHERE invitees.reservation_instance_id = ri.reservation_instance_id AND invitees.reservation_user_level = 3) as invitee_list,

					(SELECT GROUP_CONCAT(CONCAT(cav.custom_attribute_id,'=', cav.attribute_value) SEPARATOR "!sep!")
						FROM custom_attribute_values cav WHERE cav.entity_id = ri.series_id AND cav.attribute_category = 1) as attribute_list,

					(SELECT GROUP_CONCAT(CONCAT(p.name, "=", p.value) SEPARATOR "!sep!")
						FROM user_preferences p WHERE owner.user_id = p.user_id) as preferences,
						
					(SELECT GROUP_CONCAT(CONCAT(guests.email, "=", guests.reservation_user_level) SEPARATOR "!sep!")
						FROM reservation_guests guests WHERE guests.reservation_instance_id = ri.reservation_instance_id) as guest_list
			FROM reservation_instances ri
			INNER JOIN reservation_series rs ON rs.series_id = ri.series_id
			INNER JOIN reservation_users ru ON ru.reservation_instance_id = ri.reservation_instance_id
			INNER JOIN users ON users.user_id = rs.owner_id
			INNER JOIN users owner ON owner.user_id = rs.owner_id
			LEFT JOIN positions ON owner.position_id = positions.position_id
			INNER JOIN reservation_resources rr ON rs.series_id = rr.series_id
			INNER JOIN resources ON rr.resource_id = resources.resource_id
			INNER JOIN schedules ON resources.schedule_id = schedules.schedule_id
			LEFT JOIN reservation_reminders start_reminder ON start_reminder.series_id = rs.series_id AND start_reminder.reminder_type = 0
			LEFT JOIN reservation_reminders end_reminder ON end_reminder.series_id = rs.series_id AND end_reminder.reminder_type = 1
			
			WHERE ( rs.status_id <> 2
			AND ru.reservation_user_level = '1' ) AND (1=1 AND ( resources.resource_id = '24' ) AND ( users.user_id = '541' ) AND ( 0=1 OR ( start_date <= '2019-08-25 00:00:00' AND ( end_date >= '2019-09-14 00:00:00' ) ) OR ( start_date >= '2019-08-25 00:00:00' AND ( start_date <= '2019-09-14 00:00:00' ) ) OR ( end_date >= '2019-08-25 00:00:00' AND ( end_date <= '2019-09-14 00:00:00' ) ) )) ORDER BY ri.start_date ASC LIMIT 20 OFFSET 0;
2019-08-30T15:12:47+07:00 [24915] DEBUG sql - [User=Pompamz A (pp.pompamz@gmail.com)] MySql Query: SELECT s.*, l.timezone FROM schedules s INNER JOIN layouts l ON s.layout_id = l.layout_id ORDER BY s.name;
2019-08-30T15:12:47+07:00 [24915] DEBUG sql - [User=Pompamz A (pp.pompamz@gmail.com)] MySql Query: SELECT r.*, s.admin_group_id as s_admin_group_id,
		(SELECT GROUP_CONCAT(CONCAT(cav.custom_attribute_id, '=', cav.attribute_value) SEPARATOR "!sep!")
						FROM custom_attribute_values cav WHERE cav.entity_id = r.resource_id AND cav.attribute_category = 4) as attribute_list,
		(SELECT GROUP_CONCAT(rga.resource_group_id SEPARATOR "!sep!") FROM resource_group_assignment rga WHERE rga.resource_id = r.resource_id) AS group_list
		FROM resources r
		INNER JOIN schedules s ON r.schedule_id = s.schedule_id
		ORDER BY COALESCE(r.sort_order,0), r.name;
2019-08-30T15:12:47+07:00 [24915] DEBUG sql - [User=Pompamz A (pp.pompamz@gmail.com)] MySql Query: SELECT * FROM resource_status_reasons;
2019-08-30T15:12:47+07:00 [24915] DEBUG sql - [User=Pompamz A (pp.pompamz@gmail.com)] MySql Query: SELECT u.*, p.name AS position_name FROM users u 
		LEFT JOIN positions p ON p.position_id = u.position_id
		WHERE u.user_id = '540';
2019-08-30T15:12:47+07:00 [24915] DEBUG sql - [User=Pompamz A (pp.pompamz@gmail.com)] MySql Query: SELECT * FROM user_email_preferences WHERE user_id = '540';
2019-08-30T15:12:47+07:00 [24915] DEBUG sql - [User=Pompamz A (pp.pompamz@gmail.com)] MySql Query: SELECT
			urp.user_id, r.resource_id, r.name
		FROM
			user_resource_permissions urp, resources r
		WHERE
			urp.user_id = '540' AND r.resource_id = urp.resource_id;
2019-08-30T15:12:47+07:00 [24915] DEBUG sql - [User=Pompamz A (pp.pompamz@gmail.com)] MySql Query: SELECT g.*, r.role_level
		FROM user_groups ug
		INNER JOIN groups g ON ug.group_id = g.group_id
		LEFT JOIN group_roles gr ON ug.group_id = gr.group_id
		LEFT JOIN roles r ON gr.role_id = r.role_id
		WHERE user_id = '540' AND (null is null OR r.role_level IN (null) );
2019-08-30T15:12:47+07:00 [24915] DEBUG sql - [User=Pompamz A (pp.pompamz@gmail.com)] MySql Query: SELECT cav.*, ca.display_label
		FROM custom_attribute_values cav
		INNER JOIN custom_attributes ca ON ca.custom_attribute_id = cav.custom_attribute_id
		WHERE cav.attribute_category = '2' AND cav.entity_id = '540';
2019-08-30T15:12:47+07:00 [24915] DEBUG sql - [User=Pompamz A (pp.pompamz@gmail.com)] MySql Query: SELECT name, value FROM user_preferences WHERE user_id = '540';
2019-08-30T15:12:47+07:00 [24915] DEBUG sql - [User=Pompamz A (pp.pompamz@gmail.com)] MySql Execute: UPDATE users
		SET
			status_id = '1',
			password = 'f0f436cef3efde3bd8644ba4309f84308ea8949f',
			salt = '6fb02196',
			fname = 'Pompamz',
			lname = 'A',
			email = 'pp.pompamz@gmail.com',
			username = 'devadmin',
			homepageId = '1',
			last_modified = '2019-08-30 15:12:47',
			timezone = 'Asia/Bangkok',
			allow_calendar_subscription = '0',
			public_id = '5c88ae6d5d040',
			language = 'en_us',
			lastlogin = '2019-08-30 15:12:23',
			default_schedule_id = null,
			credit_count = '0.00'
		WHERE
			user_id = '540';
2019-08-30T15:12:47+07:00 [24915] DEBUG sql - [User=Pompamz A (pp.pompamz@gmail.com)] MySql Query: SELECT a.*,
				(SELECT GROUP_CONCAT(e.entity_id SEPARATOR "!sep!")
							FROM custom_attribute_entities e WHERE e.custom_attribute_id = a.custom_attribute_id ORDER BY e.entity_id) as entity_ids,
				CASE
				WHEN a.attribute_category = 2 THEN (SELECT GROUP_CONCAT(CONCAT(u.fname, " ", u.lname) SEPARATOR "!sep!")
													FROM users u INNER JOIN custom_attribute_entities e
													WHERE e.custom_attribute_id = a.custom_attribute_id AND u.user_id = e.entity_id ORDER BY e.entity_id)
				WHEN a.attribute_category = 4 THEN (SELECT GROUP_CONCAT(r.name SEPARATOR "!sep!")
													FROM resources r INNER JOIN custom_attribute_entities e
													WHERE e.custom_attribute_id = a.custom_attribute_id AND r.resource_id = e.entity_id ORDER BY e.entity_id)
				WHEN a.attribute_category = 5  THEN (SELECT GROUP_CONCAT(rt.resource_type_name SEPARATOR "!sep!")
													FROM resource_types rt INNER JOIN custom_attribute_entities e
													WHERE e.custom_attribute_id = a.custom_attribute_id AND rt.resource_type_id = e.entity_id ORDER BY e.entity_id)
				ELSE null
				END as entity_descriptions,
				CASE
				WHEN a.secondary_category = 2 THEN (SELECT GROUP_CONCAT(CONCAT( fname, " ", lname ) SEPARATOR  "!sep!" ) FROM users WHERE FIND_IN_SET( user_id, a.secondary_entity_ids ))
				WHEN a.secondary_category = 4 THEN (SELECT GROUP_CONCAT(name SEPARATOR  "!sep!" ) FROM resources WHERE FIND_IN_SET( resource_id, a.secondary_entity_ids ))
				WHEN a.secondary_category = 5 THEN (SELECT GROUP_CONCAT(resource_type_name SEPARATOR  "!sep!" ) FROM resource_types WHERE FIND_IN_SET( resource_type_id, a.secondary_entity_ids ))
				ELSE null
				END as secondary_entity_descriptions
				FROM custom_attributes a WHERE a.attribute_category = '1' ORDER BY a.sort_order, a.display_label;
2019-08-30T15:12:47+07:00 [24915] DEBUG sql - [User=Pompamz A (pp.pompamz@gmail.com)] MySql Query: SELECT COUNT(*) as total FROM (SELECT
				ri.*, rs.date_created as date_created, rs.last_modified as last_modified, rs.description as description, rs.status_id as status_id, rs.title, rs.repeat_type, rs.repeat_options,
					owner.fname as owner_fname, owner.lname as owner_lname, owner.user_id as owner_id, owner.phone as owner_phone, owner.position_id as owner_position, owner.organization as owner_organization, owner.email as email, owner.language, owner.timezone,
					resources.name, resources.resource_id, resources.schedule_id, resources.status_id as resource_status_id, resources.resource_status_reason_id, resources.buffer_time, resources.color, resources.enable_check_in, resources.auto_release_minutes, ru.reservation_user_level,
					start_reminder.minutes_prior AS start_reminder_minutes, end_reminder.minutes_prior AS end_reminder_minutes,
					(SELECT GROUP_CONCAT(groups.group_id)
						FROM user_groups groups WHERE owner.user_id = groups.user_id) as owner_group_list,

					(SELECT GROUP_CONCAT(CONCAT(participants.user_id, '=', CONCAT(participant_users.fname, " ", participant_users.lname)) SEPARATOR "!sep!")
						FROM reservation_users participants INNER JOIN users participant_users ON participants.user_id = participant_users.user_id WHERE participants.reservation_instance_id = ri.reservation_instance_id AND participants.reservation_user_level = 2) as participant_list,

					(SELECT GROUP_CONCAT(CONCAT(invitees.user_id, '=', CONCAT(invitee_users.fname, " ", invitee_users.lname)) SEPARATOR "!sep!")
						FROM reservation_users invitees INNER JOIN users invitee_users ON invitees.user_id = invitee_users.user_id WHERE invitees.reservation_instance_id = ri.reservation_instance_id AND invitees.reservation_user_level = 3) as invitee_list,

					(SELECT GROUP_CONCAT(CONCAT(cav.custom_attribute_id,'=', cav.attribute_value) SEPARATOR "!sep!")
						FROM custom_attribute_values cav WHERE cav.entity_id = ri.series_id AND cav.attribute_category = 1) as attribute_list,

					(SELECT GROUP_CONCAT(CONCAT(p.name, "=", p.value) SEPARATOR "!sep!")
						FROM user_preferences p WHERE owner.user_id = p.user_id) as preferences,
						
					(SELECT GROUP_CONCAT(CONCAT(guests.email, "=", guests.reservation_user_level) SEPARATOR "!sep!")
						FROM reservation_guests guests WHERE guests.reservation_instance_id = ri.reservation_instance_id) as guest_list
			FROM reservation_instances ri
			INNER JOIN reservation_series rs ON rs.series_id = ri.series_id
			INNER JOIN reservation_users ru ON ru.reservation_instance_id = ri.reservation_instance_id
			INNER JOIN users ON users.user_id = rs.owner_id
			INNER JOIN users owner ON owner.user_id = rs.owner_id
			LEFT JOIN positions ON owner.position_id = positions.position_id
			INNER JOIN reservation_resources rr ON rs.series_id = rr.series_id
			INNER JOIN resources ON rr.resource_id = resources.resource_id
			INNER JOIN schedules ON resources.schedule_id = schedules.schedule_id
			LEFT JOIN reservation_reminders start_reminder ON start_reminder.series_id = rs.series_id AND start_reminder.reminder_type = 0
			LEFT JOIN reservation_reminders end_reminder ON end_reminder.series_id = rs.series_id AND end_reminder.reminder_type = 1
			
			WHERE ( rs.status_id <> 2
			AND ru.reservation_user_level = '1' ) AND (1=1 AND ( resources.resource_id = '24' ) AND ( users.user_id = '541' ) AND ( 0=1 OR ( start_date <= '2019-08-25 00:00:00' AND ( end_date >= '2019-09-14 00:00:00' ) ) OR ( start_date >= '2019-08-25 00:00:00' AND ( start_date <= '2019-09-14 00:00:00' ) ) OR ( end_date >= '2019-08-25 00:00:00' AND ( end_date <= '2019-09-14 00:00:00' ) ) )) ORDER BY ri.start_date ASC) results;
2019-08-30T15:12:47+07:00 [24915] DEBUG sql - [User=Pompamz A (pp.pompamz@gmail.com)] MySql Query: SELECT
				ri.*, rs.date_created as date_created, rs.last_modified as last_modified, rs.description as description, rs.status_id as status_id, rs.title, rs.repeat_type, rs.repeat_options,
					owner.fname as owner_fname, owner.lname as owner_lname, owner.user_id as owner_id, owner.phone as owner_phone, owner.position_id as owner_position, owner.organization as owner_organization, owner.email as email, owner.language, owner.timezone,
					resources.name, resources.resource_id, resources.schedule_id, resources.status_id as resource_status_id, resources.resource_status_reason_id, resources.buffer_time, resources.color, resources.enable_check_in, resources.auto_release_minutes, ru.reservation_user_level,
					start_reminder.minutes_prior AS start_reminder_minutes, end_reminder.minutes_prior AS end_reminder_minutes,
					(SELECT GROUP_CONCAT(groups.group_id)
						FROM user_groups groups WHERE owner.user_id = groups.user_id) as owner_group_list,

					(SELECT GROUP_CONCAT(CONCAT(participants.user_id, '=', CONCAT(participant_users.fname, " ", participant_users.lname)) SEPARATOR "!sep!")
						FROM reservation_users participants INNER JOIN users participant_users ON participants.user_id = participant_users.user_id WHERE participants.reservation_instance_id = ri.reservation_instance_id AND participants.reservation_user_level = 2) as participant_list,

					(SELECT GROUP_CONCAT(CONCAT(invitees.user_id, '=', CONCAT(invitee_users.fname, " ", invitee_users.lname)) SEPARATOR "!sep!")
						FROM reservation_users invitees INNER JOIN users invitee_users ON invitees.user_id = invitee_users.user_id WHERE invitees.reservation_instance_id = ri.reservation_instance_id AND invitees.reservation_user_level = 3) as invitee_list,

					(SELECT GROUP_CONCAT(CONCAT(cav.custom_attribute_id,'=', cav.attribute_value) SEPARATOR "!sep!")
						FROM custom_attribute_values cav WHERE cav.entity_id = ri.series_id AND cav.attribute_category = 1) as attribute_list,

					(SELECT GROUP_CONCAT(CONCAT(p.name, "=", p.value) SEPARATOR "!sep!")
						FROM user_preferences p WHERE owner.user_id = p.user_id) as preferences,
						
					(SELECT GROUP_CONCAT(CONCAT(guests.email, "=", guests.reservation_user_level) SEPARATOR "!sep!")
						FROM reservation_guests guests WHERE guests.reservation_instance_id = ri.reservation_instance_id) as guest_list
			FROM reservation_instances ri
			INNER JOIN reservation_series rs ON rs.series_id = ri.series_id
			INNER JOIN reservation_users ru ON ru.reservation_instance_id = ri.reservation_instance_id
			INNER JOIN users ON users.user_id = rs.owner_id
			INNER JOIN users owner ON owner.user_id = rs.owner_id
			LEFT JOIN positions ON owner.position_id = positions.position_id
			INNER JOIN reservation_resources rr ON rs.series_id = rr.series_id
			INNER JOIN resources ON rr.resource_id = resources.resource_id
			INNER JOIN schedules ON resources.schedule_id = schedules.schedule_id
			LEFT JOIN reservation_reminders start_reminder ON start_reminder.series_id = rs.series_id AND start_reminder.reminder_type = 0
			LEFT JOIN reservation_reminders end_reminder ON end_reminder.series_id = rs.series_id AND end_reminder.reminder_type = 1
			
			WHERE ( rs.status_id <> 2
			AND ru.reservation_user_level = '1' ) AND (1=1 AND ( resources.resource_id = '24' ) AND ( users.user_id = '541' ) AND ( 0=1 OR ( start_date <= '2019-08-25 00:00:00' AND ( end_date >= '2019-09-14 00:00:00' ) ) OR ( start_date >= '2019-08-25 00:00:00' AND ( start_date <= '2019-09-14 00:00:00' ) ) OR ( end_date >= '2019-08-25 00:00:00' AND ( end_date <= '2019-09-14 00:00:00' ) ) )) ORDER BY ri.start_date ASC LIMIT 20 OFFSET 0;
2019-08-30T15:12:50+07:00 [25700] DEBUG sql - [User=Pompamz A (pp.pompamz@gmail.com)] MySql Query: SELECT s.*, l.timezone FROM schedules s INNER JOIN layouts l ON s.layout_id = l.layout_id ORDER BY s.name;
2019-08-30T15:12:50+07:00 [25700] DEBUG sql - [User=Pompamz A (pp.pompamz@gmail.com)] MySql Query: SELECT r.*, s.admin_group_id as s_admin_group_id,
		(SELECT GROUP_CONCAT(CONCAT(cav.custom_attribute_id, '=', cav.attribute_value) SEPARATOR "!sep!")
						FROM custom_attribute_values cav WHERE cav.entity_id = r.resource_id AND cav.attribute_category = 4) as attribute_list,
		(SELECT GROUP_CONCAT(rga.resource_group_id SEPARATOR "!sep!") FROM resource_group_assignment rga WHERE rga.resource_id = r.resource_id) AS group_list
		FROM resources r
		INNER JOIN schedules s ON r.schedule_id = s.schedule_id
		ORDER BY COALESCE(r.sort_order,0), r.name;
2019-08-30T15:12:50+07:00 [25700] DEBUG sql - [User=Pompamz A (pp.pompamz@gmail.com)] MySql Query: SELECT * FROM resource_status_reasons;
2019-08-30T15:12:50+07:00 [25700] DEBUG sql - [User=Pompamz A (pp.pompamz@gmail.com)] MySql Query: SELECT u.*, p.name AS position_name FROM users u 
		LEFT JOIN positions p ON p.position_id = u.position_id
		WHERE u.user_id = '540';
2019-08-30T15:12:50+07:00 [25700] DEBUG sql - [User=Pompamz A (pp.pompamz@gmail.com)] MySql Query: SELECT * FROM user_email_preferences WHERE user_id = '540';
2019-08-30T15:12:50+07:00 [25700] DEBUG sql - [User=Pompamz A (pp.pompamz@gmail.com)] MySql Query: SELECT
			urp.user_id, r.resource_id, r.name
		FROM
			user_resource_permissions urp, resources r
		WHERE
			urp.user_id = '540' AND r.resource_id = urp.resource_id;
2019-08-30T15:12:50+07:00 [25700] DEBUG sql - [User=Pompamz A (pp.pompamz@gmail.com)] MySql Query: SELECT g.*, r.role_level
		FROM user_groups ug
		INNER JOIN groups g ON ug.group_id = g.group_id
		LEFT JOIN group_roles gr ON ug.group_id = gr.group_id
		LEFT JOIN roles r ON gr.role_id = r.role_id
		WHERE user_id = '540' AND (null is null OR r.role_level IN (null) );
2019-08-30T15:12:50+07:00 [25700] DEBUG sql - [User=Pompamz A (pp.pompamz@gmail.com)] MySql Query: SELECT cav.*, ca.display_label
		FROM custom_attribute_values cav
		INNER JOIN custom_attributes ca ON ca.custom_attribute_id = cav.custom_attribute_id
		WHERE cav.attribute_category = '2' AND cav.entity_id = '540';
2019-08-30T15:12:50+07:00 [25700] DEBUG sql - [User=Pompamz A (pp.pompamz@gmail.com)] MySql Query: SELECT name, value FROM user_preferences WHERE user_id = '540';
2019-08-30T15:12:50+07:00 [25700] DEBUG sql - [User=Pompamz A (pp.pompamz@gmail.com)] MySql Query: SELECT a.*,
				(SELECT GROUP_CONCAT(e.entity_id SEPARATOR "!sep!")
							FROM custom_attribute_entities e WHERE e.custom_attribute_id = a.custom_attribute_id ORDER BY e.entity_id) as entity_ids,
				CASE
				WHEN a.attribute_category = 2 THEN (SELECT GROUP_CONCAT(CONCAT(u.fname, " ", u.lname) SEPARATOR "!sep!")
													FROM users u INNER JOIN custom_attribute_entities e
													WHERE e.custom_attribute_id = a.custom_attribute_id AND u.user_id = e.entity_id ORDER BY e.entity_id)
				WHEN a.attribute_category = 4 THEN (SELECT GROUP_CONCAT(r.name SEPARATOR "!sep!")
													FROM resources r INNER JOIN custom_attribute_entities e
													WHERE e.custom_attribute_id = a.custom_attribute_id AND r.resource_id = e.entity_id ORDER BY e.entity_id)
				WHEN a.attribute_category = 5  THEN (SELECT GROUP_CONCAT(rt.resource_type_name SEPARATOR "!sep!")
													FROM resource_types rt INNER JOIN custom_attribute_entities e
													WHERE e.custom_attribute_id = a.custom_attribute_id AND rt.resource_type_id = e.entity_id ORDER BY e.entity_id)
				ELSE null
				END as entity_descriptions,
				CASE
				WHEN a.secondary_category = 2 THEN (SELECT GROUP_CONCAT(CONCAT( fname, " ", lname ) SEPARATOR  "!sep!" ) FROM users WHERE FIND_IN_SET( user_id, a.secondary_entity_ids ))
				WHEN a.secondary_category = 4 THEN (SELECT GROUP_CONCAT(name SEPARATOR  "!sep!" ) FROM resources WHERE FIND_IN_SET( resource_id, a.secondary_entity_ids ))
				WHEN a.secondary_category = 5 THEN (SELECT GROUP_CONCAT(resource_type_name SEPARATOR  "!sep!" ) FROM resource_types WHERE FIND_IN_SET( resource_type_id, a.secondary_entity_ids ))
				ELSE null
				END as secondary_entity_descriptions
				FROM custom_attributes a WHERE a.attribute_category = '1' ORDER BY a.sort_order, a.display_label;
2019-08-30T15:12:50+07:00 [25700] DEBUG sql - [User=Pompamz A (pp.pompamz@gmail.com)] MySql Query: SELECT COUNT(*) as total FROM (SELECT
				ri.*, rs.date_created as date_created, rs.last_modified as last_modified, rs.description as description, rs.status_id as status_id, rs.title, rs.repeat_type, rs.repeat_options,
					owner.fname as owner_fname, owner.lname as owner_lname, owner.user_id as owner_id, owner.phone as owner_phone, owner.position_id as owner_position, owner.organization as owner_organization, owner.email as email, owner.language, owner.timezone,
					resources.name, resources.resource_id, resources.schedule_id, resources.status_id as resource_status_id, resources.resource_status_reason_id, resources.buffer_time, resources.color, resources.enable_check_in, resources.auto_release_minutes, ru.reservation_user_level,
					start_reminder.minutes_prior AS start_reminder_minutes, end_reminder.minutes_prior AS end_reminder_minutes,
					(SELECT GROUP_CONCAT(groups.group_id)
						FROM user_groups groups WHERE owner.user_id = groups.user_id) as owner_group_list,

					(SELECT GROUP_CONCAT(CONCAT(participants.user_id, '=', CONCAT(participant_users.fname, " ", participant_users.lname)) SEPARATOR "!sep!")
						FROM reservation_users participants INNER JOIN users participant_users ON participants.user_id = participant_users.user_id WHERE participants.reservation_instance_id = ri.reservation_instance_id AND participants.reservation_user_level = 2) as participant_list,

					(SELECT GROUP_CONCAT(CONCAT(invitees.user_id, '=', CONCAT(invitee_users.fname, " ", invitee_users.lname)) SEPARATOR "!sep!")
						FROM reservation_users invitees INNER JOIN users invitee_users ON invitees.user_id = invitee_users.user_id WHERE invitees.reservation_instance_id = ri.reservation_instance_id AND invitees.reservation_user_level = 3) as invitee_list,

					(SELECT GROUP_CONCAT(CONCAT(cav.custom_attribute_id,'=', cav.attribute_value) SEPARATOR "!sep!")
						FROM custom_attribute_values cav WHERE cav.entity_id = ri.series_id AND cav.attribute_category = 1) as attribute_list,

					(SELECT GROUP_CONCAT(CONCAT(p.name, "=", p.value) SEPARATOR "!sep!")
						FROM user_preferences p WHERE owner.user_id = p.user_id) as preferences,
						
					(SELECT GROUP_CONCAT(CONCAT(guests.email, "=", guests.reservation_user_level) SEPARATOR "!sep!")
						FROM reservation_guests guests WHERE guests.reservation_instance_id = ri.reservation_instance_id) as guest_list
			FROM reservation_instances ri
			INNER JOIN reservation_series rs ON rs.series_id = ri.series_id
			INNER JOIN reservation_users ru ON ru.reservation_instance_id = ri.reservation_instance_id
			INNER JOIN users ON users.user_id = rs.owner_id
			INNER JOIN users owner ON owner.user_id = rs.owner_id
			LEFT JOIN positions ON owner.position_id = positions.position_id
			INNER JOIN reservation_resources rr ON rs.series_id = rr.series_id
			INNER JOIN resources ON rr.resource_id = resources.resource_id
			INNER JOIN schedules ON resources.schedule_id = schedules.schedule_id
			LEFT JOIN reservation_reminders start_reminder ON start_reminder.series_id = rs.series_id AND start_reminder.reminder_type = 0
			LEFT JOIN reservation_reminders end_reminder ON end_reminder.series_id = rs.series_id AND end_reminder.reminder_type = 1
			
			WHERE ( rs.status_id <> 2
			AND ru.reservation_user_level = '1' ) AND (1=1 AND ( resources.resource_id = '24' ) AND ( users.user_id = '541' ) AND ( 0=1 OR ( start_date <= '2019-08-25 00:00:00' AND ( end_date >= '2019-09-14 00:00:00' ) ) OR ( start_date >= '2019-08-25 00:00:00' AND ( start_date <= '2019-09-14 00:00:00' ) ) OR ( end_date >= '2019-08-25 00:00:00' AND ( end_date <= '2019-09-14 00:00:00' ) ) )) ORDER BY ri.start_date ASC) results;
2019-08-30T15:12:50+07:00 [25700] DEBUG sql - [User=Pompamz A (pp.pompamz@gmail.com)] MySql Query: SELECT
				ri.*, rs.date_created as date_created, rs.last_modified as last_modified, rs.description as description, rs.status_id as status_id, rs.title, rs.repeat_type, rs.repeat_options,
					owner.fname as owner_fname, owner.lname as owner_lname, owner.user_id as owner_id, owner.phone as owner_phone, owner.position_id as owner_position, owner.organization as owner_organization, owner.email as email, owner.language, owner.timezone,
					resources.name, resources.resource_id, resources.schedule_id, resources.status_id as resource_status_id, resources.resource_status_reason_id, resources.buffer_time, resources.color, resources.enable_check_in, resources.auto_release_minutes, ru.reservation_user_level,
					start_reminder.minutes_prior AS start_reminder_minutes, end_reminder.minutes_prior AS end_reminder_minutes,
					(SELECT GROUP_CONCAT(groups.group_id)
						FROM user_groups groups WHERE owner.user_id = groups.user_id) as owner_group_list,

					(SELECT GROUP_CONCAT(CONCAT(participants.user_id, '=', CONCAT(participant_users.fname, " ", participant_users.lname)) SEPARATOR "!sep!")
						FROM reservation_users participants INNER JOIN users participant_users ON participants.user_id = participant_users.user_id WHERE participants.reservation_instance_id = ri.reservation_instance_id AND participants.reservation_user_level = 2) as participant_list,

					(SELECT GROUP_CONCAT(CONCAT(invitees.user_id, '=', CONCAT(invitee_users.fname, " ", invitee_users.lname)) SEPARATOR "!sep!")
						FROM reservation_users invitees INNER JOIN users invitee_users ON invitees.user_id = invitee_users.user_id WHERE invitees.reservation_instance_id = ri.reservation_instance_id AND invitees.reservation_user_level = 3) as invitee_list,

					(SELECT GROUP_CONCAT(CONCAT(cav.custom_attribute_id,'=', cav.attribute_value) SEPARATOR "!sep!")
						FROM custom_attribute_values cav WHERE cav.entity_id = ri.series_id AND cav.attribute_category = 1) as attribute_list,

					(SELECT GROUP_CONCAT(CONCAT(p.name, "=", p.value) SEPARATOR "!sep!")
						FROM user_preferences p WHERE owner.user_id = p.user_id) as preferences,
						
					(SELECT GROUP_CONCAT(CONCAT(guests.email, "=", guests.reservation_user_level) SEPARATOR "!sep!")
						FROM reservation_guests guests WHERE guests.reservation_instance_id = ri.reservation_instance_id) as guest_list
			FROM reservation_instances ri
			INNER JOIN reservation_series rs ON rs.series_id = ri.series_id
			INNER JOIN reservation_users ru ON ru.reservation_instance_id = ri.reservation_instance_id
			INNER JOIN users ON users.user_id = rs.owner_id
			INNER JOIN users owner ON owner.user_id = rs.owner_id
			LEFT JOIN positions ON owner.position_id = positions.position_id
			INNER JOIN reservation_resources rr ON rs.series_id = rr.series_id
			INNER JOIN resources ON rr.resource_id = resources.resource_id
			INNER JOIN schedules ON resources.schedule_id = schedules.schedule_id
			LEFT JOIN reservation_reminders start_reminder ON start_reminder.series_id = rs.series_id AND start_reminder.reminder_type = 0
			LEFT JOIN reservation_reminders end_reminder ON end_reminder.series_id = rs.series_id AND end_reminder.reminder_type = 1
			
			WHERE ( rs.status_id <> 2
			AND ru.reservation_user_level = '1' ) AND (1=1 AND ( resources.resource_id = '24' ) AND ( users.user_id = '541' ) AND ( 0=1 OR ( start_date <= '2019-08-25 00:00:00' AND ( end_date >= '2019-09-14 00:00:00' ) ) OR ( start_date >= '2019-08-25 00:00:00' AND ( start_date <= '2019-09-14 00:00:00' ) ) OR ( end_date >= '2019-08-25 00:00:00' AND ( end_date <= '2019-09-14 00:00:00' ) ) )) ORDER BY ri.start_date ASC LIMIT 20 OFFSET 0;
