2019-05-30T15:13:46+07:00 [18364] DEBUG default - [User=Admin A. (meshaya.p@vistec.ac.th)] Acco CREATE_DATE is 2019-05-27 14:17:33 [File=/var/www/html/booking/Domain/Announcement.php,Line=171]
2019-05-30T15:13:46+07:00 [18364] DEBUG default - [User=Admin A. (meshaya.p@vistec.ac.th)] Acco CREATE_DATE is 2019-05-27 14:18:38 [File=/var/www/html/booking/Domain/Announcement.php,Line=171]
2019-05-30T15:13:46+07:00 [18364] DEBUG default - [User=Admin A. (meshaya.p@vistec.ac.th)] Acco CREATE_DATE is 2019-05-23 09:12:01 [File=/var/www/html/booking/Domain/Announcement.php,Line=171]
2019-05-30T15:13:46+07:00 [18364] DEBUG default - [User=Admin A. (meshaya.p@vistec.ac.th)] Acco CREATE_DATE is 2019-05-21 10:13:10 [File=/var/www/html/booking/Domain/Announcement.php,Line=171]
2019-05-30T15:13:46+07:00 [18364] DEBUG default - [User=Admin A. (meshaya.p@vistec.ac.th)] Acco CREATE_DATE is 2019-05-21 10:13:59 [File=/var/www/html/booking/Domain/Announcement.php,Line=171]
2019-05-30T15:13:46+07:00 [18364] DEBUG default - [User=Admin A. (meshaya.p@vistec.ac.th)] Acco CREATE_DATE is 2019-05-13 15:05:14 [File=/var/www/html/booking/Domain/Announcement.php,Line=171]
2019-05-30T15:13:46+07:00 [18364] DEBUG default - [User=Admin A. (meshaya.p@vistec.ac.th)] Acco CREATE_DATE is 2019-05-08 09:13:45 [File=/var/www/html/booking/Domain/Announcement.php,Line=171]
2019-05-30T15:13:46+07:00 [18364] DEBUG default - [User=Admin A. (meshaya.p@vistec.ac.th)] Acco CREATE_DATE is 2019-05-08 09:18:17 [File=/var/www/html/booking/Domain/Announcement.php,Line=171]
2019-05-30T15:13:46+07:00 [18364] DEBUG default - [User=Admin A. (meshaya.p@vistec.ac.th)] Acco CREATE_DATE is 2019-04-16 09:48:14 [File=/var/www/html/booking/Domain/Announcement.php,Line=171]
2019-05-30T15:13:46+07:00 [18364] DEBUG default - [User=Admin A. (meshaya.p@vistec.ac.th)] Acco CREATE_DATE is 2019-04-16 09:58:53 [File=/var/www/html/booking/Domain/Announcement.php,Line=171]
2019-05-30T15:13:46+07:00 [18364] DEBUG default - [User=Admin A. (meshaya.p@vistec.ac.th)] Acco CREATE_DATE is 2019-04-29 14:45:41 [File=/var/www/html/booking/Domain/Announcement.php,Line=171]
2019-05-30T15:13:46+07:00 [18364] DEBUG default - [User=Admin A. (meshaya.p@vistec.ac.th)] Acco CREATE_DATE is 2019-04-26 09:51:22 [File=/var/www/html/booking/Domain/Announcement.php,Line=171]
2019-05-30T15:13:46+07:00 [18364] DEBUG default - [User=Admin A. (meshaya.p@vistec.ac.th)] Acco CREATE_DATE is 2019-04-26 09:52:21 [File=/var/www/html/booking/Domain/Announcement.php,Line=171]
2019-05-30T15:13:46+07:00 [18364] DEBUG default - [User=Admin A. (meshaya.p@vistec.ac.th)] Acco CREATE_DATE is 2019-04-18 10:04:35 [File=/var/www/html/booking/Domain/Announcement.php,Line=171]
2019-05-30T15:13:46+07:00 [18364] DEBUG default - [User=Admin A. (meshaya.p@vistec.ac.th)] Acco CREATE_DATE is 2019-04-18 14:04:35 [File=/var/www/html/booking/Domain/Announcement.php,Line=171]
2019-05-30T15:13:46+07:00 [18364] DEBUG default - [User=Admin A. (meshaya.p@vistec.ac.th)] Acco CREATE_DATE is 2019-04-17 09:29:07 [File=/var/www/html/booking/Domain/Announcement.php,Line=171]
2019-05-30T15:13:46+07:00 [18364] DEBUG default - [User=Admin A. (meshaya.p@vistec.ac.th)] Acco CREATE_DATE is 2019-04-11 13:14:54 [File=/var/www/html/booking/Domain/Announcement.php,Line=171]
2019-05-30T15:13:46+07:00 [18364] DEBUG default - [User=Admin A. (meshaya.p@vistec.ac.th)] Acco CREATE_DATE is 2019-04-10 15:46:56 [File=/var/www/html/booking/Domain/Announcement.php,Line=171]
2019-05-30T15:13:46+07:00 [18364] DEBUG default - [User=Admin A. (meshaya.p@vistec.ac.th)] Acco CREATE_DATE is 2019-04-09 13:50:01 [File=/var/www/html/booking/Domain/Announcement.php,Line=171]
2019-05-30T15:13:46+07:00 [18364] DEBUG default - [User=Admin A. (meshaya.p@vistec.ac.th)] Acco CREATE_DATE is 2019-04-07 16:28:23 [File=/var/www/html/booking/Domain/Announcement.php,Line=171]
2019-05-30T15:14:39+07:00 [2610] DEBUG default - [User=Admin A. (meshaya.p@vistec.ac.th)] Action passed all validations [File=/var/www/html/booking/Pages/ActionPage.php,Line=108]
2019-05-30T15:14:39+07:00 [2610] DEBUG default - [User=Admin A. (meshaya.p@vistec.ac.th)] Processing page action. Action addAnnouncement [File=/var/www/html/booking/Presenters/ActionPresenter.php,Line=88]
2019-05-30T15:14:39+07:00 [2610] DEBUG default - [User=Admin A. (meshaya.p@vistec.ac.th)] Adding new Announcement [File=/var/www/html/booking/Presenters/Admin/ManageAnnouncementsPresenter.php,Line=115]
2019-05-30T15:14:39+07:00 [2610] DEBUG default - [User=Admin A. (meshaya.p@vistec.ac.th)] Create new Announcement [File=/var/www/html/booking/Domain/Announcement.php,Line=201]
2019-05-30T15:14:39+07:00 [2607] DEBUG default - [User=Admin A. (meshaya.p@vistec.ac.th)] Acco CREATE_DATE is 2019-05-30 15:14:39 [File=/var/www/html/booking/Domain/Announcement.php,Line=171]
2019-05-30T15:14:39+07:00 [2607] DEBUG default - [User=Admin A. (meshaya.p@vistec.ac.th)] Acco CREATE_DATE is 2019-05-27 14:17:33 [File=/var/www/html/booking/Domain/Announcement.php,Line=171]
2019-05-30T15:14:39+07:00 [2607] DEBUG default - [User=Admin A. (meshaya.p@vistec.ac.th)] Acco CREATE_DATE is 2019-05-27 14:18:38 [File=/var/www/html/booking/Domain/Announcement.php,Line=171]
2019-05-30T15:14:39+07:00 [2607] DEBUG default - [User=Admin A. (meshaya.p@vistec.ac.th)] Acco CREATE_DATE is 2019-05-23 09:12:01 [File=/var/www/html/booking/Domain/Announcement.php,Line=171]
2019-05-30T15:14:39+07:00 [2607] DEBUG default - [User=Admin A. (meshaya.p@vistec.ac.th)] Acco CREATE_DATE is 2019-05-21 10:13:10 [File=/var/www/html/booking/Domain/Announcement.php,Line=171]
2019-05-30T15:14:39+07:00 [2607] DEBUG default - [User=Admin A. (meshaya.p@vistec.ac.th)] Acco CREATE_DATE is 2019-05-21 10:13:59 [File=/var/www/html/booking/Domain/Announcement.php,Line=171]
2019-05-30T15:14:39+07:00 [2607] DEBUG default - [User=Admin A. (meshaya.p@vistec.ac.th)] Acco CREATE_DATE is 2019-05-13 15:05:14 [File=/var/www/html/booking/Domain/Announcement.php,Line=171]
2019-05-30T15:14:39+07:00 [2607] DEBUG default - [User=Admin A. (meshaya.p@vistec.ac.th)] Acco CREATE_DATE is 2019-05-08 09:13:45 [File=/var/www/html/booking/Domain/Announcement.php,Line=171]
2019-05-30T15:14:39+07:00 [2607] DEBUG default - [User=Admin A. (meshaya.p@vistec.ac.th)] Acco CREATE_DATE is 2019-05-08 09:18:17 [File=/var/www/html/booking/Domain/Announcement.php,Line=171]
2019-05-30T15:14:39+07:00 [2607] DEBUG default - [User=Admin A. (meshaya.p@vistec.ac.th)] Acco CREATE_DATE is 2019-04-16 09:48:14 [File=/var/www/html/booking/Domain/Announcement.php,Line=171]
2019-05-30T15:14:39+07:00 [2607] DEBUG default - [User=Admin A. (meshaya.p@vistec.ac.th)] Acco CREATE_DATE is 2019-04-16 09:58:53 [File=/var/www/html/booking/Domain/Announcement.php,Line=171]
2019-05-30T15:14:39+07:00 [2607] DEBUG default - [User=Admin A. (meshaya.p@vistec.ac.th)] Acco CREATE_DATE is 2019-04-29 14:45:41 [File=/var/www/html/booking/Domain/Announcement.php,Line=171]
2019-05-30T15:14:39+07:00 [2607] DEBUG default - [User=Admin A. (meshaya.p@vistec.ac.th)] Acco CREATE_DATE is 2019-04-26 09:51:22 [File=/var/www/html/booking/Domain/Announcement.php,Line=171]
2019-05-30T15:14:39+07:00 [2607] DEBUG default - [User=Admin A. (meshaya.p@vistec.ac.th)] Acco CREATE_DATE is 2019-04-26 09:52:21 [File=/var/www/html/booking/Domain/Announcement.php,Line=171]
2019-05-30T15:14:39+07:00 [2607] DEBUG default - [User=Admin A. (meshaya.p@vistec.ac.th)] Acco CREATE_DATE is 2019-04-18 10:04:35 [File=/var/www/html/booking/Domain/Announcement.php,Line=171]
2019-05-30T15:14:39+07:00 [2607] DEBUG default - [User=Admin A. (meshaya.p@vistec.ac.th)] Acco CREATE_DATE is 2019-04-18 14:04:35 [File=/var/www/html/booking/Domain/Announcement.php,Line=171]
2019-05-30T15:14:39+07:00 [2607] DEBUG default - [User=Admin A. (meshaya.p@vistec.ac.th)] Acco CREATE_DATE is 2019-04-17 09:29:07 [File=/var/www/html/booking/Domain/Announcement.php,Line=171]
2019-05-30T15:14:39+07:00 [2607] DEBUG default - [User=Admin A. (meshaya.p@vistec.ac.th)] Acco CREATE_DATE is 2019-04-11 13:14:54 [File=/var/www/html/booking/Domain/Announcement.php,Line=171]
2019-05-30T15:14:39+07:00 [2607] DEBUG default - [User=Admin A. (meshaya.p@vistec.ac.th)] Acco CREATE_DATE is 2019-04-10 15:46:56 [File=/var/www/html/booking/Domain/Announcement.php,Line=171]
2019-05-30T15:14:39+07:00 [2607] DEBUG default - [User=Admin A. (meshaya.p@vistec.ac.th)] Acco CREATE_DATE is 2019-04-09 13:50:01 [File=/var/www/html/booking/Domain/Announcement.php,Line=171]
2019-05-30T16:35:53+07:00 [18364] DEBUG default - [User=Admin A. (meshaya.p@vistec.ac.th)] Action passed all validations [File=/var/www/html/booking/Pages/ActionPage.php,Line=108]
2019-05-30T16:35:53+07:00 [18364] DEBUG default - [User=Admin A. (meshaya.p@vistec.ac.th)] Processing page action. Action load [File=/var/www/html/booking/Presenters/ActionPresenter.php,Line=88]
2019-05-30T16:35:53+07:00 [18364] DEBUG default - [User=Admin A. (meshaya.p@vistec.ac.th)] Loading blackout for editing. Id=48 [File=/var/www/html/booking/Presenters/Admin/ManageBlackoutsPresenter.php,Line=254]
2019-05-30T16:36:06+07:00 [2610] DEBUG default - [User=Admin A. (meshaya.p@vistec.ac.th)] Action passed all validations [File=/var/www/html/booking/Pages/ActionPage.php,Line=108]
2019-05-30T16:36:06+07:00 [2610] DEBUG default - [User=Admin A. (meshaya.p@vistec.ac.th)] Processing page action. Action update [File=/var/www/html/booking/Presenters/ActionPresenter.php,Line=88]
2019-05-30T16:36:06+07:00 [2610] DEBUG default - [User=Admin A. (meshaya.p@vistec.ac.th)] Updating blackout. BlackoutId=48, UpdateScope=full [File=/var/www/html/booking/Presenters/Admin/ManageBlackoutsPresenter.php,Line=325]
2019-05-30T16:36:14+07:00 [18364] DEBUG default - [User=Admin A. (meshaya.p@vistec.ac.th)] Action passed all validations [File=/var/www/html/booking/Pages/ActionPage.php,Line=108]
2019-05-30T16:36:14+07:00 [18364] DEBUG default - [User=Admin A. (meshaya.p@vistec.ac.th)] Processing page action. Action load [File=/var/www/html/booking/Presenters/ActionPresenter.php,Line=88]
2019-05-30T16:36:14+07:00 [18364] DEBUG default - [User=Admin A. (meshaya.p@vistec.ac.th)] Loading blackout for editing. Id=51 [File=/var/www/html/booking/Presenters/Admin/ManageBlackoutsPresenter.php,Line=254]
2019-05-30T16:36:21+07:00 [2610] DEBUG default - [User=Admin A. (meshaya.p@vistec.ac.th)] Action passed all validations [File=/var/www/html/booking/Pages/ActionPage.php,Line=108]
2019-05-30T16:36:21+07:00 [2610] DEBUG default - [User=Admin A. (meshaya.p@vistec.ac.th)] Processing page action. Action update [File=/var/www/html/booking/Presenters/ActionPresenter.php,Line=88]
2019-05-30T16:36:21+07:00 [2610] DEBUG default - [User=Admin A. (meshaya.p@vistec.ac.th)] Updating blackout. BlackoutId=51, UpdateScope=full [File=/var/www/html/booking/Presenters/Admin/ManageBlackoutsPresenter.php,Line=325]
2019-05-30T16:55:10+07:00 [2610] DEBUG default - [User=Admin A. (napatsorn.m@vistec.ac.th)] Loading validators for permissions [File=/var/www/html/booking/Presenters/Admin/ManageUsersPresenter.php,Line=418]
2019-05-30T16:55:10+07:00 [2610] DEBUG default - [User=Admin A. (napatsorn.m@vistec.ac.th)] Action passed all validations [File=/var/www/html/booking/Pages/ActionPage.php,Line=108]
2019-05-30T16:55:10+07:00 [2610] DEBUG default - [User=Admin A. (napatsorn.m@vistec.ac.th)] Processing page action. Action permissions [File=/var/www/html/booking/Presenters/ActionPresenter.php,Line=88]
