2019-04-04T10:00:55+07:00 [6290] DEBUG default - [User=Admin A. (jarinya.s@vistec.ac.th)] Action passed all validations [File=/var/www/html/booking/Pages/ActionPage.php,Line=108]
2019-04-04T10:00:55+07:00 [6290] DEBUG default - [User=Admin A. (jarinya.s@vistec.ac.th)] Processing page action. Action addUserPermission [File=/var/www/html/booking/Presenters/ActionPresenter.php,Line=88]
2019-04-04T12:02:33+07:00 [6290] DEBUG default - [User=Admin A. (meshaya.p@vistec.ac.th)] Loading validators for permissions [File=/var/www/html/booking/Presenters/Admin/ManageUsersPresenter.php,Line=418]
2019-04-04T12:02:33+07:00 [6290] DEBUG default - [User=Admin A. (meshaya.p@vistec.ac.th)] Action passed all validations [File=/var/www/html/booking/Pages/ActionPage.php,Line=108]
2019-04-04T12:02:33+07:00 [6290] DEBUG default - [User=Admin A. (meshaya.p@vistec.ac.th)] Processing page action. Action permissions [File=/var/www/html/booking/Presenters/ActionPresenter.php,Line=88]
2019-04-04T12:03:32+07:00 [6290] DEBUG default - [User=Admin A. (meshaya.p@vistec.ac.th)] Acco CREATE_DATE is 2019-04-03 12:21:31 [File=/var/www/html/booking/Domain/Announcement.php,Line=171]
2019-04-04T12:03:32+07:00 [6290] DEBUG default - [User=Admin A. (meshaya.p@vistec.ac.th)] Acco CREATE_DATE is 2019-04-03 12:22:19 [File=/var/www/html/booking/Domain/Announcement.php,Line=171]
2019-04-04T12:03:32+07:00 [6290] DEBUG default - [User=Admin A. (meshaya.p@vistec.ac.th)] Acco CREATE_DATE is 2019-04-02 09:48:53 [File=/var/www/html/booking/Domain/Announcement.php,Line=171]
2019-04-04T12:03:32+07:00 [6290] DEBUG default - [User=Admin A. (meshaya.p@vistec.ac.th)] Acco CREATE_DATE is 2019-04-01 12:00:59 [File=/var/www/html/booking/Domain/Announcement.php,Line=171]
2019-04-04T12:03:32+07:00 [6290] DEBUG default - [User=Admin A. (meshaya.p@vistec.ac.th)] Acco CREATE_DATE is 2019-04-01 14:03:54 [File=/var/www/html/booking/Domain/Announcement.php,Line=171]
2019-04-04T12:03:32+07:00 [6290] DEBUG default - [User=Admin A. (meshaya.p@vistec.ac.th)] Acco CREATE_DATE is 2019-04-02 17:13:41 [File=/var/www/html/booking/Domain/Announcement.php,Line=171]
2019-04-04T12:03:32+07:00 [6290] DEBUG default - [User=Admin A. (meshaya.p@vistec.ac.th)] Acco CREATE_DATE is 2019-03-27 09:55:28 [File=/var/www/html/booking/Domain/Announcement.php,Line=171]
2019-04-04T12:03:32+07:00 [6290] DEBUG default - [User=Admin A. (meshaya.p@vistec.ac.th)] Acco CREATE_DATE is 2019-03-20 20:21:35 [File=/var/www/html/booking/Domain/Announcement.php,Line=171]
2019-04-04T12:03:32+07:00 [6290] DEBUG default - [User=Admin A. (meshaya.p@vistec.ac.th)] Acco CREATE_DATE is 2019-03-18 11:42:19 [File=/var/www/html/booking/Domain/Announcement.php,Line=171]
2019-04-04T12:03:32+07:00 [6290] DEBUG default - [User=Admin A. (meshaya.p@vistec.ac.th)] Acco CREATE_DATE is 2019-03-18 11:44:48 [File=/var/www/html/booking/Domain/Announcement.php,Line=171]
2019-04-04T12:03:32+07:00 [6290] DEBUG default - [User=Admin A. (meshaya.p@vistec.ac.th)] Acco CREATE_DATE is 2019-03-11 10:50:07 [File=/var/www/html/booking/Domain/Announcement.php,Line=171]
2019-04-04T15:57:48+07:00 [10313] DEBUG default - [User=Admin A. (jarinya.s@vistec.ac.th)] Action passed all validations [File=/var/www/html/booking/Pages/ActionPage.php,Line=108]
2019-04-04T15:57:48+07:00 [10313] DEBUG default - [User=Admin A. (jarinya.s@vistec.ac.th)] Processing page action. Action addUserPermission [File=/var/www/html/booking/Presenters/ActionPresenter.php,Line=88]
2019-04-04T15:57:57+07:00 [23803] DEBUG default - [User=Admin A. (jarinya.s@vistec.ac.th)] Action passed all validations [File=/var/www/html/booking/Pages/ActionPage.php,Line=108]
2019-04-04T15:57:57+07:00 [23803] DEBUG default - [User=Admin A. (jarinya.s@vistec.ac.th)] Processing page action. Action removeUserPermission [File=/var/www/html/booking/Presenters/ActionPresenter.php,Line=88]
2019-04-04T16:58:17+07:00 [6290] DEBUG default - [User=Admin A. (jarinya.s@vistec.ac.th)] Action passed all validations [File=/var/www/html/booking/Pages/ActionPage.php,Line=108]
2019-04-04T16:58:17+07:00 [6290] DEBUG default - [User=Admin A. (jarinya.s@vistec.ac.th)] Processing page action. Action addUserPermission [File=/var/www/html/booking/Presenters/ActionPresenter.php,Line=88]
2019-04-04T16:58:25+07:00 [23803] DEBUG default - [User=Admin A. (jarinya.s@vistec.ac.th)] Action passed all validations [File=/var/www/html/booking/Pages/ActionPage.php,Line=108]
2019-04-04T16:58:25+07:00 [23803] DEBUG default - [User=Admin A. (jarinya.s@vistec.ac.th)] Processing page action. Action addUserPermission [File=/var/www/html/booking/Presenters/ActionPresenter.php,Line=88]
