2019-03-26T14:02:59+07:00 [4808] DEBUG default - [User=Admin A. (ratchawan.j@vistec.ac.th)] Action passed all validations [File=/var/www/html/booking/Pages/ActionPage.php,Line=108]
2019-03-26T14:02:59+07:00 [4808] DEBUG default - [User=Admin A. (ratchawan.j@vistec.ac.th)] Processing page action. Action addUserPermission [File=/var/www/html/booking/Presenters/ActionPresenter.php,Line=88]
2019-03-26T14:03:12+07:00 [4808] DEBUG default - [User=Admin A. (ratchawan.j@vistec.ac.th)] Action passed all validations [File=/var/www/html/booking/Pages/ActionPage.php,Line=108]
2019-03-26T14:03:12+07:00 [4808] DEBUG default - [User=Admin A. (ratchawan.j@vistec.ac.th)] Processing page action. Action addUserPermission [File=/var/www/html/booking/Presenters/ActionPresenter.php,Line=88]
2019-03-26T15:00:52+07:00 [4808] DEBUG default - [User=Admin A. (ratchawan.j@vistec.ac.th)] changed FilterUserId [File=/var/www/html/booking/Domain/Values/UserPreferences.php,Line=106]
2019-03-26T15:00:52+07:00 [4808] DEBUG default - [User=Admin A. (ratchawan.j@vistec.ac.th)] changed FilterUserName [File=/var/www/html/booking/Domain/Values/UserPreferences.php,Line=106]
2019-03-26T15:00:52+07:00 [4808] DEBUG default - [User=Admin A. (ratchawan.j@vistec.ac.th)] changed FilterResourceId [File=/var/www/html/booking/Domain/Values/UserPreferences.php,Line=106]
2019-03-26T15:00:52+07:00 [4808] DEBUG default - [User=Admin A. (ratchawan.j@vistec.ac.th)] changed FilterResourceStatusId [File=/var/www/html/booking/Domain/Values/UserPreferences.php,Line=106]
2019-03-26T15:01:09+07:00 [4808] DEBUG default - [User=Admin A. (ratchawan.j@vistec.ac.th)] Loading validators for permissions [File=/var/www/html/booking/Presenters/Admin/ManageUsersPresenter.php,Line=418]
2019-03-26T15:01:09+07:00 [4808] DEBUG default - [User=Admin A. (ratchawan.j@vistec.ac.th)] Action passed all validations [File=/var/www/html/booking/Pages/ActionPage.php,Line=108]
2019-03-26T15:01:09+07:00 [4808] DEBUG default - [User=Admin A. (ratchawan.j@vistec.ac.th)] Processing page action. Action permissions [File=/var/www/html/booking/Presenters/ActionPresenter.php,Line=88]
2019-03-26T16:38:42+07:00 [4808] DEBUG default - [User=Admin A. (napatsorn.m@vistec.ac.th)] Action passed all validations [File=/var/www/html/booking/Pages/ActionPage.php,Line=108]
2019-03-26T16:38:42+07:00 [4808] DEBUG default - [User=Admin A. (napatsorn.m@vistec.ac.th)] Processing page action. Action addAttribute [File=/var/www/html/booking/Presenters/ActionPresenter.php,Line=88]
2019-03-26T16:38:42+07:00 [4808] DEBUG default - [User=Admin A. (napatsorn.m@vistec.ac.th)] Adding new attribute named: Fluorescence mode [File=/var/www/html/booking/Presenters/Admin/ManageAttributesPresenter.php,Line=71]
2019-03-26T16:40:28+07:00 [4808] DEBUG default - [User=Admin A. (napatsorn.m@vistec.ac.th)] Action passed all validations [File=/var/www/html/booking/Pages/ActionPage.php,Line=108]
2019-03-26T16:40:28+07:00 [4808] DEBUG default - [User=Admin A. (napatsorn.m@vistec.ac.th)] Processing page action. Action addAttribute [File=/var/www/html/booking/Presenters/ActionPresenter.php,Line=88]
2019-03-26T16:40:28+07:00 [4808] DEBUG default - [User=Admin A. (napatsorn.m@vistec.ac.th)] Adding new attribute named: Lifetime mode [File=/var/www/html/booking/Presenters/Admin/ManageAttributesPresenter.php,Line=71]
2019-03-26T16:41:56+07:00 [23803] DEBUG default - [User=Admin A. (napatsorn.m@vistec.ac.th)] Action passed all validations [File=/var/www/html/booking/Pages/ActionPage.php,Line=108]
2019-03-26T16:41:56+07:00 [23803] DEBUG default - [User=Admin A. (napatsorn.m@vistec.ac.th)] Processing page action. Action addAttribute [File=/var/www/html/booking/Presenters/ActionPresenter.php,Line=88]
2019-03-26T16:41:56+07:00 [23803] DEBUG default - [User=Admin A. (napatsorn.m@vistec.ac.th)] Adding new attribute named: Quantum yield mode [File=/var/www/html/booking/Presenters/Admin/ManageAttributesPresenter.php,Line=71]
2019-03-26T16:42:32+07:00 [23803] DEBUG default - [User=Admin A. (napatsorn.m@vistec.ac.th)] Action passed all validations [File=/var/www/html/booking/Pages/ActionPage.php,Line=108]
2019-03-26T16:42:32+07:00 [23803] DEBUG default - [User=Admin A. (napatsorn.m@vistec.ac.th)] Processing page action. Action addAttribute [File=/var/www/html/booking/Presenters/ActionPresenter.php,Line=88]
2019-03-26T16:42:32+07:00 [23803] DEBUG default - [User=Admin A. (napatsorn.m@vistec.ac.th)] Adding new attribute named: Transient Abs [File=/var/www/html/booking/Presenters/Admin/ManageAttributesPresenter.php,Line=71]
2019-03-26T16:43:04+07:00 [4800] DEBUG default - [User=Admin A. (napatsorn.m@vistec.ac.th)] Action passed all validations [File=/var/www/html/booking/Pages/ActionPage.php,Line=108]
2019-03-26T16:43:04+07:00 [4800] DEBUG default - [User=Admin A. (napatsorn.m@vistec.ac.th)] Processing page action. Action deleteAttribute [File=/var/www/html/booking/Presenters/ActionPresenter.php,Line=88]
2019-03-26T16:43:04+07:00 [4800] DEBUG default - [User=Admin A. (napatsorn.m@vistec.ac.th)] Deleting attribute with id: 34 [File=/var/www/html/booking/Presenters/Admin/ManageAttributesPresenter.php,Line=83]
2019-03-26T16:43:58+07:00 [23803] DEBUG default - [User=Admin A. (napatsorn.m@vistec.ac.th)] Action passed all validations [File=/var/www/html/booking/Pages/ActionPage.php,Line=108]
2019-03-26T16:43:58+07:00 [23803] DEBUG default - [User=Admin A. (napatsorn.m@vistec.ac.th)] Processing page action. Action updateAttribute [File=/var/www/html/booking/Presenters/ActionPresenter.php,Line=88]
2019-03-26T16:43:58+07:00 [23803] DEBUG default - [User=Admin A. (napatsorn.m@vistec.ac.th)] Updating attribute with id: 33 [File=/var/www/html/booking/Presenters/Admin/ManageAttributesPresenter.php,Line=98]
2019-03-26T16:44:09+07:00 [4808] DEBUG default - [User=Admin A. (napatsorn.m@vistec.ac.th)] Action passed all validations [File=/var/www/html/booking/Pages/ActionPage.php,Line=108]
2019-03-26T16:44:09+07:00 [4808] DEBUG default - [User=Admin A. (napatsorn.m@vistec.ac.th)] Processing page action. Action updateAttribute [File=/var/www/html/booking/Presenters/ActionPresenter.php,Line=88]
2019-03-26T16:44:09+07:00 [4808] DEBUG default - [User=Admin A. (napatsorn.m@vistec.ac.th)] Updating attribute with id: 32 [File=/var/www/html/booking/Presenters/Admin/ManageAttributesPresenter.php,Line=98]
