2019-01-26T16:49:28+07:00 [24742] DEBUG default - [User=Admin A. (Frc.booking@vistec.ac.th)] Action passed all validations [File=/home/gotit/domains/gotit.co.th/public_html/booking/Pages/ActionPage.php,Line=108]
2019-01-26T16:49:28+07:00 [24742] DEBUG default - [User=Admin A. (Frc.booking@vistec.ac.th)] Processing page action. Action deleteGroup [File=/home/gotit/domains/gotit.co.th/public_html/booking/Presenters/ActionPresenter.php,Line=88]
2019-01-26T16:49:28+07:00 [24742] DEBUG default - [User=Admin A. (Frc.booking@vistec.ac.th)] Deleting groupId: 7 [File=/home/gotit/domains/gotit.co.th/public_html/booking/Presenters/Admin/ManageGroupsPresenter.php,Line=211]
2019-01-26T16:49:28+07:00 [24742] ERROR default - [User=Admin A. (Frc.booking@vistec.ac.th)] Error executing MySQL query Cannot delete or update a parent row: a foreign key constraint fails (`gotit_booking`.`groups`, CONSTRAINT `groups_ibfk_1` FOREIGN KEY (`admin_group_id`) REFERENCES `groups` (`group_id`)) [File=/home/gotit/domains/gotit.co.th/public_html/booking/lib/Database/MySQL/MySqlConnection.php,Line=132]
2019-01-26T16:49:28+07:00 [24742] ERROR default - [User=Admin A. (Frc.booking@vistec.ac.th)] ProcessAction Error. Action deleteGroup, Error exception 'Exception' with message 'There was an error executing your query\nCannot delete or update a parent row: a foreign key constraint fails (`gotit_booking`.`groups`, CONSTRAINT `groups_ibfk_1` FOREIGN KEY (`admin_group_id`) REFERENCES `groups` (`group_id`))' in /home/gotit/domains/gotit.co.th/public_html/booking/lib/Database/MySQL/MySqlConnection.php:134
Stack trace:
#0 /home/gotit/domains/gotit.co.th/public_html/booking/lib/Database/MySQL/MySqlConnection.php(115): MySqlConnection->_handleError(false)
#1 /home/gotit/domains/gotit.co.th/public_html/booking/lib/Database/Database.php(81): MySqlConnection->Execute(Object(DeleteGroupCommand))
#2 /home/gotit/domains/gotit.co.th/public_html/booking/Domain/Access/GroupRepository.php(230): Database->Execute(Object(DeleteGroupCommand))
#3 /home/gotit/domains/gotit.co.th/public_html/booking/Presenters/Admin/ManageGroupsPresenter.php(214): GroupRepository->Remove(Object(Group))
#4 /home/gotit/domains/gotit.co.th/public_html/booking/Presenters/ActionPresenter.php(89): ManageGroupsPresenter->DeleteGroup()
#5 /home/gotit/domains/gotit.co.th/public_html/booking/Pages/Admin/ManageGroupsPage.php(176): ActionPresenter->ProcessAction()
#6 /home/gotit/domains/gotit.co.th/public_html/booking/Pages/ActionPage.php(47): ManageGroupsPage->ProcessAction()
#7 /home/gotit/domains/gotit.co.th/public_html/booking/Pages/Admin/AdminPage.php(46): ActionPage->PageLoad()
#8 /home/gotit/domains/gotit.co.th/public_html/booking/Web/admin/manage_groups.php(27): AdminPageDecorator->PageLoad()
#9 {main} [File=/home/gotit/domains/gotit.co.th/public_html/booking/Presenters/ActionPresenter.php,Line=94]
2019-01-26T16:49:39+07:00 [24742] DEBUG default - [User=Admin A. (Frc.booking@vistec.ac.th)] Action passed all validations [File=/home/gotit/domains/gotit.co.th/public_html/booking/Pages/ActionPage.php,Line=108]
2019-01-26T16:49:39+07:00 [24742] DEBUG default - [User=Admin A. (Frc.booking@vistec.ac.th)] Processing page action. Action deleteGroup [File=/home/gotit/domains/gotit.co.th/public_html/booking/Presenters/ActionPresenter.php,Line=88]
2019-01-26T16:49:39+07:00 [24742] DEBUG default - [User=Admin A. (Frc.booking@vistec.ac.th)] Deleting groupId: 7 [File=/home/gotit/domains/gotit.co.th/public_html/booking/Presenters/Admin/ManageGroupsPresenter.php,Line=211]
2019-01-26T16:49:39+07:00 [24742] ERROR default - [User=Admin A. (Frc.booking@vistec.ac.th)] Error executing MySQL query Cannot delete or update a parent row: a foreign key constraint fails (`gotit_booking`.`groups`, CONSTRAINT `groups_ibfk_1` FOREIGN KEY (`admin_group_id`) REFERENCES `groups` (`group_id`)) [File=/home/gotit/domains/gotit.co.th/public_html/booking/lib/Database/MySQL/MySqlConnection.php,Line=132]
2019-01-26T16:49:39+07:00 [24742] ERROR default - [User=Admin A. (Frc.booking@vistec.ac.th)] ProcessAction Error. Action deleteGroup, Error exception 'Exception' with message 'There was an error executing your query\nCannot delete or update a parent row: a foreign key constraint fails (`gotit_booking`.`groups`, CONSTRAINT `groups_ibfk_1` FOREIGN KEY (`admin_group_id`) REFERENCES `groups` (`group_id`))' in /home/gotit/domains/gotit.co.th/public_html/booking/lib/Database/MySQL/MySqlConnection.php:134
Stack trace:
#0 /home/gotit/domains/gotit.co.th/public_html/booking/lib/Database/MySQL/MySqlConnection.php(115): MySqlConnection->_handleError(false)
#1 /home/gotit/domains/gotit.co.th/public_html/booking/lib/Database/Database.php(81): MySqlConnection->Execute(Object(DeleteGroupCommand))
#2 /home/gotit/domains/gotit.co.th/public_html/booking/Domain/Access/GroupRepository.php(230): Database->Execute(Object(DeleteGroupCommand))
#3 /home/gotit/domains/gotit.co.th/public_html/booking/Presenters/Admin/ManageGroupsPresenter.php(214): GroupRepository->Remove(Object(Group))
#4 /home/gotit/domains/gotit.co.th/public_html/booking/Presenters/ActionPresenter.php(89): ManageGroupsPresenter->DeleteGroup()
#5 /home/gotit/domains/gotit.co.th/public_html/booking/Pages/Admin/ManageGroupsPage.php(176): ActionPresenter->ProcessAction()
#6 /home/gotit/domains/gotit.co.th/public_html/booking/Pages/ActionPage.php(47): ManageGroupsPage->ProcessAction()
#7 /home/gotit/domains/gotit.co.th/public_html/booking/Pages/Admin/AdminPage.php(46): ActionPage->PageLoad()
#8 /home/gotit/domains/gotit.co.th/public_html/booking/Web/admin/manage_groups.php(27): AdminPageDecorator->PageLoad()
#9 {main} [File=/home/gotit/domains/gotit.co.th/public_html/booking/Presenters/ActionPresenter.php,Line=94]
2019-01-26T16:49:54+07:00 [24742] DEBUG default - [User=Admin A. (Frc.booking@vistec.ac.th)] Acco CREATE_DATE is 2019-01-14 11:59:17 [File=/home/gotit/domains/gotit.co.th/public_html/booking/Domain/Announcement.php,Line=171]
2019-01-26T16:49:54+07:00 [24742] DEBUG default - [User=Admin A. (Frc.booking@vistec.ac.th)] Acco CREATE_DATE is 2019-01-14 12:04:47 [File=/home/gotit/domains/gotit.co.th/public_html/booking/Domain/Announcement.php,Line=171]
2019-01-26T16:49:54+07:00 [24742] DEBUG default - [User=Admin A. (Frc.booking@vistec.ac.th)] Acco CREATE_DATE is 2019-01-14 13:40:27 [File=/home/gotit/domains/gotit.co.th/public_html/booking/Domain/Announcement.php,Line=171]
2019-01-26T16:49:54+07:00 [24742] DEBUG default - [User=Admin A. (Frc.booking@vistec.ac.th)] Acco CREATE_DATE is 2018-12-17 15:41:18 [File=/home/gotit/domains/gotit.co.th/public_html/booking/Domain/Announcement.php,Line=171]
2019-01-26T16:49:54+07:00 [24742] DEBUG default - [User=Admin A. (Frc.booking@vistec.ac.th)] Acco CREATE_DATE is 2018-12-17 15:47:09 [File=/home/gotit/domains/gotit.co.th/public_html/booking/Domain/Announcement.php,Line=171]
2019-01-26T16:49:54+07:00 [24742] DEBUG default - [User=Admin A. (Frc.booking@vistec.ac.th)] Acco CREATE_DATE is 2018-12-17 17:37:21 [File=/home/gotit/domains/gotit.co.th/public_html/booking/Domain/Announcement.php,Line=171]
2019-01-26T16:49:54+07:00 [24742] DEBUG default - [User=Admin A. (Frc.booking@vistec.ac.th)] Acco CREATE_DATE is 2018-12-13 10:37:52 [File=/home/gotit/domains/gotit.co.th/public_html/booking/Domain/Announcement.php,Line=171]
2019-01-26T16:49:54+07:00 [24742] DEBUG default - [User=Admin A. (Frc.booking@vistec.ac.th)] Acco CREATE_DATE is 2018-12-13 11:22:06 [File=/home/gotit/domains/gotit.co.th/public_html/booking/Domain/Announcement.php,Line=171]
2019-01-26T16:49:54+07:00 [24742] DEBUG default - [User=Admin A. (Frc.booking@vistec.ac.th)] Acco CREATE_DATE is 2018-11-28 10:52:23 [File=/home/gotit/domains/gotit.co.th/public_html/booking/Domain/Announcement.php,Line=171]
2019-01-26T16:49:54+07:00 [24742] DEBUG default - [User=Admin A. (Frc.booking@vistec.ac.th)] Acco CREATE_DATE is 2018-11-28 10:54:22 [File=/home/gotit/domains/gotit.co.th/public_html/booking/Domain/Announcement.php,Line=171]
2019-01-26T16:49:54+07:00 [24742] DEBUG default - [User=Admin A. (Frc.booking@vistec.ac.th)] Acco CREATE_DATE is 2018-11-28 11:01:32 [File=/home/gotit/domains/gotit.co.th/public_html/booking/Domain/Announcement.php,Line=171]
2019-01-26T16:49:54+07:00 [24742] DEBUG default - [User=Admin A. (Frc.booking@vistec.ac.th)] Acco CREATE_DATE is 2018-11-22 14:42:15 [File=/home/gotit/domains/gotit.co.th/public_html/booking/Domain/Announcement.php,Line=171]
2019-01-26T16:49:54+07:00 [24742] DEBUG default - [User=Admin A. (Frc.booking@vistec.ac.th)] Acco CREATE_DATE is 2018-11-22 14:49:57 [File=/home/gotit/domains/gotit.co.th/public_html/booking/Domain/Announcement.php,Line=171]
2019-01-26T16:49:54+07:00 [24742] DEBUG default - [User=Admin A. (Frc.booking@vistec.ac.th)] Acco CREATE_DATE is 2018-11-22 14:51:54 [File=/home/gotit/domains/gotit.co.th/public_html/booking/Domain/Announcement.php,Line=171]
2019-01-26T16:49:54+07:00 [24742] DEBUG default - [User=Admin A. (Frc.booking@vistec.ac.th)] Acco CREATE_DATE is 2018-11-22 14:52:27 [File=/home/gotit/domains/gotit.co.th/public_html/booking/Domain/Announcement.php,Line=171]
2019-01-26T16:49:54+07:00 [24742] DEBUG default - [User=Admin A. (Frc.booking@vistec.ac.th)] Acco CREATE_DATE is 2018-11-22 14:53:59 [File=/home/gotit/domains/gotit.co.th/public_html/booking/Domain/Announcement.php,Line=171]
2019-01-26T16:49:54+07:00 [24742] DEBUG default - [User=Admin A. (Frc.booking@vistec.ac.th)] Acco CREATE_DATE is 2018-11-22 14:57:17 [File=/home/gotit/domains/gotit.co.th/public_html/booking/Domain/Announcement.php,Line=171]
2019-01-26T16:49:54+07:00 [24742] DEBUG default - [User=Admin A. (Frc.booking@vistec.ac.th)] Acco CREATE_DATE is 2018-11-08 21:06:58 [File=/home/gotit/domains/gotit.co.th/public_html/booking/Domain/Announcement.php,Line=171]
2019-01-26T16:49:54+07:00 [24742] DEBUG default - [User=Admin A. (Frc.booking@vistec.ac.th)] Acco CREATE_DATE is 2018-11-08 21:28:12 [File=/home/gotit/domains/gotit.co.th/public_html/booking/Domain/Announcement.php,Line=171]
2019-01-26T16:49:54+07:00 [24742] DEBUG default - [User=Admin A. (Frc.booking@vistec.ac.th)] Acco CREATE_DATE is 2018-10-03 10:19:19 [File=/home/gotit/domains/gotit.co.th/public_html/booking/Domain/Announcement.php,Line=171]
2019-01-26T16:50:26+07:00 [25334] DEBUG default - [User=Admin A. (Frc.booking@vistec.ac.th)] Loading validators for deleteMultipleUsers [File=/home/gotit/domains/gotit.co.th/public_html/booking/Presenters/Admin/ManageUsersPresenter.php,Line=418]
2019-01-26T16:50:26+07:00 [25334] DEBUG default - [User=Admin A. (Frc.booking@vistec.ac.th)] Action passed all validations [File=/home/gotit/domains/gotit.co.th/public_html/booking/Pages/ActionPage.php,Line=108]
2019-01-26T16:50:26+07:00 [25334] DEBUG default - [User=Admin A. (Frc.booking@vistec.ac.th)] Processing page action. Action deleteMultipleUsers [File=/home/gotit/domains/gotit.co.th/public_html/booking/Presenters/ActionPresenter.php,Line=88]
2019-01-26T16:50:26+07:00 [25334] DEBUG default - [User=Admin A. (Frc.booking@vistec.ac.th)] User multiple delete. Ids=22,40,39,38,26,43,46,45 [File=/home/gotit/domains/gotit.co.th/public_html/booking/Presenters/Admin/ManageUsersPresenter.php,Line=635]
2019-01-26T16:52:05+07:00 [25857] DEBUG default - [User=Admin A. (Frc.booking@vistec.ac.th)] Action passed all validations [File=/home/gotit/domains/gotit.co.th/public_html/booking/Pages/ActionPage.php,Line=108]
2019-01-26T16:52:05+07:00 [25857] DEBUG default - [User=Admin A. (Frc.booking@vistec.ac.th)] Processing page action. Action addAttribute [File=/home/gotit/domains/gotit.co.th/public_html/booking/Presenters/ActionPresenter.php,Line=88]
2019-01-26T16:52:05+07:00 [25857] DEBUG default - [User=Admin A. (Frc.booking@vistec.ac.th)] Adding new attribute named: Mode of operation [File=/home/gotit/domains/gotit.co.th/public_html/booking/Presenters/Admin/ManageAttributesPresenter.php,Line=71]
2019-01-26T16:52:23+07:00 [25857] DEBUG default - [User=Admin A. (Frc.booking@vistec.ac.th)] Acco CREATE_DATE is 2019-01-14 11:59:17 [File=/home/gotit/domains/gotit.co.th/public_html/booking/Domain/Announcement.php,Line=171]
2019-01-26T16:52:23+07:00 [25857] DEBUG default - [User=Admin A. (Frc.booking@vistec.ac.th)] Acco CREATE_DATE is 2019-01-14 12:04:47 [File=/home/gotit/domains/gotit.co.th/public_html/booking/Domain/Announcement.php,Line=171]
2019-01-26T16:52:23+07:00 [25857] DEBUG default - [User=Admin A. (Frc.booking@vistec.ac.th)] Acco CREATE_DATE is 2019-01-14 13:40:27 [File=/home/gotit/domains/gotit.co.th/public_html/booking/Domain/Announcement.php,Line=171]
2019-01-26T16:52:23+07:00 [25857] DEBUG default - [User=Admin A. (Frc.booking@vistec.ac.th)] Acco CREATE_DATE is 2018-12-17 15:41:18 [File=/home/gotit/domains/gotit.co.th/public_html/booking/Domain/Announcement.php,Line=171]
2019-01-26T16:52:23+07:00 [25857] DEBUG default - [User=Admin A. (Frc.booking@vistec.ac.th)] Acco CREATE_DATE is 2018-12-17 15:47:09 [File=/home/gotit/domains/gotit.co.th/public_html/booking/Domain/Announcement.php,Line=171]
2019-01-26T16:52:23+07:00 [25857] DEBUG default - [User=Admin A. (Frc.booking@vistec.ac.th)] Acco CREATE_DATE is 2018-12-17 17:37:21 [File=/home/gotit/domains/gotit.co.th/public_html/booking/Domain/Announcement.php,Line=171]
2019-01-26T16:52:23+07:00 [25857] DEBUG default - [User=Admin A. (Frc.booking@vistec.ac.th)] Acco CREATE_DATE is 2018-12-13 10:37:52 [File=/home/gotit/domains/gotit.co.th/public_html/booking/Domain/Announcement.php,Line=171]
2019-01-26T16:52:23+07:00 [25857] DEBUG default - [User=Admin A. (Frc.booking@vistec.ac.th)] Acco CREATE_DATE is 2018-12-13 11:22:06 [File=/home/gotit/domains/gotit.co.th/public_html/booking/Domain/Announcement.php,Line=171]
2019-01-26T16:52:23+07:00 [25857] DEBUG default - [User=Admin A. (Frc.booking@vistec.ac.th)] Acco CREATE_DATE is 2018-11-28 10:52:23 [File=/home/gotit/domains/gotit.co.th/public_html/booking/Domain/Announcement.php,Line=171]
2019-01-26T16:52:23+07:00 [25857] DEBUG default - [User=Admin A. (Frc.booking@vistec.ac.th)] Acco CREATE_DATE is 2018-11-28 10:54:22 [File=/home/gotit/domains/gotit.co.th/public_html/booking/Domain/Announcement.php,Line=171]
2019-01-26T16:52:23+07:00 [25857] DEBUG default - [User=Admin A. (Frc.booking@vistec.ac.th)] Acco CREATE_DATE is 2018-11-28 11:01:32 [File=/home/gotit/domains/gotit.co.th/public_html/booking/Domain/Announcement.php,Line=171]
2019-01-26T16:52:23+07:00 [25857] DEBUG default - [User=Admin A. (Frc.booking@vistec.ac.th)] Acco CREATE_DATE is 2018-11-22 14:42:15 [File=/home/gotit/domains/gotit.co.th/public_html/booking/Domain/Announcement.php,Line=171]
2019-01-26T16:52:23+07:00 [25857] DEBUG default - [User=Admin A. (Frc.booking@vistec.ac.th)] Acco CREATE_DATE is 2018-11-22 14:49:57 [File=/home/gotit/domains/gotit.co.th/public_html/booking/Domain/Announcement.php,Line=171]
2019-01-26T16:52:23+07:00 [25857] DEBUG default - [User=Admin A. (Frc.booking@vistec.ac.th)] Acco CREATE_DATE is 2018-11-22 14:51:54 [File=/home/gotit/domains/gotit.co.th/public_html/booking/Domain/Announcement.php,Line=171]
2019-01-26T16:52:23+07:00 [25857] DEBUG default - [User=Admin A. (Frc.booking@vistec.ac.th)] Acco CREATE_DATE is 2018-11-22 14:52:27 [File=/home/gotit/domains/gotit.co.th/public_html/booking/Domain/Announcement.php,Line=171]
2019-01-26T16:52:23+07:00 [25857] DEBUG default - [User=Admin A. (Frc.booking@vistec.ac.th)] Acco CREATE_DATE is 2018-11-22 14:53:59 [File=/home/gotit/domains/gotit.co.th/public_html/booking/Domain/Announcement.php,Line=171]
2019-01-26T16:52:23+07:00 [25857] DEBUG default - [User=Admin A. (Frc.booking@vistec.ac.th)] Acco CREATE_DATE is 2018-11-22 14:57:17 [File=/home/gotit/domains/gotit.co.th/public_html/booking/Domain/Announcement.php,Line=171]
2019-01-26T16:52:23+07:00 [25857] DEBUG default - [User=Admin A. (Frc.booking@vistec.ac.th)] Acco CREATE_DATE is 2018-11-08 21:06:58 [File=/home/gotit/domains/gotit.co.th/public_html/booking/Domain/Announcement.php,Line=171]
2019-01-26T16:52:23+07:00 [25857] DEBUG default - [User=Admin A. (Frc.booking@vistec.ac.th)] Acco CREATE_DATE is 2018-11-08 21:28:12 [File=/home/gotit/domains/gotit.co.th/public_html/booking/Domain/Announcement.php,Line=171]
2019-01-26T16:52:23+07:00 [25857] DEBUG default - [User=Admin A. (Frc.booking@vistec.ac.th)] Acco CREATE_DATE is 2018-10-03 10:19:19 [File=/home/gotit/domains/gotit.co.th/public_html/booking/Domain/Announcement.php,Line=171]
2019-01-26T16:53:48+07:00 [26048] DEBUG default - [User=Admin A. (Frc.booking@vistec.ac.th)] Action passed all validations [File=/home/gotit/domains/gotit.co.th/public_html/booking/Pages/ActionPage.php,Line=108]
2019-01-26T16:53:48+07:00 [26048] DEBUG default - [User=Admin A. (Frc.booking@vistec.ac.th)] Processing page action. Action deleteGroup [File=/home/gotit/domains/gotit.co.th/public_html/booking/Presenters/ActionPresenter.php,Line=88]
2019-01-26T16:53:48+07:00 [26048] DEBUG default - [User=Admin A. (Frc.booking@vistec.ac.th)] Deleting groupId: 12 [File=/home/gotit/domains/gotit.co.th/public_html/booking/Presenters/Admin/ManageGroupsPresenter.php,Line=211]
2019-01-26T16:53:50+07:00 [26048] DEBUG default - [User=Admin A. (Frc.booking@vistec.ac.th)] Action passed all validations [File=/home/gotit/domains/gotit.co.th/public_html/booking/Pages/ActionPage.php,Line=108]
2019-01-26T16:53:50+07:00 [26048] DEBUG default - [User=Admin A. (Frc.booking@vistec.ac.th)] Processing page action. Action deleteGroup [File=/home/gotit/domains/gotit.co.th/public_html/booking/Presenters/ActionPresenter.php,Line=88]
2019-01-26T16:53:50+07:00 [26048] DEBUG default - [User=Admin A. (Frc.booking@vistec.ac.th)] Deleting groupId: 5 [File=/home/gotit/domains/gotit.co.th/public_html/booking/Presenters/Admin/ManageGroupsPresenter.php,Line=211]
2019-01-26T16:53:53+07:00 [26048] DEBUG default - [User=Admin A. (Frc.booking@vistec.ac.th)] Action passed all validations [File=/home/gotit/domains/gotit.co.th/public_html/booking/Pages/ActionPage.php,Line=108]
2019-01-26T16:53:53+07:00 [26048] DEBUG default - [User=Admin A. (Frc.booking@vistec.ac.th)] Processing page action. Action deleteGroup [File=/home/gotit/domains/gotit.co.th/public_html/booking/Presenters/ActionPresenter.php,Line=88]
2019-01-26T16:53:53+07:00 [26048] DEBUG default - [User=Admin A. (Frc.booking@vistec.ac.th)] Deleting groupId: 4 [File=/home/gotit/domains/gotit.co.th/public_html/booking/Presenters/Admin/ManageGroupsPresenter.php,Line=211]
2019-01-26T16:53:55+07:00 [26048] DEBUG default - [User=Admin A. (Frc.booking@vistec.ac.th)] Action passed all validations [File=/home/gotit/domains/gotit.co.th/public_html/booking/Pages/ActionPage.php,Line=108]
2019-01-26T16:53:55+07:00 [26048] DEBUG default - [User=Admin A. (Frc.booking@vistec.ac.th)] Processing page action. Action deleteGroup [File=/home/gotit/domains/gotit.co.th/public_html/booking/Presenters/ActionPresenter.php,Line=88]
2019-01-26T16:53:55+07:00 [26048] DEBUG default - [User=Admin A. (Frc.booking@vistec.ac.th)] Deleting groupId: 3 [File=/home/gotit/domains/gotit.co.th/public_html/booking/Presenters/Admin/ManageGroupsPresenter.php,Line=211]
2019-01-26T16:53:57+07:00 [26048] DEBUG default - [User=Admin A. (Frc.booking@vistec.ac.th)] Action passed all validations [File=/home/gotit/domains/gotit.co.th/public_html/booking/Pages/ActionPage.php,Line=108]
2019-01-26T16:53:57+07:00 [26048] DEBUG default - [User=Admin A. (Frc.booking@vistec.ac.th)] Processing page action. Action deleteGroup [File=/home/gotit/domains/gotit.co.th/public_html/booking/Presenters/ActionPresenter.php,Line=88]
2019-01-26T16:53:57+07:00 [26048] DEBUG default - [User=Admin A. (Frc.booking@vistec.ac.th)] Deleting groupId: 6 [File=/home/gotit/domains/gotit.co.th/public_html/booking/Presenters/Admin/ManageGroupsPresenter.php,Line=211]
2019-01-26T16:53:59+07:00 [26048] DEBUG default - [User=Admin A. (Frc.booking@vistec.ac.th)] Action passed all validations [File=/home/gotit/domains/gotit.co.th/public_html/booking/Pages/ActionPage.php,Line=108]
2019-01-26T16:53:59+07:00 [26048] DEBUG default - [User=Admin A. (Frc.booking@vistec.ac.th)] Processing page action. Action deleteGroup [File=/home/gotit/domains/gotit.co.th/public_html/booking/Presenters/ActionPresenter.php,Line=88]
2019-01-26T16:53:59+07:00 [26048] DEBUG default - [User=Admin A. (Frc.booking@vistec.ac.th)] Deleting groupId: 10 [File=/home/gotit/domains/gotit.co.th/public_html/booking/Presenters/Admin/ManageGroupsPresenter.php,Line=211]
2019-01-26T16:54:01+07:00 [26048] DEBUG default - [User=Admin A. (Frc.booking@vistec.ac.th)] Action passed all validations [File=/home/gotit/domains/gotit.co.th/public_html/booking/Pages/ActionPage.php,Line=108]
2019-01-26T16:54:01+07:00 [26048] DEBUG default - [User=Admin A. (Frc.booking@vistec.ac.th)] Processing page action. Action deleteGroup [File=/home/gotit/domains/gotit.co.th/public_html/booking/Presenters/ActionPresenter.php,Line=88]
2019-01-26T16:54:01+07:00 [26048] DEBUG default - [User=Admin A. (Frc.booking@vistec.ac.th)] Deleting groupId: 7 [File=/home/gotit/domains/gotit.co.th/public_html/booking/Presenters/Admin/ManageGroupsPresenter.php,Line=211]
2019-01-26T16:54:01+07:00 [26048] ERROR default - [User=Admin A. (Frc.booking@vistec.ac.th)] Error executing MySQL query Cannot delete or update a parent row: a foreign key constraint fails (`gotit_booking`.`groups`, CONSTRAINT `groups_ibfk_1` FOREIGN KEY (`admin_group_id`) REFERENCES `groups` (`group_id`)) [File=/home/gotit/domains/gotit.co.th/public_html/booking/lib/Database/MySQL/MySqlConnection.php,Line=132]
2019-01-26T16:54:01+07:00 [26048] ERROR default - [User=Admin A. (Frc.booking@vistec.ac.th)] ProcessAction Error. Action deleteGroup, Error exception 'Exception' with message 'There was an error executing your query\nCannot delete or update a parent row: a foreign key constraint fails (`gotit_booking`.`groups`, CONSTRAINT `groups_ibfk_1` FOREIGN KEY (`admin_group_id`) REFERENCES `groups` (`group_id`))' in /home/gotit/domains/gotit.co.th/public_html/booking/lib/Database/MySQL/MySqlConnection.php:134
Stack trace:
#0 /home/gotit/domains/gotit.co.th/public_html/booking/lib/Database/MySQL/MySqlConnection.php(115): MySqlConnection->_handleError(false)
#1 /home/gotit/domains/gotit.co.th/public_html/booking/lib/Database/Database.php(81): MySqlConnection->Execute(Object(DeleteGroupCommand))
#2 /home/gotit/domains/gotit.co.th/public_html/booking/Domain/Access/GroupRepository.php(230): Database->Execute(Object(DeleteGroupCommand))
#3 /home/gotit/domains/gotit.co.th/public_html/booking/Presenters/Admin/ManageGroupsPresenter.php(214): GroupRepository->Remove(Object(Group))
#4 /home/gotit/domains/gotit.co.th/public_html/booking/Presenters/ActionPresenter.php(89): ManageGroupsPresenter->DeleteGroup()
#5 /home/gotit/domains/gotit.co.th/public_html/booking/Pages/Admin/ManageGroupsPage.php(176): ActionPresenter->ProcessAction()
#6 /home/gotit/domains/gotit.co.th/public_html/booking/Pages/ActionPage.php(47): ManageGroupsPage->ProcessAction()
#7 /home/gotit/domains/gotit.co.th/public_html/booking/Pages/Admin/AdminPage.php(46): ActionPage->PageLoad()
#8 /home/gotit/domains/gotit.co.th/public_html/booking/Web/admin/manage_groups.php(27): AdminPageDecorator->PageLoad()
#9 {main} [File=/home/gotit/domains/gotit.co.th/public_html/booking/Presenters/ActionPresenter.php,Line=94]
2019-01-26T16:54:03+07:00 [26048] DEBUG default - [User=Admin A. (Frc.booking@vistec.ac.th)] Action passed all validations [File=/home/gotit/domains/gotit.co.th/public_html/booking/Pages/ActionPage.php,Line=108]
2019-01-26T16:54:03+07:00 [26048] DEBUG default - [User=Admin A. (Frc.booking@vistec.ac.th)] Processing page action. Action deleteGroup [File=/home/gotit/domains/gotit.co.th/public_html/booking/Presenters/ActionPresenter.php,Line=88]
2019-01-26T16:54:03+07:00 [26048] DEBUG default - [User=Admin A. (Frc.booking@vistec.ac.th)] Deleting groupId: 11 [File=/home/gotit/domains/gotit.co.th/public_html/booking/Presenters/Admin/ManageGroupsPresenter.php,Line=211]
2019-01-26T16:55:56+07:00 [26507] DEBUG default - [User=Admin A. (Frc.booking@vistec.ac.th)] Action passed all validations [File=/home/gotit/domains/gotit.co.th/public_html/booking/Pages/ActionPage.php,Line=108]
2019-01-26T16:55:56+07:00 [26507] DEBUG default - [User=Admin A. (Frc.booking@vistec.ac.th)] Processing page action. Action addGroup [File=/home/gotit/domains/gotit.co.th/public_html/booking/Presenters/ActionPresenter.php,Line=88]
2019-01-26T16:55:56+07:00 [26507] DEBUG default - [User=Admin A. (Frc.booking@vistec.ac.th)] Adding new group with name: Group A [File=/home/gotit/domains/gotit.co.th/public_html/booking/Presenters/Admin/ManageGroupsPresenter.php,Line=187]
2019-01-26T16:56:05+07:00 [26507] DEBUG default - [User=Admin A. (Frc.booking@vistec.ac.th)] Action passed all validations [File=/home/gotit/domains/gotit.co.th/public_html/booking/Pages/ActionPage.php,Line=108]
2019-01-26T16:56:05+07:00 [26507] DEBUG default - [User=Admin A. (Frc.booking@vistec.ac.th)] Processing page action. Action deleteGroup [File=/home/gotit/domains/gotit.co.th/public_html/booking/Presenters/ActionPresenter.php,Line=88]
2019-01-26T16:56:05+07:00 [26507] DEBUG default - [User=Admin A. (Frc.booking@vistec.ac.th)] Deleting groupId: 13 [File=/home/gotit/domains/gotit.co.th/public_html/booking/Presenters/Admin/ManageGroupsPresenter.php,Line=211]
2019-01-26T16:56:17+07:00 [26507] DEBUG default - [User=Admin A. (Frc.booking@vistec.ac.th)] Acco CREATE_DATE is 2019-01-14 11:59:17 [File=/home/gotit/domains/gotit.co.th/public_html/booking/Domain/Announcement.php,Line=171]
2019-01-26T16:56:17+07:00 [26507] DEBUG default - [User=Admin A. (Frc.booking@vistec.ac.th)] Acco CREATE_DATE is 2019-01-14 12:04:47 [File=/home/gotit/domains/gotit.co.th/public_html/booking/Domain/Announcement.php,Line=171]
2019-01-26T16:56:17+07:00 [26507] DEBUG default - [User=Admin A. (Frc.booking@vistec.ac.th)] Acco CREATE_DATE is 2019-01-14 13:40:27 [File=/home/gotit/domains/gotit.co.th/public_html/booking/Domain/Announcement.php,Line=171]
2019-01-26T16:56:17+07:00 [26507] DEBUG default - [User=Admin A. (Frc.booking@vistec.ac.th)] Acco CREATE_DATE is 2018-12-17 15:41:18 [File=/home/gotit/domains/gotit.co.th/public_html/booking/Domain/Announcement.php,Line=171]
2019-01-26T16:56:17+07:00 [26507] DEBUG default - [User=Admin A. (Frc.booking@vistec.ac.th)] Acco CREATE_DATE is 2018-12-17 15:47:09 [File=/home/gotit/domains/gotit.co.th/public_html/booking/Domain/Announcement.php,Line=171]
2019-01-26T16:56:17+07:00 [26507] DEBUG default - [User=Admin A. (Frc.booking@vistec.ac.th)] Acco CREATE_DATE is 2018-12-17 17:37:21 [File=/home/gotit/domains/gotit.co.th/public_html/booking/Domain/Announcement.php,Line=171]
2019-01-26T16:56:17+07:00 [26507] DEBUG default - [User=Admin A. (Frc.booking@vistec.ac.th)] Acco CREATE_DATE is 2018-12-13 10:37:52 [File=/home/gotit/domains/gotit.co.th/public_html/booking/Domain/Announcement.php,Line=171]
2019-01-26T16:56:17+07:00 [26507] DEBUG default - [User=Admin A. (Frc.booking@vistec.ac.th)] Acco CREATE_DATE is 2018-12-13 11:22:06 [File=/home/gotit/domains/gotit.co.th/public_html/booking/Domain/Announcement.php,Line=171]
2019-01-26T16:56:17+07:00 [26507] DEBUG default - [User=Admin A. (Frc.booking@vistec.ac.th)] Acco CREATE_DATE is 2018-11-28 10:52:23 [File=/home/gotit/domains/gotit.co.th/public_html/booking/Domain/Announcement.php,Line=171]
2019-01-26T16:56:17+07:00 [26507] DEBUG default - [User=Admin A. (Frc.booking@vistec.ac.th)] Acco CREATE_DATE is 2018-11-28 10:54:22 [File=/home/gotit/domains/gotit.co.th/public_html/booking/Domain/Announcement.php,Line=171]
2019-01-26T16:56:17+07:00 [26507] DEBUG default - [User=Admin A. (Frc.booking@vistec.ac.th)] Acco CREATE_DATE is 2018-11-28 11:01:32 [File=/home/gotit/domains/gotit.co.th/public_html/booking/Domain/Announcement.php,Line=171]
2019-01-26T16:56:17+07:00 [26507] DEBUG default - [User=Admin A. (Frc.booking@vistec.ac.th)] Acco CREATE_DATE is 2018-11-22 14:42:15 [File=/home/gotit/domains/gotit.co.th/public_html/booking/Domain/Announcement.php,Line=171]
2019-01-26T16:56:17+07:00 [26507] DEBUG default - [User=Admin A. (Frc.booking@vistec.ac.th)] Acco CREATE_DATE is 2018-11-22 14:49:57 [File=/home/gotit/domains/gotit.co.th/public_html/booking/Domain/Announcement.php,Line=171]
2019-01-26T16:56:17+07:00 [26507] DEBUG default - [User=Admin A. (Frc.booking@vistec.ac.th)] Acco CREATE_DATE is 2018-11-22 14:51:54 [File=/home/gotit/domains/gotit.co.th/public_html/booking/Domain/Announcement.php,Line=171]
2019-01-26T16:56:17+07:00 [26507] DEBUG default - [User=Admin A. (Frc.booking@vistec.ac.th)] Acco CREATE_DATE is 2018-11-22 14:52:27 [File=/home/gotit/domains/gotit.co.th/public_html/booking/Domain/Announcement.php,Line=171]
2019-01-26T16:56:17+07:00 [26507] DEBUG default - [User=Admin A. (Frc.booking@vistec.ac.th)] Acco CREATE_DATE is 2018-11-22 14:53:59 [File=/home/gotit/domains/gotit.co.th/public_html/booking/Domain/Announcement.php,Line=171]
2019-01-26T16:56:17+07:00 [26507] DEBUG default - [User=Admin A. (Frc.booking@vistec.ac.th)] Acco CREATE_DATE is 2018-11-22 14:57:17 [File=/home/gotit/domains/gotit.co.th/public_html/booking/Domain/Announcement.php,Line=171]
2019-01-26T16:56:17+07:00 [26507] DEBUG default - [User=Admin A. (Frc.booking@vistec.ac.th)] Acco CREATE_DATE is 2018-11-08 21:06:58 [File=/home/gotit/domains/gotit.co.th/public_html/booking/Domain/Announcement.php,Line=171]
2019-01-26T16:56:17+07:00 [26507] DEBUG default - [User=Admin A. (Frc.booking@vistec.ac.th)] Acco CREATE_DATE is 2018-11-08 21:28:12 [File=/home/gotit/domains/gotit.co.th/public_html/booking/Domain/Announcement.php,Line=171]
2019-01-26T16:56:17+07:00 [26507] DEBUG default - [User=Admin A. (Frc.booking@vistec.ac.th)] Acco CREATE_DATE is 2018-10-03 10:19:19 [File=/home/gotit/domains/gotit.co.th/public_html/booking/Domain/Announcement.php,Line=171]
2019-01-26T17:03:25+07:00 [28170] DEBUG default - [User=Admin A. (Frc.booking@vistec.ac.th)] Action passed all validations [File=/home/gotit/domains/gotit.co.th/public_html/booking/Pages/ActionPage.php,Line=108]
2019-01-26T17:03:25+07:00 [28170] DEBUG default - [User=Admin A. (Frc.booking@vistec.ac.th)] Processing page action. Action changeAccess [File=/home/gotit/domains/gotit.co.th/public_html/booking/Presenters/ActionPresenter.php,Line=88]
2019-01-26T17:03:25+07:00 [28170] DEBUG default - [User=Admin A. (Frc.booking@vistec.ac.th)] Updating resource id=10, requiresApproval=, autoAssign=1, minNotice=dhm, maxNotice=dhm [File=/home/gotit/domains/gotit.co.th/public_html/booking/Presenters/Admin/ManageResourcesPresenter.php,Line=280]
2019-01-26T17:03:52+07:00 [28170] DEBUG default - [User=Admin A. (Frc.booking@vistec.ac.th)] Action passed all validations [File=/home/gotit/domains/gotit.co.th/public_html/booking/Pages/ActionPage.php,Line=108]
2019-01-26T17:03:52+07:00 [28170] DEBUG default - [User=Admin A. (Frc.booking@vistec.ac.th)] Processing page action. Action changeAccess [File=/home/gotit/domains/gotit.co.th/public_html/booking/Presenters/ActionPresenter.php,Line=88]
2019-01-26T17:03:52+07:00 [28170] DEBUG default - [User=Admin A. (Frc.booking@vistec.ac.th)] Updating resource id=17, requiresApproval=, autoAssign=1, minNotice=dhm, maxNotice=dhm [File=/home/gotit/domains/gotit.co.th/public_html/booking/Presenters/Admin/ManageResourcesPresenter.php,Line=280]
2019-01-26T17:03:58+07:00 [28170] DEBUG default - [User=Admin A. (Frc.booking@vistec.ac.th)] Action passed all validations [File=/home/gotit/domains/gotit.co.th/public_html/booking/Pages/ActionPage.php,Line=108]
2019-01-26T17:03:58+07:00 [28170] DEBUG default - [User=Admin A. (Frc.booking@vistec.ac.th)] Processing page action. Action removeUserPermission [File=/home/gotit/domains/gotit.co.th/public_html/booking/Presenters/ActionPresenter.php,Line=88]
2019-01-26T17:04:19+07:00 [28170] DEBUG default - [User=Admin A. (Frc.booking@vistec.ac.th)] Action passed all validations [File=/home/gotit/domains/gotit.co.th/public_html/booking/Pages/ActionPage.php,Line=108]
2019-01-26T17:04:19+07:00 [28170] DEBUG default - [User=Admin A. (Frc.booking@vistec.ac.th)] Processing page action. Action changeAccess [File=/home/gotit/domains/gotit.co.th/public_html/booking/Presenters/ActionPresenter.php,Line=88]
2019-01-26T17:04:19+07:00 [28170] DEBUG default - [User=Admin A. (Frc.booking@vistec.ac.th)] Updating resource id=9, requiresApproval=, autoAssign=1, minNotice=dhm, maxNotice=dhm [File=/home/gotit/domains/gotit.co.th/public_html/booking/Presenters/Admin/ManageResourcesPresenter.php,Line=280]
2019-01-26T17:04:23+07:00 [28170] DEBUG default - [User=Admin A. (Frc.booking@vistec.ac.th)] Action passed all validations [File=/home/gotit/domains/gotit.co.th/public_html/booking/Pages/ActionPage.php,Line=108]
2019-01-26T17:04:23+07:00 [28170] DEBUG default - [User=Admin A. (Frc.booking@vistec.ac.th)] Processing page action. Action removeUserPermission [File=/home/gotit/domains/gotit.co.th/public_html/booking/Presenters/ActionPresenter.php,Line=88]
2019-01-26T17:05:04+07:00 [28392] DEBUG default - [User=Admin A. (Frc.booking@vistec.ac.th)] Action passed all validations [File=/home/gotit/domains/gotit.co.th/public_html/booking/Pages/ActionPage.php,Line=108]
2019-01-26T17:05:04+07:00 [28392] DEBUG default - [User=Admin A. (Frc.booking@vistec.ac.th)] Processing page action. Action changeDuration [File=/home/gotit/domains/gotit.co.th/public_html/booking/Presenters/ActionPresenter.php,Line=88]
2019-01-26T17:05:04+07:00 [28392] DEBUG default - [User=Admin A. (Frc.booking@vistec.ac.th)] Updating resource id=23, minDuration=dhm, maxDuration=dhm, buffer=dhm, allowMultiDay=1 [File=/home/gotit/domains/gotit.co.th/public_html/booking/Presenters/Admin/ManageResourcesPresenter.php,Line=236]
2019-01-26T17:05:09+07:00 [28392] DEBUG default - [User=Admin A. (Frc.booking@vistec.ac.th)] Action passed all validations [File=/home/gotit/domains/gotit.co.th/public_html/booking/Pages/ActionPage.php,Line=108]
2019-01-26T17:05:09+07:00 [28392] DEBUG default - [User=Admin A. (Frc.booking@vistec.ac.th)] Processing page action. Action changeAccess [File=/home/gotit/domains/gotit.co.th/public_html/booking/Presenters/ActionPresenter.php,Line=88]
2019-01-26T17:05:09+07:00 [28392] DEBUG default - [User=Admin A. (Frc.booking@vistec.ac.th)] Updating resource id=7, requiresApproval=, autoAssign=1, minNotice=dhm, maxNotice=dhm [File=/home/gotit/domains/gotit.co.th/public_html/booking/Presenters/Admin/ManageResourcesPresenter.php,Line=280]
2019-01-26T17:05:12+07:00 [28392] DEBUG default - [User=Admin A. (Frc.booking@vistec.ac.th)] Action passed all validations [File=/home/gotit/domains/gotit.co.th/public_html/booking/Pages/ActionPage.php,Line=108]
2019-01-26T17:05:12+07:00 [28392] DEBUG default - [User=Admin A. (Frc.booking@vistec.ac.th)] Processing page action. Action removeUserPermission [File=/home/gotit/domains/gotit.co.th/public_html/booking/Presenters/ActionPresenter.php,Line=88]
2019-01-26T17:05:48+07:00 [28392] DEBUG default - [User=Admin A. (Frc.booking@vistec.ac.th)] Action passed all validations [File=/home/gotit/domains/gotit.co.th/public_html/booking/Pages/ActionPage.php,Line=108]
2019-01-26T17:05:48+07:00 [28392] DEBUG default - [User=Admin A. (Frc.booking@vistec.ac.th)] Processing page action. Action changeDuration [File=/home/gotit/domains/gotit.co.th/public_html/booking/Presenters/ActionPresenter.php,Line=88]
2019-01-26T17:05:48+07:00 [28392] DEBUG default - [User=Admin A. (Frc.booking@vistec.ac.th)] Updating resource id=22, minDuration=dhm, maxDuration=dhm, buffer=dhm, allowMultiDay=1 [File=/home/gotit/domains/gotit.co.th/public_html/booking/Presenters/Admin/ManageResourcesPresenter.php,Line=236]
2019-01-26T17:06:46+07:00 [28392] DEBUG default - [User=Admin A. (Frc.booking@vistec.ac.th)] Action passed all validations [File=/home/gotit/domains/gotit.co.th/public_html/booking/Pages/ActionPage.php,Line=108]
2019-01-26T17:06:46+07:00 [28392] DEBUG default - [User=Admin A. (Frc.booking@vistec.ac.th)] Processing page action. Action changeAccess [File=/home/gotit/domains/gotit.co.th/public_html/booking/Presenters/ActionPresenter.php,Line=88]
2019-01-26T17:06:46+07:00 [28392] DEBUG default - [User=Admin A. (Frc.booking@vistec.ac.th)] Updating resource id=25, requiresApproval=, autoAssign=1, minNotice=dhm, maxNotice=dhm [File=/home/gotit/domains/gotit.co.th/public_html/booking/Presenters/Admin/ManageResourcesPresenter.php,Line=280]
2019-01-26T17:06:52+07:00 [28392] DEBUG default - [User=Admin A. (Frc.booking@vistec.ac.th)] Action passed all validations [File=/home/gotit/domains/gotit.co.th/public_html/booking/Pages/ActionPage.php,Line=108]
2019-01-26T17:06:52+07:00 [28392] DEBUG default - [User=Admin A. (Frc.booking@vistec.ac.th)] Processing page action. Action removeUserPermission [File=/home/gotit/domains/gotit.co.th/public_html/booking/Presenters/ActionPresenter.php,Line=88]
2019-01-26T17:07:07+07:00 [28392] DEBUG default - [User=Admin A. (Frc.booking@vistec.ac.th)] Action passed all validations [File=/home/gotit/domains/gotit.co.th/public_html/booking/Pages/ActionPage.php,Line=108]
2019-01-26T17:07:07+07:00 [28392] DEBUG default - [User=Admin A. (Frc.booking@vistec.ac.th)] Processing page action. Action changeAccess [File=/home/gotit/domains/gotit.co.th/public_html/booking/Presenters/ActionPresenter.php,Line=88]
2019-01-26T17:07:07+07:00 [28392] DEBUG default - [User=Admin A. (Frc.booking@vistec.ac.th)] Updating resource id=8, requiresApproval=, autoAssign=1, minNotice=dhm, maxNotice=dhm [File=/home/gotit/domains/gotit.co.th/public_html/booking/Presenters/Admin/ManageResourcesPresenter.php,Line=280]
2019-01-26T17:07:11+07:00 [28392] DEBUG default - [User=Admin A. (Frc.booking@vistec.ac.th)] Action passed all validations [File=/home/gotit/domains/gotit.co.th/public_html/booking/Pages/ActionPage.php,Line=108]
2019-01-26T17:07:11+07:00 [28392] DEBUG default - [User=Admin A. (Frc.booking@vistec.ac.th)] Processing page action. Action removeUserPermission [File=/home/gotit/domains/gotit.co.th/public_html/booking/Presenters/ActionPresenter.php,Line=88]
2019-01-26T17:07:44+07:00 [28392] DEBUG default - [User=Admin A. (Frc.booking@vistec.ac.th)] Action passed all validations [File=/home/gotit/domains/gotit.co.th/public_html/booking/Pages/ActionPage.php,Line=108]
2019-01-26T17:07:44+07:00 [28392] DEBUG default - [User=Admin A. (Frc.booking@vistec.ac.th)] Processing page action. Action changeDuration [File=/home/gotit/domains/gotit.co.th/public_html/booking/Presenters/ActionPresenter.php,Line=88]
2019-01-26T17:07:44+07:00 [28392] DEBUG default - [User=Admin A. (Frc.booking@vistec.ac.th)] Updating resource id=21, minDuration=dhm, maxDuration=dhm, buffer=dhm, allowMultiDay=1 [File=/home/gotit/domains/gotit.co.th/public_html/booking/Presenters/Admin/ManageResourcesPresenter.php,Line=236]
2019-01-26T17:09:31+07:00 [29034] DEBUG default - [User=Admin A. (Frc.booking@vistec.ac.th)] Action passed all validations [File=/home/gotit/domains/gotit.co.th/public_html/booking/Pages/ActionPage.php,Line=108]
2019-01-26T17:09:31+07:00 [29034] DEBUG default - [User=Admin A. (Frc.booking@vistec.ac.th)] Processing page action. Action delete [File=/home/gotit/domains/gotit.co.th/public_html/booking/Presenters/ActionPresenter.php,Line=88]
2019-01-26T17:09:37+07:00 [29034] DEBUG default - [User=Admin A. (Frc.booking@vistec.ac.th)] Action passed all validations [File=/home/gotit/domains/gotit.co.th/public_html/booking/Pages/ActionPage.php,Line=108]
2019-01-26T17:09:37+07:00 [29034] DEBUG default - [User=Admin A. (Frc.booking@vistec.ac.th)] Processing page action. Action rename [File=/home/gotit/domains/gotit.co.th/public_html/booking/Presenters/ActionPresenter.php,Line=88]
2019-01-26T17:09:54+07:00 [29034] DEBUG default - [User=Admin A. (Frc.booking@vistec.ac.th)] Action passed all validations [File=/home/gotit/domains/gotit.co.th/public_html/booking/Pages/ActionPage.php,Line=108]
2019-01-26T17:09:54+07:00 [29034] DEBUG default - [User=Admin A. (Frc.booking@vistec.ac.th)] Processing page action. Action delete [File=/home/gotit/domains/gotit.co.th/public_html/booking/Presenters/ActionPresenter.php,Line=88]
2019-01-26T17:10:00+07:00 [29034] DEBUG default - [User=Admin A. (Frc.booking@vistec.ac.th)] Action passed all validations [File=/home/gotit/domains/gotit.co.th/public_html/booking/Pages/ActionPage.php,Line=108]
2019-01-26T17:10:00+07:00 [29034] DEBUG default - [User=Admin A. (Frc.booking@vistec.ac.th)] Processing page action. Action rename [File=/home/gotit/domains/gotit.co.th/public_html/booking/Presenters/ActionPresenter.php,Line=88]
2019-01-26T17:10:51+07:00 [29198] DEBUG default - [User=Admin A. (Frc.booking@vistec.ac.th)] Action passed all validations [File=/home/gotit/domains/gotit.co.th/public_html/booking/Pages/ActionPage.php,Line=108]
2019-01-26T17:10:51+07:00 [29198] DEBUG default - [User=Admin A. (Frc.booking@vistec.ac.th)] Processing page action. Action rename [File=/home/gotit/domains/gotit.co.th/public_html/booking/Presenters/ActionPresenter.php,Line=88]
2019-01-26T17:11:45+07:00 [29266] DEBUG default - [User=Admin A. (Frc.booking@vistec.ac.th)] Validating single layout [File=/home/gotit/domains/gotit.co.th/public_html/booking/lib/Common/Validators/LayoutValidator.php,Line=71]
2019-01-26T17:11:45+07:00 [29266] DEBUG default - [User=Admin A. (Frc.booking@vistec.ac.th)] Action passed all validations [File=/home/gotit/domains/gotit.co.th/public_html/booking/Pages/ActionPage.php,Line=108]
2019-01-26T17:11:45+07:00 [29266] DEBUG default - [User=Admin A. (Frc.booking@vistec.ac.th)] Processing page action. Action changeLayout [File=/home/gotit/domains/gotit.co.th/public_html/booking/Presenters/ActionPresenter.php,Line=88]
2019-01-26T17:11:45+07:00 [29266] DEBUG default - [User=Admin A. (Frc.booking@vistec.ac.th)] Changing layout for scheduleId=20. timezone=, usingSingleLayout=1 [File=/home/gotit/domains/gotit.co.th/public_html/booking/Presenters/Admin/ManageSchedulesPresenter.php,Line=400]
2019-01-26T17:12:03+07:00 [29266] DEBUG default - [User=Admin A. (Frc.booking@vistec.ac.th)] Action passed all validations [File=/home/gotit/domains/gotit.co.th/public_html/booking/Pages/ActionPage.php,Line=108]
2019-01-26T17:12:03+07:00 [29266] DEBUG default - [User=Admin A. (Frc.booking@vistec.ac.th)] Processing page action. Action startDay [File=/home/gotit/domains/gotit.co.th/public_html/booking/Presenters/ActionPresenter.php,Line=88]
2019-01-26T17:12:03+07:00 [29266] DEBUG default - [User=Admin A. (Frc.booking@vistec.ac.th)] Changing scheduleId 20, WeekdayStart: 0, DaysVisible  [File=/home/gotit/domains/gotit.co.th/public_html/booking/Presenters/Admin/ManageSchedulesPresenter.php,Line=125]
