2019-08-09T10:51:29+07:00 [25502] DEBUG default - [User=Thassanat Atithep (Thassanant.a@vistec.ac.th)] Action passed all validations [File=/var/www/html/booking/Pages/ActionPage.php,Line=108]
2019-08-09T10:51:29+07:00 [25502] DEBUG default - [User=Thassanat Atithep (Thassanant.a@vistec.ac.th)] Processing page action. Action add [File=/var/www/html/booking/Presenters/ActionPresenter.php,Line=88]
2019-08-09T10:51:43+07:00 [12232] DEBUG default - [User=Thassanat Atithep (Thassanant.a@vistec.ac.th)] Action passed all validations [File=/var/www/html/booking/Pages/ActionPage.php,Line=108]
2019-08-09T10:51:43+07:00 [12232] DEBUG default - [User=Thassanat Atithep (Thassanant.a@vistec.ac.th)] Processing page action. Action add [File=/var/www/html/booking/Presenters/ActionPresenter.php,Line=88]
2019-08-09T10:52:06+07:00 [12241] DEBUG default - [User=Thassanat Atithep (Thassanant.a@vistec.ac.th)] Action passed all validations [File=/var/www/html/booking/Pages/ActionPage.php,Line=108]
2019-08-09T10:52:06+07:00 [12241] DEBUG default - [User=Thassanat Atithep (Thassanant.a@vistec.ac.th)] Processing page action. Action add [File=/var/www/html/booking/Presenters/ActionPresenter.php,Line=88]
2019-08-09T10:52:33+07:00 [25502] DEBUG default - [User=Thassanat Atithep (Thassanant.a@vistec.ac.th)] Action passed all validations [File=/var/www/html/booking/Pages/ActionPage.php,Line=108]
2019-08-09T10:52:33+07:00 [25502] DEBUG default - [User=Thassanat Atithep (Thassanant.a@vistec.ac.th)] Processing page action. Action add [File=/var/www/html/booking/Presenters/ActionPresenter.php,Line=88]
2019-08-09T10:52:33+07:00 [25502] DEBUG default - [User=Thassanat Atithep (Thassanant.a@vistec.ac.th)] ReservationConflictDelete delete lise. Ids=3463 [File=/var/www/html/booking/lib/Application/Reservation/ReservationConflictResolution.php,Line=298]
2019-08-09T10:52:33+07:00 [25502] DEBUG default - [User=Thassanat Atithep (Thassanant.a@vistec.ac.th)] ReservationRepository::LoadById() - ReservationID: 3463 [File=/var/www/html/booking/Domain/Access/ReservationRepository.php,Line=27]
2019-08-09T10:52:33+07:00 [25502] DEBUG default - [User=Thassanat Atithep (Thassanant.a@vistec.ac.th)] Removing series 3476 [File=/var/www/html/booking/Domain/ExistingReservationSeries.php,Line=356]
2019-08-09T10:52:33+07:00 [25502] DEBUG default - [User=Thassanat Atithep (Thassanant.a@vistec.ac.th)] class ReservationConflictDeleteEmail   [File=/var/www/html/booking/lib/Email/Messages/ReservationConflictDeleteEmail.php,Line=43]
2019-08-09T10:52:33+07:00 [25502] DEBUG default - [User=Thassanat Atithep (Thassanant.a@vistec.ac.th)] class ReservationConflictDeleteEmail To Thassanant.a@vistec.ac.th Thassanat Atithep [File=/var/www/html/booking/lib/Email/Messages/ReservationConflictDeleteEmail.php,Line=51]
2019-08-09T10:52:33+07:00 [25502] DEBUG default - [User=Thassanat Atithep (Thassanant.a@vistec.ac.th)] Sending ReservationConflictDeleteEmail email to: Thassanant.a@vistec.ac.th from: Frc.booking@vistec.ac.th [File=/var/www/html/booking/lib/Email/EmailService.php,Line=93]
2019-08-09T10:52:36+07:00 [25502] DEBUG default - [User=Thassanat Atithep (Thassanant.a@vistec.ac.th)] Email send success: 1.  [File=/var/www/html/booking/lib/Email/EmailService.php,Line=105]
2019-08-09T10:52:36+07:00 [25502] DEBUG default - [User=Thassanat Atithep (Thassanant.a@vistec.ac.th)] ReservationConflictDelete delete lise. Ids=3464 [File=/var/www/html/booking/lib/Application/Reservation/ReservationConflictResolution.php,Line=298]
2019-08-09T10:52:36+07:00 [25502] DEBUG default - [User=Thassanat Atithep (Thassanant.a@vistec.ac.th)] ReservationRepository::LoadById() - ReservationID: 3464 [File=/var/www/html/booking/Domain/Access/ReservationRepository.php,Line=27]
2019-08-09T10:52:36+07:00 [25502] DEBUG default - [User=Thassanat Atithep (Thassanant.a@vistec.ac.th)] Removing series 3477 [File=/var/www/html/booking/Domain/ExistingReservationSeries.php,Line=356]
2019-08-09T10:52:36+07:00 [25502] DEBUG default - [User=Thassanat Atithep (Thassanant.a@vistec.ac.th)] class ReservationConflictDeleteEmail   [File=/var/www/html/booking/lib/Email/Messages/ReservationConflictDeleteEmail.php,Line=43]
2019-08-09T10:52:36+07:00 [25502] DEBUG default - [User=Thassanat Atithep (Thassanant.a@vistec.ac.th)] class ReservationConflictDeleteEmail To Thassanant.a@vistec.ac.th Thassanat Atithep [File=/var/www/html/booking/lib/Email/Messages/ReservationConflictDeleteEmail.php,Line=51]
2019-08-09T10:52:36+07:00 [25502] DEBUG default - [User=Thassanat Atithep (Thassanant.a@vistec.ac.th)] Sending ReservationConflictDeleteEmail email to: Thassanant.a@vistec.ac.th from: Frc.booking@vistec.ac.th [File=/var/www/html/booking/lib/Email/EmailService.php,Line=93]
2019-08-09T10:52:38+07:00 [25502] DEBUG default - [User=Thassanat Atithep (Thassanant.a@vistec.ac.th)] Email send success: 1.  [File=/var/www/html/booking/lib/Email/EmailService.php,Line=105]
2019-08-09T10:52:38+07:00 [25502] DEBUG default - [User=Thassanat Atithep (Thassanant.a@vistec.ac.th)] ReservationConflictDelete delete lise. Ids=3704 [File=/var/www/html/booking/lib/Application/Reservation/ReservationConflictResolution.php,Line=298]
2019-08-09T10:52:38+07:00 [25502] DEBUG default - [User=Thassanat Atithep (Thassanant.a@vistec.ac.th)] ReservationRepository::LoadById() - ReservationID: 3704 [File=/var/www/html/booking/Domain/Access/ReservationRepository.php,Line=27]
2019-08-09T10:52:38+07:00 [25502] DEBUG default - [User=Thassanat Atithep (Thassanant.a@vistec.ac.th)] Removing series 3717 [File=/var/www/html/booking/Domain/ExistingReservationSeries.php,Line=356]
2019-08-09T10:52:38+07:00 [25502] DEBUG default - [User=Thassanat Atithep (Thassanant.a@vistec.ac.th)] class ReservationConflictDeleteEmail   [File=/var/www/html/booking/lib/Email/Messages/ReservationConflictDeleteEmail.php,Line=43]
2019-08-09T10:52:38+07:00 [25502] DEBUG default - [User=Thassanat Atithep (Thassanant.a@vistec.ac.th)] class ReservationConflictDeleteEmail To phansiri.koy@gmail.com Phansiri Suktha [File=/var/www/html/booking/lib/Email/Messages/ReservationConflictDeleteEmail.php,Line=51]
2019-08-09T10:52:38+07:00 [25502] DEBUG default - [User=Thassanat Atithep (Thassanant.a@vistec.ac.th)] Sending ReservationConflictDeleteEmail email to: phansiri.koy@gmail.com from: Frc.booking@vistec.ac.th [File=/var/www/html/booking/lib/Email/EmailService.php,Line=93]
2019-08-09T10:52:39+07:00 [25502] DEBUG default - [User=Thassanat Atithep (Thassanant.a@vistec.ac.th)] Email send success: 1.  [File=/var/www/html/booking/lib/Email/EmailService.php,Line=105]
2019-08-09T10:52:39+07:00 [25502] DEBUG default - [User=Thassanat Atithep (Thassanant.a@vistec.ac.th)] ReservationConflictDelete delete lise. Ids=3705 [File=/var/www/html/booking/lib/Application/Reservation/ReservationConflictResolution.php,Line=298]
2019-08-09T10:52:39+07:00 [25502] DEBUG default - [User=Thassanat Atithep (Thassanant.a@vistec.ac.th)] ReservationRepository::LoadById() - ReservationID: 3705 [File=/var/www/html/booking/Domain/Access/ReservationRepository.php,Line=27]
2019-08-09T10:52:39+07:00 [25502] DEBUG default - [User=Thassanat Atithep (Thassanant.a@vistec.ac.th)] Removing series 3718 [File=/var/www/html/booking/Domain/ExistingReservationSeries.php,Line=356]
2019-08-09T10:52:39+07:00 [25502] DEBUG default - [User=Thassanat Atithep (Thassanant.a@vistec.ac.th)] class ReservationConflictDeleteEmail   [File=/var/www/html/booking/lib/Email/Messages/ReservationConflictDeleteEmail.php,Line=43]
2019-08-09T10:52:39+07:00 [25502] DEBUG default - [User=Thassanat Atithep (Thassanant.a@vistec.ac.th)] class ReservationConflictDeleteEmail To phansiri.koy@gmail.com Phansiri Suktha [File=/var/www/html/booking/lib/Email/Messages/ReservationConflictDeleteEmail.php,Line=51]
2019-08-09T10:52:39+07:00 [25502] DEBUG default - [User=Thassanat Atithep (Thassanant.a@vistec.ac.th)] Sending ReservationConflictDeleteEmail email to: phansiri.koy@gmail.com from: Frc.booking@vistec.ac.th [File=/var/www/html/booking/lib/Email/EmailService.php,Line=93]
2019-08-09T10:52:40+07:00 [25502] DEBUG default - [User=Thassanat Atithep (Thassanant.a@vistec.ac.th)] Email send success: 1.  [File=/var/www/html/booking/lib/Email/EmailService.php,Line=105]
