2019-10-08T10:38:05+07:00 [10524] DEBUG default - [User=Admin A. (meshaya.p@vistec.ac.th)] Loading validators for addUser [File=/var/www/html/booking/Presenters/Admin/ManageUsersPresenter.php,Line=418]
2019-10-08T10:38:05+07:00 [10524] DEBUG default - [User=Admin A. (meshaya.p@vistec.ac.th)] Action passed all validations [File=/var/www/html/booking/Pages/ActionPage.php,Line=108]
2019-10-08T10:38:05+07:00 [10524] DEBUG default - [User=Admin A. (meshaya.p@vistec.ac.th)] Processing page action. Action addUser [File=/var/www/html/booking/Presenters/ActionPresenter.php,Line=88]
2019-10-08T10:38:05+07:00 [10524] DEBUG default - [User=Admin A. (meshaya.p@vistec.ac.th)] Sending AccountCreationForUserEmail email to: p_chumsaeng@hotmail.com from: Frc.booking@vistec.ac.th [File=/var/www/html/booking/lib/Email/EmailService.php,Line=93]
2019-10-08T10:38:07+07:00 [10524] DEBUG default - [User=Admin A. (meshaya.p@vistec.ac.th)] Email send success: 1.  [File=/var/www/html/booking/lib/Email/EmailService.php,Line=105]
2019-10-08T10:39:03+07:00 [2796] DEBUG default - [User=Admin A. (meshaya.p@vistec.ac.th)] Loading validators for updateUser [File=/var/www/html/booking/Presenters/Admin/ManageUsersPresenter.php,Line=418]
2019-10-08T10:39:03+07:00 [2796] DEBUG default - [User=Admin A. (meshaya.p@vistec.ac.th)] Action passed all validations [File=/var/www/html/booking/Pages/ActionPage.php,Line=108]
2019-10-08T10:39:03+07:00 [2796] DEBUG default - [User=Admin A. (meshaya.p@vistec.ac.th)] Processing page action. Action updateUser [File=/var/www/html/booking/Presenters/ActionPresenter.php,Line=88]
2019-10-08T10:39:03+07:00 [2796] DEBUG default - [User=Admin A. (meshaya.p@vistec.ac.th)] Updating user 568 [File=/var/www/html/booking/Presenters/Admin/ManageUsersPresenter.php,Line=284]
2019-10-08T11:28:19+07:00 [2796] DEBUG default - [User=Pompamz A (pp.pompamz@gmail.com)] Loading validators for addUser [File=/var/www/html/booking/Presenters/Admin/ManageUsersPresenter.php,Line=424]
2019-10-08T11:28:19+07:00 [2796] DEBUG default - [User=Pompamz A (pp.pompamz@gmail.com)] Action passed all validations [File=/var/www/html/booking/Pages/ActionPage.php,Line=108]
2019-10-08T11:28:19+07:00 [2796] DEBUG default - [User=Pompamz A (pp.pompamz@gmail.com)] Processing page action. Action addUser [File=/var/www/html/booking/Presenters/ActionPresenter.php,Line=88]
2019-10-08T11:28:27+07:00 [10524] DEBUG default - [User=Pompamz A (pp.pompamz@gmail.com)] Loading validators for deleteUser [File=/var/www/html/booking/Presenters/Admin/ManageUsersPresenter.php,Line=424]
2019-10-08T11:28:27+07:00 [10524] DEBUG default - [User=Pompamz A (pp.pompamz@gmail.com)] Action passed all validations [File=/var/www/html/booking/Pages/ActionPage.php,Line=108]
2019-10-08T11:28:27+07:00 [10524] DEBUG default - [User=Pompamz A (pp.pompamz@gmail.com)] Processing page action. Action deleteUser [File=/var/www/html/booking/Presenters/ActionPresenter.php,Line=88]
2019-10-08T11:28:27+07:00 [10524] DEBUG default - [User=Pompamz A (pp.pompamz@gmail.com)] Deleting user 569 [File=/var/www/html/booking/Presenters/Admin/ManageUsersPresenter.php,Line=319]
2019-10-08T11:30:20+07:00 [10524] DEBUG default - [User=Admin A. (meshaya.p@vistec.ac.th)] Loading validators for addUser [File=/var/www/html/booking/Presenters/Admin/ManageUsersPresenter.php,Line=424]
2019-10-08T11:30:20+07:00 [10524] DEBUG default - [User=Admin A. (meshaya.p@vistec.ac.th)] Action passed all validations [File=/var/www/html/booking/Pages/ActionPage.php,Line=108]
2019-10-08T11:30:20+07:00 [10524] DEBUG default - [User=Admin A. (meshaya.p@vistec.ac.th)] Processing page action. Action addUser [File=/var/www/html/booking/Presenters/ActionPresenter.php,Line=88]
2019-10-08T11:30:20+07:00 [10524] DEBUG default - [User=Admin A. (meshaya.p@vistec.ac.th)] Sending AccountCreationForUserEmail email to: a@hotmail.com from: Frc.booking@vistec.ac.th [File=/var/www/html/booking/lib/Email/EmailService.php,Line=93]
2019-10-08T11:30:22+07:00 [10524] DEBUG default - [User=Admin A. (meshaya.p@vistec.ac.th)] Email send success: 1.  [File=/var/www/html/booking/lib/Email/EmailService.php,Line=105]
