2019-10-29T09:48:05+07:00 [757] DEBUG default - [User=Admin A. (meshaya.p@vistec.ac.th)] Action passed all validations [File=/var/www/html/booking/Pages/ActionPage.php,Line=108]
2019-10-29T09:48:05+07:00 [757] DEBUG default - [User=Admin A. (meshaya.p@vistec.ac.th)] Processing page action. Action changeStatus [File=/var/www/html/booking/Presenters/ActionPresenter.php,Line=88]
2019-10-29T09:48:05+07:00 [757] DEBUG default - [User=Admin A. (meshaya.p@vistec.ac.th)] Changing resource status. ResourceId: 11 [File=/var/www/html/booking/Presenters/Admin/ManageResourcesPresenter.php,Line=421]
2019-10-29T10:00:31+07:00 [786] DEBUG default - [User=Admin A. (jarinya.s@vistec.ac.th)] Action passed all validations [File=/var/www/html/booking/Pages/ActionPage.php,Line=108]
2019-10-29T10:00:31+07:00 [786] DEBUG default - [User=Admin A. (jarinya.s@vistec.ac.th)] Processing page action. Action changeStatus [File=/var/www/html/booking/Presenters/ActionPresenter.php,Line=88]
2019-10-29T10:00:31+07:00 [786] DEBUG default - [User=Admin A. (jarinya.s@vistec.ac.th)] Changing resource status. ResourceId: 12 [File=/var/www/html/booking/Presenters/Admin/ManageResourcesPresenter.php,Line=421]
2019-10-29T15:01:12+07:00 [757] DEBUG default - [User=Admin A. (meshaya.p@vistec.ac.th)] added FilterStartDateDelta [File=/var/www/html/booking/Domain/Values/UserPreferences.php,Line=113]
2019-10-29T15:01:12+07:00 [757] DEBUG default - [User=Admin A. (meshaya.p@vistec.ac.th)] added FilterEndDateDelta [File=/var/www/html/booking/Domain/Values/UserPreferences.php,Line=113]
2019-10-29T15:01:12+07:00 [757] DEBUG default - [User=Admin A. (meshaya.p@vistec.ac.th)] added FilterUserId [File=/var/www/html/booking/Domain/Values/UserPreferences.php,Line=113]
2019-10-29T15:01:12+07:00 [757] DEBUG default - [User=Admin A. (meshaya.p@vistec.ac.th)] added FilterUserName [File=/var/www/html/booking/Domain/Values/UserPreferences.php,Line=113]
2019-10-29T15:01:12+07:00 [757] DEBUG default - [User=Admin A. (meshaya.p@vistec.ac.th)] added FilterScheduleId [File=/var/www/html/booking/Domain/Values/UserPreferences.php,Line=113]
2019-10-29T15:01:12+07:00 [757] DEBUG default - [User=Admin A. (meshaya.p@vistec.ac.th)] added FilterResourceId [File=/var/www/html/booking/Domain/Values/UserPreferences.php,Line=113]
2019-10-29T15:01:12+07:00 [757] DEBUG default - [User=Admin A. (meshaya.p@vistec.ac.th)] added FilterReservationStatusId [File=/var/www/html/booking/Domain/Values/UserPreferences.php,Line=113]
2019-10-29T15:01:12+07:00 [757] DEBUG default - [User=Admin A. (meshaya.p@vistec.ac.th)] added FilterReferenceNumber [File=/var/www/html/booking/Domain/Values/UserPreferences.php,Line=113]
2019-10-29T15:01:12+07:00 [757] DEBUG default - [User=Admin A. (meshaya.p@vistec.ac.th)] added FilterResourceStatusId [File=/var/www/html/booking/Domain/Values/UserPreferences.php,Line=113]
2019-10-29T15:01:12+07:00 [757] DEBUG default - [User=Admin A. (meshaya.p@vistec.ac.th)] added FilterResourceReasonId [File=/var/www/html/booking/Domain/Values/UserPreferences.php,Line=113]
2019-10-29T15:01:12+07:00 [757] DEBUG default - [User=Admin A. (meshaya.p@vistec.ac.th)] added FilterCustomAttributes [File=/var/www/html/booking/Domain/Values/UserPreferences.php,Line=113]
2019-10-29T15:26:33+07:00 [13609] DEBUG default - [User=Surapoj Sanram (surapoj.s@vistec.ac.th)] Action passed all validations [File=/var/www/html/booking/Pages/ActionPage.php,Line=108]
2019-10-29T15:26:33+07:00 [13609] DEBUG default - [User=Surapoj Sanram (surapoj.s@vistec.ac.th)] Processing page action. Action delete [File=/var/www/html/booking/Presenters/ActionPresenter.php,Line=88]
2019-10-29T15:26:33+07:00 [13609] DEBUG default - [User=Surapoj Sanram (surapoj.s@vistec.ac.th)] Deleting resource 32 (LC-Fraction Collectors) [File=/var/www/html/booking/Domain/Access/ResourceRepository.php,Line=279]
2019-10-29T15:28:00+07:00 [13609] DEBUG default - [User=Admin A. (meshaya.p@vistec.ac.th)] changed FilterUserId [File=/var/www/html/booking/Domain/Values/UserPreferences.php,Line=106]
2019-10-29T15:28:00+07:00 [13609] DEBUG default - [User=Admin A. (meshaya.p@vistec.ac.th)] changed FilterUserName [File=/var/www/html/booking/Domain/Values/UserPreferences.php,Line=106]
2019-10-29T15:28:09+07:00 [757] DEBUG default - [User=Admin A. (meshaya.p@vistec.ac.th)] changed FilterResourceId [File=/var/www/html/booking/Domain/Values/UserPreferences.php,Line=106]
2019-10-29T15:28:22+07:00 [786] DEBUG default - [User=Admin A. (meshaya.p@vistec.ac.th)] changed FilterEndDateDelta [File=/var/www/html/booking/Domain/Values/UserPreferences.php,Line=106]
