2019-03-27T08:50:39+07:00 [4808] DEBUG default - [User=Admin A. (napatsorn.m@vistec.ac.th)] Action passed all validations [File=/var/www/html/booking/Pages/ActionPage.php,Line=108]
2019-03-27T08:50:39+07:00 [4808] DEBUG default - [User=Admin A. (napatsorn.m@vistec.ac.th)] Processing page action. Action addAttribute [File=/var/www/html/booking/Presenters/ActionPresenter.php,Line=88]
2019-03-27T08:50:39+07:00 [4808] DEBUG default - [User=Admin A. (napatsorn.m@vistec.ac.th)] Adding new attribute named: Fluorescence mode (Time usage, ?h) [File=/var/www/html/booking/Presenters/Admin/ManageAttributesPresenter.php,Line=71]
2019-03-27T08:51:36+07:00 [4800] DEBUG default - [User=Admin A. (napatsorn.m@vistec.ac.th)] Action passed all validations [File=/var/www/html/booking/Pages/ActionPage.php,Line=108]
2019-03-27T08:51:36+07:00 [4800] DEBUG default - [User=Admin A. (napatsorn.m@vistec.ac.th)] Processing page action. Action updateAttribute [File=/var/www/html/booking/Presenters/ActionPresenter.php,Line=88]
2019-03-27T08:51:36+07:00 [4800] DEBUG default - [User=Admin A. (napatsorn.m@vistec.ac.th)] Updating attribute with id: 54 [File=/var/www/html/booking/Presenters/Admin/ManageAttributesPresenter.php,Line=98]
2019-03-27T08:52:22+07:00 [4800] DEBUG default - [User=Admin A. (napatsorn.m@vistec.ac.th)] Action passed all validations [File=/var/www/html/booking/Pages/ActionPage.php,Line=108]
2019-03-27T08:52:22+07:00 [4800] DEBUG default - [User=Admin A. (napatsorn.m@vistec.ac.th)] Processing page action. Action addAttribute [File=/var/www/html/booking/Presenters/ActionPresenter.php,Line=88]
2019-03-27T08:52:22+07:00 [4800] DEBUG default - [User=Admin A. (napatsorn.m@vistec.ac.th)] Adding new attribute named: Lifetime mode (Time usage, ? hours) [File=/var/www/html/booking/Presenters/Admin/ManageAttributesPresenter.php,Line=71]
2019-03-27T08:53:05+07:00 [4808] DEBUG default - [User=Admin A. (napatsorn.m@vistec.ac.th)] Action passed all validations [File=/var/www/html/booking/Pages/ActionPage.php,Line=108]
2019-03-27T08:53:05+07:00 [4808] DEBUG default - [User=Admin A. (napatsorn.m@vistec.ac.th)] Processing page action. Action addAttribute [File=/var/www/html/booking/Presenters/ActionPresenter.php,Line=88]
2019-03-27T08:53:05+07:00 [4808] DEBUG default - [User=Admin A. (napatsorn.m@vistec.ac.th)] Adding new attribute named: Quantum yield mode (Time usage, ? hours) [File=/var/www/html/booking/Presenters/Admin/ManageAttributesPresenter.php,Line=71]
2019-03-27T08:54:04+07:00 [4808] DEBUG default - [User=Admin A. (napatsorn.m@vistec.ac.th)] Action passed all validations [File=/var/www/html/booking/Pages/ActionPage.php,Line=108]
2019-03-27T08:54:04+07:00 [4808] DEBUG default - [User=Admin A. (napatsorn.m@vistec.ac.th)] Processing page action. Action addAttribute [File=/var/www/html/booking/Presenters/ActionPresenter.php,Line=88]
2019-03-27T08:54:04+07:00 [4808] DEBUG default - [User=Admin A. (napatsorn.m@vistec.ac.th)] Adding new attribute named: Transient Abs. mode [File=/var/www/html/booking/Presenters/Admin/ManageAttributesPresenter.php,Line=71]
2019-03-27T08:54:19+07:00 [4800] DEBUG default - [User=Admin A. (napatsorn.m@vistec.ac.th)] Action passed all validations [File=/var/www/html/booking/Pages/ActionPage.php,Line=108]
2019-03-27T08:54:19+07:00 [4800] DEBUG default - [User=Admin A. (napatsorn.m@vistec.ac.th)] Processing page action. Action deleteAttribute [File=/var/www/html/booking/Presenters/ActionPresenter.php,Line=88]
2019-03-27T08:54:19+07:00 [4800] DEBUG default - [User=Admin A. (napatsorn.m@vistec.ac.th)] Deleting attribute with id: 50 [File=/var/www/html/booking/Presenters/Admin/ManageAttributesPresenter.php,Line=83]
2019-03-27T08:54:31+07:00 [23803] DEBUG default - [User=Admin A. (napatsorn.m@vistec.ac.th)] Action passed all validations [File=/var/www/html/booking/Pages/ActionPage.php,Line=108]
2019-03-27T08:54:31+07:00 [23803] DEBUG default - [User=Admin A. (napatsorn.m@vistec.ac.th)] Processing page action. Action deleteAttribute [File=/var/www/html/booking/Presenters/ActionPresenter.php,Line=88]
2019-03-27T08:54:31+07:00 [23803] DEBUG default - [User=Admin A. (napatsorn.m@vistec.ac.th)] Deleting attribute with id: 51 [File=/var/www/html/booking/Presenters/Admin/ManageAttributesPresenter.php,Line=83]
2019-03-27T08:54:41+07:00 [4808] DEBUG default - [User=Admin A. (napatsorn.m@vistec.ac.th)] Action passed all validations [File=/var/www/html/booking/Pages/ActionPage.php,Line=108]
2019-03-27T08:54:41+07:00 [4808] DEBUG default - [User=Admin A. (napatsorn.m@vistec.ac.th)] Processing page action. Action deleteAttribute [File=/var/www/html/booking/Presenters/ActionPresenter.php,Line=88]
2019-03-27T08:54:41+07:00 [4808] DEBUG default - [User=Admin A. (napatsorn.m@vistec.ac.th)] Deleting attribute with id: 52 [File=/var/www/html/booking/Presenters/Admin/ManageAttributesPresenter.php,Line=83]
2019-03-27T08:55:14+07:00 [4800] DEBUG default - [User=Admin A. (napatsorn.m@vistec.ac.th)] Action passed all validations [File=/var/www/html/booking/Pages/ActionPage.php,Line=108]
2019-03-27T08:55:14+07:00 [4800] DEBUG default - [User=Admin A. (napatsorn.m@vistec.ac.th)] Processing page action. Action deleteAttribute [File=/var/www/html/booking/Presenters/ActionPresenter.php,Line=88]
2019-03-27T08:55:14+07:00 [4800] DEBUG default - [User=Admin A. (napatsorn.m@vistec.ac.th)] Deleting attribute with id: 53 [File=/var/www/html/booking/Presenters/Admin/ManageAttributesPresenter.php,Line=83]
2019-03-27T09:53:20+07:00 [4808] DEBUG default - [User=Admin A. (meshaya.p@vistec.ac.th)] Acco CREATE_DATE is 2019-03-20 20:21:35 [File=/var/www/html/booking/Domain/Announcement.php,Line=171]
2019-03-27T09:53:20+07:00 [4808] DEBUG default - [User=Admin A. (meshaya.p@vistec.ac.th)] Acco CREATE_DATE is 2019-03-18 11:42:19 [File=/var/www/html/booking/Domain/Announcement.php,Line=171]
2019-03-27T09:53:20+07:00 [4808] DEBUG default - [User=Admin A. (meshaya.p@vistec.ac.th)] Acco CREATE_DATE is 2019-03-18 11:44:48 [File=/var/www/html/booking/Domain/Announcement.php,Line=171]
2019-03-27T09:53:20+07:00 [4808] DEBUG default - [User=Admin A. (meshaya.p@vistec.ac.th)] Acco CREATE_DATE is 2019-03-11 10:50:07 [File=/var/www/html/booking/Domain/Announcement.php,Line=171]
2019-03-27T09:55:28+07:00 [23803] DEBUG default - [User=Admin A. (meshaya.p@vistec.ac.th)] Action passed all validations [File=/var/www/html/booking/Pages/ActionPage.php,Line=108]
2019-03-27T09:55:28+07:00 [23803] DEBUG default - [User=Admin A. (meshaya.p@vistec.ac.th)] Processing page action. Action addAnnouncement [File=/var/www/html/booking/Presenters/ActionPresenter.php,Line=88]
2019-03-27T09:55:28+07:00 [23803] DEBUG default - [User=Admin A. (meshaya.p@vistec.ac.th)] Adding new Announcement [File=/var/www/html/booking/Presenters/Admin/ManageAnnouncementsPresenter.php,Line=115]
2019-03-27T09:55:28+07:00 [23803] DEBUG default - [User=Admin A. (meshaya.p@vistec.ac.th)] Create new Announcement [File=/var/www/html/booking/Domain/Announcement.php,Line=201]
2019-03-27T09:55:28+07:00 [4800] DEBUG default - [User=Admin A. (meshaya.p@vistec.ac.th)] Acco CREATE_DATE is 2019-03-27 09:55:28 [File=/var/www/html/booking/Domain/Announcement.php,Line=171]
2019-03-27T09:55:28+07:00 [4800] DEBUG default - [User=Admin A. (meshaya.p@vistec.ac.th)] Acco CREATE_DATE is 2019-03-20 20:21:35 [File=/var/www/html/booking/Domain/Announcement.php,Line=171]
2019-03-27T09:55:28+07:00 [4800] DEBUG default - [User=Admin A. (meshaya.p@vistec.ac.th)] Acco CREATE_DATE is 2019-03-18 11:42:19 [File=/var/www/html/booking/Domain/Announcement.php,Line=171]
2019-03-27T09:55:28+07:00 [4800] DEBUG default - [User=Admin A. (meshaya.p@vistec.ac.th)] Acco CREATE_DATE is 2019-03-18 11:44:48 [File=/var/www/html/booking/Domain/Announcement.php,Line=171]
2019-03-27T09:55:28+07:00 [4800] DEBUG default - [User=Admin A. (meshaya.p@vistec.ac.th)] Acco CREATE_DATE is 2019-03-11 10:50:07 [File=/var/www/html/booking/Domain/Announcement.php,Line=171]
2019-03-27T16:13:08+07:00 [23803] DEBUG default - [User=Admin A. (meshaya.p@vistec.ac.th)] Action passed all validations [File=/var/www/html/booking/Pages/ActionPage.php,Line=108]
2019-03-27T16:13:08+07:00 [23803] DEBUG default - [User=Admin A. (meshaya.p@vistec.ac.th)] Processing page action. Action addUserPermission [File=/var/www/html/booking/Presenters/ActionPresenter.php,Line=88]
