2019-07-17T15:38:54+07:00 [3895] DEBUG default - [User=Admin A. (jarinya.s@vistec.ac.th)] Action passed all validations [File=/var/www/html/booking/Pages/ActionPage.php,Line=108]
2019-07-17T15:38:54+07:00 [3895] DEBUG default - [User=Admin A. (jarinya.s@vistec.ac.th)] Processing page action. Action load [File=/var/www/html/booking/Presenters/ActionPresenter.php,Line=88]
2019-07-17T15:38:54+07:00 [3895] DEBUG default - [User=Admin A. (jarinya.s@vistec.ac.th)] Loading blackout for editing. Id=79 [File=/var/www/html/booking/Presenters/Admin/ManageBlackoutsPresenter.php,Line=254]
2019-07-17T15:40:59+07:00 [12231] DEBUG default - [User=Admin A. (jarinya.s@vistec.ac.th)] Action passed all validations [File=/var/www/html/booking/Pages/ActionPage.php,Line=108]
2019-07-17T15:40:59+07:00 [12231] DEBUG default - [User=Admin A. (jarinya.s@vistec.ac.th)] Processing page action. Action add [File=/var/www/html/booking/Presenters/ActionPresenter.php,Line=88]
2019-07-17T15:40:59+07:00 [3863] DEBUG default - [User=Admin A. (jarinya.s@vistec.ac.th)] Action passed all validations [File=/var/www/html/booking/Pages/ActionPage.php,Line=108]
2019-07-17T15:40:59+07:00 [3863] DEBUG default - [User=Admin A. (jarinya.s@vistec.ac.th)] Processing page action. Action add [File=/var/www/html/booking/Presenters/ActionPresenter.php,Line=88]
2019-07-17T15:42:09+07:00 [12231] DEBUG default - [User=Admin A. (jarinya.s@vistec.ac.th)] Action passed all validations [File=/var/www/html/booking/Pages/ActionPage.php,Line=108]
2019-07-17T15:42:09+07:00 [12231] DEBUG default - [User=Admin A. (jarinya.s@vistec.ac.th)] Processing page action. Action load [File=/var/www/html/booking/Presenters/ActionPresenter.php,Line=88]
2019-07-17T15:42:09+07:00 [12231] DEBUG default - [User=Admin A. (jarinya.s@vistec.ac.th)] Loading blackout for editing. Id=79 [File=/var/www/html/booking/Presenters/Admin/ManageBlackoutsPresenter.php,Line=254]
2019-07-17T15:42:38+07:00 [3895] DEBUG default - [User=Admin A. (jarinya.s@vistec.ac.th)] Action passed all validations [File=/var/www/html/booking/Pages/ActionPage.php,Line=108]
2019-07-17T15:42:38+07:00 [3895] DEBUG default - [User=Admin A. (jarinya.s@vistec.ac.th)] Processing page action. Action update [File=/var/www/html/booking/Presenters/ActionPresenter.php,Line=88]
2019-07-17T15:42:38+07:00 [3895] DEBUG default - [User=Admin A. (jarinya.s@vistec.ac.th)] Updating blackout. BlackoutId=79, UpdateScope=full [File=/var/www/html/booking/Presenters/Admin/ManageBlackoutsPresenter.php,Line=325]
2019-07-17T15:42:38+07:00 [3895] DEBUG default - [User=Admin A. (jarinya.s@vistec.ac.th)] ReservationConflictDelete delete lise. Ids=3193 [File=/var/www/html/booking/lib/Application/Reservation/ReservationConflictResolution.php,Line=298]
2019-07-17T15:42:38+07:00 [3895] DEBUG default - [User=Admin A. (jarinya.s@vistec.ac.th)] ReservationRepository::LoadById() - ReservationID: 3193 [File=/var/www/html/booking/Domain/Access/ReservationRepository.php,Line=27]
2019-07-17T15:42:38+07:00 [3895] DEBUG default - [User=Admin A. (jarinya.s@vistec.ac.th)] Removing series 3206 [File=/var/www/html/booking/Domain/ExistingReservationSeries.php,Line=356]
2019-07-17T15:42:38+07:00 [3895] DEBUG default - [User=Admin A. (jarinya.s@vistec.ac.th)] class ReservationConflictDeleteEmail   [File=/var/www/html/booking/lib/Email/Messages/ReservationConflictDeleteEmail.php,Line=43]
2019-07-17T15:42:38+07:00 [3895] DEBUG default - [User=Admin A. (jarinya.s@vistec.ac.th)] class ReservationConflictDeleteEmail To 1530301@vistec.ac.th Anna Pachariyangkun [File=/var/www/html/booking/lib/Email/Messages/ReservationConflictDeleteEmail.php,Line=51]
2019-07-17T15:42:38+07:00 [3895] DEBUG default - [User=Admin A. (jarinya.s@vistec.ac.th)] Sending ReservationConflictDeleteEmail email to: 1530301@vistec.ac.th from: Frc.booking@vistec.ac.th [File=/var/www/html/booking/lib/Email/EmailService.php,Line=93]
2019-07-17T15:42:40+07:00 [3895] DEBUG default - [User=Admin A. (jarinya.s@vistec.ac.th)] Email send success: 1.  [File=/var/www/html/booking/lib/Email/EmailService.php,Line=105]
2019-07-17T17:36:18+07:00 [3863] DEBUG default - [User=Admin A. (meshaya.p@vistec.ac.th)] Action passed all validations [File=/var/www/html/booking/Pages/ActionPage.php,Line=108]
2019-07-17T17:36:18+07:00 [3863] DEBUG default - [User=Admin A. (meshaya.p@vistec.ac.th)] Processing page action. Action addUserPermission [File=/var/www/html/booking/Presenters/ActionPresenter.php,Line=88]
