2019-12-10T07:17:57+07:00 [8833] DEBUG default - [User=Admin A. (meshaya.p@vistec.ac.th)] Acco CREATE_DATE is 2019-12-09 12:07:08 [File=/var/www/html/booking/Domain/Announcement.php,Line=171]
2019-12-10T07:17:57+07:00 [8833] DEBUG default - [User=Admin A. (meshaya.p@vistec.ac.th)] Acco CREATE_DATE is 2019-11-26 16:43:10 [File=/var/www/html/booking/Domain/Announcement.php,Line=171]
2019-12-10T07:17:57+07:00 [8833] DEBUG default - [User=Admin A. (meshaya.p@vistec.ac.th)] Acco CREATE_DATE is 2019-11-22 10:35:38 [File=/var/www/html/booking/Domain/Announcement.php,Line=171]
2019-12-10T07:17:57+07:00 [8833] DEBUG default - [User=Admin A. (meshaya.p@vistec.ac.th)] Acco CREATE_DATE is 2019-11-22 15:28:23 [File=/var/www/html/booking/Domain/Announcement.php,Line=171]
2019-12-10T07:17:57+07:00 [8833] DEBUG default - [User=Admin A. (meshaya.p@vistec.ac.th)] Acco CREATE_DATE is 2019-11-18 09:07:14 [File=/var/www/html/booking/Domain/Announcement.php,Line=171]
2019-12-10T07:17:57+07:00 [8833] DEBUG default - [User=Admin A. (meshaya.p@vistec.ac.th)] Acco CREATE_DATE is 2019-11-12 10:05:53 [File=/var/www/html/booking/Domain/Announcement.php,Line=171]
2019-12-10T07:17:57+07:00 [8833] DEBUG default - [User=Admin A. (meshaya.p@vistec.ac.th)] Acco CREATE_DATE is 2019-11-11 21:08:53 [File=/var/www/html/booking/Domain/Announcement.php,Line=171]
2019-12-10T07:17:57+07:00 [8833] DEBUG default - [User=Admin A. (meshaya.p@vistec.ac.th)] Acco CREATE_DATE is 2019-10-22 13:24:47 [File=/var/www/html/booking/Domain/Announcement.php,Line=171]
2019-12-10T07:17:57+07:00 [8833] DEBUG default - [User=Admin A. (meshaya.p@vistec.ac.th)] Acco CREATE_DATE is 2019-08-19 10:40:33 [File=/var/www/html/booking/Domain/Announcement.php,Line=171]
2019-12-10T07:17:57+07:00 [8833] DEBUG default - [User=Admin A. (meshaya.p@vistec.ac.th)] Acco CREATE_DATE is 2019-10-17 15:10:50 [File=/var/www/html/booking/Domain/Announcement.php,Line=171]
2019-12-10T07:17:57+07:00 [8833] DEBUG default - [User=Admin A. (meshaya.p@vistec.ac.th)] Acco CREATE_DATE is 2019-10-17 16:12:14 [File=/var/www/html/booking/Domain/Announcement.php,Line=171]
2019-12-10T07:17:57+07:00 [8833] DEBUG default - [User=Admin A. (meshaya.p@vistec.ac.th)] Acco CREATE_DATE is 2019-10-16 10:03:16 [File=/var/www/html/booking/Domain/Announcement.php,Line=171]
2019-12-10T07:17:57+07:00 [8833] DEBUG default - [User=Admin A. (meshaya.p@vistec.ac.th)] Acco CREATE_DATE is 2019-10-16 19:25:07 [File=/var/www/html/booking/Domain/Announcement.php,Line=171]
2019-12-10T07:17:57+07:00 [8833] DEBUG default - [User=Admin A. (meshaya.p@vistec.ac.th)] Acco CREATE_DATE is 2019-10-15 13:14:03 [File=/var/www/html/booking/Domain/Announcement.php,Line=171]
2019-12-10T07:17:57+07:00 [8833] DEBUG default - [User=Admin A. (meshaya.p@vistec.ac.th)] Acco CREATE_DATE is 2019-10-15 13:15:44 [File=/var/www/html/booking/Domain/Announcement.php,Line=171]
2019-12-10T07:17:57+07:00 [8833] DEBUG default - [User=Admin A. (meshaya.p@vistec.ac.th)] Acco CREATE_DATE is 2019-10-09 15:34:29 [File=/var/www/html/booking/Domain/Announcement.php,Line=171]
2019-12-10T07:17:57+07:00 [8833] DEBUG default - [User=Admin A. (meshaya.p@vistec.ac.th)] Acco CREATE_DATE is 2019-09-24 13:28:05 [File=/var/www/html/booking/Domain/Announcement.php,Line=171]
2019-12-10T07:17:57+07:00 [8833] DEBUG default - [User=Admin A. (meshaya.p@vistec.ac.th)] Acco CREATE_DATE is 2019-09-10 13:28:43 [File=/var/www/html/booking/Domain/Announcement.php,Line=171]
2019-12-10T07:17:57+07:00 [8833] DEBUG default - [User=Admin A. (meshaya.p@vistec.ac.th)] Acco CREATE_DATE is 2019-08-20 15:48:25 [File=/var/www/html/booking/Domain/Announcement.php,Line=171]
2019-12-10T07:17:57+07:00 [8833] DEBUG default - [User=Admin A. (meshaya.p@vistec.ac.th)] Acco CREATE_DATE is 2019-08-16 10:40:13 [File=/var/www/html/booking/Domain/Announcement.php,Line=171]
2019-12-10T07:20:39+07:00 [2455] DEBUG default - [User=Admin A. (meshaya.p@vistec.ac.th)] Action passed all validations [File=/var/www/html/booking/Pages/ActionPage.php,Line=108]
2019-12-10T07:20:39+07:00 [2455] DEBUG default - [User=Admin A. (meshaya.p@vistec.ac.th)] Processing page action. Action printQR [File=/var/www/html/booking/Presenters/ActionPresenter.php,Line=88]
2019-12-10T07:45:45+07:00 [8833] DEBUG default - [User=Admin A. (meshaya.p@vistec.ac.th)] Action passed all validations [File=/var/www/html/booking/Pages/ActionPage.php,Line=108]
2019-12-10T07:45:45+07:00 [8833] DEBUG default - [User=Admin A. (meshaya.p@vistec.ac.th)] Processing page action. Action changeColor [File=/var/www/html/booking/Presenters/ActionPresenter.php,Line=88]
2019-12-10T09:38:32+07:00 [2455] DEBUG default - [User=Admin A. (meshaya.p@vistec.ac.th)] Action passed all validations [File=/var/www/html/booking/Pages/ActionPage.php,Line=108]
2019-12-10T09:38:32+07:00 [2455] DEBUG default - [User=Admin A. (meshaya.p@vistec.ac.th)] Processing page action. Action addUserPermission [File=/var/www/html/booking/Presenters/ActionPresenter.php,Line=88]
2019-12-10T09:38:49+07:00 [8833] DEBUG default - [User=Admin A. (meshaya.p@vistec.ac.th)] Action passed all validations [File=/var/www/html/booking/Pages/ActionPage.php,Line=108]
2019-12-10T09:38:49+07:00 [8833] DEBUG default - [User=Admin A. (meshaya.p@vistec.ac.th)] Processing page action. Action addUserPermission [File=/var/www/html/booking/Presenters/ActionPresenter.php,Line=88]
2019-12-10T13:32:52+07:00 [2449] DEBUG default - [User=Admin A. (meshaya.p@vistec.ac.th)] Acco CREATE_DATE is 2019-12-09 12:07:08 [File=/var/www/html/booking/Domain/Announcement.php,Line=171]
2019-12-10T13:32:52+07:00 [2449] DEBUG default - [User=Admin A. (meshaya.p@vistec.ac.th)] Acco CREATE_DATE is 2019-11-26 16:43:10 [File=/var/www/html/booking/Domain/Announcement.php,Line=171]
2019-12-10T13:32:52+07:00 [2449] DEBUG default - [User=Admin A. (meshaya.p@vistec.ac.th)] Acco CREATE_DATE is 2019-11-22 10:35:38 [File=/var/www/html/booking/Domain/Announcement.php,Line=171]
2019-12-10T13:32:52+07:00 [2449] DEBUG default - [User=Admin A. (meshaya.p@vistec.ac.th)] Acco CREATE_DATE is 2019-11-22 15:28:23 [File=/var/www/html/booking/Domain/Announcement.php,Line=171]
2019-12-10T13:32:52+07:00 [2449] DEBUG default - [User=Admin A. (meshaya.p@vistec.ac.th)] Acco CREATE_DATE is 2019-11-18 09:07:14 [File=/var/www/html/booking/Domain/Announcement.php,Line=171]
2019-12-10T13:32:52+07:00 [2449] DEBUG default - [User=Admin A. (meshaya.p@vistec.ac.th)] Acco CREATE_DATE is 2019-11-12 10:05:53 [File=/var/www/html/booking/Domain/Announcement.php,Line=171]
2019-12-10T13:32:52+07:00 [2449] DEBUG default - [User=Admin A. (meshaya.p@vistec.ac.th)] Acco CREATE_DATE is 2019-11-11 21:08:53 [File=/var/www/html/booking/Domain/Announcement.php,Line=171]
2019-12-10T13:32:52+07:00 [2449] DEBUG default - [User=Admin A. (meshaya.p@vistec.ac.th)] Acco CREATE_DATE is 2019-10-22 13:24:47 [File=/var/www/html/booking/Domain/Announcement.php,Line=171]
2019-12-10T13:32:52+07:00 [2449] DEBUG default - [User=Admin A. (meshaya.p@vistec.ac.th)] Acco CREATE_DATE is 2019-08-19 10:40:33 [File=/var/www/html/booking/Domain/Announcement.php,Line=171]
2019-12-10T13:32:52+07:00 [2449] DEBUG default - [User=Admin A. (meshaya.p@vistec.ac.th)] Acco CREATE_DATE is 2019-10-17 15:10:50 [File=/var/www/html/booking/Domain/Announcement.php,Line=171]
2019-12-10T13:32:52+07:00 [2449] DEBUG default - [User=Admin A. (meshaya.p@vistec.ac.th)] Acco CREATE_DATE is 2019-10-17 16:12:14 [File=/var/www/html/booking/Domain/Announcement.php,Line=171]
2019-12-10T13:32:52+07:00 [2449] DEBUG default - [User=Admin A. (meshaya.p@vistec.ac.th)] Acco CREATE_DATE is 2019-10-16 10:03:16 [File=/var/www/html/booking/Domain/Announcement.php,Line=171]
2019-12-10T13:32:52+07:00 [2449] DEBUG default - [User=Admin A. (meshaya.p@vistec.ac.th)] Acco CREATE_DATE is 2019-10-16 19:25:07 [File=/var/www/html/booking/Domain/Announcement.php,Line=171]
2019-12-10T13:32:52+07:00 [2449] DEBUG default - [User=Admin A. (meshaya.p@vistec.ac.th)] Acco CREATE_DATE is 2019-10-15 13:14:03 [File=/var/www/html/booking/Domain/Announcement.php,Line=171]
2019-12-10T13:32:52+07:00 [2449] DEBUG default - [User=Admin A. (meshaya.p@vistec.ac.th)] Acco CREATE_DATE is 2019-10-15 13:15:44 [File=/var/www/html/booking/Domain/Announcement.php,Line=171]
2019-12-10T13:32:52+07:00 [2449] DEBUG default - [User=Admin A. (meshaya.p@vistec.ac.th)] Acco CREATE_DATE is 2019-10-09 15:34:29 [File=/var/www/html/booking/Domain/Announcement.php,Line=171]
2019-12-10T13:32:52+07:00 [2449] DEBUG default - [User=Admin A. (meshaya.p@vistec.ac.th)] Acco CREATE_DATE is 2019-09-24 13:28:05 [File=/var/www/html/booking/Domain/Announcement.php,Line=171]
2019-12-10T13:32:52+07:00 [2449] DEBUG default - [User=Admin A. (meshaya.p@vistec.ac.th)] Acco CREATE_DATE is 2019-09-10 13:28:43 [File=/var/www/html/booking/Domain/Announcement.php,Line=171]
2019-12-10T13:32:52+07:00 [2449] DEBUG default - [User=Admin A. (meshaya.p@vistec.ac.th)] Acco CREATE_DATE is 2019-08-20 15:48:25 [File=/var/www/html/booking/Domain/Announcement.php,Line=171]
2019-12-10T13:32:52+07:00 [2449] DEBUG default - [User=Admin A. (meshaya.p@vistec.ac.th)] Acco CREATE_DATE is 2019-08-16 10:40:13 [File=/var/www/html/booking/Domain/Announcement.php,Line=171]
2019-12-10T13:34:38+07:00 [8833] DEBUG default - [User=Admin A. (meshaya.p@vistec.ac.th)] Acco CREATE_DATE is 2019-12-09 12:07:08 [File=/var/www/html/booking/Domain/Announcement.php,Line=171]
2019-12-10T13:34:38+07:00 [8833] DEBUG default - [User=Admin A. (meshaya.p@vistec.ac.th)] Acco CREATE_DATE is 2019-11-26 16:43:10 [File=/var/www/html/booking/Domain/Announcement.php,Line=171]
2019-12-10T13:34:38+07:00 [8833] DEBUG default - [User=Admin A. (meshaya.p@vistec.ac.th)] Acco CREATE_DATE is 2019-11-22 10:35:38 [File=/var/www/html/booking/Domain/Announcement.php,Line=171]
2019-12-10T13:34:38+07:00 [8833] DEBUG default - [User=Admin A. (meshaya.p@vistec.ac.th)] Acco CREATE_DATE is 2019-11-22 15:28:23 [File=/var/www/html/booking/Domain/Announcement.php,Line=171]
2019-12-10T13:34:38+07:00 [8833] DEBUG default - [User=Admin A. (meshaya.p@vistec.ac.th)] Acco CREATE_DATE is 2019-11-18 09:07:14 [File=/var/www/html/booking/Domain/Announcement.php,Line=171]
2019-12-10T13:34:38+07:00 [8833] DEBUG default - [User=Admin A. (meshaya.p@vistec.ac.th)] Acco CREATE_DATE is 2019-11-12 10:05:53 [File=/var/www/html/booking/Domain/Announcement.php,Line=171]
2019-12-10T13:34:38+07:00 [8833] DEBUG default - [User=Admin A. (meshaya.p@vistec.ac.th)] Acco CREATE_DATE is 2019-11-11 21:08:53 [File=/var/www/html/booking/Domain/Announcement.php,Line=171]
2019-12-10T13:34:38+07:00 [8833] DEBUG default - [User=Admin A. (meshaya.p@vistec.ac.th)] Acco CREATE_DATE is 2019-10-22 13:24:47 [File=/var/www/html/booking/Domain/Announcement.php,Line=171]
2019-12-10T13:34:38+07:00 [8833] DEBUG default - [User=Admin A. (meshaya.p@vistec.ac.th)] Acco CREATE_DATE is 2019-08-19 10:40:33 [File=/var/www/html/booking/Domain/Announcement.php,Line=171]
2019-12-10T13:34:38+07:00 [8833] DEBUG default - [User=Admin A. (meshaya.p@vistec.ac.th)] Acco CREATE_DATE is 2019-10-17 15:10:50 [File=/var/www/html/booking/Domain/Announcement.php,Line=171]
2019-12-10T13:34:38+07:00 [8833] DEBUG default - [User=Admin A. (meshaya.p@vistec.ac.th)] Acco CREATE_DATE is 2019-10-17 16:12:14 [File=/var/www/html/booking/Domain/Announcement.php,Line=171]
2019-12-10T13:34:38+07:00 [8833] DEBUG default - [User=Admin A. (meshaya.p@vistec.ac.th)] Acco CREATE_DATE is 2019-10-16 10:03:16 [File=/var/www/html/booking/Domain/Announcement.php,Line=171]
2019-12-10T13:34:38+07:00 [8833] DEBUG default - [User=Admin A. (meshaya.p@vistec.ac.th)] Acco CREATE_DATE is 2019-10-16 19:25:07 [File=/var/www/html/booking/Domain/Announcement.php,Line=171]
2019-12-10T13:34:38+07:00 [8833] DEBUG default - [User=Admin A. (meshaya.p@vistec.ac.th)] Acco CREATE_DATE is 2019-10-15 13:14:03 [File=/var/www/html/booking/Domain/Announcement.php,Line=171]
2019-12-10T13:34:38+07:00 [8833] DEBUG default - [User=Admin A. (meshaya.p@vistec.ac.th)] Acco CREATE_DATE is 2019-10-15 13:15:44 [File=/var/www/html/booking/Domain/Announcement.php,Line=171]
2019-12-10T13:34:38+07:00 [8833] DEBUG default - [User=Admin A. (meshaya.p@vistec.ac.th)] Acco CREATE_DATE is 2019-10-09 15:34:29 [File=/var/www/html/booking/Domain/Announcement.php,Line=171]
2019-12-10T13:34:38+07:00 [8833] DEBUG default - [User=Admin A. (meshaya.p@vistec.ac.th)] Acco CREATE_DATE is 2019-09-24 13:28:05 [File=/var/www/html/booking/Domain/Announcement.php,Line=171]
2019-12-10T13:34:38+07:00 [8833] DEBUG default - [User=Admin A. (meshaya.p@vistec.ac.th)] Acco CREATE_DATE is 2019-09-10 13:28:43 [File=/var/www/html/booking/Domain/Announcement.php,Line=171]
2019-12-10T13:34:38+07:00 [8833] DEBUG default - [User=Admin A. (meshaya.p@vistec.ac.th)] Acco CREATE_DATE is 2019-08-20 15:48:25 [File=/var/www/html/booking/Domain/Announcement.php,Line=171]
2019-12-10T13:34:38+07:00 [8833] DEBUG default - [User=Admin A. (meshaya.p@vistec.ac.th)] Acco CREATE_DATE is 2019-08-16 10:40:13 [File=/var/www/html/booking/Domain/Announcement.php,Line=171]
2019-12-10T14:07:27+07:00 [2449] DEBUG default - [User=Admin A. (meshaya.p@vistec.ac.th)] Loading validators for addUser [File=/var/www/html/booking/Presenters/Admin/ManageUsersPresenter.php,Line=424]
2019-12-10T14:07:27+07:00 [2449] DEBUG default - [User=Admin A. (meshaya.p@vistec.ac.th)] Action passed all validations [File=/var/www/html/booking/Pages/ActionPage.php,Line=108]
2019-12-10T14:07:27+07:00 [2449] DEBUG default - [User=Admin A. (meshaya.p@vistec.ac.th)] Processing page action. Action addUser [File=/var/www/html/booking/Presenters/ActionPresenter.php,Line=88]
