2019-03-20T08:51:21+07:00 [7859] DEBUG default - [User=Admin A. (Frc.booking@vistec.ac.th)] changed FilterUserId [File=/var/www/html/booking/Domain/Values/UserPreferences.php,Line=106]
2019-03-20T08:51:21+07:00 [7859] DEBUG default - [User=Admin A. (Frc.booking@vistec.ac.th)] changed FilterUserName [File=/var/www/html/booking/Domain/Values/UserPreferences.php,Line=106]
2019-03-20T10:48:36+07:00 [7859] DEBUG default - [User=Admin A. (Frc.booking@vistec.ac.th)] Action passed all validations [File=/var/www/html/booking/Pages/ActionPage.php,Line=108]
2019-03-20T10:48:36+07:00 [7859] DEBUG default - [User=Admin A. (Frc.booking@vistec.ac.th)] Processing page action. Action addUserPermission [File=/var/www/html/booking/Presenters/ActionPresenter.php,Line=88]
2019-03-20T10:48:42+07:00 [11548] DEBUG default - [User=Admin A. (Frc.booking@vistec.ac.th)] Action passed all validations [File=/var/www/html/booking/Pages/ActionPage.php,Line=108]
2019-03-20T10:48:42+07:00 [11548] DEBUG default - [User=Admin A. (Frc.booking@vistec.ac.th)] Processing page action. Action addUserPermission [File=/var/www/html/booking/Presenters/ActionPresenter.php,Line=88]
2019-03-20T10:48:48+07:00 [11577] DEBUG default - [User=Admin A. (Frc.booking@vistec.ac.th)] Action passed all validations [File=/var/www/html/booking/Pages/ActionPage.php,Line=108]
2019-03-20T10:48:48+07:00 [11577] DEBUG default - [User=Admin A. (Frc.booking@vistec.ac.th)] Processing page action. Action addUserPermission [File=/var/www/html/booking/Presenters/ActionPresenter.php,Line=88]
2019-03-20T10:48:57+07:00 [11548] DEBUG default - [User=Admin A. (Frc.booking@vistec.ac.th)] Action passed all validations [File=/var/www/html/booking/Pages/ActionPage.php,Line=108]
2019-03-20T10:48:57+07:00 [11548] DEBUG default - [User=Admin A. (Frc.booking@vistec.ac.th)] Processing page action. Action addUserPermission [File=/var/www/html/booking/Presenters/ActionPresenter.php,Line=88]
2019-03-20T11:07:21+07:00 [11548] DEBUG default - [User=Admin A. (Frc.booking@vistec.ac.th)] Action passed all validations [File=/var/www/html/booking/Pages/ActionPage.php,Line=108]
2019-03-20T11:07:21+07:00 [11548] DEBUG default - [User=Admin A. (Frc.booking@vistec.ac.th)] Processing page action. Action renameGroup [File=/var/www/html/booking/Presenters/ActionPresenter.php,Line=88]
2019-03-20T11:07:21+07:00 [11548] DEBUG default - [User=Admin A. (Frc.booking@vistec.ac.th)] Renaming group id: 16 to: MOS [File=/var/www/html/booking/Presenters/Admin/ManageGroupsPresenter.php,Line=198]
2019-03-20T11:23:52+07:00 [11577] DEBUG default - [User=Admin A. (Frc.booking@vistec.ac.th)] Action passed all validations [File=/var/www/html/booking/Pages/ActionPage.php,Line=108]
2019-03-20T11:23:52+07:00 [11577] DEBUG default - [User=Admin A. (Frc.booking@vistec.ac.th)] Processing page action. Action delete [File=/var/www/html/booking/Presenters/ActionPresenter.php,Line=88]
2019-03-20T13:30:08+07:00 [11548] DEBUG default - [User=Admin A. (Frc.booking@vistec.ac.th)] Action passed all validations [File=/var/www/html/booking/Pages/ActionPage.php,Line=108]
2019-03-20T13:30:08+07:00 [11548] DEBUG default - [User=Admin A. (Frc.booking@vistec.ac.th)] Processing page action. Action addUserPermission [File=/var/www/html/booking/Presenters/ActionPresenter.php,Line=88]
2019-03-20T13:31:26+07:00 [11577] DEBUG default - [User=Admin A. (Frc.booking@vistec.ac.th)] Action passed all validations [File=/var/www/html/booking/Pages/ActionPage.php,Line=108]
2019-03-20T13:31:26+07:00 [11577] DEBUG default - [User=Admin A. (Frc.booking@vistec.ac.th)] Processing page action. Action addGroup [File=/var/www/html/booking/Presenters/ActionPresenter.php,Line=88]
2019-03-20T13:31:26+07:00 [11577] DEBUG default - [User=Admin A. (Frc.booking@vistec.ac.th)] Adding new group with name: FRC test [File=/var/www/html/booking/Presenters/Admin/ManageGroupsPresenter.php,Line=187]
2019-03-20T13:32:03+07:00 [11548] DEBUG default - [User=Admin A. (Frc.booking@vistec.ac.th)] Action passed all validations [File=/var/www/html/booking/Pages/ActionPage.php,Line=108]
2019-03-20T13:32:03+07:00 [11548] DEBUG default - [User=Admin A. (Frc.booking@vistec.ac.th)] Processing page action. Action addUser [File=/var/www/html/booking/Presenters/ActionPresenter.php,Line=88]
2019-03-20T13:32:03+07:00 [11548] DEBUG default - [User=Admin A. (Frc.booking@vistec.ac.th)] Adding userId: 539 to groupId: 27 [File=/var/www/html/booking/Presenters/Admin/ManageGroupsPresenter.php,Line=164]
2019-03-20T13:32:20+07:00 [11577] DEBUG default - [User=Admin A. (Frc.booking@vistec.ac.th)] Action passed all validations [File=/var/www/html/booking/Pages/ActionPage.php,Line=108]
2019-03-20T13:32:20+07:00 [11577] DEBUG default - [User=Admin A. (Frc.booking@vistec.ac.th)] Processing page action. Action addUser [File=/var/www/html/booking/Presenters/ActionPresenter.php,Line=88]
2019-03-20T13:32:20+07:00 [11577] DEBUG default - [User=Admin A. (Frc.booking@vistec.ac.th)] Adding userId: 538 to groupId: 27 [File=/var/www/html/booking/Presenters/Admin/ManageGroupsPresenter.php,Line=164]
2019-03-20T14:07:27+07:00 [11548] DEBUG default - [User=Admin A. (Frc.booking@vistec.ac.th)] Action passed all validations [File=/var/www/html/booking/Pages/ActionPage.php,Line=108]
2019-03-20T14:07:27+07:00 [11548] DEBUG default - [User=Admin A. (Frc.booking@vistec.ac.th)] Processing page action. Action addQuota [File=/var/www/html/booking/Presenters/ActionPresenter.php,Line=88]
2019-03-20T14:07:27+07:00 [11548] DEBUG default - [User=Admin A. (Frc.booking@vistec.ac.th)] Adding new quota. Duration day, Limit 0, Unit hours, Resource , Group , Schedule , All Day 1, Start Time , End Time , Every Day 1, Days , Scope ExcludeCompleted [File=/var/www/html/booking/Presenters/Admin/ManageQuotasPresenter.php,Line=139]
2019-03-20T14:08:53+07:00 [11548] DEBUG default - [User=Admin A. (Frc.booking@vistec.ac.th)] Action passed all validations [File=/var/www/html/booking/Pages/ActionPage.php,Line=108]
2019-03-20T14:08:53+07:00 [11548] DEBUG default - [User=Admin A. (Frc.booking@vistec.ac.th)] Processing page action. Action addQuota [File=/var/www/html/booking/Presenters/ActionPresenter.php,Line=88]
2019-03-20T14:08:53+07:00 [11548] DEBUG default - [User=Admin A. (Frc.booking@vistec.ac.th)] Adding new quota. Duration day, Limit 12, Unit hours, Resource 2, Group , Schedule , All Day 1, Start Time , End Time , Every Day 1, Days , Scope ExcludeCompleted [File=/var/www/html/booking/Presenters/Admin/ManageQuotasPresenter.php,Line=139]
2019-03-20T14:16:05+07:00 [11577] DEBUG default - [User=Admin A. (Frc.booking@vistec.ac.th)] Action passed all validations [File=/var/www/html/booking/Pages/ActionPage.php,Line=108]
2019-03-20T14:16:05+07:00 [11577] DEBUG default - [User=Admin A. (Frc.booking@vistec.ac.th)] Processing page action. Action addQuota [File=/var/www/html/booking/Presenters/ActionPresenter.php,Line=88]
2019-03-20T14:16:05+07:00 [11577] DEBUG default - [User=Admin A. (Frc.booking@vistec.ac.th)] Adding new quota. Duration day, Limit 12, Unit hours, Resource 27, Group , Schedule , All Day 1, Start Time , End Time , Every Day 1, Days , Scope ExcludeCompleted [File=/var/www/html/booking/Presenters/Admin/ManageQuotasPresenter.php,Line=139]
2019-03-20T14:16:40+07:00 [11548] DEBUG default - [User=Pompamz A (pp.pompamz@gmail.com)] changed FilterStartDateDelta [File=/var/www/html/booking/Domain/Values/UserPreferences.php,Line=106]
2019-03-20T14:16:40+07:00 [11548] DEBUG default - [User=Pompamz A (pp.pompamz@gmail.com)] changed FilterEndDateDelta [File=/var/www/html/booking/Domain/Values/UserPreferences.php,Line=106]
2019-03-20T14:16:40+07:00 [11548] DEBUG default - [User=Pompamz A (pp.pompamz@gmail.com)] changed FilterUserId [File=/var/www/html/booking/Domain/Values/UserPreferences.php,Line=106]
2019-03-20T14:16:40+07:00 [11548] DEBUG default - [User=Pompamz A (pp.pompamz@gmail.com)] changed FilterUserName [File=/var/www/html/booking/Domain/Values/UserPreferences.php,Line=106]
2019-03-20T14:16:40+07:00 [11548] DEBUG default - [User=Pompamz A (pp.pompamz@gmail.com)] changed FilterResourceId [File=/var/www/html/booking/Domain/Values/UserPreferences.php,Line=106]
2019-03-20T14:16:40+07:00 [11548] DEBUG default - [User=Pompamz A (pp.pompamz@gmail.com)] changed FilterResourceStatusId [File=/var/www/html/booking/Domain/Values/UserPreferences.php,Line=106]
2019-03-20T14:17:03+07:00 [11577] DEBUG default - [User=Admin A. (Frc.booking@vistec.ac.th)] Action passed all validations [File=/var/www/html/booking/Pages/ActionPage.php,Line=108]
2019-03-20T14:17:03+07:00 [11577] DEBUG default - [User=Admin A. (Frc.booking@vistec.ac.th)] Processing page action. Action removeUserPermission [File=/var/www/html/booking/Presenters/ActionPresenter.php,Line=88]
2019-03-20T14:17:05+07:00 [11548] DEBUG default - [User=Admin A. (Frc.booking@vistec.ac.th)] Action passed all validations [File=/var/www/html/booking/Pages/ActionPage.php,Line=108]
2019-03-20T14:17:05+07:00 [11548] DEBUG default - [User=Admin A. (Frc.booking@vistec.ac.th)] Processing page action. Action removeUserPermission [File=/var/www/html/booking/Presenters/ActionPresenter.php,Line=88]
2019-03-20T14:17:16+07:00 [11577] DEBUG default - [User=Admin A. (Frc.booking@vistec.ac.th)] Action passed all validations [File=/var/www/html/booking/Pages/ActionPage.php,Line=108]
2019-03-20T14:17:16+07:00 [11577] DEBUG default - [User=Admin A. (Frc.booking@vistec.ac.th)] Processing page action. Action addUserPermission [File=/var/www/html/booking/Presenters/ActionPresenter.php,Line=88]
2019-03-20T14:17:24+07:00 [7859] DEBUG default - [User=Admin A. (Frc.booking@vistec.ac.th)] Action passed all validations [File=/var/www/html/booking/Pages/ActionPage.php,Line=108]
2019-03-20T14:17:24+07:00 [7859] DEBUG default - [User=Admin A. (Frc.booking@vistec.ac.th)] Processing page action. Action removeUserPermission [File=/var/www/html/booking/Presenters/ActionPresenter.php,Line=88]
2019-03-20T14:17:31+07:00 [7859] DEBUG default - [User=Pompamz A (pp.pompamz@gmail.com)] Acco CREATE_DATE is 2019-03-18 11:42:19 [File=/var/www/html/booking/Domain/Announcement.php,Line=171]
2019-03-20T14:17:31+07:00 [7859] DEBUG default - [User=Pompamz A (pp.pompamz@gmail.com)] Acco CREATE_DATE is 2019-03-18 11:44:48 [File=/var/www/html/booking/Domain/Announcement.php,Line=171]
2019-03-20T14:17:31+07:00 [7859] DEBUG default - [User=Pompamz A (pp.pompamz@gmail.com)] Acco CREATE_DATE is 2019-03-11 10:50:07 [File=/var/www/html/booking/Domain/Announcement.php,Line=171]
2019-03-20T14:17:52+07:00 [7859] DEBUG default - [User=Admin A. (Frc.booking@vistec.ac.th)] Action passed all validations [File=/var/www/html/booking/Pages/ActionPage.php,Line=108]
2019-03-20T14:17:52+07:00 [7859] DEBUG default - [User=Admin A. (Frc.booking@vistec.ac.th)] Processing page action. Action removeUserPermission [File=/var/www/html/booking/Presenters/ActionPresenter.php,Line=88]
2019-03-20T14:17:53+07:00 [11548] DEBUG default - [User=Admin A. (Frc.booking@vistec.ac.th)] Action passed all validations [File=/var/www/html/booking/Pages/ActionPage.php,Line=108]
2019-03-20T14:17:53+07:00 [11548] DEBUG default - [User=Admin A. (Frc.booking@vistec.ac.th)] Processing page action. Action removeUserPermission [File=/var/www/html/booking/Presenters/ActionPresenter.php,Line=88]
2019-03-20T14:18:03+07:00 [11577] DEBUG default - [User=Admin A. (Frc.booking@vistec.ac.th)] Action passed all validations [File=/var/www/html/booking/Pages/ActionPage.php,Line=108]
2019-03-20T14:18:03+07:00 [11577] DEBUG default - [User=Admin A. (Frc.booking@vistec.ac.th)] Processing page action. Action removeUserPermission [File=/var/www/html/booking/Presenters/ActionPresenter.php,Line=88]
2019-03-20T14:18:04+07:00 [7859] DEBUG default - [User=Admin A. (Frc.booking@vistec.ac.th)] Action passed all validations [File=/var/www/html/booking/Pages/ActionPage.php,Line=108]
2019-03-20T14:18:04+07:00 [7859] DEBUG default - [User=Admin A. (Frc.booking@vistec.ac.th)] Processing page action. Action removeUserPermission [File=/var/www/html/booking/Presenters/ActionPresenter.php,Line=88]
2019-03-20T14:18:05+07:00 [11548] DEBUG default - [User=Admin A. (Frc.booking@vistec.ac.th)] Action passed all validations [File=/var/www/html/booking/Pages/ActionPage.php,Line=108]
2019-03-20T14:18:05+07:00 [11548] DEBUG default - [User=Admin A. (Frc.booking@vistec.ac.th)] Processing page action. Action removeUserPermission [File=/var/www/html/booking/Presenters/ActionPresenter.php,Line=88]
2019-03-20T14:18:18+07:00 [11548] DEBUG default - [User=Admin A. (Frc.booking@vistec.ac.th)] Action passed all validations [File=/var/www/html/booking/Pages/ActionPage.php,Line=108]
2019-03-20T14:18:18+07:00 [11548] DEBUG default - [User=Admin A. (Frc.booking@vistec.ac.th)] Processing page action. Action addUserPermission [File=/var/www/html/booking/Presenters/ActionPresenter.php,Line=88]
2019-03-20T14:18:19+07:00 [11577] DEBUG default - [User=Admin A. (Frc.booking@vistec.ac.th)] Action passed all validations [File=/var/www/html/booking/Pages/ActionPage.php,Line=108]
2019-03-20T14:18:19+07:00 [11577] DEBUG default - [User=Admin A. (Frc.booking@vistec.ac.th)] Processing page action. Action removeUserPermission [File=/var/www/html/booking/Presenters/ActionPresenter.php,Line=88]
2019-03-20T14:18:20+07:00 [7859] DEBUG default - [User=Admin A. (Frc.booking@vistec.ac.th)] Action passed all validations [File=/var/www/html/booking/Pages/ActionPage.php,Line=108]
2019-03-20T14:18:20+07:00 [7859] DEBUG default - [User=Admin A. (Frc.booking@vistec.ac.th)] Processing page action. Action removeUserPermission [File=/var/www/html/booking/Presenters/ActionPresenter.php,Line=88]
2019-03-20T14:18:21+07:00 [7859] DEBUG default - [User=Admin A. (Frc.booking@vistec.ac.th)] Action passed all validations [File=/var/www/html/booking/Pages/ActionPage.php,Line=108]
2019-03-20T14:18:21+07:00 [7859] DEBUG default - [User=Admin A. (Frc.booking@vistec.ac.th)] Processing page action. Action removeUserPermission [File=/var/www/html/booking/Presenters/ActionPresenter.php,Line=88]
2019-03-20T14:18:29+07:00 [7859] DEBUG default - [User=Admin A. (Frc.booking@vistec.ac.th)] Action passed all validations [File=/var/www/html/booking/Pages/ActionPage.php,Line=108]
2019-03-20T14:18:29+07:00 [7859] DEBUG default - [User=Admin A. (Frc.booking@vistec.ac.th)] Processing page action. Action addUserPermission [File=/var/www/html/booking/Presenters/ActionPresenter.php,Line=88]
2019-03-20T14:18:35+07:00 [11548] DEBUG default - [User=Admin A. (Frc.booking@vistec.ac.th)] Action passed all validations [File=/var/www/html/booking/Pages/ActionPage.php,Line=108]
2019-03-20T14:18:35+07:00 [11548] DEBUG default - [User=Admin A. (Frc.booking@vistec.ac.th)] Processing page action. Action addUserPermission [File=/var/www/html/booking/Presenters/ActionPresenter.php,Line=88]
2019-03-20T14:18:40+07:00 [7859] DEBUG default - [User=Admin A. (Frc.booking@vistec.ac.th)] Action passed all validations [File=/var/www/html/booking/Pages/ActionPage.php,Line=108]
2019-03-20T14:18:40+07:00 [7859] DEBUG default - [User=Admin A. (Frc.booking@vistec.ac.th)] Processing page action. Action addUserPermission [File=/var/www/html/booking/Presenters/ActionPresenter.php,Line=88]
2019-03-20T14:18:46+07:00 [7859] DEBUG default - [User=Admin A. (Frc.booking@vistec.ac.th)] Action passed all validations [File=/var/www/html/booking/Pages/ActionPage.php,Line=108]
2019-03-20T14:18:46+07:00 [7859] DEBUG default - [User=Admin A. (Frc.booking@vistec.ac.th)] Processing page action. Action addUserPermission [File=/var/www/html/booking/Presenters/ActionPresenter.php,Line=88]
2019-03-20T14:18:52+07:00 [7859] DEBUG default - [User=Admin A. (Frc.booking@vistec.ac.th)] Action passed all validations [File=/var/www/html/booking/Pages/ActionPage.php,Line=108]
2019-03-20T14:18:52+07:00 [7859] DEBUG default - [User=Admin A. (Frc.booking@vistec.ac.th)] Processing page action. Action removeUserPermission [File=/var/www/html/booking/Presenters/ActionPresenter.php,Line=88]
2019-03-20T14:18:52+07:00 [7859] DEBUG default - [User=Admin A. (Frc.booking@vistec.ac.th)] Action passed all validations [File=/var/www/html/booking/Pages/ActionPage.php,Line=108]
2019-03-20T14:18:52+07:00 [7859] DEBUG default - [User=Admin A. (Frc.booking@vistec.ac.th)] Processing page action. Action addUserPermission [File=/var/www/html/booking/Presenters/ActionPresenter.php,Line=88]
2019-03-20T14:18:52+07:00 [11548] DEBUG default - [User=Admin A. (Frc.booking@vistec.ac.th)] Action passed all validations [File=/var/www/html/booking/Pages/ActionPage.php,Line=108]
2019-03-20T14:18:52+07:00 [11548] DEBUG default - [User=Admin A. (Frc.booking@vistec.ac.th)] Processing page action. Action removeUserPermission [File=/var/www/html/booking/Presenters/ActionPresenter.php,Line=88]
2019-03-20T14:18:53+07:00 [11577] DEBUG default - [User=Admin A. (Frc.booking@vistec.ac.th)] Action passed all validations [File=/var/www/html/booking/Pages/ActionPage.php,Line=108]
2019-03-20T14:18:53+07:00 [11577] DEBUG default - [User=Admin A. (Frc.booking@vistec.ac.th)] Processing page action. Action removeUserPermission [File=/var/www/html/booking/Presenters/ActionPresenter.php,Line=88]
2019-03-20T14:18:56+07:00 [11577] DEBUG default - [User=Admin A. (Frc.booking@vistec.ac.th)] Action passed all validations [File=/var/www/html/booking/Pages/ActionPage.php,Line=108]
2019-03-20T14:18:56+07:00 [11577] DEBUG default - [User=Admin A. (Frc.booking@vistec.ac.th)] Processing page action. Action addUserPermission [File=/var/www/html/booking/Presenters/ActionPresenter.php,Line=88]
2019-03-20T14:19:03+07:00 [11577] DEBUG default - [User=Admin A. (Frc.booking@vistec.ac.th)] Action passed all validations [File=/var/www/html/booking/Pages/ActionPage.php,Line=108]
2019-03-20T14:19:03+07:00 [11577] DEBUG default - [User=Admin A. (Frc.booking@vistec.ac.th)] Processing page action. Action addUserPermission [File=/var/www/html/booking/Presenters/ActionPresenter.php,Line=88]
2019-03-20T14:19:08+07:00 [11548] DEBUG default - [User=Admin A. (Frc.booking@vistec.ac.th)] Action passed all validations [File=/var/www/html/booking/Pages/ActionPage.php,Line=108]
2019-03-20T14:19:08+07:00 [11548] DEBUG default - [User=Admin A. (Frc.booking@vistec.ac.th)] Processing page action. Action addUserPermission [File=/var/www/html/booking/Presenters/ActionPresenter.php,Line=88]
2019-03-20T14:19:12+07:00 [11548] DEBUG default - [User=Admin A. (Frc.booking@vistec.ac.th)] Action passed all validations [File=/var/www/html/booking/Pages/ActionPage.php,Line=108]
2019-03-20T14:19:12+07:00 [11548] DEBUG default - [User=Admin A. (Frc.booking@vistec.ac.th)] Processing page action. Action removeUserPermission [File=/var/www/html/booking/Presenters/ActionPresenter.php,Line=88]
2019-03-20T14:19:23+07:00 [11548] DEBUG default - [User=Admin A. (Frc.booking@vistec.ac.th)] Action passed all validations [File=/var/www/html/booking/Pages/ActionPage.php,Line=108]
2019-03-20T14:19:23+07:00 [11548] DEBUG default - [User=Admin A. (Frc.booking@vistec.ac.th)] Processing page action. Action addUserPermission [File=/var/www/html/booking/Presenters/ActionPresenter.php,Line=88]
2019-03-20T14:19:29+07:00 [11548] DEBUG default - [User=Admin A. (Frc.booking@vistec.ac.th)] Action passed all validations [File=/var/www/html/booking/Pages/ActionPage.php,Line=108]
2019-03-20T14:19:29+07:00 [11548] DEBUG default - [User=Admin A. (Frc.booking@vistec.ac.th)] Processing page action. Action addUserPermission [File=/var/www/html/booking/Presenters/ActionPresenter.php,Line=88]
2019-03-20T14:19:48+07:00 [7859] DEBUG default - [User=Admin A. (Frc.booking@vistec.ac.th)] Action passed all validations [File=/var/www/html/booking/Pages/ActionPage.php,Line=108]
2019-03-20T14:19:48+07:00 [7859] DEBUG default - [User=Admin A. (Frc.booking@vistec.ac.th)] Processing page action. Action addUserPermission [File=/var/www/html/booking/Presenters/ActionPresenter.php,Line=88]
2019-03-20T14:19:54+07:00 [11577] DEBUG default - [User=Admin A. (Frc.booking@vistec.ac.th)] Action passed all validations [File=/var/www/html/booking/Pages/ActionPage.php,Line=108]
2019-03-20T14:19:54+07:00 [11577] DEBUG default - [User=Admin A. (Frc.booking@vistec.ac.th)] Processing page action. Action addUserPermission [File=/var/www/html/booking/Presenters/ActionPresenter.php,Line=88]
2019-03-20T14:19:59+07:00 [11577] DEBUG default - [User=Admin A. (Frc.booking@vistec.ac.th)] Action passed all validations [File=/var/www/html/booking/Pages/ActionPage.php,Line=108]
2019-03-20T14:19:59+07:00 [11577] DEBUG default - [User=Admin A. (Frc.booking@vistec.ac.th)] Processing page action. Action addUserPermission [File=/var/www/html/booking/Presenters/ActionPresenter.php,Line=88]
2019-03-20T14:20:10+07:00 [11548] DEBUG default - [User=Admin A. (Frc.booking@vistec.ac.th)] Action passed all validations [File=/var/www/html/booking/Pages/ActionPage.php,Line=108]
2019-03-20T14:20:10+07:00 [11548] DEBUG default - [User=Admin A. (Frc.booking@vistec.ac.th)] Processing page action. Action addUserPermission [File=/var/www/html/booking/Presenters/ActionPresenter.php,Line=88]
2019-03-20T14:20:15+07:00 [7859] DEBUG default - [User=Admin A. (Frc.booking@vistec.ac.th)] Action passed all validations [File=/var/www/html/booking/Pages/ActionPage.php,Line=108]
2019-03-20T14:20:15+07:00 [7859] DEBUG default - [User=Admin A. (Frc.booking@vistec.ac.th)] Processing page action. Action addUserPermission [File=/var/www/html/booking/Presenters/ActionPresenter.php,Line=88]
2019-03-20T14:20:27+07:00 [11577] DEBUG default - [User=Admin A. (Frc.booking@vistec.ac.th)] Action passed all validations [File=/var/www/html/booking/Pages/ActionPage.php,Line=108]
2019-03-20T14:20:27+07:00 [11577] DEBUG default - [User=Admin A. (Frc.booking@vistec.ac.th)] Processing page action. Action addUserPermission [File=/var/www/html/booking/Presenters/ActionPresenter.php,Line=88]
2019-03-20T14:20:31+07:00 [7859] DEBUG default - [User=Admin A. (Frc.booking@vistec.ac.th)] Action passed all validations [File=/var/www/html/booking/Pages/ActionPage.php,Line=108]
2019-03-20T14:20:31+07:00 [7859] DEBUG default - [User=Admin A. (Frc.booking@vistec.ac.th)] Processing page action. Action addUserPermission [File=/var/www/html/booking/Presenters/ActionPresenter.php,Line=88]
2019-03-20T14:20:38+07:00 [11577] DEBUG default - [User=Admin A. (Frc.booking@vistec.ac.th)] Action passed all validations [File=/var/www/html/booking/Pages/ActionPage.php,Line=108]
2019-03-20T14:20:38+07:00 [11577] DEBUG default - [User=Admin A. (Frc.booking@vistec.ac.th)] Processing page action. Action addUserPermission [File=/var/www/html/booking/Presenters/ActionPresenter.php,Line=88]
2019-03-20T14:24:27+07:00 [7859] DEBUG default - [User=Admin A. (Frc.booking@vistec.ac.th)] Action passed all validations [File=/var/www/html/booking/Pages/ActionPage.php,Line=108]
2019-03-20T14:24:27+07:00 [7859] DEBUG default - [User=Admin A. (Frc.booking@vistec.ac.th)] Processing page action. Action addUserPermission [File=/var/www/html/booking/Presenters/ActionPresenter.php,Line=88]
2019-03-20T14:24:32+07:00 [7859] DEBUG default - [User=Admin A. (Frc.booking@vistec.ac.th)] Action passed all validations [File=/var/www/html/booking/Pages/ActionPage.php,Line=108]
2019-03-20T14:24:32+07:00 [7859] DEBUG default - [User=Admin A. (Frc.booking@vistec.ac.th)] Processing page action. Action addUserPermission [File=/var/www/html/booking/Presenters/ActionPresenter.php,Line=88]
2019-03-20T14:24:38+07:00 [11548] DEBUG default - [User=Admin A. (Frc.booking@vistec.ac.th)] Action passed all validations [File=/var/www/html/booking/Pages/ActionPage.php,Line=108]
2019-03-20T14:24:38+07:00 [11548] DEBUG default - [User=Admin A. (Frc.booking@vistec.ac.th)] Processing page action. Action addUserPermission [File=/var/www/html/booking/Presenters/ActionPresenter.php,Line=88]
2019-03-20T14:25:29+07:00 [11548] DEBUG default - [User=Admin A. (Frc.booking@vistec.ac.th)] Action passed all validations [File=/var/www/html/booking/Pages/ActionPage.php,Line=108]
2019-03-20T14:25:29+07:00 [11548] DEBUG default - [User=Admin A. (Frc.booking@vistec.ac.th)] Processing page action. Action addUserPermission [File=/var/www/html/booking/Presenters/ActionPresenter.php,Line=88]
2019-03-20T14:25:41+07:00 [11577] DEBUG default - [User=Admin A. (Frc.booking@vistec.ac.th)] Action passed all validations [File=/var/www/html/booking/Pages/ActionPage.php,Line=108]
2019-03-20T14:25:41+07:00 [11577] DEBUG default - [User=Admin A. (Frc.booking@vistec.ac.th)] Processing page action. Action addUserPermission [File=/var/www/html/booking/Presenters/ActionPresenter.php,Line=88]
2019-03-20T14:25:49+07:00 [11548] DEBUG default - [User=Admin A. (Frc.booking@vistec.ac.th)] Action passed all validations [File=/var/www/html/booking/Pages/ActionPage.php,Line=108]
2019-03-20T14:25:49+07:00 [11548] DEBUG default - [User=Admin A. (Frc.booking@vistec.ac.th)] Processing page action. Action addUserPermission [File=/var/www/html/booking/Presenters/ActionPresenter.php,Line=88]
2019-03-20T14:25:54+07:00 [7859] DEBUG default - [User=Admin A. (Frc.booking@vistec.ac.th)] Action passed all validations [File=/var/www/html/booking/Pages/ActionPage.php,Line=108]
2019-03-20T14:25:54+07:00 [7859] DEBUG default - [User=Admin A. (Frc.booking@vistec.ac.th)] Processing page action. Action addUserPermission [File=/var/www/html/booking/Presenters/ActionPresenter.php,Line=88]
2019-03-20T14:26:08+07:00 [11577] DEBUG default - [User=Admin A. (Frc.booking@vistec.ac.th)] Action passed all validations [File=/var/www/html/booking/Pages/ActionPage.php,Line=108]
2019-03-20T14:26:08+07:00 [11577] DEBUG default - [User=Admin A. (Frc.booking@vistec.ac.th)] Processing page action. Action addUserPermission [File=/var/www/html/booking/Presenters/ActionPresenter.php,Line=88]
2019-03-20T14:26:14+07:00 [11548] DEBUG default - [User=Admin A. (Frc.booking@vistec.ac.th)] Action passed all validations [File=/var/www/html/booking/Pages/ActionPage.php,Line=108]
2019-03-20T14:26:14+07:00 [11548] DEBUG default - [User=Admin A. (Frc.booking@vistec.ac.th)] Processing page action. Action addUserPermission [File=/var/www/html/booking/Presenters/ActionPresenter.php,Line=88]
2019-03-20T14:26:17+07:00 [11548] DEBUG default - [User=Admin A. (Frc.booking@vistec.ac.th)] Action passed all validations [File=/var/www/html/booking/Pages/ActionPage.php,Line=108]
2019-03-20T14:26:17+07:00 [11548] DEBUG default - [User=Admin A. (Frc.booking@vistec.ac.th)] Processing page action. Action addUserPermission [File=/var/www/html/booking/Presenters/ActionPresenter.php,Line=88]
2019-03-20T14:28:30+07:00 [11577] DEBUG default - [User=Admin A. (Frc.booking@vistec.ac.th)] Action passed all validations [File=/var/www/html/booking/Pages/ActionPage.php,Line=108]
2019-03-20T14:28:30+07:00 [11577] DEBUG default - [User=Admin A. (Frc.booking@vistec.ac.th)] Processing page action. Action changeColor [File=/var/www/html/booking/Presenters/ActionPresenter.php,Line=88]
2019-03-20T14:28:56+07:00 [11548] DEBUG default - [User=Admin A. (Frc.booking@vistec.ac.th)] Action passed all validations [File=/var/www/html/booking/Pages/ActionPage.php,Line=108]
2019-03-20T14:28:56+07:00 [11548] DEBUG default - [User=Admin A. (Frc.booking@vistec.ac.th)] Processing page action. Action changeColor [File=/var/www/html/booking/Presenters/ActionPresenter.php,Line=88]
2019-03-20T14:30:12+07:00 [11548] DEBUG default - [User=Admin A. (Frc.booking@vistec.ac.th)] Action passed all validations [File=/var/www/html/booking/Pages/ActionPage.php,Line=108]
2019-03-20T14:30:12+07:00 [11548] DEBUG default - [User=Admin A. (Frc.booking@vistec.ac.th)] Processing page action. Action changeColor [File=/var/www/html/booking/Presenters/ActionPresenter.php,Line=88]
2019-03-20T14:31:07+07:00 [11548] DEBUG default - [User=Admin A. (Frc.booking@vistec.ac.th)] Action passed all validations [File=/var/www/html/booking/Pages/ActionPage.php,Line=108]
2019-03-20T14:31:07+07:00 [11548] DEBUG default - [User=Admin A. (Frc.booking@vistec.ac.th)] Processing page action. Action changeColor [File=/var/www/html/booking/Presenters/ActionPresenter.php,Line=88]
2019-03-20T14:33:57+07:00 [11548] DEBUG default - [User=Admin A. (Frc.booking@vistec.ac.th)] Action passed all validations [File=/var/www/html/booking/Pages/ActionPage.php,Line=108]
2019-03-20T14:33:57+07:00 [11548] DEBUG default - [User=Admin A. (Frc.booking@vistec.ac.th)] Processing page action. Action changeColor [File=/var/www/html/booking/Presenters/ActionPresenter.php,Line=88]
2019-03-20T14:34:18+07:00 [11548] DEBUG default - [User=Admin A. (Frc.booking@vistec.ac.th)] Action passed all validations [File=/var/www/html/booking/Pages/ActionPage.php,Line=108]
2019-03-20T14:34:18+07:00 [11548] DEBUG default - [User=Admin A. (Frc.booking@vistec.ac.th)] Processing page action. Action changeColor [File=/var/www/html/booking/Presenters/ActionPresenter.php,Line=88]
2019-03-20T14:34:35+07:00 [11548] DEBUG default - [User=Admin A. (Frc.booking@vistec.ac.th)] Action passed all validations [File=/var/www/html/booking/Pages/ActionPage.php,Line=108]
2019-03-20T14:34:35+07:00 [11548] DEBUG default - [User=Admin A. (Frc.booking@vistec.ac.th)] Processing page action. Action changeColor [File=/var/www/html/booking/Presenters/ActionPresenter.php,Line=88]
2019-03-20T14:35:30+07:00 [11577] DEBUG default - [User=Admin A. (Frc.booking@vistec.ac.th)] Action passed all validations [File=/var/www/html/booking/Pages/ActionPage.php,Line=108]
2019-03-20T14:35:30+07:00 [11577] DEBUG default - [User=Admin A. (Frc.booking@vistec.ac.th)] Processing page action. Action deleteQuota [File=/var/www/html/booking/Presenters/ActionPresenter.php,Line=88]
2019-03-20T14:35:30+07:00 [11577] DEBUG default - [User=Admin A. (Frc.booking@vistec.ac.th)] Deleting quota 52 [File=/var/www/html/booking/Presenters/Admin/ManageQuotasPresenter.php,Line=158]
2019-03-20T14:36:15+07:00 [7859] DEBUG default - [User=Admin A. (Frc.booking@vistec.ac.th)] Action passed all validations [File=/var/www/html/booking/Pages/ActionPage.php,Line=108]
2019-03-20T14:36:15+07:00 [7859] DEBUG default - [User=Admin A. (Frc.booking@vistec.ac.th)] Processing page action. Action changeColor [File=/var/www/html/booking/Presenters/ActionPresenter.php,Line=88]
2019-03-20T14:42:47+07:00 [11577] DEBUG default - [User=Admin A. (Frc.booking@vistec.ac.th)] Action passed all validations [File=/var/www/html/booking/Pages/ActionPage.php,Line=108]
2019-03-20T14:42:47+07:00 [11577] DEBUG default - [User=Admin A. (Frc.booking@vistec.ac.th)] Processing page action. Action changeColor [File=/var/www/html/booking/Presenters/ActionPresenter.php,Line=88]
2019-03-20T14:42:49+07:00 [11548] DEBUG default - [User=Admin A. (Frc.booking@vistec.ac.th)] Action passed all validations [File=/var/www/html/booking/Pages/ActionPage.php,Line=108]
2019-03-20T14:42:49+07:00 [11548] DEBUG default - [User=Admin A. (Frc.booking@vistec.ac.th)] Processing page action. Action changeColor [File=/var/www/html/booking/Presenters/ActionPresenter.php,Line=88]
2019-03-20T14:43:50+07:00 [11577] DEBUG default - [User=Admin A. (Frc.booking@vistec.ac.th)] Action passed all validations [File=/var/www/html/booking/Pages/ActionPage.php,Line=108]
2019-03-20T14:43:50+07:00 [11577] DEBUG default - [User=Admin A. (Frc.booking@vistec.ac.th)] Processing page action. Action changeColor [File=/var/www/html/booking/Presenters/ActionPresenter.php,Line=88]
2019-03-20T14:44:10+07:00 [11577] DEBUG default - [User=Admin A. (Frc.booking@vistec.ac.th)] Action passed all validations [File=/var/www/html/booking/Pages/ActionPage.php,Line=108]
2019-03-20T14:44:10+07:00 [11577] DEBUG default - [User=Admin A. (Frc.booking@vistec.ac.th)] Processing page action. Action changeColor [File=/var/www/html/booking/Presenters/ActionPresenter.php,Line=88]
2019-03-20T14:45:59+07:00 [7859] DEBUG default - [User=Admin A. (Frc.booking@vistec.ac.th)] Action passed all validations [File=/var/www/html/booking/Pages/ActionPage.php,Line=108]
2019-03-20T14:45:59+07:00 [7859] DEBUG default - [User=Admin A. (Frc.booking@vistec.ac.th)] Processing page action. Action changeColor [File=/var/www/html/booking/Presenters/ActionPresenter.php,Line=88]
2019-03-20T14:54:34+07:00 [11577] DEBUG default - [User=Admin A. (Frc.booking@vistec.ac.th)] Action passed all validations [File=/var/www/html/booking/Pages/ActionPage.php,Line=108]
2019-03-20T14:54:34+07:00 [11577] DEBUG default - [User=Admin A. (Frc.booking@vistec.ac.th)] Processing page action. Action addUserPermission [File=/var/www/html/booking/Presenters/ActionPresenter.php,Line=88]
2019-03-20T14:54:47+07:00 [11577] DEBUG default - [User=Admin A. (Frc.booking@vistec.ac.th)] Action passed all validations [File=/var/www/html/booking/Pages/ActionPage.php,Line=108]
2019-03-20T14:54:47+07:00 [11577] DEBUG default - [User=Admin A. (Frc.booking@vistec.ac.th)] Processing page action. Action addUserPermission [File=/var/www/html/booking/Presenters/ActionPresenter.php,Line=88]
2019-03-20T15:04:26+07:00 [7859] DEBUG default - [User=Admin A. (Frc.booking@vistec.ac.th)] Action passed all validations [File=/var/www/html/booking/Pages/ActionPage.php,Line=108]
2019-03-20T15:04:26+07:00 [7859] DEBUG default - [User=Admin A. (Frc.booking@vistec.ac.th)] Processing page action. Action addUserPermission [File=/var/www/html/booking/Presenters/ActionPresenter.php,Line=88]
2019-03-20T15:11:38+07:00 [11548] DEBUG default - [User=Admin A. (Frc.booking@vistec.ac.th)] Action passed all validations [File=/var/www/html/booking/Pages/ActionPage.php,Line=108]
2019-03-20T15:11:38+07:00 [11548] DEBUG default - [User=Admin A. (Frc.booking@vistec.ac.th)] Processing page action. Action addUserPermission [File=/var/www/html/booking/Presenters/ActionPresenter.php,Line=88]
2019-03-20T15:13:12+07:00 [7859] DEBUG default - [User=Admin A. (Frc.booking@vistec.ac.th)] Action passed all validations [File=/var/www/html/booking/Pages/ActionPage.php,Line=108]
2019-03-20T15:13:12+07:00 [7859] DEBUG default - [User=Admin A. (Frc.booking@vistec.ac.th)] Processing page action. Action addUserPermission [File=/var/www/html/booking/Presenters/ActionPresenter.php,Line=88]
2019-03-20T15:14:04+07:00 [11548] DEBUG default - [User=Admin A. (Frc.booking@vistec.ac.th)] Action passed all validations [File=/var/www/html/booking/Pages/ActionPage.php,Line=108]
2019-03-20T15:14:04+07:00 [11548] DEBUG default - [User=Admin A. (Frc.booking@vistec.ac.th)] Processing page action. Action addUserPermission [File=/var/www/html/booking/Presenters/ActionPresenter.php,Line=88]
2019-03-20T16:10:27+07:00 [11577] DEBUG default - [User=Admin A. (Frc.booking@vistec.ac.th)] Loading validators for updateUser [File=/var/www/html/booking/Presenters/Admin/ManageUsersPresenter.php,Line=418]
2019-03-20T16:10:27+07:00 [11577] DEBUG default - [User=Admin A. (Frc.booking@vistec.ac.th)] Action passed all validations [File=/var/www/html/booking/Pages/ActionPage.php,Line=108]
2019-03-20T16:10:27+07:00 [11577] DEBUG default - [User=Admin A. (Frc.booking@vistec.ac.th)] Processing page action. Action updateUser [File=/var/www/html/booking/Presenters/ActionPresenter.php,Line=88]
2019-03-20T16:10:27+07:00 [11577] DEBUG default - [User=Admin A. (Frc.booking@vistec.ac.th)] Updating user 539 [File=/var/www/html/booking/Presenters/Admin/ManageUsersPresenter.php,Line=284]
2019-03-20T16:18:43+07:00 [11577] DEBUG default - [User=Admin A. (Frc.booking@vistec.ac.th)] Loading validators for addUser [File=/var/www/html/booking/Presenters/Admin/ManageUsersPresenter.php,Line=418]
2019-03-20T16:18:43+07:00 [11577] DEBUG default - [User=Admin A. (Frc.booking@vistec.ac.th)] Action passed all validations [File=/var/www/html/booking/Pages/ActionPage.php,Line=108]
2019-03-20T16:18:43+07:00 [11577] DEBUG default - [User=Admin A. (Frc.booking@vistec.ac.th)] Processing page action. Action addUser [File=/var/www/html/booking/Presenters/ActionPresenter.php,Line=88]
2019-03-20T16:20:46+07:00 [11577] DEBUG default - [User=Admin A. (Frc.booking@vistec.ac.th)] Loading validators for addUser [File=/var/www/html/booking/Presenters/Admin/ManageUsersPresenter.php,Line=418]
2019-03-20T16:20:46+07:00 [11577] DEBUG default - [User=Admin A. (Frc.booking@vistec.ac.th)] Action passed all validations [File=/var/www/html/booking/Pages/ActionPage.php,Line=108]
2019-03-20T16:20:46+07:00 [11577] DEBUG default - [User=Admin A. (Frc.booking@vistec.ac.th)] Processing page action. Action addUser [File=/var/www/html/booking/Presenters/ActionPresenter.php,Line=88]
2019-03-20T16:21:40+07:00 [14862] DEBUG default - [User=Admin A. (Frc.booking@vistec.ac.th)] Loading validators for addUser [File=/var/www/html/booking/Presenters/Admin/ManageUsersPresenter.php,Line=418]
2019-03-20T16:21:40+07:00 [14862] DEBUG default - [User=Admin A. (Frc.booking@vistec.ac.th)] Failed validator addUserUniqueemail [File=/var/www/html/booking/Pages/ActionPage.php,Line=117]
2019-03-20T16:21:40+07:00 [14862] DEBUG default - [User=Admin A. (Frc.booking@vistec.ac.th)] Failed validator addUserUsername [File=/var/www/html/booking/Pages/ActionPage.php,Line=117]
2019-03-20T16:22:01+07:00 [11548] DEBUG default - [User=Jarinya Sittiwong (jarinya.s@vistec.ac.th)] Action passed all validations [File=/var/www/html/booking/Pages/ActionPage.php,Line=108]
2019-03-20T16:22:01+07:00 [11548] DEBUG default - [User=Jarinya Sittiwong (jarinya.s@vistec.ac.th)] Processing page action. Action changeColor [File=/var/www/html/booking/Presenters/ActionPresenter.php,Line=88]
2019-03-20T16:22:22+07:00 [14862] DEBUG default - [User=Admin A. (Frc.booking@vistec.ac.th)] Loading validators for deleteUser [File=/var/www/html/booking/Presenters/Admin/ManageUsersPresenter.php,Line=418]
2019-03-20T16:22:22+07:00 [14862] DEBUG default - [User=Admin A. (Frc.booking@vistec.ac.th)] Action passed all validations [File=/var/www/html/booking/Pages/ActionPage.php,Line=108]
2019-03-20T16:22:22+07:00 [14862] DEBUG default - [User=Admin A. (Frc.booking@vistec.ac.th)] Processing page action. Action deleteUser [File=/var/www/html/booking/Presenters/ActionPresenter.php,Line=88]
2019-03-20T16:22:22+07:00 [14862] DEBUG default - [User=Admin A. (Frc.booking@vistec.ac.th)] Deleting user 539 [File=/var/www/html/booking/Presenters/Admin/ManageUsersPresenter.php,Line=313]
2019-03-20T16:22:37+07:00 [11577] DEBUG default - [User=Admin A. (Frc.booking@vistec.ac.th)] Loading validators for deleteUser [File=/var/www/html/booking/Presenters/Admin/ManageUsersPresenter.php,Line=418]
2019-03-20T16:22:37+07:00 [11577] DEBUG default - [User=Admin A. (Frc.booking@vistec.ac.th)] Action passed all validations [File=/var/www/html/booking/Pages/ActionPage.php,Line=108]
2019-03-20T16:22:37+07:00 [11577] DEBUG default - [User=Admin A. (Frc.booking@vistec.ac.th)] Processing page action. Action deleteUser [File=/var/www/html/booking/Presenters/ActionPresenter.php,Line=88]
2019-03-20T16:22:37+07:00 [11577] DEBUG default - [User=Admin A. (Frc.booking@vistec.ac.th)] Deleting user 538 [File=/var/www/html/booking/Presenters/Admin/ManageUsersPresenter.php,Line=313]
2019-03-20T16:23:31+07:00 [11577] DEBUG default - [User=Admin A. (Frc.booking@vistec.ac.th)] Loading validators for addUser [File=/var/www/html/booking/Presenters/Admin/ManageUsersPresenter.php,Line=418]
2019-03-20T16:23:31+07:00 [11577] DEBUG default - [User=Admin A. (Frc.booking@vistec.ac.th)] Action passed all validations [File=/var/www/html/booking/Pages/ActionPage.php,Line=108]
2019-03-20T16:23:31+07:00 [11577] DEBUG default - [User=Admin A. (Frc.booking@vistec.ac.th)] Processing page action. Action addUser [File=/var/www/html/booking/Presenters/ActionPresenter.php,Line=88]
2019-03-20T16:25:10+07:00 [14862] DEBUG default - [User=Admin A. (Frc.booking@vistec.ac.th)] Loading validators for addUser [File=/var/www/html/booking/Presenters/Admin/ManageUsersPresenter.php,Line=418]
2019-03-20T16:25:10+07:00 [14862] DEBUG default - [User=Admin A. (Frc.booking@vistec.ac.th)] Action passed all validations [File=/var/www/html/booking/Pages/ActionPage.php,Line=108]
2019-03-20T16:25:10+07:00 [14862] DEBUG default - [User=Admin A. (Frc.booking@vistec.ac.th)] Processing page action. Action addUser [File=/var/www/html/booking/Presenters/ActionPresenter.php,Line=88]
2019-03-20T16:25:39+07:00 [11548] DEBUG default - [User=Admin A. (Frc.booking@vistec.ac.th)] Loading validators for addUser [File=/var/www/html/booking/Presenters/Admin/ManageUsersPresenter.php,Line=418]
2019-03-20T16:25:39+07:00 [11548] DEBUG default - [User=Admin A. (Frc.booking@vistec.ac.th)] Action passed all validations [File=/var/www/html/booking/Pages/ActionPage.php,Line=108]
2019-03-20T16:25:39+07:00 [11548] DEBUG default - [User=Admin A. (Frc.booking@vistec.ac.th)] Processing page action. Action addUser [File=/var/www/html/booking/Presenters/ActionPresenter.php,Line=88]
2019-03-20T16:25:39+07:00 [11548] DEBUG default - [User=Admin A. (Frc.booking@vistec.ac.th)] Sending AccountCreationForUserEmail email to: ratcha_e_i_m@hotmail.com from: Frc.booking@vistec.ac.th [File=/var/www/html/booking/lib/Email/EmailService.php,Line=93]
2019-03-20T16:25:42+07:00 [11548] DEBUG default - [User=Admin A. (Frc.booking@vistec.ac.th)] Email send success: 1.  [File=/var/www/html/booking/lib/Email/EmailService.php,Line=105]
2019-03-20T16:26:24+07:00 [11577] DEBUG default - [User=Admin A. (Frc.booking@vistec.ac.th)] Loading validators for addUser [File=/var/www/html/booking/Presenters/Admin/ManageUsersPresenter.php,Line=418]
2019-03-20T16:26:24+07:00 [11577] DEBUG default - [User=Admin A. (Frc.booking@vistec.ac.th)] Action passed all validations [File=/var/www/html/booking/Pages/ActionPage.php,Line=108]
2019-03-20T16:26:24+07:00 [11577] DEBUG default - [User=Admin A. (Frc.booking@vistec.ac.th)] Processing page action. Action addUser [File=/var/www/html/booking/Presenters/ActionPresenter.php,Line=88]
2019-03-20T16:27:16+07:00 [11548] DEBUG default - [User=Admin A. (Frc.booking@vistec.ac.th)] Loading validators for addUser [File=/var/www/html/booking/Presenters/Admin/ManageUsersPresenter.php,Line=418]
2019-03-20T16:27:16+07:00 [11548] DEBUG default - [User=Admin A. (Frc.booking@vistec.ac.th)] Action passed all validations [File=/var/www/html/booking/Pages/ActionPage.php,Line=108]
2019-03-20T16:27:16+07:00 [11548] DEBUG default - [User=Admin A. (Frc.booking@vistec.ac.th)] Processing page action. Action addUser [File=/var/www/html/booking/Presenters/ActionPresenter.php,Line=88]
2019-03-20T16:28:02+07:00 [11577] DEBUG default - [User=Admin A. (Frc.booking@vistec.ac.th)] Loading validators for addUser [File=/var/www/html/booking/Presenters/Admin/ManageUsersPresenter.php,Line=418]
2019-03-20T16:28:02+07:00 [11577] DEBUG default - [User=Admin A. (Frc.booking@vistec.ac.th)] Action passed all validations [File=/var/www/html/booking/Pages/ActionPage.php,Line=108]
2019-03-20T16:28:02+07:00 [11577] DEBUG default - [User=Admin A. (Frc.booking@vistec.ac.th)] Processing page action. Action addUser [File=/var/www/html/booking/Presenters/ActionPresenter.php,Line=88]
2019-03-20T16:28:29+07:00 [14862] DEBUG default - [User=Admin A. (Frc.booking@vistec.ac.th)] Action passed all validations [File=/var/www/html/booking/Pages/ActionPage.php,Line=108]
2019-03-20T16:28:29+07:00 [14862] DEBUG default - [User=Admin A. (Frc.booking@vistec.ac.th)] Processing page action. Action addUser [File=/var/www/html/booking/Presenters/ActionPresenter.php,Line=88]
2019-03-20T16:28:29+07:00 [14862] DEBUG default - [User=Admin A. (Frc.booking@vistec.ac.th)] Adding userId: 548 to groupId: 27 [File=/var/www/html/booking/Presenters/Admin/ManageGroupsPresenter.php,Line=164]
2019-03-20T16:28:45+07:00 [11548] DEBUG default - [User=Admin A. (Frc.booking@vistec.ac.th)] Loading validators for permissions [File=/var/www/html/booking/Presenters/Admin/ManageUsersPresenter.php,Line=418]
2019-03-20T16:28:45+07:00 [11548] DEBUG default - [User=Admin A. (Frc.booking@vistec.ac.th)] Action passed all validations [File=/var/www/html/booking/Pages/ActionPage.php,Line=108]
2019-03-20T16:28:45+07:00 [11548] DEBUG default - [User=Admin A. (Frc.booking@vistec.ac.th)] Processing page action. Action permissions [File=/var/www/html/booking/Presenters/ActionPresenter.php,Line=88]
2019-03-20T16:34:50+07:00 [14862] DEBUG default - [User=Admin A. (ratchawan.j@vistec.ac.th)] Loading validators for updateUser [File=/var/www/html/booking/Presenters/Admin/ManageUsersPresenter.php,Line=418]
2019-03-20T16:34:50+07:00 [14862] DEBUG default - [User=Admin A. (ratchawan.j@vistec.ac.th)] Action passed all validations [File=/var/www/html/booking/Pages/ActionPage.php,Line=108]
2019-03-20T16:34:50+07:00 [14862] DEBUG default - [User=Admin A. (ratchawan.j@vistec.ac.th)] Processing page action. Action updateUser [File=/var/www/html/booking/Presenters/ActionPresenter.php,Line=88]
2019-03-20T16:34:50+07:00 [14862] DEBUG default - [User=Admin A. (ratchawan.j@vistec.ac.th)] Updating user 549 [File=/var/www/html/booking/Presenters/Admin/ManageUsersPresenter.php,Line=284]
2019-03-20T16:35:28+07:00 [14862] DEBUG default - [User=Admin A. (ratchawan.j@vistec.ac.th)] Loading validators for updateUser [File=/var/www/html/booking/Presenters/Admin/ManageUsersPresenter.php,Line=418]
2019-03-20T16:35:28+07:00 [14862] DEBUG default - [User=Admin A. (ratchawan.j@vistec.ac.th)] Action passed all validations [File=/var/www/html/booking/Pages/ActionPage.php,Line=108]
2019-03-20T16:35:28+07:00 [14862] DEBUG default - [User=Admin A. (ratchawan.j@vistec.ac.th)] Processing page action. Action updateUser [File=/var/www/html/booking/Presenters/ActionPresenter.php,Line=88]
2019-03-20T16:35:28+07:00 [14862] DEBUG default - [User=Admin A. (ratchawan.j@vistec.ac.th)] Updating user 546 [File=/var/www/html/booking/Presenters/Admin/ManageUsersPresenter.php,Line=284]
2019-03-20T16:35:44+07:00 [14862] DEBUG default - [User=Admin A. (ratchawan.j@vistec.ac.th)] Loading validators for updateUser [File=/var/www/html/booking/Presenters/Admin/ManageUsersPresenter.php,Line=418]
2019-03-20T16:35:44+07:00 [14862] DEBUG default - [User=Admin A. (ratchawan.j@vistec.ac.th)] Action passed all validations [File=/var/www/html/booking/Pages/ActionPage.php,Line=108]
2019-03-20T16:35:44+07:00 [14862] DEBUG default - [User=Admin A. (ratchawan.j@vistec.ac.th)] Processing page action. Action updateUser [File=/var/www/html/booking/Presenters/ActionPresenter.php,Line=88]
2019-03-20T16:35:44+07:00 [14862] DEBUG default - [User=Admin A. (ratchawan.j@vistec.ac.th)] Updating user 545 [File=/var/www/html/booking/Presenters/Admin/ManageUsersPresenter.php,Line=284]
2019-03-20T16:36:00+07:00 [14862] DEBUG default - [User=Admin A. (ratchawan.j@vistec.ac.th)] Loading validators for updateUser [File=/var/www/html/booking/Presenters/Admin/ManageUsersPresenter.php,Line=418]
2019-03-20T16:36:00+07:00 [14862] DEBUG default - [User=Admin A. (ratchawan.j@vistec.ac.th)] Action passed all validations [File=/var/www/html/booking/Pages/ActionPage.php,Line=108]
2019-03-20T16:36:00+07:00 [14862] DEBUG default - [User=Admin A. (ratchawan.j@vistec.ac.th)] Processing page action. Action updateUser [File=/var/www/html/booking/Presenters/ActionPresenter.php,Line=88]
2019-03-20T16:36:00+07:00 [14862] DEBUG default - [User=Admin A. (ratchawan.j@vistec.ac.th)] Updating user 550 [File=/var/www/html/booking/Presenters/Admin/ManageUsersPresenter.php,Line=284]
2019-03-20T16:36:23+07:00 [11577] DEBUG default - [User=Admin A. (ratchawan.j@vistec.ac.th)] Loading validators for updateUser [File=/var/www/html/booking/Presenters/Admin/ManageUsersPresenter.php,Line=418]
2019-03-20T16:36:23+07:00 [11577] DEBUG default - [User=Admin A. (ratchawan.j@vistec.ac.th)] Action passed all validations [File=/var/www/html/booking/Pages/ActionPage.php,Line=108]
2019-03-20T16:36:23+07:00 [11577] DEBUG default - [User=Admin A. (ratchawan.j@vistec.ac.th)] Processing page action. Action updateUser [File=/var/www/html/booking/Presenters/ActionPresenter.php,Line=88]
2019-03-20T16:36:23+07:00 [11577] DEBUG default - [User=Admin A. (ratchawan.j@vistec.ac.th)] Updating user 551 [File=/var/www/html/booking/Presenters/Admin/ManageUsersPresenter.php,Line=284]
2019-03-20T16:40:53+07:00 [11577] DEBUG default - [User=Admin A. (ratchawan.j@vistec.ac.th)] Loading validators for updateUser [File=/var/www/html/booking/Presenters/Admin/ManageUsersPresenter.php,Line=418]
2019-03-20T16:40:53+07:00 [11577] DEBUG default - [User=Admin A. (ratchawan.j@vistec.ac.th)] Action passed all validations [File=/var/www/html/booking/Pages/ActionPage.php,Line=108]
2019-03-20T16:40:53+07:00 [11577] DEBUG default - [User=Admin A. (ratchawan.j@vistec.ac.th)] Processing page action. Action updateUser [File=/var/www/html/booking/Presenters/ActionPresenter.php,Line=88]
2019-03-20T16:40:53+07:00 [11577] DEBUG default - [User=Admin A. (ratchawan.j@vistec.ac.th)] Updating user 547 [File=/var/www/html/booking/Presenters/Admin/ManageUsersPresenter.php,Line=284]
2019-03-20T16:55:19+07:00 [11548] DEBUG default - [User=Pompamz A (pp.pompamz@gmail.com)] changed FilterUserId [File=/var/www/html/booking/Domain/Values/UserPreferences.php,Line=106]
2019-03-20T16:55:19+07:00 [11548] DEBUG default - [User=Pompamz A (pp.pompamz@gmail.com)] changed FilterUserName [File=/var/www/html/booking/Domain/Values/UserPreferences.php,Line=106]
2019-03-20T16:55:19+07:00 [11548] DEBUG default - [User=Pompamz A (pp.pompamz@gmail.com)] changed FilterResourceStatusId [File=/var/www/html/booking/Domain/Values/UserPreferences.php,Line=106]
2019-03-20T16:57:18+07:00 [11548] DEBUG default - [User=Pompamz A (pp.pompamz@gmail.com)] Loading validators for password [File=/var/www/html/booking/Presenters/Admin/ManageUsersPresenter.php,Line=418]
2019-03-20T16:57:18+07:00 [11548] DEBUG default - [User=Pompamz A (pp.pompamz@gmail.com)] Action passed all validations [File=/var/www/html/booking/Pages/ActionPage.php,Line=108]
2019-03-20T16:57:18+07:00 [11548] DEBUG default - [User=Pompamz A (pp.pompamz@gmail.com)] Processing page action. Action password [File=/var/www/html/booking/Presenters/ActionPresenter.php,Line=88]
2019-03-20T16:58:22+07:00 [11577] DEBUG default - [User=Pompamz A (pp.pompamz@gmail.com)] Loading validators for updateUser [File=/var/www/html/booking/Presenters/Admin/ManageUsersPresenter.php,Line=418]
2019-03-20T16:58:22+07:00 [11577] DEBUG default - [User=Pompamz A (pp.pompamz@gmail.com)] Action passed all validations [File=/var/www/html/booking/Pages/ActionPage.php,Line=108]
2019-03-20T16:58:22+07:00 [11577] DEBUG default - [User=Pompamz A (pp.pompamz@gmail.com)] Processing page action. Action updateUser [File=/var/www/html/booking/Presenters/ActionPresenter.php,Line=88]
2019-03-20T16:58:22+07:00 [11577] DEBUG default - [User=Pompamz A (pp.pompamz@gmail.com)] Updating user 2 [File=/var/www/html/booking/Presenters/Admin/ManageUsersPresenter.php,Line=284]
2019-03-20T17:11:22+07:00 [11577] DEBUG default - [User=Admin A. (napatsorn.m@vistec.ac.th)] Loading validators for permissions [File=/var/www/html/booking/Presenters/Admin/ManageUsersPresenter.php,Line=418]
2019-03-20T17:11:22+07:00 [11577] DEBUG default - [User=Admin A. (napatsorn.m@vistec.ac.th)] Action passed all validations [File=/var/www/html/booking/Pages/ActionPage.php,Line=108]
2019-03-20T17:11:22+07:00 [11577] DEBUG default - [User=Admin A. (napatsorn.m@vistec.ac.th)] Processing page action. Action permissions [File=/var/www/html/booking/Presenters/ActionPresenter.php,Line=88]
2019-03-20T20:19:44+07:00 [14862] DEBUG default - [User=Admin A. (Thassanant.a@vistec.ac.th)] Action passed all validations [File=/var/www/html/booking/Pages/ActionPage.php,Line=108]
2019-03-20T20:19:44+07:00 [14862] DEBUG default - [User=Admin A. (Thassanant.a@vistec.ac.th)] Processing page action. Action add [File=/var/www/html/booking/Presenters/ActionPresenter.php,Line=88]
2019-03-20T20:19:53+07:00 [11548] DEBUG default - [User=Admin A. (Thassanant.a@vistec.ac.th)] Action passed all validations [File=/var/www/html/booking/Pages/ActionPage.php,Line=108]
2019-03-20T20:19:53+07:00 [11548] DEBUG default - [User=Admin A. (Thassanant.a@vistec.ac.th)] Processing page action. Action add [File=/var/www/html/booking/Presenters/ActionPresenter.php,Line=88]
2019-03-20T20:20:38+07:00 [11577] DEBUG default - [User=Admin A. (Thassanant.a@vistec.ac.th)] Action passed all validations [File=/var/www/html/booking/Pages/ActionPage.php,Line=108]
2019-03-20T20:20:38+07:00 [11577] DEBUG default - [User=Admin A. (Thassanant.a@vistec.ac.th)] Processing page action. Action add [File=/var/www/html/booking/Presenters/ActionPresenter.php,Line=88]
2019-03-20T20:21:09+07:00 [14862] DEBUG default - [User=Admin A. (Thassanant.a@vistec.ac.th)] Action passed all validations [File=/var/www/html/booking/Pages/ActionPage.php,Line=108]
2019-03-20T20:21:09+07:00 [14862] DEBUG default - [User=Admin A. (Thassanant.a@vistec.ac.th)] Processing page action. Action add [File=/var/www/html/booking/Presenters/ActionPresenter.php,Line=88]
2019-03-20T20:21:35+07:00 [11548] DEBUG default - [User=Admin A. (Thassanant.a@vistec.ac.th)] Action passed all validations [File=/var/www/html/booking/Pages/ActionPage.php,Line=108]
2019-03-20T20:21:35+07:00 [11548] DEBUG default - [User=Admin A. (Thassanant.a@vistec.ac.th)] Processing page action. Action add [File=/var/www/html/booking/Presenters/ActionPresenter.php,Line=88]
2019-03-20T20:22:02+07:00 [14862] DEBUG default - [User=Admin A. (Thassanant.a@vistec.ac.th)] Action passed all validations [File=/var/www/html/booking/Pages/ActionPage.php,Line=108]
2019-03-20T20:22:02+07:00 [14862] DEBUG default - [User=Admin A. (Thassanant.a@vistec.ac.th)] Processing page action. Action load [File=/var/www/html/booking/Presenters/ActionPresenter.php,Line=88]
2019-03-20T20:22:02+07:00 [14862] DEBUG default - [User=Admin A. (Thassanant.a@vistec.ac.th)] Loading blackout for editing. Id=6 [File=/var/www/html/booking/Presenters/Admin/ManageBlackoutsPresenter.php,Line=254]
2019-03-20T20:24:28+07:00 [11548] DEBUG default - [User=Admin A. (Thassanant.a@vistec.ac.th)] Acco CREATE_DATE is 2019-03-20 20:21:35 [File=/var/www/html/booking/Domain/Announcement.php,Line=171]
2019-03-20T20:24:28+07:00 [11548] DEBUG default - [User=Admin A. (Thassanant.a@vistec.ac.th)] Acco CREATE_DATE is 2019-03-18 11:42:19 [File=/var/www/html/booking/Domain/Announcement.php,Line=171]
2019-03-20T20:24:28+07:00 [11548] DEBUG default - [User=Admin A. (Thassanant.a@vistec.ac.th)] Acco CREATE_DATE is 2019-03-18 11:44:48 [File=/var/www/html/booking/Domain/Announcement.php,Line=171]
2019-03-20T20:24:28+07:00 [11548] DEBUG default - [User=Admin A. (Thassanant.a@vistec.ac.th)] Acco CREATE_DATE is 2019-03-11 10:50:07 [File=/var/www/html/booking/Domain/Announcement.php,Line=171]
2019-03-20T20:24:49+07:00 [11577] DEBUG default - [User=Admin A. (Thassanant.a@vistec.ac.th)] Acco CREATE_DATE is 2019-03-20 20:21:35 [File=/var/www/html/booking/Domain/Announcement.php,Line=171]
2019-03-20T20:24:49+07:00 [11577] DEBUG default - [User=Admin A. (Thassanant.a@vistec.ac.th)] Acco CREATE_DATE is 2019-03-18 11:42:19 [File=/var/www/html/booking/Domain/Announcement.php,Line=171]
2019-03-20T20:24:49+07:00 [11577] DEBUG default - [User=Admin A. (Thassanant.a@vistec.ac.th)] Acco CREATE_DATE is 2019-03-18 11:44:48 [File=/var/www/html/booking/Domain/Announcement.php,Line=171]
2019-03-20T20:24:49+07:00 [11577] DEBUG default - [User=Admin A. (Thassanant.a@vistec.ac.th)] Acco CREATE_DATE is 2019-03-11 10:50:07 [File=/var/www/html/booking/Domain/Announcement.php,Line=171]
