2019-08-13T16:01:07+07:00 [12232] DEBUG default - [User=Admin A. (meshaya.p@vistec.ac.th)] Action passed all validations [File=/var/www/html/booking/Pages/ActionPage.php,Line=108]
2019-08-13T16:01:07+07:00 [12232] DEBUG default - [User=Admin A. (meshaya.p@vistec.ac.th)] Processing page action. Action addUserPermission [File=/var/www/html/booking/Presenters/ActionPresenter.php,Line=88]
2019-08-13T16:27:28+07:00 [12232] DEBUG default - [User=Thassanat Atithep (Thassanant.a@vistec.ac.th)] Action passed all validations [File=/var/www/html/booking/Pages/ActionPage.php,Line=108]
2019-08-13T16:27:28+07:00 [12232] DEBUG default - [User=Thassanat Atithep (Thassanant.a@vistec.ac.th)] Processing page action. Action changeStatus [File=/var/www/html/booking/Presenters/ActionPresenter.php,Line=88]
2019-08-13T16:27:28+07:00 [12232] DEBUG default - [User=Thassanat Atithep (Thassanant.a@vistec.ac.th)] Changing resource status. ResourceId: 25 [File=/var/www/html/booking/Presenters/Admin/ManageResourcesPresenter.php,Line=421]
2019-08-13T16:35:31+07:00 [12241] DEBUG default - [User=Admin A. (somlak.i@vistec.ac.th)] Acco CREATE_DATE is 2019-08-09 10:52:33 [File=/var/www/html/booking/Domain/Announcement.php,Line=171]
2019-08-13T16:35:31+07:00 [12241] DEBUG default - [User=Admin A. (somlak.i@vistec.ac.th)] Acco CREATE_DATE is 2019-08-07 11:02:41 [File=/var/www/html/booking/Domain/Announcement.php,Line=171]
2019-08-13T16:35:31+07:00 [12241] DEBUG default - [User=Admin A. (somlak.i@vistec.ac.th)] Acco CREATE_DATE is 2019-08-07 16:33:37 [File=/var/www/html/booking/Domain/Announcement.php,Line=171]
2019-08-13T16:35:31+07:00 [12241] DEBUG default - [User=Admin A. (somlak.i@vistec.ac.th)] Acco CREATE_DATE is 2019-07-30 09:29:04 [File=/var/www/html/booking/Domain/Announcement.php,Line=171]
2019-08-13T16:35:31+07:00 [12241] DEBUG default - [User=Admin A. (somlak.i@vistec.ac.th)] Acco CREATE_DATE is 2019-07-16 13:01:35 [File=/var/www/html/booking/Domain/Announcement.php,Line=171]
2019-08-13T16:35:31+07:00 [12241] DEBUG default - [User=Admin A. (somlak.i@vistec.ac.th)] Acco CREATE_DATE is 2019-07-12 17:09:03 [File=/var/www/html/booking/Domain/Announcement.php,Line=171]
2019-08-13T16:35:31+07:00 [12241] DEBUG default - [User=Admin A. (somlak.i@vistec.ac.th)] Acco CREATE_DATE is 2019-07-09 13:50:08 [File=/var/www/html/booking/Domain/Announcement.php,Line=171]
2019-08-13T16:35:31+07:00 [12241] DEBUG default - [User=Admin A. (somlak.i@vistec.ac.th)] Acco CREATE_DATE is 2019-07-09 13:56:42 [File=/var/www/html/booking/Domain/Announcement.php,Line=171]
2019-08-13T16:35:31+07:00 [12241] DEBUG default - [User=Admin A. (somlak.i@vistec.ac.th)] Acco CREATE_DATE is 2019-07-08 14:31:56 [File=/var/www/html/booking/Domain/Announcement.php,Line=171]
2019-08-13T16:35:31+07:00 [12241] DEBUG default - [User=Admin A. (somlak.i@vistec.ac.th)] Acco CREATE_DATE is 2019-06-24 10:26:13 [File=/var/www/html/booking/Domain/Announcement.php,Line=171]
2019-08-13T16:35:31+07:00 [12241] DEBUG default - [User=Admin A. (somlak.i@vistec.ac.th)] Acco CREATE_DATE is 2019-06-24 10:30:58 [File=/var/www/html/booking/Domain/Announcement.php,Line=171]
2019-08-13T16:35:31+07:00 [12241] DEBUG default - [User=Admin A. (somlak.i@vistec.ac.th)] Acco CREATE_DATE is 2019-06-20 13:57:41 [File=/var/www/html/booking/Domain/Announcement.php,Line=171]
2019-08-13T16:35:31+07:00 [12241] DEBUG default - [User=Admin A. (somlak.i@vistec.ac.th)] Acco CREATE_DATE is 2019-06-18 13:08:23 [File=/var/www/html/booking/Domain/Announcement.php,Line=171]
2019-08-13T16:35:31+07:00 [12241] DEBUG default - [User=Admin A. (somlak.i@vistec.ac.th)] Acco CREATE_DATE is 2019-06-18 14:02:17 [File=/var/www/html/booking/Domain/Announcement.php,Line=171]
2019-08-13T16:35:31+07:00 [12241] DEBUG default - [User=Admin A. (somlak.i@vistec.ac.th)] Acco CREATE_DATE is 2019-06-17 10:00:48 [File=/var/www/html/booking/Domain/Announcement.php,Line=171]
2019-08-13T16:35:31+07:00 [12241] DEBUG default - [User=Admin A. (somlak.i@vistec.ac.th)] Acco CREATE_DATE is 2019-06-12 10:35:30 [File=/var/www/html/booking/Domain/Announcement.php,Line=171]
2019-08-13T16:35:31+07:00 [12241] DEBUG default - [User=Admin A. (somlak.i@vistec.ac.th)] Acco CREATE_DATE is 2019-06-05 08:53:27 [File=/var/www/html/booking/Domain/Announcement.php,Line=171]
2019-08-13T16:35:31+07:00 [12241] DEBUG default - [User=Admin A. (somlak.i@vistec.ac.th)] Acco CREATE_DATE is 2019-05-30 15:14:39 [File=/var/www/html/booking/Domain/Announcement.php,Line=171]
2019-08-13T16:35:31+07:00 [12241] DEBUG default - [User=Admin A. (somlak.i@vistec.ac.th)] Acco CREATE_DATE is 2019-05-27 14:17:33 [File=/var/www/html/booking/Domain/Announcement.php,Line=171]
2019-08-13T16:35:31+07:00 [12241] DEBUG default - [User=Admin A. (somlak.i@vistec.ac.th)] Acco CREATE_DATE is 2019-05-27 14:18:38 [File=/var/www/html/booking/Domain/Announcement.php,Line=171]
2019-08-13T16:36:35+07:00 [12241] DEBUG default - [User=Admin A. (somlak.i@vistec.ac.th)] Acco CREATE_DATE is 2019-08-09 10:52:33 [File=/var/www/html/booking/Domain/Announcement.php,Line=171]
2019-08-13T16:36:35+07:00 [12241] DEBUG default - [User=Admin A. (somlak.i@vistec.ac.th)] Acco CREATE_DATE is 2019-08-07 11:02:41 [File=/var/www/html/booking/Domain/Announcement.php,Line=171]
2019-08-13T16:36:35+07:00 [12241] DEBUG default - [User=Admin A. (somlak.i@vistec.ac.th)] Acco CREATE_DATE is 2019-08-07 16:33:37 [File=/var/www/html/booking/Domain/Announcement.php,Line=171]
2019-08-13T16:36:35+07:00 [12241] DEBUG default - [User=Admin A. (somlak.i@vistec.ac.th)] Acco CREATE_DATE is 2019-07-30 09:29:04 [File=/var/www/html/booking/Domain/Announcement.php,Line=171]
2019-08-13T16:36:35+07:00 [12241] DEBUG default - [User=Admin A. (somlak.i@vistec.ac.th)] Acco CREATE_DATE is 2019-07-16 13:01:35 [File=/var/www/html/booking/Domain/Announcement.php,Line=171]
2019-08-13T16:36:35+07:00 [12241] DEBUG default - [User=Admin A. (somlak.i@vistec.ac.th)] Acco CREATE_DATE is 2019-07-12 17:09:03 [File=/var/www/html/booking/Domain/Announcement.php,Line=171]
2019-08-13T16:36:35+07:00 [12241] DEBUG default - [User=Admin A. (somlak.i@vistec.ac.th)] Acco CREATE_DATE is 2019-07-09 13:50:08 [File=/var/www/html/booking/Domain/Announcement.php,Line=171]
2019-08-13T16:36:35+07:00 [12241] DEBUG default - [User=Admin A. (somlak.i@vistec.ac.th)] Acco CREATE_DATE is 2019-07-09 13:56:42 [File=/var/www/html/booking/Domain/Announcement.php,Line=171]
2019-08-13T16:36:35+07:00 [12241] DEBUG default - [User=Admin A. (somlak.i@vistec.ac.th)] Acco CREATE_DATE is 2019-07-08 14:31:56 [File=/var/www/html/booking/Domain/Announcement.php,Line=171]
2019-08-13T16:36:35+07:00 [12241] DEBUG default - [User=Admin A. (somlak.i@vistec.ac.th)] Acco CREATE_DATE is 2019-06-24 10:26:13 [File=/var/www/html/booking/Domain/Announcement.php,Line=171]
2019-08-13T16:36:35+07:00 [12241] DEBUG default - [User=Admin A. (somlak.i@vistec.ac.th)] Acco CREATE_DATE is 2019-06-24 10:30:58 [File=/var/www/html/booking/Domain/Announcement.php,Line=171]
2019-08-13T16:36:35+07:00 [12241] DEBUG default - [User=Admin A. (somlak.i@vistec.ac.th)] Acco CREATE_DATE is 2019-06-20 13:57:41 [File=/var/www/html/booking/Domain/Announcement.php,Line=171]
2019-08-13T16:36:35+07:00 [12241] DEBUG default - [User=Admin A. (somlak.i@vistec.ac.th)] Acco CREATE_DATE is 2019-06-18 13:08:23 [File=/var/www/html/booking/Domain/Announcement.php,Line=171]
2019-08-13T16:36:35+07:00 [12241] DEBUG default - [User=Admin A. (somlak.i@vistec.ac.th)] Acco CREATE_DATE is 2019-06-18 14:02:17 [File=/var/www/html/booking/Domain/Announcement.php,Line=171]
2019-08-13T16:36:35+07:00 [12241] DEBUG default - [User=Admin A. (somlak.i@vistec.ac.th)] Acco CREATE_DATE is 2019-06-17 10:00:48 [File=/var/www/html/booking/Domain/Announcement.php,Line=171]
2019-08-13T16:36:35+07:00 [12241] DEBUG default - [User=Admin A. (somlak.i@vistec.ac.th)] Acco CREATE_DATE is 2019-06-12 10:35:30 [File=/var/www/html/booking/Domain/Announcement.php,Line=171]
2019-08-13T16:36:35+07:00 [12241] DEBUG default - [User=Admin A. (somlak.i@vistec.ac.th)] Acco CREATE_DATE is 2019-06-05 08:53:27 [File=/var/www/html/booking/Domain/Announcement.php,Line=171]
2019-08-13T16:36:35+07:00 [12241] DEBUG default - [User=Admin A. (somlak.i@vistec.ac.th)] Acco CREATE_DATE is 2019-05-30 15:14:39 [File=/var/www/html/booking/Domain/Announcement.php,Line=171]
2019-08-13T16:36:35+07:00 [12241] DEBUG default - [User=Admin A. (somlak.i@vistec.ac.th)] Acco CREATE_DATE is 2019-05-27 14:17:33 [File=/var/www/html/booking/Domain/Announcement.php,Line=171]
2019-08-13T16:36:35+07:00 [12241] DEBUG default - [User=Admin A. (somlak.i@vistec.ac.th)] Acco CREATE_DATE is 2019-05-27 14:18:38 [File=/var/www/html/booking/Domain/Announcement.php,Line=171]
2019-08-13T16:41:59+07:00 [9274] DEBUG default - [User=Thassanat Atithep (Thassanant.a@vistec.ac.th)] Acco CREATE_DATE is 2019-08-09 10:52:33 [File=/var/www/html/booking/Domain/Announcement.php,Line=171]
2019-08-13T16:41:59+07:00 [9274] DEBUG default - [User=Thassanat Atithep (Thassanant.a@vistec.ac.th)] Acco CREATE_DATE is 2019-08-07 11:02:41 [File=/var/www/html/booking/Domain/Announcement.php,Line=171]
2019-08-13T16:41:59+07:00 [9274] DEBUG default - [User=Thassanat Atithep (Thassanant.a@vistec.ac.th)] Acco CREATE_DATE is 2019-08-07 16:33:37 [File=/var/www/html/booking/Domain/Announcement.php,Line=171]
2019-08-13T16:41:59+07:00 [9274] DEBUG default - [User=Thassanat Atithep (Thassanant.a@vistec.ac.th)] Acco CREATE_DATE is 2019-07-30 09:29:04 [File=/var/www/html/booking/Domain/Announcement.php,Line=171]
2019-08-13T16:41:59+07:00 [9274] DEBUG default - [User=Thassanat Atithep (Thassanant.a@vistec.ac.th)] Acco CREATE_DATE is 2019-07-16 13:01:35 [File=/var/www/html/booking/Domain/Announcement.php,Line=171]
2019-08-13T16:41:59+07:00 [9274] DEBUG default - [User=Thassanat Atithep (Thassanant.a@vistec.ac.th)] Acco CREATE_DATE is 2019-07-12 17:09:03 [File=/var/www/html/booking/Domain/Announcement.php,Line=171]
2019-08-13T16:41:59+07:00 [9274] DEBUG default - [User=Thassanat Atithep (Thassanant.a@vistec.ac.th)] Acco CREATE_DATE is 2019-07-09 13:50:08 [File=/var/www/html/booking/Domain/Announcement.php,Line=171]
2019-08-13T16:41:59+07:00 [9274] DEBUG default - [User=Thassanat Atithep (Thassanant.a@vistec.ac.th)] Acco CREATE_DATE is 2019-07-09 13:56:42 [File=/var/www/html/booking/Domain/Announcement.php,Line=171]
2019-08-13T16:41:59+07:00 [9274] DEBUG default - [User=Thassanat Atithep (Thassanant.a@vistec.ac.th)] Acco CREATE_DATE is 2019-07-08 14:31:56 [File=/var/www/html/booking/Domain/Announcement.php,Line=171]
2019-08-13T16:41:59+07:00 [9274] DEBUG default - [User=Thassanat Atithep (Thassanant.a@vistec.ac.th)] Acco CREATE_DATE is 2019-06-24 10:26:13 [File=/var/www/html/booking/Domain/Announcement.php,Line=171]
2019-08-13T16:41:59+07:00 [9274] DEBUG default - [User=Thassanat Atithep (Thassanant.a@vistec.ac.th)] Acco CREATE_DATE is 2019-06-24 10:30:58 [File=/var/www/html/booking/Domain/Announcement.php,Line=171]
2019-08-13T16:41:59+07:00 [9274] DEBUG default - [User=Thassanat Atithep (Thassanant.a@vistec.ac.th)] Acco CREATE_DATE is 2019-06-20 13:57:41 [File=/var/www/html/booking/Domain/Announcement.php,Line=171]
2019-08-13T16:41:59+07:00 [9274] DEBUG default - [User=Thassanat Atithep (Thassanant.a@vistec.ac.th)] Acco CREATE_DATE is 2019-06-18 13:08:23 [File=/var/www/html/booking/Domain/Announcement.php,Line=171]
2019-08-13T16:41:59+07:00 [9274] DEBUG default - [User=Thassanat Atithep (Thassanant.a@vistec.ac.th)] Acco CREATE_DATE is 2019-06-18 14:02:17 [File=/var/www/html/booking/Domain/Announcement.php,Line=171]
2019-08-13T16:41:59+07:00 [9274] DEBUG default - [User=Thassanat Atithep (Thassanant.a@vistec.ac.th)] Acco CREATE_DATE is 2019-06-17 10:00:48 [File=/var/www/html/booking/Domain/Announcement.php,Line=171]
2019-08-13T16:41:59+07:00 [9274] DEBUG default - [User=Thassanat Atithep (Thassanant.a@vistec.ac.th)] Acco CREATE_DATE is 2019-06-12 10:35:30 [File=/var/www/html/booking/Domain/Announcement.php,Line=171]
2019-08-13T16:41:59+07:00 [9274] DEBUG default - [User=Thassanat Atithep (Thassanant.a@vistec.ac.th)] Acco CREATE_DATE is 2019-06-05 08:53:27 [File=/var/www/html/booking/Domain/Announcement.php,Line=171]
2019-08-13T16:41:59+07:00 [9274] DEBUG default - [User=Thassanat Atithep (Thassanant.a@vistec.ac.th)] Acco CREATE_DATE is 2019-05-30 15:14:39 [File=/var/www/html/booking/Domain/Announcement.php,Line=171]
2019-08-13T16:41:59+07:00 [9274] DEBUG default - [User=Thassanat Atithep (Thassanant.a@vistec.ac.th)] Acco CREATE_DATE is 2019-05-27 14:17:33 [File=/var/www/html/booking/Domain/Announcement.php,Line=171]
2019-08-13T16:41:59+07:00 [9274] DEBUG default - [User=Thassanat Atithep (Thassanant.a@vistec.ac.th)] Acco CREATE_DATE is 2019-05-27 14:18:38 [File=/var/www/html/booking/Domain/Announcement.php,Line=171]
2019-08-13T16:49:05+07:00 [9274] DEBUG default - [User=Thassanat Atithep (Thassanant.a@vistec.ac.th)] Action passed all validations [File=/var/www/html/booking/Pages/ActionPage.php,Line=108]
2019-08-13T16:49:05+07:00 [9274] DEBUG default - [User=Thassanat Atithep (Thassanant.a@vistec.ac.th)] Processing page action. Action changeAnnouncement [File=/var/www/html/booking/Presenters/ActionPresenter.php,Line=88]
2019-08-13T16:49:05+07:00 [9274] DEBUG default - [User=Thassanat Atithep (Thassanant.a@vistec.ac.th)] Changing Announcement with id 65 [File=/var/www/html/booking/Presenters/Admin/ManageAnnouncementsPresenter.php,Line=137]
2019-08-13T16:49:05+07:00 [9274] DEBUG default - [User=Thassanat Atithep (Thassanant.a@vistec.ac.th)] Acco CREATE_DATE is 2019-08-07 11:02:41 [File=/var/www/html/booking/Domain/Announcement.php,Line=171]
2019-08-13T16:49:05+07:00 [9274] DEBUG default - [User=Thassanat Atithep (Thassanant.a@vistec.ac.th)] Update Announcement [File=/var/www/html/booking/Domain/Access/AnnouncementRepository.php,Line=169]
2019-08-13T16:49:05+07:00 [19289] DEBUG default - [User=Thassanat Atithep (Thassanant.a@vistec.ac.th)] Acco CREATE_DATE is 2019-08-09 10:52:33 [File=/var/www/html/booking/Domain/Announcement.php,Line=171]
2019-08-13T16:49:05+07:00 [19289] DEBUG default - [User=Thassanat Atithep (Thassanant.a@vistec.ac.th)] Acco CREATE_DATE is 2019-08-07 16:33:37 [File=/var/www/html/booking/Domain/Announcement.php,Line=171]
2019-08-13T16:49:05+07:00 [19289] DEBUG default - [User=Thassanat Atithep (Thassanant.a@vistec.ac.th)] Acco CREATE_DATE is 2019-08-13 16:49:05 [File=/var/www/html/booking/Domain/Announcement.php,Line=171]
2019-08-13T16:49:05+07:00 [19289] DEBUG default - [User=Thassanat Atithep (Thassanant.a@vistec.ac.th)] Acco CREATE_DATE is 2019-07-30 09:29:04 [File=/var/www/html/booking/Domain/Announcement.php,Line=171]
2019-08-13T16:49:05+07:00 [19289] DEBUG default - [User=Thassanat Atithep (Thassanant.a@vistec.ac.th)] Acco CREATE_DATE is 2019-07-16 13:01:35 [File=/var/www/html/booking/Domain/Announcement.php,Line=171]
2019-08-13T16:49:05+07:00 [19289] DEBUG default - [User=Thassanat Atithep (Thassanant.a@vistec.ac.th)] Acco CREATE_DATE is 2019-07-12 17:09:03 [File=/var/www/html/booking/Domain/Announcement.php,Line=171]
2019-08-13T16:49:05+07:00 [19289] DEBUG default - [User=Thassanat Atithep (Thassanant.a@vistec.ac.th)] Acco CREATE_DATE is 2019-07-09 13:50:08 [File=/var/www/html/booking/Domain/Announcement.php,Line=171]
2019-08-13T16:49:05+07:00 [19289] DEBUG default - [User=Thassanat Atithep (Thassanant.a@vistec.ac.th)] Acco CREATE_DATE is 2019-07-09 13:56:42 [File=/var/www/html/booking/Domain/Announcement.php,Line=171]
2019-08-13T16:49:05+07:00 [19289] DEBUG default - [User=Thassanat Atithep (Thassanant.a@vistec.ac.th)] Acco CREATE_DATE is 2019-07-08 14:31:56 [File=/var/www/html/booking/Domain/Announcement.php,Line=171]
2019-08-13T16:49:05+07:00 [19289] DEBUG default - [User=Thassanat Atithep (Thassanant.a@vistec.ac.th)] Acco CREATE_DATE is 2019-06-24 10:26:13 [File=/var/www/html/booking/Domain/Announcement.php,Line=171]
2019-08-13T16:49:05+07:00 [19289] DEBUG default - [User=Thassanat Atithep (Thassanant.a@vistec.ac.th)] Acco CREATE_DATE is 2019-06-24 10:30:58 [File=/var/www/html/booking/Domain/Announcement.php,Line=171]
2019-08-13T16:49:05+07:00 [19289] DEBUG default - [User=Thassanat Atithep (Thassanant.a@vistec.ac.th)] Acco CREATE_DATE is 2019-06-20 13:57:41 [File=/var/www/html/booking/Domain/Announcement.php,Line=171]
2019-08-13T16:49:05+07:00 [19289] DEBUG default - [User=Thassanat Atithep (Thassanant.a@vistec.ac.th)] Acco CREATE_DATE is 2019-06-18 13:08:23 [File=/var/www/html/booking/Domain/Announcement.php,Line=171]
2019-08-13T16:49:05+07:00 [19289] DEBUG default - [User=Thassanat Atithep (Thassanant.a@vistec.ac.th)] Acco CREATE_DATE is 2019-06-18 14:02:17 [File=/var/www/html/booking/Domain/Announcement.php,Line=171]
2019-08-13T16:49:05+07:00 [19289] DEBUG default - [User=Thassanat Atithep (Thassanant.a@vistec.ac.th)] Acco CREATE_DATE is 2019-06-17 10:00:48 [File=/var/www/html/booking/Domain/Announcement.php,Line=171]
2019-08-13T16:49:05+07:00 [19289] DEBUG default - [User=Thassanat Atithep (Thassanant.a@vistec.ac.th)] Acco CREATE_DATE is 2019-06-12 10:35:30 [File=/var/www/html/booking/Domain/Announcement.php,Line=171]
2019-08-13T16:49:05+07:00 [19289] DEBUG default - [User=Thassanat Atithep (Thassanant.a@vistec.ac.th)] Acco CREATE_DATE is 2019-06-05 08:53:27 [File=/var/www/html/booking/Domain/Announcement.php,Line=171]
2019-08-13T16:49:05+07:00 [19289] DEBUG default - [User=Thassanat Atithep (Thassanant.a@vistec.ac.th)] Acco CREATE_DATE is 2019-05-30 15:14:39 [File=/var/www/html/booking/Domain/Announcement.php,Line=171]
2019-08-13T16:49:05+07:00 [19289] DEBUG default - [User=Thassanat Atithep (Thassanant.a@vistec.ac.th)] Acco CREATE_DATE is 2019-05-27 14:17:33 [File=/var/www/html/booking/Domain/Announcement.php,Line=171]
2019-08-13T16:49:05+07:00 [19289] DEBUG default - [User=Thassanat Atithep (Thassanant.a@vistec.ac.th)] Acco CREATE_DATE is 2019-05-27 14:18:38 [File=/var/www/html/booking/Domain/Announcement.php,Line=171]
2019-08-13T16:49:57+07:00 [19289] DEBUG default - [User=Thassanat Atithep (Thassanant.a@vistec.ac.th)] Acco CREATE_DATE is 2019-08-09 10:52:33 [File=/var/www/html/booking/Domain/Announcement.php,Line=171]
2019-08-13T16:49:57+07:00 [19289] DEBUG default - [User=Thassanat Atithep (Thassanant.a@vistec.ac.th)] Acco CREATE_DATE is 2019-08-07 16:33:37 [File=/var/www/html/booking/Domain/Announcement.php,Line=171]
2019-08-13T16:49:57+07:00 [19289] DEBUG default - [User=Thassanat Atithep (Thassanant.a@vistec.ac.th)] Acco CREATE_DATE is 2019-08-13 16:49:05 [File=/var/www/html/booking/Domain/Announcement.php,Line=171]
2019-08-13T16:49:57+07:00 [19289] DEBUG default - [User=Thassanat Atithep (Thassanant.a@vistec.ac.th)] Acco CREATE_DATE is 2019-07-30 09:29:04 [File=/var/www/html/booking/Domain/Announcement.php,Line=171]
2019-08-13T16:49:57+07:00 [19289] DEBUG default - [User=Thassanat Atithep (Thassanant.a@vistec.ac.th)] Acco CREATE_DATE is 2019-07-16 13:01:35 [File=/var/www/html/booking/Domain/Announcement.php,Line=171]
2019-08-13T16:49:57+07:00 [19289] DEBUG default - [User=Thassanat Atithep (Thassanant.a@vistec.ac.th)] Acco CREATE_DATE is 2019-07-12 17:09:03 [File=/var/www/html/booking/Domain/Announcement.php,Line=171]
2019-08-13T16:49:57+07:00 [19289] DEBUG default - [User=Thassanat Atithep (Thassanant.a@vistec.ac.th)] Acco CREATE_DATE is 2019-07-09 13:50:08 [File=/var/www/html/booking/Domain/Announcement.php,Line=171]
2019-08-13T16:49:57+07:00 [19289] DEBUG default - [User=Thassanat Atithep (Thassanant.a@vistec.ac.th)] Acco CREATE_DATE is 2019-07-09 13:56:42 [File=/var/www/html/booking/Domain/Announcement.php,Line=171]
2019-08-13T16:49:57+07:00 [19289] DEBUG default - [User=Thassanat Atithep (Thassanant.a@vistec.ac.th)] Acco CREATE_DATE is 2019-07-08 14:31:56 [File=/var/www/html/booking/Domain/Announcement.php,Line=171]
2019-08-13T16:49:57+07:00 [19289] DEBUG default - [User=Thassanat Atithep (Thassanant.a@vistec.ac.th)] Acco CREATE_DATE is 2019-06-24 10:26:13 [File=/var/www/html/booking/Domain/Announcement.php,Line=171]
2019-08-13T16:49:57+07:00 [19289] DEBUG default - [User=Thassanat Atithep (Thassanant.a@vistec.ac.th)] Acco CREATE_DATE is 2019-06-24 10:30:58 [File=/var/www/html/booking/Domain/Announcement.php,Line=171]
2019-08-13T16:49:57+07:00 [19289] DEBUG default - [User=Thassanat Atithep (Thassanant.a@vistec.ac.th)] Acco CREATE_DATE is 2019-06-20 13:57:41 [File=/var/www/html/booking/Domain/Announcement.php,Line=171]
2019-08-13T16:49:57+07:00 [19289] DEBUG default - [User=Thassanat Atithep (Thassanant.a@vistec.ac.th)] Acco CREATE_DATE is 2019-06-18 13:08:23 [File=/var/www/html/booking/Domain/Announcement.php,Line=171]
2019-08-13T16:49:57+07:00 [19289] DEBUG default - [User=Thassanat Atithep (Thassanant.a@vistec.ac.th)] Acco CREATE_DATE is 2019-06-18 14:02:17 [File=/var/www/html/booking/Domain/Announcement.php,Line=171]
2019-08-13T16:49:57+07:00 [19289] DEBUG default - [User=Thassanat Atithep (Thassanant.a@vistec.ac.th)] Acco CREATE_DATE is 2019-06-17 10:00:48 [File=/var/www/html/booking/Domain/Announcement.php,Line=171]
2019-08-13T16:49:57+07:00 [19289] DEBUG default - [User=Thassanat Atithep (Thassanant.a@vistec.ac.th)] Acco CREATE_DATE is 2019-06-12 10:35:30 [File=/var/www/html/booking/Domain/Announcement.php,Line=171]
2019-08-13T16:49:57+07:00 [19289] DEBUG default - [User=Thassanat Atithep (Thassanant.a@vistec.ac.th)] Acco CREATE_DATE is 2019-06-05 08:53:27 [File=/var/www/html/booking/Domain/Announcement.php,Line=171]
2019-08-13T16:49:57+07:00 [19289] DEBUG default - [User=Thassanat Atithep (Thassanant.a@vistec.ac.th)] Acco CREATE_DATE is 2019-05-30 15:14:39 [File=/var/www/html/booking/Domain/Announcement.php,Line=171]
2019-08-13T16:49:57+07:00 [19289] DEBUG default - [User=Thassanat Atithep (Thassanant.a@vistec.ac.th)] Acco CREATE_DATE is 2019-05-27 14:17:33 [File=/var/www/html/booking/Domain/Announcement.php,Line=171]
2019-08-13T16:49:57+07:00 [19289] DEBUG default - [User=Thassanat Atithep (Thassanant.a@vistec.ac.th)] Acco CREATE_DATE is 2019-05-27 14:18:38 [File=/var/www/html/booking/Domain/Announcement.php,Line=171]
2019-08-13T16:57:39+07:00 [9274] DEBUG default - [User=Thassanat Atithep (Thassanant.a@vistec.ac.th)] Action passed all validations [File=/var/www/html/booking/Pages/ActionPage.php,Line=108]
2019-08-13T16:57:39+07:00 [9274] DEBUG default - [User=Thassanat Atithep (Thassanant.a@vistec.ac.th)] Processing page action. Action addAnnouncement [File=/var/www/html/booking/Presenters/ActionPresenter.php,Line=88]
2019-08-13T16:57:39+07:00 [9274] DEBUG default - [User=Thassanat Atithep (Thassanant.a@vistec.ac.th)] Adding new Announcement [File=/var/www/html/booking/Presenters/Admin/ManageAnnouncementsPresenter.php,Line=115]
2019-08-13T16:57:39+07:00 [9274] DEBUG default - [User=Thassanat Atithep (Thassanant.a@vistec.ac.th)] Create new Announcement [File=/var/www/html/booking/Domain/Announcement.php,Line=201]
2019-08-13T16:57:39+07:00 [12241] DEBUG default - [User=Thassanat Atithep (Thassanant.a@vistec.ac.th)] Acco CREATE_DATE is 2019-08-13 16:57:39 [File=/var/www/html/booking/Domain/Announcement.php,Line=171]
2019-08-13T16:57:39+07:00 [12241] DEBUG default - [User=Thassanat Atithep (Thassanant.a@vistec.ac.th)] Acco CREATE_DATE is 2019-08-09 10:52:33 [File=/var/www/html/booking/Domain/Announcement.php,Line=171]
2019-08-13T16:57:39+07:00 [12241] DEBUG default - [User=Thassanat Atithep (Thassanant.a@vistec.ac.th)] Acco CREATE_DATE is 2019-08-07 16:33:37 [File=/var/www/html/booking/Domain/Announcement.php,Line=171]
2019-08-13T16:57:39+07:00 [12241] DEBUG default - [User=Thassanat Atithep (Thassanant.a@vistec.ac.th)] Acco CREATE_DATE is 2019-08-13 16:49:05 [File=/var/www/html/booking/Domain/Announcement.php,Line=171]
2019-08-13T16:57:39+07:00 [12241] DEBUG default - [User=Thassanat Atithep (Thassanant.a@vistec.ac.th)] Acco CREATE_DATE is 2019-07-30 09:29:04 [File=/var/www/html/booking/Domain/Announcement.php,Line=171]
2019-08-13T16:57:39+07:00 [12241] DEBUG default - [User=Thassanat Atithep (Thassanant.a@vistec.ac.th)] Acco CREATE_DATE is 2019-07-16 13:01:35 [File=/var/www/html/booking/Domain/Announcement.php,Line=171]
2019-08-13T16:57:39+07:00 [12241] DEBUG default - [User=Thassanat Atithep (Thassanant.a@vistec.ac.th)] Acco CREATE_DATE is 2019-07-12 17:09:03 [File=/var/www/html/booking/Domain/Announcement.php,Line=171]
2019-08-13T16:57:39+07:00 [12241] DEBUG default - [User=Thassanat Atithep (Thassanant.a@vistec.ac.th)] Acco CREATE_DATE is 2019-07-09 13:50:08 [File=/var/www/html/booking/Domain/Announcement.php,Line=171]
2019-08-13T16:57:39+07:00 [12241] DEBUG default - [User=Thassanat Atithep (Thassanant.a@vistec.ac.th)] Acco CREATE_DATE is 2019-07-09 13:56:42 [File=/var/www/html/booking/Domain/Announcement.php,Line=171]
2019-08-13T16:57:39+07:00 [12241] DEBUG default - [User=Thassanat Atithep (Thassanant.a@vistec.ac.th)] Acco CREATE_DATE is 2019-07-08 14:31:56 [File=/var/www/html/booking/Domain/Announcement.php,Line=171]
2019-08-13T16:57:39+07:00 [12241] DEBUG default - [User=Thassanat Atithep (Thassanant.a@vistec.ac.th)] Acco CREATE_DATE is 2019-06-24 10:26:13 [File=/var/www/html/booking/Domain/Announcement.php,Line=171]
2019-08-13T16:57:39+07:00 [12241] DEBUG default - [User=Thassanat Atithep (Thassanant.a@vistec.ac.th)] Acco CREATE_DATE is 2019-06-24 10:30:58 [File=/var/www/html/booking/Domain/Announcement.php,Line=171]
2019-08-13T16:57:39+07:00 [12241] DEBUG default - [User=Thassanat Atithep (Thassanant.a@vistec.ac.th)] Acco CREATE_DATE is 2019-06-20 13:57:41 [File=/var/www/html/booking/Domain/Announcement.php,Line=171]
2019-08-13T16:57:39+07:00 [12241] DEBUG default - [User=Thassanat Atithep (Thassanant.a@vistec.ac.th)] Acco CREATE_DATE is 2019-06-18 13:08:23 [File=/var/www/html/booking/Domain/Announcement.php,Line=171]
2019-08-13T16:57:39+07:00 [12241] DEBUG default - [User=Thassanat Atithep (Thassanant.a@vistec.ac.th)] Acco CREATE_DATE is 2019-06-18 14:02:17 [File=/var/www/html/booking/Domain/Announcement.php,Line=171]
2019-08-13T16:57:39+07:00 [12241] DEBUG default - [User=Thassanat Atithep (Thassanant.a@vistec.ac.th)] Acco CREATE_DATE is 2019-06-17 10:00:48 [File=/var/www/html/booking/Domain/Announcement.php,Line=171]
2019-08-13T16:57:39+07:00 [12241] DEBUG default - [User=Thassanat Atithep (Thassanant.a@vistec.ac.th)] Acco CREATE_DATE is 2019-06-12 10:35:30 [File=/var/www/html/booking/Domain/Announcement.php,Line=171]
2019-08-13T16:57:39+07:00 [12241] DEBUG default - [User=Thassanat Atithep (Thassanant.a@vistec.ac.th)] Acco CREATE_DATE is 2019-06-05 08:53:27 [File=/var/www/html/booking/Domain/Announcement.php,Line=171]
2019-08-13T16:57:39+07:00 [12241] DEBUG default - [User=Thassanat Atithep (Thassanant.a@vistec.ac.th)] Acco CREATE_DATE is 2019-05-30 15:14:39 [File=/var/www/html/booking/Domain/Announcement.php,Line=171]
2019-08-13T16:57:39+07:00 [12241] DEBUG default - [User=Thassanat Atithep (Thassanant.a@vistec.ac.th)] Acco CREATE_DATE is 2019-05-27 14:17:33 [File=/var/www/html/booking/Domain/Announcement.php,Line=171]
2019-08-13T17:09:26+07:00 [9274] DEBUG default - [User=Admin A. (somlak.i@vistec.ac.th)] Acco CREATE_DATE is 2019-08-13 16:57:39 [File=/var/www/html/booking/Domain/Announcement.php,Line=171]
2019-08-13T17:09:26+07:00 [9274] DEBUG default - [User=Admin A. (somlak.i@vistec.ac.th)] Acco CREATE_DATE is 2019-08-09 10:52:33 [File=/var/www/html/booking/Domain/Announcement.php,Line=171]
2019-08-13T17:09:26+07:00 [9274] DEBUG default - [User=Admin A. (somlak.i@vistec.ac.th)] Acco CREATE_DATE is 2019-08-07 16:33:37 [File=/var/www/html/booking/Domain/Announcement.php,Line=171]
2019-08-13T17:09:26+07:00 [9274] DEBUG default - [User=Admin A. (somlak.i@vistec.ac.th)] Acco CREATE_DATE is 2019-08-13 16:49:05 [File=/var/www/html/booking/Domain/Announcement.php,Line=171]
2019-08-13T17:09:26+07:00 [9274] DEBUG default - [User=Admin A. (somlak.i@vistec.ac.th)] Acco CREATE_DATE is 2019-07-30 09:29:04 [File=/var/www/html/booking/Domain/Announcement.php,Line=171]
2019-08-13T17:09:26+07:00 [9274] DEBUG default - [User=Admin A. (somlak.i@vistec.ac.th)] Acco CREATE_DATE is 2019-07-16 13:01:35 [File=/var/www/html/booking/Domain/Announcement.php,Line=171]
2019-08-13T17:09:26+07:00 [9274] DEBUG default - [User=Admin A. (somlak.i@vistec.ac.th)] Acco CREATE_DATE is 2019-07-12 17:09:03 [File=/var/www/html/booking/Domain/Announcement.php,Line=171]
2019-08-13T17:09:26+07:00 [9274] DEBUG default - [User=Admin A. (somlak.i@vistec.ac.th)] Acco CREATE_DATE is 2019-07-09 13:50:08 [File=/var/www/html/booking/Domain/Announcement.php,Line=171]
2019-08-13T17:09:26+07:00 [9274] DEBUG default - [User=Admin A. (somlak.i@vistec.ac.th)] Acco CREATE_DATE is 2019-07-09 13:56:42 [File=/var/www/html/booking/Domain/Announcement.php,Line=171]
2019-08-13T17:09:26+07:00 [9274] DEBUG default - [User=Admin A. (somlak.i@vistec.ac.th)] Acco CREATE_DATE is 2019-07-08 14:31:56 [File=/var/www/html/booking/Domain/Announcement.php,Line=171]
2019-08-13T17:09:26+07:00 [9274] DEBUG default - [User=Admin A. (somlak.i@vistec.ac.th)] Acco CREATE_DATE is 2019-06-24 10:26:13 [File=/var/www/html/booking/Domain/Announcement.php,Line=171]
2019-08-13T17:09:26+07:00 [9274] DEBUG default - [User=Admin A. (somlak.i@vistec.ac.th)] Acco CREATE_DATE is 2019-06-24 10:30:58 [File=/var/www/html/booking/Domain/Announcement.php,Line=171]
2019-08-13T17:09:26+07:00 [9274] DEBUG default - [User=Admin A. (somlak.i@vistec.ac.th)] Acco CREATE_DATE is 2019-06-20 13:57:41 [File=/var/www/html/booking/Domain/Announcement.php,Line=171]
2019-08-13T17:09:26+07:00 [9274] DEBUG default - [User=Admin A. (somlak.i@vistec.ac.th)] Acco CREATE_DATE is 2019-06-18 13:08:23 [File=/var/www/html/booking/Domain/Announcement.php,Line=171]
2019-08-13T17:09:26+07:00 [9274] DEBUG default - [User=Admin A. (somlak.i@vistec.ac.th)] Acco CREATE_DATE is 2019-06-18 14:02:17 [File=/var/www/html/booking/Domain/Announcement.php,Line=171]
2019-08-13T17:09:26+07:00 [9274] DEBUG default - [User=Admin A. (somlak.i@vistec.ac.th)] Acco CREATE_DATE is 2019-06-17 10:00:48 [File=/var/www/html/booking/Domain/Announcement.php,Line=171]
2019-08-13T17:09:26+07:00 [9274] DEBUG default - [User=Admin A. (somlak.i@vistec.ac.th)] Acco CREATE_DATE is 2019-06-12 10:35:30 [File=/var/www/html/booking/Domain/Announcement.php,Line=171]
2019-08-13T17:09:26+07:00 [9274] DEBUG default - [User=Admin A. (somlak.i@vistec.ac.th)] Acco CREATE_DATE is 2019-06-05 08:53:27 [File=/var/www/html/booking/Domain/Announcement.php,Line=171]
2019-08-13T17:09:26+07:00 [9274] DEBUG default - [User=Admin A. (somlak.i@vistec.ac.th)] Acco CREATE_DATE is 2019-05-30 15:14:39 [File=/var/www/html/booking/Domain/Announcement.php,Line=171]
2019-08-13T17:09:26+07:00 [9274] DEBUG default - [User=Admin A. (somlak.i@vistec.ac.th)] Acco CREATE_DATE is 2019-05-27 14:17:33 [File=/var/www/html/booking/Domain/Announcement.php,Line=171]
2019-08-13T17:09:27+07:00 [12241] DEBUG default - [User=Thassanat Atithep (Thassanant.a@vistec.ac.th)] Acco CREATE_DATE is 2019-08-13 16:57:39 [File=/var/www/html/booking/Domain/Announcement.php,Line=171]
2019-08-13T17:09:27+07:00 [12241] DEBUG default - [User=Thassanat Atithep (Thassanant.a@vistec.ac.th)] Acco CREATE_DATE is 2019-08-09 10:52:33 [File=/var/www/html/booking/Domain/Announcement.php,Line=171]
2019-08-13T17:09:27+07:00 [12241] DEBUG default - [User=Thassanat Atithep (Thassanant.a@vistec.ac.th)] Acco CREATE_DATE is 2019-08-07 16:33:37 [File=/var/www/html/booking/Domain/Announcement.php,Line=171]
2019-08-13T17:09:27+07:00 [12241] DEBUG default - [User=Thassanat Atithep (Thassanant.a@vistec.ac.th)] Acco CREATE_DATE is 2019-08-13 16:49:05 [File=/var/www/html/booking/Domain/Announcement.php,Line=171]
2019-08-13T17:09:27+07:00 [12241] DEBUG default - [User=Thassanat Atithep (Thassanant.a@vistec.ac.th)] Acco CREATE_DATE is 2019-07-30 09:29:04 [File=/var/www/html/booking/Domain/Announcement.php,Line=171]
2019-08-13T17:09:27+07:00 [12241] DEBUG default - [User=Thassanat Atithep (Thassanant.a@vistec.ac.th)] Acco CREATE_DATE is 2019-07-16 13:01:35 [File=/var/www/html/booking/Domain/Announcement.php,Line=171]
2019-08-13T17:09:27+07:00 [12241] DEBUG default - [User=Thassanat Atithep (Thassanant.a@vistec.ac.th)] Acco CREATE_DATE is 2019-07-12 17:09:03 [File=/var/www/html/booking/Domain/Announcement.php,Line=171]
2019-08-13T17:09:27+07:00 [12241] DEBUG default - [User=Thassanat Atithep (Thassanant.a@vistec.ac.th)] Acco CREATE_DATE is 2019-07-09 13:50:08 [File=/var/www/html/booking/Domain/Announcement.php,Line=171]
2019-08-13T17:09:27+07:00 [12241] DEBUG default - [User=Thassanat Atithep (Thassanant.a@vistec.ac.th)] Acco CREATE_DATE is 2019-07-09 13:56:42 [File=/var/www/html/booking/Domain/Announcement.php,Line=171]
2019-08-13T17:09:27+07:00 [12241] DEBUG default - [User=Thassanat Atithep (Thassanant.a@vistec.ac.th)] Acco CREATE_DATE is 2019-07-08 14:31:56 [File=/var/www/html/booking/Domain/Announcement.php,Line=171]
2019-08-13T17:09:27+07:00 [12241] DEBUG default - [User=Thassanat Atithep (Thassanant.a@vistec.ac.th)] Acco CREATE_DATE is 2019-06-24 10:26:13 [File=/var/www/html/booking/Domain/Announcement.php,Line=171]
2019-08-13T17:09:27+07:00 [12241] DEBUG default - [User=Thassanat Atithep (Thassanant.a@vistec.ac.th)] Acco CREATE_DATE is 2019-06-24 10:30:58 [File=/var/www/html/booking/Domain/Announcement.php,Line=171]
2019-08-13T17:09:27+07:00 [12241] DEBUG default - [User=Thassanat Atithep (Thassanant.a@vistec.ac.th)] Acco CREATE_DATE is 2019-06-20 13:57:41 [File=/var/www/html/booking/Domain/Announcement.php,Line=171]
2019-08-13T17:09:27+07:00 [12241] DEBUG default - [User=Thassanat Atithep (Thassanant.a@vistec.ac.th)] Acco CREATE_DATE is 2019-06-18 13:08:23 [File=/var/www/html/booking/Domain/Announcement.php,Line=171]
2019-08-13T17:09:27+07:00 [12241] DEBUG default - [User=Thassanat Atithep (Thassanant.a@vistec.ac.th)] Acco CREATE_DATE is 2019-06-18 14:02:17 [File=/var/www/html/booking/Domain/Announcement.php,Line=171]
2019-08-13T17:09:27+07:00 [12241] DEBUG default - [User=Thassanat Atithep (Thassanant.a@vistec.ac.th)] Acco CREATE_DATE is 2019-06-17 10:00:48 [File=/var/www/html/booking/Domain/Announcement.php,Line=171]
2019-08-13T17:09:27+07:00 [12241] DEBUG default - [User=Thassanat Atithep (Thassanant.a@vistec.ac.th)] Acco CREATE_DATE is 2019-06-12 10:35:30 [File=/var/www/html/booking/Domain/Announcement.php,Line=171]
2019-08-13T17:09:28+07:00 [12241] DEBUG default - [User=Thassanat Atithep (Thassanant.a@vistec.ac.th)] Acco CREATE_DATE is 2019-06-05 08:53:27 [File=/var/www/html/booking/Domain/Announcement.php,Line=171]
2019-08-13T17:09:28+07:00 [12241] DEBUG default - [User=Thassanat Atithep (Thassanant.a@vistec.ac.th)] Acco CREATE_DATE is 2019-05-30 15:14:39 [File=/var/www/html/booking/Domain/Announcement.php,Line=171]
2019-08-13T17:09:28+07:00 [12241] DEBUG default - [User=Thassanat Atithep (Thassanant.a@vistec.ac.th)] Acco CREATE_DATE is 2019-05-27 14:17:33 [File=/var/www/html/booking/Domain/Announcement.php,Line=171]
2019-08-13T17:10:01+07:00 [12241] DEBUG default - [User=Thassanat Atithep (Thassanant.a@vistec.ac.th)] Acco CREATE_DATE is 2019-03-11 10:50:07 [File=/var/www/html/booking/Domain/Announcement.php,Line=171]
2019-08-13T17:10:01+07:00 [12241] DEBUG default - [User=Thassanat Atithep (Thassanant.a@vistec.ac.th)] Acco CREATE_DATE is 2019-03-18 11:42:19 [File=/var/www/html/booking/Domain/Announcement.php,Line=171]
2019-08-13T17:10:01+07:00 [12241] DEBUG default - [User=Thassanat Atithep (Thassanant.a@vistec.ac.th)] Acco CREATE_DATE is 2019-03-18 11:44:48 [File=/var/www/html/booking/Domain/Announcement.php,Line=171]
2019-08-13T17:10:01+07:00 [12241] DEBUG default - [User=Thassanat Atithep (Thassanant.a@vistec.ac.th)] Acco CREATE_DATE is 2019-03-20 20:21:35 [File=/var/www/html/booking/Domain/Announcement.php,Line=171]
2019-08-13T17:10:01+07:00 [12241] DEBUG default - [User=Thassanat Atithep (Thassanant.a@vistec.ac.th)] Acco CREATE_DATE is 2019-04-01 12:00:59 [File=/var/www/html/booking/Domain/Announcement.php,Line=171]
2019-08-13T17:10:01+07:00 [12241] DEBUG default - [User=Thassanat Atithep (Thassanant.a@vistec.ac.th)] Acco CREATE_DATE is 2019-04-01 14:03:54 [File=/var/www/html/booking/Domain/Announcement.php,Line=171]
2019-08-13T17:10:01+07:00 [12241] DEBUG default - [User=Thassanat Atithep (Thassanant.a@vistec.ac.th)] Acco CREATE_DATE is 2019-04-02 09:48:53 [File=/var/www/html/booking/Domain/Announcement.php,Line=171]
2019-08-13T17:10:01+07:00 [12241] DEBUG default - [User=Thassanat Atithep (Thassanant.a@vistec.ac.th)] Acco CREATE_DATE is 2019-04-03 12:21:31 [File=/var/www/html/booking/Domain/Announcement.php,Line=171]
2019-08-13T17:10:01+07:00 [12241] DEBUG default - [User=Thassanat Atithep (Thassanant.a@vistec.ac.th)] Acco CREATE_DATE is 2019-04-03 12:22:19 [File=/var/www/html/booking/Domain/Announcement.php,Line=171]
2019-08-13T17:10:01+07:00 [12241] DEBUG default - [User=Thassanat Atithep (Thassanant.a@vistec.ac.th)] Acco CREATE_DATE is 2019-04-07 16:28:23 [File=/var/www/html/booking/Domain/Announcement.php,Line=171]
2019-08-13T17:10:01+07:00 [12241] DEBUG default - [User=Thassanat Atithep (Thassanant.a@vistec.ac.th)] Acco CREATE_DATE is 2019-04-10 15:46:56 [File=/var/www/html/booking/Domain/Announcement.php,Line=171]
2019-08-13T17:10:01+07:00 [12241] DEBUG default - [User=Thassanat Atithep (Thassanant.a@vistec.ac.th)] Acco CREATE_DATE is 2019-04-11 13:14:54 [File=/var/www/html/booking/Domain/Announcement.php,Line=171]
2019-08-13T17:10:01+07:00 [12241] DEBUG default - [User=Thassanat Atithep (Thassanant.a@vistec.ac.th)] Acco CREATE_DATE is 2019-04-16 09:48:14 [File=/var/www/html/booking/Domain/Announcement.php,Line=171]
2019-08-13T17:10:01+07:00 [12241] DEBUG default - [User=Thassanat Atithep (Thassanant.a@vistec.ac.th)] Acco CREATE_DATE is 2019-04-16 09:58:53 [File=/var/www/html/booking/Domain/Announcement.php,Line=171]
2019-08-13T17:10:01+07:00 [12241] DEBUG default - [User=Thassanat Atithep (Thassanant.a@vistec.ac.th)] Acco CREATE_DATE is 2019-04-17 09:29:07 [File=/var/www/html/booking/Domain/Announcement.php,Line=171]
2019-08-13T17:10:01+07:00 [12241] DEBUG default - [User=Thassanat Atithep (Thassanant.a@vistec.ac.th)] Acco CREATE_DATE is 2019-04-18 10:04:35 [File=/var/www/html/booking/Domain/Announcement.php,Line=171]
2019-08-13T17:10:01+07:00 [12241] DEBUG default - [User=Thassanat Atithep (Thassanant.a@vistec.ac.th)] Acco CREATE_DATE is 2019-04-18 14:04:35 [File=/var/www/html/booking/Domain/Announcement.php,Line=171]
2019-08-13T17:10:01+07:00 [12241] DEBUG default - [User=Thassanat Atithep (Thassanant.a@vistec.ac.th)] Acco CREATE_DATE is 2019-04-26 09:51:22 [File=/var/www/html/booking/Domain/Announcement.php,Line=171]
2019-08-13T17:10:01+07:00 [12241] DEBUG default - [User=Thassanat Atithep (Thassanant.a@vistec.ac.th)] Acco CREATE_DATE is 2019-04-26 09:52:21 [File=/var/www/html/booking/Domain/Announcement.php,Line=171]
2019-08-13T17:10:01+07:00 [12241] DEBUG default - [User=Thassanat Atithep (Thassanant.a@vistec.ac.th)] Acco CREATE_DATE is 2019-04-29 14:45:41 [File=/var/www/html/booking/Domain/Announcement.php,Line=171]
2019-08-13T17:11:06+07:00 [9274] DEBUG default - [User=Thassanat Atithep (Thassanant.a@vistec.ac.th)] Acco CREATE_DATE is 2019-08-13 16:57:39 [File=/var/www/html/booking/Domain/Announcement.php,Line=171]
2019-08-13T17:11:06+07:00 [9274] DEBUG default - [User=Thassanat Atithep (Thassanant.a@vistec.ac.th)] Acco CREATE_DATE is 2019-08-09 10:52:33 [File=/var/www/html/booking/Domain/Announcement.php,Line=171]
2019-08-13T17:11:06+07:00 [9274] DEBUG default - [User=Thassanat Atithep (Thassanant.a@vistec.ac.th)] Acco CREATE_DATE is 2019-08-07 16:33:37 [File=/var/www/html/booking/Domain/Announcement.php,Line=171]
2019-08-13T17:11:06+07:00 [9274] DEBUG default - [User=Thassanat Atithep (Thassanant.a@vistec.ac.th)] Acco CREATE_DATE is 2019-08-13 16:49:05 [File=/var/www/html/booking/Domain/Announcement.php,Line=171]
2019-08-13T17:11:06+07:00 [9274] DEBUG default - [User=Thassanat Atithep (Thassanant.a@vistec.ac.th)] Acco CREATE_DATE is 2019-07-30 09:29:04 [File=/var/www/html/booking/Domain/Announcement.php,Line=171]
2019-08-13T17:11:06+07:00 [9274] DEBUG default - [User=Thassanat Atithep (Thassanant.a@vistec.ac.th)] Acco CREATE_DATE is 2019-07-16 13:01:35 [File=/var/www/html/booking/Domain/Announcement.php,Line=171]
2019-08-13T17:11:06+07:00 [9274] DEBUG default - [User=Thassanat Atithep (Thassanant.a@vistec.ac.th)] Acco CREATE_DATE is 2019-07-12 17:09:03 [File=/var/www/html/booking/Domain/Announcement.php,Line=171]
2019-08-13T17:11:06+07:00 [9274] DEBUG default - [User=Thassanat Atithep (Thassanant.a@vistec.ac.th)] Acco CREATE_DATE is 2019-07-09 13:50:08 [File=/var/www/html/booking/Domain/Announcement.php,Line=171]
2019-08-13T17:11:06+07:00 [9274] DEBUG default - [User=Thassanat Atithep (Thassanant.a@vistec.ac.th)] Acco CREATE_DATE is 2019-07-09 13:56:42 [File=/var/www/html/booking/Domain/Announcement.php,Line=171]
2019-08-13T17:11:06+07:00 [9274] DEBUG default - [User=Thassanat Atithep (Thassanant.a@vistec.ac.th)] Acco CREATE_DATE is 2019-07-08 14:31:56 [File=/var/www/html/booking/Domain/Announcement.php,Line=171]
2019-08-13T17:11:06+07:00 [9274] DEBUG default - [User=Thassanat Atithep (Thassanant.a@vistec.ac.th)] Acco CREATE_DATE is 2019-06-24 10:26:13 [File=/var/www/html/booking/Domain/Announcement.php,Line=171]
2019-08-13T17:11:06+07:00 [9274] DEBUG default - [User=Thassanat Atithep (Thassanant.a@vistec.ac.th)] Acco CREATE_DATE is 2019-06-24 10:30:58 [File=/var/www/html/booking/Domain/Announcement.php,Line=171]
2019-08-13T17:11:06+07:00 [9274] DEBUG default - [User=Thassanat Atithep (Thassanant.a@vistec.ac.th)] Acco CREATE_DATE is 2019-06-20 13:57:41 [File=/var/www/html/booking/Domain/Announcement.php,Line=171]
2019-08-13T17:11:06+07:00 [9274] DEBUG default - [User=Thassanat Atithep (Thassanant.a@vistec.ac.th)] Acco CREATE_DATE is 2019-06-18 13:08:23 [File=/var/www/html/booking/Domain/Announcement.php,Line=171]
2019-08-13T17:11:06+07:00 [9274] DEBUG default - [User=Thassanat Atithep (Thassanant.a@vistec.ac.th)] Acco CREATE_DATE is 2019-06-18 14:02:17 [File=/var/www/html/booking/Domain/Announcement.php,Line=171]
2019-08-13T17:11:06+07:00 [9274] DEBUG default - [User=Thassanat Atithep (Thassanant.a@vistec.ac.th)] Acco CREATE_DATE is 2019-06-17 10:00:48 [File=/var/www/html/booking/Domain/Announcement.php,Line=171]
2019-08-13T17:11:06+07:00 [9274] DEBUG default - [User=Thassanat Atithep (Thassanant.a@vistec.ac.th)] Acco CREATE_DATE is 2019-06-12 10:35:30 [File=/var/www/html/booking/Domain/Announcement.php,Line=171]
2019-08-13T17:11:06+07:00 [9274] DEBUG default - [User=Thassanat Atithep (Thassanant.a@vistec.ac.th)] Acco CREATE_DATE is 2019-06-05 08:53:27 [File=/var/www/html/booking/Domain/Announcement.php,Line=171]
2019-08-13T17:11:06+07:00 [9274] DEBUG default - [User=Thassanat Atithep (Thassanant.a@vistec.ac.th)] Acco CREATE_DATE is 2019-05-30 15:14:39 [File=/var/www/html/booking/Domain/Announcement.php,Line=171]
2019-08-13T17:11:06+07:00 [9274] DEBUG default - [User=Thassanat Atithep (Thassanant.a@vistec.ac.th)] Acco CREATE_DATE is 2019-05-27 14:17:33 [File=/var/www/html/booking/Domain/Announcement.php,Line=171]
2019-08-13T17:12:29+07:00 [12241] DEBUG default - [User=Thassanat Atithep (Thassanant.a@vistec.ac.th)] Action passed all validations [File=/var/www/html/booking/Pages/ActionPage.php,Line=108]
2019-08-13T17:12:29+07:00 [12241] DEBUG default - [User=Thassanat Atithep (Thassanant.a@vistec.ac.th)] Processing page action. Action changeAnnouncement [File=/var/www/html/booking/Presenters/ActionPresenter.php,Line=88]
2019-08-13T17:12:29+07:00 [12241] DEBUG default - [User=Thassanat Atithep (Thassanant.a@vistec.ac.th)] Changing Announcement with id 73 [File=/var/www/html/booking/Presenters/Admin/ManageAnnouncementsPresenter.php,Line=137]
2019-08-13T17:12:29+07:00 [12241] DEBUG default - [User=Thassanat Atithep (Thassanant.a@vistec.ac.th)] Acco CREATE_DATE is 2019-08-13 16:57:39 [File=/var/www/html/booking/Domain/Announcement.php,Line=171]
2019-08-13T17:12:29+07:00 [12241] DEBUG default - [User=Thassanat Atithep (Thassanant.a@vistec.ac.th)] Update Announcement [File=/var/www/html/booking/Domain/Access/AnnouncementRepository.php,Line=169]
2019-08-13T17:12:30+07:00 [19289] DEBUG default - [User=Thassanat Atithep (Thassanant.a@vistec.ac.th)] Acco CREATE_DATE is 2019-08-13 17:12:29 [File=/var/www/html/booking/Domain/Announcement.php,Line=171]
2019-08-13T17:12:30+07:00 [19289] DEBUG default - [User=Thassanat Atithep (Thassanant.a@vistec.ac.th)] Acco CREATE_DATE is 2019-08-09 10:52:33 [File=/var/www/html/booking/Domain/Announcement.php,Line=171]
2019-08-13T17:12:30+07:00 [19289] DEBUG default - [User=Thassanat Atithep (Thassanant.a@vistec.ac.th)] Acco CREATE_DATE is 2019-08-07 16:33:37 [File=/var/www/html/booking/Domain/Announcement.php,Line=171]
2019-08-13T17:12:30+07:00 [19289] DEBUG default - [User=Thassanat Atithep (Thassanant.a@vistec.ac.th)] Acco CREATE_DATE is 2019-08-13 16:49:05 [File=/var/www/html/booking/Domain/Announcement.php,Line=171]
2019-08-13T17:12:30+07:00 [19289] DEBUG default - [User=Thassanat Atithep (Thassanant.a@vistec.ac.th)] Acco CREATE_DATE is 2019-07-30 09:29:04 [File=/var/www/html/booking/Domain/Announcement.php,Line=171]
2019-08-13T17:12:30+07:00 [19289] DEBUG default - [User=Thassanat Atithep (Thassanant.a@vistec.ac.th)] Acco CREATE_DATE is 2019-07-16 13:01:35 [File=/var/www/html/booking/Domain/Announcement.php,Line=171]
2019-08-13T17:12:30+07:00 [19289] DEBUG default - [User=Thassanat Atithep (Thassanant.a@vistec.ac.th)] Acco CREATE_DATE is 2019-07-12 17:09:03 [File=/var/www/html/booking/Domain/Announcement.php,Line=171]
2019-08-13T17:12:30+07:00 [19289] DEBUG default - [User=Thassanat Atithep (Thassanant.a@vistec.ac.th)] Acco CREATE_DATE is 2019-07-09 13:50:08 [File=/var/www/html/booking/Domain/Announcement.php,Line=171]
2019-08-13T17:12:30+07:00 [19289] DEBUG default - [User=Thassanat Atithep (Thassanant.a@vistec.ac.th)] Acco CREATE_DATE is 2019-07-09 13:56:42 [File=/var/www/html/booking/Domain/Announcement.php,Line=171]
2019-08-13T17:12:30+07:00 [19289] DEBUG default - [User=Thassanat Atithep (Thassanant.a@vistec.ac.th)] Acco CREATE_DATE is 2019-07-08 14:31:56 [File=/var/www/html/booking/Domain/Announcement.php,Line=171]
2019-08-13T17:12:30+07:00 [19289] DEBUG default - [User=Thassanat Atithep (Thassanant.a@vistec.ac.th)] Acco CREATE_DATE is 2019-06-24 10:26:13 [File=/var/www/html/booking/Domain/Announcement.php,Line=171]
2019-08-13T17:12:30+07:00 [19289] DEBUG default - [User=Thassanat Atithep (Thassanant.a@vistec.ac.th)] Acco CREATE_DATE is 2019-06-24 10:30:58 [File=/var/www/html/booking/Domain/Announcement.php,Line=171]
2019-08-13T17:12:30+07:00 [19289] DEBUG default - [User=Thassanat Atithep (Thassanant.a@vistec.ac.th)] Acco CREATE_DATE is 2019-06-20 13:57:41 [File=/var/www/html/booking/Domain/Announcement.php,Line=171]
2019-08-13T17:12:30+07:00 [19289] DEBUG default - [User=Thassanat Atithep (Thassanant.a@vistec.ac.th)] Acco CREATE_DATE is 2019-06-18 13:08:23 [File=/var/www/html/booking/Domain/Announcement.php,Line=171]
2019-08-13T17:12:30+07:00 [19289] DEBUG default - [User=Thassanat Atithep (Thassanant.a@vistec.ac.th)] Acco CREATE_DATE is 2019-06-18 14:02:17 [File=/var/www/html/booking/Domain/Announcement.php,Line=171]
2019-08-13T17:12:30+07:00 [19289] DEBUG default - [User=Thassanat Atithep (Thassanant.a@vistec.ac.th)] Acco CREATE_DATE is 2019-06-17 10:00:48 [File=/var/www/html/booking/Domain/Announcement.php,Line=171]
2019-08-13T17:12:30+07:00 [19289] DEBUG default - [User=Thassanat Atithep (Thassanant.a@vistec.ac.th)] Acco CREATE_DATE is 2019-06-12 10:35:30 [File=/var/www/html/booking/Domain/Announcement.php,Line=171]
2019-08-13T17:12:30+07:00 [19289] DEBUG default - [User=Thassanat Atithep (Thassanant.a@vistec.ac.th)] Acco CREATE_DATE is 2019-06-05 08:53:27 [File=/var/www/html/booking/Domain/Announcement.php,Line=171]
2019-08-13T17:12:30+07:00 [19289] DEBUG default - [User=Thassanat Atithep (Thassanant.a@vistec.ac.th)] Acco CREATE_DATE is 2019-05-30 15:14:39 [File=/var/www/html/booking/Domain/Announcement.php,Line=171]
2019-08-13T17:12:30+07:00 [19289] DEBUG default - [User=Thassanat Atithep (Thassanant.a@vistec.ac.th)] Acco CREATE_DATE is 2019-05-27 14:17:33 [File=/var/www/html/booking/Domain/Announcement.php,Line=171]
2019-08-13T17:15:15+07:00 [9274] DEBUG default - [User=Thassanat Atithep (Thassanant.a@vistec.ac.th)] Action passed all validations [File=/var/www/html/booking/Pages/ActionPage.php,Line=108]
2019-08-13T17:15:15+07:00 [9274] DEBUG default - [User=Thassanat Atithep (Thassanant.a@vistec.ac.th)] Processing page action. Action changeAnnouncement [File=/var/www/html/booking/Presenters/ActionPresenter.php,Line=88]
2019-08-13T17:15:15+07:00 [9274] DEBUG default - [User=Thassanat Atithep (Thassanant.a@vistec.ac.th)] Changing Announcement with id 74 [File=/var/www/html/booking/Presenters/Admin/ManageAnnouncementsPresenter.php,Line=137]
2019-08-13T17:15:15+07:00 [9274] DEBUG default - [User=Thassanat Atithep (Thassanant.a@vistec.ac.th)] Acco CREATE_DATE is 2019-08-13 17:12:29 [File=/var/www/html/booking/Domain/Announcement.php,Line=171]
2019-08-13T17:15:15+07:00 [9274] DEBUG default - [User=Thassanat Atithep (Thassanant.a@vistec.ac.th)] Update Announcement [File=/var/www/html/booking/Domain/Access/AnnouncementRepository.php,Line=169]
2019-08-13T17:15:15+07:00 [12241] DEBUG default - [User=Thassanat Atithep (Thassanant.a@vistec.ac.th)] Acco CREATE_DATE is 2019-08-13 17:15:15 [File=/var/www/html/booking/Domain/Announcement.php,Line=171]
2019-08-13T17:15:15+07:00 [12241] DEBUG default - [User=Thassanat Atithep (Thassanant.a@vistec.ac.th)] Acco CREATE_DATE is 2019-08-09 10:52:33 [File=/var/www/html/booking/Domain/Announcement.php,Line=171]
2019-08-13T17:15:15+07:00 [12241] DEBUG default - [User=Thassanat Atithep (Thassanant.a@vistec.ac.th)] Acco CREATE_DATE is 2019-08-07 16:33:37 [File=/var/www/html/booking/Domain/Announcement.php,Line=171]
2019-08-13T17:15:15+07:00 [12241] DEBUG default - [User=Thassanat Atithep (Thassanant.a@vistec.ac.th)] Acco CREATE_DATE is 2019-08-13 16:49:05 [File=/var/www/html/booking/Domain/Announcement.php,Line=171]
2019-08-13T17:15:15+07:00 [12241] DEBUG default - [User=Thassanat Atithep (Thassanant.a@vistec.ac.th)] Acco CREATE_DATE is 2019-07-30 09:29:04 [File=/var/www/html/booking/Domain/Announcement.php,Line=171]
2019-08-13T17:15:15+07:00 [12241] DEBUG default - [User=Thassanat Atithep (Thassanant.a@vistec.ac.th)] Acco CREATE_DATE is 2019-07-16 13:01:35 [File=/var/www/html/booking/Domain/Announcement.php,Line=171]
2019-08-13T17:15:15+07:00 [12241] DEBUG default - [User=Thassanat Atithep (Thassanant.a@vistec.ac.th)] Acco CREATE_DATE is 2019-07-12 17:09:03 [File=/var/www/html/booking/Domain/Announcement.php,Line=171]
2019-08-13T17:15:15+07:00 [12241] DEBUG default - [User=Thassanat Atithep (Thassanant.a@vistec.ac.th)] Acco CREATE_DATE is 2019-07-09 13:50:08 [File=/var/www/html/booking/Domain/Announcement.php,Line=171]
2019-08-13T17:15:15+07:00 [12241] DEBUG default - [User=Thassanat Atithep (Thassanant.a@vistec.ac.th)] Acco CREATE_DATE is 2019-07-09 13:56:42 [File=/var/www/html/booking/Domain/Announcement.php,Line=171]
2019-08-13T17:15:15+07:00 [12241] DEBUG default - [User=Thassanat Atithep (Thassanant.a@vistec.ac.th)] Acco CREATE_DATE is 2019-07-08 14:31:56 [File=/var/www/html/booking/Domain/Announcement.php,Line=171]
2019-08-13T17:15:15+07:00 [12241] DEBUG default - [User=Thassanat Atithep (Thassanant.a@vistec.ac.th)] Acco CREATE_DATE is 2019-06-24 10:26:13 [File=/var/www/html/booking/Domain/Announcement.php,Line=171]
2019-08-13T17:15:15+07:00 [12241] DEBUG default - [User=Thassanat Atithep (Thassanant.a@vistec.ac.th)] Acco CREATE_DATE is 2019-06-24 10:30:58 [File=/var/www/html/booking/Domain/Announcement.php,Line=171]
2019-08-13T17:15:15+07:00 [12241] DEBUG default - [User=Thassanat Atithep (Thassanant.a@vistec.ac.th)] Acco CREATE_DATE is 2019-06-20 13:57:41 [File=/var/www/html/booking/Domain/Announcement.php,Line=171]
2019-08-13T17:15:15+07:00 [12241] DEBUG default - [User=Thassanat Atithep (Thassanant.a@vistec.ac.th)] Acco CREATE_DATE is 2019-06-18 13:08:23 [File=/var/www/html/booking/Domain/Announcement.php,Line=171]
2019-08-13T17:15:15+07:00 [12241] DEBUG default - [User=Thassanat Atithep (Thassanant.a@vistec.ac.th)] Acco CREATE_DATE is 2019-06-18 14:02:17 [File=/var/www/html/booking/Domain/Announcement.php,Line=171]
2019-08-13T17:15:15+07:00 [12241] DEBUG default - [User=Thassanat Atithep (Thassanant.a@vistec.ac.th)] Acco CREATE_DATE is 2019-06-17 10:00:48 [File=/var/www/html/booking/Domain/Announcement.php,Line=171]
2019-08-13T17:15:15+07:00 [12241] DEBUG default - [User=Thassanat Atithep (Thassanant.a@vistec.ac.th)] Acco CREATE_DATE is 2019-06-12 10:35:30 [File=/var/www/html/booking/Domain/Announcement.php,Line=171]
2019-08-13T17:15:15+07:00 [12241] DEBUG default - [User=Thassanat Atithep (Thassanant.a@vistec.ac.th)] Acco CREATE_DATE is 2019-06-05 08:53:27 [File=/var/www/html/booking/Domain/Announcement.php,Line=171]
2019-08-13T17:15:15+07:00 [12241] DEBUG default - [User=Thassanat Atithep (Thassanant.a@vistec.ac.th)] Acco CREATE_DATE is 2019-05-30 15:14:39 [File=/var/www/html/booking/Domain/Announcement.php,Line=171]
2019-08-13T17:15:15+07:00 [12241] DEBUG default - [User=Thassanat Atithep (Thassanant.a@vistec.ac.th)] Acco CREATE_DATE is 2019-05-27 14:17:33 [File=/var/www/html/booking/Domain/Announcement.php,Line=171]
2019-08-13T17:16:32+07:00 [9274] DEBUG default - [User=Thassanat Atithep (Thassanant.a@vistec.ac.th)] Acco CREATE_DATE is 2019-08-13 17:15:15 [File=/var/www/html/booking/Domain/Announcement.php,Line=171]
2019-08-13T17:16:32+07:00 [9274] DEBUG default - [User=Thassanat Atithep (Thassanant.a@vistec.ac.th)] Acco CREATE_DATE is 2019-08-09 10:52:33 [File=/var/www/html/booking/Domain/Announcement.php,Line=171]
2019-08-13T17:16:32+07:00 [9274] DEBUG default - [User=Thassanat Atithep (Thassanant.a@vistec.ac.th)] Acco CREATE_DATE is 2019-08-07 16:33:37 [File=/var/www/html/booking/Domain/Announcement.php,Line=171]
2019-08-13T17:16:32+07:00 [9274] DEBUG default - [User=Thassanat Atithep (Thassanant.a@vistec.ac.th)] Acco CREATE_DATE is 2019-08-13 16:49:05 [File=/var/www/html/booking/Domain/Announcement.php,Line=171]
2019-08-13T17:16:32+07:00 [9274] DEBUG default - [User=Thassanat Atithep (Thassanant.a@vistec.ac.th)] Acco CREATE_DATE is 2019-07-30 09:29:04 [File=/var/www/html/booking/Domain/Announcement.php,Line=171]
2019-08-13T17:16:32+07:00 [9274] DEBUG default - [User=Thassanat Atithep (Thassanant.a@vistec.ac.th)] Acco CREATE_DATE is 2019-07-16 13:01:35 [File=/var/www/html/booking/Domain/Announcement.php,Line=171]
2019-08-13T17:16:32+07:00 [9274] DEBUG default - [User=Thassanat Atithep (Thassanant.a@vistec.ac.th)] Acco CREATE_DATE is 2019-07-12 17:09:03 [File=/var/www/html/booking/Domain/Announcement.php,Line=171]
2019-08-13T17:16:32+07:00 [9274] DEBUG default - [User=Thassanat Atithep (Thassanant.a@vistec.ac.th)] Acco CREATE_DATE is 2019-07-09 13:50:08 [File=/var/www/html/booking/Domain/Announcement.php,Line=171]
2019-08-13T17:16:32+07:00 [9274] DEBUG default - [User=Thassanat Atithep (Thassanant.a@vistec.ac.th)] Acco CREATE_DATE is 2019-07-09 13:56:42 [File=/var/www/html/booking/Domain/Announcement.php,Line=171]
2019-08-13T17:16:32+07:00 [9274] DEBUG default - [User=Thassanat Atithep (Thassanant.a@vistec.ac.th)] Acco CREATE_DATE is 2019-07-08 14:31:56 [File=/var/www/html/booking/Domain/Announcement.php,Line=171]
2019-08-13T17:16:32+07:00 [9274] DEBUG default - [User=Thassanat Atithep (Thassanant.a@vistec.ac.th)] Acco CREATE_DATE is 2019-06-24 10:26:13 [File=/var/www/html/booking/Domain/Announcement.php,Line=171]
2019-08-13T17:16:32+07:00 [9274] DEBUG default - [User=Thassanat Atithep (Thassanant.a@vistec.ac.th)] Acco CREATE_DATE is 2019-06-24 10:30:58 [File=/var/www/html/booking/Domain/Announcement.php,Line=171]
2019-08-13T17:16:32+07:00 [9274] DEBUG default - [User=Thassanat Atithep (Thassanant.a@vistec.ac.th)] Acco CREATE_DATE is 2019-06-20 13:57:41 [File=/var/www/html/booking/Domain/Announcement.php,Line=171]
2019-08-13T17:16:32+07:00 [9274] DEBUG default - [User=Thassanat Atithep (Thassanant.a@vistec.ac.th)] Acco CREATE_DATE is 2019-06-18 13:08:23 [File=/var/www/html/booking/Domain/Announcement.php,Line=171]
2019-08-13T17:16:32+07:00 [9274] DEBUG default - [User=Thassanat Atithep (Thassanant.a@vistec.ac.th)] Acco CREATE_DATE is 2019-06-18 14:02:17 [File=/var/www/html/booking/Domain/Announcement.php,Line=171]
2019-08-13T17:16:32+07:00 [9274] DEBUG default - [User=Thassanat Atithep (Thassanant.a@vistec.ac.th)] Acco CREATE_DATE is 2019-06-17 10:00:48 [File=/var/www/html/booking/Domain/Announcement.php,Line=171]
2019-08-13T17:16:32+07:00 [9274] DEBUG default - [User=Thassanat Atithep (Thassanant.a@vistec.ac.th)] Acco CREATE_DATE is 2019-06-12 10:35:30 [File=/var/www/html/booking/Domain/Announcement.php,Line=171]
2019-08-13T17:16:32+07:00 [9274] DEBUG default - [User=Thassanat Atithep (Thassanant.a@vistec.ac.th)] Acco CREATE_DATE is 2019-06-05 08:53:27 [File=/var/www/html/booking/Domain/Announcement.php,Line=171]
2019-08-13T17:16:32+07:00 [9274] DEBUG default - [User=Thassanat Atithep (Thassanant.a@vistec.ac.th)] Acco CREATE_DATE is 2019-05-30 15:14:39 [File=/var/www/html/booking/Domain/Announcement.php,Line=171]
2019-08-13T17:16:32+07:00 [9274] DEBUG default - [User=Thassanat Atithep (Thassanant.a@vistec.ac.th)] Acco CREATE_DATE is 2019-05-27 14:17:33 [File=/var/www/html/booking/Domain/Announcement.php,Line=171]
2019-08-13T17:26:40+07:00 [19289] DEBUG default - [User=Thassanat Atithep (Thassanant.a@vistec.ac.th)] Action passed all validations [File=/var/www/html/booking/Pages/ActionPage.php,Line=108]
2019-08-13T17:26:40+07:00 [19289] DEBUG default - [User=Thassanat Atithep (Thassanant.a@vistec.ac.th)] Processing page action. Action changeAnnouncement [File=/var/www/html/booking/Presenters/ActionPresenter.php,Line=88]
2019-08-13T17:26:40+07:00 [19289] DEBUG default - [User=Thassanat Atithep (Thassanant.a@vistec.ac.th)] Changing Announcement with id 75 [File=/var/www/html/booking/Presenters/Admin/ManageAnnouncementsPresenter.php,Line=137]
2019-08-13T17:26:40+07:00 [19289] DEBUG default - [User=Thassanat Atithep (Thassanant.a@vistec.ac.th)] Acco CREATE_DATE is 2019-08-13 17:15:15 [File=/var/www/html/booking/Domain/Announcement.php,Line=171]
2019-08-13T17:26:40+07:00 [19289] DEBUG default - [User=Thassanat Atithep (Thassanant.a@vistec.ac.th)] Update Announcement [File=/var/www/html/booking/Domain/Access/AnnouncementRepository.php,Line=169]
2019-08-13T17:26:40+07:00 [9274] DEBUG default - [User=Thassanat Atithep (Thassanant.a@vistec.ac.th)] Acco CREATE_DATE is 2019-08-13 17:26:40 [File=/var/www/html/booking/Domain/Announcement.php,Line=171]
2019-08-13T17:26:40+07:00 [9274] DEBUG default - [User=Thassanat Atithep (Thassanant.a@vistec.ac.th)] Acco CREATE_DATE is 2019-08-09 10:52:33 [File=/var/www/html/booking/Domain/Announcement.php,Line=171]
2019-08-13T17:26:40+07:00 [9274] DEBUG default - [User=Thassanat Atithep (Thassanant.a@vistec.ac.th)] Acco CREATE_DATE is 2019-08-07 16:33:37 [File=/var/www/html/booking/Domain/Announcement.php,Line=171]
2019-08-13T17:26:40+07:00 [9274] DEBUG default - [User=Thassanat Atithep (Thassanant.a@vistec.ac.th)] Acco CREATE_DATE is 2019-08-13 16:49:05 [File=/var/www/html/booking/Domain/Announcement.php,Line=171]
2019-08-13T17:26:40+07:00 [9274] DEBUG default - [User=Thassanat Atithep (Thassanant.a@vistec.ac.th)] Acco CREATE_DATE is 2019-07-30 09:29:04 [File=/var/www/html/booking/Domain/Announcement.php,Line=171]
2019-08-13T17:26:40+07:00 [9274] DEBUG default - [User=Thassanat Atithep (Thassanant.a@vistec.ac.th)] Acco CREATE_DATE is 2019-07-16 13:01:35 [File=/var/www/html/booking/Domain/Announcement.php,Line=171]
2019-08-13T17:26:40+07:00 [9274] DEBUG default - [User=Thassanat Atithep (Thassanant.a@vistec.ac.th)] Acco CREATE_DATE is 2019-07-12 17:09:03 [File=/var/www/html/booking/Domain/Announcement.php,Line=171]
2019-08-13T17:26:40+07:00 [9274] DEBUG default - [User=Thassanat Atithep (Thassanant.a@vistec.ac.th)] Acco CREATE_DATE is 2019-07-09 13:50:08 [File=/var/www/html/booking/Domain/Announcement.php,Line=171]
2019-08-13T17:26:40+07:00 [9274] DEBUG default - [User=Thassanat Atithep (Thassanant.a@vistec.ac.th)] Acco CREATE_DATE is 2019-07-09 13:56:42 [File=/var/www/html/booking/Domain/Announcement.php,Line=171]
2019-08-13T17:26:40+07:00 [9274] DEBUG default - [User=Thassanat Atithep (Thassanant.a@vistec.ac.th)] Acco CREATE_DATE is 2019-07-08 14:31:56 [File=/var/www/html/booking/Domain/Announcement.php,Line=171]
2019-08-13T17:26:40+07:00 [9274] DEBUG default - [User=Thassanat Atithep (Thassanant.a@vistec.ac.th)] Acco CREATE_DATE is 2019-06-24 10:26:13 [File=/var/www/html/booking/Domain/Announcement.php,Line=171]
2019-08-13T17:26:40+07:00 [9274] DEBUG default - [User=Thassanat Atithep (Thassanant.a@vistec.ac.th)] Acco CREATE_DATE is 2019-06-24 10:30:58 [File=/var/www/html/booking/Domain/Announcement.php,Line=171]
2019-08-13T17:26:40+07:00 [9274] DEBUG default - [User=Thassanat Atithep (Thassanant.a@vistec.ac.th)] Acco CREATE_DATE is 2019-06-20 13:57:41 [File=/var/www/html/booking/Domain/Announcement.php,Line=171]
2019-08-13T17:26:40+07:00 [9274] DEBUG default - [User=Thassanat Atithep (Thassanant.a@vistec.ac.th)] Acco CREATE_DATE is 2019-06-18 13:08:23 [File=/var/www/html/booking/Domain/Announcement.php,Line=171]
2019-08-13T17:26:40+07:00 [9274] DEBUG default - [User=Thassanat Atithep (Thassanant.a@vistec.ac.th)] Acco CREATE_DATE is 2019-06-18 14:02:17 [File=/var/www/html/booking/Domain/Announcement.php,Line=171]
2019-08-13T17:26:40+07:00 [9274] DEBUG default - [User=Thassanat Atithep (Thassanant.a@vistec.ac.th)] Acco CREATE_DATE is 2019-06-17 10:00:48 [File=/var/www/html/booking/Domain/Announcement.php,Line=171]
2019-08-13T17:26:40+07:00 [9274] DEBUG default - [User=Thassanat Atithep (Thassanant.a@vistec.ac.th)] Acco CREATE_DATE is 2019-06-12 10:35:30 [File=/var/www/html/booking/Domain/Announcement.php,Line=171]
2019-08-13T17:26:40+07:00 [9274] DEBUG default - [User=Thassanat Atithep (Thassanant.a@vistec.ac.th)] Acco CREATE_DATE is 2019-06-05 08:53:27 [File=/var/www/html/booking/Domain/Announcement.php,Line=171]
2019-08-13T17:26:40+07:00 [9274] DEBUG default - [User=Thassanat Atithep (Thassanant.a@vistec.ac.th)] Acco CREATE_DATE is 2019-05-30 15:14:39 [File=/var/www/html/booking/Domain/Announcement.php,Line=171]
2019-08-13T17:26:40+07:00 [9274] DEBUG default - [User=Thassanat Atithep (Thassanant.a@vistec.ac.th)] Acco CREATE_DATE is 2019-05-27 14:17:33 [File=/var/www/html/booking/Domain/Announcement.php,Line=171]
2019-08-13T18:40:32+07:00 [12241] DEBUG default - [User=Admin A. (somlak.i@vistec.ac.th)] Action passed all validations [File=/var/www/html/booking/Pages/ActionPage.php,Line=108]
2019-08-13T18:40:32+07:00 [12241] DEBUG default - [User=Admin A. (somlak.i@vistec.ac.th)] Processing page action. Action load [File=/var/www/html/booking/Presenters/ActionPresenter.php,Line=88]
2019-08-13T18:40:32+07:00 [12241] DEBUG default - [User=Admin A. (somlak.i@vistec.ac.th)] Loading blackout for editing. Id=89 [File=/var/www/html/booking/Presenters/Admin/ManageBlackoutsPresenter.php,Line=254]
2019-08-13T18:41:30+07:00 [19289] DEBUG default - [User=Admin A. (somlak.i@vistec.ac.th)] Action passed all validations [File=/var/www/html/booking/Pages/ActionPage.php,Line=108]
2019-08-13T18:41:30+07:00 [19289] DEBUG default - [User=Admin A. (somlak.i@vistec.ac.th)] Processing page action. Action update [File=/var/www/html/booking/Presenters/ActionPresenter.php,Line=88]
2019-08-13T18:41:30+07:00 [19289] DEBUG default - [User=Admin A. (somlak.i@vistec.ac.th)] Updating blackout. BlackoutId=89, UpdateScope=full [File=/var/www/html/booking/Presenters/Admin/ManageBlackoutsPresenter.php,Line=325]
2019-08-13T18:43:07+07:00 [9274] DEBUG default - [User=Admin A. (somlak.i@vistec.ac.th)] Action passed all validations [File=/var/www/html/booking/Pages/ActionPage.php,Line=108]
2019-08-13T18:43:07+07:00 [9274] DEBUG default - [User=Admin A. (somlak.i@vistec.ac.th)] Processing page action. Action load [File=/var/www/html/booking/Presenters/ActionPresenter.php,Line=88]
2019-08-13T18:43:07+07:00 [9274] DEBUG default - [User=Admin A. (somlak.i@vistec.ac.th)] Loading blackout for editing. Id=90 [File=/var/www/html/booking/Presenters/Admin/ManageBlackoutsPresenter.php,Line=254]
2019-08-13T18:44:02+07:00 [12241] DEBUG default - [User=Admin A. (somlak.i@vistec.ac.th)] Action passed all validations [File=/var/www/html/booking/Pages/ActionPage.php,Line=108]
2019-08-13T18:44:02+07:00 [12241] DEBUG default - [User=Admin A. (somlak.i@vistec.ac.th)] Processing page action. Action update [File=/var/www/html/booking/Presenters/ActionPresenter.php,Line=88]
2019-08-13T18:44:02+07:00 [12241] DEBUG default - [User=Admin A. (somlak.i@vistec.ac.th)] Updating blackout. BlackoutId=90, UpdateScope=full [File=/var/www/html/booking/Presenters/Admin/ManageBlackoutsPresenter.php,Line=325]
2019-08-13T19:34:18+07:00 [19289] DEBUG default - [User=Admin A. (somlak.i@vistec.ac.th)] Acco CREATE_DATE is 2019-08-13 17:26:40 [File=/var/www/html/booking/Domain/Announcement.php,Line=171]
2019-08-13T19:34:18+07:00 [19289] DEBUG default - [User=Admin A. (somlak.i@vistec.ac.th)] Acco CREATE_DATE is 2019-08-09 10:52:33 [File=/var/www/html/booking/Domain/Announcement.php,Line=171]
2019-08-13T19:34:18+07:00 [19289] DEBUG default - [User=Admin A. (somlak.i@vistec.ac.th)] Acco CREATE_DATE is 2019-08-07 16:33:37 [File=/var/www/html/booking/Domain/Announcement.php,Line=171]
2019-08-13T19:34:18+07:00 [19289] DEBUG default - [User=Admin A. (somlak.i@vistec.ac.th)] Acco CREATE_DATE is 2019-08-13 16:49:05 [File=/var/www/html/booking/Domain/Announcement.php,Line=171]
2019-08-13T19:34:18+07:00 [19289] DEBUG default - [User=Admin A. (somlak.i@vistec.ac.th)] Acco CREATE_DATE is 2019-07-30 09:29:04 [File=/var/www/html/booking/Domain/Announcement.php,Line=171]
2019-08-13T19:34:18+07:00 [19289] DEBUG default - [User=Admin A. (somlak.i@vistec.ac.th)] Acco CREATE_DATE is 2019-07-16 13:01:35 [File=/var/www/html/booking/Domain/Announcement.php,Line=171]
2019-08-13T19:34:18+07:00 [19289] DEBUG default - [User=Admin A. (somlak.i@vistec.ac.th)] Acco CREATE_DATE is 2019-07-12 17:09:03 [File=/var/www/html/booking/Domain/Announcement.php,Line=171]
2019-08-13T19:34:18+07:00 [19289] DEBUG default - [User=Admin A. (somlak.i@vistec.ac.th)] Acco CREATE_DATE is 2019-07-09 13:50:08 [File=/var/www/html/booking/Domain/Announcement.php,Line=171]
2019-08-13T19:34:18+07:00 [19289] DEBUG default - [User=Admin A. (somlak.i@vistec.ac.th)] Acco CREATE_DATE is 2019-07-09 13:56:42 [File=/var/www/html/booking/Domain/Announcement.php,Line=171]
2019-08-13T19:34:18+07:00 [19289] DEBUG default - [User=Admin A. (somlak.i@vistec.ac.th)] Acco CREATE_DATE is 2019-07-08 14:31:56 [File=/var/www/html/booking/Domain/Announcement.php,Line=171]
2019-08-13T19:34:18+07:00 [19289] DEBUG default - [User=Admin A. (somlak.i@vistec.ac.th)] Acco CREATE_DATE is 2019-06-24 10:26:13 [File=/var/www/html/booking/Domain/Announcement.php,Line=171]
2019-08-13T19:34:18+07:00 [19289] DEBUG default - [User=Admin A. (somlak.i@vistec.ac.th)] Acco CREATE_DATE is 2019-06-24 10:30:58 [File=/var/www/html/booking/Domain/Announcement.php,Line=171]
2019-08-13T19:34:18+07:00 [19289] DEBUG default - [User=Admin A. (somlak.i@vistec.ac.th)] Acco CREATE_DATE is 2019-06-20 13:57:41 [File=/var/www/html/booking/Domain/Announcement.php,Line=171]
2019-08-13T19:34:18+07:00 [19289] DEBUG default - [User=Admin A. (somlak.i@vistec.ac.th)] Acco CREATE_DATE is 2019-06-18 13:08:23 [File=/var/www/html/booking/Domain/Announcement.php,Line=171]
2019-08-13T19:34:18+07:00 [19289] DEBUG default - [User=Admin A. (somlak.i@vistec.ac.th)] Acco CREATE_DATE is 2019-06-18 14:02:17 [File=/var/www/html/booking/Domain/Announcement.php,Line=171]
2019-08-13T19:34:18+07:00 [19289] DEBUG default - [User=Admin A. (somlak.i@vistec.ac.th)] Acco CREATE_DATE is 2019-06-17 10:00:48 [File=/var/www/html/booking/Domain/Announcement.php,Line=171]
2019-08-13T19:34:18+07:00 [19289] DEBUG default - [User=Admin A. (somlak.i@vistec.ac.th)] Acco CREATE_DATE is 2019-06-12 10:35:30 [File=/var/www/html/booking/Domain/Announcement.php,Line=171]
2019-08-13T19:34:18+07:00 [19289] DEBUG default - [User=Admin A. (somlak.i@vistec.ac.th)] Acco CREATE_DATE is 2019-06-05 08:53:27 [File=/var/www/html/booking/Domain/Announcement.php,Line=171]
2019-08-13T19:34:18+07:00 [19289] DEBUG default - [User=Admin A. (somlak.i@vistec.ac.th)] Acco CREATE_DATE is 2019-05-30 15:14:39 [File=/var/www/html/booking/Domain/Announcement.php,Line=171]
2019-08-13T19:34:18+07:00 [19289] DEBUG default - [User=Admin A. (somlak.i@vistec.ac.th)] Acco CREATE_DATE is 2019-05-27 14:17:33 [File=/var/www/html/booking/Domain/Announcement.php,Line=171]
2019-08-13T19:34:24+07:00 [9274] DEBUG default - [User=Admin A. (somlak.i@vistec.ac.th)] Acco CREATE_DATE is 2019-08-13 17:26:40 [File=/var/www/html/booking/Domain/Announcement.php,Line=171]
2019-08-13T19:34:24+07:00 [9274] DEBUG default - [User=Admin A. (somlak.i@vistec.ac.th)] Acco CREATE_DATE is 2019-08-09 10:52:33 [File=/var/www/html/booking/Domain/Announcement.php,Line=171]
2019-08-13T19:34:24+07:00 [9274] DEBUG default - [User=Admin A. (somlak.i@vistec.ac.th)] Acco CREATE_DATE is 2019-08-07 16:33:37 [File=/var/www/html/booking/Domain/Announcement.php,Line=171]
2019-08-13T19:34:24+07:00 [9274] DEBUG default - [User=Admin A. (somlak.i@vistec.ac.th)] Acco CREATE_DATE is 2019-08-13 16:49:05 [File=/var/www/html/booking/Domain/Announcement.php,Line=171]
2019-08-13T19:34:24+07:00 [9274] DEBUG default - [User=Admin A. (somlak.i@vistec.ac.th)] Acco CREATE_DATE is 2019-07-30 09:29:04 [File=/var/www/html/booking/Domain/Announcement.php,Line=171]
2019-08-13T19:34:24+07:00 [9274] DEBUG default - [User=Admin A. (somlak.i@vistec.ac.th)] Acco CREATE_DATE is 2019-07-16 13:01:35 [File=/var/www/html/booking/Domain/Announcement.php,Line=171]
2019-08-13T19:34:24+07:00 [9274] DEBUG default - [User=Admin A. (somlak.i@vistec.ac.th)] Acco CREATE_DATE is 2019-07-12 17:09:03 [File=/var/www/html/booking/Domain/Announcement.php,Line=171]
2019-08-13T19:34:24+07:00 [9274] DEBUG default - [User=Admin A. (somlak.i@vistec.ac.th)] Acco CREATE_DATE is 2019-07-09 13:50:08 [File=/var/www/html/booking/Domain/Announcement.php,Line=171]
2019-08-13T19:34:24+07:00 [9274] DEBUG default - [User=Admin A. (somlak.i@vistec.ac.th)] Acco CREATE_DATE is 2019-07-09 13:56:42 [File=/var/www/html/booking/Domain/Announcement.php,Line=171]
2019-08-13T19:34:24+07:00 [9274] DEBUG default - [User=Admin A. (somlak.i@vistec.ac.th)] Acco CREATE_DATE is 2019-07-08 14:31:56 [File=/var/www/html/booking/Domain/Announcement.php,Line=171]
2019-08-13T19:34:24+07:00 [9274] DEBUG default - [User=Admin A. (somlak.i@vistec.ac.th)] Acco CREATE_DATE is 2019-06-24 10:26:13 [File=/var/www/html/booking/Domain/Announcement.php,Line=171]
2019-08-13T19:34:24+07:00 [9274] DEBUG default - [User=Admin A. (somlak.i@vistec.ac.th)] Acco CREATE_DATE is 2019-06-24 10:30:58 [File=/var/www/html/booking/Domain/Announcement.php,Line=171]
2019-08-13T19:34:24+07:00 [9274] DEBUG default - [User=Admin A. (somlak.i@vistec.ac.th)] Acco CREATE_DATE is 2019-06-20 13:57:41 [File=/var/www/html/booking/Domain/Announcement.php,Line=171]
2019-08-13T19:34:24+07:00 [9274] DEBUG default - [User=Admin A. (somlak.i@vistec.ac.th)] Acco CREATE_DATE is 2019-06-18 13:08:23 [File=/var/www/html/booking/Domain/Announcement.php,Line=171]
2019-08-13T19:34:24+07:00 [9274] DEBUG default - [User=Admin A. (somlak.i@vistec.ac.th)] Acco CREATE_DATE is 2019-06-18 14:02:17 [File=/var/www/html/booking/Domain/Announcement.php,Line=171]
2019-08-13T19:34:24+07:00 [9274] DEBUG default - [User=Admin A. (somlak.i@vistec.ac.th)] Acco CREATE_DATE is 2019-06-17 10:00:48 [File=/var/www/html/booking/Domain/Announcement.php,Line=171]
2019-08-13T19:34:24+07:00 [9274] DEBUG default - [User=Admin A. (somlak.i@vistec.ac.th)] Acco CREATE_DATE is 2019-06-12 10:35:30 [File=/var/www/html/booking/Domain/Announcement.php,Line=171]
2019-08-13T19:34:24+07:00 [9274] DEBUG default - [User=Admin A. (somlak.i@vistec.ac.th)] Acco CREATE_DATE is 2019-06-05 08:53:27 [File=/var/www/html/booking/Domain/Announcement.php,Line=171]
2019-08-13T19:34:24+07:00 [9274] DEBUG default - [User=Admin A. (somlak.i@vistec.ac.th)] Acco CREATE_DATE is 2019-05-30 15:14:39 [File=/var/www/html/booking/Domain/Announcement.php,Line=171]
2019-08-13T19:34:24+07:00 [9274] DEBUG default - [User=Admin A. (somlak.i@vistec.ac.th)] Acco CREATE_DATE is 2019-05-27 14:17:33 [File=/var/www/html/booking/Domain/Announcement.php,Line=171]
2019-08-13T19:35:08+07:00 [19289] DEBUG default - [User=Admin A. (somlak.i@vistec.ac.th)] Action passed all validations [File=/var/www/html/booking/Pages/ActionPage.php,Line=108]
2019-08-13T19:35:08+07:00 [19289] DEBUG default - [User=Admin A. (somlak.i@vistec.ac.th)] Processing page action. Action load [File=/var/www/html/booking/Presenters/ActionPresenter.php,Line=88]
2019-08-13T19:35:08+07:00 [19289] DEBUG default - [User=Admin A. (somlak.i@vistec.ac.th)] Loading blackout for editing. Id=91 [File=/var/www/html/booking/Presenters/Admin/ManageBlackoutsPresenter.php,Line=254]
2019-08-13T19:36:45+07:00 [9274] DEBUG default - [User=Thassanat Atithep (Thassanant.a@vistec.ac.th)] Acco CREATE_DATE is 2019-08-13 17:26:40 [File=/var/www/html/booking/Domain/Announcement.php,Line=171]
2019-08-13T19:36:45+07:00 [9274] DEBUG default - [User=Thassanat Atithep (Thassanant.a@vistec.ac.th)] Acco CREATE_DATE is 2019-08-09 10:52:33 [File=/var/www/html/booking/Domain/Announcement.php,Line=171]
2019-08-13T19:36:45+07:00 [9274] DEBUG default - [User=Thassanat Atithep (Thassanant.a@vistec.ac.th)] Acco CREATE_DATE is 2019-08-07 16:33:37 [File=/var/www/html/booking/Domain/Announcement.php,Line=171]
2019-08-13T19:36:45+07:00 [9274] DEBUG default - [User=Thassanat Atithep (Thassanant.a@vistec.ac.th)] Acco CREATE_DATE is 2019-08-13 16:49:05 [File=/var/www/html/booking/Domain/Announcement.php,Line=171]
2019-08-13T19:36:45+07:00 [9274] DEBUG default - [User=Thassanat Atithep (Thassanant.a@vistec.ac.th)] Acco CREATE_DATE is 2019-07-30 09:29:04 [File=/var/www/html/booking/Domain/Announcement.php,Line=171]
2019-08-13T19:36:45+07:00 [9274] DEBUG default - [User=Thassanat Atithep (Thassanant.a@vistec.ac.th)] Acco CREATE_DATE is 2019-07-16 13:01:35 [File=/var/www/html/booking/Domain/Announcement.php,Line=171]
2019-08-13T19:36:45+07:00 [9274] DEBUG default - [User=Thassanat Atithep (Thassanant.a@vistec.ac.th)] Acco CREATE_DATE is 2019-07-12 17:09:03 [File=/var/www/html/booking/Domain/Announcement.php,Line=171]
2019-08-13T19:36:45+07:00 [9274] DEBUG default - [User=Thassanat Atithep (Thassanant.a@vistec.ac.th)] Acco CREATE_DATE is 2019-07-09 13:50:08 [File=/var/www/html/booking/Domain/Announcement.php,Line=171]
2019-08-13T19:36:45+07:00 [9274] DEBUG default - [User=Thassanat Atithep (Thassanant.a@vistec.ac.th)] Acco CREATE_DATE is 2019-07-09 13:56:42 [File=/var/www/html/booking/Domain/Announcement.php,Line=171]
2019-08-13T19:36:45+07:00 [9274] DEBUG default - [User=Thassanat Atithep (Thassanant.a@vistec.ac.th)] Acco CREATE_DATE is 2019-07-08 14:31:56 [File=/var/www/html/booking/Domain/Announcement.php,Line=171]
2019-08-13T19:36:45+07:00 [9274] DEBUG default - [User=Thassanat Atithep (Thassanant.a@vistec.ac.th)] Acco CREATE_DATE is 2019-06-24 10:26:13 [File=/var/www/html/booking/Domain/Announcement.php,Line=171]
2019-08-13T19:36:45+07:00 [9274] DEBUG default - [User=Thassanat Atithep (Thassanant.a@vistec.ac.th)] Acco CREATE_DATE is 2019-06-24 10:30:58 [File=/var/www/html/booking/Domain/Announcement.php,Line=171]
2019-08-13T19:36:45+07:00 [9274] DEBUG default - [User=Thassanat Atithep (Thassanant.a@vistec.ac.th)] Acco CREATE_DATE is 2019-06-20 13:57:41 [File=/var/www/html/booking/Domain/Announcement.php,Line=171]
2019-08-13T19:36:45+07:00 [9274] DEBUG default - [User=Thassanat Atithep (Thassanant.a@vistec.ac.th)] Acco CREATE_DATE is 2019-06-18 13:08:23 [File=/var/www/html/booking/Domain/Announcement.php,Line=171]
2019-08-13T19:36:45+07:00 [9274] DEBUG default - [User=Thassanat Atithep (Thassanant.a@vistec.ac.th)] Acco CREATE_DATE is 2019-06-18 14:02:17 [File=/var/www/html/booking/Domain/Announcement.php,Line=171]
2019-08-13T19:36:45+07:00 [9274] DEBUG default - [User=Thassanat Atithep (Thassanant.a@vistec.ac.th)] Acco CREATE_DATE is 2019-06-17 10:00:48 [File=/var/www/html/booking/Domain/Announcement.php,Line=171]
2019-08-13T19:36:45+07:00 [9274] DEBUG default - [User=Thassanat Atithep (Thassanant.a@vistec.ac.th)] Acco CREATE_DATE is 2019-06-12 10:35:30 [File=/var/www/html/booking/Domain/Announcement.php,Line=171]
2019-08-13T19:36:45+07:00 [9274] DEBUG default - [User=Thassanat Atithep (Thassanant.a@vistec.ac.th)] Acco CREATE_DATE is 2019-06-05 08:53:27 [File=/var/www/html/booking/Domain/Announcement.php,Line=171]
2019-08-13T19:36:45+07:00 [9274] DEBUG default - [User=Thassanat Atithep (Thassanant.a@vistec.ac.th)] Acco CREATE_DATE is 2019-05-30 15:14:39 [File=/var/www/html/booking/Domain/Announcement.php,Line=171]
2019-08-13T19:36:45+07:00 [9274] DEBUG default - [User=Thassanat Atithep (Thassanant.a@vistec.ac.th)] Acco CREATE_DATE is 2019-05-27 14:17:33 [File=/var/www/html/booking/Domain/Announcement.php,Line=171]
2019-08-13T19:40:00+07:00 [9274] DEBUG default - [User=Thassanat Atithep (Thassanant.a@vistec.ac.th)] Action passed all validations [File=/var/www/html/booking/Pages/ActionPage.php,Line=108]
2019-08-13T19:40:00+07:00 [9274] DEBUG default - [User=Thassanat Atithep (Thassanant.a@vistec.ac.th)] Processing page action. Action load [File=/var/www/html/booking/Presenters/ActionPresenter.php,Line=88]
2019-08-13T19:40:00+07:00 [9274] DEBUG default - [User=Thassanat Atithep (Thassanant.a@vistec.ac.th)] Loading blackout for editing. Id=81 [File=/var/www/html/booking/Presenters/Admin/ManageBlackoutsPresenter.php,Line=254]
2019-08-13T19:40:56+07:00 [12241] DEBUG default - [User=Thassanat Atithep (Thassanant.a@vistec.ac.th)] Acco CREATE_DATE is 2019-08-13 17:26:40 [File=/var/www/html/booking/Domain/Announcement.php,Line=171]
2019-08-13T19:40:56+07:00 [12241] DEBUG default - [User=Thassanat Atithep (Thassanant.a@vistec.ac.th)] Acco CREATE_DATE is 2019-08-09 10:52:33 [File=/var/www/html/booking/Domain/Announcement.php,Line=171]
2019-08-13T19:40:56+07:00 [12241] DEBUG default - [User=Thassanat Atithep (Thassanant.a@vistec.ac.th)] Acco CREATE_DATE is 2019-08-07 16:33:37 [File=/var/www/html/booking/Domain/Announcement.php,Line=171]
2019-08-13T19:40:56+07:00 [12241] DEBUG default - [User=Thassanat Atithep (Thassanant.a@vistec.ac.th)] Acco CREATE_DATE is 2019-08-13 16:49:05 [File=/var/www/html/booking/Domain/Announcement.php,Line=171]
2019-08-13T19:40:56+07:00 [12241] DEBUG default - [User=Thassanat Atithep (Thassanant.a@vistec.ac.th)] Acco CREATE_DATE is 2019-07-30 09:29:04 [File=/var/www/html/booking/Domain/Announcement.php,Line=171]
2019-08-13T19:40:56+07:00 [12241] DEBUG default - [User=Thassanat Atithep (Thassanant.a@vistec.ac.th)] Acco CREATE_DATE is 2019-07-16 13:01:35 [File=/var/www/html/booking/Domain/Announcement.php,Line=171]
2019-08-13T19:40:56+07:00 [12241] DEBUG default - [User=Thassanat Atithep (Thassanant.a@vistec.ac.th)] Acco CREATE_DATE is 2019-07-12 17:09:03 [File=/var/www/html/booking/Domain/Announcement.php,Line=171]
2019-08-13T19:40:56+07:00 [12241] DEBUG default - [User=Thassanat Atithep (Thassanant.a@vistec.ac.th)] Acco CREATE_DATE is 2019-07-09 13:50:08 [File=/var/www/html/booking/Domain/Announcement.php,Line=171]
2019-08-13T19:40:56+07:00 [12241] DEBUG default - [User=Thassanat Atithep (Thassanant.a@vistec.ac.th)] Acco CREATE_DATE is 2019-07-09 13:56:42 [File=/var/www/html/booking/Domain/Announcement.php,Line=171]
2019-08-13T19:40:56+07:00 [12241] DEBUG default - [User=Thassanat Atithep (Thassanant.a@vistec.ac.th)] Acco CREATE_DATE is 2019-07-08 14:31:56 [File=/var/www/html/booking/Domain/Announcement.php,Line=171]
2019-08-13T19:40:56+07:00 [12241] DEBUG default - [User=Thassanat Atithep (Thassanant.a@vistec.ac.th)] Acco CREATE_DATE is 2019-06-24 10:26:13 [File=/var/www/html/booking/Domain/Announcement.php,Line=171]
2019-08-13T19:40:56+07:00 [12241] DEBUG default - [User=Thassanat Atithep (Thassanant.a@vistec.ac.th)] Acco CREATE_DATE is 2019-06-24 10:30:58 [File=/var/www/html/booking/Domain/Announcement.php,Line=171]
2019-08-13T19:40:56+07:00 [12241] DEBUG default - [User=Thassanat Atithep (Thassanant.a@vistec.ac.th)] Acco CREATE_DATE is 2019-06-20 13:57:41 [File=/var/www/html/booking/Domain/Announcement.php,Line=171]
2019-08-13T19:40:56+07:00 [12241] DEBUG default - [User=Thassanat Atithep (Thassanant.a@vistec.ac.th)] Acco CREATE_DATE is 2019-06-18 13:08:23 [File=/var/www/html/booking/Domain/Announcement.php,Line=171]
2019-08-13T19:40:56+07:00 [12241] DEBUG default - [User=Thassanat Atithep (Thassanant.a@vistec.ac.th)] Acco CREATE_DATE is 2019-06-18 14:02:17 [File=/var/www/html/booking/Domain/Announcement.php,Line=171]
2019-08-13T19:40:56+07:00 [12241] DEBUG default - [User=Thassanat Atithep (Thassanant.a@vistec.ac.th)] Acco CREATE_DATE is 2019-06-17 10:00:48 [File=/var/www/html/booking/Domain/Announcement.php,Line=171]
2019-08-13T19:40:56+07:00 [12241] DEBUG default - [User=Thassanat Atithep (Thassanant.a@vistec.ac.th)] Acco CREATE_DATE is 2019-06-12 10:35:30 [File=/var/www/html/booking/Domain/Announcement.php,Line=171]
2019-08-13T19:40:56+07:00 [12241] DEBUG default - [User=Thassanat Atithep (Thassanant.a@vistec.ac.th)] Acco CREATE_DATE is 2019-06-05 08:53:27 [File=/var/www/html/booking/Domain/Announcement.php,Line=171]
2019-08-13T19:40:56+07:00 [12241] DEBUG default - [User=Thassanat Atithep (Thassanant.a@vistec.ac.th)] Acco CREATE_DATE is 2019-05-30 15:14:39 [File=/var/www/html/booking/Domain/Announcement.php,Line=171]
2019-08-13T19:40:56+07:00 [12241] DEBUG default - [User=Thassanat Atithep (Thassanant.a@vistec.ac.th)] Acco CREATE_DATE is 2019-05-27 14:17:33 [File=/var/www/html/booking/Domain/Announcement.php,Line=171]
