2019-07-08T14:16:10+07:00 [12231] DEBUG default - [User=Admin A. (jarinya.s@vistec.ac.th)] Action passed all validations [File=/var/www/html/booking/Pages/ActionPage.php,Line=108]
2019-07-08T14:16:10+07:00 [12231] DEBUG default - [User=Admin A. (jarinya.s@vistec.ac.th)] Processing page action. Action add [File=/var/www/html/booking/Presenters/ActionPresenter.php,Line=88]
2019-07-08T14:31:07+07:00 [3863] DEBUG default - [User=Admin A. (ratchawan.j@vistec.ac.th)] Action passed all validations [File=/var/www/html/booking/Pages/ActionPage.php,Line=108]
2019-07-08T14:31:07+07:00 [3863] DEBUG default - [User=Admin A. (ratchawan.j@vistec.ac.th)] Processing page action. Action add [File=/var/www/html/booking/Presenters/ActionPresenter.php,Line=88]
2019-07-08T14:31:56+07:00 [3863] DEBUG default - [User=Admin A. (ratchawan.j@vistec.ac.th)] Action passed all validations [File=/var/www/html/booking/Pages/ActionPage.php,Line=108]
2019-07-08T14:31:56+07:00 [3863] DEBUG default - [User=Admin A. (ratchawan.j@vistec.ac.th)] Processing page action. Action add [File=/var/www/html/booking/Presenters/ActionPresenter.php,Line=88]
2019-07-08T14:32:05+07:00 [3863] DEBUG default - [User=Admin A. (jarinya.s@vistec.ac.th)] Action passed all validations [File=/var/www/html/booking/Pages/ActionPage.php,Line=108]
2019-07-08T14:32:05+07:00 [3863] DEBUG default - [User=Admin A. (jarinya.s@vistec.ac.th)] Processing page action. Action add [File=/var/www/html/booking/Presenters/ActionPresenter.php,Line=88]
2019-07-08T14:32:54+07:00 [12231] DEBUG default - [User=Admin A. (ratchawan.j@vistec.ac.th)] Action passed all validations [File=/var/www/html/booking/Pages/ActionPage.php,Line=108]
2019-07-08T14:32:54+07:00 [12231] DEBUG default - [User=Admin A. (ratchawan.j@vistec.ac.th)] Processing page action. Action load [File=/var/www/html/booking/Presenters/ActionPresenter.php,Line=88]
2019-07-08T14:32:54+07:00 [12231] DEBUG default - [User=Admin A. (ratchawan.j@vistec.ac.th)] Loading blackout for editing. Id=72 [File=/var/www/html/booking/Presenters/Admin/ManageBlackoutsPresenter.php,Line=254]
2019-07-08T14:33:45+07:00 [3895] DEBUG default - [User=Admin A. (ratchawan.j@vistec.ac.th)] Action passed all validations [File=/var/www/html/booking/Pages/ActionPage.php,Line=108]
2019-07-08T14:33:45+07:00 [3895] DEBUG default - [User=Admin A. (ratchawan.j@vistec.ac.th)] Processing page action. Action load [File=/var/www/html/booking/Presenters/ActionPresenter.php,Line=88]
2019-07-08T14:33:45+07:00 [3895] DEBUG default - [User=Admin A. (ratchawan.j@vistec.ac.th)] Loading blackout for editing. Id=72 [File=/var/www/html/booking/Presenters/Admin/ManageBlackoutsPresenter.php,Line=254]
2019-07-08T14:34:00+07:00 [3863] DEBUG default - [User=Admin A. (ratchawan.j@vistec.ac.th)] Action passed all validations [File=/var/www/html/booking/Pages/ActionPage.php,Line=108]
2019-07-08T14:34:00+07:00 [3863] DEBUG default - [User=Admin A. (ratchawan.j@vistec.ac.th)] Processing page action. Action update [File=/var/www/html/booking/Presenters/ActionPresenter.php,Line=88]
2019-07-08T14:34:00+07:00 [3863] DEBUG default - [User=Admin A. (ratchawan.j@vistec.ac.th)] Updating blackout. BlackoutId=72, UpdateScope=full [File=/var/www/html/booking/Presenters/Admin/ManageBlackoutsPresenter.php,Line=325]
2019-07-08T14:34:06+07:00 [3863] DEBUG default - [User=Admin A. (ratchawan.j@vistec.ac.th)] Action passed all validations [File=/var/www/html/booking/Pages/ActionPage.php,Line=108]
2019-07-08T14:34:06+07:00 [3863] DEBUG default - [User=Admin A. (ratchawan.j@vistec.ac.th)] Processing page action. Action load [File=/var/www/html/booking/Presenters/ActionPresenter.php,Line=88]
2019-07-08T14:34:06+07:00 [3863] DEBUG default - [User=Admin A. (ratchawan.j@vistec.ac.th)] Loading blackout for editing. Id=69 [File=/var/www/html/booking/Presenters/Admin/ManageBlackoutsPresenter.php,Line=254]
2019-07-08T14:34:32+07:00 [12231] DEBUG default - [User=Admin A. (ratchawan.j@vistec.ac.th)] Action passed all validations [File=/var/www/html/booking/Pages/ActionPage.php,Line=108]
2019-07-08T14:34:32+07:00 [12231] DEBUG default - [User=Admin A. (ratchawan.j@vistec.ac.th)] Processing page action. Action update [File=/var/www/html/booking/Presenters/ActionPresenter.php,Line=88]
2019-07-08T14:34:32+07:00 [12231] DEBUG default - [User=Admin A. (ratchawan.j@vistec.ac.th)] Updating blackout. BlackoutId=69, UpdateScope=full [File=/var/www/html/booking/Presenters/Admin/ManageBlackoutsPresenter.php,Line=325]
2019-07-08T14:35:16+07:00 [3863] DEBUG default - [User=Admin A. (ratchawan.j@vistec.ac.th)] Action passed all validations [File=/var/www/html/booking/Pages/ActionPage.php,Line=108]
2019-07-08T14:35:16+07:00 [3863] DEBUG default - [User=Admin A. (ratchawan.j@vistec.ac.th)] Processing page action. Action load [File=/var/www/html/booking/Presenters/ActionPresenter.php,Line=88]
2019-07-08T14:35:16+07:00 [3863] DEBUG default - [User=Admin A. (ratchawan.j@vistec.ac.th)] Loading blackout for editing. Id=73 [File=/var/www/html/booking/Presenters/Admin/ManageBlackoutsPresenter.php,Line=254]
2019-07-08T14:35:21+07:00 [3895] DEBUG default - [User=Admin A. (ratchawan.j@vistec.ac.th)] Action passed all validations [File=/var/www/html/booking/Pages/ActionPage.php,Line=108]
2019-07-08T14:35:21+07:00 [3895] DEBUG default - [User=Admin A. (ratchawan.j@vistec.ac.th)] Processing page action. Action update [File=/var/www/html/booking/Presenters/ActionPresenter.php,Line=88]
2019-07-08T14:35:21+07:00 [3895] DEBUG default - [User=Admin A. (ratchawan.j@vistec.ac.th)] Updating blackout. BlackoutId=73, UpdateScope=full [File=/var/www/html/booking/Presenters/Admin/ManageBlackoutsPresenter.php,Line=325]
