2019-03-13T09:11:52+07:00 [2087] DEBUG default - [User=Admin A. (Frc.booking@vistec.ac.th)] Loading validators for permissions [File=/var/www/html/booking/Presenters/Admin/ManageUsersPresenter.php,Line=418]
2019-03-13T09:11:52+07:00 [2087] DEBUG default - [User=Admin A. (Frc.booking@vistec.ac.th)] Action passed all validations [File=/var/www/html/booking/Pages/ActionPage.php,Line=108]
2019-03-13T09:11:52+07:00 [2087] DEBUG default - [User=Admin A. (Frc.booking@vistec.ac.th)] Processing page action. Action permissions [File=/var/www/html/booking/Presenters/ActionPresenter.php,Line=88]
2019-03-13T09:12:10+07:00 [2087] DEBUG default - [User=Admin A. (Frc.booking@vistec.ac.th)] Loading validators for permissions [File=/var/www/html/booking/Presenters/Admin/ManageUsersPresenter.php,Line=418]
2019-03-13T09:12:10+07:00 [2087] DEBUG default - [User=Admin A. (Frc.booking@vistec.ac.th)] Action passed all validations [File=/var/www/html/booking/Pages/ActionPage.php,Line=108]
2019-03-13T09:12:10+07:00 [2087] DEBUG default - [User=Admin A. (Frc.booking@vistec.ac.th)] Processing page action. Action permissions [File=/var/www/html/booking/Presenters/ActionPresenter.php,Line=88]
2019-03-13T09:12:30+07:00 [2088] DEBUG default - [User=Admin A. (Frc.booking@vistec.ac.th)] Loading validators for permissions [File=/var/www/html/booking/Presenters/Admin/ManageUsersPresenter.php,Line=418]
2019-03-13T09:12:30+07:00 [2088] DEBUG default - [User=Admin A. (Frc.booking@vistec.ac.th)] Action passed all validations [File=/var/www/html/booking/Pages/ActionPage.php,Line=108]
2019-03-13T09:12:30+07:00 [2088] DEBUG default - [User=Admin A. (Frc.booking@vistec.ac.th)] Processing page action. Action permissions [File=/var/www/html/booking/Presenters/ActionPresenter.php,Line=88]
2019-03-13T09:12:45+07:00 [2088] DEBUG default - [User=Admin A. (Frc.booking@vistec.ac.th)] Loading validators for permissions [File=/var/www/html/booking/Presenters/Admin/ManageUsersPresenter.php,Line=418]
2019-03-13T09:12:45+07:00 [2088] DEBUG default - [User=Admin A. (Frc.booking@vistec.ac.th)] Action passed all validations [File=/var/www/html/booking/Pages/ActionPage.php,Line=108]
2019-03-13T09:12:45+07:00 [2088] DEBUG default - [User=Admin A. (Frc.booking@vistec.ac.th)] Processing page action. Action permissions [File=/var/www/html/booking/Presenters/ActionPresenter.php,Line=88]
2019-03-13T09:14:14+07:00 [2088] DEBUG default - [User=Admin A. (Frc.booking@vistec.ac.th)] Loading validators for permissions [File=/var/www/html/booking/Presenters/Admin/ManageUsersPresenter.php,Line=418]
2019-03-13T09:14:14+07:00 [2088] DEBUG default - [User=Admin A. (Frc.booking@vistec.ac.th)] Action passed all validations [File=/var/www/html/booking/Pages/ActionPage.php,Line=108]
2019-03-13T09:14:14+07:00 [2088] DEBUG default - [User=Admin A. (Frc.booking@vistec.ac.th)] Processing page action. Action permissions [File=/var/www/html/booking/Presenters/ActionPresenter.php,Line=88]
2019-03-13T09:18:15+07:00 [2087] DEBUG default - [User=Admin A. (Frc.booking@vistec.ac.th)] Validating daily layout [File=/var/www/html/booking/lib/Common/Validators/LayoutValidator.php,Line=59]
2019-03-13T09:18:15+07:00 [2087] DEBUG default - [User=Admin A. (Frc.booking@vistec.ac.th)] array (
  0 => '',
  1 => '13:00 - 16:00
16:00 - 19:00',
  2 => '09:00 - 12:00
13:00 - 16:00
16:00 - 19:00',
  3 => '09:00 - 12:00
13:00 - 16:00
16:00 - 19:00',
  4 => '09:00 - 12:00
13:00 - 16:00
16:00 - 19:00',
  5 => '09:00 - 12:00
13:00 - 16:00',
  6 => '',
) [File=/var/www/html/booking/lib/Common/Validators/LayoutValidator.php,Line=60]
2019-03-13T09:18:15+07:00 [2087] DEBUG default - [User=Admin A. (Frc.booking@vistec.ac.th)] Action passed all validations [File=/var/www/html/booking/Pages/ActionPage.php,Line=108]
2019-03-13T09:18:15+07:00 [2087] DEBUG default - [User=Admin A. (Frc.booking@vistec.ac.th)] Processing page action. Action changeLayout [File=/var/www/html/booking/Presenters/ActionPresenter.php,Line=88]
2019-03-13T09:18:15+07:00 [2087] DEBUG default - [User=Admin A. (Frc.booking@vistec.ac.th)] Changing layout for scheduleId=16. timezone=, usingSingleLayout= [File=/var/www/html/booking/Presenters/Admin/ManageSchedulesPresenter.php,Line=400]
2019-03-13T10:07:58+07:00 [2087] DEBUG default - [User=Admin A. (Frc.booking@vistec.ac.th)] Validating daily layout [File=/var/www/html/booking/lib/Common/Validators/LayoutValidator.php,Line=59]
2019-03-13T10:07:58+07:00 [2087] DEBUG default - [User=Admin A. (Frc.booking@vistec.ac.th)] array (
  0 => '',
  1 => '13:00 - 16:00
16:00 - 19:00',
  2 => '09:00 - 12:00
13:00 - 16:00
16:00 - 19:00',
  3 => '09:00 - 12:00
13:00 - 16:00
16:00 - 19:00',
  4 => '09:00 - 12:00
13:00 - 16:00
16:00 - 19:00',
  5 => '09:00 - 12:00
13:00 - 16:00',
  6 => '',
) [File=/var/www/html/booking/lib/Common/Validators/LayoutValidator.php,Line=60]
2019-03-13T10:07:58+07:00 [2087] DEBUG default - [User=Admin A. (Frc.booking@vistec.ac.th)] Action passed all validations [File=/var/www/html/booking/Pages/ActionPage.php,Line=108]
2019-03-13T10:07:58+07:00 [2087] DEBUG default - [User=Admin A. (Frc.booking@vistec.ac.th)] Processing page action. Action changeLayout [File=/var/www/html/booking/Presenters/ActionPresenter.php,Line=88]
2019-03-13T10:07:58+07:00 [2087] DEBUG default - [User=Admin A. (Frc.booking@vistec.ac.th)] Changing layout for scheduleId=16. timezone=, usingSingleLayout= [File=/var/www/html/booking/Presenters/Admin/ManageSchedulesPresenter.php,Line=400]
2019-03-13T10:12:22+07:00 [2087] DEBUG default - [User=Admin A. (Frc.booking@vistec.ac.th)] Action passed all validations [File=/var/www/html/booking/Pages/ActionPage.php,Line=108]
2019-03-13T10:12:22+07:00 [2087] DEBUG default - [User=Admin A. (Frc.booking@vistec.ac.th)] Processing page action. Action add [File=/var/www/html/booking/Presenters/ActionPresenter.php,Line=88]
2019-03-13T10:12:22+07:00 [2087] DEBUG default - [User=Admin A. (Frc.booking@vistec.ac.th)] Adding new resource with name: Photoelectron Spectrometer (AC-II), scheduleId: 1, autoAssign: , resourceAdminGroupId  [File=/var/www/html/booking/Presenters/Admin/ManageResourcesPresenter.php,Line=214]
2019-03-13T10:29:29+07:00 [2088] DEBUG default - [User=Admin A. (Frc.booking@vistec.ac.th)] Action passed all validations [File=/var/www/html/booking/Pages/ActionPage.php,Line=108]
2019-03-13T10:29:29+07:00 [2088] DEBUG default - [User=Admin A. (Frc.booking@vistec.ac.th)] Processing page action. Action image [File=/var/www/html/booking/Presenters/ActionPresenter.php,Line=88]
2019-03-13T10:29:29+07:00 [2088] DEBUG default - [User=Admin A. (Frc.booking@vistec.ac.th)] Changing resource image for resource id 29 [File=/var/www/html/booking/Presenters/Admin/ManageResourcesPresenter.php,Line=344]
2019-03-13T10:29:48+07:00 [2087] DEBUG default - [User=Admin A. (Frc.booking@vistec.ac.th)] Action passed all validations [File=/var/www/html/booking/Pages/ActionPage.php,Line=108]
2019-03-13T10:29:48+07:00 [2087] DEBUG default - [User=Admin A. (Frc.booking@vistec.ac.th)] Processing page action. Action image [File=/var/www/html/booking/Presenters/ActionPresenter.php,Line=88]
2019-03-13T10:29:48+07:00 [2087] DEBUG default - [User=Admin A. (Frc.booking@vistec.ac.th)] Changing resource image for resource id 29 [File=/var/www/html/booking/Presenters/Admin/ManageResourcesPresenter.php,Line=344]
2019-03-13T10:29:48+07:00 [2087] DEBUG default - [User=Admin A. (Frc.booking@vistec.ac.th)] Saving resource image ../../Web/uploads/images/resource29.jpg [File=/var/www/html/booking/Presenters/Admin/ManageResourcesPresenter.php,Line=402]
2019-03-13T10:30:10+07:00 [2087] DEBUG default - [User=Admin A. (Frc.booking@vistec.ac.th)] Action passed all validations [File=/var/www/html/booking/Pages/ActionPage.php,Line=108]
2019-03-13T10:30:10+07:00 [2087] DEBUG default - [User=Admin A. (Frc.booking@vistec.ac.th)] Processing page action. Action changeColor [File=/var/www/html/booking/Presenters/ActionPresenter.php,Line=88]
2019-03-13T10:31:01+07:00 [2088] DEBUG default - [User=Admin A. (Frc.booking@vistec.ac.th)] Action passed all validations [File=/var/www/html/booking/Pages/ActionPage.php,Line=108]
2019-03-13T10:31:01+07:00 [2088] DEBUG default - [User=Admin A. (Frc.booking@vistec.ac.th)] Processing page action. Action changeAttribute [File=/var/www/html/booking/Presenters/ActionPresenter.php,Line=88]
2019-03-13T10:31:01+07:00 [2088] DEBUG default - [User=Admin A. (Frc.booking@vistec.ac.th)] Changing attributes. ResourceId=29, AttributeId=29, Value=AC-II / Hitachi [File=/var/www/html/booking/Presenters/Admin/ManageResourcesPresenter.php,Line=486]
2019-03-13T10:31:16+07:00 [2087] DEBUG default - [User=Admin A. (Frc.booking@vistec.ac.th)] Action passed all validations [File=/var/www/html/booking/Pages/ActionPage.php,Line=108]
2019-03-13T10:31:16+07:00 [2087] DEBUG default - [User=Admin A. (Frc.booking@vistec.ac.th)] Processing page action. Action notes [File=/var/www/html/booking/Presenters/ActionPresenter.php,Line=88]
2019-03-13T10:31:23+07:00 [2088] DEBUG default - [User=Admin A. (Frc.booking@vistec.ac.th)] Action passed all validations [File=/var/www/html/booking/Pages/ActionPage.php,Line=108]
2019-03-13T10:31:23+07:00 [2088] DEBUG default - [User=Admin A. (Frc.booking@vistec.ac.th)] Processing page action. Action location [File=/var/www/html/booking/Presenters/ActionPresenter.php,Line=88]
2019-03-13T10:32:01+07:00 [2087] DEBUG default - [User=Admin A. (Frc.booking@vistec.ac.th)] Action passed all validations [File=/var/www/html/booking/Pages/ActionPage.php,Line=108]
2019-03-13T10:32:01+07:00 [2087] DEBUG default - [User=Admin A. (Frc.booking@vistec.ac.th)] Processing page action. Action contact [File=/var/www/html/booking/Presenters/ActionPresenter.php,Line=88]
2019-03-13T10:32:11+07:00 [2088] DEBUG default - [User=Admin A. (Frc.booking@vistec.ac.th)] Action passed all validations [File=/var/www/html/booking/Pages/ActionPage.php,Line=108]
2019-03-13T10:32:11+07:00 [2088] DEBUG default - [User=Admin A. (Frc.booking@vistec.ac.th)] Processing page action. Action changeResourceType [File=/var/www/html/booking/Presenters/ActionPresenter.php,Line=88]
2019-03-13T10:32:11+07:00 [2088] DEBUG default - [User=Admin A. (Frc.booking@vistec.ac.th)] Changing resource type for resource 29 [File=/var/www/html/booking/Presenters/Admin/ManageResourcesPresenter.php,Line=519]
2019-03-13T10:32:49+07:00 [2087] DEBUG default - [User=Admin A. (Frc.booking@vistec.ac.th)] Action passed all validations [File=/var/www/html/booking/Pages/ActionPage.php,Line=108]
2019-03-13T10:32:49+07:00 [2087] DEBUG default - [User=Admin A. (Frc.booking@vistec.ac.th)] Processing page action. Action printQR [File=/var/www/html/booking/Presenters/ActionPresenter.php,Line=88]
2019-03-13T10:36:23+07:00 [2087] DEBUG default - [User=Admin A. (Frc.booking@vistec.ac.th)] Action passed all validations [File=/var/www/html/booking/Pages/ActionPage.php,Line=108]
2019-03-13T10:36:23+07:00 [2087] DEBUG default - [User=Admin A. (Frc.booking@vistec.ac.th)] Processing page action. Action addQuota [File=/var/www/html/booking/Presenters/ActionPresenter.php,Line=88]
2019-03-13T10:36:23+07:00 [2087] DEBUG default - [User=Admin A. (Frc.booking@vistec.ac.th)] Adding new quota. Duration day, Limit 0, Unit hours, Resource , Group , Schedule , All Day 1, Start Time , End Time , Every Day 1, Days , Scope ExcludeCompleted [File=/var/www/html/booking/Presenters/Admin/ManageQuotasPresenter.php,Line=139]
2019-03-13T10:36:27+07:00 [2087] DEBUG default - [User=Admin A. (Frc.booking@vistec.ac.th)] Action passed all validations [File=/var/www/html/booking/Pages/ActionPage.php,Line=108]
2019-03-13T10:36:27+07:00 [2087] DEBUG default - [User=Admin A. (Frc.booking@vistec.ac.th)] Processing page action. Action addQuota [File=/var/www/html/booking/Presenters/ActionPresenter.php,Line=88]
2019-03-13T10:36:27+07:00 [2087] DEBUG default - [User=Admin A. (Frc.booking@vistec.ac.th)] Adding new quota. Duration day, Limit 0, Unit hours, Resource , Group , Schedule , All Day 1, Start Time , End Time , Every Day 1, Days , Scope ExcludeCompleted [File=/var/www/html/booking/Presenters/Admin/ManageQuotasPresenter.php,Line=139]
2019-03-13T10:37:31+07:00 [2087] DEBUG default - [User=Admin A. (Frc.booking@vistec.ac.th)] Action passed all validations [File=/var/www/html/booking/Pages/ActionPage.php,Line=108]
2019-03-13T10:37:31+07:00 [2087] DEBUG default - [User=Admin A. (Frc.booking@vistec.ac.th)] Processing page action. Action addQuota [File=/var/www/html/booking/Presenters/ActionPresenter.php,Line=88]
2019-03-13T10:37:31+07:00 [2087] DEBUG default - [User=Admin A. (Frc.booking@vistec.ac.th)] Adding new quota. Duration day, Limit 12, Unit hours, Resource 29, Group , Schedule , All Day 1, Start Time , End Time , Every Day 1, Days , Scope ExcludeCompleted [File=/var/www/html/booking/Presenters/Admin/ManageQuotasPresenter.php,Line=139]
2019-03-13T10:41:37+07:00 [2087] DEBUG default - [User=Admin A. (Frc.booking@vistec.ac.th)] Action passed all validations [File=/var/www/html/booking/Pages/ActionPage.php,Line=108]
2019-03-13T10:41:37+07:00 [2087] DEBUG default - [User=Admin A. (Frc.booking@vistec.ac.th)] Processing page action. Action updateAttribute [File=/var/www/html/booking/Presenters/ActionPresenter.php,Line=88]
2019-03-13T10:41:37+07:00 [2087] DEBUG default - [User=Admin A. (Frc.booking@vistec.ac.th)] Updating attribute with id: 34 [File=/var/www/html/booking/Presenters/Admin/ManageAttributesPresenter.php,Line=98]
2019-03-13T10:44:10+07:00 [2087] DEBUG default - [User=Admin A. (Frc.booking@vistec.ac.th)] Loading validators for permissions [File=/var/www/html/booking/Presenters/Admin/ManageUsersPresenter.php,Line=418]
2019-03-13T10:44:10+07:00 [2087] DEBUG default - [User=Admin A. (Frc.booking@vistec.ac.th)] Action passed all validations [File=/var/www/html/booking/Pages/ActionPage.php,Line=108]
2019-03-13T10:44:10+07:00 [2087] DEBUG default - [User=Admin A. (Frc.booking@vistec.ac.th)] Processing page action. Action permissions [File=/var/www/html/booking/Presenters/ActionPresenter.php,Line=88]
2019-03-13T10:44:33+07:00 [2088] DEBUG default - [User=Admin A. (Frc.booking@vistec.ac.th)] Loading validators for permissions [File=/var/www/html/booking/Presenters/Admin/ManageUsersPresenter.php,Line=418]
2019-03-13T10:44:33+07:00 [2088] DEBUG default - [User=Admin A. (Frc.booking@vistec.ac.th)] Action passed all validations [File=/var/www/html/booking/Pages/ActionPage.php,Line=108]
2019-03-13T10:44:33+07:00 [2088] DEBUG default - [User=Admin A. (Frc.booking@vistec.ac.th)] Processing page action. Action permissions [File=/var/www/html/booking/Presenters/ActionPresenter.php,Line=88]
2019-03-13T10:44:48+07:00 [5873] DEBUG default - [User=Admin A. (Frc.booking@vistec.ac.th)] Loading validators for permissions [File=/var/www/html/booking/Presenters/Admin/ManageUsersPresenter.php,Line=418]
2019-03-13T10:44:48+07:00 [5873] DEBUG default - [User=Admin A. (Frc.booking@vistec.ac.th)] Action passed all validations [File=/var/www/html/booking/Pages/ActionPage.php,Line=108]
2019-03-13T10:44:48+07:00 [5873] DEBUG default - [User=Admin A. (Frc.booking@vistec.ac.th)] Processing page action. Action permissions [File=/var/www/html/booking/Presenters/ActionPresenter.php,Line=88]
2019-03-13T10:45:06+07:00 [2088] DEBUG default - [User=Admin A. (Frc.booking@vistec.ac.th)] Loading validators for permissions [File=/var/www/html/booking/Presenters/Admin/ManageUsersPresenter.php,Line=418]
2019-03-13T10:45:06+07:00 [2088] DEBUG default - [User=Admin A. (Frc.booking@vistec.ac.th)] Action passed all validations [File=/var/www/html/booking/Pages/ActionPage.php,Line=108]
2019-03-13T10:45:06+07:00 [2088] DEBUG default - [User=Admin A. (Frc.booking@vistec.ac.th)] Processing page action. Action permissions [File=/var/www/html/booking/Presenters/ActionPresenter.php,Line=88]
2019-03-13T10:45:26+07:00 [5873] DEBUG default - [User=Admin A. (Frc.booking@vistec.ac.th)] Loading validators for permissions [File=/var/www/html/booking/Presenters/Admin/ManageUsersPresenter.php,Line=418]
2019-03-13T10:45:26+07:00 [5873] DEBUG default - [User=Admin A. (Frc.booking@vistec.ac.th)] Action passed all validations [File=/var/www/html/booking/Pages/ActionPage.php,Line=108]
2019-03-13T10:45:26+07:00 [5873] DEBUG default - [User=Admin A. (Frc.booking@vistec.ac.th)] Processing page action. Action permissions [File=/var/www/html/booking/Presenters/ActionPresenter.php,Line=88]
2019-03-13T10:57:15+07:00 [5873] DEBUG default - [User=Admin A. (Frc.booking@vistec.ac.th)] Action passed all validations [File=/var/www/html/booking/Pages/ActionPage.php,Line=108]
2019-03-13T10:57:15+07:00 [5873] DEBUG default - [User=Admin A. (Frc.booking@vistec.ac.th)] Processing page action. Action addQuota [File=/var/www/html/booking/Presenters/ActionPresenter.php,Line=88]
2019-03-13T10:57:15+07:00 [5873] DEBUG default - [User=Admin A. (Frc.booking@vistec.ac.th)] Adding new quota. Duration day, Limit 0, Unit hours, Resource , Group , Schedule , All Day 1, Start Time , End Time , Every Day 1, Days , Scope ExcludeCompleted [File=/var/www/html/booking/Presenters/Admin/ManageQuotasPresenter.php,Line=139]
2019-03-13T10:58:59+07:00 [2087] DEBUG default - [User=Admin A. (Frc.booking@vistec.ac.th)] Action passed all validations [File=/var/www/html/booking/Pages/ActionPage.php,Line=108]
2019-03-13T10:58:59+07:00 [2087] DEBUG default - [User=Admin A. (Frc.booking@vistec.ac.th)] Processing page action. Action add [File=/var/www/html/booking/Presenters/ActionPresenter.php,Line=88]
2019-03-13T10:58:59+07:00 [2087] DEBUG default - [User=Admin A. (Frc.booking@vistec.ac.th)] Adding schedule with name test [File=/var/www/html/booking/Presenters/Admin/ManageSchedulesPresenter.php,Line=361]
2019-03-13T14:14:03+07:00 [5873] DEBUG default - [User=Admin A. (Frc.booking@vistec.ac.th)] Loading validators for addUser [File=/var/www/html/booking/Presenters/Admin/ManageUsersPresenter.php,Line=418]
2019-03-13T14:14:03+07:00 [5873] DEBUG default - [User=Admin A. (Frc.booking@vistec.ac.th)] Failed validator addUserUsername [File=/var/www/html/booking/Pages/ActionPage.php,Line=117]
2019-03-13T14:14:27+07:00 [2088] DEBUG default - [User=Admin A. (Frc.booking@vistec.ac.th)] Loading validators for addUser [File=/var/www/html/booking/Presenters/Admin/ManageUsersPresenter.php,Line=418]
2019-03-13T14:14:27+07:00 [2088] DEBUG default - [User=Admin A. (Frc.booking@vistec.ac.th)] Action passed all validations [File=/var/www/html/booking/Pages/ActionPage.php,Line=108]
2019-03-13T14:14:27+07:00 [2088] DEBUG default - [User=Admin A. (Frc.booking@vistec.ac.th)] Processing page action. Action addUser [File=/var/www/html/booking/Presenters/ActionPresenter.php,Line=88]
2019-03-13T14:14:27+07:00 [2088] DEBUG default - [User=Admin A. (Frc.booking@vistec.ac.th)] Sending AccountCreationForUserEmail email to: pp.pompamz@gmail.com from: Frc.booking@vistec.ac.th [File=/var/www/html/booking/lib/Email/EmailService.php,Line=93]
2019-03-13T14:14:29+07:00 [2088] DEBUG default - [User=Admin A. (Frc.booking@vistec.ac.th)] Email send success: 1.  [File=/var/www/html/booking/lib/Email/EmailService.php,Line=105]
2019-03-13T14:15:06+07:00 [2088] DEBUG default - [User=Admin A. (Frc.booking@vistec.ac.th)] Loading validators for permissions [File=/var/www/html/booking/Presenters/Admin/ManageUsersPresenter.php,Line=418]
2019-03-13T14:15:06+07:00 [2088] DEBUG default - [User=Admin A. (Frc.booking@vistec.ac.th)] Action passed all validations [File=/var/www/html/booking/Pages/ActionPage.php,Line=108]
2019-03-13T14:15:06+07:00 [2088] DEBUG default - [User=Admin A. (Frc.booking@vistec.ac.th)] Processing page action. Action permissions [File=/var/www/html/booking/Presenters/ActionPresenter.php,Line=88]
2019-03-13T14:23:50+07:00 [5873] DEBUG default - [User=Admin A. (Frc.booking@vistec.ac.th)] Loading validators for updateUser [File=/var/www/html/booking/Presenters/Admin/ManageUsersPresenter.php,Line=418]
2019-03-13T14:23:50+07:00 [5873] DEBUG default - [User=Admin A. (Frc.booking@vistec.ac.th)] Action passed all validations [File=/var/www/html/booking/Pages/ActionPage.php,Line=108]
2019-03-13T14:23:50+07:00 [5873] DEBUG default - [User=Admin A. (Frc.booking@vistec.ac.th)] Processing page action. Action updateUser [File=/var/www/html/booking/Presenters/ActionPresenter.php,Line=88]
2019-03-13T14:23:50+07:00 [5873] DEBUG default - [User=Admin A. (Frc.booking@vistec.ac.th)] Updating user 540 [File=/var/www/html/booking/Presenters/Admin/ManageUsersPresenter.php,Line=284]
2019-03-13T14:26:50+07:00 [2087] DEBUG default - [User=Pompamz A (pp.pompamz@gmail.com)] Action passed all validations [File=/var/www/html/booking/Pages/ActionPage.php,Line=108]
2019-03-13T14:26:50+07:00 [2087] DEBUG default - [User=Pompamz A (pp.pompamz@gmail.com)] Processing page action. Action deleteQuota [File=/var/www/html/booking/Presenters/ActionPresenter.php,Line=88]
2019-03-13T14:26:50+07:00 [2087] DEBUG default - [User=Pompamz A (pp.pompamz@gmail.com)] Deleting quota 50 [File=/var/www/html/booking/Presenters/Admin/ManageQuotasPresenter.php,Line=158]
2019-03-13T14:26:56+07:00 [2088] DEBUG default - [User=Pompamz A (pp.pompamz@gmail.com)] Action passed all validations [File=/var/www/html/booking/Pages/ActionPage.php,Line=108]
2019-03-13T14:26:56+07:00 [2088] DEBUG default - [User=Pompamz A (pp.pompamz@gmail.com)] Processing page action. Action deleteQuota [File=/var/www/html/booking/Presenters/ActionPresenter.php,Line=88]
2019-03-13T14:26:56+07:00 [2088] DEBUG default - [User=Pompamz A (pp.pompamz@gmail.com)] Deleting quota 48 [File=/var/www/html/booking/Presenters/Admin/ManageQuotasPresenter.php,Line=158]
2019-03-13T14:27:00+07:00 [5873] DEBUG default - [User=Pompamz A (pp.pompamz@gmail.com)] Action passed all validations [File=/var/www/html/booking/Pages/ActionPage.php,Line=108]
2019-03-13T14:27:00+07:00 [5873] DEBUG default - [User=Pompamz A (pp.pompamz@gmail.com)] Processing page action. Action deleteQuota [File=/var/www/html/booking/Presenters/ActionPresenter.php,Line=88]
2019-03-13T14:27:00+07:00 [5873] DEBUG default - [User=Pompamz A (pp.pompamz@gmail.com)] Deleting quota 47 [File=/var/www/html/booking/Presenters/Admin/ManageQuotasPresenter.php,Line=158]
2019-03-13T14:28:51+07:00 [5873] DEBUG default - [User=Pompamz A (pp.pompamz@gmail.com)] Loading validators for addUser [File=/var/www/html/booking/Presenters/Admin/ManageUsersPresenter.php,Line=418]
2019-03-13T14:28:51+07:00 [5873] DEBUG default - [User=Pompamz A (pp.pompamz@gmail.com)] Action passed all validations [File=/var/www/html/booking/Pages/ActionPage.php,Line=108]
2019-03-13T14:28:51+07:00 [5873] DEBUG default - [User=Pompamz A (pp.pompamz@gmail.com)] Processing page action. Action addUser [File=/var/www/html/booking/Presenters/ActionPresenter.php,Line=88]
2019-03-13T14:30:13+07:00 [2087] DEBUG default - [User=Pompamz A (pp.pompamz@gmail.com)] Action passed all validations [File=/var/www/html/booking/Pages/ActionPage.php,Line=108]
2019-03-13T14:30:13+07:00 [2087] DEBUG default - [User=Pompamz A (pp.pompamz@gmail.com)] Processing page action. Action addUserPermission [File=/var/www/html/booking/Presenters/ActionPresenter.php,Line=88]
2019-03-13T14:30:21+07:00 [5873] DEBUG default - [User=Pompamz A (pp.pompamz@gmail.com)] Action passed all validations [File=/var/www/html/booking/Pages/ActionPage.php,Line=108]
2019-03-13T14:30:21+07:00 [5873] DEBUG default - [User=Pompamz A (pp.pompamz@gmail.com)] Processing page action. Action addUserPermission [File=/var/www/html/booking/Presenters/ActionPresenter.php,Line=88]
2019-03-13T14:32:47+07:00 [5873] DEBUG default - [User=Pompamz A (pp.pompamz@gmail.com)] Action passed all validations [File=/var/www/html/booking/Pages/ActionPage.php,Line=108]
2019-03-13T14:32:47+07:00 [5873] DEBUG default - [User=Pompamz A (pp.pompamz@gmail.com)] Processing page action. Action addQuota [File=/var/www/html/booking/Presenters/ActionPresenter.php,Line=88]
2019-03-13T14:32:47+07:00 [5873] DEBUG default - [User=Pompamz A (pp.pompamz@gmail.com)] Adding new quota. Duration day, Limit 0, Unit hours, Resource , Group , Schedule , All Day 1, Start Time , End Time , Every Day 1, Days , Scope ExcludeCompleted [File=/var/www/html/booking/Presenters/Admin/ManageQuotasPresenter.php,Line=139]
2019-03-13T14:35:45+07:00 [2088] DEBUG default - [User=Admin A. (Frc.booking@vistec.ac.th)] Action passed all validations [File=/var/www/html/booking/Pages/ActionPage.php,Line=108]
2019-03-13T14:35:45+07:00 [2088] DEBUG default - [User=Admin A. (Frc.booking@vistec.ac.th)] Processing page action. Action deleteQuota [File=/var/www/html/booking/Presenters/ActionPresenter.php,Line=88]
2019-03-13T14:35:45+07:00 [2088] DEBUG default - [User=Admin A. (Frc.booking@vistec.ac.th)] Deleting quota 51 [File=/var/www/html/booking/Presenters/Admin/ManageQuotasPresenter.php,Line=158]
2019-03-13T18:12:09+07:00 [5873] DEBUG default - [User=Admin A. (Frc.booking@vistec.ac.th)] Action passed all validations [File=/var/www/html/booking/Pages/ActionPage.php,Line=108]
2019-03-13T18:12:09+07:00 [5873] DEBUG default - [User=Admin A. (Frc.booking@vistec.ac.th)] Processing page action. Action addUserPermission [File=/var/www/html/booking/Presenters/ActionPresenter.php,Line=88]
2019-03-13T18:12:18+07:00 [2087] DEBUG default - [User=Admin A. (Frc.booking@vistec.ac.th)] Action passed all validations [File=/var/www/html/booking/Pages/ActionPage.php,Line=108]
2019-03-13T18:12:18+07:00 [2087] DEBUG default - [User=Admin A. (Frc.booking@vistec.ac.th)] Processing page action. Action addUserPermission [File=/var/www/html/booking/Presenters/ActionPresenter.php,Line=88]
2019-03-13T18:12:26+07:00 [5873] DEBUG default - [User=Admin A. (Frc.booking@vistec.ac.th)] Action passed all validations [File=/var/www/html/booking/Pages/ActionPage.php,Line=108]
2019-03-13T18:12:26+07:00 [5873] DEBUG default - [User=Admin A. (Frc.booking@vistec.ac.th)] Processing page action. Action addUserPermission [File=/var/www/html/booking/Presenters/ActionPresenter.php,Line=88]
2019-03-13T18:12:34+07:00 [2087] DEBUG default - [User=Admin A. (Frc.booking@vistec.ac.th)] Action passed all validations [File=/var/www/html/booking/Pages/ActionPage.php,Line=108]
2019-03-13T18:12:34+07:00 [2087] DEBUG default - [User=Admin A. (Frc.booking@vistec.ac.th)] Processing page action. Action addUserPermission [File=/var/www/html/booking/Presenters/ActionPresenter.php,Line=88]
2019-03-13T18:12:41+07:00 [5873] DEBUG default - [User=Admin A. (Frc.booking@vistec.ac.th)] Action passed all validations [File=/var/www/html/booking/Pages/ActionPage.php,Line=108]
2019-03-13T18:12:41+07:00 [5873] DEBUG default - [User=Admin A. (Frc.booking@vistec.ac.th)] Processing page action. Action addUserPermission [File=/var/www/html/booking/Presenters/ActionPresenter.php,Line=88]
2019-03-13T18:12:48+07:00 [5873] DEBUG default - [User=Admin A. (Frc.booking@vistec.ac.th)] Action passed all validations [File=/var/www/html/booking/Pages/ActionPage.php,Line=108]
2019-03-13T18:12:48+07:00 [5873] DEBUG default - [User=Admin A. (Frc.booking@vistec.ac.th)] Processing page action. Action addUserPermission [File=/var/www/html/booking/Presenters/ActionPresenter.php,Line=88]
2019-03-13T18:12:55+07:00 [2087] DEBUG default - [User=Admin A. (Frc.booking@vistec.ac.th)] Action passed all validations [File=/var/www/html/booking/Pages/ActionPage.php,Line=108]
2019-03-13T18:12:55+07:00 [2087] DEBUG default - [User=Admin A. (Frc.booking@vistec.ac.th)] Processing page action. Action addUserPermission [File=/var/www/html/booking/Presenters/ActionPresenter.php,Line=88]
2019-03-13T18:13:03+07:00 [2087] DEBUG default - [User=Admin A. (Frc.booking@vistec.ac.th)] Action passed all validations [File=/var/www/html/booking/Pages/ActionPage.php,Line=108]
2019-03-13T18:13:03+07:00 [2087] DEBUG default - [User=Admin A. (Frc.booking@vistec.ac.th)] Processing page action. Action addUserPermission [File=/var/www/html/booking/Presenters/ActionPresenter.php,Line=88]
2019-03-13T18:13:33+07:00 [5873] DEBUG default - [User=Admin A. (Frc.booking@vistec.ac.th)] Action passed all validations [File=/var/www/html/booking/Pages/ActionPage.php,Line=108]
2019-03-13T18:13:33+07:00 [5873] DEBUG default - [User=Admin A. (Frc.booking@vistec.ac.th)] Processing page action. Action addUserPermission [File=/var/www/html/booking/Presenters/ActionPresenter.php,Line=88]
2019-03-13T21:27:31+07:00 [2088] DEBUG default - [User=Admin A. (Frc.booking@vistec.ac.th)] Action passed all validations [File=/var/www/html/booking/Pages/ActionPage.php,Line=108]
2019-03-13T21:27:31+07:00 [2088] DEBUG default - [User=Admin A. (Frc.booking@vistec.ac.th)] Processing page action. Action addAttribute [File=/var/www/html/booking/Presenters/ActionPresenter.php,Line=88]
2019-03-13T21:27:31+07:00 [2088] DEBUG default - [User=Admin A. (Frc.booking@vistec.ac.th)] Adding new attribute named: Type of sample [File=/var/www/html/booking/Presenters/Admin/ManageAttributesPresenter.php,Line=71]
2019-03-13T21:27:52+07:00 [2088] DEBUG default - [User=Admin A. (Frc.booking@vistec.ac.th)] Action passed all validations [File=/var/www/html/booking/Pages/ActionPage.php,Line=108]
2019-03-13T21:27:52+07:00 [2088] DEBUG default - [User=Admin A. (Frc.booking@vistec.ac.th)] Processing page action. Action updateAttribute [File=/var/www/html/booking/Presenters/ActionPresenter.php,Line=88]
2019-03-13T21:27:52+07:00 [2088] DEBUG default - [User=Admin A. (Frc.booking@vistec.ac.th)] Updating attribute with id: 41 [File=/var/www/html/booking/Presenters/Admin/ManageAttributesPresenter.php,Line=98]
2019-03-13T21:28:24+07:00 [2088] DEBUG default - [User=Admin A. (Frc.booking@vistec.ac.th)] Action passed all validations [File=/var/www/html/booking/Pages/ActionPage.php,Line=108]
2019-03-13T21:28:24+07:00 [2088] DEBUG default - [User=Admin A. (Frc.booking@vistec.ac.th)] Processing page action. Action updateAttribute [File=/var/www/html/booking/Presenters/ActionPresenter.php,Line=88]
2019-03-13T21:28:24+07:00 [2088] DEBUG default - [User=Admin A. (Frc.booking@vistec.ac.th)] Updating attribute with id: 32 [File=/var/www/html/booking/Presenters/Admin/ManageAttributesPresenter.php,Line=98]
