2019-08-07T10:42:47+07:00 [31291] DEBUG default - [User=Admin A. (jarinya.s@vistec.ac.th)] Action passed all validations [File=/var/www/html/booking/Pages/ActionPage.php,Line=108]
2019-08-07T10:42:47+07:00 [31291] DEBUG default - [User=Admin A. (jarinya.s@vistec.ac.th)] Processing page action. Action addUserPermission [File=/var/www/html/booking/Presenters/ActionPresenter.php,Line=88]
2019-08-07T10:42:56+07:00 [31291] DEBUG default - [User=Admin A. (jarinya.s@vistec.ac.th)] Action passed all validations [File=/var/www/html/booking/Pages/ActionPage.php,Line=108]
2019-08-07T10:42:56+07:00 [31291] DEBUG default - [User=Admin A. (jarinya.s@vistec.ac.th)] Processing page action. Action addUserPermission [File=/var/www/html/booking/Presenters/ActionPresenter.php,Line=88]
2019-08-07T10:43:11+07:00 [31291] DEBUG default - [User=Admin A. (jarinya.s@vistec.ac.th)] Action passed all validations [File=/var/www/html/booking/Pages/ActionPage.php,Line=108]
2019-08-07T10:43:11+07:00 [31291] DEBUG default - [User=Admin A. (jarinya.s@vistec.ac.th)] Processing page action. Action addUserPermission [File=/var/www/html/booking/Presenters/ActionPresenter.php,Line=88]
2019-08-07T10:43:19+07:00 [31291] DEBUG default - [User=Admin A. (jarinya.s@vistec.ac.th)] Action passed all validations [File=/var/www/html/booking/Pages/ActionPage.php,Line=108]
2019-08-07T10:43:19+07:00 [31291] DEBUG default - [User=Admin A. (jarinya.s@vistec.ac.th)] Processing page action. Action addUserPermission [File=/var/www/html/booking/Presenters/ActionPresenter.php,Line=88]
2019-08-07T11:01:25+07:00 [28017] DEBUG default - [User=Thassanat Atithep (Thassanant.a@vistec.ac.th)] Acco CREATE_DATE is 2019-07-30 09:29:04 [File=/var/www/html/booking/Domain/Announcement.php,Line=171]
2019-08-07T11:01:25+07:00 [28017] DEBUG default - [User=Thassanat Atithep (Thassanant.a@vistec.ac.th)] Acco CREATE_DATE is 2019-07-16 13:01:35 [File=/var/www/html/booking/Domain/Announcement.php,Line=171]
2019-08-07T11:01:25+07:00 [28017] DEBUG default - [User=Thassanat Atithep (Thassanant.a@vistec.ac.th)] Acco CREATE_DATE is 2019-07-12 17:09:03 [File=/var/www/html/booking/Domain/Announcement.php,Line=171]
2019-08-07T11:01:25+07:00 [28017] DEBUG default - [User=Thassanat Atithep (Thassanant.a@vistec.ac.th)] Acco CREATE_DATE is 2019-07-09 13:50:08 [File=/var/www/html/booking/Domain/Announcement.php,Line=171]
2019-08-07T11:01:25+07:00 [28017] DEBUG default - [User=Thassanat Atithep (Thassanant.a@vistec.ac.th)] Acco CREATE_DATE is 2019-07-09 13:56:42 [File=/var/www/html/booking/Domain/Announcement.php,Line=171]
2019-08-07T11:01:25+07:00 [28017] DEBUG default - [User=Thassanat Atithep (Thassanant.a@vistec.ac.th)] Acco CREATE_DATE is 2019-07-08 14:31:56 [File=/var/www/html/booking/Domain/Announcement.php,Line=171]
2019-08-07T11:01:25+07:00 [28017] DEBUG default - [User=Thassanat Atithep (Thassanant.a@vistec.ac.th)] Acco CREATE_DATE is 2019-06-24 10:26:13 [File=/var/www/html/booking/Domain/Announcement.php,Line=171]
2019-08-07T11:01:25+07:00 [28017] DEBUG default - [User=Thassanat Atithep (Thassanant.a@vistec.ac.th)] Acco CREATE_DATE is 2019-06-24 10:30:58 [File=/var/www/html/booking/Domain/Announcement.php,Line=171]
2019-08-07T11:01:25+07:00 [28017] DEBUG default - [User=Thassanat Atithep (Thassanant.a@vistec.ac.th)] Acco CREATE_DATE is 2019-06-20 13:57:41 [File=/var/www/html/booking/Domain/Announcement.php,Line=171]
2019-08-07T11:01:25+07:00 [28017] DEBUG default - [User=Thassanat Atithep (Thassanant.a@vistec.ac.th)] Acco CREATE_DATE is 2019-06-18 13:08:23 [File=/var/www/html/booking/Domain/Announcement.php,Line=171]
2019-08-07T11:01:25+07:00 [28017] DEBUG default - [User=Thassanat Atithep (Thassanant.a@vistec.ac.th)] Acco CREATE_DATE is 2019-06-18 14:02:17 [File=/var/www/html/booking/Domain/Announcement.php,Line=171]
2019-08-07T11:01:25+07:00 [28017] DEBUG default - [User=Thassanat Atithep (Thassanant.a@vistec.ac.th)] Acco CREATE_DATE is 2019-06-17 10:00:48 [File=/var/www/html/booking/Domain/Announcement.php,Line=171]
2019-08-07T11:01:25+07:00 [28017] DEBUG default - [User=Thassanat Atithep (Thassanant.a@vistec.ac.th)] Acco CREATE_DATE is 2019-06-12 10:35:30 [File=/var/www/html/booking/Domain/Announcement.php,Line=171]
2019-08-07T11:01:25+07:00 [28017] DEBUG default - [User=Thassanat Atithep (Thassanant.a@vistec.ac.th)] Acco CREATE_DATE is 2019-06-05 08:53:27 [File=/var/www/html/booking/Domain/Announcement.php,Line=171]
2019-08-07T11:01:25+07:00 [28017] DEBUG default - [User=Thassanat Atithep (Thassanant.a@vistec.ac.th)] Acco CREATE_DATE is 2019-05-30 15:14:39 [File=/var/www/html/booking/Domain/Announcement.php,Line=171]
2019-08-07T11:01:25+07:00 [28017] DEBUG default - [User=Thassanat Atithep (Thassanant.a@vistec.ac.th)] Acco CREATE_DATE is 2019-05-27 14:17:33 [File=/var/www/html/booking/Domain/Announcement.php,Line=171]
2019-08-07T11:01:25+07:00 [28017] DEBUG default - [User=Thassanat Atithep (Thassanant.a@vistec.ac.th)] Acco CREATE_DATE is 2019-05-27 14:18:38 [File=/var/www/html/booking/Domain/Announcement.php,Line=171]
2019-08-07T11:01:25+07:00 [28017] DEBUG default - [User=Thassanat Atithep (Thassanant.a@vistec.ac.th)] Acco CREATE_DATE is 2019-05-23 09:12:01 [File=/var/www/html/booking/Domain/Announcement.php,Line=171]
2019-08-07T11:01:25+07:00 [28017] DEBUG default - [User=Thassanat Atithep (Thassanant.a@vistec.ac.th)] Acco CREATE_DATE is 2019-05-21 10:13:10 [File=/var/www/html/booking/Domain/Announcement.php,Line=171]
2019-08-07T11:01:25+07:00 [28017] DEBUG default - [User=Thassanat Atithep (Thassanant.a@vistec.ac.th)] Acco CREATE_DATE is 2019-05-21 10:13:59 [File=/var/www/html/booking/Domain/Announcement.php,Line=171]
2019-08-07T11:02:41+07:00 [31291] DEBUG default - [User=Thassanat Atithep (Thassanant.a@vistec.ac.th)] Action passed all validations [File=/var/www/html/booking/Pages/ActionPage.php,Line=108]
2019-08-07T11:02:41+07:00 [31291] DEBUG default - [User=Thassanat Atithep (Thassanant.a@vistec.ac.th)] Processing page action. Action addAnnouncement [File=/var/www/html/booking/Presenters/ActionPresenter.php,Line=88]
2019-08-07T11:02:41+07:00 [31291] DEBUG default - [User=Thassanat Atithep (Thassanant.a@vistec.ac.th)] Adding new Announcement [File=/var/www/html/booking/Presenters/Admin/ManageAnnouncementsPresenter.php,Line=115]
2019-08-07T11:02:41+07:00 [31291] DEBUG default - [User=Thassanat Atithep (Thassanant.a@vistec.ac.th)] Create new Announcement [File=/var/www/html/booking/Domain/Announcement.php,Line=201]
2019-08-07T11:02:41+07:00 [28017] DEBUG default - [User=Thassanat Atithep (Thassanant.a@vistec.ac.th)] Acco CREATE_DATE is 2019-08-07 11:02:41 [File=/var/www/html/booking/Domain/Announcement.php,Line=171]
2019-08-07T11:02:41+07:00 [28017] DEBUG default - [User=Thassanat Atithep (Thassanant.a@vistec.ac.th)] Acco CREATE_DATE is 2019-07-30 09:29:04 [File=/var/www/html/booking/Domain/Announcement.php,Line=171]
2019-08-07T11:02:41+07:00 [28017] DEBUG default - [User=Thassanat Atithep (Thassanant.a@vistec.ac.th)] Acco CREATE_DATE is 2019-07-16 13:01:35 [File=/var/www/html/booking/Domain/Announcement.php,Line=171]
2019-08-07T11:02:41+07:00 [28017] DEBUG default - [User=Thassanat Atithep (Thassanant.a@vistec.ac.th)] Acco CREATE_DATE is 2019-07-12 17:09:03 [File=/var/www/html/booking/Domain/Announcement.php,Line=171]
2019-08-07T11:02:41+07:00 [28017] DEBUG default - [User=Thassanat Atithep (Thassanant.a@vistec.ac.th)] Acco CREATE_DATE is 2019-07-09 13:50:08 [File=/var/www/html/booking/Domain/Announcement.php,Line=171]
2019-08-07T11:02:41+07:00 [28017] DEBUG default - [User=Thassanat Atithep (Thassanant.a@vistec.ac.th)] Acco CREATE_DATE is 2019-07-09 13:56:42 [File=/var/www/html/booking/Domain/Announcement.php,Line=171]
2019-08-07T11:02:41+07:00 [28017] DEBUG default - [User=Thassanat Atithep (Thassanant.a@vistec.ac.th)] Acco CREATE_DATE is 2019-07-08 14:31:56 [File=/var/www/html/booking/Domain/Announcement.php,Line=171]
2019-08-07T11:02:41+07:00 [28017] DEBUG default - [User=Thassanat Atithep (Thassanant.a@vistec.ac.th)] Acco CREATE_DATE is 2019-06-24 10:26:13 [File=/var/www/html/booking/Domain/Announcement.php,Line=171]
2019-08-07T11:02:41+07:00 [28017] DEBUG default - [User=Thassanat Atithep (Thassanant.a@vistec.ac.th)] Acco CREATE_DATE is 2019-06-24 10:30:58 [File=/var/www/html/booking/Domain/Announcement.php,Line=171]
2019-08-07T11:02:41+07:00 [28017] DEBUG default - [User=Thassanat Atithep (Thassanant.a@vistec.ac.th)] Acco CREATE_DATE is 2019-06-20 13:57:41 [File=/var/www/html/booking/Domain/Announcement.php,Line=171]
2019-08-07T11:02:41+07:00 [28017] DEBUG default - [User=Thassanat Atithep (Thassanant.a@vistec.ac.th)] Acco CREATE_DATE is 2019-06-18 13:08:23 [File=/var/www/html/booking/Domain/Announcement.php,Line=171]
2019-08-07T11:02:41+07:00 [28017] DEBUG default - [User=Thassanat Atithep (Thassanant.a@vistec.ac.th)] Acco CREATE_DATE is 2019-06-18 14:02:17 [File=/var/www/html/booking/Domain/Announcement.php,Line=171]
2019-08-07T11:02:41+07:00 [28017] DEBUG default - [User=Thassanat Atithep (Thassanant.a@vistec.ac.th)] Acco CREATE_DATE is 2019-06-17 10:00:48 [File=/var/www/html/booking/Domain/Announcement.php,Line=171]
2019-08-07T11:02:41+07:00 [28017] DEBUG default - [User=Thassanat Atithep (Thassanant.a@vistec.ac.th)] Acco CREATE_DATE is 2019-06-12 10:35:30 [File=/var/www/html/booking/Domain/Announcement.php,Line=171]
2019-08-07T11:02:41+07:00 [28017] DEBUG default - [User=Thassanat Atithep (Thassanant.a@vistec.ac.th)] Acco CREATE_DATE is 2019-06-05 08:53:27 [File=/var/www/html/booking/Domain/Announcement.php,Line=171]
2019-08-07T11:02:41+07:00 [28017] DEBUG default - [User=Thassanat Atithep (Thassanant.a@vistec.ac.th)] Acco CREATE_DATE is 2019-05-30 15:14:39 [File=/var/www/html/booking/Domain/Announcement.php,Line=171]
2019-08-07T11:02:41+07:00 [28017] DEBUG default - [User=Thassanat Atithep (Thassanant.a@vistec.ac.th)] Acco CREATE_DATE is 2019-05-27 14:17:33 [File=/var/www/html/booking/Domain/Announcement.php,Line=171]
2019-08-07T11:02:41+07:00 [28017] DEBUG default - [User=Thassanat Atithep (Thassanant.a@vistec.ac.th)] Acco CREATE_DATE is 2019-05-27 14:18:38 [File=/var/www/html/booking/Domain/Announcement.php,Line=171]
2019-08-07T11:02:41+07:00 [28017] DEBUG default - [User=Thassanat Atithep (Thassanant.a@vistec.ac.th)] Acco CREATE_DATE is 2019-05-23 09:12:01 [File=/var/www/html/booking/Domain/Announcement.php,Line=171]
2019-08-07T11:02:41+07:00 [28017] DEBUG default - [User=Thassanat Atithep (Thassanant.a@vistec.ac.th)] Acco CREATE_DATE is 2019-05-21 10:13:10 [File=/var/www/html/booking/Domain/Announcement.php,Line=171]
2019-08-07T11:08:54+07:00 [27931] DEBUG default - [User=Admin A. (ratchawan.j@vistec.ac.th)] Loading validators for password [File=/var/www/html/booking/Presenters/Admin/ManageUsersPresenter.php,Line=418]
2019-08-07T11:08:54+07:00 [27931] DEBUG default - [User=Admin A. (ratchawan.j@vistec.ac.th)] Action passed all validations [File=/var/www/html/booking/Pages/ActionPage.php,Line=108]
2019-08-07T11:08:54+07:00 [27931] DEBUG default - [User=Admin A. (ratchawan.j@vistec.ac.th)] Processing page action. Action password [File=/var/www/html/booking/Presenters/ActionPresenter.php,Line=88]
2019-08-07T11:09:41+07:00 [28017] DEBUG default - [User=Admin A. (jarinya.s@vistec.ac.th)] Action passed all validations [File=/var/www/html/booking/Pages/ActionPage.php,Line=108]
2019-08-07T11:09:41+07:00 [28017] DEBUG default - [User=Admin A. (jarinya.s@vistec.ac.th)] Processing page action. Action addUserPermission [File=/var/www/html/booking/Presenters/ActionPresenter.php,Line=88]
2019-08-07T11:09:52+07:00 [28017] DEBUG default - [User=Admin A. (jarinya.s@vistec.ac.th)] Action passed all validations [File=/var/www/html/booking/Pages/ActionPage.php,Line=108]
2019-08-07T11:09:52+07:00 [28017] DEBUG default - [User=Admin A. (jarinya.s@vistec.ac.th)] Processing page action. Action removeUserPermission [File=/var/www/html/booking/Presenters/ActionPresenter.php,Line=88]
2019-08-07T13:29:03+07:00 [27931] DEBUG default - [User=Admin A. (ratchawan.j@vistec.ac.th)] Loading validators for permissions [File=/var/www/html/booking/Presenters/Admin/ManageUsersPresenter.php,Line=418]
2019-08-07T13:29:03+07:00 [27931] DEBUG default - [User=Admin A. (ratchawan.j@vistec.ac.th)] Action passed all validations [File=/var/www/html/booking/Pages/ActionPage.php,Line=108]
2019-08-07T13:29:03+07:00 [27931] DEBUG default - [User=Admin A. (ratchawan.j@vistec.ac.th)] Processing page action. Action permissions [File=/var/www/html/booking/Presenters/ActionPresenter.php,Line=88]
2019-08-07T13:29:14+07:00 [31291] DEBUG default - [User=Admin A. (ratchawan.j@vistec.ac.th)] Loading validators for permissions [File=/var/www/html/booking/Presenters/Admin/ManageUsersPresenter.php,Line=418]
2019-08-07T13:29:14+07:00 [31291] DEBUG default - [User=Admin A. (ratchawan.j@vistec.ac.th)] Action passed all validations [File=/var/www/html/booking/Pages/ActionPage.php,Line=108]
2019-08-07T13:29:14+07:00 [31291] DEBUG default - [User=Admin A. (ratchawan.j@vistec.ac.th)] Processing page action. Action permissions [File=/var/www/html/booking/Presenters/ActionPresenter.php,Line=88]
2019-08-07T15:17:57+07:00 [31291] DEBUG default - [User=Admin A. (somlak.i@vistec.ac.th)] Action passed all validations [File=/var/www/html/booking/Pages/ActionPage.php,Line=108]
2019-08-07T15:17:57+07:00 [31291] DEBUG default - [User=Admin A. (somlak.i@vistec.ac.th)] Processing page action. Action addUserPermission [File=/var/www/html/booking/Presenters/ActionPresenter.php,Line=88]
2019-08-07T16:32:17+07:00 [28017] DEBUG default - [User=Admin A. (jarinya.s@vistec.ac.th)] Action passed all validations [File=/var/www/html/booking/Pages/ActionPage.php,Line=108]
2019-08-07T16:32:17+07:00 [28017] DEBUG default - [User=Admin A. (jarinya.s@vistec.ac.th)] Processing page action. Action add [File=/var/www/html/booking/Presenters/ActionPresenter.php,Line=88]
2019-08-07T16:33:37+07:00 [28017] DEBUG default - [User=Admin A. (jarinya.s@vistec.ac.th)] Action passed all validations [File=/var/www/html/booking/Pages/ActionPage.php,Line=108]
2019-08-07T16:33:37+07:00 [28017] DEBUG default - [User=Admin A. (jarinya.s@vistec.ac.th)] Processing page action. Action add [File=/var/www/html/booking/Presenters/ActionPresenter.php,Line=88]
2019-08-07T16:34:24+07:00 [31291] DEBUG default - [User=Admin A. (jarinya.s@vistec.ac.th)] Action passed all validations [File=/var/www/html/booking/Pages/ActionPage.php,Line=108]
2019-08-07T16:34:24+07:00 [31291] DEBUG default - [User=Admin A. (jarinya.s@vistec.ac.th)] Processing page action. Action load [File=/var/www/html/booking/Presenters/ActionPresenter.php,Line=88]
2019-08-07T16:34:24+07:00 [31291] DEBUG default - [User=Admin A. (jarinya.s@vistec.ac.th)] Loading blackout for editing. Id=86 [File=/var/www/html/booking/Presenters/Admin/ManageBlackoutsPresenter.php,Line=254]
2019-08-07T16:34:37+07:00 [28017] DEBUG default - [User=Admin A. (jarinya.s@vistec.ac.th)] Action passed all validations [File=/var/www/html/booking/Pages/ActionPage.php,Line=108]
2019-08-07T16:34:37+07:00 [28017] DEBUG default - [User=Admin A. (jarinya.s@vistec.ac.th)] Processing page action. Action update [File=/var/www/html/booking/Presenters/ActionPresenter.php,Line=88]
2019-08-07T16:34:37+07:00 [28017] DEBUG default - [User=Admin A. (jarinya.s@vistec.ac.th)] Updating blackout. BlackoutId=86, UpdateScope=full [File=/var/www/html/booking/Presenters/Admin/ManageBlackoutsPresenter.php,Line=325]
2019-08-07T16:34:42+07:00 [31291] DEBUG default - [User=Admin A. (jarinya.s@vistec.ac.th)] Action passed all validations [File=/var/www/html/booking/Pages/ActionPage.php,Line=108]
2019-08-07T16:34:42+07:00 [31291] DEBUG default - [User=Admin A. (jarinya.s@vistec.ac.th)] Processing page action. Action load [File=/var/www/html/booking/Presenters/ActionPresenter.php,Line=88]
2019-08-07T16:34:42+07:00 [31291] DEBUG default - [User=Admin A. (jarinya.s@vistec.ac.th)] Loading blackout for editing. Id=87 [File=/var/www/html/booking/Presenters/Admin/ManageBlackoutsPresenter.php,Line=254]
2019-08-07T16:35:04+07:00 [28017] DEBUG default - [User=Admin A. (jarinya.s@vistec.ac.th)] Action passed all validations [File=/var/www/html/booking/Pages/ActionPage.php,Line=108]
2019-08-07T16:35:04+07:00 [28017] DEBUG default - [User=Admin A. (jarinya.s@vistec.ac.th)] Processing page action. Action update [File=/var/www/html/booking/Presenters/ActionPresenter.php,Line=88]
2019-08-07T16:35:04+07:00 [28017] DEBUG default - [User=Admin A. (jarinya.s@vistec.ac.th)] Updating blackout. BlackoutId=87, UpdateScope=full [File=/var/www/html/booking/Presenters/Admin/ManageBlackoutsPresenter.php,Line=325]
