2019-08-15T13:25:15+07:00 [12241] DEBUG default - [User=Admin A. (meshaya.p@vistec.ac.th)] Action passed all validations [File=/var/www/html/booking/Pages/ActionPage.php,Line=108]
2019-08-15T13:25:15+07:00 [12241] DEBUG default - [User=Admin A. (meshaya.p@vistec.ac.th)] Processing page action. Action addUserPermission [File=/var/www/html/booking/Presenters/ActionPresenter.php,Line=88]
2019-08-15T18:26:35+07:00 [16913] DEBUG default - [User=Admin A. (somlak.i@vistec.ac.th)] Action passed all validations [File=/var/www/html/booking/Pages/ActionPage.php,Line=108]
2019-08-15T18:26:35+07:00 [16913] DEBUG default - [User=Admin A. (somlak.i@vistec.ac.th)] Processing page action. Action load [File=/var/www/html/booking/Presenters/ActionPresenter.php,Line=88]
2019-08-15T18:26:35+07:00 [16913] DEBUG default - [User=Admin A. (somlak.i@vistec.ac.th)] Loading blackout for editing. Id=91 [File=/var/www/html/booking/Presenters/Admin/ManageBlackoutsPresenter.php,Line=254]
2019-08-15T18:27:33+07:00 [16782] DEBUG default - [User=Admin A. (somlak.i@vistec.ac.th)] Acco CREATE_DATE is 2019-08-13 17:26:40 [File=/var/www/html/booking/Domain/Announcement.php,Line=171]
2019-08-15T18:27:33+07:00 [16782] DEBUG default - [User=Admin A. (somlak.i@vistec.ac.th)] Acco CREATE_DATE is 2019-08-09 10:52:33 [File=/var/www/html/booking/Domain/Announcement.php,Line=171]
2019-08-15T18:27:33+07:00 [16782] DEBUG default - [User=Admin A. (somlak.i@vistec.ac.th)] Acco CREATE_DATE is 2019-08-07 16:33:37 [File=/var/www/html/booking/Domain/Announcement.php,Line=171]
2019-08-15T18:27:33+07:00 [16782] DEBUG default - [User=Admin A. (somlak.i@vistec.ac.th)] Acco CREATE_DATE is 2019-08-13 16:49:05 [File=/var/www/html/booking/Domain/Announcement.php,Line=171]
2019-08-15T18:27:33+07:00 [16782] DEBUG default - [User=Admin A. (somlak.i@vistec.ac.th)] Acco CREATE_DATE is 2019-07-30 09:29:04 [File=/var/www/html/booking/Domain/Announcement.php,Line=171]
2019-08-15T18:27:33+07:00 [16782] DEBUG default - [User=Admin A. (somlak.i@vistec.ac.th)] Acco CREATE_DATE is 2019-07-16 13:01:35 [File=/var/www/html/booking/Domain/Announcement.php,Line=171]
2019-08-15T18:27:33+07:00 [16782] DEBUG default - [User=Admin A. (somlak.i@vistec.ac.th)] Acco CREATE_DATE is 2019-07-12 17:09:03 [File=/var/www/html/booking/Domain/Announcement.php,Line=171]
2019-08-15T18:27:33+07:00 [16782] DEBUG default - [User=Admin A. (somlak.i@vistec.ac.th)] Acco CREATE_DATE is 2019-07-09 13:50:08 [File=/var/www/html/booking/Domain/Announcement.php,Line=171]
2019-08-15T18:27:33+07:00 [16782] DEBUG default - [User=Admin A. (somlak.i@vistec.ac.th)] Acco CREATE_DATE is 2019-07-09 13:56:42 [File=/var/www/html/booking/Domain/Announcement.php,Line=171]
2019-08-15T18:27:33+07:00 [16782] DEBUG default - [User=Admin A. (somlak.i@vistec.ac.th)] Acco CREATE_DATE is 2019-07-08 14:31:56 [File=/var/www/html/booking/Domain/Announcement.php,Line=171]
2019-08-15T18:27:33+07:00 [16782] DEBUG default - [User=Admin A. (somlak.i@vistec.ac.th)] Acco CREATE_DATE is 2019-06-24 10:26:13 [File=/var/www/html/booking/Domain/Announcement.php,Line=171]
2019-08-15T18:27:33+07:00 [16782] DEBUG default - [User=Admin A. (somlak.i@vistec.ac.th)] Acco CREATE_DATE is 2019-06-24 10:30:58 [File=/var/www/html/booking/Domain/Announcement.php,Line=171]
2019-08-15T18:27:33+07:00 [16782] DEBUG default - [User=Admin A. (somlak.i@vistec.ac.th)] Acco CREATE_DATE is 2019-06-20 13:57:41 [File=/var/www/html/booking/Domain/Announcement.php,Line=171]
2019-08-15T18:27:33+07:00 [16782] DEBUG default - [User=Admin A. (somlak.i@vistec.ac.th)] Acco CREATE_DATE is 2019-06-18 13:08:23 [File=/var/www/html/booking/Domain/Announcement.php,Line=171]
2019-08-15T18:27:33+07:00 [16782] DEBUG default - [User=Admin A. (somlak.i@vistec.ac.th)] Acco CREATE_DATE is 2019-06-18 14:02:17 [File=/var/www/html/booking/Domain/Announcement.php,Line=171]
2019-08-15T18:27:33+07:00 [16782] DEBUG default - [User=Admin A. (somlak.i@vistec.ac.th)] Acco CREATE_DATE is 2019-06-17 10:00:48 [File=/var/www/html/booking/Domain/Announcement.php,Line=171]
2019-08-15T18:27:33+07:00 [16782] DEBUG default - [User=Admin A. (somlak.i@vistec.ac.th)] Acco CREATE_DATE is 2019-06-12 10:35:30 [File=/var/www/html/booking/Domain/Announcement.php,Line=171]
2019-08-15T18:27:33+07:00 [16782] DEBUG default - [User=Admin A. (somlak.i@vistec.ac.th)] Acco CREATE_DATE is 2019-06-05 08:53:27 [File=/var/www/html/booking/Domain/Announcement.php,Line=171]
2019-08-15T18:27:33+07:00 [16782] DEBUG default - [User=Admin A. (somlak.i@vistec.ac.th)] Acco CREATE_DATE is 2019-05-30 15:14:39 [File=/var/www/html/booking/Domain/Announcement.php,Line=171]
2019-08-15T18:27:33+07:00 [16782] DEBUG default - [User=Admin A. (somlak.i@vistec.ac.th)] Acco CREATE_DATE is 2019-05-27 14:17:33 [File=/var/www/html/booking/Domain/Announcement.php,Line=171]
2019-08-15T18:29:29+07:00 [16795] DEBUG default - [User=Admin A. (somlak.i@vistec.ac.th)] Acco CREATE_DATE is 2019-08-13 17:26:40 [File=/var/www/html/booking/Domain/Announcement.php,Line=171]
2019-08-15T18:29:29+07:00 [16795] DEBUG default - [User=Admin A. (somlak.i@vistec.ac.th)] Acco CREATE_DATE is 2019-08-09 10:52:33 [File=/var/www/html/booking/Domain/Announcement.php,Line=171]
2019-08-15T18:29:29+07:00 [16795] DEBUG default - [User=Admin A. (somlak.i@vistec.ac.th)] Acco CREATE_DATE is 2019-08-07 16:33:37 [File=/var/www/html/booking/Domain/Announcement.php,Line=171]
2019-08-15T18:29:29+07:00 [16795] DEBUG default - [User=Admin A. (somlak.i@vistec.ac.th)] Acco CREATE_DATE is 2019-08-13 16:49:05 [File=/var/www/html/booking/Domain/Announcement.php,Line=171]
2019-08-15T18:29:29+07:00 [16795] DEBUG default - [User=Admin A. (somlak.i@vistec.ac.th)] Acco CREATE_DATE is 2019-07-30 09:29:04 [File=/var/www/html/booking/Domain/Announcement.php,Line=171]
2019-08-15T18:29:29+07:00 [16795] DEBUG default - [User=Admin A. (somlak.i@vistec.ac.th)] Acco CREATE_DATE is 2019-07-16 13:01:35 [File=/var/www/html/booking/Domain/Announcement.php,Line=171]
2019-08-15T18:29:29+07:00 [16795] DEBUG default - [User=Admin A. (somlak.i@vistec.ac.th)] Acco CREATE_DATE is 2019-07-12 17:09:03 [File=/var/www/html/booking/Domain/Announcement.php,Line=171]
2019-08-15T18:29:29+07:00 [16795] DEBUG default - [User=Admin A. (somlak.i@vistec.ac.th)] Acco CREATE_DATE is 2019-07-09 13:50:08 [File=/var/www/html/booking/Domain/Announcement.php,Line=171]
2019-08-15T18:29:29+07:00 [16795] DEBUG default - [User=Admin A. (somlak.i@vistec.ac.th)] Acco CREATE_DATE is 2019-07-09 13:56:42 [File=/var/www/html/booking/Domain/Announcement.php,Line=171]
2019-08-15T18:29:29+07:00 [16795] DEBUG default - [User=Admin A. (somlak.i@vistec.ac.th)] Acco CREATE_DATE is 2019-07-08 14:31:56 [File=/var/www/html/booking/Domain/Announcement.php,Line=171]
2019-08-15T18:29:29+07:00 [16795] DEBUG default - [User=Admin A. (somlak.i@vistec.ac.th)] Acco CREATE_DATE is 2019-06-24 10:26:13 [File=/var/www/html/booking/Domain/Announcement.php,Line=171]
2019-08-15T18:29:29+07:00 [16795] DEBUG default - [User=Admin A. (somlak.i@vistec.ac.th)] Acco CREATE_DATE is 2019-06-24 10:30:58 [File=/var/www/html/booking/Domain/Announcement.php,Line=171]
2019-08-15T18:29:29+07:00 [16795] DEBUG default - [User=Admin A. (somlak.i@vistec.ac.th)] Acco CREATE_DATE is 2019-06-20 13:57:41 [File=/var/www/html/booking/Domain/Announcement.php,Line=171]
2019-08-15T18:29:29+07:00 [16795] DEBUG default - [User=Admin A. (somlak.i@vistec.ac.th)] Acco CREATE_DATE is 2019-06-18 13:08:23 [File=/var/www/html/booking/Domain/Announcement.php,Line=171]
2019-08-15T18:29:29+07:00 [16795] DEBUG default - [User=Admin A. (somlak.i@vistec.ac.th)] Acco CREATE_DATE is 2019-06-18 14:02:17 [File=/var/www/html/booking/Domain/Announcement.php,Line=171]
2019-08-15T18:29:29+07:00 [16795] DEBUG default - [User=Admin A. (somlak.i@vistec.ac.th)] Acco CREATE_DATE is 2019-06-17 10:00:48 [File=/var/www/html/booking/Domain/Announcement.php,Line=171]
2019-08-15T18:29:29+07:00 [16795] DEBUG default - [User=Admin A. (somlak.i@vistec.ac.th)] Acco CREATE_DATE is 2019-06-12 10:35:30 [File=/var/www/html/booking/Domain/Announcement.php,Line=171]
2019-08-15T18:29:29+07:00 [16795] DEBUG default - [User=Admin A. (somlak.i@vistec.ac.th)] Acco CREATE_DATE is 2019-06-05 08:53:27 [File=/var/www/html/booking/Domain/Announcement.php,Line=171]
2019-08-15T18:29:29+07:00 [16795] DEBUG default - [User=Admin A. (somlak.i@vistec.ac.th)] Acco CREATE_DATE is 2019-05-30 15:14:39 [File=/var/www/html/booking/Domain/Announcement.php,Line=171]
2019-08-15T18:29:29+07:00 [16795] DEBUG default - [User=Admin A. (somlak.i@vistec.ac.th)] Acco CREATE_DATE is 2019-05-27 14:17:33 [File=/var/www/html/booking/Domain/Announcement.php,Line=171]
2019-08-15T18:30:27+07:00 [16795] DEBUG default - [User=Admin A. (somlak.i@vistec.ac.th)] Acco CREATE_DATE is 2019-08-13 17:26:40 [File=/var/www/html/booking/Domain/Announcement.php,Line=171]
2019-08-15T18:30:27+07:00 [16795] DEBUG default - [User=Admin A. (somlak.i@vistec.ac.th)] Acco CREATE_DATE is 2019-08-09 10:52:33 [File=/var/www/html/booking/Domain/Announcement.php,Line=171]
2019-08-15T18:30:27+07:00 [16795] DEBUG default - [User=Admin A. (somlak.i@vistec.ac.th)] Acco CREATE_DATE is 2019-08-07 16:33:37 [File=/var/www/html/booking/Domain/Announcement.php,Line=171]
2019-08-15T18:30:27+07:00 [16795] DEBUG default - [User=Admin A. (somlak.i@vistec.ac.th)] Acco CREATE_DATE is 2019-08-13 16:49:05 [File=/var/www/html/booking/Domain/Announcement.php,Line=171]
2019-08-15T18:30:27+07:00 [16795] DEBUG default - [User=Admin A. (somlak.i@vistec.ac.th)] Acco CREATE_DATE is 2019-07-30 09:29:04 [File=/var/www/html/booking/Domain/Announcement.php,Line=171]
2019-08-15T18:30:27+07:00 [16795] DEBUG default - [User=Admin A. (somlak.i@vistec.ac.th)] Acco CREATE_DATE is 2019-07-16 13:01:35 [File=/var/www/html/booking/Domain/Announcement.php,Line=171]
2019-08-15T18:30:27+07:00 [16795] DEBUG default - [User=Admin A. (somlak.i@vistec.ac.th)] Acco CREATE_DATE is 2019-07-12 17:09:03 [File=/var/www/html/booking/Domain/Announcement.php,Line=171]
2019-08-15T18:30:27+07:00 [16795] DEBUG default - [User=Admin A. (somlak.i@vistec.ac.th)] Acco CREATE_DATE is 2019-07-09 13:50:08 [File=/var/www/html/booking/Domain/Announcement.php,Line=171]
2019-08-15T18:30:27+07:00 [16795] DEBUG default - [User=Admin A. (somlak.i@vistec.ac.th)] Acco CREATE_DATE is 2019-07-09 13:56:42 [File=/var/www/html/booking/Domain/Announcement.php,Line=171]
2019-08-15T18:30:27+07:00 [16795] DEBUG default - [User=Admin A. (somlak.i@vistec.ac.th)] Acco CREATE_DATE is 2019-07-08 14:31:56 [File=/var/www/html/booking/Domain/Announcement.php,Line=171]
2019-08-15T18:30:27+07:00 [16795] DEBUG default - [User=Admin A. (somlak.i@vistec.ac.th)] Acco CREATE_DATE is 2019-06-24 10:26:13 [File=/var/www/html/booking/Domain/Announcement.php,Line=171]
2019-08-15T18:30:27+07:00 [16795] DEBUG default - [User=Admin A. (somlak.i@vistec.ac.th)] Acco CREATE_DATE is 2019-06-24 10:30:58 [File=/var/www/html/booking/Domain/Announcement.php,Line=171]
2019-08-15T18:30:27+07:00 [16795] DEBUG default - [User=Admin A. (somlak.i@vistec.ac.th)] Acco CREATE_DATE is 2019-06-20 13:57:41 [File=/var/www/html/booking/Domain/Announcement.php,Line=171]
2019-08-15T18:30:27+07:00 [16795] DEBUG default - [User=Admin A. (somlak.i@vistec.ac.th)] Acco CREATE_DATE is 2019-06-18 13:08:23 [File=/var/www/html/booking/Domain/Announcement.php,Line=171]
2019-08-15T18:30:27+07:00 [16795] DEBUG default - [User=Admin A. (somlak.i@vistec.ac.th)] Acco CREATE_DATE is 2019-06-18 14:02:17 [File=/var/www/html/booking/Domain/Announcement.php,Line=171]
2019-08-15T18:30:27+07:00 [16795] DEBUG default - [User=Admin A. (somlak.i@vistec.ac.th)] Acco CREATE_DATE is 2019-06-17 10:00:48 [File=/var/www/html/booking/Domain/Announcement.php,Line=171]
2019-08-15T18:30:27+07:00 [16795] DEBUG default - [User=Admin A. (somlak.i@vistec.ac.th)] Acco CREATE_DATE is 2019-06-12 10:35:30 [File=/var/www/html/booking/Domain/Announcement.php,Line=171]
2019-08-15T18:30:27+07:00 [16795] DEBUG default - [User=Admin A. (somlak.i@vistec.ac.th)] Acco CREATE_DATE is 2019-06-05 08:53:27 [File=/var/www/html/booking/Domain/Announcement.php,Line=171]
2019-08-15T18:30:27+07:00 [16795] DEBUG default - [User=Admin A. (somlak.i@vistec.ac.th)] Acco CREATE_DATE is 2019-05-30 15:14:39 [File=/var/www/html/booking/Domain/Announcement.php,Line=171]
2019-08-15T18:30:27+07:00 [16795] DEBUG default - [User=Admin A. (somlak.i@vistec.ac.th)] Acco CREATE_DATE is 2019-05-27 14:17:33 [File=/var/www/html/booking/Domain/Announcement.php,Line=171]
2019-08-15T18:31:51+07:00 [16782] DEBUG default - [User=Admin A. (somlak.i@vistec.ac.th)] Acco CREATE_DATE is 2019-08-13 17:26:40 [File=/var/www/html/booking/Domain/Announcement.php,Line=171]
2019-08-15T18:31:51+07:00 [16782] DEBUG default - [User=Admin A. (somlak.i@vistec.ac.th)] Acco CREATE_DATE is 2019-08-09 10:52:33 [File=/var/www/html/booking/Domain/Announcement.php,Line=171]
2019-08-15T18:31:51+07:00 [16782] DEBUG default - [User=Admin A. (somlak.i@vistec.ac.th)] Acco CREATE_DATE is 2019-08-07 16:33:37 [File=/var/www/html/booking/Domain/Announcement.php,Line=171]
2019-08-15T18:31:51+07:00 [16782] DEBUG default - [User=Admin A. (somlak.i@vistec.ac.th)] Acco CREATE_DATE is 2019-08-13 16:49:05 [File=/var/www/html/booking/Domain/Announcement.php,Line=171]
2019-08-15T18:31:51+07:00 [16782] DEBUG default - [User=Admin A. (somlak.i@vistec.ac.th)] Acco CREATE_DATE is 2019-07-30 09:29:04 [File=/var/www/html/booking/Domain/Announcement.php,Line=171]
2019-08-15T18:31:51+07:00 [16782] DEBUG default - [User=Admin A. (somlak.i@vistec.ac.th)] Acco CREATE_DATE is 2019-07-16 13:01:35 [File=/var/www/html/booking/Domain/Announcement.php,Line=171]
2019-08-15T18:31:51+07:00 [16782] DEBUG default - [User=Admin A. (somlak.i@vistec.ac.th)] Acco CREATE_DATE is 2019-07-12 17:09:03 [File=/var/www/html/booking/Domain/Announcement.php,Line=171]
2019-08-15T18:31:51+07:00 [16782] DEBUG default - [User=Admin A. (somlak.i@vistec.ac.th)] Acco CREATE_DATE is 2019-07-09 13:50:08 [File=/var/www/html/booking/Domain/Announcement.php,Line=171]
2019-08-15T18:31:51+07:00 [16782] DEBUG default - [User=Admin A. (somlak.i@vistec.ac.th)] Acco CREATE_DATE is 2019-07-09 13:56:42 [File=/var/www/html/booking/Domain/Announcement.php,Line=171]
2019-08-15T18:31:51+07:00 [16782] DEBUG default - [User=Admin A. (somlak.i@vistec.ac.th)] Acco CREATE_DATE is 2019-07-08 14:31:56 [File=/var/www/html/booking/Domain/Announcement.php,Line=171]
2019-08-15T18:31:51+07:00 [16782] DEBUG default - [User=Admin A. (somlak.i@vistec.ac.th)] Acco CREATE_DATE is 2019-06-24 10:26:13 [File=/var/www/html/booking/Domain/Announcement.php,Line=171]
2019-08-15T18:31:51+07:00 [16782] DEBUG default - [User=Admin A. (somlak.i@vistec.ac.th)] Acco CREATE_DATE is 2019-06-24 10:30:58 [File=/var/www/html/booking/Domain/Announcement.php,Line=171]
2019-08-15T18:31:51+07:00 [16782] DEBUG default - [User=Admin A. (somlak.i@vistec.ac.th)] Acco CREATE_DATE is 2019-06-20 13:57:41 [File=/var/www/html/booking/Domain/Announcement.php,Line=171]
2019-08-15T18:31:51+07:00 [16782] DEBUG default - [User=Admin A. (somlak.i@vistec.ac.th)] Acco CREATE_DATE is 2019-06-18 13:08:23 [File=/var/www/html/booking/Domain/Announcement.php,Line=171]
2019-08-15T18:31:51+07:00 [16782] DEBUG default - [User=Admin A. (somlak.i@vistec.ac.th)] Acco CREATE_DATE is 2019-06-18 14:02:17 [File=/var/www/html/booking/Domain/Announcement.php,Line=171]
2019-08-15T18:31:51+07:00 [16782] DEBUG default - [User=Admin A. (somlak.i@vistec.ac.th)] Acco CREATE_DATE is 2019-06-17 10:00:48 [File=/var/www/html/booking/Domain/Announcement.php,Line=171]
2019-08-15T18:31:51+07:00 [16782] DEBUG default - [User=Admin A. (somlak.i@vistec.ac.th)] Acco CREATE_DATE is 2019-06-12 10:35:30 [File=/var/www/html/booking/Domain/Announcement.php,Line=171]
2019-08-15T18:31:51+07:00 [16782] DEBUG default - [User=Admin A. (somlak.i@vistec.ac.th)] Acco CREATE_DATE is 2019-06-05 08:53:27 [File=/var/www/html/booking/Domain/Announcement.php,Line=171]
2019-08-15T18:31:51+07:00 [16782] DEBUG default - [User=Admin A. (somlak.i@vistec.ac.th)] Acco CREATE_DATE is 2019-05-30 15:14:39 [File=/var/www/html/booking/Domain/Announcement.php,Line=171]
2019-08-15T18:31:51+07:00 [16782] DEBUG default - [User=Admin A. (somlak.i@vistec.ac.th)] Acco CREATE_DATE is 2019-05-27 14:17:33 [File=/var/www/html/booking/Domain/Announcement.php,Line=171]
