2019-04-03T10:38:49+07:00 [23803] DEBUG default - [User=Admin A. (meshaya.p@vistec.ac.th)] Action passed all validations [File=/var/www/html/booking/Pages/ActionPage.php,Line=108]
2019-04-03T10:38:49+07:00 [23803] DEBUG default - [User=Admin A. (meshaya.p@vistec.ac.th)] Processing page action. Action addGroup [File=/var/www/html/booking/Presenters/ActionPresenter.php,Line=88]
2019-04-03T10:38:49+07:00 [23803] DEBUG default - [User=Admin A. (meshaya.p@vistec.ac.th)] Adding new group with name: CHU [File=/var/www/html/booking/Presenters/Admin/ManageGroupsPresenter.php,Line=187]
2019-04-03T10:41:56+07:00 [23803] DEBUG default - [User=Admin A. (meshaya.p@vistec.ac.th)] Loading validators for addUser [File=/var/www/html/booking/Presenters/Admin/ManageUsersPresenter.php,Line=418]
2019-04-03T10:41:56+07:00 [23803] DEBUG default - [User=Admin A. (meshaya.p@vistec.ac.th)] Action passed all validations [File=/var/www/html/booking/Pages/ActionPage.php,Line=108]
2019-04-03T10:41:56+07:00 [23803] DEBUG default - [User=Admin A. (meshaya.p@vistec.ac.th)] Processing page action. Action addUser [File=/var/www/html/booking/Presenters/ActionPresenter.php,Line=88]
2019-04-03T10:41:56+07:00 [23803] DEBUG default - [User=Admin A. (meshaya.p@vistec.ac.th)] Sending AccountCreationForUserEmail email to: phukansin@hotmail.com from: Frc.booking@vistec.ac.th [File=/var/www/html/booking/lib/Email/EmailService.php,Line=93]
2019-04-03T10:42:01+07:00 [23803] DEBUG default - [User=Admin A. (meshaya.p@vistec.ac.th)] Email send success: 1.  [File=/var/www/html/booking/lib/Email/EmailService.php,Line=105]
2019-04-03T10:42:31+07:00 [10313] DEBUG default - [User=Admin A. (meshaya.p@vistec.ac.th)] Loading validators for permissions [File=/var/www/html/booking/Presenters/Admin/ManageUsersPresenter.php,Line=418]
2019-04-03T10:42:31+07:00 [10313] DEBUG default - [User=Admin A. (meshaya.p@vistec.ac.th)] Action passed all validations [File=/var/www/html/booking/Pages/ActionPage.php,Line=108]
2019-04-03T10:42:31+07:00 [10313] DEBUG default - [User=Admin A. (meshaya.p@vistec.ac.th)] Processing page action. Action permissions [File=/var/www/html/booking/Presenters/ActionPresenter.php,Line=88]
2019-04-03T10:46:56+07:00 [10313] DEBUG default - [User=Admin A. (ratchawan.j@vistec.ac.th)] Loading validators for permissions [File=/var/www/html/booking/Presenters/Admin/ManageUsersPresenter.php,Line=418]
2019-04-03T10:46:56+07:00 [10313] DEBUG default - [User=Admin A. (ratchawan.j@vistec.ac.th)] Action passed all validations [File=/var/www/html/booking/Pages/ActionPage.php,Line=108]
2019-04-03T10:46:56+07:00 [10313] DEBUG default - [User=Admin A. (ratchawan.j@vistec.ac.th)] Processing page action. Action permissions [File=/var/www/html/booking/Presenters/ActionPresenter.php,Line=88]
2019-04-03T12:21:31+07:00 [6290] DEBUG default - [User=Admin A. (ratchawan.j@vistec.ac.th)] Action passed all validations [File=/var/www/html/booking/Pages/ActionPage.php,Line=108]
2019-04-03T12:21:31+07:00 [6290] DEBUG default - [User=Admin A. (ratchawan.j@vistec.ac.th)] Processing page action. Action add [File=/var/www/html/booking/Presenters/ActionPresenter.php,Line=88]
2019-04-03T12:22:19+07:00 [10313] DEBUG default - [User=Admin A. (ratchawan.j@vistec.ac.th)] Action passed all validations [File=/var/www/html/booking/Pages/ActionPage.php,Line=108]
2019-04-03T12:22:19+07:00 [10313] DEBUG default - [User=Admin A. (ratchawan.j@vistec.ac.th)] Processing page action. Action add [File=/var/www/html/booking/Presenters/ActionPresenter.php,Line=88]
2019-04-03T13:30:57+07:00 [10313] DEBUG default - [User=Admin A. (jarinya.s@vistec.ac.th)] Action passed all validations [File=/var/www/html/booking/Pages/ActionPage.php,Line=108]
2019-04-03T13:30:57+07:00 [10313] DEBUG default - [User=Admin A. (jarinya.s@vistec.ac.th)] Processing page action. Action addUserPermission [File=/var/www/html/booking/Presenters/ActionPresenter.php,Line=88]
2019-04-03T13:31:19+07:00 [10313] DEBUG default - [User=Admin A. (jarinya.s@vistec.ac.th)] Action passed all validations [File=/var/www/html/booking/Pages/ActionPage.php,Line=108]
2019-04-03T13:31:19+07:00 [10313] DEBUG default - [User=Admin A. (jarinya.s@vistec.ac.th)] Processing page action. Action addUserPermission [File=/var/www/html/booking/Presenters/ActionPresenter.php,Line=88]
2019-04-03T14:32:04+07:00 [6290] DEBUG default - [User=Admin A. (napatsorn.m@vistec.ac.th)] Loading validators for permissions [File=/var/www/html/booking/Presenters/Admin/ManageUsersPresenter.php,Line=418]
2019-04-03T14:32:04+07:00 [6290] DEBUG default - [User=Admin A. (napatsorn.m@vistec.ac.th)] Action passed all validations [File=/var/www/html/booking/Pages/ActionPage.php,Line=108]
2019-04-03T14:32:04+07:00 [6290] DEBUG default - [User=Admin A. (napatsorn.m@vistec.ac.th)] Processing page action. Action permissions [File=/var/www/html/booking/Presenters/ActionPresenter.php,Line=88]
2019-04-03T14:32:21+07:00 [6290] DEBUG default - [User=Admin A. (napatsorn.m@vistec.ac.th)] Loading validators for permissions [File=/var/www/html/booking/Presenters/Admin/ManageUsersPresenter.php,Line=418]
2019-04-03T14:32:21+07:00 [6290] DEBUG default - [User=Admin A. (napatsorn.m@vistec.ac.th)] Action passed all validations [File=/var/www/html/booking/Pages/ActionPage.php,Line=108]
2019-04-03T14:32:21+07:00 [6290] DEBUG default - [User=Admin A. (napatsorn.m@vistec.ac.th)] Processing page action. Action permissions [File=/var/www/html/booking/Presenters/ActionPresenter.php,Line=88]
2019-04-03T15:05:52+07:00 [6290] DEBUG default - [User=Admin A. (napatsorn.m@vistec.ac.th)] Loading validators for permissions [File=/var/www/html/booking/Presenters/Admin/ManageUsersPresenter.php,Line=418]
2019-04-03T15:05:52+07:00 [6290] DEBUG default - [User=Admin A. (napatsorn.m@vistec.ac.th)] Action passed all validations [File=/var/www/html/booking/Pages/ActionPage.php,Line=108]
2019-04-03T15:05:52+07:00 [6290] DEBUG default - [User=Admin A. (napatsorn.m@vistec.ac.th)] Processing page action. Action permissions [File=/var/www/html/booking/Presenters/ActionPresenter.php,Line=88]
2019-04-03T15:06:20+07:00 [10313] DEBUG default - [User=Admin A. (napatsorn.m@vistec.ac.th)] Loading validators for permissions [File=/var/www/html/booking/Presenters/Admin/ManageUsersPresenter.php,Line=418]
2019-04-03T15:06:20+07:00 [10313] DEBUG default - [User=Admin A. (napatsorn.m@vistec.ac.th)] Action passed all validations [File=/var/www/html/booking/Pages/ActionPage.php,Line=108]
2019-04-03T15:06:20+07:00 [10313] DEBUG default - [User=Admin A. (napatsorn.m@vistec.ac.th)] Processing page action. Action permissions [File=/var/www/html/booking/Presenters/ActionPresenter.php,Line=88]
