2019-07-23T10:29:10+07:00 [3863] DEBUG default - [User=Admin A. (ratchawan.j@vistec.ac.th)] Loading validators for addUser [File=/var/www/html/booking/Presenters/Admin/ManageUsersPresenter.php,Line=418]
2019-07-23T10:29:10+07:00 [3863] DEBUG default - [User=Admin A. (ratchawan.j@vistec.ac.th)] Action passed all validations [File=/var/www/html/booking/Pages/ActionPage.php,Line=108]
2019-07-23T10:29:10+07:00 [3863] DEBUG default - [User=Admin A. (ratchawan.j@vistec.ac.th)] Processing page action. Action addUser [File=/var/www/html/booking/Presenters/ActionPresenter.php,Line=88]
2019-07-23T10:29:10+07:00 [3863] DEBUG default - [User=Admin A. (ratchawan.j@vistec.ac.th)] Sending AccountCreationForUserEmail email to: tipwip123@gmail.com from: Frc.booking@vistec.ac.th [File=/var/www/html/booking/lib/Email/EmailService.php,Line=93]
2019-07-23T10:29:12+07:00 [3863] DEBUG default - [User=Admin A. (ratchawan.j@vistec.ac.th)] Email send success: 1.  [File=/var/www/html/booking/lib/Email/EmailService.php,Line=105]
2019-07-23T10:29:39+07:00 [3863] DEBUG default - [User=Admin A. (ratchawan.j@vistec.ac.th)] Loading validators for updateUser [File=/var/www/html/booking/Presenters/Admin/ManageUsersPresenter.php,Line=418]
2019-07-23T10:29:39+07:00 [3863] DEBUG default - [User=Admin A. (ratchawan.j@vistec.ac.th)] Action passed all validations [File=/var/www/html/booking/Pages/ActionPage.php,Line=108]
2019-07-23T10:29:39+07:00 [3863] DEBUG default - [User=Admin A. (ratchawan.j@vistec.ac.th)] Processing page action. Action updateUser [File=/var/www/html/booking/Presenters/ActionPresenter.php,Line=88]
2019-07-23T10:29:39+07:00 [3863] DEBUG default - [User=Admin A. (ratchawan.j@vistec.ac.th)] Updating user 561 [File=/var/www/html/booking/Presenters/Admin/ManageUsersPresenter.php,Line=284]
2019-07-23T10:29:53+07:00 [3895] DEBUG default - [User=Admin A. (ratchawan.j@vistec.ac.th)] Loading validators for updateUser [File=/var/www/html/booking/Presenters/Admin/ManageUsersPresenter.php,Line=418]
2019-07-23T10:29:53+07:00 [3895] DEBUG default - [User=Admin A. (ratchawan.j@vistec.ac.th)] Action passed all validations [File=/var/www/html/booking/Pages/ActionPage.php,Line=108]
2019-07-23T10:29:53+07:00 [3895] DEBUG default - [User=Admin A. (ratchawan.j@vistec.ac.th)] Processing page action. Action updateUser [File=/var/www/html/booking/Presenters/ActionPresenter.php,Line=88]
2019-07-23T10:29:53+07:00 [3895] DEBUG default - [User=Admin A. (ratchawan.j@vistec.ac.th)] Updating user 561 [File=/var/www/html/booking/Presenters/Admin/ManageUsersPresenter.php,Line=284]
2019-07-23T10:30:02+07:00 [12231] DEBUG default - [User=Admin A. (ratchawan.j@vistec.ac.th)] Loading validators for updateUser [File=/var/www/html/booking/Presenters/Admin/ManageUsersPresenter.php,Line=418]
2019-07-23T10:30:02+07:00 [12231] DEBUG default - [User=Admin A. (ratchawan.j@vistec.ac.th)] Action passed all validations [File=/var/www/html/booking/Pages/ActionPage.php,Line=108]
2019-07-23T10:30:02+07:00 [12231] DEBUG default - [User=Admin A. (ratchawan.j@vistec.ac.th)] Processing page action. Action updateUser [File=/var/www/html/booking/Presenters/ActionPresenter.php,Line=88]
2019-07-23T10:30:02+07:00 [12231] DEBUG default - [User=Admin A. (ratchawan.j@vistec.ac.th)] Updating user 561 [File=/var/www/html/booking/Presenters/Admin/ManageUsersPresenter.php,Line=284]
2019-07-23T10:30:12+07:00 [12231] DEBUG default - [User=Admin A. (ratchawan.j@vistec.ac.th)] Loading validators for permissions [File=/var/www/html/booking/Presenters/Admin/ManageUsersPresenter.php,Line=418]
2019-07-23T10:30:12+07:00 [12231] DEBUG default - [User=Admin A. (ratchawan.j@vistec.ac.th)] Action passed all validations [File=/var/www/html/booking/Pages/ActionPage.php,Line=108]
2019-07-23T10:30:12+07:00 [12231] DEBUG default - [User=Admin A. (ratchawan.j@vistec.ac.th)] Processing page action. Action permissions [File=/var/www/html/booking/Presenters/ActionPresenter.php,Line=88]
2019-07-23T12:37:39+07:00 [3863] DEBUG default - [User=Admin A. (meshaya.p@vistec.ac.th)] Action passed all validations [File=/var/www/html/booking/Pages/ActionPage.php,Line=108]
2019-07-23T12:37:39+07:00 [3863] DEBUG default - [User=Admin A. (meshaya.p@vistec.ac.th)] Processing page action. Action addUserPermission [File=/var/www/html/booking/Presenters/ActionPresenter.php,Line=88]
2019-07-23T15:18:43+07:00 [3863] DEBUG default - [User=Admin A. (jarinya.s@vistec.ac.th)] Action passed all validations [File=/var/www/html/booking/Pages/ActionPage.php,Line=108]
2019-07-23T15:18:43+07:00 [3863] DEBUG default - [User=Admin A. (jarinya.s@vistec.ac.th)] Processing page action. Action addUserPermission [File=/var/www/html/booking/Presenters/ActionPresenter.php,Line=88]
