2019-12-11T09:02:16+07:00 [17598] DEBUG sql - [User=Thassanat Atithep (Thassanant.a@vistec.ac.th)] MySql Query: SELECT s.*, l.timezone FROM schedules s INNER JOIN layouts l ON s.layout_id = l.layout_id ORDER BY s.name;
2019-12-11T09:02:16+07:00 [17598] DEBUG sql - [User=Thassanat Atithep (Thassanant.a@vistec.ac.th)] MySql Query: SELECT r.*, s.admin_group_id as s_admin_group_id,
		(SELECT GROUP_CONCAT(CONCAT(cav.custom_attribute_id, '=', cav.attribute_value) SEPARATOR "!sep!")
						FROM custom_attribute_values cav WHERE cav.entity_id = r.resource_id AND cav.attribute_category = 4) as attribute_list,
		(SELECT GROUP_CONCAT(rga.resource_group_id SEPARATOR "!sep!") FROM resource_group_assignment rga WHERE rga.resource_id = r.resource_id) AS group_list
		FROM resources r
		INNER JOIN schedules s ON r.schedule_id = s.schedule_id
		ORDER BY COALESCE(r.sort_order,0), r.name;
2019-12-11T09:02:16+07:00 [17598] DEBUG sql - [User=Thassanat Atithep (Thassanant.a@vistec.ac.th)] MySql Query: SELECT COUNT(*) as total FROM (SELECT bi.*, r.resource_id, r.name, u.*, bs.description, bs.title, bs.repeat_type, bs.repeat_options, schedules.schedule_id
					FROM blackout_instances bi
					INNER JOIN blackout_series bs ON bi.blackout_series_id = bs.blackout_series_id
					INNER JOIN blackout_series_resources bsr ON  bi.blackout_series_id = bsr.blackout_series_id
					INNER JOIN resources r on bsr.resource_id = r.resource_id
					INNER JOIN schedules on r.schedule_id = schedules.schedule_id
					INNER JOIN users u ON u.user_id = bs.owner_id
		 WHERE 1=1 ORDER BY bi.start_date DESC) results;
2019-12-11T09:02:16+07:00 [17598] DEBUG sql - [User=Thassanat Atithep (Thassanant.a@vistec.ac.th)] MySql Query: SELECT bi.*, r.resource_id, r.name, u.*, bs.description, bs.title, bs.repeat_type, bs.repeat_options, schedules.schedule_id
					FROM blackout_instances bi
					INNER JOIN blackout_series bs ON bi.blackout_series_id = bs.blackout_series_id
					INNER JOIN blackout_series_resources bsr ON  bi.blackout_series_id = bsr.blackout_series_id
					INNER JOIN resources r on bsr.resource_id = r.resource_id
					INNER JOIN schedules on r.schedule_id = schedules.schedule_id
					INNER JOIN users u ON u.user_id = bs.owner_id
		 WHERE 1=1 ORDER BY bi.start_date DESC LIMIT 20 OFFSET 0;
2019-12-11T09:03:18+07:00 [17595] DEBUG sql - [User=Thassanat Atithep (Thassanant.a@vistec.ac.th)] MySql Query: SELECT COUNT(*) as total FROM (SELECT a.*, 
			(SELECT GROUP_CONCAT(ag.group_id) FROM announcement_groups ag WHERE ag.announcementid = a.announcementid) as group_ids,
			(SELECT GROUP_CONCAT(ar.resource_id) FROM announcement_resources ar WHERE ar.announcementid = a.announcementid) as resource_ids
			FROM announcements a WHERE a.status_deleted != "1"  OR a.status_deleted IS NULL ORDER BY start_date DESC) results;
2019-12-11T09:03:18+07:00 [17595] DEBUG sql - [User=Thassanat Atithep (Thassanant.a@vistec.ac.th)] MySql Query: SELECT a.*, 
			(SELECT GROUP_CONCAT(ag.group_id) FROM announcement_groups ag WHERE ag.announcementid = a.announcementid) as group_ids,
			(SELECT GROUP_CONCAT(ar.resource_id) FROM announcement_resources ar WHERE ar.announcementid = a.announcementid) as resource_ids
			FROM announcements a WHERE a.status_deleted != "1"  OR a.status_deleted IS NULL ORDER BY start_date DESC LIMIT 20 OFFSET 0;
2019-12-11T09:03:18+07:00 [17595] DEBUG sql - [User=Thassanat Atithep (Thassanant.a@vistec.ac.th)] MySql Query: SELECT g.*, admin_group.name as admin_group_name
		FROM groups g
		LEFT JOIN groups admin_group ON g.admin_group_id = admin_group.group_id
		ORDER BY g.name;
2019-12-11T09:03:18+07:00 [17595] DEBUG sql - [User=Thassanat Atithep (Thassanant.a@vistec.ac.th)] MySql Query: SELECT r.*, s.admin_group_id as s_admin_group_id,
		(SELECT GROUP_CONCAT(CONCAT(cav.custom_attribute_id, '=', cav.attribute_value) SEPARATOR "!sep!")
						FROM custom_attribute_values cav WHERE cav.entity_id = r.resource_id AND cav.attribute_category = 4) as attribute_list,
		(SELECT GROUP_CONCAT(rga.resource_group_id SEPARATOR "!sep!") FROM resource_group_assignment rga WHERE rga.resource_id = r.resource_id) AS group_list
		FROM resources r
		INNER JOIN schedules s ON r.schedule_id = s.schedule_id
		ORDER BY COALESCE(r.sort_order,0), r.name;
2019-12-11T09:03:38+07:00 [2455] DEBUG sql - [User=Thassanat Atithep (Thassanant.a@vistec.ac.th)] MySql Query: SELECT s.*, l.timezone FROM schedules s INNER JOIN layouts l ON s.layout_id = l.layout_id ORDER BY s.name;
2019-12-11T09:03:38+07:00 [2455] DEBUG sql - [User=Thassanat Atithep (Thassanant.a@vistec.ac.th)] MySql Query: SELECT r.*, s.admin_group_id as s_admin_group_id,
		(SELECT GROUP_CONCAT(CONCAT(cav.custom_attribute_id, '=', cav.attribute_value) SEPARATOR "!sep!")
						FROM custom_attribute_values cav WHERE cav.entity_id = r.resource_id AND cav.attribute_category = 4) as attribute_list,
		(SELECT GROUP_CONCAT(rga.resource_group_id SEPARATOR "!sep!") FROM resource_group_assignment rga WHERE rga.resource_id = r.resource_id) AS group_list
		FROM resources r
		INNER JOIN schedules s ON r.schedule_id = s.schedule_id
		ORDER BY COALESCE(r.sort_order,0), r.name;
2019-12-11T09:03:38+07:00 [2455] DEBUG sql - [User=Thassanat Atithep (Thassanant.a@vistec.ac.th)] MySql Query: SELECT COUNT(*) as total FROM (SELECT bi.*, r.resource_id, r.name, u.*, bs.description, bs.title, bs.repeat_type, bs.repeat_options, schedules.schedule_id
					FROM blackout_instances bi
					INNER JOIN blackout_series bs ON bi.blackout_series_id = bs.blackout_series_id
					INNER JOIN blackout_series_resources bsr ON  bi.blackout_series_id = bsr.blackout_series_id
					INNER JOIN resources r on bsr.resource_id = r.resource_id
					INNER JOIN schedules on r.schedule_id = schedules.schedule_id
					INNER JOIN users u ON u.user_id = bs.owner_id
		 WHERE 1=1 ORDER BY bi.start_date DESC) results;
2019-12-11T09:03:38+07:00 [2455] DEBUG sql - [User=Thassanat Atithep (Thassanant.a@vistec.ac.th)] MySql Query: SELECT bi.*, r.resource_id, r.name, u.*, bs.description, bs.title, bs.repeat_type, bs.repeat_options, schedules.schedule_id
					FROM blackout_instances bi
					INNER JOIN blackout_series bs ON bi.blackout_series_id = bs.blackout_series_id
					INNER JOIN blackout_series_resources bsr ON  bi.blackout_series_id = bsr.blackout_series_id
					INNER JOIN resources r on bsr.resource_id = r.resource_id
					INNER JOIN schedules on r.schedule_id = schedules.schedule_id
					INNER JOIN users u ON u.user_id = bs.owner_id
		 WHERE 1=1 ORDER BY bi.start_date DESC LIMIT 20 OFFSET 0;
2019-12-11T09:04:09+07:00 [17598] DEBUG sql - [User=Thassanat Atithep (Thassanant.a@vistec.ac.th)] MySql Query: SELECT g.*, admin_group.name as admin_group_name
		FROM groups g
		LEFT JOIN groups admin_group ON g.admin_group_id = admin_group.group_id
		ORDER BY g.name;
2019-12-11T09:04:09+07:00 [17598] DEBUG sql - [User=Thassanat Atithep (Thassanant.a@vistec.ac.th)] MySql Query: SELECT s.*, l.timezone FROM schedules s INNER JOIN layouts l ON s.layout_id = l.layout_id ORDER BY s.name;
2019-12-11T09:04:09+07:00 [17598] DEBUG sql - [User=Thassanat Atithep (Thassanant.a@vistec.ac.th)] MySql Query: SELECT r.*, s.admin_group_id as s_admin_group_id,
		(SELECT GROUP_CONCAT(CONCAT(cav.custom_attribute_id, '=', cav.attribute_value) SEPARATOR "!sep!")
						FROM custom_attribute_values cav WHERE cav.entity_id = r.resource_id AND cav.attribute_category = 4) as attribute_list,
		(SELECT GROUP_CONCAT(rga.resource_group_id SEPARATOR "!sep!") FROM resource_group_assignment rga WHERE rga.resource_id = r.resource_id) AS group_list
		FROM resources r
		INNER JOIN schedules s ON r.schedule_id = s.schedule_id
		ORDER BY COALESCE(r.sort_order,0), r.name;
2019-12-11T09:04:09+07:00 [17598] DEBUG sql - [User=Thassanat Atithep (Thassanant.a@vistec.ac.th)] MySql Query: SELECT q.*, r.name as resource_name, g.name as group_name, s.name as schedule_name
		FROM quotas q
		LEFT JOIN resources r ON r.resource_id = q.resource_id
		LEFT JOIN groups g ON g.group_id = q.group_id
		LEFT JOIN schedules s ON s.schedule_id = q.schedule_id;
2019-12-11T09:04:42+07:00 [17595] DEBUG sql - [User=Thassanat Atithep (Thassanant.a@vistec.ac.th)] MySql Query: SELECT s.*, l.timezone FROM schedules s INNER JOIN layouts l ON s.layout_id = l.layout_id ORDER BY s.name;
2019-12-11T09:04:42+07:00 [17595] DEBUG sql - [User=Thassanat Atithep (Thassanant.a@vistec.ac.th)] MySql Query: SELECT r.*, s.admin_group_id as s_admin_group_id,
		(SELECT GROUP_CONCAT(CONCAT(cav.custom_attribute_id, '=', cav.attribute_value) SEPARATOR "!sep!")
						FROM custom_attribute_values cav WHERE cav.entity_id = r.resource_id AND cav.attribute_category = 4) as attribute_list,
		(SELECT GROUP_CONCAT(rga.resource_group_id SEPARATOR "!sep!") FROM resource_group_assignment rga WHERE rga.resource_id = r.resource_id) AS group_list
		FROM resources r
		INNER JOIN schedules s ON r.schedule_id = s.schedule_id
		ORDER BY COALESCE(r.sort_order,0), r.name;
2019-12-11T09:04:42+07:00 [17595] DEBUG sql - [User=Thassanat Atithep (Thassanant.a@vistec.ac.th)] MySql Query: SELECT * FROM resource_status_reasons;
2019-12-11T09:04:42+07:00 [17595] DEBUG sql - [User=Thassanat Atithep (Thassanant.a@vistec.ac.th)] MySql Query: SELECT u.*, p.name AS position_name FROM users u 
		LEFT JOIN positions p ON p.position_id = u.position_id
		WHERE u.user_id = '551';
2019-12-11T09:04:42+07:00 [17595] DEBUG sql - [User=Thassanat Atithep (Thassanant.a@vistec.ac.th)] MySql Query: SELECT * FROM user_email_preferences WHERE user_id = '551';
2019-12-11T09:04:42+07:00 [17595] DEBUG sql - [User=Thassanat Atithep (Thassanant.a@vistec.ac.th)] MySql Query: SELECT
			urp.user_id, r.resource_id, r.name
		FROM
			user_resource_permissions urp, resources r
		WHERE
			urp.user_id = '551' AND r.resource_id = urp.resource_id;
2019-12-11T09:04:42+07:00 [17595] DEBUG sql - [User=Thassanat Atithep (Thassanant.a@vistec.ac.th)] MySql Query: SELECT g.*, r.role_level
		FROM user_groups ug
		INNER JOIN groups g ON ug.group_id = g.group_id
		LEFT JOIN group_roles gr ON ug.group_id = gr.group_id
		LEFT JOIN roles r ON gr.role_id = r.role_id
		WHERE user_id = '551' AND (null is null OR r.role_level IN (null) );
2019-12-11T09:04:42+07:00 [17595] DEBUG sql - [User=Thassanat Atithep (Thassanant.a@vistec.ac.th)] MySql Query: SELECT cav.*, ca.display_label
		FROM custom_attribute_values cav
		INNER JOIN custom_attributes ca ON ca.custom_attribute_id = cav.custom_attribute_id
		WHERE cav.attribute_category = '2' AND cav.entity_id = '551';
2019-12-11T09:04:42+07:00 [17595] DEBUG sql - [User=Thassanat Atithep (Thassanant.a@vistec.ac.th)] MySql Query: SELECT name, value FROM user_preferences WHERE user_id = '551';
2019-12-11T09:04:42+07:00 [17595] DEBUG sql - [User=Thassanat Atithep (Thassanant.a@vistec.ac.th)] MySql Query: SELECT a.*,
				(SELECT GROUP_CONCAT(e.entity_id SEPARATOR "!sep!")
							FROM custom_attribute_entities e WHERE e.custom_attribute_id = a.custom_attribute_id ORDER BY e.entity_id) as entity_ids,
				CASE
				WHEN a.attribute_category = 2 THEN (SELECT GROUP_CONCAT(CONCAT(u.fname, " ", u.lname) SEPARATOR "!sep!")
													FROM users u INNER JOIN custom_attribute_entities e
													WHERE e.custom_attribute_id = a.custom_attribute_id AND u.user_id = e.entity_id ORDER BY e.entity_id)
				WHEN a.attribute_category = 4 THEN (SELECT GROUP_CONCAT(r.name SEPARATOR "!sep!")
													FROM resources r INNER JOIN custom_attribute_entities e
													WHERE e.custom_attribute_id = a.custom_attribute_id AND r.resource_id = e.entity_id ORDER BY e.entity_id)
				WHEN a.attribute_category = 5  THEN (SELECT GROUP_CONCAT(rt.resource_type_name SEPARATOR "!sep!")
													FROM resource_types rt INNER JOIN custom_attribute_entities e
													WHERE e.custom_attribute_id = a.custom_attribute_id AND rt.resource_type_id = e.entity_id ORDER BY e.entity_id)
				ELSE null
				END as entity_descriptions,
				CASE
				WHEN a.secondary_category = 2 THEN (SELECT GROUP_CONCAT(CONCAT( fname, " ", lname ) SEPARATOR  "!sep!" ) FROM users WHERE FIND_IN_SET( user_id, a.secondary_entity_ids ))
				WHEN a.secondary_category = 4 THEN (SELECT GROUP_CONCAT(name SEPARATOR  "!sep!" ) FROM resources WHERE FIND_IN_SET( resource_id, a.secondary_entity_ids ))
				WHEN a.secondary_category = 5 THEN (SELECT GROUP_CONCAT(resource_type_name SEPARATOR  "!sep!" ) FROM resource_types WHERE FIND_IN_SET( resource_type_id, a.secondary_entity_ids ))
				ELSE null
				END as secondary_entity_descriptions
				FROM custom_attributes a WHERE a.attribute_category = '1' ORDER BY a.sort_order, a.display_label;
2019-12-11T09:04:42+07:00 [17595] DEBUG sql - [User=Thassanat Atithep (Thassanant.a@vistec.ac.th)] MySql Query: SELECT COUNT(*) as total FROM (SELECT
				ri.*, rs.date_created as date_created, rs.last_modified as last_modified, rs.description as description, rs.status_id as status_id, rs.title, rs.repeat_type, rs.repeat_options,
					owner.fname as owner_fname, owner.lname as owner_lname, owner.user_id as owner_id, owner.phone as owner_phone, owner.position_id as owner_position, owner.organization as owner_organization, owner.email as email, owner.language, owner.timezone,
					resources.name, resources.resource_id, resources.schedule_id, resources.status_id as resource_status_id, resources.resource_status_reason_id, resources.buffer_time, resources.color, resources.enable_check_in, resources.auto_release_minutes, ru.reservation_user_level,
					start_reminder.minutes_prior AS start_reminder_minutes, end_reminder.minutes_prior AS end_reminder_minutes,
					(SELECT GROUP_CONCAT(groups.group_id)
						FROM user_groups groups WHERE owner.user_id = groups.user_id) as owner_group_list,

					(SELECT GROUP_CONCAT(CONCAT(participants.user_id, '=', CONCAT(participant_users.fname, " ", participant_users.lname)) SEPARATOR "!sep!")
						FROM reservation_users participants INNER JOIN users participant_users ON participants.user_id = participant_users.user_id WHERE participants.reservation_instance_id = ri.reservation_instance_id AND participants.reservation_user_level = 2) as participant_list,

					(SELECT GROUP_CONCAT(CONCAT(invitees.user_id, '=', CONCAT(invitee_users.fname, " ", invitee_users.lname)) SEPARATOR "!sep!")
						FROM reservation_users invitees INNER JOIN users invitee_users ON invitees.user_id = invitee_users.user_id WHERE invitees.reservation_instance_id = ri.reservation_instance_id AND invitees.reservation_user_level = 3) as invitee_list,

					(SELECT GROUP_CONCAT(CONCAT(cav.custom_attribute_id,'=', cav.attribute_value) SEPARATOR "!sep!")
						FROM custom_attribute_values cav WHERE cav.entity_id = ri.series_id AND cav.attribute_category = 1) as attribute_list,

					(SELECT GROUP_CONCAT(CONCAT(p.name, "=", p.value) SEPARATOR "!sep!")
						FROM user_preferences p WHERE owner.user_id = p.user_id) as preferences,
						
					(SELECT GROUP_CONCAT(CONCAT(guests.email, "=", guests.reservation_user_level) SEPARATOR "!sep!")
						FROM reservation_guests guests WHERE guests.reservation_instance_id = ri.reservation_instance_id) as guest_list
			FROM reservation_instances ri
			INNER JOIN reservation_series rs ON rs.series_id = ri.series_id
			INNER JOIN reservation_users ru ON ru.reservation_instance_id = ri.reservation_instance_id
			INNER JOIN users ON users.user_id = rs.owner_id
			INNER JOIN users owner ON owner.user_id = rs.owner_id
			LEFT JOIN positions ON owner.position_id = positions.position_id
			INNER JOIN reservation_resources rr ON rs.series_id = rr.series_id
			INNER JOIN resources ON rr.resource_id = resources.resource_id
			INNER JOIN schedules ON resources.schedule_id = schedules.schedule_id
			LEFT JOIN reservation_reminders start_reminder ON start_reminder.series_id = rs.series_id AND start_reminder.reminder_type = 0
			LEFT JOIN reservation_reminders end_reminder ON end_reminder.series_id = rs.series_id AND end_reminder.reminder_type = 1
			
			WHERE ( rs.status_id <> 2
			AND ru.reservation_user_level = '1' ) AND (1=1 AND ( 0=1 OR ( start_date <= '2019-12-04 00:00:00' AND ( end_date >= '2019-12-19 00:00:00' ) ) OR ( start_date >= '2019-12-04 00:00:00' AND ( start_date <= '2019-12-19 00:00:00' ) ) OR ( end_date >= '2019-12-04 00:00:00' AND ( end_date <= '2019-12-19 00:00:00' ) ) )) ORDER BY ri.start_date ASC) results;
2019-12-11T09:04:42+07:00 [17595] DEBUG sql - [User=Thassanat Atithep (Thassanant.a@vistec.ac.th)] MySql Query: SELECT
				ri.*, rs.date_created as date_created, rs.last_modified as last_modified, rs.description as description, rs.status_id as status_id, rs.title, rs.repeat_type, rs.repeat_options,
					owner.fname as owner_fname, owner.lname as owner_lname, owner.user_id as owner_id, owner.phone as owner_phone, owner.position_id as owner_position, owner.organization as owner_organization, owner.email as email, owner.language, owner.timezone,
					resources.name, resources.resource_id, resources.schedule_id, resources.status_id as resource_status_id, resources.resource_status_reason_id, resources.buffer_time, resources.color, resources.enable_check_in, resources.auto_release_minutes, ru.reservation_user_level,
					start_reminder.minutes_prior AS start_reminder_minutes, end_reminder.minutes_prior AS end_reminder_minutes,
					(SELECT GROUP_CONCAT(groups.group_id)
						FROM user_groups groups WHERE owner.user_id = groups.user_id) as owner_group_list,

					(SELECT GROUP_CONCAT(CONCAT(participants.user_id, '=', CONCAT(participant_users.fname, " ", participant_users.lname)) SEPARATOR "!sep!")
						FROM reservation_users participants INNER JOIN users participant_users ON participants.user_id = participant_users.user_id WHERE participants.reservation_instance_id = ri.reservation_instance_id AND participants.reservation_user_level = 2) as participant_list,

					(SELECT GROUP_CONCAT(CONCAT(invitees.user_id, '=', CONCAT(invitee_users.fname, " ", invitee_users.lname)) SEPARATOR "!sep!")
						FROM reservation_users invitees INNER JOIN users invitee_users ON invitees.user_id = invitee_users.user_id WHERE invitees.reservation_instance_id = ri.reservation_instance_id AND invitees.reservation_user_level = 3) as invitee_list,

					(SELECT GROUP_CONCAT(CONCAT(cav.custom_attribute_id,'=', cav.attribute_value) SEPARATOR "!sep!")
						FROM custom_attribute_values cav WHERE cav.entity_id = ri.series_id AND cav.attribute_category = 1) as attribute_list,

					(SELECT GROUP_CONCAT(CONCAT(p.name, "=", p.value) SEPARATOR "!sep!")
						FROM user_preferences p WHERE owner.user_id = p.user_id) as preferences,
						
					(SELECT GROUP_CONCAT(CONCAT(guests.email, "=", guests.reservation_user_level) SEPARATOR "!sep!")
						FROM reservation_guests guests WHERE guests.reservation_instance_id = ri.reservation_instance_id) as guest_list
			FROM reservation_instances ri
			INNER JOIN reservation_series rs ON rs.series_id = ri.series_id
			INNER JOIN reservation_users ru ON ru.reservation_instance_id = ri.reservation_instance_id
			INNER JOIN users ON users.user_id = rs.owner_id
			INNER JOIN users owner ON owner.user_id = rs.owner_id
			LEFT JOIN positions ON owner.position_id = positions.position_id
			INNER JOIN reservation_resources rr ON rs.series_id = rr.series_id
			INNER JOIN resources ON rr.resource_id = resources.resource_id
			INNER JOIN schedules ON resources.schedule_id = schedules.schedule_id
			LEFT JOIN reservation_reminders start_reminder ON start_reminder.series_id = rs.series_id AND start_reminder.reminder_type = 0
			LEFT JOIN reservation_reminders end_reminder ON end_reminder.series_id = rs.series_id AND end_reminder.reminder_type = 1
			
			WHERE ( rs.status_id <> 2
			AND ru.reservation_user_level = '1' ) AND (1=1 AND ( 0=1 OR ( start_date <= '2019-12-04 00:00:00' AND ( end_date >= '2019-12-19 00:00:00' ) ) OR ( start_date >= '2019-12-04 00:00:00' AND ( start_date <= '2019-12-19 00:00:00' ) ) OR ( end_date >= '2019-12-04 00:00:00' AND ( end_date <= '2019-12-19 00:00:00' ) ) )) ORDER BY ri.start_date ASC LIMIT 20 OFFSET 0;
2019-12-11T09:05:36+07:00 [2455] DEBUG sql - [User=Thassanat Atithep (Thassanant.a@vistec.ac.th)] MySql Query: SELECT s.*, l.timezone FROM schedules s INNER JOIN layouts l ON s.layout_id = l.layout_id ORDER BY s.name;
2019-12-11T09:05:36+07:00 [2455] DEBUG sql - [User=Thassanat Atithep (Thassanant.a@vistec.ac.th)] MySql Query: SELECT r.*, s.admin_group_id as s_admin_group_id,
		(SELECT GROUP_CONCAT(CONCAT(cav.custom_attribute_id, '=', cav.attribute_value) SEPARATOR "!sep!")
						FROM custom_attribute_values cav WHERE cav.entity_id = r.resource_id AND cav.attribute_category = 4) as attribute_list,
		(SELECT GROUP_CONCAT(rga.resource_group_id SEPARATOR "!sep!") FROM resource_group_assignment rga WHERE rga.resource_id = r.resource_id) AS group_list
		FROM resources r
		INNER JOIN schedules s ON r.schedule_id = s.schedule_id
		ORDER BY COALESCE(r.sort_order,0), r.name;
2019-12-11T09:05:36+07:00 [2455] DEBUG sql - [User=Thassanat Atithep (Thassanant.a@vistec.ac.th)] MySql Query: SELECT * FROM resource_status_reasons;
2019-12-11T09:05:37+07:00 [2455] DEBUG sql - [User=Thassanat Atithep (Thassanant.a@vistec.ac.th)] MySql Query: SELECT u.*, p.name AS position_name FROM users u 
		LEFT JOIN positions p ON p.position_id = u.position_id
		WHERE u.user_id = '551';
2019-12-11T09:05:37+07:00 [2455] DEBUG sql - [User=Thassanat Atithep (Thassanant.a@vistec.ac.th)] MySql Query: SELECT * FROM user_email_preferences WHERE user_id = '551';
2019-12-11T09:05:37+07:00 [2455] DEBUG sql - [User=Thassanat Atithep (Thassanant.a@vistec.ac.th)] MySql Query: SELECT
			urp.user_id, r.resource_id, r.name
		FROM
			user_resource_permissions urp, resources r
		WHERE
			urp.user_id = '551' AND r.resource_id = urp.resource_id;
2019-12-11T09:05:37+07:00 [2455] DEBUG sql - [User=Thassanat Atithep (Thassanant.a@vistec.ac.th)] MySql Query: SELECT g.*, r.role_level
		FROM user_groups ug
		INNER JOIN groups g ON ug.group_id = g.group_id
		LEFT JOIN group_roles gr ON ug.group_id = gr.group_id
		LEFT JOIN roles r ON gr.role_id = r.role_id
		WHERE user_id = '551' AND (null is null OR r.role_level IN (null) );
2019-12-11T09:05:37+07:00 [2455] DEBUG sql - [User=Thassanat Atithep (Thassanant.a@vistec.ac.th)] MySql Query: SELECT cav.*, ca.display_label
		FROM custom_attribute_values cav
		INNER JOIN custom_attributes ca ON ca.custom_attribute_id = cav.custom_attribute_id
		WHERE cav.attribute_category = '2' AND cav.entity_id = '551';
2019-12-11T09:05:37+07:00 [2455] DEBUG sql - [User=Thassanat Atithep (Thassanant.a@vistec.ac.th)] MySql Query: SELECT name, value FROM user_preferences WHERE user_id = '551';
2019-12-11T09:05:37+07:00 [2455] DEBUG sql - [User=Thassanat Atithep (Thassanant.a@vistec.ac.th)] MySql Query: SELECT a.*,
				(SELECT GROUP_CONCAT(e.entity_id SEPARATOR "!sep!")
							FROM custom_attribute_entities e WHERE e.custom_attribute_id = a.custom_attribute_id ORDER BY e.entity_id) as entity_ids,
				CASE
				WHEN a.attribute_category = 2 THEN (SELECT GROUP_CONCAT(CONCAT(u.fname, " ", u.lname) SEPARATOR "!sep!")
													FROM users u INNER JOIN custom_attribute_entities e
													WHERE e.custom_attribute_id = a.custom_attribute_id AND u.user_id = e.entity_id ORDER BY e.entity_id)
				WHEN a.attribute_category = 4 THEN (SELECT GROUP_CONCAT(r.name SEPARATOR "!sep!")
													FROM resources r INNER JOIN custom_attribute_entities e
													WHERE e.custom_attribute_id = a.custom_attribute_id AND r.resource_id = e.entity_id ORDER BY e.entity_id)
				WHEN a.attribute_category = 5  THEN (SELECT GROUP_CONCAT(rt.resource_type_name SEPARATOR "!sep!")
													FROM resource_types rt INNER JOIN custom_attribute_entities e
													WHERE e.custom_attribute_id = a.custom_attribute_id AND rt.resource_type_id = e.entity_id ORDER BY e.entity_id)
				ELSE null
				END as entity_descriptions,
				CASE
				WHEN a.secondary_category = 2 THEN (SELECT GROUP_CONCAT(CONCAT( fname, " ", lname ) SEPARATOR  "!sep!" ) FROM users WHERE FIND_IN_SET( user_id, a.secondary_entity_ids ))
				WHEN a.secondary_category = 4 THEN (SELECT GROUP_CONCAT(name SEPARATOR  "!sep!" ) FROM resources WHERE FIND_IN_SET( resource_id, a.secondary_entity_ids ))
				WHEN a.secondary_category = 5 THEN (SELECT GROUP_CONCAT(resource_type_name SEPARATOR  "!sep!" ) FROM resource_types WHERE FIND_IN_SET( resource_type_id, a.secondary_entity_ids ))
				ELSE null
				END as secondary_entity_descriptions
				FROM custom_attributes a WHERE a.attribute_category = '1' ORDER BY a.sort_order, a.display_label;
2019-12-11T09:05:37+07:00 [2455] DEBUG sql - [User=Thassanat Atithep (Thassanant.a@vistec.ac.th)] MySql Query: SELECT COUNT(*) as total FROM (SELECT
				ri.*, rs.date_created as date_created, rs.last_modified as last_modified, rs.description as description, rs.status_id as status_id, rs.title, rs.repeat_type, rs.repeat_options,
					owner.fname as owner_fname, owner.lname as owner_lname, owner.user_id as owner_id, owner.phone as owner_phone, owner.position_id as owner_position, owner.organization as owner_organization, owner.email as email, owner.language, owner.timezone,
					resources.name, resources.resource_id, resources.schedule_id, resources.status_id as resource_status_id, resources.resource_status_reason_id, resources.buffer_time, resources.color, resources.enable_check_in, resources.auto_release_minutes, ru.reservation_user_level,
					start_reminder.minutes_prior AS start_reminder_minutes, end_reminder.minutes_prior AS end_reminder_minutes,
					(SELECT GROUP_CONCAT(groups.group_id)
						FROM user_groups groups WHERE owner.user_id = groups.user_id) as owner_group_list,

					(SELECT GROUP_CONCAT(CONCAT(participants.user_id, '=', CONCAT(participant_users.fname, " ", participant_users.lname)) SEPARATOR "!sep!")
						FROM reservation_users participants INNER JOIN users participant_users ON participants.user_id = participant_users.user_id WHERE participants.reservation_instance_id = ri.reservation_instance_id AND participants.reservation_user_level = 2) as participant_list,

					(SELECT GROUP_CONCAT(CONCAT(invitees.user_id, '=', CONCAT(invitee_users.fname, " ", invitee_users.lname)) SEPARATOR "!sep!")
						FROM reservation_users invitees INNER JOIN users invitee_users ON invitees.user_id = invitee_users.user_id WHERE invitees.reservation_instance_id = ri.reservation_instance_id AND invitees.reservation_user_level = 3) as invitee_list,

					(SELECT GROUP_CONCAT(CONCAT(cav.custom_attribute_id,'=', cav.attribute_value) SEPARATOR "!sep!")
						FROM custom_attribute_values cav WHERE cav.entity_id = ri.series_id AND cav.attribute_category = 1) as attribute_list,

					(SELECT GROUP_CONCAT(CONCAT(p.name, "=", p.value) SEPARATOR "!sep!")
						FROM user_preferences p WHERE owner.user_id = p.user_id) as preferences,
						
					(SELECT GROUP_CONCAT(CONCAT(guests.email, "=", guests.reservation_user_level) SEPARATOR "!sep!")
						FROM reservation_guests guests WHERE guests.reservation_instance_id = ri.reservation_instance_id) as guest_list
			FROM reservation_instances ri
			INNER JOIN reservation_series rs ON rs.series_id = ri.series_id
			INNER JOIN reservation_users ru ON ru.reservation_instance_id = ri.reservation_instance_id
			INNER JOIN users ON users.user_id = rs.owner_id
			INNER JOIN users owner ON owner.user_id = rs.owner_id
			LEFT JOIN positions ON owner.position_id = positions.position_id
			INNER JOIN reservation_resources rr ON rs.series_id = rr.series_id
			INNER JOIN resources ON rr.resource_id = resources.resource_id
			INNER JOIN schedules ON resources.schedule_id = schedules.schedule_id
			LEFT JOIN reservation_reminders start_reminder ON start_reminder.series_id = rs.series_id AND start_reminder.reminder_type = 0
			LEFT JOIN reservation_reminders end_reminder ON end_reminder.series_id = rs.series_id AND end_reminder.reminder_type = 1
			
			WHERE ( rs.status_id <> 2
			AND ru.reservation_user_level = '1' ) AND (1=1 AND ( 0=1 OR ( start_date <= '2019-12-04 00:00:00' AND ( end_date >= '2019-12-19 00:00:00' ) ) OR ( start_date >= '2019-12-04 00:00:00' AND ( start_date <= '2019-12-19 00:00:00' ) ) OR ( end_date >= '2019-12-04 00:00:00' AND ( end_date <= '2019-12-19 00:00:00' ) ) )) ORDER BY ri.start_date ASC) results;
2019-12-11T09:05:37+07:00 [2455] DEBUG sql - [User=Thassanat Atithep (Thassanant.a@vistec.ac.th)] MySql Query: SELECT
				ri.*, rs.date_created as date_created, rs.last_modified as last_modified, rs.description as description, rs.status_id as status_id, rs.title, rs.repeat_type, rs.repeat_options,
					owner.fname as owner_fname, owner.lname as owner_lname, owner.user_id as owner_id, owner.phone as owner_phone, owner.position_id as owner_position, owner.organization as owner_organization, owner.email as email, owner.language, owner.timezone,
					resources.name, resources.resource_id, resources.schedule_id, resources.status_id as resource_status_id, resources.resource_status_reason_id, resources.buffer_time, resources.color, resources.enable_check_in, resources.auto_release_minutes, ru.reservation_user_level,
					start_reminder.minutes_prior AS start_reminder_minutes, end_reminder.minutes_prior AS end_reminder_minutes,
					(SELECT GROUP_CONCAT(groups.group_id)
						FROM user_groups groups WHERE owner.user_id = groups.user_id) as owner_group_list,

					(SELECT GROUP_CONCAT(CONCAT(participants.user_id, '=', CONCAT(participant_users.fname, " ", participant_users.lname)) SEPARATOR "!sep!")
						FROM reservation_users participants INNER JOIN users participant_users ON participants.user_id = participant_users.user_id WHERE participants.reservation_instance_id = ri.reservation_instance_id AND participants.reservation_user_level = 2) as participant_list,

					(SELECT GROUP_CONCAT(CONCAT(invitees.user_id, '=', CONCAT(invitee_users.fname, " ", invitee_users.lname)) SEPARATOR "!sep!")
						FROM reservation_users invitees INNER JOIN users invitee_users ON invitees.user_id = invitee_users.user_id WHERE invitees.reservation_instance_id = ri.reservation_instance_id AND invitees.reservation_user_level = 3) as invitee_list,

					(SELECT GROUP_CONCAT(CONCAT(cav.custom_attribute_id,'=', cav.attribute_value) SEPARATOR "!sep!")
						FROM custom_attribute_values cav WHERE cav.entity_id = ri.series_id AND cav.attribute_category = 1) as attribute_list,

					(SELECT GROUP_CONCAT(CONCAT(p.name, "=", p.value) SEPARATOR "!sep!")
						FROM user_preferences p WHERE owner.user_id = p.user_id) as preferences,
						
					(SELECT GROUP_CONCAT(CONCAT(guests.email, "=", guests.reservation_user_level) SEPARATOR "!sep!")
						FROM reservation_guests guests WHERE guests.reservation_instance_id = ri.reservation_instance_id) as guest_list
			FROM reservation_instances ri
			INNER JOIN reservation_series rs ON rs.series_id = ri.series_id
			INNER JOIN reservation_users ru ON ru.reservation_instance_id = ri.reservation_instance_id
			INNER JOIN users ON users.user_id = rs.owner_id
			INNER JOIN users owner ON owner.user_id = rs.owner_id
			LEFT JOIN positions ON owner.position_id = positions.position_id
			INNER JOIN reservation_resources rr ON rs.series_id = rr.series_id
			INNER JOIN resources ON rr.resource_id = resources.resource_id
			INNER JOIN schedules ON resources.schedule_id = schedules.schedule_id
			LEFT JOIN reservation_reminders start_reminder ON start_reminder.series_id = rs.series_id AND start_reminder.reminder_type = 0
			LEFT JOIN reservation_reminders end_reminder ON end_reminder.series_id = rs.series_id AND end_reminder.reminder_type = 1
			
			WHERE ( rs.status_id <> 2
			AND ru.reservation_user_level = '1' ) AND (1=1 AND ( 0=1 OR ( start_date <= '2019-12-04 00:00:00' AND ( end_date >= '2019-12-19 00:00:00' ) ) OR ( start_date >= '2019-12-04 00:00:00' AND ( start_date <= '2019-12-19 00:00:00' ) ) OR ( end_date >= '2019-12-04 00:00:00' AND ( end_date <= '2019-12-19 00:00:00' ) ) )) ORDER BY ri.start_date ASC LIMIT 20 OFFSET 0;
2019-12-11T09:05:58+07:00 [17595] DEBUG sql - [User=Thassanat Atithep (Thassanant.a@vistec.ac.th)] MySql Query: SELECT s.*, l.timezone FROM schedules s INNER JOIN layouts l ON s.layout_id = l.layout_id ORDER BY s.name;
2019-12-11T09:05:58+07:00 [17595] DEBUG sql - [User=Thassanat Atithep (Thassanant.a@vistec.ac.th)] MySql Query: SELECT r.*, s.admin_group_id as s_admin_group_id,
		(SELECT GROUP_CONCAT(CONCAT(cav.custom_attribute_id, '=', cav.attribute_value) SEPARATOR "!sep!")
						FROM custom_attribute_values cav WHERE cav.entity_id = r.resource_id AND cav.attribute_category = 4) as attribute_list,
		(SELECT GROUP_CONCAT(rga.resource_group_id SEPARATOR "!sep!") FROM resource_group_assignment rga WHERE rga.resource_id = r.resource_id) AS group_list
		FROM resources r
		INNER JOIN schedules s ON r.schedule_id = s.schedule_id
		ORDER BY COALESCE(r.sort_order,0), r.name;
2019-12-11T09:05:58+07:00 [17595] DEBUG sql - [User=Thassanat Atithep (Thassanant.a@vistec.ac.th)] MySql Query: SELECT * FROM resource_status_reasons;
2019-12-11T09:05:58+07:00 [17595] DEBUG sql - [User=Thassanat Atithep (Thassanant.a@vistec.ac.th)] MySql Query: SELECT u.*, p.name AS position_name FROM users u 
		LEFT JOIN positions p ON p.position_id = u.position_id
		WHERE u.user_id = '551';
2019-12-11T09:05:58+07:00 [17595] DEBUG sql - [User=Thassanat Atithep (Thassanant.a@vistec.ac.th)] MySql Query: SELECT * FROM user_email_preferences WHERE user_id = '551';
2019-12-11T09:05:58+07:00 [17595] DEBUG sql - [User=Thassanat Atithep (Thassanant.a@vistec.ac.th)] MySql Query: SELECT
			urp.user_id, r.resource_id, r.name
		FROM
			user_resource_permissions urp, resources r
		WHERE
			urp.user_id = '551' AND r.resource_id = urp.resource_id;
2019-12-11T09:05:58+07:00 [17595] DEBUG sql - [User=Thassanat Atithep (Thassanant.a@vistec.ac.th)] MySql Query: SELECT g.*, r.role_level
		FROM user_groups ug
		INNER JOIN groups g ON ug.group_id = g.group_id
		LEFT JOIN group_roles gr ON ug.group_id = gr.group_id
		LEFT JOIN roles r ON gr.role_id = r.role_id
		WHERE user_id = '551' AND (null is null OR r.role_level IN (null) );
2019-12-11T09:05:58+07:00 [17595] DEBUG sql - [User=Thassanat Atithep (Thassanant.a@vistec.ac.th)] MySql Query: SELECT cav.*, ca.display_label
		FROM custom_attribute_values cav
		INNER JOIN custom_attributes ca ON ca.custom_attribute_id = cav.custom_attribute_id
		WHERE cav.attribute_category = '2' AND cav.entity_id = '551';
2019-12-11T09:05:58+07:00 [17595] DEBUG sql - [User=Thassanat Atithep (Thassanant.a@vistec.ac.th)] MySql Query: SELECT name, value FROM user_preferences WHERE user_id = '551';
2019-12-11T09:05:58+07:00 [17595] DEBUG sql - [User=Thassanat Atithep (Thassanant.a@vistec.ac.th)] MySql Execute: UPDATE users
		SET
			status_id = '1',
			password = '40bdad62f4368153efdc4f3fa371b83e0fb2b390',
			salt = '52e9b3a3',
			fname = 'Thassanat',
			lname = 'Atithep',
			email = 'Thassanant.a@vistec.ac.th',
			username = 'Thassanant',
			homepageId = '1',
			last_modified = '2019-12-11 09:05:58',
			timezone = 'Asia/Bangkok',
			allow_calendar_subscription = '0',
			public_id = '5c923d04e055c',
			language = 'en_us',
			lastlogin = '2019-12-11 09:02:04',
			default_schedule_id = null,
			credit_count = '0.00'
		WHERE
			user_id = '551';
2019-12-11T09:05:58+07:00 [17595] DEBUG sql - [User=Thassanat Atithep (Thassanant.a@vistec.ac.th)] MySql Execute: INSERT INTO user_preferences (user_id, name, value) VALUES ('551', 'FilterStartDateDelta', '-7');
2019-12-11T09:05:58+07:00 [17595] DEBUG sql - [User=Thassanat Atithep (Thassanant.a@vistec.ac.th)] MySql Execute: INSERT INTO user_preferences (user_id, name, value) VALUES ('551', 'FilterEndDateDelta', '7');
2019-12-11T09:05:58+07:00 [17595] DEBUG sql - [User=Thassanat Atithep (Thassanant.a@vistec.ac.th)] MySql Execute: INSERT INTO user_preferences (user_id, name, value) VALUES ('551', 'FilterUserId', '');
2019-12-11T09:05:58+07:00 [17595] DEBUG sql - [User=Thassanat Atithep (Thassanant.a@vistec.ac.th)] MySql Execute: INSERT INTO user_preferences (user_id, name, value) VALUES ('551', 'FilterUserName', '');
2019-12-11T09:05:58+07:00 [17595] DEBUG sql - [User=Thassanat Atithep (Thassanant.a@vistec.ac.th)] MySql Execute: INSERT INTO user_preferences (user_id, name, value) VALUES ('551', 'FilterScheduleId', '0');
2019-12-11T09:05:58+07:00 [17595] DEBUG sql - [User=Thassanat Atithep (Thassanant.a@vistec.ac.th)] MySql Execute: INSERT INTO user_preferences (user_id, name, value) VALUES ('551', 'FilterResourceId', '25');
2019-12-11T09:05:58+07:00 [17595] DEBUG sql - [User=Thassanat Atithep (Thassanant.a@vistec.ac.th)] MySql Execute: INSERT INTO user_preferences (user_id, name, value) VALUES ('551', 'FilterReservationStatusId', '0');
2019-12-11T09:05:58+07:00 [17595] DEBUG sql - [User=Thassanat Atithep (Thassanant.a@vistec.ac.th)] MySql Execute: INSERT INTO user_preferences (user_id, name, value) VALUES ('551', 'FilterReferenceNumber', null);
2019-12-11T09:05:58+07:00 [17595] DEBUG sql - [User=Thassanat Atithep (Thassanant.a@vistec.ac.th)] MySql Execute: INSERT INTO user_preferences (user_id, name, value) VALUES ('551', 'FilterResourceStatusId', '0');
2019-12-11T09:05:58+07:00 [17595] DEBUG sql - [User=Thassanat Atithep (Thassanant.a@vistec.ac.th)] MySql Execute: INSERT INTO user_preferences (user_id, name, value) VALUES ('551', 'FilterResourceReasonId', '');
2019-12-11T09:05:58+07:00 [17595] DEBUG sql - [User=Thassanat Atithep (Thassanant.a@vistec.ac.th)] MySql Execute: INSERT INTO user_preferences (user_id, name, value) VALUES ('551', 'FilterCustomAttributes', 'a:0:{}');
2019-12-11T09:05:58+07:00 [17595] DEBUG sql - [User=Thassanat Atithep (Thassanant.a@vistec.ac.th)] MySql Query: SELECT a.*,
				(SELECT GROUP_CONCAT(e.entity_id SEPARATOR "!sep!")
							FROM custom_attribute_entities e WHERE e.custom_attribute_id = a.custom_attribute_id ORDER BY e.entity_id) as entity_ids,
				CASE
				WHEN a.attribute_category = 2 THEN (SELECT GROUP_CONCAT(CONCAT(u.fname, " ", u.lname) SEPARATOR "!sep!")
													FROM users u INNER JOIN custom_attribute_entities e
													WHERE e.custom_attribute_id = a.custom_attribute_id AND u.user_id = e.entity_id ORDER BY e.entity_id)
				WHEN a.attribute_category = 4 THEN (SELECT GROUP_CONCAT(r.name SEPARATOR "!sep!")
													FROM resources r INNER JOIN custom_attribute_entities e
													WHERE e.custom_attribute_id = a.custom_attribute_id AND r.resource_id = e.entity_id ORDER BY e.entity_id)
				WHEN a.attribute_category = 5  THEN (SELECT GROUP_CONCAT(rt.resource_type_name SEPARATOR "!sep!")
													FROM resource_types rt INNER JOIN custom_attribute_entities e
													WHERE e.custom_attribute_id = a.custom_attribute_id AND rt.resource_type_id = e.entity_id ORDER BY e.entity_id)
				ELSE null
				END as entity_descriptions,
				CASE
				WHEN a.secondary_category = 2 THEN (SELECT GROUP_CONCAT(CONCAT( fname, " ", lname ) SEPARATOR  "!sep!" ) FROM users WHERE FIND_IN_SET( user_id, a.secondary_entity_ids ))
				WHEN a.secondary_category = 4 THEN (SELECT GROUP_CONCAT(name SEPARATOR  "!sep!" ) FROM resources WHERE FIND_IN_SET( resource_id, a.secondary_entity_ids ))
				WHEN a.secondary_category = 5 THEN (SELECT GROUP_CONCAT(resource_type_name SEPARATOR  "!sep!" ) FROM resource_types WHERE FIND_IN_SET( resource_type_id, a.secondary_entity_ids ))
				ELSE null
				END as secondary_entity_descriptions
				FROM custom_attributes a WHERE a.attribute_category = '1' ORDER BY a.sort_order, a.display_label;
2019-12-11T09:05:58+07:00 [17595] DEBUG sql - [User=Thassanat Atithep (Thassanant.a@vistec.ac.th)] MySql Query: SELECT COUNT(*) as total FROM (SELECT
				ri.*, rs.date_created as date_created, rs.last_modified as last_modified, rs.description as description, rs.status_id as status_id, rs.title, rs.repeat_type, rs.repeat_options,
					owner.fname as owner_fname, owner.lname as owner_lname, owner.user_id as owner_id, owner.phone as owner_phone, owner.position_id as owner_position, owner.organization as owner_organization, owner.email as email, owner.language, owner.timezone,
					resources.name, resources.resource_id, resources.schedule_id, resources.status_id as resource_status_id, resources.resource_status_reason_id, resources.buffer_time, resources.color, resources.enable_check_in, resources.auto_release_minutes, ru.reservation_user_level,
					start_reminder.minutes_prior AS start_reminder_minutes, end_reminder.minutes_prior AS end_reminder_minutes,
					(SELECT GROUP_CONCAT(groups.group_id)
						FROM user_groups groups WHERE owner.user_id = groups.user_id) as owner_group_list,

					(SELECT GROUP_CONCAT(CONCAT(participants.user_id, '=', CONCAT(participant_users.fname, " ", participant_users.lname)) SEPARATOR "!sep!")
						FROM reservation_users participants INNER JOIN users participant_users ON participants.user_id = participant_users.user_id WHERE participants.reservation_instance_id = ri.reservation_instance_id AND participants.reservation_user_level = 2) as participant_list,

					(SELECT GROUP_CONCAT(CONCAT(invitees.user_id, '=', CONCAT(invitee_users.fname, " ", invitee_users.lname)) SEPARATOR "!sep!")
						FROM reservation_users invitees INNER JOIN users invitee_users ON invitees.user_id = invitee_users.user_id WHERE invitees.reservation_instance_id = ri.reservation_instance_id AND invitees.reservation_user_level = 3) as invitee_list,

					(SELECT GROUP_CONCAT(CONCAT(cav.custom_attribute_id,'=', cav.attribute_value) SEPARATOR "!sep!")
						FROM custom_attribute_values cav WHERE cav.entity_id = ri.series_id AND cav.attribute_category = 1) as attribute_list,

					(SELECT GROUP_CONCAT(CONCAT(p.name, "=", p.value) SEPARATOR "!sep!")
						FROM user_preferences p WHERE owner.user_id = p.user_id) as preferences,
						
					(SELECT GROUP_CONCAT(CONCAT(guests.email, "=", guests.reservation_user_level) SEPARATOR "!sep!")
						FROM reservation_guests guests WHERE guests.reservation_instance_id = ri.reservation_instance_id) as guest_list
			FROM reservation_instances ri
			INNER JOIN reservation_series rs ON rs.series_id = ri.series_id
			INNER JOIN reservation_users ru ON ru.reservation_instance_id = ri.reservation_instance_id
			INNER JOIN users ON users.user_id = rs.owner_id
			INNER JOIN users owner ON owner.user_id = rs.owner_id
			LEFT JOIN positions ON owner.position_id = positions.position_id
			INNER JOIN reservation_resources rr ON rs.series_id = rr.series_id
			INNER JOIN resources ON rr.resource_id = resources.resource_id
			INNER JOIN schedules ON resources.schedule_id = schedules.schedule_id
			LEFT JOIN reservation_reminders start_reminder ON start_reminder.series_id = rs.series_id AND start_reminder.reminder_type = 0
			LEFT JOIN reservation_reminders end_reminder ON end_reminder.series_id = rs.series_id AND end_reminder.reminder_type = 1
			
			WHERE ( rs.status_id <> 2
			AND ru.reservation_user_level = '1' ) AND (1=1 AND ( resources.resource_id = '25' ) AND ( 0=1 OR ( start_date <= '2019-12-04 00:00:00' AND ( end_date >= '2019-12-19 00:00:00' ) ) OR ( start_date >= '2019-12-04 00:00:00' AND ( start_date <= '2019-12-19 00:00:00' ) ) OR ( end_date >= '2019-12-04 00:00:00' AND ( end_date <= '2019-12-19 00:00:00' ) ) )) ORDER BY ri.start_date ASC) results;
2019-12-11T09:05:58+07:00 [17595] DEBUG sql - [User=Thassanat Atithep (Thassanant.a@vistec.ac.th)] MySql Query: SELECT
				ri.*, rs.date_created as date_created, rs.last_modified as last_modified, rs.description as description, rs.status_id as status_id, rs.title, rs.repeat_type, rs.repeat_options,
					owner.fname as owner_fname, owner.lname as owner_lname, owner.user_id as owner_id, owner.phone as owner_phone, owner.position_id as owner_position, owner.organization as owner_organization, owner.email as email, owner.language, owner.timezone,
					resources.name, resources.resource_id, resources.schedule_id, resources.status_id as resource_status_id, resources.resource_status_reason_id, resources.buffer_time, resources.color, resources.enable_check_in, resources.auto_release_minutes, ru.reservation_user_level,
					start_reminder.minutes_prior AS start_reminder_minutes, end_reminder.minutes_prior AS end_reminder_minutes,
					(SELECT GROUP_CONCAT(groups.group_id)
						FROM user_groups groups WHERE owner.user_id = groups.user_id) as owner_group_list,

					(SELECT GROUP_CONCAT(CONCAT(participants.user_id, '=', CONCAT(participant_users.fname, " ", participant_users.lname)) SEPARATOR "!sep!")
						FROM reservation_users participants INNER JOIN users participant_users ON participants.user_id = participant_users.user_id WHERE participants.reservation_instance_id = ri.reservation_instance_id AND participants.reservation_user_level = 2) as participant_list,

					(SELECT GROUP_CONCAT(CONCAT(invitees.user_id, '=', CONCAT(invitee_users.fname, " ", invitee_users.lname)) SEPARATOR "!sep!")
						FROM reservation_users invitees INNER JOIN users invitee_users ON invitees.user_id = invitee_users.user_id WHERE invitees.reservation_instance_id = ri.reservation_instance_id AND invitees.reservation_user_level = 3) as invitee_list,

					(SELECT GROUP_CONCAT(CONCAT(cav.custom_attribute_id,'=', cav.attribute_value) SEPARATOR "!sep!")
						FROM custom_attribute_values cav WHERE cav.entity_id = ri.series_id AND cav.attribute_category = 1) as attribute_list,

					(SELECT GROUP_CONCAT(CONCAT(p.name, "=", p.value) SEPARATOR "!sep!")
						FROM user_preferences p WHERE owner.user_id = p.user_id) as preferences,
						
					(SELECT GROUP_CONCAT(CONCAT(guests.email, "=", guests.reservation_user_level) SEPARATOR "!sep!")
						FROM reservation_guests guests WHERE guests.reservation_instance_id = ri.reservation_instance_id) as guest_list
			FROM reservation_instances ri
			INNER JOIN reservation_series rs ON rs.series_id = ri.series_id
			INNER JOIN reservation_users ru ON ru.reservation_instance_id = ri.reservation_instance_id
			INNER JOIN users ON users.user_id = rs.owner_id
			INNER JOIN users owner ON owner.user_id = rs.owner_id
			LEFT JOIN positions ON owner.position_id = positions.position_id
			INNER JOIN reservation_resources rr ON rs.series_id = rr.series_id
			INNER JOIN resources ON rr.resource_id = resources.resource_id
			INNER JOIN schedules ON resources.schedule_id = schedules.schedule_id
			LEFT JOIN reservation_reminders start_reminder ON start_reminder.series_id = rs.series_id AND start_reminder.reminder_type = 0
			LEFT JOIN reservation_reminders end_reminder ON end_reminder.series_id = rs.series_id AND end_reminder.reminder_type = 1
			
			WHERE ( rs.status_id <> 2
			AND ru.reservation_user_level = '1' ) AND (1=1 AND ( resources.resource_id = '25' ) AND ( 0=1 OR ( start_date <= '2019-12-04 00:00:00' AND ( end_date >= '2019-12-19 00:00:00' ) ) OR ( start_date >= '2019-12-04 00:00:00' AND ( start_date <= '2019-12-19 00:00:00' ) ) OR ( end_date >= '2019-12-04 00:00:00' AND ( end_date <= '2019-12-19 00:00:00' ) ) )) ORDER BY ri.start_date ASC LIMIT 20 OFFSET 0;
2019-12-11T09:06:16+07:00 [2455] DEBUG sql - [User=Thassanat Atithep (Thassanant.a@vistec.ac.th)] MySql Query: SELECT a.*,
				(SELECT GROUP_CONCAT(e.entity_id SEPARATOR "!sep!")
							FROM custom_attribute_entities e WHERE e.custom_attribute_id = a.custom_attribute_id ORDER BY e.entity_id) as entity_ids,
				CASE
				WHEN a.attribute_category = 2 THEN (SELECT GROUP_CONCAT(CONCAT(u.fname, " ", u.lname) SEPARATOR "!sep!")
													FROM users u INNER JOIN custom_attribute_entities e
													WHERE e.custom_attribute_id = a.custom_attribute_id AND u.user_id = e.entity_id ORDER BY e.entity_id)
				WHEN a.attribute_category = 4 THEN (SELECT GROUP_CONCAT(r.name SEPARATOR "!sep!")
													FROM resources r INNER JOIN custom_attribute_entities e
													WHERE e.custom_attribute_id = a.custom_attribute_id AND r.resource_id = e.entity_id ORDER BY e.entity_id)
				WHEN a.attribute_category = 5  THEN (SELECT GROUP_CONCAT(rt.resource_type_name SEPARATOR "!sep!")
													FROM resource_types rt INNER JOIN custom_attribute_entities e
													WHERE e.custom_attribute_id = a.custom_attribute_id AND rt.resource_type_id = e.entity_id ORDER BY e.entity_id)
				ELSE null
				END as entity_descriptions,
				CASE
				WHEN a.secondary_category = 2 THEN (SELECT GROUP_CONCAT(CONCAT( fname, " ", lname ) SEPARATOR  "!sep!" ) FROM users WHERE FIND_IN_SET( user_id, a.secondary_entity_ids ))
				WHEN a.secondary_category = 4 THEN (SELECT GROUP_CONCAT(name SEPARATOR  "!sep!" ) FROM resources WHERE FIND_IN_SET( resource_id, a.secondary_entity_ids ))
				WHEN a.secondary_category = 5 THEN (SELECT GROUP_CONCAT(resource_type_name SEPARATOR  "!sep!" ) FROM resource_types WHERE FIND_IN_SET( resource_type_id, a.secondary_entity_ids ))
				ELSE null
				END as secondary_entity_descriptions
				FROM custom_attributes a WHERE a.attribute_category = '4' ORDER BY a.sort_order, a.display_label;
2019-12-11T09:06:16+07:00 [2455] DEBUG sql - [User=Thassanat Atithep (Thassanant.a@vistec.ac.th)] MySql Query: SELECT COUNT(*) as total FROM (SELECT r.*, s.admin_group_id as s_admin_group_id,
		(SELECT GROUP_CONCAT(CONCAT(cav.custom_attribute_id, '=', cav.attribute_value) SEPARATOR "!sep!")
						FROM custom_attribute_values cav WHERE cav.entity_id = r.resource_id AND cav.attribute_category = 4) as attribute_list,
		(SELECT GROUP_CONCAT(rga.resource_group_id SEPARATOR "!sep!") FROM resource_group_assignment rga WHERE rga.resource_id = r.resource_id) AS group_list
		FROM resources r
		INNER JOIN schedules s ON r.schedule_id = s.schedule_id
		 WHERE 1=1 ORDER BY COALESCE(r.sort_order,0), r.name) results;
2019-12-11T09:06:16+07:00 [2455] DEBUG sql - [User=Thassanat Atithep (Thassanant.a@vistec.ac.th)] MySql Query: SELECT r.*, s.admin_group_id as s_admin_group_id,
		(SELECT GROUP_CONCAT(CONCAT(cav.custom_attribute_id, '=', cav.attribute_value) SEPARATOR "!sep!")
						FROM custom_attribute_values cav WHERE cav.entity_id = r.resource_id AND cav.attribute_category = 4) as attribute_list,
		(SELECT GROUP_CONCAT(rga.resource_group_id SEPARATOR "!sep!") FROM resource_group_assignment rga WHERE rga.resource_id = r.resource_id) AS group_list
		FROM resources r
		INNER JOIN schedules s ON r.schedule_id = s.schedule_id
		 WHERE 1=1 ORDER BY COALESCE(r.sort_order,0), r.name LIMIT 10 OFFSET 0;
2019-12-11T09:06:16+07:00 [2455] DEBUG sql - [User=Thassanat Atithep (Thassanant.a@vistec.ac.th)] MySql Query: SELECT s.*, l.timezone FROM schedules s INNER JOIN layouts l ON s.layout_id = l.layout_id ORDER BY s.name;
2019-12-11T09:06:16+07:00 [2455] DEBUG sql - [User=Thassanat Atithep (Thassanant.a@vistec.ac.th)] MySql Query: SELECT *,
			(SELECT GROUP_CONCAT(CONCAT(cav.custom_attribute_id, '=', cav.attribute_value) SEPARATOR "!sep!")
							FROM custom_attribute_values cav INNER JOIN custom_attribute_entities cae on cav.custom_attribute_id = cae.custom_attribute_id
							WHERE cav.entity_id = r.resource_type_id AND cav.attribute_category = 5) as attribute_list
							FROM resource_types r;
2019-12-11T09:06:16+07:00 [2455] DEBUG sql - [User=Thassanat Atithep (Thassanant.a@vistec.ac.th)] MySql Query: SELECT * FROM resource_status_reasons;
2019-12-11T09:06:16+07:00 [2455] DEBUG sql - [User=Thassanat Atithep (Thassanant.a@vistec.ac.th)] MySql Query: SELECT g.*
		FROM groups g
		INNER JOIN group_roles gr ON g.group_id = gr.group_id
		INNER JOIN roles r ON r.role_id = gr.role_id
		WHERE r.role_level = '3'
		ORDER BY g.name;
2019-12-11T09:06:16+07:00 [2455] DEBUG sql - [User=Thassanat Atithep (Thassanant.a@vistec.ac.th)] MySql Query: SELECT * FROM resource_groups ORDER BY parent_id, resource_group_name;
2019-12-11T09:06:16+07:00 [2455] DEBUG sql - [User=Thassanat Atithep (Thassanant.a@vistec.ac.th)] MySql Query: SELECT r.*, a.resource_group_id
		FROM resource_group_assignment a
		INNER JOIN resources r ON r.resource_id = a.resource_id
		WHERE (-1 = '-1' OR r.schedule_id = '-1')
		ORDER BY COALESCE(r.sort_order,0), r.name;
2019-12-11T09:06:16+07:00 [2455] DEBUG sql - [User=Thassanat Atithep (Thassanant.a@vistec.ac.th)] MySql Query: SELECT r.*, s.admin_group_id as s_admin_group_id,
		(SELECT GROUP_CONCAT(CONCAT(cav.custom_attribute_id, '=', cav.attribute_value) SEPARATOR "!sep!")
						FROM custom_attribute_values cav WHERE cav.entity_id = r.resource_id AND cav.attribute_category = 4) as attribute_list,
		(SELECT GROUP_CONCAT(rga.resource_group_id SEPARATOR "!sep!") FROM resource_group_assignment rga WHERE rga.resource_id = r.resource_id) AS group_list
		FROM resources r
		INNER JOIN schedules s ON r.schedule_id = s.schedule_id
		 WHERE 1=1 ORDER BY COALESCE(r.sort_order,0), r.name;
2019-12-11T09:06:39+07:00 [17598] DEBUG sql - [User=Thassanat Atithep (Thassanant.a@vistec.ac.th)] MySql Query: SELECT a.*,
				(SELECT GROUP_CONCAT(e.entity_id SEPARATOR "!sep!")
							FROM custom_attribute_entities e WHERE e.custom_attribute_id = a.custom_attribute_id ORDER BY e.entity_id) as entity_ids,
				CASE
				WHEN a.attribute_category = 2 THEN (SELECT GROUP_CONCAT(CONCAT(u.fname, " ", u.lname) SEPARATOR "!sep!")
													FROM users u INNER JOIN custom_attribute_entities e
													WHERE e.custom_attribute_id = a.custom_attribute_id AND u.user_id = e.entity_id ORDER BY e.entity_id)
				WHEN a.attribute_category = 4 THEN (SELECT GROUP_CONCAT(r.name SEPARATOR "!sep!")
													FROM resources r INNER JOIN custom_attribute_entities e
													WHERE e.custom_attribute_id = a.custom_attribute_id AND r.resource_id = e.entity_id ORDER BY e.entity_id)
				WHEN a.attribute_category = 5  THEN (SELECT GROUP_CONCAT(rt.resource_type_name SEPARATOR "!sep!")
													FROM resource_types rt INNER JOIN custom_attribute_entities e
													WHERE e.custom_attribute_id = a.custom_attribute_id AND rt.resource_type_id = e.entity_id ORDER BY e.entity_id)
				ELSE null
				END as entity_descriptions,
				CASE
				WHEN a.secondary_category = 2 THEN (SELECT GROUP_CONCAT(CONCAT( fname, " ", lname ) SEPARATOR  "!sep!" ) FROM users WHERE FIND_IN_SET( user_id, a.secondary_entity_ids ))
				WHEN a.secondary_category = 4 THEN (SELECT GROUP_CONCAT(name SEPARATOR  "!sep!" ) FROM resources WHERE FIND_IN_SET( resource_id, a.secondary_entity_ids ))
				WHEN a.secondary_category = 5 THEN (SELECT GROUP_CONCAT(resource_type_name SEPARATOR  "!sep!" ) FROM resource_types WHERE FIND_IN_SET( resource_type_id, a.secondary_entity_ids ))
				ELSE null
				END as secondary_entity_descriptions
				FROM custom_attributes a WHERE a.attribute_category = '4' ORDER BY a.sort_order, a.display_label;
2019-12-11T09:06:39+07:00 [17598] DEBUG sql - [User=Thassanat Atithep (Thassanant.a@vistec.ac.th)] MySql Query: SELECT COUNT(*) as total FROM (SELECT r.*, s.admin_group_id as s_admin_group_id,
		(SELECT GROUP_CONCAT(CONCAT(cav.custom_attribute_id, '=', cav.attribute_value) SEPARATOR "!sep!")
						FROM custom_attribute_values cav WHERE cav.entity_id = r.resource_id AND cav.attribute_category = 4) as attribute_list,
		(SELECT GROUP_CONCAT(rga.resource_group_id SEPARATOR "!sep!") FROM resource_group_assignment rga WHERE rga.resource_id = r.resource_id) AS group_list
		FROM resources r
		INNER JOIN schedules s ON r.schedule_id = s.schedule_id
		 WHERE 1=1 ORDER BY COALESCE(r.sort_order,0), r.name) results;
2019-12-11T09:06:39+07:00 [17598] DEBUG sql - [User=Thassanat Atithep (Thassanant.a@vistec.ac.th)] MySql Query: SELECT r.*, s.admin_group_id as s_admin_group_id,
		(SELECT GROUP_CONCAT(CONCAT(cav.custom_attribute_id, '=', cav.attribute_value) SEPARATOR "!sep!")
						FROM custom_attribute_values cav WHERE cav.entity_id = r.resource_id AND cav.attribute_category = 4) as attribute_list,
		(SELECT GROUP_CONCAT(rga.resource_group_id SEPARATOR "!sep!") FROM resource_group_assignment rga WHERE rga.resource_id = r.resource_id) AS group_list
		FROM resources r
		INNER JOIN schedules s ON r.schedule_id = s.schedule_id
		 WHERE 1=1 ORDER BY COALESCE(r.sort_order,0), r.name LIMIT 10 OFFSET 10;
2019-12-11T09:06:39+07:00 [17598] DEBUG sql - [User=Thassanat Atithep (Thassanant.a@vistec.ac.th)] MySql Query: SELECT s.*, l.timezone FROM schedules s INNER JOIN layouts l ON s.layout_id = l.layout_id ORDER BY s.name;
2019-12-11T09:06:39+07:00 [17598] DEBUG sql - [User=Thassanat Atithep (Thassanant.a@vistec.ac.th)] MySql Query: SELECT *,
			(SELECT GROUP_CONCAT(CONCAT(cav.custom_attribute_id, '=', cav.attribute_value) SEPARATOR "!sep!")
							FROM custom_attribute_values cav INNER JOIN custom_attribute_entities cae on cav.custom_attribute_id = cae.custom_attribute_id
							WHERE cav.entity_id = r.resource_type_id AND cav.attribute_category = 5) as attribute_list
							FROM resource_types r;
2019-12-11T09:06:39+07:00 [17598] DEBUG sql - [User=Thassanat Atithep (Thassanant.a@vistec.ac.th)] MySql Query: SELECT * FROM resource_status_reasons;
2019-12-11T09:06:39+07:00 [17598] DEBUG sql - [User=Thassanat Atithep (Thassanant.a@vistec.ac.th)] MySql Query: SELECT g.*
		FROM groups g
		INNER JOIN group_roles gr ON g.group_id = gr.group_id
		INNER JOIN roles r ON r.role_id = gr.role_id
		WHERE r.role_level = '3'
		ORDER BY g.name;
2019-12-11T09:06:39+07:00 [17598] DEBUG sql - [User=Thassanat Atithep (Thassanant.a@vistec.ac.th)] MySql Query: SELECT * FROM resource_groups ORDER BY parent_id, resource_group_name;
2019-12-11T09:06:39+07:00 [17598] DEBUG sql - [User=Thassanat Atithep (Thassanant.a@vistec.ac.th)] MySql Query: SELECT r.*, a.resource_group_id
		FROM resource_group_assignment a
		INNER JOIN resources r ON r.resource_id = a.resource_id
		WHERE (-1 = '-1' OR r.schedule_id = '-1')
		ORDER BY COALESCE(r.sort_order,0), r.name;
2019-12-11T09:06:39+07:00 [17598] DEBUG sql - [User=Thassanat Atithep (Thassanant.a@vistec.ac.th)] MySql Query: SELECT r.*, s.admin_group_id as s_admin_group_id,
		(SELECT GROUP_CONCAT(CONCAT(cav.custom_attribute_id, '=', cav.attribute_value) SEPARATOR "!sep!")
						FROM custom_attribute_values cav WHERE cav.entity_id = r.resource_id AND cav.attribute_category = 4) as attribute_list,
		(SELECT GROUP_CONCAT(rga.resource_group_id SEPARATOR "!sep!") FROM resource_group_assignment rga WHERE rga.resource_id = r.resource_id) AS group_list
		FROM resources r
		INNER JOIN schedules s ON r.schedule_id = s.schedule_id
		 WHERE 1=1 ORDER BY COALESCE(r.sort_order,0), r.name;
2019-12-11T09:07:14+07:00 [17595] DEBUG sql - [User=Thassanat Atithep (Thassanant.a@vistec.ac.th)] MySql Query: SELECT r.*, s.admin_group_id as s_admin_group_id
			FROM resources r
			INNER JOIN schedules s ON r.schedule_id = s.schedule_id
			WHERE r.resource_id = '25';
2019-12-11T09:07:14+07:00 [17595] DEBUG sql - [User=Thassanat Atithep (Thassanant.a@vistec.ac.th)] MySql Query: SELECT cav.*, ca.display_label
		FROM custom_attribute_values cav
		INNER JOIN custom_attributes ca ON ca.custom_attribute_id = cav.custom_attribute_id
		WHERE cav.attribute_category = '4' AND cav.entity_id = '25';
2019-12-11T09:07:14+07:00 [17595] DEBUG sql - [User=Thassanat Atithep (Thassanant.a@vistec.ac.th)] MySql Query: SELECT * FROM resource_group_assignment WHERE resource_id = '25';
2019-12-11T09:07:14+07:00 [17595] DEBUG sql - [User=Thassanat Atithep (Thassanant.a@vistec.ac.th)] MySql Execute: UPDATE resources
		SET
			name = 'TEM',
			location = 'ESE',
			contact_info = 'Name: Somlak Ittisanronnachai / Thassanant Atithep\nContact No.: 033-014014, 093-140-4104 / 033-014266, 086-871-7981\nE-mail: Somlak.i@vistec.ac.th, Thassanant.a@vistec.ac.th',
			description = null,
			notes = 'E121',
			min_duration = null,
			max_duration = null,
			autoassign = '0',
			requires_approval = '0',
			allow_multiday_reservations = '1',
			max_participants = null,
			min_notice_time = null,
			max_notice_time = null,
			image_name = 'resource25.jpg',
			schedule_id = '16',
			admin_group_id = null,
			allow_calendar_subscription = '0',
			public_id = null,
			sort_order = '0',
			resource_type_id = '1',
			status_id = '1',
			resource_status_reason_id = null,
			buffer_time = null,
			color = '#400080',
			enable_check_in = '0',
			auto_release_minutes = null,
			allow_display = '0',
			credit_count = '0.00',
			peak_credit_count = '0.00'
		WHERE
			resource_id = '25';
2019-12-11T09:07:14+07:00 [2455] DEBUG sql - [User=Thassanat Atithep (Thassanant.a@vistec.ac.th)] MySql Query: SELECT a.*,
				(SELECT GROUP_CONCAT(e.entity_id SEPARATOR "!sep!")
							FROM custom_attribute_entities e WHERE e.custom_attribute_id = a.custom_attribute_id ORDER BY e.entity_id) as entity_ids,
				CASE
				WHEN a.attribute_category = 2 THEN (SELECT GROUP_CONCAT(CONCAT(u.fname, " ", u.lname) SEPARATOR "!sep!")
													FROM users u INNER JOIN custom_attribute_entities e
													WHERE e.custom_attribute_id = a.custom_attribute_id AND u.user_id = e.entity_id ORDER BY e.entity_id)
				WHEN a.attribute_category = 4 THEN (SELECT GROUP_CONCAT(r.name SEPARATOR "!sep!")
													FROM resources r INNER JOIN custom_attribute_entities e
													WHERE e.custom_attribute_id = a.custom_attribute_id AND r.resource_id = e.entity_id ORDER BY e.entity_id)
				WHEN a.attribute_category = 5  THEN (SELECT GROUP_CONCAT(rt.resource_type_name SEPARATOR "!sep!")
													FROM resource_types rt INNER JOIN custom_attribute_entities e
													WHERE e.custom_attribute_id = a.custom_attribute_id AND rt.resource_type_id = e.entity_id ORDER BY e.entity_id)
				ELSE null
				END as entity_descriptions,
				CASE
				WHEN a.secondary_category = 2 THEN (SELECT GROUP_CONCAT(CONCAT( fname, " ", lname ) SEPARATOR  "!sep!" ) FROM users WHERE FIND_IN_SET( user_id, a.secondary_entity_ids ))
				WHEN a.secondary_category = 4 THEN (SELECT GROUP_CONCAT(name SEPARATOR  "!sep!" ) FROM resources WHERE FIND_IN_SET( resource_id, a.secondary_entity_ids ))
				WHEN a.secondary_category = 5 THEN (SELECT GROUP_CONCAT(resource_type_name SEPARATOR  "!sep!" ) FROM resource_types WHERE FIND_IN_SET( resource_type_id, a.secondary_entity_ids ))
				ELSE null
				END as secondary_entity_descriptions
				FROM custom_attributes a WHERE a.attribute_category = '4' ORDER BY a.sort_order, a.display_label;
2019-12-11T09:07:14+07:00 [2455] DEBUG sql - [User=Thassanat Atithep (Thassanant.a@vistec.ac.th)] MySql Query: SELECT COUNT(*) as total FROM (SELECT r.*, s.admin_group_id as s_admin_group_id,
		(SELECT GROUP_CONCAT(CONCAT(cav.custom_attribute_id, '=', cav.attribute_value) SEPARATOR "!sep!")
						FROM custom_attribute_values cav WHERE cav.entity_id = r.resource_id AND cav.attribute_category = 4) as attribute_list,
		(SELECT GROUP_CONCAT(rga.resource_group_id SEPARATOR "!sep!") FROM resource_group_assignment rga WHERE rga.resource_id = r.resource_id) AS group_list
		FROM resources r
		INNER JOIN schedules s ON r.schedule_id = s.schedule_id
		 WHERE 1=1 ORDER BY COALESCE(r.sort_order,0), r.name) results;
2019-12-11T09:07:14+07:00 [2455] DEBUG sql - [User=Thassanat Atithep (Thassanant.a@vistec.ac.th)] MySql Query: SELECT r.*, s.admin_group_id as s_admin_group_id,
		(SELECT GROUP_CONCAT(CONCAT(cav.custom_attribute_id, '=', cav.attribute_value) SEPARATOR "!sep!")
						FROM custom_attribute_values cav WHERE cav.entity_id = r.resource_id AND cav.attribute_category = 4) as attribute_list,
		(SELECT GROUP_CONCAT(rga.resource_group_id SEPARATOR "!sep!") FROM resource_group_assignment rga WHERE rga.resource_id = r.resource_id) AS group_list
		FROM resources r
		INNER JOIN schedules s ON r.schedule_id = s.schedule_id
		 WHERE 1=1 ORDER BY COALESCE(r.sort_order,0), r.name LIMIT 10 OFFSET 10;
2019-12-11T09:07:14+07:00 [2455] DEBUG sql - [User=Thassanat Atithep (Thassanant.a@vistec.ac.th)] MySql Query: SELECT s.*, l.timezone FROM schedules s INNER JOIN layouts l ON s.layout_id = l.layout_id ORDER BY s.name;
2019-12-11T09:07:14+07:00 [2455] DEBUG sql - [User=Thassanat Atithep (Thassanant.a@vistec.ac.th)] MySql Query: SELECT *,
			(SELECT GROUP_CONCAT(CONCAT(cav.custom_attribute_id, '=', cav.attribute_value) SEPARATOR "!sep!")
							FROM custom_attribute_values cav INNER JOIN custom_attribute_entities cae on cav.custom_attribute_id = cae.custom_attribute_id
							WHERE cav.entity_id = r.resource_type_id AND cav.attribute_category = 5) as attribute_list
							FROM resource_types r;
2019-12-11T09:07:14+07:00 [2455] DEBUG sql - [User=Thassanat Atithep (Thassanant.a@vistec.ac.th)] MySql Query: SELECT * FROM resource_status_reasons;
2019-12-11T09:07:14+07:00 [2455] DEBUG sql - [User=Thassanat Atithep (Thassanant.a@vistec.ac.th)] MySql Query: SELECT g.*
		FROM groups g
		INNER JOIN group_roles gr ON g.group_id = gr.group_id
		INNER JOIN roles r ON r.role_id = gr.role_id
		WHERE r.role_level = '3'
		ORDER BY g.name;
2019-12-11T09:07:14+07:00 [2455] DEBUG sql - [User=Thassanat Atithep (Thassanant.a@vistec.ac.th)] MySql Query: SELECT * FROM resource_groups ORDER BY parent_id, resource_group_name;
2019-12-11T09:07:14+07:00 [2455] DEBUG sql - [User=Thassanat Atithep (Thassanant.a@vistec.ac.th)] MySql Query: SELECT r.*, a.resource_group_id
		FROM resource_group_assignment a
		INNER JOIN resources r ON r.resource_id = a.resource_id
		WHERE (-1 = '-1' OR r.schedule_id = '-1')
		ORDER BY COALESCE(r.sort_order,0), r.name;
2019-12-11T09:07:14+07:00 [2455] DEBUG sql - [User=Thassanat Atithep (Thassanant.a@vistec.ac.th)] MySql Query: SELECT r.*, s.admin_group_id as s_admin_group_id,
		(SELECT GROUP_CONCAT(CONCAT(cav.custom_attribute_id, '=', cav.attribute_value) SEPARATOR "!sep!")
						FROM custom_attribute_values cav WHERE cav.entity_id = r.resource_id AND cav.attribute_category = 4) as attribute_list,
		(SELECT GROUP_CONCAT(rga.resource_group_id SEPARATOR "!sep!") FROM resource_group_assignment rga WHERE rga.resource_id = r.resource_id) AS group_list
		FROM resources r
		INNER JOIN schedules s ON r.schedule_id = s.schedule_id
		 WHERE 1=1 ORDER BY COALESCE(r.sort_order,0), r.name;
2019-12-11T09:07:31+07:00 [17598] DEBUG sql - [User=Thassanat Atithep (Thassanant.a@vistec.ac.th)] MySql Query: SELECT a.*, c.num_resources,
			(SELECT GROUP_CONCAT(CONCAT(ra.resource_id, ",", COALESCE(ra.minimum_quantity,""), ",",  COALESCE(ra.maximum_quantity,"")) SEPARATOR "!sep!")
				FROM resource_accessories ra WHERE ra.accessory_id = a.accessory_id) as resource_accessory_list
 			FROM accessories a
			LEFT JOIN (
				SELECT accessory_id, COUNT(*) AS num_resources
				FROM resource_accessories ra
				GROUP BY ra.accessory_id
				) AS c ON a.accessory_id = c.accessory_id

 			ORDER BY accessory_name;
2019-12-11T09:07:31+07:00 [17598] DEBUG sql - [User=Thassanat Atithep (Thassanant.a@vistec.ac.th)] MySql Query: SELECT r.*, s.admin_group_id as s_admin_group_id,
		(SELECT GROUP_CONCAT(CONCAT(cav.custom_attribute_id, '=', cav.attribute_value) SEPARATOR "!sep!")
						FROM custom_attribute_values cav WHERE cav.entity_id = r.resource_id AND cav.attribute_category = 4) as attribute_list,
		(SELECT GROUP_CONCAT(rga.resource_group_id SEPARATOR "!sep!") FROM resource_group_assignment rga WHERE rga.resource_id = r.resource_id) AS group_list
		FROM resources r
		INNER JOIN schedules s ON r.schedule_id = s.schedule_id
		ORDER BY COALESCE(r.sort_order,0), r.name;
2019-12-11T10:26:29+07:00 [17595] DEBUG sql - [User=Thassanat Atithep (Thassanant.a@vistec.ac.th)] MySql Query: SELECT s.*, l.timezone FROM schedules s INNER JOIN layouts l ON s.layout_id = l.layout_id ORDER BY s.name;
2019-12-11T10:26:29+07:00 [17595] DEBUG sql - [User=Thassanat Atithep (Thassanant.a@vistec.ac.th)] MySql Query: SELECT r.*, s.admin_group_id as s_admin_group_id,
		(SELECT GROUP_CONCAT(CONCAT(cav.custom_attribute_id, '=', cav.attribute_value) SEPARATOR "!sep!")
						FROM custom_attribute_values cav WHERE cav.entity_id = r.resource_id AND cav.attribute_category = 4) as attribute_list,
		(SELECT GROUP_CONCAT(rga.resource_group_id SEPARATOR "!sep!") FROM resource_group_assignment rga WHERE rga.resource_id = r.resource_id) AS group_list
		FROM resources r
		INNER JOIN schedules s ON r.schedule_id = s.schedule_id
		ORDER BY COALESCE(r.sort_order,0), r.name;
2019-12-11T10:26:29+07:00 [17595] DEBUG sql - [User=Thassanat Atithep (Thassanant.a@vistec.ac.th)] MySql Query: SELECT COUNT(*) as total FROM (SELECT bi.*, r.resource_id, r.name, u.*, bs.description, bs.title, bs.repeat_type, bs.repeat_options, schedules.schedule_id
					FROM blackout_instances bi
					INNER JOIN blackout_series bs ON bi.blackout_series_id = bs.blackout_series_id
					INNER JOIN blackout_series_resources bsr ON  bi.blackout_series_id = bsr.blackout_series_id
					INNER JOIN resources r on bsr.resource_id = r.resource_id
					INNER JOIN schedules on r.schedule_id = schedules.schedule_id
					INNER JOIN users u ON u.user_id = bs.owner_id
		 WHERE 1=1 ORDER BY bi.start_date DESC) results;
2019-12-11T10:26:29+07:00 [17595] DEBUG sql - [User=Thassanat Atithep (Thassanant.a@vistec.ac.th)] MySql Query: SELECT bi.*, r.resource_id, r.name, u.*, bs.description, bs.title, bs.repeat_type, bs.repeat_options, schedules.schedule_id
					FROM blackout_instances bi
					INNER JOIN blackout_series bs ON bi.blackout_series_id = bs.blackout_series_id
					INNER JOIN blackout_series_resources bsr ON  bi.blackout_series_id = bsr.blackout_series_id
					INNER JOIN resources r on bsr.resource_id = r.resource_id
					INNER JOIN schedules on r.schedule_id = schedules.schedule_id
					INNER JOIN users u ON u.user_id = bs.owner_id
		 WHERE 1=1 ORDER BY bi.start_date DESC LIMIT 20 OFFSET 0;
2019-12-11T10:27:08+07:00 [17595] DEBUG sql - [User=Thassanat Atithep (Thassanant.a@vistec.ac.th)] MySql Query: SELECT s.*, l.timezone FROM schedules s INNER JOIN layouts l ON s.layout_id = l.layout_id ORDER BY s.name;
2019-12-11T10:27:08+07:00 [17595] DEBUG sql - [User=Thassanat Atithep (Thassanant.a@vistec.ac.th)] MySql Query: SELECT r.*, s.admin_group_id as s_admin_group_id,
		(SELECT GROUP_CONCAT(CONCAT(cav.custom_attribute_id, '=', cav.attribute_value) SEPARATOR "!sep!")
						FROM custom_attribute_values cav WHERE cav.entity_id = r.resource_id AND cav.attribute_category = 4) as attribute_list,
		(SELECT GROUP_CONCAT(rga.resource_group_id SEPARATOR "!sep!") FROM resource_group_assignment rga WHERE rga.resource_id = r.resource_id) AS group_list
		FROM resources r
		INNER JOIN schedules s ON r.schedule_id = s.schedule_id
		ORDER BY COALESCE(r.sort_order,0), r.name;
2019-12-11T10:27:08+07:00 [17595] DEBUG sql - [User=Thassanat Atithep (Thassanant.a@vistec.ac.th)] MySql Query: SELECT COUNT(*) as total FROM (SELECT bi.*, r.resource_id, r.name, u.*, bs.description, bs.title, bs.repeat_type, bs.repeat_options, schedules.schedule_id
					FROM blackout_instances bi
					INNER JOIN blackout_series bs ON bi.blackout_series_id = bs.blackout_series_id
					INNER JOIN blackout_series_resources bsr ON  bi.blackout_series_id = bsr.blackout_series_id
					INNER JOIN resources r on bsr.resource_id = r.resource_id
					INNER JOIN schedules on r.schedule_id = schedules.schedule_id
					INNER JOIN users u ON u.user_id = bs.owner_id
		 WHERE 1=1 ORDER BY bi.start_date DESC) results;
2019-12-11T10:27:08+07:00 [17595] DEBUG sql - [User=Thassanat Atithep (Thassanant.a@vistec.ac.th)] MySql Query: SELECT bi.*, r.resource_id, r.name, u.*, bs.description, bs.title, bs.repeat_type, bs.repeat_options, schedules.schedule_id
					FROM blackout_instances bi
					INNER JOIN blackout_series bs ON bi.blackout_series_id = bs.blackout_series_id
					INNER JOIN blackout_series_resources bsr ON  bi.blackout_series_id = bsr.blackout_series_id
					INNER JOIN resources r on bsr.resource_id = r.resource_id
					INNER JOIN schedules on r.schedule_id = schedules.schedule_id
					INNER JOIN users u ON u.user_id = bs.owner_id
		 WHERE 1=1 ORDER BY bi.start_date DESC LIMIT 20 OFFSET 0;
2019-12-11T10:27:32+07:00 [17598] DEBUG sql - [User=Thassanat Atithep (Thassanant.a@vistec.ac.th)] MySql Query: SELECT s.*, l.timezone FROM schedules s INNER JOIN layouts l ON s.layout_id = l.layout_id ORDER BY s.name;
2019-12-11T10:27:32+07:00 [17598] DEBUG sql - [User=Thassanat Atithep (Thassanant.a@vistec.ac.th)] MySql Query: SELECT r.*, s.admin_group_id as s_admin_group_id,
		(SELECT GROUP_CONCAT(CONCAT(cav.custom_attribute_id, '=', cav.attribute_value) SEPARATOR "!sep!")
						FROM custom_attribute_values cav WHERE cav.entity_id = r.resource_id AND cav.attribute_category = 4) as attribute_list,
		(SELECT GROUP_CONCAT(rga.resource_group_id SEPARATOR "!sep!") FROM resource_group_assignment rga WHERE rga.resource_id = r.resource_id) AS group_list
		FROM resources r
		INNER JOIN schedules s ON r.schedule_id = s.schedule_id
		ORDER BY COALESCE(r.sort_order,0), r.name;
2019-12-11T10:27:32+07:00 [17598] DEBUG sql - [User=Thassanat Atithep (Thassanant.a@vistec.ac.th)] MySql Query: SELECT COUNT(*) as total FROM (SELECT bi.*, r.resource_id, r.name, u.*, bs.description, bs.title, bs.repeat_type, bs.repeat_options, schedules.schedule_id
					FROM blackout_instances bi
					INNER JOIN blackout_series bs ON bi.blackout_series_id = bs.blackout_series_id
					INNER JOIN blackout_series_resources bsr ON  bi.blackout_series_id = bsr.blackout_series_id
					INNER JOIN resources r on bsr.resource_id = r.resource_id
					INNER JOIN schedules on r.schedule_id = schedules.schedule_id
					INNER JOIN users u ON u.user_id = bs.owner_id
		 WHERE 1=1 AND ( r.resource_id = '25' ) ORDER BY bi.start_date DESC) results;
2019-12-11T10:27:32+07:00 [17598] DEBUG sql - [User=Thassanat Atithep (Thassanant.a@vistec.ac.th)] MySql Query: SELECT bi.*, r.resource_id, r.name, u.*, bs.description, bs.title, bs.repeat_type, bs.repeat_options, schedules.schedule_id
					FROM blackout_instances bi
					INNER JOIN blackout_series bs ON bi.blackout_series_id = bs.blackout_series_id
					INNER JOIN blackout_series_resources bsr ON  bi.blackout_series_id = bsr.blackout_series_id
					INNER JOIN resources r on bsr.resource_id = r.resource_id
					INNER JOIN schedules on r.schedule_id = schedules.schedule_id
					INNER JOIN users u ON u.user_id = bs.owner_id
		 WHERE 1=1 AND ( r.resource_id = '25' ) ORDER BY bi.start_date DESC LIMIT 20 OFFSET 0;
2019-12-11T10:27:44+07:00 [17598] DEBUG sql - [User=Thassanat Atithep (Thassanant.a@vistec.ac.th)] MySql Query: SELECT *
		FROM blackout_series bs
		INNER JOIN blackout_instances bi ON bi.blackout_series_id = bs.blackout_series_id
		WHERE blackout_instance_id = '91';
2019-12-11T10:27:44+07:00 [17598] DEBUG sql - [User=Thassanat Atithep (Thassanant.a@vistec.ac.th)] MySql Query: SELECT * FROM blackout_instances WHERE blackout_series_id = '91';
2019-12-11T10:27:44+07:00 [17598] DEBUG sql - [User=Thassanat Atithep (Thassanant.a@vistec.ac.th)] MySql Query: SELECT r.*, s.admin_group_id as s_admin_group_id
		FROM blackout_series_resources rr
		INNER JOIN resources r ON rr.resource_id = r.resource_id
		INNER JOIN schedules s ON r.schedule_id = s.schedule_id
		WHERE rr.blackout_series_id = '91'
		ORDER BY r.name;
2019-12-11T10:27:44+07:00 [17598] DEBUG sql - [User=Thassanat Atithep (Thassanant.a@vistec.ac.th)] MySql Query: SELECT u.*, p.name AS position_name FROM users u 
		LEFT JOIN positions p ON p.position_id = u.position_id
		WHERE u.user_id = '551';
2019-12-11T10:27:45+07:00 [17598] DEBUG sql - [User=Thassanat Atithep (Thassanant.a@vistec.ac.th)] MySql Query: SELECT * FROM user_email_preferences WHERE user_id = '551';
2019-12-11T10:27:45+07:00 [17598] DEBUG sql - [User=Thassanat Atithep (Thassanant.a@vistec.ac.th)] MySql Query: SELECT
			urp.user_id, r.resource_id, r.name
		FROM
			user_resource_permissions urp, resources r
		WHERE
			urp.user_id = '551' AND r.resource_id = urp.resource_id;
2019-12-11T10:27:45+07:00 [17598] DEBUG sql - [User=Thassanat Atithep (Thassanant.a@vistec.ac.th)] MySql Query: SELECT g.*, r.role_level
		FROM user_groups ug
		INNER JOIN groups g ON ug.group_id = g.group_id
		LEFT JOIN group_roles gr ON ug.group_id = gr.group_id
		LEFT JOIN roles r ON gr.role_id = r.role_id
		WHERE user_id = '551' AND (null is null OR r.role_level IN (null) );
2019-12-11T10:27:45+07:00 [17598] DEBUG sql - [User=Thassanat Atithep (Thassanant.a@vistec.ac.th)] MySql Query: SELECT cav.*, ca.display_label
		FROM custom_attribute_values cav
		INNER JOIN custom_attributes ca ON ca.custom_attribute_id = cav.custom_attribute_id
		WHERE cav.attribute_category = '2' AND cav.entity_id = '551';
2019-12-11T10:27:45+07:00 [17598] DEBUG sql - [User=Thassanat Atithep (Thassanant.a@vistec.ac.th)] MySql Query: SELECT name, value FROM user_preferences WHERE user_id = '551';
2019-12-11T10:27:45+07:00 [17598] DEBUG sql - [User=Thassanat Atithep (Thassanant.a@vistec.ac.th)] MySql Query: SELECT r.*, s.admin_group_id as s_admin_group_id,
		(SELECT GROUP_CONCAT(CONCAT(cav.custom_attribute_id, '=', cav.attribute_value) SEPARATOR "!sep!")
						FROM custom_attribute_values cav WHERE cav.entity_id = r.resource_id AND cav.attribute_category = 4) as attribute_list,
		(SELECT GROUP_CONCAT(rga.resource_group_id SEPARATOR "!sep!") FROM resource_group_assignment rga WHERE rga.resource_id = r.resource_id) AS group_list
		FROM resources r
		INNER JOIN schedules s ON r.schedule_id = s.schedule_id
		ORDER BY COALESCE(r.sort_order,0), r.name;
2019-12-11T10:29:35+07:00 [2455] DEBUG sql - [User=Thassanat Atithep (Thassanant.a@vistec.ac.th)] MySql Query: SELECT s.*, l.timezone FROM schedules s INNER JOIN layouts l ON s.layout_id = l.layout_id ORDER BY s.name;
2019-12-11T10:29:35+07:00 [2455] DEBUG sql - [User=Thassanat Atithep (Thassanant.a@vistec.ac.th)] MySql Query: SELECT r.*, s.admin_group_id as s_admin_group_id,
		(SELECT GROUP_CONCAT(CONCAT(cav.custom_attribute_id, '=', cav.attribute_value) SEPARATOR "!sep!")
						FROM custom_attribute_values cav WHERE cav.entity_id = r.resource_id AND cav.attribute_category = 4) as attribute_list,
		(SELECT GROUP_CONCAT(rga.resource_group_id SEPARATOR "!sep!") FROM resource_group_assignment rga WHERE rga.resource_id = r.resource_id) AS group_list
		FROM resources r
		INNER JOIN schedules s ON r.schedule_id = s.schedule_id
		ORDER BY COALESCE(r.sort_order,0), r.name;
2019-12-11T10:29:35+07:00 [2455] DEBUG sql - [User=Thassanat Atithep (Thassanant.a@vistec.ac.th)] MySql Query: SELECT COUNT(*) as total FROM (SELECT bi.*, r.resource_id, r.name, u.*, bs.description, bs.title, bs.repeat_type, bs.repeat_options, schedules.schedule_id
					FROM blackout_instances bi
					INNER JOIN blackout_series bs ON bi.blackout_series_id = bs.blackout_series_id
					INNER JOIN blackout_series_resources bsr ON  bi.blackout_series_id = bsr.blackout_series_id
					INNER JOIN resources r on bsr.resource_id = r.resource_id
					INNER JOIN schedules on r.schedule_id = schedules.schedule_id
					INNER JOIN users u ON u.user_id = bs.owner_id
		 WHERE 1=1 AND ( r.resource_id = '25' ) ORDER BY bi.start_date DESC) results;
2019-12-11T10:29:35+07:00 [2455] DEBUG sql - [User=Thassanat Atithep (Thassanant.a@vistec.ac.th)] MySql Query: SELECT bi.*, r.resource_id, r.name, u.*, bs.description, bs.title, bs.repeat_type, bs.repeat_options, schedules.schedule_id
					FROM blackout_instances bi
					INNER JOIN blackout_series bs ON bi.blackout_series_id = bs.blackout_series_id
					INNER JOIN blackout_series_resources bsr ON  bi.blackout_series_id = bsr.blackout_series_id
					INNER JOIN resources r on bsr.resource_id = r.resource_id
					INNER JOIN schedules on r.schedule_id = schedules.schedule_id
					INNER JOIN users u ON u.user_id = bs.owner_id
		 WHERE 1=1 AND ( r.resource_id = '25' ) ORDER BY bi.start_date DESC LIMIT 20 OFFSET 0;
2019-12-11T15:33:23+07:00 [17595] DEBUG sql - [User=Surapoj Sanram (surapoj.s@vistec.ac.th)] MySql Query: SELECT a.*,
				(SELECT GROUP_CONCAT(e.entity_id SEPARATOR "!sep!")
							FROM custom_attribute_entities e WHERE e.custom_attribute_id = a.custom_attribute_id ORDER BY e.entity_id) as entity_ids,
				CASE
				WHEN a.attribute_category = 2 THEN (SELECT GROUP_CONCAT(CONCAT(u.fname, " ", u.lname) SEPARATOR "!sep!")
													FROM users u INNER JOIN custom_attribute_entities e
													WHERE e.custom_attribute_id = a.custom_attribute_id AND u.user_id = e.entity_id ORDER BY e.entity_id)
				WHEN a.attribute_category = 4 THEN (SELECT GROUP_CONCAT(r.name SEPARATOR "!sep!")
													FROM resources r INNER JOIN custom_attribute_entities e
													WHERE e.custom_attribute_id = a.custom_attribute_id AND r.resource_id = e.entity_id ORDER BY e.entity_id)
				WHEN a.attribute_category = 5  THEN (SELECT GROUP_CONCAT(rt.resource_type_name SEPARATOR "!sep!")
													FROM resource_types rt INNER JOIN custom_attribute_entities e
													WHERE e.custom_attribute_id = a.custom_attribute_id AND rt.resource_type_id = e.entity_id ORDER BY e.entity_id)
				ELSE null
				END as entity_descriptions,
				CASE
				WHEN a.secondary_category = 2 THEN (SELECT GROUP_CONCAT(CONCAT( fname, " ", lname ) SEPARATOR  "!sep!" ) FROM users WHERE FIND_IN_SET( user_id, a.secondary_entity_ids ))
				WHEN a.secondary_category = 4 THEN (SELECT GROUP_CONCAT(name SEPARATOR  "!sep!" ) FROM resources WHERE FIND_IN_SET( resource_id, a.secondary_entity_ids ))
				WHEN a.secondary_category = 5 THEN (SELECT GROUP_CONCAT(resource_type_name SEPARATOR  "!sep!" ) FROM resource_types WHERE FIND_IN_SET( resource_type_id, a.secondary_entity_ids ))
				ELSE null
				END as secondary_entity_descriptions
				FROM custom_attributes a WHERE a.attribute_category = '4' ORDER BY a.sort_order, a.display_label;
2019-12-11T15:33:23+07:00 [17595] DEBUG sql - [User=Surapoj Sanram (surapoj.s@vistec.ac.th)] MySql Query: SELECT COUNT(*) as total FROM (SELECT r.*, s.admin_group_id as s_admin_group_id,
		(SELECT GROUP_CONCAT(CONCAT(cav.custom_attribute_id, '=', cav.attribute_value) SEPARATOR "!sep!")
						FROM custom_attribute_values cav WHERE cav.entity_id = r.resource_id AND cav.attribute_category = 4) as attribute_list,
		(SELECT GROUP_CONCAT(rga.resource_group_id SEPARATOR "!sep!") FROM resource_group_assignment rga WHERE rga.resource_id = r.resource_id) AS group_list
		FROM resources r
		INNER JOIN schedules s ON r.schedule_id = s.schedule_id
		 WHERE 1=1 ORDER BY COALESCE(r.sort_order,0), r.name) results;
2019-12-11T15:33:23+07:00 [17595] DEBUG sql - [User=Surapoj Sanram (surapoj.s@vistec.ac.th)] MySql Query: SELECT r.*, s.admin_group_id as s_admin_group_id,
		(SELECT GROUP_CONCAT(CONCAT(cav.custom_attribute_id, '=', cav.attribute_value) SEPARATOR "!sep!")
						FROM custom_attribute_values cav WHERE cav.entity_id = r.resource_id AND cav.attribute_category = 4) as attribute_list,
		(SELECT GROUP_CONCAT(rga.resource_group_id SEPARATOR "!sep!") FROM resource_group_assignment rga WHERE rga.resource_id = r.resource_id) AS group_list
		FROM resources r
		INNER JOIN schedules s ON r.schedule_id = s.schedule_id
		 WHERE 1=1 ORDER BY COALESCE(r.sort_order,0), r.name LIMIT 10 OFFSET 0;
2019-12-11T15:33:23+07:00 [17595] DEBUG sql - [User=Surapoj Sanram (surapoj.s@vistec.ac.th)] MySql Query: SELECT s.*, l.timezone FROM schedules s INNER JOIN layouts l ON s.layout_id = l.layout_id ORDER BY s.name;
2019-12-11T15:33:23+07:00 [17595] DEBUG sql - [User=Surapoj Sanram (surapoj.s@vistec.ac.th)] MySql Query: SELECT *,
			(SELECT GROUP_CONCAT(CONCAT(cav.custom_attribute_id, '=', cav.attribute_value) SEPARATOR "!sep!")
							FROM custom_attribute_values cav INNER JOIN custom_attribute_entities cae on cav.custom_attribute_id = cae.custom_attribute_id
							WHERE cav.entity_id = r.resource_type_id AND cav.attribute_category = 5) as attribute_list
							FROM resource_types r;
2019-12-11T15:33:23+07:00 [17595] DEBUG sql - [User=Surapoj Sanram (surapoj.s@vistec.ac.th)] MySql Query: SELECT * FROM resource_status_reasons;
2019-12-11T15:33:23+07:00 [17595] DEBUG sql - [User=Surapoj Sanram (surapoj.s@vistec.ac.th)] MySql Query: SELECT g.*
		FROM groups g
		INNER JOIN group_roles gr ON g.group_id = gr.group_id
		INNER JOIN roles r ON r.role_id = gr.role_id
		WHERE r.role_level = '3'
		ORDER BY g.name;
2019-12-11T15:33:23+07:00 [17595] DEBUG sql - [User=Surapoj Sanram (surapoj.s@vistec.ac.th)] MySql Query: SELECT * FROM resource_groups ORDER BY parent_id, resource_group_name;
2019-12-11T15:33:23+07:00 [17595] DEBUG sql - [User=Surapoj Sanram (surapoj.s@vistec.ac.th)] MySql Query: SELECT r.*, a.resource_group_id
		FROM resource_group_assignment a
		INNER JOIN resources r ON r.resource_id = a.resource_id
		WHERE (-1 = '-1' OR r.schedule_id = '-1')
		ORDER BY COALESCE(r.sort_order,0), r.name;
2019-12-11T15:33:23+07:00 [17595] DEBUG sql - [User=Surapoj Sanram (surapoj.s@vistec.ac.th)] MySql Query: SELECT r.*, s.admin_group_id as s_admin_group_id,
		(SELECT GROUP_CONCAT(CONCAT(cav.custom_attribute_id, '=', cav.attribute_value) SEPARATOR "!sep!")
						FROM custom_attribute_values cav WHERE cav.entity_id = r.resource_id AND cav.attribute_category = 4) as attribute_list,
		(SELECT GROUP_CONCAT(rga.resource_group_id SEPARATOR "!sep!") FROM resource_group_assignment rga WHERE rga.resource_id = r.resource_id) AS group_list
		FROM resources r
		INNER JOIN schedules s ON r.schedule_id = s.schedule_id
		 WHERE 1=1 ORDER BY COALESCE(r.sort_order,0), r.name;
2019-12-11T15:33:35+07:00 [17598] DEBUG sql - [User=Surapoj Sanram (surapoj.s@vistec.ac.th)] MySql Query: SELECT a.*,
				(SELECT GROUP_CONCAT(e.entity_id SEPARATOR "!sep!")
							FROM custom_attribute_entities e WHERE e.custom_attribute_id = a.custom_attribute_id ORDER BY e.entity_id) as entity_ids,
				CASE
				WHEN a.attribute_category = 2 THEN (SELECT GROUP_CONCAT(CONCAT(u.fname, " ", u.lname) SEPARATOR "!sep!")
													FROM users u INNER JOIN custom_attribute_entities e
													WHERE e.custom_attribute_id = a.custom_attribute_id AND u.user_id = e.entity_id ORDER BY e.entity_id)
				WHEN a.attribute_category = 4 THEN (SELECT GROUP_CONCAT(r.name SEPARATOR "!sep!")
													FROM resources r INNER JOIN custom_attribute_entities e
													WHERE e.custom_attribute_id = a.custom_attribute_id AND r.resource_id = e.entity_id ORDER BY e.entity_id)
				WHEN a.attribute_category = 5  THEN (SELECT GROUP_CONCAT(rt.resource_type_name SEPARATOR "!sep!")
													FROM resource_types rt INNER JOIN custom_attribute_entities e
													WHERE e.custom_attribute_id = a.custom_attribute_id AND rt.resource_type_id = e.entity_id ORDER BY e.entity_id)
				ELSE null
				END as entity_descriptions,
				CASE
				WHEN a.secondary_category = 2 THEN (SELECT GROUP_CONCAT(CONCAT( fname, " ", lname ) SEPARATOR  "!sep!" ) FROM users WHERE FIND_IN_SET( user_id, a.secondary_entity_ids ))
				WHEN a.secondary_category = 4 THEN (SELECT GROUP_CONCAT(name SEPARATOR  "!sep!" ) FROM resources WHERE FIND_IN_SET( resource_id, a.secondary_entity_ids ))
				WHEN a.secondary_category = 5 THEN (SELECT GROUP_CONCAT(resource_type_name SEPARATOR  "!sep!" ) FROM resource_types WHERE FIND_IN_SET( resource_type_id, a.secondary_entity_ids ))
				ELSE null
				END as secondary_entity_descriptions
				FROM custom_attributes a WHERE a.attribute_category = '4' ORDER BY a.sort_order, a.display_label;
2019-12-11T15:33:35+07:00 [17598] DEBUG sql - [User=Surapoj Sanram (surapoj.s@vistec.ac.th)] MySql Query: SELECT COUNT(*) as total FROM (SELECT r.*, s.admin_group_id as s_admin_group_id,
		(SELECT GROUP_CONCAT(CONCAT(cav.custom_attribute_id, '=', cav.attribute_value) SEPARATOR "!sep!")
						FROM custom_attribute_values cav WHERE cav.entity_id = r.resource_id AND cav.attribute_category = 4) as attribute_list,
		(SELECT GROUP_CONCAT(rga.resource_group_id SEPARATOR "!sep!") FROM resource_group_assignment rga WHERE rga.resource_id = r.resource_id) AS group_list
		FROM resources r
		INNER JOIN schedules s ON r.schedule_id = s.schedule_id
		 WHERE 1=1 AND ( r.resource_type_id = '1' ) ORDER BY COALESCE(r.sort_order,0), r.name) results;
2019-12-11T15:33:35+07:00 [17598] DEBUG sql - [User=Surapoj Sanram (surapoj.s@vistec.ac.th)] MySql Query: SELECT r.*, s.admin_group_id as s_admin_group_id,
		(SELECT GROUP_CONCAT(CONCAT(cav.custom_attribute_id, '=', cav.attribute_value) SEPARATOR "!sep!")
						FROM custom_attribute_values cav WHERE cav.entity_id = r.resource_id AND cav.attribute_category = 4) as attribute_list,
		(SELECT GROUP_CONCAT(rga.resource_group_id SEPARATOR "!sep!") FROM resource_group_assignment rga WHERE rga.resource_id = r.resource_id) AS group_list
		FROM resources r
		INNER JOIN schedules s ON r.schedule_id = s.schedule_id
		 WHERE 1=1 AND ( r.resource_type_id = '1' ) ORDER BY COALESCE(r.sort_order,0), r.name LIMIT 10 OFFSET 0;
2019-12-11T15:33:35+07:00 [17598] DEBUG sql - [User=Surapoj Sanram (surapoj.s@vistec.ac.th)] MySql Query: SELECT s.*, l.timezone FROM schedules s INNER JOIN layouts l ON s.layout_id = l.layout_id ORDER BY s.name;
2019-12-11T15:33:35+07:00 [17598] DEBUG sql - [User=Surapoj Sanram (surapoj.s@vistec.ac.th)] MySql Query: SELECT *,
			(SELECT GROUP_CONCAT(CONCAT(cav.custom_attribute_id, '=', cav.attribute_value) SEPARATOR "!sep!")
							FROM custom_attribute_values cav INNER JOIN custom_attribute_entities cae on cav.custom_attribute_id = cae.custom_attribute_id
							WHERE cav.entity_id = r.resource_type_id AND cav.attribute_category = 5) as attribute_list
							FROM resource_types r;
2019-12-11T15:33:35+07:00 [17598] DEBUG sql - [User=Surapoj Sanram (surapoj.s@vistec.ac.th)] MySql Query: SELECT * FROM resource_status_reasons;
2019-12-11T15:33:35+07:00 [17598] DEBUG sql - [User=Surapoj Sanram (surapoj.s@vistec.ac.th)] MySql Query: SELECT g.*
		FROM groups g
		INNER JOIN group_roles gr ON g.group_id = gr.group_id
		INNER JOIN roles r ON r.role_id = gr.role_id
		WHERE r.role_level = '3'
		ORDER BY g.name;
2019-12-11T15:33:35+07:00 [17598] DEBUG sql - [User=Surapoj Sanram (surapoj.s@vistec.ac.th)] MySql Query: SELECT * FROM resource_groups ORDER BY parent_id, resource_group_name;
2019-12-11T15:33:35+07:00 [17598] DEBUG sql - [User=Surapoj Sanram (surapoj.s@vistec.ac.th)] MySql Query: SELECT r.*, a.resource_group_id
		FROM resource_group_assignment a
		INNER JOIN resources r ON r.resource_id = a.resource_id
		WHERE (-1 = '-1' OR r.schedule_id = '-1')
		ORDER BY COALESCE(r.sort_order,0), r.name;
2019-12-11T15:33:35+07:00 [17598] DEBUG sql - [User=Surapoj Sanram (surapoj.s@vistec.ac.th)] MySql Query: SELECT r.*, s.admin_group_id as s_admin_group_id,
		(SELECT GROUP_CONCAT(CONCAT(cav.custom_attribute_id, '=', cav.attribute_value) SEPARATOR "!sep!")
						FROM custom_attribute_values cav WHERE cav.entity_id = r.resource_id AND cav.attribute_category = 4) as attribute_list,
		(SELECT GROUP_CONCAT(rga.resource_group_id SEPARATOR "!sep!") FROM resource_group_assignment rga WHERE rga.resource_id = r.resource_id) AS group_list
		FROM resources r
		INNER JOIN schedules s ON r.schedule_id = s.schedule_id
		 WHERE 1=1 ORDER BY COALESCE(r.sort_order,0), r.name;
2019-12-11T15:33:39+07:00 [2455] DEBUG sql - [User=Surapoj Sanram (surapoj.s@vistec.ac.th)] MySql Query: SELECT
				u.*
			FROM
				user_resource_permissions urp, resources r, users u
			WHERE
				r.resource_id = '25' AND r.resource_id = urp.resource_id AND u.user_id = urp.user_id AND u.status_id = '1';
2019-12-11T15:34:17+07:00 [17595] DEBUG sql - [User=Surapoj Sanram (surapoj.s@vistec.ac.th)] MySql Query: SELECT
				u.*
			FROM
				user_resource_permissions urp, resources r, users u
			WHERE
				r.resource_id = '19' AND r.resource_id = urp.resource_id AND u.user_id = urp.user_id AND u.status_id = '1';
2019-12-11T15:34:40+07:00 [17598] DEBUG sql - [User=Surapoj Sanram (surapoj.s@vistec.ac.th)] MySql Query: SELECT
				u.*
			FROM
				user_resource_permissions urp, resources r, users u
			WHERE
				r.resource_id = '10' AND r.resource_id = urp.resource_id AND u.user_id = urp.user_id AND u.status_id = '1';
