2019-04-22T11:13:38+07:00 [23803] DEBUG sql - [User=Admin A. (ratchawan.j@vistec.ac.th)] MySql Query: SELECT COUNT(*) as total FROM (SELECT u.*, pt.name AS position_name,
			(SELECT GROUP_CONCAT(CONCAT(p.name, "=", p.value) SEPARATOR "!sep!")
						FROM user_preferences p WHERE u.user_id = p.user_id) as preferences,
			(SELECT GROUP_CONCAT(CONCAT(cav.custom_attribute_id, '=', cav.attribute_value) SEPARATOR "!sep!")
						FROM custom_attribute_values cav WHERE cav.entity_id = u.user_id AND cav.attribute_category = 2) as attribute_list,
            (SELECT GROUP_CONCAT(ug.group_id SEPARATOR "!sep!")
                        FROM user_groups ug WHERE ug.user_id = u.user_id) as group_ids
			FROM users u
			LEFT JOIN positions pt ON pt.position_id = u.position_id 
			WHERE (0 = '0' OR status_id = '0') ORDER BY lname, fname) results;
2019-04-22T11:13:38+07:00 [23803] DEBUG sql - [User=Admin A. (ratchawan.j@vistec.ac.th)] MySql Query: SELECT u.*, pt.name AS position_name,
			(SELECT GROUP_CONCAT(CONCAT(p.name, "=", p.value) SEPARATOR "!sep!")
						FROM user_preferences p WHERE u.user_id = p.user_id) as preferences,
			(SELECT GROUP_CONCAT(CONCAT(cav.custom_attribute_id, '=', cav.attribute_value) SEPARATOR "!sep!")
						FROM custom_attribute_values cav WHERE cav.entity_id = u.user_id AND cav.attribute_category = 2) as attribute_list,
            (SELECT GROUP_CONCAT(ug.group_id SEPARATOR "!sep!")
                        FROM user_groups ug WHERE ug.user_id = u.user_id) as group_ids
			FROM users u
			LEFT JOIN positions pt ON pt.position_id = u.position_id 
			WHERE (0 = '0' OR status_id = '0') ORDER BY lname, fname LIMIT 20 OFFSET 0;
2019-04-22T11:13:38+07:00 [23803] DEBUG sql - [User=Admin A. (ratchawan.j@vistec.ac.th)] MySql Query: SELECT g.*, admin_group.name as admin_group_name
		FROM groups g
		LEFT JOIN groups admin_group ON g.admin_group_id = admin_group.group_id
		ORDER BY g.name;
2019-04-22T11:13:38+07:00 [23803] DEBUG sql - [User=Admin A. (ratchawan.j@vistec.ac.th)] MySql Query: SELECT u.*, p.name AS position_name FROM users u 
		LEFT JOIN positions p ON p.position_id = u.position_id
		WHERE u.user_id = '547';
2019-04-22T11:13:38+07:00 [23803] DEBUG sql - [User=Admin A. (ratchawan.j@vistec.ac.th)] MySql Query: SELECT * FROM user_email_preferences WHERE user_id = '547';
2019-04-22T11:13:38+07:00 [23803] DEBUG sql - [User=Admin A. (ratchawan.j@vistec.ac.th)] MySql Query: SELECT
			urp.user_id, r.resource_id, r.name
		FROM
			user_resource_permissions urp, resources r
		WHERE
			urp.user_id = '547' AND r.resource_id = urp.resource_id;
2019-04-22T11:13:38+07:00 [23803] DEBUG sql - [User=Admin A. (ratchawan.j@vistec.ac.th)] MySql Query: SELECT g.*, r.role_level
		FROM user_groups ug
		INNER JOIN groups g ON ug.group_id = g.group_id
		LEFT JOIN group_roles gr ON ug.group_id = gr.group_id
		LEFT JOIN roles r ON gr.role_id = r.role_id
		WHERE user_id = '547' AND (null is null OR r.role_level IN (null) );
2019-04-22T11:13:38+07:00 [23803] DEBUG sql - [User=Admin A. (ratchawan.j@vistec.ac.th)] MySql Query: SELECT cav.*, ca.display_label
		FROM custom_attribute_values cav
		INNER JOIN custom_attributes ca ON ca.custom_attribute_id = cav.custom_attribute_id
		WHERE cav.attribute_category = '2' AND cav.entity_id = '547';
2019-04-22T11:13:38+07:00 [23803] DEBUG sql - [User=Admin A. (ratchawan.j@vistec.ac.th)] MySql Query: SELECT name, value FROM user_preferences WHERE user_id = '547';
2019-04-22T11:13:38+07:00 [23803] DEBUG sql - [User=Admin A. (ratchawan.j@vistec.ac.th)] MySql Query: SELECT r.*, s.admin_group_id as s_admin_group_id,
		(SELECT GROUP_CONCAT(CONCAT(cav.custom_attribute_id, '=', cav.attribute_value) SEPARATOR "!sep!")
						FROM custom_attribute_values cav WHERE cav.entity_id = r.resource_id AND cav.attribute_category = 4) as attribute_list,
		(SELECT GROUP_CONCAT(rga.resource_group_id SEPARATOR "!sep!") FROM resource_group_assignment rga WHERE rga.resource_id = r.resource_id) AS group_list
		FROM resources r
		INNER JOIN schedules s ON r.schedule_id = s.schedule_id
		ORDER BY COALESCE(r.sort_order,0), r.name;
2019-04-22T11:13:38+07:00 [23803] DEBUG sql - [User=Admin A. (ratchawan.j@vistec.ac.th)] MySql Query: SELECT a.*,
				(SELECT GROUP_CONCAT(e.entity_id SEPARATOR "!sep!")
							FROM custom_attribute_entities e WHERE e.custom_attribute_id = a.custom_attribute_id ORDER BY e.entity_id) as entity_ids,
				CASE
				WHEN a.attribute_category = 2 THEN (SELECT GROUP_CONCAT(CONCAT(u.fname, " ", u.lname) SEPARATOR "!sep!")
													FROM users u INNER JOIN custom_attribute_entities e
													WHERE e.custom_attribute_id = a.custom_attribute_id AND u.user_id = e.entity_id ORDER BY e.entity_id)
				WHEN a.attribute_category = 4 THEN (SELECT GROUP_CONCAT(r.name SEPARATOR "!sep!")
													FROM resources r INNER JOIN custom_attribute_entities e
													WHERE e.custom_attribute_id = a.custom_attribute_id AND r.resource_id = e.entity_id ORDER BY e.entity_id)
				WHEN a.attribute_category = 5  THEN (SELECT GROUP_CONCAT(rt.resource_type_name SEPARATOR "!sep!")
													FROM resource_types rt INNER JOIN custom_attribute_entities e
													WHERE e.custom_attribute_id = a.custom_attribute_id AND rt.resource_type_id = e.entity_id ORDER BY e.entity_id)
				ELSE null
				END as entity_descriptions,
				CASE
				WHEN a.secondary_category = 2 THEN (SELECT GROUP_CONCAT(CONCAT( fname, " ", lname ) SEPARATOR  "!sep!" ) FROM users WHERE FIND_IN_SET( user_id, a.secondary_entity_ids ))
				WHEN a.secondary_category = 4 THEN (SELECT GROUP_CONCAT(name SEPARATOR  "!sep!" ) FROM resources WHERE FIND_IN_SET( resource_id, a.secondary_entity_ids ))
				WHEN a.secondary_category = 5 THEN (SELECT GROUP_CONCAT(resource_type_name SEPARATOR  "!sep!" ) FROM resource_types WHERE FIND_IN_SET( resource_type_id, a.secondary_entity_ids ))
				ELSE null
				END as secondary_entity_descriptions
				FROM custom_attributes a WHERE a.attribute_category = '2' ORDER BY a.sort_order, a.display_label;
2019-04-22T11:13:38+07:00 [23803] DEBUG sql - [User=Admin A. (ratchawan.j@vistec.ac.th)] MySql Query: SELECT * FROM positions
		ORDER BY name;
2019-04-22T11:16:00+07:00 [6290] DEBUG sql - [User=Admin A. (ratchawan.j@vistec.ac.th)] MySql Query: SELECT COUNT(*) as total FROM (SELECT u.*, pt.name AS position_name,
			(SELECT GROUP_CONCAT(CONCAT(p.name, "=", p.value) SEPARATOR "!sep!")
						FROM user_preferences p WHERE u.user_id = p.user_id) as preferences,
			(SELECT GROUP_CONCAT(CONCAT(cav.custom_attribute_id, '=', cav.attribute_value) SEPARATOR "!sep!")
						FROM custom_attribute_values cav WHERE cav.entity_id = u.user_id AND cav.attribute_category = 2) as attribute_list,
            (SELECT GROUP_CONCAT(ug.group_id SEPARATOR "!sep!")
                        FROM user_groups ug WHERE ug.user_id = u.user_id) as group_ids
			FROM users u
			LEFT JOIN positions pt ON pt.position_id = u.position_id 
			LEFT JOIN user_groups ugs ON ugs.user_id = u.user_id 
			WHERE (0 = '0' OR status_id = '0') AND ugs.group_id = '21' ORDER BY lname, fname) results;
2019-04-22T11:16:00+07:00 [6290] DEBUG sql - [User=Admin A. (ratchawan.j@vistec.ac.th)] MySql Query: SELECT u.*, pt.name AS position_name,
			(SELECT GROUP_CONCAT(CONCAT(p.name, "=", p.value) SEPARATOR "!sep!")
						FROM user_preferences p WHERE u.user_id = p.user_id) as preferences,
			(SELECT GROUP_CONCAT(CONCAT(cav.custom_attribute_id, '=', cav.attribute_value) SEPARATOR "!sep!")
						FROM custom_attribute_values cav WHERE cav.entity_id = u.user_id AND cav.attribute_category = 2) as attribute_list,
            (SELECT GROUP_CONCAT(ug.group_id SEPARATOR "!sep!")
                        FROM user_groups ug WHERE ug.user_id = u.user_id) as group_ids
			FROM users u
			LEFT JOIN positions pt ON pt.position_id = u.position_id 
			LEFT JOIN user_groups ugs ON ugs.user_id = u.user_id 
			WHERE (0 = '0' OR status_id = '0') AND ugs.group_id = '21' ORDER BY lname, fname LIMIT 20 OFFSET 0;
2019-04-22T11:16:00+07:00 [6290] DEBUG sql - [User=Admin A. (ratchawan.j@vistec.ac.th)] MySql Query: SELECT g.*, admin_group.name as admin_group_name
		FROM groups g
		LEFT JOIN groups admin_group ON g.admin_group_id = admin_group.group_id
		ORDER BY g.name;
2019-04-22T11:16:00+07:00 [6290] DEBUG sql - [User=Admin A. (ratchawan.j@vistec.ac.th)] MySql Query: SELECT u.*, p.name AS position_name FROM users u 
		LEFT JOIN positions p ON p.position_id = u.position_id
		WHERE u.user_id = '547';
2019-04-22T11:16:00+07:00 [6290] DEBUG sql - [User=Admin A. (ratchawan.j@vistec.ac.th)] MySql Query: SELECT * FROM user_email_preferences WHERE user_id = '547';
2019-04-22T11:16:00+07:00 [6290] DEBUG sql - [User=Admin A. (ratchawan.j@vistec.ac.th)] MySql Query: SELECT
			urp.user_id, r.resource_id, r.name
		FROM
			user_resource_permissions urp, resources r
		WHERE
			urp.user_id = '547' AND r.resource_id = urp.resource_id;
2019-04-22T11:16:00+07:00 [6290] DEBUG sql - [User=Admin A. (ratchawan.j@vistec.ac.th)] MySql Query: SELECT g.*, r.role_level
		FROM user_groups ug
		INNER JOIN groups g ON ug.group_id = g.group_id
		LEFT JOIN group_roles gr ON ug.group_id = gr.group_id
		LEFT JOIN roles r ON gr.role_id = r.role_id
		WHERE user_id = '547' AND (null is null OR r.role_level IN (null) );
2019-04-22T11:16:00+07:00 [6290] DEBUG sql - [User=Admin A. (ratchawan.j@vistec.ac.th)] MySql Query: SELECT cav.*, ca.display_label
		FROM custom_attribute_values cav
		INNER JOIN custom_attributes ca ON ca.custom_attribute_id = cav.custom_attribute_id
		WHERE cav.attribute_category = '2' AND cav.entity_id = '547';
2019-04-22T11:16:00+07:00 [6290] DEBUG sql - [User=Admin A. (ratchawan.j@vistec.ac.th)] MySql Query: SELECT name, value FROM user_preferences WHERE user_id = '547';
2019-04-22T11:16:00+07:00 [6290] DEBUG sql - [User=Admin A. (ratchawan.j@vistec.ac.th)] MySql Query: SELECT r.*, s.admin_group_id as s_admin_group_id,
		(SELECT GROUP_CONCAT(CONCAT(cav.custom_attribute_id, '=', cav.attribute_value) SEPARATOR "!sep!")
						FROM custom_attribute_values cav WHERE cav.entity_id = r.resource_id AND cav.attribute_category = 4) as attribute_list,
		(SELECT GROUP_CONCAT(rga.resource_group_id SEPARATOR "!sep!") FROM resource_group_assignment rga WHERE rga.resource_id = r.resource_id) AS group_list
		FROM resources r
		INNER JOIN schedules s ON r.schedule_id = s.schedule_id
		ORDER BY COALESCE(r.sort_order,0), r.name;
2019-04-22T11:16:00+07:00 [6290] DEBUG sql - [User=Admin A. (ratchawan.j@vistec.ac.th)] MySql Query: SELECT a.*,
				(SELECT GROUP_CONCAT(e.entity_id SEPARATOR "!sep!")
							FROM custom_attribute_entities e WHERE e.custom_attribute_id = a.custom_attribute_id ORDER BY e.entity_id) as entity_ids,
				CASE
				WHEN a.attribute_category = 2 THEN (SELECT GROUP_CONCAT(CONCAT(u.fname, " ", u.lname) SEPARATOR "!sep!")
													FROM users u INNER JOIN custom_attribute_entities e
													WHERE e.custom_attribute_id = a.custom_attribute_id AND u.user_id = e.entity_id ORDER BY e.entity_id)
				WHEN a.attribute_category = 4 THEN (SELECT GROUP_CONCAT(r.name SEPARATOR "!sep!")
													FROM resources r INNER JOIN custom_attribute_entities e
													WHERE e.custom_attribute_id = a.custom_attribute_id AND r.resource_id = e.entity_id ORDER BY e.entity_id)
				WHEN a.attribute_category = 5  THEN (SELECT GROUP_CONCAT(rt.resource_type_name SEPARATOR "!sep!")
													FROM resource_types rt INNER JOIN custom_attribute_entities e
													WHERE e.custom_attribute_id = a.custom_attribute_id AND rt.resource_type_id = e.entity_id ORDER BY e.entity_id)
				ELSE null
				END as entity_descriptions,
				CASE
				WHEN a.secondary_category = 2 THEN (SELECT GROUP_CONCAT(CONCAT( fname, " ", lname ) SEPARATOR  "!sep!" ) FROM users WHERE FIND_IN_SET( user_id, a.secondary_entity_ids ))
				WHEN a.secondary_category = 4 THEN (SELECT GROUP_CONCAT(name SEPARATOR  "!sep!" ) FROM resources WHERE FIND_IN_SET( resource_id, a.secondary_entity_ids ))
				WHEN a.secondary_category = 5 THEN (SELECT GROUP_CONCAT(resource_type_name SEPARATOR  "!sep!" ) FROM resource_types WHERE FIND_IN_SET( resource_type_id, a.secondary_entity_ids ))
				ELSE null
				END as secondary_entity_descriptions
				FROM custom_attributes a WHERE a.attribute_category = '2' ORDER BY a.sort_order, a.display_label;
2019-04-22T11:16:00+07:00 [6290] DEBUG sql - [User=Admin A. (ratchawan.j@vistec.ac.th)] MySql Query: SELECT * FROM positions
		ORDER BY name;
2019-04-22T12:32:59+07:00 [6290] DEBUG sql - [User=Admin A. (ratchawan.j@vistec.ac.th)] MySql Query: SELECT COUNT(*) as total FROM (SELECT a.*, 
			(SELECT GROUP_CONCAT(ag.group_id) FROM announcement_groups ag WHERE ag.announcementid = a.announcementid) as group_ids,
			(SELECT GROUP_CONCAT(ar.resource_id) FROM announcement_resources ar WHERE ar.announcementid = a.announcementid) as resource_ids
			FROM announcements a WHERE a.status_deleted != "1"  OR a.status_deleted IS NULL ORDER BY start_date DESC) results;
2019-04-22T12:32:59+07:00 [6290] DEBUG sql - [User=Admin A. (ratchawan.j@vistec.ac.th)] MySql Query: SELECT a.*, 
			(SELECT GROUP_CONCAT(ag.group_id) FROM announcement_groups ag WHERE ag.announcementid = a.announcementid) as group_ids,
			(SELECT GROUP_CONCAT(ar.resource_id) FROM announcement_resources ar WHERE ar.announcementid = a.announcementid) as resource_ids
			FROM announcements a WHERE a.status_deleted != "1"  OR a.status_deleted IS NULL ORDER BY start_date DESC LIMIT 20 OFFSET 0;
2019-04-22T12:32:59+07:00 [6290] DEBUG sql - [User=Admin A. (ratchawan.j@vistec.ac.th)] MySql Query: SELECT g.*, admin_group.name as admin_group_name
		FROM groups g
		LEFT JOIN groups admin_group ON g.admin_group_id = admin_group.group_id
		ORDER BY g.name;
2019-04-22T12:32:59+07:00 [6290] DEBUG sql - [User=Admin A. (ratchawan.j@vistec.ac.th)] MySql Query: SELECT r.*, s.admin_group_id as s_admin_group_id,
		(SELECT GROUP_CONCAT(CONCAT(cav.custom_attribute_id, '=', cav.attribute_value) SEPARATOR "!sep!")
						FROM custom_attribute_values cav WHERE cav.entity_id = r.resource_id AND cav.attribute_category = 4) as attribute_list,
		(SELECT GROUP_CONCAT(rga.resource_group_id SEPARATOR "!sep!") FROM resource_group_assignment rga WHERE rga.resource_id = r.resource_id) AS group_list
		FROM resources r
		INNER JOIN schedules s ON r.schedule_id = s.schedule_id
		ORDER BY COALESCE(r.sort_order,0), r.name;
2019-04-22T12:55:36+07:00 [10313] DEBUG sql - [User=Admin A. (ratchawan.j@vistec.ac.th)] MySql Query: SELECT s.*, l.timezone FROM schedules s INNER JOIN layouts l ON s.layout_id = l.layout_id ORDER BY s.name;
2019-04-22T12:55:36+07:00 [10313] DEBUG sql - [User=Admin A. (ratchawan.j@vistec.ac.th)] MySql Query: SELECT r.*, s.admin_group_id as s_admin_group_id,
		(SELECT GROUP_CONCAT(CONCAT(cav.custom_attribute_id, '=', cav.attribute_value) SEPARATOR "!sep!")
						FROM custom_attribute_values cav WHERE cav.entity_id = r.resource_id AND cav.attribute_category = 4) as attribute_list,
		(SELECT GROUP_CONCAT(rga.resource_group_id SEPARATOR "!sep!") FROM resource_group_assignment rga WHERE rga.resource_id = r.resource_id) AS group_list
		FROM resources r
		INNER JOIN schedules s ON r.schedule_id = s.schedule_id
		ORDER BY COALESCE(r.sort_order,0), r.name;
2019-04-22T12:55:36+07:00 [10313] DEBUG sql - [User=Admin A. (ratchawan.j@vistec.ac.th)] MySql Query: SELECT COUNT(*) as total FROM (SELECT bi.*, r.resource_id, r.name, u.*, bs.description, bs.title, bs.repeat_type, bs.repeat_options, schedules.schedule_id
					FROM blackout_instances bi
					INNER JOIN blackout_series bs ON bi.blackout_series_id = bs.blackout_series_id
					INNER JOIN blackout_series_resources bsr ON  bi.blackout_series_id = bsr.blackout_series_id
					INNER JOIN resources r on bsr.resource_id = r.resource_id
					INNER JOIN schedules on r.schedule_id = schedules.schedule_id
					INNER JOIN users u ON u.user_id = bs.owner_id
		 WHERE 1=1 ORDER BY bi.start_date DESC) results;
2019-04-22T12:55:36+07:00 [10313] DEBUG sql - [User=Admin A. (ratchawan.j@vistec.ac.th)] MySql Query: SELECT bi.*, r.resource_id, r.name, u.*, bs.description, bs.title, bs.repeat_type, bs.repeat_options, schedules.schedule_id
					FROM blackout_instances bi
					INNER JOIN blackout_series bs ON bi.blackout_series_id = bs.blackout_series_id
					INNER JOIN blackout_series_resources bsr ON  bi.blackout_series_id = bsr.blackout_series_id
					INNER JOIN resources r on bsr.resource_id = r.resource_id
					INNER JOIN schedules on r.schedule_id = schedules.schedule_id
					INNER JOIN users u ON u.user_id = bs.owner_id
		 WHERE 1=1 ORDER BY bi.start_date DESC LIMIT 20 OFFSET 0;
2019-04-22T12:58:35+07:00 [6290] DEBUG sql - [User=Admin A. (ratchawan.j@vistec.ac.th)] MySql Query: SELECT COUNT(*) as total FROM (SELECT u.*, pt.name AS position_name,
			(SELECT GROUP_CONCAT(CONCAT(p.name, "=", p.value) SEPARATOR "!sep!")
						FROM user_preferences p WHERE u.user_id = p.user_id) as preferences,
			(SELECT GROUP_CONCAT(CONCAT(cav.custom_attribute_id, '=', cav.attribute_value) SEPARATOR "!sep!")
						FROM custom_attribute_values cav WHERE cav.entity_id = u.user_id AND cav.attribute_category = 2) as attribute_list,
            (SELECT GROUP_CONCAT(ug.group_id SEPARATOR "!sep!")
                        FROM user_groups ug WHERE ug.user_id = u.user_id) as group_ids
			FROM users u
			LEFT JOIN positions pt ON pt.position_id = u.position_id 
			WHERE (0 = '0' OR status_id = '0') ORDER BY lname, fname) results;
2019-04-22T12:58:35+07:00 [6290] DEBUG sql - [User=Admin A. (ratchawan.j@vistec.ac.th)] MySql Query: SELECT u.*, pt.name AS position_name,
			(SELECT GROUP_CONCAT(CONCAT(p.name, "=", p.value) SEPARATOR "!sep!")
						FROM user_preferences p WHERE u.user_id = p.user_id) as preferences,
			(SELECT GROUP_CONCAT(CONCAT(cav.custom_attribute_id, '=', cav.attribute_value) SEPARATOR "!sep!")
						FROM custom_attribute_values cav WHERE cav.entity_id = u.user_id AND cav.attribute_category = 2) as attribute_list,
            (SELECT GROUP_CONCAT(ug.group_id SEPARATOR "!sep!")
                        FROM user_groups ug WHERE ug.user_id = u.user_id) as group_ids
			FROM users u
			LEFT JOIN positions pt ON pt.position_id = u.position_id 
			WHERE (0 = '0' OR status_id = '0') ORDER BY lname, fname LIMIT 20 OFFSET 0;
2019-04-22T12:58:35+07:00 [6290] DEBUG sql - [User=Admin A. (ratchawan.j@vistec.ac.th)] MySql Query: SELECT g.*, admin_group.name as admin_group_name
		FROM groups g
		LEFT JOIN groups admin_group ON g.admin_group_id = admin_group.group_id
		ORDER BY g.name;
2019-04-22T12:58:35+07:00 [6290] DEBUG sql - [User=Admin A. (ratchawan.j@vistec.ac.th)] MySql Query: SELECT u.*, p.name AS position_name FROM users u 
		LEFT JOIN positions p ON p.position_id = u.position_id
		WHERE u.user_id = '547';
2019-04-22T12:58:35+07:00 [6290] DEBUG sql - [User=Admin A. (ratchawan.j@vistec.ac.th)] MySql Query: SELECT * FROM user_email_preferences WHERE user_id = '547';
2019-04-22T12:58:35+07:00 [6290] DEBUG sql - [User=Admin A. (ratchawan.j@vistec.ac.th)] MySql Query: SELECT
			urp.user_id, r.resource_id, r.name
		FROM
			user_resource_permissions urp, resources r
		WHERE
			urp.user_id = '547' AND r.resource_id = urp.resource_id;
2019-04-22T12:58:35+07:00 [6290] DEBUG sql - [User=Admin A. (ratchawan.j@vistec.ac.th)] MySql Query: SELECT g.*, r.role_level
		FROM user_groups ug
		INNER JOIN groups g ON ug.group_id = g.group_id
		LEFT JOIN group_roles gr ON ug.group_id = gr.group_id
		LEFT JOIN roles r ON gr.role_id = r.role_id
		WHERE user_id = '547' AND (null is null OR r.role_level IN (null) );
2019-04-22T12:58:35+07:00 [6290] DEBUG sql - [User=Admin A. (ratchawan.j@vistec.ac.th)] MySql Query: SELECT cav.*, ca.display_label
		FROM custom_attribute_values cav
		INNER JOIN custom_attributes ca ON ca.custom_attribute_id = cav.custom_attribute_id
		WHERE cav.attribute_category = '2' AND cav.entity_id = '547';
2019-04-22T12:58:35+07:00 [6290] DEBUG sql - [User=Admin A. (ratchawan.j@vistec.ac.th)] MySql Query: SELECT name, value FROM user_preferences WHERE user_id = '547';
2019-04-22T12:58:35+07:00 [6290] DEBUG sql - [User=Admin A. (ratchawan.j@vistec.ac.th)] MySql Query: SELECT r.*, s.admin_group_id as s_admin_group_id,
		(SELECT GROUP_CONCAT(CONCAT(cav.custom_attribute_id, '=', cav.attribute_value) SEPARATOR "!sep!")
						FROM custom_attribute_values cav WHERE cav.entity_id = r.resource_id AND cav.attribute_category = 4) as attribute_list,
		(SELECT GROUP_CONCAT(rga.resource_group_id SEPARATOR "!sep!") FROM resource_group_assignment rga WHERE rga.resource_id = r.resource_id) AS group_list
		FROM resources r
		INNER JOIN schedules s ON r.schedule_id = s.schedule_id
		ORDER BY COALESCE(r.sort_order,0), r.name;
2019-04-22T12:58:35+07:00 [6290] DEBUG sql - [User=Admin A. (ratchawan.j@vistec.ac.th)] MySql Query: SELECT a.*,
				(SELECT GROUP_CONCAT(e.entity_id SEPARATOR "!sep!")
							FROM custom_attribute_entities e WHERE e.custom_attribute_id = a.custom_attribute_id ORDER BY e.entity_id) as entity_ids,
				CASE
				WHEN a.attribute_category = 2 THEN (SELECT GROUP_CONCAT(CONCAT(u.fname, " ", u.lname) SEPARATOR "!sep!")
													FROM users u INNER JOIN custom_attribute_entities e
													WHERE e.custom_attribute_id = a.custom_attribute_id AND u.user_id = e.entity_id ORDER BY e.entity_id)
				WHEN a.attribute_category = 4 THEN (SELECT GROUP_CONCAT(r.name SEPARATOR "!sep!")
													FROM resources r INNER JOIN custom_attribute_entities e
													WHERE e.custom_attribute_id = a.custom_attribute_id AND r.resource_id = e.entity_id ORDER BY e.entity_id)
				WHEN a.attribute_category = 5  THEN (SELECT GROUP_CONCAT(rt.resource_type_name SEPARATOR "!sep!")
													FROM resource_types rt INNER JOIN custom_attribute_entities e
													WHERE e.custom_attribute_id = a.custom_attribute_id AND rt.resource_type_id = e.entity_id ORDER BY e.entity_id)
				ELSE null
				END as entity_descriptions,
				CASE
				WHEN a.secondary_category = 2 THEN (SELECT GROUP_CONCAT(CONCAT( fname, " ", lname ) SEPARATOR  "!sep!" ) FROM users WHERE FIND_IN_SET( user_id, a.secondary_entity_ids ))
				WHEN a.secondary_category = 4 THEN (SELECT GROUP_CONCAT(name SEPARATOR  "!sep!" ) FROM resources WHERE FIND_IN_SET( resource_id, a.secondary_entity_ids ))
				WHEN a.secondary_category = 5 THEN (SELECT GROUP_CONCAT(resource_type_name SEPARATOR  "!sep!" ) FROM resource_types WHERE FIND_IN_SET( resource_type_id, a.secondary_entity_ids ))
				ELSE null
				END as secondary_entity_descriptions
				FROM custom_attributes a WHERE a.attribute_category = '2' ORDER BY a.sort_order, a.display_label;
2019-04-22T12:58:35+07:00 [6290] DEBUG sql - [User=Admin A. (ratchawan.j@vistec.ac.th)] MySql Query: SELECT * FROM positions
		ORDER BY name;
2019-04-22T12:58:43+07:00 [23803] DEBUG sql - [User=Admin A. (ratchawan.j@vistec.ac.th)] MySql Query: SELECT s.*, l.timezone FROM schedules s INNER JOIN layouts l ON s.layout_id = l.layout_id ORDER BY s.name;
2019-04-22T12:58:43+07:00 [23803] DEBUG sql - [User=Admin A. (ratchawan.j@vistec.ac.th)] MySql Query: SELECT r.*, s.admin_group_id as s_admin_group_id,
		(SELECT GROUP_CONCAT(CONCAT(cav.custom_attribute_id, '=', cav.attribute_value) SEPARATOR "!sep!")
						FROM custom_attribute_values cav WHERE cav.entity_id = r.resource_id AND cav.attribute_category = 4) as attribute_list,
		(SELECT GROUP_CONCAT(rga.resource_group_id SEPARATOR "!sep!") FROM resource_group_assignment rga WHERE rga.resource_id = r.resource_id) AS group_list
		FROM resources r
		INNER JOIN schedules s ON r.schedule_id = s.schedule_id
		ORDER BY COALESCE(r.sort_order,0), r.name;
2019-04-22T12:58:43+07:00 [23803] DEBUG sql - [User=Admin A. (ratchawan.j@vistec.ac.th)] MySql Query: SELECT COUNT(*) as total FROM (SELECT bi.*, r.resource_id, r.name, u.*, bs.description, bs.title, bs.repeat_type, bs.repeat_options, schedules.schedule_id
					FROM blackout_instances bi
					INNER JOIN blackout_series bs ON bi.blackout_series_id = bs.blackout_series_id
					INNER JOIN blackout_series_resources bsr ON  bi.blackout_series_id = bsr.blackout_series_id
					INNER JOIN resources r on bsr.resource_id = r.resource_id
					INNER JOIN schedules on r.schedule_id = schedules.schedule_id
					INNER JOIN users u ON u.user_id = bs.owner_id
		 WHERE 1=1 ORDER BY bi.start_date DESC) results;
2019-04-22T12:58:43+07:00 [23803] DEBUG sql - [User=Admin A. (ratchawan.j@vistec.ac.th)] MySql Query: SELECT bi.*, r.resource_id, r.name, u.*, bs.description, bs.title, bs.repeat_type, bs.repeat_options, schedules.schedule_id
					FROM blackout_instances bi
					INNER JOIN blackout_series bs ON bi.blackout_series_id = bs.blackout_series_id
					INNER JOIN blackout_series_resources bsr ON  bi.blackout_series_id = bsr.blackout_series_id
					INNER JOIN resources r on bsr.resource_id = r.resource_id
					INNER JOIN schedules on r.schedule_id = schedules.schedule_id
					INNER JOIN users u ON u.user_id = bs.owner_id
		 WHERE 1=1 ORDER BY bi.start_date DESC LIMIT 20 OFFSET 0;
2019-04-22T13:33:34+07:00 [23803] DEBUG sql - [User=Admin A. (ratchawan.j@vistec.ac.th)] MySql Query: SELECT a.*,
				(SELECT GROUP_CONCAT(e.entity_id SEPARATOR "!sep!")
							FROM custom_attribute_entities e WHERE e.custom_attribute_id = a.custom_attribute_id ORDER BY e.entity_id) as entity_ids,
				CASE
				WHEN a.attribute_category = 2 THEN (SELECT GROUP_CONCAT(CONCAT(u.fname, " ", u.lname) SEPARATOR "!sep!")
													FROM users u INNER JOIN custom_attribute_entities e
													WHERE e.custom_attribute_id = a.custom_attribute_id AND u.user_id = e.entity_id ORDER BY e.entity_id)
				WHEN a.attribute_category = 4 THEN (SELECT GROUP_CONCAT(r.name SEPARATOR "!sep!")
													FROM resources r INNER JOIN custom_attribute_entities e
													WHERE e.custom_attribute_id = a.custom_attribute_id AND r.resource_id = e.entity_id ORDER BY e.entity_id)
				WHEN a.attribute_category = 5  THEN (SELECT GROUP_CONCAT(rt.resource_type_name SEPARATOR "!sep!")
													FROM resource_types rt INNER JOIN custom_attribute_entities e
													WHERE e.custom_attribute_id = a.custom_attribute_id AND rt.resource_type_id = e.entity_id ORDER BY e.entity_id)
				ELSE null
				END as entity_descriptions,
				CASE
				WHEN a.secondary_category = 2 THEN (SELECT GROUP_CONCAT(CONCAT( fname, " ", lname ) SEPARATOR  "!sep!" ) FROM users WHERE FIND_IN_SET( user_id, a.secondary_entity_ids ))
				WHEN a.secondary_category = 4 THEN (SELECT GROUP_CONCAT(name SEPARATOR  "!sep!" ) FROM resources WHERE FIND_IN_SET( resource_id, a.secondary_entity_ids ))
				WHEN a.secondary_category = 5 THEN (SELECT GROUP_CONCAT(resource_type_name SEPARATOR  "!sep!" ) FROM resource_types WHERE FIND_IN_SET( resource_type_id, a.secondary_entity_ids ))
				ELSE null
				END as secondary_entity_descriptions
				FROM custom_attributes a WHERE a.attribute_category = '4' ORDER BY a.sort_order, a.display_label;
2019-04-22T13:33:34+07:00 [23803] DEBUG sql - [User=Admin A. (ratchawan.j@vistec.ac.th)] MySql Query: SELECT COUNT(*) as total FROM (SELECT r.*, s.admin_group_id as s_admin_group_id,
		(SELECT GROUP_CONCAT(CONCAT(cav.custom_attribute_id, '=', cav.attribute_value) SEPARATOR "!sep!")
						FROM custom_attribute_values cav WHERE cav.entity_id = r.resource_id AND cav.attribute_category = 4) as attribute_list,
		(SELECT GROUP_CONCAT(rga.resource_group_id SEPARATOR "!sep!") FROM resource_group_assignment rga WHERE rga.resource_id = r.resource_id) AS group_list
		FROM resources r
		INNER JOIN schedules s ON r.schedule_id = s.schedule_id
		 WHERE 1=1 ORDER BY COALESCE(r.sort_order,0), r.name) results;
2019-04-22T13:33:34+07:00 [23803] DEBUG sql - [User=Admin A. (ratchawan.j@vistec.ac.th)] MySql Query: SELECT r.*, s.admin_group_id as s_admin_group_id,
		(SELECT GROUP_CONCAT(CONCAT(cav.custom_attribute_id, '=', cav.attribute_value) SEPARATOR "!sep!")
						FROM custom_attribute_values cav WHERE cav.entity_id = r.resource_id AND cav.attribute_category = 4) as attribute_list,
		(SELECT GROUP_CONCAT(rga.resource_group_id SEPARATOR "!sep!") FROM resource_group_assignment rga WHERE rga.resource_id = r.resource_id) AS group_list
		FROM resources r
		INNER JOIN schedules s ON r.schedule_id = s.schedule_id
		 WHERE 1=1 ORDER BY COALESCE(r.sort_order,0), r.name LIMIT 10 OFFSET 0;
2019-04-22T13:33:34+07:00 [23803] DEBUG sql - [User=Admin A. (ratchawan.j@vistec.ac.th)] MySql Query: SELECT s.*, l.timezone FROM schedules s INNER JOIN layouts l ON s.layout_id = l.layout_id ORDER BY s.name;
2019-04-22T13:33:34+07:00 [23803] DEBUG sql - [User=Admin A. (ratchawan.j@vistec.ac.th)] MySql Query: SELECT *,
			(SELECT GROUP_CONCAT(CONCAT(cav.custom_attribute_id, '=', cav.attribute_value) SEPARATOR "!sep!")
							FROM custom_attribute_values cav INNER JOIN custom_attribute_entities cae on cav.custom_attribute_id = cae.custom_attribute_id
							WHERE cav.entity_id = r.resource_type_id AND cav.attribute_category = 5) as attribute_list
							FROM resource_types r;
2019-04-22T13:33:34+07:00 [23803] DEBUG sql - [User=Admin A. (ratchawan.j@vistec.ac.th)] MySql Query: SELECT * FROM resource_status_reasons;
2019-04-22T13:33:34+07:00 [23803] DEBUG sql - [User=Admin A. (ratchawan.j@vistec.ac.th)] MySql Query: SELECT g.*
		FROM groups g
		INNER JOIN group_roles gr ON g.group_id = gr.group_id
		INNER JOIN roles r ON r.role_id = gr.role_id
		WHERE r.role_level = '3'
		ORDER BY g.name;
2019-04-22T13:33:34+07:00 [23803] DEBUG sql - [User=Admin A. (ratchawan.j@vistec.ac.th)] MySql Query: SELECT * FROM resource_groups ORDER BY parent_id, resource_group_name;
2019-04-22T13:33:34+07:00 [23803] DEBUG sql - [User=Admin A. (ratchawan.j@vistec.ac.th)] MySql Query: SELECT r.*, a.resource_group_id
		FROM resource_group_assignment a
		INNER JOIN resources r ON r.resource_id = a.resource_id
		WHERE (-1 = '-1' OR r.schedule_id = '-1')
		ORDER BY COALESCE(r.sort_order,0), r.name;
2019-04-22T13:33:34+07:00 [23803] DEBUG sql - [User=Admin A. (ratchawan.j@vistec.ac.th)] MySql Query: SELECT r.*, s.admin_group_id as s_admin_group_id,
		(SELECT GROUP_CONCAT(CONCAT(cav.custom_attribute_id, '=', cav.attribute_value) SEPARATOR "!sep!")
						FROM custom_attribute_values cav WHERE cav.entity_id = r.resource_id AND cav.attribute_category = 4) as attribute_list,
		(SELECT GROUP_CONCAT(rga.resource_group_id SEPARATOR "!sep!") FROM resource_group_assignment rga WHERE rga.resource_id = r.resource_id) AS group_list
		FROM resources r
		INNER JOIN schedules s ON r.schedule_id = s.schedule_id
		 WHERE 1=1 ORDER BY COALESCE(r.sort_order,0), r.name;
2019-04-22T13:49:18+07:00 [6290] DEBUG sql - [User=Admin A. (ratchawan.j@vistec.ac.th)] MySql Query: SELECT a.*,
				(SELECT GROUP_CONCAT(e.entity_id SEPARATOR "!sep!")
							FROM custom_attribute_entities e WHERE e.custom_attribute_id = a.custom_attribute_id ORDER BY e.entity_id) as entity_ids,
				CASE
				WHEN a.attribute_category = 2 THEN (SELECT GROUP_CONCAT(CONCAT(u.fname, " ", u.lname) SEPARATOR "!sep!")
													FROM users u INNER JOIN custom_attribute_entities e
													WHERE e.custom_attribute_id = a.custom_attribute_id AND u.user_id = e.entity_id ORDER BY e.entity_id)
				WHEN a.attribute_category = 4 THEN (SELECT GROUP_CONCAT(r.name SEPARATOR "!sep!")
													FROM resources r INNER JOIN custom_attribute_entities e
													WHERE e.custom_attribute_id = a.custom_attribute_id AND r.resource_id = e.entity_id ORDER BY e.entity_id)
				WHEN a.attribute_category = 5  THEN (SELECT GROUP_CONCAT(rt.resource_type_name SEPARATOR "!sep!")
													FROM resource_types rt INNER JOIN custom_attribute_entities e
													WHERE e.custom_attribute_id = a.custom_attribute_id AND rt.resource_type_id = e.entity_id ORDER BY e.entity_id)
				ELSE null
				END as entity_descriptions,
				CASE
				WHEN a.secondary_category = 2 THEN (SELECT GROUP_CONCAT(CONCAT( fname, " ", lname ) SEPARATOR  "!sep!" ) FROM users WHERE FIND_IN_SET( user_id, a.secondary_entity_ids ))
				WHEN a.secondary_category = 4 THEN (SELECT GROUP_CONCAT(name SEPARATOR  "!sep!" ) FROM resources WHERE FIND_IN_SET( resource_id, a.secondary_entity_ids ))
				WHEN a.secondary_category = 5 THEN (SELECT GROUP_CONCAT(resource_type_name SEPARATOR  "!sep!" ) FROM resource_types WHERE FIND_IN_SET( resource_type_id, a.secondary_entity_ids ))
				ELSE null
				END as secondary_entity_descriptions
				FROM custom_attributes a WHERE a.attribute_category = '4' ORDER BY a.sort_order, a.display_label;
2019-04-22T13:49:18+07:00 [6290] DEBUG sql - [User=Admin A. (ratchawan.j@vistec.ac.th)] MySql Query: SELECT COUNT(*) as total FROM (SELECT r.*, s.admin_group_id as s_admin_group_id,
		(SELECT GROUP_CONCAT(CONCAT(cav.custom_attribute_id, '=', cav.attribute_value) SEPARATOR "!sep!")
						FROM custom_attribute_values cav WHERE cav.entity_id = r.resource_id AND cav.attribute_category = 4) as attribute_list,
		(SELECT GROUP_CONCAT(rga.resource_group_id SEPARATOR "!sep!") FROM resource_group_assignment rga WHERE rga.resource_id = r.resource_id) AS group_list
		FROM resources r
		INNER JOIN schedules s ON r.schedule_id = s.schedule_id
		 WHERE 1=1 ORDER BY COALESCE(r.sort_order,0), r.name) results;
2019-04-22T13:49:18+07:00 [6290] DEBUG sql - [User=Admin A. (ratchawan.j@vistec.ac.th)] MySql Query: SELECT r.*, s.admin_group_id as s_admin_group_id,
		(SELECT GROUP_CONCAT(CONCAT(cav.custom_attribute_id, '=', cav.attribute_value) SEPARATOR "!sep!")
						FROM custom_attribute_values cav WHERE cav.entity_id = r.resource_id AND cav.attribute_category = 4) as attribute_list,
		(SELECT GROUP_CONCAT(rga.resource_group_id SEPARATOR "!sep!") FROM resource_group_assignment rga WHERE rga.resource_id = r.resource_id) AS group_list
		FROM resources r
		INNER JOIN schedules s ON r.schedule_id = s.schedule_id
		 WHERE 1=1 ORDER BY COALESCE(r.sort_order,0), r.name LIMIT 10 OFFSET 0;
2019-04-22T13:49:18+07:00 [6290] DEBUG sql - [User=Admin A. (ratchawan.j@vistec.ac.th)] MySql Query: SELECT s.*, l.timezone FROM schedules s INNER JOIN layouts l ON s.layout_id = l.layout_id ORDER BY s.name;
2019-04-22T13:49:18+07:00 [6290] DEBUG sql - [User=Admin A. (ratchawan.j@vistec.ac.th)] MySql Query: SELECT *,
			(SELECT GROUP_CONCAT(CONCAT(cav.custom_attribute_id, '=', cav.attribute_value) SEPARATOR "!sep!")
							FROM custom_attribute_values cav INNER JOIN custom_attribute_entities cae on cav.custom_attribute_id = cae.custom_attribute_id
							WHERE cav.entity_id = r.resource_type_id AND cav.attribute_category = 5) as attribute_list
							FROM resource_types r;
2019-04-22T13:49:18+07:00 [6290] DEBUG sql - [User=Admin A. (ratchawan.j@vistec.ac.th)] MySql Query: SELECT * FROM resource_status_reasons;
2019-04-22T13:49:18+07:00 [6290] DEBUG sql - [User=Admin A. (ratchawan.j@vistec.ac.th)] MySql Query: SELECT g.*
		FROM groups g
		INNER JOIN group_roles gr ON g.group_id = gr.group_id
		INNER JOIN roles r ON r.role_id = gr.role_id
		WHERE r.role_level = '3'
		ORDER BY g.name;
2019-04-22T13:49:18+07:00 [6290] DEBUG sql - [User=Admin A. (ratchawan.j@vistec.ac.th)] MySql Query: SELECT * FROM resource_groups ORDER BY parent_id, resource_group_name;
2019-04-22T13:49:18+07:00 [6290] DEBUG sql - [User=Admin A. (ratchawan.j@vistec.ac.th)] MySql Query: SELECT r.*, a.resource_group_id
		FROM resource_group_assignment a
		INNER JOIN resources r ON r.resource_id = a.resource_id
		WHERE (-1 = '-1' OR r.schedule_id = '-1')
		ORDER BY COALESCE(r.sort_order,0), r.name;
2019-04-22T13:49:18+07:00 [6290] DEBUG sql - [User=Admin A. (ratchawan.j@vistec.ac.th)] MySql Query: SELECT r.*, s.admin_group_id as s_admin_group_id,
		(SELECT GROUP_CONCAT(CONCAT(cav.custom_attribute_id, '=', cav.attribute_value) SEPARATOR "!sep!")
						FROM custom_attribute_values cav WHERE cav.entity_id = r.resource_id AND cav.attribute_category = 4) as attribute_list,
		(SELECT GROUP_CONCAT(rga.resource_group_id SEPARATOR "!sep!") FROM resource_group_assignment rga WHERE rga.resource_id = r.resource_id) AS group_list
		FROM resources r
		INNER JOIN schedules s ON r.schedule_id = s.schedule_id
		 WHERE 1=1 ORDER BY COALESCE(r.sort_order,0), r.name;
2019-04-22T14:31:34+07:00 [10313] DEBUG sql - [User=Admin A. (ratchawan.j@vistec.ac.th)] MySql Query: SELECT a.*,
				(SELECT GROUP_CONCAT(e.entity_id SEPARATOR "!sep!")
							FROM custom_attribute_entities e WHERE e.custom_attribute_id = a.custom_attribute_id ORDER BY e.entity_id) as entity_ids,
				CASE
				WHEN a.attribute_category = 2 THEN (SELECT GROUP_CONCAT(CONCAT(u.fname, " ", u.lname) SEPARATOR "!sep!")
													FROM users u INNER JOIN custom_attribute_entities e
													WHERE e.custom_attribute_id = a.custom_attribute_id AND u.user_id = e.entity_id ORDER BY e.entity_id)
				WHEN a.attribute_category = 4 THEN (SELECT GROUP_CONCAT(r.name SEPARATOR "!sep!")
													FROM resources r INNER JOIN custom_attribute_entities e
													WHERE e.custom_attribute_id = a.custom_attribute_id AND r.resource_id = e.entity_id ORDER BY e.entity_id)
				WHEN a.attribute_category = 5  THEN (SELECT GROUP_CONCAT(rt.resource_type_name SEPARATOR "!sep!")
													FROM resource_types rt INNER JOIN custom_attribute_entities e
													WHERE e.custom_attribute_id = a.custom_attribute_id AND rt.resource_type_id = e.entity_id ORDER BY e.entity_id)
				ELSE null
				END as entity_descriptions,
				CASE
				WHEN a.secondary_category = 2 THEN (SELECT GROUP_CONCAT(CONCAT( fname, " ", lname ) SEPARATOR  "!sep!" ) FROM users WHERE FIND_IN_SET( user_id, a.secondary_entity_ids ))
				WHEN a.secondary_category = 4 THEN (SELECT GROUP_CONCAT(name SEPARATOR  "!sep!" ) FROM resources WHERE FIND_IN_SET( resource_id, a.secondary_entity_ids ))
				WHEN a.secondary_category = 5 THEN (SELECT GROUP_CONCAT(resource_type_name SEPARATOR  "!sep!" ) FROM resource_types WHERE FIND_IN_SET( resource_type_id, a.secondary_entity_ids ))
				ELSE null
				END as secondary_entity_descriptions
				FROM custom_attributes a WHERE a.attribute_category = '4' ORDER BY a.sort_order, a.display_label;
2019-04-22T14:31:34+07:00 [10313] DEBUG sql - [User=Admin A. (ratchawan.j@vistec.ac.th)] MySql Query: SELECT COUNT(*) as total FROM (SELECT r.*, s.admin_group_id as s_admin_group_id,
		(SELECT GROUP_CONCAT(CONCAT(cav.custom_attribute_id, '=', cav.attribute_value) SEPARATOR "!sep!")
						FROM custom_attribute_values cav WHERE cav.entity_id = r.resource_id AND cav.attribute_category = 4) as attribute_list,
		(SELECT GROUP_CONCAT(rga.resource_group_id SEPARATOR "!sep!") FROM resource_group_assignment rga WHERE rga.resource_id = r.resource_id) AS group_list
		FROM resources r
		INNER JOIN schedules s ON r.schedule_id = s.schedule_id
		 WHERE 1=1 ORDER BY COALESCE(r.sort_order,0), r.name) results;
2019-04-22T14:31:34+07:00 [10313] DEBUG sql - [User=Admin A. (ratchawan.j@vistec.ac.th)] MySql Query: SELECT r.*, s.admin_group_id as s_admin_group_id,
		(SELECT GROUP_CONCAT(CONCAT(cav.custom_attribute_id, '=', cav.attribute_value) SEPARATOR "!sep!")
						FROM custom_attribute_values cav WHERE cav.entity_id = r.resource_id AND cav.attribute_category = 4) as attribute_list,
		(SELECT GROUP_CONCAT(rga.resource_group_id SEPARATOR "!sep!") FROM resource_group_assignment rga WHERE rga.resource_id = r.resource_id) AS group_list
		FROM resources r
		INNER JOIN schedules s ON r.schedule_id = s.schedule_id
		 WHERE 1=1 ORDER BY COALESCE(r.sort_order,0), r.name LIMIT 10 OFFSET 0;
2019-04-22T14:31:34+07:00 [10313] DEBUG sql - [User=Admin A. (ratchawan.j@vistec.ac.th)] MySql Query: SELECT s.*, l.timezone FROM schedules s INNER JOIN layouts l ON s.layout_id = l.layout_id ORDER BY s.name;
2019-04-22T14:31:34+07:00 [10313] DEBUG sql - [User=Admin A. (ratchawan.j@vistec.ac.th)] MySql Query: SELECT *,
			(SELECT GROUP_CONCAT(CONCAT(cav.custom_attribute_id, '=', cav.attribute_value) SEPARATOR "!sep!")
							FROM custom_attribute_values cav INNER JOIN custom_attribute_entities cae on cav.custom_attribute_id = cae.custom_attribute_id
							WHERE cav.entity_id = r.resource_type_id AND cav.attribute_category = 5) as attribute_list
							FROM resource_types r;
2019-04-22T14:31:34+07:00 [10313] DEBUG sql - [User=Admin A. (ratchawan.j@vistec.ac.th)] MySql Query: SELECT * FROM resource_status_reasons;
2019-04-22T14:31:34+07:00 [10313] DEBUG sql - [User=Admin A. (ratchawan.j@vistec.ac.th)] MySql Query: SELECT g.*
		FROM groups g
		INNER JOIN group_roles gr ON g.group_id = gr.group_id
		INNER JOIN roles r ON r.role_id = gr.role_id
		WHERE r.role_level = '3'
		ORDER BY g.name;
2019-04-22T14:31:34+07:00 [10313] DEBUG sql - [User=Admin A. (ratchawan.j@vistec.ac.th)] MySql Query: SELECT * FROM resource_groups ORDER BY parent_id, resource_group_name;
2019-04-22T14:31:34+07:00 [10313] DEBUG sql - [User=Admin A. (ratchawan.j@vistec.ac.th)] MySql Query: SELECT r.*, a.resource_group_id
		FROM resource_group_assignment a
		INNER JOIN resources r ON r.resource_id = a.resource_id
		WHERE (-1 = '-1' OR r.schedule_id = '-1')
		ORDER BY COALESCE(r.sort_order,0), r.name;
2019-04-22T14:31:34+07:00 [10313] DEBUG sql - [User=Admin A. (ratchawan.j@vistec.ac.th)] MySql Query: SELECT r.*, s.admin_group_id as s_admin_group_id,
		(SELECT GROUP_CONCAT(CONCAT(cav.custom_attribute_id, '=', cav.attribute_value) SEPARATOR "!sep!")
						FROM custom_attribute_values cav WHERE cav.entity_id = r.resource_id AND cav.attribute_category = 4) as attribute_list,
		(SELECT GROUP_CONCAT(rga.resource_group_id SEPARATOR "!sep!") FROM resource_group_assignment rga WHERE rga.resource_id = r.resource_id) AS group_list
		FROM resources r
		INNER JOIN schedules s ON r.schedule_id = s.schedule_id
		 WHERE 1=1 ORDER BY COALESCE(r.sort_order,0), r.name;
2019-04-22T15:42:33+07:00 [6290] DEBUG sql - [User=Admin A. (ratchawan.j@vistec.ac.th)] MySql Query: SELECT a.*,
				(SELECT GROUP_CONCAT(e.entity_id SEPARATOR "!sep!")
							FROM custom_attribute_entities e WHERE e.custom_attribute_id = a.custom_attribute_id ORDER BY e.entity_id) as entity_ids,
				CASE
				WHEN a.attribute_category = 2 THEN (SELECT GROUP_CONCAT(CONCAT(u.fname, " ", u.lname) SEPARATOR "!sep!")
													FROM users u INNER JOIN custom_attribute_entities e
													WHERE e.custom_attribute_id = a.custom_attribute_id AND u.user_id = e.entity_id ORDER BY e.entity_id)
				WHEN a.attribute_category = 4 THEN (SELECT GROUP_CONCAT(r.name SEPARATOR "!sep!")
													FROM resources r INNER JOIN custom_attribute_entities e
													WHERE e.custom_attribute_id = a.custom_attribute_id AND r.resource_id = e.entity_id ORDER BY e.entity_id)
				WHEN a.attribute_category = 5  THEN (SELECT GROUP_CONCAT(rt.resource_type_name SEPARATOR "!sep!")
													FROM resource_types rt INNER JOIN custom_attribute_entities e
													WHERE e.custom_attribute_id = a.custom_attribute_id AND rt.resource_type_id = e.entity_id ORDER BY e.entity_id)
				ELSE null
				END as entity_descriptions,
				CASE
				WHEN a.secondary_category = 2 THEN (SELECT GROUP_CONCAT(CONCAT( fname, " ", lname ) SEPARATOR  "!sep!" ) FROM users WHERE FIND_IN_SET( user_id, a.secondary_entity_ids ))
				WHEN a.secondary_category = 4 THEN (SELECT GROUP_CONCAT(name SEPARATOR  "!sep!" ) FROM resources WHERE FIND_IN_SET( resource_id, a.secondary_entity_ids ))
				WHEN a.secondary_category = 5 THEN (SELECT GROUP_CONCAT(resource_type_name SEPARATOR  "!sep!" ) FROM resource_types WHERE FIND_IN_SET( resource_type_id, a.secondary_entity_ids ))
				ELSE null
				END as secondary_entity_descriptions
				FROM custom_attributes a WHERE a.attribute_category = '4' ORDER BY a.sort_order, a.display_label;
2019-04-22T15:42:33+07:00 [6290] DEBUG sql - [User=Admin A. (ratchawan.j@vistec.ac.th)] MySql Query: SELECT COUNT(*) as total FROM (SELECT r.*, s.admin_group_id as s_admin_group_id,
		(SELECT GROUP_CONCAT(CONCAT(cav.custom_attribute_id, '=', cav.attribute_value) SEPARATOR "!sep!")
						FROM custom_attribute_values cav WHERE cav.entity_id = r.resource_id AND cav.attribute_category = 4) as attribute_list,
		(SELECT GROUP_CONCAT(rga.resource_group_id SEPARATOR "!sep!") FROM resource_group_assignment rga WHERE rga.resource_id = r.resource_id) AS group_list
		FROM resources r
		INNER JOIN schedules s ON r.schedule_id = s.schedule_id
		 WHERE 1=1 ORDER BY COALESCE(r.sort_order,0), r.name) results;
2019-04-22T15:42:33+07:00 [6290] DEBUG sql - [User=Admin A. (ratchawan.j@vistec.ac.th)] MySql Query: SELECT r.*, s.admin_group_id as s_admin_group_id,
		(SELECT GROUP_CONCAT(CONCAT(cav.custom_attribute_id, '=', cav.attribute_value) SEPARATOR "!sep!")
						FROM custom_attribute_values cav WHERE cav.entity_id = r.resource_id AND cav.attribute_category = 4) as attribute_list,
		(SELECT GROUP_CONCAT(rga.resource_group_id SEPARATOR "!sep!") FROM resource_group_assignment rga WHERE rga.resource_id = r.resource_id) AS group_list
		FROM resources r
		INNER JOIN schedules s ON r.schedule_id = s.schedule_id
		 WHERE 1=1 ORDER BY COALESCE(r.sort_order,0), r.name LIMIT 10 OFFSET 0;
2019-04-22T15:42:33+07:00 [6290] DEBUG sql - [User=Admin A. (ratchawan.j@vistec.ac.th)] MySql Query: SELECT s.*, l.timezone FROM schedules s INNER JOIN layouts l ON s.layout_id = l.layout_id ORDER BY s.name;
2019-04-22T15:42:33+07:00 [6290] DEBUG sql - [User=Admin A. (ratchawan.j@vistec.ac.th)] MySql Query: SELECT *,
			(SELECT GROUP_CONCAT(CONCAT(cav.custom_attribute_id, '=', cav.attribute_value) SEPARATOR "!sep!")
							FROM custom_attribute_values cav INNER JOIN custom_attribute_entities cae on cav.custom_attribute_id = cae.custom_attribute_id
							WHERE cav.entity_id = r.resource_type_id AND cav.attribute_category = 5) as attribute_list
							FROM resource_types r;
2019-04-22T15:42:33+07:00 [6290] DEBUG sql - [User=Admin A. (ratchawan.j@vistec.ac.th)] MySql Query: SELECT * FROM resource_status_reasons;
2019-04-22T15:42:33+07:00 [6290] DEBUG sql - [User=Admin A. (ratchawan.j@vistec.ac.th)] MySql Query: SELECT g.*
		FROM groups g
		INNER JOIN group_roles gr ON g.group_id = gr.group_id
		INNER JOIN roles r ON r.role_id = gr.role_id
		WHERE r.role_level = '3'
		ORDER BY g.name;
2019-04-22T15:42:33+07:00 [6290] DEBUG sql - [User=Admin A. (ratchawan.j@vistec.ac.th)] MySql Query: SELECT * FROM resource_groups ORDER BY parent_id, resource_group_name;
2019-04-22T15:42:33+07:00 [6290] DEBUG sql - [User=Admin A. (ratchawan.j@vistec.ac.th)] MySql Query: SELECT r.*, a.resource_group_id
		FROM resource_group_assignment a
		INNER JOIN resources r ON r.resource_id = a.resource_id
		WHERE (-1 = '-1' OR r.schedule_id = '-1')
		ORDER BY COALESCE(r.sort_order,0), r.name;
2019-04-22T15:42:33+07:00 [6290] DEBUG sql - [User=Admin A. (ratchawan.j@vistec.ac.th)] MySql Query: SELECT r.*, s.admin_group_id as s_admin_group_id,
		(SELECT GROUP_CONCAT(CONCAT(cav.custom_attribute_id, '=', cav.attribute_value) SEPARATOR "!sep!")
						FROM custom_attribute_values cav WHERE cav.entity_id = r.resource_id AND cav.attribute_category = 4) as attribute_list,
		(SELECT GROUP_CONCAT(rga.resource_group_id SEPARATOR "!sep!") FROM resource_group_assignment rga WHERE rga.resource_id = r.resource_id) AS group_list
		FROM resources r
		INNER JOIN schedules s ON r.schedule_id = s.schedule_id
		 WHERE 1=1 ORDER BY COALESCE(r.sort_order,0), r.name;
