2019-07-16T12:59:49+07:00 [12231] DEBUG sql - [User=Admin A. (ratchawan.j@vistec.ac.th)] MySql Query: SELECT s.*, l.timezone FROM schedules s INNER JOIN layouts l ON s.layout_id = l.layout_id ORDER BY s.name;
2019-07-16T12:59:49+07:00 [12231] DEBUG sql - [User=Admin A. (ratchawan.j@vistec.ac.th)] MySql Query: SELECT r.*, s.admin_group_id as s_admin_group_id,
		(SELECT GROUP_CONCAT(CONCAT(cav.custom_attribute_id, '=', cav.attribute_value) SEPARATOR "!sep!")
						FROM custom_attribute_values cav WHERE cav.entity_id = r.resource_id AND cav.attribute_category = 4) as attribute_list,
		(SELECT GROUP_CONCAT(rga.resource_group_id SEPARATOR "!sep!") FROM resource_group_assignment rga WHERE rga.resource_id = r.resource_id) AS group_list
		FROM resources r
		INNER JOIN schedules s ON r.schedule_id = s.schedule_id
		ORDER BY COALESCE(r.sort_order,0), r.name;
2019-07-16T12:59:49+07:00 [12231] DEBUG sql - [User=Admin A. (ratchawan.j@vistec.ac.th)] MySql Query: SELECT COUNT(*) as total FROM (SELECT bi.*, r.resource_id, r.name, u.*, bs.description, bs.title, bs.repeat_type, bs.repeat_options, schedules.schedule_id
					FROM blackout_instances bi
					INNER JOIN blackout_series bs ON bi.blackout_series_id = bs.blackout_series_id
					INNER JOIN blackout_series_resources bsr ON  bi.blackout_series_id = bsr.blackout_series_id
					INNER JOIN resources r on bsr.resource_id = r.resource_id
					INNER JOIN schedules on r.schedule_id = schedules.schedule_id
					INNER JOIN users u ON u.user_id = bs.owner_id
		 WHERE 1=1 ORDER BY bi.start_date DESC) results;
2019-07-16T12:59:49+07:00 [12231] DEBUG sql - [User=Admin A. (ratchawan.j@vistec.ac.th)] MySql Query: SELECT bi.*, r.resource_id, r.name, u.*, bs.description, bs.title, bs.repeat_type, bs.repeat_options, schedules.schedule_id
					FROM blackout_instances bi
					INNER JOIN blackout_series bs ON bi.blackout_series_id = bs.blackout_series_id
					INNER JOIN blackout_series_resources bsr ON  bi.blackout_series_id = bsr.blackout_series_id
					INNER JOIN resources r on bsr.resource_id = r.resource_id
					INNER JOIN schedules on r.schedule_id = schedules.schedule_id
					INNER JOIN users u ON u.user_id = bs.owner_id
		 WHERE 1=1 ORDER BY bi.start_date DESC LIMIT 20 OFFSET 0;
2019-07-16T13:01:35+07:00 [3863] DEBUG sql - [User=Admin A. (ratchawan.j@vistec.ac.th)] MySql Query: SELECT *
		FROM blackout_instances bi
		INNER JOIN blackout_series bs ON bi.blackout_series_id = bs.blackout_series_id
		INNER JOIN blackout_series_resources bsr ON  bi.blackout_series_id = bsr.blackout_series_id
		INNER JOIN resources r on bsr.resource_id = r.resource_id
		INNER JOIN users u ON u.user_id = bs.owner_id
		WHERE
			(
				(bi.start_date >= '2019-07-16 12:00:00' AND bi.start_date <= '2019-07-22 09:00:00')
				OR
				(bi.end_date >= '2019-07-16 12:00:00' AND bi.end_date <= '2019-07-22 09:00:00')
				OR
				(bi.start_date <= '2019-07-16 12:00:00' AND bi.end_date >= '2019-07-22 09:00:00')
			) AND
			('-1' = -1 OR r.schedule_id = '-1')
		ORDER BY bi.start_date ASC;
2019-07-16T13:01:35+07:00 [3863] DEBUG sql - [User=Admin A. (ratchawan.j@vistec.ac.th)] MySql Query: SELECT
				ri.*, rs.date_created as date_created, rs.last_modified as last_modified, rs.description as description, rs.status_id as status_id, rs.title, rs.repeat_type, rs.repeat_options,
					owner.fname as owner_fname, owner.lname as owner_lname, owner.user_id as owner_id, owner.phone as owner_phone, owner.position_id as owner_position, owner.organization as owner_organization, owner.email as email, owner.language, owner.timezone,
					resources.name, resources.resource_id, resources.schedule_id, resources.status_id as resource_status_id, resources.resource_status_reason_id, resources.buffer_time, resources.color, resources.enable_check_in, resources.auto_release_minutes, ru.reservation_user_level,
					start_reminder.minutes_prior AS start_reminder_minutes, end_reminder.minutes_prior AS end_reminder_minutes,
					(SELECT GROUP_CONCAT(groups.group_id)
						FROM user_groups groups WHERE owner.user_id = groups.user_id) as owner_group_list,

					(SELECT GROUP_CONCAT(CONCAT(participants.user_id, '=', CONCAT(participant_users.fname, " ", participant_users.lname)) SEPARATOR "!sep!")
						FROM reservation_users participants INNER JOIN users participant_users ON participants.user_id = participant_users.user_id WHERE participants.reservation_instance_id = ri.reservation_instance_id AND participants.reservation_user_level = 2) as participant_list,

					(SELECT GROUP_CONCAT(CONCAT(invitees.user_id, '=', CONCAT(invitee_users.fname, " ", invitee_users.lname)) SEPARATOR "!sep!")
						FROM reservation_users invitees INNER JOIN users invitee_users ON invitees.user_id = invitee_users.user_id WHERE invitees.reservation_instance_id = ri.reservation_instance_id AND invitees.reservation_user_level = 3) as invitee_list,

					(SELECT GROUP_CONCAT(CONCAT(cav.custom_attribute_id,'=', cav.attribute_value) SEPARATOR "!sep!")
						FROM custom_attribute_values cav WHERE cav.entity_id = ri.series_id AND cav.attribute_category = 1) as attribute_list,

					(SELECT GROUP_CONCAT(CONCAT(p.name, "=", p.value) SEPARATOR "!sep!")
						FROM user_preferences p WHERE owner.user_id = p.user_id) as preferences,
						
					(SELECT GROUP_CONCAT(CONCAT(guests.email, "=", guests.reservation_user_level) SEPARATOR "!sep!")
						FROM reservation_guests guests WHERE guests.reservation_instance_id = ri.reservation_instance_id) as guest_list
			FROM reservation_instances ri
			INNER JOIN reservation_series rs ON rs.series_id = ri.series_id
			INNER JOIN reservation_users ru ON ru.reservation_instance_id = ri.reservation_instance_id
			INNER JOIN users ON users.user_id = rs.owner_id
			INNER JOIN users owner ON owner.user_id = rs.owner_id
			LEFT JOIN positions ON owner.position_id = positions.position_id
			INNER JOIN reservation_resources rr ON rs.series_id = rr.series_id
			INNER JOIN resources ON rr.resource_id = resources.resource_id
			INNER JOIN schedules ON resources.schedule_id = schedules.schedule_id
			LEFT JOIN reservation_reminders start_reminder ON start_reminder.series_id = rs.series_id AND start_reminder.reminder_type = 0
			LEFT JOIN reservation_reminders end_reminder ON end_reminder.series_id = rs.series_id AND end_reminder.reminder_type = 1
			
			WHERE rs.status_id <> 2
			AND ((ri.start_date >= '2019-07-16 12:00:00' AND ri.start_date <= '2019-07-22 09:00:00') OR
					(ri.end_date >= '2019-07-16 12:00:00' AND ri.end_date <= '2019-07-22 09:00:00') OR
					(ri.start_date <= '2019-07-16 12:00:00' AND ri.end_date >= '2019-07-22 09:00:00')) AND
					('-1' = -1 OR ru.user_id = '-1') AND
					('1' = 0 OR ru.reservation_user_level = '1') AND
					('1' = 1 OR resources.schedule_id IN (null)) AND
					('1' = 1 OR rr.resource_id IN (null))
			ORDER BY ri.start_date ASC;
2019-07-16T13:01:35+07:00 [3863] DEBUG sql - [User=Admin A. (ratchawan.j@vistec.ac.th)] MySql Query: SELECT * FROM reservation_color_rules r
		LEFT JOIN custom_attributes ca ON ca.custom_attribute_id = r.custom_attribute_id;
2019-07-16T13:01:35+07:00 [3863] DEBUG sql - [User=Admin A. (ratchawan.j@vistec.ac.th)] MySql Query: SELECT u.*, p.name AS position_name FROM users u 
		LEFT JOIN positions p ON p.position_id = u.position_id
		WHERE u.user_id = '446';
2019-07-16T13:01:35+07:00 [3863] DEBUG sql - [User=Admin A. (ratchawan.j@vistec.ac.th)] MySql Query: SELECT * FROM user_email_preferences WHERE user_id = '446';
2019-07-16T13:01:35+07:00 [3863] DEBUG sql - [User=Admin A. (ratchawan.j@vistec.ac.th)] MySql Query: SELECT
			urp.user_id, r.resource_id, r.name
		FROM
			user_resource_permissions urp, resources r
		WHERE
			urp.user_id = '446' AND r.resource_id = urp.resource_id;
2019-07-16T13:01:35+07:00 [3863] DEBUG sql - [User=Admin A. (ratchawan.j@vistec.ac.th)] MySql Query: SELECT g.*, r.role_level
		FROM user_groups ug
		INNER JOIN groups g ON ug.group_id = g.group_id
		LEFT JOIN group_roles gr ON ug.group_id = gr.group_id
		LEFT JOIN roles r ON gr.role_id = r.role_id
		WHERE user_id = '446' AND (null is null OR r.role_level IN (null) );
2019-07-16T13:01:35+07:00 [3863] DEBUG sql - [User=Admin A. (ratchawan.j@vistec.ac.th)] MySql Query: SELECT cav.*, ca.display_label
		FROM custom_attribute_values cav
		INNER JOIN custom_attributes ca ON ca.custom_attribute_id = cav.custom_attribute_id
		WHERE cav.attribute_category = '2' AND cav.entity_id = '446';
2019-07-16T13:01:35+07:00 [3863] DEBUG sql - [User=Admin A. (ratchawan.j@vistec.ac.th)] MySql Query: SELECT name, value FROM user_preferences WHERE user_id = '446';
2019-07-16T13:01:35+07:00 [3863] DEBUG sql - [User=Admin A. (ratchawan.j@vistec.ac.th)] MySql Query: SELECT *
		FROM reservation_instances r
		INNER JOIN reservation_series rs ON r.series_id = rs.series_id
		WHERE
			r.reservation_instance_id = '3227' AND
			status_id <> 2;
2019-07-16T13:01:35+07:00 [3863] DEBUG sql - [User=Admin A. (ratchawan.j@vistec.ac.th)] MySql Query: SELECT *
		FROM reservation_instances
		WHERE series_id = '3240';
2019-07-16T13:01:35+07:00 [3863] DEBUG sql - [User=Admin A. (ratchawan.j@vistec.ac.th)] MySql Query: SELECT r.*, rr.resource_level_id, s.admin_group_id as s_admin_group_id
		FROM reservation_resources rr
		INNER JOIN resources r ON rr.resource_id = r.resource_id
		INNER JOIN schedules s ON r.schedule_id = s.schedule_id
		WHERE rr.series_id = '3240'
		ORDER BY resource_level_id, r.name;
2019-07-16T13:01:35+07:00 [3863] DEBUG sql - [User=Admin A. (ratchawan.j@vistec.ac.th)] MySql Query: SELECT ru.*, ri.*
		FROM reservation_users ru
		INNER JOIN reservation_instances ri ON ru.reservation_instance_id = ri.reservation_instance_id
		WHERE series_id = '3240';
2019-07-16T13:01:35+07:00 [3863] DEBUG sql - [User=Admin A. (ratchawan.j@vistec.ac.th)] MySql Query: SELECT *
		FROM reservation_accessories ra
		INNER JOIN accessories a ON ra.accessory_id = a.accessory_id
		WHERE ra.series_id = '3240';
2019-07-16T13:01:35+07:00 [3863] DEBUG sql - [User=Admin A. (ratchawan.j@vistec.ac.th)] MySql Query: SELECT cav.*, ca.display_label
		FROM custom_attribute_values cav
		INNER JOIN custom_attributes ca ON ca.custom_attribute_id = cav.custom_attribute_id
		WHERE cav.attribute_category = '1' AND cav.entity_id = '3240';
2019-07-16T13:01:35+07:00 [3863] DEBUG sql - [User=Admin A. (ratchawan.j@vistec.ac.th)] MySql Query: SELECT * FROM reservation_files WHERE series_id = '3240';
2019-07-16T13:01:35+07:00 [3863] DEBUG sql - [User=Admin A. (ratchawan.j@vistec.ac.th)] MySql Query: SELECT * FROM reservation_reminders WHERE series_id = '3240';
2019-07-16T13:01:35+07:00 [3863] DEBUG sql - [User=Admin A. (ratchawan.j@vistec.ac.th)] MySql Query: SELECT rg.*, ri.*
			FROM reservation_guests rg
			INNER JOIN reservation_instances ri ON rg.reservation_instance_id = ri.reservation_instance_id
			WHERE series_id = '3240';
2019-07-16T13:01:35+07:00 [3863] DEBUG sql - [User=Admin A. (ratchawan.j@vistec.ac.th)] MySql Execute: UPDATE reservation_series
		    SET status_id = '2',
			last_modified = '2019-07-16 13:01:35'
		  WHERE series_id = '3240';
2019-07-16T13:01:37+07:00 [3863] DEBUG sql - [User=Admin A. (ratchawan.j@vistec.ac.th)] MySql Query: SELECT u.*, p.name AS position_name FROM users u 
		LEFT JOIN positions p ON p.position_id = u.position_id
		WHERE u.user_id = '416';
2019-07-16T13:01:37+07:00 [3863] DEBUG sql - [User=Admin A. (ratchawan.j@vistec.ac.th)] MySql Query: SELECT * FROM user_email_preferences WHERE user_id = '416';
2019-07-16T13:01:37+07:00 [3863] DEBUG sql - [User=Admin A. (ratchawan.j@vistec.ac.th)] MySql Query: SELECT
			urp.user_id, r.resource_id, r.name
		FROM
			user_resource_permissions urp, resources r
		WHERE
			urp.user_id = '416' AND r.resource_id = urp.resource_id;
2019-07-16T13:01:37+07:00 [3863] DEBUG sql - [User=Admin A. (ratchawan.j@vistec.ac.th)] MySql Query: SELECT g.*, r.role_level
		FROM user_groups ug
		INNER JOIN groups g ON ug.group_id = g.group_id
		LEFT JOIN group_roles gr ON ug.group_id = gr.group_id
		LEFT JOIN roles r ON gr.role_id = r.role_id
		WHERE user_id = '416' AND (null is null OR r.role_level IN (null) );
2019-07-16T13:01:37+07:00 [3863] DEBUG sql - [User=Admin A. (ratchawan.j@vistec.ac.th)] MySql Query: SELECT cav.*, ca.display_label
		FROM custom_attribute_values cav
		INNER JOIN custom_attributes ca ON ca.custom_attribute_id = cav.custom_attribute_id
		WHERE cav.attribute_category = '2' AND cav.entity_id = '416';
2019-07-16T13:01:37+07:00 [3863] DEBUG sql - [User=Admin A. (ratchawan.j@vistec.ac.th)] MySql Query: SELECT name, value FROM user_preferences WHERE user_id = '416';
2019-07-16T13:01:37+07:00 [3863] DEBUG sql - [User=Admin A. (ratchawan.j@vistec.ac.th)] MySql Query: SELECT *
		FROM reservation_instances r
		INNER JOIN reservation_series rs ON r.series_id = rs.series_id
		WHERE
			r.reservation_instance_id = '3248' AND
			status_id <> 2;
2019-07-16T13:01:37+07:00 [3863] DEBUG sql - [User=Admin A. (ratchawan.j@vistec.ac.th)] MySql Query: SELECT *
		FROM reservation_instances
		WHERE series_id = '3261';
2019-07-16T13:01:37+07:00 [3863] DEBUG sql - [User=Admin A. (ratchawan.j@vistec.ac.th)] MySql Query: SELECT r.*, rr.resource_level_id, s.admin_group_id as s_admin_group_id
		FROM reservation_resources rr
		INNER JOIN resources r ON rr.resource_id = r.resource_id
		INNER JOIN schedules s ON r.schedule_id = s.schedule_id
		WHERE rr.series_id = '3261'
		ORDER BY resource_level_id, r.name;
2019-07-16T13:01:37+07:00 [3863] DEBUG sql - [User=Admin A. (ratchawan.j@vistec.ac.th)] MySql Query: SELECT ru.*, ri.*
		FROM reservation_users ru
		INNER JOIN reservation_instances ri ON ru.reservation_instance_id = ri.reservation_instance_id
		WHERE series_id = '3261';
2019-07-16T13:01:37+07:00 [3863] DEBUG sql - [User=Admin A. (ratchawan.j@vistec.ac.th)] MySql Query: SELECT *
		FROM reservation_accessories ra
		INNER JOIN accessories a ON ra.accessory_id = a.accessory_id
		WHERE ra.series_id = '3261';
2019-07-16T13:01:37+07:00 [3863] DEBUG sql - [User=Admin A. (ratchawan.j@vistec.ac.th)] MySql Query: SELECT cav.*, ca.display_label
		FROM custom_attribute_values cav
		INNER JOIN custom_attributes ca ON ca.custom_attribute_id = cav.custom_attribute_id
		WHERE cav.attribute_category = '1' AND cav.entity_id = '3261';
2019-07-16T13:01:37+07:00 [3863] DEBUG sql - [User=Admin A. (ratchawan.j@vistec.ac.th)] MySql Query: SELECT * FROM reservation_files WHERE series_id = '3261';
2019-07-16T13:01:37+07:00 [3863] DEBUG sql - [User=Admin A. (ratchawan.j@vistec.ac.th)] MySql Query: SELECT * FROM reservation_reminders WHERE series_id = '3261';
2019-07-16T13:01:37+07:00 [3863] DEBUG sql - [User=Admin A. (ratchawan.j@vistec.ac.th)] MySql Query: SELECT rg.*, ri.*
			FROM reservation_guests rg
			INNER JOIN reservation_instances ri ON rg.reservation_instance_id = ri.reservation_instance_id
			WHERE series_id = '3261';
2019-07-16T13:01:37+07:00 [3863] DEBUG sql - [User=Admin A. (ratchawan.j@vistec.ac.th)] MySql Execute: UPDATE reservation_series
		    SET status_id = '2',
			last_modified = '2019-07-16 13:01:37'
		  WHERE series_id = '3261';
2019-07-16T13:01:38+07:00 [3863] DEBUG sql - [User=Admin A. (ratchawan.j@vistec.ac.th)] MySql Query: SELECT u.*, p.name AS position_name FROM users u 
		LEFT JOIN positions p ON p.position_id = u.position_id
		WHERE u.user_id = '445';
2019-07-16T13:01:38+07:00 [3863] DEBUG sql - [User=Admin A. (ratchawan.j@vistec.ac.th)] MySql Query: SELECT * FROM user_email_preferences WHERE user_id = '445';
2019-07-16T13:01:38+07:00 [3863] DEBUG sql - [User=Admin A. (ratchawan.j@vistec.ac.th)] MySql Query: SELECT
			urp.user_id, r.resource_id, r.name
		FROM
			user_resource_permissions urp, resources r
		WHERE
			urp.user_id = '445' AND r.resource_id = urp.resource_id;
2019-07-16T13:01:38+07:00 [3863] DEBUG sql - [User=Admin A. (ratchawan.j@vistec.ac.th)] MySql Query: SELECT g.*, r.role_level
		FROM user_groups ug
		INNER JOIN groups g ON ug.group_id = g.group_id
		LEFT JOIN group_roles gr ON ug.group_id = gr.group_id
		LEFT JOIN roles r ON gr.role_id = r.role_id
		WHERE user_id = '445' AND (null is null OR r.role_level IN (null) );
2019-07-16T13:01:38+07:00 [3863] DEBUG sql - [User=Admin A. (ratchawan.j@vistec.ac.th)] MySql Query: SELECT cav.*, ca.display_label
		FROM custom_attribute_values cav
		INNER JOIN custom_attributes ca ON ca.custom_attribute_id = cav.custom_attribute_id
		WHERE cav.attribute_category = '2' AND cav.entity_id = '445';
2019-07-16T13:01:38+07:00 [3863] DEBUG sql - [User=Admin A. (ratchawan.j@vistec.ac.th)] MySql Query: SELECT name, value FROM user_preferences WHERE user_id = '445';
2019-07-16T13:01:38+07:00 [3863] DEBUG sql - [User=Admin A. (ratchawan.j@vistec.ac.th)] MySql Query: SELECT *
		FROM reservation_instances r
		INNER JOIN reservation_series rs ON r.series_id = rs.series_id
		WHERE
			r.reservation_instance_id = '3192' AND
			status_id <> 2;
2019-07-16T13:01:38+07:00 [3863] DEBUG sql - [User=Admin A. (ratchawan.j@vistec.ac.th)] MySql Query: SELECT *
		FROM reservation_instances
		WHERE series_id = '3205';
2019-07-16T13:01:38+07:00 [3863] DEBUG sql - [User=Admin A. (ratchawan.j@vistec.ac.th)] MySql Query: SELECT r.*, rr.resource_level_id, s.admin_group_id as s_admin_group_id
		FROM reservation_resources rr
		INNER JOIN resources r ON rr.resource_id = r.resource_id
		INNER JOIN schedules s ON r.schedule_id = s.schedule_id
		WHERE rr.series_id = '3205'
		ORDER BY resource_level_id, r.name;
2019-07-16T13:01:38+07:00 [3863] DEBUG sql - [User=Admin A. (ratchawan.j@vistec.ac.th)] MySql Query: SELECT ru.*, ri.*
		FROM reservation_users ru
		INNER JOIN reservation_instances ri ON ru.reservation_instance_id = ri.reservation_instance_id
		WHERE series_id = '3205';
2019-07-16T13:01:38+07:00 [3863] DEBUG sql - [User=Admin A. (ratchawan.j@vistec.ac.th)] MySql Query: SELECT *
		FROM reservation_accessories ra
		INNER JOIN accessories a ON ra.accessory_id = a.accessory_id
		WHERE ra.series_id = '3205';
2019-07-16T13:01:38+07:00 [3863] DEBUG sql - [User=Admin A. (ratchawan.j@vistec.ac.th)] MySql Query: SELECT cav.*, ca.display_label
		FROM custom_attribute_values cav
		INNER JOIN custom_attributes ca ON ca.custom_attribute_id = cav.custom_attribute_id
		WHERE cav.attribute_category = '1' AND cav.entity_id = '3205';
2019-07-16T13:01:38+07:00 [3863] DEBUG sql - [User=Admin A. (ratchawan.j@vistec.ac.th)] MySql Query: SELECT * FROM reservation_files WHERE series_id = '3205';
2019-07-16T13:01:38+07:00 [3863] DEBUG sql - [User=Admin A. (ratchawan.j@vistec.ac.th)] MySql Query: SELECT * FROM reservation_reminders WHERE series_id = '3205';
2019-07-16T13:01:38+07:00 [3863] DEBUG sql - [User=Admin A. (ratchawan.j@vistec.ac.th)] MySql Query: SELECT rg.*, ri.*
			FROM reservation_guests rg
			INNER JOIN reservation_instances ri ON rg.reservation_instance_id = ri.reservation_instance_id
			WHERE series_id = '3205';
2019-07-16T13:01:38+07:00 [3863] DEBUG sql - [User=Admin A. (ratchawan.j@vistec.ac.th)] MySql Execute: UPDATE reservation_series
		    SET status_id = '2',
			last_modified = '2019-07-16 13:01:38'
		  WHERE series_id = '3205';
2019-07-16T13:01:40+07:00 [3863] DEBUG sql - [User=Admin A. (ratchawan.j@vistec.ac.th)] MySql Query: SELECT u.*, p.name AS position_name FROM users u 
		LEFT JOIN positions p ON p.position_id = u.position_id
		WHERE u.user_id = '558';
2019-07-16T13:01:40+07:00 [3863] DEBUG sql - [User=Admin A. (ratchawan.j@vistec.ac.th)] MySql Query: SELECT * FROM user_email_preferences WHERE user_id = '558';
2019-07-16T13:01:40+07:00 [3863] DEBUG sql - [User=Admin A. (ratchawan.j@vistec.ac.th)] MySql Query: SELECT
			urp.user_id, r.resource_id, r.name
		FROM
			user_resource_permissions urp, resources r
		WHERE
			urp.user_id = '558' AND r.resource_id = urp.resource_id;
2019-07-16T13:01:40+07:00 [3863] DEBUG sql - [User=Admin A. (ratchawan.j@vistec.ac.th)] MySql Query: SELECT g.*, r.role_level
		FROM user_groups ug
		INNER JOIN groups g ON ug.group_id = g.group_id
		LEFT JOIN group_roles gr ON ug.group_id = gr.group_id
		LEFT JOIN roles r ON gr.role_id = r.role_id
		WHERE user_id = '558' AND (null is null OR r.role_level IN (null) );
2019-07-16T13:01:40+07:00 [3863] DEBUG sql - [User=Admin A. (ratchawan.j@vistec.ac.th)] MySql Query: SELECT cav.*, ca.display_label
		FROM custom_attribute_values cav
		INNER JOIN custom_attributes ca ON ca.custom_attribute_id = cav.custom_attribute_id
		WHERE cav.attribute_category = '2' AND cav.entity_id = '558';
2019-07-16T13:01:40+07:00 [3863] DEBUG sql - [User=Admin A. (ratchawan.j@vistec.ac.th)] MySql Query: SELECT name, value FROM user_preferences WHERE user_id = '558';
2019-07-16T13:01:40+07:00 [3863] DEBUG sql - [User=Admin A. (ratchawan.j@vistec.ac.th)] MySql Query: SELECT *
		FROM reservation_instances r
		INNER JOIN reservation_series rs ON r.series_id = rs.series_id
		WHERE
			r.reservation_instance_id = '3239' AND
			status_id <> 2;
2019-07-16T13:01:40+07:00 [3863] DEBUG sql - [User=Admin A. (ratchawan.j@vistec.ac.th)] MySql Query: SELECT *
		FROM reservation_instances
		WHERE series_id = '3252';
2019-07-16T13:01:40+07:00 [3863] DEBUG sql - [User=Admin A. (ratchawan.j@vistec.ac.th)] MySql Query: SELECT r.*, rr.resource_level_id, s.admin_group_id as s_admin_group_id
		FROM reservation_resources rr
		INNER JOIN resources r ON rr.resource_id = r.resource_id
		INNER JOIN schedules s ON r.schedule_id = s.schedule_id
		WHERE rr.series_id = '3252'
		ORDER BY resource_level_id, r.name;
2019-07-16T13:01:40+07:00 [3863] DEBUG sql - [User=Admin A. (ratchawan.j@vistec.ac.th)] MySql Query: SELECT ru.*, ri.*
		FROM reservation_users ru
		INNER JOIN reservation_instances ri ON ru.reservation_instance_id = ri.reservation_instance_id
		WHERE series_id = '3252';
2019-07-16T13:01:40+07:00 [3863] DEBUG sql - [User=Admin A. (ratchawan.j@vistec.ac.th)] MySql Query: SELECT *
		FROM reservation_accessories ra
		INNER JOIN accessories a ON ra.accessory_id = a.accessory_id
		WHERE ra.series_id = '3252';
2019-07-16T13:01:40+07:00 [3863] DEBUG sql - [User=Admin A. (ratchawan.j@vistec.ac.th)] MySql Query: SELECT cav.*, ca.display_label
		FROM custom_attribute_values cav
		INNER JOIN custom_attributes ca ON ca.custom_attribute_id = cav.custom_attribute_id
		WHERE cav.attribute_category = '1' AND cav.entity_id = '3252';
2019-07-16T13:01:40+07:00 [3863] DEBUG sql - [User=Admin A. (ratchawan.j@vistec.ac.th)] MySql Query: SELECT * FROM reservation_files WHERE series_id = '3252';
2019-07-16T13:01:40+07:00 [3863] DEBUG sql - [User=Admin A. (ratchawan.j@vistec.ac.th)] MySql Query: SELECT * FROM reservation_reminders WHERE series_id = '3252';
2019-07-16T13:01:40+07:00 [3863] DEBUG sql - [User=Admin A. (ratchawan.j@vistec.ac.th)] MySql Query: SELECT rg.*, ri.*
			FROM reservation_guests rg
			INNER JOIN reservation_instances ri ON rg.reservation_instance_id = ri.reservation_instance_id
			WHERE series_id = '3252';
2019-07-16T13:01:40+07:00 [3863] DEBUG sql - [User=Admin A. (ratchawan.j@vistec.ac.th)] MySql Execute: UPDATE reservation_series
		    SET status_id = '2',
			last_modified = '2019-07-16 13:01:40'
		  WHERE series_id = '3252';
2019-07-16T13:01:42+07:00 [3863] DEBUG sql - [User=Admin A. (ratchawan.j@vistec.ac.th)] MySql Execute: INSERT INTO blackout_series (date_created, title, owner_id, repeat_type, repeat_options, announce_id) VALUES ('2019-07-16 13:01:42', 'Out of service', '547', 'none', '', '61');
2019-07-16T13:01:42+07:00 [3863] DEBUG sql - [User=Admin A. (ratchawan.j@vistec.ac.th)] MySql Execute: INSERT INTO blackout_series_resources (blackout_series_id, resource_id) VALUES ('82', '2');
2019-07-16T13:01:42+07:00 [3863] DEBUG sql - [User=Admin A. (ratchawan.j@vistec.ac.th)] MySql Execute: INSERT INTO blackout_instances (start_date, end_date, blackout_series_id)
		VALUES ('2019-07-16 12:00:00', '2019-07-22 09:00:00', '82');
2019-07-16T13:01:44+07:00 [3895] DEBUG sql - [User=Admin A. (ratchawan.j@vistec.ac.th)] MySql Query: SELECT s.*, l.timezone FROM schedules s INNER JOIN layouts l ON s.layout_id = l.layout_id ORDER BY s.name;
2019-07-16T13:01:44+07:00 [3895] DEBUG sql - [User=Admin A. (ratchawan.j@vistec.ac.th)] MySql Query: SELECT r.*, s.admin_group_id as s_admin_group_id,
		(SELECT GROUP_CONCAT(CONCAT(cav.custom_attribute_id, '=', cav.attribute_value) SEPARATOR "!sep!")
						FROM custom_attribute_values cav WHERE cav.entity_id = r.resource_id AND cav.attribute_category = 4) as attribute_list,
		(SELECT GROUP_CONCAT(rga.resource_group_id SEPARATOR "!sep!") FROM resource_group_assignment rga WHERE rga.resource_id = r.resource_id) AS group_list
		FROM resources r
		INNER JOIN schedules s ON r.schedule_id = s.schedule_id
		ORDER BY COALESCE(r.sort_order,0), r.name;
2019-07-16T13:01:44+07:00 [3895] DEBUG sql - [User=Admin A. (ratchawan.j@vistec.ac.th)] MySql Query: SELECT COUNT(*) as total FROM (SELECT bi.*, r.resource_id, r.name, u.*, bs.description, bs.title, bs.repeat_type, bs.repeat_options, schedules.schedule_id
					FROM blackout_instances bi
					INNER JOIN blackout_series bs ON bi.blackout_series_id = bs.blackout_series_id
					INNER JOIN blackout_series_resources bsr ON  bi.blackout_series_id = bsr.blackout_series_id
					INNER JOIN resources r on bsr.resource_id = r.resource_id
					INNER JOIN schedules on r.schedule_id = schedules.schedule_id
					INNER JOIN users u ON u.user_id = bs.owner_id
		 WHERE 1=1 ORDER BY bi.start_date DESC) results;
2019-07-16T13:01:44+07:00 [3895] DEBUG sql - [User=Admin A. (ratchawan.j@vistec.ac.th)] MySql Query: SELECT bi.*, r.resource_id, r.name, u.*, bs.description, bs.title, bs.repeat_type, bs.repeat_options, schedules.schedule_id
					FROM blackout_instances bi
					INNER JOIN blackout_series bs ON bi.blackout_series_id = bs.blackout_series_id
					INNER JOIN blackout_series_resources bsr ON  bi.blackout_series_id = bsr.blackout_series_id
					INNER JOIN resources r on bsr.resource_id = r.resource_id
					INNER JOIN schedules on r.schedule_id = schedules.schedule_id
					INNER JOIN users u ON u.user_id = bs.owner_id
		 WHERE 1=1 ORDER BY bi.start_date DESC LIMIT 20 OFFSET 0;
