2019-03-22T08:00:44+07:00 [4808] DEBUG default - [User=Admin A. (ratchawan.j@vistec.ac.th)] Action passed all validations [File=/var/www/html/booking/Pages/ActionPage.php,Line=108]
2019-03-22T08:00:44+07:00 [4808] DEBUG default - [User=Admin A. (ratchawan.j@vistec.ac.th)] Processing page action. Action addUserPermission [File=/var/www/html/booking/Presenters/ActionPresenter.php,Line=88]
2019-03-22T08:06:29+07:00 [14862] DEBUG default - [User=Admin A. (ratchawan.j@vistec.ac.th)] Acco CREATE_DATE is 2019-03-20 20:21:35 [File=/var/www/html/booking/Domain/Announcement.php,Line=171]
2019-03-22T08:06:29+07:00 [14862] DEBUG default - [User=Admin A. (ratchawan.j@vistec.ac.th)] Acco CREATE_DATE is 2019-03-18 11:42:19 [File=/var/www/html/booking/Domain/Announcement.php,Line=171]
2019-03-22T08:06:29+07:00 [14862] DEBUG default - [User=Admin A. (ratchawan.j@vistec.ac.th)] Acco CREATE_DATE is 2019-03-18 11:44:48 [File=/var/www/html/booking/Domain/Announcement.php,Line=171]
2019-03-22T08:06:29+07:00 [14862] DEBUG default - [User=Admin A. (ratchawan.j@vistec.ac.th)] Acco CREATE_DATE is 2019-03-11 10:50:07 [File=/var/www/html/booking/Domain/Announcement.php,Line=171]
2019-03-22T08:13:29+07:00 [14862] DEBUG default - [User=Admin A. (ratchawan.j@vistec.ac.th)] Action passed all validations [File=/var/www/html/booking/Pages/ActionPage.php,Line=108]
2019-03-22T08:13:29+07:00 [14862] DEBUG default - [User=Admin A. (ratchawan.j@vistec.ac.th)] Processing page action. Action addAnnouncement [File=/var/www/html/booking/Presenters/ActionPresenter.php,Line=88]
2019-03-22T08:13:29+07:00 [14862] DEBUG default - [User=Admin A. (ratchawan.j@vistec.ac.th)] Adding new Announcement [File=/var/www/html/booking/Presenters/Admin/ManageAnnouncementsPresenter.php,Line=115]
2019-03-22T08:13:29+07:00 [14862] DEBUG default - [User=Admin A. (ratchawan.j@vistec.ac.th)] Create new Announcement [File=/var/www/html/booking/Domain/Announcement.php,Line=201]
2019-03-22T08:13:29+07:00 [4800] DEBUG default - [User=Admin A. (ratchawan.j@vistec.ac.th)] Acco CREATE_DATE is 2019-03-22 08:13:29 [File=/var/www/html/booking/Domain/Announcement.php,Line=171]
2019-03-22T08:13:29+07:00 [4800] DEBUG default - [User=Admin A. (ratchawan.j@vistec.ac.th)] Acco CREATE_DATE is 2019-03-20 20:21:35 [File=/var/www/html/booking/Domain/Announcement.php,Line=171]
2019-03-22T08:13:29+07:00 [4800] DEBUG default - [User=Admin A. (ratchawan.j@vistec.ac.th)] Acco CREATE_DATE is 2019-03-18 11:42:19 [File=/var/www/html/booking/Domain/Announcement.php,Line=171]
2019-03-22T08:13:29+07:00 [4800] DEBUG default - [User=Admin A. (ratchawan.j@vistec.ac.th)] Acco CREATE_DATE is 2019-03-18 11:44:48 [File=/var/www/html/booking/Domain/Announcement.php,Line=171]
2019-03-22T08:13:29+07:00 [4800] DEBUG default - [User=Admin A. (ratchawan.j@vistec.ac.th)] Acco CREATE_DATE is 2019-03-11 10:50:07 [File=/var/www/html/booking/Domain/Announcement.php,Line=171]
2019-03-22T08:14:22+07:00 [4808] DEBUG default - [User=Admin A. (ratchawan.j@vistec.ac.th)] Acco CREATE_DATE is 2019-03-22 08:13:29 [File=/var/www/html/booking/Domain/Announcement.php,Line=171]
2019-03-22T08:14:22+07:00 [4808] DEBUG default - [User=Admin A. (ratchawan.j@vistec.ac.th)] Acco CREATE_DATE is 2019-03-20 20:21:35 [File=/var/www/html/booking/Domain/Announcement.php,Line=171]
2019-03-22T08:14:22+07:00 [4808] DEBUG default - [User=Admin A. (ratchawan.j@vistec.ac.th)] Acco CREATE_DATE is 2019-03-18 11:42:19 [File=/var/www/html/booking/Domain/Announcement.php,Line=171]
2019-03-22T08:14:22+07:00 [4808] DEBUG default - [User=Admin A. (ratchawan.j@vistec.ac.th)] Acco CREATE_DATE is 2019-03-18 11:44:48 [File=/var/www/html/booking/Domain/Announcement.php,Line=171]
2019-03-22T08:14:22+07:00 [4808] DEBUG default - [User=Admin A. (ratchawan.j@vistec.ac.th)] Acco CREATE_DATE is 2019-03-11 10:50:07 [File=/var/www/html/booking/Domain/Announcement.php,Line=171]
2019-03-22T08:15:13+07:00 [14862] DEBUG default - [User=Admin A. (ratchawan.j@vistec.ac.th)] Acco CREATE_DATE is 2019-03-22 08:13:29 [File=/var/www/html/booking/Domain/Announcement.php,Line=171]
2019-03-22T08:15:13+07:00 [14862] DEBUG default - [User=Admin A. (ratchawan.j@vistec.ac.th)] Acco CREATE_DATE is 2019-03-20 20:21:35 [File=/var/www/html/booking/Domain/Announcement.php,Line=171]
2019-03-22T08:15:13+07:00 [14862] DEBUG default - [User=Admin A. (ratchawan.j@vistec.ac.th)] Acco CREATE_DATE is 2019-03-18 11:42:19 [File=/var/www/html/booking/Domain/Announcement.php,Line=171]
2019-03-22T08:15:13+07:00 [14862] DEBUG default - [User=Admin A. (ratchawan.j@vistec.ac.th)] Acco CREATE_DATE is 2019-03-18 11:44:48 [File=/var/www/html/booking/Domain/Announcement.php,Line=171]
2019-03-22T08:15:13+07:00 [14862] DEBUG default - [User=Admin A. (ratchawan.j@vistec.ac.th)] Acco CREATE_DATE is 2019-03-11 10:50:07 [File=/var/www/html/booking/Domain/Announcement.php,Line=171]
2019-03-22T08:15:38+07:00 [4800] DEBUG default - [User=Admin A. (ratchawan.j@vistec.ac.th)] Action passed all validations [File=/var/www/html/booking/Pages/ActionPage.php,Line=108]
2019-03-22T08:15:38+07:00 [4800] DEBUG default - [User=Admin A. (ratchawan.j@vistec.ac.th)] Processing page action. Action deleteAnnouncement [File=/var/www/html/booking/Presenters/ActionPresenter.php,Line=88]
2019-03-22T08:15:38+07:00 [4800] DEBUG default - [User=Admin A. (ratchawan.j@vistec.ac.th)] Deleting Announcement with id 9 [File=/var/www/html/booking/Presenters/Admin/ManageAnnouncementsPresenter.php,Line=157]
2019-03-22T08:15:38+07:00 [4808] DEBUG default - [User=Admin A. (ratchawan.j@vistec.ac.th)] Acco CREATE_DATE is 2019-03-20 20:21:35 [File=/var/www/html/booking/Domain/Announcement.php,Line=171]
2019-03-22T08:15:38+07:00 [4808] DEBUG default - [User=Admin A. (ratchawan.j@vistec.ac.th)] Acco CREATE_DATE is 2019-03-18 11:42:19 [File=/var/www/html/booking/Domain/Announcement.php,Line=171]
2019-03-22T08:15:38+07:00 [4808] DEBUG default - [User=Admin A. (ratchawan.j@vistec.ac.th)] Acco CREATE_DATE is 2019-03-18 11:44:48 [File=/var/www/html/booking/Domain/Announcement.php,Line=171]
2019-03-22T08:15:38+07:00 [4808] DEBUG default - [User=Admin A. (ratchawan.j@vistec.ac.th)] Acco CREATE_DATE is 2019-03-11 10:50:07 [File=/var/www/html/booking/Domain/Announcement.php,Line=171]
2019-03-22T08:16:24+07:00 [4808] DEBUG default - [User=Admin A. (ratchawan.j@vistec.ac.th)] Acco CREATE_DATE is 2019-03-20 20:21:35 [File=/var/www/html/booking/Domain/Announcement.php,Line=171]
2019-03-22T08:16:24+07:00 [4808] DEBUG default - [User=Admin A. (ratchawan.j@vistec.ac.th)] Acco CREATE_DATE is 2019-03-18 11:42:19 [File=/var/www/html/booking/Domain/Announcement.php,Line=171]
2019-03-22T08:16:24+07:00 [4808] DEBUG default - [User=Admin A. (ratchawan.j@vistec.ac.th)] Acco CREATE_DATE is 2019-03-18 11:44:48 [File=/var/www/html/booking/Domain/Announcement.php,Line=171]
2019-03-22T08:16:24+07:00 [4808] DEBUG default - [User=Admin A. (ratchawan.j@vistec.ac.th)] Acco CREATE_DATE is 2019-03-11 10:50:07 [File=/var/www/html/booking/Domain/Announcement.php,Line=171]
2019-03-22T08:35:07+07:00 [4800] DEBUG default - [User=Admin A. (ratchawan.j@vistec.ac.th)] Action passed all validations [File=/var/www/html/booking/Pages/ActionPage.php,Line=108]
2019-03-22T08:35:07+07:00 [4800] DEBUG default - [User=Admin A. (ratchawan.j@vistec.ac.th)] Processing page action. Action removeUserPermission [File=/var/www/html/booking/Presenters/ActionPresenter.php,Line=88]
2019-03-22T08:52:46+07:00 [4808] DEBUG default - [User=Admin A. (ratchawan.j@vistec.ac.th)] Action passed all validations [File=/var/www/html/booking/Pages/ActionPage.php,Line=108]
2019-03-22T08:52:46+07:00 [4808] DEBUG default - [User=Admin A. (ratchawan.j@vistec.ac.th)] Processing page action. Action addAttribute [File=/var/www/html/booking/Presenters/ActionPresenter.php,Line=88]
2019-03-22T08:52:46+07:00 [4808] DEBUG default - [User=Admin A. (ratchawan.j@vistec.ac.th)] Adding new attribute named: Type of sample [File=/var/www/html/booking/Presenters/Admin/ManageAttributesPresenter.php,Line=71]
2019-03-22T08:57:14+07:00 [4808] DEBUG default - [User=Admin A. (ratchawan.j@vistec.ac.th)] Action passed all validations [File=/var/www/html/booking/Pages/ActionPage.php,Line=108]
2019-03-22T08:57:14+07:00 [4808] DEBUG default - [User=Admin A. (ratchawan.j@vistec.ac.th)] Processing page action. Action updateAttribute [File=/var/www/html/booking/Presenters/ActionPresenter.php,Line=88]
2019-03-22T08:57:14+07:00 [4808] DEBUG default - [User=Admin A. (ratchawan.j@vistec.ac.th)] Updating attribute with id: 37 [File=/var/www/html/booking/Presenters/Admin/ManageAttributesPresenter.php,Line=98]
2019-03-22T08:59:43+07:00 [4800] DEBUG default - [User=Admin A. (ratchawan.j@vistec.ac.th)] Action passed all validations [File=/var/www/html/booking/Pages/ActionPage.php,Line=108]
2019-03-22T08:59:43+07:00 [4800] DEBUG default - [User=Admin A. (ratchawan.j@vistec.ac.th)] Processing page action. Action updateAttribute [File=/var/www/html/booking/Presenters/ActionPresenter.php,Line=88]
2019-03-22T08:59:43+07:00 [4800] DEBUG default - [User=Admin A. (ratchawan.j@vistec.ac.th)] Updating attribute with id: 37 [File=/var/www/html/booking/Presenters/Admin/ManageAttributesPresenter.php,Line=98]
2019-03-22T09:01:57+07:00 [4808] DEBUG default - [User=Admin A. (ratchawan.j@vistec.ac.th)] Action passed all validations [File=/var/www/html/booking/Pages/ActionPage.php,Line=108]
2019-03-22T09:01:57+07:00 [4808] DEBUG default - [User=Admin A. (ratchawan.j@vistec.ac.th)] Processing page action. Action updateAttribute [File=/var/www/html/booking/Presenters/ActionPresenter.php,Line=88]
2019-03-22T09:01:57+07:00 [4808] DEBUG default - [User=Admin A. (ratchawan.j@vistec.ac.th)] Updating attribute with id: 37 [File=/var/www/html/booking/Presenters/Admin/ManageAttributesPresenter.php,Line=98]
2019-03-22T10:31:30+07:00 [4808] DEBUG default - [User=Admin A. (ratchawan.j@vistec.ac.th)] Action passed all validations [File=/var/www/html/booking/Pages/ActionPage.php,Line=108]
2019-03-22T10:31:30+07:00 [4808] DEBUG default - [User=Admin A. (ratchawan.j@vistec.ac.th)] Processing page action. Action addUserPermission [File=/var/www/html/booking/Presenters/ActionPresenter.php,Line=88]
2019-03-22T11:03:13+07:00 [4808] DEBUG default - [User=Admin A. (ratchawan.j@vistec.ac.th)] Action passed all validations [File=/var/www/html/booking/Pages/ActionPage.php,Line=108]
2019-03-22T11:03:13+07:00 [4808] DEBUG default - [User=Admin A. (ratchawan.j@vistec.ac.th)] Processing page action. Action addUserPermission [File=/var/www/html/booking/Presenters/ActionPresenter.php,Line=88]
2019-03-22T11:03:21+07:00 [23803] DEBUG default - [User=Admin A. (ratchawan.j@vistec.ac.th)] Action passed all validations [File=/var/www/html/booking/Pages/ActionPage.php,Line=108]
2019-03-22T11:03:21+07:00 [23803] DEBUG default - [User=Admin A. (ratchawan.j@vistec.ac.th)] Processing page action. Action addUserPermission [File=/var/www/html/booking/Presenters/ActionPresenter.php,Line=88]
2019-03-22T13:42:37+07:00 [4800] DEBUG default - [User=Admin A. (napatsorn.m@vistec.ac.th)] Loading validators for permissions [File=/var/www/html/booking/Presenters/Admin/ManageUsersPresenter.php,Line=418]
2019-03-22T13:42:37+07:00 [4800] DEBUG default - [User=Admin A. (napatsorn.m@vistec.ac.th)] Action passed all validations [File=/var/www/html/booking/Pages/ActionPage.php,Line=108]
2019-03-22T13:42:37+07:00 [4800] DEBUG default - [User=Admin A. (napatsorn.m@vistec.ac.th)] Processing page action. Action permissions [File=/var/www/html/booking/Presenters/ActionPresenter.php,Line=88]
2019-03-22T15:10:28+07:00 [23803] DEBUG default - [User=Admin A. (napatsorn.m@vistec.ac.th)] Loading validators for permissions [File=/var/www/html/booking/Presenters/Admin/ManageUsersPresenter.php,Line=418]
2019-03-22T15:10:28+07:00 [23803] DEBUG default - [User=Admin A. (napatsorn.m@vistec.ac.th)] Action passed all validations [File=/var/www/html/booking/Pages/ActionPage.php,Line=108]
2019-03-22T15:10:28+07:00 [23803] DEBUG default - [User=Admin A. (napatsorn.m@vistec.ac.th)] Processing page action. Action permissions [File=/var/www/html/booking/Presenters/ActionPresenter.php,Line=88]
2019-03-22T16:12:10+07:00 [23803] DEBUG default - [User=Admin A. (meshaya.p@vistec.ac.th)] Action passed all validations [File=/var/www/html/booking/Pages/ActionPage.php,Line=108]
2019-03-22T16:12:10+07:00 [23803] DEBUG default - [User=Admin A. (meshaya.p@vistec.ac.th)] Processing page action. Action addUserPermission [File=/var/www/html/booking/Presenters/ActionPresenter.php,Line=88]
2019-03-22T16:41:36+07:00 [4800] DEBUG default - [User=Admin A. (ratchawan.j@vistec.ac.th)] Action passed all validations [File=/var/www/html/booking/Pages/ActionPage.php,Line=108]
2019-03-22T16:41:36+07:00 [4800] DEBUG default - [User=Admin A. (ratchawan.j@vistec.ac.th)] Processing page action. Action addUserPermission [File=/var/www/html/booking/Presenters/ActionPresenter.php,Line=88]
2019-03-22T16:41:47+07:00 [23803] DEBUG default - [User=Admin A. (ratchawan.j@vistec.ac.th)] Action passed all validations [File=/var/www/html/booking/Pages/ActionPage.php,Line=108]
2019-03-22T16:41:47+07:00 [23803] DEBUG default - [User=Admin A. (ratchawan.j@vistec.ac.th)] Processing page action. Action addUserPermission [File=/var/www/html/booking/Presenters/ActionPresenter.php,Line=88]
2019-03-22T16:41:57+07:00 [23803] DEBUG default - [User=Admin A. (ratchawan.j@vistec.ac.th)] Action passed all validations [File=/var/www/html/booking/Pages/ActionPage.php,Line=108]
2019-03-22T16:41:57+07:00 [23803] DEBUG default - [User=Admin A. (ratchawan.j@vistec.ac.th)] Processing page action. Action addUserPermission [File=/var/www/html/booking/Presenters/ActionPresenter.php,Line=88]
