2019-12-11T09:03:18+07:00 [17595] DEBUG default - [User=Thassanat Atithep (Thassanant.a@vistec.ac.th)] Acco CREATE_DATE is 2019-12-09 12:07:08 [File=/var/www/html/booking/Domain/Announcement.php,Line=171]
2019-12-11T09:03:18+07:00 [17595] DEBUG default - [User=Thassanat Atithep (Thassanant.a@vistec.ac.th)] Acco CREATE_DATE is 2019-11-26 16:43:10 [File=/var/www/html/booking/Domain/Announcement.php,Line=171]
2019-12-11T09:03:18+07:00 [17595] DEBUG default - [User=Thassanat Atithep (Thassanant.a@vistec.ac.th)] Acco CREATE_DATE is 2019-11-22 10:35:38 [File=/var/www/html/booking/Domain/Announcement.php,Line=171]
2019-12-11T09:03:18+07:00 [17595] DEBUG default - [User=Thassanat Atithep (Thassanant.a@vistec.ac.th)] Acco CREATE_DATE is 2019-11-22 15:28:23 [File=/var/www/html/booking/Domain/Announcement.php,Line=171]
2019-12-11T09:03:18+07:00 [17595] DEBUG default - [User=Thassanat Atithep (Thassanant.a@vistec.ac.th)] Acco CREATE_DATE is 2019-11-18 09:07:14 [File=/var/www/html/booking/Domain/Announcement.php,Line=171]
2019-12-11T09:03:18+07:00 [17595] DEBUG default - [User=Thassanat Atithep (Thassanant.a@vistec.ac.th)] Acco CREATE_DATE is 2019-11-12 10:05:53 [File=/var/www/html/booking/Domain/Announcement.php,Line=171]
2019-12-11T09:03:18+07:00 [17595] DEBUG default - [User=Thassanat Atithep (Thassanant.a@vistec.ac.th)] Acco CREATE_DATE is 2019-11-11 21:08:53 [File=/var/www/html/booking/Domain/Announcement.php,Line=171]
2019-12-11T09:03:18+07:00 [17595] DEBUG default - [User=Thassanat Atithep (Thassanant.a@vistec.ac.th)] Acco CREATE_DATE is 2019-10-22 13:24:47 [File=/var/www/html/booking/Domain/Announcement.php,Line=171]
2019-12-11T09:03:18+07:00 [17595] DEBUG default - [User=Thassanat Atithep (Thassanant.a@vistec.ac.th)] Acco CREATE_DATE is 2019-08-19 10:40:33 [File=/var/www/html/booking/Domain/Announcement.php,Line=171]
2019-12-11T09:03:18+07:00 [17595] DEBUG default - [User=Thassanat Atithep (Thassanant.a@vistec.ac.th)] Acco CREATE_DATE is 2019-10-17 15:10:50 [File=/var/www/html/booking/Domain/Announcement.php,Line=171]
2019-12-11T09:03:18+07:00 [17595] DEBUG default - [User=Thassanat Atithep (Thassanant.a@vistec.ac.th)] Acco CREATE_DATE is 2019-10-17 16:12:14 [File=/var/www/html/booking/Domain/Announcement.php,Line=171]
2019-12-11T09:03:18+07:00 [17595] DEBUG default - [User=Thassanat Atithep (Thassanant.a@vistec.ac.th)] Acco CREATE_DATE is 2019-10-16 10:03:16 [File=/var/www/html/booking/Domain/Announcement.php,Line=171]
2019-12-11T09:03:18+07:00 [17595] DEBUG default - [User=Thassanat Atithep (Thassanant.a@vistec.ac.th)] Acco CREATE_DATE is 2019-10-16 19:25:07 [File=/var/www/html/booking/Domain/Announcement.php,Line=171]
2019-12-11T09:03:18+07:00 [17595] DEBUG default - [User=Thassanat Atithep (Thassanant.a@vistec.ac.th)] Acco CREATE_DATE is 2019-10-15 13:14:03 [File=/var/www/html/booking/Domain/Announcement.php,Line=171]
2019-12-11T09:03:18+07:00 [17595] DEBUG default - [User=Thassanat Atithep (Thassanant.a@vistec.ac.th)] Acco CREATE_DATE is 2019-10-15 13:15:44 [File=/var/www/html/booking/Domain/Announcement.php,Line=171]
2019-12-11T09:03:18+07:00 [17595] DEBUG default - [User=Thassanat Atithep (Thassanant.a@vistec.ac.th)] Acco CREATE_DATE is 2019-10-09 15:34:29 [File=/var/www/html/booking/Domain/Announcement.php,Line=171]
2019-12-11T09:03:18+07:00 [17595] DEBUG default - [User=Thassanat Atithep (Thassanant.a@vistec.ac.th)] Acco CREATE_DATE is 2019-09-24 13:28:05 [File=/var/www/html/booking/Domain/Announcement.php,Line=171]
2019-12-11T09:03:18+07:00 [17595] DEBUG default - [User=Thassanat Atithep (Thassanant.a@vistec.ac.th)] Acco CREATE_DATE is 2019-09-10 13:28:43 [File=/var/www/html/booking/Domain/Announcement.php,Line=171]
2019-12-11T09:03:18+07:00 [17595] DEBUG default - [User=Thassanat Atithep (Thassanant.a@vistec.ac.th)] Acco CREATE_DATE is 2019-08-20 15:48:25 [File=/var/www/html/booking/Domain/Announcement.php,Line=171]
2019-12-11T09:03:18+07:00 [17595] DEBUG default - [User=Thassanat Atithep (Thassanant.a@vistec.ac.th)] Acco CREATE_DATE is 2019-08-16 10:40:13 [File=/var/www/html/booking/Domain/Announcement.php,Line=171]
2019-12-11T09:05:58+07:00 [17595] DEBUG default - [User=Thassanat Atithep (Thassanant.a@vistec.ac.th)] added FilterStartDateDelta [File=/var/www/html/booking/Domain/Values/UserPreferences.php,Line=113]
2019-12-11T09:05:58+07:00 [17595] DEBUG default - [User=Thassanat Atithep (Thassanant.a@vistec.ac.th)] added FilterEndDateDelta [File=/var/www/html/booking/Domain/Values/UserPreferences.php,Line=113]
2019-12-11T09:05:58+07:00 [17595] DEBUG default - [User=Thassanat Atithep (Thassanant.a@vistec.ac.th)] added FilterUserId [File=/var/www/html/booking/Domain/Values/UserPreferences.php,Line=113]
2019-12-11T09:05:58+07:00 [17595] DEBUG default - [User=Thassanat Atithep (Thassanant.a@vistec.ac.th)] added FilterUserName [File=/var/www/html/booking/Domain/Values/UserPreferences.php,Line=113]
2019-12-11T09:05:58+07:00 [17595] DEBUG default - [User=Thassanat Atithep (Thassanant.a@vistec.ac.th)] added FilterScheduleId [File=/var/www/html/booking/Domain/Values/UserPreferences.php,Line=113]
2019-12-11T09:05:58+07:00 [17595] DEBUG default - [User=Thassanat Atithep (Thassanant.a@vistec.ac.th)] added FilterResourceId [File=/var/www/html/booking/Domain/Values/UserPreferences.php,Line=113]
2019-12-11T09:05:58+07:00 [17595] DEBUG default - [User=Thassanat Atithep (Thassanant.a@vistec.ac.th)] added FilterReservationStatusId [File=/var/www/html/booking/Domain/Values/UserPreferences.php,Line=113]
2019-12-11T09:05:58+07:00 [17595] DEBUG default - [User=Thassanat Atithep (Thassanant.a@vistec.ac.th)] added FilterReferenceNumber [File=/var/www/html/booking/Domain/Values/UserPreferences.php,Line=113]
2019-12-11T09:05:58+07:00 [17595] DEBUG default - [User=Thassanat Atithep (Thassanant.a@vistec.ac.th)] added FilterResourceStatusId [File=/var/www/html/booking/Domain/Values/UserPreferences.php,Line=113]
2019-12-11T09:05:58+07:00 [17595] DEBUG default - [User=Thassanat Atithep (Thassanant.a@vistec.ac.th)] added FilterResourceReasonId [File=/var/www/html/booking/Domain/Values/UserPreferences.php,Line=113]
2019-12-11T09:05:58+07:00 [17595] DEBUG default - [User=Thassanat Atithep (Thassanant.a@vistec.ac.th)] added FilterCustomAttributes [File=/var/www/html/booking/Domain/Values/UserPreferences.php,Line=113]
2019-12-11T09:07:14+07:00 [17595] DEBUG default - [User=Thassanat Atithep (Thassanant.a@vistec.ac.th)] Action passed all validations [File=/var/www/html/booking/Pages/ActionPage.php,Line=108]
2019-12-11T09:07:14+07:00 [17595] DEBUG default - [User=Thassanat Atithep (Thassanant.a@vistec.ac.th)] Processing page action. Action changeStatus [File=/var/www/html/booking/Presenters/ActionPresenter.php,Line=88]
2019-12-11T09:07:14+07:00 [17595] DEBUG default - [User=Thassanat Atithep (Thassanant.a@vistec.ac.th)] Changing resource status. ResourceId: 25 [File=/var/www/html/booking/Presenters/Admin/ManageResourcesPresenter.php,Line=421]
2019-12-11T10:27:44+07:00 [17598] DEBUG default - [User=Thassanat Atithep (Thassanant.a@vistec.ac.th)] Action passed all validations [File=/var/www/html/booking/Pages/ActionPage.php,Line=108]
2019-12-11T10:27:44+07:00 [17598] DEBUG default - [User=Thassanat Atithep (Thassanant.a@vistec.ac.th)] Processing page action. Action load [File=/var/www/html/booking/Presenters/ActionPresenter.php,Line=88]
2019-12-11T10:27:44+07:00 [17598] DEBUG default - [User=Thassanat Atithep (Thassanant.a@vistec.ac.th)] Loading blackout for editing. Id=91 [File=/var/www/html/booking/Presenters/Admin/ManageBlackoutsPresenter.php,Line=254]
