2019-10-22T13:19:16+07:00 [2796] DEBUG default - [User=Surapoj Sanram (surapoj.s@vistec.ac.th)] Action passed all validations [File=/var/www/html/booking/Pages/ActionPage.php,Line=108]
2019-10-22T13:19:16+07:00 [2796] DEBUG default - [User=Surapoj Sanram (surapoj.s@vistec.ac.th)] Processing page action. Action rename [File=/var/www/html/booking/Presenters/ActionPresenter.php,Line=88]
2019-10-22T13:20:00+07:00 [10524] DEBUG default - [User=Surapoj Sanram (surapoj.s@vistec.ac.th)] Action passed all validations [File=/var/www/html/booking/Pages/ActionPage.php,Line=108]
2019-10-22T13:20:00+07:00 [10524] DEBUG default - [User=Surapoj Sanram (surapoj.s@vistec.ac.th)] Processing page action. Action add [File=/var/www/html/booking/Presenters/ActionPresenter.php,Line=88]
2019-10-22T13:20:00+07:00 [10524] DEBUG default - [User=Surapoj Sanram (surapoj.s@vistec.ac.th)] Adding new resource with name: HPLC-Fraction Collectors, scheduleId: 1, autoAssign: , resourceAdminGroupId  [File=/var/www/html/booking/Presenters/Admin/ManageResourcesPresenter.php,Line=214]
2019-10-22T13:20:33+07:00 [10524] DEBUG default - [User=Surapoj Sanram (surapoj.s@vistec.ac.th)] Action passed all validations [File=/var/www/html/booking/Pages/ActionPage.php,Line=108]
2019-10-22T13:20:33+07:00 [10524] DEBUG default - [User=Surapoj Sanram (surapoj.s@vistec.ac.th)] Processing page action. Action image [File=/var/www/html/booking/Presenters/ActionPresenter.php,Line=88]
2019-10-22T13:20:33+07:00 [10524] DEBUG default - [User=Surapoj Sanram (surapoj.s@vistec.ac.th)] Changing resource image for resource id 32 [File=/var/www/html/booking/Presenters/Admin/ManageResourcesPresenter.php,Line=344]
2019-10-22T13:20:34+07:00 [10524] DEBUG default - [User=Surapoj Sanram (surapoj.s@vistec.ac.th)] Saving resource image ../../Web/uploads/images/resource32.jpg [File=/var/www/html/booking/Presenters/Admin/ManageResourcesPresenter.php,Line=402]
2019-10-22T13:20:43+07:00 [2796] DEBUG default - [User=Surapoj Sanram (surapoj.s@vistec.ac.th)] Action passed all validations [File=/var/www/html/booking/Pages/ActionPage.php,Line=108]
2019-10-22T13:20:43+07:00 [2796] DEBUG default - [User=Surapoj Sanram (surapoj.s@vistec.ac.th)] Processing page action. Action changeResourceType [File=/var/www/html/booking/Presenters/ActionPresenter.php,Line=88]
2019-10-22T13:20:43+07:00 [2796] DEBUG default - [User=Surapoj Sanram (surapoj.s@vistec.ac.th)] Changing resource type for resource 32 [File=/var/www/html/booking/Presenters/Admin/ManageResourcesPresenter.php,Line=519]
2019-10-22T13:21:01+07:00 [10524] DEBUG default - [User=Surapoj Sanram (surapoj.s@vistec.ac.th)] Action passed all validations [File=/var/www/html/booking/Pages/ActionPage.php,Line=108]
2019-10-22T13:21:01+07:00 [10524] DEBUG default - [User=Surapoj Sanram (surapoj.s@vistec.ac.th)] Processing page action. Action contact [File=/var/www/html/booking/Presenters/ActionPresenter.php,Line=88]
2019-10-22T13:21:09+07:00 [13609] DEBUG default - [User=Surapoj Sanram (surapoj.s@vistec.ac.th)] Action passed all validations [File=/var/www/html/booking/Pages/ActionPage.php,Line=108]
2019-10-22T13:21:09+07:00 [13609] DEBUG default - [User=Surapoj Sanram (surapoj.s@vistec.ac.th)] Processing page action. Action location [File=/var/www/html/booking/Presenters/ActionPresenter.php,Line=88]
2019-10-22T13:21:16+07:00 [2796] DEBUG default - [User=Surapoj Sanram (surapoj.s@vistec.ac.th)] Action passed all validations [File=/var/www/html/booking/Pages/ActionPage.php,Line=108]
2019-10-22T13:21:16+07:00 [2796] DEBUG default - [User=Surapoj Sanram (surapoj.s@vistec.ac.th)] Processing page action. Action notes [File=/var/www/html/booking/Presenters/ActionPresenter.php,Line=88]
2019-10-22T13:23:13+07:00 [13609] DEBUG default - [User=Surapoj Sanram (surapoj.s@vistec.ac.th)] Action passed all validations [File=/var/www/html/booking/Pages/ActionPage.php,Line=108]
2019-10-22T13:23:13+07:00 [13609] DEBUG default - [User=Surapoj Sanram (surapoj.s@vistec.ac.th)] Processing page action. Action description [File=/var/www/html/booking/Presenters/ActionPresenter.php,Line=88]
2019-10-22T13:24:47+07:00 [10524] DEBUG default - [User=Surapoj Sanram (surapoj.s@vistec.ac.th)] Action passed all validations [File=/var/www/html/booking/Pages/ActionPage.php,Line=108]
2019-10-22T13:24:47+07:00 [10524] DEBUG default - [User=Surapoj Sanram (surapoj.s@vistec.ac.th)] Processing page action. Action add [File=/var/www/html/booking/Presenters/ActionPresenter.php,Line=88]
2019-10-22T13:26:44+07:00 [2796] DEBUG default - [User=Surapoj Sanram (surapoj.s@vistec.ac.th)] Action passed all validations [File=/var/www/html/booking/Pages/ActionPage.php,Line=108]
2019-10-22T13:26:44+07:00 [2796] DEBUG default - [User=Surapoj Sanram (surapoj.s@vistec.ac.th)] Processing page action. Action changeAttribute [File=/var/www/html/booking/Presenters/ActionPresenter.php,Line=88]
2019-10-22T13:26:44+07:00 [2796] DEBUG default - [User=Surapoj Sanram (surapoj.s@vistec.ac.th)] Changing attributes. ResourceId=32, AttributeId=29, Value=Thermo Scientific [File=/var/www/html/booking/Presenters/Admin/ManageResourcesPresenter.php,Line=486]
2019-10-22T13:29:48+07:00 [13609] DEBUG default - [User=Surapoj Sanram (surapoj.s@vistec.ac.th)] Action passed all validations [File=/var/www/html/booking/Pages/ActionPage.php,Line=108]
2019-10-22T13:29:48+07:00 [13609] DEBUG default - [User=Surapoj Sanram (surapoj.s@vistec.ac.th)] Processing page action. Action changeAttribute [File=/var/www/html/booking/Presenters/ActionPresenter.php,Line=88]
2019-10-22T13:29:48+07:00 [13609] DEBUG default - [User=Surapoj Sanram (surapoj.s@vistec.ac.th)] Changing attributes. ResourceId=32, AttributeId=29, Value=Thermo Scientific; HPLC(Ultimate3000), and Fraction Collectors [File=/var/www/html/booking/Presenters/Admin/ManageResourcesPresenter.php,Line=486]
2019-10-22T13:38:14+07:00 [13609] DEBUG default - [User=Surapoj Sanram (surapoj.s@vistec.ac.th)] Action passed all validations [File=/var/www/html/booking/Pages/ActionPage.php,Line=108]
2019-10-22T13:38:14+07:00 [13609] DEBUG default - [User=Surapoj Sanram (surapoj.s@vistec.ac.th)] Processing page action. Action contact [File=/var/www/html/booking/Presenters/ActionPresenter.php,Line=88]
2019-10-22T13:38:49+07:00 [13609] DEBUG default - [User=Surapoj Sanram (surapoj.s@vistec.ac.th)] Action passed all validations [File=/var/www/html/booking/Pages/ActionPage.php,Line=108]
2019-10-22T13:38:49+07:00 [13609] DEBUG default - [User=Surapoj Sanram (surapoj.s@vistec.ac.th)] Processing page action. Action addUserPermission [File=/var/www/html/booking/Presenters/ActionPresenter.php,Line=88]
2019-10-22T13:38:50+07:00 [10524] DEBUG default - [User=Surapoj Sanram (surapoj.s@vistec.ac.th)] Action passed all validations [File=/var/www/html/booking/Pages/ActionPage.php,Line=108]
2019-10-22T13:38:50+07:00 [10524] DEBUG default - [User=Surapoj Sanram (surapoj.s@vistec.ac.th)] Processing page action. Action addUserPermission [File=/var/www/html/booking/Presenters/ActionPresenter.php,Line=88]
2019-10-22T13:38:51+07:00 [2796] DEBUG default - [User=Surapoj Sanram (surapoj.s@vistec.ac.th)] Action passed all validations [File=/var/www/html/booking/Pages/ActionPage.php,Line=108]
2019-10-22T13:38:51+07:00 [2796] DEBUG default - [User=Surapoj Sanram (surapoj.s@vistec.ac.th)] Processing page action. Action addUserPermission [File=/var/www/html/booking/Presenters/ActionPresenter.php,Line=88]
2019-10-22T13:38:51+07:00 [13609] DEBUG default - [User=Surapoj Sanram (surapoj.s@vistec.ac.th)] Action passed all validations [File=/var/www/html/booking/Pages/ActionPage.php,Line=108]
2019-10-22T13:38:51+07:00 [13609] DEBUG default - [User=Surapoj Sanram (surapoj.s@vistec.ac.th)] Processing page action. Action addUserPermission [File=/var/www/html/booking/Presenters/ActionPresenter.php,Line=88]
2019-10-22T13:38:52+07:00 [10524] DEBUG default - [User=Surapoj Sanram (surapoj.s@vistec.ac.th)] Action passed all validations [File=/var/www/html/booking/Pages/ActionPage.php,Line=108]
2019-10-22T13:38:52+07:00 [10524] DEBUG default - [User=Surapoj Sanram (surapoj.s@vistec.ac.th)] Processing page action. Action addUserPermission [File=/var/www/html/booking/Presenters/ActionPresenter.php,Line=88]
2019-10-22T13:38:52+07:00 [2796] DEBUG default - [User=Surapoj Sanram (surapoj.s@vistec.ac.th)] Action passed all validations [File=/var/www/html/booking/Pages/ActionPage.php,Line=108]
2019-10-22T13:38:52+07:00 [2796] DEBUG default - [User=Surapoj Sanram (surapoj.s@vistec.ac.th)] Processing page action. Action addUserPermission [File=/var/www/html/booking/Presenters/ActionPresenter.php,Line=88]
2019-10-22T13:38:53+07:00 [13609] DEBUG default - [User=Surapoj Sanram (surapoj.s@vistec.ac.th)] Action passed all validations [File=/var/www/html/booking/Pages/ActionPage.php,Line=108]
2019-10-22T13:38:53+07:00 [13609] DEBUG default - [User=Surapoj Sanram (surapoj.s@vistec.ac.th)] Processing page action. Action addUserPermission [File=/var/www/html/booking/Presenters/ActionPresenter.php,Line=88]
2019-10-22T13:38:53+07:00 [10524] DEBUG default - [User=Surapoj Sanram (surapoj.s@vistec.ac.th)] Action passed all validations [File=/var/www/html/booking/Pages/ActionPage.php,Line=108]
2019-10-22T13:38:53+07:00 [10524] DEBUG default - [User=Surapoj Sanram (surapoj.s@vistec.ac.th)] Processing page action. Action addUserPermission [File=/var/www/html/booking/Presenters/ActionPresenter.php,Line=88]
2019-10-22T13:38:53+07:00 [2796] DEBUG default - [User=Surapoj Sanram (surapoj.s@vistec.ac.th)] Action passed all validations [File=/var/www/html/booking/Pages/ActionPage.php,Line=108]
2019-10-22T13:38:53+07:00 [2796] DEBUG default - [User=Surapoj Sanram (surapoj.s@vistec.ac.th)] Processing page action. Action addUserPermission [File=/var/www/html/booking/Presenters/ActionPresenter.php,Line=88]
2019-10-22T13:38:54+07:00 [13609] DEBUG default - [User=Surapoj Sanram (surapoj.s@vistec.ac.th)] Action passed all validations [File=/var/www/html/booking/Pages/ActionPage.php,Line=108]
2019-10-22T13:38:54+07:00 [13609] DEBUG default - [User=Surapoj Sanram (surapoj.s@vistec.ac.th)] Processing page action. Action addUserPermission [File=/var/www/html/booking/Presenters/ActionPresenter.php,Line=88]
2019-10-22T13:38:54+07:00 [10524] DEBUG default - [User=Surapoj Sanram (surapoj.s@vistec.ac.th)] Action passed all validations [File=/var/www/html/booking/Pages/ActionPage.php,Line=108]
2019-10-22T13:38:54+07:00 [10524] DEBUG default - [User=Surapoj Sanram (surapoj.s@vistec.ac.th)] Processing page action. Action addUserPermission [File=/var/www/html/booking/Presenters/ActionPresenter.php,Line=88]
2019-10-22T13:38:55+07:00 [2796] DEBUG default - [User=Surapoj Sanram (surapoj.s@vistec.ac.th)] Action passed all validations [File=/var/www/html/booking/Pages/ActionPage.php,Line=108]
2019-10-22T13:38:55+07:00 [2796] DEBUG default - [User=Surapoj Sanram (surapoj.s@vistec.ac.th)] Processing page action. Action addUserPermission [File=/var/www/html/booking/Presenters/ActionPresenter.php,Line=88]
2019-10-22T13:38:55+07:00 [13609] DEBUG default - [User=Surapoj Sanram (surapoj.s@vistec.ac.th)] Action passed all validations [File=/var/www/html/booking/Pages/ActionPage.php,Line=108]
2019-10-22T13:38:55+07:00 [13609] DEBUG default - [User=Surapoj Sanram (surapoj.s@vistec.ac.th)] Processing page action. Action addUserPermission [File=/var/www/html/booking/Presenters/ActionPresenter.php,Line=88]
2019-10-22T13:38:56+07:00 [10524] DEBUG default - [User=Surapoj Sanram (surapoj.s@vistec.ac.th)] Action passed all validations [File=/var/www/html/booking/Pages/ActionPage.php,Line=108]
2019-10-22T13:38:56+07:00 [10524] DEBUG default - [User=Surapoj Sanram (surapoj.s@vistec.ac.th)] Processing page action. Action addUserPermission [File=/var/www/html/booking/Presenters/ActionPresenter.php,Line=88]
2019-10-22T13:38:56+07:00 [2796] DEBUG default - [User=Surapoj Sanram (surapoj.s@vistec.ac.th)] Action passed all validations [File=/var/www/html/booking/Pages/ActionPage.php,Line=108]
2019-10-22T13:38:56+07:00 [2796] DEBUG default - [User=Surapoj Sanram (surapoj.s@vistec.ac.th)] Processing page action. Action addUserPermission [File=/var/www/html/booking/Presenters/ActionPresenter.php,Line=88]
2019-10-22T13:38:57+07:00 [13609] DEBUG default - [User=Surapoj Sanram (surapoj.s@vistec.ac.th)] Action passed all validations [File=/var/www/html/booking/Pages/ActionPage.php,Line=108]
2019-10-22T13:38:57+07:00 [13609] DEBUG default - [User=Surapoj Sanram (surapoj.s@vistec.ac.th)] Processing page action. Action addUserPermission [File=/var/www/html/booking/Presenters/ActionPresenter.php,Line=88]
2019-10-22T13:38:57+07:00 [10524] DEBUG default - [User=Surapoj Sanram (surapoj.s@vistec.ac.th)] Action passed all validations [File=/var/www/html/booking/Pages/ActionPage.php,Line=108]
2019-10-22T13:38:57+07:00 [10524] DEBUG default - [User=Surapoj Sanram (surapoj.s@vistec.ac.th)] Processing page action. Action addUserPermission [File=/var/www/html/booking/Presenters/ActionPresenter.php,Line=88]
2019-10-22T13:38:58+07:00 [2796] DEBUG default - [User=Surapoj Sanram (surapoj.s@vistec.ac.th)] Action passed all validations [File=/var/www/html/booking/Pages/ActionPage.php,Line=108]
2019-10-22T13:38:58+07:00 [2796] DEBUG default - [User=Surapoj Sanram (surapoj.s@vistec.ac.th)] Processing page action. Action addUserPermission [File=/var/www/html/booking/Presenters/ActionPresenter.php,Line=88]
2019-10-22T13:38:59+07:00 [13609] DEBUG default - [User=Surapoj Sanram (surapoj.s@vistec.ac.th)] Action passed all validations [File=/var/www/html/booking/Pages/ActionPage.php,Line=108]
2019-10-22T13:38:59+07:00 [13609] DEBUG default - [User=Surapoj Sanram (surapoj.s@vistec.ac.th)] Processing page action. Action addUserPermission [File=/var/www/html/booking/Presenters/ActionPresenter.php,Line=88]
2019-10-22T13:39:00+07:00 [10524] DEBUG default - [User=Surapoj Sanram (surapoj.s@vistec.ac.th)] Action passed all validations [File=/var/www/html/booking/Pages/ActionPage.php,Line=108]
2019-10-22T13:39:00+07:00 [10524] DEBUG default - [User=Surapoj Sanram (surapoj.s@vistec.ac.th)] Processing page action. Action addUserPermission [File=/var/www/html/booking/Presenters/ActionPresenter.php,Line=88]
2019-10-22T13:39:01+07:00 [2796] DEBUG default - [User=Surapoj Sanram (surapoj.s@vistec.ac.th)] Action passed all validations [File=/var/www/html/booking/Pages/ActionPage.php,Line=108]
2019-10-22T13:39:01+07:00 [2796] DEBUG default - [User=Surapoj Sanram (surapoj.s@vistec.ac.th)] Processing page action. Action addUserPermission [File=/var/www/html/booking/Presenters/ActionPresenter.php,Line=88]
2019-10-22T13:39:02+07:00 [13609] DEBUG default - [User=Surapoj Sanram (surapoj.s@vistec.ac.th)] Action passed all validations [File=/var/www/html/booking/Pages/ActionPage.php,Line=108]
2019-10-22T13:39:02+07:00 [13609] DEBUG default - [User=Surapoj Sanram (surapoj.s@vistec.ac.th)] Processing page action. Action addUserPermission [File=/var/www/html/booking/Presenters/ActionPresenter.php,Line=88]
2019-10-22T13:39:03+07:00 [10524] DEBUG default - [User=Surapoj Sanram (surapoj.s@vistec.ac.th)] Action passed all validations [File=/var/www/html/booking/Pages/ActionPage.php,Line=108]
2019-10-22T13:39:03+07:00 [10524] DEBUG default - [User=Surapoj Sanram (surapoj.s@vistec.ac.th)] Processing page action. Action addUserPermission [File=/var/www/html/booking/Presenters/ActionPresenter.php,Line=88]
2019-10-22T13:39:03+07:00 [2796] DEBUG default - [User=Surapoj Sanram (surapoj.s@vistec.ac.th)] Action passed all validations [File=/var/www/html/booking/Pages/ActionPage.php,Line=108]
2019-10-22T13:39:03+07:00 [2796] DEBUG default - [User=Surapoj Sanram (surapoj.s@vistec.ac.th)] Processing page action. Action addUserPermission [File=/var/www/html/booking/Presenters/ActionPresenter.php,Line=88]
2019-10-22T13:39:04+07:00 [13609] DEBUG default - [User=Surapoj Sanram (surapoj.s@vistec.ac.th)] Action passed all validations [File=/var/www/html/booking/Pages/ActionPage.php,Line=108]
2019-10-22T13:39:04+07:00 [13609] DEBUG default - [User=Surapoj Sanram (surapoj.s@vistec.ac.th)] Processing page action. Action addUserPermission [File=/var/www/html/booking/Presenters/ActionPresenter.php,Line=88]
2019-10-22T13:39:04+07:00 [10524] DEBUG default - [User=Surapoj Sanram (surapoj.s@vistec.ac.th)] Action passed all validations [File=/var/www/html/booking/Pages/ActionPage.php,Line=108]
2019-10-22T13:39:04+07:00 [10524] DEBUG default - [User=Surapoj Sanram (surapoj.s@vistec.ac.th)] Processing page action. Action addUserPermission [File=/var/www/html/booking/Presenters/ActionPresenter.php,Line=88]
2019-10-22T13:39:05+07:00 [2796] DEBUG default - [User=Surapoj Sanram (surapoj.s@vistec.ac.th)] Action passed all validations [File=/var/www/html/booking/Pages/ActionPage.php,Line=108]
2019-10-22T13:39:05+07:00 [2796] DEBUG default - [User=Surapoj Sanram (surapoj.s@vistec.ac.th)] Processing page action. Action addUserPermission [File=/var/www/html/booking/Presenters/ActionPresenter.php,Line=88]
2019-10-22T13:39:05+07:00 [13609] DEBUG default - [User=Surapoj Sanram (surapoj.s@vistec.ac.th)] Action passed all validations [File=/var/www/html/booking/Pages/ActionPage.php,Line=108]
2019-10-22T13:39:05+07:00 [13609] DEBUG default - [User=Surapoj Sanram (surapoj.s@vistec.ac.th)] Processing page action. Action addUserPermission [File=/var/www/html/booking/Presenters/ActionPresenter.php,Line=88]
2019-10-22T13:39:07+07:00 [10524] DEBUG default - [User=Surapoj Sanram (surapoj.s@vistec.ac.th)] Action passed all validations [File=/var/www/html/booking/Pages/ActionPage.php,Line=108]
2019-10-22T13:39:07+07:00 [10524] DEBUG default - [User=Surapoj Sanram (surapoj.s@vistec.ac.th)] Processing page action. Action addUserPermission [File=/var/www/html/booking/Presenters/ActionPresenter.php,Line=88]
2019-10-22T13:39:08+07:00 [2796] DEBUG default - [User=Surapoj Sanram (surapoj.s@vistec.ac.th)] Action passed all validations [File=/var/www/html/booking/Pages/ActionPage.php,Line=108]
2019-10-22T13:39:08+07:00 [2796] DEBUG default - [User=Surapoj Sanram (surapoj.s@vistec.ac.th)] Processing page action. Action addUserPermission [File=/var/www/html/booking/Presenters/ActionPresenter.php,Line=88]
2019-10-22T13:39:09+07:00 [13609] DEBUG default - [User=Surapoj Sanram (surapoj.s@vistec.ac.th)] Action passed all validations [File=/var/www/html/booking/Pages/ActionPage.php,Line=108]
2019-10-22T13:39:09+07:00 [13609] DEBUG default - [User=Surapoj Sanram (surapoj.s@vistec.ac.th)] Processing page action. Action addUserPermission [File=/var/www/html/booking/Presenters/ActionPresenter.php,Line=88]
2019-10-22T13:39:10+07:00 [10524] DEBUG default - [User=Surapoj Sanram (surapoj.s@vistec.ac.th)] Action passed all validations [File=/var/www/html/booking/Pages/ActionPage.php,Line=108]
2019-10-22T13:39:10+07:00 [10524] DEBUG default - [User=Surapoj Sanram (surapoj.s@vistec.ac.th)] Processing page action. Action addUserPermission [File=/var/www/html/booking/Presenters/ActionPresenter.php,Line=88]
2019-10-22T13:39:11+07:00 [2796] DEBUG default - [User=Surapoj Sanram (surapoj.s@vistec.ac.th)] Action passed all validations [File=/var/www/html/booking/Pages/ActionPage.php,Line=108]
2019-10-22T13:39:11+07:00 [2796] DEBUG default - [User=Surapoj Sanram (surapoj.s@vistec.ac.th)] Processing page action. Action addUserPermission [File=/var/www/html/booking/Presenters/ActionPresenter.php,Line=88]
2019-10-22T13:39:12+07:00 [13609] DEBUG default - [User=Surapoj Sanram (surapoj.s@vistec.ac.th)] Action passed all validations [File=/var/www/html/booking/Pages/ActionPage.php,Line=108]
2019-10-22T13:39:12+07:00 [13609] DEBUG default - [User=Surapoj Sanram (surapoj.s@vistec.ac.th)] Processing page action. Action addUserPermission [File=/var/www/html/booking/Presenters/ActionPresenter.php,Line=88]
2019-10-22T13:39:12+07:00 [10524] DEBUG default - [User=Surapoj Sanram (surapoj.s@vistec.ac.th)] Action passed all validations [File=/var/www/html/booking/Pages/ActionPage.php,Line=108]
2019-10-22T13:39:12+07:00 [10524] DEBUG default - [User=Surapoj Sanram (surapoj.s@vistec.ac.th)] Processing page action. Action addUserPermission [File=/var/www/html/booking/Presenters/ActionPresenter.php,Line=88]
2019-10-22T13:39:13+07:00 [2796] DEBUG default - [User=Surapoj Sanram (surapoj.s@vistec.ac.th)] Action passed all validations [File=/var/www/html/booking/Pages/ActionPage.php,Line=108]
2019-10-22T13:39:13+07:00 [2796] DEBUG default - [User=Surapoj Sanram (surapoj.s@vistec.ac.th)] Processing page action. Action addUserPermission [File=/var/www/html/booking/Presenters/ActionPresenter.php,Line=88]
2019-10-22T13:39:14+07:00 [13609] DEBUG default - [User=Surapoj Sanram (surapoj.s@vistec.ac.th)] Action passed all validations [File=/var/www/html/booking/Pages/ActionPage.php,Line=108]
2019-10-22T13:39:14+07:00 [13609] DEBUG default - [User=Surapoj Sanram (surapoj.s@vistec.ac.th)] Processing page action. Action addUserPermission [File=/var/www/html/booking/Presenters/ActionPresenter.php,Line=88]
2019-10-22T13:39:15+07:00 [10524] DEBUG default - [User=Surapoj Sanram (surapoj.s@vistec.ac.th)] Action passed all validations [File=/var/www/html/booking/Pages/ActionPage.php,Line=108]
2019-10-22T13:39:15+07:00 [10524] DEBUG default - [User=Surapoj Sanram (surapoj.s@vistec.ac.th)] Processing page action. Action addUserPermission [File=/var/www/html/booking/Presenters/ActionPresenter.php,Line=88]
2019-10-22T13:39:16+07:00 [2796] DEBUG default - [User=Surapoj Sanram (surapoj.s@vistec.ac.th)] Action passed all validations [File=/var/www/html/booking/Pages/ActionPage.php,Line=108]
2019-10-22T13:39:16+07:00 [2796] DEBUG default - [User=Surapoj Sanram (surapoj.s@vistec.ac.th)] Processing page action. Action addUserPermission [File=/var/www/html/booking/Presenters/ActionPresenter.php,Line=88]
2019-10-22T13:39:16+07:00 [13609] DEBUG default - [User=Surapoj Sanram (surapoj.s@vistec.ac.th)] Action passed all validations [File=/var/www/html/booking/Pages/ActionPage.php,Line=108]
2019-10-22T13:39:16+07:00 [13609] DEBUG default - [User=Surapoj Sanram (surapoj.s@vistec.ac.th)] Processing page action. Action addUserPermission [File=/var/www/html/booking/Presenters/ActionPresenter.php,Line=88]
2019-10-22T13:39:17+07:00 [10524] DEBUG default - [User=Surapoj Sanram (surapoj.s@vistec.ac.th)] Action passed all validations [File=/var/www/html/booking/Pages/ActionPage.php,Line=108]
2019-10-22T13:39:17+07:00 [10524] DEBUG default - [User=Surapoj Sanram (surapoj.s@vistec.ac.th)] Processing page action. Action addUserPermission [File=/var/www/html/booking/Presenters/ActionPresenter.php,Line=88]
2019-10-22T13:39:19+07:00 [2796] DEBUG default - [User=Surapoj Sanram (surapoj.s@vistec.ac.th)] Action passed all validations [File=/var/www/html/booking/Pages/ActionPage.php,Line=108]
2019-10-22T13:39:19+07:00 [2796] DEBUG default - [User=Surapoj Sanram (surapoj.s@vistec.ac.th)] Processing page action. Action addUserPermission [File=/var/www/html/booking/Presenters/ActionPresenter.php,Line=88]
2019-10-22T13:39:19+07:00 [13609] DEBUG default - [User=Surapoj Sanram (surapoj.s@vistec.ac.th)] Action passed all validations [File=/var/www/html/booking/Pages/ActionPage.php,Line=108]
2019-10-22T13:39:19+07:00 [13609] DEBUG default - [User=Surapoj Sanram (surapoj.s@vistec.ac.th)] Processing page action. Action addUserPermission [File=/var/www/html/booking/Presenters/ActionPresenter.php,Line=88]
2019-10-22T13:39:20+07:00 [10524] DEBUG default - [User=Surapoj Sanram (surapoj.s@vistec.ac.th)] Action passed all validations [File=/var/www/html/booking/Pages/ActionPage.php,Line=108]
2019-10-22T13:39:20+07:00 [10524] DEBUG default - [User=Surapoj Sanram (surapoj.s@vistec.ac.th)] Processing page action. Action addUserPermission [File=/var/www/html/booking/Presenters/ActionPresenter.php,Line=88]
2019-10-22T13:39:21+07:00 [2796] DEBUG default - [User=Surapoj Sanram (surapoj.s@vistec.ac.th)] Action passed all validations [File=/var/www/html/booking/Pages/ActionPage.php,Line=108]
2019-10-22T13:39:21+07:00 [2796] DEBUG default - [User=Surapoj Sanram (surapoj.s@vistec.ac.th)] Processing page action. Action addUserPermission [File=/var/www/html/booking/Presenters/ActionPresenter.php,Line=88]
2019-10-22T13:39:22+07:00 [13609] DEBUG default - [User=Surapoj Sanram (surapoj.s@vistec.ac.th)] Action passed all validations [File=/var/www/html/booking/Pages/ActionPage.php,Line=108]
2019-10-22T13:39:22+07:00 [13609] DEBUG default - [User=Surapoj Sanram (surapoj.s@vistec.ac.th)] Processing page action. Action addUserPermission [File=/var/www/html/booking/Presenters/ActionPresenter.php,Line=88]
2019-10-22T13:39:22+07:00 [10524] DEBUG default - [User=Surapoj Sanram (surapoj.s@vistec.ac.th)] Action passed all validations [File=/var/www/html/booking/Pages/ActionPage.php,Line=108]
2019-10-22T13:39:22+07:00 [10524] DEBUG default - [User=Surapoj Sanram (surapoj.s@vistec.ac.th)] Processing page action. Action addUserPermission [File=/var/www/html/booking/Presenters/ActionPresenter.php,Line=88]
2019-10-22T13:39:23+07:00 [2796] DEBUG default - [User=Surapoj Sanram (surapoj.s@vistec.ac.th)] Action passed all validations [File=/var/www/html/booking/Pages/ActionPage.php,Line=108]
2019-10-22T13:39:23+07:00 [2796] DEBUG default - [User=Surapoj Sanram (surapoj.s@vistec.ac.th)] Processing page action. Action addUserPermission [File=/var/www/html/booking/Presenters/ActionPresenter.php,Line=88]
2019-10-22T13:39:24+07:00 [13609] DEBUG default - [User=Surapoj Sanram (surapoj.s@vistec.ac.th)] Action passed all validations [File=/var/www/html/booking/Pages/ActionPage.php,Line=108]
2019-10-22T13:39:24+07:00 [13609] DEBUG default - [User=Surapoj Sanram (surapoj.s@vistec.ac.th)] Processing page action. Action addUserPermission [File=/var/www/html/booking/Presenters/ActionPresenter.php,Line=88]
2019-10-22T13:39:24+07:00 [10524] DEBUG default - [User=Surapoj Sanram (surapoj.s@vistec.ac.th)] Action passed all validations [File=/var/www/html/booking/Pages/ActionPage.php,Line=108]
2019-10-22T13:39:24+07:00 [10524] DEBUG default - [User=Surapoj Sanram (surapoj.s@vistec.ac.th)] Processing page action. Action addUserPermission [File=/var/www/html/booking/Presenters/ActionPresenter.php,Line=88]
2019-10-22T13:39:25+07:00 [2796] DEBUG default - [User=Surapoj Sanram (surapoj.s@vistec.ac.th)] Action passed all validations [File=/var/www/html/booking/Pages/ActionPage.php,Line=108]
2019-10-22T13:39:25+07:00 [2796] DEBUG default - [User=Surapoj Sanram (surapoj.s@vistec.ac.th)] Processing page action. Action addUserPermission [File=/var/www/html/booking/Presenters/ActionPresenter.php,Line=88]
2019-10-22T13:39:25+07:00 [13609] DEBUG default - [User=Surapoj Sanram (surapoj.s@vistec.ac.th)] Action passed all validations [File=/var/www/html/booking/Pages/ActionPage.php,Line=108]
2019-10-22T13:39:25+07:00 [13609] DEBUG default - [User=Surapoj Sanram (surapoj.s@vistec.ac.th)] Processing page action. Action addUserPermission [File=/var/www/html/booking/Presenters/ActionPresenter.php,Line=88]
2019-10-22T13:39:25+07:00 [10524] DEBUG default - [User=Surapoj Sanram (surapoj.s@vistec.ac.th)] Action passed all validations [File=/var/www/html/booking/Pages/ActionPage.php,Line=108]
2019-10-22T13:39:25+07:00 [10524] DEBUG default - [User=Surapoj Sanram (surapoj.s@vistec.ac.th)] Processing page action. Action addUserPermission [File=/var/www/html/booking/Presenters/ActionPresenter.php,Line=88]
2019-10-22T13:39:26+07:00 [2796] DEBUG default - [User=Surapoj Sanram (surapoj.s@vistec.ac.th)] Action passed all validations [File=/var/www/html/booking/Pages/ActionPage.php,Line=108]
2019-10-22T13:39:26+07:00 [2796] DEBUG default - [User=Surapoj Sanram (surapoj.s@vistec.ac.th)] Processing page action. Action addUserPermission [File=/var/www/html/booking/Presenters/ActionPresenter.php,Line=88]
2019-10-22T13:39:26+07:00 [13609] DEBUG default - [User=Surapoj Sanram (surapoj.s@vistec.ac.th)] Action passed all validations [File=/var/www/html/booking/Pages/ActionPage.php,Line=108]
2019-10-22T13:39:26+07:00 [13609] DEBUG default - [User=Surapoj Sanram (surapoj.s@vistec.ac.th)] Processing page action. Action addUserPermission [File=/var/www/html/booking/Presenters/ActionPresenter.php,Line=88]
2019-10-22T13:39:27+07:00 [10524] DEBUG default - [User=Surapoj Sanram (surapoj.s@vistec.ac.th)] Action passed all validations [File=/var/www/html/booking/Pages/ActionPage.php,Line=108]
2019-10-22T13:39:27+07:00 [10524] DEBUG default - [User=Surapoj Sanram (surapoj.s@vistec.ac.th)] Processing page action. Action addUserPermission [File=/var/www/html/booking/Presenters/ActionPresenter.php,Line=88]
2019-10-22T13:39:27+07:00 [2796] DEBUG default - [User=Surapoj Sanram (surapoj.s@vistec.ac.th)] Action passed all validations [File=/var/www/html/booking/Pages/ActionPage.php,Line=108]
2019-10-22T13:39:27+07:00 [2796] DEBUG default - [User=Surapoj Sanram (surapoj.s@vistec.ac.th)] Processing page action. Action addUserPermission [File=/var/www/html/booking/Presenters/ActionPresenter.php,Line=88]
2019-10-22T13:39:29+07:00 [13609] DEBUG default - [User=Surapoj Sanram (surapoj.s@vistec.ac.th)] Action passed all validations [File=/var/www/html/booking/Pages/ActionPage.php,Line=108]
2019-10-22T13:39:29+07:00 [13609] DEBUG default - [User=Surapoj Sanram (surapoj.s@vistec.ac.th)] Processing page action. Action addUserPermission [File=/var/www/html/booking/Presenters/ActionPresenter.php,Line=88]
2019-10-22T13:39:29+07:00 [10524] DEBUG default - [User=Surapoj Sanram (surapoj.s@vistec.ac.th)] Action passed all validations [File=/var/www/html/booking/Pages/ActionPage.php,Line=108]
2019-10-22T13:39:29+07:00 [10524] DEBUG default - [User=Surapoj Sanram (surapoj.s@vistec.ac.th)] Processing page action. Action addUserPermission [File=/var/www/html/booking/Presenters/ActionPresenter.php,Line=88]
2019-10-22T13:39:30+07:00 [2796] DEBUG default - [User=Surapoj Sanram (surapoj.s@vistec.ac.th)] Action passed all validations [File=/var/www/html/booking/Pages/ActionPage.php,Line=108]
2019-10-22T13:39:30+07:00 [2796] DEBUG default - [User=Surapoj Sanram (surapoj.s@vistec.ac.th)] Processing page action. Action addUserPermission [File=/var/www/html/booking/Presenters/ActionPresenter.php,Line=88]
2019-10-22T13:39:31+07:00 [13609] DEBUG default - [User=Surapoj Sanram (surapoj.s@vistec.ac.th)] Action passed all validations [File=/var/www/html/booking/Pages/ActionPage.php,Line=108]
2019-10-22T13:39:31+07:00 [13609] DEBUG default - [User=Surapoj Sanram (surapoj.s@vistec.ac.th)] Processing page action. Action addUserPermission [File=/var/www/html/booking/Presenters/ActionPresenter.php,Line=88]
2019-10-22T13:39:33+07:00 [10524] DEBUG default - [User=Surapoj Sanram (surapoj.s@vistec.ac.th)] Action passed all validations [File=/var/www/html/booking/Pages/ActionPage.php,Line=108]
2019-10-22T13:39:33+07:00 [10524] DEBUG default - [User=Surapoj Sanram (surapoj.s@vistec.ac.th)] Processing page action. Action addUserPermission [File=/var/www/html/booking/Presenters/ActionPresenter.php,Line=88]
2019-10-22T13:39:33+07:00 [2796] DEBUG default - [User=Surapoj Sanram (surapoj.s@vistec.ac.th)] Action passed all validations [File=/var/www/html/booking/Pages/ActionPage.php,Line=108]
2019-10-22T13:39:33+07:00 [2796] DEBUG default - [User=Surapoj Sanram (surapoj.s@vistec.ac.th)] Processing page action. Action addUserPermission [File=/var/www/html/booking/Presenters/ActionPresenter.php,Line=88]
2019-10-22T13:39:34+07:00 [13609] DEBUG default - [User=Surapoj Sanram (surapoj.s@vistec.ac.th)] Action passed all validations [File=/var/www/html/booking/Pages/ActionPage.php,Line=108]
2019-10-22T13:39:34+07:00 [13609] DEBUG default - [User=Surapoj Sanram (surapoj.s@vistec.ac.th)] Processing page action. Action addUserPermission [File=/var/www/html/booking/Presenters/ActionPresenter.php,Line=88]
2019-10-22T13:39:34+07:00 [10524] DEBUG default - [User=Surapoj Sanram (surapoj.s@vistec.ac.th)] Action passed all validations [File=/var/www/html/booking/Pages/ActionPage.php,Line=108]
2019-10-22T13:39:34+07:00 [10524] DEBUG default - [User=Surapoj Sanram (surapoj.s@vistec.ac.th)] Processing page action. Action addUserPermission [File=/var/www/html/booking/Presenters/ActionPresenter.php,Line=88]
2019-10-22T13:39:35+07:00 [2796] DEBUG default - [User=Surapoj Sanram (surapoj.s@vistec.ac.th)] Action passed all validations [File=/var/www/html/booking/Pages/ActionPage.php,Line=108]
2019-10-22T13:39:35+07:00 [2796] DEBUG default - [User=Surapoj Sanram (surapoj.s@vistec.ac.th)] Processing page action. Action addUserPermission [File=/var/www/html/booking/Presenters/ActionPresenter.php,Line=88]
2019-10-22T13:39:36+07:00 [13609] DEBUG default - [User=Surapoj Sanram (surapoj.s@vistec.ac.th)] Action passed all validations [File=/var/www/html/booking/Pages/ActionPage.php,Line=108]
2019-10-22T13:39:36+07:00 [13609] DEBUG default - [User=Surapoj Sanram (surapoj.s@vistec.ac.th)] Processing page action. Action addUserPermission [File=/var/www/html/booking/Presenters/ActionPresenter.php,Line=88]
2019-10-22T13:39:36+07:00 [10524] DEBUG default - [User=Surapoj Sanram (surapoj.s@vistec.ac.th)] Action passed all validations [File=/var/www/html/booking/Pages/ActionPage.php,Line=108]
2019-10-22T13:39:36+07:00 [10524] DEBUG default - [User=Surapoj Sanram (surapoj.s@vistec.ac.th)] Processing page action. Action addUserPermission [File=/var/www/html/booking/Presenters/ActionPresenter.php,Line=88]
2019-10-22T13:39:37+07:00 [2796] DEBUG default - [User=Surapoj Sanram (surapoj.s@vistec.ac.th)] Action passed all validations [File=/var/www/html/booking/Pages/ActionPage.php,Line=108]
2019-10-22T13:39:37+07:00 [2796] DEBUG default - [User=Surapoj Sanram (surapoj.s@vistec.ac.th)] Processing page action. Action addUserPermission [File=/var/www/html/booking/Presenters/ActionPresenter.php,Line=88]
2019-10-22T13:39:37+07:00 [13609] DEBUG default - [User=Surapoj Sanram (surapoj.s@vistec.ac.th)] Action passed all validations [File=/var/www/html/booking/Pages/ActionPage.php,Line=108]
2019-10-22T13:39:37+07:00 [13609] DEBUG default - [User=Surapoj Sanram (surapoj.s@vistec.ac.th)] Processing page action. Action addUserPermission [File=/var/www/html/booking/Presenters/ActionPresenter.php,Line=88]
2019-10-22T13:39:39+07:00 [10524] DEBUG default - [User=Surapoj Sanram (surapoj.s@vistec.ac.th)] Action passed all validations [File=/var/www/html/booking/Pages/ActionPage.php,Line=108]
2019-10-22T13:39:39+07:00 [10524] DEBUG default - [User=Surapoj Sanram (surapoj.s@vistec.ac.th)] Processing page action. Action addUserPermission [File=/var/www/html/booking/Presenters/ActionPresenter.php,Line=88]
2019-10-22T13:39:40+07:00 [2796] DEBUG default - [User=Surapoj Sanram (surapoj.s@vistec.ac.th)] Action passed all validations [File=/var/www/html/booking/Pages/ActionPage.php,Line=108]
2019-10-22T13:39:40+07:00 [2796] DEBUG default - [User=Surapoj Sanram (surapoj.s@vistec.ac.th)] Processing page action. Action addUserPermission [File=/var/www/html/booking/Presenters/ActionPresenter.php,Line=88]
2019-10-22T13:39:40+07:00 [13609] DEBUG default - [User=Surapoj Sanram (surapoj.s@vistec.ac.th)] Action passed all validations [File=/var/www/html/booking/Pages/ActionPage.php,Line=108]
2019-10-22T13:39:40+07:00 [13609] DEBUG default - [User=Surapoj Sanram (surapoj.s@vistec.ac.th)] Processing page action. Action addUserPermission [File=/var/www/html/booking/Presenters/ActionPresenter.php,Line=88]
2019-10-22T13:39:42+07:00 [10524] DEBUG default - [User=Surapoj Sanram (surapoj.s@vistec.ac.th)] Action passed all validations [File=/var/www/html/booking/Pages/ActionPage.php,Line=108]
2019-10-22T13:39:42+07:00 [10524] DEBUG default - [User=Surapoj Sanram (surapoj.s@vistec.ac.th)] Processing page action. Action addUserPermission [File=/var/www/html/booking/Presenters/ActionPresenter.php,Line=88]
2019-10-22T13:39:42+07:00 [2796] DEBUG default - [User=Surapoj Sanram (surapoj.s@vistec.ac.th)] Action passed all validations [File=/var/www/html/booking/Pages/ActionPage.php,Line=108]
2019-10-22T13:39:42+07:00 [2796] DEBUG default - [User=Surapoj Sanram (surapoj.s@vistec.ac.th)] Processing page action. Action addUserPermission [File=/var/www/html/booking/Presenters/ActionPresenter.php,Line=88]
2019-10-22T13:39:43+07:00 [13609] DEBUG default - [User=Surapoj Sanram (surapoj.s@vistec.ac.th)] Action passed all validations [File=/var/www/html/booking/Pages/ActionPage.php,Line=108]
2019-10-22T13:39:43+07:00 [13609] DEBUG default - [User=Surapoj Sanram (surapoj.s@vistec.ac.th)] Processing page action. Action addUserPermission [File=/var/www/html/booking/Presenters/ActionPresenter.php,Line=88]
2019-10-22T13:39:43+07:00 [10524] DEBUG default - [User=Surapoj Sanram (surapoj.s@vistec.ac.th)] Action passed all validations [File=/var/www/html/booking/Pages/ActionPage.php,Line=108]
2019-10-22T13:39:43+07:00 [10524] DEBUG default - [User=Surapoj Sanram (surapoj.s@vistec.ac.th)] Processing page action. Action addUserPermission [File=/var/www/html/booking/Presenters/ActionPresenter.php,Line=88]
2019-10-22T13:39:44+07:00 [2796] DEBUG default - [User=Surapoj Sanram (surapoj.s@vistec.ac.th)] Action passed all validations [File=/var/www/html/booking/Pages/ActionPage.php,Line=108]
2019-10-22T13:39:44+07:00 [2796] DEBUG default - [User=Surapoj Sanram (surapoj.s@vistec.ac.th)] Processing page action. Action addUserPermission [File=/var/www/html/booking/Presenters/ActionPresenter.php,Line=88]
2019-10-22T13:39:44+07:00 [13609] DEBUG default - [User=Surapoj Sanram (surapoj.s@vistec.ac.th)] Action passed all validations [File=/var/www/html/booking/Pages/ActionPage.php,Line=108]
2019-10-22T13:39:44+07:00 [13609] DEBUG default - [User=Surapoj Sanram (surapoj.s@vistec.ac.th)] Processing page action. Action addUserPermission [File=/var/www/html/booking/Presenters/ActionPresenter.php,Line=88]
2019-10-22T13:39:45+07:00 [10524] DEBUG default - [User=Surapoj Sanram (surapoj.s@vistec.ac.th)] Action passed all validations [File=/var/www/html/booking/Pages/ActionPage.php,Line=108]
2019-10-22T13:39:45+07:00 [10524] DEBUG default - [User=Surapoj Sanram (surapoj.s@vistec.ac.th)] Processing page action. Action addUserPermission [File=/var/www/html/booking/Presenters/ActionPresenter.php,Line=88]
2019-10-22T13:39:45+07:00 [2796] DEBUG default - [User=Surapoj Sanram (surapoj.s@vistec.ac.th)] Action passed all validations [File=/var/www/html/booking/Pages/ActionPage.php,Line=108]
2019-10-22T13:39:45+07:00 [2796] DEBUG default - [User=Surapoj Sanram (surapoj.s@vistec.ac.th)] Processing page action. Action addUserPermission [File=/var/www/html/booking/Presenters/ActionPresenter.php,Line=88]
2019-10-22T13:39:46+07:00 [13609] DEBUG default - [User=Surapoj Sanram (surapoj.s@vistec.ac.th)] Action passed all validations [File=/var/www/html/booking/Pages/ActionPage.php,Line=108]
2019-10-22T13:39:46+07:00 [13609] DEBUG default - [User=Surapoj Sanram (surapoj.s@vistec.ac.th)] Processing page action. Action addUserPermission [File=/var/www/html/booking/Presenters/ActionPresenter.php,Line=88]
2019-10-22T13:39:47+07:00 [10524] DEBUG default - [User=Surapoj Sanram (surapoj.s@vistec.ac.th)] Action passed all validations [File=/var/www/html/booking/Pages/ActionPage.php,Line=108]
2019-10-22T13:39:47+07:00 [10524] DEBUG default - [User=Surapoj Sanram (surapoj.s@vistec.ac.th)] Processing page action. Action addUserPermission [File=/var/www/html/booking/Presenters/ActionPresenter.php,Line=88]
2019-10-22T13:39:47+07:00 [2796] DEBUG default - [User=Surapoj Sanram (surapoj.s@vistec.ac.th)] Action passed all validations [File=/var/www/html/booking/Pages/ActionPage.php,Line=108]
2019-10-22T13:39:47+07:00 [2796] DEBUG default - [User=Surapoj Sanram (surapoj.s@vistec.ac.th)] Processing page action. Action addUserPermission [File=/var/www/html/booking/Presenters/ActionPresenter.php,Line=88]
2019-10-22T13:39:48+07:00 [13609] DEBUG default - [User=Surapoj Sanram (surapoj.s@vistec.ac.th)] Action passed all validations [File=/var/www/html/booking/Pages/ActionPage.php,Line=108]
2019-10-22T13:39:48+07:00 [13609] DEBUG default - [User=Surapoj Sanram (surapoj.s@vistec.ac.th)] Processing page action. Action addUserPermission [File=/var/www/html/booking/Presenters/ActionPresenter.php,Line=88]
2019-10-22T13:39:48+07:00 [10524] DEBUG default - [User=Surapoj Sanram (surapoj.s@vistec.ac.th)] Action passed all validations [File=/var/www/html/booking/Pages/ActionPage.php,Line=108]
2019-10-22T13:39:48+07:00 [10524] DEBUG default - [User=Surapoj Sanram (surapoj.s@vistec.ac.th)] Processing page action. Action addUserPermission [File=/var/www/html/booking/Presenters/ActionPresenter.php,Line=88]
2019-10-22T13:39:49+07:00 [2796] DEBUG default - [User=Surapoj Sanram (surapoj.s@vistec.ac.th)] Action passed all validations [File=/var/www/html/booking/Pages/ActionPage.php,Line=108]
2019-10-22T13:39:49+07:00 [2796] DEBUG default - [User=Surapoj Sanram (surapoj.s@vistec.ac.th)] Processing page action. Action addUserPermission [File=/var/www/html/booking/Presenters/ActionPresenter.php,Line=88]
2019-10-22T13:39:50+07:00 [13609] DEBUG default - [User=Surapoj Sanram (surapoj.s@vistec.ac.th)] Action passed all validations [File=/var/www/html/booking/Pages/ActionPage.php,Line=108]
2019-10-22T13:39:50+07:00 [13609] DEBUG default - [User=Surapoj Sanram (surapoj.s@vistec.ac.th)] Processing page action. Action addUserPermission [File=/var/www/html/booking/Presenters/ActionPresenter.php,Line=88]
2019-10-22T13:39:50+07:00 [10524] DEBUG default - [User=Surapoj Sanram (surapoj.s@vistec.ac.th)] Action passed all validations [File=/var/www/html/booking/Pages/ActionPage.php,Line=108]
2019-10-22T13:39:50+07:00 [10524] DEBUG default - [User=Surapoj Sanram (surapoj.s@vistec.ac.th)] Processing page action. Action addUserPermission [File=/var/www/html/booking/Presenters/ActionPresenter.php,Line=88]
2019-10-22T13:39:52+07:00 [2796] DEBUG default - [User=Surapoj Sanram (surapoj.s@vistec.ac.th)] Action passed all validations [File=/var/www/html/booking/Pages/ActionPage.php,Line=108]
2019-10-22T13:39:52+07:00 [2796] DEBUG default - [User=Surapoj Sanram (surapoj.s@vistec.ac.th)] Processing page action. Action addUserPermission [File=/var/www/html/booking/Presenters/ActionPresenter.php,Line=88]
2019-10-22T13:39:53+07:00 [13609] DEBUG default - [User=Surapoj Sanram (surapoj.s@vistec.ac.th)] Action passed all validations [File=/var/www/html/booking/Pages/ActionPage.php,Line=108]
2019-10-22T13:39:53+07:00 [13609] DEBUG default - [User=Surapoj Sanram (surapoj.s@vistec.ac.th)] Processing page action. Action addUserPermission [File=/var/www/html/booking/Presenters/ActionPresenter.php,Line=88]
2019-10-22T13:39:53+07:00 [10524] DEBUG default - [User=Surapoj Sanram (surapoj.s@vistec.ac.th)] Action passed all validations [File=/var/www/html/booking/Pages/ActionPage.php,Line=108]
2019-10-22T13:39:53+07:00 [10524] DEBUG default - [User=Surapoj Sanram (surapoj.s@vistec.ac.th)] Processing page action. Action addUserPermission [File=/var/www/html/booking/Presenters/ActionPresenter.php,Line=88]
2019-10-22T13:39:54+07:00 [2796] DEBUG default - [User=Surapoj Sanram (surapoj.s@vistec.ac.th)] Action passed all validations [File=/var/www/html/booking/Pages/ActionPage.php,Line=108]
2019-10-22T13:39:54+07:00 [2796] DEBUG default - [User=Surapoj Sanram (surapoj.s@vistec.ac.th)] Processing page action. Action addUserPermission [File=/var/www/html/booking/Presenters/ActionPresenter.php,Line=88]
2019-10-22T13:39:54+07:00 [13609] DEBUG default - [User=Surapoj Sanram (surapoj.s@vistec.ac.th)] Action passed all validations [File=/var/www/html/booking/Pages/ActionPage.php,Line=108]
2019-10-22T13:39:54+07:00 [13609] DEBUG default - [User=Surapoj Sanram (surapoj.s@vistec.ac.th)] Processing page action. Action addUserPermission [File=/var/www/html/booking/Presenters/ActionPresenter.php,Line=88]
2019-10-22T13:39:55+07:00 [10524] DEBUG default - [User=Surapoj Sanram (surapoj.s@vistec.ac.th)] Action passed all validations [File=/var/www/html/booking/Pages/ActionPage.php,Line=108]
2019-10-22T13:39:55+07:00 [10524] DEBUG default - [User=Surapoj Sanram (surapoj.s@vistec.ac.th)] Processing page action. Action addUserPermission [File=/var/www/html/booking/Presenters/ActionPresenter.php,Line=88]
2019-10-22T13:39:56+07:00 [2796] DEBUG default - [User=Surapoj Sanram (surapoj.s@vistec.ac.th)] Action passed all validations [File=/var/www/html/booking/Pages/ActionPage.php,Line=108]
2019-10-22T13:39:56+07:00 [2796] DEBUG default - [User=Surapoj Sanram (surapoj.s@vistec.ac.th)] Processing page action. Action addUserPermission [File=/var/www/html/booking/Presenters/ActionPresenter.php,Line=88]
2019-10-22T13:39:57+07:00 [13609] DEBUG default - [User=Surapoj Sanram (surapoj.s@vistec.ac.th)] Action passed all validations [File=/var/www/html/booking/Pages/ActionPage.php,Line=108]
2019-10-22T13:39:57+07:00 [13609] DEBUG default - [User=Surapoj Sanram (surapoj.s@vistec.ac.th)] Processing page action. Action addUserPermission [File=/var/www/html/booking/Presenters/ActionPresenter.php,Line=88]
2019-10-22T13:39:59+07:00 [10524] DEBUG default - [User=Surapoj Sanram (surapoj.s@vistec.ac.th)] Action passed all validations [File=/var/www/html/booking/Pages/ActionPage.php,Line=108]
2019-10-22T13:39:59+07:00 [10524] DEBUG default - [User=Surapoj Sanram (surapoj.s@vistec.ac.th)] Processing page action. Action addUserPermission [File=/var/www/html/booking/Presenters/ActionPresenter.php,Line=88]
2019-10-22T13:40:00+07:00 [2796] DEBUG default - [User=Surapoj Sanram (surapoj.s@vistec.ac.th)] Action passed all validations [File=/var/www/html/booking/Pages/ActionPage.php,Line=108]
2019-10-22T13:40:00+07:00 [2796] DEBUG default - [User=Surapoj Sanram (surapoj.s@vistec.ac.th)] Processing page action. Action addUserPermission [File=/var/www/html/booking/Presenters/ActionPresenter.php,Line=88]
2019-10-22T13:40:01+07:00 [13609] DEBUG default - [User=Surapoj Sanram (surapoj.s@vistec.ac.th)] Action passed all validations [File=/var/www/html/booking/Pages/ActionPage.php,Line=108]
2019-10-22T13:40:01+07:00 [13609] DEBUG default - [User=Surapoj Sanram (surapoj.s@vistec.ac.th)] Processing page action. Action addUserPermission [File=/var/www/html/booking/Presenters/ActionPresenter.php,Line=88]
2019-10-22T13:40:01+07:00 [10524] DEBUG default - [User=Surapoj Sanram (surapoj.s@vistec.ac.th)] Action passed all validations [File=/var/www/html/booking/Pages/ActionPage.php,Line=108]
2019-10-22T13:40:01+07:00 [10524] DEBUG default - [User=Surapoj Sanram (surapoj.s@vistec.ac.th)] Processing page action. Action addUserPermission [File=/var/www/html/booking/Presenters/ActionPresenter.php,Line=88]
2019-10-22T13:40:02+07:00 [2796] DEBUG default - [User=Surapoj Sanram (surapoj.s@vistec.ac.th)] Action passed all validations [File=/var/www/html/booking/Pages/ActionPage.php,Line=108]
2019-10-22T13:40:02+07:00 [2796] DEBUG default - [User=Surapoj Sanram (surapoj.s@vistec.ac.th)] Processing page action. Action addUserPermission [File=/var/www/html/booking/Presenters/ActionPresenter.php,Line=88]
2019-10-22T13:40:03+07:00 [13609] DEBUG default - [User=Surapoj Sanram (surapoj.s@vistec.ac.th)] Action passed all validations [File=/var/www/html/booking/Pages/ActionPage.php,Line=108]
2019-10-22T13:40:03+07:00 [13609] DEBUG default - [User=Surapoj Sanram (surapoj.s@vistec.ac.th)] Processing page action. Action addUserPermission [File=/var/www/html/booking/Presenters/ActionPresenter.php,Line=88]
2019-10-22T13:40:03+07:00 [10524] DEBUG default - [User=Surapoj Sanram (surapoj.s@vistec.ac.th)] Action passed all validations [File=/var/www/html/booking/Pages/ActionPage.php,Line=108]
2019-10-22T13:40:03+07:00 [10524] DEBUG default - [User=Surapoj Sanram (surapoj.s@vistec.ac.th)] Processing page action. Action addUserPermission [File=/var/www/html/booking/Presenters/ActionPresenter.php,Line=88]
2019-10-22T13:40:04+07:00 [2796] DEBUG default - [User=Surapoj Sanram (surapoj.s@vistec.ac.th)] Action passed all validations [File=/var/www/html/booking/Pages/ActionPage.php,Line=108]
2019-10-22T13:40:04+07:00 [2796] DEBUG default - [User=Surapoj Sanram (surapoj.s@vistec.ac.th)] Processing page action. Action addUserPermission [File=/var/www/html/booking/Presenters/ActionPresenter.php,Line=88]
2019-10-22T13:40:06+07:00 [13609] DEBUG default - [User=Surapoj Sanram (surapoj.s@vistec.ac.th)] Action passed all validations [File=/var/www/html/booking/Pages/ActionPage.php,Line=108]
2019-10-22T13:40:06+07:00 [13609] DEBUG default - [User=Surapoj Sanram (surapoj.s@vistec.ac.th)] Processing page action. Action addUserPermission [File=/var/www/html/booking/Presenters/ActionPresenter.php,Line=88]
2019-10-22T13:40:06+07:00 [10524] DEBUG default - [User=Surapoj Sanram (surapoj.s@vistec.ac.th)] Action passed all validations [File=/var/www/html/booking/Pages/ActionPage.php,Line=108]
2019-10-22T13:40:06+07:00 [10524] DEBUG default - [User=Surapoj Sanram (surapoj.s@vistec.ac.th)] Processing page action. Action addUserPermission [File=/var/www/html/booking/Presenters/ActionPresenter.php,Line=88]
2019-10-22T13:40:08+07:00 [2796] DEBUG default - [User=Surapoj Sanram (surapoj.s@vistec.ac.th)] Action passed all validations [File=/var/www/html/booking/Pages/ActionPage.php,Line=108]
2019-10-22T13:40:08+07:00 [2796] DEBUG default - [User=Surapoj Sanram (surapoj.s@vistec.ac.th)] Processing page action. Action addUserPermission [File=/var/www/html/booking/Presenters/ActionPresenter.php,Line=88]
2019-10-22T13:40:08+07:00 [13609] DEBUG default - [User=Surapoj Sanram (surapoj.s@vistec.ac.th)] Action passed all validations [File=/var/www/html/booking/Pages/ActionPage.php,Line=108]
2019-10-22T13:40:08+07:00 [13609] DEBUG default - [User=Surapoj Sanram (surapoj.s@vistec.ac.th)] Processing page action. Action addUserPermission [File=/var/www/html/booking/Presenters/ActionPresenter.php,Line=88]
2019-10-22T13:40:09+07:00 [10524] DEBUG default - [User=Surapoj Sanram (surapoj.s@vistec.ac.th)] Action passed all validations [File=/var/www/html/booking/Pages/ActionPage.php,Line=108]
2019-10-22T13:40:09+07:00 [10524] DEBUG default - [User=Surapoj Sanram (surapoj.s@vistec.ac.th)] Processing page action. Action addUserPermission [File=/var/www/html/booking/Presenters/ActionPresenter.php,Line=88]
2019-10-22T13:40:09+07:00 [2796] DEBUG default - [User=Surapoj Sanram (surapoj.s@vistec.ac.th)] Action passed all validations [File=/var/www/html/booking/Pages/ActionPage.php,Line=108]
2019-10-22T13:40:09+07:00 [2796] DEBUG default - [User=Surapoj Sanram (surapoj.s@vistec.ac.th)] Processing page action. Action addUserPermission [File=/var/www/html/booking/Presenters/ActionPresenter.php,Line=88]
2019-10-22T13:40:10+07:00 [13609] DEBUG default - [User=Surapoj Sanram (surapoj.s@vistec.ac.th)] Action passed all validations [File=/var/www/html/booking/Pages/ActionPage.php,Line=108]
2019-10-22T13:40:10+07:00 [13609] DEBUG default - [User=Surapoj Sanram (surapoj.s@vistec.ac.th)] Processing page action. Action addUserPermission [File=/var/www/html/booking/Presenters/ActionPresenter.php,Line=88]
2019-10-22T13:40:10+07:00 [10524] DEBUG default - [User=Surapoj Sanram (surapoj.s@vistec.ac.th)] Action passed all validations [File=/var/www/html/booking/Pages/ActionPage.php,Line=108]
2019-10-22T13:40:10+07:00 [10524] DEBUG default - [User=Surapoj Sanram (surapoj.s@vistec.ac.th)] Processing page action. Action addUserPermission [File=/var/www/html/booking/Presenters/ActionPresenter.php,Line=88]
2019-10-22T13:40:11+07:00 [2796] DEBUG default - [User=Surapoj Sanram (surapoj.s@vistec.ac.th)] Action passed all validations [File=/var/www/html/booking/Pages/ActionPage.php,Line=108]
2019-10-22T13:40:11+07:00 [2796] DEBUG default - [User=Surapoj Sanram (surapoj.s@vistec.ac.th)] Processing page action. Action addUserPermission [File=/var/www/html/booking/Presenters/ActionPresenter.php,Line=88]
2019-10-22T13:40:11+07:00 [13609] DEBUG default - [User=Surapoj Sanram (surapoj.s@vistec.ac.th)] Action passed all validations [File=/var/www/html/booking/Pages/ActionPage.php,Line=108]
2019-10-22T13:40:11+07:00 [13609] DEBUG default - [User=Surapoj Sanram (surapoj.s@vistec.ac.th)] Processing page action. Action addUserPermission [File=/var/www/html/booking/Presenters/ActionPresenter.php,Line=88]
2019-10-22T13:40:12+07:00 [10524] DEBUG default - [User=Surapoj Sanram (surapoj.s@vistec.ac.th)] Action passed all validations [File=/var/www/html/booking/Pages/ActionPage.php,Line=108]
2019-10-22T13:40:12+07:00 [10524] DEBUG default - [User=Surapoj Sanram (surapoj.s@vistec.ac.th)] Processing page action. Action addUserPermission [File=/var/www/html/booking/Presenters/ActionPresenter.php,Line=88]
2019-10-22T13:40:12+07:00 [2796] DEBUG default - [User=Surapoj Sanram (surapoj.s@vistec.ac.th)] Action passed all validations [File=/var/www/html/booking/Pages/ActionPage.php,Line=108]
2019-10-22T13:40:12+07:00 [2796] DEBUG default - [User=Surapoj Sanram (surapoj.s@vistec.ac.th)] Processing page action. Action addUserPermission [File=/var/www/html/booking/Presenters/ActionPresenter.php,Line=88]
2019-10-22T13:40:13+07:00 [13609] DEBUG default - [User=Surapoj Sanram (surapoj.s@vistec.ac.th)] Action passed all validations [File=/var/www/html/booking/Pages/ActionPage.php,Line=108]
2019-10-22T13:40:13+07:00 [13609] DEBUG default - [User=Surapoj Sanram (surapoj.s@vistec.ac.th)] Processing page action. Action addUserPermission [File=/var/www/html/booking/Presenters/ActionPresenter.php,Line=88]
2019-10-22T13:40:13+07:00 [10524] DEBUG default - [User=Surapoj Sanram (surapoj.s@vistec.ac.th)] Action passed all validations [File=/var/www/html/booking/Pages/ActionPage.php,Line=108]
2019-10-22T13:40:13+07:00 [10524] DEBUG default - [User=Surapoj Sanram (surapoj.s@vistec.ac.th)] Processing page action. Action addUserPermission [File=/var/www/html/booking/Presenters/ActionPresenter.php,Line=88]
2019-10-22T13:40:14+07:00 [2796] DEBUG default - [User=Surapoj Sanram (surapoj.s@vistec.ac.th)] Action passed all validations [File=/var/www/html/booking/Pages/ActionPage.php,Line=108]
2019-10-22T13:40:14+07:00 [2796] DEBUG default - [User=Surapoj Sanram (surapoj.s@vistec.ac.th)] Processing page action. Action addUserPermission [File=/var/www/html/booking/Presenters/ActionPresenter.php,Line=88]
2019-10-22T13:40:14+07:00 [13609] DEBUG default - [User=Surapoj Sanram (surapoj.s@vistec.ac.th)] Action passed all validations [File=/var/www/html/booking/Pages/ActionPage.php,Line=108]
2019-10-22T13:40:14+07:00 [13609] DEBUG default - [User=Surapoj Sanram (surapoj.s@vistec.ac.th)] Processing page action. Action addUserPermission [File=/var/www/html/booking/Presenters/ActionPresenter.php,Line=88]
2019-10-22T13:40:15+07:00 [10524] DEBUG default - [User=Surapoj Sanram (surapoj.s@vistec.ac.th)] Action passed all validations [File=/var/www/html/booking/Pages/ActionPage.php,Line=108]
2019-10-22T13:40:15+07:00 [10524] DEBUG default - [User=Surapoj Sanram (surapoj.s@vistec.ac.th)] Processing page action. Action addUserPermission [File=/var/www/html/booking/Presenters/ActionPresenter.php,Line=88]
2019-10-22T13:40:16+07:00 [2796] DEBUG default - [User=Surapoj Sanram (surapoj.s@vistec.ac.th)] Action passed all validations [File=/var/www/html/booking/Pages/ActionPage.php,Line=108]
2019-10-22T13:40:16+07:00 [2796] DEBUG default - [User=Surapoj Sanram (surapoj.s@vistec.ac.th)] Processing page action. Action addUserPermission [File=/var/www/html/booking/Presenters/ActionPresenter.php,Line=88]
2019-10-22T13:40:18+07:00 [13609] DEBUG default - [User=Surapoj Sanram (surapoj.s@vistec.ac.th)] Action passed all validations [File=/var/www/html/booking/Pages/ActionPage.php,Line=108]
2019-10-22T13:40:18+07:00 [13609] DEBUG default - [User=Surapoj Sanram (surapoj.s@vistec.ac.th)] Processing page action. Action addUserPermission [File=/var/www/html/booking/Presenters/ActionPresenter.php,Line=88]
2019-10-22T13:40:19+07:00 [10524] DEBUG default - [User=Surapoj Sanram (surapoj.s@vistec.ac.th)] Action passed all validations [File=/var/www/html/booking/Pages/ActionPage.php,Line=108]
2019-10-22T13:40:19+07:00 [10524] DEBUG default - [User=Surapoj Sanram (surapoj.s@vistec.ac.th)] Processing page action. Action addUserPermission [File=/var/www/html/booking/Presenters/ActionPresenter.php,Line=88]
2019-10-22T13:40:19+07:00 [2796] DEBUG default - [User=Surapoj Sanram (surapoj.s@vistec.ac.th)] Action passed all validations [File=/var/www/html/booking/Pages/ActionPage.php,Line=108]
2019-10-22T13:40:19+07:00 [2796] DEBUG default - [User=Surapoj Sanram (surapoj.s@vistec.ac.th)] Processing page action. Action addUserPermission [File=/var/www/html/booking/Presenters/ActionPresenter.php,Line=88]
2019-10-22T13:40:20+07:00 [13609] DEBUG default - [User=Surapoj Sanram (surapoj.s@vistec.ac.th)] Action passed all validations [File=/var/www/html/booking/Pages/ActionPage.php,Line=108]
2019-10-22T13:40:20+07:00 [13609] DEBUG default - [User=Surapoj Sanram (surapoj.s@vistec.ac.th)] Processing page action. Action addUserPermission [File=/var/www/html/booking/Presenters/ActionPresenter.php,Line=88]
2019-10-22T13:40:20+07:00 [10524] DEBUG default - [User=Surapoj Sanram (surapoj.s@vistec.ac.th)] Action passed all validations [File=/var/www/html/booking/Pages/ActionPage.php,Line=108]
2019-10-22T13:40:20+07:00 [10524] DEBUG default - [User=Surapoj Sanram (surapoj.s@vistec.ac.th)] Processing page action. Action addUserPermission [File=/var/www/html/booking/Presenters/ActionPresenter.php,Line=88]
2019-10-22T13:40:20+07:00 [2796] DEBUG default - [User=Surapoj Sanram (surapoj.s@vistec.ac.th)] Action passed all validations [File=/var/www/html/booking/Pages/ActionPage.php,Line=108]
2019-10-22T13:40:20+07:00 [2796] DEBUG default - [User=Surapoj Sanram (surapoj.s@vistec.ac.th)] Processing page action. Action addUserPermission [File=/var/www/html/booking/Presenters/ActionPresenter.php,Line=88]
2019-10-22T13:40:21+07:00 [13609] DEBUG default - [User=Surapoj Sanram (surapoj.s@vistec.ac.th)] Action passed all validations [File=/var/www/html/booking/Pages/ActionPage.php,Line=108]
2019-10-22T13:40:21+07:00 [13609] DEBUG default - [User=Surapoj Sanram (surapoj.s@vistec.ac.th)] Processing page action. Action addUserPermission [File=/var/www/html/booking/Presenters/ActionPresenter.php,Line=88]
2019-10-22T13:40:21+07:00 [10524] DEBUG default - [User=Surapoj Sanram (surapoj.s@vistec.ac.th)] Action passed all validations [File=/var/www/html/booking/Pages/ActionPage.php,Line=108]
2019-10-22T13:40:21+07:00 [10524] DEBUG default - [User=Surapoj Sanram (surapoj.s@vistec.ac.th)] Processing page action. Action addUserPermission [File=/var/www/html/booking/Presenters/ActionPresenter.php,Line=88]
2019-10-22T13:40:22+07:00 [2796] DEBUG default - [User=Surapoj Sanram (surapoj.s@vistec.ac.th)] Action passed all validations [File=/var/www/html/booking/Pages/ActionPage.php,Line=108]
2019-10-22T13:40:22+07:00 [2796] DEBUG default - [User=Surapoj Sanram (surapoj.s@vistec.ac.th)] Processing page action. Action addUserPermission [File=/var/www/html/booking/Presenters/ActionPresenter.php,Line=88]
2019-10-22T13:40:23+07:00 [13609] DEBUG default - [User=Surapoj Sanram (surapoj.s@vistec.ac.th)] Action passed all validations [File=/var/www/html/booking/Pages/ActionPage.php,Line=108]
2019-10-22T13:40:23+07:00 [13609] DEBUG default - [User=Surapoj Sanram (surapoj.s@vistec.ac.th)] Processing page action. Action addUserPermission [File=/var/www/html/booking/Presenters/ActionPresenter.php,Line=88]
2019-10-22T13:40:23+07:00 [10524] DEBUG default - [User=Surapoj Sanram (surapoj.s@vistec.ac.th)] Action passed all validations [File=/var/www/html/booking/Pages/ActionPage.php,Line=108]
2019-10-22T13:40:23+07:00 [10524] DEBUG default - [User=Surapoj Sanram (surapoj.s@vistec.ac.th)] Processing page action. Action addUserPermission [File=/var/www/html/booking/Presenters/ActionPresenter.php,Line=88]
2019-10-22T13:40:24+07:00 [2796] DEBUG default - [User=Surapoj Sanram (surapoj.s@vistec.ac.th)] Action passed all validations [File=/var/www/html/booking/Pages/ActionPage.php,Line=108]
2019-10-22T13:40:24+07:00 [2796] DEBUG default - [User=Surapoj Sanram (surapoj.s@vistec.ac.th)] Processing page action. Action addUserPermission [File=/var/www/html/booking/Presenters/ActionPresenter.php,Line=88]
2019-10-22T13:40:26+07:00 [13609] DEBUG default - [User=Surapoj Sanram (surapoj.s@vistec.ac.th)] Action passed all validations [File=/var/www/html/booking/Pages/ActionPage.php,Line=108]
2019-10-22T13:40:26+07:00 [13609] DEBUG default - [User=Surapoj Sanram (surapoj.s@vistec.ac.th)] Processing page action. Action addUserPermission [File=/var/www/html/booking/Presenters/ActionPresenter.php,Line=88]
2019-10-22T13:40:26+07:00 [10524] DEBUG default - [User=Surapoj Sanram (surapoj.s@vistec.ac.th)] Action passed all validations [File=/var/www/html/booking/Pages/ActionPage.php,Line=108]
2019-10-22T13:40:26+07:00 [10524] DEBUG default - [User=Surapoj Sanram (surapoj.s@vistec.ac.th)] Processing page action. Action addUserPermission [File=/var/www/html/booking/Presenters/ActionPresenter.php,Line=88]
2019-10-22T13:40:27+07:00 [2796] DEBUG default - [User=Surapoj Sanram (surapoj.s@vistec.ac.th)] Action passed all validations [File=/var/www/html/booking/Pages/ActionPage.php,Line=108]
2019-10-22T13:40:27+07:00 [2796] DEBUG default - [User=Surapoj Sanram (surapoj.s@vistec.ac.th)] Processing page action. Action addUserPermission [File=/var/www/html/booking/Presenters/ActionPresenter.php,Line=88]
2019-10-22T13:40:27+07:00 [13609] DEBUG default - [User=Surapoj Sanram (surapoj.s@vistec.ac.th)] Action passed all validations [File=/var/www/html/booking/Pages/ActionPage.php,Line=108]
2019-10-22T13:40:27+07:00 [13609] DEBUG default - [User=Surapoj Sanram (surapoj.s@vistec.ac.th)] Processing page action. Action addUserPermission [File=/var/www/html/booking/Presenters/ActionPresenter.php,Line=88]
2019-10-22T13:40:28+07:00 [10524] DEBUG default - [User=Surapoj Sanram (surapoj.s@vistec.ac.th)] Action passed all validations [File=/var/www/html/booking/Pages/ActionPage.php,Line=108]
2019-10-22T13:40:28+07:00 [10524] DEBUG default - [User=Surapoj Sanram (surapoj.s@vistec.ac.th)] Processing page action. Action addUserPermission [File=/var/www/html/booking/Presenters/ActionPresenter.php,Line=88]
2019-10-22T13:40:28+07:00 [2796] DEBUG default - [User=Surapoj Sanram (surapoj.s@vistec.ac.th)] Action passed all validations [File=/var/www/html/booking/Pages/ActionPage.php,Line=108]
2019-10-22T13:40:28+07:00 [2796] DEBUG default - [User=Surapoj Sanram (surapoj.s@vistec.ac.th)] Processing page action. Action addUserPermission [File=/var/www/html/booking/Presenters/ActionPresenter.php,Line=88]
2019-10-22T13:40:29+07:00 [13609] DEBUG default - [User=Surapoj Sanram (surapoj.s@vistec.ac.th)] Action passed all validations [File=/var/www/html/booking/Pages/ActionPage.php,Line=108]
2019-10-22T13:40:29+07:00 [13609] DEBUG default - [User=Surapoj Sanram (surapoj.s@vistec.ac.th)] Processing page action. Action addUserPermission [File=/var/www/html/booking/Presenters/ActionPresenter.php,Line=88]
2019-10-22T13:40:29+07:00 [10524] DEBUG default - [User=Surapoj Sanram (surapoj.s@vistec.ac.th)] Action passed all validations [File=/var/www/html/booking/Pages/ActionPage.php,Line=108]
2019-10-22T13:40:29+07:00 [10524] DEBUG default - [User=Surapoj Sanram (surapoj.s@vistec.ac.th)] Processing page action. Action addUserPermission [File=/var/www/html/booking/Presenters/ActionPresenter.php,Line=88]
2019-10-22T13:40:30+07:00 [2796] DEBUG default - [User=Surapoj Sanram (surapoj.s@vistec.ac.th)] Action passed all validations [File=/var/www/html/booking/Pages/ActionPage.php,Line=108]
2019-10-22T13:40:30+07:00 [2796] DEBUG default - [User=Surapoj Sanram (surapoj.s@vistec.ac.th)] Processing page action. Action addUserPermission [File=/var/www/html/booking/Presenters/ActionPresenter.php,Line=88]
2019-10-22T13:40:31+07:00 [13609] DEBUG default - [User=Surapoj Sanram (surapoj.s@vistec.ac.th)] Action passed all validations [File=/var/www/html/booking/Pages/ActionPage.php,Line=108]
2019-10-22T13:40:31+07:00 [13609] DEBUG default - [User=Surapoj Sanram (surapoj.s@vistec.ac.th)] Processing page action. Action addUserPermission [File=/var/www/html/booking/Presenters/ActionPresenter.php,Line=88]
2019-10-22T13:40:31+07:00 [10524] DEBUG default - [User=Surapoj Sanram (surapoj.s@vistec.ac.th)] Action passed all validations [File=/var/www/html/booking/Pages/ActionPage.php,Line=108]
2019-10-22T13:40:31+07:00 [10524] DEBUG default - [User=Surapoj Sanram (surapoj.s@vistec.ac.th)] Processing page action. Action addUserPermission [File=/var/www/html/booking/Presenters/ActionPresenter.php,Line=88]
2019-10-22T13:40:32+07:00 [2796] DEBUG default - [User=Surapoj Sanram (surapoj.s@vistec.ac.th)] Action passed all validations [File=/var/www/html/booking/Pages/ActionPage.php,Line=108]
2019-10-22T13:40:32+07:00 [2796] DEBUG default - [User=Surapoj Sanram (surapoj.s@vistec.ac.th)] Processing page action. Action addUserPermission [File=/var/www/html/booking/Presenters/ActionPresenter.php,Line=88]
2019-10-22T13:40:34+07:00 [13609] DEBUG default - [User=Surapoj Sanram (surapoj.s@vistec.ac.th)] Action passed all validations [File=/var/www/html/booking/Pages/ActionPage.php,Line=108]
2019-10-22T13:40:34+07:00 [13609] DEBUG default - [User=Surapoj Sanram (surapoj.s@vistec.ac.th)] Processing page action. Action addUserPermission [File=/var/www/html/booking/Presenters/ActionPresenter.php,Line=88]
2019-10-22T13:40:34+07:00 [10524] DEBUG default - [User=Surapoj Sanram (surapoj.s@vistec.ac.th)] Action passed all validations [File=/var/www/html/booking/Pages/ActionPage.php,Line=108]
2019-10-22T13:40:34+07:00 [10524] DEBUG default - [User=Surapoj Sanram (surapoj.s@vistec.ac.th)] Processing page action. Action addUserPermission [File=/var/www/html/booking/Presenters/ActionPresenter.php,Line=88]
2019-10-22T13:40:34+07:00 [2796] DEBUG default - [User=Surapoj Sanram (surapoj.s@vistec.ac.th)] Action passed all validations [File=/var/www/html/booking/Pages/ActionPage.php,Line=108]
2019-10-22T13:40:34+07:00 [2796] DEBUG default - [User=Surapoj Sanram (surapoj.s@vistec.ac.th)] Processing page action. Action addUserPermission [File=/var/www/html/booking/Presenters/ActionPresenter.php,Line=88]
2019-10-22T13:40:35+07:00 [13609] DEBUG default - [User=Surapoj Sanram (surapoj.s@vistec.ac.th)] Action passed all validations [File=/var/www/html/booking/Pages/ActionPage.php,Line=108]
2019-10-22T13:40:35+07:00 [13609] DEBUG default - [User=Surapoj Sanram (surapoj.s@vistec.ac.th)] Processing page action. Action addUserPermission [File=/var/www/html/booking/Presenters/ActionPresenter.php,Line=88]
2019-10-22T13:40:35+07:00 [10524] DEBUG default - [User=Surapoj Sanram (surapoj.s@vistec.ac.th)] Action passed all validations [File=/var/www/html/booking/Pages/ActionPage.php,Line=108]
2019-10-22T13:40:35+07:00 [10524] DEBUG default - [User=Surapoj Sanram (surapoj.s@vistec.ac.th)] Processing page action. Action addUserPermission [File=/var/www/html/booking/Presenters/ActionPresenter.php,Line=88]
2019-10-22T13:40:36+07:00 [2796] DEBUG default - [User=Surapoj Sanram (surapoj.s@vistec.ac.th)] Action passed all validations [File=/var/www/html/booking/Pages/ActionPage.php,Line=108]
2019-10-22T13:40:36+07:00 [2796] DEBUG default - [User=Surapoj Sanram (surapoj.s@vistec.ac.th)] Processing page action. Action addUserPermission [File=/var/www/html/booking/Presenters/ActionPresenter.php,Line=88]
2019-10-22T13:40:36+07:00 [13609] DEBUG default - [User=Surapoj Sanram (surapoj.s@vistec.ac.th)] Action passed all validations [File=/var/www/html/booking/Pages/ActionPage.php,Line=108]
2019-10-22T13:40:36+07:00 [13609] DEBUG default - [User=Surapoj Sanram (surapoj.s@vistec.ac.th)] Processing page action. Action addUserPermission [File=/var/www/html/booking/Presenters/ActionPresenter.php,Line=88]
2019-10-22T13:40:37+07:00 [10524] DEBUG default - [User=Surapoj Sanram (surapoj.s@vistec.ac.th)] Action passed all validations [File=/var/www/html/booking/Pages/ActionPage.php,Line=108]
2019-10-22T13:40:37+07:00 [10524] DEBUG default - [User=Surapoj Sanram (surapoj.s@vistec.ac.th)] Processing page action. Action addUserPermission [File=/var/www/html/booking/Presenters/ActionPresenter.php,Line=88]
2019-10-22T13:40:38+07:00 [2796] DEBUG default - [User=Surapoj Sanram (surapoj.s@vistec.ac.th)] Action passed all validations [File=/var/www/html/booking/Pages/ActionPage.php,Line=108]
2019-10-22T13:40:38+07:00 [2796] DEBUG default - [User=Surapoj Sanram (surapoj.s@vistec.ac.th)] Processing page action. Action addUserPermission [File=/var/www/html/booking/Presenters/ActionPresenter.php,Line=88]
2019-10-22T13:40:38+07:00 [13609] DEBUG default - [User=Surapoj Sanram (surapoj.s@vistec.ac.th)] Action passed all validations [File=/var/www/html/booking/Pages/ActionPage.php,Line=108]
2019-10-22T13:40:38+07:00 [13609] DEBUG default - [User=Surapoj Sanram (surapoj.s@vistec.ac.th)] Processing page action. Action addUserPermission [File=/var/www/html/booking/Presenters/ActionPresenter.php,Line=88]
2019-10-22T13:40:39+07:00 [10524] DEBUG default - [User=Surapoj Sanram (surapoj.s@vistec.ac.th)] Action passed all validations [File=/var/www/html/booking/Pages/ActionPage.php,Line=108]
2019-10-22T13:40:39+07:00 [10524] DEBUG default - [User=Surapoj Sanram (surapoj.s@vistec.ac.th)] Processing page action. Action addUserPermission [File=/var/www/html/booking/Presenters/ActionPresenter.php,Line=88]
2019-10-22T13:40:39+07:00 [2796] DEBUG default - [User=Surapoj Sanram (surapoj.s@vistec.ac.th)] Action passed all validations [File=/var/www/html/booking/Pages/ActionPage.php,Line=108]
2019-10-22T13:40:39+07:00 [2796] DEBUG default - [User=Surapoj Sanram (surapoj.s@vistec.ac.th)] Processing page action. Action addUserPermission [File=/var/www/html/booking/Presenters/ActionPresenter.php,Line=88]
2019-10-22T13:40:40+07:00 [13609] DEBUG default - [User=Surapoj Sanram (surapoj.s@vistec.ac.th)] Action passed all validations [File=/var/www/html/booking/Pages/ActionPage.php,Line=108]
2019-10-22T13:40:40+07:00 [13609] DEBUG default - [User=Surapoj Sanram (surapoj.s@vistec.ac.th)] Processing page action. Action addUserPermission [File=/var/www/html/booking/Presenters/ActionPresenter.php,Line=88]
2019-10-22T13:40:40+07:00 [10524] DEBUG default - [User=Surapoj Sanram (surapoj.s@vistec.ac.th)] Action passed all validations [File=/var/www/html/booking/Pages/ActionPage.php,Line=108]
2019-10-22T13:40:40+07:00 [10524] DEBUG default - [User=Surapoj Sanram (surapoj.s@vistec.ac.th)] Processing page action. Action addUserPermission [File=/var/www/html/booking/Presenters/ActionPresenter.php,Line=88]
2019-10-22T13:40:41+07:00 [2796] DEBUG default - [User=Surapoj Sanram (surapoj.s@vistec.ac.th)] Action passed all validations [File=/var/www/html/booking/Pages/ActionPage.php,Line=108]
2019-10-22T13:40:41+07:00 [2796] DEBUG default - [User=Surapoj Sanram (surapoj.s@vistec.ac.th)] Processing page action. Action addUserPermission [File=/var/www/html/booking/Presenters/ActionPresenter.php,Line=88]
2019-10-22T13:40:41+07:00 [13609] DEBUG default - [User=Surapoj Sanram (surapoj.s@vistec.ac.th)] Action passed all validations [File=/var/www/html/booking/Pages/ActionPage.php,Line=108]
2019-10-22T13:40:41+07:00 [13609] DEBUG default - [User=Surapoj Sanram (surapoj.s@vistec.ac.th)] Processing page action. Action addUserPermission [File=/var/www/html/booking/Presenters/ActionPresenter.php,Line=88]
2019-10-22T13:40:43+07:00 [10524] DEBUG default - [User=Surapoj Sanram (surapoj.s@vistec.ac.th)] Action passed all validations [File=/var/www/html/booking/Pages/ActionPage.php,Line=108]
2019-10-22T13:40:43+07:00 [10524] DEBUG default - [User=Surapoj Sanram (surapoj.s@vistec.ac.th)] Processing page action. Action addUserPermission [File=/var/www/html/booking/Presenters/ActionPresenter.php,Line=88]
2019-10-22T13:40:43+07:00 [2796] DEBUG default - [User=Surapoj Sanram (surapoj.s@vistec.ac.th)] Action passed all validations [File=/var/www/html/booking/Pages/ActionPage.php,Line=108]
2019-10-22T13:40:43+07:00 [2796] DEBUG default - [User=Surapoj Sanram (surapoj.s@vistec.ac.th)] Processing page action. Action addUserPermission [File=/var/www/html/booking/Presenters/ActionPresenter.php,Line=88]
2019-10-22T13:40:44+07:00 [13609] DEBUG default - [User=Surapoj Sanram (surapoj.s@vistec.ac.th)] Action passed all validations [File=/var/www/html/booking/Pages/ActionPage.php,Line=108]
2019-10-22T13:40:44+07:00 [13609] DEBUG default - [User=Surapoj Sanram (surapoj.s@vistec.ac.th)] Processing page action. Action addUserPermission [File=/var/www/html/booking/Presenters/ActionPresenter.php,Line=88]
2019-10-22T13:40:44+07:00 [10524] DEBUG default - [User=Surapoj Sanram (surapoj.s@vistec.ac.th)] Action passed all validations [File=/var/www/html/booking/Pages/ActionPage.php,Line=108]
2019-10-22T13:40:44+07:00 [10524] DEBUG default - [User=Surapoj Sanram (surapoj.s@vistec.ac.th)] Processing page action. Action addUserPermission [File=/var/www/html/booking/Presenters/ActionPresenter.php,Line=88]
2019-10-22T13:40:45+07:00 [2796] DEBUG default - [User=Surapoj Sanram (surapoj.s@vistec.ac.th)] Action passed all validations [File=/var/www/html/booking/Pages/ActionPage.php,Line=108]
2019-10-22T13:40:45+07:00 [2796] DEBUG default - [User=Surapoj Sanram (surapoj.s@vistec.ac.th)] Processing page action. Action addUserPermission [File=/var/www/html/booking/Presenters/ActionPresenter.php,Line=88]
2019-10-22T13:40:45+07:00 [13609] DEBUG default - [User=Surapoj Sanram (surapoj.s@vistec.ac.th)] Action passed all validations [File=/var/www/html/booking/Pages/ActionPage.php,Line=108]
2019-10-22T13:40:45+07:00 [13609] DEBUG default - [User=Surapoj Sanram (surapoj.s@vistec.ac.th)] Processing page action. Action addUserPermission [File=/var/www/html/booking/Presenters/ActionPresenter.php,Line=88]
2019-10-22T13:40:46+07:00 [10524] DEBUG default - [User=Surapoj Sanram (surapoj.s@vistec.ac.th)] Action passed all validations [File=/var/www/html/booking/Pages/ActionPage.php,Line=108]
2019-10-22T13:40:46+07:00 [10524] DEBUG default - [User=Surapoj Sanram (surapoj.s@vistec.ac.th)] Processing page action. Action addUserPermission [File=/var/www/html/booking/Presenters/ActionPresenter.php,Line=88]
2019-10-22T13:40:46+07:00 [2796] DEBUG default - [User=Surapoj Sanram (surapoj.s@vistec.ac.th)] Action passed all validations [File=/var/www/html/booking/Pages/ActionPage.php,Line=108]
2019-10-22T13:40:46+07:00 [2796] DEBUG default - [User=Surapoj Sanram (surapoj.s@vistec.ac.th)] Processing page action. Action addUserPermission [File=/var/www/html/booking/Presenters/ActionPresenter.php,Line=88]
2019-10-22T13:40:46+07:00 [13609] DEBUG default - [User=Surapoj Sanram (surapoj.s@vistec.ac.th)] Action passed all validations [File=/var/www/html/booking/Pages/ActionPage.php,Line=108]
2019-10-22T13:40:46+07:00 [13609] DEBUG default - [User=Surapoj Sanram (surapoj.s@vistec.ac.th)] Processing page action. Action addUserPermission [File=/var/www/html/booking/Presenters/ActionPresenter.php,Line=88]
2019-10-22T13:40:47+07:00 [10524] DEBUG default - [User=Surapoj Sanram (surapoj.s@vistec.ac.th)] Action passed all validations [File=/var/www/html/booking/Pages/ActionPage.php,Line=108]
2019-10-22T13:40:47+07:00 [10524] DEBUG default - [User=Surapoj Sanram (surapoj.s@vistec.ac.th)] Processing page action. Action addUserPermission [File=/var/www/html/booking/Presenters/ActionPresenter.php,Line=88]
2019-10-22T13:40:48+07:00 [2796] DEBUG default - [User=Surapoj Sanram (surapoj.s@vistec.ac.th)] Action passed all validations [File=/var/www/html/booking/Pages/ActionPage.php,Line=108]
2019-10-22T13:40:48+07:00 [2796] DEBUG default - [User=Surapoj Sanram (surapoj.s@vistec.ac.th)] Processing page action. Action addUserPermission [File=/var/www/html/booking/Presenters/ActionPresenter.php,Line=88]
2019-10-22T13:40:50+07:00 [13609] DEBUG default - [User=Surapoj Sanram (surapoj.s@vistec.ac.th)] Action passed all validations [File=/var/www/html/booking/Pages/ActionPage.php,Line=108]
2019-10-22T13:40:50+07:00 [13609] DEBUG default - [User=Surapoj Sanram (surapoj.s@vistec.ac.th)] Processing page action. Action addUserPermission [File=/var/www/html/booking/Presenters/ActionPresenter.php,Line=88]
2019-10-22T13:40:50+07:00 [10524] DEBUG default - [User=Surapoj Sanram (surapoj.s@vistec.ac.th)] Action passed all validations [File=/var/www/html/booking/Pages/ActionPage.php,Line=108]
2019-10-22T13:40:50+07:00 [10524] DEBUG default - [User=Surapoj Sanram (surapoj.s@vistec.ac.th)] Processing page action. Action addUserPermission [File=/var/www/html/booking/Presenters/ActionPresenter.php,Line=88]
2019-10-22T13:40:51+07:00 [2796] DEBUG default - [User=Surapoj Sanram (surapoj.s@vistec.ac.th)] Action passed all validations [File=/var/www/html/booking/Pages/ActionPage.php,Line=108]
2019-10-22T13:40:51+07:00 [2796] DEBUG default - [User=Surapoj Sanram (surapoj.s@vistec.ac.th)] Processing page action. Action addUserPermission [File=/var/www/html/booking/Presenters/ActionPresenter.php,Line=88]
2019-10-22T13:40:51+07:00 [13609] DEBUG default - [User=Surapoj Sanram (surapoj.s@vistec.ac.th)] Action passed all validations [File=/var/www/html/booking/Pages/ActionPage.php,Line=108]
2019-10-22T13:40:51+07:00 [13609] DEBUG default - [User=Surapoj Sanram (surapoj.s@vistec.ac.th)] Processing page action. Action addUserPermission [File=/var/www/html/booking/Presenters/ActionPresenter.php,Line=88]
2019-10-22T13:40:52+07:00 [10524] DEBUG default - [User=Surapoj Sanram (surapoj.s@vistec.ac.th)] Action passed all validations [File=/var/www/html/booking/Pages/ActionPage.php,Line=108]
2019-10-22T13:40:52+07:00 [10524] DEBUG default - [User=Surapoj Sanram (surapoj.s@vistec.ac.th)] Processing page action. Action addUserPermission [File=/var/www/html/booking/Presenters/ActionPresenter.php,Line=88]
2019-10-22T13:40:52+07:00 [2796] DEBUG default - [User=Surapoj Sanram (surapoj.s@vistec.ac.th)] Action passed all validations [File=/var/www/html/booking/Pages/ActionPage.php,Line=108]
2019-10-22T13:40:52+07:00 [2796] DEBUG default - [User=Surapoj Sanram (surapoj.s@vistec.ac.th)] Processing page action. Action addUserPermission [File=/var/www/html/booking/Presenters/ActionPresenter.php,Line=88]
2019-10-22T13:40:53+07:00 [13609] DEBUG default - [User=Surapoj Sanram (surapoj.s@vistec.ac.th)] Action passed all validations [File=/var/www/html/booking/Pages/ActionPage.php,Line=108]
2019-10-22T13:40:53+07:00 [13609] DEBUG default - [User=Surapoj Sanram (surapoj.s@vistec.ac.th)] Processing page action. Action addUserPermission [File=/var/www/html/booking/Presenters/ActionPresenter.php,Line=88]
2019-10-22T13:40:54+07:00 [10524] DEBUG default - [User=Surapoj Sanram (surapoj.s@vistec.ac.th)] Action passed all validations [File=/var/www/html/booking/Pages/ActionPage.php,Line=108]
2019-10-22T13:40:54+07:00 [10524] DEBUG default - [User=Surapoj Sanram (surapoj.s@vistec.ac.th)] Processing page action. Action addUserPermission [File=/var/www/html/booking/Presenters/ActionPresenter.php,Line=88]
2019-10-22T13:40:54+07:00 [2796] DEBUG default - [User=Surapoj Sanram (surapoj.s@vistec.ac.th)] Action passed all validations [File=/var/www/html/booking/Pages/ActionPage.php,Line=108]
2019-10-22T13:40:54+07:00 [2796] DEBUG default - [User=Surapoj Sanram (surapoj.s@vistec.ac.th)] Processing page action. Action addUserPermission [File=/var/www/html/booking/Presenters/ActionPresenter.php,Line=88]
2019-10-22T13:40:55+07:00 [13609] DEBUG default - [User=Surapoj Sanram (surapoj.s@vistec.ac.th)] Action passed all validations [File=/var/www/html/booking/Pages/ActionPage.php,Line=108]
2019-10-22T13:40:55+07:00 [13609] DEBUG default - [User=Surapoj Sanram (surapoj.s@vistec.ac.th)] Processing page action. Action addUserPermission [File=/var/www/html/booking/Presenters/ActionPresenter.php,Line=88]
2019-10-22T13:40:56+07:00 [10524] DEBUG default - [User=Surapoj Sanram (surapoj.s@vistec.ac.th)] Action passed all validations [File=/var/www/html/booking/Pages/ActionPage.php,Line=108]
2019-10-22T13:40:56+07:00 [10524] DEBUG default - [User=Surapoj Sanram (surapoj.s@vistec.ac.th)] Processing page action. Action addUserPermission [File=/var/www/html/booking/Presenters/ActionPresenter.php,Line=88]
2019-10-22T13:40:56+07:00 [2796] DEBUG default - [User=Surapoj Sanram (surapoj.s@vistec.ac.th)] Action passed all validations [File=/var/www/html/booking/Pages/ActionPage.php,Line=108]
2019-10-22T13:40:56+07:00 [2796] DEBUG default - [User=Surapoj Sanram (surapoj.s@vistec.ac.th)] Processing page action. Action addUserPermission [File=/var/www/html/booking/Presenters/ActionPresenter.php,Line=88]
2019-10-22T13:40:57+07:00 [13609] DEBUG default - [User=Surapoj Sanram (surapoj.s@vistec.ac.th)] Action passed all validations [File=/var/www/html/booking/Pages/ActionPage.php,Line=108]
2019-10-22T13:40:57+07:00 [13609] DEBUG default - [User=Surapoj Sanram (surapoj.s@vistec.ac.th)] Processing page action. Action addUserPermission [File=/var/www/html/booking/Presenters/ActionPresenter.php,Line=88]
2019-10-22T13:40:58+07:00 [10524] DEBUG default - [User=Surapoj Sanram (surapoj.s@vistec.ac.th)] Action passed all validations [File=/var/www/html/booking/Pages/ActionPage.php,Line=108]
2019-10-22T13:40:58+07:00 [10524] DEBUG default - [User=Surapoj Sanram (surapoj.s@vistec.ac.th)] Processing page action. Action addUserPermission [File=/var/www/html/booking/Presenters/ActionPresenter.php,Line=88]
2019-10-22T13:40:58+07:00 [2796] DEBUG default - [User=Surapoj Sanram (surapoj.s@vistec.ac.th)] Action passed all validations [File=/var/www/html/booking/Pages/ActionPage.php,Line=108]
2019-10-22T13:40:58+07:00 [2796] DEBUG default - [User=Surapoj Sanram (surapoj.s@vistec.ac.th)] Processing page action. Action addUserPermission [File=/var/www/html/booking/Presenters/ActionPresenter.php,Line=88]
2019-10-22T13:40:59+07:00 [13609] DEBUG default - [User=Surapoj Sanram (surapoj.s@vistec.ac.th)] Action passed all validations [File=/var/www/html/booking/Pages/ActionPage.php,Line=108]
2019-10-22T13:40:59+07:00 [13609] DEBUG default - [User=Surapoj Sanram (surapoj.s@vistec.ac.th)] Processing page action. Action addUserPermission [File=/var/www/html/booking/Presenters/ActionPresenter.php,Line=88]
2019-10-22T13:41:01+07:00 [10524] DEBUG default - [User=Surapoj Sanram (surapoj.s@vistec.ac.th)] Action passed all validations [File=/var/www/html/booking/Pages/ActionPage.php,Line=108]
2019-10-22T13:41:01+07:00 [10524] DEBUG default - [User=Surapoj Sanram (surapoj.s@vistec.ac.th)] Processing page action. Action addUserPermission [File=/var/www/html/booking/Presenters/ActionPresenter.php,Line=88]
2019-10-22T13:41:01+07:00 [2796] DEBUG default - [User=Surapoj Sanram (surapoj.s@vistec.ac.th)] Action passed all validations [File=/var/www/html/booking/Pages/ActionPage.php,Line=108]
2019-10-22T13:41:01+07:00 [2796] DEBUG default - [User=Surapoj Sanram (surapoj.s@vistec.ac.th)] Processing page action. Action addUserPermission [File=/var/www/html/booking/Presenters/ActionPresenter.php,Line=88]
2019-10-22T13:41:02+07:00 [13609] DEBUG default - [User=Surapoj Sanram (surapoj.s@vistec.ac.th)] Action passed all validations [File=/var/www/html/booking/Pages/ActionPage.php,Line=108]
2019-10-22T13:41:02+07:00 [13609] DEBUG default - [User=Surapoj Sanram (surapoj.s@vistec.ac.th)] Processing page action. Action addUserPermission [File=/var/www/html/booking/Presenters/ActionPresenter.php,Line=88]
2019-10-22T13:41:03+07:00 [10524] DEBUG default - [User=Surapoj Sanram (surapoj.s@vistec.ac.th)] Action passed all validations [File=/var/www/html/booking/Pages/ActionPage.php,Line=108]
2019-10-22T13:41:03+07:00 [10524] DEBUG default - [User=Surapoj Sanram (surapoj.s@vistec.ac.th)] Processing page action. Action addUserPermission [File=/var/www/html/booking/Presenters/ActionPresenter.php,Line=88]
2019-10-22T13:41:03+07:00 [2796] DEBUG default - [User=Surapoj Sanram (surapoj.s@vistec.ac.th)] Action passed all validations [File=/var/www/html/booking/Pages/ActionPage.php,Line=108]
2019-10-22T13:41:03+07:00 [2796] DEBUG default - [User=Surapoj Sanram (surapoj.s@vistec.ac.th)] Processing page action. Action addUserPermission [File=/var/www/html/booking/Presenters/ActionPresenter.php,Line=88]
2019-10-22T13:41:05+07:00 [13609] DEBUG default - [User=Surapoj Sanram (surapoj.s@vistec.ac.th)] Action passed all validations [File=/var/www/html/booking/Pages/ActionPage.php,Line=108]
2019-10-22T13:41:05+07:00 [13609] DEBUG default - [User=Surapoj Sanram (surapoj.s@vistec.ac.th)] Processing page action. Action addUserPermission [File=/var/www/html/booking/Presenters/ActionPresenter.php,Line=88]
2019-10-22T15:13:21+07:00 [2796] DEBUG default - [User=Surapoj Sanram (surapoj.s@vistec.ac.th)] Action passed all validations [File=/var/www/html/booking/Pages/ActionPage.php,Line=108]
2019-10-22T15:13:21+07:00 [2796] DEBUG default - [User=Surapoj Sanram (surapoj.s@vistec.ac.th)] Processing page action. Action rename [File=/var/www/html/booking/Presenters/ActionPresenter.php,Line=88]
