2019-05-23T09:12:01+07:00 [2607] DEBUG default - [User=Admin A. (meshaya.p@vistec.ac.th)] Action passed all validations [File=/var/www/html/booking/Pages/ActionPage.php,Line=108]
2019-05-23T09:12:01+07:00 [2607] DEBUG default - [User=Admin A. (meshaya.p@vistec.ac.th)] Processing page action. Action add [File=/var/www/html/booking/Presenters/ActionPresenter.php,Line=88]
2019-05-23T09:12:01+07:00 [2607] DEBUG default - [User=Admin A. (meshaya.p@vistec.ac.th)] ReservationConflictDelete delete lise. Ids=1890 [File=/var/www/html/booking/lib/Application/Reservation/ReservationConflictResolution.php,Line=298]
2019-05-23T09:12:01+07:00 [2607] DEBUG default - [User=Admin A. (meshaya.p@vistec.ac.th)] ReservationRepository::LoadById() - ReservationID: 1890 [File=/var/www/html/booking/Domain/Access/ReservationRepository.php,Line=27]
2019-05-23T09:12:01+07:00 [2607] DEBUG default - [User=Admin A. (meshaya.p@vistec.ac.th)] Removing series 1897 [File=/var/www/html/booking/Domain/ExistingReservationSeries.php,Line=356]
2019-05-23T09:12:01+07:00 [2607] DEBUG default - [User=Admin A. (meshaya.p@vistec.ac.th)] class ReservationConflictDeleteEmail   [File=/var/www/html/booking/lib/Email/Messages/ReservationConflictDeleteEmail.php,Line=43]
2019-05-23T09:12:01+07:00 [2607] DEBUG default - [User=Admin A. (meshaya.p@vistec.ac.th)] class ReservationConflictDeleteEmail To 1530303@vistec.ac.th Arnut Virachotikul [File=/var/www/html/booking/lib/Email/Messages/ReservationConflictDeleteEmail.php,Line=51]
2019-05-23T09:12:01+07:00 [2607] DEBUG default - [User=Admin A. (meshaya.p@vistec.ac.th)] Sending ReservationConflictDeleteEmail email to: 1530303@vistec.ac.th from: Frc.booking@vistec.ac.th [File=/var/www/html/booking/lib/Email/EmailService.php,Line=93]
2019-05-23T09:12:04+07:00 [2607] DEBUG default - [User=Admin A. (meshaya.p@vistec.ac.th)] Email send success: 1.  [File=/var/www/html/booking/lib/Email/EmailService.php,Line=105]
2019-05-23T09:12:04+07:00 [2607] DEBUG default - [User=Admin A. (meshaya.p@vistec.ac.th)] ReservationConflictDelete delete lise. Ids=1909 [File=/var/www/html/booking/lib/Application/Reservation/ReservationConflictResolution.php,Line=298]
2019-05-23T09:12:04+07:00 [2607] DEBUG default - [User=Admin A. (meshaya.p@vistec.ac.th)] ReservationRepository::LoadById() - ReservationID: 1909 [File=/var/www/html/booking/Domain/Access/ReservationRepository.php,Line=27]
2019-05-23T09:12:04+07:00 [2607] DEBUG default - [User=Admin A. (meshaya.p@vistec.ac.th)] Removing series 1916 [File=/var/www/html/booking/Domain/ExistingReservationSeries.php,Line=356]
2019-05-23T09:12:04+07:00 [2607] DEBUG default - [User=Admin A. (meshaya.p@vistec.ac.th)] class ReservationConflictDeleteEmail   [File=/var/www/html/booking/lib/Email/Messages/ReservationConflictDeleteEmail.php,Line=43]
2019-05-23T09:12:04+07:00 [2607] DEBUG default - [User=Admin A. (meshaya.p@vistec.ac.th)] class ReservationConflictDeleteEmail To 1830103@vistec.ac.th Nachnicha Kongkatigumjorn [File=/var/www/html/booking/lib/Email/Messages/ReservationConflictDeleteEmail.php,Line=51]
2019-05-23T09:12:04+07:00 [2607] DEBUG default - [User=Admin A. (meshaya.p@vistec.ac.th)] Sending ReservationConflictDeleteEmail email to: 1830103@vistec.ac.th from: Frc.booking@vistec.ac.th [File=/var/www/html/booking/lib/Email/EmailService.php,Line=93]
2019-05-23T09:12:07+07:00 [2607] DEBUG default - [User=Admin A. (meshaya.p@vistec.ac.th)] Email send success: 1.  [File=/var/www/html/booking/lib/Email/EmailService.php,Line=105]
2019-05-23T09:12:45+07:00 [2607] DEBUG default - [User=Admin A. (meshaya.p@vistec.ac.th)] Action passed all validations [File=/var/www/html/booking/Pages/ActionPage.php,Line=108]
2019-05-23T09:12:45+07:00 [2607] DEBUG default - [User=Admin A. (meshaya.p@vistec.ac.th)] Processing page action. Action load [File=/var/www/html/booking/Presenters/ActionPresenter.php,Line=88]
2019-05-23T09:12:45+07:00 [2607] DEBUG default - [User=Admin A. (meshaya.p@vistec.ac.th)] Loading blackout for editing. Id=47 [File=/var/www/html/booking/Presenters/Admin/ManageBlackoutsPresenter.php,Line=254]
2019-05-23T09:13:27+07:00 [2610] DEBUG default - [User=Admin A. (meshaya.p@vistec.ac.th)] Action passed all validations [File=/var/www/html/booking/Pages/ActionPage.php,Line=108]
2019-05-23T09:13:27+07:00 [2610] DEBUG default - [User=Admin A. (meshaya.p@vistec.ac.th)] Processing page action. Action update [File=/var/www/html/booking/Presenters/ActionPresenter.php,Line=88]
2019-05-23T09:13:27+07:00 [2610] DEBUG default - [User=Admin A. (meshaya.p@vistec.ac.th)] Updating blackout. BlackoutId=47, UpdateScope=full [File=/var/www/html/booking/Presenters/Admin/ManageBlackoutsPresenter.php,Line=325]
2019-05-23T10:59:01+07:00 [2610] DEBUG default - [User=Admin A. (jarinya.s@vistec.ac.th)] Action passed all validations [File=/var/www/html/booking/Pages/ActionPage.php,Line=108]
2019-05-23T10:59:01+07:00 [2610] DEBUG default - [User=Admin A. (jarinya.s@vistec.ac.th)] Processing page action. Action addUserPermission [File=/var/www/html/booking/Presenters/ActionPresenter.php,Line=88]
2019-05-23T11:26:39+07:00 [2610] DEBUG default - [User=Admin A. (napatsorn.m@vistec.ac.th)] Loading validators for permissions [File=/var/www/html/booking/Presenters/Admin/ManageUsersPresenter.php,Line=418]
2019-05-23T11:26:39+07:00 [2610] DEBUG default - [User=Admin A. (napatsorn.m@vistec.ac.th)] Action passed all validations [File=/var/www/html/booking/Pages/ActionPage.php,Line=108]
2019-05-23T11:26:39+07:00 [2610] DEBUG default - [User=Admin A. (napatsorn.m@vistec.ac.th)] Processing page action. Action permissions [File=/var/www/html/booking/Presenters/ActionPresenter.php,Line=88]
2019-05-23T16:27:07+07:00 [18364] DEBUG default - [User=Admin A. (ratchawan.j@vistec.ac.th)] Loading validators for permissions [File=/var/www/html/booking/Presenters/Admin/ManageUsersPresenter.php,Line=418]
2019-05-23T16:27:07+07:00 [18364] DEBUG default - [User=Admin A. (ratchawan.j@vistec.ac.th)] Action passed all validations [File=/var/www/html/booking/Pages/ActionPage.php,Line=108]
2019-05-23T16:27:07+07:00 [18364] DEBUG default - [User=Admin A. (ratchawan.j@vistec.ac.th)] Processing page action. Action permissions [File=/var/www/html/booking/Presenters/ActionPresenter.php,Line=88]
2019-05-23T16:27:18+07:00 [2607] DEBUG default - [User=Admin A. (ratchawan.j@vistec.ac.th)] Loading validators for permissions [File=/var/www/html/booking/Presenters/Admin/ManageUsersPresenter.php,Line=418]
2019-05-23T16:27:18+07:00 [2607] DEBUG default - [User=Admin A. (ratchawan.j@vistec.ac.th)] Action passed all validations [File=/var/www/html/booking/Pages/ActionPage.php,Line=108]
2019-05-23T16:27:18+07:00 [2607] DEBUG default - [User=Admin A. (ratchawan.j@vistec.ac.th)] Processing page action. Action permissions [File=/var/www/html/booking/Presenters/ActionPresenter.php,Line=88]
