2019-07-11T10:03:41+07:00 [3895] DEBUG default - [User=Admin A. (jarinya.s@vistec.ac.th)] Loading validators for addUser [File=/var/www/html/booking/Presenters/Admin/ManageUsersPresenter.php,Line=418]
2019-07-11T10:03:41+07:00 [3895] DEBUG default - [User=Admin A. (jarinya.s@vistec.ac.th)] Action passed all validations [File=/var/www/html/booking/Pages/ActionPage.php,Line=108]
2019-07-11T10:03:41+07:00 [3895] DEBUG default - [User=Admin A. (jarinya.s@vistec.ac.th)] Processing page action. Action addUser [File=/var/www/html/booking/Presenters/ActionPresenter.php,Line=88]
2019-07-11T10:03:41+07:00 [3895] DEBUG default - [User=Admin A. (jarinya.s@vistec.ac.th)] Sending AccountCreationForUserEmail email to: farkfund_pro@vistec.ac.th from: Frc.booking@vistec.ac.th [File=/var/www/html/booking/lib/Email/EmailService.php,Line=93]
2019-07-11T10:03:44+07:00 [3895] DEBUG default - [User=Admin A. (jarinya.s@vistec.ac.th)] Email send success: 1.  [File=/var/www/html/booking/lib/Email/EmailService.php,Line=105]
2019-07-11T10:05:15+07:00 [12231] DEBUG default - [User=Admin A. (jarinya.s@vistec.ac.th)] Loading validators for updateUser [File=/var/www/html/booking/Presenters/Admin/ManageUsersPresenter.php,Line=418]
2019-07-11T10:05:15+07:00 [12231] DEBUG default - [User=Admin A. (jarinya.s@vistec.ac.th)] Action passed all validations [File=/var/www/html/booking/Pages/ActionPage.php,Line=108]
2019-07-11T10:05:15+07:00 [12231] DEBUG default - [User=Admin A. (jarinya.s@vistec.ac.th)] Processing page action. Action updateUser [File=/var/www/html/booking/Presenters/ActionPresenter.php,Line=88]
2019-07-11T10:05:15+07:00 [12231] DEBUG default - [User=Admin A. (jarinya.s@vistec.ac.th)] Updating user 560 [File=/var/www/html/booking/Presenters/Admin/ManageUsersPresenter.php,Line=284]
2019-07-11T10:05:31+07:00 [3863] DEBUG default - [User=Admin A. (jarinya.s@vistec.ac.th)] Loading validators for updateUser [File=/var/www/html/booking/Presenters/Admin/ManageUsersPresenter.php,Line=418]
2019-07-11T10:05:31+07:00 [3863] DEBUG default - [User=Admin A. (jarinya.s@vistec.ac.th)] Action passed all validations [File=/var/www/html/booking/Pages/ActionPage.php,Line=108]
2019-07-11T10:05:31+07:00 [3863] DEBUG default - [User=Admin A. (jarinya.s@vistec.ac.th)] Processing page action. Action updateUser [File=/var/www/html/booking/Presenters/ActionPresenter.php,Line=88]
2019-07-11T10:05:31+07:00 [3863] DEBUG default - [User=Admin A. (jarinya.s@vistec.ac.th)] Updating user 560 [File=/var/www/html/booking/Presenters/Admin/ManageUsersPresenter.php,Line=284]
2019-07-11T10:05:39+07:00 [3895] DEBUG default - [User=Admin A. (jarinya.s@vistec.ac.th)] Loading validators for deactivate [File=/var/www/html/booking/Presenters/Admin/ManageUsersPresenter.php,Line=418]
2019-07-11T10:05:39+07:00 [3895] DEBUG default - [User=Admin A. (jarinya.s@vistec.ac.th)] Action passed all validations [File=/var/www/html/booking/Pages/ActionPage.php,Line=108]
2019-07-11T10:05:39+07:00 [3895] DEBUG default - [User=Admin A. (jarinya.s@vistec.ac.th)] Processing page action. Action deactivate [File=/var/www/html/booking/Presenters/ActionPresenter.php,Line=88]
2019-07-11T10:05:40+07:00 [3863] DEBUG default - [User=Admin A. (jarinya.s@vistec.ac.th)] Loading validators for activate [File=/var/www/html/booking/Presenters/Admin/ManageUsersPresenter.php,Line=418]
2019-07-11T10:05:40+07:00 [3863] DEBUG default - [User=Admin A. (jarinya.s@vistec.ac.th)] Action passed all validations [File=/var/www/html/booking/Pages/ActionPage.php,Line=108]
2019-07-11T10:05:40+07:00 [3863] DEBUG default - [User=Admin A. (jarinya.s@vistec.ac.th)] Processing page action. Action activate [File=/var/www/html/booking/Presenters/ActionPresenter.php,Line=88]
2019-07-11T10:06:35+07:00 [3895] DEBUG default - [User=Admin A. (jarinya.s@vistec.ac.th)] Action passed all validations [File=/var/www/html/booking/Pages/ActionPage.php,Line=108]
2019-07-11T10:06:35+07:00 [3895] DEBUG default - [User=Admin A. (jarinya.s@vistec.ac.th)] Processing page action. Action addUserPermission [File=/var/www/html/booking/Presenters/ActionPresenter.php,Line=88]
2019-07-11T10:07:21+07:00 [3863] DEBUG default - [User=Admin A. (jarinya.s@vistec.ac.th)] Action passed all validations [File=/var/www/html/booking/Pages/ActionPage.php,Line=108]
2019-07-11T10:07:21+07:00 [3863] DEBUG default - [User=Admin A. (jarinya.s@vistec.ac.th)] Processing page action. Action addUserPermission [File=/var/www/html/booking/Presenters/ActionPresenter.php,Line=88]
2019-07-11T15:21:38+07:00 [3863] DEBUG default - [User=Admin A. (somlak.i@vistec.ac.th)] Action passed all validations [File=/var/www/html/booking/Pages/ActionPage.php,Line=108]
2019-07-11T15:21:38+07:00 [3863] DEBUG default - [User=Admin A. (somlak.i@vistec.ac.th)] Processing page action. Action addUserPermission [File=/var/www/html/booking/Presenters/ActionPresenter.php,Line=88]
