2019-04-16T09:48:14+07:00 [6290] DEBUG default - [User=Admin A. (meshaya.p@vistec.ac.th)] Action passed all validations [File=/var/www/html/booking/Pages/ActionPage.php,Line=108]
2019-04-16T09:48:14+07:00 [6290] DEBUG default - [User=Admin A. (meshaya.p@vistec.ac.th)] Processing page action. Action add [File=/var/www/html/booking/Presenters/ActionPresenter.php,Line=88]
2019-04-16T09:48:27+07:00 [23803] DEBUG default - [User=Admin A. (meshaya.p@vistec.ac.th)] Action passed all validations [File=/var/www/html/booking/Pages/ActionPage.php,Line=108]
2019-04-16T09:48:27+07:00 [23803] DEBUG default - [User=Admin A. (meshaya.p@vistec.ac.th)] Processing page action. Action load [File=/var/www/html/booking/Presenters/ActionPresenter.php,Line=88]
2019-04-16T09:48:27+07:00 [23803] DEBUG default - [User=Admin A. (meshaya.p@vistec.ac.th)] Loading blackout for editing. Id=15 [File=/var/www/html/booking/Presenters/Admin/ManageBlackoutsPresenter.php,Line=254]
2019-04-16T09:51:41+07:00 [10313] DEBUG default - [User=Admin A. (napatsorn.m@vistec.ac.th)] Action passed all validations [File=/var/www/html/booking/Pages/ActionPage.php,Line=108]
2019-04-16T09:51:41+07:00 [10313] DEBUG default - [User=Admin A. (napatsorn.m@vistec.ac.th)] Processing page action. Action load [File=/var/www/html/booking/Presenters/ActionPresenter.php,Line=88]
2019-04-16T09:51:41+07:00 [10313] DEBUG default - [User=Admin A. (napatsorn.m@vistec.ac.th)] Loading blackout for editing. Id=15 [File=/var/www/html/booking/Presenters/Admin/ManageBlackoutsPresenter.php,Line=254]
2019-04-16T09:52:46+07:00 [10313] DEBUG default - [User=Admin A. (napatsorn.m@vistec.ac.th)] Loading validators for permissions [File=/var/www/html/booking/Presenters/Admin/ManageUsersPresenter.php,Line=418]
2019-04-16T09:52:46+07:00 [10313] DEBUG default - [User=Admin A. (napatsorn.m@vistec.ac.th)] Action passed all validations [File=/var/www/html/booking/Pages/ActionPage.php,Line=108]
2019-04-16T09:52:46+07:00 [10313] DEBUG default - [User=Admin A. (napatsorn.m@vistec.ac.th)] Processing page action. Action permissions [File=/var/www/html/booking/Presenters/ActionPresenter.php,Line=88]
2019-04-16T09:53:59+07:00 [6290] DEBUG default - [User=Admin A. (meshaya.p@vistec.ac.th)] Action passed all validations [File=/var/www/html/booking/Pages/ActionPage.php,Line=108]
2019-04-16T09:53:59+07:00 [6290] DEBUG default - [User=Admin A. (meshaya.p@vistec.ac.th)] Processing page action. Action update [File=/var/www/html/booking/Presenters/ActionPresenter.php,Line=88]
2019-04-16T09:53:59+07:00 [6290] DEBUG default - [User=Admin A. (meshaya.p@vistec.ac.th)] Updating blackout. BlackoutId=15, UpdateScope=full [File=/var/www/html/booking/Presenters/Admin/ManageBlackoutsPresenter.php,Line=325]
2019-04-16T09:58:53+07:00 [10313] DEBUG default - [User=Admin A. (meshaya.p@vistec.ac.th)] Action passed all validations [File=/var/www/html/booking/Pages/ActionPage.php,Line=108]
2019-04-16T09:58:53+07:00 [10313] DEBUG default - [User=Admin A. (meshaya.p@vistec.ac.th)] Processing page action. Action add [File=/var/www/html/booking/Presenters/ActionPresenter.php,Line=88]
2019-04-16T09:59:28+07:00 [10313] DEBUG default - [User=Admin A. (meshaya.p@vistec.ac.th)] Action passed all validations [File=/var/www/html/booking/Pages/ActionPage.php,Line=108]
2019-04-16T09:59:28+07:00 [10313] DEBUG default - [User=Admin A. (meshaya.p@vistec.ac.th)] Processing page action. Action load [File=/var/www/html/booking/Presenters/ActionPresenter.php,Line=88]
2019-04-16T09:59:28+07:00 [10313] DEBUG default - [User=Admin A. (meshaya.p@vistec.ac.th)] Loading blackout for editing. Id=17 [File=/var/www/html/booking/Presenters/Admin/ManageBlackoutsPresenter.php,Line=254]
2019-04-16T09:59:44+07:00 [23803] DEBUG default - [User=Admin A. (meshaya.p@vistec.ac.th)] Action passed all validations [File=/var/www/html/booking/Pages/ActionPage.php,Line=108]
2019-04-16T09:59:44+07:00 [23803] DEBUG default - [User=Admin A. (meshaya.p@vistec.ac.th)] Processing page action. Action update [File=/var/www/html/booking/Presenters/ActionPresenter.php,Line=88]
2019-04-16T09:59:44+07:00 [23803] DEBUG default - [User=Admin A. (meshaya.p@vistec.ac.th)] Updating blackout. BlackoutId=17, UpdateScope=full [File=/var/www/html/booking/Presenters/Admin/ManageBlackoutsPresenter.php,Line=325]
2019-04-16T10:09:14+07:00 [10313] DEBUG default - [User=Admin A. (meshaya.p@vistec.ac.th)] Acco CREATE_DATE is 2019-04-16 09:48:14 [File=/var/www/html/booking/Domain/Announcement.php,Line=171]
2019-04-16T10:09:14+07:00 [10313] DEBUG default - [User=Admin A. (meshaya.p@vistec.ac.th)] Acco CREATE_DATE is 2019-04-16 09:58:53 [File=/var/www/html/booking/Domain/Announcement.php,Line=171]
2019-04-16T10:09:14+07:00 [10313] DEBUG default - [User=Admin A. (meshaya.p@vistec.ac.th)] Acco CREATE_DATE is 2019-04-11 13:14:54 [File=/var/www/html/booking/Domain/Announcement.php,Line=171]
2019-04-16T10:09:14+07:00 [10313] DEBUG default - [User=Admin A. (meshaya.p@vistec.ac.th)] Acco CREATE_DATE is 2019-04-10 15:46:56 [File=/var/www/html/booking/Domain/Announcement.php,Line=171]
2019-04-16T10:09:14+07:00 [10313] DEBUG default - [User=Admin A. (meshaya.p@vistec.ac.th)] Acco CREATE_DATE is 2019-04-09 13:50:01 [File=/var/www/html/booking/Domain/Announcement.php,Line=171]
2019-04-16T10:09:14+07:00 [10313] DEBUG default - [User=Admin A. (meshaya.p@vistec.ac.th)] Acco CREATE_DATE is 2019-04-07 16:28:23 [File=/var/www/html/booking/Domain/Announcement.php,Line=171]
2019-04-16T10:09:14+07:00 [10313] DEBUG default - [User=Admin A. (meshaya.p@vistec.ac.th)] Acco CREATE_DATE is 2019-04-03 12:21:31 [File=/var/www/html/booking/Domain/Announcement.php,Line=171]
2019-04-16T10:09:14+07:00 [10313] DEBUG default - [User=Admin A. (meshaya.p@vistec.ac.th)] Acco CREATE_DATE is 2019-04-03 12:22:19 [File=/var/www/html/booking/Domain/Announcement.php,Line=171]
2019-04-16T10:09:14+07:00 [10313] DEBUG default - [User=Admin A. (meshaya.p@vistec.ac.th)] Acco CREATE_DATE is 2019-04-02 09:48:53 [File=/var/www/html/booking/Domain/Announcement.php,Line=171]
2019-04-16T10:09:14+07:00 [10313] DEBUG default - [User=Admin A. (meshaya.p@vistec.ac.th)] Acco CREATE_DATE is 2019-04-01 12:00:59 [File=/var/www/html/booking/Domain/Announcement.php,Line=171]
2019-04-16T10:09:14+07:00 [10313] DEBUG default - [User=Admin A. (meshaya.p@vistec.ac.th)] Acco CREATE_DATE is 2019-04-01 14:03:54 [File=/var/www/html/booking/Domain/Announcement.php,Line=171]
2019-04-16T10:09:14+07:00 [10313] DEBUG default - [User=Admin A. (meshaya.p@vistec.ac.th)] Acco CREATE_DATE is 2019-04-02 17:13:41 [File=/var/www/html/booking/Domain/Announcement.php,Line=171]
2019-04-16T10:09:14+07:00 [10313] DEBUG default - [User=Admin A. (meshaya.p@vistec.ac.th)] Acco CREATE_DATE is 2019-03-27 09:55:28 [File=/var/www/html/booking/Domain/Announcement.php,Line=171]
2019-04-16T10:09:14+07:00 [10313] DEBUG default - [User=Admin A. (meshaya.p@vistec.ac.th)] Acco CREATE_DATE is 2019-03-20 20:21:35 [File=/var/www/html/booking/Domain/Announcement.php,Line=171]
2019-04-16T10:09:14+07:00 [10313] DEBUG default - [User=Admin A. (meshaya.p@vistec.ac.th)] Acco CREATE_DATE is 2019-03-18 11:42:19 [File=/var/www/html/booking/Domain/Announcement.php,Line=171]
2019-04-16T10:09:14+07:00 [10313] DEBUG default - [User=Admin A. (meshaya.p@vistec.ac.th)] Acco CREATE_DATE is 2019-03-18 11:44:48 [File=/var/www/html/booking/Domain/Announcement.php,Line=171]
2019-04-16T10:09:14+07:00 [10313] DEBUG default - [User=Admin A. (meshaya.p@vistec.ac.th)] Acco CREATE_DATE is 2019-03-11 10:50:07 [File=/var/www/html/booking/Domain/Announcement.php,Line=171]
2019-04-16T10:24:23+07:00 [6290] DEBUG default - [User=Admin A. (napatsorn.m@vistec.ac.th)] Action passed all validations [File=/var/www/html/booking/Pages/ActionPage.php,Line=108]
2019-04-16T10:24:23+07:00 [6290] DEBUG default - [User=Admin A. (napatsorn.m@vistec.ac.th)] Processing page action. Action load [File=/var/www/html/booking/Presenters/ActionPresenter.php,Line=88]
2019-04-16T10:24:23+07:00 [6290] DEBUG default - [User=Admin A. (napatsorn.m@vistec.ac.th)] Loading blackout for editing. Id=17 [File=/var/www/html/booking/Presenters/Admin/ManageBlackoutsPresenter.php,Line=254]
2019-04-16T10:25:13+07:00 [23803] DEBUG default - [User=Admin A. (napatsorn.m@vistec.ac.th)] Action passed all validations [File=/var/www/html/booking/Pages/ActionPage.php,Line=108]
2019-04-16T10:25:13+07:00 [23803] DEBUG default - [User=Admin A. (napatsorn.m@vistec.ac.th)] Processing page action. Action load [File=/var/www/html/booking/Presenters/ActionPresenter.php,Line=88]
2019-04-16T10:25:13+07:00 [23803] DEBUG default - [User=Admin A. (napatsorn.m@vistec.ac.th)] Loading blackout for editing. Id=18 [File=/var/www/html/booking/Presenters/Admin/ManageBlackoutsPresenter.php,Line=254]
2019-04-16T10:25:52+07:00 [10313] DEBUG default - [User=Admin A. (napatsorn.m@vistec.ac.th)] Action passed all validations [File=/var/www/html/booking/Pages/ActionPage.php,Line=108]
2019-04-16T10:25:52+07:00 [10313] DEBUG default - [User=Admin A. (napatsorn.m@vistec.ac.th)] Processing page action. Action update [File=/var/www/html/booking/Presenters/ActionPresenter.php,Line=88]
2019-04-16T10:25:52+07:00 [10313] DEBUG default - [User=Admin A. (napatsorn.m@vistec.ac.th)] Updating blackout. BlackoutId=18, UpdateScope=full [File=/var/www/html/booking/Presenters/Admin/ManageBlackoutsPresenter.php,Line=325]
2019-04-16T10:35:26+07:00 [6290] DEBUG default - [User=Admin A. (napatsorn.m@vistec.ac.th)] Action passed all validations [File=/var/www/html/booking/Pages/ActionPage.php,Line=108]
2019-04-16T10:35:26+07:00 [6290] DEBUG default - [User=Admin A. (napatsorn.m@vistec.ac.th)] Processing page action. Action addUserPermission [File=/var/www/html/booking/Presenters/ActionPresenter.php,Line=88]
2019-04-16T11:54:56+07:00 [10313] DEBUG default - [User=Admin A. (napatsorn.m@vistec.ac.th)] Action passed all validations [File=/var/www/html/booking/Pages/ActionPage.php,Line=108]
2019-04-16T11:54:56+07:00 [10313] DEBUG default - [User=Admin A. (napatsorn.m@vistec.ac.th)] Processing page action. Action load [File=/var/www/html/booking/Presenters/ActionPresenter.php,Line=88]
2019-04-16T11:54:56+07:00 [10313] DEBUG default - [User=Admin A. (napatsorn.m@vistec.ac.th)] Loading blackout for editing. Id=12 [File=/var/www/html/booking/Presenters/Admin/ManageBlackoutsPresenter.php,Line=254]
2019-04-16T11:55:58+07:00 [6290] DEBUG default - [User=Admin A. (napatsorn.m@vistec.ac.th)] Action passed all validations [File=/var/www/html/booking/Pages/ActionPage.php,Line=108]
2019-04-16T11:55:58+07:00 [6290] DEBUG default - [User=Admin A. (napatsorn.m@vistec.ac.th)] Processing page action. Action update [File=/var/www/html/booking/Presenters/ActionPresenter.php,Line=88]
2019-04-16T11:55:58+07:00 [6290] DEBUG default - [User=Admin A. (napatsorn.m@vistec.ac.th)] Updating blackout. BlackoutId=12, UpdateScope=full [File=/var/www/html/booking/Presenters/Admin/ManageBlackoutsPresenter.php,Line=325]
2019-04-16T13:33:32+07:00 [23803] DEBUG default - [User=Admin A. (meshaya.p@vistec.ac.th)] Action passed all validations [File=/var/www/html/booking/Pages/ActionPage.php,Line=108]
2019-04-16T13:33:32+07:00 [23803] DEBUG default - [User=Admin A. (meshaya.p@vistec.ac.th)] Processing page action. Action addUserPermission [File=/var/www/html/booking/Presenters/ActionPresenter.php,Line=88]
2019-04-16T13:48:34+07:00 [10313] DEBUG default - [User=Admin A. (napatsorn.m@vistec.ac.th)] Loading validators for permissions [File=/var/www/html/booking/Presenters/Admin/ManageUsersPresenter.php,Line=418]
2019-04-16T13:48:34+07:00 [10313] DEBUG default - [User=Admin A. (napatsorn.m@vistec.ac.th)] Action passed all validations [File=/var/www/html/booking/Pages/ActionPage.php,Line=108]
2019-04-16T13:48:34+07:00 [10313] DEBUG default - [User=Admin A. (napatsorn.m@vistec.ac.th)] Processing page action. Action permissions [File=/var/www/html/booking/Presenters/ActionPresenter.php,Line=88]
2019-04-16T15:40:28+07:00 [10313] DEBUG default - [User=Admin A. (napatsorn.m@vistec.ac.th)] Action passed all validations [File=/var/www/html/booking/Pages/ActionPage.php,Line=108]
2019-04-16T15:40:28+07:00 [10313] DEBUG default - [User=Admin A. (napatsorn.m@vistec.ac.th)] Processing page action. Action load [File=/var/www/html/booking/Presenters/ActionPresenter.php,Line=88]
2019-04-16T15:40:28+07:00 [10313] DEBUG default - [User=Admin A. (napatsorn.m@vistec.ac.th)] Loading blackout for editing. Id=16 [File=/var/www/html/booking/Presenters/Admin/ManageBlackoutsPresenter.php,Line=254]
2019-04-16T15:40:36+07:00 [6290] DEBUG default - [User=Admin A. (napatsorn.m@vistec.ac.th)] Action passed all validations [File=/var/www/html/booking/Pages/ActionPage.php,Line=108]
2019-04-16T15:40:36+07:00 [6290] DEBUG default - [User=Admin A. (napatsorn.m@vistec.ac.th)] Processing page action. Action update [File=/var/www/html/booking/Presenters/ActionPresenter.php,Line=88]
2019-04-16T15:40:36+07:00 [6290] DEBUG default - [User=Admin A. (napatsorn.m@vistec.ac.th)] Updating blackout. BlackoutId=16, UpdateScope=full [File=/var/www/html/booking/Presenters/Admin/ManageBlackoutsPresenter.php,Line=325]
2019-04-16T15:40:44+07:00 [10313] DEBUG default - [User=Admin A. (napatsorn.m@vistec.ac.th)] Action passed all validations [File=/var/www/html/booking/Pages/ActionPage.php,Line=108]
2019-04-16T15:40:44+07:00 [10313] DEBUG default - [User=Admin A. (napatsorn.m@vistec.ac.th)] Processing page action. Action load [File=/var/www/html/booking/Presenters/ActionPresenter.php,Line=88]
2019-04-16T15:40:44+07:00 [10313] DEBUG default - [User=Admin A. (napatsorn.m@vistec.ac.th)] Loading blackout for editing. Id=19 [File=/var/www/html/booking/Presenters/Admin/ManageBlackoutsPresenter.php,Line=254]
2019-04-16T15:40:49+07:00 [6290] DEBUG default - [User=Admin A. (napatsorn.m@vistec.ac.th)] Action passed all validations [File=/var/www/html/booking/Pages/ActionPage.php,Line=108]
2019-04-16T15:40:49+07:00 [6290] DEBUG default - [User=Admin A. (napatsorn.m@vistec.ac.th)] Processing page action. Action update [File=/var/www/html/booking/Presenters/ActionPresenter.php,Line=88]
2019-04-16T15:40:49+07:00 [6290] DEBUG default - [User=Admin A. (napatsorn.m@vistec.ac.th)] Updating blackout. BlackoutId=19, UpdateScope=full [File=/var/www/html/booking/Presenters/Admin/ManageBlackoutsPresenter.php,Line=325]
