2019-04-18T09:39:35+07:00 [23803] DEBUG default - [User=Admin A. (meshaya.p@vistec.ac.th)] Action passed all validations [File=/var/www/html/booking/Pages/ActionPage.php,Line=108]
2019-04-18T09:39:35+07:00 [23803] DEBUG default - [User=Admin A. (meshaya.p@vistec.ac.th)] Processing page action. Action load [File=/var/www/html/booking/Presenters/ActionPresenter.php,Line=88]
2019-04-18T09:39:35+07:00 [23803] DEBUG default - [User=Admin A. (meshaya.p@vistec.ac.th)] Loading blackout for editing. Id=14 [File=/var/www/html/booking/Presenters/Admin/ManageBlackoutsPresenter.php,Line=254]
2019-04-18T09:40:06+07:00 [6290] DEBUG default - [User=Admin A. (meshaya.p@vistec.ac.th)] Action passed all validations [File=/var/www/html/booking/Pages/ActionPage.php,Line=108]
2019-04-18T09:40:06+07:00 [6290] DEBUG default - [User=Admin A. (meshaya.p@vistec.ac.th)] Processing page action. Action update [File=/var/www/html/booking/Presenters/ActionPresenter.php,Line=88]
2019-04-18T09:40:06+07:00 [6290] DEBUG default - [User=Admin A. (meshaya.p@vistec.ac.th)] Updating blackout. BlackoutId=14, UpdateScope=full [File=/var/www/html/booking/Presenters/Admin/ManageBlackoutsPresenter.php,Line=325]
2019-04-18T10:04:35+07:00 [10313] DEBUG default - [User=Admin A. (ratchawan.j@vistec.ac.th)] Action passed all validations [File=/var/www/html/booking/Pages/ActionPage.php,Line=108]
2019-04-18T10:04:35+07:00 [10313] DEBUG default - [User=Admin A. (ratchawan.j@vistec.ac.th)] Processing page action. Action add [File=/var/www/html/booking/Presenters/ActionPresenter.php,Line=88]
2019-04-18T13:30:44+07:00 [10313] DEBUG default - [User=Admin A. (meshaya.p@vistec.ac.th)] Action passed all validations [File=/var/www/html/booking/Pages/ActionPage.php,Line=108]
2019-04-18T13:30:44+07:00 [10313] DEBUG default - [User=Admin A. (meshaya.p@vistec.ac.th)] Processing page action. Action printQR [File=/var/www/html/booking/Presenters/ActionPresenter.php,Line=88]
2019-04-18T14:04:35+07:00 [6290] DEBUG default - [User=Admin A. (meshaya.p@vistec.ac.th)] Action passed all validations [File=/var/www/html/booking/Pages/ActionPage.php,Line=108]
2019-04-18T14:04:35+07:00 [6290] DEBUG default - [User=Admin A. (meshaya.p@vistec.ac.th)] Processing page action. Action add [File=/var/www/html/booking/Presenters/ActionPresenter.php,Line=88]
2019-04-18T14:04:35+07:00 [6290] DEBUG default - [User=Admin A. (meshaya.p@vistec.ac.th)] ReservationConflictDelete delete lise. Ids=1221 [File=/var/www/html/booking/lib/Application/Reservation/ReservationConflictResolution.php,Line=298]
2019-04-18T14:04:35+07:00 [6290] DEBUG default - [User=Admin A. (meshaya.p@vistec.ac.th)] class ReservationConflictDeleteEmail   [File=/var/www/html/booking/lib/Email/Messages/ReservationConflictDeleteEmail.php,Line=43]
2019-04-18T14:04:35+07:00 [6290] DEBUG default - [User=Admin A. (meshaya.p@vistec.ac.th)] class ReservationConflictDeleteEmail To 1730310@vistec.ac.th Chadapon Srikamut [File=/var/www/html/booking/lib/Email/Messages/ReservationConflictDeleteEmail.php,Line=51]
2019-04-18T14:04:35+07:00 [6290] DEBUG default - [User=Admin A. (meshaya.p@vistec.ac.th)] Sending ReservationConflictDeleteEmail email to: 1730310@vistec.ac.th from: Frc.booking@vistec.ac.th [File=/var/www/html/booking/lib/Email/EmailService.php,Line=93]
2019-04-18T14:04:40+07:00 [6290] DEBUG default - [User=Admin A. (meshaya.p@vistec.ac.th)] Email send success: 1.  [File=/var/www/html/booking/lib/Email/EmailService.php,Line=105]
2019-04-18T14:04:40+07:00 [6290] DEBUG default - [User=Admin A. (meshaya.p@vistec.ac.th)] ReservationConflictDelete delete lise. Ids=1227 [File=/var/www/html/booking/lib/Application/Reservation/ReservationConflictResolution.php,Line=298]
2019-04-18T14:04:40+07:00 [6290] DEBUG default - [User=Admin A. (meshaya.p@vistec.ac.th)] ReservationRepository::LoadById() - ReservationID: 1227 [File=/var/www/html/booking/Domain/Access/ReservationRepository.php,Line=27]
2019-04-18T14:04:40+07:00 [6290] DEBUG default - [User=Admin A. (meshaya.p@vistec.ac.th)] Removing series 1227 [File=/var/www/html/booking/Domain/ExistingReservationSeries.php,Line=356]
2019-04-18T14:04:40+07:00 [6290] DEBUG default - [User=Admin A. (meshaya.p@vistec.ac.th)] class ReservationConflictDeleteEmail   [File=/var/www/html/booking/lib/Email/Messages/ReservationConflictDeleteEmail.php,Line=43]
2019-04-18T14:04:40+07:00 [6290] DEBUG default - [User=Admin A. (meshaya.p@vistec.ac.th)] class ReservationConflictDeleteEmail To rttykn.fresh@gmail.com Ruttiyakorn Donthongkwa [File=/var/www/html/booking/lib/Email/Messages/ReservationConflictDeleteEmail.php,Line=51]
2019-04-18T14:04:40+07:00 [6290] DEBUG default - [User=Admin A. (meshaya.p@vistec.ac.th)] Sending ReservationConflictDeleteEmail email to: rttykn.fresh@gmail.com from: Frc.booking@vistec.ac.th [File=/var/www/html/booking/lib/Email/EmailService.php,Line=93]
2019-04-18T14:04:43+07:00 [6290] DEBUG default - [User=Admin A. (meshaya.p@vistec.ac.th)] Email send success: 1.  [File=/var/www/html/booking/lib/Email/EmailService.php,Line=105]
2019-04-18T14:55:57+07:00 [23803] DEBUG default - [User=Admin A. (jarinya.s@vistec.ac.th)] Action passed all validations [File=/var/www/html/booking/Pages/ActionPage.php,Line=108]
2019-04-18T14:55:57+07:00 [23803] DEBUG default - [User=Admin A. (jarinya.s@vistec.ac.th)] Processing page action. Action addUserPermission [File=/var/www/html/booking/Presenters/ActionPresenter.php,Line=88]
2019-04-18T14:56:21+07:00 [10313] DEBUG default - [User=Admin A. (ratchawan.j@vistec.ac.th)] Loading validators for permissions [File=/var/www/html/booking/Presenters/Admin/ManageUsersPresenter.php,Line=418]
2019-04-18T14:56:21+07:00 [10313] DEBUG default - [User=Admin A. (ratchawan.j@vistec.ac.th)] Action passed all validations [File=/var/www/html/booking/Pages/ActionPage.php,Line=108]
2019-04-18T14:56:21+07:00 [10313] DEBUG default - [User=Admin A. (ratchawan.j@vistec.ac.th)] Processing page action. Action permissions [File=/var/www/html/booking/Presenters/ActionPresenter.php,Line=88]
