2019-11-28T17:08:30+07:00 [8833] DEBUG default - [User=Admin A. (meshaya.p@vistec.ac.th)] Action passed all validations [File=/var/www/html/booking/Pages/ActionPage.php,Line=108]
2019-11-28T17:08:30+07:00 [8833] DEBUG default - [User=Admin A. (meshaya.p@vistec.ac.th)] Processing page action. Action add [File=/var/www/html/booking/Presenters/ActionPresenter.php,Line=88]
2019-11-28T17:08:30+07:00 [8833] DEBUG default - [User=Admin A. (meshaya.p@vistec.ac.th)] Adding new resource with name: TGA-DTA (Rigaku), scheduleId: 1, autoAssign: , resourceAdminGroupId  [File=/var/www/html/booking/Presenters/Admin/ManageResourcesPresenter.php,Line=214]
2019-11-28T17:08:50+07:00 [8833] DEBUG default - [User=Admin A. (meshaya.p@vistec.ac.th)] Action passed all validations [File=/var/www/html/booking/Pages/ActionPage.php,Line=108]
2019-11-28T17:08:50+07:00 [8833] DEBUG default - [User=Admin A. (meshaya.p@vistec.ac.th)] Processing page action. Action image [File=/var/www/html/booking/Presenters/ActionPresenter.php,Line=88]
2019-11-28T17:08:50+07:00 [8833] DEBUG default - [User=Admin A. (meshaya.p@vistec.ac.th)] Changing resource image for resource id 31 [File=/var/www/html/booking/Presenters/Admin/ManageResourcesPresenter.php,Line=344]
2019-11-28T17:08:51+07:00 [8833] DEBUG default - [User=Admin A. (meshaya.p@vistec.ac.th)] Saving resource image ../../Web/uploads/images/resource31.jpg [File=/var/www/html/booking/Presenters/Admin/ManageResourcesPresenter.php,Line=402]
2019-11-28T17:09:27+07:00 [2455] DEBUG default - [User=Admin A. (meshaya.p@vistec.ac.th)] Action passed all validations [File=/var/www/html/booking/Pages/ActionPage.php,Line=108]
2019-11-28T17:09:27+07:00 [2455] DEBUG default - [User=Admin A. (meshaya.p@vistec.ac.th)] Processing page action. Action changeAttribute [File=/var/www/html/booking/Presenters/ActionPresenter.php,Line=88]
2019-11-28T17:09:27+07:00 [2455] DEBUG default - [User=Admin A. (meshaya.p@vistec.ac.th)] Changing attributes. ResourceId=31, AttributeId=29, Value=Rigaku [File=/var/www/html/booking/Presenters/Admin/ManageResourcesPresenter.php,Line=486]
2019-11-28T17:10:09+07:00 [2455] DEBUG default - [User=Admin A. (meshaya.p@vistec.ac.th)] Action passed all validations [File=/var/www/html/booking/Pages/ActionPage.php,Line=108]
2019-11-28T17:10:09+07:00 [2455] DEBUG default - [User=Admin A. (meshaya.p@vistec.ac.th)] Processing page action. Action changeStatus [File=/var/www/html/booking/Presenters/ActionPresenter.php,Line=88]
2019-11-28T17:10:09+07:00 [2455] DEBUG default - [User=Admin A. (meshaya.p@vistec.ac.th)] Changing resource status. ResourceId: 31 [File=/var/www/html/booking/Presenters/Admin/ManageResourcesPresenter.php,Line=421]
2019-11-28T17:10:28+07:00 [2449] DEBUG default - [User=Admin A. (meshaya.p@vistec.ac.th)] Action passed all validations [File=/var/www/html/booking/Pages/ActionPage.php,Line=108]
2019-11-28T17:10:28+07:00 [2449] DEBUG default - [User=Admin A. (meshaya.p@vistec.ac.th)] Processing page action. Action changeResourceType [File=/var/www/html/booking/Presenters/ActionPresenter.php,Line=88]
2019-11-28T17:10:28+07:00 [2449] DEBUG default - [User=Admin A. (meshaya.p@vistec.ac.th)] Changing resource type for resource 31 [File=/var/www/html/booking/Presenters/Admin/ManageResourcesPresenter.php,Line=519]
2019-11-28T17:11:07+07:00 [2455] DEBUG default - [User=Admin A. (meshaya.p@vistec.ac.th)] Action passed all validations [File=/var/www/html/booking/Pages/ActionPage.php,Line=108]
2019-11-28T17:11:07+07:00 [2455] DEBUG default - [User=Admin A. (meshaya.p@vistec.ac.th)] Processing page action. Action contact [File=/var/www/html/booking/Presenters/ActionPresenter.php,Line=88]
2019-11-28T17:11:18+07:00 [8833] DEBUG default - [User=Admin A. (meshaya.p@vistec.ac.th)] Action passed all validations [File=/var/www/html/booking/Pages/ActionPage.php,Line=108]
2019-11-28T17:11:18+07:00 [8833] DEBUG default - [User=Admin A. (meshaya.p@vistec.ac.th)] Processing page action. Action location [File=/var/www/html/booking/Presenters/ActionPresenter.php,Line=88]
2019-11-28T17:11:26+07:00 [2449] DEBUG default - [User=Admin A. (meshaya.p@vistec.ac.th)] Action passed all validations [File=/var/www/html/booking/Pages/ActionPage.php,Line=108]
2019-11-28T17:11:26+07:00 [2449] DEBUG default - [User=Admin A. (meshaya.p@vistec.ac.th)] Processing page action. Action notes [File=/var/www/html/booking/Presenters/ActionPresenter.php,Line=88]
2019-11-28T17:13:36+07:00 [2455] DEBUG default - [User=Admin A. (meshaya.p@vistec.ac.th)] Action passed all validations [File=/var/www/html/booking/Pages/ActionPage.php,Line=108]
2019-11-28T17:13:36+07:00 [2455] DEBUG default - [User=Admin A. (meshaya.p@vistec.ac.th)] Processing page action. Action add [File=/var/www/html/booking/Presenters/ActionPresenter.php,Line=88]
2019-11-28T17:13:36+07:00 [2455] DEBUG default - [User=Admin A. (meshaya.p@vistec.ac.th)] Adding schedule with name TGA Rigaku [File=/var/www/html/booking/Presenters/Admin/ManageSchedulesPresenter.php,Line=361]
2019-11-28T17:15:48+07:00 [2449] DEBUG default - [User=Admin A. (meshaya.p@vistec.ac.th)] Validating daily layout [File=/var/www/html/booking/lib/Common/Validators/LayoutValidator.php,Line=59]
2019-11-28T17:15:48+07:00 [2449] DEBUG default - [User=Admin A. (meshaya.p@vistec.ac.th)] array (
  0 => '00:00 - 01:00
01:00 - 02:00
02:00 - 03:00
03:00 - 04:00
04:00 - 05:00
05:00 - 06:00
06:00 - 07:00
07:00 - 08:00',
  1 => '08:00 - 09:00
09:00 - 10:00
10:00 - 11:00
11:00 - 12:00
12:00 - 13:00
13:00 - 14:00
14:00 - 15:00
15:00 - 16:00
16:00 - 17:00
17:00 - 18:00
18:00 - 19:00
19:00 - 20:00
20:00 - 21:00
21:00 - 22:00
22:00 - 23:00
23:00 - 00:00',
  2 => '00:00 - 01:00
01:00 - 02:00
02:00 - 03:00
03:00 - 04:00
04:00 - 05:00
05:00 - 06:00
06:00 - 07:00
07:00 - 08:00
08:00 - 09:00
09:00 - 10:00
10:00 - 11:00
11:00 - 12:00
12:00 - 13:00
13:00 - 14:00
14:00 - 15:00
15:00 - 16:00
16:00 - 17:00
17:00 - 18:00
18:00 - 19:00
19:00 - 20:00
20:00 - 21:00
21:00 - 22:00
22:00 - 23:00
23:00 - 00:00',
  3 => '00:00 - 01:00
01:00 - 02:00
02:00 - 03:00
03:00 - 04:00
04:00 - 05:00
05:00 - 06:00
06:00 - 07:00
07:00 - 08:00
08:00 - 09:00
09:00 - 10:00
10:00 - 11:00
11:00 - 12:00
12:00 - 13:00
13:00 - 14:00
14:00 - 15:00
15:00 - 16:00
16:00 - 17:00
17:00 - 18:00
18:00 - 19:00
19:00 - 20:00
20:00 - 21:00
21:00 - 22:00
22:00 - 23:00
23:00 - 00:00',
  4 => '00:00 - 01:00
01:00 - 02:00
02:00 - 03:00
03:00 - 04:00
04:00 - 05:00
05:00 - 06:00
06:00 - 07:00
07:00 - 08:00
08:00 - 09:00
09:00 - 10:00
10:00 - 11:00
11:00 - 12:00
12:00 - 13:00
13:00 - 14:00
14:00 - 15:00
15:00 - 16:00
16:00 - 17:00
17:00 - 18:00
18:00 - 19:00
19:00 - 20:00
20:00 - 21:00
21:00 - 22:00
22:00 - 23:00
23:00 - 00:00',
  5 => '00:00 - 01:00
01:00 - 02:00
02:00 - 03:00
03:00 - 04:00
04:00 - 05:00
05:00 - 06:00
06:00 - 07:00
07:00 - 08:00
08:00 - 09:00
09:00 - 10:00
10:00 - 11:00
11:00 - 12:00
12:00 - 13:00
13:00 - 14:00
14:00 - 15:00
15:00 - 16:00
16:00 - 17:00
17:00 - 18:00
18:00 - 19:00
19:00 - 20:00
20:00 - 21:00
21:00 - 22:00
22:00 - 23:00
23:00 - 00:00',
  6 => '00:00 - 01:00
01:00 - 02:00
02:00 - 03:00
03:00 - 04:00
04:00 - 05:00
05:00 - 06:00
06:00 - 07:00
07:00 - 08:00
08:00 - 09:00
09:00 - 10:00
10:00 - 11:00
11:00 - 12:00
12:00 - 13:00
13:00 - 14:00
14:00 - 15:00
15:00 - 16:00
16:00 - 17:00
17:00 - 18:00
18:00 - 19:00
19:00 - 20:00
20:00 - 21:00
21:00 - 22:00
22:00 - 23:00
23:00 - 00:00',
) [File=/var/www/html/booking/lib/Common/Validators/LayoutValidator.php,Line=60]
2019-11-28T17:15:48+07:00 [2449] DEBUG default - [User=Admin A. (meshaya.p@vistec.ac.th)] Action passed all validations [File=/var/www/html/booking/Pages/ActionPage.php,Line=108]
2019-11-28T17:15:48+07:00 [2449] DEBUG default - [User=Admin A. (meshaya.p@vistec.ac.th)] Processing page action. Action changeLayout [File=/var/www/html/booking/Presenters/ActionPresenter.php,Line=88]
2019-11-28T17:15:48+07:00 [2449] DEBUG default - [User=Admin A. (meshaya.p@vistec.ac.th)] Changing layout for scheduleId=24. timezone=, usingSingleLayout= [File=/var/www/html/booking/Presenters/Admin/ManageSchedulesPresenter.php,Line=400]
2019-11-28T17:16:07+07:00 [2455] DEBUG default - [User=Admin A. (meshaya.p@vistec.ac.th)] Action passed all validations [File=/var/www/html/booking/Pages/ActionPage.php,Line=108]
2019-11-28T17:16:07+07:00 [2455] DEBUG default - [User=Admin A. (meshaya.p@vistec.ac.th)] Processing page action. Action changeStatus [File=/var/www/html/booking/Presenters/ActionPresenter.php,Line=88]
2019-11-28T17:16:07+07:00 [2455] DEBUG default - [User=Admin A. (meshaya.p@vistec.ac.th)] Changing resource status. ResourceId: 31 [File=/var/www/html/booking/Presenters/Admin/ManageResourcesPresenter.php,Line=421]
2019-11-28T17:19:06+07:00 [2455] DEBUG default - [User=Admin A. (meshaya.p@vistec.ac.th)] Action passed all validations [File=/var/www/html/booking/Pages/ActionPage.php,Line=108]
2019-11-28T17:19:06+07:00 [2455] DEBUG default - [User=Admin A. (meshaya.p@vistec.ac.th)] Processing page action. Action schedule [File=/var/www/html/booking/Presenters/ActionPresenter.php,Line=88]
2019-11-28T17:19:06+07:00 [2455] DEBUG default - [User=Admin A. (meshaya.p@vistec.ac.th)] Changing schedule for resource 31 [File=/var/www/html/booking/Presenters/Admin/ManageResourcesPresenter.php,Line=440]
2019-11-28T17:19:22+07:00 [2455] DEBUG default - [User=Admin A. (meshaya.p@vistec.ac.th)] Action passed all validations [File=/var/www/html/booking/Pages/ActionPage.php,Line=108]
2019-11-28T17:19:22+07:00 [2455] DEBUG default - [User=Admin A. (meshaya.p@vistec.ac.th)] Processing page action. Action addQuota [File=/var/www/html/booking/Presenters/ActionPresenter.php,Line=88]
2019-11-28T17:19:22+07:00 [2455] DEBUG default - [User=Admin A. (meshaya.p@vistec.ac.th)] Adding new quota. Duration day, Limit 24, Unit hours, Resource 31, Group , Schedule 24, All Day 1, Start Time , End Time , Every Day 1, Days , Scope ExcludeCompleted [File=/var/www/html/booking/Presenters/Admin/ManageQuotasPresenter.php,Line=139]
2019-11-28T17:24:08+07:00 [2449] DEBUG default - [User=Admin A. (meshaya.p@vistec.ac.th)] Validating daily layout [File=/var/www/html/booking/lib/Common/Validators/LayoutValidator.php,Line=59]
2019-11-28T17:24:08+07:00 [2449] DEBUG default - [User=Admin A. (meshaya.p@vistec.ac.th)] array (
  0 => '00:00 - 01:00
01:00 - 02:00
02:00 - 03:00
03:00 - 04:00
04:00 - 05:00
05:00 - 06:00
06:00 - 07:00
07:00 - 08:00
08:00 - 09:00
09:00 - 10:00
10:00 - 11:00
11:00 - 12:00
12:00 - 13:00
13:00 - 14:00
14:00 - 15:00
15:00 - 16:00
16:00 - 17:00
17:00 - 18:00
18:00 - 19:00
19:00 - 20:00
20:00 - 21:00
21:00 - 22:00
22:00 - 23:00
23:00 - 00:00',
  1 => '00:00 - 01:00
01:00 - 02:00
02:00 - 03:00
03:00 - 04:00
04:00 - 05:00
05:00 - 06:00
06:00 - 07:00
07:00 - 08:00
08:00 - 09:00
09:00 - 10:00
10:00 - 11:00
11:00 - 12:00
12:00 - 13:00
13:00 - 14:00
14:00 - 15:00
15:00 - 16:00
16:00 - 17:00
17:00 - 18:00
18:00 - 19:00
19:00 - 20:00
20:00 - 21:00
21:00 - 22:00
22:00 - 23:00
23:00 - 00:00',
  2 => '00:00 - 01:00
01:00 - 02:00
02:00 - 03:00
03:00 - 04:00
04:00 - 05:00
05:00 - 06:00
06:00 - 07:00
07:00 - 08:00
08:00 - 09:00
09:00 - 10:00
10:00 - 11:00
11:00 - 12:00
12:00 - 13:00
13:00 - 14:00
14:00 - 15:00
15:00 - 16:00
16:00 - 17:00
17:00 - 18:00
18:00 - 19:00
19:00 - 20:00
20:00 - 21:00
21:00 - 22:00
22:00 - 23:00
23:00 - 00:00',
  3 => '00:00 - 01:00
01:00 - 02:00
02:00 - 03:00
03:00 - 04:00
04:00 - 05:00
05:00 - 06:00
06:00 - 07:00
07:00 - 08:00
08:00 - 09:00
09:00 - 10:00
10:00 - 11:00
11:00 - 12:00
12:00 - 13:00
13:00 - 14:00
14:00 - 15:00
15:00 - 16:00
16:00 - 17:00
17:00 - 18:00
18:00 - 19:00
19:00 - 20:00
20:00 - 21:00
21:00 - 22:00
22:00 - 23:00
23:00 - 00:00',
  4 => '00:00 - 01:00
01:00 - 02:00
02:00 - 03:00
03:00 - 04:00
04:00 - 05:00
05:00 - 06:00
06:00 - 07:00
07:00 - 08:00
08:00 - 09:00
09:00 - 10:00
10:00 - 11:00
11:00 - 12:00
12:00 - 13:00
13:00 - 14:00
14:00 - 15:00
15:00 - 16:00
16:00 - 17:00
17:00 - 18:00
18:00 - 19:00
19:00 - 20:00
20:00 - 21:00
21:00 - 22:00
22:00 - 23:00
23:00 - 00:00',
  5 => '00:00 - 01:00
01:00 - 02:00
02:00 - 03:00
03:00 - 04:00
04:00 - 05:00
05:00 - 06:00
06:00 - 07:00
07:00 - 08:00
08:00 - 09:00
09:00 - 10:00
10:00 - 11:00
11:00 - 12:00
12:00 - 13:00
13:00 - 14:00
14:00 - 15:00
15:00 - 16:00
16:00 - 17:00
17:00 - 18:00
18:00 - 19:00
19:00 - 20:00
20:00 - 21:00
21:00 - 22:00
22:00 - 23:00
23:00 - 00:00',
  6 => '00:00 - 01:00
01:00 - 02:00
02:00 - 03:00
03:00 - 04:00
04:00 - 05:00
05:00 - 06:00
06:00 - 07:00
07:00 - 08:00
08:00 - 09:00
09:00 - 10:00
10:00 - 11:00
11:00 - 12:00
12:00 - 13:00
13:00 - 14:00
14:00 - 15:00
15:00 - 16:00
16:00 - 17:00
17:00 - 18:00
18:00 - 19:00
19:00 - 20:00
20:00 - 21:00
21:00 - 22:00
22:00 - 23:00
23:00 - 00:00',
) [File=/var/www/html/booking/lib/Common/Validators/LayoutValidator.php,Line=60]
2019-11-28T17:24:08+07:00 [2449] DEBUG default - [User=Admin A. (meshaya.p@vistec.ac.th)] Action passed all validations [File=/var/www/html/booking/Pages/ActionPage.php,Line=108]
2019-11-28T17:24:08+07:00 [2449] DEBUG default - [User=Admin A. (meshaya.p@vistec.ac.th)] Processing page action. Action changeLayout [File=/var/www/html/booking/Presenters/ActionPresenter.php,Line=88]
2019-11-28T17:24:08+07:00 [2449] DEBUG default - [User=Admin A. (meshaya.p@vistec.ac.th)] Changing layout for scheduleId=24. timezone=, usingSingleLayout= [File=/var/www/html/booking/Presenters/Admin/ManageSchedulesPresenter.php,Line=400]
2019-11-28T17:24:44+07:00 [8833] DEBUG default - [User=Admin A. (meshaya.p@vistec.ac.th)] Validating daily layout [File=/var/www/html/booking/lib/Common/Validators/LayoutValidator.php,Line=59]
2019-11-28T17:24:44+07:00 [8833] DEBUG default - [User=Admin A. (meshaya.p@vistec.ac.th)] array (
  0 => '',
  1 => '00:00 - 01:00
01:00 - 02:00
02:00 - 03:00
03:00 - 04:00
04:00 - 05:00
05:00 - 06:00
06:00 - 07:00
07:00 - 08:00
08:00 - 09:00
09:00 - 10:00
10:00 - 11:00
11:00 - 12:00
12:00 - 13:00
13:00 - 14:00
14:00 - 15:00
15:00 - 16:00
16:00 - 17:00
17:00 - 18:00
18:00 - 19:00
19:00 - 20:00
20:00 - 21:00
21:00 - 22:00
22:00 - 23:00
23:00 - 00:00',
  2 => '00:00 - 01:00
01:00 - 02:00
02:00 - 03:00
03:00 - 04:00
04:00 - 05:00
05:00 - 06:00
06:00 - 07:00
07:00 - 08:00
08:00 - 09:00
09:00 - 10:00
10:00 - 11:00
11:00 - 12:00
12:00 - 13:00
13:00 - 14:00
14:00 - 15:00
15:00 - 16:00
16:00 - 17:00
17:00 - 18:00
18:00 - 19:00
19:00 - 20:00
20:00 - 21:00
21:00 - 22:00
22:00 - 23:00
23:00 - 00:00',
  3 => '00:00 - 01:00
01:00 - 02:00
02:00 - 03:00
03:00 - 04:00
04:00 - 05:00
05:00 - 06:00
06:00 - 07:00
07:00 - 08:00
08:00 - 09:00
09:00 - 10:00
10:00 - 11:00
11:00 - 12:00
12:00 - 13:00
13:00 - 14:00
14:00 - 15:00
15:00 - 16:00
16:00 - 17:00
17:00 - 18:00
18:00 - 19:00
19:00 - 20:00
20:00 - 21:00
21:00 - 22:00
22:00 - 23:00
23:00 - 00:00',
  4 => '00:00 - 01:00
01:00 - 02:00
02:00 - 03:00
03:00 - 04:00
04:00 - 05:00
05:00 - 06:00
06:00 - 07:00
07:00 - 08:00
08:00 - 09:00
09:00 - 10:00
10:00 - 11:00
11:00 - 12:00
12:00 - 13:00
13:00 - 14:00
14:00 - 15:00
15:00 - 16:00
16:00 - 17:00
17:00 - 18:00
18:00 - 19:00
19:00 - 20:00
20:00 - 21:00
21:00 - 22:00
22:00 - 23:00
23:00 - 00:00',
  5 => '00:00 - 01:00
01:00 - 02:00
02:00 - 03:00
03:00 - 04:00
04:00 - 05:00
05:00 - 06:00
06:00 - 07:00
07:00 - 08:00
08:00 - 09:00
09:00 - 10:00
10:00 - 11:00
11:00 - 12:00
12:00 - 13:00
13:00 - 14:00
14:00 - 15:00
15:00 - 16:00
16:00 - 17:00
17:00 - 18:00
18:00 - 19:00
19:00 - 20:00
20:00 - 21:00
21:00 - 22:00
22:00 - 23:00
23:00 - 00:00',
  6 => '00:00 - 01:00
01:00 - 02:00
02:00 - 03:00
03:00 - 04:00
04:00 - 05:00
05:00 - 06:00
06:00 - 07:00
07:00 - 08:00
08:00 - 09:00
09:00 - 10:00
10:00 - 11:00
11:00 - 12:00
12:00 - 13:00
13:00 - 14:00
14:00 - 15:00
15:00 - 16:00
16:00 - 17:00
17:00 - 18:00
18:00 - 19:00
19:00 - 20:00
20:00 - 21:00
21:00 - 22:00
22:00 - 23:00
23:00 - 00:00',
) [File=/var/www/html/booking/lib/Common/Validators/LayoutValidator.php,Line=60]
2019-11-28T17:24:44+07:00 [8833] DEBUG default - [User=Admin A. (meshaya.p@vistec.ac.th)] Dates are not midnight [File=/var/www/html/booking/lib/Common/Validators/LayoutValidator.php,Line=89]
2019-11-28T17:24:44+07:00 [8833] DEBUG default - [User=Admin A. (meshaya.p@vistec.ac.th)] Failed validator layoutValidator [File=/var/www/html/booking/Pages/ActionPage.php,Line=117]
2019-11-28T17:24:54+07:00 [2449] DEBUG default - [User=Admin A. (meshaya.p@vistec.ac.th)] Validating daily layout [File=/var/www/html/booking/lib/Common/Validators/LayoutValidator.php,Line=59]
2019-11-28T17:24:54+07:00 [2449] DEBUG default - [User=Admin A. (meshaya.p@vistec.ac.th)] array (
  0 => '',
  1 => '00:00 - 01:00
01:00 - 02:00
02:00 - 03:00
03:00 - 04:00
04:00 - 05:00
05:00 - 06:00
06:00 - 07:00
07:00 - 08:00
08:00 - 09:00
09:00 - 10:00
10:00 - 11:00
11:00 - 12:00
12:00 - 13:00
13:00 - 14:00
14:00 - 15:00
15:00 - 16:00
16:00 - 17:00
17:00 - 18:00
18:00 - 19:00
19:00 - 20:00
20:00 - 21:00
21:00 - 22:00
22:00 - 23:00
23:00 - 00:00',
  2 => '00:00 - 01:00
01:00 - 02:00
02:00 - 03:00
03:00 - 04:00
04:00 - 05:00
05:00 - 06:00
06:00 - 07:00
07:00 - 08:00
08:00 - 09:00
09:00 - 10:00
10:00 - 11:00
11:00 - 12:00
12:00 - 13:00
13:00 - 14:00
14:00 - 15:00
15:00 - 16:00
16:00 - 17:00
17:00 - 18:00
18:00 - 19:00
19:00 - 20:00
20:00 - 21:00
21:00 - 22:00
22:00 - 23:00
23:00 - 00:00',
  3 => '00:00 - 01:00
01:00 - 02:00
02:00 - 03:00
03:00 - 04:00
04:00 - 05:00
05:00 - 06:00
06:00 - 07:00
07:00 - 08:00
08:00 - 09:00
09:00 - 10:00
10:00 - 11:00
11:00 - 12:00
12:00 - 13:00
13:00 - 14:00
14:00 - 15:00
15:00 - 16:00
16:00 - 17:00
17:00 - 18:00
18:00 - 19:00
19:00 - 20:00
20:00 - 21:00
21:00 - 22:00
22:00 - 23:00
23:00 - 00:00',
  4 => '00:00 - 01:00
01:00 - 02:00
02:00 - 03:00
03:00 - 04:00
04:00 - 05:00
05:00 - 06:00
06:00 - 07:00
07:00 - 08:00
08:00 - 09:00
09:00 - 10:00
10:00 - 11:00
11:00 - 12:00
12:00 - 13:00
13:00 - 14:00
14:00 - 15:00
15:00 - 16:00
16:00 - 17:00
17:00 - 18:00
18:00 - 19:00
19:00 - 20:00
20:00 - 21:00
21:00 - 22:00
22:00 - 23:00
23:00 - 00:00',
  5 => '00:00 - 01:00
01:00 - 02:00
02:00 - 03:00
03:00 - 04:00
04:00 - 05:00
05:00 - 06:00
06:00 - 07:00
07:00 - 08:00
08:00 - 09:00
09:00 - 10:00
10:00 - 11:00
11:00 - 12:00
12:00 - 13:00
13:00 - 14:00
14:00 - 15:00
15:00 - 16:00
16:00 - 17:00
17:00 - 18:00
18:00 - 19:00
19:00 - 20:00
20:00 - 21:00
21:00 - 22:00
22:00 - 23:00
23:00 - 00:00',
  6 => '00:00 - 01:00
01:00 - 02:00
02:00 - 03:00
03:00 - 04:00
04:00 - 05:00
05:00 - 06:00
06:00 - 07:00
07:00 - 08:00
08:00 - 09:00
09:00 - 10:00
10:00 - 11:00
11:00 - 12:00
12:00 - 13:00
13:00 - 14:00
14:00 - 15:00
15:00 - 16:00
16:00 - 17:00
17:00 - 18:00
18:00 - 19:00
19:00 - 20:00
20:00 - 21:00
21:00 - 22:00
22:00 - 23:00
23:00 - 00:00',
) [File=/var/www/html/booking/lib/Common/Validators/LayoutValidator.php,Line=60]
2019-11-28T17:24:54+07:00 [2449] DEBUG default - [User=Admin A. (meshaya.p@vistec.ac.th)] Action passed all validations [File=/var/www/html/booking/Pages/ActionPage.php,Line=108]
2019-11-28T17:24:54+07:00 [2449] DEBUG default - [User=Admin A. (meshaya.p@vistec.ac.th)] Processing page action. Action changeLayout [File=/var/www/html/booking/Presenters/ActionPresenter.php,Line=88]
2019-11-28T17:24:54+07:00 [2449] DEBUG default - [User=Admin A. (meshaya.p@vistec.ac.th)] Changing layout for scheduleId=24. timezone=, usingSingleLayout= [File=/var/www/html/booking/Presenters/Admin/ManageSchedulesPresenter.php,Line=400]
2019-11-28T17:26:23+07:00 [2455] DEBUG default - [User=Admin A. (meshaya.p@vistec.ac.th)] Validating daily layout [File=/var/www/html/booking/lib/Common/Validators/LayoutValidator.php,Line=59]
2019-11-28T17:26:23+07:00 [2455] DEBUG default - [User=Admin A. (meshaya.p@vistec.ac.th)] array (
  0 => '00:00 - 01:00
01:00 - 02:00
02:00 - 03:00
03:00 - 04:00
04:00 - 05:00
05:00 - 06:00
06:00 - 07:00
07:00 - 08:00
08:00 - 09:00',
  1 => '00:00 - 01:00
01:00 - 02:00
02:00 - 03:00
03:00 - 04:00
04:00 - 05:00
05:00 - 06:00
06:00 - 07:00
07:00 - 08:00
08:00 - 09:00
09:00 - 10:00
10:00 - 11:00
11:00 - 12:00
12:00 - 13:00
13:00 - 14:00
14:00 - 15:00
15:00 - 16:00
16:00 - 17:00
17:00 - 18:00
18:00 - 19:00
19:00 - 20:00
20:00 - 21:00
21:00 - 22:00
22:00 - 23:00
23:00 - 00:00',
  2 => '00:00 - 01:00
01:00 - 02:00
02:00 - 03:00
03:00 - 04:00
04:00 - 05:00
05:00 - 06:00
06:00 - 07:00
07:00 - 08:00
08:00 - 09:00
09:00 - 10:00
10:00 - 11:00
11:00 - 12:00
12:00 - 13:00
13:00 - 14:00
14:00 - 15:00
15:00 - 16:00
16:00 - 17:00
17:00 - 18:00
18:00 - 19:00
19:00 - 20:00
20:00 - 21:00
21:00 - 22:00
22:00 - 23:00
23:00 - 00:00',
  3 => '00:00 - 01:00
01:00 - 02:00
02:00 - 03:00
03:00 - 04:00
04:00 - 05:00
05:00 - 06:00
06:00 - 07:00
07:00 - 08:00
08:00 - 09:00
09:00 - 10:00
10:00 - 11:00
11:00 - 12:00
12:00 - 13:00
13:00 - 14:00
14:00 - 15:00
15:00 - 16:00
16:00 - 17:00
17:00 - 18:00
18:00 - 19:00
19:00 - 20:00
20:00 - 21:00
21:00 - 22:00
22:00 - 23:00
23:00 - 00:00',
  4 => '00:00 - 01:00
01:00 - 02:00
02:00 - 03:00
03:00 - 04:00
04:00 - 05:00
05:00 - 06:00
06:00 - 07:00
07:00 - 08:00
08:00 - 09:00
09:00 - 10:00
10:00 - 11:00
11:00 - 12:00
12:00 - 13:00
13:00 - 14:00
14:00 - 15:00
15:00 - 16:00
16:00 - 17:00
17:00 - 18:00
18:00 - 19:00
19:00 - 20:00
20:00 - 21:00
21:00 - 22:00
22:00 - 23:00
23:00 - 00:00',
  5 => '00:00 - 01:00
01:00 - 02:00
02:00 - 03:00
03:00 - 04:00
04:00 - 05:00
05:00 - 06:00
06:00 - 07:00
07:00 - 08:00
08:00 - 09:00
09:00 - 10:00
10:00 - 11:00
11:00 - 12:00
12:00 - 13:00
13:00 - 14:00
14:00 - 15:00
15:00 - 16:00
16:00 - 17:00
17:00 - 18:00
18:00 - 19:00
19:00 - 20:00
20:00 - 21:00
21:00 - 22:00
22:00 - 23:00
23:00 - 00:00',
  6 => '00:00 - 01:00
01:00 - 02:00
02:00 - 03:00
03:00 - 04:00
04:00 - 05:00
05:00 - 06:00
06:00 - 07:00
07:00 - 08:00
08:00 - 09:00
09:00 - 10:00
10:00 - 11:00
11:00 - 12:00
12:00 - 13:00
13:00 - 14:00
14:00 - 15:00
15:00 - 16:00
16:00 - 17:00
17:00 - 18:00
18:00 - 19:00
19:00 - 20:00
20:00 - 21:00
21:00 - 22:00
22:00 - 23:00
23:00 - 00:00',
) [File=/var/www/html/booking/lib/Common/Validators/LayoutValidator.php,Line=60]
2019-11-28T17:26:23+07:00 [2455] DEBUG default - [User=Admin A. (meshaya.p@vistec.ac.th)] Action passed all validations [File=/var/www/html/booking/Pages/ActionPage.php,Line=108]
2019-11-28T17:26:23+07:00 [2455] DEBUG default - [User=Admin A. (meshaya.p@vistec.ac.th)] Processing page action. Action changeLayout [File=/var/www/html/booking/Presenters/ActionPresenter.php,Line=88]
2019-11-28T17:26:23+07:00 [2455] DEBUG default - [User=Admin A. (meshaya.p@vistec.ac.th)] Changing layout for scheduleId=24. timezone=, usingSingleLayout= [File=/var/www/html/booking/Presenters/Admin/ManageSchedulesPresenter.php,Line=400]
2019-11-28T17:27:30+07:00 [2449] DEBUG default - [User=Admin A. (meshaya.p@vistec.ac.th)] Action passed all validations [File=/var/www/html/booking/Pages/ActionPage.php,Line=108]
2019-11-28T17:27:30+07:00 [2449] DEBUG default - [User=Admin A. (meshaya.p@vistec.ac.th)] Processing page action. Action changeStatus [File=/var/www/html/booking/Presenters/ActionPresenter.php,Line=88]
2019-11-28T17:27:30+07:00 [2449] DEBUG default - [User=Admin A. (meshaya.p@vistec.ac.th)] Changing resource status. ResourceId: 31 [File=/var/www/html/booking/Presenters/Admin/ManageResourcesPresenter.php,Line=421]
2019-11-28T18:23:24+07:00 [8833] DEBUG default - [User=Admin A. (meshaya.p@vistec.ac.th)] Action passed all validations [File=/var/www/html/booking/Pages/ActionPage.php,Line=108]
2019-11-28T18:23:24+07:00 [8833] DEBUG default - [User=Admin A. (meshaya.p@vistec.ac.th)] Processing page action. Action changeStatus [File=/var/www/html/booking/Presenters/ActionPresenter.php,Line=88]
2019-11-28T18:23:24+07:00 [8833] DEBUG default - [User=Admin A. (meshaya.p@vistec.ac.th)] Changing resource status. ResourceId: 10 [File=/var/www/html/booking/Presenters/Admin/ManageResourcesPresenter.php,Line=421]
