2019-10-18T08:54:56+07:00 [2796] DEBUG default - [User=Surapoj Sanram (surapoj.s@vistec.ac.th)] Action passed all validations [File=/var/www/html/booking/Pages/ActionPage.php,Line=108]
2019-10-18T08:54:56+07:00 [2796] DEBUG default - [User=Surapoj Sanram (surapoj.s@vistec.ac.th)] Processing page action. Action add [File=/var/www/html/booking/Presenters/ActionPresenter.php,Line=88]
2019-10-18T08:54:56+07:00 [2796] DEBUG default - [User=Surapoj Sanram (surapoj.s@vistec.ac.th)] Adding new resource with name: HPLC-Fraction Collectors, scheduleId: 1, autoAssign: , resourceAdminGroupId  [File=/var/www/html/booking/Presenters/Admin/ManageResourcesPresenter.php,Line=214]
2019-10-18T08:55:39+07:00 [10524] DEBUG default - [User=Surapoj Sanram (surapoj.s@vistec.ac.th)] Action passed all validations [File=/var/www/html/booking/Pages/ActionPage.php,Line=108]
2019-10-18T08:55:39+07:00 [10524] DEBUG default - [User=Surapoj Sanram (surapoj.s@vistec.ac.th)] Processing page action. Action image [File=/var/www/html/booking/Presenters/ActionPresenter.php,Line=88]
2019-10-18T08:55:39+07:00 [10524] DEBUG default - [User=Surapoj Sanram (surapoj.s@vistec.ac.th)] Changing resource image for resource id 31 [File=/var/www/html/booking/Presenters/Admin/ManageResourcesPresenter.php,Line=344]
2019-10-18T08:55:39+07:00 [10524] DEBUG default - [User=Surapoj Sanram (surapoj.s@vistec.ac.th)] Saving resource image ../../Web/uploads/images/resource31.jpg [File=/var/www/html/booking/Presenters/Admin/ManageResourcesPresenter.php,Line=402]
2019-10-18T08:56:00+07:00 [2796] DEBUG default - [User=Surapoj Sanram (surapoj.s@vistec.ac.th)] Action passed all validations [File=/var/www/html/booking/Pages/ActionPage.php,Line=108]
2019-10-18T08:56:00+07:00 [2796] DEBUG default - [User=Surapoj Sanram (surapoj.s@vistec.ac.th)] Processing page action. Action changeAccess [File=/var/www/html/booking/Presenters/ActionPresenter.php,Line=88]
2019-10-18T08:56:00+07:00 [2796] DEBUG default - [User=Surapoj Sanram (surapoj.s@vistec.ac.th)] Updating resource id=31, requiresApproval=, autoAssign=, minNotice=dhm, maxNotice=dhm [File=/var/www/html/booking/Presenters/Admin/ManageResourcesPresenter.php,Line=280]
2019-10-18T08:56:10+07:00 [10524] DEBUG default - [User=Surapoj Sanram (surapoj.s@vistec.ac.th)] Action passed all validations [File=/var/www/html/booking/Pages/ActionPage.php,Line=108]
2019-10-18T08:56:10+07:00 [10524] DEBUG default - [User=Surapoj Sanram (surapoj.s@vistec.ac.th)] Processing page action. Action changeDuration [File=/var/www/html/booking/Presenters/ActionPresenter.php,Line=88]
2019-10-18T08:56:10+07:00 [10524] DEBUG default - [User=Surapoj Sanram (surapoj.s@vistec.ac.th)] Updating resource id=31, minDuration=dhm, maxDuration=dhm, buffer=dhm, allowMultiDay= [File=/var/www/html/booking/Presenters/Admin/ManageResourcesPresenter.php,Line=236]
2019-10-18T08:56:34+07:00 [2796] DEBUG default - [User=Surapoj Sanram (surapoj.s@vistec.ac.th)] Action passed all validations [File=/var/www/html/booking/Pages/ActionPage.php,Line=108]
2019-10-18T08:56:34+07:00 [2796] DEBUG default - [User=Surapoj Sanram (surapoj.s@vistec.ac.th)] Processing page action. Action changeAttribute [File=/var/www/html/booking/Presenters/ActionPresenter.php,Line=88]
2019-10-18T08:56:34+07:00 [2796] DEBUG default - [User=Surapoj Sanram (surapoj.s@vistec.ac.th)] Changing attributes. ResourceId=31, AttributeId=29, Value=Thermo Scientific [File=/var/www/html/booking/Presenters/Admin/ManageResourcesPresenter.php,Line=486]
2019-10-18T08:58:39+07:00 [2796] DEBUG default - [User=Surapoj Sanram (surapoj.s@vistec.ac.th)] Action passed all validations [File=/var/www/html/booking/Pages/ActionPage.php,Line=108]
2019-10-18T08:58:39+07:00 [2796] DEBUG default - [User=Surapoj Sanram (surapoj.s@vistec.ac.th)] Processing page action. Action contact [File=/var/www/html/booking/Presenters/ActionPresenter.php,Line=88]
2019-10-18T08:59:29+07:00 [13609] DEBUG default - [User=Surapoj Sanram (surapoj.s@vistec.ac.th)] Action passed all validations [File=/var/www/html/booking/Pages/ActionPage.php,Line=108]
2019-10-18T08:59:29+07:00 [13609] DEBUG default - [User=Surapoj Sanram (surapoj.s@vistec.ac.th)] Processing page action. Action location [File=/var/www/html/booking/Presenters/ActionPresenter.php,Line=88]
2019-10-18T08:59:36+07:00 [2796] DEBUG default - [User=Surapoj Sanram (surapoj.s@vistec.ac.th)] Action passed all validations [File=/var/www/html/booking/Pages/ActionPage.php,Line=108]
2019-10-18T08:59:36+07:00 [2796] DEBUG default - [User=Surapoj Sanram (surapoj.s@vistec.ac.th)] Processing page action. Action notes [File=/var/www/html/booking/Presenters/ActionPresenter.php,Line=88]
2019-10-18T08:59:50+07:00 [13609] DEBUG default - [User=Surapoj Sanram (surapoj.s@vistec.ac.th)] Action passed all validations [File=/var/www/html/booking/Pages/ActionPage.php,Line=108]
2019-10-18T08:59:50+07:00 [13609] DEBUG default - [User=Surapoj Sanram (surapoj.s@vistec.ac.th)] Processing page action. Action description [File=/var/www/html/booking/Presenters/ActionPresenter.php,Line=88]
2019-10-18T09:00:15+07:00 [10524] DEBUG default - [User=Surapoj Sanram (surapoj.s@vistec.ac.th)] Action passed all validations [File=/var/www/html/booking/Pages/ActionPage.php,Line=108]
2019-10-18T09:00:15+07:00 [10524] DEBUG default - [User=Surapoj Sanram (surapoj.s@vistec.ac.th)] Processing page action. Action changeResourceType [File=/var/www/html/booking/Presenters/ActionPresenter.php,Line=88]
2019-10-18T09:00:15+07:00 [10524] DEBUG default - [User=Surapoj Sanram (surapoj.s@vistec.ac.th)] Changing resource type for resource 31 [File=/var/www/html/booking/Presenters/Admin/ManageResourcesPresenter.php,Line=519]
2019-10-18T09:00:53+07:00 [13609] DEBUG default - [User=Surapoj Sanram (surapoj.s@vistec.ac.th)] Action passed all validations [File=/var/www/html/booking/Pages/ActionPage.php,Line=108]
2019-10-18T09:00:53+07:00 [13609] DEBUG default - [User=Surapoj Sanram (surapoj.s@vistec.ac.th)] Processing page action. Action changeStatus [File=/var/www/html/booking/Presenters/ActionPresenter.php,Line=88]
2019-10-18T09:00:53+07:00 [13609] DEBUG default - [User=Surapoj Sanram (surapoj.s@vistec.ac.th)] Changing resource status. ResourceId: 31 [File=/var/www/html/booking/Presenters/Admin/ManageResourcesPresenter.php,Line=421]
2019-10-18T09:01:43+07:00 [2796] DEBUG default - [User=Surapoj Sanram (surapoj.s@vistec.ac.th)] Acco CREATE_DATE is 2019-10-17 15:10:50 [File=/var/www/html/booking/Domain/Announcement.php,Line=171]
2019-10-18T09:01:43+07:00 [2796] DEBUG default - [User=Surapoj Sanram (surapoj.s@vistec.ac.th)] Acco CREATE_DATE is 2019-10-17 16:12:14 [File=/var/www/html/booking/Domain/Announcement.php,Line=171]
2019-10-18T09:01:43+07:00 [2796] DEBUG default - [User=Surapoj Sanram (surapoj.s@vistec.ac.th)] Acco CREATE_DATE is 2019-10-16 10:03:16 [File=/var/www/html/booking/Domain/Announcement.php,Line=171]
2019-10-18T09:01:43+07:00 [2796] DEBUG default - [User=Surapoj Sanram (surapoj.s@vistec.ac.th)] Acco CREATE_DATE is 2019-10-16 19:25:07 [File=/var/www/html/booking/Domain/Announcement.php,Line=171]
2019-10-18T09:01:43+07:00 [2796] DEBUG default - [User=Surapoj Sanram (surapoj.s@vistec.ac.th)] Acco CREATE_DATE is 2019-10-15 13:14:03 [File=/var/www/html/booking/Domain/Announcement.php,Line=171]
2019-10-18T09:01:43+07:00 [2796] DEBUG default - [User=Surapoj Sanram (surapoj.s@vistec.ac.th)] Acco CREATE_DATE is 2019-10-15 13:15:44 [File=/var/www/html/booking/Domain/Announcement.php,Line=171]
2019-10-18T09:01:43+07:00 [2796] DEBUG default - [User=Surapoj Sanram (surapoj.s@vistec.ac.th)] Acco CREATE_DATE is 2019-10-15 14:23:16 [File=/var/www/html/booking/Domain/Announcement.php,Line=171]
2019-10-18T09:01:43+07:00 [2796] DEBUG default - [User=Surapoj Sanram (surapoj.s@vistec.ac.th)] Acco CREATE_DATE is 2019-10-15 14:25:12 [File=/var/www/html/booking/Domain/Announcement.php,Line=171]
2019-10-18T09:01:43+07:00 [2796] DEBUG default - [User=Surapoj Sanram (surapoj.s@vistec.ac.th)] Acco CREATE_DATE is 2019-10-09 15:34:29 [File=/var/www/html/booking/Domain/Announcement.php,Line=171]
2019-10-18T09:01:43+07:00 [2796] DEBUG default - [User=Surapoj Sanram (surapoj.s@vistec.ac.th)] Acco CREATE_DATE is 2019-09-24 13:28:05 [File=/var/www/html/booking/Domain/Announcement.php,Line=171]
2019-10-18T09:01:43+07:00 [2796] DEBUG default - [User=Surapoj Sanram (surapoj.s@vistec.ac.th)] Acco CREATE_DATE is 2019-09-10 13:28:43 [File=/var/www/html/booking/Domain/Announcement.php,Line=171]
2019-10-18T09:01:43+07:00 [2796] DEBUG default - [User=Surapoj Sanram (surapoj.s@vistec.ac.th)] Acco CREATE_DATE is 2019-08-20 15:48:25 [File=/var/www/html/booking/Domain/Announcement.php,Line=171]
2019-10-18T09:01:43+07:00 [2796] DEBUG default - [User=Surapoj Sanram (surapoj.s@vistec.ac.th)] Acco CREATE_DATE is 2019-08-19 10:40:33 [File=/var/www/html/booking/Domain/Announcement.php,Line=171]
2019-10-18T09:01:43+07:00 [2796] DEBUG default - [User=Surapoj Sanram (surapoj.s@vistec.ac.th)] Acco CREATE_DATE is 2019-08-16 10:40:13 [File=/var/www/html/booking/Domain/Announcement.php,Line=171]
2019-10-18T09:01:43+07:00 [2796] DEBUG default - [User=Surapoj Sanram (surapoj.s@vistec.ac.th)] Acco CREATE_DATE is 2019-08-16 10:41:33 [File=/var/www/html/booking/Domain/Announcement.php,Line=171]
2019-10-18T09:01:43+07:00 [2796] DEBUG default - [User=Surapoj Sanram (surapoj.s@vistec.ac.th)] Acco CREATE_DATE is 2019-08-13 17:26:40 [File=/var/www/html/booking/Domain/Announcement.php,Line=171]
2019-10-18T09:01:43+07:00 [2796] DEBUG default - [User=Surapoj Sanram (surapoj.s@vistec.ac.th)] Acco CREATE_DATE is 2019-08-09 10:52:33 [File=/var/www/html/booking/Domain/Announcement.php,Line=171]
2019-10-18T09:01:43+07:00 [2796] DEBUG default - [User=Surapoj Sanram (surapoj.s@vistec.ac.th)] Acco CREATE_DATE is 2019-08-07 16:33:37 [File=/var/www/html/booking/Domain/Announcement.php,Line=171]
2019-10-18T09:01:43+07:00 [2796] DEBUG default - [User=Surapoj Sanram (surapoj.s@vistec.ac.th)] Acco CREATE_DATE is 2019-08-13 16:49:05 [File=/var/www/html/booking/Domain/Announcement.php,Line=171]
2019-10-18T09:01:43+07:00 [2796] DEBUG default - [User=Surapoj Sanram (surapoj.s@vistec.ac.th)] Acco CREATE_DATE is 2019-07-30 09:29:04 [File=/var/www/html/booking/Domain/Announcement.php,Line=171]
2019-10-18T09:02:46+07:00 [13609] DEBUG default - [User=Surapoj Sanram (surapoj.s@vistec.ac.th)] Action passed all validations [File=/var/www/html/booking/Pages/ActionPage.php,Line=108]
2019-10-18T09:02:46+07:00 [13609] DEBUG default - [User=Surapoj Sanram (surapoj.s@vistec.ac.th)] Processing page action. Action rename [File=/var/www/html/booking/Presenters/ActionPresenter.php,Line=88]
2019-10-18T09:03:16+07:00 [10524] DEBUG default - [User=Surapoj Sanram (surapoj.s@vistec.ac.th)] Action passed all validations [File=/var/www/html/booking/Pages/ActionPage.php,Line=108]
2019-10-18T09:03:16+07:00 [10524] DEBUG default - [User=Surapoj Sanram (surapoj.s@vistec.ac.th)] Processing page action. Action changeStatus [File=/var/www/html/booking/Presenters/ActionPresenter.php,Line=88]
2019-10-18T09:03:16+07:00 [10524] DEBUG default - [User=Surapoj Sanram (surapoj.s@vistec.ac.th)] Changing resource status. ResourceId: 31 [File=/var/www/html/booking/Presenters/Admin/ManageResourcesPresenter.php,Line=421]
2019-10-18T09:04:45+07:00 [13609] DEBUG default - [User=Surapoj Sanram (surapoj.s@vistec.ac.th)] Action passed all validations [File=/var/www/html/booking/Pages/ActionPage.php,Line=108]
2019-10-18T09:04:45+07:00 [13609] DEBUG default - [User=Surapoj Sanram (surapoj.s@vistec.ac.th)] Processing page action. Action changeStatus [File=/var/www/html/booking/Presenters/ActionPresenter.php,Line=88]
2019-10-18T09:04:45+07:00 [13609] DEBUG default - [User=Surapoj Sanram (surapoj.s@vistec.ac.th)] Changing resource status. ResourceId: 31 [File=/var/www/html/booking/Presenters/Admin/ManageResourcesPresenter.php,Line=421]
2019-10-18T09:08:07+07:00 [10524] DEBUG default - [User=Surapoj Sanram (surapoj.s@vistec.ac.th)] Acco CREATE_DATE is 2019-10-17 15:10:50 [File=/var/www/html/booking/Domain/Announcement.php,Line=171]
2019-10-18T09:08:07+07:00 [10524] DEBUG default - [User=Surapoj Sanram (surapoj.s@vistec.ac.th)] Acco CREATE_DATE is 2019-10-17 16:12:14 [File=/var/www/html/booking/Domain/Announcement.php,Line=171]
2019-10-18T09:08:07+07:00 [10524] DEBUG default - [User=Surapoj Sanram (surapoj.s@vistec.ac.th)] Acco CREATE_DATE is 2019-10-16 10:03:16 [File=/var/www/html/booking/Domain/Announcement.php,Line=171]
2019-10-18T09:08:07+07:00 [10524] DEBUG default - [User=Surapoj Sanram (surapoj.s@vistec.ac.th)] Acco CREATE_DATE is 2019-10-16 19:25:07 [File=/var/www/html/booking/Domain/Announcement.php,Line=171]
2019-10-18T09:08:07+07:00 [10524] DEBUG default - [User=Surapoj Sanram (surapoj.s@vistec.ac.th)] Acco CREATE_DATE is 2019-10-15 13:14:03 [File=/var/www/html/booking/Domain/Announcement.php,Line=171]
2019-10-18T09:08:07+07:00 [10524] DEBUG default - [User=Surapoj Sanram (surapoj.s@vistec.ac.th)] Acco CREATE_DATE is 2019-10-15 13:15:44 [File=/var/www/html/booking/Domain/Announcement.php,Line=171]
2019-10-18T09:08:07+07:00 [10524] DEBUG default - [User=Surapoj Sanram (surapoj.s@vistec.ac.th)] Acco CREATE_DATE is 2019-10-15 14:23:16 [File=/var/www/html/booking/Domain/Announcement.php,Line=171]
2019-10-18T09:08:07+07:00 [10524] DEBUG default - [User=Surapoj Sanram (surapoj.s@vistec.ac.th)] Acco CREATE_DATE is 2019-10-15 14:25:12 [File=/var/www/html/booking/Domain/Announcement.php,Line=171]
2019-10-18T09:08:07+07:00 [10524] DEBUG default - [User=Surapoj Sanram (surapoj.s@vistec.ac.th)] Acco CREATE_DATE is 2019-10-09 15:34:29 [File=/var/www/html/booking/Domain/Announcement.php,Line=171]
2019-10-18T09:08:07+07:00 [10524] DEBUG default - [User=Surapoj Sanram (surapoj.s@vistec.ac.th)] Acco CREATE_DATE is 2019-09-24 13:28:05 [File=/var/www/html/booking/Domain/Announcement.php,Line=171]
2019-10-18T09:08:07+07:00 [10524] DEBUG default - [User=Surapoj Sanram (surapoj.s@vistec.ac.th)] Acco CREATE_DATE is 2019-09-10 13:28:43 [File=/var/www/html/booking/Domain/Announcement.php,Line=171]
2019-10-18T09:08:07+07:00 [10524] DEBUG default - [User=Surapoj Sanram (surapoj.s@vistec.ac.th)] Acco CREATE_DATE is 2019-08-20 15:48:25 [File=/var/www/html/booking/Domain/Announcement.php,Line=171]
2019-10-18T09:08:07+07:00 [10524] DEBUG default - [User=Surapoj Sanram (surapoj.s@vistec.ac.th)] Acco CREATE_DATE is 2019-08-19 10:40:33 [File=/var/www/html/booking/Domain/Announcement.php,Line=171]
2019-10-18T09:08:07+07:00 [10524] DEBUG default - [User=Surapoj Sanram (surapoj.s@vistec.ac.th)] Acco CREATE_DATE is 2019-08-16 10:40:13 [File=/var/www/html/booking/Domain/Announcement.php,Line=171]
2019-10-18T09:08:07+07:00 [10524] DEBUG default - [User=Surapoj Sanram (surapoj.s@vistec.ac.th)] Acco CREATE_DATE is 2019-08-16 10:41:33 [File=/var/www/html/booking/Domain/Announcement.php,Line=171]
2019-10-18T09:08:07+07:00 [10524] DEBUG default - [User=Surapoj Sanram (surapoj.s@vistec.ac.th)] Acco CREATE_DATE is 2019-08-13 17:26:40 [File=/var/www/html/booking/Domain/Announcement.php,Line=171]
2019-10-18T09:08:07+07:00 [10524] DEBUG default - [User=Surapoj Sanram (surapoj.s@vistec.ac.th)] Acco CREATE_DATE is 2019-08-09 10:52:33 [File=/var/www/html/booking/Domain/Announcement.php,Line=171]
2019-10-18T09:08:07+07:00 [10524] DEBUG default - [User=Surapoj Sanram (surapoj.s@vistec.ac.th)] Acco CREATE_DATE is 2019-08-07 16:33:37 [File=/var/www/html/booking/Domain/Announcement.php,Line=171]
2019-10-18T09:08:07+07:00 [10524] DEBUG default - [User=Surapoj Sanram (surapoj.s@vistec.ac.th)] Acco CREATE_DATE is 2019-08-13 16:49:05 [File=/var/www/html/booking/Domain/Announcement.php,Line=171]
2019-10-18T09:08:07+07:00 [10524] DEBUG default - [User=Surapoj Sanram (surapoj.s@vistec.ac.th)] Acco CREATE_DATE is 2019-07-30 09:29:04 [File=/var/www/html/booking/Domain/Announcement.php,Line=171]
2019-10-18T09:11:27+07:00 [2796] DEBUG default - [User=Surapoj Sanram (surapoj.s@vistec.ac.th)] Action passed all validations [File=/var/www/html/booking/Pages/ActionPage.php,Line=108]
2019-10-18T09:11:27+07:00 [2796] DEBUG default - [User=Surapoj Sanram (surapoj.s@vistec.ac.th)] Processing page action. Action schedule [File=/var/www/html/booking/Presenters/ActionPresenter.php,Line=88]
2019-10-18T09:11:27+07:00 [2796] DEBUG default - [User=Surapoj Sanram (surapoj.s@vistec.ac.th)] Changing schedule for resource 31 [File=/var/www/html/booking/Presenters/Admin/ManageResourcesPresenter.php,Line=440]
2019-10-18T09:13:45+07:00 [13609] DEBUG default - [User=Surapoj Sanram (surapoj.s@vistec.ac.th)] Action passed all validations [File=/var/www/html/booking/Pages/ActionPage.php,Line=108]
2019-10-18T09:13:45+07:00 [13609] DEBUG default - [User=Surapoj Sanram (surapoj.s@vistec.ac.th)] Processing page action. Action contact [File=/var/www/html/booking/Presenters/ActionPresenter.php,Line=88]
2019-10-18T09:14:26+07:00 [10524] DEBUG default - [User=Surapoj Sanram (surapoj.s@vistec.ac.th)] Action passed all validations [File=/var/www/html/booking/Pages/ActionPage.php,Line=108]
2019-10-18T09:14:26+07:00 [10524] DEBUG default - [User=Surapoj Sanram (surapoj.s@vistec.ac.th)] Processing page action. Action schedule [File=/var/www/html/booking/Presenters/ActionPresenter.php,Line=88]
2019-10-18T09:14:26+07:00 [10524] DEBUG default - [User=Surapoj Sanram (surapoj.s@vistec.ac.th)] Changing schedule for resource 31 [File=/var/www/html/booking/Presenters/Admin/ManageResourcesPresenter.php,Line=440]
2019-10-18T09:14:32+07:00 [13609] DEBUG default - [User=Surapoj Sanram (surapoj.s@vistec.ac.th)] Action passed all validations [File=/var/www/html/booking/Pages/ActionPage.php,Line=108]
2019-10-18T09:14:32+07:00 [13609] DEBUG default - [User=Surapoj Sanram (surapoj.s@vistec.ac.th)] Processing page action. Action printQR [File=/var/www/html/booking/Presenters/ActionPresenter.php,Line=88]
2019-10-18T09:15:36+07:00 [2796] DEBUG default - [User=Surapoj Sanram (surapoj.s@vistec.ac.th)] Action passed all validations [File=/var/www/html/booking/Pages/ActionPage.php,Line=108]
2019-10-18T09:15:36+07:00 [2796] DEBUG default - [User=Surapoj Sanram (surapoj.s@vistec.ac.th)] Processing page action. Action schedule [File=/var/www/html/booking/Presenters/ActionPresenter.php,Line=88]
2019-10-18T09:15:36+07:00 [2796] DEBUG default - [User=Surapoj Sanram (surapoj.s@vistec.ac.th)] Changing schedule for resource 31 [File=/var/www/html/booking/Presenters/Admin/ManageResourcesPresenter.php,Line=440]
2019-10-18T09:16:54+07:00 [13609] DEBUG default - [User=Surapoj Sanram (surapoj.s@vistec.ac.th)] Action passed all validations [File=/var/www/html/booking/Pages/ActionPage.php,Line=108]
2019-10-18T09:16:54+07:00 [13609] DEBUG default - [User=Surapoj Sanram (surapoj.s@vistec.ac.th)] Processing page action. Action schedule [File=/var/www/html/booking/Presenters/ActionPresenter.php,Line=88]
2019-10-18T09:16:54+07:00 [13609] DEBUG default - [User=Surapoj Sanram (surapoj.s@vistec.ac.th)] Changing schedule for resource 31 [File=/var/www/html/booking/Presenters/Admin/ManageResourcesPresenter.php,Line=440]
2019-10-18T09:17:16+07:00 [13609] DEBUG default - [User=Surapoj Sanram (surapoj.s@vistec.ac.th)] Action passed all validations [File=/var/www/html/booking/Pages/ActionPage.php,Line=108]
2019-10-18T09:17:16+07:00 [13609] DEBUG default - [User=Surapoj Sanram (surapoj.s@vistec.ac.th)] Processing page action. Action schedule [File=/var/www/html/booking/Presenters/ActionPresenter.php,Line=88]
2019-10-18T09:17:16+07:00 [13609] DEBUG default - [User=Surapoj Sanram (surapoj.s@vistec.ac.th)] Changing schedule for resource 31 [File=/var/www/html/booking/Presenters/Admin/ManageResourcesPresenter.php,Line=440]
2019-10-18T09:17:42+07:00 [13609] DEBUG default - [User=Surapoj Sanram (surapoj.s@vistec.ac.th)] Action passed all validations [File=/var/www/html/booking/Pages/ActionPage.php,Line=108]
2019-10-18T09:17:42+07:00 [13609] DEBUG default - [User=Surapoj Sanram (surapoj.s@vistec.ac.th)] Processing page action. Action schedule [File=/var/www/html/booking/Presenters/ActionPresenter.php,Line=88]
2019-10-18T09:17:42+07:00 [13609] DEBUG default - [User=Surapoj Sanram (surapoj.s@vistec.ac.th)] Changing schedule for resource 31 [File=/var/www/html/booking/Presenters/Admin/ManageResourcesPresenter.php,Line=440]
2019-10-18T09:18:27+07:00 [2796] DEBUG default - [User=Surapoj Sanram (surapoj.s@vistec.ac.th)] Action passed all validations [File=/var/www/html/booking/Pages/ActionPage.php,Line=108]
2019-10-18T09:18:27+07:00 [2796] DEBUG default - [User=Surapoj Sanram (surapoj.s@vistec.ac.th)] Processing page action. Action schedule [File=/var/www/html/booking/Presenters/ActionPresenter.php,Line=88]
2019-10-18T09:18:27+07:00 [2796] DEBUG default - [User=Surapoj Sanram (surapoj.s@vistec.ac.th)] Changing schedule for resource 31 [File=/var/www/html/booking/Presenters/Admin/ManageResourcesPresenter.php,Line=440]
2019-10-18T11:12:01+07:00 [10524] DEBUG default - [User=Admin A. (somlak.i@vistec.ac.th)] Action passed all validations [File=/var/www/html/booking/Pages/ActionPage.php,Line=108]
2019-10-18T11:12:01+07:00 [10524] DEBUG default - [User=Admin A. (somlak.i@vistec.ac.th)] Processing page action. Action load [File=/var/www/html/booking/Presenters/ActionPresenter.php,Line=88]
2019-10-18T11:12:01+07:00 [10524] DEBUG default - [User=Admin A. (somlak.i@vistec.ac.th)] Loading blackout for editing. Id=102 [File=/var/www/html/booking/Presenters/Admin/ManageBlackoutsPresenter.php,Line=254]
2019-10-18T11:12:24+07:00 [2796] DEBUG default - [User=Admin A. (somlak.i@vistec.ac.th)] Action passed all validations [File=/var/www/html/booking/Pages/ActionPage.php,Line=108]
2019-10-18T11:12:24+07:00 [2796] DEBUG default - [User=Admin A. (somlak.i@vistec.ac.th)] Processing page action. Action load [File=/var/www/html/booking/Presenters/ActionPresenter.php,Line=88]
2019-10-18T11:12:24+07:00 [2796] DEBUG default - [User=Admin A. (somlak.i@vistec.ac.th)] Loading blackout for editing. Id=102 [File=/var/www/html/booking/Presenters/Admin/ManageBlackoutsPresenter.php,Line=254]
2019-10-18T11:17:39+07:00 [10524] DEBUG default - [User=Admin A. (somlak.i@vistec.ac.th)] Action passed all validations [File=/var/www/html/booking/Pages/ActionPage.php,Line=108]
2019-10-18T11:17:39+07:00 [10524] DEBUG default - [User=Admin A. (somlak.i@vistec.ac.th)] Processing page action. Action update [File=/var/www/html/booking/Presenters/ActionPresenter.php,Line=88]
2019-10-18T11:17:39+07:00 [10524] DEBUG default - [User=Admin A. (somlak.i@vistec.ac.th)] Updating blackout. BlackoutId=102, UpdateScope=full [File=/var/www/html/booking/Presenters/Admin/ManageBlackoutsPresenter.php,Line=325]
2019-10-18T11:18:09+07:00 [13609] DEBUG default - [User=Admin A. (somlak.i@vistec.ac.th)] Action passed all validations [File=/var/www/html/booking/Pages/ActionPage.php,Line=108]
2019-10-18T11:18:09+07:00 [13609] DEBUG default - [User=Admin A. (somlak.i@vistec.ac.th)] Processing page action. Action load [File=/var/www/html/booking/Presenters/ActionPresenter.php,Line=88]
2019-10-18T11:18:09+07:00 [13609] DEBUG default - [User=Admin A. (somlak.i@vistec.ac.th)] Loading blackout for editing. Id=122 [File=/var/www/html/booking/Presenters/Admin/ManageBlackoutsPresenter.php,Line=254]
2019-10-18T11:18:27+07:00 [2796] DEBUG default - [User=Admin A. (somlak.i@vistec.ac.th)] Action passed all validations [File=/var/www/html/booking/Pages/ActionPage.php,Line=108]
2019-10-18T11:18:27+07:00 [2796] DEBUG default - [User=Admin A. (somlak.i@vistec.ac.th)] Processing page action. Action update [File=/var/www/html/booking/Presenters/ActionPresenter.php,Line=88]
2019-10-18T11:18:27+07:00 [2796] DEBUG default - [User=Admin A. (somlak.i@vistec.ac.th)] Updating blackout. BlackoutId=122, UpdateScope=full [File=/var/www/html/booking/Presenters/Admin/ManageBlackoutsPresenter.php,Line=325]
2019-10-18T11:35:27+07:00 [10524] DEBUG default - [User=Admin A. (somlak.i@vistec.ac.th)] Action passed all validations [File=/var/www/html/booking/Pages/ActionPage.php,Line=108]
2019-10-18T11:35:27+07:00 [10524] DEBUG default - [User=Admin A. (somlak.i@vistec.ac.th)] Processing page action. Action changeStatus [File=/var/www/html/booking/Presenters/ActionPresenter.php,Line=88]
2019-10-18T11:35:27+07:00 [10524] DEBUG default - [User=Admin A. (somlak.i@vistec.ac.th)] Changing resource status. ResourceId: 28 [File=/var/www/html/booking/Presenters/Admin/ManageResourcesPresenter.php,Line=421]
2019-10-18T12:00:32+07:00 [10524] DEBUG default - [User=Surapoj Sanram (surapoj.s@vistec.ac.th)] Action passed all validations [File=/var/www/html/booking/Pages/ActionPage.php,Line=108]
2019-10-18T12:00:32+07:00 [10524] DEBUG default - [User=Surapoj Sanram (surapoj.s@vistec.ac.th)] Processing page action. Action addUserPermission [File=/var/www/html/booking/Presenters/ActionPresenter.php,Line=88]
2019-10-18T15:45:47+07:00 [2796] DEBUG default - [User=Surapoj Sanram (surapoj.s@vistec.ac.th)] Action passed all validations [File=/var/www/html/booking/Pages/ActionPage.php,Line=108]
2019-10-18T15:45:47+07:00 [2796] DEBUG default - [User=Surapoj Sanram (surapoj.s@vistec.ac.th)] Processing page action. Action delete [File=/var/www/html/booking/Presenters/ActionPresenter.php,Line=88]
2019-10-18T15:45:47+07:00 [2796] DEBUG default - [User=Surapoj Sanram (surapoj.s@vistec.ac.th)] Deleting resource 31 (LC-Fraction Collectors) [File=/var/www/html/booking/Domain/Access/ResourceRepository.php,Line=279]
2019-10-18T15:46:11+07:00 [10524] DEBUG default - [User=Surapoj Sanram (surapoj.s@vistec.ac.th)] Action passed all validations [File=/var/www/html/booking/Pages/ActionPage.php,Line=108]
2019-10-18T15:46:11+07:00 [10524] DEBUG default - [User=Surapoj Sanram (surapoj.s@vistec.ac.th)] Processing page action. Action rename [File=/var/www/html/booking/Presenters/ActionPresenter.php,Line=88]
2019-10-18T15:47:48+07:00 [2796] DEBUG default - [User=Surapoj Sanram (surapoj.s@vistec.ac.th)] Action passed all validations [File=/var/www/html/booking/Pages/ActionPage.php,Line=108]
2019-10-18T15:47:48+07:00 [2796] DEBUG default - [User=Surapoj Sanram (surapoj.s@vistec.ac.th)] Processing page action. Action addUserPermission [File=/var/www/html/booking/Presenters/ActionPresenter.php,Line=88]
2019-10-18T15:48:00+07:00 [13609] DEBUG default - [User=Surapoj Sanram (surapoj.s@vistec.ac.th)] Action passed all validations [File=/var/www/html/booking/Pages/ActionPage.php,Line=108]
2019-10-18T15:48:00+07:00 [13609] DEBUG default - [User=Surapoj Sanram (surapoj.s@vistec.ac.th)] Processing page action. Action addUserPermission [File=/var/www/html/booking/Presenters/ActionPresenter.php,Line=88]
2019-10-18T15:48:31+07:00 [10524] DEBUG default - [User=Surapoj Sanram (surapoj.s@vistec.ac.th)] Action passed all validations [File=/var/www/html/booking/Pages/ActionPage.php,Line=108]
2019-10-18T15:48:31+07:00 [10524] DEBUG default - [User=Surapoj Sanram (surapoj.s@vistec.ac.th)] Processing page action. Action addUserPermission [File=/var/www/html/booking/Presenters/ActionPresenter.php,Line=88]
