2019-11-18T09:07:14+07:00 [2449] DEBUG default - [User=Admin A. (jarinya.s@vistec.ac.th)] Action passed all validations [File=/var/www/html/booking/Pages/ActionPage.php,Line=108]
2019-11-18T09:07:14+07:00 [2449] DEBUG default - [User=Admin A. (jarinya.s@vistec.ac.th)] Processing page action. Action add [File=/var/www/html/booking/Presenters/ActionPresenter.php,Line=88]
2019-11-18T10:57:39+07:00 [8833] DEBUG default - [User=Admin A. (meshaya.p@vistec.ac.th)] Loading validators for addUser [File=/var/www/html/booking/Presenters/Admin/ManageUsersPresenter.php,Line=424]
2019-11-18T10:57:39+07:00 [8833] DEBUG default - [User=Admin A. (meshaya.p@vistec.ac.th)] Action passed all validations [File=/var/www/html/booking/Pages/ActionPage.php,Line=108]
2019-11-18T10:57:39+07:00 [8833] DEBUG default - [User=Admin A. (meshaya.p@vistec.ac.th)] Processing page action. Action addUser [File=/var/www/html/booking/Presenters/ActionPresenter.php,Line=88]
2019-11-18T10:57:39+07:00 [8833] DEBUG default - [User=Admin A. (meshaya.p@vistec.ac.th)] Sending AccountCreationForUserEmail email to: kunjaasal@hotmail.com from: Frc.booking@vistec.ac.th [File=/var/www/html/booking/lib/Email/EmailService.php,Line=93]
2019-11-18T10:57:41+07:00 [8833] DEBUG default - [User=Admin A. (meshaya.p@vistec.ac.th)] Email send success: 1.  [File=/var/www/html/booking/lib/Email/EmailService.php,Line=105]
2019-11-18T10:58:32+07:00 [8833] DEBUG default - [User=Admin A. (meshaya.p@vistec.ac.th)] Loading validators for updateUser [File=/var/www/html/booking/Presenters/Admin/ManageUsersPresenter.php,Line=424]
2019-11-18T10:58:32+07:00 [8833] DEBUG default - [User=Admin A. (meshaya.p@vistec.ac.th)] Action passed all validations [File=/var/www/html/booking/Pages/ActionPage.php,Line=108]
2019-11-18T10:58:32+07:00 [8833] DEBUG default - [User=Admin A. (meshaya.p@vistec.ac.th)] Processing page action. Action updateUser [File=/var/www/html/booking/Presenters/ActionPresenter.php,Line=88]
2019-11-18T10:58:32+07:00 [8833] DEBUG default - [User=Admin A. (meshaya.p@vistec.ac.th)] Updating user 582 [File=/var/www/html/booking/Presenters/Admin/ManageUsersPresenter.php,Line=290]
2019-11-18T10:59:02+07:00 [2449] DEBUG default - [User=Admin A. (meshaya.p@vistec.ac.th)] Loading validators for updateUser [File=/var/www/html/booking/Presenters/Admin/ManageUsersPresenter.php,Line=424]
2019-11-18T10:59:02+07:00 [2449] DEBUG default - [User=Admin A. (meshaya.p@vistec.ac.th)] Action passed all validations [File=/var/www/html/booking/Pages/ActionPage.php,Line=108]
2019-11-18T10:59:02+07:00 [2449] DEBUG default - [User=Admin A. (meshaya.p@vistec.ac.th)] Processing page action. Action updateUser [File=/var/www/html/booking/Presenters/ActionPresenter.php,Line=88]
2019-11-18T10:59:02+07:00 [2449] DEBUG default - [User=Admin A. (meshaya.p@vistec.ac.th)] Updating user 582 [File=/var/www/html/booking/Presenters/Admin/ManageUsersPresenter.php,Line=290]
2019-11-18T10:59:13+07:00 [2455] DEBUG default - [User=Admin A. (meshaya.p@vistec.ac.th)] Loading validators for updateUser [File=/var/www/html/booking/Presenters/Admin/ManageUsersPresenter.php,Line=424]
2019-11-18T10:59:13+07:00 [2455] DEBUG default - [User=Admin A. (meshaya.p@vistec.ac.th)] Action passed all validations [File=/var/www/html/booking/Pages/ActionPage.php,Line=108]
2019-11-18T10:59:13+07:00 [2455] DEBUG default - [User=Admin A. (meshaya.p@vistec.ac.th)] Processing page action. Action updateUser [File=/var/www/html/booking/Presenters/ActionPresenter.php,Line=88]
2019-11-18T10:59:13+07:00 [2455] DEBUG default - [User=Admin A. (meshaya.p@vistec.ac.th)] Updating user 582 [File=/var/www/html/booking/Presenters/Admin/ManageUsersPresenter.php,Line=290]
2019-11-18T11:00:01+07:00 [2449] DEBUG default - [User=Admin A. (meshaya.p@vistec.ac.th)] Loading validators for updateUser [File=/var/www/html/booking/Presenters/Admin/ManageUsersPresenter.php,Line=424]
2019-11-18T11:00:01+07:00 [2449] DEBUG default - [User=Admin A. (meshaya.p@vistec.ac.th)] Action passed all validations [File=/var/www/html/booking/Pages/ActionPage.php,Line=108]
2019-11-18T11:00:01+07:00 [2449] DEBUG default - [User=Admin A. (meshaya.p@vistec.ac.th)] Processing page action. Action updateUser [File=/var/www/html/booking/Presenters/ActionPresenter.php,Line=88]
2019-11-18T11:00:01+07:00 [2449] DEBUG default - [User=Admin A. (meshaya.p@vistec.ac.th)] Updating user 557 [File=/var/www/html/booking/Presenters/Admin/ManageUsersPresenter.php,Line=290]
2019-11-18T11:01:14+07:00 [2449] DEBUG default - [User=Admin A. (meshaya.p@vistec.ac.th)] Loading validators for updateUser [File=/var/www/html/booking/Presenters/Admin/ManageUsersPresenter.php,Line=424]
2019-11-18T11:01:14+07:00 [2449] DEBUG default - [User=Admin A. (meshaya.p@vistec.ac.th)] Action passed all validations [File=/var/www/html/booking/Pages/ActionPage.php,Line=108]
2019-11-18T11:01:14+07:00 [2449] DEBUG default - [User=Admin A. (meshaya.p@vistec.ac.th)] Processing page action. Action updateUser [File=/var/www/html/booking/Presenters/ActionPresenter.php,Line=88]
2019-11-18T11:01:14+07:00 [2449] DEBUG default - [User=Admin A. (meshaya.p@vistec.ac.th)] Updating user 557 [File=/var/www/html/booking/Presenters/Admin/ManageUsersPresenter.php,Line=290]
2019-11-18T11:01:23+07:00 [2449] DEBUG default - [User=Admin A. (meshaya.p@vistec.ac.th)] Action passed all validations [File=/var/www/html/booking/Pages/ActionPage.php,Line=108]
2019-11-18T11:01:23+07:00 [2449] DEBUG default - [User=Admin A. (meshaya.p@vistec.ac.th)] Processing page action. Action addUser [File=/var/www/html/booking/Presenters/ActionPresenter.php,Line=88]
2019-11-18T11:01:23+07:00 [2449] DEBUG default - [User=Admin A. (meshaya.p@vistec.ac.th)] Adding userId: 557 to groupId: 20 [File=/var/www/html/booking/Presenters/Admin/ManageGroupsPresenter.php,Line=164]
2019-11-18T11:01:50+07:00 [2449] DEBUG default - [User=Admin A. (meshaya.p@vistec.ac.th)] Loading validators for deleteUser [File=/var/www/html/booking/Presenters/Admin/ManageUsersPresenter.php,Line=424]
2019-11-18T11:01:50+07:00 [2449] DEBUG default - [User=Admin A. (meshaya.p@vistec.ac.th)] Action passed all validations [File=/var/www/html/booking/Pages/ActionPage.php,Line=108]
2019-11-18T11:01:50+07:00 [2449] DEBUG default - [User=Admin A. (meshaya.p@vistec.ac.th)] Processing page action. Action deleteUser [File=/var/www/html/booking/Presenters/ActionPresenter.php,Line=88]
2019-11-18T11:01:50+07:00 [2449] DEBUG default - [User=Admin A. (meshaya.p@vistec.ac.th)] Deleting user 554 [File=/var/www/html/booking/Presenters/Admin/ManageUsersPresenter.php,Line=319]
2019-11-18T11:02:52+07:00 [2449] DEBUG default - [User=Admin A. (meshaya.p@vistec.ac.th)] Loading validators for addUser [File=/var/www/html/booking/Presenters/Admin/ManageUsersPresenter.php,Line=424]
2019-11-18T11:02:52+07:00 [2449] DEBUG default - [User=Admin A. (meshaya.p@vistec.ac.th)] Action passed all validations [File=/var/www/html/booking/Pages/ActionPage.php,Line=108]
2019-11-18T11:02:52+07:00 [2449] DEBUG default - [User=Admin A. (meshaya.p@vistec.ac.th)] Processing page action. Action addUser [File=/var/www/html/booking/Presenters/ActionPresenter.php,Line=88]
2019-11-18T11:02:52+07:00 [2449] DEBUG default - [User=Admin A. (meshaya.p@vistec.ac.th)] Sending AccountCreationForUserEmail email to: praupring@hotmail.com from: Frc.booking@vistec.ac.th [File=/var/www/html/booking/lib/Email/EmailService.php,Line=93]
2019-11-18T11:02:53+07:00 [2449] DEBUG default - [User=Admin A. (meshaya.p@vistec.ac.th)] Email send success: 1.  [File=/var/www/html/booking/lib/Email/EmailService.php,Line=105]
2019-11-18T11:03:04+07:00 [2455] DEBUG default - [User=Admin A. (meshaya.p@vistec.ac.th)] Loading validators for deleteUser [File=/var/www/html/booking/Presenters/Admin/ManageUsersPresenter.php,Line=424]
2019-11-18T11:03:04+07:00 [2455] DEBUG default - [User=Admin A. (meshaya.p@vistec.ac.th)] Action passed all validations [File=/var/www/html/booking/Pages/ActionPage.php,Line=108]
2019-11-18T11:03:04+07:00 [2455] DEBUG default - [User=Admin A. (meshaya.p@vistec.ac.th)] Processing page action. Action deleteUser [File=/var/www/html/booking/Presenters/ActionPresenter.php,Line=88]
2019-11-18T11:03:04+07:00 [2455] DEBUG default - [User=Admin A. (meshaya.p@vistec.ac.th)] Deleting user 583 [File=/var/www/html/booking/Presenters/Admin/ManageUsersPresenter.php,Line=319]
2019-11-18T11:03:28+07:00 [8833] DEBUG default - [User=Admin A. (meshaya.p@vistec.ac.th)] Loading validators for permissions [File=/var/www/html/booking/Presenters/Admin/ManageUsersPresenter.php,Line=424]
2019-11-18T11:03:28+07:00 [8833] DEBUG default - [User=Admin A. (meshaya.p@vistec.ac.th)] Action passed all validations [File=/var/www/html/booking/Pages/ActionPage.php,Line=108]
2019-11-18T11:03:28+07:00 [8833] DEBUG default - [User=Admin A. (meshaya.p@vistec.ac.th)] Processing page action. Action permissions [File=/var/www/html/booking/Presenters/ActionPresenter.php,Line=88]
2019-11-18T13:04:05+07:00 [2449] DEBUG default - [User=Pompamz A (pp.pompamz@gmail.com)] Loading validators for addUser [File=/var/www/html/booking/Presenters/Admin/ManageUsersPresenter.php,Line=424]
2019-11-18T13:04:05+07:00 [2449] DEBUG default - [User=Pompamz A (pp.pompamz@gmail.com)] Action passed all validations [File=/var/www/html/booking/Pages/ActionPage.php,Line=108]
2019-11-18T13:04:05+07:00 [2449] DEBUG default - [User=Pompamz A (pp.pompamz@gmail.com)] Processing page action. Action addUser [File=/var/www/html/booking/Presenters/ActionPresenter.php,Line=88]
2019-11-18T13:04:10+07:00 [2455] DEBUG default - [User=Pompamz A (pp.pompamz@gmail.com)] Loading validators for deleteUser [File=/var/www/html/booking/Presenters/Admin/ManageUsersPresenter.php,Line=424]
2019-11-18T13:04:10+07:00 [2455] DEBUG default - [User=Pompamz A (pp.pompamz@gmail.com)] Action passed all validations [File=/var/www/html/booking/Pages/ActionPage.php,Line=108]
2019-11-18T13:04:10+07:00 [2455] DEBUG default - [User=Pompamz A (pp.pompamz@gmail.com)] Processing page action. Action deleteUser [File=/var/www/html/booking/Presenters/ActionPresenter.php,Line=88]
2019-11-18T13:04:10+07:00 [2455] DEBUG default - [User=Pompamz A (pp.pompamz@gmail.com)] Deleting user 584 [File=/var/www/html/booking/Presenters/Admin/ManageUsersPresenter.php,Line=319]
