2019-10-16T10:03:16+07:00 [13609] DEBUG default - [User=Surapoj Sanram (surapoj.s@vistec.ac.th)] Action passed all validations [File=/var/www/html/booking/Pages/ActionPage.php,Line=108]
2019-10-16T10:03:16+07:00 [13609] DEBUG default - [User=Surapoj Sanram (surapoj.s@vistec.ac.th)] Processing page action. Action add [File=/var/www/html/booking/Presenters/ActionPresenter.php,Line=88]
2019-10-16T11:37:16+07:00 [13609] DEBUG default - [User=Surapoj Sanram (surapoj.s@vistec.ac.th)] Action passed all validations [File=/var/www/html/booking/Pages/ActionPage.php,Line=108]
2019-10-16T11:37:16+07:00 [13609] DEBUG default - [User=Surapoj Sanram (surapoj.s@vistec.ac.th)] Processing page action. Action load [File=/var/www/html/booking/Presenters/ActionPresenter.php,Line=88]
2019-10-16T11:37:16+07:00 [13609] DEBUG default - [User=Surapoj Sanram (surapoj.s@vistec.ac.th)] Loading blackout for editing. Id=116 [File=/var/www/html/booking/Presenters/Admin/ManageBlackoutsPresenter.php,Line=254]
2019-10-16T11:37:43+07:00 [2796] DEBUG default - [User=Surapoj Sanram (surapoj.s@vistec.ac.th)] Action passed all validations [File=/var/www/html/booking/Pages/ActionPage.php,Line=108]
2019-10-16T11:37:43+07:00 [2796] DEBUG default - [User=Surapoj Sanram (surapoj.s@vistec.ac.th)] Processing page action. Action update [File=/var/www/html/booking/Presenters/ActionPresenter.php,Line=88]
2019-10-16T11:37:43+07:00 [2796] DEBUG default - [User=Surapoj Sanram (surapoj.s@vistec.ac.th)] Updating blackout. BlackoutId=116, UpdateScope=full [File=/var/www/html/booking/Presenters/Admin/ManageBlackoutsPresenter.php,Line=325]
2019-10-16T13:09:40+07:00 [10524] DEBUG default - [User=Admin A. (meshaya.p@vistec.ac.th)] Loading validators for updateUser [File=/var/www/html/booking/Presenters/Admin/ManageUsersPresenter.php,Line=424]
2019-10-16T13:09:40+07:00 [10524] DEBUG default - [User=Admin A. (meshaya.p@vistec.ac.th)] Action passed all validations [File=/var/www/html/booking/Pages/ActionPage.php,Line=108]
2019-10-16T13:09:40+07:00 [10524] DEBUG default - [User=Admin A. (meshaya.p@vistec.ac.th)] Processing page action. Action updateUser [File=/var/www/html/booking/Presenters/ActionPresenter.php,Line=88]
2019-10-16T13:09:40+07:00 [10524] DEBUG default - [User=Admin A. (meshaya.p@vistec.ac.th)] Updating user 562 [File=/var/www/html/booking/Presenters/Admin/ManageUsersPresenter.php,Line=290]
2019-10-16T13:11:09+07:00 [2796] DEBUG default - [User=Admin A. (meshaya.p@vistec.ac.th)] Loading validators for updateUser [File=/var/www/html/booking/Presenters/Admin/ManageUsersPresenter.php,Line=424]
2019-10-16T13:11:09+07:00 [2796] DEBUG default - [User=Admin A. (meshaya.p@vistec.ac.th)] Action passed all validations [File=/var/www/html/booking/Pages/ActionPage.php,Line=108]
2019-10-16T13:11:09+07:00 [2796] DEBUG default - [User=Admin A. (meshaya.p@vistec.ac.th)] Processing page action. Action updateUser [File=/var/www/html/booking/Presenters/ActionPresenter.php,Line=88]
2019-10-16T13:11:09+07:00 [2796] DEBUG default - [User=Admin A. (meshaya.p@vistec.ac.th)] Updating user 562 [File=/var/www/html/booking/Presenters/Admin/ManageUsersPresenter.php,Line=290]
2019-10-16T17:18:56+07:00 [2796] DEBUG default - [User=Admin A. (meshaya.p@vistec.ac.th)] Action passed all validations [File=/var/www/html/booking/Pages/ActionPage.php,Line=108]
2019-10-16T17:18:56+07:00 [2796] DEBUG default - [User=Admin A. (meshaya.p@vistec.ac.th)] Processing page action. Action addUserPermission [File=/var/www/html/booking/Presenters/ActionPresenter.php,Line=88]
2019-10-16T19:25:07+07:00 [10524] DEBUG default - [User=Admin A. (jarinya.s@vistec.ac.th)] Action passed all validations [File=/var/www/html/booking/Pages/ActionPage.php,Line=108]
2019-10-16T19:25:07+07:00 [10524] DEBUG default - [User=Admin A. (jarinya.s@vistec.ac.th)] Processing page action. Action add [File=/var/www/html/booking/Presenters/ActionPresenter.php,Line=88]
