2019-10-30T08:12:44+07:00 [757] DEBUG default - [User=Surapoj Sanram (surapoj.s@vistec.ac.th)] Action passed all validations [File=/var/www/html/booking/Pages/ActionPage.php,Line=108]
2019-10-30T08:12:44+07:00 [757] DEBUG default - [User=Surapoj Sanram (surapoj.s@vistec.ac.th)] Processing page action. Action addAttribute [File=/var/www/html/booking/Presenters/ActionPresenter.php,Line=88]
2019-10-30T08:12:44+07:00 [757] DEBUG default - [User=Surapoj Sanram (surapoj.s@vistec.ac.th)] Adding new attribute named: Mode [File=/var/www/html/booking/Presenters/Admin/ManageAttributesPresenter.php,Line=71]
2019-10-30T08:14:01+07:00 [757] DEBUG default - [User=Surapoj Sanram (surapoj.s@vistec.ac.th)] Action passed all validations [File=/var/www/html/booking/Pages/ActionPage.php,Line=108]
2019-10-30T08:14:01+07:00 [757] DEBUG default - [User=Surapoj Sanram (surapoj.s@vistec.ac.th)] Processing page action. Action updateAttribute [File=/var/www/html/booking/Presenters/ActionPresenter.php,Line=88]
2019-10-30T08:14:01+07:00 [757] DEBUG default - [User=Surapoj Sanram (surapoj.s@vistec.ac.th)] Updating attribute with id: 58 [File=/var/www/html/booking/Presenters/Admin/ManageAttributesPresenter.php,Line=98]
2019-10-30T08:17:57+07:00 [757] DEBUG default - [User=Surapoj Sanram (surapoj.s@vistec.ac.th)] Action passed all validations [File=/var/www/html/booking/Pages/ActionPage.php,Line=108]
2019-10-30T08:17:57+07:00 [757] DEBUG default - [User=Surapoj Sanram (surapoj.s@vistec.ac.th)] Processing page action. Action addAttribute [File=/var/www/html/booking/Presenters/ActionPresenter.php,Line=88]
2019-10-30T08:17:57+07:00 [757] DEBUG default - [User=Surapoj Sanram (surapoj.s@vistec.ac.th)] Adding new attribute named: Mobile phase [File=/var/www/html/booking/Presenters/Admin/ManageAttributesPresenter.php,Line=71]
2019-10-30T08:20:17+07:00 [786] DEBUG default - [User=Surapoj Sanram (surapoj.s@vistec.ac.th)] Action passed all validations [File=/var/www/html/booking/Pages/ActionPage.php,Line=108]
2019-10-30T08:20:17+07:00 [786] DEBUG default - [User=Surapoj Sanram (surapoj.s@vistec.ac.th)] Processing page action. Action updateAttribute [File=/var/www/html/booking/Presenters/ActionPresenter.php,Line=88]
2019-10-30T08:20:17+07:00 [786] DEBUG default - [User=Surapoj Sanram (surapoj.s@vistec.ac.th)] Updating attribute with id: 58 [File=/var/www/html/booking/Presenters/Admin/ManageAttributesPresenter.php,Line=98]
2019-10-30T08:32:06+07:00 [13609] DEBUG default - [User=Surapoj Sanram (surapoj.s@vistec.ac.th)] Action passed all validations [File=/var/www/html/booking/Pages/ActionPage.php,Line=108]
2019-10-30T08:32:06+07:00 [13609] DEBUG default - [User=Surapoj Sanram (surapoj.s@vistec.ac.th)] Processing page action. Action addAttribute [File=/var/www/html/booking/Presenters/ActionPresenter.php,Line=88]
2019-10-30T08:32:06+07:00 [13609] DEBUG default - [User=Surapoj Sanram (surapoj.s@vistec.ac.th)] Adding new attribute named: Mode [File=/var/www/html/booking/Presenters/Admin/ManageAttributesPresenter.php,Line=71]
2019-10-30T09:34:52+07:00 [757] DEBUG default - [User=Admin A. (meshaya.p@vistec.ac.th)] Loading validators for addUser [File=/var/www/html/booking/Presenters/Admin/ManageUsersPresenter.php,Line=424]
2019-10-30T09:34:52+07:00 [757] DEBUG default - [User=Admin A. (meshaya.p@vistec.ac.th)] Action passed all validations [File=/var/www/html/booking/Pages/ActionPage.php,Line=108]
2019-10-30T09:34:52+07:00 [757] DEBUG default - [User=Admin A. (meshaya.p@vistec.ac.th)] Processing page action. Action addUser [File=/var/www/html/booking/Presenters/ActionPresenter.php,Line=88]
2019-10-30T09:34:52+07:00 [757] ERROR default - [User=Admin A. (meshaya.p@vistec.ac.th)] Error executing MySQL query Cannot add or update a child row: a foreign key constraint fails (`gotit_booking`.`users`, CONSTRAINT `users_positions` FOREIGN KEY (`position_id`) REFERENCES `positions` (`position_id`) ON UPDATE CASCADE) [File=/var/www/html/booking/lib/Database/MySQL/MySqlConnection.php,Line=132]
2019-10-30T09:34:52+07:00 [757] ERROR default - [User=Admin A. (meshaya.p@vistec.ac.th)] ProcessAction Error. Action addUser, Error exception 'Exception' with message 'There was an error executing your query\nCannot add or update a child row: a foreign key constraint fails (`gotit_booking`.`users`, CONSTRAINT `users_positions` FOREIGN KEY (`position_id`) REFERENCES `positions` (`position_id`) ON UPDATE CASCADE)' in /var/www/html/booking/lib/Database/MySQL/MySqlConnection.php:134
Stack trace:
#0 /var/www/html/booking/lib/Database/MySQL/MySqlConnection.php(115): MySqlConnection->_handleError(false)
#1 /var/www/html/booking/lib/Database/Database.php(97): MySqlConnection->Execute(Object(RegisterUserCommand))
#2 /var/www/html/booking/Domain/Access/UserRepository.php(408): Database->ExecuteInsert(Object(RegisterUserCommand))
#3 /var/www/html/booking/lib/Application/Authentication/Registration.php(130): UserRepository->Add(Object(User))
#4 /var/www/html/booking/lib/Application/User/ManageUsersService.php(168): Registration->Register('tester', 'pruettiphap_m@h...', 'test', 'test', '10021213', NULL, 'en_us', 1, Array, Array, NULL, '', '', '', '', 0)
#5 /var/www/html/booking/Presenters/Admin/ManageUsersPresenter.php(272): ManageUsersService->AddUser('tester', 'pruettiphap_m@h...', 'test', 'test', '10021213', NULL, 'en_us', 1, Array, Array, '', '', '', '', 0)
#6 /var/www/html/booking/Presenters/ActionPresenter.php(89): ManageUsersPresenter->AddUser()
#7 /var/www/html/booking/Pages/Admin/ManageUsersPage.php(316): ActionPresenter->ProcessAction()
#8 /var/www/html/booking/Pages/ActionPage.php(47): ManageUsersPage->ProcessAction()
#9 /var/www/html/booking/Pages/Admin/AdminPage.php(46): ActionPage->PageLoad()
#10 /var/www/html/booking/Web/admin/manage_users.php(26): AdminPageDecorator->PageLoad()
#11 {main} [File=/var/www/html/booking/Presenters/ActionPresenter.php,Line=94]
2019-10-30T09:37:02+07:00 [13609] DEBUG default - [User=Admin A. (meshaya.p@vistec.ac.th)] Loading validators for addUser [File=/var/www/html/booking/Presenters/Admin/ManageUsersPresenter.php,Line=424]
2019-10-30T09:37:02+07:00 [13609] DEBUG default - [User=Admin A. (meshaya.p@vistec.ac.th)] Action passed all validations [File=/var/www/html/booking/Pages/ActionPage.php,Line=108]
2019-10-30T09:37:02+07:00 [13609] DEBUG default - [User=Admin A. (meshaya.p@vistec.ac.th)] Processing page action. Action addUser [File=/var/www/html/booking/Presenters/ActionPresenter.php,Line=88]
2019-10-30T09:37:02+07:00 [13609] ERROR default - [User=Admin A. (meshaya.p@vistec.ac.th)] Error executing MySQL query Cannot add or update a child row: a foreign key constraint fails (`gotit_booking`.`users`, CONSTRAINT `users_positions` FOREIGN KEY (`position_id`) REFERENCES `positions` (`position_id`) ON UPDATE CASCADE) [File=/var/www/html/booking/lib/Database/MySQL/MySqlConnection.php,Line=132]
2019-10-30T09:37:02+07:00 [13609] ERROR default - [User=Admin A. (meshaya.p@vistec.ac.th)] ProcessAction Error. Action addUser, Error exception 'Exception' with message 'There was an error executing your query\nCannot add or update a child row: a foreign key constraint fails (`gotit_booking`.`users`, CONSTRAINT `users_positions` FOREIGN KEY (`position_id`) REFERENCES `positions` (`position_id`) ON UPDATE CASCADE)' in /var/www/html/booking/lib/Database/MySQL/MySqlConnection.php:134
Stack trace:
#0 /var/www/html/booking/lib/Database/MySQL/MySqlConnection.php(115): MySqlConnection->_handleError(false)
#1 /var/www/html/booking/lib/Database/Database.php(97): MySqlConnection->Execute(Object(RegisterUserCommand))
#2 /var/www/html/booking/Domain/Access/UserRepository.php(408): Database->ExecuteInsert(Object(RegisterUserCommand))
#3 /var/www/html/booking/lib/Application/Authentication/Registration.php(130): UserRepository->Add(Object(User))
#4 /var/www/html/booking/lib/Application/User/ManageUsersService.php(168): Registration->Register('tester', 'pruettiphap_m@h...', 'test', 'test', '10021213', NULL, 'en_us', 1, Array, Array, NULL, '', '', '', '', 0)
#5 /var/www/html/booking/Presenters/Admin/ManageUsersPresenter.php(272): ManageUsersService->AddUser('tester', 'pruettiphap_m@h...', 'test', 'test', '10021213', NULL, 'en_us', 1, Array, Array, '', '', '', '', 0)
#6 /var/www/html/booking/Presenters/ActionPresenter.php(89): ManageUsersPresenter->AddUser()
#7 /var/www/html/booking/Pages/Admin/ManageUsersPage.php(316): ActionPresenter->ProcessAction()
#8 /var/www/html/booking/Pages/ActionPage.php(47): ManageUsersPage->ProcessAction()
#9 /var/www/html/booking/Pages/Admin/AdminPage.php(46): ActionPage->PageLoad()
#10 /var/www/html/booking/Web/admin/manage_users.php(26): AdminPageDecorator->PageLoad()
#11 {main} [File=/var/www/html/booking/Presenters/ActionPresenter.php,Line=94]
2019-10-30T09:37:48+07:00 [757] DEBUG default - [User=Admin A. (meshaya.p@vistec.ac.th)] Loading validators for addUser [File=/var/www/html/booking/Presenters/Admin/ManageUsersPresenter.php,Line=424]
2019-10-30T09:37:48+07:00 [757] DEBUG default - [User=Admin A. (meshaya.p@vistec.ac.th)] Action passed all validations [File=/var/www/html/booking/Pages/ActionPage.php,Line=108]
2019-10-30T09:37:48+07:00 [757] DEBUG default - [User=Admin A. (meshaya.p@vistec.ac.th)] Processing page action. Action addUser [File=/var/www/html/booking/Presenters/ActionPresenter.php,Line=88]
2019-10-30T09:37:48+07:00 [757] ERROR default - [User=Admin A. (meshaya.p@vistec.ac.th)] Error executing MySQL query Cannot add or update a child row: a foreign key constraint fails (`gotit_booking`.`users`, CONSTRAINT `users_positions` FOREIGN KEY (`position_id`) REFERENCES `positions` (`position_id`) ON UPDATE CASCADE) [File=/var/www/html/booking/lib/Database/MySQL/MySqlConnection.php,Line=132]
2019-10-30T09:37:48+07:00 [757] ERROR default - [User=Admin A. (meshaya.p@vistec.ac.th)] ProcessAction Error. Action addUser, Error exception 'Exception' with message 'There was an error executing your query\nCannot add or update a child row: a foreign key constraint fails (`gotit_booking`.`users`, CONSTRAINT `users_positions` FOREIGN KEY (`position_id`) REFERENCES `positions` (`position_id`) ON UPDATE CASCADE)' in /var/www/html/booking/lib/Database/MySQL/MySqlConnection.php:134
Stack trace:
#0 /var/www/html/booking/lib/Database/MySQL/MySqlConnection.php(115): MySqlConnection->_handleError(false)
#1 /var/www/html/booking/lib/Database/Database.php(97): MySqlConnection->Execute(Object(RegisterUserCommand))
#2 /var/www/html/booking/Domain/Access/UserRepository.php(408): Database->ExecuteInsert(Object(RegisterUserCommand))
#3 /var/www/html/booking/lib/Application/Authentication/Registration.php(130): UserRepository->Add(Object(User))
#4 /var/www/html/booking/lib/Application/User/ManageUsersService.php(168): Registration->Register('abcd', 'tester@hotmail....', 'test', 'email', 'password', NULL, 'en_us', 1, Array, Array, NULL, '', '', '', '', 0)
#5 /var/www/html/booking/Presenters/Admin/ManageUsersPresenter.php(272): ManageUsersService->AddUser('abcd', 'tester@hotmail....', 'test', 'email', 'password', NULL, 'en_us', 1, Array, Array, '', '', '', '', 0)
#6 /var/www/html/booking/Presenters/ActionPresenter.php(89): ManageUsersPresenter->AddUser()
#7 /var/www/html/booking/Pages/Admin/ManageUsersPage.php(316): ActionPresenter->ProcessAction()
#8 /var/www/html/booking/Pages/ActionPage.php(47): ManageUsersPage->ProcessAction()
#9 /var/www/html/booking/Pages/Admin/AdminPage.php(46): ActionPage->PageLoad()
#10 /var/www/html/booking/Web/admin/manage_users.php(26): AdminPageDecorator->PageLoad()
#11 {main} [File=/var/www/html/booking/Presenters/ActionPresenter.php,Line=94]
2019-10-30T09:39:43+07:00 [757] DEBUG default - [User=Admin A. (meshaya.p@vistec.ac.th)] Loading validators for addUser [File=/var/www/html/booking/Presenters/Admin/ManageUsersPresenter.php,Line=424]
2019-10-30T09:39:43+07:00 [757] DEBUG default - [User=Admin A. (meshaya.p@vistec.ac.th)] Action passed all validations [File=/var/www/html/booking/Pages/ActionPage.php,Line=108]
2019-10-30T09:39:43+07:00 [757] DEBUG default - [User=Admin A. (meshaya.p@vistec.ac.th)] Processing page action. Action addUser [File=/var/www/html/booking/Presenters/ActionPresenter.php,Line=88]
2019-10-30T09:39:43+07:00 [757] ERROR default - [User=Admin A. (meshaya.p@vistec.ac.th)] Error executing MySQL query Cannot add or update a child row: a foreign key constraint fails (`gotit_booking`.`users`, CONSTRAINT `users_positions` FOREIGN KEY (`position_id`) REFERENCES `positions` (`position_id`) ON UPDATE CASCADE) [File=/var/www/html/booking/lib/Database/MySQL/MySqlConnection.php,Line=132]
2019-10-30T09:39:43+07:00 [757] ERROR default - [User=Admin A. (meshaya.p@vistec.ac.th)] ProcessAction Error. Action addUser, Error exception 'Exception' with message 'There was an error executing your query\nCannot add or update a child row: a foreign key constraint fails (`gotit_booking`.`users`, CONSTRAINT `users_positions` FOREIGN KEY (`position_id`) REFERENCES `positions` (`position_id`) ON UPDATE CASCADE)' in /var/www/html/booking/lib/Database/MySQL/MySqlConnection.php:134
Stack trace:
#0 /var/www/html/booking/lib/Database/MySQL/MySqlConnection.php(115): MySqlConnection->_handleError(false)
#1 /var/www/html/booking/lib/Database/Database.php(97): MySqlConnection->Execute(Object(RegisterUserCommand))
#2 /var/www/html/booking/Domain/Access/UserRepository.php(408): Database->ExecuteInsert(Object(RegisterUserCommand))
#3 /var/www/html/booking/lib/Application/Authentication/Registration.php(130): UserRepository->Add(Object(User))
#4 /var/www/html/booking/lib/Application/User/ManageUsersService.php(168): Registration->Register('zshaya', 'hello@hotmail.c...', 'shaya', 'zzz', 'password', NULL, 'en_us', 1, Array, Array, NULL, '', '', '', '', 0)
#5 /var/www/html/booking/Presenters/Admin/ManageUsersPresenter.php(272): ManageUsersService->AddUser('zshaya', 'hello@hotmail.c...', 'shaya', 'zzz', 'password', NULL, 'en_us', 1, Array, Array, '', '', '', '', 0)
#6 /var/www/html/booking/Presenters/ActionPresenter.php(89): ManageUsersPresenter->AddUser()
#7 /var/www/html/booking/Pages/Admin/ManageUsersPage.php(316): ActionPresenter->ProcessAction()
#8 /var/www/html/booking/Pages/ActionPage.php(47): ManageUsersPage->ProcessAction()
#9 /var/www/html/booking/Pages/Admin/AdminPage.php(46): ActionPage->PageLoad()
#10 /var/www/html/booking/Web/admin/manage_users.php(26): AdminPageDecorator->PageLoad()
#11 {main} [File=/var/www/html/booking/Presenters/ActionPresenter.php,Line=94]
2019-10-30T09:41:02+07:00 [757] DEBUG default - [User=Admin A. (meshaya.p@vistec.ac.th)] Loading validators for deleteUser [File=/var/www/html/booking/Presenters/Admin/ManageUsersPresenter.php,Line=424]
2019-10-30T09:41:02+07:00 [757] DEBUG default - [User=Admin A. (meshaya.p@vistec.ac.th)] Action passed all validations [File=/var/www/html/booking/Pages/ActionPage.php,Line=108]
2019-10-30T09:41:02+07:00 [757] DEBUG default - [User=Admin A. (meshaya.p@vistec.ac.th)] Processing page action. Action deleteUser [File=/var/www/html/booking/Presenters/ActionPresenter.php,Line=88]
2019-10-30T09:41:02+07:00 [757] DEBUG default - [User=Admin A. (meshaya.p@vistec.ac.th)] Deleting user 552 [File=/var/www/html/booking/Presenters/Admin/ManageUsersPresenter.php,Line=319]
2019-10-30T09:41:08+07:00 [786] DEBUG default - [User=Admin A. (meshaya.p@vistec.ac.th)] Loading validators for deleteUser [File=/var/www/html/booking/Presenters/Admin/ManageUsersPresenter.php,Line=424]
2019-10-30T09:41:08+07:00 [786] DEBUG default - [User=Admin A. (meshaya.p@vistec.ac.th)] Action passed all validations [File=/var/www/html/booking/Pages/ActionPage.php,Line=108]
2019-10-30T09:41:08+07:00 [786] DEBUG default - [User=Admin A. (meshaya.p@vistec.ac.th)] Processing page action. Action deleteUser [File=/var/www/html/booking/Presenters/ActionPresenter.php,Line=88]
2019-10-30T09:41:08+07:00 [786] DEBUG default - [User=Admin A. (meshaya.p@vistec.ac.th)] Deleting user 570 [File=/var/www/html/booking/Presenters/Admin/ManageUsersPresenter.php,Line=319]
2019-10-30T10:51:12+07:00 [786] DEBUG default - [User=Surapoj Sanram (surapoj.s@vistec.ac.th)] Action passed all validations [File=/var/www/html/booking/Pages/ActionPage.php,Line=108]
2019-10-30T10:51:12+07:00 [786] DEBUG default - [User=Surapoj Sanram (surapoj.s@vistec.ac.th)] Processing page action. Action rename [File=/var/www/html/booking/Presenters/ActionPresenter.php,Line=88]
2019-10-30T14:14:01+07:00 [13609] DEBUG default - [User=Surapoj Sanram (surapoj.s@vistec.ac.th)] Action passed all validations [File=/var/www/html/booking/Pages/ActionPage.php,Line=108]
2019-10-30T14:14:01+07:00 [13609] DEBUG default - [User=Surapoj Sanram (surapoj.s@vistec.ac.th)] Processing page action. Action load [File=/var/www/html/booking/Presenters/ActionPresenter.php,Line=88]
2019-10-30T14:14:01+07:00 [13609] DEBUG default - [User=Surapoj Sanram (surapoj.s@vistec.ac.th)] Loading blackout for editing. Id=120 [File=/var/www/html/booking/Presenters/Admin/ManageBlackoutsPresenter.php,Line=254]
2019-10-30T14:15:03+07:00 [786] DEBUG default - [User=Surapoj Sanram (surapoj.s@vistec.ac.th)] Action passed all validations [File=/var/www/html/booking/Pages/ActionPage.php,Line=108]
2019-10-30T14:15:03+07:00 [786] DEBUG default - [User=Surapoj Sanram (surapoj.s@vistec.ac.th)] Processing page action. Action load [File=/var/www/html/booking/Presenters/ActionPresenter.php,Line=88]
2019-10-30T14:15:03+07:00 [786] DEBUG default - [User=Surapoj Sanram (surapoj.s@vistec.ac.th)] Loading blackout for editing. Id=115 [File=/var/www/html/booking/Presenters/Admin/ManageBlackoutsPresenter.php,Line=254]
2019-10-30T14:15:28+07:00 [757] DEBUG default - [User=Surapoj Sanram (surapoj.s@vistec.ac.th)] Action passed all validations [File=/var/www/html/booking/Pages/ActionPage.php,Line=108]
2019-10-30T14:15:28+07:00 [757] DEBUG default - [User=Surapoj Sanram (surapoj.s@vistec.ac.th)] Processing page action. Action update [File=/var/www/html/booking/Presenters/ActionPresenter.php,Line=88]
2019-10-30T14:15:28+07:00 [757] DEBUG default - [User=Surapoj Sanram (surapoj.s@vistec.ac.th)] Updating blackout. BlackoutId=115, UpdateScope=full [File=/var/www/html/booking/Presenters/Admin/ManageBlackoutsPresenter.php,Line=325]
2019-10-30T14:15:40+07:00 [13609] DEBUG default - [User=Surapoj Sanram (surapoj.s@vistec.ac.th)] Action passed all validations [File=/var/www/html/booking/Pages/ActionPage.php,Line=108]
2019-10-30T14:15:40+07:00 [13609] DEBUG default - [User=Surapoj Sanram (surapoj.s@vistec.ac.th)] Processing page action. Action load [File=/var/www/html/booking/Presenters/ActionPresenter.php,Line=88]
2019-10-30T14:15:40+07:00 [13609] DEBUG default - [User=Surapoj Sanram (surapoj.s@vistec.ac.th)] Loading blackout for editing. Id=115 [File=/var/www/html/booking/Presenters/Admin/ManageBlackoutsPresenter.php,Line=254]
2019-10-30T14:15:55+07:00 [786] DEBUG default - [User=Surapoj Sanram (surapoj.s@vistec.ac.th)] Action passed all validations [File=/var/www/html/booking/Pages/ActionPage.php,Line=108]
2019-10-30T14:15:55+07:00 [786] DEBUG default - [User=Surapoj Sanram (surapoj.s@vistec.ac.th)] Processing page action. Action update [File=/var/www/html/booking/Presenters/ActionPresenter.php,Line=88]
2019-10-30T14:15:55+07:00 [786] DEBUG default - [User=Surapoj Sanram (surapoj.s@vistec.ac.th)] Updating blackout. BlackoutId=115, UpdateScope=full [File=/var/www/html/booking/Presenters/Admin/ManageBlackoutsPresenter.php,Line=325]
2019-10-30T14:16:07+07:00 [13609] DEBUG default - [User=Surapoj Sanram (surapoj.s@vistec.ac.th)] Action passed all validations [File=/var/www/html/booking/Pages/ActionPage.php,Line=108]
2019-10-30T14:16:07+07:00 [13609] DEBUG default - [User=Surapoj Sanram (surapoj.s@vistec.ac.th)] Processing page action. Action load [File=/var/www/html/booking/Presenters/ActionPresenter.php,Line=88]
2019-10-30T14:16:07+07:00 [13609] DEBUG default - [User=Surapoj Sanram (surapoj.s@vistec.ac.th)] Loading blackout for editing. Id=114 [File=/var/www/html/booking/Presenters/Admin/ManageBlackoutsPresenter.php,Line=254]
2019-10-30T14:16:19+07:00 [786] DEBUG default - [User=Surapoj Sanram (surapoj.s@vistec.ac.th)] Action passed all validations [File=/var/www/html/booking/Pages/ActionPage.php,Line=108]
2019-10-30T14:16:19+07:00 [786] DEBUG default - [User=Surapoj Sanram (surapoj.s@vistec.ac.th)] Processing page action. Action update [File=/var/www/html/booking/Presenters/ActionPresenter.php,Line=88]
2019-10-30T14:16:19+07:00 [786] DEBUG default - [User=Surapoj Sanram (surapoj.s@vistec.ac.th)] Updating blackout. BlackoutId=114, UpdateScope=full [File=/var/www/html/booking/Presenters/Admin/ManageBlackoutsPresenter.php,Line=325]
2019-10-30T15:46:00+07:00 [13609] DEBUG default - [User=Surapoj Sanram (surapoj.s@vistec.ac.th)] Action passed all validations [File=/var/www/html/booking/Pages/ActionPage.php,Line=108]
2019-10-30T15:46:00+07:00 [13609] DEBUG default - [User=Surapoj Sanram (surapoj.s@vistec.ac.th)] Processing page action. Action updateAttribute [File=/var/www/html/booking/Presenters/ActionPresenter.php,Line=88]
2019-10-30T15:46:00+07:00 [13609] DEBUG default - [User=Surapoj Sanram (surapoj.s@vistec.ac.th)] Updating attribute with id: 38 [File=/var/www/html/booking/Presenters/Admin/ManageAttributesPresenter.php,Line=98]
2019-10-30T15:47:33+07:00 [757] DEBUG default - [User=Surapoj Sanram (surapoj.s@vistec.ac.th)] Action passed all validations [File=/var/www/html/booking/Pages/ActionPage.php,Line=108]
2019-10-30T15:47:33+07:00 [757] DEBUG default - [User=Surapoj Sanram (surapoj.s@vistec.ac.th)] Processing page action. Action updateAttribute [File=/var/www/html/booking/Presenters/ActionPresenter.php,Line=88]
2019-10-30T15:47:33+07:00 [757] DEBUG default - [User=Surapoj Sanram (surapoj.s@vistec.ac.th)] Updating attribute with id: 38 [File=/var/www/html/booking/Presenters/Admin/ManageAttributesPresenter.php,Line=98]
2019-10-30T15:47:54+07:00 [786] DEBUG default - [User=Surapoj Sanram (surapoj.s@vistec.ac.th)] Action passed all validations [File=/var/www/html/booking/Pages/ActionPage.php,Line=108]
2019-10-30T15:47:54+07:00 [786] DEBUG default - [User=Surapoj Sanram (surapoj.s@vistec.ac.th)] Processing page action. Action updateAttribute [File=/var/www/html/booking/Presenters/ActionPresenter.php,Line=88]
2019-10-30T15:47:54+07:00 [786] DEBUG default - [User=Surapoj Sanram (surapoj.s@vistec.ac.th)] Updating attribute with id: 32 [File=/var/www/html/booking/Presenters/Admin/ManageAttributesPresenter.php,Line=98]
2019-10-30T15:53:47+07:00 [13609] DEBUG default - [User=Surapoj Sanram (surapoj.s@vistec.ac.th)] Action passed all validations [File=/var/www/html/booking/Pages/ActionPage.php,Line=108]
2019-10-30T15:53:47+07:00 [13609] DEBUG default - [User=Surapoj Sanram (surapoj.s@vistec.ac.th)] Processing page action. Action updateAttribute [File=/var/www/html/booking/Presenters/ActionPresenter.php,Line=88]
2019-10-30T15:53:47+07:00 [13609] DEBUG default - [User=Surapoj Sanram (surapoj.s@vistec.ac.th)] Updating attribute with id: 58 [File=/var/www/html/booking/Presenters/Admin/ManageAttributesPresenter.php,Line=98]
