2019-03-25T10:25:51+07:00 [23803] DEBUG default - [User=Admin A. (napatsorn.m@vistec.ac.th)] Loading validators for permissions [File=/var/www/html/booking/Presenters/Admin/ManageUsersPresenter.php,Line=418]
2019-03-25T10:25:51+07:00 [23803] DEBUG default - [User=Admin A. (napatsorn.m@vistec.ac.th)] Action passed all validations [File=/var/www/html/booking/Pages/ActionPage.php,Line=108]
2019-03-25T10:25:51+07:00 [23803] DEBUG default - [User=Admin A. (napatsorn.m@vistec.ac.th)] Processing page action. Action permissions [File=/var/www/html/booking/Presenters/ActionPresenter.php,Line=88]
2019-03-25T11:04:28+07:00 [23803] DEBUG default - [User=Admin A. (ratchawan.j@vistec.ac.th)] Action passed all validations [File=/var/www/html/booking/Pages/ActionPage.php,Line=108]
2019-03-25T11:04:28+07:00 [23803] DEBUG default - [User=Admin A. (ratchawan.j@vistec.ac.th)] Processing page action. Action addUserPermission [File=/var/www/html/booking/Presenters/ActionPresenter.php,Line=88]
2019-03-25T11:20:46+07:00 [4800] DEBUG default - [User=Admin A. (napatsorn.m@vistec.ac.th)] Loading validators for permissions [File=/var/www/html/booking/Presenters/Admin/ManageUsersPresenter.php,Line=418]
2019-03-25T11:20:46+07:00 [4800] DEBUG default - [User=Admin A. (napatsorn.m@vistec.ac.th)] Action passed all validations [File=/var/www/html/booking/Pages/ActionPage.php,Line=108]
2019-03-25T11:20:46+07:00 [4800] DEBUG default - [User=Admin A. (napatsorn.m@vistec.ac.th)] Processing page action. Action permissions [File=/var/www/html/booking/Presenters/ActionPresenter.php,Line=88]
2019-03-25T11:27:41+07:00 [4808] DEBUG default - [User=Admin A. (napatsorn.m@vistec.ac.th)] Loading validators for permissions [File=/var/www/html/booking/Presenters/Admin/ManageUsersPresenter.php,Line=418]
2019-03-25T11:27:41+07:00 [4808] DEBUG default - [User=Admin A. (napatsorn.m@vistec.ac.th)] Action passed all validations [File=/var/www/html/booking/Pages/ActionPage.php,Line=108]
2019-03-25T11:27:41+07:00 [4808] DEBUG default - [User=Admin A. (napatsorn.m@vistec.ac.th)] Processing page action. Action permissions [File=/var/www/html/booking/Presenters/ActionPresenter.php,Line=88]
2019-03-25T11:27:59+07:00 [23803] DEBUG default - [User=Admin A. (ratchawan.j@vistec.ac.th)] Action passed all validations [File=/var/www/html/booking/Pages/ActionPage.php,Line=108]
2019-03-25T11:27:59+07:00 [23803] DEBUG default - [User=Admin A. (ratchawan.j@vistec.ac.th)] Processing page action. Action addUserPermission [File=/var/www/html/booking/Presenters/ActionPresenter.php,Line=88]
2019-03-25T11:28:02+07:00 [4800] DEBUG default - [User=Admin A. (napatsorn.m@vistec.ac.th)] Loading validators for permissions [File=/var/www/html/booking/Presenters/Admin/ManageUsersPresenter.php,Line=418]
2019-03-25T11:28:02+07:00 [4800] DEBUG default - [User=Admin A. (napatsorn.m@vistec.ac.th)] Action passed all validations [File=/var/www/html/booking/Pages/ActionPage.php,Line=108]
2019-03-25T11:28:02+07:00 [4800] DEBUG default - [User=Admin A. (napatsorn.m@vistec.ac.th)] Processing page action. Action permissions [File=/var/www/html/booking/Presenters/ActionPresenter.php,Line=88]
2019-03-25T11:28:16+07:00 [4800] DEBUG default - [User=Admin A. (ratchawan.j@vistec.ac.th)] Action passed all validations [File=/var/www/html/booking/Pages/ActionPage.php,Line=108]
2019-03-25T11:28:16+07:00 [4800] DEBUG default - [User=Admin A. (ratchawan.j@vistec.ac.th)] Processing page action. Action addUserPermission [File=/var/www/html/booking/Presenters/ActionPresenter.php,Line=88]
2019-03-25T11:28:26+07:00 [23803] DEBUG default - [User=Admin A. (ratchawan.j@vistec.ac.th)] Action passed all validations [File=/var/www/html/booking/Pages/ActionPage.php,Line=108]
2019-03-25T11:28:26+07:00 [23803] DEBUG default - [User=Admin A. (ratchawan.j@vistec.ac.th)] Processing page action. Action addUserPermission [File=/var/www/html/booking/Presenters/ActionPresenter.php,Line=88]
2019-03-25T11:29:56+07:00 [4808] DEBUG default - [User=Admin A. (napatsorn.m@vistec.ac.th)] Loading validators for permissions [File=/var/www/html/booking/Presenters/Admin/ManageUsersPresenter.php,Line=418]
2019-03-25T11:29:56+07:00 [4808] DEBUG default - [User=Admin A. (napatsorn.m@vistec.ac.th)] Action passed all validations [File=/var/www/html/booking/Pages/ActionPage.php,Line=108]
2019-03-25T11:29:56+07:00 [4808] DEBUG default - [User=Admin A. (napatsorn.m@vistec.ac.th)] Processing page action. Action permissions [File=/var/www/html/booking/Presenters/ActionPresenter.php,Line=88]
2019-03-25T11:30:19+07:00 [23803] DEBUG default - [User=Admin A. (napatsorn.m@vistec.ac.th)] Loading validators for permissions [File=/var/www/html/booking/Presenters/Admin/ManageUsersPresenter.php,Line=418]
2019-03-25T11:30:19+07:00 [23803] DEBUG default - [User=Admin A. (napatsorn.m@vistec.ac.th)] Action passed all validations [File=/var/www/html/booking/Pages/ActionPage.php,Line=108]
2019-03-25T11:30:19+07:00 [23803] DEBUG default - [User=Admin A. (napatsorn.m@vistec.ac.th)] Processing page action. Action permissions [File=/var/www/html/booking/Presenters/ActionPresenter.php,Line=88]
2019-03-25T11:30:56+07:00 [4800] DEBUG default - [User=Admin A. (napatsorn.m@vistec.ac.th)] Loading validators for permissions [File=/var/www/html/booking/Presenters/Admin/ManageUsersPresenter.php,Line=418]
2019-03-25T11:30:56+07:00 [4800] DEBUG default - [User=Admin A. (napatsorn.m@vistec.ac.th)] Action passed all validations [File=/var/www/html/booking/Pages/ActionPage.php,Line=108]
2019-03-25T11:30:56+07:00 [4800] DEBUG default - [User=Admin A. (napatsorn.m@vistec.ac.th)] Processing page action. Action permissions [File=/var/www/html/booking/Presenters/ActionPresenter.php,Line=88]
2019-03-25T13:57:36+07:00 [23803] DEBUG default - [User=Admin A. (napatsorn.m@vistec.ac.th)] Loading validators for permissions [File=/var/www/html/booking/Presenters/Admin/ManageUsersPresenter.php,Line=418]
2019-03-25T13:57:36+07:00 [23803] DEBUG default - [User=Admin A. (napatsorn.m@vistec.ac.th)] Action passed all validations [File=/var/www/html/booking/Pages/ActionPage.php,Line=108]
2019-03-25T13:57:36+07:00 [23803] DEBUG default - [User=Admin A. (napatsorn.m@vistec.ac.th)] Processing page action. Action permissions [File=/var/www/html/booking/Presenters/ActionPresenter.php,Line=88]
2019-03-25T13:58:02+07:00 [4800] DEBUG default - [User=Admin A. (napatsorn.m@vistec.ac.th)] Loading validators for permissions [File=/var/www/html/booking/Presenters/Admin/ManageUsersPresenter.php,Line=418]
2019-03-25T13:58:02+07:00 [4800] DEBUG default - [User=Admin A. (napatsorn.m@vistec.ac.th)] Action passed all validations [File=/var/www/html/booking/Pages/ActionPage.php,Line=108]
2019-03-25T13:58:02+07:00 [4800] DEBUG default - [User=Admin A. (napatsorn.m@vistec.ac.th)] Processing page action. Action permissions [File=/var/www/html/booking/Presenters/ActionPresenter.php,Line=88]
2019-03-25T21:04:13+07:00 [4800] DEBUG default - [User=Admin A. (Thassanant.a@vistec.ac.th)] Loading validators for permissions [File=/var/www/html/booking/Presenters/Admin/ManageUsersPresenter.php,Line=418]
2019-03-25T21:04:13+07:00 [4800] DEBUG default - [User=Admin A. (Thassanant.a@vistec.ac.th)] Action passed all validations [File=/var/www/html/booking/Pages/ActionPage.php,Line=108]
2019-03-25T21:04:13+07:00 [4800] DEBUG default - [User=Admin A. (Thassanant.a@vistec.ac.th)] Processing page action. Action permissions [File=/var/www/html/booking/Presenters/ActionPresenter.php,Line=88]
2019-03-25T21:07:07+07:00 [23803] DEBUG default - [User=Admin A. (Thassanant.a@vistec.ac.th)] Loading validators for inviteUsers [File=/var/www/html/booking/Presenters/Admin/ManageUsersPresenter.php,Line=418]
2019-03-25T21:07:07+07:00 [23803] DEBUG default - [User=Admin A. (Thassanant.a@vistec.ac.th)] Action passed all validations [File=/var/www/html/booking/Pages/ActionPage.php,Line=108]
2019-03-25T21:07:07+07:00 [23803] DEBUG default - [User=Admin A. (Thassanant.a@vistec.ac.th)] Processing page action. Action inviteUsers [File=/var/www/html/booking/Presenters/ActionPresenter.php,Line=88]
2019-03-25T21:07:07+07:00 [23803] DEBUG default - [User=Admin A. (Thassanant.a@vistec.ac.th)] Sending InviteUserEmail email to: เรียน from: Frc.booking@vistec.ac.th [File=/var/www/html/booking/lib/Email/EmailService.php,Line=93]
2019-03-25T21:07:07+07:00 [23803] DEBUG default - [User=Admin A. (Thassanant.a@vistec.ac.th)] Email send success: 0. You must provide at least one recipient email address. [File=/var/www/html/booking/lib/Email/EmailService.php,Line=105]
2019-03-25T21:07:07+07:00 [23803] DEBUG default - [User=Admin A. (Thassanant.a@vistec.ac.th)] Sending InviteUserEmail email to: คุณ from: Frc.booking@vistec.ac.th [File=/var/www/html/booking/lib/Email/EmailService.php,Line=93]
2019-03-25T21:07:07+07:00 [23803] DEBUG default - [User=Admin A. (Thassanant.a@vistec.ac.th)] Email send success: 0. You must provide at least one recipient email address. [File=/var/www/html/booking/lib/Email/EmailService.php,Line=105]
2019-03-25T21:07:07+07:00 [23803] DEBUG default - [User=Admin A. (Thassanant.a@vistec.ac.th)] Sending InviteUserEmail email to: Taweesak from: Frc.booking@vistec.ac.th [File=/var/www/html/booking/lib/Email/EmailService.php,Line=93]
2019-03-25T21:07:07+07:00 [23803] DEBUG default - [User=Admin A. (Thassanant.a@vistec.ac.th)] Email send success: 0. You must provide at least one recipient email address. [File=/var/www/html/booking/lib/Email/EmailService.php,Line=105]
2019-03-25T21:07:07+07:00 [23803] DEBUG default - [User=Admin A. (Thassanant.a@vistec.ac.th)] Sending InviteUserEmail email to: Sudyodsuk from: Frc.booking@vistec.ac.th [File=/var/www/html/booking/lib/Email/EmailService.php,Line=93]
2019-03-25T21:07:07+07:00 [23803] DEBUG default - [User=Admin A. (Thassanant.a@vistec.ac.th)] Email send success: 0. You must provide at least one recipient email address. [File=/var/www/html/booking/lib/Email/EmailService.php,Line=105]
2019-03-25T21:07:07+07:00 [23803] DEBUG default - [User=Admin A. (Thassanant.a@vistec.ac.th)] Sending InviteUserEmail email to: ใคร่ขอเรียนเชิญอาจารย์ from: Frc.booking@vistec.ac.th [File=/var/www/html/booking/lib/Email/EmailService.php,Line=93]
2019-03-25T21:07:07+07:00 [23803] DEBUG default - [User=Admin A. (Thassanant.a@vistec.ac.th)] Email send success: 0. You must provide at least one recipient email address. [File=/var/www/html/booking/lib/Email/EmailService.php,Line=105]
2019-03-25T21:07:07+07:00 [23803] DEBUG default - [User=Admin A. (Thassanant.a@vistec.ac.th)] Sending InviteUserEmail email to: ส่งรายละเอียดเพื่อสมัครเข้าใช้งานระบบจองเครื่องมือออนไลน์ from: Frc.booking@vistec.ac.th [File=/var/www/html/booking/lib/Email/EmailService.php,Line=93]
2019-03-25T21:07:07+07:00 [23803] DEBUG default - [User=Admin A. (Thassanant.a@vistec.ac.th)] Email send success: 0. You must provide at least one recipient email address. [File=/var/www/html/booking/lib/Email/EmailService.php,Line=105]
2019-03-25T21:07:07+07:00 [23803] DEBUG default - [User=Admin A. (Thassanant.a@vistec.ac.th)] Sending InviteUserEmail email to: ด้วยจะเป็นพระคุณยิ่ง from: Frc.booking@vistec.ac.th [File=/var/www/html/booking/lib/Email/EmailService.php,Line=93]
2019-03-25T21:07:07+07:00 [23803] DEBUG default - [User=Admin A. (Thassanant.a@vistec.ac.th)] Email send success: 0. You must provide at least one recipient email address. [File=/var/www/html/booking/lib/Email/EmailService.php,Line=105]
2019-03-25T21:07:07+07:00 [23803] DEBUG default - [User=Admin A. (Thassanant.a@vistec.ac.th)] Sending InviteUserEmail email to: FRC from: Frc.booking@vistec.ac.th [File=/var/www/html/booking/lib/Email/EmailService.php,Line=93]
2019-03-25T21:07:07+07:00 [23803] DEBUG default - [User=Admin A. (Thassanant.a@vistec.ac.th)] Email send success: 0. You must provide at least one recipient email address. [File=/var/www/html/booking/lib/Email/EmailService.php,Line=105]
