2019-05-08T09:06:14+07:00 [10313] DEBUG default - [User=Admin A. (ratchawan.j@vistec.ac.th)] Action passed all validations [File=/var/www/html/booking/Pages/ActionPage.php,Line=108]
2019-05-08T09:06:14+07:00 [10313] DEBUG default - [User=Admin A. (ratchawan.j@vistec.ac.th)] Processing page action. Action load [File=/var/www/html/booking/Presenters/ActionPresenter.php,Line=88]
2019-05-08T09:06:14+07:00 [10313] DEBUG default - [User=Admin A. (ratchawan.j@vistec.ac.th)] Loading blackout for editing. Id=25 [File=/var/www/html/booking/Presenters/Admin/ManageBlackoutsPresenter.php,Line=254]
2019-05-08T09:06:39+07:00 [23803] DEBUG default - [User=Admin A. (jarinya.s@vistec.ac.th)] Action passed all validations [File=/var/www/html/booking/Pages/ActionPage.php,Line=108]
2019-05-08T09:06:39+07:00 [23803] DEBUG default - [User=Admin A. (jarinya.s@vistec.ac.th)] Processing page action. Action load [File=/var/www/html/booking/Presenters/ActionPresenter.php,Line=88]
2019-05-08T09:06:39+07:00 [23803] DEBUG default - [User=Admin A. (jarinya.s@vistec.ac.th)] Loading blackout for editing. Id=25 [File=/var/www/html/booking/Presenters/Admin/ManageBlackoutsPresenter.php,Line=254]
2019-05-08T09:06:57+07:00 [23803] DEBUG default - [User=Admin A. (ratchawan.j@vistec.ac.th)] Action passed all validations [File=/var/www/html/booking/Pages/ActionPage.php,Line=108]
2019-05-08T09:06:57+07:00 [23803] DEBUG default - [User=Admin A. (ratchawan.j@vistec.ac.th)] Processing page action. Action load [File=/var/www/html/booking/Presenters/ActionPresenter.php,Line=88]
2019-05-08T09:06:57+07:00 [23803] DEBUG default - [User=Admin A. (ratchawan.j@vistec.ac.th)] Loading blackout for editing. Id=28 [File=/var/www/html/booking/Presenters/Admin/ManageBlackoutsPresenter.php,Line=254]
2019-05-08T09:07:46+07:00 [6290] DEBUG default - [User=Admin A. (jarinya.s@vistec.ac.th)] Action passed all validations [File=/var/www/html/booking/Pages/ActionPage.php,Line=108]
2019-05-08T09:07:46+07:00 [6290] DEBUG default - [User=Admin A. (jarinya.s@vistec.ac.th)] Processing page action. Action load [File=/var/www/html/booking/Presenters/ActionPresenter.php,Line=88]
2019-05-08T09:07:46+07:00 [6290] DEBUG default - [User=Admin A. (jarinya.s@vistec.ac.th)] Loading blackout for editing. Id=22 [File=/var/www/html/booking/Presenters/Admin/ManageBlackoutsPresenter.php,Line=254]
2019-05-08T09:08:05+07:00 [23803] DEBUG default - [User=Admin A. (ratchawan.j@vistec.ac.th)] Action passed all validations [File=/var/www/html/booking/Pages/ActionPage.php,Line=108]
2019-05-08T09:08:05+07:00 [23803] DEBUG default - [User=Admin A. (ratchawan.j@vistec.ac.th)] Processing page action. Action load [File=/var/www/html/booking/Presenters/ActionPresenter.php,Line=88]
2019-05-08T09:08:05+07:00 [23803] DEBUG default - [User=Admin A. (ratchawan.j@vistec.ac.th)] Loading blackout for editing. Id=22 [File=/var/www/html/booking/Presenters/Admin/ManageBlackoutsPresenter.php,Line=254]
2019-05-08T09:09:33+07:00 [6290] DEBUG default - [User=Admin A. (ratchawan.j@vistec.ac.th)] Action passed all validations [File=/var/www/html/booking/Pages/ActionPage.php,Line=108]
2019-05-08T09:09:33+07:00 [6290] DEBUG default - [User=Admin A. (ratchawan.j@vistec.ac.th)] Processing page action. Action update [File=/var/www/html/booking/Presenters/ActionPresenter.php,Line=88]
2019-05-08T09:09:33+07:00 [6290] DEBUG default - [User=Admin A. (ratchawan.j@vistec.ac.th)] Updating blackout. BlackoutId=22, UpdateScope=full [File=/var/www/html/booking/Presenters/Admin/ManageBlackoutsPresenter.php,Line=325]
2019-05-08T09:13:45+07:00 [23803] DEBUG default - [User=Admin A. (ratchawan.j@vistec.ac.th)] Action passed all validations [File=/var/www/html/booking/Pages/ActionPage.php,Line=108]
2019-05-08T09:13:45+07:00 [23803] DEBUG default - [User=Admin A. (ratchawan.j@vistec.ac.th)] Processing page action. Action add [File=/var/www/html/booking/Presenters/ActionPresenter.php,Line=88]
2019-05-08T09:14:34+07:00 [10313] DEBUG default - [User=Admin A. (ratchawan.j@vistec.ac.th)] Action passed all validations [File=/var/www/html/booking/Pages/ActionPage.php,Line=108]
2019-05-08T09:14:34+07:00 [10313] DEBUG default - [User=Admin A. (ratchawan.j@vistec.ac.th)] Processing page action. Action load [File=/var/www/html/booking/Presenters/ActionPresenter.php,Line=88]
2019-05-08T09:14:34+07:00 [10313] DEBUG default - [User=Admin A. (ratchawan.j@vistec.ac.th)] Loading blackout for editing. Id=38 [File=/var/www/html/booking/Presenters/Admin/ManageBlackoutsPresenter.php,Line=254]
2019-05-08T09:14:43+07:00 [23803] DEBUG default - [User=Admin A. (ratchawan.j@vistec.ac.th)] Action passed all validations [File=/var/www/html/booking/Pages/ActionPage.php,Line=108]
2019-05-08T09:14:43+07:00 [23803] DEBUG default - [User=Admin A. (ratchawan.j@vistec.ac.th)] Processing page action. Action update [File=/var/www/html/booking/Presenters/ActionPresenter.php,Line=88]
2019-05-08T09:14:43+07:00 [23803] DEBUG default - [User=Admin A. (ratchawan.j@vistec.ac.th)] Updating blackout. BlackoutId=38, UpdateScope=full [File=/var/www/html/booking/Presenters/Admin/ManageBlackoutsPresenter.php,Line=325]
2019-05-08T09:18:17+07:00 [6290] DEBUG default - [User=Admin A. (napatsorn.m@vistec.ac.th)] Action passed all validations [File=/var/www/html/booking/Pages/ActionPage.php,Line=108]
2019-05-08T09:18:17+07:00 [6290] DEBUG default - [User=Admin A. (napatsorn.m@vistec.ac.th)] Processing page action. Action add [File=/var/www/html/booking/Presenters/ActionPresenter.php,Line=88]
2019-05-08T09:19:39+07:00 [6290] DEBUG default - [User=Admin A. (napatsorn.m@vistec.ac.th)] Action passed all validations [File=/var/www/html/booking/Pages/ActionPage.php,Line=108]
2019-05-08T09:19:39+07:00 [6290] DEBUG default - [User=Admin A. (napatsorn.m@vistec.ac.th)] Processing page action. Action load [File=/var/www/html/booking/Presenters/ActionPresenter.php,Line=88]
2019-05-08T09:19:39+07:00 [6290] DEBUG default - [User=Admin A. (napatsorn.m@vistec.ac.th)] Loading blackout for editing. Id=40 [File=/var/www/html/booking/Presenters/Admin/ManageBlackoutsPresenter.php,Line=254]
2019-05-08T09:20:01+07:00 [10313] DEBUG default - [User=Admin A. (napatsorn.m@vistec.ac.th)] Action passed all validations [File=/var/www/html/booking/Pages/ActionPage.php,Line=108]
2019-05-08T09:20:01+07:00 [10313] DEBUG default - [User=Admin A. (napatsorn.m@vistec.ac.th)] Processing page action. Action update [File=/var/www/html/booking/Presenters/ActionPresenter.php,Line=88]
2019-05-08T09:20:01+07:00 [10313] DEBUG default - [User=Admin A. (napatsorn.m@vistec.ac.th)] Updating blackout. BlackoutId=40, UpdateScope=full [File=/var/www/html/booking/Presenters/Admin/ManageBlackoutsPresenter.php,Line=325]
2019-05-08T09:20:50+07:00 [10313] DEBUG default - [User=Admin A. (ratchawan.j@vistec.ac.th)] Action passed all validations [File=/var/www/html/booking/Pages/ActionPage.php,Line=108]
2019-05-08T09:20:50+07:00 [10313] DEBUG default - [User=Admin A. (ratchawan.j@vistec.ac.th)] Processing page action. Action load [File=/var/www/html/booking/Presenters/ActionPresenter.php,Line=88]
2019-05-08T09:20:50+07:00 [10313] DEBUG default - [User=Admin A. (ratchawan.j@vistec.ac.th)] Loading blackout for editing. Id=39 [File=/var/www/html/booking/Presenters/Admin/ManageBlackoutsPresenter.php,Line=254]
2019-05-08T09:20:50+07:00 [23803] DEBUG default - [User=Admin A. (napatsorn.m@vistec.ac.th)] Action passed all validations [File=/var/www/html/booking/Pages/ActionPage.php,Line=108]
2019-05-08T09:20:50+07:00 [23803] DEBUG default - [User=Admin A. (napatsorn.m@vistec.ac.th)] Processing page action. Action load [File=/var/www/html/booking/Presenters/ActionPresenter.php,Line=88]
2019-05-08T09:20:50+07:00 [23803] DEBUG default - [User=Admin A. (napatsorn.m@vistec.ac.th)] Loading blackout for editing. Id=41 [File=/var/www/html/booking/Presenters/Admin/ManageBlackoutsPresenter.php,Line=254]
2019-05-08T09:20:59+07:00 [6290] DEBUG default - [User=Admin A. (napatsorn.m@vistec.ac.th)] Action passed all validations [File=/var/www/html/booking/Pages/ActionPage.php,Line=108]
2019-05-08T09:20:59+07:00 [6290] DEBUG default - [User=Admin A. (napatsorn.m@vistec.ac.th)] Processing page action. Action update [File=/var/www/html/booking/Presenters/ActionPresenter.php,Line=88]
2019-05-08T09:20:59+07:00 [6290] DEBUG default - [User=Admin A. (napatsorn.m@vistec.ac.th)] Updating blackout. BlackoutId=41, UpdateScope=full [File=/var/www/html/booking/Presenters/Admin/ManageBlackoutsPresenter.php,Line=325]
2019-05-08T09:22:03+07:00 [23803] DEBUG default - [User=Admin A. (ratchawan.j@vistec.ac.th)] Action passed all validations [File=/var/www/html/booking/Pages/ActionPage.php,Line=108]
2019-05-08T09:22:03+07:00 [23803] DEBUG default - [User=Admin A. (ratchawan.j@vistec.ac.th)] Processing page action. Action update [File=/var/www/html/booking/Presenters/ActionPresenter.php,Line=88]
2019-05-08T09:22:03+07:00 [23803] DEBUG default - [User=Admin A. (ratchawan.j@vistec.ac.th)] Updating blackout. BlackoutId=39, UpdateScope=full [File=/var/www/html/booking/Presenters/Admin/ManageBlackoutsPresenter.php,Line=325]
2019-05-08T09:22:12+07:00 [6290] DEBUG default - [User=Admin A. (ratchawan.j@vistec.ac.th)] Action passed all validations [File=/var/www/html/booking/Pages/ActionPage.php,Line=108]
2019-05-08T09:22:12+07:00 [6290] DEBUG default - [User=Admin A. (ratchawan.j@vistec.ac.th)] Processing page action. Action load [File=/var/www/html/booking/Presenters/ActionPresenter.php,Line=88]
2019-05-08T09:22:12+07:00 [6290] DEBUG default - [User=Admin A. (ratchawan.j@vistec.ac.th)] Loading blackout for editing. Id=39 [File=/var/www/html/booking/Presenters/Admin/ManageBlackoutsPresenter.php,Line=254]
2019-05-08T09:22:33+07:00 [10313] DEBUG default - [User=Admin A. (ratchawan.j@vistec.ac.th)] Action passed all validations [File=/var/www/html/booking/Pages/ActionPage.php,Line=108]
2019-05-08T09:22:33+07:00 [10313] DEBUG default - [User=Admin A. (ratchawan.j@vistec.ac.th)] Processing page action. Action update [File=/var/www/html/booking/Presenters/ActionPresenter.php,Line=88]
2019-05-08T09:22:33+07:00 [10313] DEBUG default - [User=Admin A. (ratchawan.j@vistec.ac.th)] Updating blackout. BlackoutId=39, UpdateScope=full [File=/var/www/html/booking/Presenters/Admin/ManageBlackoutsPresenter.php,Line=325]
2019-05-08T09:22:58+07:00 [6290] DEBUG default - [User=Admin A. (ratchawan.j@vistec.ac.th)] Action passed all validations [File=/var/www/html/booking/Pages/ActionPage.php,Line=108]
2019-05-08T09:22:58+07:00 [6290] DEBUG default - [User=Admin A. (ratchawan.j@vistec.ac.th)] Processing page action. Action load [File=/var/www/html/booking/Presenters/ActionPresenter.php,Line=88]
2019-05-08T09:22:58+07:00 [6290] DEBUG default - [User=Admin A. (ratchawan.j@vistec.ac.th)] Loading blackout for editing. Id=39 [File=/var/www/html/booking/Presenters/Admin/ManageBlackoutsPresenter.php,Line=254]
2019-05-08T09:23:05+07:00 [10313] DEBUG default - [User=Admin A. (ratchawan.j@vistec.ac.th)] Action passed all validations [File=/var/www/html/booking/Pages/ActionPage.php,Line=108]
2019-05-08T09:23:05+07:00 [10313] DEBUG default - [User=Admin A. (ratchawan.j@vistec.ac.th)] Processing page action. Action update [File=/var/www/html/booking/Presenters/ActionPresenter.php,Line=88]
2019-05-08T09:23:05+07:00 [10313] DEBUG default - [User=Admin A. (ratchawan.j@vistec.ac.th)] Updating blackout. BlackoutId=39, UpdateScope=full [File=/var/www/html/booking/Presenters/Admin/ManageBlackoutsPresenter.php,Line=325]
2019-05-08T11:21:59+07:00 [23803] DEBUG default - [User=Admin A. (jarinya.s@vistec.ac.th)] Action passed all validations [File=/var/www/html/booking/Pages/ActionPage.php,Line=108]
2019-05-08T11:21:59+07:00 [23803] DEBUG default - [User=Admin A. (jarinya.s@vistec.ac.th)] Processing page action. Action addUserPermission [File=/var/www/html/booking/Presenters/ActionPresenter.php,Line=88]
2019-05-08T11:22:10+07:00 [23803] DEBUG default - [User=Admin A. (jarinya.s@vistec.ac.th)] Action passed all validations [File=/var/www/html/booking/Pages/ActionPage.php,Line=108]
2019-05-08T11:22:10+07:00 [23803] DEBUG default - [User=Admin A. (jarinya.s@vistec.ac.th)] Processing page action. Action addUserPermission [File=/var/www/html/booking/Presenters/ActionPresenter.php,Line=88]
