2019-04-25T17:11:52+07:00 [23803] DEBUG sql - [User=Admin A. (panvika.p@vistec.ac.th)] MySql Query: SELECT g.*, admin_group.name as admin_group_name
		FROM groups g
		LEFT JOIN groups admin_group ON g.admin_group_id = admin_group.group_id
		ORDER BY g.name;
2019-04-25T17:11:52+07:00 [23803] DEBUG sql - [User=Admin A. (panvika.p@vistec.ac.th)] MySql Query: SELECT s.*, l.timezone FROM schedules s INNER JOIN layouts l ON s.layout_id = l.layout_id ORDER BY s.name;
2019-04-25T17:11:52+07:00 [23803] DEBUG sql - [User=Admin A. (panvika.p@vistec.ac.th)] MySql Query: SELECT r.*, s.admin_group_id as s_admin_group_id,
		(SELECT GROUP_CONCAT(CONCAT(cav.custom_attribute_id, '=', cav.attribute_value) SEPARATOR "!sep!")
						FROM custom_attribute_values cav WHERE cav.entity_id = r.resource_id AND cav.attribute_category = 4) as attribute_list,
		(SELECT GROUP_CONCAT(rga.resource_group_id SEPARATOR "!sep!") FROM resource_group_assignment rga WHERE rga.resource_id = r.resource_id) AS group_list
		FROM resources r
		INNER JOIN schedules s ON r.schedule_id = s.schedule_id
		ORDER BY COALESCE(r.sort_order,0), r.name;
2019-04-25T17:11:52+07:00 [23803] DEBUG sql - [User=Admin A. (panvika.p@vistec.ac.th)] MySql Query: SELECT q.*, r.name as resource_name, g.name as group_name, s.name as schedule_name
		FROM quotas q
		LEFT JOIN resources r ON r.resource_id = q.resource_id
		LEFT JOIN groups g ON g.group_id = q.group_id
		LEFT JOIN schedules s ON s.schedule_id = q.schedule_id;
2019-04-25T17:12:26+07:00 [10313] DEBUG sql - [User=Admin A. (panvika.p@vistec.ac.th)] MySql Query: SELECT COUNT(*) as total FROM (SELECT s.*, l.timezone FROM schedules s INNER JOIN layouts l ON s.layout_id = l.layout_id ORDER BY s.name) results;
2019-04-25T17:12:26+07:00 [10313] DEBUG sql - [User=Admin A. (panvika.p@vistec.ac.th)] MySql Query: SELECT s.*, l.timezone FROM schedules s INNER JOIN layouts l ON s.layout_id = l.layout_id ORDER BY s.name LIMIT 10 OFFSET 0;
2019-04-25T17:12:26+07:00 [10313] DEBUG sql - [User=Admin A. (panvika.p@vistec.ac.th)] MySql Query: SELECT s.*, l.timezone FROM schedules s INNER JOIN layouts l ON s.layout_id = l.layout_id ORDER BY s.name;
2019-04-25T17:12:26+07:00 [10313] DEBUG sql - [User=Admin A. (panvika.p@vistec.ac.th)] MySql Query: SELECT r.*, s.admin_group_id as s_admin_group_id,
		(SELECT GROUP_CONCAT(CONCAT(cav.custom_attribute_id, '=', cav.attribute_value) SEPARATOR "!sep!")
						FROM custom_attribute_values cav WHERE cav.entity_id = r.resource_id AND cav.attribute_category = 4) as attribute_list,
		(SELECT GROUP_CONCAT(rga.resource_group_id SEPARATOR "!sep!") FROM resource_group_assignment rga WHERE rga.resource_id = r.resource_id) AS group_list
		FROM resources r
		INNER JOIN schedules s ON r.schedule_id = s.schedule_id
		ORDER BY COALESCE(r.sort_order,0), r.name;
2019-04-25T17:12:26+07:00 [10313] DEBUG sql - [User=Admin A. (panvika.p@vistec.ac.th)] MySql Query: SELECT
			tb.label,
			tb.end_label,
			tb.start_time,
			tb.end_time,
			tb.availability_code,
			tb.day_of_week,
			l.timezone
		FROM
			time_blocks tb,
			layouts l,
			schedules s
		WHERE
			l.layout_id = s.layout_id  AND
			tb.layout_id = l.layout_id AND
			s.schedule_id = '1'
		ORDER BY tb.start_time;
2019-04-25T17:12:26+07:00 [10313] DEBUG sql - [User=Admin A. (panvika.p@vistec.ac.th)] MySql Query: SELECT * FROM peak_times WHERE schedule_id = '1';
2019-04-25T17:12:26+07:00 [10313] DEBUG sql - [User=Admin A. (panvika.p@vistec.ac.th)] MySql Query: SELECT
			tb.label,
			tb.end_label,
			tb.start_time,
			tb.end_time,
			tb.availability_code,
			tb.day_of_week,
			l.timezone
		FROM
			time_blocks tb,
			layouts l,
			schedules s
		WHERE
			l.layout_id = s.layout_id  AND
			tb.layout_id = l.layout_id AND
			s.schedule_id = '9'
		ORDER BY tb.start_time;
2019-04-25T17:12:26+07:00 [10313] DEBUG sql - [User=Admin A. (panvika.p@vistec.ac.th)] MySql Query: SELECT * FROM peak_times WHERE schedule_id = '9';
2019-04-25T17:12:26+07:00 [10313] DEBUG sql - [User=Admin A. (panvika.p@vistec.ac.th)] MySql Query: SELECT
			tb.label,
			tb.end_label,
			tb.start_time,
			tb.end_time,
			tb.availability_code,
			tb.day_of_week,
			l.timezone
		FROM
			time_blocks tb,
			layouts l,
			schedules s
		WHERE
			l.layout_id = s.layout_id  AND
			tb.layout_id = l.layout_id AND
			s.schedule_id = '21'
		ORDER BY tb.start_time;
2019-04-25T17:12:26+07:00 [10313] DEBUG sql - [User=Admin A. (panvika.p@vistec.ac.th)] MySql Query: SELECT * FROM peak_times WHERE schedule_id = '21';
2019-04-25T17:12:26+07:00 [10313] DEBUG sql - [User=Admin A. (panvika.p@vistec.ac.th)] MySql Query: SELECT
			tb.label,
			tb.end_label,
			tb.start_time,
			tb.end_time,
			tb.availability_code,
			tb.day_of_week,
			l.timezone
		FROM
			time_blocks tb,
			layouts l,
			schedules s
		WHERE
			l.layout_id = s.layout_id  AND
			tb.layout_id = l.layout_id AND
			s.schedule_id = '20'
		ORDER BY tb.start_time;
2019-04-25T17:12:26+07:00 [10313] DEBUG sql - [User=Admin A. (panvika.p@vistec.ac.th)] MySql Query: SELECT * FROM peak_times WHERE schedule_id = '20';
2019-04-25T17:12:26+07:00 [10313] DEBUG sql - [User=Admin A. (panvika.p@vistec.ac.th)] MySql Query: SELECT
			tb.label,
			tb.end_label,
			tb.start_time,
			tb.end_time,
			tb.availability_code,
			tb.day_of_week,
			l.timezone
		FROM
			time_blocks tb,
			layouts l,
			schedules s
		WHERE
			l.layout_id = s.layout_id  AND
			tb.layout_id = l.layout_id AND
			s.schedule_id = '22'
		ORDER BY tb.start_time;
2019-04-25T17:12:26+07:00 [10313] DEBUG sql - [User=Admin A. (panvika.p@vistec.ac.th)] MySql Query: SELECT * FROM peak_times WHERE schedule_id = '22';
2019-04-25T17:12:26+07:00 [10313] DEBUG sql - [User=Admin A. (panvika.p@vistec.ac.th)] MySql Query: SELECT
			tb.label,
			tb.end_label,
			tb.start_time,
			tb.end_time,
			tb.availability_code,
			tb.day_of_week,
			l.timezone
		FROM
			time_blocks tb,
			layouts l,
			schedules s
		WHERE
			l.layout_id = s.layout_id  AND
			tb.layout_id = l.layout_id AND
			s.schedule_id = '16'
		ORDER BY tb.start_time;
2019-04-25T17:12:26+07:00 [10313] DEBUG sql - [User=Admin A. (panvika.p@vistec.ac.th)] MySql Query: SELECT * FROM peak_times WHERE schedule_id = '16';
2019-04-25T17:12:26+07:00 [10313] DEBUG sql - [User=Admin A. (panvika.p@vistec.ac.th)] MySql Query: SELECT
			tb.label,
			tb.end_label,
			tb.start_time,
			tb.end_time,
			tb.availability_code,
			tb.day_of_week,
			l.timezone
		FROM
			time_blocks tb,
			layouts l,
			schedules s
		WHERE
			l.layout_id = s.layout_id  AND
			tb.layout_id = l.layout_id AND
			s.schedule_id = '23'
		ORDER BY tb.start_time;
2019-04-25T17:12:26+07:00 [10313] DEBUG sql - [User=Admin A. (panvika.p@vistec.ac.th)] MySql Query: SELECT * FROM peak_times WHERE schedule_id = '23';
2019-04-25T17:12:26+07:00 [10313] DEBUG sql - [User=Admin A. (panvika.p@vistec.ac.th)] MySql Query: SELECT
			tb.label,
			tb.end_label,
			tb.start_time,
			tb.end_time,
			tb.availability_code,
			tb.day_of_week,
			l.timezone
		FROM
			time_blocks tb,
			layouts l,
			schedules s
		WHERE
			l.layout_id = s.layout_id  AND
			tb.layout_id = l.layout_id AND
			s.schedule_id = '12'
		ORDER BY tb.start_time;
2019-04-25T17:12:26+07:00 [10313] DEBUG sql - [User=Admin A. (panvika.p@vistec.ac.th)] MySql Query: SELECT * FROM peak_times WHERE schedule_id = '12';
2019-04-25T17:12:26+07:00 [10313] DEBUG sql - [User=Admin A. (panvika.p@vistec.ac.th)] MySql Query: SELECT
			tb.label,
			tb.end_label,
			tb.start_time,
			tb.end_time,
			tb.availability_code,
			tb.day_of_week,
			l.timezone
		FROM
			time_blocks tb,
			layouts l,
			schedules s
		WHERE
			l.layout_id = s.layout_id  AND
			tb.layout_id = l.layout_id AND
			s.schedule_id = '13'
		ORDER BY tb.start_time;
2019-04-25T17:12:26+07:00 [10313] DEBUG sql - [User=Admin A. (panvika.p@vistec.ac.th)] MySql Query: SELECT * FROM peak_times WHERE schedule_id = '13';
2019-04-25T17:12:26+07:00 [10313] DEBUG sql - [User=Admin A. (panvika.p@vistec.ac.th)] MySql Query: SELECT g.*
		FROM groups g
		INNER JOIN group_roles gr ON g.group_id = gr.group_id
		INNER JOIN roles r ON r.role_id = gr.role_id
		WHERE r.role_level = '4'
		ORDER BY g.name;
2019-04-25T17:16:58+07:00 [23803] DEBUG sql - [User=Admin A. (panvika.p@vistec.ac.th)] MySql Query: SELECT g.*, admin_group.name as admin_group_name
		FROM groups g
		LEFT JOIN groups admin_group ON g.admin_group_id = admin_group.group_id
		ORDER BY g.name;
2019-04-25T17:16:58+07:00 [23803] DEBUG sql - [User=Admin A. (panvika.p@vistec.ac.th)] MySql Query: SELECT s.*, l.timezone FROM schedules s INNER JOIN layouts l ON s.layout_id = l.layout_id ORDER BY s.name;
2019-04-25T17:16:58+07:00 [23803] DEBUG sql - [User=Admin A. (panvika.p@vistec.ac.th)] MySql Query: SELECT r.*, s.admin_group_id as s_admin_group_id,
		(SELECT GROUP_CONCAT(CONCAT(cav.custom_attribute_id, '=', cav.attribute_value) SEPARATOR "!sep!")
						FROM custom_attribute_values cav WHERE cav.entity_id = r.resource_id AND cav.attribute_category = 4) as attribute_list,
		(SELECT GROUP_CONCAT(rga.resource_group_id SEPARATOR "!sep!") FROM resource_group_assignment rga WHERE rga.resource_id = r.resource_id) AS group_list
		FROM resources r
		INNER JOIN schedules s ON r.schedule_id = s.schedule_id
		ORDER BY COALESCE(r.sort_order,0), r.name;
2019-04-25T17:16:58+07:00 [23803] DEBUG sql - [User=Admin A. (panvika.p@vistec.ac.th)] MySql Query: SELECT q.*, r.name as resource_name, g.name as group_name, s.name as schedule_name
		FROM quotas q
		LEFT JOIN resources r ON r.resource_id = q.resource_id
		LEFT JOIN groups g ON g.group_id = q.group_id
		LEFT JOIN schedules s ON s.schedule_id = q.schedule_id;
