2020-11-06T00:52:04+07:00 [16] DEBUG sql - [User=Tanut Choksatchawathi (tanut.cho@gmail.com)] MySql Query: SELECT a.*,
				(SELECT GROUP_CONCAT(e.entity_id SEPARATOR "!sep!")
							FROM custom_attribute_entities e WHERE e.custom_attribute_id = a.custom_attribute_id ORDER BY e.entity_id) as entity_ids,
				CASE
				WHEN a.attribute_category = 2 THEN (SELECT GROUP_CONCAT(CONCAT(u.fname, " ", u.lname) SEPARATOR "!sep!")
													FROM users u INNER JOIN custom_attribute_entities e
													WHERE e.custom_attribute_id = a.custom_attribute_id AND u.user_id = e.entity_id ORDER BY e.entity_id)
				WHEN a.attribute_category = 4 THEN (SELECT GROUP_CONCAT(r.name SEPARATOR "!sep!")
													FROM resources r INNER JOIN custom_attribute_entities e
													WHERE e.custom_attribute_id = a.custom_attribute_id AND r.resource_id = e.entity_id ORDER BY e.entity_id)
				WHEN a.attribute_category = 5  THEN (SELECT GROUP_CONCAT(rt.resource_type_name SEPARATOR "!sep!")
													FROM resource_types rt INNER JOIN custom_attribute_entities e
													WHERE e.custom_attribute_id = a.custom_attribute_id AND rt.resource_type_id = e.entity_id ORDER BY e.entity_id)
				ELSE null
				END as entity_descriptions,
				CASE
				WHEN a.secondary_category = 2 THEN (SELECT GROUP_CONCAT(CONCAT( fname, " ", lname ) SEPARATOR  "!sep!" ) FROM users WHERE FIND_IN_SET( user_id, a.secondary_entity_ids ))
				WHEN a.secondary_category = 4 THEN (SELECT GROUP_CONCAT(name SEPARATOR  "!sep!" ) FROM resources WHERE FIND_IN_SET( resource_id, a.secondary_entity_ids ))
				WHEN a.secondary_category = 5 THEN (SELECT GROUP_CONCAT(resource_type_name SEPARATOR  "!sep!" ) FROM resource_types WHERE FIND_IN_SET( resource_type_id, a.secondary_entity_ids ))
				ELSE null
				END as secondary_entity_descriptions
				FROM custom_attributes a WHERE a.attribute_category = '1' ORDER BY a.sort_order, a.display_label;
2020-11-06T01:13:18+07:00 [22] DEBUG sql - [User=Tanut Choksatchawathi (tanut.cho@gmail.com)] MySql Query: SELECT COUNT(*) as total FROM (SELECT a.*, 
			(SELECT GROUP_CONCAT(ag.group_id) FROM announcement_groups ag WHERE ag.announcementid = a.announcementid) as group_ids,
			(SELECT GROUP_CONCAT(ar.resource_id) FROM announcement_resources ar WHERE ar.announcementid = a.announcementid) as resource_ids
			FROM announcements a WHERE a.status_deleted != "1"  OR a.status_deleted IS NULL ORDER BY start_date DESC) results;
2020-11-06T01:13:19+07:00 [22] DEBUG sql - [User=Tanut Choksatchawathi (tanut.cho@gmail.com)] MySql Query: SELECT a.*, 
			(SELECT GROUP_CONCAT(ag.group_id) FROM announcement_groups ag WHERE ag.announcementid = a.announcementid) as group_ids,
			(SELECT GROUP_CONCAT(ar.resource_id) FROM announcement_resources ar WHERE ar.announcementid = a.announcementid) as resource_ids
			FROM announcements a WHERE a.status_deleted != "1"  OR a.status_deleted IS NULL ORDER BY start_date DESC LIMIT 20 OFFSET 0;
2020-11-06T01:13:19+07:00 [22] DEBUG sql - [User=Tanut Choksatchawathi (tanut.cho@gmail.com)] MySql Query: SELECT g.*, admin_group.name as admin_group_name
		FROM groups g
		LEFT JOIN groups admin_group ON g.admin_group_id = admin_group.group_id
		ORDER BY g.name;
2020-11-06T01:13:19+07:00 [22] DEBUG sql - [User=Tanut Choksatchawathi (tanut.cho@gmail.com)] MySql Query: SELECT r.*, s.admin_group_id as s_admin_group_id,
		(SELECT GROUP_CONCAT(CONCAT(cav.custom_attribute_id, '=', cav.attribute_value) SEPARATOR "!sep!")
						FROM custom_attribute_values cav WHERE cav.entity_id = r.resource_id AND cav.attribute_category = 4) as attribute_list,
		(SELECT GROUP_CONCAT(rga.resource_group_id SEPARATOR "!sep!") FROM resource_group_assignment rga WHERE rga.resource_id = r.resource_id) AS group_list
		FROM resources r
		INNER JOIN schedules s ON r.schedule_id = s.schedule_id
		ORDER BY COALESCE(r.sort_order,0), r.name;
2020-11-06T01:15:39+07:00 [17] DEBUG sql - [User=Tanut Choksatchawathi (tanut.cho@gmail.com)] MySql Query: SELECT COUNT(*) as total FROM (SELECT a.*, 
			(SELECT GROUP_CONCAT(ag.group_id) FROM announcement_groups ag WHERE ag.announcementid = a.announcementid) as group_ids,
			(SELECT GROUP_CONCAT(ar.resource_id) FROM announcement_resources ar WHERE ar.announcementid = a.announcementid) as resource_ids
			FROM announcements a WHERE a.status_deleted != "1"  OR a.status_deleted IS NULL ORDER BY start_date DESC) results;
2020-11-06T01:15:39+07:00 [17] DEBUG sql - [User=Tanut Choksatchawathi (tanut.cho@gmail.com)] MySql Query: SELECT a.*, 
			(SELECT GROUP_CONCAT(ag.group_id) FROM announcement_groups ag WHERE ag.announcementid = a.announcementid) as group_ids,
			(SELECT GROUP_CONCAT(ar.resource_id) FROM announcement_resources ar WHERE ar.announcementid = a.announcementid) as resource_ids
			FROM announcements a WHERE a.status_deleted != "1"  OR a.status_deleted IS NULL ORDER BY start_date DESC LIMIT 20 OFFSET 0;
2020-11-06T01:15:39+07:00 [17] DEBUG sql - [User=Tanut Choksatchawathi (tanut.cho@gmail.com)] MySql Query: SELECT g.*, admin_group.name as admin_group_name
		FROM groups g
		LEFT JOIN groups admin_group ON g.admin_group_id = admin_group.group_id
		ORDER BY g.name;
2020-11-06T01:15:39+07:00 [17] DEBUG sql - [User=Tanut Choksatchawathi (tanut.cho@gmail.com)] MySql Query: SELECT r.*, s.admin_group_id as s_admin_group_id,
		(SELECT GROUP_CONCAT(CONCAT(cav.custom_attribute_id, '=', cav.attribute_value) SEPARATOR "!sep!")
						FROM custom_attribute_values cav WHERE cav.entity_id = r.resource_id AND cav.attribute_category = 4) as attribute_list,
		(SELECT GROUP_CONCAT(rga.resource_group_id SEPARATOR "!sep!") FROM resource_group_assignment rga WHERE rga.resource_id = r.resource_id) AS group_list
		FROM resources r
		INNER JOIN schedules s ON r.schedule_id = s.schedule_id
		ORDER BY COALESCE(r.sort_order,0), r.name;
2020-11-06T01:16:43+07:00 [23] DEBUG sql - [User=Tanut Choksatchawathi (tanut.cho@gmail.com)] MySql Query: SELECT COUNT(*) as total FROM (SELECT a.*, 
			(SELECT GROUP_CONCAT(ag.group_id) FROM announcement_groups ag WHERE ag.announcementid = a.announcementid) as group_ids,
			(SELECT GROUP_CONCAT(ar.resource_id) FROM announcement_resources ar WHERE ar.announcementid = a.announcementid) as resource_ids
			FROM announcements a WHERE a.status_deleted != "1"  OR a.status_deleted IS NULL ORDER BY start_date DESC) results;
2020-11-06T01:16:43+07:00 [23] DEBUG sql - [User=Tanut Choksatchawathi (tanut.cho@gmail.com)] MySql Query: SELECT a.*, 
			(SELECT GROUP_CONCAT(ag.group_id) FROM announcement_groups ag WHERE ag.announcementid = a.announcementid) as group_ids,
			(SELECT GROUP_CONCAT(ar.resource_id) FROM announcement_resources ar WHERE ar.announcementid = a.announcementid) as resource_ids
			FROM announcements a WHERE a.status_deleted != "1"  OR a.status_deleted IS NULL ORDER BY start_date DESC LIMIT 20 OFFSET 0;
2020-11-06T01:16:43+07:00 [23] DEBUG sql - [User=Tanut Choksatchawathi (tanut.cho@gmail.com)] MySql Query: SELECT g.*, admin_group.name as admin_group_name
		FROM groups g
		LEFT JOIN groups admin_group ON g.admin_group_id = admin_group.group_id
		ORDER BY g.name;
2020-11-06T01:16:44+07:00 [23] DEBUG sql - [User=Tanut Choksatchawathi (tanut.cho@gmail.com)] MySql Query: SELECT r.*, s.admin_group_id as s_admin_group_id,
		(SELECT GROUP_CONCAT(CONCAT(cav.custom_attribute_id, '=', cav.attribute_value) SEPARATOR "!sep!")
						FROM custom_attribute_values cav WHERE cav.entity_id = r.resource_id AND cav.attribute_category = 4) as attribute_list,
		(SELECT GROUP_CONCAT(rga.resource_group_id SEPARATOR "!sep!") FROM resource_group_assignment rga WHERE rga.resource_id = r.resource_id) AS group_list
		FROM resources r
		INNER JOIN schedules s ON r.schedule_id = s.schedule_id
		ORDER BY COALESCE(r.sort_order,0), r.name;
2020-11-06T01:18:04+07:00 [19] DEBUG sql - [User=Tanut Choksatchawathi (tanut.cho@gmail.com)] MySql Query: SELECT COUNT(*) as total FROM (SELECT a.*, 
			(SELECT GROUP_CONCAT(ag.group_id) FROM announcement_groups ag WHERE ag.announcementid = a.announcementid) as group_ids,
			(SELECT GROUP_CONCAT(ar.resource_id) FROM announcement_resources ar WHERE ar.announcementid = a.announcementid) as resource_ids
			FROM announcements a WHERE a.status_deleted != "1"  OR a.status_deleted IS NULL ORDER BY start_date DESC) results;
2020-11-06T01:18:04+07:00 [19] DEBUG sql - [User=Tanut Choksatchawathi (tanut.cho@gmail.com)] MySql Query: SELECT a.*, 
			(SELECT GROUP_CONCAT(ag.group_id) FROM announcement_groups ag WHERE ag.announcementid = a.announcementid) as group_ids,
			(SELECT GROUP_CONCAT(ar.resource_id) FROM announcement_resources ar WHERE ar.announcementid = a.announcementid) as resource_ids
			FROM announcements a WHERE a.status_deleted != "1"  OR a.status_deleted IS NULL ORDER BY start_date DESC LIMIT 20 OFFSET 0;
2020-11-06T01:18:04+07:00 [19] DEBUG sql - [User=Tanut Choksatchawathi (tanut.cho@gmail.com)] MySql Query: SELECT g.*, admin_group.name as admin_group_name
		FROM groups g
		LEFT JOIN groups admin_group ON g.admin_group_id = admin_group.group_id
		ORDER BY g.name;
2020-11-06T01:18:05+07:00 [19] DEBUG sql - [User=Tanut Choksatchawathi (tanut.cho@gmail.com)] MySql Query: SELECT r.*, s.admin_group_id as s_admin_group_id,
		(SELECT GROUP_CONCAT(CONCAT(cav.custom_attribute_id, '=', cav.attribute_value) SEPARATOR "!sep!")
						FROM custom_attribute_values cav WHERE cav.entity_id = r.resource_id AND cav.attribute_category = 4) as attribute_list,
		(SELECT GROUP_CONCAT(rga.resource_group_id SEPARATOR "!sep!") FROM resource_group_assignment rga WHERE rga.resource_id = r.resource_id) AS group_list
		FROM resources r
		INNER JOIN schedules s ON r.schedule_id = s.schedule_id
		ORDER BY COALESCE(r.sort_order,0), r.name;
2020-11-06T01:19:12+07:00 [22] DEBUG sql - [User=Tanut Choksatchawathi (tanut.cho@gmail.com)] MySql Query: SELECT COUNT(*) as total FROM (SELECT a.*, 
			(SELECT GROUP_CONCAT(ag.group_id) FROM announcement_groups ag WHERE ag.announcementid = a.announcementid) as group_ids,
			(SELECT GROUP_CONCAT(ar.resource_id) FROM announcement_resources ar WHERE ar.announcementid = a.announcementid) as resource_ids
			FROM announcements a WHERE a.status_deleted != "1"  OR a.status_deleted IS NULL ORDER BY start_date DESC) results;
2020-11-06T01:19:13+07:00 [22] DEBUG sql - [User=Tanut Choksatchawathi (tanut.cho@gmail.com)] MySql Query: SELECT a.*, 
			(SELECT GROUP_CONCAT(ag.group_id) FROM announcement_groups ag WHERE ag.announcementid = a.announcementid) as group_ids,
			(SELECT GROUP_CONCAT(ar.resource_id) FROM announcement_resources ar WHERE ar.announcementid = a.announcementid) as resource_ids
			FROM announcements a WHERE a.status_deleted != "1"  OR a.status_deleted IS NULL ORDER BY start_date DESC LIMIT 20 OFFSET 0;
2020-11-06T01:19:13+07:00 [22] DEBUG sql - [User=Tanut Choksatchawathi (tanut.cho@gmail.com)] MySql Query: SELECT g.*, admin_group.name as admin_group_name
		FROM groups g
		LEFT JOIN groups admin_group ON g.admin_group_id = admin_group.group_id
		ORDER BY g.name;
2020-11-06T01:19:13+07:00 [22] DEBUG sql - [User=Tanut Choksatchawathi (tanut.cho@gmail.com)] MySql Query: SELECT r.*, s.admin_group_id as s_admin_group_id,
		(SELECT GROUP_CONCAT(CONCAT(cav.custom_attribute_id, '=', cav.attribute_value) SEPARATOR "!sep!")
						FROM custom_attribute_values cav WHERE cav.entity_id = r.resource_id AND cav.attribute_category = 4) as attribute_list,
		(SELECT GROUP_CONCAT(rga.resource_group_id SEPARATOR "!sep!") FROM resource_group_assignment rga WHERE rga.resource_id = r.resource_id) AS group_list
		FROM resources r
		INNER JOIN schedules s ON r.schedule_id = s.schedule_id
		ORDER BY COALESCE(r.sort_order,0), r.name;
2020-11-06T01:22:12+07:00 [17] DEBUG sql - [User=Tanut Choksatchawathi (tanut.cho@gmail.com)] MySql Query: SELECT COUNT(*) as total FROM (SELECT a.*, 
			(SELECT GROUP_CONCAT(ag.group_id) FROM announcement_groups ag WHERE ag.announcementid = a.announcementid) as group_ids,
			(SELECT GROUP_CONCAT(ar.resource_id) FROM announcement_resources ar WHERE ar.announcementid = a.announcementid) as resource_ids
			FROM announcements a WHERE a.status_deleted != "1"  OR a.status_deleted IS NULL ORDER BY start_date DESC) results;
2020-11-06T01:22:12+07:00 [17] DEBUG sql - [User=Tanut Choksatchawathi (tanut.cho@gmail.com)] MySql Query: SELECT a.*, 
			(SELECT GROUP_CONCAT(ag.group_id) FROM announcement_groups ag WHERE ag.announcementid = a.announcementid) as group_ids,
			(SELECT GROUP_CONCAT(ar.resource_id) FROM announcement_resources ar WHERE ar.announcementid = a.announcementid) as resource_ids
			FROM announcements a WHERE a.status_deleted != "1"  OR a.status_deleted IS NULL ORDER BY start_date DESC LIMIT 20 OFFSET 0;
2020-11-06T01:22:13+07:00 [17] DEBUG sql - [User=Tanut Choksatchawathi (tanut.cho@gmail.com)] MySql Query: SELECT g.*, admin_group.name as admin_group_name
		FROM groups g
		LEFT JOIN groups admin_group ON g.admin_group_id = admin_group.group_id
		ORDER BY g.name;
2020-11-06T01:22:13+07:00 [17] DEBUG sql - [User=Tanut Choksatchawathi (tanut.cho@gmail.com)] MySql Query: SELECT r.*, s.admin_group_id as s_admin_group_id,
		(SELECT GROUP_CONCAT(CONCAT(cav.custom_attribute_id, '=', cav.attribute_value) SEPARATOR "!sep!")
						FROM custom_attribute_values cav WHERE cav.entity_id = r.resource_id AND cav.attribute_category = 4) as attribute_list,
		(SELECT GROUP_CONCAT(rga.resource_group_id SEPARATOR "!sep!") FROM resource_group_assignment rga WHERE rga.resource_id = r.resource_id) AS group_list
		FROM resources r
		INNER JOIN schedules s ON r.schedule_id = s.schedule_id
		ORDER BY COALESCE(r.sort_order,0), r.name;
2020-11-06T01:22:55+07:00 [20] DEBUG sql - [User=Tanut Choksatchawathi (tanut.cho@gmail.com)] MySql Query: SELECT COUNT(*) as total FROM (SELECT a.*, 
			(SELECT GROUP_CONCAT(ag.group_id) FROM announcement_groups ag WHERE ag.announcementid = a.announcementid) as group_ids,
			(SELECT GROUP_CONCAT(ar.resource_id) FROM announcement_resources ar WHERE ar.announcementid = a.announcementid) as resource_ids
			FROM announcements a WHERE a.status_deleted != "1"  OR a.status_deleted IS NULL ORDER BY start_date DESC) results;
2020-11-06T01:22:55+07:00 [20] DEBUG sql - [User=Tanut Choksatchawathi (tanut.cho@gmail.com)] MySql Query: SELECT a.*, 
			(SELECT GROUP_CONCAT(ag.group_id) FROM announcement_groups ag WHERE ag.announcementid = a.announcementid) as group_ids,
			(SELECT GROUP_CONCAT(ar.resource_id) FROM announcement_resources ar WHERE ar.announcementid = a.announcementid) as resource_ids
			FROM announcements a WHERE a.status_deleted != "1"  OR a.status_deleted IS NULL ORDER BY start_date DESC LIMIT 20 OFFSET 0;
2020-11-06T01:22:55+07:00 [20] DEBUG sql - [User=Tanut Choksatchawathi (tanut.cho@gmail.com)] MySql Query: SELECT g.*, admin_group.name as admin_group_name
		FROM groups g
		LEFT JOIN groups admin_group ON g.admin_group_id = admin_group.group_id
		ORDER BY g.name;
2020-11-06T01:22:56+07:00 [20] DEBUG sql - [User=Tanut Choksatchawathi (tanut.cho@gmail.com)] MySql Query: SELECT r.*, s.admin_group_id as s_admin_group_id,
		(SELECT GROUP_CONCAT(CONCAT(cav.custom_attribute_id, '=', cav.attribute_value) SEPARATOR "!sep!")
						FROM custom_attribute_values cav WHERE cav.entity_id = r.resource_id AND cav.attribute_category = 4) as attribute_list,
		(SELECT GROUP_CONCAT(rga.resource_group_id SEPARATOR "!sep!") FROM resource_group_assignment rga WHERE rga.resource_id = r.resource_id) AS group_list
		FROM resources r
		INNER JOIN schedules s ON r.schedule_id = s.schedule_id
		ORDER BY COALESCE(r.sort_order,0), r.name;
2020-11-06T01:23:49+07:00 [21] DEBUG sql - [User=Tanut Choksatchawathi (tanut.cho@gmail.com)] MySql Query: SELECT COUNT(*) as total FROM (SELECT a.*, 
			(SELECT GROUP_CONCAT(ag.group_id) FROM announcement_groups ag WHERE ag.announcementid = a.announcementid) as group_ids,
			(SELECT GROUP_CONCAT(ar.resource_id) FROM announcement_resources ar WHERE ar.announcementid = a.announcementid) as resource_ids
			FROM announcements a WHERE a.status_deleted != "1"  OR a.status_deleted IS NULL ORDER BY start_date DESC) results;
2020-11-06T01:23:49+07:00 [21] DEBUG sql - [User=Tanut Choksatchawathi (tanut.cho@gmail.com)] MySql Query: SELECT a.*, 
			(SELECT GROUP_CONCAT(ag.group_id) FROM announcement_groups ag WHERE ag.announcementid = a.announcementid) as group_ids,
			(SELECT GROUP_CONCAT(ar.resource_id) FROM announcement_resources ar WHERE ar.announcementid = a.announcementid) as resource_ids
			FROM announcements a WHERE a.status_deleted != "1"  OR a.status_deleted IS NULL ORDER BY start_date DESC LIMIT 20 OFFSET 0;
2020-11-06T01:23:49+07:00 [21] DEBUG sql - [User=Tanut Choksatchawathi (tanut.cho@gmail.com)] MySql Query: SELECT g.*, admin_group.name as admin_group_name
		FROM groups g
		LEFT JOIN groups admin_group ON g.admin_group_id = admin_group.group_id
		ORDER BY g.name;
2020-11-06T01:23:49+07:00 [21] DEBUG sql - [User=Tanut Choksatchawathi (tanut.cho@gmail.com)] MySql Query: SELECT r.*, s.admin_group_id as s_admin_group_id,
		(SELECT GROUP_CONCAT(CONCAT(cav.custom_attribute_id, '=', cav.attribute_value) SEPARATOR "!sep!")
						FROM custom_attribute_values cav WHERE cav.entity_id = r.resource_id AND cav.attribute_category = 4) as attribute_list,
		(SELECT GROUP_CONCAT(rga.resource_group_id SEPARATOR "!sep!") FROM resource_group_assignment rga WHERE rga.resource_id = r.resource_id) AS group_list
		FROM resources r
		INNER JOIN schedules s ON r.schedule_id = s.schedule_id
		ORDER BY COALESCE(r.sort_order,0), r.name;
2020-11-06T01:35:30+07:00 [16] DEBUG sql - [User=Tanut Choksatchawathi (tanut.cho@gmail.com)] MySql Query: SELECT COUNT(*) as total FROM (SELECT a.*, 
			(SELECT GROUP_CONCAT(ag.group_id) FROM announcement_groups ag WHERE ag.announcementid = a.announcementid) as group_ids,
			(SELECT GROUP_CONCAT(ar.resource_id) FROM announcement_resources ar WHERE ar.announcementid = a.announcementid) as resource_ids
			FROM announcements a WHERE a.status_deleted != "1"  OR a.status_deleted IS NULL ORDER BY start_date DESC) results;
2020-11-06T01:35:30+07:00 [16] DEBUG sql - [User=Tanut Choksatchawathi (tanut.cho@gmail.com)] MySql Query: SELECT a.*, 
			(SELECT GROUP_CONCAT(ag.group_id) FROM announcement_groups ag WHERE ag.announcementid = a.announcementid) as group_ids,
			(SELECT GROUP_CONCAT(ar.resource_id) FROM announcement_resources ar WHERE ar.announcementid = a.announcementid) as resource_ids
			FROM announcements a WHERE a.status_deleted != "1"  OR a.status_deleted IS NULL ORDER BY start_date DESC LIMIT 20 OFFSET 0;
2020-11-06T01:35:30+07:00 [16] DEBUG sql - [User=Tanut Choksatchawathi (tanut.cho@gmail.com)] MySql Query: SELECT g.*, admin_group.name as admin_group_name
		FROM groups g
		LEFT JOIN groups admin_group ON g.admin_group_id = admin_group.group_id
		ORDER BY g.name;
2020-11-06T01:35:31+07:00 [16] DEBUG sql - [User=Tanut Choksatchawathi (tanut.cho@gmail.com)] MySql Query: SELECT r.*, s.admin_group_id as s_admin_group_id,
		(SELECT GROUP_CONCAT(CONCAT(cav.custom_attribute_id, '=', cav.attribute_value) SEPARATOR "!sep!")
						FROM custom_attribute_values cav WHERE cav.entity_id = r.resource_id AND cav.attribute_category = 4) as attribute_list,
		(SELECT GROUP_CONCAT(rga.resource_group_id SEPARATOR "!sep!") FROM resource_group_assignment rga WHERE rga.resource_id = r.resource_id) AS group_list
		FROM resources r
		INNER JOIN schedules s ON r.schedule_id = s.schedule_id
		ORDER BY COALESCE(r.sort_order,0), r.name;
2020-11-06T01:37:56+07:00 [18] DEBUG sql - [User=Tanut Choksatchawathi (tanut.cho@gmail.com)] MySql Query: SELECT COUNT(*) as total FROM (SELECT a.*, 
			(SELECT GROUP_CONCAT(ag.group_id) FROM announcement_groups ag WHERE ag.announcementid = a.announcementid) as group_ids,
			(SELECT GROUP_CONCAT(ar.resource_id) FROM announcement_resources ar WHERE ar.announcementid = a.announcementid) as resource_ids
			FROM announcements a WHERE a.status_deleted != "1"  OR a.status_deleted IS NULL ORDER BY start_date DESC) results;
2020-11-06T01:37:56+07:00 [18] DEBUG sql - [User=Tanut Choksatchawathi (tanut.cho@gmail.com)] MySql Query: SELECT a.*, 
			(SELECT GROUP_CONCAT(ag.group_id) FROM announcement_groups ag WHERE ag.announcementid = a.announcementid) as group_ids,
			(SELECT GROUP_CONCAT(ar.resource_id) FROM announcement_resources ar WHERE ar.announcementid = a.announcementid) as resource_ids
			FROM announcements a WHERE a.status_deleted != "1"  OR a.status_deleted IS NULL ORDER BY start_date DESC LIMIT 20 OFFSET 0;
2020-11-06T01:37:56+07:00 [18] DEBUG sql - [User=Tanut Choksatchawathi (tanut.cho@gmail.com)] MySql Query: SELECT g.*, admin_group.name as admin_group_name
		FROM groups g
		LEFT JOIN groups admin_group ON g.admin_group_id = admin_group.group_id
		ORDER BY g.name;
2020-11-06T01:37:57+07:00 [18] DEBUG sql - [User=Tanut Choksatchawathi (tanut.cho@gmail.com)] MySql Query: SELECT r.*, s.admin_group_id as s_admin_group_id,
		(SELECT GROUP_CONCAT(CONCAT(cav.custom_attribute_id, '=', cav.attribute_value) SEPARATOR "!sep!")
						FROM custom_attribute_values cav WHERE cav.entity_id = r.resource_id AND cav.attribute_category = 4) as attribute_list,
		(SELECT GROUP_CONCAT(rga.resource_group_id SEPARATOR "!sep!") FROM resource_group_assignment rga WHERE rga.resource_id = r.resource_id) AS group_list
		FROM resources r
		INNER JOIN schedules s ON r.schedule_id = s.schedule_id
		ORDER BY COALESCE(r.sort_order,0), r.name;
2020-11-06T01:41:52+07:00 [20] DEBUG sql - [User=Tanut Choksatchawathi (tanut.cho@gmail.com)] MySql Query: SELECT COUNT(*) as total FROM (SELECT a.*, 
			(SELECT GROUP_CONCAT(ag.group_id) FROM announcement_groups ag WHERE ag.announcementid = a.announcementid) as group_ids,
			(SELECT GROUP_CONCAT(ar.resource_id) FROM announcement_resources ar WHERE ar.announcementid = a.announcementid) as resource_ids
			FROM announcements a WHERE a.status_deleted != "1"  OR a.status_deleted IS NULL ORDER BY start_date DESC) results;
2020-11-06T01:41:52+07:00 [20] DEBUG sql - [User=Tanut Choksatchawathi (tanut.cho@gmail.com)] MySql Query: SELECT a.*, 
			(SELECT GROUP_CONCAT(ag.group_id) FROM announcement_groups ag WHERE ag.announcementid = a.announcementid) as group_ids,
			(SELECT GROUP_CONCAT(ar.resource_id) FROM announcement_resources ar WHERE ar.announcementid = a.announcementid) as resource_ids
			FROM announcements a WHERE a.status_deleted != "1"  OR a.status_deleted IS NULL ORDER BY start_date DESC LIMIT 20 OFFSET 0;
2020-11-06T01:41:52+07:00 [20] DEBUG sql - [User=Tanut Choksatchawathi (tanut.cho@gmail.com)] MySql Query: SELECT g.*, admin_group.name as admin_group_name
		FROM groups g
		LEFT JOIN groups admin_group ON g.admin_group_id = admin_group.group_id
		ORDER BY g.name;
2020-11-06T01:41:52+07:00 [20] DEBUG sql - [User=Tanut Choksatchawathi (tanut.cho@gmail.com)] MySql Query: SELECT r.*, s.admin_group_id as s_admin_group_id,
		(SELECT GROUP_CONCAT(CONCAT(cav.custom_attribute_id, '=', cav.attribute_value) SEPARATOR "!sep!")
						FROM custom_attribute_values cav WHERE cav.entity_id = r.resource_id AND cav.attribute_category = 4) as attribute_list,
		(SELECT GROUP_CONCAT(rga.resource_group_id SEPARATOR "!sep!") FROM resource_group_assignment rga WHERE rga.resource_id = r.resource_id) AS group_list
		FROM resources r
		INNER JOIN schedules s ON r.schedule_id = s.schedule_id
		ORDER BY COALESCE(r.sort_order,0), r.name;
2020-11-06T01:42:04+07:00 [21] DEBUG sql - [User=Tanut Choksatchawathi (tanut.cho@gmail.com)] MySql Query: SELECT COUNT(*) as total FROM (SELECT a.*, 
			(SELECT GROUP_CONCAT(ag.group_id) FROM announcement_groups ag WHERE ag.announcementid = a.announcementid) as group_ids,
			(SELECT GROUP_CONCAT(ar.resource_id) FROM announcement_resources ar WHERE ar.announcementid = a.announcementid) as resource_ids
			FROM announcements a WHERE a.status_deleted != "1"  OR a.status_deleted IS NULL ORDER BY start_date DESC) results;
2020-11-06T01:42:04+07:00 [21] DEBUG sql - [User=Tanut Choksatchawathi (tanut.cho@gmail.com)] MySql Query: SELECT a.*, 
			(SELECT GROUP_CONCAT(ag.group_id) FROM announcement_groups ag WHERE ag.announcementid = a.announcementid) as group_ids,
			(SELECT GROUP_CONCAT(ar.resource_id) FROM announcement_resources ar WHERE ar.announcementid = a.announcementid) as resource_ids
			FROM announcements a WHERE a.status_deleted != "1"  OR a.status_deleted IS NULL ORDER BY start_date DESC LIMIT 20 OFFSET 0;
2020-11-06T01:42:05+07:00 [21] DEBUG sql - [User=Tanut Choksatchawathi (tanut.cho@gmail.com)] MySql Query: SELECT g.*, admin_group.name as admin_group_name
		FROM groups g
		LEFT JOIN groups admin_group ON g.admin_group_id = admin_group.group_id
		ORDER BY g.name;
2020-11-06T01:42:05+07:00 [21] DEBUG sql - [User=Tanut Choksatchawathi (tanut.cho@gmail.com)] MySql Query: SELECT r.*, s.admin_group_id as s_admin_group_id,
		(SELECT GROUP_CONCAT(CONCAT(cav.custom_attribute_id, '=', cav.attribute_value) SEPARATOR "!sep!")
						FROM custom_attribute_values cav WHERE cav.entity_id = r.resource_id AND cav.attribute_category = 4) as attribute_list,
		(SELECT GROUP_CONCAT(rga.resource_group_id SEPARATOR "!sep!") FROM resource_group_assignment rga WHERE rga.resource_id = r.resource_id) AS group_list
		FROM resources r
		INNER JOIN schedules s ON r.schedule_id = s.schedule_id
		ORDER BY COALESCE(r.sort_order,0), r.name;
2020-11-06T01:44:48+07:00 [22] DEBUG sql - [User=Tanut Choksatchawathi (tanut.cho@gmail.com)] MySql Query: SELECT COUNT(*) as total FROM (SELECT a.*, 
			(SELECT GROUP_CONCAT(ag.group_id) FROM announcement_groups ag WHERE ag.announcementid = a.announcementid) as group_ids,
			(SELECT GROUP_CONCAT(ar.resource_id) FROM announcement_resources ar WHERE ar.announcementid = a.announcementid) as resource_ids
			FROM announcements a WHERE a.status_deleted != "1"  OR a.status_deleted IS NULL ORDER BY start_date DESC) results;
2020-11-06T01:44:49+07:00 [22] DEBUG sql - [User=Tanut Choksatchawathi (tanut.cho@gmail.com)] MySql Query: SELECT a.*, 
			(SELECT GROUP_CONCAT(ag.group_id) FROM announcement_groups ag WHERE ag.announcementid = a.announcementid) as group_ids,
			(SELECT GROUP_CONCAT(ar.resource_id) FROM announcement_resources ar WHERE ar.announcementid = a.announcementid) as resource_ids
			FROM announcements a WHERE a.status_deleted != "1"  OR a.status_deleted IS NULL ORDER BY start_date DESC LIMIT 20 OFFSET 0;
2020-11-06T01:44:49+07:00 [22] DEBUG sql - [User=Tanut Choksatchawathi (tanut.cho@gmail.com)] MySql Query: SELECT g.*, admin_group.name as admin_group_name
		FROM groups g
		LEFT JOIN groups admin_group ON g.admin_group_id = admin_group.group_id
		ORDER BY g.name;
2020-11-06T01:44:49+07:00 [22] DEBUG sql - [User=Tanut Choksatchawathi (tanut.cho@gmail.com)] MySql Query: SELECT r.*, s.admin_group_id as s_admin_group_id,
		(SELECT GROUP_CONCAT(CONCAT(cav.custom_attribute_id, '=', cav.attribute_value) SEPARATOR "!sep!")
						FROM custom_attribute_values cav WHERE cav.entity_id = r.resource_id AND cav.attribute_category = 4) as attribute_list,
		(SELECT GROUP_CONCAT(rga.resource_group_id SEPARATOR "!sep!") FROM resource_group_assignment rga WHERE rga.resource_id = r.resource_id) AS group_list
		FROM resources r
		INNER JOIN schedules s ON r.schedule_id = s.schedule_id
		ORDER BY COALESCE(r.sort_order,0), r.name;
2020-11-06T01:45:54+07:00 [17] DEBUG sql - [User=Tanut Choksatchawathi (tanut.cho@gmail.com)] MySql Query: SELECT COUNT(*) as total FROM (SELECT a.*, 
			(SELECT GROUP_CONCAT(ag.group_id) FROM announcement_groups ag WHERE ag.announcementid = a.announcementid) as group_ids,
			(SELECT GROUP_CONCAT(ar.resource_id) FROM announcement_resources ar WHERE ar.announcementid = a.announcementid) as resource_ids
			FROM announcements a WHERE a.status_deleted != "1"  OR a.status_deleted IS NULL ORDER BY start_date DESC) results;
2020-11-06T01:45:54+07:00 [17] DEBUG sql - [User=Tanut Choksatchawathi (tanut.cho@gmail.com)] MySql Query: SELECT a.*, 
			(SELECT GROUP_CONCAT(ag.group_id) FROM announcement_groups ag WHERE ag.announcementid = a.announcementid) as group_ids,
			(SELECT GROUP_CONCAT(ar.resource_id) FROM announcement_resources ar WHERE ar.announcementid = a.announcementid) as resource_ids
			FROM announcements a WHERE a.status_deleted != "1"  OR a.status_deleted IS NULL ORDER BY start_date DESC LIMIT 20 OFFSET 0;
2020-11-06T01:45:54+07:00 [17] DEBUG sql - [User=Tanut Choksatchawathi (tanut.cho@gmail.com)] MySql Query: SELECT g.*, admin_group.name as admin_group_name
		FROM groups g
		LEFT JOIN groups admin_group ON g.admin_group_id = admin_group.group_id
		ORDER BY g.name;
2020-11-06T01:45:54+07:00 [17] DEBUG sql - [User=Tanut Choksatchawathi (tanut.cho@gmail.com)] MySql Query: SELECT r.*, s.admin_group_id as s_admin_group_id,
		(SELECT GROUP_CONCAT(CONCAT(cav.custom_attribute_id, '=', cav.attribute_value) SEPARATOR "!sep!")
						FROM custom_attribute_values cav WHERE cav.entity_id = r.resource_id AND cav.attribute_category = 4) as attribute_list,
		(SELECT GROUP_CONCAT(rga.resource_group_id SEPARATOR "!sep!") FROM resource_group_assignment rga WHERE rga.resource_id = r.resource_id) AS group_list
		FROM resources r
		INNER JOIN schedules s ON r.schedule_id = s.schedule_id
		ORDER BY COALESCE(r.sort_order,0), r.name;
2020-11-06T01:46:33+07:00 [23] DEBUG sql - [User=Tanut Choksatchawathi (tanut.cho@gmail.com)] MySql Query: SELECT COUNT(*) as total FROM (SELECT a.*, 
			(SELECT GROUP_CONCAT(ag.group_id) FROM announcement_groups ag WHERE ag.announcementid = a.announcementid) as group_ids,
			(SELECT GROUP_CONCAT(ar.resource_id) FROM announcement_resources ar WHERE ar.announcementid = a.announcementid) as resource_ids
			FROM announcements a WHERE a.status_deleted != "1"  OR a.status_deleted IS NULL ORDER BY start_date DESC) results;
2020-11-06T01:46:34+07:00 [23] DEBUG sql - [User=Tanut Choksatchawathi (tanut.cho@gmail.com)] MySql Query: SELECT a.*, 
			(SELECT GROUP_CONCAT(ag.group_id) FROM announcement_groups ag WHERE ag.announcementid = a.announcementid) as group_ids,
			(SELECT GROUP_CONCAT(ar.resource_id) FROM announcement_resources ar WHERE ar.announcementid = a.announcementid) as resource_ids
			FROM announcements a WHERE a.status_deleted != "1"  OR a.status_deleted IS NULL ORDER BY start_date DESC LIMIT 20 OFFSET 0;
2020-11-06T01:46:34+07:00 [23] DEBUG sql - [User=Tanut Choksatchawathi (tanut.cho@gmail.com)] MySql Query: SELECT g.*, admin_group.name as admin_group_name
		FROM groups g
		LEFT JOIN groups admin_group ON g.admin_group_id = admin_group.group_id
		ORDER BY g.name;
2020-11-06T01:46:34+07:00 [23] DEBUG sql - [User=Tanut Choksatchawathi (tanut.cho@gmail.com)] MySql Query: SELECT r.*, s.admin_group_id as s_admin_group_id,
		(SELECT GROUP_CONCAT(CONCAT(cav.custom_attribute_id, '=', cav.attribute_value) SEPARATOR "!sep!")
						FROM custom_attribute_values cav WHERE cav.entity_id = r.resource_id AND cav.attribute_category = 4) as attribute_list,
		(SELECT GROUP_CONCAT(rga.resource_group_id SEPARATOR "!sep!") FROM resource_group_assignment rga WHERE rga.resource_id = r.resource_id) AS group_list
		FROM resources r
		INNER JOIN schedules s ON r.schedule_id = s.schedule_id
		ORDER BY COALESCE(r.sort_order,0), r.name;
2020-11-06T01:46:44+07:00 [19] DEBUG sql - [User=Tanut Choksatchawathi (tanut.cho@gmail.com)] MySql Query: SELECT COUNT(*) as total FROM (SELECT a.*, 
			(SELECT GROUP_CONCAT(ag.group_id) FROM announcement_groups ag WHERE ag.announcementid = a.announcementid) as group_ids,
			(SELECT GROUP_CONCAT(ar.resource_id) FROM announcement_resources ar WHERE ar.announcementid = a.announcementid) as resource_ids
			FROM announcements a WHERE a.status_deleted != "1"  OR a.status_deleted IS NULL ORDER BY start_date DESC) results;
2020-11-06T01:46:45+07:00 [19] DEBUG sql - [User=Tanut Choksatchawathi (tanut.cho@gmail.com)] MySql Query: SELECT a.*, 
			(SELECT GROUP_CONCAT(ag.group_id) FROM announcement_groups ag WHERE ag.announcementid = a.announcementid) as group_ids,
			(SELECT GROUP_CONCAT(ar.resource_id) FROM announcement_resources ar WHERE ar.announcementid = a.announcementid) as resource_ids
			FROM announcements a WHERE a.status_deleted != "1"  OR a.status_deleted IS NULL ORDER BY start_date DESC LIMIT 20 OFFSET 0;
2020-11-06T01:46:45+07:00 [19] DEBUG sql - [User=Tanut Choksatchawathi (tanut.cho@gmail.com)] MySql Query: SELECT g.*, admin_group.name as admin_group_name
		FROM groups g
		LEFT JOIN groups admin_group ON g.admin_group_id = admin_group.group_id
		ORDER BY g.name;
2020-11-06T01:46:45+07:00 [19] DEBUG sql - [User=Tanut Choksatchawathi (tanut.cho@gmail.com)] MySql Query: SELECT r.*, s.admin_group_id as s_admin_group_id,
		(SELECT GROUP_CONCAT(CONCAT(cav.custom_attribute_id, '=', cav.attribute_value) SEPARATOR "!sep!")
						FROM custom_attribute_values cav WHERE cav.entity_id = r.resource_id AND cav.attribute_category = 4) as attribute_list,
		(SELECT GROUP_CONCAT(rga.resource_group_id SEPARATOR "!sep!") FROM resource_group_assignment rga WHERE rga.resource_id = r.resource_id) AS group_list
		FROM resources r
		INNER JOIN schedules s ON r.schedule_id = s.schedule_id
		ORDER BY COALESCE(r.sort_order,0), r.name;
2020-11-06T01:47:14+07:00 [22] DEBUG sql - [User=Tanut Choksatchawathi (tanut.cho@gmail.com)] MySql Query: SELECT COUNT(*) as total FROM (SELECT a.*, 
			(SELECT GROUP_CONCAT(ag.group_id) FROM announcement_groups ag WHERE ag.announcementid = a.announcementid) as group_ids,
			(SELECT GROUP_CONCAT(ar.resource_id) FROM announcement_resources ar WHERE ar.announcementid = a.announcementid) as resource_ids
			FROM announcements a WHERE a.status_deleted != "1"  OR a.status_deleted IS NULL ORDER BY start_date DESC) results;
2020-11-06T01:47:14+07:00 [22] DEBUG sql - [User=Tanut Choksatchawathi (tanut.cho@gmail.com)] MySql Query: SELECT a.*, 
			(SELECT GROUP_CONCAT(ag.group_id) FROM announcement_groups ag WHERE ag.announcementid = a.announcementid) as group_ids,
			(SELECT GROUP_CONCAT(ar.resource_id) FROM announcement_resources ar WHERE ar.announcementid = a.announcementid) as resource_ids
			FROM announcements a WHERE a.status_deleted != "1"  OR a.status_deleted IS NULL ORDER BY start_date DESC LIMIT 20 OFFSET 0;
2020-11-06T01:47:15+07:00 [22] DEBUG sql - [User=Tanut Choksatchawathi (tanut.cho@gmail.com)] MySql Query: SELECT g.*, admin_group.name as admin_group_name
		FROM groups g
		LEFT JOIN groups admin_group ON g.admin_group_id = admin_group.group_id
		ORDER BY g.name;
2020-11-06T01:47:15+07:00 [22] DEBUG sql - [User=Tanut Choksatchawathi (tanut.cho@gmail.com)] MySql Query: SELECT r.*, s.admin_group_id as s_admin_group_id,
		(SELECT GROUP_CONCAT(CONCAT(cav.custom_attribute_id, '=', cav.attribute_value) SEPARATOR "!sep!")
						FROM custom_attribute_values cav WHERE cav.entity_id = r.resource_id AND cav.attribute_category = 4) as attribute_list,
		(SELECT GROUP_CONCAT(rga.resource_group_id SEPARATOR "!sep!") FROM resource_group_assignment rga WHERE rga.resource_id = r.resource_id) AS group_list
		FROM resources r
		INNER JOIN schedules s ON r.schedule_id = s.schedule_id
		ORDER BY COALESCE(r.sort_order,0), r.name;
2020-11-06T01:50:08+07:00 [23] DEBUG sql - [User=Tanut Choksatchawathi (tanut.cho@gmail.com)] MySql Query: SELECT COUNT(*) as total FROM (SELECT a.*, 
			(SELECT GROUP_CONCAT(ag.group_id) FROM announcement_groups ag WHERE ag.announcementid = a.announcementid) as group_ids,
			(SELECT GROUP_CONCAT(ar.resource_id) FROM announcement_resources ar WHERE ar.announcementid = a.announcementid) as resource_ids
			FROM announcements a WHERE a.status_deleted != "1"  OR a.status_deleted IS NULL ORDER BY start_date DESC) results;
2020-11-06T01:50:08+07:00 [23] DEBUG sql - [User=Tanut Choksatchawathi (tanut.cho@gmail.com)] MySql Query: SELECT a.*, 
			(SELECT GROUP_CONCAT(ag.group_id) FROM announcement_groups ag WHERE ag.announcementid = a.announcementid) as group_ids,
			(SELECT GROUP_CONCAT(ar.resource_id) FROM announcement_resources ar WHERE ar.announcementid = a.announcementid) as resource_ids
			FROM announcements a WHERE a.status_deleted != "1"  OR a.status_deleted IS NULL ORDER BY start_date DESC LIMIT 20 OFFSET 0;
2020-11-06T01:50:09+07:00 [23] DEBUG sql - [User=Tanut Choksatchawathi (tanut.cho@gmail.com)] MySql Query: SELECT g.*, admin_group.name as admin_group_name
		FROM groups g
		LEFT JOIN groups admin_group ON g.admin_group_id = admin_group.group_id
		ORDER BY g.name;
2020-11-06T01:50:09+07:00 [23] DEBUG sql - [User=Tanut Choksatchawathi (tanut.cho@gmail.com)] MySql Query: SELECT r.*, s.admin_group_id as s_admin_group_id,
		(SELECT GROUP_CONCAT(CONCAT(cav.custom_attribute_id, '=', cav.attribute_value) SEPARATOR "!sep!")
						FROM custom_attribute_values cav WHERE cav.entity_id = r.resource_id AND cav.attribute_category = 4) as attribute_list,
		(SELECT GROUP_CONCAT(rga.resource_group_id SEPARATOR "!sep!") FROM resource_group_assignment rga WHERE rga.resource_id = r.resource_id) AS group_list
		FROM resources r
		INNER JOIN schedules s ON r.schedule_id = s.schedule_id
		ORDER BY COALESCE(r.sort_order,0), r.name;
2020-11-06T01:51:38+07:00 [21] DEBUG sql - [User=Tanut Choksatchawathi (tanut.cho@gmail.com)] MySql Query: SELECT COUNT(*) as total FROM (SELECT a.*, 
			(SELECT GROUP_CONCAT(ag.group_id) FROM announcement_groups ag WHERE ag.announcementid = a.announcementid) as group_ids,
			(SELECT GROUP_CONCAT(ar.resource_id) FROM announcement_resources ar WHERE ar.announcementid = a.announcementid) as resource_ids
			FROM announcements a WHERE a.status_deleted != "1"  OR a.status_deleted IS NULL ORDER BY start_date DESC) results;
2020-11-06T01:51:38+07:00 [21] DEBUG sql - [User=Tanut Choksatchawathi (tanut.cho@gmail.com)] MySql Query: SELECT a.*, 
			(SELECT GROUP_CONCAT(ag.group_id) FROM announcement_groups ag WHERE ag.announcementid = a.announcementid) as group_ids,
			(SELECT GROUP_CONCAT(ar.resource_id) FROM announcement_resources ar WHERE ar.announcementid = a.announcementid) as resource_ids
			FROM announcements a WHERE a.status_deleted != "1"  OR a.status_deleted IS NULL ORDER BY start_date DESC LIMIT 20 OFFSET 0;
2020-11-06T01:51:38+07:00 [21] DEBUG sql - [User=Tanut Choksatchawathi (tanut.cho@gmail.com)] MySql Query: SELECT g.*, admin_group.name as admin_group_name
		FROM groups g
		LEFT JOIN groups admin_group ON g.admin_group_id = admin_group.group_id
		ORDER BY g.name;
2020-11-06T01:51:39+07:00 [21] DEBUG sql - [User=Tanut Choksatchawathi (tanut.cho@gmail.com)] MySql Query: SELECT r.*, s.admin_group_id as s_admin_group_id,
		(SELECT GROUP_CONCAT(CONCAT(cav.custom_attribute_id, '=', cav.attribute_value) SEPARATOR "!sep!")
						FROM custom_attribute_values cav WHERE cav.entity_id = r.resource_id AND cav.attribute_category = 4) as attribute_list,
		(SELECT GROUP_CONCAT(rga.resource_group_id SEPARATOR "!sep!") FROM resource_group_assignment rga WHERE rga.resource_id = r.resource_id) AS group_list
		FROM resources r
		INNER JOIN schedules s ON r.schedule_id = s.schedule_id
		ORDER BY COALESCE(r.sort_order,0), r.name;
2020-11-06T01:52:25+07:00 [22] DEBUG sql - [User=Tanut Choksatchawathi (tanut.cho@gmail.com)] MySql Query: SELECT COUNT(*) as total FROM (SELECT a.*, 
			(SELECT GROUP_CONCAT(ag.group_id) FROM announcement_groups ag WHERE ag.announcementid = a.announcementid) as group_ids,
			(SELECT GROUP_CONCAT(ar.resource_id) FROM announcement_resources ar WHERE ar.announcementid = a.announcementid) as resource_ids
			FROM announcements a WHERE a.status_deleted != "1"  OR a.status_deleted IS NULL ORDER BY start_date DESC) results;
2020-11-06T01:52:26+07:00 [22] DEBUG sql - [User=Tanut Choksatchawathi (tanut.cho@gmail.com)] MySql Query: SELECT a.*, 
			(SELECT GROUP_CONCAT(ag.group_id) FROM announcement_groups ag WHERE ag.announcementid = a.announcementid) as group_ids,
			(SELECT GROUP_CONCAT(ar.resource_id) FROM announcement_resources ar WHERE ar.announcementid = a.announcementid) as resource_ids
			FROM announcements a WHERE a.status_deleted != "1"  OR a.status_deleted IS NULL ORDER BY start_date DESC LIMIT 20 OFFSET 0;
2020-11-06T01:52:26+07:00 [22] DEBUG sql - [User=Tanut Choksatchawathi (tanut.cho@gmail.com)] MySql Query: SELECT g.*, admin_group.name as admin_group_name
		FROM groups g
		LEFT JOIN groups admin_group ON g.admin_group_id = admin_group.group_id
		ORDER BY g.name;
2020-11-06T01:52:26+07:00 [22] DEBUG sql - [User=Tanut Choksatchawathi (tanut.cho@gmail.com)] MySql Query: SELECT r.*, s.admin_group_id as s_admin_group_id,
		(SELECT GROUP_CONCAT(CONCAT(cav.custom_attribute_id, '=', cav.attribute_value) SEPARATOR "!sep!")
						FROM custom_attribute_values cav WHERE cav.entity_id = r.resource_id AND cav.attribute_category = 4) as attribute_list,
		(SELECT GROUP_CONCAT(rga.resource_group_id SEPARATOR "!sep!") FROM resource_group_assignment rga WHERE rga.resource_id = r.resource_id) AS group_list
		FROM resources r
		INNER JOIN schedules s ON r.schedule_id = s.schedule_id
		ORDER BY COALESCE(r.sort_order,0), r.name;
2020-11-06T01:53:25+07:00 [18] DEBUG sql - [User=Tanut Choksatchawathi (tanut.cho@gmail.com)] MySql Query: SELECT COUNT(*) as total FROM (SELECT a.*, 
			(SELECT GROUP_CONCAT(ag.group_id) FROM announcement_groups ag WHERE ag.announcementid = a.announcementid) as group_ids,
			(SELECT GROUP_CONCAT(ar.resource_id) FROM announcement_resources ar WHERE ar.announcementid = a.announcementid) as resource_ids
			FROM announcements a WHERE a.status_deleted != "1"  OR a.status_deleted IS NULL ORDER BY start_date DESC) results;
2020-11-06T01:53:26+07:00 [18] DEBUG sql - [User=Tanut Choksatchawathi (tanut.cho@gmail.com)] MySql Query: SELECT a.*, 
			(SELECT GROUP_CONCAT(ag.group_id) FROM announcement_groups ag WHERE ag.announcementid = a.announcementid) as group_ids,
			(SELECT GROUP_CONCAT(ar.resource_id) FROM announcement_resources ar WHERE ar.announcementid = a.announcementid) as resource_ids
			FROM announcements a WHERE a.status_deleted != "1"  OR a.status_deleted IS NULL ORDER BY start_date DESC LIMIT 20 OFFSET 0;
2020-11-06T01:53:26+07:00 [18] DEBUG sql - [User=Tanut Choksatchawathi (tanut.cho@gmail.com)] MySql Query: SELECT g.*, admin_group.name as admin_group_name
		FROM groups g
		LEFT JOIN groups admin_group ON g.admin_group_id = admin_group.group_id
		ORDER BY g.name;
2020-11-06T01:53:26+07:00 [18] DEBUG sql - [User=Tanut Choksatchawathi (tanut.cho@gmail.com)] MySql Query: SELECT r.*, s.admin_group_id as s_admin_group_id,
		(SELECT GROUP_CONCAT(CONCAT(cav.custom_attribute_id, '=', cav.attribute_value) SEPARATOR "!sep!")
						FROM custom_attribute_values cav WHERE cav.entity_id = r.resource_id AND cav.attribute_category = 4) as attribute_list,
		(SELECT GROUP_CONCAT(rga.resource_group_id SEPARATOR "!sep!") FROM resource_group_assignment rga WHERE rga.resource_id = r.resource_id) AS group_list
		FROM resources r
		INNER JOIN schedules s ON r.schedule_id = s.schedule_id
		ORDER BY COALESCE(r.sort_order,0), r.name;
2020-11-06T01:53:58+07:00 [19] DEBUG sql - [User=Tanut Choksatchawathi (tanut.cho@gmail.com)] MySql Query: SELECT COUNT(*) as total FROM (SELECT a.*, 
			(SELECT GROUP_CONCAT(ag.group_id) FROM announcement_groups ag WHERE ag.announcementid = a.announcementid) as group_ids,
			(SELECT GROUP_CONCAT(ar.resource_id) FROM announcement_resources ar WHERE ar.announcementid = a.announcementid) as resource_ids
			FROM announcements a WHERE a.status_deleted != "1"  OR a.status_deleted IS NULL ORDER BY start_date DESC) results;
2020-11-06T01:53:58+07:00 [19] DEBUG sql - [User=Tanut Choksatchawathi (tanut.cho@gmail.com)] MySql Query: SELECT a.*, 
			(SELECT GROUP_CONCAT(ag.group_id) FROM announcement_groups ag WHERE ag.announcementid = a.announcementid) as group_ids,
			(SELECT GROUP_CONCAT(ar.resource_id) FROM announcement_resources ar WHERE ar.announcementid = a.announcementid) as resource_ids
			FROM announcements a WHERE a.status_deleted != "1"  OR a.status_deleted IS NULL ORDER BY start_date DESC LIMIT 20 OFFSET 0;
2020-11-06T01:53:59+07:00 [19] DEBUG sql - [User=Tanut Choksatchawathi (tanut.cho@gmail.com)] MySql Query: SELECT g.*, admin_group.name as admin_group_name
		FROM groups g
		LEFT JOIN groups admin_group ON g.admin_group_id = admin_group.group_id
		ORDER BY g.name;
2020-11-06T01:53:59+07:00 [19] DEBUG sql - [User=Tanut Choksatchawathi (tanut.cho@gmail.com)] MySql Query: SELECT r.*, s.admin_group_id as s_admin_group_id,
		(SELECT GROUP_CONCAT(CONCAT(cav.custom_attribute_id, '=', cav.attribute_value) SEPARATOR "!sep!")
						FROM custom_attribute_values cav WHERE cav.entity_id = r.resource_id AND cav.attribute_category = 4) as attribute_list,
		(SELECT GROUP_CONCAT(rga.resource_group_id SEPARATOR "!sep!") FROM resource_group_assignment rga WHERE rga.resource_id = r.resource_id) AS group_list
		FROM resources r
		INNER JOIN schedules s ON r.schedule_id = s.schedule_id
		ORDER BY COALESCE(r.sort_order,0), r.name;
2020-11-06T02:03:55+07:00 [17] DEBUG sql - [User=Tanut Choksatchawathi (tanut.cho@gmail.com)] MySql Query: SELECT COUNT(*) as total FROM (SELECT a.*, 
			(SELECT GROUP_CONCAT(ag.group_id) FROM announcement_groups ag WHERE ag.announcementid = a.announcementid) as group_ids,
			(SELECT GROUP_CONCAT(ar.resource_id) FROM announcement_resources ar WHERE ar.announcementid = a.announcementid) as resource_ids
			FROM announcements a WHERE a.status_deleted != "1"  OR a.status_deleted IS NULL ORDER BY start_date DESC) results;
2020-11-06T02:03:55+07:00 [17] DEBUG sql - [User=Tanut Choksatchawathi (tanut.cho@gmail.com)] MySql Query: SELECT a.*, 
			(SELECT GROUP_CONCAT(ag.group_id) FROM announcement_groups ag WHERE ag.announcementid = a.announcementid) as group_ids,
			(SELECT GROUP_CONCAT(ar.resource_id) FROM announcement_resources ar WHERE ar.announcementid = a.announcementid) as resource_ids
			FROM announcements a WHERE a.status_deleted != "1"  OR a.status_deleted IS NULL ORDER BY start_date DESC LIMIT 20 OFFSET 0;
2020-11-06T02:03:55+07:00 [17] DEBUG sql - [User=Tanut Choksatchawathi (tanut.cho@gmail.com)] MySql Query: SELECT g.*, admin_group.name as admin_group_name
		FROM groups g
		LEFT JOIN groups admin_group ON g.admin_group_id = admin_group.group_id
		ORDER BY g.name;
2020-11-06T02:03:56+07:00 [17] DEBUG sql - [User=Tanut Choksatchawathi (tanut.cho@gmail.com)] MySql Query: SELECT r.*, s.admin_group_id as s_admin_group_id,
		(SELECT GROUP_CONCAT(CONCAT(cav.custom_attribute_id, '=', cav.attribute_value) SEPARATOR "!sep!")
						FROM custom_attribute_values cav WHERE cav.entity_id = r.resource_id AND cav.attribute_category = 4) as attribute_list,
		(SELECT GROUP_CONCAT(rga.resource_group_id SEPARATOR "!sep!") FROM resource_group_assignment rga WHERE rga.resource_id = r.resource_id) AS group_list
		FROM resources r
		INNER JOIN schedules s ON r.schedule_id = s.schedule_id
		ORDER BY COALESCE(r.sort_order,0), r.name;
2020-11-06T02:05:24+07:00 [23] DEBUG sql - [User=Tanut Choksatchawathi (tanut.cho@gmail.com)] MySql Query: SELECT COUNT(*) as total FROM (SELECT a.*, 
			(SELECT GROUP_CONCAT(ag.group_id) FROM announcement_groups ag WHERE ag.announcementid = a.announcementid) as group_ids,
			(SELECT GROUP_CONCAT(ar.resource_id) FROM announcement_resources ar WHERE ar.announcementid = a.announcementid) as resource_ids
			FROM announcements a WHERE a.status_deleted != "1"  OR a.status_deleted IS NULL ORDER BY start_date DESC) results;
2020-11-06T02:05:24+07:00 [23] DEBUG sql - [User=Tanut Choksatchawathi (tanut.cho@gmail.com)] MySql Query: SELECT a.*, 
			(SELECT GROUP_CONCAT(ag.group_id) FROM announcement_groups ag WHERE ag.announcementid = a.announcementid) as group_ids,
			(SELECT GROUP_CONCAT(ar.resource_id) FROM announcement_resources ar WHERE ar.announcementid = a.announcementid) as resource_ids
			FROM announcements a WHERE a.status_deleted != "1"  OR a.status_deleted IS NULL ORDER BY start_date DESC LIMIT 20 OFFSET 0;
2020-11-06T02:05:25+07:00 [23] DEBUG sql - [User=Tanut Choksatchawathi (tanut.cho@gmail.com)] MySql Query: SELECT g.*, admin_group.name as admin_group_name
		FROM groups g
		LEFT JOIN groups admin_group ON g.admin_group_id = admin_group.group_id
		ORDER BY g.name;
2020-11-06T02:05:25+07:00 [23] DEBUG sql - [User=Tanut Choksatchawathi (tanut.cho@gmail.com)] MySql Query: SELECT r.*, s.admin_group_id as s_admin_group_id,
		(SELECT GROUP_CONCAT(CONCAT(cav.custom_attribute_id, '=', cav.attribute_value) SEPARATOR "!sep!")
						FROM custom_attribute_values cav WHERE cav.entity_id = r.resource_id AND cav.attribute_category = 4) as attribute_list,
		(SELECT GROUP_CONCAT(rga.resource_group_id SEPARATOR "!sep!") FROM resource_group_assignment rga WHERE rga.resource_id = r.resource_id) AS group_list
		FROM resources r
		INNER JOIN schedules s ON r.schedule_id = s.schedule_id
		ORDER BY COALESCE(r.sort_order,0), r.name;
2020-11-06T02:10:53+07:00 [19] DEBUG sql - [User=Tanut Choksatchawathi (tanut.cho@gmail.com)] MySql Query: SELECT COUNT(*) as total FROM (SELECT a.*, 
			(SELECT GROUP_CONCAT(ag.group_id) FROM announcement_groups ag WHERE ag.announcementid = a.announcementid) as group_ids,
			(SELECT GROUP_CONCAT(ar.resource_id) FROM announcement_resources ar WHERE ar.announcementid = a.announcementid) as resource_ids
			FROM announcements a WHERE a.status_deleted != "1"  OR a.status_deleted IS NULL ORDER BY start_date DESC) results;
2020-11-06T02:10:54+07:00 [19] DEBUG sql - [User=Tanut Choksatchawathi (tanut.cho@gmail.com)] MySql Query: SELECT a.*, 
			(SELECT GROUP_CONCAT(ag.group_id) FROM announcement_groups ag WHERE ag.announcementid = a.announcementid) as group_ids,
			(SELECT GROUP_CONCAT(ar.resource_id) FROM announcement_resources ar WHERE ar.announcementid = a.announcementid) as resource_ids
			FROM announcements a WHERE a.status_deleted != "1"  OR a.status_deleted IS NULL ORDER BY start_date DESC LIMIT 20 OFFSET 0;
2020-11-06T02:10:54+07:00 [19] DEBUG sql - [User=Tanut Choksatchawathi (tanut.cho@gmail.com)] MySql Query: SELECT g.*, admin_group.name as admin_group_name
		FROM groups g
		LEFT JOIN groups admin_group ON g.admin_group_id = admin_group.group_id
		ORDER BY g.name;
2020-11-06T02:10:54+07:00 [19] DEBUG sql - [User=Tanut Choksatchawathi (tanut.cho@gmail.com)] MySql Query: SELECT r.*, s.admin_group_id as s_admin_group_id,
		(SELECT GROUP_CONCAT(CONCAT(cav.custom_attribute_id, '=', cav.attribute_value) SEPARATOR "!sep!")
						FROM custom_attribute_values cav WHERE cav.entity_id = r.resource_id AND cav.attribute_category = 4) as attribute_list,
		(SELECT GROUP_CONCAT(rga.resource_group_id SEPARATOR "!sep!") FROM resource_group_assignment rga WHERE rga.resource_id = r.resource_id) AS group_list
		FROM resources r
		INNER JOIN schedules s ON r.schedule_id = s.schedule_id
		ORDER BY COALESCE(r.sort_order,0), r.name;
2020-11-06T02:12:30+07:00 [16] DEBUG sql - [User=Tanut Choksatchawathi (tanut.cho@gmail.com)] MySql Query: SELECT COUNT(*) as total FROM (SELECT a.*, 
			(SELECT GROUP_CONCAT(ag.group_id) FROM announcement_groups ag WHERE ag.announcementid = a.announcementid) as group_ids,
			(SELECT GROUP_CONCAT(ar.resource_id) FROM announcement_resources ar WHERE ar.announcementid = a.announcementid) as resource_ids
			FROM announcements a WHERE a.status_deleted != "1"  OR a.status_deleted IS NULL ORDER BY start_date DESC) results;
2020-11-06T02:12:31+07:00 [16] DEBUG sql - [User=Tanut Choksatchawathi (tanut.cho@gmail.com)] MySql Query: SELECT a.*, 
			(SELECT GROUP_CONCAT(ag.group_id) FROM announcement_groups ag WHERE ag.announcementid = a.announcementid) as group_ids,
			(SELECT GROUP_CONCAT(ar.resource_id) FROM announcement_resources ar WHERE ar.announcementid = a.announcementid) as resource_ids
			FROM announcements a WHERE a.status_deleted != "1"  OR a.status_deleted IS NULL ORDER BY start_date DESC LIMIT 20 OFFSET 0;
2020-11-06T02:12:31+07:00 [16] DEBUG sql - [User=Tanut Choksatchawathi (tanut.cho@gmail.com)] MySql Query: SELECT g.*, admin_group.name as admin_group_name
		FROM groups g
		LEFT JOIN groups admin_group ON g.admin_group_id = admin_group.group_id
		ORDER BY g.name;
2020-11-06T02:12:31+07:00 [16] DEBUG sql - [User=Tanut Choksatchawathi (tanut.cho@gmail.com)] MySql Query: SELECT r.*, s.admin_group_id as s_admin_group_id,
		(SELECT GROUP_CONCAT(CONCAT(cav.custom_attribute_id, '=', cav.attribute_value) SEPARATOR "!sep!")
						FROM custom_attribute_values cav WHERE cav.entity_id = r.resource_id AND cav.attribute_category = 4) as attribute_list,
		(SELECT GROUP_CONCAT(rga.resource_group_id SEPARATOR "!sep!") FROM resource_group_assignment rga WHERE rga.resource_id = r.resource_id) AS group_list
		FROM resources r
		INNER JOIN schedules s ON r.schedule_id = s.schedule_id
		ORDER BY COALESCE(r.sort_order,0), r.name;
2020-11-06T02:12:53+07:00 [17] DEBUG sql - [User=Tanut Choksatchawathi (tanut.cho@gmail.com)] MySql Query: SELECT COUNT(*) as total FROM (SELECT a.*, 
			(SELECT GROUP_CONCAT(ag.group_id) FROM announcement_groups ag WHERE ag.announcementid = a.announcementid) as group_ids,
			(SELECT GROUP_CONCAT(ar.resource_id) FROM announcement_resources ar WHERE ar.announcementid = a.announcementid) as resource_ids
			FROM announcements a WHERE a.status_deleted != "1"  OR a.status_deleted IS NULL ORDER BY start_date DESC) results;
2020-11-06T02:12:54+07:00 [17] DEBUG sql - [User=Tanut Choksatchawathi (tanut.cho@gmail.com)] MySql Query: SELECT a.*, 
			(SELECT GROUP_CONCAT(ag.group_id) FROM announcement_groups ag WHERE ag.announcementid = a.announcementid) as group_ids,
			(SELECT GROUP_CONCAT(ar.resource_id) FROM announcement_resources ar WHERE ar.announcementid = a.announcementid) as resource_ids
			FROM announcements a WHERE a.status_deleted != "1"  OR a.status_deleted IS NULL ORDER BY start_date DESC LIMIT 20 OFFSET 20;
2020-11-06T02:12:54+07:00 [17] DEBUG sql - [User=Tanut Choksatchawathi (tanut.cho@gmail.com)] MySql Query: SELECT g.*, admin_group.name as admin_group_name
		FROM groups g
		LEFT JOIN groups admin_group ON g.admin_group_id = admin_group.group_id
		ORDER BY g.name;
2020-11-06T02:12:54+07:00 [17] DEBUG sql - [User=Tanut Choksatchawathi (tanut.cho@gmail.com)] MySql Query: SELECT r.*, s.admin_group_id as s_admin_group_id,
		(SELECT GROUP_CONCAT(CONCAT(cav.custom_attribute_id, '=', cav.attribute_value) SEPARATOR "!sep!")
						FROM custom_attribute_values cav WHERE cav.entity_id = r.resource_id AND cav.attribute_category = 4) as attribute_list,
		(SELECT GROUP_CONCAT(rga.resource_group_id SEPARATOR "!sep!") FROM resource_group_assignment rga WHERE rga.resource_id = r.resource_id) AS group_list
		FROM resources r
		INNER JOIN schedules s ON r.schedule_id = s.schedule_id
		ORDER BY COALESCE(r.sort_order,0), r.name;
2020-11-06T02:13:16+07:00 [21] DEBUG sql - [User=Tanut Choksatchawathi (tanut.cho@gmail.com)] MySql Query: SELECT COUNT(*) as total FROM (SELECT a.*, 
			(SELECT GROUP_CONCAT(ag.group_id) FROM announcement_groups ag WHERE ag.announcementid = a.announcementid) as group_ids,
			(SELECT GROUP_CONCAT(ar.resource_id) FROM announcement_resources ar WHERE ar.announcementid = a.announcementid) as resource_ids
			FROM announcements a WHERE a.status_deleted != "1"  OR a.status_deleted IS NULL ORDER BY start_date DESC) results;
2020-11-06T02:13:16+07:00 [21] DEBUG sql - [User=Tanut Choksatchawathi (tanut.cho@gmail.com)] MySql Query: SELECT a.*, 
			(SELECT GROUP_CONCAT(ag.group_id) FROM announcement_groups ag WHERE ag.announcementid = a.announcementid) as group_ids,
			(SELECT GROUP_CONCAT(ar.resource_id) FROM announcement_resources ar WHERE ar.announcementid = a.announcementid) as resource_ids
			FROM announcements a WHERE a.status_deleted != "1"  OR a.status_deleted IS NULL ORDER BY start_date DESC LIMIT 20 OFFSET 0;
2020-11-06T02:13:17+07:00 [21] DEBUG sql - [User=Tanut Choksatchawathi (tanut.cho@gmail.com)] MySql Query: SELECT g.*, admin_group.name as admin_group_name
		FROM groups g
		LEFT JOIN groups admin_group ON g.admin_group_id = admin_group.group_id
		ORDER BY g.name;
2020-11-06T02:13:17+07:00 [21] DEBUG sql - [User=Tanut Choksatchawathi (tanut.cho@gmail.com)] MySql Query: SELECT r.*, s.admin_group_id as s_admin_group_id,
		(SELECT GROUP_CONCAT(CONCAT(cav.custom_attribute_id, '=', cav.attribute_value) SEPARATOR "!sep!")
						FROM custom_attribute_values cav WHERE cav.entity_id = r.resource_id AND cav.attribute_category = 4) as attribute_list,
		(SELECT GROUP_CONCAT(rga.resource_group_id SEPARATOR "!sep!") FROM resource_group_assignment rga WHERE rga.resource_id = r.resource_id) AS group_list
		FROM resources r
		INNER JOIN schedules s ON r.schedule_id = s.schedule_id
		ORDER BY COALESCE(r.sort_order,0), r.name;
2020-11-06T02:15:12+07:00 [22] DEBUG sql - [User=Tanut Choksatchawathi (tanut.cho@gmail.com)] MySql Query: SELECT COUNT(*) as total FROM (SELECT a.*, 
			(SELECT GROUP_CONCAT(ag.group_id) FROM announcement_groups ag WHERE ag.announcementid = a.announcementid) as group_ids,
			(SELECT GROUP_CONCAT(ar.resource_id) FROM announcement_resources ar WHERE ar.announcementid = a.announcementid) as resource_ids
			FROM announcements a WHERE a.status_deleted != "1"  OR a.status_deleted IS NULL ORDER BY start_date asc) results;
2020-11-06T02:15:13+07:00 [22] DEBUG sql - [User=Tanut Choksatchawathi (tanut.cho@gmail.com)] MySql Query: SELECT a.*, 
			(SELECT GROUP_CONCAT(ag.group_id) FROM announcement_groups ag WHERE ag.announcementid = a.announcementid) as group_ids,
			(SELECT GROUP_CONCAT(ar.resource_id) FROM announcement_resources ar WHERE ar.announcementid = a.announcementid) as resource_ids
			FROM announcements a WHERE a.status_deleted != "1"  OR a.status_deleted IS NULL ORDER BY start_date asc LIMIT 20 OFFSET 0;
2020-11-06T02:15:13+07:00 [22] DEBUG sql - [User=Tanut Choksatchawathi (tanut.cho@gmail.com)] MySql Query: SELECT g.*, admin_group.name as admin_group_name
		FROM groups g
		LEFT JOIN groups admin_group ON g.admin_group_id = admin_group.group_id
		ORDER BY g.name;
2020-11-06T02:15:13+07:00 [22] DEBUG sql - [User=Tanut Choksatchawathi (tanut.cho@gmail.com)] MySql Query: SELECT r.*, s.admin_group_id as s_admin_group_id,
		(SELECT GROUP_CONCAT(CONCAT(cav.custom_attribute_id, '=', cav.attribute_value) SEPARATOR "!sep!")
						FROM custom_attribute_values cav WHERE cav.entity_id = r.resource_id AND cav.attribute_category = 4) as attribute_list,
		(SELECT GROUP_CONCAT(rga.resource_group_id SEPARATOR "!sep!") FROM resource_group_assignment rga WHERE rga.resource_id = r.resource_id) AS group_list
		FROM resources r
		INNER JOIN schedules s ON r.schedule_id = s.schedule_id
		ORDER BY COALESCE(r.sort_order,0), r.name;
2020-11-06T02:15:49+07:00 [16] DEBUG sql - [User=Tanut Choksatchawathi (tanut.cho@gmail.com)] MySql Query: SELECT COUNT(*) as total FROM (SELECT a.*, 
			(SELECT GROUP_CONCAT(ag.group_id) FROM announcement_groups ag WHERE ag.announcementid = a.announcementid) as group_ids,
			(SELECT GROUP_CONCAT(ar.resource_id) FROM announcement_resources ar WHERE ar.announcementid = a.announcementid) as resource_ids
			FROM announcements a WHERE a.status_deleted != "1"  OR a.status_deleted IS NULL ORDER BY start_date desc) results;
2020-11-06T02:15:49+07:00 [16] DEBUG sql - [User=Tanut Choksatchawathi (tanut.cho@gmail.com)] MySql Query: SELECT a.*, 
			(SELECT GROUP_CONCAT(ag.group_id) FROM announcement_groups ag WHERE ag.announcementid = a.announcementid) as group_ids,
			(SELECT GROUP_CONCAT(ar.resource_id) FROM announcement_resources ar WHERE ar.announcementid = a.announcementid) as resource_ids
			FROM announcements a WHERE a.status_deleted != "1"  OR a.status_deleted IS NULL ORDER BY start_date desc LIMIT 20 OFFSET 0;
2020-11-06T02:15:49+07:00 [16] DEBUG sql - [User=Tanut Choksatchawathi (tanut.cho@gmail.com)] MySql Query: SELECT g.*, admin_group.name as admin_group_name
		FROM groups g
		LEFT JOIN groups admin_group ON g.admin_group_id = admin_group.group_id
		ORDER BY g.name;
2020-11-06T02:15:49+07:00 [16] DEBUG sql - [User=Tanut Choksatchawathi (tanut.cho@gmail.com)] MySql Query: SELECT r.*, s.admin_group_id as s_admin_group_id,
		(SELECT GROUP_CONCAT(CONCAT(cav.custom_attribute_id, '=', cav.attribute_value) SEPARATOR "!sep!")
						FROM custom_attribute_values cav WHERE cav.entity_id = r.resource_id AND cav.attribute_category = 4) as attribute_list,
		(SELECT GROUP_CONCAT(rga.resource_group_id SEPARATOR "!sep!") FROM resource_group_assignment rga WHERE rga.resource_id = r.resource_id) AS group_list
		FROM resources r
		INNER JOIN schedules s ON r.schedule_id = s.schedule_id
		ORDER BY COALESCE(r.sort_order,0), r.name;
2020-11-06T02:17:22+07:00 [17] DEBUG sql - [User=Tanut Choksatchawathi (tanut.cho@gmail.com)] MySql Query: SELECT COUNT(*) as total FROM (SELECT a.*, 
			(SELECT GROUP_CONCAT(ag.group_id) FROM announcement_groups ag WHERE ag.announcementid = a.announcementid) as group_ids,
			(SELECT GROUP_CONCAT(ar.resource_id) FROM announcement_resources ar WHERE ar.announcementid = a.announcementid) as resource_ids
			FROM announcements a WHERE a.status_deleted != "1"  OR a.status_deleted IS NULL ORDER BY start_date desc) results;
2020-11-06T02:17:22+07:00 [17] DEBUG sql - [User=Tanut Choksatchawathi (tanut.cho@gmail.com)] MySql Query: SELECT a.*, 
			(SELECT GROUP_CONCAT(ag.group_id) FROM announcement_groups ag WHERE ag.announcementid = a.announcementid) as group_ids,
			(SELECT GROUP_CONCAT(ar.resource_id) FROM announcement_resources ar WHERE ar.announcementid = a.announcementid) as resource_ids
			FROM announcements a WHERE a.status_deleted != "1"  OR a.status_deleted IS NULL ORDER BY start_date desc LIMIT 20 OFFSET 0;
2020-11-06T02:17:22+07:00 [17] DEBUG sql - [User=Tanut Choksatchawathi (tanut.cho@gmail.com)] MySql Query: SELECT g.*, admin_group.name as admin_group_name
		FROM groups g
		LEFT JOIN groups admin_group ON g.admin_group_id = admin_group.group_id
		ORDER BY g.name;
2020-11-06T02:17:23+07:00 [17] DEBUG sql - [User=Tanut Choksatchawathi (tanut.cho@gmail.com)] MySql Query: SELECT r.*, s.admin_group_id as s_admin_group_id,
		(SELECT GROUP_CONCAT(CONCAT(cav.custom_attribute_id, '=', cav.attribute_value) SEPARATOR "!sep!")
						FROM custom_attribute_values cav WHERE cav.entity_id = r.resource_id AND cav.attribute_category = 4) as attribute_list,
		(SELECT GROUP_CONCAT(rga.resource_group_id SEPARATOR "!sep!") FROM resource_group_assignment rga WHERE rga.resource_id = r.resource_id) AS group_list
		FROM resources r
		INNER JOIN schedules s ON r.schedule_id = s.schedule_id
		ORDER BY COALESCE(r.sort_order,0), r.name;
2020-11-06T02:17:50+07:00 [21] DEBUG sql - [User=Tanut Choksatchawathi (tanut.cho@gmail.com)] MySql Query: SELECT COUNT(*) as total FROM (SELECT a.*, 
			(SELECT GROUP_CONCAT(ag.group_id) FROM announcement_groups ag WHERE ag.announcementid = a.announcementid) as group_ids,
			(SELECT GROUP_CONCAT(ar.resource_id) FROM announcement_resources ar WHERE ar.announcementid = a.announcementid) as resource_ids
			FROM announcements a WHERE a.status_deleted != "1"  OR a.status_deleted IS NULL ORDER BY start_date desc) results;
2020-11-06T02:17:50+07:00 [21] DEBUG sql - [User=Tanut Choksatchawathi (tanut.cho@gmail.com)] MySql Query: SELECT a.*, 
			(SELECT GROUP_CONCAT(ag.group_id) FROM announcement_groups ag WHERE ag.announcementid = a.announcementid) as group_ids,
			(SELECT GROUP_CONCAT(ar.resource_id) FROM announcement_resources ar WHERE ar.announcementid = a.announcementid) as resource_ids
			FROM announcements a WHERE a.status_deleted != "1"  OR a.status_deleted IS NULL ORDER BY start_date desc LIMIT 20 OFFSET 0;
2020-11-06T02:17:50+07:00 [21] DEBUG sql - [User=Tanut Choksatchawathi (tanut.cho@gmail.com)] MySql Query: SELECT g.*, admin_group.name as admin_group_name
		FROM groups g
		LEFT JOIN groups admin_group ON g.admin_group_id = admin_group.group_id
		ORDER BY g.name;
2020-11-06T02:17:50+07:00 [21] DEBUG sql - [User=Tanut Choksatchawathi (tanut.cho@gmail.com)] MySql Query: SELECT r.*, s.admin_group_id as s_admin_group_id,
		(SELECT GROUP_CONCAT(CONCAT(cav.custom_attribute_id, '=', cav.attribute_value) SEPARATOR "!sep!")
						FROM custom_attribute_values cav WHERE cav.entity_id = r.resource_id AND cav.attribute_category = 4) as attribute_list,
		(SELECT GROUP_CONCAT(rga.resource_group_id SEPARATOR "!sep!") FROM resource_group_assignment rga WHERE rga.resource_id = r.resource_id) AS group_list
		FROM resources r
		INNER JOIN schedules s ON r.schedule_id = s.schedule_id
		ORDER BY COALESCE(r.sort_order,0), r.name;
2020-11-06T02:18:11+07:00 [16] DEBUG sql - [User=Tanut Choksatchawathi (tanut.cho@gmail.com)] MySql Query: SELECT a.*, c.num_resources,
			(SELECT GROUP_CONCAT(CONCAT(ra.resource_id, ",", COALESCE(ra.minimum_quantity,""), ",",  COALESCE(ra.maximum_quantity,"")) SEPARATOR "!sep!")
				FROM resource_accessories ra WHERE ra.accessory_id = a.accessory_id) as resource_accessory_list
 			FROM accessories a
			LEFT JOIN (
				SELECT accessory_id, COUNT(*) AS num_resources
				FROM resource_accessories ra
				GROUP BY ra.accessory_id
				) AS c ON a.accessory_id = c.accessory_id

 			ORDER BY accessory_name;
2020-11-06T02:18:12+07:00 [16] DEBUG sql - [User=Tanut Choksatchawathi (tanut.cho@gmail.com)] MySql Query: SELECT r.*, s.admin_group_id as s_admin_group_id,
		(SELECT GROUP_CONCAT(CONCAT(cav.custom_attribute_id, '=', cav.attribute_value) SEPARATOR "!sep!")
						FROM custom_attribute_values cav WHERE cav.entity_id = r.resource_id AND cav.attribute_category = 4) as attribute_list,
		(SELECT GROUP_CONCAT(rga.resource_group_id SEPARATOR "!sep!") FROM resource_group_assignment rga WHERE rga.resource_id = r.resource_id) AS group_list
		FROM resources r
		INNER JOIN schedules s ON r.schedule_id = s.schedule_id
		ORDER BY COALESCE(r.sort_order,0), r.name;
2020-11-06T02:18:47+07:00 [17] DEBUG sql - [User=Tanut Choksatchawathi (tanut.cho@gmail.com)] MySql Query: SELECT COUNT(*) as total FROM (SELECT a.*, 
			(SELECT GROUP_CONCAT(ag.group_id) FROM announcement_groups ag WHERE ag.announcementid = a.announcementid) as group_ids,
			(SELECT GROUP_CONCAT(ar.resource_id) FROM announcement_resources ar WHERE ar.announcementid = a.announcementid) as resource_ids
			FROM announcements a WHERE a.status_deleted != "1"  OR a.status_deleted IS NULL ORDER BY start_date desc) results;
2020-11-06T02:18:47+07:00 [17] DEBUG sql - [User=Tanut Choksatchawathi (tanut.cho@gmail.com)] MySql Query: SELECT a.*, 
			(SELECT GROUP_CONCAT(ag.group_id) FROM announcement_groups ag WHERE ag.announcementid = a.announcementid) as group_ids,
			(SELECT GROUP_CONCAT(ar.resource_id) FROM announcement_resources ar WHERE ar.announcementid = a.announcementid) as resource_ids
			FROM announcements a WHERE a.status_deleted != "1"  OR a.status_deleted IS NULL ORDER BY start_date desc LIMIT 20 OFFSET 0;
2020-11-06T02:18:48+07:00 [17] DEBUG sql - [User=Tanut Choksatchawathi (tanut.cho@gmail.com)] MySql Query: SELECT g.*, admin_group.name as admin_group_name
		FROM groups g
		LEFT JOIN groups admin_group ON g.admin_group_id = admin_group.group_id
		ORDER BY g.name;
2020-11-06T02:18:48+07:00 [17] DEBUG sql - [User=Tanut Choksatchawathi (tanut.cho@gmail.com)] MySql Query: SELECT r.*, s.admin_group_id as s_admin_group_id,
		(SELECT GROUP_CONCAT(CONCAT(cav.custom_attribute_id, '=', cav.attribute_value) SEPARATOR "!sep!")
						FROM custom_attribute_values cav WHERE cav.entity_id = r.resource_id AND cav.attribute_category = 4) as attribute_list,
		(SELECT GROUP_CONCAT(rga.resource_group_id SEPARATOR "!sep!") FROM resource_group_assignment rga WHERE rga.resource_id = r.resource_id) AS group_list
		FROM resources r
		INNER JOIN schedules s ON r.schedule_id = s.schedule_id
		ORDER BY COALESCE(r.sort_order,0), r.name;
2020-11-06T02:19:03+07:00 [17] DEBUG sql - [User=Tanut Choksatchawathi (tanut.cho@gmail.com)] MySql Query: SELECT s.*, l.timezone FROM schedules s INNER JOIN layouts l ON s.layout_id = l.layout_id ORDER BY s.name;
2020-11-06T02:19:04+07:00 [17] DEBUG sql - [User=Tanut Choksatchawathi (tanut.cho@gmail.com)] MySql Query: SELECT r.*, s.admin_group_id as s_admin_group_id,
		(SELECT GROUP_CONCAT(CONCAT(cav.custom_attribute_id, '=', cav.attribute_value) SEPARATOR "!sep!")
						FROM custom_attribute_values cav WHERE cav.entity_id = r.resource_id AND cav.attribute_category = 4) as attribute_list,
		(SELECT GROUP_CONCAT(rga.resource_group_id SEPARATOR "!sep!") FROM resource_group_assignment rga WHERE rga.resource_id = r.resource_id) AS group_list
		FROM resources r
		INNER JOIN schedules s ON r.schedule_id = s.schedule_id
		ORDER BY COALESCE(r.sort_order,0), r.name;
2020-11-06T02:19:04+07:00 [17] DEBUG sql - [User=Tanut Choksatchawathi (tanut.cho@gmail.com)] MySql Query: SELECT COUNT(*) as total FROM (SELECT bi.*, r.resource_id, r.name, u.*, bs.description, bs.title, bs.repeat_type, bs.repeat_options, schedules.schedule_id
					FROM blackout_instances bi
					INNER JOIN blackout_series bs ON bi.blackout_series_id = bs.blackout_series_id
					INNER JOIN blackout_series_resources bsr ON  bi.blackout_series_id = bsr.blackout_series_id
					INNER JOIN resources r on bsr.resource_id = r.resource_id
					INNER JOIN schedules on r.schedule_id = schedules.schedule_id
					INNER JOIN users u ON u.user_id = bs.owner_id
		 WHERE 1=1 ORDER BY bi.start_date DESC) results;
2020-11-06T02:19:04+07:00 [17] DEBUG sql - [User=Tanut Choksatchawathi (tanut.cho@gmail.com)] MySql Query: SELECT bi.*, r.resource_id, r.name, u.*, bs.description, bs.title, bs.repeat_type, bs.repeat_options, schedules.schedule_id
					FROM blackout_instances bi
					INNER JOIN blackout_series bs ON bi.blackout_series_id = bs.blackout_series_id
					INNER JOIN blackout_series_resources bsr ON  bi.blackout_series_id = bsr.blackout_series_id
					INNER JOIN resources r on bsr.resource_id = r.resource_id
					INNER JOIN schedules on r.schedule_id = schedules.schedule_id
					INNER JOIN users u ON u.user_id = bs.owner_id
		 WHERE 1=1 ORDER BY bi.start_date DESC LIMIT 20 OFFSET 0;
