2020-09-24T15:05:41+07:00 [18] DEBUG default - [User=  ()] Using CaptchaService [File=/var/www/html/booking/lib/Application/Authentication/CaptchaService.php,Line=96]
2020-09-24T15:36:34+07:00 [25] DEBUG default - [User=  ()] Using CaptchaService [File=/var/www/html/booking/lib/Application/Authentication/CaptchaService.php,Line=96]
2020-09-24T15:37:08+07:00 [20] DEBUG default - [User=  ()] Using CaptchaService [File=/var/www/html/booking/lib/Application/Authentication/CaptchaService.php,Line=96]
2020-09-24T15:37:08+07:00 [20] DEBUG default - [User=  ()] Trying to log in as: tanut.cho [File=/var/www/html/booking/lib/Application/Authentication/Authentication.php,Line=95]
2020-09-24T15:37:09+07:00 [20] DEBUG default - [User=  ()] User was found: tanut.cho [File=/var/www/html/booking/lib/Application/Authentication/Authentication.php,Line=103]
2020-09-24T15:37:09+07:00 [20] DEBUG default - [User=  ()] User: tanut.cho, was validated: 1 [File=/var/www/html/booking/lib/Application/Authentication/Authentication.php,Line=115]
2020-09-24T15:37:09+07:00 [20] DEBUG default - [User=  ()] Logging in with user: tanut.cho [File=/var/www/html/booking/lib/Application/Authentication/Authentication.php,Line=121]
2020-09-24T15:37:27+07:00 [20] DEBUG default - [User=  ()] Using CaptchaService [File=/var/www/html/booking/lib/Application/Authentication/CaptchaService.php,Line=96]
2020-09-24T15:38:18+07:00 [17] DEBUG default - [User=  ()] Using CaptchaService [File=/var/www/html/booking/lib/Application/Authentication/CaptchaService.php,Line=96]
2020-09-24T15:38:18+07:00 [17] DEBUG default - [User=  ()] Trying to log in as: tanut.cho [File=/var/www/html/booking/lib/Application/Authentication/Authentication.php,Line=95]
2020-09-24T15:38:19+07:00 [17] DEBUG default - [User=  ()] User was found: tanut.cho [File=/var/www/html/booking/lib/Application/Authentication/Authentication.php,Line=103]
2020-09-24T15:38:19+07:00 [17] DEBUG default - [User=  ()] User: tanut.cho, was validated: 1 [File=/var/www/html/booking/lib/Application/Authentication/Authentication.php,Line=115]
2020-09-24T15:38:19+07:00 [17] DEBUG default - [User=  ()] Logging in with user: tanut.cho [File=/var/www/html/booking/lib/Application/Authentication/Authentication.php,Line=121]
2020-09-24T15:38:43+07:00 [17] DEBUG default - [User=  ()] Using CaptchaService [File=/var/www/html/booking/lib/Application/Authentication/CaptchaService.php,Line=96]
2020-09-24T15:38:58+07:00 [22] DEBUG default - [User=  ()] Using CaptchaService [File=/var/www/html/booking/lib/Application/Authentication/CaptchaService.php,Line=96]
2020-09-24T15:39:36+07:00 [18] DEBUG default - [User=  ()] Using CaptchaService [File=/var/www/html/booking/lib/Application/Authentication/CaptchaService.php,Line=96]
2020-09-24T15:39:36+07:00 [18] DEBUG default - [User=  ()] Trying to log in as: tanut.cho [File=/var/www/html/booking/lib/Application/Authentication/Authentication.php,Line=95]
2020-09-24T15:39:36+07:00 [18] DEBUG default - [User=  ()] User was found: tanut.cho [File=/var/www/html/booking/lib/Application/Authentication/Authentication.php,Line=103]
2020-09-24T15:39:36+07:00 [18] DEBUG default - [User=  ()] User: tanut.cho, was validated: 1 [File=/var/www/html/booking/lib/Application/Authentication/Authentication.php,Line=115]
2020-09-24T15:39:36+07:00 [18] DEBUG default - [User=  ()] Logging in with user: tanut.cho [File=/var/www/html/booking/lib/Application/Authentication/Authentication.php,Line=121]
2020-09-24T15:39:49+07:00 [18] DEBUG default - [User=  ()] Using CaptchaService [File=/var/www/html/booking/lib/Application/Authentication/CaptchaService.php,Line=96]
2020-09-24T15:43:02+07:00 [26] DEBUG default - [User=  ()] Using CaptchaService [File=/var/www/html/booking/lib/Application/Authentication/CaptchaService.php,Line=96]
2020-09-24T15:43:02+07:00 [26] DEBUG default - [User=  ()] Trying to log in as: tanut.cho [File=/var/www/html/booking/lib/Application/Authentication/Authentication.php,Line=95]
2020-09-24T15:43:03+07:00 [26] DEBUG default - [User=  ()] User was found: tanut.cho [File=/var/www/html/booking/lib/Application/Authentication/Authentication.php,Line=103]
2020-09-24T15:43:03+07:00 [26] DEBUG default - [User=  ()] User: tanut.cho, was validated: 1 [File=/var/www/html/booking/lib/Application/Authentication/Authentication.php,Line=115]
2020-09-24T15:43:03+07:00 [26] DEBUG default - [User=  ()] Logging in with user: tanut.cho [File=/var/www/html/booking/lib/Application/Authentication/Authentication.php,Line=121]
2020-09-24T15:43:35+07:00 [28] DEBUG default - [User=  ()] Using CaptchaService [File=/var/www/html/booking/lib/Application/Authentication/CaptchaService.php,Line=96]
2020-09-24T15:43:56+07:00 [17] DEBUG default - [User=  ()] Using CaptchaService [File=/var/www/html/booking/lib/Application/Authentication/CaptchaService.php,Line=96]
2020-09-24T15:43:56+07:00 [17] DEBUG default - [User=  ()] Trying to log in as: tanut.cho [File=/var/www/html/booking/lib/Application/Authentication/Authentication.php,Line=95]
2020-09-24T15:43:56+07:00 [17] DEBUG default - [User=  ()] User was found: tanut.cho [File=/var/www/html/booking/lib/Application/Authentication/Authentication.php,Line=103]
2020-09-24T15:43:56+07:00 [17] DEBUG default - [User=  ()] User: tanut.cho, was validated: 1 [File=/var/www/html/booking/lib/Application/Authentication/Authentication.php,Line=115]
2020-09-24T15:43:56+07:00 [17] DEBUG default - [User=  ()] Logging in with user: tanut.cho [File=/var/www/html/booking/lib/Application/Authentication/Authentication.php,Line=121]
2020-09-24T15:44:22+07:00 [17] DEBUG default - [User=Tanut Choksatchawathi (tanut.cho@gmail.com)] ResourceGroupTree::__set_state(array(
   'references' => 
  array (
    0 => 
    ResourceGroup::__set_state(array(
       'id' => 0,
       'name' => 'All',
       'label' => 'All',
       'parent' => NULL,
       'parent_id' => NULL,
       'children' => 
      array (
        0 => 
        ResourceGroupAssignment::__set_state(array(
           'type' => 'resource',
           'group_id' => 0,
           'resource_name' => 'AFM',
           'id' => 'resource-0-10',
           'label' => 'AFM',
           'resource_id' => '10',
           'resourceAdminGroupId' => NULL,
           'scheduleId' => '1',
           'statusId' => '1',
           'scheduleAdminGroupId' => NULL,
           'requiresApproval' => 0,
           'isCheckInEnabled' => 0,
           'isAutoReleased' => false,
           'autoReleaseMinutes' => NULL,
           'minLength' => 
          TimeInterval::__set_state(array(
             'interval' => NULL,
          )),
           'resourceTypeId' => '1',
           'color' => '#ff80c0',
           'textColor' => '#000000',
        )),
        1 => 
        ResourceGroupAssignment::__set_state(array(
           'type' => 'resource',
           'group_id' => 0,
           'resource_name' => 'ATR-FTIR',
           'id' => 'resource-0-17',
           'label' => 'ATR-FTIR',
           'resource_id' => '17',
           'resourceAdminGroupId' => NULL,
           'scheduleId' => '1',
           'statusId' => '1',
           'scheduleAdminGroupId' => NULL,
           'requiresApproval' => 0,
           'isCheckInEnabled' => 0,
           'isAutoReleased' => false,
           'autoReleaseMinutes' => NULL,
           'minLength' => 
          TimeInterval::__set_state(array(
             'interval' => NULL,
          )),
           'resourceTypeId' => '2',
           'color' => '#e8fa05',
           'textColor' => '#000000',
        )),
        2 => 
        ResourceGroupAssignment::__set_state(array(
           'type' => 'resource',
           'group_id' => 0,
           'resource_name' => 'CHNS',
           'id' => 'resource-0-9',
           'label' => 'CHNS',
           'resource_id' => '9',
           'resourceAdminGroupId' => NULL,
           'scheduleId' => '1',
           'statusId' => '1',
           'scheduleAdminGroupId' => NULL,
           'requiresApproval' => 0,
           'isCheckInEnabled' => 0,
           'isAutoReleased' => false,
           'autoReleaseMinutes' => NULL,
           'minLength' => 
          TimeInterval::__set_state(array(
             'interval' => NULL,
          )),
           'resourceTypeId' => '5',
           'color' => '#ffddee',
           'textColor' => '#000000',
        )),
        3 => 
        ResourceGroupAssignment::__set_state(array(
           'type' => 'resource',
           'group_id' => 0,
           'resource_name' => 'Dispersive-RAMAN',
           'id' => 'resource-0-23',
           'label' => 'Dispersive-RAMAN',
           'resource_id' => '23',
           'resourceAdminGroupId' => NULL,
           'scheduleId' => '1',
           'statusId' => '1',
           'scheduleAdminGroupId' => NULL,
           'requiresApproval' => 0,
           'isCheckInEnabled' => 0,
           'isAutoReleased' => false,
           'autoReleaseMinutes' => NULL,
           'minLength' => 
          TimeInterval::__set_state(array(
             'interval' => NULL,
          )),
           'resourceTypeId' => '2',
           'color' => '#117b14',
           'textColor' => '#FFFFFF',
        )),
        4 => 
        ResourceGroupAssignment::__set_state(array(
           'type' => 'resource',
           'group_id' => 0,
           'resource_name' => 'DLS',
           'id' => 'resource-0-18',
           'label' => 'DLS',
           'resource_id' => '18',
           'resourceAdminGroupId' => NULL,
           'scheduleId' => '1',
           'statusId' => '1',
           'scheduleAdminGroupId' => NULL,
           'requiresApproval' => 0,
           'isCheckInEnabled' => 0,
           'isAutoReleased' => false,
           'autoReleaseMinutes' => NULL,
           'minLength' => 
          TimeInterval::__set_state(array(
             'interval' => NULL,
          )),
           'resourceTypeId' => '8',
           'color' => '#8080c0',
           'textColor' => '#000000',
        )),
        5 => 
        ResourceGroupAssignment::__set_state(array(
           'type' => 'resource',
           'group_id' => 0,
           'resource_name' => 'DSC',
           'id' => 'resource-0-7',
           'label' => 'DSC',
           'resource_id' => '7',
           'resourceAdminGroupId' => NULL,
           'scheduleId' => '1',
           'statusId' => '1',
           'scheduleAdminGroupId' => NULL,
           'requiresApproval' => 0,
           'isCheckInEnabled' => 0,
           'isAutoReleased' => false,
           'autoReleaseMinutes' => NULL,
           'minLength' => 
          TimeInterval::__set_state(array(
             'interval' => NULL,
          )),
           'resourceTypeId' => '7',
           'color' => '#ff0080',
           'textColor' => '#FFFFFF',
        )),
        6 => 
        ResourceGroupAssignment::__set_state(array(
           'type' => 'resource',
           'group_id' => 0,
           'resource_name' => 'FLS',
           'id' => 'resource-0-26',
           'label' => 'FLS',
           'resource_id' => '26',
           'resourceAdminGroupId' => NULL,
           'scheduleId' => '21',
           'statusId' => '1',
           'scheduleAdminGroupId' => NULL,
           'requiresApproval' => 0,
           'isCheckInEnabled' => 0,
           'isAutoReleased' => false,
           'autoReleaseMinutes' => NULL,
           'minLength' => 
          TimeInterval::__set_state(array(
             'interval' => NULL,
          )),
           'resourceTypeId' => '2',
           'color' => '#800080',
           'textColor' => '#FFFFFF',
        )),
        7 => 
        ResourceGroupAssignment::__set_state(array(
           'type' => 'resource',
           'group_id' => 0,
           'resource_name' => 'FT-RAMAN',
           'id' => 'resource-0-22',
           'label' => 'FT-RAMAN',
           'resource_id' => '22',
           'resourceAdminGroupId' => NULL,
           'scheduleId' => '1',
           'statusId' => '1',
           'scheduleAdminGroupId' => NULL,
           'requiresApproval' => 0,
           'isCheckInEnabled' => 0,
           'isAutoReleased' => false,
           'autoReleaseMinutes' => NULL,
           'minLength' => 
          TimeInterval::__set_state(array(
             'interval' => NULL,
          )),
           'resourceTypeId' => '2',
           'color' => '#0080c0',
           'textColor' => '#FFFFFF',
        )),
        8 => 
        ResourceGroupAssignment::__set_state(array(
           'type' => 'resource',
           'group_id' => 0,
           'resource_name' => 'GC-MS',
           'id' => 'resource-0-15',
           'label' => 'GC-MS',
           'resource_id' => '15',
           'resourceAdminGroupId' => NULL,
           'scheduleId' => '1',
           'statusId' => '1',
           'scheduleAdminGroupId' => NULL,
           'requiresApproval' => 0,
           'isCheckInEnabled' => 0,
           'isAutoReleased' => false,
           'autoReleaseMinutes' => NULL,
           'minLength' => 
          TimeInterval::__set_state(array(
             'interval' => NULL,
          )),
           'resourceTypeId' => '4',
           'color' => '#804040',
           'textColor' => '#FFFFFF',
        )),
        9 => 
        ResourceGroupAssignment::__set_state(array(
           'type' => 'resource',
           'group_id' => 0,
           'resource_name' => 'GPC',
           'id' => 'resource-0-11',
           'label' => 'GPC',
           'resource_id' => '11',
           'resourceAdminGroupId' => NULL,
           'scheduleId' => '1',
           'statusId' => '1',
           'scheduleAdminGroupId' => NULL,
           'requiresApproval' => 0,
           'isCheckInEnabled' => 0,
           'isAutoReleased' => false,
           'autoReleaseMinutes' => NULL,
           'minLength' => 
          TimeInterval::__set_state(array(
             'interval' => NULL,
          )),
           'resourceTypeId' => '4',
           'color' => '#ff80ff',
           'textColor' => '#000000',
        )),
        10 => 
        ResourceGroupAssignment::__set_state(array(
           'type' => 'resource',
           'group_id' => 0,
           'resource_name' => 'HPLC',
           'id' => 'resource-0-13',
           'label' => 'HPLC',
           'resource_id' => '13',
           'resourceAdminGroupId' => NULL,
           'scheduleId' => '1',
           'statusId' => '1',
           'scheduleAdminGroupId' => NULL,
           'requiresApproval' => 0,
           'isCheckInEnabled' => 0,
           'isAutoReleased' => false,
           'autoReleaseMinutes' => NULL,
           'minLength' => 
          TimeInterval::__set_state(array(
             'interval' => NULL,
          )),
           'resourceTypeId' => '4',
           'color' => '#ff8000',
           'textColor' => '#000000',
        )),
        11 => 
        ResourceGroupAssignment::__set_state(array(
           'type' => 'resource',
           'group_id' => 0,
           'resource_name' => 'ICP-OES',
           'id' => 'resource-0-12',
           'label' => 'ICP-OES',
           'resource_id' => '12',
           'resourceAdminGroupId' => NULL,
           'scheduleId' => '25',
           'statusId' => '1',
           'scheduleAdminGroupId' => NULL,
           'requiresApproval' => 0,
           'isCheckInEnabled' => 0,
           'isAutoReleased' => false,
           'autoReleaseMinutes' => NULL,
           'minLength' => 
          TimeInterval::__set_state(array(
             'interval' => NULL,
          )),
           'resourceTypeId' => '5',
           'color' => '#804040',
           'textColor' => '#FFFFFF',
        )),
        12 => 
        ResourceGroupAssignment::__set_state(array(
           'type' => 'resource',
           'group_id' => 0,
           'resource_name' => 'LC-QTOF-MS/MS, LC-Fraction Collectors',
           'id' => 'resource-0-24',
           'label' => 'LC-QTOF-MS/MS, LC-Fraction Collectors',
           'resource_id' => '24',
           'resourceAdminGroupId' => NULL,
           'scheduleId' => '20',
           'statusId' => '1',
           'scheduleAdminGroupId' => NULL,
           'requiresApproval' => 0,
           'isCheckInEnabled' => 0,
           'isAutoReleased' => false,
           'autoReleaseMinutes' => NULL,
           'minLength' => 
          TimeInterval::__set_state(array(
             'interval' => NULL,
          )),
           'resourceTypeId' => '4',
           'color' => '#c5e7e4',
           'textColor' => '#000000',
        )),
        13 => 
        ResourceGroupAssignment::__set_state(array(
           'type' => 'resource',
           'group_id' => 0,
           'resource_name' => 'MALDI-TOF-MS/MS',
           'id' => 'resource-0-14',
           'label' => 'MALDI-TOF-MS/MS',
           'resource_id' => '14',
           'resourceAdminGroupId' => NULL,
           'scheduleId' => '1',
           'statusId' => '1',
           'scheduleAdminGroupId' => NULL,
           'requiresApproval' => 0,
           'isCheckInEnabled' => 0,
           'isAutoReleased' => false,
           'autoReleaseMinutes' => NULL,
           'minLength' => 
          TimeInterval::__set_state(array(
             'interval' => NULL,
          )),
           'resourceTypeId' => '4',
           'color' => '#800080',
           'textColor' => '#FFFFFF',
        )),
        14 => 
        ResourceGroupAssignment::__set_state(array(
           'type' => 'resource',
           'group_id' => 0,
           'resource_name' => 'NMR (Night Time)',
           'id' => 'resource-0-28',
           'label' => 'NMR (Night Time)',
           'resource_id' => '28',
           'resourceAdminGroupId' => NULL,
           'scheduleId' => '22',
           'statusId' => '1',
           'scheduleAdminGroupId' => NULL,
           'requiresApproval' => 0,
           'isCheckInEnabled' => 0,
           'isAutoReleased' => false,
           'autoReleaseMinutes' => NULL,
           'minLength' => 
          TimeInterval::__set_state(array(
             'interval' => NULL,
          )),
           'resourceTypeId' => '2',
           'color' => '#ff80c0',
           'textColor' => '#000000',
        )),
        15 => 
        ResourceGroupAssignment::__set_state(array(
           'type' => 'resource',
           'group_id' => 0,
           'resource_name' => 'Photoelectron Spectrometer (AC-II)',
           'id' => 'resource-0-29',
           'label' => 'Photoelectron Spectrometer (AC-II)',
           'resource_id' => '29',
           'resourceAdminGroupId' => NULL,
           'scheduleId' => '1',
           'statusId' => '1',
           'scheduleAdminGroupId' => NULL,
           'requiresApproval' => 0,
           'isCheckInEnabled' => 0,
           'isAutoReleased' => false,
           'autoReleaseMinutes' => NULL,
           'minLength' => 
          TimeInterval::__set_state(array(
             'interval' => NULL,
          )),
           'resourceTypeId' => '2',
           'color' => '#ffffcc',
           'textColor' => '#000000',
        )),
        16 => 
        ResourceGroupAssignment::__set_state(array(
           'type' => 'resource',
           'group_id' => 0,
           'resource_name' => 'SC-XRD',
           'id' => 'resource-0-30',
           'label' => 'SC-XRD',
           'resource_id' => '30',
           'resourceAdminGroupId' => NULL,
           'scheduleId' => '1',
           'statusId' => '1',
           'scheduleAdminGroupId' => NULL,
           'requiresApproval' => 0,
           'isCheckInEnabled' => 0,
           'isAutoReleased' => false,
           'autoReleaseMinutes' => NULL,
           'minLength' => 
          TimeInterval::__set_state(array(
             'interval' => NULL,
          )),
           'resourceTypeId' => '3',
           'color' => '',
           'textColor' => '',
        )),
        17 => 
        ResourceGroupAssignment::__set_state(array(
           'type' => 'resource',
           'group_id' => 0,
           'resource_name' => 'SEM',
           'id' => 'resource-0-19',
           'label' => 'SEM',
           'resource_id' => '19',
           'resourceAdminGroupId' => NULL,
           'scheduleId' => '9',
           'statusId' => '1',
           'scheduleAdminGroupId' => NULL,
           'requiresApproval' => 0,
           'isCheckInEnabled' => 0,
           'isAutoReleased' => false,
           'autoReleaseMinutes' => NULL,
           'minLength' => 
          TimeInterval::__set_state(array(
             'interval' => NULL,
          )),
           'resourceTypeId' => '1',
           'color' => '#468c8c',
           'textColor' => '#FFFFFF',
        )),
        18 => 
        ResourceGroupAssignment::__set_state(array(
           'type' => 'resource',
           'group_id' => 0,
           'resource_name' => 'TEM',
           'id' => 'resource-0-25',
           'label' => 'TEM',
           'resource_id' => '25',
           'resourceAdminGroupId' => NULL,
           'scheduleId' => '16',
           'statusId' => '1',
           'scheduleAdminGroupId' => NULL,
           'requiresApproval' => 0,
           'isCheckInEnabled' => 0,
           'isAutoReleased' => false,
           'autoReleaseMinutes' => NULL,
           'minLength' => 
          TimeInterval::__set_state(array(
             'interval' => NULL,
          )),
           'resourceTypeId' => '1',
           'color' => '#400080',
           'textColor' => '#FFFFFF',
        )),
        19 => 
        ResourceGroupAssignment::__set_state(array(
           'type' => 'resource',
           'group_id' => 0,
           'resource_name' => 'TGA',
           'id' => 'resource-0-8',
           'label' => 'TGA',
           'resource_id' => '8',
           'resourceAdminGroupId' => NULL,
           'scheduleId' => '1',
           'statusId' => '1',
           'scheduleAdminGroupId' => NULL,
           'requiresApproval' => 0,
           'isCheckInEnabled' => 0,
           'isAutoReleased' => false,
           'autoReleaseMinutes' => NULL,
           'minLength' => 
          TimeInterval::__set_state(array(
             'interval' => NULL,
          )),
           'resourceTypeId' => '7',
           'color' => '#ff80c0',
           'textColor' => '#000000',
        )),
        20 => 
        ResourceGroupAssignment::__set_state(array(
           'type' => 'resource',
           'group_id' => 0,
           'resource_name' => 'TGA-DTA (Rigaku)',
           'id' => 'resource-0-31',
           'label' => 'TGA-DTA (Rigaku)',
           'resource_id' => '31',
           'resourceAdminGroupId' => NULL,
           'scheduleId' => '24',
           'statusId' => '1',
           'scheduleAdminGroupId' => NULL,
           'requiresApproval' => 0,
           'isCheckInEnabled' => 0,
           'isAutoReleased' => false,
           'autoReleaseMinutes' => NULL,
           'minLength' => 
          TimeInterval::__set_state(array(
             'interval' => NULL,
          )),
           'resourceTypeId' => '7',
           'color' => '#f7c8e0',
           'textColor' => '#000000',
        )),
        21 => 
        ResourceGroupAssignment::__set_state(array(
           'type' => 'resource',
           'group_id' => 0,
           'resource_name' => 'UV-VIS (Cary100)',
           'id' => 'resource-0-27',
           'label' => 'UV-VIS (Cary100)',
           'resource_id' => '27',
           'resourceAdminGroupId' => NULL,
           'scheduleId' => '12',
           'statusId' => '1',
           'scheduleAdminGroupId' => NULL,
           'requiresApproval' => 0,
           'isCheckInEnabled' => 0,
           'isAutoReleased' => false,
           'autoReleaseMinutes' => NULL,
           'minLength' => 
          TimeInterval::__set_state(array(
             'interval' => NULL,
          )),
           'resourceTypeId' => '2',
           'color' => '#d1b541',
           'textColor' => '#000000',
        )),
        22 => 
        ResourceGroupAssignment::__set_state(array(
           'type' => 'resource',
           'group_id' => 0,
           'resource_name' => 'UV/VIS/NIR (Lambda 1050)',
           'id' => 'resource-0-16',
           'label' => 'UV/VIS/NIR (Lambda 1050)',
           'resource_id' => '16',
           'resourceAdminGroupId' => NULL,
           'scheduleId' => '13',
           'statusId' => '1',
           'scheduleAdminGroupId' => NULL,
           'requiresApproval' => 0,
           'isCheckInEnabled' => 0,
           'isAutoReleased' => false,
           'autoReleaseMinutes' => NULL,
           'minLength' => 
          TimeInterval::__set_state(array(
             'interval' => NULL,
          )),
           'resourceTypeId' => '2',
           'color' => '#7b0000',
           'textColor' => '#FFFFFF',
        )),
        23 => 
        ResourceGroupAssignment::__set_state(array(
           'type' => 'resource',
           'group_id' => 0,
           'resource_name' => 'WDXRF',
           'id' => 'resource-0-21',
           'label' => 'WDXRF',
           'resource_id' => '21',
           'resourceAdminGroupId' => NULL,
           'scheduleId' => '1',
           'statusId' => '1',
           'scheduleAdminGroupId' => NULL,
           'requiresApproval' => 0,
           'isCheckInEnabled' => 0,
           'isAutoReleased' => false,
           'autoReleaseMinutes' => NULL,
           'minLength' => 
          TimeInterval::__set_state(array(
             'interval' => NULL,
          )),
           'resourceTypeId' => '5',
           'color' => '#808040',
           'textColor' => '#FFFFFF',
        )),
        24 => 
        ResourceGroupAssignment::__set_state(array(
           'type' => 'resource',
           'group_id' => 0,
           'resource_name' => 'XPS',
           'id' => 'resource-0-20',
           'label' => 'XPS',
           'resource_id' => '20',
           'resourceAdminGroupId' => NULL,
           'scheduleId' => '25',
           'statusId' => '1',
           'scheduleAdminGroupId' => NULL,
           'requiresApproval' => 0,
           'isCheckInEnabled' => 0,
           'isAutoReleased' => false,
           'autoReleaseMinutes' => NULL,
           'minLength' => 
          TimeInterval::__set_state(array(
             'interval' => NULL,
          )),
           'resourceTypeId' => '2',
           'color' => '#008040',
           'textColor' => '#FFFFFF',
        )),
        25 => 
        ResourceGroupAssignment::__set_state(array(
           'type' => 'resource',
           'group_id' => 0,
           'resource_name' => 'XRD',
           'id' => 'resource-0-2',
           'label' => 'XRD',
           'resource_id' => '2',
           'resourceAdminGroupId' => NULL,
           'scheduleId' => '1',
           'statusId' => '1',
           'scheduleAdminGroupId' => NULL,
           'requiresApproval' => 0,
           'isCheckInEnabled' => 0,
           'isAutoReleased' => false,
           'autoReleaseMinutes' => NULL,
           'minLength' => 
          TimeInterval::__set_state(array(
             'interval' => NULL,
          )),
           'resourceTypeId' => '3',
           'color' => '#00ff00',
           'textColor' => '#000000',
        )),
      ),
       'type' => 'group',
    )),
  ),
   'groups' => 
  array (
    0 => 
    ResourceGroup::__set_state(array(
       'id' => 0,
       'name' => 'All',
       'label' => 'All',
       'parent' => NULL,
       'parent_id' => NULL,
       'children' => 
      array (
        0 => 
        ResourceGroupAssignment::__set_state(array(
           'type' => 'resource',
           'group_id' => 0,
           'resource_name' => 'AFM',
           'id' => 'resource-0-10',
           'label' => 'AFM',
           'resource_id' => '10',
           'resourceAdminGroupId' => NULL,
           'scheduleId' => '1',
           'statusId' => '1',
           'scheduleAdminGroupId' => NULL,
           'requiresApproval' => 0,
           'isCheckInEnabled' => 0,
           'isAutoReleased' => false,
           'autoReleaseMinutes' => NULL,
           'minLength' => 
          TimeInterval::__set_state(array(
             'interval' => NULL,
          )),
           'resourceTypeId' => '1',
           'color' => '#ff80c0',
           'textColor' => '#000000',
        )),
        1 => 
        ResourceGroupAssignment::__set_state(array(
           'type' => 'resource',
           'group_id' => 0,
           'resource_name' => 'ATR-FTIR',
           'id' => 'resource-0-17',
           'label' => 'ATR-FTIR',
           'resource_id' => '17',
           'resourceAdminGroupId' => NULL,
           'scheduleId' => '1',
           'statusId' => '1',
           'scheduleAdminGroupId' => NULL,
           'requiresApproval' => 0,
           'isCheckInEnabled' => 0,
           'isAutoReleased' => false,
           'autoReleaseMinutes' => NULL,
           'minLength' => 
          TimeInterval::__set_state(array(
             'interval' => NULL,
          )),
           'resourceTypeId' => '2',
           'color' => '#e8fa05',
           'textColor' => '#000000',
        )),
        2 => 
        ResourceGroupAssignment::__set_state(array(
           'type' => 'resource',
           'group_id' => 0,
           'resource_name' => 'CHNS',
           'id' => 'resource-0-9',
           'label' => 'CHNS',
           'resource_id' => '9',
           'resourceAdminGroupId' => NULL,
           'scheduleId' => '1',
           'statusId' => '1',
           'scheduleAdminGroupId' => NULL,
           'requiresApproval' => 0,
           'isCheckInEnabled' => 0,
           'isAutoReleased' => false,
           'autoReleaseMinutes' => NULL,
           'minLength' => 
          TimeInterval::__set_state(array(
             'interval' => NULL,
          )),
           'resourceTypeId' => '5',
           'color' => '#ffddee',
           'textColor' => '#000000',
        )),
        3 => 
        ResourceGroupAssignment::__set_state(array(
           'type' => 'resource',
           'group_id' => 0,
           'resource_name' => 'Dispersive-RAMAN',
           'id' => 'resource-0-23',
           'label' => 'Dispersive-RAMAN',
           'resource_id' => '23',
           'resourceAdminGroupId' => NULL,
           'scheduleId' => '1',
           'statusId' => '1',
           'scheduleAdminGroupId' => NULL,
           'requiresApproval' => 0,
           'isCheckInEnabled' => 0,
           'isAutoReleased' => false,
           'autoReleaseMinutes' => NULL,
           'minLength' => 
          TimeInterval::__set_state(array(
             'interval' => NULL,
          )),
           'resourceTypeId' => '2',
           'color' => '#117b14',
           'textColor' => '#FFFFFF',
        )),
        4 => 
        ResourceGroupAssignment::__set_state(array(
           'type' => 'resource',
           'group_id' => 0,
           'resource_name' => 'DLS',
           'id' => 'resource-0-18',
           'label' => 'DLS',
           'resource_id' => '18',
           'resourceAdminGroupId' => NULL,
           'scheduleId' => '1',
           'statusId' => '1',
           'scheduleAdminGroupId' => NULL,
           'requiresApproval' => 0,
           'isCheckInEnabled' => 0,
           'isAutoReleased' => false,
           'autoReleaseMinutes' => NULL,
           'minLength' => 
          TimeInterval::__set_state(array(
             'interval' => NULL,
          )),
           'resourceTypeId' => '8',
           'color' => '#8080c0',
           'textColor' => '#000000',
        )),
        5 => 
        ResourceGroupAssignment::__set_state(array(
           'type' => 'resource',
           'group_id' => 0,
           'resource_name' => 'DSC',
           'id' => 'resource-0-7',
           'label' => 'DSC',
           'resource_id' => '7',
           'resourceAdminGroupId' => NULL,
           'scheduleId' => '1',
           'statusId' => '1',
           'scheduleAdminGroupId' => NULL,
           'requiresApproval' => 0,
           'isCheckInEnabled' => 0,
           'isAutoReleased' => false,
           'autoReleaseMinutes' => NULL,
           'minLength' => 
          TimeInterval::__set_state(array(
             'interval' => NULL,
          )),
           'resourceTypeId' => '7',
           'color' => '#ff0080',
           'textColor' => '#FFFFFF',
        )),
        6 => 
        ResourceGroupAssignment::__set_state(array(
           'type' => 'resource',
           'group_id' => 0,
           'resource_name' => 'FLS',
           'id' => 'resource-0-26',
           'label' => 'FLS',
           'resource_id' => '26',
           'resourceAdminGroupId' => NULL,
           'scheduleId' => '21',
           'statusId' => '1',
           'scheduleAdminGroupId' => NULL,
           'requiresApproval' => 0,
           'isCheckInEnabled' => 0,
           'isAutoReleased' => false,
           'autoReleaseMinutes' => NULL,
           'minLength' => 
          TimeInterval::__set_state(array(
             'interval' => NULL,
          )),
           'resourceTypeId' => '2',
           'color' => '#800080',
           'textColor' => '#FFFFFF',
        )),
        7 => 
        ResourceGroupAssignment::__set_state(array(
           'type' => 'resource',
           'group_id' => 0,
           'resource_name' => 'FT-RAMAN',
           'id' => 'resource-0-22',
           'label' => 'FT-RAMAN',
           'resource_id' => '22',
           'resourceAdminGroupId' => NULL,
           'scheduleId' => '1',
           'statusId' => '1',
           'scheduleAdminGroupId' => NULL,
           'requiresApproval' => 0,
           'isCheckInEnabled' => 0,
           'isAutoReleased' => false,
           'autoReleaseMinutes' => NULL,
           'minLength' => 
          TimeInterval::__set_state(array(
             'interval' => NULL,
          )),
           'resourceTypeId' => '2',
           'color' => '#0080c0',
           'textColor' => '#FFFFFF',
        )),
        8 => 
        ResourceGroupAssignment::__set_state(array(
           'type' => 'resource',
           'group_id' => 0,
           'resource_name' => 'GC-MS',
           'id' => 'resource-0-15',
           'label' => 'GC-MS',
           'resource_id' => '15',
           'resourceAdminGroupId' => NULL,
           'scheduleId' => '1',
           'statusId' => '1',
           'scheduleAdminGroupId' => NULL,
           'requiresApproval' => 0,
           'isCheckInEnabled' => 0,
           'isAutoReleased' => false,
           'autoReleaseMinutes' => NULL,
           'minLength' => 
          TimeInterval::__set_state(array(
             'interval' => NULL,
          )),
           'resourceTypeId' => '4',
           'color' => '#804040',
           'textColor' => '#FFFFFF',
        )),
        9 => 
        ResourceGroupAssignment::__set_state(array(
           'type' => 'resource',
           'group_id' => 0,
           'resource_name' => 'GPC',
           'id' => 'resource-0-11',
           'label' => 'GPC',
           'resource_id' => '11',
           'resourceAdminGroupId' => NULL,
           'scheduleId' => '1',
           'statusId' => '1',
           'scheduleAdminGroupId' => NULL,
           'requiresApproval' => 0,
           'isCheckInEnabled' => 0,
           'isAutoReleased' => false,
           'autoReleaseMinutes' => NULL,
           'minLength' => 
          TimeInterval::__set_state(array(
             'interval' => NULL,
          )),
           'resourceTypeId' => '4',
           'color' => '#ff80ff',
           'textColor' => '#000000',
        )),
        10 => 
        ResourceGroupAssignment::__set_state(array(
           'type' => 'resource',
           'group_id' => 0,
           'resource_name' => 'HPLC',
           'id' => 'resource-0-13',
           'label' => 'HPLC',
           'resource_id' => '13',
           'resourceAdminGroupId' => NULL,
           'scheduleId' => '1',
           'statusId' => '1',
           'scheduleAdminGroupId' => NULL,
           'requiresApproval' => 0,
           'isCheckInEnabled' => 0,
           'isAutoReleased' => false,
           'autoReleaseMinutes' => NULL,
           'minLength' => 
          TimeInterval::__set_state(array(
             'interval' => NULL,
          )),
           'resourceTypeId' => '4',
           'color' => '#ff8000',
           'textColor' => '#000000',
        )),
        11 => 
        ResourceGroupAssignment::__set_state(array(
           'type' => 'resource',
           'group_id' => 0,
           'resource_name' => 'ICP-OES',
           'id' => 'resource-0-12',
           'label' => 'ICP-OES',
           'resource_id' => '12',
           'resourceAdminGroupId' => NULL,
           'scheduleId' => '25',
           'statusId' => '1',
           'scheduleAdminGroupId' => NULL,
           'requiresApproval' => 0,
           'isCheckInEnabled' => 0,
           'isAutoReleased' => false,
           'autoReleaseMinutes' => NULL,
           'minLength' => 
          TimeInterval::__set_state(array(
             'interval' => NULL,
          )),
           'resourceTypeId' => '5',
           'color' => '#804040',
           'textColor' => '#FFFFFF',
        )),
        12 => 
        ResourceGroupAssignment::__set_state(array(
           'type' => 'resource',
           'group_id' => 0,
           'resource_name' => 'LC-QTOF-MS/MS, LC-Fraction Collectors',
           'id' => 'resource-0-24',
           'label' => 'LC-QTOF-MS/MS, LC-Fraction Collectors',
           'resource_id' => '24',
           'resourceAdminGroupId' => NULL,
           'scheduleId' => '20',
           'statusId' => '1',
           'scheduleAdminGroupId' => NULL,
           'requiresApproval' => 0,
           'isCheckInEnabled' => 0,
           'isAutoReleased' => false,
           'autoReleaseMinutes' => NULL,
           'minLength' => 
          TimeInterval::__set_state(array(
             'interval' => NULL,
          )),
           'resourceTypeId' => '4',
           'color' => '#c5e7e4',
           'textColor' => '#000000',
        )),
        13 => 
        ResourceGroupAssignment::__set_state(array(
           'type' => 'resource',
           'group_id' => 0,
           'resource_name' => 'MALDI-TOF-MS/MS',
           'id' => 'resource-0-14',
           'label' => 'MALDI-TOF-MS/MS',
           'resource_id' => '14',
           'resourceAdminGroupId' => NULL,
           'scheduleId' => '1',
           'statusId' => '1',
           'scheduleAdminGroupId' => NULL,
           'requiresApproval' => 0,
           'isCheckInEnabled' => 0,
           'isAutoReleased' => false,
           'autoReleaseMinutes' => NULL,
           'minLength' => 
          TimeInterval::__set_state(array(
             'interval' => NULL,
          )),
           'resourceTypeId' => '4',
           'color' => '#800080',
           'textColor' => '#FFFFFF',
        )),
        14 => 
        ResourceGroupAssignment::__set_state(array(
           'type' => 'resource',
           'group_id' => 0,
           'resource_name' => 'NMR (Night Time)',
           'id' => 'resource-0-28',
           'label' => 'NMR (Night Time)',
           'resource_id' => '28',
           'resourceAdminGroupId' => NULL,
           'scheduleId' => '22',
           'statusId' => '1',
           'scheduleAdminGroupId' => NULL,
           'requiresApproval' => 0,
           'isCheckInEnabled' => 0,
           'isAutoReleased' => false,
           'autoReleaseMinutes' => NULL,
           'minLength' => 
          TimeInterval::__set_state(array(
             'interval' => NULL,
          )),
           'resourceTypeId' => '2',
           'color' => '#ff80c0',
           'textColor' => '#000000',
        )),
        15 => 
        ResourceGroupAssignment::__set_state(array(
           'type' => 'resource',
           'group_id' => 0,
           'resource_name' => 'Photoelectron Spectrometer (AC-II)',
           'id' => 'resource-0-29',
           'label' => 'Photoelectron Spectrometer (AC-II)',
           'resource_id' => '29',
           'resourceAdminGroupId' => NULL,
           'scheduleId' => '1',
           'statusId' => '1',
           'scheduleAdminGroupId' => NULL,
           'requiresApproval' => 0,
           'isCheckInEnabled' => 0,
           'isAutoReleased' => false,
           'autoReleaseMinutes' => NULL,
           'minLength' => 
          TimeInterval::__set_state(array(
             'interval' => NULL,
          )),
           'resourceTypeId' => '2',
           'color' => '#ffffcc',
           'textColor' => '#000000',
        )),
        16 => 
        ResourceGroupAssignment::__set_state(array(
           'type' => 'resource',
           'group_id' => 0,
           'resource_name' => 'SC-XRD',
           'id' => 'resource-0-30',
           'label' => 'SC-XRD',
           'resource_id' => '30',
           'resourceAdminGroupId' => NULL,
           'scheduleId' => '1',
           'statusId' => '1',
           'scheduleAdminGroupId' => NULL,
           'requiresApproval' => 0,
           'isCheckInEnabled' => 0,
           'isAutoReleased' => false,
           'autoReleaseMinutes' => NULL,
           'minLength' => 
          TimeInterval::__set_state(array(
             'interval' => NULL,
          )),
           'resourceTypeId' => '3',
           'color' => '',
           'textColor' => '',
        )),
        17 => 
        ResourceGroupAssignment::__set_state(array(
           'type' => 'resource',
           'group_id' => 0,
           'resource_name' => 'SEM',
           'id' => 'resource-0-19',
           'label' => 'SEM',
           'resource_id' => '19',
           'resourceAdminGroupId' => NULL,
           'scheduleId' => '9',
           'statusId' => '1',
           'scheduleAdminGroupId' => NULL,
           'requiresApproval' => 0,
           'isCheckInEnabled' => 0,
           'isAutoReleased' => false,
           'autoReleaseMinutes' => NULL,
           'minLength' => 
          TimeInterval::__set_state(array(
             'interval' => NULL,
          )),
           'resourceTypeId' => '1',
           'color' => '#468c8c',
           'textColor' => '#FFFFFF',
        )),
        18 => 
        ResourceGroupAssignment::__set_state(array(
           'type' => 'resource',
           'group_id' => 0,
           'resource_name' => 'TEM',
           'id' => 'resource-0-25',
           'label' => 'TEM',
           'resource_id' => '25',
           'resourceAdminGroupId' => NULL,
           'scheduleId' => '16',
           'statusId' => '1',
           'scheduleAdminGroupId' => NULL,
           'requiresApproval' => 0,
           'isCheckInEnabled' => 0,
           'isAutoReleased' => false,
           'autoReleaseMinutes' => NULL,
           'minLength' => 
          TimeInterval::__set_state(array(
             'interval' => NULL,
          )),
           'resourceTypeId' => '1',
           'color' => '#400080',
           'textColor' => '#FFFFFF',
        )),
        19 => 
        ResourceGroupAssignment::__set_state(array(
           'type' => 'resource',
           'group_id' => 0,
           'resource_name' => 'TGA',
           'id' => 'resource-0-8',
           'label' => 'TGA',
           'resource_id' => '8',
           'resourceAdminGroupId' => NULL,
           'scheduleId' => '1',
           'statusId' => '1',
           'scheduleAdminGroupId' => NULL,
           'requiresApproval' => 0,
           'isCheckInEnabled' => 0,
           'isAutoReleased' => false,
           'autoReleaseMinutes' => NULL,
           'minLength' => 
          TimeInterval::__set_state(array(
             'interval' => NULL,
          )),
           'resourceTypeId' => '7',
           'color' => '#ff80c0',
           'textColor' => '#000000',
        )),
        20 => 
        ResourceGroupAssignment::__set_state(array(
           'type' => 'resource',
           'group_id' => 0,
           'resource_name' => 'TGA-DTA (Rigaku)',
           'id' => 'resource-0-31',
           'label' => 'TGA-DTA (Rigaku)',
           'resource_id' => '31',
           'resourceAdminGroupId' => NULL,
           'scheduleId' => '24',
           'statusId' => '1',
           'scheduleAdminGroupId' => NULL,
           'requiresApproval' => 0,
           'isCheckInEnabled' => 0,
           'isAutoReleased' => false,
           'autoReleaseMinutes' => NULL,
           'minLength' => 
          TimeInterval::__set_state(array(
             'interval' => NULL,
          )),
           'resourceTypeId' => '7',
           'color' => '#f7c8e0',
           'textColor' => '#000000',
        )),
        21 => 
        ResourceGroupAssignment::__set_state(array(
           'type' => 'resource',
           'group_id' => 0,
           'resource_name' => 'UV-VIS (Cary100)',
           'id' => 'resource-0-27',
           'label' => 'UV-VIS (Cary100)',
           'resource_id' => '27',
           'resourceAdminGroupId' => NULL,
           'scheduleId' => '12',
           'statusId' => '1',
           'scheduleAdminGroupId' => NULL,
           'requiresApproval' => 0,
           'isCheckInEnabled' => 0,
           'isAutoReleased' => false,
           'autoReleaseMinutes' => NULL,
           'minLength' => 
          TimeInterval::__set_state(array(
             'interval' => NULL,
          )),
           'resourceTypeId' => '2',
           'color' => '#d1b541',
           'textColor' => '#000000',
        )),
        22 => 
        ResourceGroupAssignment::__set_state(array(
           'type' => 'resource',
           'group_id' => 0,
           'resource_name' => 'UV/VIS/NIR (Lambda 1050)',
           'id' => 'resource-0-16',
           'label' => 'UV/VIS/NIR (Lambda 1050)',
           'resource_id' => '16',
           'resourceAdminGroupId' => NULL,
           'scheduleId' => '13',
           'statusId' => '1',
           'scheduleAdminGroupId' => NULL,
           'requiresApproval' => 0,
           'isCheckInEnabled' => 0,
           'isAutoReleased' => false,
           'autoReleaseMinutes' => NULL,
           'minLength' => 
          TimeInterval::__set_state(array(
             'interval' => NULL,
          )),
           'resourceTypeId' => '2',
           'color' => '#7b0000',
           'textColor' => '#FFFFFF',
        )),
        23 => 
        ResourceGroupAssignment::__set_state(array(
           'type' => 'resource',
           'group_id' => 0,
           'resource_name' => 'WDXRF',
           'id' => 'resource-0-21',
           'label' => 'WDXRF',
           'resource_id' => '21',
           'resourceAdminGroupId' => NULL,
           'scheduleId' => '1',
           'statusId' => '1',
           'scheduleAdminGroupId' => NULL,
           'requiresApproval' => 0,
           'isCheckInEnabled' => 0,
           'isAutoReleased' => false,
           'autoReleaseMinutes' => NULL,
           'minLength' => 
          TimeInterval::__set_state(array(
             'interval' => NULL,
          )),
           'resourceTypeId' => '5',
           'color' => '#808040',
           'textColor' => '#FFFFFF',
        )),
        24 => 
        ResourceGroupAssignment::__set_state(array(
           'type' => 'resource',
           'group_id' => 0,
           'resource_name' => 'XPS',
           'id' => 'resource-0-20',
           'label' => 'XPS',
           'resource_id' => '20',
           'resourceAdminGroupId' => NULL,
           'scheduleId' => '25',
           'statusId' => '1',
           'scheduleAdminGroupId' => NULL,
           'requiresApproval' => 0,
           'isCheckInEnabled' => 0,
           'isAutoReleased' => false,
           'autoReleaseMinutes' => NULL,
           'minLength' => 
          TimeInterval::__set_state(array(
             'interval' => NULL,
          )),
           'resourceTypeId' => '2',
           'color' => '#008040',
           'textColor' => '#FFFFFF',
        )),
        25 => 
        ResourceGroupAssignment::__set_state(array(
           'type' => 'resource',
           'group_id' => 0,
           'resource_name' => 'XRD',
           'id' => 'resource-0-2',
           'label' => 'XRD',
           'resource_id' => '2',
           'resourceAdminGroupId' => NULL,
           'scheduleId' => '1',
           'statusId' => '1',
           'scheduleAdminGroupId' => NULL,
           'requiresApproval' => 0,
           'isCheckInEnabled' => 0,
           'isAutoReleased' => false,
           'autoReleaseMinutes' => NULL,
           'minLength' => 
          TimeInterval::__set_state(array(
             'interval' => NULL,
          )),
           'resourceTypeId' => '3',
           'color' => '#00ff00',
           'textColor' => '#000000',
        )),
      ),
       'type' => 'group',
    )),
  ),
   'resources' => 
  array (
    10 => 
    ResourceDto::__set_state(array(
       'Id' => '10',
       'Name' => 'AFM',
       'CanAccess' => true,
       'ScheduleId' => '1',
       'MinimumLength' => 
      TimeInterval::__set_state(array(
         'interval' => NULL,
      )),
       'ResourceTypeId' => '1',
       'AdminGroupId' => NULL,
       'ScheduleAdminGroupId' => NULL,
       'StatusId' => '1',
       'RequiresApproval' => 0,
       'IsCheckInEnabled' => 0,
       'IsAutoReleased' => false,
       'AutoReleaseMinutes' => NULL,
       'Color' => '#ff80c0',
       'TextColor' => '#000000',
    )),
    17 => 
    ResourceDto::__set_state(array(
       'Id' => '17',
       'Name' => 'ATR-FTIR',
       'CanAccess' => true,
       'ScheduleId' => '1',
       'MinimumLength' => 
      TimeInterval::__set_state(array(
         'interval' => NULL,
      )),
       'ResourceTypeId' => '2',
       'AdminGroupId' => NULL,
       'ScheduleAdminGroupId' => NULL,
       'StatusId' => '1',
       'RequiresApproval' => 0,
       'IsCheckInEnabled' => 0,
       'IsAutoReleased' => false,
       'AutoReleaseMinutes' => NULL,
       'Color' => '#e8fa05',
       'TextColor' => '#000000',
    )),
    9 => 
    ResourceDto::__set_state(array(
       'Id' => '9',
       'Name' => 'CHNS',
       'CanAccess' => true,
       'ScheduleId' => '1',
       'MinimumLength' => 
      TimeInterval::__set_state(array(
         'interval' => NULL,
      )),
       'ResourceTypeId' => '5',
       'AdminGroupId' => NULL,
       'ScheduleAdminGroupId' => NULL,
       'StatusId' => '1',
       'RequiresApproval' => 0,
       'IsCheckInEnabled' => 0,
       'IsAutoReleased' => false,
       'AutoReleaseMinutes' => NULL,
       'Color' => '#ffddee',
       'TextColor' => '#000000',
    )),
    23 => 
    ResourceDto::__set_state(array(
       'Id' => '23',
       'Name' => 'Dispersive-RAMAN',
       'CanAccess' => true,
       'ScheduleId' => '1',
       'MinimumLength' => 
      TimeInterval::__set_state(array(
         'interval' => NULL,
      )),
       'ResourceTypeId' => '2',
       'AdminGroupId' => NULL,
       'ScheduleAdminGroupId' => NULL,
       'StatusId' => '1',
       'RequiresApproval' => 0,
       'IsCheckInEnabled' => 0,
       'IsAutoReleased' => false,
       'AutoReleaseMinutes' => NULL,
       'Color' => '#117b14',
       'TextColor' => '#FFFFFF',
    )),
    18 => 
    ResourceDto::__set_state(array(
       'Id' => '18',
       'Name' => 'DLS',
       'CanAccess' => true,
       'ScheduleId' => '1',
       'MinimumLength' => 
      TimeInterval::__set_state(array(
         'interval' => NULL,
      )),
       'ResourceTypeId' => '8',
       'AdminGroupId' => NULL,
       'ScheduleAdminGroupId' => NULL,
       'StatusId' => '1',
       'RequiresApproval' => 0,
       'IsCheckInEnabled' => 0,
       'IsAutoReleased' => false,
       'AutoReleaseMinutes' => NULL,
       'Color' => '#8080c0',
       'TextColor' => '#000000',
    )),
    7 => 
    ResourceDto::__set_state(array(
       'Id' => '7',
       'Name' => 'DSC',
       'CanAccess' => true,
       'ScheduleId' => '1',
       'MinimumLength' => 
      TimeInterval::__set_state(array(
         'interval' => NULL,
      )),
       'ResourceTypeId' => '7',
       'AdminGroupId' => NULL,
       'ScheduleAdminGroupId' => NULL,
       'StatusId' => '1',
       'RequiresApproval' => 0,
       'IsCheckInEnabled' => 0,
       'IsAutoReleased' => false,
       'AutoReleaseMinutes' => NULL,
       'Color' => '#ff0080',
       'TextColor' => '#FFFFFF',
    )),
    26 => 
    ResourceDto::__set_state(array(
       'Id' => '26',
       'Name' => 'FLS',
       'CanAccess' => true,
       'ScheduleId' => '21',
       'MinimumLength' => 
      TimeInterval::__set_state(array(
         'interval' => NULL,
      )),
       'ResourceTypeId' => '2',
       'AdminGroupId' => NULL,
       'ScheduleAdminGroupId' => NULL,
       'StatusId' => '1',
       'RequiresApproval' => 0,
       'IsCheckInEnabled' => 0,
       'IsAutoReleased' => false,
       'AutoReleaseMinutes' => NULL,
       'Color' => '#800080',
       'TextColor' => '#FFFFFF',
    )),
    22 => 
    ResourceDto::__set_state(array(
       'Id' => '22',
       'Name' => 'FT-RAMAN',
       'CanAccess' => true,
       'ScheduleId' => '1',
       'MinimumLength' => 
      TimeInterval::__set_state(array(
         'interval' => NULL,
      )),
       'ResourceTypeId' => '2',
       'AdminGroupId' => NULL,
       'ScheduleAdminGroupId' => NULL,
       'StatusId' => '1',
       'RequiresApproval' => 0,
       'IsCheckInEnabled' => 0,
       'IsAutoReleased' => false,
       'AutoReleaseMinutes' => NULL,
       'Color' => '#0080c0',
       'TextColor' => '#FFFFFF',
    )),
    15 => 
    ResourceDto::__set_state(array(
       'Id' => '15',
       'Name' => 'GC-MS',
       'CanAccess' => true,
       'ScheduleId' => '1',
       'MinimumLength' => 
      TimeInterval::__set_state(array(
         'interval' => NULL,
      )),
       'ResourceTypeId' => '4',
       'AdminGroupId' => NULL,
       'ScheduleAdminGroupId' => NULL,
       'StatusId' => '1',
       'RequiresApproval' => 0,
       'IsCheckInEnabled' => 0,
       'IsAutoReleased' => false,
       'AutoReleaseMinutes' => NULL,
       'Color' => '#804040',
       'TextColor' => '#FFFFFF',
    )),
    11 => 
    ResourceDto::__set_state(array(
       'Id' => '11',
       'Name' => 'GPC',
       'CanAccess' => true,
       'ScheduleId' => '1',
       'MinimumLength' => 
      TimeInterval::__set_state(array(
         'interval' => NULL,
      )),
       'ResourceTypeId' => '4',
       'AdminGroupId' => NULL,
       'ScheduleAdminGroupId' => NULL,
       'StatusId' => '1',
       'RequiresApproval' => 0,
       'IsCheckInEnabled' => 0,
       'IsAutoReleased' => false,
       'AutoReleaseMinutes' => NULL,
       'Color' => '#ff80ff',
       'TextColor' => '#000000',
    )),
    13 => 
    ResourceDto::__set_state(array(
       'Id' => '13',
       'Name' => 'HPLC',
       'CanAccess' => true,
       'ScheduleId' => '1',
       'MinimumLength' => 
      TimeInterval::__set_state(array(
         'interval' => NULL,
      )),
       'ResourceTypeId' => '4',
       'AdminGroupId' => NULL,
       'ScheduleAdminGroupId' => NULL,
       'StatusId' => '1',
       'RequiresApproval' => 0,
       'IsCheckInEnabled' => 0,
       'IsAutoReleased' => false,
       'AutoReleaseMinutes' => NULL,
       'Color' => '#ff8000',
       'TextColor' => '#000000',
    )),
    12 => 
    ResourceDto::__set_state(array(
       'Id' => '12',
       'Name' => 'ICP-OES',
       'CanAccess' => true,
       'ScheduleId' => '25',
       'MinimumLength' => 
      TimeInterval::__set_state(array(
         'interval' => NULL,
      )),
       'ResourceTypeId' => '5',
       'AdminGroupId' => NULL,
       'ScheduleAdminGroupId' => NULL,
       'StatusId' => '1',
       'RequiresApproval' => 0,
       'IsCheckInEnabled' => 0,
       'IsAutoReleased' => false,
       'AutoReleaseMinutes' => NULL,
       'Color' => '#804040',
       'TextColor' => '#FFFFFF',
    )),
    24 => 
    ResourceDto::__set_state(array(
       'Id' => '24',
       'Name' => 'LC-QTOF-MS/MS, LC-Fraction Collectors',
       'CanAccess' => true,
       'ScheduleId' => '20',
       'MinimumLength' => 
      TimeInterval::__set_state(array(
         'interval' => NULL,
      )),
       'ResourceTypeId' => '4',
       'AdminGroupId' => NULL,
       'ScheduleAdminGroupId' => NULL,
       'StatusId' => '1',
       'RequiresApproval' => 0,
       'IsCheckInEnabled' => 0,
       'IsAutoReleased' => false,
       'AutoReleaseMinutes' => NULL,
       'Color' => '#c5e7e4',
       'TextColor' => '#000000',
    )),
    14 => 
    ResourceDto::__set_state(array(
       'Id' => '14',
       'Name' => 'MALDI-TOF-MS/MS',
       'CanAccess' => true,
       'ScheduleId' => '1',
       'MinimumLength' => 
      TimeInterval::__set_state(array(
         'interval' => NULL,
      )),
       'ResourceTypeId' => '4',
       'AdminGroupId' => NULL,
       'ScheduleAdminGroupId' => NULL,
       'StatusId' => '1',
       'RequiresApproval' => 0,
       'IsCheckInEnabled' => 0,
       'IsAutoReleased' => false,
       'AutoReleaseMinutes' => NULL,
       'Color' => '#800080',
       'TextColor' => '#FFFFFF',
    )),
    28 => 
    ResourceDto::__set_state(array(
       'Id' => '28',
       'Name' => 'NMR (Night Time)',
       'CanAccess' => true,
       'ScheduleId' => '22',
       'MinimumLength' => 
      TimeInterval::__set_state(array(
         'interval' => NULL,
      )),
       'ResourceTypeId' => '2',
       'AdminGroupId' => NULL,
       'ScheduleAdminGroupId' => NULL,
       'StatusId' => '1',
       'RequiresApproval' => 0,
       'IsCheckInEnabled' => 0,
       'IsAutoReleased' => false,
       'AutoReleaseMinutes' => NULL,
       'Color' => '#ff80c0',
       'TextColor' => '#000000',
    )),
    29 => 
    ResourceDto::__set_state(array(
       'Id' => '29',
       'Name' => 'Photoelectron Spectrometer (AC-II)',
       'CanAccess' => true,
       'ScheduleId' => '1',
       'MinimumLength' => 
      TimeInterval::__set_state(array(
         'interval' => NULL,
      )),
       'ResourceTypeId' => '2',
       'AdminGroupId' => NULL,
       'ScheduleAdminGroupId' => NULL,
       'StatusId' => '1',
       'RequiresApproval' => 0,
       'IsCheckInEnabled' => 0,
       'IsAutoReleased' => false,
       'AutoReleaseMinutes' => NULL,
       'Color' => '#ffffcc',
       'TextColor' => '#000000',
    )),
    30 => 
    ResourceDto::__set_state(array(
       'Id' => '30',
       'Name' => 'SC-XRD',
       'CanAccess' => true,
       'ScheduleId' => '1',
       'MinimumLength' => 
      TimeInterval::__set_state(array(
         'interval' => NULL,
      )),
       'ResourceTypeId' => '3',
       'AdminGroupId' => NULL,
       'ScheduleAdminGroupId' => NULL,
       'StatusId' => '1',
       'RequiresApproval' => 0,
       'IsCheckInEnabled' => 0,
       'IsAutoReleased' => false,
       'AutoReleaseMinutes' => NULL,
       'Color' => '',
       'TextColor' => '',
    )),
    19 => 
    ResourceDto::__set_state(array(
       'Id' => '19',
       'Name' => 'SEM',
       'CanAccess' => true,
       'ScheduleId' => '9',
       'MinimumLength' => 
      TimeInterval::__set_state(array(
         'interval' => NULL,
      )),
       'ResourceTypeId' => '1',
       'AdminGroupId' => NULL,
       'ScheduleAdminGroupId' => NULL,
       'StatusId' => '1',
       'RequiresApproval' => 0,
       'IsCheckInEnabled' => 0,
       'IsAutoReleased' => false,
       'AutoReleaseMinutes' => NULL,
       'Color' => '#468c8c',
       'TextColor' => '#FFFFFF',
    )),
    25 => 
    ResourceDto::__set_state(array(
       'Id' => '25',
       'Name' => 'TEM',
       'CanAccess' => true,
       'ScheduleId' => '16',
       'MinimumLength' => 
      TimeInterval::__set_state(array(
         'interval' => NULL,
      )),
       'ResourceTypeId' => '1',
       'AdminGroupId' => NULL,
       'ScheduleAdminGroupId' => NULL,
       'StatusId' => '1',
       'RequiresApproval' => 0,
       'IsCheckInEnabled' => 0,
       'IsAutoReleased' => false,
       'AutoReleaseMinutes' => NULL,
       'Color' => '#400080',
       'TextColor' => '#FFFFFF',
    )),
    8 => 
    ResourceDto::__set_state(array(
       'Id' => '8',
       'Name' => 'TGA',
       'CanAccess' => true,
       'ScheduleId' => '1',
       'MinimumLength' => 
      TimeInterval::__set_state(array(
         'interval' => NULL,
      )),
       'ResourceTypeId' => '7',
       'AdminGroupId' => NULL,
       'ScheduleAdminGroupId' => NULL,
       'StatusId' => '1',
       'RequiresApproval' => 0,
       'IsCheckInEnabled' => 0,
       'IsAutoReleased' => false,
       'AutoReleaseMinutes' => NULL,
       'Color' => '#ff80c0',
       'TextColor' => '#000000',
    )),
    31 => 
    ResourceDto::__set_state(array(
       'Id' => '31',
       'Name' => 'TGA-DTA (Rigaku)',
       'CanAccess' => true,
       'ScheduleId' => '24',
       'MinimumLength' => 
      TimeInterval::__set_state(array(
         'interval' => NULL,
      )),
       'ResourceTypeId' => '7',
       'AdminGroupId' => NULL,
       'ScheduleAdminGroupId' => NULL,
       'StatusId' => '1',
       'RequiresApproval' => 0,
       'IsCheckInEnabled' => 0,
       'IsAutoReleased' => false,
       'AutoReleaseMinutes' => NULL,
       'Color' => '#f7c8e0',
       'TextColor' => '#000000',
    )),
    27 => 
    ResourceDto::__set_state(array(
       'Id' => '27',
       'Name' => 'UV-VIS (Cary100)',
       'CanAccess' => true,
       'ScheduleId' => '12',
       'MinimumLength' => 
      TimeInterval::__set_state(array(
         'interval' => NULL,
      )),
       'ResourceTypeId' => '2',
       'AdminGroupId' => NULL,
       'ScheduleAdminGroupId' => NULL,
       'StatusId' => '1',
       'RequiresApproval' => 0,
       'IsCheckInEnabled' => 0,
       'IsAutoReleased' => false,
       'AutoReleaseMinutes' => NULL,
       'Color' => '#d1b541',
       'TextColor' => '#000000',
    )),
    16 => 
    ResourceDto::__set_state(array(
       'Id' => '16',
       'Name' => 'UV/VIS/NIR (Lambda 1050)',
       'CanAccess' => true,
       'ScheduleId' => '13',
       'MinimumLength' => 
      TimeInterval::__set_state(array(
         'interval' => NULL,
      )),
       'ResourceTypeId' => '2',
       'AdminGroupId' => NULL,
       'ScheduleAdminGroupId' => NULL,
       'StatusId' => '1',
       'RequiresApproval' => 0,
       'IsCheckInEnabled' => 0,
       'IsAutoReleased' => false,
       'AutoReleaseMinutes' => NULL,
       'Color' => '#7b0000',
       'TextColor' => '#FFFFFF',
    )),
    21 => 
    ResourceDto::__set_state(array(
       'Id' => '21',
       'Name' => 'WDXRF',
       'CanAccess' => true,
       'ScheduleId' => '1',
       'MinimumLength' => 
      TimeInterval::__set_state(array(
         'interval' => NULL,
      )),
       'ResourceTypeId' => '5',
       'AdminGroupId' => NULL,
       'ScheduleAdminGroupId' => NULL,
       'StatusId' => '1',
       'RequiresApproval' => 0,
       'IsCheckInEnabled' => 0,
       'IsAutoReleased' => false,
       'AutoReleaseMinutes' => NULL,
       'Color' => '#808040',
       'TextColor' => '#FFFFFF',
    )),
    20 => 
    ResourceDto::__set_state(array(
       'Id' => '20',
       'Name' => 'XPS',
       'CanAccess' => true,
       'ScheduleId' => '25',
       'MinimumLength' => 
      TimeInterval::__set_state(array(
         'interval' => NULL,
      )),
       'ResourceTypeId' => '2',
       'AdminGroupId' => NULL,
       'ScheduleAdminGroupId' => NULL,
       'StatusId' => '1',
       'RequiresApproval' => 0,
       'IsCheckInEnabled' => 0,
       'IsAutoReleased' => false,
       'AutoReleaseMinutes' => NULL,
       'Color' => '#008040',
       'TextColor' => '#FFFFFF',
    )),
    2 => 
    ResourceDto::__set_state(array(
       'Id' => '2',
       'Name' => 'XRD',
       'CanAccess' => true,
       'ScheduleId' => '1',
       'MinimumLength' => 
      TimeInterval::__set_state(array(
         'interval' => NULL,
      )),
       'ResourceTypeId' => '3',
       'AdminGroupId' => NULL,
       'ScheduleAdminGroupId' => NULL,
       'StatusId' => '1',
       'RequiresApproval' => 0,
       'IsCheckInEnabled' => 0,
       'IsAutoReleased' => false,
       'AutoReleaseMinutes' => NULL,
       'Color' => '#00ff00',
       'TextColor' => '#000000',
    )),
  ),
   'orphaned' => 
  array (
  ),
)) [File=/var/www/html/booking/Presenters/Calendar/CalendarCommon.php,Line=367]
2020-09-24T15:44:37+07:00 [26] DEBUG default - [User=Tanut Choksatchawathi (tanut.cho@gmail.com)] added CalendarFilter [File=/var/www/html/booking/Domain/Values/UserPreferences.php,Line=113]
