2019-02-19T00:22:15+07:00 [30723] DEBUG sql - [User=  ()] MySql Query: SELECT user_id, password, salt, legacypassword
		FROM users
		WHERE (username = 'admin' OR email = 'admin') AND status_id = 1;
2019-02-19T00:22:21+07:00 [30913] DEBUG sql - [User=  ()] MySql Query: SELECT user_id, password, salt, legacypassword
		FROM users
		WHERE (username = 'admin' OR email = 'admin') AND status_id = 1;
2019-02-19T00:22:25+07:00 [30680] DEBUG sql - [User=  ()] MySql Query: SELECT user_id, password, salt, legacypassword
		FROM users
		WHERE (username = 'admin' OR email = 'admin') AND status_id = 1;
2019-02-19T00:24:13+07:00 [32566] DEBUG sql - [User=  ()] MySql Query: SELECT user_id, password, salt, legacypassword
		FROM users
		WHERE (username = 'admin' OR email = 'admin') AND status_id = 1;
2019-02-19T00:24:13+07:00 [32566] DEBUG sql - [User=  ()] MySql Query: SELECT * FROM users WHERE (username = 'admin' OR email = 'admin');
2019-02-19T00:24:13+07:00 [32566] DEBUG sql - [User=  ()] MySql Query: SELECT * FROM user_email_preferences WHERE user_id = '2';
2019-02-19T00:24:13+07:00 [32566] DEBUG sql - [User=  ()] MySql Query: SELECT
			urp.user_id, r.resource_id, r.name
		FROM
			user_resource_permissions urp, resources r
		WHERE
			urp.user_id = '2' AND r.resource_id = urp.resource_id;
2019-02-19T00:24:13+07:00 [32566] DEBUG sql - [User=  ()] MySql Query: SELECT g.*, r.role_level
		FROM user_groups ug
		INNER JOIN groups g ON ug.group_id = g.group_id
		LEFT JOIN group_roles gr ON ug.group_id = gr.group_id
		LEFT JOIN roles r ON gr.role_id = r.role_id
		WHERE user_id = '2' AND (null is null OR r.role_level IN (null) );
2019-02-19T00:24:13+07:00 [32566] DEBUG sql - [User=  ()] MySql Query: SELECT cav.*, ca.display_label
		FROM custom_attribute_values cav
		INNER JOIN custom_attributes ca ON ca.custom_attribute_id = cav.custom_attribute_id
		WHERE cav.attribute_category = '2' AND cav.entity_id = '2';
2019-02-19T00:24:13+07:00 [32566] DEBUG sql - [User=  ()] MySql Query: SELECT name, value FROM user_preferences WHERE user_id = '2';
2019-02-19T00:24:13+07:00 [32566] DEBUG sql - [User=  ()] MySql Execute: UPDATE users
		SET
			status_id = '1',
			password = '70f3e748c6801656e4aae9dca6ee98ab137d952c',
			salt = '4a04db87',
			fname = 'Admin',
			lname = 'A.',
			email = 'Frc.booking@vistec.ac.th',
			username = 'admin',
			homepageId = '1',
			last_modified = '2019-02-19 00:24:13',
			timezone = 'Asia/Bangkok',
			allow_calendar_subscription = '0',
			public_id = '5a0a250765a11',
			language = 'en_us',
			lastlogin = '2019-02-19 00:24:13',
			default_schedule_id = null,
			credit_count = '0.00'
		WHERE
			user_id = '2';
2019-02-19T00:24:13+07:00 [32566] DEBUG sql - [User=  ()] MySql Query: SELECT COUNT(*) as count FROM users;
2019-02-19T00:25:22+07:00 [30681] DEBUG sql - [User=  ()] MySql Query: SELECT user_id, password, salt, legacypassword
		FROM users
		WHERE (username = 'admin' OR email = 'admin') AND status_id = 1;
2019-02-19T00:25:22+07:00 [30681] DEBUG sql - [User=  ()] MySql Query: SELECT * FROM users WHERE (username = 'admin' OR email = 'admin');
2019-02-19T00:25:22+07:00 [30681] DEBUG sql - [User=  ()] MySql Query: SELECT * FROM user_email_preferences WHERE user_id = '2';
2019-02-19T00:25:22+07:00 [30681] DEBUG sql - [User=  ()] MySql Query: SELECT
			urp.user_id, r.resource_id, r.name
		FROM
			user_resource_permissions urp, resources r
		WHERE
			urp.user_id = '2' AND r.resource_id = urp.resource_id;
2019-02-19T00:25:22+07:00 [30681] DEBUG sql - [User=  ()] MySql Query: SELECT g.*, r.role_level
		FROM user_groups ug
		INNER JOIN groups g ON ug.group_id = g.group_id
		LEFT JOIN group_roles gr ON ug.group_id = gr.group_id
		LEFT JOIN roles r ON gr.role_id = r.role_id
		WHERE user_id = '2' AND (null is null OR r.role_level IN (null) );
2019-02-19T00:25:22+07:00 [30681] DEBUG sql - [User=  ()] MySql Query: SELECT cav.*, ca.display_label
		FROM custom_attribute_values cav
		INNER JOIN custom_attributes ca ON ca.custom_attribute_id = cav.custom_attribute_id
		WHERE cav.attribute_category = '2' AND cav.entity_id = '2';
2019-02-19T00:25:22+07:00 [30681] DEBUG sql - [User=  ()] MySql Query: SELECT name, value FROM user_preferences WHERE user_id = '2';
2019-02-19T00:25:22+07:00 [30681] DEBUG sql - [User=  ()] MySql Execute: UPDATE users
		SET
			status_id = '1',
			password = '70f3e748c6801656e4aae9dca6ee98ab137d952c',
			salt = '4a04db87',
			fname = 'Admin',
			lname = 'A.',
			email = 'Frc.booking@vistec.ac.th',
			username = 'admin',
			homepageId = '1',
			last_modified = '2019-02-19 00:25:22',
			timezone = 'Asia/Bangkok',
			allow_calendar_subscription = '0',
			public_id = '5a0a250765a11',
			language = 'en_us',
			lastlogin = '2019-02-19 00:25:22',
			default_schedule_id = null,
			credit_count = '0.00'
		WHERE
			user_id = '2';
2019-02-19T00:25:22+07:00 [30681] DEBUG sql - [User=  ()] MySql Query: SELECT COUNT(*) as count FROM users;
2019-02-19T00:30:56+07:00 [32566] DEBUG sql - [User=  ()] MySql Query: SELECT user_id, password, salt, legacypassword
		FROM users
		WHERE (username = 'admin' OR email = 'admin') AND status_id = 1;
2019-02-19T00:30:56+07:00 [32566] DEBUG sql - [User=  ()] MySql Query: SELECT * FROM users WHERE (username = 'admin' OR email = 'admin');
2019-02-19T00:30:56+07:00 [32566] DEBUG sql - [User=  ()] MySql Query: SELECT * FROM user_email_preferences WHERE user_id = '2';
2019-02-19T00:30:56+07:00 [32566] DEBUG sql - [User=  ()] MySql Query: SELECT
			urp.user_id, r.resource_id, r.name
		FROM
			user_resource_permissions urp, resources r
		WHERE
			urp.user_id = '2' AND r.resource_id = urp.resource_id;
2019-02-19T00:30:56+07:00 [32566] DEBUG sql - [User=  ()] MySql Query: SELECT g.*, r.role_level
		FROM user_groups ug
		INNER JOIN groups g ON ug.group_id = g.group_id
		LEFT JOIN group_roles gr ON ug.group_id = gr.group_id
		LEFT JOIN roles r ON gr.role_id = r.role_id
		WHERE user_id = '2' AND (null is null OR r.role_level IN (null) );
2019-02-19T00:30:56+07:00 [32566] DEBUG sql - [User=  ()] MySql Query: SELECT cav.*, ca.display_label
		FROM custom_attribute_values cav
		INNER JOIN custom_attributes ca ON ca.custom_attribute_id = cav.custom_attribute_id
		WHERE cav.attribute_category = '2' AND cav.entity_id = '2';
2019-02-19T00:30:56+07:00 [32566] DEBUG sql - [User=  ()] MySql Query: SELECT name, value FROM user_preferences WHERE user_id = '2';
2019-02-19T00:30:56+07:00 [32566] DEBUG sql - [User=  ()] MySql Execute: UPDATE users
		SET
			status_id = '1',
			password = '70f3e748c6801656e4aae9dca6ee98ab137d952c',
			salt = '4a04db87',
			fname = 'Admin',
			lname = 'A.',
			email = 'Frc.booking@vistec.ac.th',
			username = 'admin',
			homepageId = '1',
			last_modified = '2019-02-19 00:30:56',
			timezone = 'Asia/Bangkok',
			allow_calendar_subscription = '0',
			public_id = '5a0a250765a11',
			language = 'en_us',
			lastlogin = '2019-02-19 00:30:56',
			default_schedule_id = null,
			credit_count = '0.00'
		WHERE
			user_id = '2';
2019-02-19T00:30:56+07:00 [32566] DEBUG sql - [User=  ()] MySql Query: SELECT COUNT(*) as count FROM users;
