2019-11-10T01:04:03+07:00 [786] DEBUG default - [User=  ()] Using CaptchaService [File=/var/www/html/booking/lib/Application/Authentication/CaptchaService.php,Line=96]
2019-11-10T10:19:15+07:00 [786] DEBUG default - [User=  ()] Using CaptchaService [File=/var/www/html/booking/lib/Application/Authentication/CaptchaService.php,Line=96]
2019-11-10T12:55:05+07:00 [8831] DEBUG default - [User=  ()] Using CaptchaService [File=/var/www/html/booking/lib/Application/Authentication/CaptchaService.php,Line=96]
2019-11-10T12:55:05+07:00 [786] DEBUG default - [User=  ()] Using CaptchaService [File=/var/www/html/booking/lib/Application/Authentication/CaptchaService.php,Line=96]
2019-11-10T14:11:06+07:00 [8831] DEBUG default - [User=  ()] Using CaptchaService [File=/var/www/html/booking/lib/Application/Authentication/CaptchaService.php,Line=96]
2019-11-10T14:11:13+07:00 [786] DEBUG default - [User=  ()] Using CaptchaService [File=/var/www/html/booking/lib/Application/Authentication/CaptchaService.php,Line=96]
2019-11-10T14:11:13+07:00 [786] DEBUG default - [User=  ()] Trying to log in as: dacarjjo [File=/var/www/html/booking/lib/Application/Authentication/Authentication.php,Line=95]
2019-11-10T14:11:13+07:00 [786] DEBUG default - [User=  ()] User was found: dacarjjo [File=/var/www/html/booking/lib/Application/Authentication/Authentication.php,Line=103]
2019-11-10T14:11:13+07:00 [786] DEBUG default - [User=  ()] User: dacarjjo, was validated: 1 [File=/var/www/html/booking/lib/Application/Authentication/Authentication.php,Line=115]
2019-11-10T14:11:13+07:00 [786] DEBUG default - [User=  ()] Logging in with user: dacarjjo [File=/var/www/html/booking/lib/Application/Authentication/Authentication.php,Line=121]
2019-11-10T14:11:14+07:00 [8833] DEBUG default - [User=Arjaree Jobdeedamrong (1630301@vistec.ac.th)] Acco CREATE_DATE is 2019-08-19 10:40:33 [File=/var/www/html/booking/Domain/Announcement.php,Line=171]
2019-11-10T14:11:14+07:00 [8833] DEBUG default - [User=Arjaree Jobdeedamrong (1630301@vistec.ac.th)] ResourceGroupTree::__set_state(array(
   'references' => 
  array (
    0 => 
    ResourceGroup::__set_state(array(
       'id' => 0,
       'name' => 'All',
       'label' => 'All',
       'parent' => NULL,
       'parent_id' => NULL,
       'children' => 
      array (
        0 => 
        ResourceGroupAssignment::__set_state(array(
           'type' => 'resource',
           'group_id' => 0,
           'resource_name' => 'AFM',
           'id' => 'resource-0-10',
           'label' => 'AFM',
           'resource_id' => '10',
           'resourceAdminGroupId' => NULL,
           'scheduleId' => '1',
           'statusId' => '1',
           'scheduleAdminGroupId' => NULL,
           'requiresApproval' => 0,
           'isCheckInEnabled' => 0,
           'isAutoReleased' => false,
           'autoReleaseMinutes' => NULL,
           'minLength' => 
          TimeInterval::__set_state(array(
             'interval' => NULL,
          )),
           'resourceTypeId' => '1',
           'color' => '#ff80c0',
           'textColor' => '#000000',
        )),
        1 => 
        ResourceGroupAssignment::__set_state(array(
           'type' => 'resource',
           'group_id' => 0,
           'resource_name' => 'ATR-FTIR',
           'id' => 'resource-0-17',
           'label' => 'ATR-FTIR',
           'resource_id' => '17',
           'resourceAdminGroupId' => NULL,
           'scheduleId' => '1',
           'statusId' => '1',
           'scheduleAdminGroupId' => NULL,
           'requiresApproval' => 0,
           'isCheckInEnabled' => 0,
           'isAutoReleased' => false,
           'autoReleaseMinutes' => NULL,
           'minLength' => 
          TimeInterval::__set_state(array(
             'interval' => NULL,
          )),
           'resourceTypeId' => '2',
           'color' => '#e8fa05',
           'textColor' => '#000000',
        )),
        2 => 
        ResourceGroupAssignment::__set_state(array(
           'type' => 'resource',
           'group_id' => 0,
           'resource_name' => 'CHNS',
           'id' => 'resource-0-9',
           'label' => 'CHNS',
           'resource_id' => '9',
           'resourceAdminGroupId' => NULL,
           'scheduleId' => '1',
           'statusId' => '1',
           'scheduleAdminGroupId' => NULL,
           'requiresApproval' => 0,
           'isCheckInEnabled' => 0,
           'isAutoReleased' => false,
           'autoReleaseMinutes' => NULL,
           'minLength' => 
          TimeInterval::__set_state(array(
             'interval' => NULL,
          )),
           'resourceTypeId' => '5',
           'color' => '#ff80c0',
           'textColor' => '#000000',
        )),
        3 => 
        ResourceGroupAssignment::__set_state(array(
           'type' => 'resource',
           'group_id' => 0,
           'resource_name' => 'Dispersive-RAMAN',
           'id' => 'resource-0-23',
           'label' => 'Dispersive-RAMAN',
           'resource_id' => '23',
           'resourceAdminGroupId' => NULL,
           'scheduleId' => '1',
           'statusId' => '1',
           'scheduleAdminGroupId' => NULL,
           'requiresApproval' => 0,
           'isCheckInEnabled' => 0,
           'isAutoReleased' => false,
           'autoReleaseMinutes' => NULL,
           'minLength' => 
          TimeInterval::__set_state(array(
             'interval' => NULL,
          )),
           'resourceTypeId' => '2',
           'color' => '#117b14',
           'textColor' => '#FFFFFF',
        )),
        4 => 
        ResourceGroupAssignment::__set_state(array(
           'type' => 'resource',
           'group_id' => 0,
           'resource_name' => 'DLS',
           'id' => 'resource-0-18',
           'label' => 'DLS',
           'resource_id' => '18',
           'resourceAdminGroupId' => NULL,
           'scheduleId' => '1',
           'statusId' => '1',
           'scheduleAdminGroupId' => NULL,
           'requiresApproval' => 0,
           'isCheckInEnabled' => 0,
           'isAutoReleased' => false,
           'autoReleaseMinutes' => NULL,
           'minLength' => 
          TimeInterval::__set_state(array(
             'interval' => NULL,
          )),
           'resourceTypeId' => '8',
           'color' => '#8080c0',
           'textColor' => '#000000',
        )),
        5 => 
        ResourceGroupAssignment::__set_state(array(
           'type' => 'resource',
           'group_id' => 0,
           'resource_name' => 'DSC',
           'id' => 'resource-0-7',
           'label' => 'DSC',
           'resource_id' => '7',
           'resourceAdminGroupId' => NULL,
           'scheduleId' => '1',
           'statusId' => '1',
           'scheduleAdminGroupId' => NULL,
           'requiresApproval' => 0,
           'isCheckInEnabled' => 0,
           'isAutoReleased' => false,
           'autoReleaseMinutes' => NULL,
           'minLength' => 
          TimeInterval::__set_state(array(
             'interval' => NULL,
          )),
           'resourceTypeId' => '7',
           'color' => '#ff0080',
           'textColor' => '#FFFFFF',
        )),
        6 => 
        ResourceGroupAssignment::__set_state(array(
           'type' => 'resource',
           'group_id' => 0,
           'resource_name' => 'FLS',
           'id' => 'resource-0-26',
           'label' => 'FLS',
           'resource_id' => '26',
           'resourceAdminGroupId' => NULL,
           'scheduleId' => '21',
           'statusId' => '1',
           'scheduleAdminGroupId' => NULL,
           'requiresApproval' => 0,
           'isCheckInEnabled' => 0,
           'isAutoReleased' => false,
           'autoReleaseMinutes' => NULL,
           'minLength' => 
          TimeInterval::__set_state(array(
             'interval' => NULL,
          )),
           'resourceTypeId' => '2',
           'color' => '#800080',
           'textColor' => '#FFFFFF',
        )),
        7 => 
        ResourceGroupAssignment::__set_state(array(
           'type' => 'resource',
           'group_id' => 0,
           'resource_name' => 'FT-RAMAN',
           'id' => 'resource-0-22',
           'label' => 'FT-RAMAN',
           'resource_id' => '22',
           'resourceAdminGroupId' => NULL,
           'scheduleId' => '1',
           'statusId' => '1',
           'scheduleAdminGroupId' => NULL,
           'requiresApproval' => 0,
           'isCheckInEnabled' => 0,
           'isAutoReleased' => false,
           'autoReleaseMinutes' => NULL,
           'minLength' => 
          TimeInterval::__set_state(array(
             'interval' => NULL,
          )),
           'resourceTypeId' => '2',
           'color' => '#0080c0',
           'textColor' => '#FFFFFF',
        )),
        8 => 
        ResourceGroupAssignment::__set_state(array(
           'type' => 'resource',
           'group_id' => 0,
           'resource_name' => 'GC-MS',
           'id' => 'resource-0-15',
           'label' => 'GC-MS',
           'resource_id' => '15',
           'resourceAdminGroupId' => NULL,
           'scheduleId' => '1',
           'statusId' => '1',
           'scheduleAdminGroupId' => NULL,
           'requiresApproval' => 0,
           'isCheckInEnabled' => 0,
           'isAutoReleased' => false,
           'autoReleaseMinutes' => NULL,
           'minLength' => 
          TimeInterval::__set_state(array(
             'interval' => NULL,
          )),
           'resourceTypeId' => '4',
           'color' => '#804040',
           'textColor' => '#FFFFFF',
        )),
        9 => 
        ResourceGroupAssignment::__set_state(array(
           'type' => 'resource',
           'group_id' => 0,
           'resource_name' => 'GPC',
           'id' => 'resource-0-11',
           'label' => 'GPC',
           'resource_id' => '11',
           'resourceAdminGroupId' => NULL,
           'scheduleId' => '1',
           'statusId' => '1',
           'scheduleAdminGroupId' => NULL,
           'requiresApproval' => 0,
           'isCheckInEnabled' => 0,
           'isAutoReleased' => false,
           'autoReleaseMinutes' => NULL,
           'minLength' => 
          TimeInterval::__set_state(array(
             'interval' => NULL,
          )),
           'resourceTypeId' => '4',
           'color' => '#ff80ff',
           'textColor' => '#000000',
        )),
        10 => 
        ResourceGroupAssignment::__set_state(array(
           'type' => 'resource',
           'group_id' => 0,
           'resource_name' => 'HPLC',
           'id' => 'resource-0-13',
           'label' => 'HPLC',
           'resource_id' => '13',
           'resourceAdminGroupId' => NULL,
           'scheduleId' => '1',
           'statusId' => '1',
           'scheduleAdminGroupId' => NULL,
           'requiresApproval' => 0,
           'isCheckInEnabled' => 0,
           'isAutoReleased' => false,
           'autoReleaseMinutes' => NULL,
           'minLength' => 
          TimeInterval::__set_state(array(
             'interval' => NULL,
          )),
           'resourceTypeId' => '4',
           'color' => '#ff8000',
           'textColor' => '#000000',
        )),
        11 => 
        ResourceGroupAssignment::__set_state(array(
           'type' => 'resource',
           'group_id' => 0,
           'resource_name' => 'LC-QTOF-MS/MS, LC-Fraction Collectors',
           'id' => 'resource-0-24',
           'label' => 'LC-QTOF-MS/MS, LC-Fraction Collectors',
           'resource_id' => '24',
           'resourceAdminGroupId' => NULL,
           'scheduleId' => '20',
           'statusId' => '1',
           'scheduleAdminGroupId' => NULL,
           'requiresApproval' => 0,
           'isCheckInEnabled' => 0,
           'isAutoReleased' => false,
           'autoReleaseMinutes' => NULL,
           'minLength' => 
          TimeInterval::__set_state(array(
             'interval' => NULL,
          )),
           'resourceTypeId' => '4',
           'color' => '#c5e7e4',
           'textColor' => '#000000',
        )),
        12 => 
        ResourceGroupAssignment::__set_state(array(
           'type' => 'resource',
           'group_id' => 0,
           'resource_name' => 'MALDI-TOF-MS/MS',
           'id' => 'resource-0-14',
           'label' => 'MALDI-TOF-MS/MS',
           'resource_id' => '14',
           'resourceAdminGroupId' => NULL,
           'scheduleId' => '1',
           'statusId' => '1',
           'scheduleAdminGroupId' => NULL,
           'requiresApproval' => 0,
           'isCheckInEnabled' => 0,
           'isAutoReleased' => false,
           'autoReleaseMinutes' => NULL,
           'minLength' => 
          TimeInterval::__set_state(array(
             'interval' => NULL,
          )),
           'resourceTypeId' => '4',
           'color' => '#800080',
           'textColor' => '#FFFFFF',
        )),
        13 => 
        ResourceGroupAssignment::__set_state(array(
           'type' => 'resource',
           'group_id' => 0,
           'resource_name' => 'NMR (Night Time)',
           'id' => 'resource-0-28',
           'label' => 'NMR (Night Time)',
           'resource_id' => '28',
           'resourceAdminGroupId' => NULL,
           'scheduleId' => '22',
           'statusId' => '1',
           'scheduleAdminGroupId' => NULL,
           'requiresApproval' => 0,
           'isCheckInEnabled' => 0,
           'isAutoReleased' => false,
           'autoReleaseMinutes' => NULL,
           'minLength' => 
          TimeInterval::__set_state(array(
             'interval' => NULL,
          )),
           'resourceTypeId' => '2',
           'color' => '#ff80c0',
           'textColor' => '#000000',
        )),
        14 => 
        ResourceGroupAssignment::__set_state(array(
           'type' => 'resource',
           'group_id' => 0,
           'resource_name' => 'Photoelectron Spectrometer (AC-II)',
           'id' => 'resource-0-29',
           'label' => 'Photoelectron Spectrometer (AC-II)',
           'resource_id' => '29',
           'resourceAdminGroupId' => NULL,
           'scheduleId' => '1',
           'statusId' => '1',
           'scheduleAdminGroupId' => NULL,
           'requiresApproval' => 0,
           'isCheckInEnabled' => 0,
           'isAutoReleased' => false,
           'autoReleaseMinutes' => NULL,
           'minLength' => 
          TimeInterval::__set_state(array(
             'interval' => NULL,
          )),
           'resourceTypeId' => '2',
           'color' => '#ffffcc',
           'textColor' => '#000000',
        )),
        15 => 
        ResourceGroupAssignment::__set_state(array(
           'type' => 'resource',
           'group_id' => 0,
           'resource_name' => 'SEM',
           'id' => 'resource-0-19',
           'label' => 'SEM',
           'resource_id' => '19',
           'resourceAdminGroupId' => NULL,
           'scheduleId' => '9',
           'statusId' => '1',
           'scheduleAdminGroupId' => NULL,
           'requiresApproval' => 0,
           'isCheckInEnabled' => 0,
           'isAutoReleased' => false,
           'autoReleaseMinutes' => NULL,
           'minLength' => 
          TimeInterval::__set_state(array(
             'interval' => NULL,
          )),
           'resourceTypeId' => '1',
           'color' => '#468c8c',
           'textColor' => '#FFFFFF',
        )),
        16 => 
        ResourceGroupAssignment::__set_state(array(
           'type' => 'resource',
           'group_id' => 0,
           'resource_name' => 'Single Crystal X-ray Diffractometer (SC-XRD)',
           'id' => 'resource-0-30',
           'label' => 'Single Crystal X-ray Diffractometer (SC-XRD)',
           'resource_id' => '30',
           'resourceAdminGroupId' => NULL,
           'scheduleId' => '1',
           'statusId' => '1',
           'scheduleAdminGroupId' => NULL,
           'requiresApproval' => 0,
           'isCheckInEnabled' => 0,
           'isAutoReleased' => false,
           'autoReleaseMinutes' => NULL,
           'minLength' => 
          TimeInterval::__set_state(array(
             'interval' => NULL,
          )),
           'resourceTypeId' => '3',
           'color' => '',
           'textColor' => '',
        )),
        17 => 
        ResourceGroupAssignment::__set_state(array(
           'type' => 'resource',
           'group_id' => 0,
           'resource_name' => 'TGA',
           'id' => 'resource-0-8',
           'label' => 'TGA',
           'resource_id' => '8',
           'resourceAdminGroupId' => NULL,
           'scheduleId' => '1',
           'statusId' => '1',
           'scheduleAdminGroupId' => NULL,
           'requiresApproval' => 0,
           'isCheckInEnabled' => 0,
           'isAutoReleased' => false,
           'autoReleaseMinutes' => NULL,
           'minLength' => 
          TimeInterval::__set_state(array(
             'interval' => NULL,
          )),
           'resourceTypeId' => '7',
           'color' => '#ff80c0',
           'textColor' => '#000000',
        )),
        18 => 
        ResourceGroupAssignment::__set_state(array(
           'type' => 'resource',
           'group_id' => 0,
           'resource_name' => 'UV-VIS (Cary100)',
           'id' => 'resource-0-27',
           'label' => 'UV-VIS (Cary100)',
           'resource_id' => '27',
           'resourceAdminGroupId' => NULL,
           'scheduleId' => '12',
           'statusId' => '1',
           'scheduleAdminGroupId' => NULL,
           'requiresApproval' => 0,
           'isCheckInEnabled' => 0,
           'isAutoReleased' => false,
           'autoReleaseMinutes' => NULL,
           'minLength' => 
          TimeInterval::__set_state(array(
             'interval' => NULL,
          )),
           'resourceTypeId' => '2',
           'color' => '#d1b541',
           'textColor' => '#000000',
        )),
        19 => 
        ResourceGroupAssignment::__set_state(array(
           'type' => 'resource',
           'group_id' => 0,
           'resource_name' => 'UV/VIS/NIR (Lambda 1050)',
           'id' => 'resource-0-16',
           'label' => 'UV/VIS/NIR (Lambda 1050)',
           'resource_id' => '16',
           'resourceAdminGroupId' => NULL,
           'scheduleId' => '13',
           'statusId' => '1',
           'scheduleAdminGroupId' => NULL,
           'requiresApproval' => 0,
           'isCheckInEnabled' => 0,
           'isAutoReleased' => false,
           'autoReleaseMinutes' => NULL,
           'minLength' => 
          TimeInterval::__set_state(array(
             'interval' => NULL,
          )),
           'resourceTypeId' => '2',
           'color' => '#7b0000',
           'textColor' => '#FFFFFF',
        )),
        20 => 
        ResourceGroupAssignment::__set_state(array(
           'type' => 'resource',
           'group_id' => 0,
           'resource_name' => 'WDXRF',
           'id' => 'resource-0-21',
           'label' => 'WDXRF',
           'resource_id' => '21',
           'resourceAdminGroupId' => NULL,
           'scheduleId' => '1',
           'statusId' => '1',
           'scheduleAdminGroupId' => NULL,
           'requiresApproval' => 0,
           'isCheckInEnabled' => 0,
           'isAutoReleased' => false,
           'autoReleaseMinutes' => NULL,
           'minLength' => 
          TimeInterval::__set_state(array(
             'interval' => NULL,
          )),
           'resourceTypeId' => '5',
           'color' => '#808040',
           'textColor' => '#FFFFFF',
        )),
        21 => 
        ResourceGroupAssignment::__set_state(array(
           'type' => 'resource',
           'group_id' => 0,
           'resource_name' => 'XPS',
           'id' => 'resource-0-20',
           'label' => 'XPS',
           'resource_id' => '20',
           'resourceAdminGroupId' => NULL,
           'scheduleId' => '1',
           'statusId' => '1',
           'scheduleAdminGroupId' => NULL,
           'requiresApproval' => 0,
           'isCheckInEnabled' => 0,
           'isAutoReleased' => false,
           'autoReleaseMinutes' => NULL,
           'minLength' => 
          TimeInterval::__set_state(array(
             'interval' => NULL,
          )),
           'resourceTypeId' => '2',
           'color' => '#008040',
           'textColor' => '#FFFFFF',
        )),
        22 => 
        ResourceGroupAssignment::__set_state(array(
           'type' => 'resource',
           'group_id' => 0,
           'resource_name' => 'XRD',
           'id' => 'resource-0-2',
           'label' => 'XRD',
           'resource_id' => '2',
           'resourceAdminGroupId' => NULL,
           'scheduleId' => '1',
           'statusId' => '1',
           'scheduleAdminGroupId' => NULL,
           'requiresApproval' => 0,
           'isCheckInEnabled' => 0,
           'isAutoReleased' => false,
           'autoReleaseMinutes' => NULL,
           'minLength' => 
          TimeInterval::__set_state(array(
             'interval' => NULL,
          )),
           'resourceTypeId' => '3',
           'color' => '#00ff00',
           'textColor' => '#000000',
        )),
      ),
       'type' => 'group',
    )),
  ),
   'groups' => 
  array (
    0 => 
    ResourceGroup::__set_state(array(
       'id' => 0,
       'name' => 'All',
       'label' => 'All',
       'parent' => NULL,
       'parent_id' => NULL,
       'children' => 
      array (
        0 => 
        ResourceGroupAssignment::__set_state(array(
           'type' => 'resource',
           'group_id' => 0,
           'resource_name' => 'AFM',
           'id' => 'resource-0-10',
           'label' => 'AFM',
           'resource_id' => '10',
           'resourceAdminGroupId' => NULL,
           'scheduleId' => '1',
           'statusId' => '1',
           'scheduleAdminGroupId' => NULL,
           'requiresApproval' => 0,
           'isCheckInEnabled' => 0,
           'isAutoReleased' => false,
           'autoReleaseMinutes' => NULL,
           'minLength' => 
          TimeInterval::__set_state(array(
             'interval' => NULL,
          )),
           'resourceTypeId' => '1',
           'color' => '#ff80c0',
           'textColor' => '#000000',
        )),
        1 => 
        ResourceGroupAssignment::__set_state(array(
           'type' => 'resource',
           'group_id' => 0,
           'resource_name' => 'ATR-FTIR',
           'id' => 'resource-0-17',
           'label' => 'ATR-FTIR',
           'resource_id' => '17',
           'resourceAdminGroupId' => NULL,
           'scheduleId' => '1',
           'statusId' => '1',
           'scheduleAdminGroupId' => NULL,
           'requiresApproval' => 0,
           'isCheckInEnabled' => 0,
           'isAutoReleased' => false,
           'autoReleaseMinutes' => NULL,
           'minLength' => 
          TimeInterval::__set_state(array(
             'interval' => NULL,
          )),
           'resourceTypeId' => '2',
           'color' => '#e8fa05',
           'textColor' => '#000000',
        )),
        2 => 
        ResourceGroupAssignment::__set_state(array(
           'type' => 'resource',
           'group_id' => 0,
           'resource_name' => 'CHNS',
           'id' => 'resource-0-9',
           'label' => 'CHNS',
           'resource_id' => '9',
           'resourceAdminGroupId' => NULL,
           'scheduleId' => '1',
           'statusId' => '1',
           'scheduleAdminGroupId' => NULL,
           'requiresApproval' => 0,
           'isCheckInEnabled' => 0,
           'isAutoReleased' => false,
           'autoReleaseMinutes' => NULL,
           'minLength' => 
          TimeInterval::__set_state(array(
             'interval' => NULL,
          )),
           'resourceTypeId' => '5',
           'color' => '#ff80c0',
           'textColor' => '#000000',
        )),
        3 => 
        ResourceGroupAssignment::__set_state(array(
           'type' => 'resource',
           'group_id' => 0,
           'resource_name' => 'Dispersive-RAMAN',
           'id' => 'resource-0-23',
           'label' => 'Dispersive-RAMAN',
           'resource_id' => '23',
           'resourceAdminGroupId' => NULL,
           'scheduleId' => '1',
           'statusId' => '1',
           'scheduleAdminGroupId' => NULL,
           'requiresApproval' => 0,
           'isCheckInEnabled' => 0,
           'isAutoReleased' => false,
           'autoReleaseMinutes' => NULL,
           'minLength' => 
          TimeInterval::__set_state(array(
             'interval' => NULL,
          )),
           'resourceTypeId' => '2',
           'color' => '#117b14',
           'textColor' => '#FFFFFF',
        )),
        4 => 
        ResourceGroupAssignment::__set_state(array(
           'type' => 'resource',
           'group_id' => 0,
           'resource_name' => 'DLS',
           'id' => 'resource-0-18',
           'label' => 'DLS',
           'resource_id' => '18',
           'resourceAdminGroupId' => NULL,
           'scheduleId' => '1',
           'statusId' => '1',
           'scheduleAdminGroupId' => NULL,
           'requiresApproval' => 0,
           'isCheckInEnabled' => 0,
           'isAutoReleased' => false,
           'autoReleaseMinutes' => NULL,
           'minLength' => 
          TimeInterval::__set_state(array(
             'interval' => NULL,
          )),
           'resourceTypeId' => '8',
           'color' => '#8080c0',
           'textColor' => '#000000',
        )),
        5 => 
        ResourceGroupAssignment::__set_state(array(
           'type' => 'resource',
           'group_id' => 0,
           'resource_name' => 'DSC',
           'id' => 'resource-0-7',
           'label' => 'DSC',
           'resource_id' => '7',
           'resourceAdminGroupId' => NULL,
           'scheduleId' => '1',
           'statusId' => '1',
           'scheduleAdminGroupId' => NULL,
           'requiresApproval' => 0,
           'isCheckInEnabled' => 0,
           'isAutoReleased' => false,
           'autoReleaseMinutes' => NULL,
           'minLength' => 
          TimeInterval::__set_state(array(
             'interval' => NULL,
          )),
           'resourceTypeId' => '7',
           'color' => '#ff0080',
           'textColor' => '#FFFFFF',
        )),
        6 => 
        ResourceGroupAssignment::__set_state(array(
           'type' => 'resource',
           'group_id' => 0,
           'resource_name' => 'FLS',
           'id' => 'resource-0-26',
           'label' => 'FLS',
           'resource_id' => '26',
           'resourceAdminGroupId' => NULL,
           'scheduleId' => '21',
           'statusId' => '1',
           'scheduleAdminGroupId' => NULL,
           'requiresApproval' => 0,
           'isCheckInEnabled' => 0,
           'isAutoReleased' => false,
           'autoReleaseMinutes' => NULL,
           'minLength' => 
          TimeInterval::__set_state(array(
             'interval' => NULL,
          )),
           'resourceTypeId' => '2',
           'color' => '#800080',
           'textColor' => '#FFFFFF',
        )),
        7 => 
        ResourceGroupAssignment::__set_state(array(
           'type' => 'resource',
           'group_id' => 0,
           'resource_name' => 'FT-RAMAN',
           'id' => 'resource-0-22',
           'label' => 'FT-RAMAN',
           'resource_id' => '22',
           'resourceAdminGroupId' => NULL,
           'scheduleId' => '1',
           'statusId' => '1',
           'scheduleAdminGroupId' => NULL,
           'requiresApproval' => 0,
           'isCheckInEnabled' => 0,
           'isAutoReleased' => false,
           'autoReleaseMinutes' => NULL,
           'minLength' => 
          TimeInterval::__set_state(array(
             'interval' => NULL,
          )),
           'resourceTypeId' => '2',
           'color' => '#0080c0',
           'textColor' => '#FFFFFF',
        )),
        8 => 
        ResourceGroupAssignment::__set_state(array(
           'type' => 'resource',
           'group_id' => 0,
           'resource_name' => 'GC-MS',
           'id' => 'resource-0-15',
           'label' => 'GC-MS',
           'resource_id' => '15',
           'resourceAdminGroupId' => NULL,
           'scheduleId' => '1',
           'statusId' => '1',
           'scheduleAdminGroupId' => NULL,
           'requiresApproval' => 0,
           'isCheckInEnabled' => 0,
           'isAutoReleased' => false,
           'autoReleaseMinutes' => NULL,
           'minLength' => 
          TimeInterval::__set_state(array(
             'interval' => NULL,
          )),
           'resourceTypeId' => '4',
           'color' => '#804040',
           'textColor' => '#FFFFFF',
        )),
        9 => 
        ResourceGroupAssignment::__set_state(array(
           'type' => 'resource',
           'group_id' => 0,
           'resource_name' => 'GPC',
           'id' => 'resource-0-11',
           'label' => 'GPC',
           'resource_id' => '11',
           'resourceAdminGroupId' => NULL,
           'scheduleId' => '1',
           'statusId' => '1',
           'scheduleAdminGroupId' => NULL,
           'requiresApproval' => 0,
           'isCheckInEnabled' => 0,
           'isAutoReleased' => false,
           'autoReleaseMinutes' => NULL,
           'minLength' => 
          TimeInterval::__set_state(array(
             'interval' => NULL,
          )),
           'resourceTypeId' => '4',
           'color' => '#ff80ff',
           'textColor' => '#000000',
        )),
        10 => 
        ResourceGroupAssignment::__set_state(array(
           'type' => 'resource',
           'group_id' => 0,
           'resource_name' => 'HPLC',
           'id' => 'resource-0-13',
           'label' => 'HPLC',
           'resource_id' => '13',
           'resourceAdminGroupId' => NULL,
           'scheduleId' => '1',
           'statusId' => '1',
           'scheduleAdminGroupId' => NULL,
           'requiresApproval' => 0,
           'isCheckInEnabled' => 0,
           'isAutoReleased' => false,
           'autoReleaseMinutes' => NULL,
           'minLength' => 
          TimeInterval::__set_state(array(
             'interval' => NULL,
          )),
           'resourceTypeId' => '4',
           'color' => '#ff8000',
           'textColor' => '#000000',
        )),
        11 => 
        ResourceGroupAssignment::__set_state(array(
           'type' => 'resource',
           'group_id' => 0,
           'resource_name' => 'LC-QTOF-MS/MS, LC-Fraction Collectors',
           'id' => 'resource-0-24',
           'label' => 'LC-QTOF-MS/MS, LC-Fraction Collectors',
           'resource_id' => '24',
           'resourceAdminGroupId' => NULL,
           'scheduleId' => '20',
           'statusId' => '1',
           'scheduleAdminGroupId' => NULL,
           'requiresApproval' => 0,
           'isCheckInEnabled' => 0,
           'isAutoReleased' => false,
           'autoReleaseMinutes' => NULL,
           'minLength' => 
          TimeInterval::__set_state(array(
             'interval' => NULL,
          )),
           'resourceTypeId' => '4',
           'color' => '#c5e7e4',
           'textColor' => '#000000',
        )),
        12 => 
        ResourceGroupAssignment::__set_state(array(
           'type' => 'resource',
           'group_id' => 0,
           'resource_name' => 'MALDI-TOF-MS/MS',
           'id' => 'resource-0-14',
           'label' => 'MALDI-TOF-MS/MS',
           'resource_id' => '14',
           'resourceAdminGroupId' => NULL,
           'scheduleId' => '1',
           'statusId' => '1',
           'scheduleAdminGroupId' => NULL,
           'requiresApproval' => 0,
           'isCheckInEnabled' => 0,
           'isAutoReleased' => false,
           'autoReleaseMinutes' => NULL,
           'minLength' => 
          TimeInterval::__set_state(array(
             'interval' => NULL,
          )),
           'resourceTypeId' => '4',
           'color' => '#800080',
           'textColor' => '#FFFFFF',
        )),
        13 => 
        ResourceGroupAssignment::__set_state(array(
           'type' => 'resource',
           'group_id' => 0,
           'resource_name' => 'NMR (Night Time)',
           'id' => 'resource-0-28',
           'label' => 'NMR (Night Time)',
           'resource_id' => '28',
           'resourceAdminGroupId' => NULL,
           'scheduleId' => '22',
           'statusId' => '1',
           'scheduleAdminGroupId' => NULL,
           'requiresApproval' => 0,
           'isCheckInEnabled' => 0,
           'isAutoReleased' => false,
           'autoReleaseMinutes' => NULL,
           'minLength' => 
          TimeInterval::__set_state(array(
             'interval' => NULL,
          )),
           'resourceTypeId' => '2',
           'color' => '#ff80c0',
           'textColor' => '#000000',
        )),
        14 => 
        ResourceGroupAssignment::__set_state(array(
           'type' => 'resource',
           'group_id' => 0,
           'resource_name' => 'Photoelectron Spectrometer (AC-II)',
           'id' => 'resource-0-29',
           'label' => 'Photoelectron Spectrometer (AC-II)',
           'resource_id' => '29',
           'resourceAdminGroupId' => NULL,
           'scheduleId' => '1',
           'statusId' => '1',
           'scheduleAdminGroupId' => NULL,
           'requiresApproval' => 0,
           'isCheckInEnabled' => 0,
           'isAutoReleased' => false,
           'autoReleaseMinutes' => NULL,
           'minLength' => 
          TimeInterval::__set_state(array(
             'interval' => NULL,
          )),
           'resourceTypeId' => '2',
           'color' => '#ffffcc',
           'textColor' => '#000000',
        )),
        15 => 
        ResourceGroupAssignment::__set_state(array(
           'type' => 'resource',
           'group_id' => 0,
           'resource_name' => 'SEM',
           'id' => 'resource-0-19',
           'label' => 'SEM',
           'resource_id' => '19',
           'resourceAdminGroupId' => NULL,
           'scheduleId' => '9',
           'statusId' => '1',
           'scheduleAdminGroupId' => NULL,
           'requiresApproval' => 0,
           'isCheckInEnabled' => 0,
           'isAutoReleased' => false,
           'autoReleaseMinutes' => NULL,
           'minLength' => 
          TimeInterval::__set_state(array(
             'interval' => NULL,
          )),
           'resourceTypeId' => '1',
           'color' => '#468c8c',
           'textColor' => '#FFFFFF',
        )),
        16 => 
        ResourceGroupAssignment::__set_state(array(
           'type' => 'resource',
           'group_id' => 0,
           'resource_name' => 'Single Crystal X-ray Diffractometer (SC-XRD)',
           'id' => 'resource-0-30',
           'label' => 'Single Crystal X-ray Diffractometer (SC-XRD)',
           'resource_id' => '30',
           'resourceAdminGroupId' => NULL,
           'scheduleId' => '1',
           'statusId' => '1',
           'scheduleAdminGroupId' => NULL,
           'requiresApproval' => 0,
           'isCheckInEnabled' => 0,
           'isAutoReleased' => false,
           'autoReleaseMinutes' => NULL,
           'minLength' => 
          TimeInterval::__set_state(array(
             'interval' => NULL,
          )),
           'resourceTypeId' => '3',
           'color' => '',
           'textColor' => '',
        )),
        17 => 
        ResourceGroupAssignment::__set_state(array(
           'type' => 'resource',
           'group_id' => 0,
           'resource_name' => 'TGA',
           'id' => 'resource-0-8',
           'label' => 'TGA',
           'resource_id' => '8',
           'resourceAdminGroupId' => NULL,
           'scheduleId' => '1',
           'statusId' => '1',
           'scheduleAdminGroupId' => NULL,
           'requiresApproval' => 0,
           'isCheckInEnabled' => 0,
           'isAutoReleased' => false,
           'autoReleaseMinutes' => NULL,
           'minLength' => 
          TimeInterval::__set_state(array(
             'interval' => NULL,
          )),
           'resourceTypeId' => '7',
           'color' => '#ff80c0',
           'textColor' => '#000000',
        )),
        18 => 
        ResourceGroupAssignment::__set_state(array(
           'type' => 'resource',
           'group_id' => 0,
           'resource_name' => 'UV-VIS (Cary100)',
           'id' => 'resource-0-27',
           'label' => 'UV-VIS (Cary100)',
           'resource_id' => '27',
           'resourceAdminGroupId' => NULL,
           'scheduleId' => '12',
           'statusId' => '1',
           'scheduleAdminGroupId' => NULL,
           'requiresApproval' => 0,
           'isCheckInEnabled' => 0,
           'isAutoReleased' => false,
           'autoReleaseMinutes' => NULL,
           'minLength' => 
          TimeInterval::__set_state(array(
             'interval' => NULL,
          )),
           'resourceTypeId' => '2',
           'color' => '#d1b541',
           'textColor' => '#000000',
        )),
        19 => 
        ResourceGroupAssignment::__set_state(array(
           'type' => 'resource',
           'group_id' => 0,
           'resource_name' => 'UV/VIS/NIR (Lambda 1050)',
           'id' => 'resource-0-16',
           'label' => 'UV/VIS/NIR (Lambda 1050)',
           'resource_id' => '16',
           'resourceAdminGroupId' => NULL,
           'scheduleId' => '13',
           'statusId' => '1',
           'scheduleAdminGroupId' => NULL,
           'requiresApproval' => 0,
           'isCheckInEnabled' => 0,
           'isAutoReleased' => false,
           'autoReleaseMinutes' => NULL,
           'minLength' => 
          TimeInterval::__set_state(array(
             'interval' => NULL,
          )),
           'resourceTypeId' => '2',
           'color' => '#7b0000',
           'textColor' => '#FFFFFF',
        )),
        20 => 
        ResourceGroupAssignment::__set_state(array(
           'type' => 'resource',
           'group_id' => 0,
           'resource_name' => 'WDXRF',
           'id' => 'resource-0-21',
           'label' => 'WDXRF',
           'resource_id' => '21',
           'resourceAdminGroupId' => NULL,
           'scheduleId' => '1',
           'statusId' => '1',
           'scheduleAdminGroupId' => NULL,
           'requiresApproval' => 0,
           'isCheckInEnabled' => 0,
           'isAutoReleased' => false,
           'autoReleaseMinutes' => NULL,
           'minLength' => 
          TimeInterval::__set_state(array(
             'interval' => NULL,
          )),
           'resourceTypeId' => '5',
           'color' => '#808040',
           'textColor' => '#FFFFFF',
        )),
        21 => 
        ResourceGroupAssignment::__set_state(array(
           'type' => 'resource',
           'group_id' => 0,
           'resource_name' => 'XPS',
           'id' => 'resource-0-20',
           'label' => 'XPS',
           'resource_id' => '20',
           'resourceAdminGroupId' => NULL,
           'scheduleId' => '1',
           'statusId' => '1',
           'scheduleAdminGroupId' => NULL,
           'requiresApproval' => 0,
           'isCheckInEnabled' => 0,
           'isAutoReleased' => false,
           'autoReleaseMinutes' => NULL,
           'minLength' => 
          TimeInterval::__set_state(array(
             'interval' => NULL,
          )),
           'resourceTypeId' => '2',
           'color' => '#008040',
           'textColor' => '#FFFFFF',
        )),
        22 => 
        ResourceGroupAssignment::__set_state(array(
           'type' => 'resource',
           'group_id' => 0,
           'resource_name' => 'XRD',
           'id' => 'resource-0-2',
           'label' => 'XRD',
           'resource_id' => '2',
           'resourceAdminGroupId' => NULL,
           'scheduleId' => '1',
           'statusId' => '1',
           'scheduleAdminGroupId' => NULL,
           'requiresApproval' => 0,
           'isCheckInEnabled' => 0,
           'isAutoReleased' => false,
           'autoReleaseMinutes' => NULL,
           'minLength' => 
          TimeInterval::__set_state(array(
             'interval' => NULL,
          )),
           'resourceTypeId' => '3',
           'color' => '#00ff00',
           'textColor' => '#000000',
        )),
      ),
       'type' => 'group',
    )),
  ),
   'resources' => 
  array (
    10 => 
    ResourceDto::__set_state(array(
       'Id' => '10',
       'Name' => 'AFM',
       'CanAccess' => true,
       'ScheduleId' => '1',
       'MinimumLength' => 
      TimeInterval::__set_state(array(
         'interval' => NULL,
      )),
       'ResourceTypeId' => '1',
       'AdminGroupId' => NULL,
       'ScheduleAdminGroupId' => NULL,
       'StatusId' => '1',
       'RequiresApproval' => 0,
       'IsCheckInEnabled' => 0,
       'IsAutoReleased' => false,
       'AutoReleaseMinutes' => NULL,
       'Color' => '#ff80c0',
       'TextColor' => '#000000',
    )),
    17 => 
    ResourceDto::__set_state(array(
       'Id' => '17',
       'Name' => 'ATR-FTIR',
       'CanAccess' => true,
       'ScheduleId' => '1',
       'MinimumLength' => 
      TimeInterval::__set_state(array(
         'interval' => NULL,
      )),
       'ResourceTypeId' => '2',
       'AdminGroupId' => NULL,
       'ScheduleAdminGroupId' => NULL,
       'StatusId' => '1',
       'RequiresApproval' => 0,
       'IsCheckInEnabled' => 0,
       'IsAutoReleased' => false,
       'AutoReleaseMinutes' => NULL,
       'Color' => '#e8fa05',
       'TextColor' => '#000000',
    )),
    9 => 
    ResourceDto::__set_state(array(
       'Id' => '9',
       'Name' => 'CHNS',
       'CanAccess' => true,
       'ScheduleId' => '1',
       'MinimumLength' => 
      TimeInterval::__set_state(array(
         'interval' => NULL,
      )),
       'ResourceTypeId' => '5',
       'AdminGroupId' => NULL,
       'ScheduleAdminGroupId' => NULL,
       'StatusId' => '1',
       'RequiresApproval' => 0,
       'IsCheckInEnabled' => 0,
       'IsAutoReleased' => false,
       'AutoReleaseMinutes' => NULL,
       'Color' => '#ff80c0',
       'TextColor' => '#000000',
    )),
    23 => 
    ResourceDto::__set_state(array(
       'Id' => '23',
       'Name' => 'Dispersive-RAMAN',
       'CanAccess' => true,
       'ScheduleId' => '1',
       'MinimumLength' => 
      TimeInterval::__set_state(array(
         'interval' => NULL,
      )),
       'ResourceTypeId' => '2',
       'AdminGroupId' => NULL,
       'ScheduleAdminGroupId' => NULL,
       'StatusId' => '1',
       'RequiresApproval' => 0,
       'IsCheckInEnabled' => 0,
       'IsAutoReleased' => false,
       'AutoReleaseMinutes' => NULL,
       'Color' => '#117b14',
       'TextColor' => '#FFFFFF',
    )),
    18 => 
    ResourceDto::__set_state(array(
       'Id' => '18',
       'Name' => 'DLS',
       'CanAccess' => true,
       'ScheduleId' => '1',
       'MinimumLength' => 
      TimeInterval::__set_state(array(
         'interval' => NULL,
      )),
       'ResourceTypeId' => '8',
       'AdminGroupId' => NULL,
       'ScheduleAdminGroupId' => NULL,
       'StatusId' => '1',
       'RequiresApproval' => 0,
       'IsCheckInEnabled' => 0,
       'IsAutoReleased' => false,
       'AutoReleaseMinutes' => NULL,
       'Color' => '#8080c0',
       'TextColor' => '#000000',
    )),
    7 => 
    ResourceDto::__set_state(array(
       'Id' => '7',
       'Name' => 'DSC',
       'CanAccess' => true,
       'ScheduleId' => '1',
       'MinimumLength' => 
      TimeInterval::__set_state(array(
         'interval' => NULL,
      )),
       'ResourceTypeId' => '7',
       'AdminGroupId' => NULL,
       'ScheduleAdminGroupId' => NULL,
       'StatusId' => '1',
       'RequiresApproval' => 0,
       'IsCheckInEnabled' => 0,
       'IsAutoReleased' => false,
       'AutoReleaseMinutes' => NULL,
       'Color' => '#ff0080',
       'TextColor' => '#FFFFFF',
    )),
    26 => 
    ResourceDto::__set_state(array(
       'Id' => '26',
       'Name' => 'FLS',
       'CanAccess' => true,
       'ScheduleId' => '21',
       'MinimumLength' => 
      TimeInterval::__set_state(array(
         'interval' => NULL,
      )),
       'ResourceTypeId' => '2',
       'AdminGroupId' => NULL,
       'ScheduleAdminGroupId' => NULL,
       'StatusId' => '1',
       'RequiresApproval' => 0,
       'IsCheckInEnabled' => 0,
       'IsAutoReleased' => false,
       'AutoReleaseMinutes' => NULL,
       'Color' => '#800080',
       'TextColor' => '#FFFFFF',
    )),
    22 => 
    ResourceDto::__set_state(array(
       'Id' => '22',
       'Name' => 'FT-RAMAN',
       'CanAccess' => true,
       'ScheduleId' => '1',
       'MinimumLength' => 
      TimeInterval::__set_state(array(
         'interval' => NULL,
      )),
       'ResourceTypeId' => '2',
       'AdminGroupId' => NULL,
       'ScheduleAdminGroupId' => NULL,
       'StatusId' => '1',
       'RequiresApproval' => 0,
       'IsCheckInEnabled' => 0,
       'IsAutoReleased' => false,
       'AutoReleaseMinutes' => NULL,
       'Color' => '#0080c0',
       'TextColor' => '#FFFFFF',
    )),
    15 => 
    ResourceDto::__set_state(array(
       'Id' => '15',
       'Name' => 'GC-MS',
       'CanAccess' => true,
       'ScheduleId' => '1',
       'MinimumLength' => 
      TimeInterval::__set_state(array(
         'interval' => NULL,
      )),
       'ResourceTypeId' => '4',
       'AdminGroupId' => NULL,
       'ScheduleAdminGroupId' => NULL,
       'StatusId' => '1',
       'RequiresApproval' => 0,
       'IsCheckInEnabled' => 0,
       'IsAutoReleased' => false,
       'AutoReleaseMinutes' => NULL,
       'Color' => '#804040',
       'TextColor' => '#FFFFFF',
    )),
    11 => 
    ResourceDto::__set_state(array(
       'Id' => '11',
       'Name' => 'GPC',
       'CanAccess' => true,
       'ScheduleId' => '1',
       'MinimumLength' => 
      TimeInterval::__set_state(array(
         'interval' => NULL,
      )),
       'ResourceTypeId' => '4',
       'AdminGroupId' => NULL,
       'ScheduleAdminGroupId' => NULL,
       'StatusId' => '1',
       'RequiresApproval' => 0,
       'IsCheckInEnabled' => 0,
       'IsAutoReleased' => false,
       'AutoReleaseMinutes' => NULL,
       'Color' => '#ff80ff',
       'TextColor' => '#000000',
    )),
    13 => 
    ResourceDto::__set_state(array(
       'Id' => '13',
       'Name' => 'HPLC',
       'CanAccess' => true,
       'ScheduleId' => '1',
       'MinimumLength' => 
      TimeInterval::__set_state(array(
         'interval' => NULL,
      )),
       'ResourceTypeId' => '4',
       'AdminGroupId' => NULL,
       'ScheduleAdminGroupId' => NULL,
       'StatusId' => '1',
       'RequiresApproval' => 0,
       'IsCheckInEnabled' => 0,
       'IsAutoReleased' => false,
       'AutoReleaseMinutes' => NULL,
       'Color' => '#ff8000',
       'TextColor' => '#000000',
    )),
    24 => 
    ResourceDto::__set_state(array(
       'Id' => '24',
       'Name' => 'LC-QTOF-MS/MS, LC-Fraction Collectors',
       'CanAccess' => true,
       'ScheduleId' => '20',
       'MinimumLength' => 
      TimeInterval::__set_state(array(
         'interval' => NULL,
      )),
       'ResourceTypeId' => '4',
       'AdminGroupId' => NULL,
       'ScheduleAdminGroupId' => NULL,
       'StatusId' => '1',
       'RequiresApproval' => 0,
       'IsCheckInEnabled' => 0,
       'IsAutoReleased' => false,
       'AutoReleaseMinutes' => NULL,
       'Color' => '#c5e7e4',
       'TextColor' => '#000000',
    )),
    14 => 
    ResourceDto::__set_state(array(
       'Id' => '14',
       'Name' => 'MALDI-TOF-MS/MS',
       'CanAccess' => true,
       'ScheduleId' => '1',
       'MinimumLength' => 
      TimeInterval::__set_state(array(
         'interval' => NULL,
      )),
       'ResourceTypeId' => '4',
       'AdminGroupId' => NULL,
       'ScheduleAdminGroupId' => NULL,
       'StatusId' => '1',
       'RequiresApproval' => 0,
       'IsCheckInEnabled' => 0,
       'IsAutoReleased' => false,
       'AutoReleaseMinutes' => NULL,
       'Color' => '#800080',
       'TextColor' => '#FFFFFF',
    )),
    28 => 
    ResourceDto::__set_state(array(
       'Id' => '28',
       'Name' => 'NMR (Night Time)',
       'CanAccess' => true,
       'ScheduleId' => '22',
       'MinimumLength' => 
      TimeInterval::__set_state(array(
         'interval' => NULL,
      )),
       'ResourceTypeId' => '2',
       'AdminGroupId' => NULL,
       'ScheduleAdminGroupId' => NULL,
       'StatusId' => '1',
       'RequiresApproval' => 0,
       'IsCheckInEnabled' => 0,
       'IsAutoReleased' => false,
       'AutoReleaseMinutes' => NULL,
       'Color' => '#ff80c0',
       'TextColor' => '#000000',
    )),
    29 => 
    ResourceDto::__set_state(array(
       'Id' => '29',
       'Name' => 'Photoelectron Spectrometer (AC-II)',
       'CanAccess' => true,
       'ScheduleId' => '1',
       'MinimumLength' => 
      TimeInterval::__set_state(array(
         'interval' => NULL,
      )),
       'ResourceTypeId' => '2',
       'AdminGroupId' => NULL,
       'ScheduleAdminGroupId' => NULL,
       'StatusId' => '1',
       'RequiresApproval' => 0,
       'IsCheckInEnabled' => 0,
       'IsAutoReleased' => false,
       'AutoReleaseMinutes' => NULL,
       'Color' => '#ffffcc',
       'TextColor' => '#000000',
    )),
    19 => 
    ResourceDto::__set_state(array(
       'Id' => '19',
       'Name' => 'SEM',
       'CanAccess' => true,
       'ScheduleId' => '9',
       'MinimumLength' => 
      TimeInterval::__set_state(array(
         'interval' => NULL,
      )),
       'ResourceTypeId' => '1',
       'AdminGroupId' => NULL,
       'ScheduleAdminGroupId' => NULL,
       'StatusId' => '1',
       'RequiresApproval' => 0,
       'IsCheckInEnabled' => 0,
       'IsAutoReleased' => false,
       'AutoReleaseMinutes' => NULL,
       'Color' => '#468c8c',
       'TextColor' => '#FFFFFF',
    )),
    30 => 
    ResourceDto::__set_state(array(
       'Id' => '30',
       'Name' => 'Single Crystal X-ray Diffractometer (SC-XRD)',
       'CanAccess' => true,
       'ScheduleId' => '1',
       'MinimumLength' => 
      TimeInterval::__set_state(array(
         'interval' => NULL,
      )),
       'ResourceTypeId' => '3',
       'AdminGroupId' => NULL,
       'ScheduleAdminGroupId' => NULL,
       'StatusId' => '1',
       'RequiresApproval' => 0,
       'IsCheckInEnabled' => 0,
       'IsAutoReleased' => false,
       'AutoReleaseMinutes' => NULL,
       'Color' => '',
       'TextColor' => '',
    )),
    8 => 
    ResourceDto::__set_state(array(
       'Id' => '8',
       'Name' => 'TGA',
       'CanAccess' => true,
       'ScheduleId' => '1',
       'MinimumLength' => 
      TimeInterval::__set_state(array(
         'interval' => NULL,
      )),
       'ResourceTypeId' => '7',
       'AdminGroupId' => NULL,
       'ScheduleAdminGroupId' => NULL,
       'StatusId' => '1',
       'RequiresApproval' => 0,
       'IsCheckInEnabled' => 0,
       'IsAutoReleased' => false,
       'AutoReleaseMinutes' => NULL,
       'Color' => '#ff80c0',
       'TextColor' => '#000000',
    )),
    27 => 
    ResourceDto::__set_state(array(
       'Id' => '27',
       'Name' => 'UV-VIS (Cary100)',
       'CanAccess' => true,
       'ScheduleId' => '12',
       'MinimumLength' => 
      TimeInterval::__set_state(array(
         'interval' => NULL,
      )),
       'ResourceTypeId' => '2',
       'AdminGroupId' => NULL,
       'ScheduleAdminGroupId' => NULL,
       'StatusId' => '1',
       'RequiresApproval' => 0,
       'IsCheckInEnabled' => 0,
       'IsAutoReleased' => false,
       'AutoReleaseMinutes' => NULL,
       'Color' => '#d1b541',
       'TextColor' => '#000000',
    )),
    16 => 
    ResourceDto::__set_state(array(
       'Id' => '16',
       'Name' => 'UV/VIS/NIR (Lambda 1050)',
       'CanAccess' => true,
       'ScheduleId' => '13',
       'MinimumLength' => 
      TimeInterval::__set_state(array(
         'interval' => NULL,
      )),
       'ResourceTypeId' => '2',
       'AdminGroupId' => NULL,
       'ScheduleAdminGroupId' => NULL,
       'StatusId' => '1',
       'RequiresApproval' => 0,
       'IsCheckInEnabled' => 0,
       'IsAutoReleased' => false,
       'AutoReleaseMinutes' => NULL,
       'Color' => '#7b0000',
       'TextColor' => '#FFFFFF',
    )),
    21 => 
    ResourceDto::__set_state(array(
       'Id' => '21',
       'Name' => 'WDXRF',
       'CanAccess' => true,
       'ScheduleId' => '1',
       'MinimumLength' => 
      TimeInterval::__set_state(array(
         'interval' => NULL,
      )),
       'ResourceTypeId' => '5',
       'AdminGroupId' => NULL,
       'ScheduleAdminGroupId' => NULL,
       'StatusId' => '1',
       'RequiresApproval' => 0,
       'IsCheckInEnabled' => 0,
       'IsAutoReleased' => false,
       'AutoReleaseMinutes' => NULL,
       'Color' => '#808040',
       'TextColor' => '#FFFFFF',
    )),
    20 => 
    ResourceDto::__set_state(array(
       'Id' => '20',
       'Name' => 'XPS',
       'CanAccess' => true,
       'ScheduleId' => '1',
       'MinimumLength' => 
      TimeInterval::__set_state(array(
         'interval' => NULL,
      )),
       'ResourceTypeId' => '2',
       'AdminGroupId' => NULL,
       'ScheduleAdminGroupId' => NULL,
       'StatusId' => '1',
       'RequiresApproval' => 0,
       'IsCheckInEnabled' => 0,
       'IsAutoReleased' => false,
       'AutoReleaseMinutes' => NULL,
       'Color' => '#008040',
       'TextColor' => '#FFFFFF',
    )),
    2 => 
    ResourceDto::__set_state(array(
       'Id' => '2',
       'Name' => 'XRD',
       'CanAccess' => true,
       'ScheduleId' => '1',
       'MinimumLength' => 
      TimeInterval::__set_state(array(
         'interval' => NULL,
      )),
       'ResourceTypeId' => '3',
       'AdminGroupId' => NULL,
       'ScheduleAdminGroupId' => NULL,
       'StatusId' => '1',
       'RequiresApproval' => 0,
       'IsCheckInEnabled' => 0,
       'IsAutoReleased' => false,
       'AutoReleaseMinutes' => NULL,
       'Color' => '#00ff00',
       'TextColor' => '#000000',
    )),
  ),
   'orphaned' => 
  array (
  ),
)) [File=/var/www/html/booking/Presenters/Calendar/CalendarCommon.php,Line=367]
2019-11-10T14:11:14+07:00 [8831] DEBUG default - [User=Arjaree Jobdeedamrong (1630301@vistec.ac.th)] added CalendarFilter [File=/var/www/html/booking/Domain/Values/UserPreferences.php,Line=113]
2019-11-10T14:11:16+07:00 [786] DEBUG default - [User=Arjaree Jobdeedamrong (1630301@vistec.ac.th)] Found 65 reservations for schedule 1 between 2019-11-04 00:00:00 Asia/Bangkok and 2019-11-11 00:00:00 Asia/Bangkok [File=/var/www/html/booking/lib/Application/Schedule/ReservationService.php,Line=40]
2019-11-10T14:11:16+07:00 [786] DEBUG default - [User=Arjaree Jobdeedamrong (1630301@vistec.ac.th)] Found 1 blackouts for schedule 1 between 2019-11-04 00:00:00 Asia/Bangkok and 2019-11-11 00:00:00 Asia/Bangkok [File=/var/www/html/booking/lib/Application/Schedule/ReservationService.php,Line=48]
2019-11-10T14:11:17+07:00 [786] DEBUG default - [User=Arjaree Jobdeedamrong (1630301@vistec.ac.th)] Schedule took 1573369876.9832 sec to load, 0.28699898719788 sec to render. Total 1573369877.2702 sec [File=/var/www/html/booking/Pages/SchedulePage.php,Line=567]
2019-11-10T14:11:33+07:00 [8833] DEBUG default - [User=Arjaree Jobdeedamrong (1630301@vistec.ac.th)] Found 24 reservations for schedule 13 between 2019-11-04 00:00:00 Asia/Bangkok and 2019-11-11 00:00:00 Asia/Bangkok [File=/var/www/html/booking/lib/Application/Schedule/ReservationService.php,Line=40]
2019-11-10T14:11:33+07:00 [8833] DEBUG default - [User=Arjaree Jobdeedamrong (1630301@vistec.ac.th)] Found 0 blackouts for schedule 13 between 2019-11-04 00:00:00 Asia/Bangkok and 2019-11-11 00:00:00 Asia/Bangkok [File=/var/www/html/booking/lib/Application/Schedule/ReservationService.php,Line=48]
2019-11-10T14:11:33+07:00 [8833] DEBUG default - [User=Arjaree Jobdeedamrong (1630301@vistec.ac.th)] DailyLayout::GetLayout - For resourceId 16 on date 2019-11-04 00:00:00 Asia/Bangkok, took 9.0599060058594E-6 seconds to get reservation listing, 0.0033190250396729 to build the slots, 0.0033290386199951 total seconds for 3 reservations. Memory consumed=8.5MB [File=/var/www/html/booking/lib/Application/Schedule/DailyLayout.php,Line=100]
2019-11-10T14:11:33+07:00 [8833] DEBUG default - [User=Arjaree Jobdeedamrong (1630301@vistec.ac.th)] DailyLayout::GetLayout - For resourceId 16 on date 2019-11-05 00:00:00 Asia/Bangkok, took 5.0067901611328E-6 seconds to get reservation listing, 0.0032460689544678 to build the slots, 0.0032520294189453 total seconds for 5 reservations. Memory consumed=8.65MB [File=/var/www/html/booking/lib/Application/Schedule/DailyLayout.php,Line=100]
2019-11-10T14:11:33+07:00 [8833] DEBUG default - [User=Arjaree Jobdeedamrong (1630301@vistec.ac.th)] DailyLayout::GetLayout - For resourceId 16 on date 2019-11-06 00:00:00 Asia/Bangkok, took 5.0067901611328E-6 seconds to get reservation listing, 0.0030150413513184 to build the slots, 0.0030210018157959 total seconds for 3 reservations. Memory consumed=8.76MB [File=/var/www/html/booking/lib/Application/Schedule/DailyLayout.php,Line=100]
2019-11-10T14:11:33+07:00 [8833] DEBUG default - [User=Arjaree Jobdeedamrong (1630301@vistec.ac.th)] DailyLayout::GetLayout - For resourceId 16 on date 2019-11-07 00:00:00 Asia/Bangkok, took 5.0067901611328E-6 seconds to get reservation listing, 0.0031588077545166 to build the slots, 0.0031650066375732 total seconds for 5 reservations. Memory consumed=8.87MB [File=/var/www/html/booking/lib/Application/Schedule/DailyLayout.php,Line=100]
2019-11-10T14:11:33+07:00 [8833] DEBUG default - [User=Arjaree Jobdeedamrong (1630301@vistec.ac.th)] DailyLayout::GetLayout - For resourceId 16 on date 2019-11-08 00:00:00 Asia/Bangkok, took 5.9604644775391E-6 seconds to get reservation listing, 0.004040002822876 to build the slots, 0.0040469169616699 total seconds for 8 reservations. Memory consumed=8.99MB [File=/var/www/html/booking/lib/Application/Schedule/DailyLayout.php,Line=100]
2019-11-10T14:11:33+07:00 [8833] DEBUG default - [User=Arjaree Jobdeedamrong (1630301@vistec.ac.th)] DailyLayout::GetLayout - For resourceId 16 on date 2019-11-09 00:00:00 Asia/Bangkok, took 4.0531158447266E-6 seconds to get reservation listing, 0.0034458637237549 to build the slots, 0.003450870513916 total seconds for 0 reservations. Memory consumed=9.12MB [File=/var/www/html/booking/lib/Application/Schedule/DailyLayout.php,Line=100]
2019-11-10T14:11:33+07:00 [8833] DEBUG default - [User=Arjaree Jobdeedamrong (1630301@vistec.ac.th)] DailyLayout::GetLayout - For resourceId 16 on date 2019-11-10 00:00:00 Asia/Bangkok, took 4.0531158447266E-6 seconds to get reservation listing, 0.0034360885620117 to build the slots, 0.0034410953521729 total seconds for 0 reservations. Memory consumed=9.24MB [File=/var/www/html/booking/lib/Application/Schedule/DailyLayout.php,Line=100]
2019-11-10T14:11:33+07:00 [8833] DEBUG default - [User=Arjaree Jobdeedamrong (1630301@vistec.ac.th)] Schedule took 1573369893.4853 sec to load, 0.41298580169678 sec to render. Total 1573369893.8982 sec [File=/var/www/html/booking/Pages/SchedulePage.php,Line=567]
2019-11-10T14:11:36+07:00 [8831] DEBUG default - [User=Arjaree Jobdeedamrong (1630301@vistec.ac.th)] Found 3 reservations for schedule 13 between 2019-11-11 00:00:00 Asia/Bangkok and 2019-11-18 00:00:00 Asia/Bangkok [File=/var/www/html/booking/lib/Application/Schedule/ReservationService.php,Line=40]
2019-11-10T14:11:36+07:00 [8831] DEBUG default - [User=Arjaree Jobdeedamrong (1630301@vistec.ac.th)] Found 0 blackouts for schedule 13 between 2019-11-11 00:00:00 Asia/Bangkok and 2019-11-18 00:00:00 Asia/Bangkok [File=/var/www/html/booking/lib/Application/Schedule/ReservationService.php,Line=48]
2019-11-10T14:11:36+07:00 [8831] DEBUG default - [User=Arjaree Jobdeedamrong (1630301@vistec.ac.th)] DailyLayout::GetLayout - For resourceId 16 on date 2019-11-11 00:00:00 Asia/Bangkok, took 6.9141387939453E-6 seconds to get reservation listing, 0.0028491020202637 to build the slots, 0.0028579235076904 total seconds for 0 reservations. Memory consumed=8.19MB [File=/var/www/html/booking/lib/Application/Schedule/DailyLayout.php,Line=100]
2019-11-10T14:11:36+07:00 [8831] DEBUG default - [User=Arjaree Jobdeedamrong (1630301@vistec.ac.th)] DailyLayout::GetLayout - For resourceId 16 on date 2019-11-12 00:00:00 Asia/Bangkok, took 5.0067901611328E-6 seconds to get reservation listing, 0.0028629302978516 to build the slots, 0.0028688907623291 total seconds for 2 reservations. Memory consumed=8.34MB [File=/var/www/html/booking/lib/Application/Schedule/DailyLayout.php,Line=100]
2019-11-10T14:11:36+07:00 [8831] DEBUG default - [User=Arjaree Jobdeedamrong (1630301@vistec.ac.th)] DailyLayout::GetLayout - For resourceId 16 on date 2019-11-13 00:00:00 Asia/Bangkok, took 5.9604644775391E-6 seconds to get reservation listing, 0.002903938293457 to build the slots, 0.0029120445251465 total seconds for 0 reservations. Memory consumed=8.52MB [File=/var/www/html/booking/lib/Application/Schedule/DailyLayout.php,Line=100]
2019-11-10T14:11:36+07:00 [8831] DEBUG default - [User=Arjaree Jobdeedamrong (1630301@vistec.ac.th)] DailyLayout::GetLayout - For resourceId 16 on date 2019-11-14 00:00:00 Asia/Bangkok, took 5.0067901611328E-6 seconds to get reservation listing, 0.0027480125427246 to build the slots, 0.0027549266815186 total seconds for 0 reservations. Memory consumed=8.65MB [File=/var/www/html/booking/lib/Application/Schedule/DailyLayout.php,Line=100]
2019-11-10T14:11:36+07:00 [8831] DEBUG default - [User=Arjaree Jobdeedamrong (1630301@vistec.ac.th)] DailyLayout::GetLayout - For resourceId 16 on date 2019-11-15 00:00:00 Asia/Bangkok, took 4.0531158447266E-6 seconds to get reservation listing, 0.0027871131896973 to build the slots, 0.0027921199798584 total seconds for 1 reservations. Memory consumed=8.76MB [File=/var/www/html/booking/lib/Application/Schedule/DailyLayout.php,Line=100]
2019-11-10T14:11:36+07:00 [8831] DEBUG default - [User=Arjaree Jobdeedamrong (1630301@vistec.ac.th)] DailyLayout::GetLayout - For resourceId 16 on date 2019-11-16 00:00:00 Asia/Bangkok, took 5.0067901611328E-6 seconds to get reservation listing, 0.0027930736541748 to build the slots, 0.0027990341186523 total seconds for 0 reservations. Memory consumed=8.89MB [File=/var/www/html/booking/lib/Application/Schedule/DailyLayout.php,Line=100]
2019-11-10T14:11:36+07:00 [8831] DEBUG default - [User=Arjaree Jobdeedamrong (1630301@vistec.ac.th)] DailyLayout::GetLayout - For resourceId 16 on date 2019-11-17 00:00:00 Asia/Bangkok, took 3.814697265625E-6 seconds to get reservation listing, 0.0028460025787354 to build the slots, 0.0028519630432129 total seconds for 0 reservations. Memory consumed=9MB [File=/var/www/html/booking/lib/Application/Schedule/DailyLayout.php,Line=100]
2019-11-10T14:11:36+07:00 [8831] DEBUG default - [User=Arjaree Jobdeedamrong (1630301@vistec.ac.th)] Schedule took 1573369896.3778 sec to load, 0.38681197166443 sec to render. Total 1573369896.7646 sec [File=/var/www/html/booking/Pages/SchedulePage.php,Line=567]
2019-11-10T14:12:01+07:00 [8831] DEBUG default - [User=Arjaree Jobdeedamrong (1630301@vistec.ac.th)] Action passed all validations [File=/var/www/html/booking/Pages/ActionPage.php,Line=108]
2019-11-10T14:12:01+07:00 [8831] DEBUG default - [User=Arjaree Jobdeedamrong (1630301@vistec.ac.th)] Processing page action. Action create [File=/var/www/html/booking/Presenters/ActionPresenter.php,Line=88]
2019-11-10T14:12:01+07:00 [8831] DEBUG default - [User=Arjaree Jobdeedamrong (1630301@vistec.ac.th)] submitted retry params array (
) [File=/var/www/html/booking/lib/Application/Reservation/ReservationHandler.php,Line=103]
2019-11-10T14:12:01+07:00 [8831] DEBUG default - [User=Arjaree Jobdeedamrong (1630301@vistec.ac.th)] week_month_start 46 [File=/var/www/html/booking/lib/Application/Reservation/ReservationHandler.php,Line=365]
2019-11-10T14:12:01+07:00 [8831] DEBUG default - [User=Arjaree Jobdeedamrong (1630301@vistec.ac.th)] week_month_current 45 [File=/var/www/html/booking/lib/Application/Reservation/ReservationHandler.php,Line=366]
2019-11-10T14:12:01+07:00 [8831] DEBUG default - [User=Arjaree Jobdeedamrong (1630301@vistec.ac.th)] Tool Mode is  [File=/var/www/html/booking/lib/Application/Reservation/ReservationHandler.php,Line=747]
2019-11-10T14:12:01+07:00 [8831] DEBUG default - [User=Arjaree Jobdeedamrong (1630301@vistec.ac.th)] Checking for reservation conflicts, reference number 5dc7b841dff03819278678 on 2019-11-12 10:00:00 Asia/Bangkok [File=/var/www/html/booking/lib/Application/Reservation/Validation/ResourceAvailabilityRule.php,Line=54]
2019-11-10T14:12:01+07:00 [8831] DEBUG default - [User=Arjaree Jobdeedamrong (1630301@vistec.ac.th)] Validating rule ResourceAvailabilityRule. Passed?: 1 [File=/var/www/html/booking/lib/Application/Reservation/Validation/ReservationValidationRuleProcessor.php,Line=35]
2019-11-10T14:12:01+07:00 [8831] DEBUG default - [User=Arjaree Jobdeedamrong (1630301@vistec.ac.th)] Validating rule AdminExcludedRule. Passed?: 1 [File=/var/www/html/booking/lib/Application/Reservation/Validation/ReservationValidationRuleProcessor.php,Line=35]
2019-11-10T14:12:01+07:00 [8831] DEBUG default - [User=Arjaree Jobdeedamrong (1630301@vistec.ac.th)] Validating rule ReservationDateTimeRule. Passed?: 1 [File=/var/www/html/booking/lib/Application/Reservation/Validation/ReservationValidationRuleProcessor.php,Line=35]
2019-11-10T14:12:01+07:00 [8831] DEBUG default - [User=Arjaree Jobdeedamrong (1630301@vistec.ac.th)] Validating rule ReservationBasicInfoRule. Passed?: 1 [File=/var/www/html/booking/lib/Application/Reservation/Validation/ReservationValidationRuleProcessor.php,Line=35]
2019-11-10T14:12:01+07:00 [8831] DEBUG default - [User=Arjaree Jobdeedamrong (1630301@vistec.ac.th)] Start Time Rule: Comparing 2019-11-12 10:00:00 Asia/Bangkok to 2019-11-10 14:12:01 Asia/Bangkok [File=/var/www/html/booking/lib/Application/Reservation/Validation/ReservationStartTimeRule.php,Line=63]
2019-11-10T14:12:01+07:00 [8831] DEBUG default - [User=Arjaree Jobdeedamrong (1630301@vistec.ac.th)] Validating rule AdminExcludedRule. Passed?: 1 [File=/var/www/html/booking/lib/Application/Reservation/Validation/ReservationValidationRuleProcessor.php,Line=35]
2019-11-10T14:12:01+07:00 [8831] DEBUG default - [User=Arjaree Jobdeedamrong (1630301@vistec.ac.th)] Validating rule AdminExcludedRule. Passed?: 1 [File=/var/www/html/booking/lib/Application/Reservation/Validation/ReservationValidationRuleProcessor.php,Line=35]
2019-11-10T14:12:01+07:00 [8831] DEBUG default - [User=Arjaree Jobdeedamrong (1630301@vistec.ac.th)] Validating rule AdminExcludedRule. Passed?: 1 [File=/var/www/html/booking/lib/Application/Reservation/Validation/ReservationValidationRuleProcessor.php,Line=35]
2019-11-10T14:12:01+07:00 [8831] DEBUG default - [User=Arjaree Jobdeedamrong (1630301@vistec.ac.th)] Validating rule AdminExcludedRule. Passed?: 1 [File=/var/www/html/booking/lib/Application/Reservation/Validation/ReservationValidationRuleProcessor.php,Line=35]
2019-11-10T14:12:01+07:00 [8831] DEBUG default - [User=Arjaree Jobdeedamrong (1630301@vistec.ac.th)] Validating rule AdminExcludedRule. Passed?: 1 [File=/var/www/html/booking/lib/Application/Reservation/Validation/ReservationValidationRuleProcessor.php,Line=35]
2019-11-10T14:12:01+07:00 [8831] DEBUG default - [User=Arjaree Jobdeedamrong (1630301@vistec.ac.th)] Validating rule ReservationAttachmentRule. Passed?: 1 [File=/var/www/html/booking/lib/Application/Reservation/Validation/ReservationValidationRuleProcessor.php,Line=35]
2019-11-10T14:12:01+07:00 [8831] DEBUG default - [User=Arjaree Jobdeedamrong (1630301@vistec.ac.th)] Validating rule AdminExcludedRule. Passed?: 1 [File=/var/www/html/booking/lib/Application/Reservation/Validation/ReservationValidationRuleProcessor.php,Line=35]
2019-11-10T14:12:01+07:00 [8831] DEBUG default - [User=Arjaree Jobdeedamrong (1630301@vistec.ac.th)] Validating rule AdminExcludedRule. Passed?: 1 [File=/var/www/html/booking/lib/Application/Reservation/Validation/ReservationValidationRuleProcessor.php,Line=35]
2019-11-10T14:12:01+07:00 [8831] DEBUG default - [User=Arjaree Jobdeedamrong (1630301@vistec.ac.th)] Validating rule AdminExcludedRule. Passed?: 1 [File=/var/www/html/booking/lib/Application/Reservation/Validation/ReservationValidationRuleProcessor.php,Line=35]
2019-11-10T14:12:01+07:00 [8831] DEBUG default - [User=Arjaree Jobdeedamrong (1630301@vistec.ac.th)] Validating rule AdminExcludedRule. Passed?: 1 [File=/var/www/html/booking/lib/Application/Reservation/Validation/ReservationValidationRuleProcessor.php,Line=35]
2019-11-10T14:12:01+07:00 [8831] DEBUG default - [User=Arjaree Jobdeedamrong (1630301@vistec.ac.th)] Validating rule SchedulePeriodRule. Passed?: 1 [File=/var/www/html/booking/lib/Application/Reservation/Validation/ReservationValidationRuleProcessor.php,Line=35]
2019-11-10T14:12:01+07:00 [8831] DEBUG default - [User=Arjaree Jobdeedamrong (1630301@vistec.ac.th)] Validating rule AdminExcludedRule. Passed?: 1 [File=/var/www/html/booking/lib/Application/Reservation/Validation/ReservationValidationRuleProcessor.php,Line=35]
2019-11-10T14:12:01+07:00 [8831] DEBUG default - [User=Arjaree Jobdeedamrong (1630301@vistec.ac.th)] Validating rule AdminExcludedRule. Passed?: 1 [File=/var/www/html/booking/lib/Application/Reservation/Validation/ReservationValidationRuleProcessor.php,Line=35]
2019-11-10T14:12:01+07:00 [8831] DEBUG default - [User=Arjaree Jobdeedamrong (1630301@vistec.ac.th)] Validating rule AccessoryAvailabilityRule. Passed?: 1 [File=/var/www/html/booking/lib/Application/Reservation/Validation/ReservationValidationRuleProcessor.php,Line=35]
2019-11-10T14:12:02+07:00 [8831] DEBUG default - [User=Arjaree Jobdeedamrong (1630301@vistec.ac.th)] Validating rule AccessoryResourceRule. Passed?: 1 [File=/var/www/html/booking/lib/Application/Reservation/Validation/ReservationValidationRuleProcessor.php,Line=35]
2019-11-10T14:12:02+07:00 [8831] DEBUG default - [User=Arjaree Jobdeedamrong (1630301@vistec.ac.th)] CREDITS - Reservation update adjusting credits for user 406 by 0. Required 0, consumed 0 [File=/var/www/html/booking/Domain/Access/ReservationRepository.php,Line=209]
2019-11-10T14:12:02+07:00 [8831] DEBUG default - [User=Arjaree Jobdeedamrong (1630301@vistec.ac.th)] Calling notify on OwnerEmailCreatedNotification for reservation 5dc7b841dff03819278678 [File=/var/www/html/booking/lib/Application/Reservation/Notification/IReservationNotificationService.php,Line=53]
2019-11-10T14:12:02+07:00 [8831] DEBUG default - [User=Arjaree Jobdeedamrong (1630301@vistec.ac.th)] Owner does not want these types of email notifications. Email=1630301@vistec.ac.th, ReferenceNumber=5dc7b841dff03819278678 [File=/var/www/html/booking/lib/Application/Reservation/Notification/OwnerEmailNotification.php,Line=60]
2019-11-10T14:12:02+07:00 [8831] DEBUG default - [User=Arjaree Jobdeedamrong (1630301@vistec.ac.th)] Calling notify on AdminEmailCreatedNotification for reservation 5dc7b841dff03819278678 [File=/var/www/html/booking/lib/Application/Reservation/Notification/IReservationNotificationService.php,Line=53]
2019-11-10T14:12:02+07:00 [8831] DEBUG default - [User=Arjaree Jobdeedamrong (1630301@vistec.ac.th)] Calling notify on AdminEmailApprovalNotification for reservation 5dc7b841dff03819278678 [File=/var/www/html/booking/lib/Application/Reservation/Notification/IReservationNotificationService.php,Line=53]
2019-11-10T14:12:02+07:00 [8831] DEBUG default - [User=Arjaree Jobdeedamrong (1630301@vistec.ac.th)] Calling notify on ParticipantAddedEmailNotification for reservation 5dc7b841dff03819278678 [File=/var/www/html/booking/lib/Application/Reservation/Notification/IReservationNotificationService.php,Line=53]
2019-11-10T14:12:02+07:00 [8831] DEBUG default - [User=Arjaree Jobdeedamrong (1630301@vistec.ac.th)] Calling notify on InviteeAddedEmailNotification for reservation 5dc7b841dff03819278678 [File=/var/www/html/booking/lib/Application/Reservation/Notification/IReservationNotificationService.php,Line=53]
2019-11-10T14:12:02+07:00 [8831] DEBUG default - [User=Arjaree Jobdeedamrong (1630301@vistec.ac.th)] Calling notify on GuestAddedEmailNotification for reservation 5dc7b841dff03819278678 [File=/var/www/html/booking/lib/Application/Reservation/Notification/IReservationNotificationService.php,Line=53]
2019-11-10T14:12:03+07:00 [786] DEBUG default - [User=Arjaree Jobdeedamrong (1630301@vistec.ac.th)] Found 4 reservations for schedule 13 between 2019-11-11 00:00:00 Asia/Bangkok and 2019-11-18 00:00:00 Asia/Bangkok [File=/var/www/html/booking/lib/Application/Schedule/ReservationService.php,Line=40]
2019-11-10T14:12:03+07:00 [786] DEBUG default - [User=Arjaree Jobdeedamrong (1630301@vistec.ac.th)] Found 0 blackouts for schedule 13 between 2019-11-11 00:00:00 Asia/Bangkok and 2019-11-18 00:00:00 Asia/Bangkok [File=/var/www/html/booking/lib/Application/Schedule/ReservationService.php,Line=48]
2019-11-10T14:12:04+07:00 [786] DEBUG default - [User=Arjaree Jobdeedamrong (1630301@vistec.ac.th)] DailyLayout::GetLayout - For resourceId 16 on date 2019-11-11 00:00:00 Asia/Bangkok, took 7.8678131103516E-6 seconds to get reservation listing, 0.0034282207489014 to build the slots, 0.0034370422363281 total seconds for 0 reservations. Memory consumed=8.2MB [File=/var/www/html/booking/lib/Application/Schedule/DailyLayout.php,Line=100]
2019-11-10T14:12:04+07:00 [786] DEBUG default - [User=Arjaree Jobdeedamrong (1630301@vistec.ac.th)] DailyLayout::GetLayout - For resourceId 16 on date 2019-11-12 00:00:00 Asia/Bangkok, took 5.0067901611328E-6 seconds to get reservation listing, 0.0038740634918213 to build the slots, 0.0038819313049316 total seconds for 3 reservations. Memory consumed=8.36MB [File=/var/www/html/booking/lib/Application/Schedule/DailyLayout.php,Line=100]
2019-11-10T14:12:04+07:00 [786] DEBUG default - [User=Arjaree Jobdeedamrong (1630301@vistec.ac.th)] DailyLayout::GetLayout - For resourceId 16 on date 2019-11-13 00:00:00 Asia/Bangkok, took 1.1920928955078E-5 seconds to get reservation listing, 0.004249095916748 to build the slots, 0.0042650699615479 total seconds for 0 reservations. Memory consumed=8.53MB [File=/var/www/html/booking/lib/Application/Schedule/DailyLayout.php,Line=100]
2019-11-10T14:12:04+07:00 [786] DEBUG default - [User=Arjaree Jobdeedamrong (1630301@vistec.ac.th)] DailyLayout::GetLayout - For resourceId 16 on date 2019-11-14 00:00:00 Asia/Bangkok, took 1.0013580322266E-5 seconds to get reservation listing, 0.0042290687561035 to build the slots, 0.0042421817779541 total seconds for 0 reservations. Memory consumed=8.67MB [File=/var/www/html/booking/lib/Application/Schedule/DailyLayout.php,Line=100]
2019-11-10T14:12:04+07:00 [786] DEBUG default - [User=Arjaree Jobdeedamrong (1630301@vistec.ac.th)] DailyLayout::GetLayout - For resourceId 16 on date 2019-11-15 00:00:00 Asia/Bangkok, took 1.0967254638672E-5 seconds to get reservation listing, 0.0043280124664307 to build the slots, 0.0043418407440186 total seconds for 1 reservations. Memory consumed=8.78MB [File=/var/www/html/booking/lib/Application/Schedule/DailyLayout.php,Line=100]
2019-11-10T14:12:04+07:00 [786] DEBUG default - [User=Arjaree Jobdeedamrong (1630301@vistec.ac.th)] DailyLayout::GetLayout - For resourceId 16 on date 2019-11-16 00:00:00 Asia/Bangkok, took 1.1205673217773E-5 seconds to get reservation listing, 0.0042898654937744 to build the slots, 0.0043041706085205 total seconds for 0 reservations. Memory consumed=8.9MB [File=/var/www/html/booking/lib/Application/Schedule/DailyLayout.php,Line=100]
2019-11-10T14:12:04+07:00 [786] DEBUG default - [User=Arjaree Jobdeedamrong (1630301@vistec.ac.th)] DailyLayout::GetLayout - For resourceId 16 on date 2019-11-17 00:00:00 Asia/Bangkok, took 1.0967254638672E-5 seconds to get reservation listing, 0.0043621063232422 to build the slots, 0.0043761730194092 total seconds for 0 reservations. Memory consumed=9.02MB [File=/var/www/html/booking/lib/Application/Schedule/DailyLayout.php,Line=100]
2019-11-10T14:12:04+07:00 [786] DEBUG default - [User=Arjaree Jobdeedamrong (1630301@vistec.ac.th)] Schedule took 1573369923.8892 sec to load, 0.49960708618164 sec to render. Total 1573369924.3888 sec [File=/var/www/html/booking/Pages/SchedulePage.php,Line=567]
2019-11-10T15:32:46+07:00 [786] DEBUG default - [User=  ()] Using CaptchaService [File=/var/www/html/booking/lib/Application/Authentication/CaptchaService.php,Line=96]
2019-11-10T15:38:20+07:00 [8831] DEBUG default - [User=  ()] Using CaptchaService [File=/var/www/html/booking/lib/Application/Authentication/CaptchaService.php,Line=96]
2019-11-10T16:29:14+07:00 [8833] DEBUG default - [User=  ()] Using CaptchaService [File=/var/www/html/booking/lib/Application/Authentication/CaptchaService.php,Line=96]
2019-11-10T22:42:39+07:00 [786] DEBUG default - [User=  ()] Using CaptchaService [File=/var/www/html/booking/lib/Application/Authentication/CaptchaService.php,Line=96]
2019-11-10T23:46:28+07:00 [8833] DEBUG default - [User=  ()] Using CaptchaService [File=/var/www/html/booking/lib/Application/Authentication/CaptchaService.php,Line=96]
2019-11-10T23:46:45+07:00 [8833] DEBUG default - [User=  ()] Using CaptchaService [File=/var/www/html/booking/lib/Application/Authentication/CaptchaService.php,Line=96]
