2019-11-10T14:11:13+07:00 [786] DEBUG sql - [User=  ()] MySql Query: SELECT user_id, password, salt, legacypassword
		FROM users
		WHERE (username = 'dacarjjo' OR email = 'dacarjjo') AND status_id = 1;
2019-11-10T14:11:13+07:00 [786] DEBUG sql - [User=  ()] MySql Query: SELECT * FROM users WHERE (username = 'dacarjjo' OR email = 'dacarjjo');
2019-11-10T14:11:13+07:00 [786] DEBUG sql - [User=  ()] MySql Query: SELECT * FROM user_email_preferences WHERE user_id = '406';
2019-11-10T14:11:13+07:00 [786] DEBUG sql - [User=  ()] MySql Query: SELECT
			urp.user_id, r.resource_id, r.name
		FROM
			user_resource_permissions urp, resources r
		WHERE
			urp.user_id = '406' AND r.resource_id = urp.resource_id;
2019-11-10T14:11:13+07:00 [786] DEBUG sql - [User=  ()] MySql Query: SELECT g.*, r.role_level
		FROM user_groups ug
		INNER JOIN groups g ON ug.group_id = g.group_id
		LEFT JOIN group_roles gr ON ug.group_id = gr.group_id
		LEFT JOIN roles r ON gr.role_id = r.role_id
		WHERE user_id = '406' AND (null is null OR r.role_level IN (null) );
2019-11-10T14:11:13+07:00 [786] DEBUG sql - [User=  ()] MySql Query: SELECT cav.*, ca.display_label
		FROM custom_attribute_values cav
		INNER JOIN custom_attributes ca ON ca.custom_attribute_id = cav.custom_attribute_id
		WHERE cav.attribute_category = '2' AND cav.entity_id = '406';
2019-11-10T14:11:13+07:00 [786] DEBUG sql - [User=  ()] MySql Query: SELECT name, value FROM user_preferences WHERE user_id = '406';
2019-11-10T14:11:13+07:00 [786] DEBUG sql - [User=  ()] MySql Execute: UPDATE users
		SET
			status_id = '1',
			password = '47eedafcc4d2f6049396b7203e49e8a9d8014477',
			salt = '054f45b8',
			fname = 'Arjaree',
			lname = 'Jobdeedamrong',
			email = '1630301@vistec.ac.th',
			username = 'dacarjjo',
			homepageId = '1',
			last_modified = '2019-11-10 14:11:13',
			timezone = 'Asia/Bangkok',
			allow_calendar_subscription = '0',
			public_id = '5c9070eb8aed6',
			language = 'en_us',
			lastlogin = '2019-11-10 14:11:13',
			default_schedule_id = null,
			credit_count = '0.00'
		WHERE
			user_id = '406';
2019-11-10T14:11:13+07:00 [786] DEBUG sql - [User=  ()] MySql Query: SELECT COUNT(*) as count FROM users;
2019-11-10T14:11:14+07:00 [8833] DEBUG sql - [User=Arjaree Jobdeedamrong (1630301@vistec.ac.th)] MySql Query: SELECT a.*, 
			(SELECT GROUP_CONCAT(ag.group_id) FROM announcement_groups ag WHERE ag.announcementid = a.announcementid) as group_ids,
			(SELECT GROUP_CONCAT(ar.resource_id) FROM announcement_resources ar WHERE ar.announcementid = a.announcementid) as resource_ids
			FROM announcements a
		WHERE (CONVERT(CONCAT(DATE_FORMAT(start_date, "%Y-%m-%d"), " " ,start_time), DATETIME) <= '2019-11-10 14:11:14' AND CONVERT(CONCAT(DATE_FORMAT(end_date, "%Y-%m-%d"), " " ,end_time), DATETIME) >= '2019-11-10 14:11:14' AND (a.status_deleted != "1" OR a.status_deleted IS NULL)) OR (end_date IS NULL)
		ORDER BY start_date, priority,  end_date;
2019-11-10T14:11:14+07:00 [8833] DEBUG sql - [User=Arjaree Jobdeedamrong (1630301@vistec.ac.th)] MySql Query: SELECT r.*, s.admin_group_id as s_admin_group_id,
		(SELECT GROUP_CONCAT(CONCAT(cav.custom_attribute_id, '=', cav.attribute_value) SEPARATOR "!sep!")
						FROM custom_attribute_values cav WHERE cav.entity_id = r.resource_id AND cav.attribute_category = 4) as attribute_list,
		(SELECT GROUP_CONCAT(rga.resource_group_id SEPARATOR "!sep!") FROM resource_group_assignment rga WHERE rga.resource_id = r.resource_id) AS group_list
		FROM resources r
		INNER JOIN schedules s ON r.schedule_id = s.schedule_id
		ORDER BY COALESCE(r.sort_order,0), r.name;
2019-11-10T14:11:14+07:00 [8833] DEBUG sql - [User=Arjaree Jobdeedamrong (1630301@vistec.ac.th)] MySql Query: SELECT
			urp.user_id, r.resource_id, r.name
		FROM
			user_resource_permissions urp, resources r
		WHERE
			urp.user_id = '406' AND r.resource_id = urp.resource_id;
2019-11-10T14:11:14+07:00 [8833] DEBUG sql - [User=Arjaree Jobdeedamrong (1630301@vistec.ac.th)] MySql Query: SELECT
			grp.group_id, r.resource_id, r.name
		FROM
			group_resource_permissions grp, resources r, user_groups ug
		WHERE
			ug.user_id = '406' AND ug.group_id = grp.group_id AND grp.resource_id = r.resource_id;
2019-11-10T14:11:14+07:00 [8833] DEBUG sql - [User=Arjaree Jobdeedamrong (1630301@vistec.ac.th)] MySql Query: SELECT r.resource_id, r.name FROM resources r
		WHERE r.schedule_id IN (SELECT s.schedule_id FROM schedules s
			INNER JOIN groups g ON g.group_id = s.admin_group_id
			INNER JOIN user_groups ug on ug.group_id = g.group_id
			WHERE ug.user_id = '406')
		OR r.resource_id IN (SELECT r2.resource_id FROM resources r2
			INNER JOIN groups g ON g.group_id = r2.admin_group_id
			INNER JOIN user_groups ug on ug.group_id = g.group_id
			WHERE ug.user_id = '406');
2019-11-10T14:11:14+07:00 [8833] DEBUG sql - [User=Arjaree Jobdeedamrong (1630301@vistec.ac.th)] MySql Query: SELECT s.*, l.timezone FROM schedules s INNER JOIN layouts l ON s.layout_id = l.layout_id ORDER BY s.name;
2019-11-10T14:11:14+07:00 [8833] DEBUG sql - [User=Arjaree Jobdeedamrong (1630301@vistec.ac.th)] MySql Query: SELECT u.*, p.name AS position_name FROM users u 
		LEFT JOIN positions p ON p.position_id = u.position_id
		WHERE u.user_id = '406';
2019-11-10T14:11:14+07:00 [8833] DEBUG sql - [User=Arjaree Jobdeedamrong (1630301@vistec.ac.th)] MySql Query: SELECT * FROM user_email_preferences WHERE user_id = '406';
2019-11-10T14:11:14+07:00 [8833] DEBUG sql - [User=Arjaree Jobdeedamrong (1630301@vistec.ac.th)] MySql Query: SELECT
			urp.user_id, r.resource_id, r.name
		FROM
			user_resource_permissions urp, resources r
		WHERE
			urp.user_id = '406' AND r.resource_id = urp.resource_id;
2019-11-10T14:11:14+07:00 [8833] DEBUG sql - [User=Arjaree Jobdeedamrong (1630301@vistec.ac.th)] MySql Query: SELECT g.*, r.role_level
		FROM user_groups ug
		INNER JOIN groups g ON ug.group_id = g.group_id
		LEFT JOIN group_roles gr ON ug.group_id = gr.group_id
		LEFT JOIN roles r ON gr.role_id = r.role_id
		WHERE user_id = '406' AND (null is null OR r.role_level IN (null) );
2019-11-10T14:11:14+07:00 [8833] DEBUG sql - [User=Arjaree Jobdeedamrong (1630301@vistec.ac.th)] MySql Query: SELECT cav.*, ca.display_label
		FROM custom_attribute_values cav
		INNER JOIN custom_attributes ca ON ca.custom_attribute_id = cav.custom_attribute_id
		WHERE cav.attribute_category = '2' AND cav.entity_id = '406';
2019-11-10T14:11:14+07:00 [8833] DEBUG sql - [User=Arjaree Jobdeedamrong (1630301@vistec.ac.th)] MySql Query: SELECT name, value FROM user_preferences WHERE user_id = '406';
2019-11-10T14:11:14+07:00 [8833] DEBUG sql - [User=Arjaree Jobdeedamrong (1630301@vistec.ac.th)] MySql Query: SELECT * FROM resource_groups ORDER BY parent_id, resource_group_name;
2019-11-10T14:11:14+07:00 [8833] DEBUG sql - [User=Arjaree Jobdeedamrong (1630301@vistec.ac.th)] MySql Query: SELECT r.*, a.resource_group_id
		FROM resource_group_assignment a
		INNER JOIN resources r ON r.resource_id = a.resource_id
		WHERE (-1 = '-1' OR r.schedule_id = '-1')
		ORDER BY COALESCE(r.sort_order,0), r.name;
2019-11-10T14:11:14+07:00 [8833] DEBUG sql - [User=Arjaree Jobdeedamrong (1630301@vistec.ac.th)] MySql Query: SELECT r.*, s.admin_group_id as s_admin_group_id,
		(SELECT GROUP_CONCAT(CONCAT(cav.custom_attribute_id, '=', cav.attribute_value) SEPARATOR "!sep!")
						FROM custom_attribute_values cav WHERE cav.entity_id = r.resource_id AND cav.attribute_category = 4) as attribute_list,
		(SELECT GROUP_CONCAT(rga.resource_group_id SEPARATOR "!sep!") FROM resource_group_assignment rga WHERE rga.resource_id = r.resource_id) AS group_list
		FROM resources r
		INNER JOIN schedules s ON r.schedule_id = s.schedule_id
		 WHERE 1=1 ORDER BY COALESCE(r.sort_order,0), r.name;
2019-11-10T14:11:14+07:00 [8833] DEBUG sql - [User=Arjaree Jobdeedamrong (1630301@vistec.ac.th)] MySql Query: SELECT u.*, p.name AS position_name FROM users u 
		LEFT JOIN positions p ON p.position_id = u.position_id
		WHERE u.user_id = '406';
2019-11-10T14:11:14+07:00 [8833] DEBUG sql - [User=Arjaree Jobdeedamrong (1630301@vistec.ac.th)] MySql Query: SELECT * FROM user_email_preferences WHERE user_id = '406';
2019-11-10T14:11:14+07:00 [8833] DEBUG sql - [User=Arjaree Jobdeedamrong (1630301@vistec.ac.th)] MySql Query: SELECT
			urp.user_id, r.resource_id, r.name
		FROM
			user_resource_permissions urp, resources r
		WHERE
			urp.user_id = '406' AND r.resource_id = urp.resource_id;
2019-11-10T14:11:14+07:00 [8833] DEBUG sql - [User=Arjaree Jobdeedamrong (1630301@vistec.ac.th)] MySql Query: SELECT g.*, r.role_level
		FROM user_groups ug
		INNER JOIN groups g ON ug.group_id = g.group_id
		LEFT JOIN group_roles gr ON ug.group_id = gr.group_id
		LEFT JOIN roles r ON gr.role_id = r.role_id
		WHERE user_id = '406' AND (null is null OR r.role_level IN (null) );
2019-11-10T14:11:14+07:00 [8833] DEBUG sql - [User=Arjaree Jobdeedamrong (1630301@vistec.ac.th)] MySql Query: SELECT cav.*, ca.display_label
		FROM custom_attribute_values cav
		INNER JOIN custom_attributes ca ON ca.custom_attribute_id = cav.custom_attribute_id
		WHERE cav.attribute_category = '2' AND cav.entity_id = '406';
2019-11-10T14:11:14+07:00 [8833] DEBUG sql - [User=Arjaree Jobdeedamrong (1630301@vistec.ac.th)] MySql Query: SELECT name, value FROM user_preferences WHERE user_id = '406';
2019-11-10T14:11:14+07:00 [8831] DEBUG sql - [User=Arjaree Jobdeedamrong (1630301@vistec.ac.th)] MySql Query: SELECT u.*, p.name AS position_name FROM users u 
		LEFT JOIN positions p ON p.position_id = u.position_id
		WHERE u.user_id = '406';
2019-11-10T14:11:14+07:00 [8831] DEBUG sql - [User=Arjaree Jobdeedamrong (1630301@vistec.ac.th)] MySql Query: SELECT * FROM user_email_preferences WHERE user_id = '406';
2019-11-10T14:11:14+07:00 [8831] DEBUG sql - [User=Arjaree Jobdeedamrong (1630301@vistec.ac.th)] MySql Query: SELECT
			urp.user_id, r.resource_id, r.name
		FROM
			user_resource_permissions urp, resources r
		WHERE
			urp.user_id = '406' AND r.resource_id = urp.resource_id;
2019-11-10T14:11:14+07:00 [8831] DEBUG sql - [User=Arjaree Jobdeedamrong (1630301@vistec.ac.th)] MySql Query: SELECT g.*, r.role_level
		FROM user_groups ug
		INNER JOIN groups g ON ug.group_id = g.group_id
		LEFT JOIN group_roles gr ON ug.group_id = gr.group_id
		LEFT JOIN roles r ON gr.role_id = r.role_id
		WHERE user_id = '406' AND (null is null OR r.role_level IN (null) );
2019-11-10T14:11:14+07:00 [8831] DEBUG sql - [User=Arjaree Jobdeedamrong (1630301@vistec.ac.th)] MySql Query: SELECT cav.*, ca.display_label
		FROM custom_attribute_values cav
		INNER JOIN custom_attributes ca ON ca.custom_attribute_id = cav.custom_attribute_id
		WHERE cav.attribute_category = '2' AND cav.entity_id = '406';
2019-11-10T14:11:14+07:00 [8831] DEBUG sql - [User=Arjaree Jobdeedamrong (1630301@vistec.ac.th)] MySql Query: SELECT name, value FROM user_preferences WHERE user_id = '406';
2019-11-10T14:11:14+07:00 [8831] DEBUG sql - [User=Arjaree Jobdeedamrong (1630301@vistec.ac.th)] MySql Execute: UPDATE users
		SET
			status_id = '1',
			password = '47eedafcc4d2f6049396b7203e49e8a9d8014477',
			salt = '054f45b8',
			fname = 'Arjaree',
			lname = 'Jobdeedamrong',
			email = '1630301@vistec.ac.th',
			username = 'dacarjjo',
			homepageId = '1',
			last_modified = '2019-11-10 14:11:14',
			timezone = 'Asia/Bangkok',
			allow_calendar_subscription = '0',
			public_id = '5c9070eb8aed6',
			language = 'en_us',
			lastlogin = '2019-11-10 14:11:13',
			default_schedule_id = null,
			credit_count = '0.00'
		WHERE
			user_id = '406';
2019-11-10T14:11:14+07:00 [8831] DEBUG sql - [User=Arjaree Jobdeedamrong (1630301@vistec.ac.th)] MySql Query: SELECT
				ri.*, rs.date_created as date_created, rs.last_modified as last_modified, rs.description as description, rs.status_id as status_id, rs.title, rs.repeat_type, rs.repeat_options,
					owner.fname as owner_fname, owner.lname as owner_lname, owner.user_id as owner_id, owner.phone as owner_phone, owner.position_id as owner_position, owner.organization as owner_organization, owner.email as email, owner.language, owner.timezone,
					resources.name, resources.resource_id, resources.schedule_id, resources.status_id as resource_status_id, resources.resource_status_reason_id, resources.buffer_time, resources.color, resources.enable_check_in, resources.auto_release_minutes, ru.reservation_user_level,
					start_reminder.minutes_prior AS start_reminder_minutes, end_reminder.minutes_prior AS end_reminder_minutes,
					(SELECT GROUP_CONCAT(groups.group_id)
						FROM user_groups groups WHERE owner.user_id = groups.user_id) as owner_group_list,

					(SELECT GROUP_CONCAT(CONCAT(participants.user_id, '=', CONCAT(participant_users.fname, " ", participant_users.lname)) SEPARATOR "!sep!")
						FROM reservation_users participants INNER JOIN users participant_users ON participants.user_id = participant_users.user_id WHERE participants.reservation_instance_id = ri.reservation_instance_id AND participants.reservation_user_level = 2) as participant_list,

					(SELECT GROUP_CONCAT(CONCAT(invitees.user_id, '=', CONCAT(invitee_users.fname, " ", invitee_users.lname)) SEPARATOR "!sep!")
						FROM reservation_users invitees INNER JOIN users invitee_users ON invitees.user_id = invitee_users.user_id WHERE invitees.reservation_instance_id = ri.reservation_instance_id AND invitees.reservation_user_level = 3) as invitee_list,

					(SELECT GROUP_CONCAT(CONCAT(cav.custom_attribute_id,'=', cav.attribute_value) SEPARATOR "!sep!")
						FROM custom_attribute_values cav WHERE cav.entity_id = ri.series_id AND cav.attribute_category = 1) as attribute_list,

					(SELECT GROUP_CONCAT(CONCAT(p.name, "=", p.value) SEPARATOR "!sep!")
						FROM user_preferences p WHERE owner.user_id = p.user_id) as preferences,
						
					(SELECT GROUP_CONCAT(CONCAT(guests.email, "=", guests.reservation_user_level) SEPARATOR "!sep!")
						FROM reservation_guests guests WHERE guests.reservation_instance_id = ri.reservation_instance_id) as guest_list
			FROM reservation_instances ri
			INNER JOIN reservation_series rs ON rs.series_id = ri.series_id
			INNER JOIN reservation_users ru ON ru.reservation_instance_id = ri.reservation_instance_id
			INNER JOIN users ON users.user_id = rs.owner_id
			INNER JOIN users owner ON owner.user_id = rs.owner_id
			LEFT JOIN positions ON owner.position_id = positions.position_id
			INNER JOIN reservation_resources rr ON rs.series_id = rr.series_id
			INNER JOIN resources ON rr.resource_id = resources.resource_id
			INNER JOIN schedules ON resources.schedule_id = schedules.schedule_id
			LEFT JOIN reservation_reminders start_reminder ON start_reminder.series_id = rs.series_id AND start_reminder.reminder_type = 0
			LEFT JOIN reservation_reminders end_reminder ON end_reminder.series_id = rs.series_id AND end_reminder.reminder_type = 1
			
			WHERE rs.status_id <> 2
			AND ((ri.start_date >= '2019-10-28 00:00:00' AND ri.start_date <= '2019-12-10 00:00:00') OR
					(ri.end_date >= '2019-10-28 00:00:00' AND ri.end_date <= '2019-12-10 00:00:00') OR
					(ri.start_date <= '2019-10-28 00:00:00' AND ri.end_date >= '2019-12-10 00:00:00')) AND
					('406' = -1 OR ru.user_id = '406') AND
					('0' = 0 OR ru.reservation_user_level = '0') AND
					('1' = 1 OR resources.schedule_id IN (null)) AND
					('1' = 1 OR rr.resource_id IN (null))
			ORDER BY ri.start_date ASC;
2019-11-10T14:11:14+07:00 [8831] DEBUG sql - [User=Arjaree Jobdeedamrong (1630301@vistec.ac.th)] MySql Query: SELECT * FROM reservation_color_rules r
		LEFT JOIN custom_attributes ca ON ca.custom_attribute_id = r.custom_attribute_id;
2019-11-10T14:11:16+07:00 [786] DEBUG sql - [User=Arjaree Jobdeedamrong (1630301@vistec.ac.th)] MySql Query: SELECT s.*, l.timezone FROM schedules s INNER JOIN layouts l ON s.layout_id = l.layout_id ORDER BY s.name;
2019-11-10T14:11:16+07:00 [786] DEBUG sql - [User=Arjaree Jobdeedamrong (1630301@vistec.ac.th)] MySql Query: SELECT * FROM resource_groups ORDER BY parent_id, resource_group_name;
2019-11-10T14:11:16+07:00 [786] DEBUG sql - [User=Arjaree Jobdeedamrong (1630301@vistec.ac.th)] MySql Query: SELECT r.*, a.resource_group_id
		FROM resource_group_assignment a
		INNER JOIN resources r ON r.resource_id = a.resource_id
		WHERE (-1 = '1' OR r.schedule_id = '1')
		ORDER BY COALESCE(r.sort_order,0), r.name;
2019-11-10T14:11:16+07:00 [786] DEBUG sql - [User=Arjaree Jobdeedamrong (1630301@vistec.ac.th)] MySql Query: SELECT r.*, s.admin_group_id as s_admin_group_id,
		(SELECT GROUP_CONCAT(CONCAT(cav.custom_attribute_id, '=', cav.attribute_value) SEPARATOR "!sep!")
						FROM custom_attribute_values cav WHERE cav.entity_id = r.resource_id AND cav.attribute_category = 4) as attribute_list,
		(SELECT GROUP_CONCAT(rga.resource_group_id SEPARATOR "!sep!") FROM resource_group_assignment rga WHERE rga.resource_id = r.resource_id) AS group_list
		FROM resources r
		INNER JOIN schedules s ON r.schedule_id = s.schedule_id
		 WHERE r.schedule_id = '1' AND ( r.status_id != '0' ) ORDER BY COALESCE(r.sort_order,0), r.name;
2019-11-10T14:11:16+07:00 [786] DEBUG sql - [User=Arjaree Jobdeedamrong (1630301@vistec.ac.th)] MySql Query: SELECT u.*, p.name AS position_name FROM users u 
		LEFT JOIN positions p ON p.position_id = u.position_id
		WHERE u.user_id = '406';
2019-11-10T14:11:16+07:00 [786] DEBUG sql - [User=Arjaree Jobdeedamrong (1630301@vistec.ac.th)] MySql Query: SELECT * FROM user_email_preferences WHERE user_id = '406';
2019-11-10T14:11:16+07:00 [786] DEBUG sql - [User=Arjaree Jobdeedamrong (1630301@vistec.ac.th)] MySql Query: SELECT
			urp.user_id, r.resource_id, r.name
		FROM
			user_resource_permissions urp, resources r
		WHERE
			urp.user_id = '406' AND r.resource_id = urp.resource_id;
2019-11-10T14:11:16+07:00 [786] DEBUG sql - [User=Arjaree Jobdeedamrong (1630301@vistec.ac.th)] MySql Query: SELECT g.*, r.role_level
		FROM user_groups ug
		INNER JOIN groups g ON ug.group_id = g.group_id
		LEFT JOIN group_roles gr ON ug.group_id = gr.group_id
		LEFT JOIN roles r ON gr.role_id = r.role_id
		WHERE user_id = '406' AND (null is null OR r.role_level IN (null) );
2019-11-10T14:11:16+07:00 [786] DEBUG sql - [User=Arjaree Jobdeedamrong (1630301@vistec.ac.th)] MySql Query: SELECT cav.*, ca.display_label
		FROM custom_attribute_values cav
		INNER JOIN custom_attributes ca ON ca.custom_attribute_id = cav.custom_attribute_id
		WHERE cav.attribute_category = '2' AND cav.entity_id = '406';
2019-11-10T14:11:16+07:00 [786] DEBUG sql - [User=Arjaree Jobdeedamrong (1630301@vistec.ac.th)] MySql Query: SELECT name, value FROM user_preferences WHERE user_id = '406';
2019-11-10T14:11:16+07:00 [786] DEBUG sql - [User=Arjaree Jobdeedamrong (1630301@vistec.ac.th)] MySql Query: SELECT *,
			(SELECT GROUP_CONCAT(CONCAT(cav.custom_attribute_id, '=', cav.attribute_value) SEPARATOR "!sep!")
							FROM custom_attribute_values cav INNER JOIN custom_attribute_entities cae on cav.custom_attribute_id = cae.custom_attribute_id
							WHERE cav.entity_id = r.resource_type_id AND cav.attribute_category = 5) as attribute_list
							FROM resource_types r;
2019-11-10T14:11:16+07:00 [786] DEBUG sql - [User=Arjaree Jobdeedamrong (1630301@vistec.ac.th)] MySql Query: SELECT a.*,
				(SELECT GROUP_CONCAT(e.entity_id SEPARATOR "!sep!")
							FROM custom_attribute_entities e WHERE e.custom_attribute_id = a.custom_attribute_id ORDER BY e.entity_id) as entity_ids,
				CASE
				WHEN a.attribute_category = 2 THEN (SELECT GROUP_CONCAT(CONCAT(u.fname, " ", u.lname) SEPARATOR "!sep!")
													FROM users u INNER JOIN custom_attribute_entities e
													WHERE e.custom_attribute_id = a.custom_attribute_id AND u.user_id = e.entity_id ORDER BY e.entity_id)
				WHEN a.attribute_category = 4 THEN (SELECT GROUP_CONCAT(r.name SEPARATOR "!sep!")
													FROM resources r INNER JOIN custom_attribute_entities e
													WHERE e.custom_attribute_id = a.custom_attribute_id AND r.resource_id = e.entity_id ORDER BY e.entity_id)
				WHEN a.attribute_category = 5  THEN (SELECT GROUP_CONCAT(rt.resource_type_name SEPARATOR "!sep!")
													FROM resource_types rt INNER JOIN custom_attribute_entities e
													WHERE e.custom_attribute_id = a.custom_attribute_id AND rt.resource_type_id = e.entity_id ORDER BY e.entity_id)
				ELSE null
				END as entity_descriptions,
				CASE
				WHEN a.secondary_category = 2 THEN (SELECT GROUP_CONCAT(CONCAT( fname, " ", lname ) SEPARATOR  "!sep!" ) FROM users WHERE FIND_IN_SET( user_id, a.secondary_entity_ids ))
				WHEN a.secondary_category = 4 THEN (SELECT GROUP_CONCAT(name SEPARATOR  "!sep!" ) FROM resources WHERE FIND_IN_SET( resource_id, a.secondary_entity_ids ))
				WHEN a.secondary_category = 5 THEN (SELECT GROUP_CONCAT(resource_type_name SEPARATOR  "!sep!" ) FROM resource_types WHERE FIND_IN_SET( resource_type_id, a.secondary_entity_ids ))
				ELSE null
				END as secondary_entity_descriptions
				FROM custom_attributes a WHERE a.attribute_category = '4' ORDER BY a.sort_order, a.display_label;
2019-11-10T14:11:16+07:00 [786] DEBUG sql - [User=Arjaree Jobdeedamrong (1630301@vistec.ac.th)] MySql Query: SELECT a.*,
				(SELECT GROUP_CONCAT(e.entity_id SEPARATOR "!sep!")
							FROM custom_attribute_entities e WHERE e.custom_attribute_id = a.custom_attribute_id ORDER BY e.entity_id) as entity_ids,
				CASE
				WHEN a.attribute_category = 2 THEN (SELECT GROUP_CONCAT(CONCAT(u.fname, " ", u.lname) SEPARATOR "!sep!")
													FROM users u INNER JOIN custom_attribute_entities e
													WHERE e.custom_attribute_id = a.custom_attribute_id AND u.user_id = e.entity_id ORDER BY e.entity_id)
				WHEN a.attribute_category = 4 THEN (SELECT GROUP_CONCAT(r.name SEPARATOR "!sep!")
													FROM resources r INNER JOIN custom_attribute_entities e
													WHERE e.custom_attribute_id = a.custom_attribute_id AND r.resource_id = e.entity_id ORDER BY e.entity_id)
				WHEN a.attribute_category = 5  THEN (SELECT GROUP_CONCAT(rt.resource_type_name SEPARATOR "!sep!")
													FROM resource_types rt INNER JOIN custom_attribute_entities e
													WHERE e.custom_attribute_id = a.custom_attribute_id AND rt.resource_type_id = e.entity_id ORDER BY e.entity_id)
				ELSE null
				END as entity_descriptions,
				CASE
				WHEN a.secondary_category = 2 THEN (SELECT GROUP_CONCAT(CONCAT( fname, " ", lname ) SEPARATOR  "!sep!" ) FROM users WHERE FIND_IN_SET( user_id, a.secondary_entity_ids ))
				WHEN a.secondary_category = 4 THEN (SELECT GROUP_CONCAT(name SEPARATOR  "!sep!" ) FROM resources WHERE FIND_IN_SET( resource_id, a.secondary_entity_ids ))
				WHEN a.secondary_category = 5 THEN (SELECT GROUP_CONCAT(resource_type_name SEPARATOR  "!sep!" ) FROM resource_types WHERE FIND_IN_SET( resource_type_id, a.secondary_entity_ids ))
				ELSE null
				END as secondary_entity_descriptions
				FROM custom_attributes a WHERE a.attribute_category = '5' ORDER BY a.sort_order, a.display_label;
2019-11-10T14:11:16+07:00 [786] DEBUG sql - [User=Arjaree Jobdeedamrong (1630301@vistec.ac.th)] MySql Query: SELECT r.*, s.admin_group_id as s_admin_group_id,
		(SELECT GROUP_CONCAT(CONCAT(cav.custom_attribute_id, '=', cav.attribute_value) SEPARATOR "!sep!")
						FROM custom_attribute_values cav WHERE cav.entity_id = r.resource_id AND cav.attribute_category = 4) as attribute_list,
		(SELECT GROUP_CONCAT(rga.resource_group_id SEPARATOR "!sep!") FROM resource_group_assignment rga WHERE rga.resource_id = r.resource_id) AS group_list
		FROM resources r
		INNER JOIN schedules s ON r.schedule_id = s.schedule_id
		 WHERE r.schedule_id = '1' AND ( r.status_id != '0' ) ORDER BY COALESCE(r.sort_order,0), r.name;
2019-11-10T14:11:16+07:00 [786] DEBUG sql - [User=Arjaree Jobdeedamrong (1630301@vistec.ac.th)] MySql Query: SELECT
			urp.user_id, r.resource_id, r.name
		FROM
			user_resource_permissions urp, resources r
		WHERE
			urp.user_id = '406' AND r.resource_id = urp.resource_id;
2019-11-10T14:11:16+07:00 [786] DEBUG sql - [User=Arjaree Jobdeedamrong (1630301@vistec.ac.th)] MySql Query: SELECT
			grp.group_id, r.resource_id, r.name
		FROM
			group_resource_permissions grp, resources r, user_groups ug
		WHERE
			ug.user_id = '406' AND ug.group_id = grp.group_id AND grp.resource_id = r.resource_id;
2019-11-10T14:11:16+07:00 [786] DEBUG sql - [User=Arjaree Jobdeedamrong (1630301@vistec.ac.th)] MySql Query: SELECT r.resource_id, r.name FROM resources r
		WHERE r.schedule_id IN (SELECT s.schedule_id FROM schedules s
			INNER JOIN groups g ON g.group_id = s.admin_group_id
			INNER JOIN user_groups ug on ug.group_id = g.group_id
			WHERE ug.user_id = '406')
		OR r.resource_id IN (SELECT r2.resource_id FROM resources r2
			INNER JOIN groups g ON g.group_id = r2.admin_group_id
			INNER JOIN user_groups ug on ug.group_id = g.group_id
			WHERE ug.user_id = '406');
2019-11-10T14:11:16+07:00 [786] DEBUG sql - [User=Arjaree Jobdeedamrong (1630301@vistec.ac.th)] MySql Query: SELECT
				ri.*, rs.date_created as date_created, rs.last_modified as last_modified, rs.description as description, rs.status_id as status_id, rs.title, rs.repeat_type, rs.repeat_options,
					owner.fname as owner_fname, owner.lname as owner_lname, owner.user_id as owner_id, owner.phone as owner_phone, owner.position_id as owner_position, owner.organization as owner_organization, owner.email as email, owner.language, owner.timezone,
					resources.name, resources.resource_id, resources.schedule_id, resources.status_id as resource_status_id, resources.resource_status_reason_id, resources.buffer_time, resources.color, resources.enable_check_in, resources.auto_release_minutes, ru.reservation_user_level,
					start_reminder.minutes_prior AS start_reminder_minutes, end_reminder.minutes_prior AS end_reminder_minutes,
					(SELECT GROUP_CONCAT(groups.group_id)
						FROM user_groups groups WHERE owner.user_id = groups.user_id) as owner_group_list,

					(SELECT GROUP_CONCAT(CONCAT(participants.user_id, '=', CONCAT(participant_users.fname, " ", participant_users.lname)) SEPARATOR "!sep!")
						FROM reservation_users participants INNER JOIN users participant_users ON participants.user_id = participant_users.user_id WHERE participants.reservation_instance_id = ri.reservation_instance_id AND participants.reservation_user_level = 2) as participant_list,

					(SELECT GROUP_CONCAT(CONCAT(invitees.user_id, '=', CONCAT(invitee_users.fname, " ", invitee_users.lname)) SEPARATOR "!sep!")
						FROM reservation_users invitees INNER JOIN users invitee_users ON invitees.user_id = invitee_users.user_id WHERE invitees.reservation_instance_id = ri.reservation_instance_id AND invitees.reservation_user_level = 3) as invitee_list,

					(SELECT GROUP_CONCAT(CONCAT(cav.custom_attribute_id,'=', cav.attribute_value) SEPARATOR "!sep!")
						FROM custom_attribute_values cav WHERE cav.entity_id = ri.series_id AND cav.attribute_category = 1) as attribute_list,

					(SELECT GROUP_CONCAT(CONCAT(p.name, "=", p.value) SEPARATOR "!sep!")
						FROM user_preferences p WHERE owner.user_id = p.user_id) as preferences,
						
					(SELECT GROUP_CONCAT(CONCAT(guests.email, "=", guests.reservation_user_level) SEPARATOR "!sep!")
						FROM reservation_guests guests WHERE guests.reservation_instance_id = ri.reservation_instance_id) as guest_list
			FROM reservation_instances ri
			INNER JOIN reservation_series rs ON rs.series_id = ri.series_id
			INNER JOIN reservation_users ru ON ru.reservation_instance_id = ri.reservation_instance_id
			INNER JOIN users ON users.user_id = rs.owner_id
			INNER JOIN users owner ON owner.user_id = rs.owner_id
			LEFT JOIN positions ON owner.position_id = positions.position_id
			INNER JOIN reservation_resources rr ON rs.series_id = rr.series_id
			INNER JOIN resources ON rr.resource_id = resources.resource_id
			INNER JOIN schedules ON resources.schedule_id = schedules.schedule_id
			LEFT JOIN reservation_reminders start_reminder ON start_reminder.series_id = rs.series_id AND start_reminder.reminder_type = 0
			LEFT JOIN reservation_reminders end_reminder ON end_reminder.series_id = rs.series_id AND end_reminder.reminder_type = 1
			
			WHERE rs.status_id <> 2
			AND ((ri.start_date >= '2019-11-04 00:00:00' AND ri.start_date <= '2019-11-11 00:00:00') OR
					(ri.end_date >= '2019-11-04 00:00:00' AND ri.end_date <= '2019-11-11 00:00:00') OR
					(ri.start_date <= '2019-11-04 00:00:00' AND ri.end_date >= '2019-11-11 00:00:00')) AND
					('-1' = -1 OR ru.user_id = '-1') AND
					('1' = 0 OR ru.reservation_user_level = '1') AND
					('0' = 1 OR resources.schedule_id IN ('1')) AND
					('0' = 1 OR rr.resource_id IN ('10','17','9','23','18','7','22','15','11','13','12','14','29','30','8','21','20','2'))
			ORDER BY ri.start_date ASC;
2019-11-10T14:11:16+07:00 [786] DEBUG sql - [User=Arjaree Jobdeedamrong (1630301@vistec.ac.th)] MySql Query: SELECT * FROM reservation_color_rules r
		LEFT JOIN custom_attributes ca ON ca.custom_attribute_id = r.custom_attribute_id;
2019-11-10T14:11:16+07:00 [786] DEBUG sql - [User=Arjaree Jobdeedamrong (1630301@vistec.ac.th)] MySql Query: SELECT *
		FROM blackout_instances bi
		INNER JOIN blackout_series bs ON bi.blackout_series_id = bs.blackout_series_id
		INNER JOIN blackout_series_resources bsr ON  bi.blackout_series_id = bsr.blackout_series_id
		INNER JOIN resources r on bsr.resource_id = r.resource_id
		INNER JOIN users u ON u.user_id = bs.owner_id
		WHERE
			(
				(bi.start_date >= '2019-11-04 00:00:00' AND bi.start_date <= '2019-11-11 00:00:00')
				OR
				(bi.end_date >= '2019-11-04 00:00:00' AND bi.end_date <= '2019-11-11 00:00:00')
				OR
				(bi.start_date <= '2019-11-04 00:00:00' AND bi.end_date >= '2019-11-11 00:00:00')
			) AND
			('1' = -1 OR r.schedule_id = '1')
		ORDER BY bi.start_date ASC;
2019-11-10T14:11:16+07:00 [786] DEBUG sql - [User=Arjaree Jobdeedamrong (1630301@vistec.ac.th)] MySql Query: SELECT
			tb.label,
			tb.end_label,
			tb.start_time,
			tb.end_time,
			tb.availability_code,
			tb.day_of_week,
			l.timezone
		FROM
			time_blocks tb,
			layouts l,
			schedules s
		WHERE
			l.layout_id = s.layout_id  AND
			tb.layout_id = l.layout_id AND
			s.schedule_id = '1'
		ORDER BY tb.start_time;
2019-11-10T14:11:16+07:00 [786] DEBUG sql - [User=Arjaree Jobdeedamrong (1630301@vistec.ac.th)] MySql Query: SELECT * FROM peak_times WHERE schedule_id = '1';
2019-11-10T14:11:33+07:00 [8833] DEBUG sql - [User=Arjaree Jobdeedamrong (1630301@vistec.ac.th)] MySql Query: SELECT s.*, l.timezone FROM schedules s INNER JOIN layouts l ON s.layout_id = l.layout_id ORDER BY s.name;
2019-11-10T14:11:33+07:00 [8833] DEBUG sql - [User=Arjaree Jobdeedamrong (1630301@vistec.ac.th)] MySql Query: SELECT * FROM resource_groups ORDER BY parent_id, resource_group_name;
2019-11-10T14:11:33+07:00 [8833] DEBUG sql - [User=Arjaree Jobdeedamrong (1630301@vistec.ac.th)] MySql Query: SELECT r.*, a.resource_group_id
		FROM resource_group_assignment a
		INNER JOIN resources r ON r.resource_id = a.resource_id
		WHERE (-1 = '13' OR r.schedule_id = '13')
		ORDER BY COALESCE(r.sort_order,0), r.name;
2019-11-10T14:11:33+07:00 [8833] DEBUG sql - [User=Arjaree Jobdeedamrong (1630301@vistec.ac.th)] MySql Query: SELECT r.*, s.admin_group_id as s_admin_group_id,
		(SELECT GROUP_CONCAT(CONCAT(cav.custom_attribute_id, '=', cav.attribute_value) SEPARATOR "!sep!")
						FROM custom_attribute_values cav WHERE cav.entity_id = r.resource_id AND cav.attribute_category = 4) as attribute_list,
		(SELECT GROUP_CONCAT(rga.resource_group_id SEPARATOR "!sep!") FROM resource_group_assignment rga WHERE rga.resource_id = r.resource_id) AS group_list
		FROM resources r
		INNER JOIN schedules s ON r.schedule_id = s.schedule_id
		 WHERE r.schedule_id = '13' AND ( r.status_id != '0' ) ORDER BY COALESCE(r.sort_order,0), r.name;
2019-11-10T14:11:33+07:00 [8833] DEBUG sql - [User=Arjaree Jobdeedamrong (1630301@vistec.ac.th)] MySql Query: SELECT *,
			(SELECT GROUP_CONCAT(CONCAT(cav.custom_attribute_id, '=', cav.attribute_value) SEPARATOR "!sep!")
							FROM custom_attribute_values cav INNER JOIN custom_attribute_entities cae on cav.custom_attribute_id = cae.custom_attribute_id
							WHERE cav.entity_id = r.resource_type_id AND cav.attribute_category = 5) as attribute_list
							FROM resource_types r;
2019-11-10T14:11:33+07:00 [8833] DEBUG sql - [User=Arjaree Jobdeedamrong (1630301@vistec.ac.th)] MySql Query: SELECT a.*,
				(SELECT GROUP_CONCAT(e.entity_id SEPARATOR "!sep!")
							FROM custom_attribute_entities e WHERE e.custom_attribute_id = a.custom_attribute_id ORDER BY e.entity_id) as entity_ids,
				CASE
				WHEN a.attribute_category = 2 THEN (SELECT GROUP_CONCAT(CONCAT(u.fname, " ", u.lname) SEPARATOR "!sep!")
													FROM users u INNER JOIN custom_attribute_entities e
													WHERE e.custom_attribute_id = a.custom_attribute_id AND u.user_id = e.entity_id ORDER BY e.entity_id)
				WHEN a.attribute_category = 4 THEN (SELECT GROUP_CONCAT(r.name SEPARATOR "!sep!")
													FROM resources r INNER JOIN custom_attribute_entities e
													WHERE e.custom_attribute_id = a.custom_attribute_id AND r.resource_id = e.entity_id ORDER BY e.entity_id)
				WHEN a.attribute_category = 5  THEN (SELECT GROUP_CONCAT(rt.resource_type_name SEPARATOR "!sep!")
													FROM resource_types rt INNER JOIN custom_attribute_entities e
													WHERE e.custom_attribute_id = a.custom_attribute_id AND rt.resource_type_id = e.entity_id ORDER BY e.entity_id)
				ELSE null
				END as entity_descriptions,
				CASE
				WHEN a.secondary_category = 2 THEN (SELECT GROUP_CONCAT(CONCAT( fname, " ", lname ) SEPARATOR  "!sep!" ) FROM users WHERE FIND_IN_SET( user_id, a.secondary_entity_ids ))
				WHEN a.secondary_category = 4 THEN (SELECT GROUP_CONCAT(name SEPARATOR  "!sep!" ) FROM resources WHERE FIND_IN_SET( resource_id, a.secondary_entity_ids ))
				WHEN a.secondary_category = 5 THEN (SELECT GROUP_CONCAT(resource_type_name SEPARATOR  "!sep!" ) FROM resource_types WHERE FIND_IN_SET( resource_type_id, a.secondary_entity_ids ))
				ELSE null
				END as secondary_entity_descriptions
				FROM custom_attributes a WHERE a.attribute_category = '4' ORDER BY a.sort_order, a.display_label;
2019-11-10T14:11:33+07:00 [8833] DEBUG sql - [User=Arjaree Jobdeedamrong (1630301@vistec.ac.th)] MySql Query: SELECT a.*,
				(SELECT GROUP_CONCAT(e.entity_id SEPARATOR "!sep!")
							FROM custom_attribute_entities e WHERE e.custom_attribute_id = a.custom_attribute_id ORDER BY e.entity_id) as entity_ids,
				CASE
				WHEN a.attribute_category = 2 THEN (SELECT GROUP_CONCAT(CONCAT(u.fname, " ", u.lname) SEPARATOR "!sep!")
													FROM users u INNER JOIN custom_attribute_entities e
													WHERE e.custom_attribute_id = a.custom_attribute_id AND u.user_id = e.entity_id ORDER BY e.entity_id)
				WHEN a.attribute_category = 4 THEN (SELECT GROUP_CONCAT(r.name SEPARATOR "!sep!")
													FROM resources r INNER JOIN custom_attribute_entities e
													WHERE e.custom_attribute_id = a.custom_attribute_id AND r.resource_id = e.entity_id ORDER BY e.entity_id)
				WHEN a.attribute_category = 5  THEN (SELECT GROUP_CONCAT(rt.resource_type_name SEPARATOR "!sep!")
													FROM resource_types rt INNER JOIN custom_attribute_entities e
													WHERE e.custom_attribute_id = a.custom_attribute_id AND rt.resource_type_id = e.entity_id ORDER BY e.entity_id)
				ELSE null
				END as entity_descriptions,
				CASE
				WHEN a.secondary_category = 2 THEN (SELECT GROUP_CONCAT(CONCAT( fname, " ", lname ) SEPARATOR  "!sep!" ) FROM users WHERE FIND_IN_SET( user_id, a.secondary_entity_ids ))
				WHEN a.secondary_category = 4 THEN (SELECT GROUP_CONCAT(name SEPARATOR  "!sep!" ) FROM resources WHERE FIND_IN_SET( resource_id, a.secondary_entity_ids ))
				WHEN a.secondary_category = 5 THEN (SELECT GROUP_CONCAT(resource_type_name SEPARATOR  "!sep!" ) FROM resource_types WHERE FIND_IN_SET( resource_type_id, a.secondary_entity_ids ))
				ELSE null
				END as secondary_entity_descriptions
				FROM custom_attributes a WHERE a.attribute_category = '5' ORDER BY a.sort_order, a.display_label;
2019-11-10T14:11:33+07:00 [8833] DEBUG sql - [User=Arjaree Jobdeedamrong (1630301@vistec.ac.th)] MySql Query: SELECT r.*, s.admin_group_id as s_admin_group_id,
		(SELECT GROUP_CONCAT(CONCAT(cav.custom_attribute_id, '=', cav.attribute_value) SEPARATOR "!sep!")
						FROM custom_attribute_values cav WHERE cav.entity_id = r.resource_id AND cav.attribute_category = 4) as attribute_list,
		(SELECT GROUP_CONCAT(rga.resource_group_id SEPARATOR "!sep!") FROM resource_group_assignment rga WHERE rga.resource_id = r.resource_id) AS group_list
		FROM resources r
		INNER JOIN schedules s ON r.schedule_id = s.schedule_id
		 WHERE r.schedule_id = '13' AND ( r.status_id != '0' ) ORDER BY COALESCE(r.sort_order,0), r.name;
2019-11-10T14:11:33+07:00 [8833] DEBUG sql - [User=Arjaree Jobdeedamrong (1630301@vistec.ac.th)] MySql Query: SELECT
			urp.user_id, r.resource_id, r.name
		FROM
			user_resource_permissions urp, resources r
		WHERE
			urp.user_id = '406' AND r.resource_id = urp.resource_id;
2019-11-10T14:11:33+07:00 [8833] DEBUG sql - [User=Arjaree Jobdeedamrong (1630301@vistec.ac.th)] MySql Query: SELECT
			grp.group_id, r.resource_id, r.name
		FROM
			group_resource_permissions grp, resources r, user_groups ug
		WHERE
			ug.user_id = '406' AND ug.group_id = grp.group_id AND grp.resource_id = r.resource_id;
2019-11-10T14:11:33+07:00 [8833] DEBUG sql - [User=Arjaree Jobdeedamrong (1630301@vistec.ac.th)] MySql Query: SELECT r.resource_id, r.name FROM resources r
		WHERE r.schedule_id IN (SELECT s.schedule_id FROM schedules s
			INNER JOIN groups g ON g.group_id = s.admin_group_id
			INNER JOIN user_groups ug on ug.group_id = g.group_id
			WHERE ug.user_id = '406')
		OR r.resource_id IN (SELECT r2.resource_id FROM resources r2
			INNER JOIN groups g ON g.group_id = r2.admin_group_id
			INNER JOIN user_groups ug on ug.group_id = g.group_id
			WHERE ug.user_id = '406');
2019-11-10T14:11:33+07:00 [8833] DEBUG sql - [User=Arjaree Jobdeedamrong (1630301@vistec.ac.th)] MySql Query: SELECT
				ri.*, rs.date_created as date_created, rs.last_modified as last_modified, rs.description as description, rs.status_id as status_id, rs.title, rs.repeat_type, rs.repeat_options,
					owner.fname as owner_fname, owner.lname as owner_lname, owner.user_id as owner_id, owner.phone as owner_phone, owner.position_id as owner_position, owner.organization as owner_organization, owner.email as email, owner.language, owner.timezone,
					resources.name, resources.resource_id, resources.schedule_id, resources.status_id as resource_status_id, resources.resource_status_reason_id, resources.buffer_time, resources.color, resources.enable_check_in, resources.auto_release_minutes, ru.reservation_user_level,
					start_reminder.minutes_prior AS start_reminder_minutes, end_reminder.minutes_prior AS end_reminder_minutes,
					(SELECT GROUP_CONCAT(groups.group_id)
						FROM user_groups groups WHERE owner.user_id = groups.user_id) as owner_group_list,

					(SELECT GROUP_CONCAT(CONCAT(participants.user_id, '=', CONCAT(participant_users.fname, " ", participant_users.lname)) SEPARATOR "!sep!")
						FROM reservation_users participants INNER JOIN users participant_users ON participants.user_id = participant_users.user_id WHERE participants.reservation_instance_id = ri.reservation_instance_id AND participants.reservation_user_level = 2) as participant_list,

					(SELECT GROUP_CONCAT(CONCAT(invitees.user_id, '=', CONCAT(invitee_users.fname, " ", invitee_users.lname)) SEPARATOR "!sep!")
						FROM reservation_users invitees INNER JOIN users invitee_users ON invitees.user_id = invitee_users.user_id WHERE invitees.reservation_instance_id = ri.reservation_instance_id AND invitees.reservation_user_level = 3) as invitee_list,

					(SELECT GROUP_CONCAT(CONCAT(cav.custom_attribute_id,'=', cav.attribute_value) SEPARATOR "!sep!")
						FROM custom_attribute_values cav WHERE cav.entity_id = ri.series_id AND cav.attribute_category = 1) as attribute_list,

					(SELECT GROUP_CONCAT(CONCAT(p.name, "=", p.value) SEPARATOR "!sep!")
						FROM user_preferences p WHERE owner.user_id = p.user_id) as preferences,
						
					(SELECT GROUP_CONCAT(CONCAT(guests.email, "=", guests.reservation_user_level) SEPARATOR "!sep!")
						FROM reservation_guests guests WHERE guests.reservation_instance_id = ri.reservation_instance_id) as guest_list
			FROM reservation_instances ri
			INNER JOIN reservation_series rs ON rs.series_id = ri.series_id
			INNER JOIN reservation_users ru ON ru.reservation_instance_id = ri.reservation_instance_id
			INNER JOIN users ON users.user_id = rs.owner_id
			INNER JOIN users owner ON owner.user_id = rs.owner_id
			LEFT JOIN positions ON owner.position_id = positions.position_id
			INNER JOIN reservation_resources rr ON rs.series_id = rr.series_id
			INNER JOIN resources ON rr.resource_id = resources.resource_id
			INNER JOIN schedules ON resources.schedule_id = schedules.schedule_id
			LEFT JOIN reservation_reminders start_reminder ON start_reminder.series_id = rs.series_id AND start_reminder.reminder_type = 0
			LEFT JOIN reservation_reminders end_reminder ON end_reminder.series_id = rs.series_id AND end_reminder.reminder_type = 1
			
			WHERE rs.status_id <> 2
			AND ((ri.start_date >= '2019-11-04 00:00:00' AND ri.start_date <= '2019-11-11 00:00:00') OR
					(ri.end_date >= '2019-11-04 00:00:00' AND ri.end_date <= '2019-11-11 00:00:00') OR
					(ri.start_date <= '2019-11-04 00:00:00' AND ri.end_date >= '2019-11-11 00:00:00')) AND
					('-1' = -1 OR ru.user_id = '-1') AND
					('1' = 0 OR ru.reservation_user_level = '1') AND
					('0' = 1 OR resources.schedule_id IN ('13')) AND
					('0' = 1 OR rr.resource_id IN ('16'))
			ORDER BY ri.start_date ASC;
2019-11-10T14:11:33+07:00 [8833] DEBUG sql - [User=Arjaree Jobdeedamrong (1630301@vistec.ac.th)] MySql Query: SELECT * FROM reservation_color_rules r
		LEFT JOIN custom_attributes ca ON ca.custom_attribute_id = r.custom_attribute_id;
2019-11-10T14:11:33+07:00 [8833] DEBUG sql - [User=Arjaree Jobdeedamrong (1630301@vistec.ac.th)] MySql Query: SELECT *
		FROM blackout_instances bi
		INNER JOIN blackout_series bs ON bi.blackout_series_id = bs.blackout_series_id
		INNER JOIN blackout_series_resources bsr ON  bi.blackout_series_id = bsr.blackout_series_id
		INNER JOIN resources r on bsr.resource_id = r.resource_id
		INNER JOIN users u ON u.user_id = bs.owner_id
		WHERE
			(
				(bi.start_date >= '2019-11-04 00:00:00' AND bi.start_date <= '2019-11-11 00:00:00')
				OR
				(bi.end_date >= '2019-11-04 00:00:00' AND bi.end_date <= '2019-11-11 00:00:00')
				OR
				(bi.start_date <= '2019-11-04 00:00:00' AND bi.end_date >= '2019-11-11 00:00:00')
			) AND
			('13' = -1 OR r.schedule_id = '13')
		ORDER BY bi.start_date ASC;
2019-11-10T14:11:33+07:00 [8833] DEBUG sql - [User=Arjaree Jobdeedamrong (1630301@vistec.ac.th)] MySql Query: SELECT
			tb.label,
			tb.end_label,
			tb.start_time,
			tb.end_time,
			tb.availability_code,
			tb.day_of_week,
			l.timezone
		FROM
			time_blocks tb,
			layouts l,
			schedules s
		WHERE
			l.layout_id = s.layout_id  AND
			tb.layout_id = l.layout_id AND
			s.schedule_id = '13'
		ORDER BY tb.start_time;
2019-11-10T14:11:33+07:00 [8833] DEBUG sql - [User=Arjaree Jobdeedamrong (1630301@vistec.ac.th)] MySql Query: SELECT * FROM peak_times WHERE schedule_id = '13';
2019-11-10T14:11:36+07:00 [8831] DEBUG sql - [User=Arjaree Jobdeedamrong (1630301@vistec.ac.th)] MySql Query: SELECT s.*, l.timezone FROM schedules s INNER JOIN layouts l ON s.layout_id = l.layout_id ORDER BY s.name;
2019-11-10T14:11:36+07:00 [8831] DEBUG sql - [User=Arjaree Jobdeedamrong (1630301@vistec.ac.th)] MySql Query: SELECT * FROM resource_groups ORDER BY parent_id, resource_group_name;
2019-11-10T14:11:36+07:00 [8831] DEBUG sql - [User=Arjaree Jobdeedamrong (1630301@vistec.ac.th)] MySql Query: SELECT r.*, a.resource_group_id
		FROM resource_group_assignment a
		INNER JOIN resources r ON r.resource_id = a.resource_id
		WHERE (-1 = '13' OR r.schedule_id = '13')
		ORDER BY COALESCE(r.sort_order,0), r.name;
2019-11-10T14:11:36+07:00 [8831] DEBUG sql - [User=Arjaree Jobdeedamrong (1630301@vistec.ac.th)] MySql Query: SELECT r.*, s.admin_group_id as s_admin_group_id,
		(SELECT GROUP_CONCAT(CONCAT(cav.custom_attribute_id, '=', cav.attribute_value) SEPARATOR "!sep!")
						FROM custom_attribute_values cav WHERE cav.entity_id = r.resource_id AND cav.attribute_category = 4) as attribute_list,
		(SELECT GROUP_CONCAT(rga.resource_group_id SEPARATOR "!sep!") FROM resource_group_assignment rga WHERE rga.resource_id = r.resource_id) AS group_list
		FROM resources r
		INNER JOIN schedules s ON r.schedule_id = s.schedule_id
		 WHERE r.schedule_id = '13' AND ( r.status_id != '0' ) ORDER BY COALESCE(r.sort_order,0), r.name;
2019-11-10T14:11:36+07:00 [8831] DEBUG sql - [User=Arjaree Jobdeedamrong (1630301@vistec.ac.th)] MySql Query: SELECT *,
			(SELECT GROUP_CONCAT(CONCAT(cav.custom_attribute_id, '=', cav.attribute_value) SEPARATOR "!sep!")
							FROM custom_attribute_values cav INNER JOIN custom_attribute_entities cae on cav.custom_attribute_id = cae.custom_attribute_id
							WHERE cav.entity_id = r.resource_type_id AND cav.attribute_category = 5) as attribute_list
							FROM resource_types r;
2019-11-10T14:11:36+07:00 [8831] DEBUG sql - [User=Arjaree Jobdeedamrong (1630301@vistec.ac.th)] MySql Query: SELECT a.*,
				(SELECT GROUP_CONCAT(e.entity_id SEPARATOR "!sep!")
							FROM custom_attribute_entities e WHERE e.custom_attribute_id = a.custom_attribute_id ORDER BY e.entity_id) as entity_ids,
				CASE
				WHEN a.attribute_category = 2 THEN (SELECT GROUP_CONCAT(CONCAT(u.fname, " ", u.lname) SEPARATOR "!sep!")
													FROM users u INNER JOIN custom_attribute_entities e
													WHERE e.custom_attribute_id = a.custom_attribute_id AND u.user_id = e.entity_id ORDER BY e.entity_id)
				WHEN a.attribute_category = 4 THEN (SELECT GROUP_CONCAT(r.name SEPARATOR "!sep!")
													FROM resources r INNER JOIN custom_attribute_entities e
													WHERE e.custom_attribute_id = a.custom_attribute_id AND r.resource_id = e.entity_id ORDER BY e.entity_id)
				WHEN a.attribute_category = 5  THEN (SELECT GROUP_CONCAT(rt.resource_type_name SEPARATOR "!sep!")
													FROM resource_types rt INNER JOIN custom_attribute_entities e
													WHERE e.custom_attribute_id = a.custom_attribute_id AND rt.resource_type_id = e.entity_id ORDER BY e.entity_id)
				ELSE null
				END as entity_descriptions,
				CASE
				WHEN a.secondary_category = 2 THEN (SELECT GROUP_CONCAT(CONCAT( fname, " ", lname ) SEPARATOR  "!sep!" ) FROM users WHERE FIND_IN_SET( user_id, a.secondary_entity_ids ))
				WHEN a.secondary_category = 4 THEN (SELECT GROUP_CONCAT(name SEPARATOR  "!sep!" ) FROM resources WHERE FIND_IN_SET( resource_id, a.secondary_entity_ids ))
				WHEN a.secondary_category = 5 THEN (SELECT GROUP_CONCAT(resource_type_name SEPARATOR  "!sep!" ) FROM resource_types WHERE FIND_IN_SET( resource_type_id, a.secondary_entity_ids ))
				ELSE null
				END as secondary_entity_descriptions
				FROM custom_attributes a WHERE a.attribute_category = '4' ORDER BY a.sort_order, a.display_label;
2019-11-10T14:11:36+07:00 [8831] DEBUG sql - [User=Arjaree Jobdeedamrong (1630301@vistec.ac.th)] MySql Query: SELECT a.*,
				(SELECT GROUP_CONCAT(e.entity_id SEPARATOR "!sep!")
							FROM custom_attribute_entities e WHERE e.custom_attribute_id = a.custom_attribute_id ORDER BY e.entity_id) as entity_ids,
				CASE
				WHEN a.attribute_category = 2 THEN (SELECT GROUP_CONCAT(CONCAT(u.fname, " ", u.lname) SEPARATOR "!sep!")
													FROM users u INNER JOIN custom_attribute_entities e
													WHERE e.custom_attribute_id = a.custom_attribute_id AND u.user_id = e.entity_id ORDER BY e.entity_id)
				WHEN a.attribute_category = 4 THEN (SELECT GROUP_CONCAT(r.name SEPARATOR "!sep!")
													FROM resources r INNER JOIN custom_attribute_entities e
													WHERE e.custom_attribute_id = a.custom_attribute_id AND r.resource_id = e.entity_id ORDER BY e.entity_id)
				WHEN a.attribute_category = 5  THEN (SELECT GROUP_CONCAT(rt.resource_type_name SEPARATOR "!sep!")
													FROM resource_types rt INNER JOIN custom_attribute_entities e
													WHERE e.custom_attribute_id = a.custom_attribute_id AND rt.resource_type_id = e.entity_id ORDER BY e.entity_id)
				ELSE null
				END as entity_descriptions,
				CASE
				WHEN a.secondary_category = 2 THEN (SELECT GROUP_CONCAT(CONCAT( fname, " ", lname ) SEPARATOR  "!sep!" ) FROM users WHERE FIND_IN_SET( user_id, a.secondary_entity_ids ))
				WHEN a.secondary_category = 4 THEN (SELECT GROUP_CONCAT(name SEPARATOR  "!sep!" ) FROM resources WHERE FIND_IN_SET( resource_id, a.secondary_entity_ids ))
				WHEN a.secondary_category = 5 THEN (SELECT GROUP_CONCAT(resource_type_name SEPARATOR  "!sep!" ) FROM resource_types WHERE FIND_IN_SET( resource_type_id, a.secondary_entity_ids ))
				ELSE null
				END as secondary_entity_descriptions
				FROM custom_attributes a WHERE a.attribute_category = '5' ORDER BY a.sort_order, a.display_label;
2019-11-10T14:11:36+07:00 [8831] DEBUG sql - [User=Arjaree Jobdeedamrong (1630301@vistec.ac.th)] MySql Query: SELECT r.*, s.admin_group_id as s_admin_group_id,
		(SELECT GROUP_CONCAT(CONCAT(cav.custom_attribute_id, '=', cav.attribute_value) SEPARATOR "!sep!")
						FROM custom_attribute_values cav WHERE cav.entity_id = r.resource_id AND cav.attribute_category = 4) as attribute_list,
		(SELECT GROUP_CONCAT(rga.resource_group_id SEPARATOR "!sep!") FROM resource_group_assignment rga WHERE rga.resource_id = r.resource_id) AS group_list
		FROM resources r
		INNER JOIN schedules s ON r.schedule_id = s.schedule_id
		 WHERE r.schedule_id = '13' AND ( r.status_id != '0' ) ORDER BY COALESCE(r.sort_order,0), r.name;
2019-11-10T14:11:36+07:00 [8831] DEBUG sql - [User=Arjaree Jobdeedamrong (1630301@vistec.ac.th)] MySql Query: SELECT
			urp.user_id, r.resource_id, r.name
		FROM
			user_resource_permissions urp, resources r
		WHERE
			urp.user_id = '406' AND r.resource_id = urp.resource_id;
2019-11-10T14:11:36+07:00 [8831] DEBUG sql - [User=Arjaree Jobdeedamrong (1630301@vistec.ac.th)] MySql Query: SELECT
			grp.group_id, r.resource_id, r.name
		FROM
			group_resource_permissions grp, resources r, user_groups ug
		WHERE
			ug.user_id = '406' AND ug.group_id = grp.group_id AND grp.resource_id = r.resource_id;
2019-11-10T14:11:36+07:00 [8831] DEBUG sql - [User=Arjaree Jobdeedamrong (1630301@vistec.ac.th)] MySql Query: SELECT r.resource_id, r.name FROM resources r
		WHERE r.schedule_id IN (SELECT s.schedule_id FROM schedules s
			INNER JOIN groups g ON g.group_id = s.admin_group_id
			INNER JOIN user_groups ug on ug.group_id = g.group_id
			WHERE ug.user_id = '406')
		OR r.resource_id IN (SELECT r2.resource_id FROM resources r2
			INNER JOIN groups g ON g.group_id = r2.admin_group_id
			INNER JOIN user_groups ug on ug.group_id = g.group_id
			WHERE ug.user_id = '406');
2019-11-10T14:11:36+07:00 [8831] DEBUG sql - [User=Arjaree Jobdeedamrong (1630301@vistec.ac.th)] MySql Query: SELECT
				ri.*, rs.date_created as date_created, rs.last_modified as last_modified, rs.description as description, rs.status_id as status_id, rs.title, rs.repeat_type, rs.repeat_options,
					owner.fname as owner_fname, owner.lname as owner_lname, owner.user_id as owner_id, owner.phone as owner_phone, owner.position_id as owner_position, owner.organization as owner_organization, owner.email as email, owner.language, owner.timezone,
					resources.name, resources.resource_id, resources.schedule_id, resources.status_id as resource_status_id, resources.resource_status_reason_id, resources.buffer_time, resources.color, resources.enable_check_in, resources.auto_release_minutes, ru.reservation_user_level,
					start_reminder.minutes_prior AS start_reminder_minutes, end_reminder.minutes_prior AS end_reminder_minutes,
					(SELECT GROUP_CONCAT(groups.group_id)
						FROM user_groups groups WHERE owner.user_id = groups.user_id) as owner_group_list,

					(SELECT GROUP_CONCAT(CONCAT(participants.user_id, '=', CONCAT(participant_users.fname, " ", participant_users.lname)) SEPARATOR "!sep!")
						FROM reservation_users participants INNER JOIN users participant_users ON participants.user_id = participant_users.user_id WHERE participants.reservation_instance_id = ri.reservation_instance_id AND participants.reservation_user_level = 2) as participant_list,

					(SELECT GROUP_CONCAT(CONCAT(invitees.user_id, '=', CONCAT(invitee_users.fname, " ", invitee_users.lname)) SEPARATOR "!sep!")
						FROM reservation_users invitees INNER JOIN users invitee_users ON invitees.user_id = invitee_users.user_id WHERE invitees.reservation_instance_id = ri.reservation_instance_id AND invitees.reservation_user_level = 3) as invitee_list,

					(SELECT GROUP_CONCAT(CONCAT(cav.custom_attribute_id,'=', cav.attribute_value) SEPARATOR "!sep!")
						FROM custom_attribute_values cav WHERE cav.entity_id = ri.series_id AND cav.attribute_category = 1) as attribute_list,

					(SELECT GROUP_CONCAT(CONCAT(p.name, "=", p.value) SEPARATOR "!sep!")
						FROM user_preferences p WHERE owner.user_id = p.user_id) as preferences,
						
					(SELECT GROUP_CONCAT(CONCAT(guests.email, "=", guests.reservation_user_level) SEPARATOR "!sep!")
						FROM reservation_guests guests WHERE guests.reservation_instance_id = ri.reservation_instance_id) as guest_list
			FROM reservation_instances ri
			INNER JOIN reservation_series rs ON rs.series_id = ri.series_id
			INNER JOIN reservation_users ru ON ru.reservation_instance_id = ri.reservation_instance_id
			INNER JOIN users ON users.user_id = rs.owner_id
			INNER JOIN users owner ON owner.user_id = rs.owner_id
			LEFT JOIN positions ON owner.position_id = positions.position_id
			INNER JOIN reservation_resources rr ON rs.series_id = rr.series_id
			INNER JOIN resources ON rr.resource_id = resources.resource_id
			INNER JOIN schedules ON resources.schedule_id = schedules.schedule_id
			LEFT JOIN reservation_reminders start_reminder ON start_reminder.series_id = rs.series_id AND start_reminder.reminder_type = 0
			LEFT JOIN reservation_reminders end_reminder ON end_reminder.series_id = rs.series_id AND end_reminder.reminder_type = 1
			
			WHERE rs.status_id <> 2
			AND ((ri.start_date >= '2019-11-11 00:00:00' AND ri.start_date <= '2019-11-18 00:00:00') OR
					(ri.end_date >= '2019-11-11 00:00:00' AND ri.end_date <= '2019-11-18 00:00:00') OR
					(ri.start_date <= '2019-11-11 00:00:00' AND ri.end_date >= '2019-11-18 00:00:00')) AND
					('-1' = -1 OR ru.user_id = '-1') AND
					('1' = 0 OR ru.reservation_user_level = '1') AND
					('0' = 1 OR resources.schedule_id IN ('13')) AND
					('0' = 1 OR rr.resource_id IN ('16'))
			ORDER BY ri.start_date ASC;
2019-11-10T14:11:36+07:00 [8831] DEBUG sql - [User=Arjaree Jobdeedamrong (1630301@vistec.ac.th)] MySql Query: SELECT * FROM reservation_color_rules r
		LEFT JOIN custom_attributes ca ON ca.custom_attribute_id = r.custom_attribute_id;
2019-11-10T14:11:36+07:00 [8831] DEBUG sql - [User=Arjaree Jobdeedamrong (1630301@vistec.ac.th)] MySql Query: SELECT *
		FROM blackout_instances bi
		INNER JOIN blackout_series bs ON bi.blackout_series_id = bs.blackout_series_id
		INNER JOIN blackout_series_resources bsr ON  bi.blackout_series_id = bsr.blackout_series_id
		INNER JOIN resources r on bsr.resource_id = r.resource_id
		INNER JOIN users u ON u.user_id = bs.owner_id
		WHERE
			(
				(bi.start_date >= '2019-11-11 00:00:00' AND bi.start_date <= '2019-11-18 00:00:00')
				OR
				(bi.end_date >= '2019-11-11 00:00:00' AND bi.end_date <= '2019-11-18 00:00:00')
				OR
				(bi.start_date <= '2019-11-11 00:00:00' AND bi.end_date >= '2019-11-18 00:00:00')
			) AND
			('13' = -1 OR r.schedule_id = '13')
		ORDER BY bi.start_date ASC;
2019-11-10T14:11:36+07:00 [8831] DEBUG sql - [User=Arjaree Jobdeedamrong (1630301@vistec.ac.th)] MySql Query: SELECT
			tb.label,
			tb.end_label,
			tb.start_time,
			tb.end_time,
			tb.availability_code,
			tb.day_of_week,
			l.timezone
		FROM
			time_blocks tb,
			layouts l,
			schedules s
		WHERE
			l.layout_id = s.layout_id  AND
			tb.layout_id = l.layout_id AND
			s.schedule_id = '13'
		ORDER BY tb.start_time;
2019-11-10T14:11:36+07:00 [8831] DEBUG sql - [User=Arjaree Jobdeedamrong (1630301@vistec.ac.th)] MySql Query: SELECT * FROM peak_times WHERE schedule_id = '13';
2019-11-10T14:11:52+07:00 [786] DEBUG sql - [User=Arjaree Jobdeedamrong (1630301@vistec.ac.th)] MySql Query: SELECT * FROM resource_groups ORDER BY parent_id, resource_group_name;
2019-11-10T14:11:52+07:00 [786] DEBUG sql - [User=Arjaree Jobdeedamrong (1630301@vistec.ac.th)] MySql Query: SELECT r.*, a.resource_group_id
		FROM resource_group_assignment a
		INNER JOIN resources r ON r.resource_id = a.resource_id
		WHERE (-1 = '13' OR r.schedule_id = '13')
		ORDER BY COALESCE(r.sort_order,0), r.name;
2019-11-10T14:11:52+07:00 [786] DEBUG sql - [User=Arjaree Jobdeedamrong (1630301@vistec.ac.th)] MySql Query: SELECT r.*, s.admin_group_id as s_admin_group_id,
		(SELECT GROUP_CONCAT(CONCAT(cav.custom_attribute_id, '=', cav.attribute_value) SEPARATOR "!sep!")
						FROM custom_attribute_values cav WHERE cav.entity_id = r.resource_id AND cav.attribute_category = 4) as attribute_list,
		(SELECT GROUP_CONCAT(rga.resource_group_id SEPARATOR "!sep!") FROM resource_group_assignment rga WHERE rga.resource_id = r.resource_id) AS group_list
		FROM resources r
		INNER JOIN schedules s ON r.schedule_id = s.schedule_id
		 WHERE r.schedule_id = '13' AND ( r.status_id != '0' ) ORDER BY COALESCE(r.sort_order,0), r.name;
2019-11-10T14:11:52+07:00 [786] DEBUG sql - [User=Arjaree Jobdeedamrong (1630301@vistec.ac.th)] MySql Query: SELECT a.*, c.num_resources,
			(SELECT GROUP_CONCAT(CONCAT(ra.resource_id, ",", COALESCE(ra.minimum_quantity,""), ",",  COALESCE(ra.maximum_quantity,"")) SEPARATOR "!sep!")
				FROM resource_accessories ra WHERE ra.accessory_id = a.accessory_id) as resource_accessory_list
 			FROM accessories a
			LEFT JOIN (
				SELECT accessory_id, COUNT(*) AS num_resources
				FROM resource_accessories ra
				GROUP BY ra.accessory_id
				) AS c ON a.accessory_id = c.accessory_id

 			ORDER BY accessory_name;
2019-11-10T14:11:52+07:00 [786] DEBUG sql - [User=Arjaree Jobdeedamrong (1630301@vistec.ac.th)] MySql Query: SELECT
			tb.label,
			tb.end_label,
			tb.start_time,
			tb.end_time,
			tb.availability_code,
			tb.day_of_week,
			l.timezone
		FROM
			time_blocks tb,
			layouts l,
			schedules s
		WHERE
			l.layout_id = s.layout_id  AND
			tb.layout_id = l.layout_id AND
			s.schedule_id = '13'
		ORDER BY tb.start_time;
2019-11-10T14:11:52+07:00 [786] DEBUG sql - [User=Arjaree Jobdeedamrong (1630301@vistec.ac.th)] MySql Query: SELECT * FROM peak_times WHERE schedule_id = '13';
2019-11-10T14:11:52+07:00 [786] DEBUG sql - [User=Arjaree Jobdeedamrong (1630301@vistec.ac.th)] MySql Query: SELECT u.*, p.name AS position_name FROM users u 
		LEFT JOIN positions p ON p.position_id = u.position_id
		WHERE u.user_id = '406';
2019-11-10T14:11:52+07:00 [786] DEBUG sql - [User=Arjaree Jobdeedamrong (1630301@vistec.ac.th)] MySql Query: SELECT * FROM user_email_preferences WHERE user_id = '406';
2019-11-10T14:11:52+07:00 [786] DEBUG sql - [User=Arjaree Jobdeedamrong (1630301@vistec.ac.th)] MySql Query: SELECT
			urp.user_id, r.resource_id, r.name
		FROM
			user_resource_permissions urp, resources r
		WHERE
			urp.user_id = '406' AND r.resource_id = urp.resource_id;
2019-11-10T14:11:52+07:00 [786] DEBUG sql - [User=Arjaree Jobdeedamrong (1630301@vistec.ac.th)] MySql Query: SELECT g.*, r.role_level
		FROM user_groups ug
		INNER JOIN groups g ON ug.group_id = g.group_id
		LEFT JOIN group_roles gr ON ug.group_id = gr.group_id
		LEFT JOIN roles r ON gr.role_id = r.role_id
		WHERE user_id = '406' AND (null is null OR r.role_level IN (null) );
2019-11-10T14:11:52+07:00 [786] DEBUG sql - [User=Arjaree Jobdeedamrong (1630301@vistec.ac.th)] MySql Query: SELECT cav.*, ca.display_label
		FROM custom_attribute_values cav
		INNER JOIN custom_attributes ca ON ca.custom_attribute_id = cav.custom_attribute_id
		WHERE cav.attribute_category = '2' AND cav.entity_id = '406';
2019-11-10T14:11:52+07:00 [786] DEBUG sql - [User=Arjaree Jobdeedamrong (1630301@vistec.ac.th)] MySql Query: SELECT name, value FROM user_preferences WHERE user_id = '406';
2019-11-10T14:11:52+07:00 [786] DEBUG sql - [User=Arjaree Jobdeedamrong (1630301@vistec.ac.th)] MySql Query: SELECT u.*, p.name AS position_name FROM users u 
		LEFT JOIN positions p ON p.position_id = u.position_id
		WHERE u.user_id = '406';
2019-11-10T14:12:01+07:00 [8831] DEBUG sql - [User=Arjaree Jobdeedamrong (1630301@vistec.ac.th)] MySql Query: SELECT a.*,
				(SELECT GROUP_CONCAT(e.entity_id SEPARATOR "!sep!")
							FROM custom_attribute_entities e WHERE e.custom_attribute_id = a.custom_attribute_id ORDER BY e.entity_id) as entity_ids,
				CASE
				WHEN a.attribute_category = 2 THEN (SELECT GROUP_CONCAT(CONCAT(u.fname, " ", u.lname) SEPARATOR "!sep!")
													FROM users u INNER JOIN custom_attribute_entities e
													WHERE e.custom_attribute_id = a.custom_attribute_id AND u.user_id = e.entity_id ORDER BY e.entity_id)
				WHEN a.attribute_category = 4 THEN (SELECT GROUP_CONCAT(r.name SEPARATOR "!sep!")
													FROM resources r INNER JOIN custom_attribute_entities e
													WHERE e.custom_attribute_id = a.custom_attribute_id AND r.resource_id = e.entity_id ORDER BY e.entity_id)
				WHEN a.attribute_category = 5  THEN (SELECT GROUP_CONCAT(rt.resource_type_name SEPARATOR "!sep!")
													FROM resource_types rt INNER JOIN custom_attribute_entities e
													WHERE e.custom_attribute_id = a.custom_attribute_id AND rt.resource_type_id = e.entity_id ORDER BY e.entity_id)
				ELSE null
				END as entity_descriptions,
				CASE
				WHEN a.secondary_category = 2 THEN (SELECT GROUP_CONCAT(CONCAT( fname, " ", lname ) SEPARATOR  "!sep!" ) FROM users WHERE FIND_IN_SET( user_id, a.secondary_entity_ids ))
				WHEN a.secondary_category = 4 THEN (SELECT GROUP_CONCAT(name SEPARATOR  "!sep!" ) FROM resources WHERE FIND_IN_SET( resource_id, a.secondary_entity_ids ))
				WHEN a.secondary_category = 5 THEN (SELECT GROUP_CONCAT(resource_type_name SEPARATOR  "!sep!" ) FROM resource_types WHERE FIND_IN_SET( resource_type_id, a.secondary_entity_ids ))
				ELSE null
				END as secondary_entity_descriptions
				FROM custom_attributes a WHERE a.attribute_category = '1' ORDER BY a.sort_order, a.display_label;
2019-11-10T14:12:01+07:00 [8831] DEBUG sql - [User=Arjaree Jobdeedamrong (1630301@vistec.ac.th)] MySql Query: SELECT r.*, s.admin_group_id as s_admin_group_id
			FROM resources r
			INNER JOIN schedules s ON r.schedule_id = s.schedule_id
			WHERE r.resource_id = '16';
2019-11-10T14:12:01+07:00 [8831] DEBUG sql - [User=Arjaree Jobdeedamrong (1630301@vistec.ac.th)] MySql Query: SELECT cav.*, ca.display_label
		FROM custom_attribute_values cav
		INNER JOIN custom_attributes ca ON ca.custom_attribute_id = cav.custom_attribute_id
		WHERE cav.attribute_category = '4' AND cav.entity_id = '16';
2019-11-10T14:12:01+07:00 [8831] DEBUG sql - [User=Arjaree Jobdeedamrong (1630301@vistec.ac.th)] MySql Query: SELECT * FROM resource_group_assignment WHERE resource_id = '16';
2019-11-10T14:12:01+07:00 [8831] DEBUG sql - [User=Arjaree Jobdeedamrong (1630301@vistec.ac.th)] MySql Query: SELECT
				ri.*, rs.date_created as date_created, rs.last_modified as last_modified, rs.description as description, rs.status_id as status_id, rs.title, rs.repeat_type, rs.repeat_options,
					owner.fname as owner_fname, owner.lname as owner_lname, owner.user_id as owner_id, owner.phone as owner_phone, owner.position_id as owner_position, owner.organization as owner_organization, owner.email as email, owner.language, owner.timezone,
					resources.name, resources.resource_id, resources.schedule_id, resources.status_id as resource_status_id, resources.resource_status_reason_id, resources.buffer_time, resources.color, resources.enable_check_in, resources.auto_release_minutes, ru.reservation_user_level,
					start_reminder.minutes_prior AS start_reminder_minutes, end_reminder.minutes_prior AS end_reminder_minutes,
					(SELECT GROUP_CONCAT(groups.group_id)
						FROM user_groups groups WHERE owner.user_id = groups.user_id) as owner_group_list,

					(SELECT GROUP_CONCAT(CONCAT(participants.user_id, '=', CONCAT(participant_users.fname, " ", participant_users.lname)) SEPARATOR "!sep!")
						FROM reservation_users participants INNER JOIN users participant_users ON participants.user_id = participant_users.user_id WHERE participants.reservation_instance_id = ri.reservation_instance_id AND participants.reservation_user_level = 2) as participant_list,

					(SELECT GROUP_CONCAT(CONCAT(invitees.user_id, '=', CONCAT(invitee_users.fname, " ", invitee_users.lname)) SEPARATOR "!sep!")
						FROM reservation_users invitees INNER JOIN users invitee_users ON invitees.user_id = invitee_users.user_id WHERE invitees.reservation_instance_id = ri.reservation_instance_id AND invitees.reservation_user_level = 3) as invitee_list,

					(SELECT GROUP_CONCAT(CONCAT(cav.custom_attribute_id,'=', cav.attribute_value) SEPARATOR "!sep!")
						FROM custom_attribute_values cav WHERE cav.entity_id = ri.series_id AND cav.attribute_category = 1) as attribute_list,

					(SELECT GROUP_CONCAT(CONCAT(p.name, "=", p.value) SEPARATOR "!sep!")
						FROM user_preferences p WHERE owner.user_id = p.user_id) as preferences,
						
					(SELECT GROUP_CONCAT(CONCAT(guests.email, "=", guests.reservation_user_level) SEPARATOR "!sep!")
						FROM reservation_guests guests WHERE guests.reservation_instance_id = ri.reservation_instance_id) as guest_list
			FROM reservation_instances ri
			INNER JOIN reservation_series rs ON rs.series_id = ri.series_id
			INNER JOIN reservation_users ru ON ru.reservation_instance_id = ri.reservation_instance_id
			INNER JOIN users ON users.user_id = rs.owner_id
			INNER JOIN users owner ON owner.user_id = rs.owner_id
			LEFT JOIN positions ON owner.position_id = positions.position_id
			INNER JOIN reservation_resources rr ON rs.series_id = rr.series_id
			INNER JOIN resources ON rr.resource_id = resources.resource_id
			INNER JOIN schedules ON resources.schedule_id = schedules.schedule_id
			LEFT JOIN reservation_reminders start_reminder ON start_reminder.series_id = rs.series_id AND start_reminder.reminder_type = 0
			LEFT JOIN reservation_reminders end_reminder ON end_reminder.series_id = rs.series_id AND end_reminder.reminder_type = 1
			
			WHERE rs.status_id <> 2
			AND ((ri.start_date >= '2019-11-12 10:00:00' AND ri.start_date <= '2019-11-12 12:00:00') OR
					(ri.end_date >= '2019-11-12 10:00:00' AND ri.end_date <= '2019-11-12 12:00:00') OR
					(ri.start_date <= '2019-11-12 10:00:00' AND ri.end_date >= '2019-11-12 12:00:00')) AND
					('-1' = -1 OR ru.user_id = '-1') AND
					('1' = 0 OR ru.reservation_user_level = '1') AND
					('1' = 1 OR resources.schedule_id IN (null)) AND
					('0' = 1 OR rr.resource_id IN ('16'))
			ORDER BY ri.start_date ASC;
2019-11-10T14:12:01+07:00 [8831] DEBUG sql - [User=Arjaree Jobdeedamrong (1630301@vistec.ac.th)] MySql Query: SELECT * FROM reservation_color_rules r
		LEFT JOIN custom_attributes ca ON ca.custom_attribute_id = r.custom_attribute_id;
2019-11-10T14:12:01+07:00 [8831] DEBUG sql - [User=Arjaree Jobdeedamrong (1630301@vistec.ac.th)] MySql Query: SELECT *
		FROM blackout_instances bi
		INNER JOIN blackout_series bs ON bi.blackout_series_id = bs.blackout_series_id
		INNER JOIN blackout_series_resources bsr ON  bi.blackout_series_id = bsr.blackout_series_id
		INNER JOIN resources r on bsr.resource_id = r.resource_id
		INNER JOIN users u ON u.user_id = bs.owner_id
		WHERE
			(
				(bi.start_date >= '2019-11-12 10:00:00' AND bi.start_date <= '2019-11-12 12:00:00')
				OR
				(bi.end_date >= '2019-11-12 10:00:00' AND bi.end_date <= '2019-11-12 12:00:00')
				OR
				(bi.start_date <= '2019-11-12 10:00:00' AND bi.end_date >= '2019-11-12 12:00:00')
			) AND
			('-1' = -1 OR r.schedule_id = '-1')
		ORDER BY bi.start_date ASC;
2019-11-10T14:12:01+07:00 [8831] DEBUG sql - [User=Arjaree Jobdeedamrong (1630301@vistec.ac.th)] MySql Query: SELECT
			urp.user_id, r.resource_id, r.name
		FROM
			user_resource_permissions urp, resources r
		WHERE
			urp.user_id = '406' AND r.resource_id = urp.resource_id;
2019-11-10T14:12:01+07:00 [8831] DEBUG sql - [User=Arjaree Jobdeedamrong (1630301@vistec.ac.th)] MySql Query: SELECT
			grp.group_id, r.resource_id, r.name
		FROM
			group_resource_permissions grp, resources r, user_groups ug
		WHERE
			ug.user_id = '406' AND ug.group_id = grp.group_id AND grp.resource_id = r.resource_id;
2019-11-10T14:12:01+07:00 [8831] DEBUG sql - [User=Arjaree Jobdeedamrong (1630301@vistec.ac.th)] MySql Query: SELECT r.resource_id, r.name FROM resources r
		WHERE r.schedule_id IN (SELECT s.schedule_id FROM schedules s
			INNER JOIN groups g ON g.group_id = s.admin_group_id
			INNER JOIN user_groups ug on ug.group_id = g.group_id
			WHERE ug.user_id = '406')
		OR r.resource_id IN (SELECT r2.resource_id FROM resources r2
			INNER JOIN groups g ON g.group_id = r2.admin_group_id
			INNER JOIN user_groups ug on ug.group_id = g.group_id
			WHERE ug.user_id = '406');
2019-11-10T14:12:01+07:00 [8831] DEBUG sql - [User=Arjaree Jobdeedamrong (1630301@vistec.ac.th)] MySql Query: SELECT q.*, r.name as resource_name, g.name as group_name, s.name as schedule_name
		FROM quotas q
		LEFT JOIN resources r ON r.resource_id = q.resource_id
		LEFT JOIN groups g ON g.group_id = q.group_id
		LEFT JOIN schedules s ON s.schedule_id = q.schedule_id;
2019-11-10T14:12:01+07:00 [8831] DEBUG sql - [User=Arjaree Jobdeedamrong (1630301@vistec.ac.th)] MySql Query: SELECT u.*, p.name AS position_name FROM users u 
		LEFT JOIN positions p ON p.position_id = u.position_id
		WHERE u.user_id = '406';
2019-11-10T14:12:01+07:00 [8831] DEBUG sql - [User=Arjaree Jobdeedamrong (1630301@vistec.ac.th)] MySql Query: SELECT * FROM user_email_preferences WHERE user_id = '406';
2019-11-10T14:12:01+07:00 [8831] DEBUG sql - [User=Arjaree Jobdeedamrong (1630301@vistec.ac.th)] MySql Query: SELECT
			urp.user_id, r.resource_id, r.name
		FROM
			user_resource_permissions urp, resources r
		WHERE
			urp.user_id = '406' AND r.resource_id = urp.resource_id;
2019-11-10T14:12:01+07:00 [8831] DEBUG sql - [User=Arjaree Jobdeedamrong (1630301@vistec.ac.th)] MySql Query: SELECT g.*, r.role_level
		FROM user_groups ug
		INNER JOIN groups g ON ug.group_id = g.group_id
		LEFT JOIN group_roles gr ON ug.group_id = gr.group_id
		LEFT JOIN roles r ON gr.role_id = r.role_id
		WHERE user_id = '406' AND (null is null OR r.role_level IN (null) );
2019-11-10T14:12:01+07:00 [8831] DEBUG sql - [User=Arjaree Jobdeedamrong (1630301@vistec.ac.th)] MySql Query: SELECT cav.*, ca.display_label
		FROM custom_attribute_values cav
		INNER JOIN custom_attributes ca ON ca.custom_attribute_id = cav.custom_attribute_id
		WHERE cav.attribute_category = '2' AND cav.entity_id = '406';
2019-11-10T14:12:01+07:00 [8831] DEBUG sql - [User=Arjaree Jobdeedamrong (1630301@vistec.ac.th)] MySql Query: SELECT name, value FROM user_preferences WHERE user_id = '406';
2019-11-10T14:12:01+07:00 [8831] DEBUG sql - [User=Arjaree Jobdeedamrong (1630301@vistec.ac.th)] MySql Query: SELECT * FROM schedules s
		INNER JOIN layouts l ON s.layout_id = l.layout_id
		WHERE schedule_id = '13';
2019-11-10T14:12:01+07:00 [8831] DEBUG sql - [User=Arjaree Jobdeedamrong (1630301@vistec.ac.th)] MySql Query: SELECT q.*, r.name as resource_name, g.name as group_name, s.name as schedule_name
		FROM quotas q
		LEFT JOIN resources r ON r.resource_id = q.resource_id
		LEFT JOIN groups g ON g.group_id = q.group_id
		LEFT JOIN schedules s ON s.schedule_id = q.schedule_id;
2019-11-10T14:12:01+07:00 [8831] DEBUG sql - [User=Arjaree Jobdeedamrong (1630301@vistec.ac.th)] MySql Query: SELECT
				ri.*, rs.date_created as date_created, rs.last_modified as last_modified, rs.description as description, rs.status_id as status_id, rs.title, rs.repeat_type, rs.repeat_options,
					owner.fname as owner_fname, owner.lname as owner_lname, owner.user_id as owner_id, owner.phone as owner_phone, owner.position_id as owner_position, owner.organization as owner_organization, owner.email as email, owner.language, owner.timezone,
					resources.name, resources.resource_id, resources.schedule_id, resources.status_id as resource_status_id, resources.resource_status_reason_id, resources.buffer_time, resources.color, resources.enable_check_in, resources.auto_release_minutes, ru.reservation_user_level,
					start_reminder.minutes_prior AS start_reminder_minutes, end_reminder.minutes_prior AS end_reminder_minutes,
					(SELECT GROUP_CONCAT(groups.group_id)
						FROM user_groups groups WHERE owner.user_id = groups.user_id) as owner_group_list,

					(SELECT GROUP_CONCAT(CONCAT(participants.user_id, '=', CONCAT(participant_users.fname, " ", participant_users.lname)) SEPARATOR "!sep!")
						FROM reservation_users participants INNER JOIN users participant_users ON participants.user_id = participant_users.user_id WHERE participants.reservation_instance_id = ri.reservation_instance_id AND participants.reservation_user_level = 2) as participant_list,

					(SELECT GROUP_CONCAT(CONCAT(invitees.user_id, '=', CONCAT(invitee_users.fname, " ", invitee_users.lname)) SEPARATOR "!sep!")
						FROM reservation_users invitees INNER JOIN users invitee_users ON invitees.user_id = invitee_users.user_id WHERE invitees.reservation_instance_id = ri.reservation_instance_id AND invitees.reservation_user_level = 3) as invitee_list,

					(SELECT GROUP_CONCAT(CONCAT(cav.custom_attribute_id,'=', cav.attribute_value) SEPARATOR "!sep!")
						FROM custom_attribute_values cav WHERE cav.entity_id = ri.series_id AND cav.attribute_category = 1) as attribute_list,

					(SELECT GROUP_CONCAT(CONCAT(p.name, "=", p.value) SEPARATOR "!sep!")
						FROM user_preferences p WHERE owner.user_id = p.user_id) as preferences,
						
					(SELECT GROUP_CONCAT(CONCAT(guests.email, "=", guests.reservation_user_level) SEPARATOR "!sep!")
						FROM reservation_guests guests WHERE guests.reservation_instance_id = ri.reservation_instance_id) as guest_list
			FROM reservation_instances ri
			INNER JOIN reservation_series rs ON rs.series_id = ri.series_id
			INNER JOIN reservation_users ru ON ru.reservation_instance_id = ri.reservation_instance_id
			INNER JOIN users ON users.user_id = rs.owner_id
			INNER JOIN users owner ON owner.user_id = rs.owner_id
			LEFT JOIN positions ON owner.position_id = positions.position_id
			INNER JOIN reservation_resources rr ON rs.series_id = rr.series_id
			INNER JOIN resources ON rr.resource_id = resources.resource_id
			INNER JOIN schedules ON resources.schedule_id = schedules.schedule_id
			LEFT JOIN reservation_reminders start_reminder ON start_reminder.series_id = rs.series_id AND start_reminder.reminder_type = 0
			LEFT JOIN reservation_reminders end_reminder ON end_reminder.series_id = rs.series_id AND end_reminder.reminder_type = 1
			
			WHERE rs.status_id <> 2
			AND ((ri.start_date >= '2019-11-10 14:12:01' AND ri.start_date <= '2019-11-13 00:00:00') OR
					(ri.end_date >= '2019-11-10 14:12:01' AND ri.end_date <= '2019-11-13 00:00:00') OR
					(ri.start_date <= '2019-11-10 14:12:01' AND ri.end_date >= '2019-11-13 00:00:00')) AND
					('406' = -1 OR ru.user_id = '406') AND
					('1' = 0 OR ru.reservation_user_level = '1') AND
					('1' = 1 OR resources.schedule_id IN (null)) AND
					('1' = 1 OR rr.resource_id IN (null))
			ORDER BY ri.start_date ASC;
2019-11-10T14:12:01+07:00 [8831] DEBUG sql - [User=Arjaree Jobdeedamrong (1630301@vistec.ac.th)] MySql Query: SELECT * FROM reservation_color_rules r
		LEFT JOIN custom_attributes ca ON ca.custom_attribute_id = r.custom_attribute_id;
2019-11-10T14:12:01+07:00 [8831] DEBUG sql - [User=Arjaree Jobdeedamrong (1630301@vistec.ac.th)] MySql Query: SELECT
			tb.label,
			tb.end_label,
			tb.start_time,
			tb.end_time,
			tb.availability_code,
			tb.day_of_week,
			l.timezone
		FROM
			time_blocks tb,
			layouts l,
			schedules s
		WHERE
			l.layout_id = s.layout_id  AND
			tb.layout_id = l.layout_id AND
			s.schedule_id = '13'
		ORDER BY tb.start_time;
2019-11-10T14:12:01+07:00 [8831] DEBUG sql - [User=Arjaree Jobdeedamrong (1630301@vistec.ac.th)] MySql Query: SELECT * FROM peak_times WHERE schedule_id = '13';
2019-11-10T14:12:01+07:00 [8831] DEBUG sql - [User=Arjaree Jobdeedamrong (1630301@vistec.ac.th)] MySql Query: SELECT a.*,
				(SELECT GROUP_CONCAT(e.entity_id SEPARATOR "!sep!")
							FROM custom_attribute_entities e WHERE e.custom_attribute_id = a.custom_attribute_id ORDER BY e.entity_id) as entity_ids,
				CASE
				WHEN a.attribute_category = 2 THEN (SELECT GROUP_CONCAT(CONCAT(u.fname, " ", u.lname) SEPARATOR "!sep!")
													FROM users u INNER JOIN custom_attribute_entities e
													WHERE e.custom_attribute_id = a.custom_attribute_id AND u.user_id = e.entity_id ORDER BY e.entity_id)
				WHEN a.attribute_category = 4 THEN (SELECT GROUP_CONCAT(r.name SEPARATOR "!sep!")
													FROM resources r INNER JOIN custom_attribute_entities e
													WHERE e.custom_attribute_id = a.custom_attribute_id AND r.resource_id = e.entity_id ORDER BY e.entity_id)
				WHEN a.attribute_category = 5  THEN (SELECT GROUP_CONCAT(rt.resource_type_name SEPARATOR "!sep!")
													FROM resource_types rt INNER JOIN custom_attribute_entities e
													WHERE e.custom_attribute_id = a.custom_attribute_id AND rt.resource_type_id = e.entity_id ORDER BY e.entity_id)
				ELSE null
				END as entity_descriptions,
				CASE
				WHEN a.secondary_category = 2 THEN (SELECT GROUP_CONCAT(CONCAT( fname, " ", lname ) SEPARATOR  "!sep!" ) FROM users WHERE FIND_IN_SET( user_id, a.secondary_entity_ids ))
				WHEN a.secondary_category = 4 THEN (SELECT GROUP_CONCAT(name SEPARATOR  "!sep!" ) FROM resources WHERE FIND_IN_SET( resource_id, a.secondary_entity_ids ))
				WHEN a.secondary_category = 5 THEN (SELECT GROUP_CONCAT(resource_type_name SEPARATOR  "!sep!" ) FROM resource_types WHERE FIND_IN_SET( resource_type_id, a.secondary_entity_ids ))
				ELSE null
				END as secondary_entity_descriptions
				FROM custom_attributes a WHERE a.attribute_category = '1' ORDER BY a.sort_order, a.display_label;
2019-11-10T14:12:02+07:00 [8831] DEBUG sql - [User=Arjaree Jobdeedamrong (1630301@vistec.ac.th)] MySql Query: SELECT a.*, c.num_resources,
			(SELECT GROUP_CONCAT(CONCAT(ra.resource_id, ",", COALESCE(ra.minimum_quantity,""), ",",  COALESCE(ra.maximum_quantity,"")) SEPARATOR "!sep!")
				FROM resource_accessories ra WHERE ra.accessory_id = a.accessory_id) as resource_accessory_list
 			FROM accessories a
			LEFT JOIN (
				SELECT accessory_id, COUNT(*) AS num_resources
				FROM resource_accessories ra
				GROUP BY ra.accessory_id
				) AS c ON a.accessory_id = c.accessory_id

 			ORDER BY accessory_name;
2019-11-10T14:12:02+07:00 [8831] DEBUG sql - [User=Arjaree Jobdeedamrong (1630301@vistec.ac.th)] MySql Execute: INSERT INTO
        reservation_series (date_created, title, description, allow_participation, allow_anon_participation, repeat_type, repeat_options, type_id, status_id, owner_id, mode)
		VALUES ('2019-11-10 14:12:01', null, null, '0', false, 'none', '', '1', '1', '406', null);
2019-11-10T14:12:02+07:00 [8831] DEBUG sql - [User=Arjaree Jobdeedamrong (1630301@vistec.ac.th)] MySql Execute: INSERT INTO reservation_resources (series_id, resource_id, resource_level_id)
		VALUES ('5870', '16', '1');
2019-11-10T14:12:02+07:00 [8831] DEBUG sql - [User=Arjaree Jobdeedamrong (1630301@vistec.ac.th)] MySql Execute: INSERT INTO custom_attribute_values (custom_attribute_id, attribute_category, attribute_value, entity_id)
			VALUES ('28', '1', 'Liquid', '5870');
2019-11-10T14:12:02+07:00 [8831] DEBUG sql - [User=Arjaree Jobdeedamrong (1630301@vistec.ac.th)] MySql Execute: INSERT INTO custom_attribute_values (custom_attribute_id, attribute_category, attribute_value, entity_id)
			VALUES ('47', '1', '10', '5870');
2019-11-10T14:12:02+07:00 [8831] DEBUG sql - [User=Arjaree Jobdeedamrong (1630301@vistec.ac.th)] MySql Execute: INSERT INTO custom_attribute_values (custom_attribute_id, attribute_category, attribute_value, entity_id)
			VALUES ('48', '1', '', '5870');
2019-11-10T14:12:02+07:00 [8831] DEBUG sql - [User=Arjaree Jobdeedamrong (1630301@vistec.ac.th)] MySql Execute: INSERT INTO reservation_instances (start_date, end_date, reference_number, series_id, credit_count)
		VALUES ('2019-11-12 10:00:00', '2019-11-12 12:00:00', '5dc7b841dff03819278678', '5870', null);
2019-11-10T14:12:02+07:00 [8831] DEBUG sql - [User=Arjaree Jobdeedamrong (1630301@vistec.ac.th)] MySql Execute: INSERT INTO reservation_users (reservation_instance_id, user_id, reservation_user_level)
		VALUES ('5839', '406', '1');
2019-11-10T14:12:02+07:00 [8831] DEBUG sql - [User=Arjaree Jobdeedamrong (1630301@vistec.ac.th)] MySql Query: SELECT u.*, p.name AS position_name FROM users u 
		LEFT JOIN positions p ON p.position_id = u.position_id
		WHERE u.user_id = '406';
2019-11-10T14:12:02+07:00 [8831] DEBUG sql - [User=Arjaree Jobdeedamrong (1630301@vistec.ac.th)] MySql Query: SELECT * FROM user_email_preferences WHERE user_id = '406';
2019-11-10T14:12:02+07:00 [8831] DEBUG sql - [User=Arjaree Jobdeedamrong (1630301@vistec.ac.th)] MySql Query: SELECT
			urp.user_id, r.resource_id, r.name
		FROM
			user_resource_permissions urp, resources r
		WHERE
			urp.user_id = '406' AND r.resource_id = urp.resource_id;
2019-11-10T14:12:02+07:00 [8831] DEBUG sql - [User=Arjaree Jobdeedamrong (1630301@vistec.ac.th)] MySql Query: SELECT g.*, r.role_level
		FROM user_groups ug
		INNER JOIN groups g ON ug.group_id = g.group_id
		LEFT JOIN group_roles gr ON ug.group_id = gr.group_id
		LEFT JOIN roles r ON gr.role_id = r.role_id
		WHERE user_id = '406' AND (null is null OR r.role_level IN (null) );
2019-11-10T14:12:02+07:00 [8831] DEBUG sql - [User=Arjaree Jobdeedamrong (1630301@vistec.ac.th)] MySql Query: SELECT cav.*, ca.display_label
		FROM custom_attribute_values cav
		INNER JOIN custom_attributes ca ON ca.custom_attribute_id = cav.custom_attribute_id
		WHERE cav.attribute_category = '2' AND cav.entity_id = '406';
2019-11-10T14:12:02+07:00 [8831] DEBUG sql - [User=Arjaree Jobdeedamrong (1630301@vistec.ac.th)] MySql Query: SELECT name, value FROM user_preferences WHERE user_id = '406';
2019-11-10T14:12:03+07:00 [786] DEBUG sql - [User=Arjaree Jobdeedamrong (1630301@vistec.ac.th)] MySql Query: SELECT s.*, l.timezone FROM schedules s INNER JOIN layouts l ON s.layout_id = l.layout_id ORDER BY s.name;
2019-11-10T14:12:03+07:00 [786] DEBUG sql - [User=Arjaree Jobdeedamrong (1630301@vistec.ac.th)] MySql Query: SELECT * FROM resource_groups ORDER BY parent_id, resource_group_name;
2019-11-10T14:12:03+07:00 [786] DEBUG sql - [User=Arjaree Jobdeedamrong (1630301@vistec.ac.th)] MySql Query: SELECT r.*, a.resource_group_id
		FROM resource_group_assignment a
		INNER JOIN resources r ON r.resource_id = a.resource_id
		WHERE (-1 = '13' OR r.schedule_id = '13')
		ORDER BY COALESCE(r.sort_order,0), r.name;
2019-11-10T14:12:03+07:00 [786] DEBUG sql - [User=Arjaree Jobdeedamrong (1630301@vistec.ac.th)] MySql Query: SELECT r.*, s.admin_group_id as s_admin_group_id,
		(SELECT GROUP_CONCAT(CONCAT(cav.custom_attribute_id, '=', cav.attribute_value) SEPARATOR "!sep!")
						FROM custom_attribute_values cav WHERE cav.entity_id = r.resource_id AND cav.attribute_category = 4) as attribute_list,
		(SELECT GROUP_CONCAT(rga.resource_group_id SEPARATOR "!sep!") FROM resource_group_assignment rga WHERE rga.resource_id = r.resource_id) AS group_list
		FROM resources r
		INNER JOIN schedules s ON r.schedule_id = s.schedule_id
		 WHERE r.schedule_id = '13' AND ( r.status_id != '0' ) ORDER BY COALESCE(r.sort_order,0), r.name;
2019-11-10T14:12:03+07:00 [786] DEBUG sql - [User=Arjaree Jobdeedamrong (1630301@vistec.ac.th)] MySql Query: SELECT *,
			(SELECT GROUP_CONCAT(CONCAT(cav.custom_attribute_id, '=', cav.attribute_value) SEPARATOR "!sep!")
							FROM custom_attribute_values cav INNER JOIN custom_attribute_entities cae on cav.custom_attribute_id = cae.custom_attribute_id
							WHERE cav.entity_id = r.resource_type_id AND cav.attribute_category = 5) as attribute_list
							FROM resource_types r;
2019-11-10T14:12:03+07:00 [786] DEBUG sql - [User=Arjaree Jobdeedamrong (1630301@vistec.ac.th)] MySql Query: SELECT a.*,
				(SELECT GROUP_CONCAT(e.entity_id SEPARATOR "!sep!")
							FROM custom_attribute_entities e WHERE e.custom_attribute_id = a.custom_attribute_id ORDER BY e.entity_id) as entity_ids,
				CASE
				WHEN a.attribute_category = 2 THEN (SELECT GROUP_CONCAT(CONCAT(u.fname, " ", u.lname) SEPARATOR "!sep!")
													FROM users u INNER JOIN custom_attribute_entities e
													WHERE e.custom_attribute_id = a.custom_attribute_id AND u.user_id = e.entity_id ORDER BY e.entity_id)
				WHEN a.attribute_category = 4 THEN (SELECT GROUP_CONCAT(r.name SEPARATOR "!sep!")
													FROM resources r INNER JOIN custom_attribute_entities e
													WHERE e.custom_attribute_id = a.custom_attribute_id AND r.resource_id = e.entity_id ORDER BY e.entity_id)
				WHEN a.attribute_category = 5  THEN (SELECT GROUP_CONCAT(rt.resource_type_name SEPARATOR "!sep!")
													FROM resource_types rt INNER JOIN custom_attribute_entities e
													WHERE e.custom_attribute_id = a.custom_attribute_id AND rt.resource_type_id = e.entity_id ORDER BY e.entity_id)
				ELSE null
				END as entity_descriptions,
				CASE
				WHEN a.secondary_category = 2 THEN (SELECT GROUP_CONCAT(CONCAT( fname, " ", lname ) SEPARATOR  "!sep!" ) FROM users WHERE FIND_IN_SET( user_id, a.secondary_entity_ids ))
				WHEN a.secondary_category = 4 THEN (SELECT GROUP_CONCAT(name SEPARATOR  "!sep!" ) FROM resources WHERE FIND_IN_SET( resource_id, a.secondary_entity_ids ))
				WHEN a.secondary_category = 5 THEN (SELECT GROUP_CONCAT(resource_type_name SEPARATOR  "!sep!" ) FROM resource_types WHERE FIND_IN_SET( resource_type_id, a.secondary_entity_ids ))
				ELSE null
				END as secondary_entity_descriptions
				FROM custom_attributes a WHERE a.attribute_category = '4' ORDER BY a.sort_order, a.display_label;
2019-11-10T14:12:03+07:00 [786] DEBUG sql - [User=Arjaree Jobdeedamrong (1630301@vistec.ac.th)] MySql Query: SELECT a.*,
				(SELECT GROUP_CONCAT(e.entity_id SEPARATOR "!sep!")
							FROM custom_attribute_entities e WHERE e.custom_attribute_id = a.custom_attribute_id ORDER BY e.entity_id) as entity_ids,
				CASE
				WHEN a.attribute_category = 2 THEN (SELECT GROUP_CONCAT(CONCAT(u.fname, " ", u.lname) SEPARATOR "!sep!")
													FROM users u INNER JOIN custom_attribute_entities e
													WHERE e.custom_attribute_id = a.custom_attribute_id AND u.user_id = e.entity_id ORDER BY e.entity_id)
				WHEN a.attribute_category = 4 THEN (SELECT GROUP_CONCAT(r.name SEPARATOR "!sep!")
													FROM resources r INNER JOIN custom_attribute_entities e
													WHERE e.custom_attribute_id = a.custom_attribute_id AND r.resource_id = e.entity_id ORDER BY e.entity_id)
				WHEN a.attribute_category = 5  THEN (SELECT GROUP_CONCAT(rt.resource_type_name SEPARATOR "!sep!")
													FROM resource_types rt INNER JOIN custom_attribute_entities e
													WHERE e.custom_attribute_id = a.custom_attribute_id AND rt.resource_type_id = e.entity_id ORDER BY e.entity_id)
				ELSE null
				END as entity_descriptions,
				CASE
				WHEN a.secondary_category = 2 THEN (SELECT GROUP_CONCAT(CONCAT( fname, " ", lname ) SEPARATOR  "!sep!" ) FROM users WHERE FIND_IN_SET( user_id, a.secondary_entity_ids ))
				WHEN a.secondary_category = 4 THEN (SELECT GROUP_CONCAT(name SEPARATOR  "!sep!" ) FROM resources WHERE FIND_IN_SET( resource_id, a.secondary_entity_ids ))
				WHEN a.secondary_category = 5 THEN (SELECT GROUP_CONCAT(resource_type_name SEPARATOR  "!sep!" ) FROM resource_types WHERE FIND_IN_SET( resource_type_id, a.secondary_entity_ids ))
				ELSE null
				END as secondary_entity_descriptions
				FROM custom_attributes a WHERE a.attribute_category = '5' ORDER BY a.sort_order, a.display_label;
2019-11-10T14:12:03+07:00 [786] DEBUG sql - [User=Arjaree Jobdeedamrong (1630301@vistec.ac.th)] MySql Query: SELECT r.*, s.admin_group_id as s_admin_group_id,
		(SELECT GROUP_CONCAT(CONCAT(cav.custom_attribute_id, '=', cav.attribute_value) SEPARATOR "!sep!")
						FROM custom_attribute_values cav WHERE cav.entity_id = r.resource_id AND cav.attribute_category = 4) as attribute_list,
		(SELECT GROUP_CONCAT(rga.resource_group_id SEPARATOR "!sep!") FROM resource_group_assignment rga WHERE rga.resource_id = r.resource_id) AS group_list
		FROM resources r
		INNER JOIN schedules s ON r.schedule_id = s.schedule_id
		 WHERE r.schedule_id = '13' AND ( r.status_id != '0' ) ORDER BY COALESCE(r.sort_order,0), r.name;
2019-11-10T14:12:03+07:00 [786] DEBUG sql - [User=Arjaree Jobdeedamrong (1630301@vistec.ac.th)] MySql Query: SELECT
			urp.user_id, r.resource_id, r.name
		FROM
			user_resource_permissions urp, resources r
		WHERE
			urp.user_id = '406' AND r.resource_id = urp.resource_id;
2019-11-10T14:12:03+07:00 [786] DEBUG sql - [User=Arjaree Jobdeedamrong (1630301@vistec.ac.th)] MySql Query: SELECT
			grp.group_id, r.resource_id, r.name
		FROM
			group_resource_permissions grp, resources r, user_groups ug
		WHERE
			ug.user_id = '406' AND ug.group_id = grp.group_id AND grp.resource_id = r.resource_id;
2019-11-10T14:12:03+07:00 [786] DEBUG sql - [User=Arjaree Jobdeedamrong (1630301@vistec.ac.th)] MySql Query: SELECT r.resource_id, r.name FROM resources r
		WHERE r.schedule_id IN (SELECT s.schedule_id FROM schedules s
			INNER JOIN groups g ON g.group_id = s.admin_group_id
			INNER JOIN user_groups ug on ug.group_id = g.group_id
			WHERE ug.user_id = '406')
		OR r.resource_id IN (SELECT r2.resource_id FROM resources r2
			INNER JOIN groups g ON g.group_id = r2.admin_group_id
			INNER JOIN user_groups ug on ug.group_id = g.group_id
			WHERE ug.user_id = '406');
2019-11-10T14:12:03+07:00 [786] DEBUG sql - [User=Arjaree Jobdeedamrong (1630301@vistec.ac.th)] MySql Query: SELECT
				ri.*, rs.date_created as date_created, rs.last_modified as last_modified, rs.description as description, rs.status_id as status_id, rs.title, rs.repeat_type, rs.repeat_options,
					owner.fname as owner_fname, owner.lname as owner_lname, owner.user_id as owner_id, owner.phone as owner_phone, owner.position_id as owner_position, owner.organization as owner_organization, owner.email as email, owner.language, owner.timezone,
					resources.name, resources.resource_id, resources.schedule_id, resources.status_id as resource_status_id, resources.resource_status_reason_id, resources.buffer_time, resources.color, resources.enable_check_in, resources.auto_release_minutes, ru.reservation_user_level,
					start_reminder.minutes_prior AS start_reminder_minutes, end_reminder.minutes_prior AS end_reminder_minutes,
					(SELECT GROUP_CONCAT(groups.group_id)
						FROM user_groups groups WHERE owner.user_id = groups.user_id) as owner_group_list,

					(SELECT GROUP_CONCAT(CONCAT(participants.user_id, '=', CONCAT(participant_users.fname, " ", participant_users.lname)) SEPARATOR "!sep!")
						FROM reservation_users participants INNER JOIN users participant_users ON participants.user_id = participant_users.user_id WHERE participants.reservation_instance_id = ri.reservation_instance_id AND participants.reservation_user_level = 2) as participant_list,

					(SELECT GROUP_CONCAT(CONCAT(invitees.user_id, '=', CONCAT(invitee_users.fname, " ", invitee_users.lname)) SEPARATOR "!sep!")
						FROM reservation_users invitees INNER JOIN users invitee_users ON invitees.user_id = invitee_users.user_id WHERE invitees.reservation_instance_id = ri.reservation_instance_id AND invitees.reservation_user_level = 3) as invitee_list,

					(SELECT GROUP_CONCAT(CONCAT(cav.custom_attribute_id,'=', cav.attribute_value) SEPARATOR "!sep!")
						FROM custom_attribute_values cav WHERE cav.entity_id = ri.series_id AND cav.attribute_category = 1) as attribute_list,

					(SELECT GROUP_CONCAT(CONCAT(p.name, "=", p.value) SEPARATOR "!sep!")
						FROM user_preferences p WHERE owner.user_id = p.user_id) as preferences,
						
					(SELECT GROUP_CONCAT(CONCAT(guests.email, "=", guests.reservation_user_level) SEPARATOR "!sep!")
						FROM reservation_guests guests WHERE guests.reservation_instance_id = ri.reservation_instance_id) as guest_list
			FROM reservation_instances ri
			INNER JOIN reservation_series rs ON rs.series_id = ri.series_id
			INNER JOIN reservation_users ru ON ru.reservation_instance_id = ri.reservation_instance_id
			INNER JOIN users ON users.user_id = rs.owner_id
			INNER JOIN users owner ON owner.user_id = rs.owner_id
			LEFT JOIN positions ON owner.position_id = positions.position_id
			INNER JOIN reservation_resources rr ON rs.series_id = rr.series_id
			INNER JOIN resources ON rr.resource_id = resources.resource_id
			INNER JOIN schedules ON resources.schedule_id = schedules.schedule_id
			LEFT JOIN reservation_reminders start_reminder ON start_reminder.series_id = rs.series_id AND start_reminder.reminder_type = 0
			LEFT JOIN reservation_reminders end_reminder ON end_reminder.series_id = rs.series_id AND end_reminder.reminder_type = 1
			
			WHERE rs.status_id <> 2
			AND ((ri.start_date >= '2019-11-11 00:00:00' AND ri.start_date <= '2019-11-18 00:00:00') OR
					(ri.end_date >= '2019-11-11 00:00:00' AND ri.end_date <= '2019-11-18 00:00:00') OR
					(ri.start_date <= '2019-11-11 00:00:00' AND ri.end_date >= '2019-11-18 00:00:00')) AND
					('-1' = -1 OR ru.user_id = '-1') AND
					('1' = 0 OR ru.reservation_user_level = '1') AND
					('0' = 1 OR resources.schedule_id IN ('13')) AND
					('0' = 1 OR rr.resource_id IN ('16'))
			ORDER BY ri.start_date ASC;
2019-11-10T14:12:03+07:00 [786] DEBUG sql - [User=Arjaree Jobdeedamrong (1630301@vistec.ac.th)] MySql Query: SELECT * FROM reservation_color_rules r
		LEFT JOIN custom_attributes ca ON ca.custom_attribute_id = r.custom_attribute_id;
2019-11-10T14:12:03+07:00 [786] DEBUG sql - [User=Arjaree Jobdeedamrong (1630301@vistec.ac.th)] MySql Query: SELECT *
		FROM blackout_instances bi
		INNER JOIN blackout_series bs ON bi.blackout_series_id = bs.blackout_series_id
		INNER JOIN blackout_series_resources bsr ON  bi.blackout_series_id = bsr.blackout_series_id
		INNER JOIN resources r on bsr.resource_id = r.resource_id
		INNER JOIN users u ON u.user_id = bs.owner_id
		WHERE
			(
				(bi.start_date >= '2019-11-11 00:00:00' AND bi.start_date <= '2019-11-18 00:00:00')
				OR
				(bi.end_date >= '2019-11-11 00:00:00' AND bi.end_date <= '2019-11-18 00:00:00')
				OR
				(bi.start_date <= '2019-11-11 00:00:00' AND bi.end_date >= '2019-11-18 00:00:00')
			) AND
			('13' = -1 OR r.schedule_id = '13')
		ORDER BY bi.start_date ASC;
2019-11-10T14:12:03+07:00 [786] DEBUG sql - [User=Arjaree Jobdeedamrong (1630301@vistec.ac.th)] MySql Query: SELECT
			tb.label,
			tb.end_label,
			tb.start_time,
			tb.end_time,
			tb.availability_code,
			tb.day_of_week,
			l.timezone
		FROM
			time_blocks tb,
			layouts l,
			schedules s
		WHERE
			l.layout_id = s.layout_id  AND
			tb.layout_id = l.layout_id AND
			s.schedule_id = '13'
		ORDER BY tb.start_time;
2019-11-10T14:12:03+07:00 [786] DEBUG sql - [User=Arjaree Jobdeedamrong (1630301@vistec.ac.th)] MySql Query: SELECT * FROM peak_times WHERE schedule_id = '13';
